SET IRMethod, name = show instanceMethod = true
BB 1
	outgoing: 70 2 
	datadep: 
	instructions:
BB 2
	outgoing: 3 4 
	datadep: 
	instructions:
		 0: def_%self 
		 1: def_%v_0 
		 2: COPY TYPE_CurrentScope def_%current_scope 
		 3: COPY TYPE_ScopeModule def_%current_module 
		 4: 
		 5: 
		 6: %self->params def_%v_3 %self[2.0,] 	 SYMBOL:	 ARGS:
		 7: %v_3->[] def_%v_4 %v_3[2.6,] 	 SYMBOL:year,	 ARGS:Symbol,
		 8: BRANCH %v_4[2.7,] 
BB 3
	outgoing: 4 
	datadep: 
	instructions:
		 0: %self->params def_%v_5 %self[2.0,] 	 SYMBOL:	 ARGS:
		 1: %v_5->[] def_%v_6 %v_5[3.0,] 	 SYMBOL:year,	 ARGS:Symbol,
		 2: %v_6->to_i def_%v_7 %v_6[3.1,] 	 SYMBOL:	 ARGS:
		 3: %v_7->> def_%v_8 %v_7[3.2,] 	 SYMBOL:	 ARGS:Fixnum,
		 4: COPY TYPE_PASS def_%v_4 %v_8[3.3,] 
BB 4
	outgoing: 5 13 
	datadep: 
	instructions:
		 0: BRANCH %v_4[3.4,2.7,] 
BB 5
	outgoing: 6 7 
	datadep: 
	instructions:
		 0: 
		 1: %self->params def_%v_9 %self[2.0,] 	 SYMBOL:	 ARGS:
		 2: %v_9->[] def_%v_10 %v_9[5.1,] 	 SYMBOL:year,	 ARGS:Symbol,
		 3: %v_10->to_i def_%v_11 %v_10[5.2,] 	 SYMBOL:	 ARGS:
		 4: ATTRASSIGN %self->year %v_11[5.3,] 
		 5: 
		 6: %self->params def_%v_12 %self[5.1,5.4,2.0,] 	 SYMBOL:	 ARGS:
		 7: %v_12->[] def_%v_13 %v_12[5.6,] 	 SYMBOL:month,	 ARGS:Symbol,
		 8: BRANCH %v_13[5.7,] 
BB 6
	outgoing: 7 
	datadep: 
	instructions:
		 0: %self->params def_%v_14 %self[5.4,2.0,] 	 SYMBOL:	 ARGS:
		 1: %v_14->[] def_%v_15 %v_14[6.0,] 	 SYMBOL:month,	 ARGS:Symbol,
		 2: %v_15->to_i def_%v_16 %v_15[6.1,] 	 SYMBOL:	 ARGS:
		 3: %v_16->> def_%v_17 %v_16[6.2,] 	 SYMBOL:	 ARGS:Fixnum,
		 4: COPY TYPE_PASS def_%v_13 %v_17[6.3,] 
BB 7
	outgoing: 8 9 
	datadep: 
	instructions:
		 0: BRANCH %v_13[6.4,5.7,] 
BB 8
	outgoing: 9 
	datadep: 
	instructions:
		 0: %self->params def_%v_18 %self[5.4,2.0,] 	 SYMBOL:	 ARGS:
		 1: %v_18->[] def_%v_19 %v_18[8.0,] 	 SYMBOL:month,	 ARGS:Symbol,
		 2: %v_19->to_i def_%v_20 %v_19[8.1,] 	 SYMBOL:	 ARGS:
		 3: %v_20->< def_%v_21 %v_20[8.2,] 	 SYMBOL:	 ARGS:Fixnum,
		 4: COPY TYPE_PASS def_%v_13 %v_21[8.3,] 
BB 9
	outgoing: 10 11 
	datadep: 
	instructions:
		 0: BRANCH %v_13[8.4,6.4,5.7,] 
BB 10
	outgoing: 12 
	datadep: 
	instructions:
		 0: 
		 1: %self->params def_%v_22 %self[5.4,2.0,] 	 SYMBOL:	 ARGS:
		 2: %v_22->[] def_%v_23 %v_22[10.1,] 	 SYMBOL:month,	 ARGS:Symbol,
		 3: %v_23->to_i def_%v_24 %v_23[10.2,] 	 SYMBOL:	 ARGS:
		 4: ATTRASSIGN %self->month %v_24[10.3,] 
		 5: 
BB 11
	outgoing: 12 
	datadep: 
	instructions:
		 0: COPY TYPE_Nil def_%v_24 
BB 12
	outgoing: 14 
	datadep: 
	instructions:
		 0: 
BB 13
	outgoing: 14 
	datadep: 
	instructions:
		 0: COPY TYPE_Nil def_%v_24 
BB 14
	outgoing: 15 16 
	datadep: 
	instructions:
		 0: 
		 1: def_%v_26 %self[10.4,2.0,5.4,] 
		 2: COPY TYPE_PASS def_%v_25 %v_26[14.1,] 
		 3: %v_26[14.1,] 
BB 15
	outgoing: 16 
	datadep: 
	instructions:
		 0: GETFIELD %self->year def_%v_27 %self[2.0,5.4,] 
		 1: COPY TYPE_PASS def_%v_25 %v_27[15.0,] 
BB 16
	outgoing: 17 18 
	datadep: 
	instructions:
		 0: BRANCH %v_25[15.1,14.2,] 
BB 17
	outgoing: 18 
	datadep: 
	instructions:
		 0: (User) def_%v_28 
		 1: %v_28->current def_%v_29 %v_28[17.0,] 	 SYMBOL:	 ARGS:
		 2: %v_29->today def_%v_30 %v_29[17.1,] 	 SYMBOL:	 ARGS:
		 3: %v_30->year def_%v_31 %v_30[17.2,] 	 SYMBOL:	 ARGS:
		 4: ATTRASSIGN %self->year %v_31[17.3,] 
		 5: COPY TYPE_PASS def_%v_27 %v_31[17.3,] 
BB 18
	outgoing: 19 20 
	datadep: 
	instructions:
		 0: 
		 1: def_%v_33 %self[17.4,10.4,2.0,5.4,] 
		 2: COPY TYPE_PASS def_%v_32 %v_33[18.1,] 
		 3: %v_33[18.1,] 
BB 19
	outgoing: 20 
	datadep: 
	instructions:
		 0: GETFIELD %self->month def_%v_34 %self[10.4,2.0,] 
		 1: COPY TYPE_PASS def_%v_32 %v_34[19.0,] 
BB 20
	outgoing: 21 22 
	datadep: 
	instructions:
		 0: BRANCH %v_32[19.1,18.2,] 
BB 21
	outgoing: 22 
	datadep: 
	instructions:
		 0: (User) def_%v_35 
		 1: %v_35->current def_%v_36 %v_35[21.0,] 	 SYMBOL:	 ARGS:
		 2: %v_36->today def_%v_37 %v_36[21.1,] 	 SYMBOL:	 ARGS:
		 3: %v_37->month def_%v_38 %v_37[21.2,] 	 SYMBOL:	 ARGS:
		 4: ATTRASSIGN %self->month %v_38[21.3,] 
		 5: COPY TYPE_PASS def_%v_34 %v_38[21.3,] 
BB 22
	outgoing: 23 24 
	datadep: 
	instructions:
		 0: 
		 1: (Redmine) def_%v_39 
		 2: (inherit Helpers) def_%v_40 %v_39[22.1,] 
		 3: %v_40[22.2,] 
BB 23
	outgoing: 24 
	datadep: 
	instructions:
		 0: %v_39->const_missing def_%v_40 %v_39[22.1,] 	 SYMBOL:Helpers,	 ARGS:Symbol,
BB 24
	outgoing: 25 26 
	datadep: 
	instructions:
		 0: (inherit Calendar) def_%v_41 %v_40[23.0,22.2,] 
		 1: %v_41[24.0,] 
BB 25
	outgoing: 26 
	datadep: 
	instructions:
		 0: %v_40->const_missing def_%v_41 %v_40[23.0,22.2,] 	 SYMBOL:Calendar,	 ARGS:Symbol,
BB 26
	outgoing: 27 28 
	datadep: 
	instructions:
		 0: (Date) def_%v_42 
		 1: GETFIELD %self->year def_%v_43 %self[17.4,2.0,5.4,] 
		 2: GETFIELD %self->month def_%v_44 %self[21.4,10.4,2.0,] 
		 3: %v_42->civil def_%v_45 %v_42[26.0,] %v_43[26.1,] %v_44[26.2,] 	 SYMBOL:	 ARGS:%v_43,%v_44,Fixnum,
		 4: %self->current_language def_%v_46 %self[21.4,17.4,10.4,2.0,5.4,] 	 SYMBOL:	 ARGS:
		 5: %v_41->new def_%v_47 %v_41[25.0,24.0,] %v_45[26.3,] %v_46[26.4,] 	 SYMBOL:month,	 ARGS:%v_45,%v_46,Symbol,
		 6: ATTRASSIGN %self->calendar %v_47[26.5,] 
		 7: 
		 8: %self->retrieve_query def_%v_48 %self[26.4,26.6,21.4,17.4,10.4,2.0,5.4,] 	 SYMBOL:	 ARGS:
		 9: 
		 10: GETFIELD %self->query def_%v_49 %self[26.4,26.8,2.0,] 
		 11: ATTRASSIGN %v_49->group_by 
		 12: 
		 13: GETFIELD %self->query def_%v_50 %self[26.4,26.8,2.0,] 
		 14: %v_50->valid? def_%v_51 %v_50[26.13,] 	 SYMBOL:	 ARGS:
		 15: BRANCH %v_51[26.14,] 
BB 27
	outgoing: 29 
	datadep: 
	instructions:
		 0: 
		 1: COPY TYPE_Array def_%v_52 
		 2: COPY TYPE_PASS def_events %v_52[27.1,] 
		 3: 
		 4: GETFIELD %self->query def_%v_53 %self[2.0,] 
		 5: COPY TYPE_Array def_%v_54 
		 6: COPY TYPE_StringLiteral "((start_date BETWEEN ? AND ?) OR (due_date BETWEEN ? AND ?))" def_%v_55 
		 7: GETFIELD %self->calendar def_%v_56 %self[26.6,2.0,] 
		 8: %v_56->startdt def_%v_57 %v_56[27.7,] 	 SYMBOL:	 ARGS:
		 9: GETFIELD %self->calendar def_%v_58 %self[26.6,2.0,] 
		 10: %v_58->enddt def_%v_59 %v_58[27.9,] 	 SYMBOL:	 ARGS:
		 11: GETFIELD %self->calendar def_%v_60 %self[26.6,2.0,] 
		 12: %v_60->startdt def_%v_61 %v_60[27.11,] 	 SYMBOL:	 ARGS:
		 13: GETFIELD %self->calendar def_%v_62 %self[26.6,2.0,] 
		 14: %v_62->enddt def_%v_63 %v_62[27.13,] 	 SYMBOL:	 ARGS:
		 15: COPY TYPE_Array def_%v_64 %v_55[27.6,] %v_57[27.8,] %v_59[27.10,] %v_61[27.12,] %v_63[27.14,] 
		 16: HASH-include-conditions- def_%v_65 %v_54[27.5,] %v_64[27.15,] 
		 17: %v_53->issues def_%v_66 %v_53[27.4,] %v_65[27.16,] 	 SYMBOL:	 ARGS:%v_65,
		 18: events->+ def_%v_67 events[27.2,] %v_66[27.17,] 	 SYMBOL:	 ARGS:%v_66,
		 19: COPY TYPE_PASS def_events %v_67[27.18,] 
		 20: 
		 21: GETFIELD %self->query def_%v_68 %self[2.0,] 
		 22: COPY TYPE_StringLiteral "effective_date BETWEEN ? AND ?" def_%v_69 
		 23: GETFIELD %self->calendar def_%v_70 %self[26.6,2.0,] 
		 24: %v_70->startdt def_%v_71 %v_70[27.23,] 	 SYMBOL:	 ARGS:
		 25: GETFIELD %self->calendar def_%v_72 %self[26.6,2.0,] 
		 26: %v_72->enddt def_%v_73 %v_72[27.25,] 	 SYMBOL:	 ARGS:
		 27: COPY TYPE_Array def_%v_74 %v_69[27.22,] %v_71[27.24,] %v_73[27.26,] 
		 28: HASH-conditions- def_%v_75 %v_74[27.27,] 
		 29: %v_68->versions def_%v_76 %v_68[27.21,] %v_75[27.28,] 	 SYMBOL:	 ARGS:%v_75,
		 30: events->+ def_%v_77 events[27.2,27.18,27.19,] %v_76[27.29,] 	 SYMBOL:	 ARGS:%v_76,
		 31: COPY TYPE_PASS def_events %v_77[27.30,] 
		 32: 
		 33: GETFIELD %self->calendar def_%v_78 %self[26.6,2.0,] 
		 34: ATTRASSIGN %v_78->events %v_77[27.30,] 
		 35: COPY TYPE_PASS def_%v_79 events[27.2,27.18,27.19,27.30,27.31,] 
		 36: 
BB 28
	outgoing: 29 
	datadep: 
	instructions:
		 0: COPY TYPE_Nil def_%v_79 
BB 29
	outgoing: 30 31 
	datadep: 
	instructions:
		 0: 
		 1: %self->request def_%v_80 %self[26.6,21.4,17.4,10.4,2.0,5.4,] 	 SYMBOL:	 ARGS:
		 2: %v_80->xhr? def_%v_81 %v_80[29.1,] 	 SYMBOL:	 ARGS:
		 3: BRANCH %v_81[29.2,] 
BB 30
	outgoing: 32 
	datadep: 
	instructions:
		 0: COPY TYPE_StringLiteral "show" def_%v_82 
		 1: HASH-action-layout- def_%v_83 %v_82[30.0,] 
		 2: %self->render def_%v_84 %self[26.6,21.4,17.4,10.4,2.0,5.4,] %v_83[30.1,] 	 SYMBOL:	 ARGS:%v_83,
		 3: 
BB 31
	outgoing: 32 
	datadep: 
	instructions:
		 0: COPY TYPE_Nil def_%v_84 
BB 32
	outgoing: 33 34 
	datadep: 
	instructions:
		 0: 
		 1: GETFIELD %self->query def_%v_85 %self[2.0,] 
		 2: %v_85->new_record? def_%v_86 %v_85[32.1,] 	 SYMBOL:	 ARGS:
		 3: BRANCH %v_86[32.2,] 
BB 33
	outgoing: 35 
	datadep: 
	instructions:
		 0: %self->l def_%v_87 %self[26.6,21.4,17.4,10.4,2.0,5.4,] 	 SYMBOL:label_calendar,	 ARGS:Symbol,
		 1: 
BB 34
	outgoing: 35 
	datadep: 
	instructions:
		 0: GETFIELD %self->query def_%v_88 %self[2.0,] 
		 1: %v_88->name def_%v_89 %v_88[34.0,] 	 SYMBOL:	 ARGS:
		 2: COPY TYPE_PASS def_%v_87 %v_89[34.1,] 
BB 35
	outgoing: 36 37 
	datadep: 
	instructions:
		 0: 
		 1: COPY TYPE_StringLiteral "calendars" def_%v_90 
		 2: COPY TYPE_StringLiteral "show" def_%v_91 
		 3: GETFIELD %self->project def_%v_92 %self[2.0,] 
		 4: HASH-controller-action-project_id- def_%v_93 %v_90[35.1,] %v_91[35.2,] %v_92[35.3,] 
		 5: COPY TYPE_StringLiteral "query_form" def_%v_94 
		 6: HASH-method-id- def_%v_95 %v_94[35.5,] 
		 7: %self->form_tag def_%v_96 %self[26.6,21.4,17.4,10.4,2.0,5.4,] %v_93[35.4,] %v_95[35.6,] %self[26.6,21.4,17.4,10.4,2.0,5.4,] 	 SYMBOL:	 ARGS:%v_93,%v_95,%self,
CLOSURE BEGIN: %self[26.6,21.4,17.4,10.4,2.0,5.4,] 
BB 1
	outgoing: 12 2 
	datadep: 
	instructions:
BB 2
	outgoing: 3 
	datadep: 
	instructions:
		 0: def_%self 
		 1: def_%cl_1_0 
		 2: COPY TYPE_CurrentScope def_%current_scope 
		 3: COPY TYPE_ScopeModule def_%current_module 
BB 3
	outgoing: 4 5 10 
	datadep: 
	instructions:
		 0: 
		 1: COPY TYPE_StringLiteral "set_filter" def_%cl_1_3 
		 2: COPY TYPE_StringLiteral "1" def_%cl_1_4 
		 3: %self->hidden_field_tag def_%cl_1_5 %self[2.0,] %cl_1_3[3.1,] %cl_1_4[3.2,] 	 SYMBOL:	 ARGS:%cl_1_3,%cl_1_4,
		 4: 
		 5: GETFIELD %self->query def_%cl_1_6 %self[3.3,2.0,] 
		 6: %cl_1_6->new_record? def_%cl_1_7 %cl_1_6[3.5,] 	 SYMBOL:	 ARGS:
		 7: BRANCH %cl_1_7[3.6,] 
BB 4
	outgoing: 6 
	datadep: 
	instructions:
		 0: COPY TYPE_StringLiteral "" def_%cl_1_8 
		 1: 
BB 5
	outgoing: 6 
	datadep: 
	instructions:
		 0: COPY TYPE_StringLiteral "collapsed" def_%cl_1_9 
		 1: COPY TYPE_PASS def_%cl_1_8 %cl_1_9[5.0,] 
BB 6
	outgoing: 7 8 10 
	datadep: 
	instructions:
		 0: 
		 1: %self->l def_%cl_1_10 %self[2.0,] 	 SYMBOL:label_filter_plural,	 ARGS:Symbol,
		 2: 
		 3: GETFIELD %self->query def_%cl_1_11 %self[6.1,2.0,] 
		 4: %cl_1_11->new_record? def_%cl_1_12 %cl_1_11[6.3,] 	 SYMBOL:	 ARGS:
		 5: BRANCH %cl_1_12[6.4,] 
BB 7
	outgoing: 9 
	datadep: 
	instructions:
		 0: COPY TYPE_StringLiteral "" def_%cl_1_13 
		 1: 
BB 8
	outgoing: 9 
	datadep: 
	instructions:
		 0: COPY TYPE_StringLiteral "display: none;" def_%cl_1_14 
		 1: COPY TYPE_PASS def_%cl_1_13 %cl_1_14[8.0,] 
BB 9
	outgoing: 10 12 
	datadep: 
	instructions:
		 0: 
		 1: COPY TYPE_StringLiteral "queries/filters" def_%cl_1_15 
		 2: GETFIELD %self->query def_%cl_1_16 %self[2.0,] 
		 3: HASH-query- def_%cl_1_17 %cl_1_16[9.2,] 
		 4: HASH-partial-locals- def_%cl_1_18 %cl_1_15[9.1,] %cl_1_17[9.3,] 
		 5: %self->render def_%cl_1_19 %self[2.0,] %cl_1_18[9.4,] 	 SYMBOL:	 ARGS:%cl_1_18,
		 6: 
		 7: GETFIELD %self->year def_%cl_1_20 %self[9.5,2.0,] 
		 8: GETFIELD %self->month def_%cl_1_21 %self[9.5,2.0,] 
		 9: %self->accesskey def_%cl_1_22 %self[9.5,2.0,] 	 SYMBOL:previous,	 ARGS:Symbol,
		 10: HASH-accesskey- def_%cl_1_23 %cl_1_22[9.9,] 
		 11: %self->link_to_previous_month def_%cl_1_24 %self[9.5,9.9,2.0,] %cl_1_20[9.7,] %cl_1_21[9.8,] %cl_1_23[9.10,] 	 SYMBOL:	 ARGS:%cl_1_20,%cl_1_21,%cl_1_23,
		 12: 
		 13: GETFIELD %self->year def_%cl_1_25 %self[9.5,9.9,9.11,2.0,] 
		 14: GETFIELD %self->month def_%cl_1_26 %self[9.5,9.9,9.11,2.0,] 
		 15: %self->accesskey def_%cl_1_27 %self[9.5,9.9,9.11,2.0,] 	 SYMBOL:next,	 ARGS:Symbol,
		 16: HASH-accesskey- def_%cl_1_28 %cl_1_27[9.15,] 
		 17: %self->link_to_next_month def_%cl_1_29 %self[9.5,9.9,9.11,9.15,2.0,] %cl_1_25[9.13,] %cl_1_26[9.14,] %cl_1_28[9.16,] 	 SYMBOL:	 ARGS:%cl_1_25,%cl_1_26,%cl_1_28,
		 18: 
		 19: COPY TYPE_StringLiteral "month" def_%cl_1_30 
		 20: %self->l def_%cl_1_31 %self[9.5,9.9,9.11,9.15,9.17,2.0,] 	 SYMBOL:label_month,	 ARGS:Symbol,
		 21: %self->label_tag def_%cl_1_32 %self[9.5,9.9,9.11,9.15,9.17,9.20,2.0,] %cl_1_30[9.19,] %cl_1_31[9.20,] 	 SYMBOL:	 ARGS:%cl_1_30,%cl_1_31,
		 22: 
		 23: GETFIELD %self->month def_%cl_1_33 %self[9.5,9.9,9.11,9.15,9.17,9.20,9.21,2.0,] 
		 24: COPY TYPE_StringLiteral "month" def_%cl_1_34 
		 25: HASH-prefix-discard_type- def_%cl_1_35 %cl_1_34[9.24,] 
		 26: %self->select_month def_%cl_1_36 %self[9.5,9.9,9.11,9.15,9.17,9.20,9.21,2.0,] %cl_1_33[9.23,] %cl_1_35[9.25,] 	 SYMBOL:	 ARGS:%cl_1_33,%cl_1_35,
		 27: 
		 28: COPY TYPE_StringLiteral "year" def_%cl_1_37 
		 29: %self->l def_%cl_1_38 %self[9.5,9.9,9.11,9.15,9.17,9.20,9.21,9.26,2.0,] 	 SYMBOL:label_year,	 ARGS:Symbol,
		 30: %self->label_tag def_%cl_1_39 %self[9.5,9.9,9.11,9.15,9.17,9.20,9.21,9.26,9.29,2.0,] %cl_1_37[9.28,] %cl_1_38[9.29,] 	 SYMBOL:	 ARGS:%cl_1_37,%cl_1_38,
		 31: 
		 32: GETFIELD %self->year def_%cl_1_40 %self[9.5,9.9,9.11,9.15,9.17,9.20,9.21,9.26,9.29,9.30,2.0,] 
		 33: COPY TYPE_StringLiteral "year" def_%cl_1_41 
		 34: HASH-prefix-discard_type- def_%cl_1_42 %cl_1_41[9.33,] 
		 35: %self->select_year def_%cl_1_43 %self[9.5,9.9,9.11,9.15,9.17,9.20,9.21,9.26,9.29,9.30,2.0,] %cl_1_40[9.32,] %cl_1_42[9.34,] 	 SYMBOL:	 ARGS:%cl_1_40,%cl_1_42,
		 36: 
		 37: %self->l def_%cl_1_44 %self[9.5,9.9,9.11,9.15,9.17,9.20,9.21,9.26,9.29,9.30,9.35,2.0,] 	 SYMBOL:button_apply,	 ARGS:Symbol,
		 38: COPY TYPE_StringLiteral "$("#query_form").submit()" def_%cl_1_45 
		 39: COPY TYPE_StringLiteral "icon icon-checked" def_%cl_1_46 
		 40: HASH-class- def_%cl_1_47 %cl_1_46[9.39,] 
		 41: %self->link_to_function def_%cl_1_48 %self[9.5,9.9,9.11,9.15,9.17,9.20,9.21,9.26,9.29,9.30,9.35,9.37,2.0,] %cl_1_44[9.37,] %cl_1_45[9.38,] %cl_1_47[9.40,] 	 SYMBOL:	 ARGS:%cl_1_44,%cl_1_45,%cl_1_47,
		 42: 
		 43: %self->l def_%cl_1_49 %self[9.5,9.9,9.11,9.15,9.17,9.20,9.21,9.26,9.29,9.30,9.35,9.37,9.41,2.0,] 	 SYMBOL:button_clear,	 ARGS:Symbol,
		 44: GETFIELD %self->project def_%cl_1_50 %self[9.5,9.9,9.11,9.15,9.17,9.20,9.21,9.26,9.29,9.30,9.35,9.37,9.41,9.43,2.0,] 
		 45: HASH-project_id-set_filter- def_%cl_1_51 %cl_1_50[9.44,] 
		 46: COPY TYPE_StringLiteral "icon icon-reload" def_%cl_1_52 
		 47: HASH-class- def_%cl_1_53 %cl_1_52[9.46,] 
		 48: %self->link_to def_%cl_1_54 %self[9.5,9.9,9.11,9.15,9.17,9.20,9.21,9.26,9.29,9.30,9.35,9.37,9.41,9.43,2.0,] %cl_1_49[9.43,] %cl_1_51[9.45,] %cl_1_53[9.47,] 	 SYMBOL:	 ARGS:%cl_1_49,%cl_1_51,%cl_1_53,
		 49: RETURN %cl_1_54[9.48,] %self[9.5,9.9,9.11,9.15,9.17,9.20,9.21,9.26,9.29,9.30,9.35,9.37,9.41,9.43,9.48,2.0,] 
BB 10
	outgoing: 12 
	datadep: 
	instructions:
		 0: def_%cl_1_55 
		 1: def_%cl_1_56 %cl_1_55[10.0,] 
		 2: RETURN %cl_1_56[10.1,] %self[2.0,] 
BB 12
	outgoing: 
	datadep: 
	instructions:
CLOSURE END: 
		 8: 
		 9: COPY TYPE_StringLiteral "query" def_%v_97 
		 10: %self->error_messages_for def_%v_98 %self[35.7,26.6,21.4,17.4,10.4,2.0,5.4,] %v_97[35.9,] 	 SYMBOL:	 ARGS:%v_97,
		 11: 
		 12: GETFIELD %self->query def_%v_99 %self[35.7,35.10,2.0,] 
		 13: %v_99->valid? def_%v_100 %v_99[35.12,] 	 SYMBOL:	 ARGS:
		 14: BRANCH %v_100[35.13,] 
BB 36
	outgoing: 38 
	datadep: 
	instructions:
		 0: 
		 1: COPY TYPE_StringLiteral "common/calendar" def_%v_101 
		 2: GETFIELD %self->calendar def_%v_102 %self[26.6,2.0,] 
		 3: HASH-calendar- def_%v_103 %v_102[36.2,] 
		 4: HASH-partial-locals- def_%v_104 %v_101[36.1,] %v_103[36.3,] 
		 5: %self->render def_%v_105 %self[26.6,21.4,17.4,10.4,2.0,5.4,] %v_104[36.4,] 	 SYMBOL:	 ARGS:%v_104,
		 6: 
		 7: GETFIELD %self->year def_%v_106 %self[36.5,17.4,2.0,5.4,] 
		 8: GETFIELD %self->month def_%v_107 %self[36.5,21.4,10.4,2.0,] 
		 9: GETFIELD %self->project def_%v_108 %self[36.5,2.0,] 
		 10: GETFIELD %self->query def_%v_109 %self[36.5,2.0,] 
		 11: HASH-year-month-project-query- def_%v_110 %v_106[36.7,] %v_107[36.8,] %v_108[36.9,] %v_109[36.10,] 
		 12: %self->call_hook def_%v_111 %self[36.5,26.6,21.4,17.4,10.4,2.0,5.4,] %v_110[36.11,] 	 SYMBOL:view_calendars_show_bottom,	 ARGS:Symbol,%v_110,
		 13: 
		 14: %self->l def_%v_112 %self[36.5,36.12,26.6,21.4,17.4,10.4,2.0,5.4,] 	 SYMBOL:text_tip_issue_begin_day,	 ARGS:Symbol,
		 15: 
		 16: %self->l def_%v_113 %self[36.5,36.12,36.14,26.6,21.4,17.4,10.4,2.0,5.4,] 	 SYMBOL:text_tip_issue_end_day,	 ARGS:Symbol,
		 17: 
		 18: %self->l def_%v_114 %self[36.5,36.12,36.14,36.16,26.6,21.4,17.4,10.4,2.0,5.4,] 	 SYMBOL:text_tip_issue_begin_end_day,	 ARGS:Symbol,
		 19: 
BB 37
	outgoing: 38 
	datadep: 
	instructions:
		 0: COPY TYPE_Nil def_%v_114 
BB 38
	outgoing: 39 
	datadep: 
	instructions:
		 0: 
		 1: %self->content_for def_%v_115 %self[26.6,21.4,17.4,10.4,2.0,5.4,] %self[26.6,21.4,17.4,10.4,2.0,5.4,] 	 SYMBOL:sidebar,	 ARGS:Symbol,%self,
CLOSURE BEGIN: %self[26.6,21.4,17.4,10.4,2.0,5.4,] 
BB 1
	outgoing: 6 2 
	datadep: 
	instructions:
BB 2
	outgoing: 3 
	datadep: 
	instructions:
		 0: def_%self 
		 1: def_%cl_2_0 
		 2: COPY TYPE_CurrentScope def_%current_scope 
		 3: COPY TYPE_ScopeModule def_%current_module 
BB 3
	outgoing: 4 6 
	datadep: 
	instructions:
		 0: 
		 1: COPY TYPE_StringLiteral "issues/sidebar" def_%cl_2_3 
		 2: HASH-partial- def_%cl_2_4 %cl_2_3[3.1,] 
		 3: %self->render def_%cl_2_5 %self[2.0,] %cl_2_4[3.2,] 	 SYMBOL:	 ARGS:%cl_2_4,
		 4: RETURN %cl_2_5[3.3,] %self[3.3,2.0,] 
BB 4
	outgoing: 6 
	datadep: 
	instructions:
		 0: def_%cl_2_6 
		 1: def_%cl_2_7 %cl_2_6[4.0,] 
		 2: RETURN %cl_2_7[4.1,] %self[2.0,] 
BB 6
	outgoing: 
	datadep: 
	instructions:
CLOSURE END: 
		 2: 
		 3: %self->l def_%v_116 %self[38.1,26.6,21.4,17.4,10.4,2.0,5.4,] 	 SYMBOL:label_calendar,	 ARGS:Symbol,
		 4: %self->html_title def_%v_117 %self[38.1,38.3,26.6,21.4,17.4,10.4,2.0,5.4,] %v_116[38.3,] 	 SYMBOL:	 ARGS:%v_116,
		 5: 
		 6: %self->javascript_tag def_%v_118 %self[38.1,38.3,38.4,26.6,21.4,17.4,10.4,2.0,5.4,] %self[38.1,38.3,38.4,26.6,21.4,17.4,10.4,2.0,5.4,] 	 SYMBOL:	 ARGS:%self,
CLOSURE BEGIN: %self[38.1,38.3,38.4,26.6,21.4,17.4,10.4,2.0,5.4,] field[] 
BB 1
	outgoing: 6 2 
	datadep: 
	instructions:
BB 2
	outgoing: 3 
	datadep: 
	instructions:
		 0: def_%self 
		 1: def_%cl_3_0 
		 2: COPY TYPE_CurrentScope def_%current_scope 
		 3: COPY TYPE_ScopeModule def_%current_module 
BB 3
	outgoing: 4 6 
	datadep: 
	instructions:
		 0: 
		 1: (Query) def_%cl_3_3 
		 2: %cl_3_3->operators_labels def_%cl_3_4 %cl_3_3[3.1,] 	 SYMBOL:	 ARGS:
		 3: %self->raw_json def_%cl_3_5 %self[2.0,] %cl_3_4[3.2,] 	 SYMBOL:	 ARGS:%cl_3_4,
		 4: 
		 5: (Query) def_%cl_3_6 
		 6: %cl_3_6->operators_by_filter_type def_%cl_3_7 %cl_3_6[3.5,] 	 SYMBOL:	 ARGS:
		 7: %self->raw_json def_%cl_3_8 %self[3.3,2.0,] %cl_3_7[3.6,] 	 SYMBOL:	 ARGS:%cl_3_7,
		 8: 
		 9: %self->query def_%cl_3_9 %self[3.3,3.7,2.0,] 	 SYMBOL:	 ARGS:
		 10: %cl_3_9->available_filters_as_json def_%cl_3_10 %cl_3_9[3.9,] 	 SYMBOL:	 ARGS:
		 11: %self->raw_json def_%cl_3_11 %self[3.3,3.7,3.9,2.0,] %cl_3_10[3.10,] 	 SYMBOL:	 ARGS:%cl_3_10,
		 12: 
		 13: %self->l def_%cl_3_12 %self[3.3,3.7,3.9,3.11,2.0,] 	 SYMBOL:label_day_plural,	 ARGS:Symbol,
		 14: %self->raw_json def_%cl_3_13 %self[3.3,3.7,3.9,3.11,3.13,2.0,] %cl_3_12[3.13,] 	 SYMBOL:	 ARGS:%cl_3_12,
		 15: 
		 16: %self->query def_%cl_3_14 %self[3.3,3.7,3.9,3.11,3.13,3.14,2.0,] 	 SYMBOL:	 ARGS:
		 17: %cl_3_14->all_projects_values def_%cl_3_15 %cl_3_14[3.16,] 	 SYMBOL:	 ARGS:
		 18: %self->raw_json def_%cl_3_16 %self[3.3,3.7,3.9,3.11,3.13,3.14,3.16,2.0,] %cl_3_15[3.17,] 	 SYMBOL:	 ARGS:%cl_3_15,
		 19: 
		 20: %self->query def_%cl_3_17 %self[3.3,3.7,3.9,3.11,3.13,3.14,3.16,3.18,2.0,] 	 SYMBOL:	 ARGS:
		 21: %cl_3_17->filters def_%cl_3_18 %cl_3_17[3.20,] 	 SYMBOL:	 ARGS:
		 22: %cl_3_18->each def_%cl_3_19 %cl_3_18[3.21,] %self[3.3,3.7,3.9,3.11,3.13,3.14,3.16,3.18,3.20,2.0,] 	 SYMBOL:	 ARGS:%cl_3_18,
CLOSURE BEGIN: %self[3.3,3.7,3.9,3.11,3.13,3.14,3.16,3.18,3.20,2.0,] field[] 
BB 1
	outgoing: 6 2 
	datadep: 
	instructions:
BB 2
	outgoing: 3 
	datadep: 
	instructions:
		 0: def_%self 
		 1: def_%cl_4_0 
		 2: RECEIVEARG def_field 
		 3: RECEIVEARG def_options 
		 4: COPY TYPE_CurrentScope def_%current_scope 
		 5: COPY TYPE_ScopeModule def_%current_module 
BB 3
	outgoing: 4 6 
	datadep: 
	instructions:
		 0: 
		 1: 
		 2: %self->query def_%cl_4_3 %self[2.0,] 	 SYMBOL:	 ARGS:
		 3: %cl_4_3->operator_for def_%cl_4_4 %cl_4_3[3.2,] field[2.2,] 	 SYMBOL:	 ARGS:field,
		 4: %self->raw_json def_%cl_4_5 %self[3.2,2.0,] %cl_4_4[3.3,] 	 SYMBOL:	 ARGS:%cl_4_4,
		 5: 
		 6: %self->query def_%cl_4_6 %self[3.2,3.4,2.0,] 	 SYMBOL:	 ARGS:
		 7: %cl_4_6->values_for def_%cl_4_7 %cl_4_6[3.6,] field[2.2,] 	 SYMBOL:	 ARGS:field,
		 8: %self->raw_json def_%cl_4_8 %self[3.2,3.4,3.6,2.0,] %cl_4_7[3.7,] 	 SYMBOL:	 ARGS:%cl_4_7,
		 9: RETURN %cl_4_8[3.8,] %self[3.2,3.4,3.6,3.8,2.0,] 
BB 4
	outgoing: 6 
	datadep: 
	instructions:
		 0: def_%cl_4_9 
		 1: def_%cl_4_10 %cl_4_9[4.0,] 
		 2: RETURN %cl_4_10[4.1,] %self[2.0,] 
BB 6
	outgoing: 
	datadep: 
	instructions:
CLOSURE END: options[2.3,] 
		 23: RETURN %cl_3_19[3.22,] %self[3.3,3.7,3.9,3.11,3.13,3.14,3.16,3.18,3.20,2.0,] 
BB 4
	outgoing: 6 
	datadep: 
	instructions:
		 0: def_%cl_3_20 
		 1: def_%cl_3_21 %cl_3_20[4.0,] 
		 2: RETURN %cl_3_21[4.1,] %self[2.0,] 
BB 6
	outgoing: 
	datadep: 
	instructions:
CLOSURE END: 
		 7: 
		 8: COPY TYPE_StringLiteral "add_filter_select" def_%v_119 
		 9: %self->l def_%v_120 %self[38.1,38.3,38.4,38.6,26.6,21.4,17.4,10.4,2.0,5.4,] 	 SYMBOL:label_filter_add,	 ARGS:Symbol,
		 10: %self->label_tag def_%v_121 %self[38.1,38.3,38.4,38.6,38.9,26.6,21.4,17.4,10.4,2.0,5.4,] %v_119[38.8,] %v_120[38.9,] 	 SYMBOL:	 ARGS:%v_119,%v_120,
		 11: 
		 12: COPY TYPE_StringLiteral "add_filter_select" def_%v_122 
		 13: %self->query def_%v_123 %self[38.1,38.3,38.4,38.6,38.9,38.10,26.6,21.4,17.4,10.4,2.0,5.4,] 	 SYMBOL:	 ARGS:
		 14: %self->filters_options_for_select def_%v_124 %self[38.1,38.3,38.4,38.6,38.9,38.10,38.13,26.6,21.4,17.4,10.4,2.0,5.4,] %v_123[38.13,] 	 SYMBOL:	 ARGS:%v_123,
		 15: HASH-name- def_%v_125 
		 16: %self->select_tag def_%v_126 %self[38.1,38.3,38.4,38.6,38.9,38.10,38.13,38.14,26.6,21.4,17.4,10.4,2.0,5.4,] %v_122[38.12,] %v_124[38.14,] %v_125[38.15,] 	 SYMBOL:	 ARGS:%v_122,%v_124,%v_125,
		 17: 
		 18: COPY TYPE_StringLiteral "f[]" def_%v_127 
		 19: COPY TYPE_StringLiteral "" def_%v_128 
		 20: %self->hidden_field_tag def_%v_129 %self[38.1,38.3,38.4,38.6,38.9,38.10,38.13,38.14,38.16,26.6,21.4,17.4,10.4,2.0,5.4,] %v_127[38.18,] %v_128[38.19,] 	 SYMBOL:	 ARGS:%v_127,%v_128,
		 21: 
		 22: %self->include_calendar_headers_tags def_%v_130 %self[38.1,38.3,38.4,38.6,38.9,38.10,38.13,38.14,38.16,38.20,26.6,21.4,17.4,10.4,2.0,5.4,] 	 SYMBOL:	 ARGS:
		 23: 
		 24: %self->l def_%v_131 %self[38.1,38.3,38.4,38.6,38.9,38.10,38.13,38.14,38.16,38.20,38.22,26.6,21.4,17.4,10.4,2.0,5.4,] 	 SYMBOL:label_week,	 ARGS:Symbol,
		 25: 
		 26: CONSTANT def_%v_132 %self[38.1,38.3,38.4,38.6,38.9,38.10,38.13,38.14,38.16,38.20,38.22,38.24,26.6,21.4,17.4,10.4,2.0,5.4,] 	 SYMBOL:	 ARGS:
CLOSURE BEGIN: %self[38.1,38.3,38.4,38.6,38.9,38.10,38.13,38.14,38.16,38.20,38.22,38.24,26.6,21.4,17.4,10.4,2.0,5.4,] i[] 
BB 1
	outgoing: 6 2 
	datadep: 
	instructions:
BB 2
	outgoing: 3 
	datadep: 
	instructions:
		 0: def_%self 
		 1: def_%cl_5_0 
		 2: RECEIVEARG def_i 
		 3: COPY TYPE_CurrentScope def_%current_scope 
		 4: COPY TYPE_ScopeModule def_%current_module 
BB 3
	outgoing: 4 6 
	datadep: 
	instructions:
		 0: 
		 1: %self->calendar def_%cl_5_3 %self[2.0,] 	 SYMBOL:	 ARGS:
		 2: %cl_5_3->first_wday def_%cl_5_4 %cl_5_3[3.1,] 	 SYMBOL:	 ARGS:
		 3: %cl_5_4->+ def_%cl_5_5 %cl_5_4[3.2,] i[2.2,] 	 SYMBOL:	 ARGS:i,
		 4: %cl_5_5->% def_%cl_5_6 %cl_5_5[3.3,] 	 SYMBOL:	 ARGS:Fixnum,
		 5: %self->day_name def_%cl_5_7 %self[3.1,2.0,] %cl_5_6[3.4,] 	 SYMBOL:	 ARGS:%cl_5_6,
		 6: RETURN %cl_5_7[3.5,] %self[3.1,3.5,2.0,] 
BB 4
	outgoing: 6 
	datadep: 
	instructions:
		 0: def_%cl_5_8 
		 1: def_%cl_5_9 %cl_5_8[4.0,] 
		 2: RETURN %cl_5_9[4.1,] %self[2.0,] 
BB 6
	outgoing: 
	datadep: 
	instructions:
CLOSURE END: 
		 27: 
		 28: %self->calendar def_%v_133 %self[38.1,38.3,38.4,38.6,38.9,38.10,38.13,38.14,38.16,38.20,38.22,38.24,26.6,21.4,17.4,10.4,2.0,5.4,] 	 SYMBOL:	 ARGS:
		 29: %v_133->startdt def_%v_134 %v_133[38.28,] 	 SYMBOL:	 ARGS:
		 30: COPY TYPE_PASS def_day %v_134[38.29,] 
		 31: 
BB 39
	outgoing: 40 56 
	datadep: 
	instructions:
		 0: %self->calendar def_%v_136 %self[26.6,21.4,17.4,10.4,2.0,5.4,] 	 SYMBOL:	 ARGS:
		 1: %v_136->enddt def_%v_137 %v_136[39.0,] 	 SYMBOL:	 ARGS:
		 2: day-><= def_%v_138 day[38.30,54.2,] %v_137[39.1,] 	 SYMBOL:	 ARGS:%v_137,
		 3: BRANCH %v_138[39.2,] 
BB 40
	outgoing: 41 42 
	datadep: 
	instructions:
		 0: 
		 1: 
		 2: day->cwday def_%v_139 day[39.2,38.30,54.2,] 	 SYMBOL:	 ARGS:
		 3: %self->calendar def_%v_140 %self[26.6,21.4,17.4,10.4,2.0,5.4,] 	 SYMBOL:	 ARGS:
		 4: %v_140->first_wday def_%v_141 %v_140[40.3,] 	 SYMBOL:	 ARGS:
		 5: %v_139->== def_%v_142 %v_139[40.2,] %v_141[40.4,] 	 SYMBOL:	 ARGS:%v_141,
		 6: BRANCH %v_142[40.5,] 
BB 41
	outgoing: 43 
	datadep: 
	instructions:
		 0: COPY TYPE_StringLiteral "<td class='week-number' title='" def_%v_143 
		 1: %self->l def_%v_144 %self[26.6,21.4,17.4,10.4,2.0,5.4,] 	 SYMBOL:label_week,	 ARGS:Symbol,
		 2: COPY TYPE_StringLiteral "'>" def_%v_145 
		 3: day->cwday def_%v_146 day[39.2,38.30,54.2,] 	 SYMBOL:	 ARGS:
		 4: %v_146->- def_%v_147 %v_146[41.3,] 	 SYMBOL:	 ARGS:%v_146,
		 5: %v_147->% def_%v_148 %v_147[41.4,] 	 SYMBOL:	 ARGS:Fixnum,
		 6: day->+ def_%v_149 day[41.3,39.2,38.30,54.2,] %v_148[41.5,] 	 SYMBOL:	 ARGS:%v_148,
		 7: %v_149->cweek def_%v_150 %v_149[41.6,] 	 SYMBOL:	 ARGS:
		 8: COPY TYPE_StringLiteral "</td>" def_%v_151 
		 9: BUILDSTRING def_%v_152 %v_143[41.0,] %v_144[41.1,] %v_145[41.2,] %v_150[41.7,] %v_151[41.8,] 
		 10: %v_152->html_safe def_%v_153 %v_152[41.9,] 	 SYMBOL:	 ARGS:
		 11: 
BB 42
	outgoing: 43 
	datadep: 
	instructions:
		 0: COPY TYPE_Nil def_%v_153 
BB 43
	outgoing: 44 45 
	datadep: 
	instructions:
		 0: 
		 1: day->month def_%v_154 day[39.2,38.30,54.2,] 	 SYMBOL:	 ARGS:
		 2: %self->calendar def_%v_155 %self[26.6,21.4,17.4,10.4,2.0,5.4,] 	 SYMBOL:	 ARGS:
		 3: %v_155->month def_%v_156 %v_155[43.2,] 	 SYMBOL:	 ARGS:
		 4: %v_154->== def_%v_157 %v_154[43.1,] %v_156[43.3,] 	 SYMBOL:	 ARGS:%v_156,
		 5: BRANCH %v_157[43.4,] 
BB 44
	outgoing: 46 
	datadep: 
	instructions:
		 0: COPY TYPE_StringLiteral "even" def_%v_158 
		 1: 
BB 45
	outgoing: 46 
	datadep: 
	instructions:
		 0: COPY TYPE_StringLiteral "odd" def_%v_159 
		 1: COPY TYPE_PASS def_%v_158 %v_159[45.0,] 
BB 46
	outgoing: 47 48 
	datadep: 
	instructions:
		 0: 
		 1: (User) def_%v_160 
		 2: %v_160->current def_%v_161 %v_160[46.1,] 	 SYMBOL:	 ARGS:
		 3: %v_161->today def_%v_162 %v_161[46.2,] 	 SYMBOL:	 ARGS:
		 4: %v_162->== def_%v_163 %v_162[46.3,] day[39.2,38.30,54.2,] 	 SYMBOL:	 ARGS:day,
		 5: BRANCH %v_163[46.4,] 
BB 47
	outgoing: 49 
	datadep: 
	instructions:
		 0: COPY TYPE_StringLiteral " today" def_%v_164 
		 1: 
BB 48
	outgoing: 49 
	datadep: 
	instructions:
		 0: COPY TYPE_Nil def_%v_164 
BB 49
	outgoing: 50 51 
	datadep: 
	instructions:
		 0: 
		 1: day->day def_%v_165 day[39.2,38.30,54.2,] 	 SYMBOL:	 ARGS:
		 2: 
		 3: %self->calendar def_%v_166 %self[26.6,21.4,17.4,10.4,2.0,5.4,] 	 SYMBOL:	 ARGS:
		 4: %v_166->events_on def_%v_167 %v_166[49.3,] day[49.1,39.2,38.30,54.2,] 	 SYMBOL:	 ARGS:day,
		 5: %v_167->each def_%v_168 %v_167[49.4,] %self[49.3,26.6,21.4,17.4,10.4,2.0,5.4,] 	 SYMBOL:	 ARGS:%v_167,
CLOSURE BEGIN: i[38.26,] day[49.1,39.2,38.30,54.2,] %self[49.3,26.6,21.4,17.4,10.4,2.0,5.4,] 
BB 1
	outgoing: 25 2 
	datadep: 
	instructions:
BB 2
	outgoing: 3 
	datadep: 
	instructions:
		 0: def_%self 
		 1: def_%cl_6_0 
		 2: RECEIVEARG def_i 
		 3: COPY TYPE_CurrentScope def_%current_scope 
		 4: COPY TYPE_ScopeModule def_%current_module 
BB 3
	outgoing: 4 16 23 
	datadep: 
	instructions:
		 0: 
		 1: (Issue) def_%cl_6_3 
		 2: i->is_a? def_%cl_6_4 i[2.2,] %cl_6_3[3.1,] 	 SYMBOL:	 ARGS:%cl_6_3,
		 3: BRANCH %cl_6_4[3.2,] 
BB 4
	outgoing: 5 6 23 
	datadep: 
	instructions:
		 0: 
		 1: i->css_classes def_%cl_6_5 i[2.2,] 	 SYMBOL:	 ARGS:
		 2: 
		 3: i->start_date def_%cl_6_6 i[4.1,2.2,] 	 SYMBOL:	 ARGS:
		 4: day->== def_%cl_6_7 day[] %cl_6_6[4.3,] 	 SYMBOL:	 ARGS:%cl_6_6,
		 5: BRANCH %cl_6_7[4.4,] 
BB 5
	outgoing: 7 
	datadep: 
	instructions:
		 0: COPY TYPE_StringLiteral "starting" def_%cl_6_8 
		 1: 
BB 6
	outgoing: 7 
	datadep: 
	instructions:
		 0: COPY TYPE_Nil def_%cl_6_8 
BB 7
	outgoing: 8 9 23 
	datadep: 
	instructions:
		 0: 
		 1: i->due_date def_%cl_6_9 i[2.2,] 	 SYMBOL:	 ARGS:
		 2: day->== def_%cl_6_10 day[] %cl_6_9[7.1,] 	 SYMBOL:	 ARGS:%cl_6_9,
		 3: BRANCH %cl_6_10[7.2,] 
BB 8
	outgoing: 10 
	datadep: 
	instructions:
		 0: COPY TYPE_StringLiteral "ending" def_%cl_6_11 
		 1: 
BB 9
	outgoing: 10 
	datadep: 
	instructions:
		 0: COPY TYPE_Nil def_%cl_6_11 
BB 10
	outgoing: 11 12 
	datadep: 
	instructions:
		 0: 
		 1: GETFIELD %self->project def_%cl_6_12 %self[2.0,] 
		 2: BRANCH %cl_6_12[10.1,] 
BB 11
	outgoing: 12 23 
	datadep: 
	instructions:
		 0: GETFIELD %self->project def_%cl_6_13 %self[2.0,] 
		 1: i->project def_%cl_6_14 i[2.2,] 	 SYMBOL:	 ARGS:
		 2: %cl_6_13->== def_%cl_6_15 %cl_6_13[11.0,] %cl_6_14[11.1,] 	 SYMBOL:	 ARGS:%cl_6_14,
		 3: COPY TYPE_PASS def_%cl_6_12 %cl_6_15[11.2,] 
BB 12
	outgoing: 13 14 
	datadep: 
	instructions:
		 0: BRANCH %cl_6_12[11.3,10.1,] 
BB 13
	outgoing: 15 
	datadep: 
	instructions:
		 0: COPY TYPE_Nil def_%cl_6_16 
		 1: 
BB 14
	outgoing: 15 23 
	datadep: 
	instructions:
		 0: i->project def_%cl_6_17 i[2.2,] 	 SYMBOL:	 ARGS:
		 1: COPY TYPE_StringLiteral " -" def_%cl_6_18 
		 2: BUILDSTRING def_%cl_6_19 %cl_6_17[14.0,] %cl_6_18[14.1,] 
		 3: COPY TYPE_PASS def_%cl_6_16 %cl_6_19[14.2,] 
BB 15
	outgoing: 22 23 
	datadep: 
	instructions:
		 0: 
		 1: HASH-truncate- def_%cl_6_20 
		 2: %self->link_to_issue def_%cl_6_21 %self[2.0,] i[2.2,] %cl_6_20[15.1,] 	 SYMBOL:	 ARGS:i,%cl_6_20,
		 3: 
		 4: %self->render_issue_tooltip def_%cl_6_22 %self[15.2,2.0,] i[2.2,] 	 SYMBOL:	 ARGS:i,
		 5: 
BB 16
	outgoing: 17 18 
	datadep: 
	instructions:
		 0: 
		 1: GETFIELD %self->project def_%cl_6_23 %self[2.0,] 
		 2: BRANCH %cl_6_23[16.1,] 
BB 17
	outgoing: 18 23 
	datadep: 
	instructions:
		 0: GETFIELD %self->project def_%cl_6_24 %self[2.0,] 
		 1: i->project def_%cl_6_25 i[2.2,] 	 SYMBOL:	 ARGS:
		 2: %cl_6_24->== def_%cl_6_26 %cl_6_24[17.0,] %cl_6_25[17.1,] 	 SYMBOL:	 ARGS:%cl_6_25,
		 3: COPY TYPE_PASS def_%cl_6_23 %cl_6_26[17.2,] 
BB 18
	outgoing: 19 20 
	datadep: 
	instructions:
		 0: BRANCH %cl_6_23[17.3,16.1,] 
BB 19
	outgoing: 21 
	datadep: 
	instructions:
		 0: COPY TYPE_Nil def_%cl_6_27 
		 1: 
BB 20
	outgoing: 21 23 
	datadep: 
	instructions:
		 0: i->project def_%cl_6_28 i[2.2,] 	 SYMBOL:	 ARGS:
		 1: COPY TYPE_StringLiteral " -" def_%cl_6_29 
		 2: BUILDSTRING def_%cl_6_30 %cl_6_28[20.0,] %cl_6_29[20.1,] 
		 3: COPY TYPE_PASS def_%cl_6_27 %cl_6_30[20.2,] 
BB 21
	outgoing: 23 25 
	datadep: 
	instructions:
		 0: 
		 1: %self->link_to_version def_%cl_6_31 %self[2.0,] i[2.2,] 	 SYMBOL:	 ARGS:i,
		 2: RETURN %cl_6_31[21.1,] %self[21.1,2.0,] 
BB 22
	outgoing: 25 
	datadep: 
	instructions:
		 0: RETURN %cl_6_22[15.4,] %self[2.0,] 
BB 23
	outgoing: 25 
	datadep: 
	instructions:
		 0: def_%cl_6_32 
		 1: def_%cl_6_33 %cl_6_32[23.0,] 
		 2: RETURN %cl_6_33[23.1,] %self[2.0,] 
BB 25
	outgoing: 
	datadep: 
	instructions:
CLOSURE END: 
		 6: 
		 7: day->cwday def_%v_169 day[49.1,39.2,38.30,54.2,] 	 SYMBOL:	 ARGS:
		 8: %self->calendar def_%v_170 %self[49.3,26.6,21.4,17.4,10.4,2.0,5.4,] 	 SYMBOL:	 ARGS:
		 9: %v_170->last_wday def_%v_171 %v_170[49.8,] 	 SYMBOL:	 ARGS:
		 10: %v_169->== def_%v_172 %v_169[49.7,] %v_171[49.9,] 	 SYMBOL:	 ARGS:%v_171,
		 11: BRANCH %v_172[49.10,] 
BB 50
	outgoing: 51 
	datadep: 
	instructions:
		 0: %self->calendar def_%v_173 %self[26.6,21.4,17.4,10.4,2.0,5.4,] 	 SYMBOL:	 ARGS:
		 1: %v_173->enddt def_%v_174 %v_173[50.0,] 	 SYMBOL:	 ARGS:
		 2: day->!= def_%v_175 day[39.2,38.30,54.2,] %v_174[50.1,] 	 SYMBOL:	 ARGS:%v_174,
		 3: COPY TYPE_PASS def_%v_172 %v_175[50.2,] 
BB 51
	outgoing: 52 53 
	datadep: 
	instructions:
		 0: BRANCH %v_172[50.3,49.10,] 
BB 52
	outgoing: 54 
	datadep: 
	instructions:
		 0: COPY TYPE_StringLiteral "</tr><tr>" def_%v_176 
		 1: %v_176->html_safe def_%v_177 %v_176[52.0,] 	 SYMBOL:	 ARGS:
		 2: 
BB 53
	outgoing: 54 
	datadep: 
	instructions:
		 0: COPY TYPE_Nil def_%v_177 
BB 54
	outgoing: 39 
	datadep: 
	instructions:
		 0: 
		 1: day->+ def_%v_178 day[50.2,39.2,38.30,] 	 SYMBOL:	 ARGS:Fixnum,
		 2: COPY TYPE_PASS def_day %v_178[54.1,] 
		 3: 
BB 56
	outgoing: 58 59 
	datadep: 
	instructions:
		 0: COPY TYPE_Nil def_%v_135 
		 1: 
		 2: %self->l def_%v_179 %self[26.6,21.4,17.4,10.4,2.0,5.4,] 	 SYMBOL:label_issue_plural,	 ARGS:Symbol,
		 3: 
		 4: %self->l def_%v_180 %self[56.2,26.6,21.4,17.4,10.4,2.0,5.4,] 	 SYMBOL:label_issue_view_all,	 ARGS:Symbol,
		 5: GETFIELD %self->project def_%v_181 %self[56.2,56.4,2.0,] 
		 6: HASH-set_filter- def_%v_182 
		 7: %self->_project_issues_path def_%v_183 %self[56.2,56.4,26.6,21.4,17.4,10.4,2.0,5.4,] %v_181[56.5,] %v_182[56.6,] 	 SYMBOL:	 ARGS:%v_181,%v_182,
		 8: %self->link_to def_%v_184 %self[56.2,56.4,56.7,26.6,21.4,17.4,10.4,2.0,5.4,] %v_180[56.4,] %v_183[56.7,] 	 SYMBOL:	 ARGS:%v_180,%v_183,
		 9: 
		 10: 
		 11: GETFIELD %self->project def_%v_185 %self[56.2,56.4,56.7,56.8,2.0,] 
		 12: BRANCH %v_185[56.11,] 
BB 58
	outgoing: 60 
	datadep: 
	instructions:
		 0: %self->l def_%v_186 %self[26.6,21.4,17.4,10.4,2.0,5.4,] 	 SYMBOL:field_summary,	 ARGS:Symbol,
		 1: GETFIELD %self->project def_%v_187 %self[58.0,2.0,] 
		 2: %self->project_issues_report_path def_%v_188 %self[58.0,26.6,21.4,17.4,10.4,2.0,5.4,] %v_187[58.1,] 	 SYMBOL:	 ARGS:%v_187,
		 3: %self->link_to def_%v_189 %self[58.0,58.2,26.6,21.4,17.4,10.4,2.0,5.4,] %v_186[58.0,] %v_188[58.2,] 	 SYMBOL:	 ARGS:%v_186,%v_188,
		 4: 
BB 59
	outgoing: 60 
	datadep: 
	instructions:
		 0: COPY TYPE_Nil def_%v_189 
BB 60
	outgoing: 61 62 
	datadep: 
	instructions:
		 0: 
		 1: (User) def_%v_190 
		 2: %v_190->current def_%v_191 %v_190[60.1,] 	 SYMBOL:	 ARGS:
		 3: GETFIELD %self->project def_%v_192 %self[2.0,] 
		 4: HASH-global- def_%v_193 
		 5: %v_191->allowed_to? def_%v_194 %v_191[60.2,] %v_192[60.3,] %v_193[60.4,] 	 SYMBOL:view_calendar,	 ARGS:Symbol,%v_192,%v_193,
		 6: BRANCH %v_194[60.5,] 
BB 61
	outgoing: 63 
	datadep: 
	instructions:
		 0: 
		 1: %self->l def_%v_195 %self[26.6,21.4,17.4,10.4,2.0,5.4,] 	 SYMBOL:label_calendar,	 ARGS:Symbol,
		 2: GETFIELD %self->project def_%v_196 %self[61.1,2.0,] 
		 3: %self->_project_calendar_path def_%v_197 %self[61.1,26.6,21.4,17.4,10.4,2.0,5.4,] %v_196[61.2,] 	 SYMBOL:	 ARGS:%v_196,
		 4: %self->link_to def_%v_198 %self[61.1,61.3,26.6,21.4,17.4,10.4,2.0,5.4,] %v_195[61.1,] %v_197[61.3,] 	 SYMBOL:	 ARGS:%v_195,%v_197,
		 5: 
BB 62
	outgoing: 63 
	datadep: 
	instructions:
		 0: COPY TYPE_Nil def_%v_198 
BB 63
	outgoing: 64 65 
	datadep: 
	instructions:
		 0: 
		 1: (User) def_%v_199 
		 2: %v_199->current def_%v_200 %v_199[63.1,] 	 SYMBOL:	 ARGS:
		 3: GETFIELD %self->project def_%v_201 %self[2.0,] 
		 4: HASH-global- def_%v_202 
		 5: %v_200->allowed_to? def_%v_203 %v_200[63.2,] %v_201[63.3,] %v_202[63.4,] 	 SYMBOL:view_gantt,	 ARGS:Symbol,%v_201,%v_202,
		 6: BRANCH %v_203[63.5,] 
BB 64
	outgoing: 66 
	datadep: 
	instructions:
		 0: 
		 1: %self->l def_%v_204 %self[26.6,21.4,17.4,10.4,2.0,5.4,] 	 SYMBOL:label_gantt,	 ARGS:Symbol,
		 2: GETFIELD %self->project def_%v_205 %self[64.1,2.0,] 
		 3: %self->_project_gantt_path def_%v_206 %self[64.1,26.6,21.4,17.4,10.4,2.0,5.4,] %v_205[64.2,] 	 SYMBOL:	 ARGS:%v_205,
		 4: %self->link_to def_%v_207 %self[64.1,64.3,26.6,21.4,17.4,10.4,2.0,5.4,] %v_204[64.1,] %v_206[64.3,] 	 SYMBOL:	 ARGS:%v_204,%v_206,
		 5: 
BB 65
	outgoing: 66 
	datadep: 
	instructions:
		 0: COPY TYPE_Nil def_%v_207 
BB 66
	outgoing: 67 68 
	datadep: 
	instructions:
		 0: 
		 1: (User) def_%v_208 
		 2: %v_208->current def_%v_209 %v_208[66.1,] 	 SYMBOL:	 ARGS:
		 3: GETFIELD %self->project def_%v_210 %self[2.0,] 
		 4: HASH-global- def_%v_211 
		 5: %v_209->allowed_to? def_%v_212 %v_209[66.2,] %v_210[66.3,] %v_211[66.4,] 	 SYMBOL:import_issues,	 ARGS:Symbol,%v_210,%v_211,
		 6: BRANCH %v_212[66.5,] 
BB 67
	outgoing: 69 
	datadep: 
	instructions:
		 0: 
		 1: %self->l def_%v_213 %self[26.6,21.4,17.4,10.4,2.0,5.4,] 	 SYMBOL:button_import,	 ARGS:Symbol,
		 2: %self->new_issues_import_path def_%v_214 %self[67.1,26.6,21.4,17.4,10.4,2.0,5.4,] 	 SYMBOL:	 ARGS:
		 3: %self->link_to def_%v_215 %self[67.1,67.2,26.6,21.4,17.4,10.4,2.0,5.4,] %v_213[67.1,] %v_214[67.2,] 	 SYMBOL:	 ARGS:%v_213,%v_214,
		 4: 
BB 68
	outgoing: 69 
	datadep: 
	instructions:
		 0: COPY TYPE_Nil def_%v_215 
BB 69
	outgoing: 70 
	datadep: 
	instructions:
		 0: 
		 1: %self->call_hook def_%v_216 %self[26.6,21.4,17.4,10.4,2.0,5.4,] 	 SYMBOL:view_issues_sidebar_issues_bottom,	 ARGS:Symbol,
		 2: 
		 3: %self->call_hook def_%v_217 %self[69.1,26.6,21.4,17.4,10.4,2.0,5.4,] 	 SYMBOL:view_issues_sidebar_planning_bottom,	 ARGS:Symbol,
		 4: 
		 5: (IssueQuery) def_%v_218 
		 6: GETFIELD %self->project def_%v_219 %self[69.1,69.3,2.0,] 
		 7: %self->render_sidebar_queries def_%v_220 %self[69.1,69.3,26.6,21.4,17.4,10.4,2.0,5.4,] %v_218[69.5,] %v_219[69.6,] 	 SYMBOL:	 ARGS:%v_218,%v_219,
		 8: 
		 9: %self->call_hook def_%v_221 %self[69.1,69.3,69.7,26.6,21.4,17.4,10.4,2.0,5.4,] 	 SYMBOL:view_issues_sidebar_queries_bottom,	 ARGS:Symbol,
		 10: RETURN %v_221[69.9,] %self[69.1,69.3,69.7,69.9,26.6,21.4,17.4,10.4,2.0,5.4,] 
BB 70
	outgoing: 
	datadep: 
	instructions:

