SET IRMethod, name = issues instanceMethod = true
BB 1
	outgoing: 73 2 
	datadep: 
	instructions:
BB 2
	outgoing: 3 4 
	datadep: 
	instructions:
		 0: def_%self 
		 1: def_%v_0 
		 2: COPY TYPE_CurrentScope def_%current_scope 
		 3: COPY TYPE_ScopeModule def_%current_module 
		 4: 
		 5: 
		 6: GETFIELD %self->issues def_%v_3 %self[2.0,] 
		 7: %v_3->size def_%v_4 %v_3[2.6,] 	 SYMBOL:	 ARGS:
		 8: %v_4->== def_%v_5 %v_4[2.7,] 	 SYMBOL:	 ARGS:Fixnum,
		 9: BRANCH %v_5[2.8,] 
BB 3
	outgoing: 5 
	datadep: 
	instructions:
		 0: 
		 1: GETFIELD %self->issues def_%v_6 %self[2.0,] 
		 2: %v_6->first def_%v_7 %v_6[3.1,] 	 SYMBOL:	 ARGS:
		 3: ATTRASSIGN %self->issue %v_7[3.2,] 
		 4: 
BB 4
	outgoing: 5 
	datadep: 
	instructions:
		 0: COPY TYPE_Nil def_%v_7 
BB 5
	outgoing: 6 7 
	datadep: 
	instructions:
		 0: 
		 1: GETFIELD %self->issues def_%v_8 %self[2.0,] 
		 2: %v_8->map def_%v_9 %v_8[5.1,] 	 SYMBOL:id,	 ARGS:
		 3: %v_9->sort def_%v_10 %v_9[5.2,] 	 SYMBOL:	 ARGS:
		 4: ATTRASSIGN %self->issue_ids %v_10[5.3,] 
		 5: 
		 6: GETFIELD %self->issues def_%v_11 %self[2.0,] 
		 7: %v_11->map def_%v_12 %v_11[5.6,] 	 SYMBOL:new_statuses_allowed_to,	 ARGS:
		 8: %v_12->reduce def_%v_13 %v_12[5.7,] 	 SYMBOL:&,	 ARGS:Symbol,
		 9: ATTRASSIGN %self->allowed_statuses %v_13[5.8,] 
		 10: 
		 11: GETFIELD %self->issues def_%v_14 %self[2.0,] 
		 12: %v_14->all? def_%v_15 %v_14[5.11,] 	 SYMBOL:attributes_editable?,	 ARGS:
		 13: 
		 14: GETFIELD %self->project def_%v_16 %self[2.0,] 
		 15: BRANCH %v_16[5.14,] 
BB 6
	outgoing: 7 
	datadep: 
	instructions:
		 0: (User) def_%v_17 
		 1: %v_17->current def_%v_18 %v_17[6.0,] 	 SYMBOL:	 ARGS:
		 2: GETFIELD %self->project def_%v_19 %self[2.0,] 
		 3: %v_18->allowed_to? def_%v_20 %v_18[6.1,] %v_19[6.2,] 	 SYMBOL:log_time,	 ARGS:Symbol,%v_19,
		 4: COPY TYPE_PASS def_%v_16 %v_20[6.3,] 
BB 7
	outgoing: 8 9 
	datadep: 
	instructions:
		 0: (User) def_%v_21 
		 1: %v_21->current def_%v_22 %v_21[7.0,] 	 SYMBOL:	 ARGS:
		 2: GETFIELD %self->projects def_%v_23 %self[2.0,] 
		 3: %v_22->allowed_to? def_%v_24 %v_22[7.1,] %v_23[7.2,] 	 SYMBOL:copy_issues,	 ARGS:Symbol,%v_23,
		 4: BRANCH %v_24[7.3,] 
BB 8
	outgoing: 9 
	datadep: 
	instructions:
		 0: (Issue) def_%v_25 
		 1: %v_25->allowed_target_projects def_%v_26 %v_25[8.0,] 	 SYMBOL:	 ARGS:
		 2: %v_26->any? def_%v_27 %v_26[8.1,] 	 SYMBOL:	 ARGS:
		 3: COPY TYPE_PASS def_%v_24 %v_27[8.2,] 
BB 9
	outgoing: 10 11 
	datadep: 
	instructions:
		 0: (User) def_%v_28 
		 1: %v_28->current def_%v_29 %v_28[9.0,] 	 SYMBOL:	 ARGS:
		 2: GETFIELD %self->projects def_%v_30 %self[2.0,] 
		 3: %v_29->allowed_to? def_%v_31 %v_29[9.1,] %v_30[9.2,] 	 SYMBOL:add_issue_watchers,	 ARGS:Symbol,%v_30,
		 4: GETFIELD %self->issues def_%v_32 %self[2.0,] 
		 5: %v_32->all? def_%v_33 %v_32[9.4,] 	 SYMBOL:deletable?,	 ARGS:
		 6: HASH-edit-log_time-copy-add_watchers-delete- def_%v_34 %v_15[5.12,] %v_16[6.4,5.14,] %v_24[8.3,7.3,] %v_31[9.3,] %v_33[9.5,] 
		 7: ATTRASSIGN %self->can %v_34[9.6,] 
		 8: 
		 9: GETFIELD %self->issues def_%v_35 %self[2.0,] 
		 10: %v_35->map def_%v_36 %v_35[9.9,] 	 SYMBOL:assignable_users,	 ARGS:
		 11: %v_36->reduce def_%v_37 %v_36[9.10,] 	 SYMBOL:&,	 ARGS:Symbol,
		 12: ATTRASSIGN %self->assignables %v_37[9.11,] 
		 13: 
		 14: GETFIELD %self->projects def_%v_38 %self[2.0,] 
		 15: %v_38->map def_%v_39 %v_38[9.14,] %self[9.7,9.12,5.4,5.9,3.3,2.0,] 	 SYMBOL:	 ARGS:%v_38,
CLOSURE BEGIN: p[] 
BB 1
	outgoing: 6 2 
	datadep: 
	instructions:
BB 2
	outgoing: 3 
	datadep: 
	instructions:
		 0: def_%self 
		 1: def_%cl_1_0 
		 2: RECEIVEARG def_p 
		 3: COPY TYPE_CurrentScope def_%current_scope 
		 4: COPY TYPE_ScopeModule def_%current_module 
BB 3
	outgoing: 4 6 
	datadep: 
	instructions:
		 0: 
		 1: (Issue) def_%cl_1_3 
		 2: %cl_1_3->allowed_target_trackers def_%cl_1_4 %cl_1_3[3.1,] p[2.2,] 	 SYMBOL:	 ARGS:p,
		 3: RETURN %cl_1_4[3.2,] %self[2.0,] 
BB 4
	outgoing: 6 
	datadep: 
	instructions:
		 0: def_%cl_1_5 
		 1: def_%cl_1_6 %cl_1_5[4.0,] 
		 2: RETURN %cl_1_6[4.1,] %self[2.0,] 
BB 6
	outgoing: 
	datadep: 
	instructions:
CLOSURE END: 
		 16: %v_39->reduce def_%v_40 %v_39[9.15,] 	 SYMBOL:&,	 ARGS:Symbol,
		 17: ATTRASSIGN %self->trackers %v_40[9.16,] 
		 18: 
		 19: GETFIELD %self->projects def_%v_41 %self[2.0,] 
		 20: %v_41->map def_%v_42 %v_41[9.19,] %self[9.7,9.12,9.17,5.4,5.9,3.3,2.0,] 	 SYMBOL:	 ARGS:%v_41,
CLOSURE BEGIN: p[9.15,] 
BB 1
	outgoing: 6 2 
	datadep: 
	instructions:
BB 2
	outgoing: 3 
	datadep: 
	instructions:
		 0: def_%self 
		 1: def_%cl_2_0 
		 2: RECEIVEARG def_p 
		 3: COPY TYPE_CurrentScope def_%current_scope 
		 4: COPY TYPE_ScopeModule def_%current_module 
BB 3
	outgoing: 4 6 
	datadep: 
	instructions:
		 0: 
		 1: p->shared_versions def_%cl_2_3 p[2.2,] 	 SYMBOL:	 ARGS:
		 2: %cl_2_3->open def_%cl_2_4 %cl_2_3[3.1,] 	 SYMBOL:	 ARGS:
		 3: RETURN %cl_2_4[3.2,] %self[2.0,] 
BB 4
	outgoing: 6 
	datadep: 
	instructions:
		 0: def_%cl_2_5 
		 1: def_%cl_2_6 %cl_2_5[4.0,] 
		 2: RETURN %cl_2_6[4.1,] %self[2.0,] 
BB 6
	outgoing: 
	datadep: 
	instructions:
CLOSURE END: 
		 21: %v_42->reduce def_%v_43 %v_42[9.20,] 	 SYMBOL:&,	 ARGS:Symbol,
		 22: ATTRASSIGN %self->versions %v_43[9.21,] 
		 23: 
		 24: (IssuePriority) def_%v_44 
		 25: %v_44->active def_%v_45 %v_44[9.24,] 	 SYMBOL:	 ARGS:
		 26: %v_45->reverse def_%v_46 %v_45[9.25,] 	 SYMBOL:	 ARGS:
		 27: ATTRASSIGN %self->priorities %v_46[9.26,] 
		 28: 
		 29: %self->back_url def_%v_47 %self[9.7,9.12,9.17,9.22,9.27,5.4,5.9,3.3,2.0,] 	 SYMBOL:	 ARGS:
		 30: ATTRASSIGN %self->back %v_47[9.29,] 
		 31: 
		 32: HASH- def_%v_48 
		 33: ATTRASSIGN %self->options_by_custom_field %v_48[9.32,] 
		 34: 
		 35: GETFIELD %self->can def_%v_49 %self[9.7,9.29,2.0,] 
		 36: %v_49->[] def_%v_50 %v_49[9.35,] 	 SYMBOL:edit,	 ARGS:Symbol,
		 37: BRANCH %v_50[9.36,] 
BB 10
	outgoing: 12 
	datadep: 
	instructions:
		 0: 
		 1: GETFIELD %self->issues def_%v_51 %self[2.0,] 
		 2: %v_51->map def_%v_52 %v_51[10.1,] 	 SYMBOL:editable_custom_fields,	 ARGS:
		 3: %v_52->reduce def_%v_53 %v_52[10.2,] 	 SYMBOL:&,	 ARGS:Symbol,
		 4: %v_53->reject def_%v_54 %v_53[10.3,] 	 SYMBOL:multiple?,	 ARGS:
		 5: COPY TYPE_PASS def_custom_fields %v_54[10.4,] 
		 6: 
		 7: %v_54->each def_%v_55 %v_54[10.4,] %self[9.7,9.12,9.17,9.22,9.27,9.30,9.33,5.4,5.9,3.3,2.0,] 	 SYMBOL:	 ARGS:%v_54,
CLOSURE BEGIN: %self[9.7,9.12,9.17,9.22,9.27,9.30,9.33,5.4,5.9,3.3,2.0,] field[] values[] 
BB 1
	outgoing: 9 2 
	datadep: 
	instructions:
BB 2
	outgoing: 3 
	datadep: 
	instructions:
		 0: def_%self 
		 1: def_%cl_3_0 
		 2: RECEIVEARG def_field 
		 3: COPY TYPE_CurrentScope def_%current_scope 
		 4: COPY TYPE_ScopeModule def_%current_module 
BB 3
	outgoing: 4 5 7 
	datadep: 
	instructions:
		 0: 
		 1: GETFIELD %self->projects def_%cl_3_3 %self[2.0,] 
		 2: field->possible_values_options def_%cl_3_4 field[2.2,] %cl_3_3[3.1,] 	 SYMBOL:	 ARGS:%cl_3_3,
		 3: COPY TYPE_PASS def_values %cl_3_4[3.2,] 
		 4: 
		 5: %cl_3_4->present? def_%cl_3_5 %cl_3_4[3.2,] 	 SYMBOL:	 ARGS:
		 6: BRANCH %cl_3_5[3.5,] 
BB 4
	outgoing: 7 9 
	datadep: 
	instructions:
		 0: 
		 1: GETFIELD %self->options_by_custom_field def_%cl_3_6 %self[2.0,] 
		 2: ATTRASSIGN %cl_3_6->[] field[2.2,] values[3.3,] 
		 3: COPY TYPE_PASS def_%cl_3_7 values[3.3,] 
		 4: RETURN values[3.3,] %self[2.0,] 
BB 5
	outgoing: 9 
	datadep: 
	instructions:
		 0: RETURN %self[2.0,] 
BB 7
	outgoing: 9 
	datadep: 
	instructions:
		 0: def_%cl_3_8 
		 1: def_%cl_3_9 %cl_3_8[7.0,] 
		 2: RETURN %cl_3_9[7.1,] %self[2.0,] 
BB 9
	outgoing: 
	datadep: 
	instructions:
CLOSURE END: values[3.3,] 
		 8: 
BB 11
	outgoing: 12 
	datadep: 
	instructions:
		 0: COPY TYPE_Nil def_%v_55 
BB 12
	outgoing: 13 14 
	datadep: 
	instructions:
		 0: 
		 1: GETFIELD %self->issues def_%v_56 %self[2.0,] 
		 2: %v_56->map def_%v_57 %v_56[12.1,] 	 SYMBOL:safe_attribute_names,	 ARGS:
		 3: %v_57->reduce def_%v_58 %v_57[12.2,] 	 SYMBOL:&,	 ARGS:Symbol,
		 4: ATTRASSIGN %self->safe_attributes %v_58[12.3,] 
		 5: 
		 6: HASH-layout- def_%v_59 
		 7: %self->render def_%v_60 %self[12.4,9.7,9.12,9.17,9.22,9.27,9.30,9.33,5.4,5.9,3.3,2.0,] %v_59[12.6,] 	 SYMBOL:	 ARGS:%v_59,
		 8: 
		 9: GETFIELD %self->issues def_%v_61 %self[12.7,2.0,] 
		 10: GETFIELD %self->can def_%v_62 %self[12.7,9.7,2.0,] 
		 11: GETFIELD %self->back def_%v_63 %self[12.7,9.30,2.0,] 
		 12: HASH-issues-can-back- def_%v_64 %v_61[12.9,] %v_62[12.10,] %v_63[12.11,] 
		 13: %self->call_hook def_%v_65 %self[12.4,12.7,9.7,9.12,9.17,9.22,9.27,9.30,9.33,5.4,5.9,3.3,2.0,] %v_64[12.12,] 	 SYMBOL:view_issues_context_menu_start,	 ARGS:Symbol,%v_64,
		 14: 
		 15: 
		 16: GETFIELD %self->issue def_%v_66 %self[12.7,12.13,3.3,2.0,] 
		 17: BRANCH %v_66[12.16,] 
BB 13
	outgoing: 15 
	datadep: 
	instructions:
		 0: %self->l def_%v_67 %self[12.4,9.7,9.12,9.17,9.22,9.27,9.30,9.33,5.4,5.9,3.3,2.0,] 	 SYMBOL:button_edit,	 ARGS:Symbol,
		 1: GETFIELD %self->issue def_%v_68 %self[13.0,3.3,2.0,] 
		 2: %self->edit_issue_path def_%v_69 %self[13.0,12.4,9.7,9.12,9.17,9.22,9.27,9.30,9.33,5.4,5.9,3.3,2.0,] %v_68[13.1,] 	 SYMBOL:	 ARGS:%v_68,
		 3: COPY TYPE_StringLiteral "icon-edit" def_%v_70 
		 4: 
		 5: GETFIELD %self->can def_%v_71 %self[13.0,13.2,9.7,2.0,] 
		 6: %v_71->[] def_%v_72 %v_71[13.5,] 	 SYMBOL:edit,	 ARGS:Symbol,
		 7: %v_72->! def_%v_73 %v_72[13.6,] 	 SYMBOL:	 ARGS:
		 8: HASH-class-disabled- def_%v_74 %v_70[13.3,] %v_73[13.7,] 
		 9: %self->context_menu_link def_%v_75 %self[13.0,13.2,12.4,9.7,9.12,9.17,9.22,9.27,9.30,9.33,5.4,5.9,3.3,2.0,] %v_67[13.0,] %v_69[13.2,] %v_74[13.8,] 	 SYMBOL:	 ARGS:%v_67,%v_69,%v_74,
		 10: 
BB 14
	outgoing: 15 
	datadep: 
	instructions:
		 0: 
		 1: %self->l def_%v_76 %self[12.4,9.7,9.12,9.17,9.22,9.27,9.30,9.33,5.4,5.9,3.3,2.0,] 	 SYMBOL:button_edit,	 ARGS:Symbol,
		 2: GETFIELD %self->issue_ids def_%v_77 %self[14.1,5.4,2.0,] 
		 3: HASH-ids- def_%v_78 %v_77[14.2,] 
		 4: %self->bulk_edit_issues_path def_%v_79 %self[14.1,12.4,9.7,9.12,9.17,9.22,9.27,9.30,9.33,5.4,5.9,3.3,2.0,] %v_78[14.3,] 	 SYMBOL:	 ARGS:%v_78,
		 5: COPY TYPE_StringLiteral "icon-edit" def_%v_80 
		 6: 
		 7: GETFIELD %self->can def_%v_81 %self[14.1,14.4,9.7,2.0,] 
		 8: %v_81->[] def_%v_82 %v_81[14.7,] 	 SYMBOL:edit,	 ARGS:Symbol,
		 9: %v_82->! def_%v_83 %v_82[14.8,] 	 SYMBOL:	 ARGS:
		 10: HASH-class-disabled- def_%v_84 %v_80[14.5,] %v_83[14.9,] 
		 11: %self->context_menu_link def_%v_85 %self[14.1,14.4,12.4,9.7,9.12,9.17,9.22,9.27,9.30,9.33,5.4,5.9,3.3,2.0,] %v_76[14.1,] %v_79[14.4,] %v_84[14.10,] 	 SYMBOL:	 ARGS:%v_76,%v_79,%v_84,
		 12: COPY TYPE_PASS def_%v_75 %v_85[14.11,] 
BB 15
	outgoing: 16 17 
	datadep: 
	instructions:
		 0: 
		 1: GETFIELD %self->allowed_statuses def_%v_86 %self[5.9,2.0,] 
		 2: %v_86->present? def_%v_87 %v_86[15.1,] 	 SYMBOL:	 ARGS:
		 3: BRANCH %v_87[15.2,] 
BB 16
	outgoing: 18 
	datadep: 
	instructions:
		 0: 
		 1: %self->l def_%v_88 %self[12.4,9.7,9.12,9.17,9.22,9.27,9.30,9.33,5.4,5.9,3.3,2.0,] 	 SYMBOL:field_status,	 ARGS:Symbol,
		 2: 
		 3: GETFIELD %self->allowed_statuses def_%v_89 %self[16.1,5.9,2.0,] 
		 4: %v_89->each def_%v_90 %v_89[16.3,] %self[16.1,12.4,9.7,9.12,9.17,9.22,9.27,9.30,9.33,5.4,5.9,3.3,2.0,] 	 SYMBOL:	 ARGS:%v_89,
CLOSURE BEGIN: s[] %self[16.1,12.4,9.7,9.12,9.17,9.22,9.27,9.30,9.33,5.4,5.9,3.3,2.0,] 
BB 1
	outgoing: 8 2 
	datadep: 
	instructions:
BB 2
	outgoing: 3 
	datadep: 
	instructions:
		 0: def_%self 
		 1: def_%cl_4_0 
		 2: RECEIVEARG def_s 
		 3: COPY TYPE_CurrentScope def_%current_scope 
		 4: COPY TYPE_ScopeModule def_%current_module 
BB 3
	outgoing: 4 5 6 
	datadep: 
	instructions:
		 0: 
		 1: s->name def_%cl_4_3 s[2.2,] 	 SYMBOL:	 ARGS:
		 2: GETFIELD %self->issue_ids def_%cl_4_4 %self[2.0,] 
		 3: HASH-status_id- def_%cl_4_5 s[3.1,2.2,] 
		 4: GETFIELD %self->back def_%cl_4_6 %self[2.0,] 
		 5: HASH-ids-issue-back_url- def_%cl_4_7 %cl_4_4[3.2,] %cl_4_5[3.3,] %cl_4_6[3.4,] 
		 6: %self->bulk_update_issues_path def_%cl_4_8 %self[2.0,] %cl_4_7[3.5,] 	 SYMBOL:	 ARGS:%cl_4_7,
		 7: 
		 8: GETFIELD %self->issue def_%cl_4_9 %self[3.6,2.0,] 
		 9: BRANCH %cl_4_9[3.8,] 
BB 4
	outgoing: 5 6 
	datadep: 
	instructions:
		 0: GETFIELD %self->issue def_%cl_4_10 %self[2.0,] 
		 1: %cl_4_10->status def_%cl_4_11 %cl_4_10[4.0,] 	 SYMBOL:	 ARGS:
		 2: s->== def_%cl_4_12 s[2.2,] %cl_4_11[4.1,] 	 SYMBOL:	 ARGS:%cl_4_11,
		 3: COPY TYPE_PASS def_%cl_4_9 %cl_4_12[4.2,] 
BB 5
	outgoing: 6 8 
	datadep: 
	instructions:
		 0: GETFIELD %self->can def_%cl_4_13 %self[2.0,] 
		 1: %cl_4_13->[] def_%cl_4_14 %cl_4_13[5.0,] 	 SYMBOL:edit,	 ARGS:Symbol,
		 2: %cl_4_14->! def_%cl_4_15 %cl_4_14[5.1,] 	 SYMBOL:	 ARGS:
		 3: HASH-method-selected-disabled- def_%cl_4_16 %cl_4_9[4.3,3.8,] %cl_4_15[5.2,] 
		 4: %self->context_menu_link def_%cl_4_17 %self[2.0,] %cl_4_3[3.1,] %cl_4_8[3.6,] %cl_4_16[5.3,] 	 SYMBOL:	 ARGS:%cl_4_3,%cl_4_8,%cl_4_16,
		 5: RETURN %cl_4_17[5.4,] %self[5.4,2.0,] 
BB 6
	outgoing: 8 
	datadep: 
	instructions:
		 0: def_%cl_4_18 
		 1: def_%cl_4_19 %cl_4_18[6.0,] 
		 2: RETURN %cl_4_19[6.1,] %self[2.0,] 
BB 8
	outgoing: 
	datadep: 
	instructions:
CLOSURE END: 
		 5: 
BB 17
	outgoing: 18 
	datadep: 
	instructions:
		 0: COPY TYPE_Nil def_%v_90 
BB 18
	outgoing: 19 20 
	datadep: 
	instructions:
		 0: 
		 1: GETFIELD %self->trackers def_%v_91 %self[9.17,2.0,] 
		 2: %v_91->present? def_%v_92 %v_91[18.1,] 	 SYMBOL:	 ARGS:
		 3: BRANCH %v_92[18.2,] 
BB 19
	outgoing: 21 
	datadep: 
	instructions:
		 0: 
		 1: %self->l def_%v_93 %self[12.4,9.7,9.12,9.17,9.22,9.27,9.30,9.33,5.4,5.9,3.3,2.0,] 	 SYMBOL:field_tracker,	 ARGS:Symbol,
		 2: 
		 3: GETFIELD %self->trackers def_%v_94 %self[19.1,9.17,2.0,] 
		 4: %v_94->each def_%v_95 %v_94[19.3,] %self[19.1,12.4,9.7,9.12,9.17,9.22,9.27,9.30,9.33,5.4,5.9,3.3,2.0,] 	 SYMBOL:	 ARGS:%v_94,
CLOSURE BEGIN: t[] %self[19.1,12.4,9.7,9.12,9.17,9.22,9.27,9.30,9.33,5.4,5.9,3.3,2.0,] 
BB 1
	outgoing: 8 2 
	datadep: 
	instructions:
BB 2
	outgoing: 3 
	datadep: 
	instructions:
		 0: def_%self 
		 1: def_%cl_5_0 
		 2: RECEIVEARG def_t 
		 3: COPY TYPE_CurrentScope def_%current_scope 
		 4: COPY TYPE_ScopeModule def_%current_module 
BB 3
	outgoing: 4 5 6 
	datadep: 
	instructions:
		 0: 
		 1: t->name def_%cl_5_3 t[2.2,] 	 SYMBOL:	 ARGS:
		 2: GETFIELD %self->issue_ids def_%cl_5_4 %self[2.0,] 
		 3: COPY TYPE_StringLiteral "tracker_id" def_%cl_5_5 
		 4: HASH- def_%cl_5_6 %cl_5_5[3.3,] t[3.1,2.2,] 
		 5: GETFIELD %self->back def_%cl_5_7 %self[2.0,] 
		 6: HASH-ids-issue-back_url- def_%cl_5_8 %cl_5_4[3.2,] %cl_5_6[3.4,] %cl_5_7[3.5,] 
		 7: %self->bulk_update_issues_path def_%cl_5_9 %self[2.0,] %cl_5_8[3.6,] 	 SYMBOL:	 ARGS:%cl_5_8,
		 8: 
		 9: GETFIELD %self->issue def_%cl_5_10 %self[3.7,2.0,] 
		 10: BRANCH %cl_5_10[3.9,] 
BB 4
	outgoing: 5 6 
	datadep: 
	instructions:
		 0: GETFIELD %self->issue def_%cl_5_11 %self[2.0,] 
		 1: %cl_5_11->tracker def_%cl_5_12 %cl_5_11[4.0,] 	 SYMBOL:	 ARGS:
		 2: t->== def_%cl_5_13 t[2.2,] %cl_5_12[4.1,] 	 SYMBOL:	 ARGS:%cl_5_12,
		 3: COPY TYPE_PASS def_%cl_5_10 %cl_5_13[4.2,] 
BB 5
	outgoing: 6 8 
	datadep: 
	instructions:
		 0: GETFIELD %self->can def_%cl_5_14 %self[2.0,] 
		 1: %cl_5_14->[] def_%cl_5_15 %cl_5_14[5.0,] 	 SYMBOL:edit,	 ARGS:Symbol,
		 2: %cl_5_15->! def_%cl_5_16 %cl_5_15[5.1,] 	 SYMBOL:	 ARGS:
		 3: HASH-method-selected-disabled- def_%cl_5_17 %cl_5_10[4.3,3.9,] %cl_5_16[5.2,] 
		 4: %self->context_menu_link def_%cl_5_18 %self[2.0,] %cl_5_3[3.1,] %cl_5_9[3.7,] %cl_5_17[5.3,] 	 SYMBOL:	 ARGS:%cl_5_3,%cl_5_9,%cl_5_17,
		 5: RETURN %cl_5_18[5.4,] %self[5.4,2.0,] 
BB 6
	outgoing: 8 
	datadep: 
	instructions:
		 0: def_%cl_5_19 
		 1: def_%cl_5_20 %cl_5_19[6.0,] 
		 2: RETURN %cl_5_20[6.1,] %self[2.0,] 
BB 8
	outgoing: 
	datadep: 
	instructions:
CLOSURE END: 
		 5: 
BB 20
	outgoing: 21 
	datadep: 
	instructions:
		 0: COPY TYPE_Nil def_%v_95 
BB 21
	outgoing: 22 23 
	datadep: 
	instructions:
		 0: 
		 1: GETFIELD %self->safe_attributes def_%v_96 %self[12.4,2.0,] 
		 2: COPY TYPE_StringLiteral "priority_id" def_%v_97 
		 3: %v_96->include? def_%v_98 %v_96[21.1,] %v_97[21.2,] 	 SYMBOL:	 ARGS:%v_97,
		 4: BRANCH %v_98[21.3,] 
BB 22
	outgoing: 23 
	datadep: 
	instructions:
		 0: GETFIELD %self->priorities def_%v_99 %self[9.27,2.0,] 
		 1: %v_99->present? def_%v_100 %v_99[22.0,] 	 SYMBOL:	 ARGS:
		 2: COPY TYPE_PASS def_%v_98 %v_100[22.1,] 
BB 23
	outgoing: 24 25 
	datadep: 
	instructions:
		 0: BRANCH %v_98[22.2,21.3,] 
BB 24
	outgoing: 26 
	datadep: 
	instructions:
		 0: 
		 1: %self->l def_%v_101 %self[12.4,9.7,9.12,9.17,9.22,9.27,9.30,9.33,5.4,5.9,3.3,2.0,] 	 SYMBOL:field_priority,	 ARGS:Symbol,
		 2: 
		 3: GETFIELD %self->priorities def_%v_102 %self[24.1,9.27,2.0,] 
		 4: %v_102->each def_%v_103 %v_102[24.3,] %self[24.1,12.4,9.7,9.12,9.17,9.22,9.27,9.30,9.33,5.4,5.9,3.3,2.0,] 	 SYMBOL:	 ARGS:%v_102,
CLOSURE BEGIN: p[9.15,9.20,] %self[24.1,12.4,9.7,9.12,9.17,9.22,9.27,9.30,9.33,5.4,5.9,3.3,2.0,] i[] 
BB 1
	outgoing: 10 2 
	datadep: 
	instructions:
BB 2
	outgoing: 3 
	datadep: 
	instructions:
		 0: def_%self 
		 1: def_%cl_6_0 
		 2: RECEIVEARG def_p 
		 3: COPY TYPE_CurrentScope def_%current_scope 
		 4: COPY TYPE_ScopeModule def_%current_module 
BB 3
	outgoing: 4 5 8 
	datadep: 
	instructions:
		 0: 
		 1: p->name def_%cl_6_3 p[2.2,] 	 SYMBOL:	 ARGS:
		 2: GETFIELD %self->issue_ids def_%cl_6_4 %self[2.0,] 
		 3: COPY TYPE_StringLiteral "priority_id" def_%cl_6_5 
		 4: HASH- def_%cl_6_6 %cl_6_5[3.3,] p[3.1,2.2,] 
		 5: GETFIELD %self->back def_%cl_6_7 %self[2.0,] 
		 6: HASH-ids-issue-back_url- def_%cl_6_8 %cl_6_4[3.2,] %cl_6_6[3.4,] %cl_6_7[3.5,] 
		 7: %self->bulk_update_issues_path def_%cl_6_9 %self[2.0,] %cl_6_8[3.6,] 	 SYMBOL:	 ARGS:%cl_6_8,
		 8: 
		 9: GETFIELD %self->issue def_%cl_6_10 %self[3.7,2.0,] 
		 10: BRANCH %cl_6_10[3.9,] 
BB 4
	outgoing: 5 8 
	datadep: 
	instructions:
		 0: GETFIELD %self->issue def_%cl_6_11 %self[2.0,] 
		 1: %cl_6_11->priority def_%cl_6_12 %cl_6_11[4.0,] 	 SYMBOL:	 ARGS:
		 2: p->== def_%cl_6_13 p[2.2,] %cl_6_12[4.1,] 	 SYMBOL:	 ARGS:%cl_6_12,
		 3: COPY TYPE_PASS def_%cl_6_10 %cl_6_13[4.2,] 
BB 5
	outgoing: 6 7 8 
	datadep: 
	instructions:
		 0: GETFIELD %self->can def_%cl_6_14 %self[2.0,] 
		 1: %cl_6_14->[] def_%cl_6_15 %cl_6_14[5.0,] 	 SYMBOL:edit,	 ARGS:Symbol,
		 2: %cl_6_15->! def_%cl_6_16 %cl_6_15[5.1,] 	 SYMBOL:	 ARGS:
		 3: BRANCH %cl_6_16[5.2,] 
BB 6
	outgoing: 7 8 
	datadep: 
	instructions:
		 0: GETFIELD %self->issues def_%cl_6_17 %self[2.0,] 
		 1: %cl_6_17->detect def_%cl_6_18 %cl_6_17[6.0,] %self[2.0,] 	 SYMBOL:	 ARGS:%cl_6_17,
CLOSURE BEGIN: i[] 
BB 1
	outgoing: 6 2 
	datadep: 
	instructions:
BB 2
	outgoing: 3 
	datadep: 
	instructions:
		 0: def_%self 
		 1: def_%cl_7_0 
		 2: RECEIVEARG def_i 
		 3: COPY TYPE_CurrentScope def_%current_scope 
		 4: COPY TYPE_ScopeModule def_%current_module 
BB 3
	outgoing: 4 6 
	datadep: 
	instructions:
		 0: 
		 1: i->leaf? def_%cl_7_3 i[2.2,] 	 SYMBOL:	 ARGS:
		 2: %cl_7_3->! def_%cl_7_4 %cl_7_3[3.1,] 	 SYMBOL:	 ARGS:
		 3: RETURN %cl_7_4[3.2,] %self[2.0,] 
BB 4
	outgoing: 6 
	datadep: 
	instructions:
		 0: def_%cl_7_5 
		 1: def_%cl_7_6 %cl_7_5[4.0,] 
		 2: RETURN %cl_7_6[4.1,] %self[2.0,] 
BB 6
	outgoing: 
	datadep: 
	instructions:
CLOSURE END: 
		 2: COPY TYPE_PASS def_%cl_6_16 %cl_6_18[6.1,] 
BB 7
	outgoing: 8 10 
	datadep: 
	instructions:
		 0: HASH-method-selected-disabled- def_%cl_6_19 %cl_6_10[4.3,3.9,] %cl_6_16[6.2,5.2,] 
		 1: %self->context_menu_link def_%cl_6_20 %self[2.0,] %cl_6_3[3.1,] %cl_6_9[3.7,] %cl_6_19[7.0,] 	 SYMBOL:	 ARGS:%cl_6_3,%cl_6_9,%cl_6_19,
		 2: RETURN %cl_6_20[7.1,] %self[7.1,2.0,] 
BB 8
	outgoing: 10 
	datadep: 
	instructions:
		 0: def_%cl_6_21 
		 1: def_%cl_6_22 %cl_6_21[8.0,] 
		 2: RETURN %cl_6_22[8.1,] %self[2.0,] 
BB 10
	outgoing: 
	datadep: 
	instructions:
CLOSURE END: 
		 5: 
BB 25
	outgoing: 26 
	datadep: 
	instructions:
		 0: COPY TYPE_Nil def_%v_103 
BB 26
	outgoing: 27 28 
	datadep: 
	instructions:
		 0: 
		 1: GETFIELD %self->safe_attributes def_%v_104 %self[12.4,2.0,] 
		 2: COPY TYPE_StringLiteral "fixed_version_id" def_%v_105 
		 3: %v_104->include? def_%v_106 %v_104[26.1,] %v_105[26.2,] 	 SYMBOL:	 ARGS:%v_105,
		 4: BRANCH %v_106[26.3,] 
BB 27
	outgoing: 28 
	datadep: 
	instructions:
		 0: GETFIELD %self->versions def_%v_107 %self[9.22,2.0,] 
		 1: %v_107->present? def_%v_108 %v_107[27.0,] 	 SYMBOL:	 ARGS:
		 2: COPY TYPE_PASS def_%v_106 %v_108[27.1,] 
BB 28
	outgoing: 29 32 
	datadep: 
	instructions:
		 0: BRANCH %v_106[27.2,26.3,] 
BB 29
	outgoing: 30 31 
	datadep: 
	instructions:
		 0: 
		 1: %self->l def_%v_109 %self[12.4,9.7,9.12,9.17,9.22,9.27,9.30,9.33,5.4,5.9,3.3,2.0,] 	 SYMBOL:field_fixed_version,	 ARGS:Symbol,
		 2: 
		 3: GETFIELD %self->versions def_%v_110 %self[29.1,9.22,2.0,] 
		 4: %v_110->sort def_%v_111 %v_110[29.3,] 	 SYMBOL:	 ARGS:
		 5: %v_111->each def_%v_112 %v_111[29.4,] %self[29.1,12.4,9.7,9.12,9.17,9.22,9.27,9.30,9.33,5.4,5.9,3.3,2.0,] 	 SYMBOL:	 ARGS:%v_111,
CLOSURE BEGIN: %self[29.1,12.4,9.7,9.12,9.17,9.22,9.27,9.30,9.33,5.4,5.9,3.3,2.0,] v[] 
BB 1
	outgoing: 8 2 
	datadep: 
	instructions:
BB 2
	outgoing: 3 
	datadep: 
	instructions:
		 0: def_%self 
		 1: def_%cl_8_0 
		 2: RECEIVEARG def_v 
		 3: COPY TYPE_CurrentScope def_%current_scope 
		 4: COPY TYPE_ScopeModule def_%current_module 
BB 3
	outgoing: 4 5 6 
	datadep: 
	instructions:
		 0: 
		 1: %self->format_version_name def_%cl_8_3 %self[2.0,] v[2.2,] 	 SYMBOL:	 ARGS:v,
		 2: GETFIELD %self->issue_ids def_%cl_8_4 %self[3.1,2.0,] 
		 3: COPY TYPE_StringLiteral "fixed_version_id" def_%cl_8_5 
		 4: HASH- def_%cl_8_6 %cl_8_5[3.3,] v[2.2,] 
		 5: GETFIELD %self->back def_%cl_8_7 %self[3.1,2.0,] 
		 6: HASH-ids-issue-back_url- def_%cl_8_8 %cl_8_4[3.2,] %cl_8_6[3.4,] %cl_8_7[3.5,] 
		 7: %self->bulk_update_issues_path def_%cl_8_9 %self[3.1,2.0,] %cl_8_8[3.6,] 	 SYMBOL:	 ARGS:%cl_8_8,
		 8: 
		 9: GETFIELD %self->issue def_%cl_8_10 %self[3.1,3.7,2.0,] 
		 10: BRANCH %cl_8_10[3.9,] 
BB 4
	outgoing: 5 6 
	datadep: 
	instructions:
		 0: GETFIELD %self->issue def_%cl_8_11 %self[2.0,] 
		 1: %cl_8_11->fixed_version def_%cl_8_12 %cl_8_11[4.0,] 	 SYMBOL:	 ARGS:
		 2: v->== def_%cl_8_13 v[2.2,] %cl_8_12[4.1,] 	 SYMBOL:	 ARGS:%cl_8_12,
		 3: COPY TYPE_PASS def_%cl_8_10 %cl_8_13[4.2,] 
BB 5
	outgoing: 6 8 
	datadep: 
	instructions:
		 0: GETFIELD %self->can def_%cl_8_14 %self[2.0,] 
		 1: %cl_8_14->[] def_%cl_8_15 %cl_8_14[5.0,] 	 SYMBOL:edit,	 ARGS:Symbol,
		 2: %cl_8_15->! def_%cl_8_16 %cl_8_15[5.1,] 	 SYMBOL:	 ARGS:
		 3: HASH-method-selected-disabled- def_%cl_8_17 %cl_8_10[4.3,3.9,] %cl_8_16[5.2,] 
		 4: %self->context_menu_link def_%cl_8_18 %self[2.0,] %cl_8_3[3.1,] %cl_8_9[3.7,] %cl_8_17[5.3,] 	 SYMBOL:	 ARGS:%cl_8_3,%cl_8_9,%cl_8_17,
		 5: RETURN %cl_8_18[5.4,] %self[5.4,2.0,] 
BB 6
	outgoing: 8 
	datadep: 
	instructions:
		 0: def_%cl_8_19 
		 1: def_%cl_8_20 %cl_8_19[6.0,] 
		 2: RETURN %cl_8_20[6.1,] %self[2.0,] 
BB 8
	outgoing: 
	datadep: 
	instructions:
CLOSURE END: 
		 6: 
		 7: %self->l def_%v_113 %self[29.1,12.4,9.7,9.12,9.17,9.22,9.27,9.30,9.33,5.4,5.9,3.3,2.0,] 	 SYMBOL:label_none,	 ARGS:Symbol,
		 8: GETFIELD %self->issue_ids def_%v_114 %self[29.1,29.7,5.4,2.0,] 
		 9: COPY TYPE_StringLiteral "fixed_version_id" def_%v_115 
		 10: COPY TYPE_StringLiteral "none" def_%v_116 
		 11: HASH- def_%v_117 %v_115[29.9,] %v_116[29.10,] 
		 12: GETFIELD %self->back def_%v_118 %self[29.1,29.7,9.30,2.0,] 
		 13: HASH-ids-issue-back_url- def_%v_119 %v_114[29.8,] %v_117[29.11,] %v_118[29.12,] 
		 14: %self->bulk_update_issues_path def_%v_120 %self[29.1,29.7,12.4,9.7,9.12,9.17,9.22,9.27,9.30,9.33,5.4,5.9,3.3,2.0,] %v_119[29.13,] 	 SYMBOL:	 ARGS:%v_119,
		 15: 
		 16: GETFIELD %self->issue def_%v_121 %self[29.1,29.7,29.14,3.3,2.0,] 
		 17: BRANCH %v_121[29.16,] 
BB 30
	outgoing: 31 
	datadep: 
	instructions:
		 0: GETFIELD %self->issue def_%v_122 %self[3.3,2.0,] 
		 1: %v_122->fixed_version def_%v_123 %v_122[30.0,] 	 SYMBOL:	 ARGS:
		 2: %v_123->nil? def_%v_124 %v_123[30.1,] 	 SYMBOL:	 ARGS:
		 3: COPY TYPE_PASS def_%v_121 %v_124[30.2,] 
BB 31
	outgoing: 33 
	datadep: 
	instructions:
		 0: GETFIELD %self->can def_%v_125 %self[9.7,2.0,] 
		 1: %v_125->[] def_%v_126 %v_125[31.0,] 	 SYMBOL:edit,	 ARGS:Symbol,
		 2: %v_126->! def_%v_127 %v_126[31.1,] 	 SYMBOL:	 ARGS:
		 3: HASH-method-selected-disabled- def_%v_128 %v_121[30.3,29.16,] %v_127[31.2,] 
		 4: %self->context_menu_link def_%v_129 %self[12.4,9.7,9.12,9.17,9.22,9.27,9.30,9.33,5.4,5.9,3.3,2.0,] %v_113[29.7,] %v_120[29.14,] %v_128[31.3,] 	 SYMBOL:	 ARGS:%v_113,%v_120,%v_128,
		 5: 
BB 32
	outgoing: 33 
	datadep: 
	instructions:
		 0: COPY TYPE_Nil def_%v_129 
BB 33
	outgoing: 34 35 
	datadep: 
	instructions:
		 0: 
		 1: GETFIELD %self->safe_attributes def_%v_130 %self[12.4,2.0,] 
		 2: COPY TYPE_StringLiteral "assigned_to_id" def_%v_131 
		 3: %v_130->include? def_%v_132 %v_130[33.1,] %v_131[33.2,] 	 SYMBOL:	 ARGS:%v_131,
		 4: BRANCH %v_132[33.3,] 
BB 34
	outgoing: 35 
	datadep: 
	instructions:
		 0: GETFIELD %self->assignables def_%v_133 %self[9.12,2.0,] 
		 1: %v_133->present? def_%v_134 %v_133[34.0,] 	 SYMBOL:	 ARGS:
		 2: COPY TYPE_PASS def_%v_132 %v_134[34.1,] 
BB 35
	outgoing: 36 42 
	datadep: 
	instructions:
		 0: BRANCH %v_132[34.2,33.3,] 
BB 36
	outgoing: 37 38 
	datadep: 
	instructions:
		 0: 
		 1: %self->l def_%v_135 %self[12.4,9.7,9.12,9.17,9.22,9.27,9.30,9.33,5.4,5.9,3.3,2.0,] 	 SYMBOL:field_assigned_to,	 ARGS:Symbol,
		 2: 
		 3: GETFIELD %self->assignables def_%v_136 %self[36.1,9.12,2.0,] 
		 4: (User) def_%v_137 
		 5: %v_137->current def_%v_138 %v_137[36.4,] 	 SYMBOL:	 ARGS:
		 6: %v_136->include? def_%v_139 %v_136[36.3,] %v_138[36.5,] 	 SYMBOL:	 ARGS:%v_138,
		 7: BRANCH %v_139[36.6,] 
BB 37
	outgoing: 39 
	datadep: 
	instructions:
		 0: 
		 1: COPY TYPE_StringLiteral "<< " def_%v_140 
		 2: %self->l def_%v_141 %self[12.4,9.7,9.12,9.17,9.22,9.27,9.30,9.33,5.4,5.9,3.3,2.0,] 	 SYMBOL:label_me,	 ARGS:Symbol,
		 3: COPY TYPE_StringLiteral " >>" def_%v_142 
		 4: BUILDSTRING def_%v_143 %v_140[37.1,] %v_141[37.2,] %v_142[37.3,] 
		 5: GETFIELD %self->issue_ids def_%v_144 %self[37.2,5.4,2.0,] 
		 6: COPY TYPE_StringLiteral "assigned_to_id" def_%v_145 
		 7: (User) def_%v_146 
		 8: %v_146->current def_%v_147 %v_146[37.7,] 	 SYMBOL:	 ARGS:
		 9: HASH- def_%v_148 %v_145[37.6,] %v_147[37.8,] 
		 10: GETFIELD %self->back def_%v_149 %self[37.2,9.30,2.0,] 
		 11: HASH-ids-issue-back_url- def_%v_150 %v_144[37.5,] %v_148[37.9,] %v_149[37.10,] 
		 12: %self->bulk_update_issues_path def_%v_151 %self[37.2,12.4,9.7,9.12,9.17,9.22,9.27,9.30,9.33,5.4,5.9,3.3,2.0,] %v_150[37.11,] 	 SYMBOL:	 ARGS:%v_150,
		 13: 
		 14: GETFIELD %self->can def_%v_152 %self[37.2,37.12,9.7,2.0,] 
		 15: %v_152->[] def_%v_153 %v_152[37.14,] 	 SYMBOL:edit,	 ARGS:Symbol,
		 16: %v_153->! def_%v_154 %v_153[37.15,] 	 SYMBOL:	 ARGS:
		 17: HASH-method-disabled- def_%v_155 %v_154[37.16,] 
		 18: %self->context_menu_link def_%v_156 %self[37.2,37.12,12.4,9.7,9.12,9.17,9.22,9.27,9.30,9.33,5.4,5.9,3.3,2.0,] %v_143[37.4,] %v_151[37.12,] %v_155[37.17,] 	 SYMBOL:	 ARGS:%v_143,%v_151,%v_155,
		 19: 
BB 38
	outgoing: 39 
	datadep: 
	instructions:
		 0: COPY TYPE_Nil def_%v_156 
BB 39
	outgoing: 40 41 
	datadep: 
	instructions:
		 0: 
		 1: GETFIELD %self->assignables def_%v_157 %self[9.12,2.0,] 
		 2: %v_157->each def_%v_158 %v_157[39.1,] %self[12.4,9.7,9.12,9.17,9.22,9.27,9.30,9.33,5.4,5.9,3.3,2.0,] 	 SYMBOL:	 ARGS:%v_157,
CLOSURE BEGIN: u[] %self[12.4,9.7,9.12,9.17,9.22,9.27,9.30,9.33,5.4,5.9,3.3,2.0,] 
BB 1
	outgoing: 8 2 
	datadep: 
	instructions:
BB 2
	outgoing: 3 
	datadep: 
	instructions:
		 0: def_%self 
		 1: def_%cl_9_0 
		 2: RECEIVEARG def_u 
		 3: COPY TYPE_CurrentScope def_%current_scope 
		 4: COPY TYPE_ScopeModule def_%current_module 
BB 3
	outgoing: 4 5 6 
	datadep: 
	instructions:
		 0: 
		 1: u->name def_%cl_9_3 u[2.2,] 	 SYMBOL:	 ARGS:
		 2: GETFIELD %self->issue_ids def_%cl_9_4 %self[2.0,] 
		 3: COPY TYPE_StringLiteral "assigned_to_id" def_%cl_9_5 
		 4: HASH- def_%cl_9_6 %cl_9_5[3.3,] u[3.1,2.2,] 
		 5: GETFIELD %self->back def_%cl_9_7 %self[2.0,] 
		 6: HASH-ids-issue-back_url- def_%cl_9_8 %cl_9_4[3.2,] %cl_9_6[3.4,] %cl_9_7[3.5,] 
		 7: %self->bulk_update_issues_path def_%cl_9_9 %self[2.0,] %cl_9_8[3.6,] 	 SYMBOL:	 ARGS:%cl_9_8,
		 8: 
		 9: GETFIELD %self->issue def_%cl_9_10 %self[3.7,2.0,] 
		 10: BRANCH %cl_9_10[3.9,] 
BB 4
	outgoing: 5 6 
	datadep: 
	instructions:
		 0: GETFIELD %self->issue def_%cl_9_11 %self[2.0,] 
		 1: %cl_9_11->assigned_to def_%cl_9_12 %cl_9_11[4.0,] 	 SYMBOL:	 ARGS:
		 2: u->== def_%cl_9_13 u[2.2,] %cl_9_12[4.1,] 	 SYMBOL:	 ARGS:%cl_9_12,
		 3: COPY TYPE_PASS def_%cl_9_10 %cl_9_13[4.2,] 
BB 5
	outgoing: 6 8 
	datadep: 
	instructions:
		 0: GETFIELD %self->can def_%cl_9_14 %self[2.0,] 
		 1: %cl_9_14->[] def_%cl_9_15 %cl_9_14[5.0,] 	 SYMBOL:edit,	 ARGS:Symbol,
		 2: %cl_9_15->! def_%cl_9_16 %cl_9_15[5.1,] 	 SYMBOL:	 ARGS:
		 3: HASH-method-selected-disabled- def_%cl_9_17 %cl_9_10[4.3,3.9,] %cl_9_16[5.2,] 
		 4: %self->context_menu_link def_%cl_9_18 %self[2.0,] %cl_9_3[3.1,] %cl_9_9[3.7,] %cl_9_17[5.3,] 	 SYMBOL:	 ARGS:%cl_9_3,%cl_9_9,%cl_9_17,
		 5: RETURN %cl_9_18[5.4,] %self[5.4,2.0,] 
BB 6
	outgoing: 8 
	datadep: 
	instructions:
		 0: def_%cl_9_19 
		 1: def_%cl_9_20 %cl_9_19[6.0,] 
		 2: RETURN %cl_9_20[6.1,] %self[2.0,] 
BB 8
	outgoing: 
	datadep: 
	instructions:
CLOSURE END: 
		 3: 
		 4: %self->l def_%v_159 %self[12.4,9.7,9.12,9.17,9.22,9.27,9.30,9.33,5.4,5.9,3.3,2.0,] 	 SYMBOL:label_nobody,	 ARGS:Symbol,
		 5: GETFIELD %self->issue_ids def_%v_160 %self[39.4,5.4,2.0,] 
		 6: COPY TYPE_StringLiteral "assigned_to_id" def_%v_161 
		 7: COPY TYPE_StringLiteral "none" def_%v_162 
		 8: HASH- def_%v_163 %v_161[39.6,] %v_162[39.7,] 
		 9: GETFIELD %self->back def_%v_164 %self[39.4,9.30,2.0,] 
		 10: HASH-ids-issue-back_url- def_%v_165 %v_160[39.5,] %v_163[39.8,] %v_164[39.9,] 
		 11: %self->bulk_update_issues_path def_%v_166 %self[39.4,12.4,9.7,9.12,9.17,9.22,9.27,9.30,9.33,5.4,5.9,3.3,2.0,] %v_165[39.10,] 	 SYMBOL:	 ARGS:%v_165,
		 12: 
		 13: GETFIELD %self->issue def_%v_167 %self[39.4,39.11,3.3,2.0,] 
		 14: BRANCH %v_167[39.13,] 
BB 40
	outgoing: 41 
	datadep: 
	instructions:
		 0: GETFIELD %self->issue def_%v_168 %self[3.3,2.0,] 
		 1: %v_168->assigned_to def_%v_169 %v_168[40.0,] 	 SYMBOL:	 ARGS:
		 2: %v_169->nil? def_%v_170 %v_169[40.1,] 	 SYMBOL:	 ARGS:
		 3: COPY TYPE_PASS def_%v_167 %v_170[40.2,] 
BB 41
	outgoing: 43 
	datadep: 
	instructions:
		 0: GETFIELD %self->can def_%v_171 %self[9.7,2.0,] 
		 1: %v_171->[] def_%v_172 %v_171[41.0,] 	 SYMBOL:edit,	 ARGS:Symbol,
		 2: %v_172->! def_%v_173 %v_172[41.1,] 	 SYMBOL:	 ARGS:
		 3: HASH-method-selected-disabled- def_%v_174 %v_167[40.3,39.13,] %v_173[41.2,] 
		 4: %self->context_menu_link def_%v_175 %self[12.4,9.7,9.12,9.17,9.22,9.27,9.30,9.33,5.4,5.9,3.3,2.0,] %v_159[39.4,] %v_166[39.11,] %v_174[41.3,] 	 SYMBOL:	 ARGS:%v_159,%v_166,%v_174,
		 5: 
BB 42
	outgoing: 43 
	datadep: 
	instructions:
		 0: COPY TYPE_Nil def_%v_175 
BB 43
	outgoing: 44 45 
	datadep: 
	instructions:
		 0: 
		 1: GETFIELD %self->safe_attributes def_%v_176 %self[12.4,2.0,] 
		 2: COPY TYPE_StringLiteral "category_id" def_%v_177 
		 3: %v_176->include? def_%v_178 %v_176[43.1,] %v_177[43.2,] 	 SYMBOL:	 ARGS:%v_177,
		 4: BRANCH %v_178[43.3,] 
BB 44
	outgoing: 45 
	datadep: 
	instructions:
		 0: GETFIELD %self->project def_%v_179 %self[2.0,] 
		 1: COPY TYPE_PASS def_%v_178 %v_179[44.0,] 
BB 45
	outgoing: 46 47 
	datadep: 
	instructions:
		 0: BRANCH %v_178[44.1,43.3,] 
BB 46
	outgoing: 47 
	datadep: 
	instructions:
		 0: GETFIELD %self->project def_%v_180 %self[2.0,] 
		 1: %v_180->issue_categories def_%v_181 %v_180[46.0,] 	 SYMBOL:	 ARGS:
		 2: %v_181->any? def_%v_182 %v_181[46.1,] 	 SYMBOL:	 ARGS:
		 3: COPY TYPE_PASS def_%v_178 %v_182[46.2,] 
BB 47
	outgoing: 48 51 
	datadep: 
	instructions:
		 0: BRANCH %v_178[46.3,44.1,43.3,] 
BB 48
	outgoing: 49 50 
	datadep: 
	instructions:
		 0: 
		 1: %self->l def_%v_183 %self[12.4,9.7,9.12,9.17,9.22,9.27,9.30,9.33,5.4,5.9,3.3,2.0,] 	 SYMBOL:field_category,	 ARGS:Symbol,
		 2: 
		 3: GETFIELD %self->project def_%v_184 %self[48.1,2.0,] 
		 4: %v_184->issue_categories def_%v_185 %v_184[48.3,] 	 SYMBOL:	 ARGS:
		 5: %v_185->each def_%v_186 %v_185[48.4,] %self[48.1,12.4,9.7,9.12,9.17,9.22,9.27,9.30,9.33,5.4,5.9,3.3,2.0,] 	 SYMBOL:	 ARGS:%v_185,
CLOSURE BEGIN: u[39.2,] %self[48.1,12.4,9.7,9.12,9.17,9.22,9.27,9.30,9.33,5.4,5.9,3.3,2.0,] 
BB 1
	outgoing: 8 2 
	datadep: 
	instructions:
BB 2
	outgoing: 3 
	datadep: 
	instructions:
		 0: def_%self 
		 1: def_%cl_10_0 
		 2: RECEIVEARG def_u 
		 3: COPY TYPE_CurrentScope def_%current_scope 
		 4: COPY TYPE_ScopeModule def_%current_module 
BB 3
	outgoing: 4 5 6 
	datadep: 
	instructions:
		 0: 
		 1: u->name def_%cl_10_3 u[2.2,] 	 SYMBOL:	 ARGS:
		 2: GETFIELD %self->issue_ids def_%cl_10_4 %self[2.0,] 
		 3: COPY TYPE_StringLiteral "category_id" def_%cl_10_5 
		 4: HASH- def_%cl_10_6 %cl_10_5[3.3,] u[3.1,2.2,] 
		 5: GETFIELD %self->back def_%cl_10_7 %self[2.0,] 
		 6: HASH-ids-issue-back_url- def_%cl_10_8 %cl_10_4[3.2,] %cl_10_6[3.4,] %cl_10_7[3.5,] 
		 7: %self->bulk_update_issues_path def_%cl_10_9 %self[2.0,] %cl_10_8[3.6,] 	 SYMBOL:	 ARGS:%cl_10_8,
		 8: 
		 9: GETFIELD %self->issue def_%cl_10_10 %self[3.7,2.0,] 
		 10: BRANCH %cl_10_10[3.9,] 
BB 4
	outgoing: 5 6 
	datadep: 
	instructions:
		 0: GETFIELD %self->issue def_%cl_10_11 %self[2.0,] 
		 1: %cl_10_11->category def_%cl_10_12 %cl_10_11[4.0,] 	 SYMBOL:	 ARGS:
		 2: u->== def_%cl_10_13 u[2.2,] %cl_10_12[4.1,] 	 SYMBOL:	 ARGS:%cl_10_12,
		 3: COPY TYPE_PASS def_%cl_10_10 %cl_10_13[4.2,] 
BB 5
	outgoing: 6 8 
	datadep: 
	instructions:
		 0: GETFIELD %self->can def_%cl_10_14 %self[2.0,] 
		 1: %cl_10_14->[] def_%cl_10_15 %cl_10_14[5.0,] 	 SYMBOL:edit,	 ARGS:Symbol,
		 2: %cl_10_15->! def_%cl_10_16 %cl_10_15[5.1,] 	 SYMBOL:	 ARGS:
		 3: HASH-method-selected-disabled- def_%cl_10_17 %cl_10_10[4.3,3.9,] %cl_10_16[5.2,] 
		 4: %self->context_menu_link def_%cl_10_18 %self[2.0,] %cl_10_3[3.1,] %cl_10_9[3.7,] %cl_10_17[5.3,] 	 SYMBOL:	 ARGS:%cl_10_3,%cl_10_9,%cl_10_17,
		 5: RETURN %cl_10_18[5.4,] %self[5.4,2.0,] 
BB 6
	outgoing: 8 
	datadep: 
	instructions:
		 0: def_%cl_10_19 
		 1: def_%cl_10_20 %cl_10_19[6.0,] 
		 2: RETURN %cl_10_20[6.1,] %self[2.0,] 
BB 8
	outgoing: 
	datadep: 
	instructions:
CLOSURE END: 
		 6: 
		 7: %self->l def_%v_187 %self[48.1,12.4,9.7,9.12,9.17,9.22,9.27,9.30,9.33,5.4,5.9,3.3,2.0,] 	 SYMBOL:label_none,	 ARGS:Symbol,
		 8: GETFIELD %self->issue_ids def_%v_188 %self[48.1,48.7,5.4,2.0,] 
		 9: COPY TYPE_StringLiteral "category_id" def_%v_189 
		 10: COPY TYPE_StringLiteral "none" def_%v_190 
		 11: HASH- def_%v_191 %v_189[48.9,] %v_190[48.10,] 
		 12: GETFIELD %self->back def_%v_192 %self[48.1,48.7,9.30,2.0,] 
		 13: HASH-ids-issue-back_url- def_%v_193 %v_188[48.8,] %v_191[48.11,] %v_192[48.12,] 
		 14: %self->bulk_update_issues_path def_%v_194 %self[48.1,48.7,12.4,9.7,9.12,9.17,9.22,9.27,9.30,9.33,5.4,5.9,3.3,2.0,] %v_193[48.13,] 	 SYMBOL:	 ARGS:%v_193,
		 15: 
		 16: GETFIELD %self->issue def_%v_195 %self[48.1,48.7,48.14,3.3,2.0,] 
		 17: BRANCH %v_195[48.16,] 
BB 49
	outgoing: 50 
	datadep: 
	instructions:
		 0: GETFIELD %self->issue def_%v_196 %self[3.3,2.0,] 
		 1: %v_196->category def_%v_197 %v_196[49.0,] 	 SYMBOL:	 ARGS:
		 2: %v_197->nil? def_%v_198 %v_197[49.1,] 	 SYMBOL:	 ARGS:
		 3: COPY TYPE_PASS def_%v_195 %v_198[49.2,] 
BB 50
	outgoing: 52 
	datadep: 
	instructions:
		 0: GETFIELD %self->can def_%v_199 %self[9.7,2.0,] 
		 1: %v_199->[] def_%v_200 %v_199[50.0,] 	 SYMBOL:edit,	 ARGS:Symbol,
		 2: %v_200->! def_%v_201 %v_200[50.1,] 	 SYMBOL:	 ARGS:
		 3: HASH-method-selected-disabled- def_%v_202 %v_195[49.3,48.16,] %v_201[50.2,] 
		 4: %self->context_menu_link def_%v_203 %self[12.4,9.7,9.12,9.17,9.22,9.27,9.30,9.33,5.4,5.9,3.3,2.0,] %v_187[48.7,] %v_194[48.14,] %v_202[50.3,] 	 SYMBOL:	 ARGS:%v_187,%v_194,%v_202,
		 5: 
BB 51
	outgoing: 52 
	datadep: 
	instructions:
		 0: COPY TYPE_Nil def_%v_203 
BB 52
	outgoing: 53 54 
	datadep: 
	instructions:
		 0: 
		 1: GETFIELD %self->safe_attributes def_%v_204 %self[12.4,2.0,] 
		 2: COPY TYPE_StringLiteral "done_ratio" def_%v_205 
		 3: %v_204->include? def_%v_206 %v_204[52.1,] %v_205[52.2,] 	 SYMBOL:	 ARGS:%v_205,
		 4: BRANCH %v_206[52.3,] 
BB 53
	outgoing: 54 
	datadep: 
	instructions:
		 0: (Issue) def_%v_207 
		 1: %v_207->use_field_for_done_ratio? def_%v_208 %v_207[53.0,] 	 SYMBOL:	 ARGS:
		 2: COPY TYPE_PASS def_%v_206 %v_208[53.1,] 
BB 54
	outgoing: 55 56 
	datadep: 
	instructions:
		 0: BRANCH %v_206[53.2,52.3,] 
BB 55
	outgoing: 57 
	datadep: 
	instructions:
		 0: 
		 1: %self->l def_%v_209 %self[12.4,9.7,9.12,9.17,9.22,9.27,9.30,9.33,5.4,5.9,3.3,2.0,] 	 SYMBOL:field_done_ratio,	 ARGS:Symbol,
		 2: 
		 3: CONSTANT def_%v_210 
		 4: %v_210->map def_%v_211 %v_210[55.3,] %self[55.1,12.4,9.7,9.12,9.17,9.22,9.27,9.30,9.33,5.4,5.9,3.3,2.0,] 	 SYMBOL:	 ARGS:%v_210,
CLOSURE BEGIN: x[] 
BB 1
	outgoing: 6 2 
	datadep: 
	instructions:
BB 2
	outgoing: 3 
	datadep: 
	instructions:
		 0: def_%self 
		 1: def_%cl_11_0 
		 2: RECEIVEARG def_x 
		 3: COPY TYPE_CurrentScope def_%current_scope 
		 4: COPY TYPE_ScopeModule def_%current_module 
BB 3
	outgoing: 4 6 
	datadep: 
	instructions:
		 0: 
		 1: x->* def_%cl_11_3 x[2.2,] 	 SYMBOL:	 ARGS:Fixnum,
		 2: RETURN %cl_11_3[3.1,] %self[2.0,] 
BB 4
	outgoing: 6 
	datadep: 
	instructions:
		 0: def_%cl_11_4 
		 1: def_%cl_11_5 %cl_11_4[4.0,] 
		 2: RETURN %cl_11_5[4.1,] %self[2.0,] 
BB 6
	outgoing: 
	datadep: 
	instructions:
CLOSURE END: 
		 5: %v_211->each def_%v_212 %v_211[55.4,] %self[55.1,12.4,9.7,9.12,9.17,9.22,9.27,9.30,9.33,5.4,5.9,3.3,2.0,] 	 SYMBOL:	 ARGS:%v_211,
CLOSURE BEGIN: p[24.4,9.15,9.20,] %self[55.1,12.4,9.7,9.12,9.17,9.22,9.27,9.30,9.33,5.4,5.9,3.3,2.0,] i[] 
BB 1
	outgoing: 10 2 
	datadep: 
	instructions:
BB 2
	outgoing: 3 
	datadep: 
	instructions:
		 0: def_%self 
		 1: def_%cl_12_0 
		 2: RECEIVEARG def_p 
		 3: COPY TYPE_CurrentScope def_%current_scope 
		 4: COPY TYPE_ScopeModule def_%current_module 
BB 3
	outgoing: 4 5 8 
	datadep: 
	instructions:
		 0: 
		 1: COPY TYPE_StringLiteral "%" def_%cl_12_3 
		 2: BUILDSTRING def_%cl_12_4 p[2.2,] %cl_12_3[3.1,] 
		 3: GETFIELD %self->issue_ids def_%cl_12_5 %self[2.0,] 
		 4: COPY TYPE_StringLiteral "done_ratio" def_%cl_12_6 
		 5: HASH- def_%cl_12_7 %cl_12_6[3.4,] p[2.2,] 
		 6: GETFIELD %self->back def_%cl_12_8 %self[2.0,] 
		 7: HASH-ids-issue-back_url- def_%cl_12_9 %cl_12_5[3.3,] %cl_12_7[3.5,] %cl_12_8[3.6,] 
		 8: %self->bulk_update_issues_path def_%cl_12_10 %self[2.0,] %cl_12_9[3.7,] 	 SYMBOL:	 ARGS:%cl_12_9,
		 9: 
		 10: GETFIELD %self->issue def_%cl_12_11 %self[3.8,2.0,] 
		 11: BRANCH %cl_12_11[3.10,] 
BB 4
	outgoing: 5 8 
	datadep: 
	instructions:
		 0: GETFIELD %self->issue def_%cl_12_12 %self[2.0,] 
		 1: %cl_12_12->done_ratio def_%cl_12_13 %cl_12_12[4.0,] 	 SYMBOL:	 ARGS:
		 2: p->== def_%cl_12_14 p[2.2,] %cl_12_13[4.1,] 	 SYMBOL:	 ARGS:%cl_12_13,
		 3: COPY TYPE_PASS def_%cl_12_11 %cl_12_14[4.2,] 
BB 5
	outgoing: 6 7 8 
	datadep: 
	instructions:
		 0: GETFIELD %self->can def_%cl_12_15 %self[2.0,] 
		 1: %cl_12_15->[] def_%cl_12_16 %cl_12_15[5.0,] 	 SYMBOL:edit,	 ARGS:Symbol,
		 2: %cl_12_16->! def_%cl_12_17 %cl_12_16[5.1,] 	 SYMBOL:	 ARGS:
		 3: BRANCH %cl_12_17[5.2,] 
BB 6
	outgoing: 7 8 
	datadep: 
	instructions:
		 0: GETFIELD %self->issues def_%cl_12_18 %self[2.0,] 
		 1: %cl_12_18->detect def_%cl_12_19 %cl_12_18[6.0,] %self[2.0,] 	 SYMBOL:	 ARGS:%cl_12_18,
CLOSURE BEGIN: i[] 
BB 1
	outgoing: 6 2 
	datadep: 
	instructions:
BB 2
	outgoing: 3 
	datadep: 
	instructions:
		 0: def_%self 
		 1: def_%cl_13_0 
		 2: RECEIVEARG def_i 
		 3: COPY TYPE_CurrentScope def_%current_scope 
		 4: COPY TYPE_ScopeModule def_%current_module 
BB 3
	outgoing: 4 6 
	datadep: 
	instructions:
		 0: 
		 1: i->leaf? def_%cl_13_3 i[2.2,] 	 SYMBOL:	 ARGS:
		 2: %cl_13_3->! def_%cl_13_4 %cl_13_3[3.1,] 	 SYMBOL:	 ARGS:
		 3: RETURN %cl_13_4[3.2,] %self[2.0,] 
BB 4
	outgoing: 6 
	datadep: 
	instructions:
		 0: def_%cl_13_5 
		 1: def_%cl_13_6 %cl_13_5[4.0,] 
		 2: RETURN %cl_13_6[4.1,] %self[2.0,] 
BB 6
	outgoing: 
	datadep: 
	instructions:
CLOSURE END: 
		 2: COPY TYPE_PASS def_%cl_12_17 %cl_12_19[6.1,] 
BB 7
	outgoing: 8 10 
	datadep: 
	instructions:
		 0: HASH-method-selected-disabled- def_%cl_12_20 %cl_12_11[4.3,3.10,] %cl_12_17[6.2,5.2,] 
		 1: %self->context_menu_link def_%cl_12_21 %self[2.0,] %cl_12_4[3.2,] %cl_12_10[3.8,] %cl_12_20[7.0,] 	 SYMBOL:	 ARGS:%cl_12_4,%cl_12_10,%cl_12_20,
		 2: RETURN %cl_12_21[7.1,] %self[7.1,2.0,] 
BB 8
	outgoing: 10 
	datadep: 
	instructions:
		 0: def_%cl_12_22 
		 1: def_%cl_12_23 %cl_12_22[8.0,] 
		 2: RETURN %cl_12_23[8.1,] %self[2.0,] 
BB 10
	outgoing: 
	datadep: 
	instructions:
CLOSURE END: 
		 6: 
BB 56
	outgoing: 57 
	datadep: 
	instructions:
		 0: COPY TYPE_Nil def_%v_212 
BB 57
	outgoing: 58 59 
	datadep: 
	instructions:
		 0: 
		 1: GETFIELD %self->options_by_custom_field def_%v_213 %self[9.33,2.0,] 
		 2: %v_213->each def_%v_214 %v_213[57.1,] %self[12.4,9.7,9.12,9.17,9.22,9.27,9.30,9.33,5.4,5.9,3.3,2.0,] 	 SYMBOL:	 ARGS:%v_213,
CLOSURE BEGIN: field[10.7,] options[] %self[12.4,9.7,9.12,9.17,9.22,9.27,9.30,9.33,5.4,5.9,3.3,2.0,] value[] text[] 
BB 1
	outgoing: 9 2 
	datadep: 
	instructions:
BB 2
	outgoing: 3 
	datadep: 
	instructions:
		 0: def_%self 
		 1: def_%cl_14_0 
		 2: RECEIVEARG def_field 
		 3: RECEIVEARG def_options 
		 4: COPY TYPE_CurrentScope def_%current_scope 
		 5: COPY TYPE_ScopeModule def_%current_module 
BB 3
	outgoing: 4 5 7 
	datadep: 
	instructions:
		 0: 
		 1: field->id def_%cl_14_3 field[2.2,] 	 SYMBOL:	 ARGS:
		 2: 
		 3: field->name def_%cl_14_4 field[3.1,2.2,] 	 SYMBOL:	 ARGS:
		 4: 
		 5: options->each def_%cl_14_5 options[2.3,] %self[2.0,] 	 SYMBOL:	 ARGS:options,
CLOSURE BEGIN: value[] text[] %self[2.0,] field[3.1,3.3,2.2,] 
BB 1
	outgoing: 8 2 
	datadep: 
	instructions:
BB 2
	outgoing: 4 5 
	datadep: 
	instructions:
		 0: def_%self 
		 1: def_%cl_15_0 
		 2: RECEIVEARG def_text 
		 3: RECEIVEARG def_value 
		 4: COPY TYPE_CurrentScope def_%current_scope 
		 5: COPY TYPE_ScopeModule def_%current_module 
		 6: 
		 7: COPY TYPE_PASS def_%cl_15_3 value[2.3,] 
		 8: BRANCH value[2.3,] 
BB 4
	outgoing: 5 
	datadep: 
	instructions:
		 0: COPY TYPE_PASS def_%cl_15_3 text[2.2,] 
BB 5
	outgoing: 6 8 
	datadep: 
	instructions:
		 0: %self->bulk_update_custom_field_context_menu_link def_%cl_15_4 %self[2.0,] field[] text[2.2,] %cl_15_3[4.0,2.7,] 	 SYMBOL:	 ARGS:field,text,%cl_15_3,
		 1: RETURN %cl_15_4[5.0,] %self[5.0,2.0,] 
BB 6
	outgoing: 8 
	datadep: 
	instructions:
		 0: def_%cl_15_5 
		 1: def_%cl_15_6 %cl_15_5[6.0,] 
		 2: RETURN %cl_15_6[6.1,] %self[2.0,] 
BB 8
	outgoing: 
	datadep: 
	instructions:
CLOSURE END: value[2.3,] 
		 6: 
		 7: field->is_required? def_%cl_14_6 field[3.1,3.3,2.2,] 	 SYMBOL:	 ARGS:
		 8: BRANCH %cl_14_6[3.7,] 
BB 4
	outgoing: 9 
	datadep: 
	instructions:
		 0: COPY TYPE_Nil def_%cl_14_7 
		 1: RETURN %cl_14_7[4.0,] %self[2.0,] 
BB 5
	outgoing: 7 9 
	datadep: 
	instructions:
		 0: 
		 1: %self->l def_%cl_14_8 %self[2.0,] 	 SYMBOL:label_none,	 ARGS:Symbol,
		 2: COPY TYPE_StringLiteral "__none__" def_%cl_14_9 
		 3: %self->bulk_update_custom_field_context_menu_link def_%cl_14_10 %self[5.1,2.0,] field[2.2,] %cl_14_8[5.1,] %cl_14_9[5.2,] 	 SYMBOL:	 ARGS:field,%cl_14_8,%cl_14_9,
		 4: RETURN %cl_14_10[5.3,] %self[5.1,5.3,2.0,] 
BB 7
	outgoing: 9 
	datadep: 
	instructions:
		 0: def_%cl_14_11 
		 1: def_%cl_14_12 %cl_14_11[7.0,] 
		 2: RETURN %cl_14_12[7.1,] %self[2.0,] 
BB 9
	outgoing: 
	datadep: 
	instructions:
CLOSURE END: options[2.3,] 
		 3: 
		 4: GETFIELD %self->can def_%v_215 %self[9.7,2.0,] 
		 5: %v_215->[] def_%v_216 %v_215[57.4,] 	 SYMBOL:add_watchers,	 ARGS:Symbol,
		 6: BRANCH %v_216[57.5,] 
BB 58
	outgoing: 60 
	datadep: 
	instructions:
		 0: 
		 1: %self->l def_%v_217 %self[12.4,9.7,9.12,9.17,9.22,9.27,9.30,9.33,5.4,5.9,3.3,2.0,] 	 SYMBOL:label_issue_watchers,	 ARGS:Symbol,
		 2: 
		 3: %self->l def_%v_218 %self[58.1,12.4,9.7,9.12,9.17,9.22,9.27,9.30,9.33,5.4,5.9,3.3,2.0,] 	 SYMBOL:button_add,	 ARGS:Symbol,
		 4: COPY TYPE_StringLiteral "issue" def_%v_219 
		 5: GETFIELD %self->issue_ids def_%v_220 %self[58.1,58.3,5.4,2.0,] 
		 6: HASH-object_type-object_id- def_%v_221 %v_219[58.4,] %v_220[58.5,] 
		 7: %self->new_watchers_path def_%v_222 %self[58.1,58.3,12.4,9.7,9.12,9.17,9.22,9.27,9.30,9.33,5.4,5.9,3.3,2.0,] %v_221[58.6,] 	 SYMBOL:	 ARGS:%v_221,
		 8: COPY TYPE_StringLiteral "icon-add" def_%v_223 
		 9: HASH-remote-class- def_%v_224 %v_223[58.8,] 
		 10: %self->context_menu_link def_%v_225 %self[58.1,58.3,58.7,12.4,9.7,9.12,9.17,9.22,9.27,9.30,9.33,5.4,5.9,3.3,2.0,] %v_218[58.3,] %v_222[58.7,] %v_224[58.9,] 	 SYMBOL:	 ARGS:%v_218,%v_222,%v_224,
		 11: 
BB 59
	outgoing: 60 
	datadep: 
	instructions:
		 0: COPY TYPE_Nil def_%v_225 
BB 60
	outgoing: 61 62 
	datadep: 
	instructions:
		 0: 
		 1: (User) def_%v_226 
		 2: %v_226->current def_%v_227 %v_226[60.1,] 	 SYMBOL:	 ARGS:
		 3: %v_227->logged? def_%v_228 %v_227[60.2,] 	 SYMBOL:	 ARGS:
		 4: BRANCH %v_228[60.3,] 
BB 61
	outgoing: 63 
	datadep: 
	instructions:
		 0: 
		 1: GETFIELD %self->issues def_%v_229 %self[2.0,] 
		 2: (User) def_%v_230 
		 3: %v_230->current def_%v_231 %v_230[61.2,] 	 SYMBOL:	 ARGS:
		 4: %self->watcher_link def_%v_232 %self[12.4,9.7,9.12,9.17,9.22,9.27,9.30,9.33,5.4,5.9,3.3,2.0,] %v_229[61.1,] %v_231[61.3,] 	 SYMBOL:	 ARGS:%v_229,%v_231,
		 5: 
BB 62
	outgoing: 63 
	datadep: 
	instructions:
		 0: COPY TYPE_Nil def_%v_232 
BB 63
	outgoing: 64 65 
	datadep: 
	instructions:
		 0: 
		 1: 
		 2: GETFIELD %self->issue def_%v_233 %self[3.3,2.0,] 
		 3: BRANCH %v_233[63.2,] 
BB 64
	outgoing: 66 
	datadep: 
	instructions:
		 0: COPY TYPE_Nil def_%v_234 
		 1: 
BB 65
	outgoing: 66 
	datadep: 
	instructions:
		 0: %self->l def_%v_235 %self[12.4,9.7,9.12,9.17,9.22,9.27,9.30,9.33,5.4,5.9,3.3,2.0,] 	 SYMBOL:button_filter,	 ARGS:Symbol,
		 1: GETFIELD %self->project def_%v_236 %self[65.0,2.0,] 
		 2: COPY TYPE_StringLiteral "*" def_%v_237 
		 3: GETFIELD %self->issue_ids def_%v_238 %self[65.0,5.4,2.0,] 
		 4: COPY TYPE_StringLiteral "," def_%v_239 
		 5: %v_238->join def_%v_240 %v_238[65.3,] %v_239[65.4,] 	 SYMBOL:	 ARGS:%v_239,
		 6: HASH-set_filter-status_id-issue_id- def_%v_241 %v_237[65.2,] %v_240[65.5,] 
		 7: %self->_project_issues_path def_%v_242 %self[65.0,12.4,9.7,9.12,9.17,9.22,9.27,9.30,9.33,5.4,5.9,3.3,2.0,] %v_236[65.1,] %v_241[65.6,] 	 SYMBOL:	 ARGS:%v_236,%v_241,
		 8: COPY TYPE_StringLiteral "icon-list" def_%v_243 
		 9: HASH-class- def_%v_244 %v_243[65.8,] 
		 10: %self->context_menu_link def_%v_245 %self[65.0,65.7,12.4,9.7,9.12,9.17,9.22,9.27,9.30,9.33,5.4,5.9,3.3,2.0,] %v_235[65.0,] %v_242[65.7,] %v_244[65.9,] 	 SYMBOL:	 ARGS:%v_235,%v_242,%v_244,
		 11: COPY TYPE_PASS def_%v_234 %v_245[65.10,] 
BB 66
	outgoing: 67 71 
	datadep: 
	instructions:
		 0: 
		 1: GETFIELD %self->issue def_%v_246 %self[3.3,2.0,] 
		 2: %v_246->present? def_%v_247 %v_246[66.1,] 	 SYMBOL:	 ARGS:
		 3: BRANCH %v_247[66.2,] 
BB 67
	outgoing: 68 69 
	datadep: 
	instructions:
		 0: 
		 1: GETFIELD %self->can def_%v_248 %self[9.7,2.0,] 
		 2: %v_248->[] def_%v_249 %v_248[67.1,] 	 SYMBOL:log_time,	 ARGS:Symbol,
		 3: BRANCH %v_249[67.2,] 
BB 68
	outgoing: 70 
	datadep: 
	instructions:
		 0: 
		 1: %self->l def_%v_250 %self[12.4,9.7,9.12,9.17,9.22,9.27,9.30,9.33,5.4,5.9,3.3,2.0,] 	 SYMBOL:button_log_time,	 ARGS:Symbol,
		 2: GETFIELD %self->issue def_%v_251 %self[68.1,3.3,2.0,] 
		 3: %self->new_issue_time_entry_path def_%v_252 %self[68.1,12.4,9.7,9.12,9.17,9.22,9.27,9.30,9.33,5.4,5.9,3.3,2.0,] %v_251[68.2,] 	 SYMBOL:	 ARGS:%v_251,
		 4: COPY TYPE_StringLiteral "icon-time-add" def_%v_253 
		 5: HASH-class- def_%v_254 %v_253[68.4,] 
		 6: %self->context_menu_link def_%v_255 %self[68.1,68.3,12.4,9.7,9.12,9.17,9.22,9.27,9.30,9.33,5.4,5.9,3.3,2.0,] %v_250[68.1,] %v_252[68.3,] %v_254[68.5,] 	 SYMBOL:	 ARGS:%v_250,%v_252,%v_254,
		 7: 
BB 69
	outgoing: 70 
	datadep: 
	instructions:
		 0: COPY TYPE_Nil def_%v_255 
BB 70
	outgoing: 72 
	datadep: 
	instructions:
		 0: 
		 1: %self->l def_%v_256 %self[12.4,9.7,9.12,9.17,9.22,9.27,9.30,9.33,5.4,5.9,3.3,2.0,] 	 SYMBOL:button_copy,	 ARGS:Symbol,
		 2: GETFIELD %self->project def_%v_257 %self[70.1,2.0,] 
		 3: GETFIELD %self->issue def_%v_258 %self[70.1,3.3,2.0,] 
		 4: %self->project_copy_issue_path def_%v_259 %self[70.1,12.4,9.7,9.12,9.17,9.22,9.27,9.30,9.33,5.4,5.9,3.3,2.0,] %v_257[70.2,] %v_258[70.3,] 	 SYMBOL:	 ARGS:%v_257,%v_258,
		 5: COPY TYPE_StringLiteral "icon-copy" def_%v_260 
		 6: 
		 7: GETFIELD %self->can def_%v_261 %self[70.1,70.4,9.7,2.0,] 
		 8: %v_261->[] def_%v_262 %v_261[70.7,] 	 SYMBOL:copy,	 ARGS:Symbol,
		 9: %v_262->! def_%v_263 %v_262[70.8,] 	 SYMBOL:	 ARGS:
		 10: HASH-class-disabled- def_%v_264 %v_260[70.5,] %v_263[70.9,] 
		 11: %self->context_menu_link def_%v_265 %self[70.1,70.4,12.4,9.7,9.12,9.17,9.22,9.27,9.30,9.33,5.4,5.9,3.3,2.0,] %v_256[70.1,] %v_259[70.4,] %v_264[70.10,] 	 SYMBOL:	 ARGS:%v_256,%v_259,%v_264,
		 12: 
BB 71
	outgoing: 72 
	datadep: 
	instructions:
		 0: 
		 1: %self->l def_%v_266 %self[12.4,9.7,9.12,9.17,9.22,9.27,9.30,9.33,5.4,5.9,3.3,2.0,] 	 SYMBOL:button_copy,	 ARGS:Symbol,
		 2: GETFIELD %self->issue_ids def_%v_267 %self[71.1,5.4,2.0,] 
		 3: COPY TYPE_StringLiteral "1" def_%v_268 
		 4: HASH-ids-copy- def_%v_269 %v_267[71.2,] %v_268[71.3,] 
		 5: %self->bulk_edit_issues_path def_%v_270 %self[71.1,12.4,9.7,9.12,9.17,9.22,9.27,9.30,9.33,5.4,5.9,3.3,2.0,] %v_269[71.4,] 	 SYMBOL:	 ARGS:%v_269,
		 6: COPY TYPE_StringLiteral "icon-copy" def_%v_271 
		 7: 
		 8: GETFIELD %self->can def_%v_272 %self[71.1,71.5,9.7,2.0,] 
		 9: %v_272->[] def_%v_273 %v_272[71.8,] 	 SYMBOL:copy,	 ARGS:Symbol,
		 10: %v_273->! def_%v_274 %v_273[71.9,] 	 SYMBOL:	 ARGS:
		 11: HASH-class-disabled- def_%v_275 %v_271[71.6,] %v_274[71.10,] 
		 12: %self->context_menu_link def_%v_276 %self[71.1,71.5,12.4,9.7,9.12,9.17,9.22,9.27,9.30,9.33,5.4,5.9,3.3,2.0,] %v_266[71.1,] %v_270[71.5,] %v_275[71.11,] 	 SYMBOL:	 ARGS:%v_266,%v_270,%v_275,
		 13: COPY TYPE_PASS def_%v_265 %v_276[71.12,] 
BB 72
	outgoing: 73 
	datadep: 
	instructions:
		 0: 
		 1: %self->l def_%v_277 %self[12.4,9.7,9.12,9.17,9.22,9.27,9.30,9.33,5.4,5.9,3.3,2.0,] 	 SYMBOL:button_delete,	 ARGS:Symbol,
		 2: GETFIELD %self->issue_ids def_%v_278 %self[72.1,5.4,2.0,] 
		 3: GETFIELD %self->back def_%v_279 %self[72.1,9.30,2.0,] 
		 4: HASH-ids-back_url- def_%v_280 %v_278[72.2,] %v_279[72.3,] 
		 5: %self->issues_path def_%v_281 %self[72.1,12.4,9.7,9.12,9.17,9.22,9.27,9.30,9.33,5.4,5.9,3.3,2.0,] %v_280[72.4,] 	 SYMBOL:	 ARGS:%v_280,
		 6: GETFIELD %self->issues def_%v_282 %self[72.1,72.5,2.0,] 
		 7: %self->issues_destroy_confirmation_message def_%v_283 %self[72.1,72.5,12.4,9.7,9.12,9.17,9.22,9.27,9.30,9.33,5.4,5.9,3.3,2.0,] %v_282[72.6,] 	 SYMBOL:	 ARGS:%v_282,
		 8: HASH-confirm- def_%v_284 %v_283[72.7,] 
		 9: COPY TYPE_StringLiteral "icon-del" def_%v_285 
		 10: 
		 11: GETFIELD %self->can def_%v_286 %self[72.1,72.5,72.7,9.7,2.0,] 
		 12: %v_286->[] def_%v_287 %v_286[72.11,] 	 SYMBOL:delete,	 ARGS:Symbol,
		 13: %v_287->! def_%v_288 %v_287[72.12,] 	 SYMBOL:	 ARGS:
		 14: HASH-method-data-class-disabled- def_%v_289 %v_284[72.8,] %v_285[72.9,] %v_288[72.13,] 
		 15: %self->context_menu_link def_%v_290 %self[72.1,72.5,72.7,12.4,9.7,9.12,9.17,9.22,9.27,9.30,9.33,5.4,5.9,3.3,2.0,] %v_277[72.1,] %v_281[72.5,] %v_289[72.14,] 	 SYMBOL:	 ARGS:%v_277,%v_281,%v_289,
		 16: 
		 17: GETFIELD %self->issues def_%v_291 %self[72.1,72.5,72.7,72.15,2.0,] 
		 18: GETFIELD %self->can def_%v_292 %self[72.1,72.5,72.7,72.15,9.7,2.0,] 
		 19: GETFIELD %self->back def_%v_293 %self[72.1,72.5,72.7,72.15,9.30,2.0,] 
		 20: HASH-issues-can-back- def_%v_294 %v_291[72.17,] %v_292[72.18,] %v_293[72.19,] 
		 21: %self->call_hook def_%v_295 %self[72.1,72.5,72.7,72.15,12.4,9.7,9.12,9.17,9.22,9.27,9.30,9.33,5.4,5.9,3.3,2.0,] %v_294[72.20,] 	 SYMBOL:view_issues_context_menu_end,	 ARGS:Symbol,%v_294,
		 22: RETURN %v_295[72.21,] %self[72.1,72.5,72.7,72.15,72.21,12.4,9.7,9.12,9.17,9.22,9.27,9.30,9.33,5.4,5.9,3.3,2.0,] 
BB 73
	outgoing: 
	datadep: 
	instructions:

SET IRMethod, name = time_entries instanceMethod = true
BB 1
	outgoing: 23 2 
	datadep: 
	instructions:
BB 2
	outgoing: 3 4 
	datadep: 
	instructions:
		 0: def_%self 
		 1: def_%v_0 
		 2: COPY TYPE_CurrentScope def_%current_scope 
		 3: COPY TYPE_ScopeModule def_%current_module 
		 4: 
		 5: 
		 6: (TimeEntry) def_%v_3 
		 7: %self->params def_%v_4 %self[2.0,] 	 SYMBOL:	 ARGS:
		 8: %v_4->[] def_%v_5 %v_4[2.7,] 	 SYMBOL:ids,	 ARGS:Symbol,
		 9: HASH-id- def_%v_6 %v_5[2.8,] 
		 10: %v_3->where def_%v_7 %v_3[2.6,] %v_6[2.9,] 	 SYMBOL:	 ARGS:%v_6,
		 11: %v_7->preload def_%v_8 %v_7[2.10,] 	 SYMBOL:project,	 ARGS:Symbol,
		 12: %v_8->to_a def_%v_9 %v_8[2.11,] 	 SYMBOL:	 ARGS:
		 13: ATTRASSIGN %self->time_entries %v_9[2.12,] 
		 14: 
		 15: GETFIELD %self->time_entries def_%v_10 %self[2.0,2.7,2.13,] 
		 16: %v_10->present? def_%v_11 %v_10[2.15,] 	 SYMBOL:	 ARGS:
		 17: BRANCH %v_11[2.16,] 
BB 3
	outgoing: 6 7 
	datadep: 
	instructions:
		 0: COPY TYPE_Nil def_%v_12 
		 1: 
		 2: GETFIELD %self->time_entries def_%v_14 %self[2.0,2.13,] 
		 3: %v_14->size def_%v_15 %v_14[3.2,] 	 SYMBOL:	 ARGS:
		 4: %v_15->== def_%v_16 %v_15[3.3,] 	 SYMBOL:	 ARGS:Fixnum,
		 5: BRANCH %v_16[3.4,] 
BB 4
	outgoing: 23 
	datadep: 
	instructions:
		 0: %self->render_404 def_%v_13 %self[2.0,2.13,] 	 SYMBOL:	 ARGS:
		 1: RETURN %self[4.0,2.0,2.13,] 
BB 6
	outgoing: 8 
	datadep: 
	instructions:
		 0: 
		 1: GETFIELD %self->time_entries def_%v_17 %self[2.0,2.13,] 
		 2: %v_17->first def_%v_18 %v_17[6.1,] 	 SYMBOL:	 ARGS:
		 3: ATTRASSIGN %self->time_entry %v_18[6.2,] 
		 4: 
BB 7
	outgoing: 8 
	datadep: 
	instructions:
		 0: COPY TYPE_Nil def_%v_18 
BB 8
	outgoing: 9 10 
	datadep: 
	instructions:
		 0: 
		 1: GETFIELD %self->time_entries def_%v_19 %self[2.0,2.13,] 
		 2: %v_19->collect def_%v_20 %v_19[8.1,] 	 SYMBOL:project,	 ARGS:
		 3: %v_20->compact def_%v_21 %v_20[8.2,] 	 SYMBOL:	 ARGS:
		 4: %v_21->uniq def_%v_22 %v_21[8.3,] 	 SYMBOL:	 ARGS:
		 5: ATTRASSIGN %self->projects %v_22[8.4,] 
		 6: 
		 7: GETFIELD %self->projects def_%v_23 %self[8.5,2.0,] 
		 8: %v_23->size def_%v_24 %v_23[8.7,] 	 SYMBOL:	 ARGS:
		 9: %v_24->== def_%v_25 %v_24[8.8,] 	 SYMBOL:	 ARGS:Fixnum,
		 10: BRANCH %v_25[8.9,] 
BB 9
	outgoing: 11 
	datadep: 
	instructions:
		 0: GETFIELD %self->projects def_%v_26 %self[8.5,2.0,] 
		 1: %v_26->first def_%v_27 %v_26[9.0,] 	 SYMBOL:	 ARGS:
		 2: ATTRASSIGN %self->project %v_27[9.1,] 
		 3: 
BB 10
	outgoing: 11 
	datadep: 
	instructions:
		 0: COPY TYPE_Nil def_%v_27 
BB 11
	outgoing: 12 13 
	datadep: 
	instructions:
		 0: 
		 1: (TimeEntryActivity) def_%v_28 
		 2: %v_28->shared def_%v_29 %v_28[11.1,] 	 SYMBOL:	 ARGS:
		 3: %v_29->active def_%v_30 %v_29[11.2,] 	 SYMBOL:	 ARGS:
		 4: ATTRASSIGN %self->activities %v_30[11.3,] 
		 5: 
		 6: GETFIELD %self->time_entries def_%v_31 %self[2.0,2.13,] 
		 7: %v_31->all? def_%v_32 %v_31[11.6,] %self[11.4,9.2,8.5,6.3,2.0,2.13,] 	 SYMBOL:	 ARGS:%v_31,
CLOSURE BEGIN: t[] 
BB 1
	outgoing: 6 2 
	datadep: 
	instructions:
BB 2
	outgoing: 3 
	datadep: 
	instructions:
		 0: def_%self 
		 1: def_%cl_1_0 
		 2: RECEIVEARG def_t 
		 3: COPY TYPE_CurrentScope def_%current_scope 
		 4: COPY TYPE_ScopeModule def_%current_module 
BB 3
	outgoing: 4 6 
	datadep: 
	instructions:
		 0: 
		 1: (User) def_%cl_1_3 
		 2: %cl_1_3->current def_%cl_1_4 %cl_1_3[3.1,] 	 SYMBOL:	 ARGS:
		 3: t->editable_by? def_%cl_1_5 t[2.2,] %cl_1_4[3.2,] 	 SYMBOL:	 ARGS:%cl_1_4,
		 4: RETURN %cl_1_5[3.3,] %self[2.0,] 
BB 4
	outgoing: 6 
	datadep: 
	instructions:
		 0: def_%cl_1_6 
		 1: def_%cl_1_7 %cl_1_6[4.0,] 
		 2: RETURN %cl_1_7[4.1,] %self[2.0,] 
BB 6
	outgoing: 
	datadep: 
	instructions:
CLOSURE END: 
		 8: COPY TYPE_PASS def_edit_allowed %v_32[11.7,] 
		 9: 
		 10: HASH-edit-delete- def_%v_33 %v_32[11.7,] %v_32[11.7,] 
		 11: ATTRASSIGN %self->can %v_33[11.10,] 
		 12: 
		 13: %self->back_url def_%v_34 %self[11.4,11.11,9.2,8.5,6.3,2.0,2.13,] 	 SYMBOL:	 ARGS:
		 14: ATTRASSIGN %self->back %v_34[11.13,] 
		 15: 
		 16: HASH- def_%v_35 
		 17: ATTRASSIGN %self->options_by_custom_field %v_35[11.16,] 
		 18: 
		 19: GETFIELD %self->can def_%v_36 %self[11.11,11.13,2.0,] 
		 20: %v_36->[] def_%v_37 %v_36[11.19,] 	 SYMBOL:edit,	 ARGS:Symbol,
		 21: BRANCH %v_37[11.20,] 
BB 12
	outgoing: 14 
	datadep: 
	instructions:
		 0: 
		 1: GETFIELD %self->time_entries def_%v_38 %self[2.0,2.13,] 
		 2: %v_38->map def_%v_39 %v_38[12.1,] 	 SYMBOL:editable_custom_fields,	 ARGS:
		 3: %v_39->reduce def_%v_40 %v_39[12.2,] 	 SYMBOL:&,	 ARGS:Symbol,
		 4: %v_40->reject def_%v_41 %v_40[12.3,] 	 SYMBOL:multiple?,	 ARGS:
		 5: COPY TYPE_PASS def_custom_fields %v_41[12.4,] 
		 6: 
		 7: %v_41->each def_%v_42 %v_41[12.4,] %self[11.4,11.11,11.14,11.17,9.2,8.5,6.3,2.0,2.13,] 	 SYMBOL:	 ARGS:%v_41,
CLOSURE BEGIN: %self[11.4,11.11,11.14,11.17,9.2,8.5,6.3,2.0,2.13,] field[] values[] 
BB 1
	outgoing: 9 2 
	datadep: 
	instructions:
BB 2
	outgoing: 3 
	datadep: 
	instructions:
		 0: def_%self 
		 1: def_%cl_2_0 
		 2: RECEIVEARG def_field 
		 3: COPY TYPE_CurrentScope def_%current_scope 
		 4: COPY TYPE_ScopeModule def_%current_module 
BB 3
	outgoing: 4 5 7 
	datadep: 
	instructions:
		 0: 
		 1: GETFIELD %self->projects def_%cl_2_3 %self[2.0,] 
		 2: field->possible_values_options def_%cl_2_4 field[2.2,] %cl_2_3[3.1,] 	 SYMBOL:	 ARGS:%cl_2_3,
		 3: COPY TYPE_PASS def_values %cl_2_4[3.2,] 
		 4: 
		 5: %cl_2_4->present? def_%cl_2_5 %cl_2_4[3.2,] 	 SYMBOL:	 ARGS:
		 6: BRANCH %cl_2_5[3.5,] 
BB 4
	outgoing: 7 9 
	datadep: 
	instructions:
		 0: 
		 1: GETFIELD %self->options_by_custom_field def_%cl_2_6 %self[2.0,] 
		 2: ATTRASSIGN %cl_2_6->[] field[2.2,] values[3.3,] 
		 3: COPY TYPE_PASS def_%cl_2_7 values[3.3,] 
		 4: RETURN values[3.3,] %self[2.0,] 
BB 5
	outgoing: 9 
	datadep: 
	instructions:
		 0: RETURN %self[2.0,] 
BB 7
	outgoing: 9 
	datadep: 
	instructions:
		 0: def_%cl_2_8 
		 1: def_%cl_2_9 %cl_2_8[7.0,] 
		 2: RETURN %cl_2_9[7.1,] %self[2.0,] 
BB 9
	outgoing: 
	datadep: 
	instructions:
CLOSURE END: values[3.3,] 
		 8: 
BB 13
	outgoing: 14 
	datadep: 
	instructions:
		 0: COPY TYPE_Nil def_%v_42 
BB 14
	outgoing: 15 16 
	datadep: 
	instructions:
		 0: 
		 1: HASH-layout- def_%v_43 
		 2: %self->render def_%v_44 %self[11.4,11.11,11.14,11.17,9.2,8.5,6.3,2.0,2.13,] %v_43[14.1,] 	 SYMBOL:	 ARGS:%v_43,
		 3: 
		 4: GETFIELD %self->time_entry def_%v_45 %self[14.2,6.3,2.0,] 
		 5: %v_45->nil? def_%v_46 %v_45[14.4,] 	 SYMBOL:	 ARGS:
		 6: %v_46->! def_%v_47 %v_46[14.5,] 	 SYMBOL:	 ARGS:
		 7: BRANCH %v_47[14.6,] 
BB 15
	outgoing: 17 
	datadep: 
	instructions:
		 0: 
		 1: %self->l def_%v_48 %self[11.4,11.11,11.14,11.17,9.2,8.5,6.3,2.0,2.13,] 	 SYMBOL:button_edit,	 ARGS:Symbol,
		 2: COPY TYPE_StringLiteral "timelog" def_%v_49 
		 3: COPY TYPE_StringLiteral "edit" def_%v_50 
		 4: GETFIELD %self->time_entry def_%v_51 %self[15.1,6.3,2.0,] 
		 5: HASH-controller-action-id- def_%v_52 %v_49[15.2,] %v_50[15.3,] %v_51[15.4,] 
		 6: COPY TYPE_StringLiteral "icon-edit" def_%v_53 
		 7: 
		 8: GETFIELD %self->can def_%v_54 %self[15.1,11.11,2.0,] 
		 9: %v_54->[] def_%v_55 %v_54[15.8,] 	 SYMBOL:edit,	 ARGS:Symbol,
		 10: %v_55->! def_%v_56 %v_55[15.9,] 	 SYMBOL:	 ARGS:
		 11: HASH-class-disabled- def_%v_57 %v_53[15.6,] %v_56[15.10,] 
		 12: %self->context_menu_link def_%v_58 %self[15.1,11.4,11.11,11.14,11.17,9.2,8.5,6.3,2.0,2.13,] %v_48[15.1,] %v_52[15.5,] %v_57[15.11,] 	 SYMBOL:	 ARGS:%v_48,%v_52,%v_57,
		 13: 
BB 16
	outgoing: 17 
	datadep: 
	instructions:
		 0: 
		 1: %self->l def_%v_59 %self[11.4,11.11,11.14,11.17,9.2,8.5,6.3,2.0,2.13,] 	 SYMBOL:button_edit,	 ARGS:Symbol,
		 2: COPY TYPE_StringLiteral "timelog" def_%v_60 
		 3: COPY TYPE_StringLiteral "bulk_edit" def_%v_61 
		 4: GETFIELD %self->time_entries def_%v_62 %self[16.1,2.0,2.13,] 
		 5: %v_62->collect def_%v_63 %v_62[16.4,] 	 SYMBOL:id,	 ARGS:
		 6: HASH-controller-action-ids- def_%v_64 %v_60[16.2,] %v_61[16.3,] %v_63[16.5,] 
		 7: COPY TYPE_StringLiteral "icon-edit" def_%v_65 
		 8: 
		 9: GETFIELD %self->can def_%v_66 %self[16.1,11.11,2.0,] 
		 10: %v_66->[] def_%v_67 %v_66[16.9,] 	 SYMBOL:edit,	 ARGS:Symbol,
		 11: %v_67->! def_%v_68 %v_67[16.10,] 	 SYMBOL:	 ARGS:
		 12: HASH-class-disabled- def_%v_69 %v_65[16.7,] %v_68[16.11,] 
		 13: %self->context_menu_link def_%v_70 %self[16.1,11.4,11.11,11.14,11.17,9.2,8.5,6.3,2.0,2.13,] %v_59[16.1,] %v_64[16.6,] %v_69[16.12,] 	 SYMBOL:	 ARGS:%v_59,%v_64,%v_69,
		 14: COPY TYPE_PASS def_%v_58 %v_70[16.13,] 
BB 17
	outgoing: 18 21 
	datadep: 
	instructions:
		 0: 
		 1: GETFIELD %self->time_entries def_%v_71 %self[2.0,2.13,] 
		 2: GETFIELD %self->can def_%v_72 %self[11.11,2.0,] 
		 3: GETFIELD %self->back def_%v_73 %self[11.14,2.0,] 
		 4: HASH-time_entries-can-back- def_%v_74 %v_71[17.1,] %v_72[17.2,] %v_73[17.3,] 
		 5: %self->call_hook def_%v_75 %self[11.4,11.11,11.14,11.17,9.2,8.5,6.3,2.0,2.13,] %v_74[17.4,] 	 SYMBOL:view_time_entries_context_menu_start,	 ARGS:Symbol,%v_74,
		 6: 
		 7: GETFIELD %self->activities def_%v_76 %self[17.5,11.4,2.0,] 
		 8: %v_76->present? def_%v_77 %v_76[17.7,] 	 SYMBOL:	 ARGS:
		 9: BRANCH %v_77[17.8,] 
BB 18
	outgoing: 19 20 
	datadep: 
	instructions:
		 0: 
		 1: %self->l def_%v_78 %self[11.4,11.11,11.14,11.17,9.2,8.5,6.3,2.0,2.13,] 	 SYMBOL:field_activity,	 ARGS:Symbol,
		 2: 
		 3: GETFIELD %self->activities def_%v_79 %self[18.1,11.4,2.0,] 
		 4: %v_79->each def_%v_80 %v_79[18.3,] %self[18.1,11.4,11.11,11.14,11.17,9.2,8.5,6.3,2.0,2.13,] 	 SYMBOL:	 ARGS:%v_79,
CLOSURE BEGIN: u[] %self[18.1,11.4,11.11,11.14,11.17,9.2,8.5,6.3,2.0,2.13,] 
BB 1
	outgoing: 8 2 
	datadep: 
	instructions:
BB 2
	outgoing: 3 
	datadep: 
	instructions:
		 0: def_%self 
		 1: def_%cl_3_0 
		 2: RECEIVEARG def_u 
		 3: COPY TYPE_CurrentScope def_%current_scope 
		 4: COPY TYPE_ScopeModule def_%current_module 
BB 3
	outgoing: 4 5 6 
	datadep: 
	instructions:
		 0: 
		 1: u->name def_%cl_3_3 u[2.2,] 	 SYMBOL:	 ARGS:
		 2: COPY TYPE_StringLiteral "timelog" def_%cl_3_4 
		 3: COPY TYPE_StringLiteral "bulk_update" def_%cl_3_5 
		 4: GETFIELD %self->time_entries def_%cl_3_6 %self[2.0,] 
		 5: %cl_3_6->collect def_%cl_3_7 %cl_3_6[3.4,] 	 SYMBOL:id,	 ARGS:
		 6: COPY TYPE_StringLiteral "activity_id" def_%cl_3_8 
		 7: HASH- def_%cl_3_9 %cl_3_8[3.6,] u[3.1,2.2,] 
		 8: GETFIELD %self->back def_%cl_3_10 %self[2.0,] 
		 9: HASH-controller-action-ids-time_entry-back_url- def_%cl_3_11 %cl_3_4[3.2,] %cl_3_5[3.3,] %cl_3_7[3.5,] %cl_3_9[3.7,] %cl_3_10[3.8,] 
		 10: 
		 11: GETFIELD %self->time_entry def_%cl_3_12 %self[2.0,] 
		 12: BRANCH %cl_3_12[3.11,] 
BB 4
	outgoing: 5 6 
	datadep: 
	instructions:
		 0: GETFIELD %self->time_entry def_%cl_3_13 %self[2.0,] 
		 1: %cl_3_13->activity def_%cl_3_14 %cl_3_13[4.0,] 	 SYMBOL:	 ARGS:
		 2: u->== def_%cl_3_15 u[2.2,] %cl_3_14[4.1,] 	 SYMBOL:	 ARGS:%cl_3_14,
		 3: COPY TYPE_PASS def_%cl_3_12 %cl_3_15[4.2,] 
BB 5
	outgoing: 6 8 
	datadep: 
	instructions:
		 0: GETFIELD %self->can def_%cl_3_16 %self[2.0,] 
		 1: %cl_3_16->[] def_%cl_3_17 %cl_3_16[5.0,] 	 SYMBOL:edit,	 ARGS:Symbol,
		 2: %cl_3_17->! def_%cl_3_18 %cl_3_17[5.1,] 	 SYMBOL:	 ARGS:
		 3: HASH-method-selected-disabled- def_%cl_3_19 %cl_3_12[4.3,3.11,] %cl_3_18[5.2,] 
		 4: %self->context_menu_link def_%cl_3_20 %self[2.0,] %cl_3_3[3.1,] %cl_3_11[3.9,] %cl_3_19[5.3,] 	 SYMBOL:	 ARGS:%cl_3_3,%cl_3_11,%cl_3_19,
		 5: RETURN %cl_3_20[5.4,] %self[5.4,2.0,] 
BB 6
	outgoing: 8 
	datadep: 
	instructions:
		 0: def_%cl_3_21 
		 1: def_%cl_3_22 %cl_3_21[6.0,] 
		 2: RETURN %cl_3_22[6.1,] %self[2.0,] 
BB 8
	outgoing: 
	datadep: 
	instructions:
CLOSURE END: 
		 5: 
		 6: %self->l def_%v_81 %self[18.1,11.4,11.11,11.14,11.17,9.2,8.5,6.3,2.0,2.13,] 	 SYMBOL:label_none,	 ARGS:Symbol,
		 7: COPY TYPE_StringLiteral "timelog" def_%v_82 
		 8: COPY TYPE_StringLiteral "bulk_update" def_%v_83 
		 9: GETFIELD %self->time_entries def_%v_84 %self[18.1,18.6,2.0,2.13,] 
		 10: %v_84->collect def_%v_85 %v_84[18.9,] 	 SYMBOL:id,	 ARGS:
		 11: COPY TYPE_StringLiteral "activity_id" def_%v_86 
		 12: COPY TYPE_StringLiteral "none" def_%v_87 
		 13: HASH- def_%v_88 %v_86[18.11,] %v_87[18.12,] 
		 14: GETFIELD %self->back def_%v_89 %self[18.1,18.6,11.14,2.0,] 
		 15: HASH-controller-action-ids-time_entry-back_url- def_%v_90 %v_82[18.7,] %v_83[18.8,] %v_85[18.10,] %v_88[18.13,] %v_89[18.14,] 
		 16: 
		 17: GETFIELD %self->time_entry def_%v_91 %self[18.1,18.6,6.3,2.0,] 
		 18: BRANCH %v_91[18.17,] 
BB 19
	outgoing: 20 
	datadep: 
	instructions:
		 0: GETFIELD %self->time_entry def_%v_92 %self[6.3,2.0,] 
		 1: %v_92->activity def_%v_93 %v_92[19.0,] 	 SYMBOL:	 ARGS:
		 2: %v_93->nil? def_%v_94 %v_93[19.1,] 	 SYMBOL:	 ARGS:
		 3: COPY TYPE_PASS def_%v_91 %v_94[19.2,] 
BB 20
	outgoing: 22 
	datadep: 
	instructions:
		 0: GETFIELD %self->can def_%v_95 %self[11.11,2.0,] 
		 1: %v_95->[] def_%v_96 %v_95[20.0,] 	 SYMBOL:edit,	 ARGS:Symbol,
		 2: %v_96->! def_%v_97 %v_96[20.1,] 	 SYMBOL:	 ARGS:
		 3: HASH-method-selected-disabled- def_%v_98 %v_91[19.3,18.17,] %v_97[20.2,] 
		 4: %self->context_menu_link def_%v_99 %self[11.4,11.11,11.14,11.17,9.2,8.5,6.3,2.0,2.13,] %v_81[18.6,] %v_90[18.15,] %v_98[20.3,] 	 SYMBOL:	 ARGS:%v_81,%v_90,%v_98,
		 5: 
BB 21
	outgoing: 22 
	datadep: 
	instructions:
		 0: COPY TYPE_Nil def_%v_99 
BB 22
	outgoing: 23 
	datadep: 
	instructions:
		 0: 
		 1: GETFIELD %self->options_by_custom_field def_%v_100 %self[11.17,2.0,] 
		 2: %v_100->each def_%v_101 %v_100[22.1,] %self[11.4,11.11,11.14,11.17,9.2,8.5,6.3,2.0,2.13,] 	 SYMBOL:	 ARGS:%v_100,
CLOSURE BEGIN: field[12.7,] options[] %self[11.4,11.11,11.14,11.17,9.2,8.5,6.3,2.0,2.13,] value[] text[] 
BB 1
	outgoing: 9 2 
	datadep: 
	instructions:
BB 2
	outgoing: 3 
	datadep: 
	instructions:
		 0: def_%self 
		 1: def_%cl_4_0 
		 2: RECEIVEARG def_field 
		 3: RECEIVEARG def_options 
		 4: COPY TYPE_CurrentScope def_%current_scope 
		 5: COPY TYPE_ScopeModule def_%current_module 
BB 3
	outgoing: 4 5 7 
	datadep: 
	instructions:
		 0: 
		 1: field->id def_%cl_4_3 field[2.2,] 	 SYMBOL:	 ARGS:
		 2: 
		 3: field->name def_%cl_4_4 field[3.1,2.2,] 	 SYMBOL:	 ARGS:
		 4: 
		 5: options->each def_%cl_4_5 options[2.3,] %self[2.0,] 	 SYMBOL:	 ARGS:options,
CLOSURE BEGIN: value[] text[] %self[2.0,] field[3.1,3.3,2.2,] 
BB 1
	outgoing: 8 2 
	datadep: 
	instructions:
BB 2
	outgoing: 4 5 
	datadep: 
	instructions:
		 0: def_%self 
		 1: def_%cl_5_0 
		 2: RECEIVEARG def_text 
		 3: RECEIVEARG def_value 
		 4: COPY TYPE_CurrentScope def_%current_scope 
		 5: COPY TYPE_ScopeModule def_%current_module 
		 6: 
		 7: COPY TYPE_PASS def_%cl_5_3 value[2.3,] 
		 8: BRANCH value[2.3,] 
BB 4
	outgoing: 5 
	datadep: 
	instructions:
		 0: COPY TYPE_PASS def_%cl_5_3 text[2.2,] 
BB 5
	outgoing: 6 8 
	datadep: 
	instructions:
		 0: %self->bulk_update_time_entry_custom_field_context_menu_link def_%cl_5_4 %self[2.0,] field[] text[2.2,] %cl_5_3[4.0,2.7,] 	 SYMBOL:	 ARGS:field,text,%cl_5_3,
		 1: RETURN %cl_5_4[5.0,] %self[5.0,2.0,] 
BB 6
	outgoing: 8 
	datadep: 
	instructions:
		 0: def_%cl_5_5 
		 1: def_%cl_5_6 %cl_5_5[6.0,] 
		 2: RETURN %cl_5_6[6.1,] %self[2.0,] 
BB 8
	outgoing: 
	datadep: 
	instructions:
CLOSURE END: value[2.3,] 
		 6: 
		 7: field->is_required? def_%cl_4_6 field[3.1,3.3,2.2,] 	 SYMBOL:	 ARGS:
		 8: BRANCH %cl_4_6[3.7,] 
BB 4
	outgoing: 9 
	datadep: 
	instructions:
		 0: COPY TYPE_Nil def_%cl_4_7 
		 1: RETURN %cl_4_7[4.0,] %self[2.0,] 
BB 5
	outgoing: 7 9 
	datadep: 
	instructions:
		 0: 
		 1: %self->l def_%cl_4_8 %self[2.0,] 	 SYMBOL:label_none,	 ARGS:Symbol,
		 2: COPY TYPE_StringLiteral "__none__" def_%cl_4_9 
		 3: %self->bulk_update_time_entry_custom_field_context_menu_link def_%cl_4_10 %self[5.1,2.0,] field[2.2,] %cl_4_8[5.1,] %cl_4_9[5.2,] 	 SYMBOL:	 ARGS:field,%cl_4_8,%cl_4_9,
		 4: RETURN %cl_4_10[5.3,] %self[5.1,5.3,2.0,] 
BB 7
	outgoing: 9 
	datadep: 
	instructions:
		 0: def_%cl_4_11 
		 1: def_%cl_4_12 %cl_4_11[7.0,] 
		 2: RETURN %cl_4_12[7.1,] %self[2.0,] 
BB 9
	outgoing: 
	datadep: 
	instructions:
CLOSURE END: options[2.3,] 
		 3: 
		 4: GETFIELD %self->time_entries def_%v_102 %self[2.0,2.13,] 
		 5: GETFIELD %self->can def_%v_103 %self[11.11,2.0,] 
		 6: GETFIELD %self->back def_%v_104 %self[11.14,2.0,] 
		 7: HASH-time_entries-can-back- def_%v_105 %v_102[22.4,] %v_103[22.5,] %v_104[22.6,] 
		 8: %self->call_hook def_%v_106 %self[11.4,11.11,11.14,11.17,9.2,8.5,6.3,2.0,2.13,] %v_105[22.7,] 	 SYMBOL:view_time_entries_context_menu_end,	 ARGS:Symbol,%v_105,
		 9: 
		 10: %self->l def_%v_107 %self[22.8,11.4,11.11,11.14,11.17,9.2,8.5,6.3,2.0,2.13,] 	 SYMBOL:button_delete,	 ARGS:Symbol,
		 11: COPY TYPE_StringLiteral "timelog" def_%v_108 
		 12: COPY TYPE_StringLiteral "destroy" def_%v_109 
		 13: GETFIELD %self->time_entries def_%v_110 %self[22.8,22.10,2.0,2.13,] 
		 14: %v_110->collect def_%v_111 %v_110[22.13,] 	 SYMBOL:id,	 ARGS:
		 15: GETFIELD %self->back def_%v_112 %self[22.8,22.10,11.14,2.0,] 
		 16: HASH-controller-action-ids-back_url- def_%v_113 %v_108[22.11,] %v_109[22.12,] %v_111[22.14,] %v_112[22.15,] 
		 17: %self->l def_%v_114 %self[22.8,22.10,11.4,11.11,11.14,11.17,9.2,8.5,6.3,2.0,2.13,] 	 SYMBOL:text_time_entries_destroy_confirmation,	 ARGS:Symbol,
		 18: HASH-confirm- def_%v_115 %v_114[22.17,] 
		 19: COPY TYPE_StringLiteral "icon-del" def_%v_116 
		 20: 
		 21: GETFIELD %self->can def_%v_117 %self[22.8,22.10,22.17,11.11,2.0,] 
		 22: %v_117->[] def_%v_118 %v_117[22.21,] 	 SYMBOL:delete,	 ARGS:Symbol,
		 23: %v_118->! def_%v_119 %v_118[22.22,] 	 SYMBOL:	 ARGS:
		 24: HASH-method-data-class-disabled- def_%v_120 %v_115[22.18,] %v_116[22.19,] %v_119[22.23,] 
		 25: %self->context_menu_link def_%v_121 %self[22.8,22.10,22.17,11.4,11.11,11.14,11.17,9.2,8.5,6.3,2.0,2.13,] %v_107[22.10,] %v_113[22.16,] %v_120[22.24,] 	 SYMBOL:	 ARGS:%v_107,%v_113,%v_120,
		 26: RETURN %v_121[22.25,] %self[22.8,22.10,22.17,22.25,11.4,11.11,11.14,11.17,9.2,8.5,6.3,2.0,2.13,] 
BB 23
	outgoing: 
	datadep: 
	instructions:

