SET IRMethod, name = index instanceMethod = true
BB 1
	outgoing: 58 2 
	datadep: 
	instructions:
BB 2
	outgoing: 3 4 
	datadep: 
	instructions:
		 0: def_%self 
		 1: def_%v_0 
		 2: COPY TYPE_CurrentScope def_%current_scope 
		 3: COPY TYPE_ScopeModule def_%current_module 
		 4: 
		 5: 
		 6: GETFIELD %self->user def_%v_3 %self[2.0,] 
		 7: %v_3->email_addresses def_%v_4 %v_3[2.6,] 	 SYMBOL:	 ARGS:
		 8: %v_4->order def_%v_5 %v_4[2.7,] 	 SYMBOL:id,	 ARGS:Symbol,
		 9: HASH-is_default- def_%v_6 
		 10: %v_5->where def_%v_7 %v_5[2.8,] %v_6[2.9,] 	 SYMBOL:	 ARGS:%v_6,
		 11: %v_7->to_a def_%v_8 %v_7[2.10,] 	 SYMBOL:	 ARGS:
		 12: ATTRASSIGN %self->addresses %v_8[2.11,] 
		 13: 
		 14: def_%v_10 %self[2.0,2.12,] 
		 15: COPY TYPE_PASS def_%v_9 %v_10[2.14,] 
		 16: %v_10[2.14,] 
BB 3
	outgoing: 4 
	datadep: 
	instructions:
		 0: GETFIELD %self->address def_%v_11 %self[2.0,] 
		 1: COPY TYPE_PASS def_%v_9 %v_11[3.0,] 
BB 4
	outgoing: 5 6 
	datadep: 
	instructions:
		 0: BRANCH %v_9[3.1,2.15,] 
BB 5
	outgoing: 6 
	datadep: 
	instructions:
		 0: (EmailAddress) def_%v_12 
		 1: %v_12->new def_%v_13 %v_12[5.0,] 	 SYMBOL:	 ARGS:
		 2: ATTRASSIGN %self->address %v_13[5.1,] 
		 3: COPY TYPE_PASS def_%v_11 %v_13[5.1,] 
BB 6
	outgoing: 7 8 
	datadep: 
	instructions:
		 0: 
		 1: %self->current_language def_%v_14 %self[5.2,2.0,2.12,] 	 SYMBOL:	 ARGS:
		 2: 
		 3: %self->html_title def_%v_15 %self[6.1,5.2,2.0,2.12,] 	 SYMBOL:	 ARGS:
		 4: 
		 5: (Redmine) def_%v_16 
		 6: (inherit Info) def_%v_17 %v_16[6.5,] 
		 7: %v_17[6.6,] 
BB 7
	outgoing: 8 
	datadep: 
	instructions:
		 0: %v_16->const_missing def_%v_17 %v_16[6.5,] 	 SYMBOL:Info,	 ARGS:Symbol,
BB 8
	outgoing: 9 10 
	datadep: 
	instructions:
		 0: %v_17->app_name def_%v_18 %v_17[7.0,6.6,] 	 SYMBOL:	 ARGS:
		 1: 
		 2: %self->csrf_meta_tag def_%v_19 %self[5.2,2.0,2.12,] 	 SYMBOL:	 ARGS:
		 3: 
		 4: %self->favicon def_%v_20 %self[8.2,5.2,2.0,2.12,] 	 SYMBOL:	 ARGS:
		 5: 
		 6: COPY TYPE_StringLiteral "jquery/jquery-ui-1.11.0" def_%v_21 
		 7: COPY TYPE_StringLiteral "application" def_%v_22 
		 8: COPY TYPE_StringLiteral "responsive" def_%v_23 
		 9: COPY TYPE_StringLiteral "all" def_%v_24 
		 10: HASH-media- def_%v_25 %v_24[8.9,] 
		 11: %self->stylesheet_link_tag def_%v_26 %self[8.2,8.4,5.2,2.0,2.12,] %v_21[8.6,] %v_22[8.7,] %v_23[8.8,] %v_25[8.10,] 	 SYMBOL:	 ARGS:%v_21,%v_22,%v_23,%v_25,
		 12: 
		 13: %self->l def_%v_27 %self[8.2,8.4,8.11,5.2,2.0,2.12,] 	 SYMBOL:direction,	 ARGS:Symbol,
		 14: COPY TYPE_StringLiteral "rtl" def_%v_28 
		 15: %v_27->== def_%v_29 %v_27[8.13,] %v_28[8.14,] 	 SYMBOL:	 ARGS:%v_28,
		 16: BRANCH %v_29[8.15,] 
BB 9
	outgoing: 11 
	datadep: 
	instructions:
		 0: COPY TYPE_StringLiteral "rtl" def_%v_30 
		 1: COPY TYPE_StringLiteral "all" def_%v_31 
		 2: HASH-media- def_%v_32 %v_31[9.1,] 
		 3: %self->stylesheet_link_tag def_%v_33 %self[5.2,2.0,2.12,] %v_30[9.0,] %v_32[9.2,] 	 SYMBOL:	 ARGS:%v_30,%v_32,
		 4: 
BB 10
	outgoing: 11 
	datadep: 
	instructions:
		 0: COPY TYPE_Nil def_%v_33 
BB 11
	outgoing: 12 13 
	datadep: 
	instructions:
		 0: 
		 1: %self->javascript_heads def_%v_34 %self[5.2,2.0,2.12,] 	 SYMBOL:	 ARGS:
		 2: 
		 3: %self->heads_for_theme def_%v_35 %self[11.1,5.2,2.0,2.12,] 	 SYMBOL:	 ARGS:
		 4: 
		 5: %self->call_hook def_%v_36 %self[11.1,11.3,5.2,2.0,2.12,] 	 SYMBOL:view_layouts_base_html_head,	 ARGS:Symbol,
		 6: 
		 7: def_%v_37 %v_0[2.1,] 
		 8: 
		 9: %self->body_css_classes def_%v_38 %self[11.1,11.3,11.5,5.2,2.0,2.12,] 	 SYMBOL:	 ARGS:
		 10: 
		 11: %self->call_hook def_%v_39 %self[11.1,11.3,11.5,11.9,5.2,2.0,2.12,] 	 SYMBOL:view_layouts_base_body_top,	 ARGS:Symbol,
		 12: 
		 13: (User) def_%v_40 
		 14: %v_40->current def_%v_41 %v_40[11.13,] 	 SYMBOL:	 ARGS:
		 15: %v_41->logged? def_%v_42 %v_41[11.14,] 	 SYMBOL:	 ARGS:
		 16: BRANCH %v_42[11.15,] 
BB 12
	outgoing: 13 
	datadep: 
	instructions:
		 0: (Setting) def_%v_43 
		 1: %v_43->login_required? def_%v_44 %v_43[12.0,] 	 SYMBOL:	 ARGS:
		 2: %v_44->! def_%v_45 %v_44[12.1,] 	 SYMBOL:	 ARGS:
		 3: COPY TYPE_PASS def_%v_42 %v_45[12.2,] 
BB 13
	outgoing: 14 15 
	datadep: 
	instructions:
		 0: BRANCH %v_42[12.3,11.15,] 
BB 14
	outgoing: 16 
	datadep: 
	instructions:
		 0: 
		 1: COPY TYPE_StringLiteral "search" def_%v_46 
		 2: COPY TYPE_StringLiteral "index" def_%v_47 
		 3: GETFIELD %self->project def_%v_48 %self[2.0,] 
		 4: HASH-controller-action-id- def_%v_49 %v_46[14.1,] %v_47[14.2,] %v_48[14.3,] 
		 5: HASH-method- def_%v_50 
		 6: %self->form_tag def_%v_51 %self[5.2,2.0,2.12,] %v_49[14.4,] %v_50[14.5,] %self[5.2,2.0,2.12,] 	 SYMBOL:	 ARGS:%v_49,%v_50,%self,
CLOSURE BEGIN: %self[5.2,2.0,2.12,] 
BB 1
	outgoing: 9 2 
	datadep: 
	instructions:
BB 2
	outgoing: 3 
	datadep: 
	instructions:
		 0: def_%self 
		 1: def_%cl_1_0 
		 2: COPY TYPE_CurrentScope def_%current_scope 
		 3: COPY TYPE_ScopeModule def_%current_module 
BB 3
	outgoing: 4 5 7 
	datadep: 
	instructions:
		 0: 
		 1: %self->controller def_%cl_1_3 %self[2.0,] 	 SYMBOL:	 ARGS:
		 2: %cl_1_3->default_search_scope def_%cl_1_4 %cl_1_3[3.1,] 	 SYMBOL:	 ARGS:
		 3: BRANCH %cl_1_4[3.2,] 
BB 4
	outgoing: 6 7 
	datadep: 
	instructions:
		 0: %self->controller def_%cl_1_5 %self[2.0,] 	 SYMBOL:	 ARGS:
		 1: %cl_1_5->default_search_scope def_%cl_1_6 %cl_1_5[4.0,] 	 SYMBOL:	 ARGS:
		 2: HASH-id- def_%cl_1_7 
		 3: %self->hidden_field_tag def_%cl_1_8 %self[4.0,2.0,] %cl_1_6[4.1,] %cl_1_7[4.2,] 	 SYMBOL:	 ARGS:%cl_1_6,Fixnum,%cl_1_7,
		 4: 
BB 5
	outgoing: 6 
	datadep: 
	instructions:
		 0: COPY TYPE_Nil def_%cl_1_8 
BB 6
	outgoing: 7 9 
	datadep: 
	instructions:
		 0: 
		 1: COPY TYPE_StringLiteral "flyout-search" def_%cl_1_9 
		 2: COPY TYPE_StringLiteral "&#9906;" def_%cl_1_10 
		 3: %cl_1_10->html_safe def_%cl_1_11 %cl_1_10[6.2,] 	 SYMBOL:	 ARGS:
		 4: COPY TYPE_StringLiteral "search-magnifier search-magnifier--flyout" def_%cl_1_12 
		 5: HASH-class- def_%cl_1_13 %cl_1_12[6.4,] 
		 6: %self->label_tag def_%cl_1_14 %self[2.0,] %cl_1_9[6.1,] %cl_1_11[6.3,] %cl_1_13[6.5,] 	 SYMBOL:	 ARGS:%cl_1_9,%cl_1_11,%cl_1_13,
		 7: 
		 8: COPY TYPE_StringLiteral "q" def_%cl_1_15 
		 9: GETFIELD %self->question def_%cl_1_16 %self[6.6,2.0,] 
		 10: COPY TYPE_StringLiteral "flyout-search" def_%cl_1_17 
		 11: COPY TYPE_StringLiteral "small js-search-input" def_%cl_1_18 
		 12: %self->l def_%cl_1_19 %self[6.6,2.0,] 	 SYMBOL:label_search,	 ARGS:Symbol,
		 13: HASH-id-class-placeholder- def_%cl_1_20 %cl_1_17[6.10,] %cl_1_18[6.11,] %cl_1_19[6.12,] 
		 14: %self->text_field_tag def_%cl_1_21 %self[6.6,6.12,2.0,] %cl_1_15[6.8,] %cl_1_16[6.9,] %cl_1_20[6.13,] 	 SYMBOL:	 ARGS:%cl_1_15,%cl_1_16,%cl_1_20,
		 15: RETURN %cl_1_21[6.14,] %self[6.6,6.12,6.14,2.0,] 
BB 7
	outgoing: 9 
	datadep: 
	instructions:
		 0: def_%cl_1_22 
		 1: def_%cl_1_23 %cl_1_22[7.0,] 
		 2: RETURN %cl_1_23[7.1,] %self[2.0,] 
BB 9
	outgoing: 
	datadep: 
	instructions:
CLOSURE END: 
		 7: 
BB 15
	outgoing: 16 
	datadep: 
	instructions:
		 0: COPY TYPE_Nil def_%v_51 
BB 16
	outgoing: 17 24 
	datadep: 
	instructions:
		 0: 
		 1: (User) def_%v_52 
		 2: %v_52->current def_%v_53 %v_52[16.1,] 	 SYMBOL:	 ARGS:
		 3: %v_53->logged? def_%v_54 %v_53[16.2,] 	 SYMBOL:	 ARGS:
		 4: BRANCH %v_54[16.3,] 
BB 17
	outgoing: 18 19 
	datadep: 
	instructions:
		 0: 
		 1: (Setting) def_%v_55 
		 2: %v_55->gravatar_enabled? def_%v_56 %v_55[17.1,] 	 SYMBOL:	 ARGS:
		 3: %v_56->! def_%v_57 %v_56[17.2,] 	 SYMBOL:	 ARGS:
		 4: BRANCH %v_57[17.3,] 
BB 18
	outgoing: 20 
	datadep: 
	instructions:
		 0: COPY TYPE_Nil def_%v_58 
		 1: 
BB 19
	outgoing: 20 
	datadep: 
	instructions:
		 0: COPY TYPE_Nil def_%v_58 
BB 20
	outgoing: 21 22 
	datadep: 
	instructions:
		 0: 
		 1: (Setting) def_%v_59 
		 2: %v_59->gravatar_enabled? def_%v_60 %v_59[20.1,] 	 SYMBOL:	 ARGS:
		 3: BRANCH %v_60[20.2,] 
BB 21
	outgoing: 23 
	datadep: 
	instructions:
		 0: 
		 1: (User) def_%v_61 
		 2: %v_61->current def_%v_62 %v_61[21.1,] 	 SYMBOL:	 ARGS:
		 3: COPY TYPE_StringLiteral "80" def_%v_63 
		 4: HASH-size- def_%v_64 %v_63[21.3,] 
		 5: %self->avatar def_%v_65 %self[5.2,2.0,2.12,] %v_62[21.2,] %v_64[21.4,] 	 SYMBOL:	 ARGS:%v_62,%v_64,
		 6: (User) def_%v_66 
		 7: %v_66->current def_%v_67 %v_66[21.6,] 	 SYMBOL:	 ARGS:
		 8: %self->user_path def_%v_68 %self[21.5,5.2,2.0,2.12,] %v_67[21.7,] 	 SYMBOL:	 ARGS:%v_67,
		 9: %self->link_to def_%v_69 %self[21.5,21.8,5.2,2.0,2.12,] %v_65[21.5,] %v_68[21.8,] 	 SYMBOL:	 ARGS:%v_65,%v_68,
		 10: 
BB 22
	outgoing: 23 
	datadep: 
	instructions:
		 0: COPY TYPE_Nil def_%v_69 
BB 23
	outgoing: 25 
	datadep: 
	instructions:
		 0: 
		 1: (User) def_%v_70 
		 2: %v_70->current def_%v_71 %v_70[23.1,] 	 SYMBOL:	 ARGS:
		 3: HASH-format- def_%v_72 
		 4: %self->link_to_user def_%v_73 %self[5.2,2.0,2.12,] %v_71[23.2,] %v_72[23.3,] 	 SYMBOL:	 ARGS:%v_71,%v_72,
		 5: 
BB 24
	outgoing: 25 
	datadep: 
	instructions:
		 0: COPY TYPE_Nil def_%v_73 
BB 25
	outgoing: 26 27 
	datadep: 
	instructions:
		 0: 
		 1: GETFIELD %self->project def_%v_74 %self[2.0,] 
		 2: %self->display_main_menu? def_%v_75 %self[5.2,2.0,2.12,] %v_74[25.1,] 	 SYMBOL:	 ARGS:%v_74,
		 3: BRANCH %v_75[25.2,] 
BB 26
	outgoing: 28 
	datadep: 
	instructions:
		 0: 
		 1: %self->l def_%v_76 %self[5.2,2.0,2.12,] 	 SYMBOL:label_project,	 ARGS:Symbol,
		 2: 
BB 27
	outgoing: 28 
	datadep: 
	instructions:
		 0: COPY TYPE_Nil def_%v_76 
BB 28
	outgoing: 29 30 
	datadep: 
	instructions:
		 0: 
		 1: %self->l def_%v_77 %self[5.2,2.0,2.12,] 	 SYMBOL:label_general,	 ARGS:Symbol,
		 2: 
		 3: %self->l def_%v_78 %self[28.1,5.2,2.0,2.12,] 	 SYMBOL:label_profile,	 ARGS:Symbol,
		 4: 
		 5: %self->render_menu def_%v_79 %self[28.1,28.3,5.2,2.0,2.12,] 	 SYMBOL:account_menu,	 ARGS:Symbol,
		 6: 
		 7: (User) def_%v_80 
		 8: %v_80->current def_%v_81 %v_80[28.7,] 	 SYMBOL:	 ARGS:
		 9: %v_81->logged? def_%v_82 %v_81[28.8,] 	 SYMBOL:	 ARGS:
		 10: BRANCH %v_82[28.9,] 
BB 29
	outgoing: 31 
	datadep: 
	instructions:
		 0: COPY TYPE_StringLiteral "div" def_%v_83 
		 1: %self->l def_%v_84 %self[5.2,2.0,2.12,] 	 SYMBOL:label_logged_as,	 ARGS:Symbol,
		 2: COPY TYPE_StringLiteral " " def_%v_85 
		 3: (User) def_%v_86 
		 4: %v_86->current def_%v_87 %v_86[29.3,] 	 SYMBOL:	 ARGS:
		 5: HASH-format- def_%v_88 
		 6: %self->link_to_user def_%v_89 %self[29.1,5.2,2.0,2.12,] %v_87[29.4,] %v_88[29.5,] 	 SYMBOL:	 ARGS:%v_87,%v_88,
		 7: BUILDSTRING def_%v_90 %v_84[29.1,] %v_85[29.2,] %v_89[29.6,] 
		 8: %v_90->html_safe def_%v_91 %v_90[29.7,] 	 SYMBOL:	 ARGS:
		 9: COPY TYPE_StringLiteral "loggedas" def_%v_92 
		 10: HASH-id- def_%v_93 %v_92[29.9,] 
		 11: %self->content_tag def_%v_94 %self[29.1,29.6,5.2,2.0,2.12,] %v_83[29.0,] %v_91[29.8,] %v_93[29.10,] 	 SYMBOL:	 ARGS:%v_83,%v_91,%v_93,
		 12: 
BB 30
	outgoing: 31 
	datadep: 
	instructions:
		 0: COPY TYPE_Nil def_%v_94 
BB 31
	outgoing: 32 33 
	datadep: 
	instructions:
		 0: 
		 1: (User) def_%v_95 
		 2: %v_95->current def_%v_96 %v_95[31.1,] 	 SYMBOL:	 ARGS:
		 3: %v_96->logged? def_%v_97 %v_96[31.2,] 	 SYMBOL:	 ARGS:
		 4: BRANCH %v_97[31.3,] 
BB 32
	outgoing: 33 
	datadep: 
	instructions:
		 0: (Setting) def_%v_98 
		 1: %v_98->login_required? def_%v_99 %v_98[32.0,] 	 SYMBOL:	 ARGS:
		 2: %v_99->! def_%v_100 %v_99[32.1,] 	 SYMBOL:	 ARGS:
		 3: COPY TYPE_PASS def_%v_97 %v_100[32.2,] 
BB 33
	outgoing: 34 35 
	datadep: 
	instructions:
		 0: BRANCH %v_97[32.3,31.3,] 
BB 34
	outgoing: 36 
	datadep: 
	instructions:
		 0: %self->render_menu def_%v_101 %self[5.2,2.0,2.12,] 	 SYMBOL:top_menu,	 ARGS:Symbol,
		 1: 
BB 35
	outgoing: 36 
	datadep: 
	instructions:
		 0: COPY TYPE_Nil def_%v_101 
BB 36
	outgoing: 37 38 
	datadep: 
	instructions:
		 0: 
		 1: (User) def_%v_102 
		 2: %v_102->current def_%v_103 %v_102[36.1,] 	 SYMBOL:	 ARGS:
		 3: %v_103->logged? def_%v_104 %v_103[36.2,] 	 SYMBOL:	 ARGS:
		 4: BRANCH %v_104[36.3,] 
BB 37
	outgoing: 38 
	datadep: 
	instructions:
		 0: (Setting) def_%v_105 
		 1: %v_105->login_required? def_%v_106 %v_105[37.0,] 	 SYMBOL:	 ARGS:
		 2: %v_106->! def_%v_107 %v_106[37.1,] 	 SYMBOL:	 ARGS:
		 3: COPY TYPE_PASS def_%v_104 %v_107[37.2,] 
BB 38
	outgoing: 39 40 
	datadep: 
	instructions:
		 0: BRANCH %v_104[37.3,36.3,] 
BB 39
	outgoing: 41 
	datadep: 
	instructions:
		 0: 
		 1: COPY TYPE_StringLiteral "search" def_%v_108 
		 2: COPY TYPE_StringLiteral "index" def_%v_109 
		 3: GETFIELD %self->project def_%v_110 %self[2.0,] 
		 4: HASH-controller-action-id- def_%v_111 %v_108[39.1,] %v_109[39.2,] %v_110[39.3,] 
		 5: HASH-method- def_%v_112 
		 6: %self->form_tag def_%v_113 %self[5.2,2.0,2.12,] %v_111[39.4,] %v_112[39.5,] %self[5.2,2.0,2.12,] 	 SYMBOL:	 ARGS:%v_111,%v_112,%self,
CLOSURE BEGIN: %self[5.2,2.0,2.12,] 
BB 1
	outgoing: 9 2 
	datadep: 
	instructions:
BB 2
	outgoing: 3 
	datadep: 
	instructions:
		 0: def_%self 
		 1: def_%cl_2_0 
		 2: COPY TYPE_CurrentScope def_%current_scope 
		 3: COPY TYPE_ScopeModule def_%current_module 
BB 3
	outgoing: 4 5 7 
	datadep: 
	instructions:
		 0: 
		 1: %self->controller def_%cl_2_3 %self[2.0,] 	 SYMBOL:	 ARGS:
		 2: %cl_2_3->default_search_scope def_%cl_2_4 %cl_2_3[3.1,] 	 SYMBOL:	 ARGS:
		 3: BRANCH %cl_2_4[3.2,] 
BB 4
	outgoing: 6 7 
	datadep: 
	instructions:
		 0: %self->controller def_%cl_2_5 %self[2.0,] 	 SYMBOL:	 ARGS:
		 1: %cl_2_5->default_search_scope def_%cl_2_6 %cl_2_5[4.0,] 	 SYMBOL:	 ARGS:
		 2: HASH-id- def_%cl_2_7 
		 3: %self->hidden_field_tag def_%cl_2_8 %self[4.0,2.0,] %cl_2_6[4.1,] %cl_2_7[4.2,] 	 SYMBOL:	 ARGS:%cl_2_6,Fixnum,%cl_2_7,
		 4: 
BB 5
	outgoing: 6 
	datadep: 
	instructions:
		 0: COPY TYPE_Nil def_%cl_2_8 
BB 6
	outgoing: 7 9 
	datadep: 
	instructions:
		 0: 
		 1: %self->l def_%cl_2_9 %self[2.0,] 	 SYMBOL:label_search,	 ARGS:Symbol,
		 2: COPY TYPE_StringLiteral "search" def_%cl_2_10 
		 3: COPY TYPE_StringLiteral "index" def_%cl_2_11 
		 4: GETFIELD %self->project def_%cl_2_12 %self[6.1,2.0,] 
		 5: HASH-controller-action-id- def_%cl_2_13 %cl_2_10[6.2,] %cl_2_11[6.3,] %cl_2_12[6.4,] 
		 6: %self->accesskey def_%cl_2_14 %self[6.1,2.0,] 	 SYMBOL:search,	 ARGS:Symbol,
		 7: HASH-accesskey- def_%cl_2_15 %cl_2_14[6.6,] 
		 8: %self->link_to def_%cl_2_16 %self[6.1,6.6,2.0,] %cl_2_9[6.1,] %cl_2_13[6.5,] %cl_2_15[6.7,] 	 SYMBOL:	 ARGS:%cl_2_9,%cl_2_13,%cl_2_15,
		 9: 
		 10: COPY TYPE_StringLiteral "q" def_%cl_2_17 
		 11: GETFIELD %self->question def_%cl_2_18 %self[6.1,6.6,6.8,2.0,] 
		 12: COPY TYPE_StringLiteral "small" def_%cl_2_19 
		 13: %self->accesskey def_%cl_2_20 %self[6.1,6.6,6.8,2.0,] 	 SYMBOL:quick_search,	 ARGS:Symbol,
		 14: HASH-size-class-accesskey- def_%cl_2_21 %cl_2_19[6.12,] %cl_2_20[6.13,] 
		 15: %self->text_field_tag def_%cl_2_22 %self[6.1,6.6,6.8,6.13,2.0,] %cl_2_17[6.10,] %cl_2_18[6.11,] %cl_2_21[6.14,] 	 SYMBOL:	 ARGS:%cl_2_17,%cl_2_18,%cl_2_21,
		 16: RETURN %cl_2_22[6.15,] %self[6.1,6.6,6.8,6.13,6.15,2.0,] 
BB 7
	outgoing: 9 
	datadep: 
	instructions:
		 0: def_%cl_2_23 
		 1: def_%cl_2_24 %cl_2_23[7.0,] 
		 2: RETURN %cl_2_24[7.1,] %self[2.0,] 
BB 9
	outgoing: 
	datadep: 
	instructions:
CLOSURE END: 
		 7: 
		 8: %self->render_project_jump_box def_%v_114 %self[39.6,5.2,2.0,2.12,] 	 SYMBOL:	 ARGS:
		 9: 
BB 40
	outgoing: 41 
	datadep: 
	instructions:
		 0: COPY TYPE_Nil def_%v_114 
BB 41
	outgoing: 42 43 
	datadep: 
	instructions:
		 0: 
		 1: %self->page_header_title def_%v_115 %self[5.2,2.0,2.12,] 	 SYMBOL:	 ARGS:
		 2: 
		 3: GETFIELD %self->project def_%v_116 %self[41.1,2.0,] 
		 4: %self->display_main_menu? def_%v_117 %self[41.1,5.2,2.0,2.12,] %v_116[41.3,] 	 SYMBOL:	 ARGS:%v_116,
		 5: BRANCH %v_117[41.4,] 
BB 42
	outgoing: 44 
	datadep: 
	instructions:
		 0: 
		 1: GETFIELD %self->project def_%v_118 %self[2.0,] 
		 2: %self->render_main_menu def_%v_119 %self[5.2,2.0,2.12,] %v_118[42.1,] 	 SYMBOL:	 ARGS:%v_118,
		 3: 
BB 43
	outgoing: 44 
	datadep: 
	instructions:
		 0: COPY TYPE_Nil def_%v_119 
BB 44
	outgoing: 45 46 
	datadep: 
	instructions:
		 0: 
		 1: %self->sidebar_content? def_%v_120 %self[5.2,2.0,2.12,] 	 SYMBOL:	 ARGS:
		 2: BRANCH %v_120[44.1,] 
BB 45
	outgoing: 47 
	datadep: 
	instructions:
		 0: COPY TYPE_StringLiteral "" def_%v_121 
		 1: 
BB 46
	outgoing: 47 
	datadep: 
	instructions:
		 0: COPY TYPE_StringLiteral "nosidebar" def_%v_122 
		 1: COPY TYPE_PASS def_%v_121 %v_122[46.0,] 
BB 47
	outgoing: 48 49 
	datadep: 
	instructions:
		 0: 
		 1: def_%v_123 %v_0[2.1,] 
		 2: 
		 3: %self->view_layouts_base_sidebar_hook_response def_%v_124 %self[5.2,2.0,2.12,] 	 SYMBOL:	 ARGS:
		 4: 
		 5: %self->render_flash_messages def_%v_125 %self[47.3,5.2,2.0,2.12,] 	 SYMBOL:	 ARGS:
		 6: 
		 7: def_%v_126 %v_0[2.1,] 
		 8: 
		 9: %self->call_hook def_%v_127 %self[47.3,47.5,5.2,2.0,2.12,] 	 SYMBOL:view_layouts_base_content,	 ARGS:Symbol,
		 10: 
		 11: %self->l def_%v_128 %self[47.3,47.5,47.9,5.2,2.0,2.12,] 	 SYMBOL:label_loading,	 ARGS:Symbol,
		 12: 
		 13: (Redmine) def_%v_129 
		 14: (inherit Info) def_%v_130 %v_129[47.13,] 
		 15: %v_130[47.14,] 
BB 48
	outgoing: 49 
	datadep: 
	instructions:
		 0: %v_129->const_missing def_%v_130 %v_129[47.13,] 	 SYMBOL:Info,	 ARGS:Symbol,
BB 49
	outgoing: 50 51 
	datadep: 
	instructions:
		 0: %v_130->app_name def_%v_131 %v_130[48.0,47.14,] 	 SYMBOL:	 ARGS:
		 1: (Redmine) def_%v_132 
		 2: (inherit Info) def_%v_133 %v_132[49.1,] 
		 3: %v_133[49.2,] 
BB 50
	outgoing: 51 
	datadep: 
	instructions:
		 0: %v_132->const_missing def_%v_133 %v_132[49.1,] 	 SYMBOL:Info,	 ARGS:Symbol,
BB 51
	outgoing: 52 53 
	datadep: 
	instructions:
		 0: %v_133->url def_%v_134 %v_133[50.0,49.2,] 	 SYMBOL:	 ARGS:
		 1: %self->link_to def_%v_135 %self[5.2,2.0,2.12,] %v_131[49.0,] %v_134[51.0,] 	 SYMBOL:	 ARGS:%v_131,%v_134,
		 2: 
		 3: %self->call_hook def_%v_136 %self[51.1,5.2,2.0,2.12,] 	 SYMBOL:view_layouts_base_body_bottom,	 ARGS:Symbol,
		 4: 
		 5: GETFIELD %self->user def_%v_137 %self[51.1,51.3,2.0,] 
		 6: %v_137->name def_%v_138 %v_137[51.5,] 	 SYMBOL:	 ARGS:
		 7: 
		 8: COPY TYPE_StringLiteral "email_addresses/index" def_%v_139 
		 9: HASH-partial- def_%v_140 %v_139[51.8,] 
		 10: %self->render def_%v_141 %self[51.1,51.3,5.2,2.0,2.12,] %v_140[51.9,] 	 SYMBOL:	 ARGS:%v_140,
		 11: 
		 12: GETFIELD %self->addresses def_%v_142 %self[51.1,51.3,51.10,2.0,2.12,] 
		 13: %v_142->present? def_%v_143 %v_142[51.12,] 	 SYMBOL:	 ARGS:
		 14: BRANCH %v_143[51.13,] 
BB 52
	outgoing: 54 
	datadep: 
	instructions:
		 0: 
		 1: GETFIELD %self->addresses def_%v_144 %self[2.0,2.12,] 
		 2: %v_144->each def_%v_145 %v_144[52.1,] %self[5.2,2.0,2.12,] 	 SYMBOL:	 ARGS:%v_144,
CLOSURE BEGIN: %self[5.2,2.0,2.12,] address[] 
BB 1
	outgoing: 6 2 
	datadep: 
	instructions:
BB 2
	outgoing: 3 
	datadep: 
	instructions:
		 0: def_%self 
		 1: def_%cl_3_0 
		 2: RECEIVEARG def_address 
		 3: COPY TYPE_CurrentScope def_%current_scope 
		 4: COPY TYPE_ScopeModule def_%current_module 
BB 3
	outgoing: 4 6 
	datadep: 
	instructions:
		 0: 
		 1: COPY TYPE_StringLiteral "odd" def_%cl_3_3 
		 2: COPY TYPE_StringLiteral "even" def_%cl_3_4 
		 3: %self->cycle def_%cl_3_5 %self[2.0,] %cl_3_3[3.1,] %cl_3_4[3.2,] 	 SYMBOL:	 ARGS:%cl_3_3,%cl_3_4,
		 4: 
		 5: address->address def_%cl_3_6 address[2.2,] 	 SYMBOL:	 ARGS:
		 6: 
		 7: %self->toggle_email_address_notify_link def_%cl_3_7 %self[3.3,2.0,] address[3.5,2.2,] 	 SYMBOL:	 ARGS:address,
		 8: 
		 9: GETFIELD %self->user def_%cl_3_8 %self[3.3,3.7,2.0,] 
		 10: %self->user_email_address_path def_%cl_3_9 %self[3.3,3.7,2.0,] %cl_3_8[3.9,] address[3.5,2.2,] 	 SYMBOL:	 ARGS:%cl_3_8,address,
		 11: HASH-remote- def_%cl_3_10 
		 12: %self->delete_link def_%cl_3_11 %self[3.3,3.7,3.10,2.0,] %cl_3_9[3.10,] %cl_3_10[3.11,] 	 SYMBOL:	 ARGS:%cl_3_9,%cl_3_10,
		 13: RETURN %cl_3_11[3.12,] %self[3.3,3.7,3.10,3.12,2.0,] 
BB 4
	outgoing: 6 
	datadep: 
	instructions:
		 0: def_%cl_3_12 
		 1: def_%cl_3_13 %cl_3_12[4.0,] 
		 2: RETURN %cl_3_13[4.1,] %self[2.0,] 
BB 6
	outgoing: 
	datadep: 
	instructions:
CLOSURE END: 
		 3: 
BB 53
	outgoing: 54 
	datadep: 
	instructions:
		 0: COPY TYPE_Nil def_%v_145 
BB 54
	outgoing: 55 56 
	datadep: 
	instructions:
		 0: 
		 1: GETFIELD %self->addresses def_%v_146 %self[2.0,2.12,] 
		 2: %v_146->size def_%v_147 %v_146[54.1,] 	 SYMBOL:	 ARGS:
		 3: (Setting) def_%v_148 
		 4: %v_148->max_additional_emails def_%v_149 %v_148[54.3,] 	 SYMBOL:	 ARGS:
		 5: %v_149->to_i def_%v_150 %v_149[54.4,] 	 SYMBOL:	 ARGS:
		 6: %v_147->>= def_%v_151 %v_147[54.2,] %v_150[54.5,] 	 SYMBOL:	 ARGS:%v_150,
		 7: BRANCH %v_151[54.6,] 
BB 55
	outgoing: 58 
	datadep: 
	instructions:
		 0: COPY TYPE_Nil def_%v_152 
		 1: RETURN %v_152[55.0,] %self[5.2,2.0,2.12,] 
BB 56
	outgoing: 58 
	datadep: 
	instructions:
		 0: 
		 1: GETFIELD %self->address def_%v_153 %self[5.2,2.0,] 
		 2: GETFIELD %self->user def_%v_154 %self[2.0,] 
		 3: %self->user_email_addresses_path def_%v_155 %self[5.2,2.0,2.12,] %v_154[56.2,] 	 SYMBOL:	 ARGS:%v_154,
		 4: HASH-url-remote- def_%v_156 %v_155[56.3,] 
		 5: %self->form_for def_%v_157 %self[56.3,5.2,2.0,2.12,] %v_153[56.1,] %v_156[56.4,] %self[56.3,5.2,2.0,2.12,] 	 SYMBOL:	 ARGS:%v_153,%v_156,%self,
CLOSURE BEGIN: %self[56.3,5.2,2.0,2.12,] f[] 
BB 1
	outgoing: 6 2 
	datadep: 
	instructions:
BB 2
	outgoing: 3 
	datadep: 
	instructions:
		 0: def_%self 
		 1: def_%cl_4_0 
		 2: RECEIVEARG def_f 
		 3: COPY TYPE_CurrentScope def_%current_scope 
		 4: COPY TYPE_ScopeModule def_%current_module 
BB 3
	outgoing: 4 6 
	datadep: 
	instructions:
		 0: 
		 1: %self->l def_%cl_4_3 %self[2.0,] 	 SYMBOL:label_email_address_add,	 ARGS:Symbol,
		 2: 
		 3: GETFIELD %self->address def_%cl_4_4 %self[3.1,2.0,] 
		 4: %self->error_messages_for def_%cl_4_5 %self[3.1,2.0,] %cl_4_4[3.3,] 	 SYMBOL:	 ARGS:%cl_4_4,
		 5: 
		 6: HASH-size- def_%cl_4_6 
		 7: f->text_field def_%cl_4_7 f[2.2,] %cl_4_6[3.6,] 	 SYMBOL:address,	 ARGS:Symbol,%cl_4_6,
		 8: 
		 9: %self->l def_%cl_4_8 %self[3.1,3.4,2.0,] 	 SYMBOL:button_add,	 ARGS:Symbol,
		 10: %self->submit_tag def_%cl_4_9 %self[3.1,3.4,3.9,2.0,] %cl_4_8[3.9,] 	 SYMBOL:	 ARGS:%cl_4_8,
		 11: RETURN %cl_4_9[3.10,] %self[3.1,3.4,3.9,3.10,2.0,] 
BB 4
	outgoing: 6 
	datadep: 
	instructions:
		 0: def_%cl_4_10 
		 1: def_%cl_4_11 %cl_4_10[4.0,] 
		 2: RETURN %cl_4_11[4.1,] %self[2.0,] 
BB 6
	outgoing: 
	datadep: 
	instructions:
CLOSURE END: 
		 6: RETURN %v_157[56.5,] %self[56.3,56.5,5.2,2.0,2.12,] 
BB 58
	outgoing: 
	datadep: 
	instructions:

SET IRMethod, name = create instanceMethod = true
BB 1
	outgoing: 57 2 
	datadep: 
	instructions:
BB 2
	outgoing: 3 4 
	datadep: 
	instructions:
		 0: def_%self 
		 1: def_%v_0 
		 2: COPY TYPE_CurrentScope def_%current_scope 
		 3: COPY TYPE_ScopeModule def_%current_module 
		 4: 
		 5: 
		 6: COPY TYPE_Boolean def_saved 
		 7: 
		 8: GETFIELD %self->user def_%v_3 %self[2.0,] 
		 9: %v_3->email_addresses def_%v_4 %v_3[2.8,] 	 SYMBOL:	 ARGS:
		 10: %v_4->count def_%v_5 %v_4[2.9,] 	 SYMBOL:	 ARGS:
		 11: (Setting) def_%v_6 
		 12: %v_6->max_additional_emails def_%v_7 %v_6[2.11,] 	 SYMBOL:	 ARGS:
		 13: %v_7->to_i def_%v_8 %v_7[2.12,] 	 SYMBOL:	 ARGS:
		 14: %v_5-><= def_%v_9 %v_5[2.10,] %v_8[2.13,] 	 SYMBOL:	 ARGS:%v_8,
		 15: BRANCH %v_9[2.14,] 
BB 3
	outgoing: 5 
	datadep: 
	instructions:
		 0: 
		 1: (EmailAddress) def_%v_10 
		 2: GETFIELD %self->user def_%v_11 %self[2.0,] 
		 3: HASH-user-is_default- def_%v_12 %v_11[3.2,] 
		 4: %v_10->new def_%v_13 %v_10[3.1,] %v_12[3.3,] 	 SYMBOL:	 ARGS:%v_12,
		 5: ATTRASSIGN %self->address %v_13[3.4,] 
		 6: 
		 7: GETFIELD %self->address def_%v_14 %self[3.5,2.0,] 
		 8: %self->params def_%v_15 %self[3.5,2.0,] 	 SYMBOL:	 ARGS:
		 9: %v_15->[] def_%v_16 %v_15[3.8,] 	 SYMBOL:email_address,	 ARGS:Symbol,
		 10: ATTRASSIGN %v_14->safe_attributes %v_16[3.9,] 
		 11: 
		 12: GETFIELD %self->address def_%v_17 %self[3.5,3.8,2.0,] 
		 13: %v_17->save def_%v_18 %v_17[3.12,] 	 SYMBOL:	 ARGS:
		 14: COPY TYPE_PASS def_saved %v_18[3.13,] 
		 15: 
BB 4
	outgoing: 5 
	datadep: 
	instructions:
		 0: COPY TYPE_Nil def_%v_18 
BB 5
	outgoing: 6 7 
	datadep: 
	instructions:
		 0: 
		 1: %self->respond_to def_%v_19 %self[3.5,2.0,] %self[3.5,2.0,] 	 SYMBOL:	 ARGS:%self,
CLOSURE BEGIN: format[] %self[3.5,2.0,] saved[3.14,2.6,] 
BB 1
	outgoing: 6 2 
	datadep: 
	instructions:
BB 2
	outgoing: 3 
	datadep: 
	instructions:
		 0: def_%self 
		 1: def_%cl_1_0 
		 2: RECEIVEARG def_format 
		 3: COPY TYPE_CurrentScope def_%current_scope 
		 4: COPY TYPE_ScopeModule def_%current_module 
BB 3
	outgoing: 4 6 
	datadep: 
	instructions:
		 0: 
		 1: format->html def_%cl_1_3 format[2.2,] %self[2.0,] 	 SYMBOL:	 ARGS:format,
CLOSURE BEGIN: saved[] %self[2.0,] 
BB 1
	outgoing: 9 2 
	datadep: 
	instructions:
BB 2
	outgoing: 4 5 
	datadep: 
	instructions:
		 0: def_%self 
		 1: def_%cl_2_0 
		 2: COPY TYPE_CurrentScope def_%current_scope 
		 3: COPY TYPE_ScopeModule def_%current_module 
		 4: 
		 5: BRANCH saved[] 
BB 4
	outgoing: 6 7 
	datadep: 
	instructions:
		 0: 
		 1: GETFIELD %self->user def_%cl_2_3 %self[2.0,] 
		 2: %self->user_email_addresses_path def_%cl_2_4 %self[2.0,] %cl_2_3[4.1,] 	 SYMBOL:	 ARGS:%cl_2_3,
		 3: %self->redirect_to def_%cl_2_5 %self[4.2,2.0,] %cl_2_4[4.2,] 	 SYMBOL:	 ARGS:%cl_2_4,
		 4: 
BB 5
	outgoing: 7 9 
	datadep: 
	instructions:
		 0: 
		 1: %self->index def_%cl_2_6 %self[2.0,] 	 SYMBOL:	 ARGS:
		 2: 
		 3: COPY TYPE_StringLiteral "index" def_%cl_2_7 
		 4: HASH-action- def_%cl_2_8 %cl_2_7[5.3,] 
		 5: %self->render def_%cl_2_9 %self[5.1,2.0,] %cl_2_8[5.4,] 	 SYMBOL:	 ARGS:%cl_2_8,
		 6: RETURN %cl_2_9[5.5,] %self[5.1,5.5,2.0,] 
BB 6
	outgoing: 9 
	datadep: 
	instructions:
		 0: RETURN %cl_2_5[4.3,] %self[2.0,] 
BB 7
	outgoing: 9 
	datadep: 
	instructions:
		 0: def_%cl_2_10 
		 1: def_%cl_2_11 %cl_2_10[7.0,] 
		 2: RETURN %cl_2_11[7.1,] %self[2.0,] 
BB 9
	outgoing: 
	datadep: 
	instructions:
CLOSURE END: 
		 2: 
		 3: format->js def_%cl_1_4 format[3.1,2.2,] %self[2.0,] 	 SYMBOL:	 ARGS:format,
CLOSURE BEGIN: saved[] %self[2.0,] 
BB 1
	outgoing: 9 2 
	datadep: 
	instructions:
BB 2
	outgoing: 4 5 
	datadep: 
	instructions:
		 0: def_%self 
		 1: def_%cl_3_0 
		 2: COPY TYPE_CurrentScope def_%current_scope 
		 3: COPY TYPE_ScopeModule def_%current_module 
		 4: 
		 5: BRANCH saved[] 
BB 4
	outgoing: 6 7 
	datadep: 
	instructions:
		 0: ATTRASSIGN %self->address 
		 1: COPY TYPE_Nil def_%cl_3_3 
		 2: 
BB 5
	outgoing: 6 
	datadep: 
	instructions:
		 0: COPY TYPE_Nil def_%cl_3_3 
BB 6
	outgoing: 7 9 
	datadep: 
	instructions:
		 0: 
		 1: %self->index def_%cl_3_4 %self[4.0,2.0,] 	 SYMBOL:	 ARGS:
		 2: 
		 3: COPY TYPE_StringLiteral "index" def_%cl_3_5 
		 4: HASH-action- def_%cl_3_6 %cl_3_5[6.3,] 
		 5: %self->render def_%cl_3_7 %self[6.1,4.0,2.0,] %cl_3_6[6.4,] 	 SYMBOL:	 ARGS:%cl_3_6,
		 6: RETURN %cl_3_7[6.5,] %self[6.1,6.5,4.0,2.0,] 
BB 7
	outgoing: 9 
	datadep: 
	instructions:
		 0: def_%cl_3_8 
		 1: def_%cl_3_9 %cl_3_8[7.0,] 
		 2: RETURN %cl_3_9[7.1,] %self[4.0,2.0,] 
BB 9
	outgoing: 
	datadep: 
	instructions:
CLOSURE END: 
		 4: RETURN %cl_1_4[3.3,] %self[2.0,] 
BB 4
	outgoing: 6 
	datadep: 
	instructions:
		 0: def_%cl_1_5 
		 1: def_%cl_1_6 %cl_1_5[4.0,] 
		 2: RETURN %cl_1_6[4.1,] %self[2.0,] 
BB 6
	outgoing: 
	datadep: 
	instructions:
CLOSURE END: 
		 2: 
		 3: %self->current_language def_%v_20 %self[5.1,3.5,2.0,] 	 SYMBOL:	 ARGS:
		 4: 
		 5: %self->html_title def_%v_21 %self[5.1,5.3,3.5,2.0,] 	 SYMBOL:	 ARGS:
		 6: 
		 7: (Redmine) def_%v_22 
		 8: (inherit Info) def_%v_23 %v_22[5.7,] 
		 9: %v_23[5.8,] 
BB 6
	outgoing: 7 
	datadep: 
	instructions:
		 0: %v_22->const_missing def_%v_23 %v_22[5.7,] 	 SYMBOL:Info,	 ARGS:Symbol,
BB 7
	outgoing: 8 9 
	datadep: 
	instructions:
		 0: %v_23->app_name def_%v_24 %v_23[6.0,5.8,] 	 SYMBOL:	 ARGS:
		 1: 
		 2: %self->csrf_meta_tag def_%v_25 %self[3.5,2.0,] 	 SYMBOL:	 ARGS:
		 3: 
		 4: %self->favicon def_%v_26 %self[7.2,3.5,2.0,] 	 SYMBOL:	 ARGS:
		 5: 
		 6: COPY TYPE_StringLiteral "jquery/jquery-ui-1.11.0" def_%v_27 
		 7: COPY TYPE_StringLiteral "application" def_%v_28 
		 8: COPY TYPE_StringLiteral "responsive" def_%v_29 
		 9: COPY TYPE_StringLiteral "all" def_%v_30 
		 10: HASH-media- def_%v_31 %v_30[7.9,] 
		 11: %self->stylesheet_link_tag def_%v_32 %self[7.2,7.4,3.5,2.0,] %v_27[7.6,] %v_28[7.7,] %v_29[7.8,] %v_31[7.10,] 	 SYMBOL:	 ARGS:%v_27,%v_28,%v_29,%v_31,
		 12: 
		 13: %self->l def_%v_33 %self[7.2,7.4,7.11,3.5,2.0,] 	 SYMBOL:direction,	 ARGS:Symbol,
		 14: COPY TYPE_StringLiteral "rtl" def_%v_34 
		 15: %v_33->== def_%v_35 %v_33[7.13,] %v_34[7.14,] 	 SYMBOL:	 ARGS:%v_34,
		 16: BRANCH %v_35[7.15,] 
BB 8
	outgoing: 10 
	datadep: 
	instructions:
		 0: COPY TYPE_StringLiteral "rtl" def_%v_36 
		 1: COPY TYPE_StringLiteral "all" def_%v_37 
		 2: HASH-media- def_%v_38 %v_37[8.1,] 
		 3: %self->stylesheet_link_tag def_%v_39 %self[3.5,2.0,] %v_36[8.0,] %v_38[8.2,] 	 SYMBOL:	 ARGS:%v_36,%v_38,
		 4: 
BB 9
	outgoing: 10 
	datadep: 
	instructions:
		 0: COPY TYPE_Nil def_%v_39 
BB 10
	outgoing: 11 12 
	datadep: 
	instructions:
		 0: 
		 1: %self->javascript_heads def_%v_40 %self[3.5,2.0,] 	 SYMBOL:	 ARGS:
		 2: 
		 3: %self->heads_for_theme def_%v_41 %self[10.1,3.5,2.0,] 	 SYMBOL:	 ARGS:
		 4: 
		 5: %self->call_hook def_%v_42 %self[10.1,10.3,3.5,2.0,] 	 SYMBOL:view_layouts_base_html_head,	 ARGS:Symbol,
		 6: 
		 7: def_%v_43 %v_0[2.1,] 
		 8: 
		 9: %self->body_css_classes def_%v_44 %self[10.1,10.3,10.5,3.5,2.0,] 	 SYMBOL:	 ARGS:
		 10: 
		 11: %self->call_hook def_%v_45 %self[10.1,10.3,10.5,10.9,3.5,2.0,] 	 SYMBOL:view_layouts_base_body_top,	 ARGS:Symbol,
		 12: 
		 13: (User) def_%v_46 
		 14: %v_46->current def_%v_47 %v_46[10.13,] 	 SYMBOL:	 ARGS:
		 15: %v_47->logged? def_%v_48 %v_47[10.14,] 	 SYMBOL:	 ARGS:
		 16: BRANCH %v_48[10.15,] 
BB 11
	outgoing: 12 
	datadep: 
	instructions:
		 0: (Setting) def_%v_49 
		 1: %v_49->login_required? def_%v_50 %v_49[11.0,] 	 SYMBOL:	 ARGS:
		 2: %v_50->! def_%v_51 %v_50[11.1,] 	 SYMBOL:	 ARGS:
		 3: COPY TYPE_PASS def_%v_48 %v_51[11.2,] 
BB 12
	outgoing: 13 14 
	datadep: 
	instructions:
		 0: BRANCH %v_48[11.3,10.15,] 
BB 13
	outgoing: 15 
	datadep: 
	instructions:
		 0: 
		 1: COPY TYPE_StringLiteral "search" def_%v_52 
		 2: COPY TYPE_StringLiteral "index" def_%v_53 
		 3: GETFIELD %self->project def_%v_54 %self[2.0,] 
		 4: HASH-controller-action-id- def_%v_55 %v_52[13.1,] %v_53[13.2,] %v_54[13.3,] 
		 5: HASH-method- def_%v_56 
		 6: %self->form_tag def_%v_57 %self[3.5,2.0,] %v_55[13.4,] %v_56[13.5,] %self[3.5,2.0,] 	 SYMBOL:	 ARGS:%v_55,%v_56,%self,
CLOSURE BEGIN: %self[3.5,2.0,] 
BB 1
	outgoing: 9 2 
	datadep: 
	instructions:
BB 2
	outgoing: 3 
	datadep: 
	instructions:
		 0: def_%self 
		 1: def_%cl_4_0 
		 2: COPY TYPE_CurrentScope def_%current_scope 
		 3: COPY TYPE_ScopeModule def_%current_module 
BB 3
	outgoing: 4 5 7 
	datadep: 
	instructions:
		 0: 
		 1: %self->controller def_%cl_4_3 %self[2.0,] 	 SYMBOL:	 ARGS:
		 2: %cl_4_3->default_search_scope def_%cl_4_4 %cl_4_3[3.1,] 	 SYMBOL:	 ARGS:
		 3: BRANCH %cl_4_4[3.2,] 
BB 4
	outgoing: 6 7 
	datadep: 
	instructions:
		 0: %self->controller def_%cl_4_5 %self[2.0,] 	 SYMBOL:	 ARGS:
		 1: %cl_4_5->default_search_scope def_%cl_4_6 %cl_4_5[4.0,] 	 SYMBOL:	 ARGS:
		 2: HASH-id- def_%cl_4_7 
		 3: %self->hidden_field_tag def_%cl_4_8 %self[4.0,2.0,] %cl_4_6[4.1,] %cl_4_7[4.2,] 	 SYMBOL:	 ARGS:%cl_4_6,Fixnum,%cl_4_7,
		 4: 
BB 5
	outgoing: 6 
	datadep: 
	instructions:
		 0: COPY TYPE_Nil def_%cl_4_8 
BB 6
	outgoing: 7 9 
	datadep: 
	instructions:
		 0: 
		 1: COPY TYPE_StringLiteral "flyout-search" def_%cl_4_9 
		 2: COPY TYPE_StringLiteral "&#9906;" def_%cl_4_10 
		 3: %cl_4_10->html_safe def_%cl_4_11 %cl_4_10[6.2,] 	 SYMBOL:	 ARGS:
		 4: COPY TYPE_StringLiteral "search-magnifier search-magnifier--flyout" def_%cl_4_12 
		 5: HASH-class- def_%cl_4_13 %cl_4_12[6.4,] 
		 6: %self->label_tag def_%cl_4_14 %self[2.0,] %cl_4_9[6.1,] %cl_4_11[6.3,] %cl_4_13[6.5,] 	 SYMBOL:	 ARGS:%cl_4_9,%cl_4_11,%cl_4_13,
		 7: 
		 8: COPY TYPE_StringLiteral "q" def_%cl_4_15 
		 9: GETFIELD %self->question def_%cl_4_16 %self[6.6,2.0,] 
		 10: COPY TYPE_StringLiteral "flyout-search" def_%cl_4_17 
		 11: COPY TYPE_StringLiteral "small js-search-input" def_%cl_4_18 
		 12: %self->l def_%cl_4_19 %self[6.6,2.0,] 	 SYMBOL:label_search,	 ARGS:Symbol,
		 13: HASH-id-class-placeholder- def_%cl_4_20 %cl_4_17[6.10,] %cl_4_18[6.11,] %cl_4_19[6.12,] 
		 14: %self->text_field_tag def_%cl_4_21 %self[6.6,6.12,2.0,] %cl_4_15[6.8,] %cl_4_16[6.9,] %cl_4_20[6.13,] 	 SYMBOL:	 ARGS:%cl_4_15,%cl_4_16,%cl_4_20,
		 15: RETURN %cl_4_21[6.14,] %self[6.6,6.12,6.14,2.0,] 
BB 7
	outgoing: 9 
	datadep: 
	instructions:
		 0: def_%cl_4_22 
		 1: def_%cl_4_23 %cl_4_22[7.0,] 
		 2: RETURN %cl_4_23[7.1,] %self[2.0,] 
BB 9
	outgoing: 
	datadep: 
	instructions:
CLOSURE END: 
		 7: 
BB 14
	outgoing: 15 
	datadep: 
	instructions:
		 0: COPY TYPE_Nil def_%v_57 
BB 15
	outgoing: 16 23 
	datadep: 
	instructions:
		 0: 
		 1: (User) def_%v_58 
		 2: %v_58->current def_%v_59 %v_58[15.1,] 	 SYMBOL:	 ARGS:
		 3: %v_59->logged? def_%v_60 %v_59[15.2,] 	 SYMBOL:	 ARGS:
		 4: BRANCH %v_60[15.3,] 
BB 16
	outgoing: 17 18 
	datadep: 
	instructions:
		 0: 
		 1: (Setting) def_%v_61 
		 2: %v_61->gravatar_enabled? def_%v_62 %v_61[16.1,] 	 SYMBOL:	 ARGS:
		 3: %v_62->! def_%v_63 %v_62[16.2,] 	 SYMBOL:	 ARGS:
		 4: BRANCH %v_63[16.3,] 
BB 17
	outgoing: 19 
	datadep: 
	instructions:
		 0: COPY TYPE_Nil def_%v_64 
		 1: 
BB 18
	outgoing: 19 
	datadep: 
	instructions:
		 0: COPY TYPE_Nil def_%v_64 
BB 19
	outgoing: 20 21 
	datadep: 
	instructions:
		 0: 
		 1: (Setting) def_%v_65 
		 2: %v_65->gravatar_enabled? def_%v_66 %v_65[19.1,] 	 SYMBOL:	 ARGS:
		 3: BRANCH %v_66[19.2,] 
BB 20
	outgoing: 22 
	datadep: 
	instructions:
		 0: 
		 1: (User) def_%v_67 
		 2: %v_67->current def_%v_68 %v_67[20.1,] 	 SYMBOL:	 ARGS:
		 3: COPY TYPE_StringLiteral "80" def_%v_69 
		 4: HASH-size- def_%v_70 %v_69[20.3,] 
		 5: %self->avatar def_%v_71 %self[3.5,2.0,] %v_68[20.2,] %v_70[20.4,] 	 SYMBOL:	 ARGS:%v_68,%v_70,
		 6: (User) def_%v_72 
		 7: %v_72->current def_%v_73 %v_72[20.6,] 	 SYMBOL:	 ARGS:
		 8: %self->user_path def_%v_74 %self[20.5,3.5,2.0,] %v_73[20.7,] 	 SYMBOL:	 ARGS:%v_73,
		 9: %self->link_to def_%v_75 %self[20.5,20.8,3.5,2.0,] %v_71[20.5,] %v_74[20.8,] 	 SYMBOL:	 ARGS:%v_71,%v_74,
		 10: 
BB 21
	outgoing: 22 
	datadep: 
	instructions:
		 0: COPY TYPE_Nil def_%v_75 
BB 22
	outgoing: 24 
	datadep: 
	instructions:
		 0: 
		 1: (User) def_%v_76 
		 2: %v_76->current def_%v_77 %v_76[22.1,] 	 SYMBOL:	 ARGS:
		 3: HASH-format- def_%v_78 
		 4: %self->link_to_user def_%v_79 %self[3.5,2.0,] %v_77[22.2,] %v_78[22.3,] 	 SYMBOL:	 ARGS:%v_77,%v_78,
		 5: 
BB 23
	outgoing: 24 
	datadep: 
	instructions:
		 0: COPY TYPE_Nil def_%v_79 
BB 24
	outgoing: 25 26 
	datadep: 
	instructions:
		 0: 
		 1: GETFIELD %self->project def_%v_80 %self[2.0,] 
		 2: %self->display_main_menu? def_%v_81 %self[3.5,2.0,] %v_80[24.1,] 	 SYMBOL:	 ARGS:%v_80,
		 3: BRANCH %v_81[24.2,] 
BB 25
	outgoing: 27 
	datadep: 
	instructions:
		 0: 
		 1: %self->l def_%v_82 %self[3.5,2.0,] 	 SYMBOL:label_project,	 ARGS:Symbol,
		 2: 
BB 26
	outgoing: 27 
	datadep: 
	instructions:
		 0: COPY TYPE_Nil def_%v_82 
BB 27
	outgoing: 28 29 
	datadep: 
	instructions:
		 0: 
		 1: %self->l def_%v_83 %self[3.5,2.0,] 	 SYMBOL:label_general,	 ARGS:Symbol,
		 2: 
		 3: %self->l def_%v_84 %self[27.1,3.5,2.0,] 	 SYMBOL:label_profile,	 ARGS:Symbol,
		 4: 
		 5: %self->render_menu def_%v_85 %self[27.1,27.3,3.5,2.0,] 	 SYMBOL:account_menu,	 ARGS:Symbol,
		 6: 
		 7: (User) def_%v_86 
		 8: %v_86->current def_%v_87 %v_86[27.7,] 	 SYMBOL:	 ARGS:
		 9: %v_87->logged? def_%v_88 %v_87[27.8,] 	 SYMBOL:	 ARGS:
		 10: BRANCH %v_88[27.9,] 
BB 28
	outgoing: 30 
	datadep: 
	instructions:
		 0: COPY TYPE_StringLiteral "div" def_%v_89 
		 1: %self->l def_%v_90 %self[3.5,2.0,] 	 SYMBOL:label_logged_as,	 ARGS:Symbol,
		 2: COPY TYPE_StringLiteral " " def_%v_91 
		 3: (User) def_%v_92 
		 4: %v_92->current def_%v_93 %v_92[28.3,] 	 SYMBOL:	 ARGS:
		 5: HASH-format- def_%v_94 
		 6: %self->link_to_user def_%v_95 %self[28.1,3.5,2.0,] %v_93[28.4,] %v_94[28.5,] 	 SYMBOL:	 ARGS:%v_93,%v_94,
		 7: BUILDSTRING def_%v_96 %v_90[28.1,] %v_91[28.2,] %v_95[28.6,] 
		 8: %v_96->html_safe def_%v_97 %v_96[28.7,] 	 SYMBOL:	 ARGS:
		 9: COPY TYPE_StringLiteral "loggedas" def_%v_98 
		 10: HASH-id- def_%v_99 %v_98[28.9,] 
		 11: %self->content_tag def_%v_100 %self[28.1,28.6,3.5,2.0,] %v_89[28.0,] %v_97[28.8,] %v_99[28.10,] 	 SYMBOL:	 ARGS:%v_89,%v_97,%v_99,
		 12: 
BB 29
	outgoing: 30 
	datadep: 
	instructions:
		 0: COPY TYPE_Nil def_%v_100 
BB 30
	outgoing: 31 32 
	datadep: 
	instructions:
		 0: 
		 1: (User) def_%v_101 
		 2: %v_101->current def_%v_102 %v_101[30.1,] 	 SYMBOL:	 ARGS:
		 3: %v_102->logged? def_%v_103 %v_102[30.2,] 	 SYMBOL:	 ARGS:
		 4: BRANCH %v_103[30.3,] 
BB 31
	outgoing: 32 
	datadep: 
	instructions:
		 0: (Setting) def_%v_104 
		 1: %v_104->login_required? def_%v_105 %v_104[31.0,] 	 SYMBOL:	 ARGS:
		 2: %v_105->! def_%v_106 %v_105[31.1,] 	 SYMBOL:	 ARGS:
		 3: COPY TYPE_PASS def_%v_103 %v_106[31.2,] 
BB 32
	outgoing: 33 34 
	datadep: 
	instructions:
		 0: BRANCH %v_103[31.3,30.3,] 
BB 33
	outgoing: 35 
	datadep: 
	instructions:
		 0: %self->render_menu def_%v_107 %self[3.5,2.0,] 	 SYMBOL:top_menu,	 ARGS:Symbol,
		 1: 
BB 34
	outgoing: 35 
	datadep: 
	instructions:
		 0: COPY TYPE_Nil def_%v_107 
BB 35
	outgoing: 36 37 
	datadep: 
	instructions:
		 0: 
		 1: (User) def_%v_108 
		 2: %v_108->current def_%v_109 %v_108[35.1,] 	 SYMBOL:	 ARGS:
		 3: %v_109->logged? def_%v_110 %v_109[35.2,] 	 SYMBOL:	 ARGS:
		 4: BRANCH %v_110[35.3,] 
BB 36
	outgoing: 37 
	datadep: 
	instructions:
		 0: (Setting) def_%v_111 
		 1: %v_111->login_required? def_%v_112 %v_111[36.0,] 	 SYMBOL:	 ARGS:
		 2: %v_112->! def_%v_113 %v_112[36.1,] 	 SYMBOL:	 ARGS:
		 3: COPY TYPE_PASS def_%v_110 %v_113[36.2,] 
BB 37
	outgoing: 38 39 
	datadep: 
	instructions:
		 0: BRANCH %v_110[36.3,35.3,] 
BB 38
	outgoing: 40 
	datadep: 
	instructions:
		 0: 
		 1: COPY TYPE_StringLiteral "search" def_%v_114 
		 2: COPY TYPE_StringLiteral "index" def_%v_115 
		 3: GETFIELD %self->project def_%v_116 %self[2.0,] 
		 4: HASH-controller-action-id- def_%v_117 %v_114[38.1,] %v_115[38.2,] %v_116[38.3,] 
		 5: HASH-method- def_%v_118 
		 6: %self->form_tag def_%v_119 %self[3.5,2.0,] %v_117[38.4,] %v_118[38.5,] %self[3.5,2.0,] 	 SYMBOL:	 ARGS:%v_117,%v_118,%self,
CLOSURE BEGIN: %self[3.5,2.0,] 
BB 1
	outgoing: 9 2 
	datadep: 
	instructions:
BB 2
	outgoing: 3 
	datadep: 
	instructions:
		 0: def_%self 
		 1: def_%cl_5_0 
		 2: COPY TYPE_CurrentScope def_%current_scope 
		 3: COPY TYPE_ScopeModule def_%current_module 
BB 3
	outgoing: 4 5 7 
	datadep: 
	instructions:
		 0: 
		 1: %self->controller def_%cl_5_3 %self[2.0,] 	 SYMBOL:	 ARGS:
		 2: %cl_5_3->default_search_scope def_%cl_5_4 %cl_5_3[3.1,] 	 SYMBOL:	 ARGS:
		 3: BRANCH %cl_5_4[3.2,] 
BB 4
	outgoing: 6 7 
	datadep: 
	instructions:
		 0: %self->controller def_%cl_5_5 %self[2.0,] 	 SYMBOL:	 ARGS:
		 1: %cl_5_5->default_search_scope def_%cl_5_6 %cl_5_5[4.0,] 	 SYMBOL:	 ARGS:
		 2: HASH-id- def_%cl_5_7 
		 3: %self->hidden_field_tag def_%cl_5_8 %self[4.0,2.0,] %cl_5_6[4.1,] %cl_5_7[4.2,] 	 SYMBOL:	 ARGS:%cl_5_6,Fixnum,%cl_5_7,
		 4: 
BB 5
	outgoing: 6 
	datadep: 
	instructions:
		 0: COPY TYPE_Nil def_%cl_5_8 
BB 6
	outgoing: 7 9 
	datadep: 
	instructions:
		 0: 
		 1: %self->l def_%cl_5_9 %self[2.0,] 	 SYMBOL:label_search,	 ARGS:Symbol,
		 2: COPY TYPE_StringLiteral "search" def_%cl_5_10 
		 3: COPY TYPE_StringLiteral "index" def_%cl_5_11 
		 4: GETFIELD %self->project def_%cl_5_12 %self[6.1,2.0,] 
		 5: HASH-controller-action-id- def_%cl_5_13 %cl_5_10[6.2,] %cl_5_11[6.3,] %cl_5_12[6.4,] 
		 6: %self->accesskey def_%cl_5_14 %self[6.1,2.0,] 	 SYMBOL:search,	 ARGS:Symbol,
		 7: HASH-accesskey- def_%cl_5_15 %cl_5_14[6.6,] 
		 8: %self->link_to def_%cl_5_16 %self[6.1,6.6,2.0,] %cl_5_9[6.1,] %cl_5_13[6.5,] %cl_5_15[6.7,] 	 SYMBOL:	 ARGS:%cl_5_9,%cl_5_13,%cl_5_15,
		 9: 
		 10: COPY TYPE_StringLiteral "q" def_%cl_5_17 
		 11: GETFIELD %self->question def_%cl_5_18 %self[6.1,6.6,6.8,2.0,] 
		 12: COPY TYPE_StringLiteral "small" def_%cl_5_19 
		 13: %self->accesskey def_%cl_5_20 %self[6.1,6.6,6.8,2.0,] 	 SYMBOL:quick_search,	 ARGS:Symbol,
		 14: HASH-size-class-accesskey- def_%cl_5_21 %cl_5_19[6.12,] %cl_5_20[6.13,] 
		 15: %self->text_field_tag def_%cl_5_22 %self[6.1,6.6,6.8,6.13,2.0,] %cl_5_17[6.10,] %cl_5_18[6.11,] %cl_5_21[6.14,] 	 SYMBOL:	 ARGS:%cl_5_17,%cl_5_18,%cl_5_21,
		 16: RETURN %cl_5_22[6.15,] %self[6.1,6.6,6.8,6.13,6.15,2.0,] 
BB 7
	outgoing: 9 
	datadep: 
	instructions:
		 0: def_%cl_5_23 
		 1: def_%cl_5_24 %cl_5_23[7.0,] 
		 2: RETURN %cl_5_24[7.1,] %self[2.0,] 
BB 9
	outgoing: 
	datadep: 
	instructions:
CLOSURE END: 
		 7: 
		 8: %self->render_project_jump_box def_%v_120 %self[38.6,3.5,2.0,] 	 SYMBOL:	 ARGS:
		 9: 
BB 39
	outgoing: 40 
	datadep: 
	instructions:
		 0: COPY TYPE_Nil def_%v_120 
BB 40
	outgoing: 41 42 
	datadep: 
	instructions:
		 0: 
		 1: %self->page_header_title def_%v_121 %self[3.5,2.0,] 	 SYMBOL:	 ARGS:
		 2: 
		 3: GETFIELD %self->project def_%v_122 %self[40.1,2.0,] 
		 4: %self->display_main_menu? def_%v_123 %self[40.1,3.5,2.0,] %v_122[40.3,] 	 SYMBOL:	 ARGS:%v_122,
		 5: BRANCH %v_123[40.4,] 
BB 41
	outgoing: 43 
	datadep: 
	instructions:
		 0: 
		 1: GETFIELD %self->project def_%v_124 %self[2.0,] 
		 2: %self->render_main_menu def_%v_125 %self[3.5,2.0,] %v_124[41.1,] 	 SYMBOL:	 ARGS:%v_124,
		 3: 
BB 42
	outgoing: 43 
	datadep: 
	instructions:
		 0: COPY TYPE_Nil def_%v_125 
BB 43
	outgoing: 44 45 
	datadep: 
	instructions:
		 0: 
		 1: %self->sidebar_content? def_%v_126 %self[3.5,2.0,] 	 SYMBOL:	 ARGS:
		 2: BRANCH %v_126[43.1,] 
BB 44
	outgoing: 46 
	datadep: 
	instructions:
		 0: COPY TYPE_StringLiteral "" def_%v_127 
		 1: 
BB 45
	outgoing: 46 
	datadep: 
	instructions:
		 0: COPY TYPE_StringLiteral "nosidebar" def_%v_128 
		 1: COPY TYPE_PASS def_%v_127 %v_128[45.0,] 
BB 46
	outgoing: 47 48 
	datadep: 
	instructions:
		 0: 
		 1: def_%v_129 %v_0[2.1,] 
		 2: 
		 3: %self->view_layouts_base_sidebar_hook_response def_%v_130 %self[3.5,2.0,] 	 SYMBOL:	 ARGS:
		 4: 
		 5: %self->render_flash_messages def_%v_131 %self[46.3,3.5,2.0,] 	 SYMBOL:	 ARGS:
		 6: 
		 7: def_%v_132 %v_0[2.1,] 
		 8: 
		 9: %self->call_hook def_%v_133 %self[46.3,46.5,3.5,2.0,] 	 SYMBOL:view_layouts_base_content,	 ARGS:Symbol,
		 10: 
		 11: %self->l def_%v_134 %self[46.3,46.5,46.9,3.5,2.0,] 	 SYMBOL:label_loading,	 ARGS:Symbol,
		 12: 
		 13: (Redmine) def_%v_135 
		 14: (inherit Info) def_%v_136 %v_135[46.13,] 
		 15: %v_136[46.14,] 
BB 47
	outgoing: 48 
	datadep: 
	instructions:
		 0: %v_135->const_missing def_%v_136 %v_135[46.13,] 	 SYMBOL:Info,	 ARGS:Symbol,
BB 48
	outgoing: 49 50 
	datadep: 
	instructions:
		 0: %v_136->app_name def_%v_137 %v_136[47.0,46.14,] 	 SYMBOL:	 ARGS:
		 1: (Redmine) def_%v_138 
		 2: (inherit Info) def_%v_139 %v_138[48.1,] 
		 3: %v_139[48.2,] 
BB 49
	outgoing: 50 
	datadep: 
	instructions:
		 0: %v_138->const_missing def_%v_139 %v_138[48.1,] 	 SYMBOL:Info,	 ARGS:Symbol,
BB 50
	outgoing: 51 52 
	datadep: 
	instructions:
		 0: %v_139->url def_%v_140 %v_139[49.0,48.2,] 	 SYMBOL:	 ARGS:
		 1: %self->link_to def_%v_141 %self[3.5,2.0,] %v_137[48.0,] %v_140[50.0,] 	 SYMBOL:	 ARGS:%v_137,%v_140,
		 2: 
		 3: %self->call_hook def_%v_142 %self[50.1,3.5,2.0,] 	 SYMBOL:view_layouts_base_body_bottom,	 ARGS:Symbol,
		 4: 
		 5: GETFIELD %self->user def_%v_143 %self[50.1,50.3,2.0,] 
		 6: %v_143->name def_%v_144 %v_143[50.5,] 	 SYMBOL:	 ARGS:
		 7: 
		 8: COPY TYPE_StringLiteral "email_addresses/index" def_%v_145 
		 9: HASH-partial- def_%v_146 %v_145[50.8,] 
		 10: %self->render def_%v_147 %self[50.1,50.3,3.5,2.0,] %v_146[50.9,] 	 SYMBOL:	 ARGS:%v_146,
		 11: 
		 12: GETFIELD %self->addresses def_%v_148 %self[50.1,50.3,50.10,2.0,] 
		 13: %v_148->present? def_%v_149 %v_148[50.12,] 	 SYMBOL:	 ARGS:
		 14: BRANCH %v_149[50.13,] 
BB 51
	outgoing: 53 
	datadep: 
	instructions:
		 0: 
		 1: GETFIELD %self->addresses def_%v_150 %self[2.0,] 
		 2: %v_150->each def_%v_151 %v_150[51.1,] %self[3.5,2.0,] 	 SYMBOL:	 ARGS:%v_150,
CLOSURE BEGIN: %self[3.5,2.0,] address[] 
BB 1
	outgoing: 6 2 
	datadep: 
	instructions:
BB 2
	outgoing: 3 
	datadep: 
	instructions:
		 0: def_%self 
		 1: def_%cl_6_0 
		 2: RECEIVEARG def_address 
		 3: COPY TYPE_CurrentScope def_%current_scope 
		 4: COPY TYPE_ScopeModule def_%current_module 
BB 3
	outgoing: 4 6 
	datadep: 
	instructions:
		 0: 
		 1: COPY TYPE_StringLiteral "odd" def_%cl_6_3 
		 2: COPY TYPE_StringLiteral "even" def_%cl_6_4 
		 3: %self->cycle def_%cl_6_5 %self[2.0,] %cl_6_3[3.1,] %cl_6_4[3.2,] 	 SYMBOL:	 ARGS:%cl_6_3,%cl_6_4,
		 4: 
		 5: address->address def_%cl_6_6 address[2.2,] 	 SYMBOL:	 ARGS:
		 6: 
		 7: %self->toggle_email_address_notify_link def_%cl_6_7 %self[3.3,2.0,] address[3.5,2.2,] 	 SYMBOL:	 ARGS:address,
		 8: 
		 9: GETFIELD %self->user def_%cl_6_8 %self[3.3,3.7,2.0,] 
		 10: %self->user_email_address_path def_%cl_6_9 %self[3.3,3.7,2.0,] %cl_6_8[3.9,] address[3.5,2.2,] 	 SYMBOL:	 ARGS:%cl_6_8,address,
		 11: HASH-remote- def_%cl_6_10 
		 12: %self->delete_link def_%cl_6_11 %self[3.3,3.7,3.10,2.0,] %cl_6_9[3.10,] %cl_6_10[3.11,] 	 SYMBOL:	 ARGS:%cl_6_9,%cl_6_10,
		 13: RETURN %cl_6_11[3.12,] %self[3.3,3.7,3.10,3.12,2.0,] 
BB 4
	outgoing: 6 
	datadep: 
	instructions:
		 0: def_%cl_6_12 
		 1: def_%cl_6_13 %cl_6_12[4.0,] 
		 2: RETURN %cl_6_13[4.1,] %self[2.0,] 
BB 6
	outgoing: 
	datadep: 
	instructions:
CLOSURE END: 
		 3: 
BB 52
	outgoing: 53 
	datadep: 
	instructions:
		 0: COPY TYPE_Nil def_%v_151 
BB 53
	outgoing: 54 55 
	datadep: 
	instructions:
		 0: 
		 1: GETFIELD %self->addresses def_%v_152 %self[2.0,] 
		 2: %v_152->size def_%v_153 %v_152[53.1,] 	 SYMBOL:	 ARGS:
		 3: (Setting) def_%v_154 
		 4: %v_154->max_additional_emails def_%v_155 %v_154[53.3,] 	 SYMBOL:	 ARGS:
		 5: %v_155->to_i def_%v_156 %v_155[53.4,] 	 SYMBOL:	 ARGS:
		 6: %v_153->>= def_%v_157 %v_153[53.2,] %v_156[53.5,] 	 SYMBOL:	 ARGS:%v_156,
		 7: BRANCH %v_157[53.6,] 
BB 54
	outgoing: 57 
	datadep: 
	instructions:
		 0: COPY TYPE_Nil def_%v_158 
		 1: RETURN %v_158[54.0,] %self[3.5,2.0,] 
BB 55
	outgoing: 57 
	datadep: 
	instructions:
		 0: 
		 1: GETFIELD %self->address def_%v_159 %self[3.5,2.0,] 
		 2: GETFIELD %self->user def_%v_160 %self[2.0,] 
		 3: %self->user_email_addresses_path def_%v_161 %self[3.5,2.0,] %v_160[55.2,] 	 SYMBOL:	 ARGS:%v_160,
		 4: HASH-url-remote- def_%v_162 %v_161[55.3,] 
		 5: %self->form_for def_%v_163 %self[55.3,3.5,2.0,] %v_159[55.1,] %v_162[55.4,] %self[55.3,3.5,2.0,] 	 SYMBOL:	 ARGS:%v_159,%v_162,%self,
CLOSURE BEGIN: %self[55.3,3.5,2.0,] f[] 
BB 1
	outgoing: 6 2 
	datadep: 
	instructions:
BB 2
	outgoing: 3 
	datadep: 
	instructions:
		 0: def_%self 
		 1: def_%cl_7_0 
		 2: RECEIVEARG def_f 
		 3: COPY TYPE_CurrentScope def_%current_scope 
		 4: COPY TYPE_ScopeModule def_%current_module 
BB 3
	outgoing: 4 6 
	datadep: 
	instructions:
		 0: 
		 1: %self->l def_%cl_7_3 %self[2.0,] 	 SYMBOL:label_email_address_add,	 ARGS:Symbol,
		 2: 
		 3: GETFIELD %self->address def_%cl_7_4 %self[3.1,2.0,] 
		 4: %self->error_messages_for def_%cl_7_5 %self[3.1,2.0,] %cl_7_4[3.3,] 	 SYMBOL:	 ARGS:%cl_7_4,
		 5: 
		 6: HASH-size- def_%cl_7_6 
		 7: f->text_field def_%cl_7_7 f[2.2,] %cl_7_6[3.6,] 	 SYMBOL:address,	 ARGS:Symbol,%cl_7_6,
		 8: 
		 9: %self->l def_%cl_7_8 %self[3.1,3.4,2.0,] 	 SYMBOL:button_add,	 ARGS:Symbol,
		 10: %self->submit_tag def_%cl_7_9 %self[3.1,3.4,3.9,2.0,] %cl_7_8[3.9,] 	 SYMBOL:	 ARGS:%cl_7_8,
		 11: RETURN %cl_7_9[3.10,] %self[3.1,3.4,3.9,3.10,2.0,] 
BB 4
	outgoing: 6 
	datadep: 
	instructions:
		 0: def_%cl_7_10 
		 1: def_%cl_7_11 %cl_7_10[4.0,] 
		 2: RETURN %cl_7_11[4.1,] %self[2.0,] 
BB 6
	outgoing: 
	datadep: 
	instructions:
CLOSURE END: 
		 6: RETURN %v_163[55.5,] %self[55.3,55.5,3.5,2.0,] 
BB 57
	outgoing: 
	datadep: 
	instructions:

SET IRMethod, name = update instanceMethod = true
BB 1
	outgoing: 57 2 
	datadep: 
	instructions:
BB 2
	outgoing: 3 4 
	datadep: 
	instructions:
		 0: def_%self 
		 1: def_%v_0 
		 2: COPY TYPE_CurrentScope def_%current_scope 
		 3: COPY TYPE_ScopeModule def_%current_module 
		 4: 
		 5: 
		 6: %self->params def_%v_3 %self[2.0,] 	 SYMBOL:	 ARGS:
		 7: %v_3->[] def_%v_4 %v_3[2.6,] 	 SYMBOL:notify,	 ARGS:Symbol,
		 8: %v_4->present? def_%v_5 %v_4[2.7,] 	 SYMBOL:	 ARGS:
		 9: BRANCH %v_5[2.8,] 
BB 3
	outgoing: 5 
	datadep: 
	instructions:
		 0: 
		 1: GETFIELD %self->address def_%v_6 %self[2.0,] 
		 2: %self->params def_%v_7 %self[2.0,] 	 SYMBOL:	 ARGS:
		 3: %v_7->[] def_%v_8 %v_7[3.2,] 	 SYMBOL:notify,	 ARGS:Symbol,
		 4: %v_8->to_s def_%v_9 %v_8[3.3,] 	 SYMBOL:	 ARGS:
		 5: ATTRASSIGN %v_6->notify %v_9[3.4,] 
		 6: 
BB 4
	outgoing: 5 
	datadep: 
	instructions:
		 0: COPY TYPE_Nil def_%v_9 
BB 5
	outgoing: 6 7 
	datadep: 
	instructions:
		 0: 
		 1: GETFIELD %self->address def_%v_10 %self[2.0,] 
		 2: %v_10->save def_%v_11 %v_10[5.1,] 	 SYMBOL:	 ARGS:
		 3: 
		 4: %self->respond_to def_%v_12 %self[2.0,] %self[2.0,] 	 SYMBOL:	 ARGS:%self,
CLOSURE BEGIN: format[] %self[2.0,] 
BB 1
	outgoing: 6 2 
	datadep: 
	instructions:
BB 2
	outgoing: 3 
	datadep: 
	instructions:
		 0: def_%self 
		 1: def_%cl_1_0 
		 2: RECEIVEARG def_format 
		 3: COPY TYPE_CurrentScope def_%current_scope 
		 4: COPY TYPE_ScopeModule def_%current_module 
BB 3
	outgoing: 4 6 
	datadep: 
	instructions:
		 0: 
		 1: format->html def_%cl_1_3 format[2.2,] %self[2.0,] 	 SYMBOL:	 ARGS:format,
CLOSURE BEGIN: %self[2.0,] 
BB 1
	outgoing: 6 2 
	datadep: 
	instructions:
BB 2
	outgoing: 3 
	datadep: 
	instructions:
		 0: def_%self 
		 1: def_%cl_2_0 
		 2: COPY TYPE_CurrentScope def_%current_scope 
		 3: COPY TYPE_ScopeModule def_%current_module 
BB 3
	outgoing: 4 6 
	datadep: 
	instructions:
		 0: 
		 1: GETFIELD %self->user def_%cl_2_3 %self[2.0,] 
		 2: %self->user_email_addresses_path def_%cl_2_4 %self[2.0,] %cl_2_3[3.1,] 	 SYMBOL:	 ARGS:%cl_2_3,
		 3: %self->redirect_to def_%cl_2_5 %self[3.2,2.0,] %cl_2_4[3.2,] 	 SYMBOL:	 ARGS:%cl_2_4,
		 4: RETURN %cl_2_5[3.3,] %self[3.2,3.3,2.0,] 
BB 4
	outgoing: 6 
	datadep: 
	instructions:
		 0: def_%cl_2_6 
		 1: def_%cl_2_7 %cl_2_6[4.0,] 
		 2: RETURN %cl_2_7[4.1,] %self[2.0,] 
BB 6
	outgoing: 
	datadep: 
	instructions:
CLOSURE END: 
		 2: 
		 3: format->js def_%cl_1_4 format[3.1,2.2,] %self[2.0,] 	 SYMBOL:	 ARGS:format,
CLOSURE BEGIN: %self[2.0,] 
BB 1
	outgoing: 6 2 
	datadep: 
	instructions:
BB 2
	outgoing: 3 
	datadep: 
	instructions:
		 0: def_%self 
		 1: def_%cl_3_0 
		 2: COPY TYPE_CurrentScope def_%current_scope 
		 3: COPY TYPE_ScopeModule def_%current_module 
BB 3
	outgoing: 4 6 
	datadep: 
	instructions:
		 0: 
		 1: ATTRASSIGN %self->address 
		 2: 
		 3: %self->index def_%cl_3_3 %self[3.1,2.0,] 	 SYMBOL:	 ARGS:
		 4: 
		 5: COPY TYPE_StringLiteral "index" def_%cl_3_4 
		 6: HASH-action- def_%cl_3_5 %cl_3_4[3.5,] 
		 7: %self->render def_%cl_3_6 %self[3.1,3.3,2.0,] %cl_3_5[3.6,] 	 SYMBOL:	 ARGS:%cl_3_5,
		 8: RETURN %cl_3_6[3.7,] %self[3.1,3.3,3.7,2.0,] 
BB 4
	outgoing: 6 
	datadep: 
	instructions:
		 0: def_%cl_3_7 
		 1: def_%cl_3_8 %cl_3_7[4.0,] 
		 2: RETURN %cl_3_8[4.1,] %self[3.1,2.0,] 
BB 6
	outgoing: 
	datadep: 
	instructions:
CLOSURE END: 
		 4: RETURN %cl_1_4[3.3,] %self[2.0,] 
BB 4
	outgoing: 6 
	datadep: 
	instructions:
		 0: def_%cl_1_5 
		 1: def_%cl_1_6 %cl_1_5[4.0,] 
		 2: RETURN %cl_1_6[4.1,] %self[2.0,] 
BB 6
	outgoing: 
	datadep: 
	instructions:
CLOSURE END: 
		 5: 
		 6: %self->current_language def_%v_13 %self[5.4,2.0,] 	 SYMBOL:	 ARGS:
		 7: 
		 8: %self->html_title def_%v_14 %self[5.4,5.6,2.0,] 	 SYMBOL:	 ARGS:
		 9: 
		 10: (Redmine) def_%v_15 
		 11: (inherit Info) def_%v_16 %v_15[5.10,] 
		 12: %v_16[5.11,] 
BB 6
	outgoing: 7 
	datadep: 
	instructions:
		 0: %v_15->const_missing def_%v_16 %v_15[5.10,] 	 SYMBOL:Info,	 ARGS:Symbol,
BB 7
	outgoing: 8 9 
	datadep: 
	instructions:
		 0: %v_16->app_name def_%v_17 %v_16[6.0,5.11,] 	 SYMBOL:	 ARGS:
		 1: 
		 2: %self->csrf_meta_tag def_%v_18 %self[2.0,] 	 SYMBOL:	 ARGS:
		 3: 
		 4: %self->favicon def_%v_19 %self[7.2,2.0,] 	 SYMBOL:	 ARGS:
		 5: 
		 6: COPY TYPE_StringLiteral "jquery/jquery-ui-1.11.0" def_%v_20 
		 7: COPY TYPE_StringLiteral "application" def_%v_21 
		 8: COPY TYPE_StringLiteral "responsive" def_%v_22 
		 9: COPY TYPE_StringLiteral "all" def_%v_23 
		 10: HASH-media- def_%v_24 %v_23[7.9,] 
		 11: %self->stylesheet_link_tag def_%v_25 %self[7.2,7.4,2.0,] %v_20[7.6,] %v_21[7.7,] %v_22[7.8,] %v_24[7.10,] 	 SYMBOL:	 ARGS:%v_20,%v_21,%v_22,%v_24,
		 12: 
		 13: %self->l def_%v_26 %self[7.2,7.4,7.11,2.0,] 	 SYMBOL:direction,	 ARGS:Symbol,
		 14: COPY TYPE_StringLiteral "rtl" def_%v_27 
		 15: %v_26->== def_%v_28 %v_26[7.13,] %v_27[7.14,] 	 SYMBOL:	 ARGS:%v_27,
		 16: BRANCH %v_28[7.15,] 
BB 8
	outgoing: 10 
	datadep: 
	instructions:
		 0: COPY TYPE_StringLiteral "rtl" def_%v_29 
		 1: COPY TYPE_StringLiteral "all" def_%v_30 
		 2: HASH-media- def_%v_31 %v_30[8.1,] 
		 3: %self->stylesheet_link_tag def_%v_32 %self[2.0,] %v_29[8.0,] %v_31[8.2,] 	 SYMBOL:	 ARGS:%v_29,%v_31,
		 4: 
BB 9
	outgoing: 10 
	datadep: 
	instructions:
		 0: COPY TYPE_Nil def_%v_32 
BB 10
	outgoing: 11 12 
	datadep: 
	instructions:
		 0: 
		 1: %self->javascript_heads def_%v_33 %self[2.0,] 	 SYMBOL:	 ARGS:
		 2: 
		 3: %self->heads_for_theme def_%v_34 %self[10.1,2.0,] 	 SYMBOL:	 ARGS:
		 4: 
		 5: %self->call_hook def_%v_35 %self[10.1,10.3,2.0,] 	 SYMBOL:view_layouts_base_html_head,	 ARGS:Symbol,
		 6: 
		 7: def_%v_36 %v_0[2.1,] 
		 8: 
		 9: %self->body_css_classes def_%v_37 %self[10.1,10.3,10.5,2.0,] 	 SYMBOL:	 ARGS:
		 10: 
		 11: %self->call_hook def_%v_38 %self[10.1,10.3,10.5,10.9,2.0,] 	 SYMBOL:view_layouts_base_body_top,	 ARGS:Symbol,
		 12: 
		 13: (User) def_%v_39 
		 14: %v_39->current def_%v_40 %v_39[10.13,] 	 SYMBOL:	 ARGS:
		 15: %v_40->logged? def_%v_41 %v_40[10.14,] 	 SYMBOL:	 ARGS:
		 16: BRANCH %v_41[10.15,] 
BB 11
	outgoing: 12 
	datadep: 
	instructions:
		 0: (Setting) def_%v_42 
		 1: %v_42->login_required? def_%v_43 %v_42[11.0,] 	 SYMBOL:	 ARGS:
		 2: %v_43->! def_%v_44 %v_43[11.1,] 	 SYMBOL:	 ARGS:
		 3: COPY TYPE_PASS def_%v_41 %v_44[11.2,] 
BB 12
	outgoing: 13 14 
	datadep: 
	instructions:
		 0: BRANCH %v_41[11.3,10.15,] 
BB 13
	outgoing: 15 
	datadep: 
	instructions:
		 0: 
		 1: COPY TYPE_StringLiteral "search" def_%v_45 
		 2: COPY TYPE_StringLiteral "index" def_%v_46 
		 3: GETFIELD %self->project def_%v_47 %self[2.0,] 
		 4: HASH-controller-action-id- def_%v_48 %v_45[13.1,] %v_46[13.2,] %v_47[13.3,] 
		 5: HASH-method- def_%v_49 
		 6: %self->form_tag def_%v_50 %self[2.0,] %v_48[13.4,] %v_49[13.5,] %self[2.0,] 	 SYMBOL:	 ARGS:%v_48,%v_49,%self,
CLOSURE BEGIN: %self[2.0,] 
BB 1
	outgoing: 9 2 
	datadep: 
	instructions:
BB 2
	outgoing: 3 
	datadep: 
	instructions:
		 0: def_%self 
		 1: def_%cl_4_0 
		 2: COPY TYPE_CurrentScope def_%current_scope 
		 3: COPY TYPE_ScopeModule def_%current_module 
BB 3
	outgoing: 4 5 7 
	datadep: 
	instructions:
		 0: 
		 1: %self->controller def_%cl_4_3 %self[2.0,] 	 SYMBOL:	 ARGS:
		 2: %cl_4_3->default_search_scope def_%cl_4_4 %cl_4_3[3.1,] 	 SYMBOL:	 ARGS:
		 3: BRANCH %cl_4_4[3.2,] 
BB 4
	outgoing: 6 7 
	datadep: 
	instructions:
		 0: %self->controller def_%cl_4_5 %self[2.0,] 	 SYMBOL:	 ARGS:
		 1: %cl_4_5->default_search_scope def_%cl_4_6 %cl_4_5[4.0,] 	 SYMBOL:	 ARGS:
		 2: HASH-id- def_%cl_4_7 
		 3: %self->hidden_field_tag def_%cl_4_8 %self[4.0,2.0,] %cl_4_6[4.1,] %cl_4_7[4.2,] 	 SYMBOL:	 ARGS:%cl_4_6,Fixnum,%cl_4_7,
		 4: 
BB 5
	outgoing: 6 
	datadep: 
	instructions:
		 0: COPY TYPE_Nil def_%cl_4_8 
BB 6
	outgoing: 7 9 
	datadep: 
	instructions:
		 0: 
		 1: COPY TYPE_StringLiteral "flyout-search" def_%cl_4_9 
		 2: COPY TYPE_StringLiteral "&#9906;" def_%cl_4_10 
		 3: %cl_4_10->html_safe def_%cl_4_11 %cl_4_10[6.2,] 	 SYMBOL:	 ARGS:
		 4: COPY TYPE_StringLiteral "search-magnifier search-magnifier--flyout" def_%cl_4_12 
		 5: HASH-class- def_%cl_4_13 %cl_4_12[6.4,] 
		 6: %self->label_tag def_%cl_4_14 %self[2.0,] %cl_4_9[6.1,] %cl_4_11[6.3,] %cl_4_13[6.5,] 	 SYMBOL:	 ARGS:%cl_4_9,%cl_4_11,%cl_4_13,
		 7: 
		 8: COPY TYPE_StringLiteral "q" def_%cl_4_15 
		 9: GETFIELD %self->question def_%cl_4_16 %self[6.6,2.0,] 
		 10: COPY TYPE_StringLiteral "flyout-search" def_%cl_4_17 
		 11: COPY TYPE_StringLiteral "small js-search-input" def_%cl_4_18 
		 12: %self->l def_%cl_4_19 %self[6.6,2.0,] 	 SYMBOL:label_search,	 ARGS:Symbol,
		 13: HASH-id-class-placeholder- def_%cl_4_20 %cl_4_17[6.10,] %cl_4_18[6.11,] %cl_4_19[6.12,] 
		 14: %self->text_field_tag def_%cl_4_21 %self[6.6,6.12,2.0,] %cl_4_15[6.8,] %cl_4_16[6.9,] %cl_4_20[6.13,] 	 SYMBOL:	 ARGS:%cl_4_15,%cl_4_16,%cl_4_20,
		 15: RETURN %cl_4_21[6.14,] %self[6.6,6.12,6.14,2.0,] 
BB 7
	outgoing: 9 
	datadep: 
	instructions:
		 0: def_%cl_4_22 
		 1: def_%cl_4_23 %cl_4_22[7.0,] 
		 2: RETURN %cl_4_23[7.1,] %self[2.0,] 
BB 9
	outgoing: 
	datadep: 
	instructions:
CLOSURE END: 
		 7: 
BB 14
	outgoing: 15 
	datadep: 
	instructions:
		 0: COPY TYPE_Nil def_%v_50 
BB 15
	outgoing: 16 23 
	datadep: 
	instructions:
		 0: 
		 1: (User) def_%v_51 
		 2: %v_51->current def_%v_52 %v_51[15.1,] 	 SYMBOL:	 ARGS:
		 3: %v_52->logged? def_%v_53 %v_52[15.2,] 	 SYMBOL:	 ARGS:
		 4: BRANCH %v_53[15.3,] 
BB 16
	outgoing: 17 18 
	datadep: 
	instructions:
		 0: 
		 1: (Setting) def_%v_54 
		 2: %v_54->gravatar_enabled? def_%v_55 %v_54[16.1,] 	 SYMBOL:	 ARGS:
		 3: %v_55->! def_%v_56 %v_55[16.2,] 	 SYMBOL:	 ARGS:
		 4: BRANCH %v_56[16.3,] 
BB 17
	outgoing: 19 
	datadep: 
	instructions:
		 0: COPY TYPE_Nil def_%v_57 
		 1: 
BB 18
	outgoing: 19 
	datadep: 
	instructions:
		 0: COPY TYPE_Nil def_%v_57 
BB 19
	outgoing: 20 21 
	datadep: 
	instructions:
		 0: 
		 1: (Setting) def_%v_58 
		 2: %v_58->gravatar_enabled? def_%v_59 %v_58[19.1,] 	 SYMBOL:	 ARGS:
		 3: BRANCH %v_59[19.2,] 
BB 20
	outgoing: 22 
	datadep: 
	instructions:
		 0: 
		 1: (User) def_%v_60 
		 2: %v_60->current def_%v_61 %v_60[20.1,] 	 SYMBOL:	 ARGS:
		 3: COPY TYPE_StringLiteral "80" def_%v_62 
		 4: HASH-size- def_%v_63 %v_62[20.3,] 
		 5: %self->avatar def_%v_64 %self[2.0,] %v_61[20.2,] %v_63[20.4,] 	 SYMBOL:	 ARGS:%v_61,%v_63,
		 6: (User) def_%v_65 
		 7: %v_65->current def_%v_66 %v_65[20.6,] 	 SYMBOL:	 ARGS:
		 8: %self->user_path def_%v_67 %self[20.5,2.0,] %v_66[20.7,] 	 SYMBOL:	 ARGS:%v_66,
		 9: %self->link_to def_%v_68 %self[20.5,20.8,2.0,] %v_64[20.5,] %v_67[20.8,] 	 SYMBOL:	 ARGS:%v_64,%v_67,
		 10: 
BB 21
	outgoing: 22 
	datadep: 
	instructions:
		 0: COPY TYPE_Nil def_%v_68 
BB 22
	outgoing: 24 
	datadep: 
	instructions:
		 0: 
		 1: (User) def_%v_69 
		 2: %v_69->current def_%v_70 %v_69[22.1,] 	 SYMBOL:	 ARGS:
		 3: HASH-format- def_%v_71 
		 4: %self->link_to_user def_%v_72 %self[2.0,] %v_70[22.2,] %v_71[22.3,] 	 SYMBOL:	 ARGS:%v_70,%v_71,
		 5: 
BB 23
	outgoing: 24 
	datadep: 
	instructions:
		 0: COPY TYPE_Nil def_%v_72 
BB 24
	outgoing: 25 26 
	datadep: 
	instructions:
		 0: 
		 1: GETFIELD %self->project def_%v_73 %self[2.0,] 
		 2: %self->display_main_menu? def_%v_74 %self[2.0,] %v_73[24.1,] 	 SYMBOL:	 ARGS:%v_73,
		 3: BRANCH %v_74[24.2,] 
BB 25
	outgoing: 27 
	datadep: 
	instructions:
		 0: 
		 1: %self->l def_%v_75 %self[2.0,] 	 SYMBOL:label_project,	 ARGS:Symbol,
		 2: 
BB 26
	outgoing: 27 
	datadep: 
	instructions:
		 0: COPY TYPE_Nil def_%v_75 
BB 27
	outgoing: 28 29 
	datadep: 
	instructions:
		 0: 
		 1: %self->l def_%v_76 %self[2.0,] 	 SYMBOL:label_general,	 ARGS:Symbol,
		 2: 
		 3: %self->l def_%v_77 %self[27.1,2.0,] 	 SYMBOL:label_profile,	 ARGS:Symbol,
		 4: 
		 5: %self->render_menu def_%v_78 %self[27.1,27.3,2.0,] 	 SYMBOL:account_menu,	 ARGS:Symbol,
		 6: 
		 7: (User) def_%v_79 
		 8: %v_79->current def_%v_80 %v_79[27.7,] 	 SYMBOL:	 ARGS:
		 9: %v_80->logged? def_%v_81 %v_80[27.8,] 	 SYMBOL:	 ARGS:
		 10: BRANCH %v_81[27.9,] 
BB 28
	outgoing: 30 
	datadep: 
	instructions:
		 0: COPY TYPE_StringLiteral "div" def_%v_82 
		 1: %self->l def_%v_83 %self[2.0,] 	 SYMBOL:label_logged_as,	 ARGS:Symbol,
		 2: COPY TYPE_StringLiteral " " def_%v_84 
		 3: (User) def_%v_85 
		 4: %v_85->current def_%v_86 %v_85[28.3,] 	 SYMBOL:	 ARGS:
		 5: HASH-format- def_%v_87 
		 6: %self->link_to_user def_%v_88 %self[28.1,2.0,] %v_86[28.4,] %v_87[28.5,] 	 SYMBOL:	 ARGS:%v_86,%v_87,
		 7: BUILDSTRING def_%v_89 %v_83[28.1,] %v_84[28.2,] %v_88[28.6,] 
		 8: %v_89->html_safe def_%v_90 %v_89[28.7,] 	 SYMBOL:	 ARGS:
		 9: COPY TYPE_StringLiteral "loggedas" def_%v_91 
		 10: HASH-id- def_%v_92 %v_91[28.9,] 
		 11: %self->content_tag def_%v_93 %self[28.1,28.6,2.0,] %v_82[28.0,] %v_90[28.8,] %v_92[28.10,] 	 SYMBOL:	 ARGS:%v_82,%v_90,%v_92,
		 12: 
BB 29
	outgoing: 30 
	datadep: 
	instructions:
		 0: COPY TYPE_Nil def_%v_93 
BB 30
	outgoing: 31 32 
	datadep: 
	instructions:
		 0: 
		 1: (User) def_%v_94 
		 2: %v_94->current def_%v_95 %v_94[30.1,] 	 SYMBOL:	 ARGS:
		 3: %v_95->logged? def_%v_96 %v_95[30.2,] 	 SYMBOL:	 ARGS:
		 4: BRANCH %v_96[30.3,] 
BB 31
	outgoing: 32 
	datadep: 
	instructions:
		 0: (Setting) def_%v_97 
		 1: %v_97->login_required? def_%v_98 %v_97[31.0,] 	 SYMBOL:	 ARGS:
		 2: %v_98->! def_%v_99 %v_98[31.1,] 	 SYMBOL:	 ARGS:
		 3: COPY TYPE_PASS def_%v_96 %v_99[31.2,] 
BB 32
	outgoing: 33 34 
	datadep: 
	instructions:
		 0: BRANCH %v_96[31.3,30.3,] 
BB 33
	outgoing: 35 
	datadep: 
	instructions:
		 0: %self->render_menu def_%v_100 %self[2.0,] 	 SYMBOL:top_menu,	 ARGS:Symbol,
		 1: 
BB 34
	outgoing: 35 
	datadep: 
	instructions:
		 0: COPY TYPE_Nil def_%v_100 
BB 35
	outgoing: 36 37 
	datadep: 
	instructions:
		 0: 
		 1: (User) def_%v_101 
		 2: %v_101->current def_%v_102 %v_101[35.1,] 	 SYMBOL:	 ARGS:
		 3: %v_102->logged? def_%v_103 %v_102[35.2,] 	 SYMBOL:	 ARGS:
		 4: BRANCH %v_103[35.3,] 
BB 36
	outgoing: 37 
	datadep: 
	instructions:
		 0: (Setting) def_%v_104 
		 1: %v_104->login_required? def_%v_105 %v_104[36.0,] 	 SYMBOL:	 ARGS:
		 2: %v_105->! def_%v_106 %v_105[36.1,] 	 SYMBOL:	 ARGS:
		 3: COPY TYPE_PASS def_%v_103 %v_106[36.2,] 
BB 37
	outgoing: 38 39 
	datadep: 
	instructions:
		 0: BRANCH %v_103[36.3,35.3,] 
BB 38
	outgoing: 40 
	datadep: 
	instructions:
		 0: 
		 1: COPY TYPE_StringLiteral "search" def_%v_107 
		 2: COPY TYPE_StringLiteral "index" def_%v_108 
		 3: GETFIELD %self->project def_%v_109 %self[2.0,] 
		 4: HASH-controller-action-id- def_%v_110 %v_107[38.1,] %v_108[38.2,] %v_109[38.3,] 
		 5: HASH-method- def_%v_111 
		 6: %self->form_tag def_%v_112 %self[2.0,] %v_110[38.4,] %v_111[38.5,] %self[2.0,] 	 SYMBOL:	 ARGS:%v_110,%v_111,%self,
CLOSURE BEGIN: %self[2.0,] 
BB 1
	outgoing: 9 2 
	datadep: 
	instructions:
BB 2
	outgoing: 3 
	datadep: 
	instructions:
		 0: def_%self 
		 1: def_%cl_5_0 
		 2: COPY TYPE_CurrentScope def_%current_scope 
		 3: COPY TYPE_ScopeModule def_%current_module 
BB 3
	outgoing: 4 5 7 
	datadep: 
	instructions:
		 0: 
		 1: %self->controller def_%cl_5_3 %self[2.0,] 	 SYMBOL:	 ARGS:
		 2: %cl_5_3->default_search_scope def_%cl_5_4 %cl_5_3[3.1,] 	 SYMBOL:	 ARGS:
		 3: BRANCH %cl_5_4[3.2,] 
BB 4
	outgoing: 6 7 
	datadep: 
	instructions:
		 0: %self->controller def_%cl_5_5 %self[2.0,] 	 SYMBOL:	 ARGS:
		 1: %cl_5_5->default_search_scope def_%cl_5_6 %cl_5_5[4.0,] 	 SYMBOL:	 ARGS:
		 2: HASH-id- def_%cl_5_7 
		 3: %self->hidden_field_tag def_%cl_5_8 %self[4.0,2.0,] %cl_5_6[4.1,] %cl_5_7[4.2,] 	 SYMBOL:	 ARGS:%cl_5_6,Fixnum,%cl_5_7,
		 4: 
BB 5
	outgoing: 6 
	datadep: 
	instructions:
		 0: COPY TYPE_Nil def_%cl_5_8 
BB 6
	outgoing: 7 9 
	datadep: 
	instructions:
		 0: 
		 1: %self->l def_%cl_5_9 %self[2.0,] 	 SYMBOL:label_search,	 ARGS:Symbol,
		 2: COPY TYPE_StringLiteral "search" def_%cl_5_10 
		 3: COPY TYPE_StringLiteral "index" def_%cl_5_11 
		 4: GETFIELD %self->project def_%cl_5_12 %self[6.1,2.0,] 
		 5: HASH-controller-action-id- def_%cl_5_13 %cl_5_10[6.2,] %cl_5_11[6.3,] %cl_5_12[6.4,] 
		 6: %self->accesskey def_%cl_5_14 %self[6.1,2.0,] 	 SYMBOL:search,	 ARGS:Symbol,
		 7: HASH-accesskey- def_%cl_5_15 %cl_5_14[6.6,] 
		 8: %self->link_to def_%cl_5_16 %self[6.1,6.6,2.0,] %cl_5_9[6.1,] %cl_5_13[6.5,] %cl_5_15[6.7,] 	 SYMBOL:	 ARGS:%cl_5_9,%cl_5_13,%cl_5_15,
		 9: 
		 10: COPY TYPE_StringLiteral "q" def_%cl_5_17 
		 11: GETFIELD %self->question def_%cl_5_18 %self[6.1,6.6,6.8,2.0,] 
		 12: COPY TYPE_StringLiteral "small" def_%cl_5_19 
		 13: %self->accesskey def_%cl_5_20 %self[6.1,6.6,6.8,2.0,] 	 SYMBOL:quick_search,	 ARGS:Symbol,
		 14: HASH-size-class-accesskey- def_%cl_5_21 %cl_5_19[6.12,] %cl_5_20[6.13,] 
		 15: %self->text_field_tag def_%cl_5_22 %self[6.1,6.6,6.8,6.13,2.0,] %cl_5_17[6.10,] %cl_5_18[6.11,] %cl_5_21[6.14,] 	 SYMBOL:	 ARGS:%cl_5_17,%cl_5_18,%cl_5_21,
		 16: RETURN %cl_5_22[6.15,] %self[6.1,6.6,6.8,6.13,6.15,2.0,] 
BB 7
	outgoing: 9 
	datadep: 
	instructions:
		 0: def_%cl_5_23 
		 1: def_%cl_5_24 %cl_5_23[7.0,] 
		 2: RETURN %cl_5_24[7.1,] %self[2.0,] 
BB 9
	outgoing: 
	datadep: 
	instructions:
CLOSURE END: 
		 7: 
		 8: %self->render_project_jump_box def_%v_113 %self[38.6,2.0,] 	 SYMBOL:	 ARGS:
		 9: 
BB 39
	outgoing: 40 
	datadep: 
	instructions:
		 0: COPY TYPE_Nil def_%v_113 
BB 40
	outgoing: 41 42 
	datadep: 
	instructions:
		 0: 
		 1: %self->page_header_title def_%v_114 %self[2.0,] 	 SYMBOL:	 ARGS:
		 2: 
		 3: GETFIELD %self->project def_%v_115 %self[40.1,2.0,] 
		 4: %self->display_main_menu? def_%v_116 %self[40.1,2.0,] %v_115[40.3,] 	 SYMBOL:	 ARGS:%v_115,
		 5: BRANCH %v_116[40.4,] 
BB 41
	outgoing: 43 
	datadep: 
	instructions:
		 0: 
		 1: GETFIELD %self->project def_%v_117 %self[2.0,] 
		 2: %self->render_main_menu def_%v_118 %self[2.0,] %v_117[41.1,] 	 SYMBOL:	 ARGS:%v_117,
		 3: 
BB 42
	outgoing: 43 
	datadep: 
	instructions:
		 0: COPY TYPE_Nil def_%v_118 
BB 43
	outgoing: 44 45 
	datadep: 
	instructions:
		 0: 
		 1: %self->sidebar_content? def_%v_119 %self[2.0,] 	 SYMBOL:	 ARGS:
		 2: BRANCH %v_119[43.1,] 
BB 44
	outgoing: 46 
	datadep: 
	instructions:
		 0: COPY TYPE_StringLiteral "" def_%v_120 
		 1: 
BB 45
	outgoing: 46 
	datadep: 
	instructions:
		 0: COPY TYPE_StringLiteral "nosidebar" def_%v_121 
		 1: COPY TYPE_PASS def_%v_120 %v_121[45.0,] 
BB 46
	outgoing: 47 48 
	datadep: 
	instructions:
		 0: 
		 1: def_%v_122 %v_0[2.1,] 
		 2: 
		 3: %self->view_layouts_base_sidebar_hook_response def_%v_123 %self[2.0,] 	 SYMBOL:	 ARGS:
		 4: 
		 5: %self->render_flash_messages def_%v_124 %self[46.3,2.0,] 	 SYMBOL:	 ARGS:
		 6: 
		 7: def_%v_125 %v_0[2.1,] 
		 8: 
		 9: %self->call_hook def_%v_126 %self[46.3,46.5,2.0,] 	 SYMBOL:view_layouts_base_content,	 ARGS:Symbol,
		 10: 
		 11: %self->l def_%v_127 %self[46.3,46.5,46.9,2.0,] 	 SYMBOL:label_loading,	 ARGS:Symbol,
		 12: 
		 13: (Redmine) def_%v_128 
		 14: (inherit Info) def_%v_129 %v_128[46.13,] 
		 15: %v_129[46.14,] 
BB 47
	outgoing: 48 
	datadep: 
	instructions:
		 0: %v_128->const_missing def_%v_129 %v_128[46.13,] 	 SYMBOL:Info,	 ARGS:Symbol,
BB 48
	outgoing: 49 50 
	datadep: 
	instructions:
		 0: %v_129->app_name def_%v_130 %v_129[47.0,46.14,] 	 SYMBOL:	 ARGS:
		 1: (Redmine) def_%v_131 
		 2: (inherit Info) def_%v_132 %v_131[48.1,] 
		 3: %v_132[48.2,] 
BB 49
	outgoing: 50 
	datadep: 
	instructions:
		 0: %v_131->const_missing def_%v_132 %v_131[48.1,] 	 SYMBOL:Info,	 ARGS:Symbol,
BB 50
	outgoing: 51 52 
	datadep: 
	instructions:
		 0: %v_132->url def_%v_133 %v_132[49.0,48.2,] 	 SYMBOL:	 ARGS:
		 1: %self->link_to def_%v_134 %self[2.0,] %v_130[48.0,] %v_133[50.0,] 	 SYMBOL:	 ARGS:%v_130,%v_133,
		 2: 
		 3: %self->call_hook def_%v_135 %self[50.1,2.0,] 	 SYMBOL:view_layouts_base_body_bottom,	 ARGS:Symbol,
		 4: 
		 5: GETFIELD %self->user def_%v_136 %self[50.1,50.3,2.0,] 
		 6: %v_136->name def_%v_137 %v_136[50.5,] 	 SYMBOL:	 ARGS:
		 7: 
		 8: COPY TYPE_StringLiteral "email_addresses/index" def_%v_138 
		 9: HASH-partial- def_%v_139 %v_138[50.8,] 
		 10: %self->render def_%v_140 %self[50.1,50.3,2.0,] %v_139[50.9,] 	 SYMBOL:	 ARGS:%v_139,
		 11: 
		 12: GETFIELD %self->addresses def_%v_141 %self[50.1,50.3,50.10,2.0,] 
		 13: %v_141->present? def_%v_142 %v_141[50.12,] 	 SYMBOL:	 ARGS:
		 14: BRANCH %v_142[50.13,] 
BB 51
	outgoing: 53 
	datadep: 
	instructions:
		 0: 
		 1: GETFIELD %self->addresses def_%v_143 %self[2.0,] 
		 2: %v_143->each def_%v_144 %v_143[51.1,] %self[2.0,] 	 SYMBOL:	 ARGS:%v_143,
CLOSURE BEGIN: %self[2.0,] address[] 
BB 1
	outgoing: 6 2 
	datadep: 
	instructions:
BB 2
	outgoing: 3 
	datadep: 
	instructions:
		 0: def_%self 
		 1: def_%cl_6_0 
		 2: RECEIVEARG def_address 
		 3: COPY TYPE_CurrentScope def_%current_scope 
		 4: COPY TYPE_ScopeModule def_%current_module 
BB 3
	outgoing: 4 6 
	datadep: 
	instructions:
		 0: 
		 1: COPY TYPE_StringLiteral "odd" def_%cl_6_3 
		 2: COPY TYPE_StringLiteral "even" def_%cl_6_4 
		 3: %self->cycle def_%cl_6_5 %self[2.0,] %cl_6_3[3.1,] %cl_6_4[3.2,] 	 SYMBOL:	 ARGS:%cl_6_3,%cl_6_4,
		 4: 
		 5: address->address def_%cl_6_6 address[2.2,] 	 SYMBOL:	 ARGS:
		 6: 
		 7: %self->toggle_email_address_notify_link def_%cl_6_7 %self[3.3,2.0,] address[3.5,2.2,] 	 SYMBOL:	 ARGS:address,
		 8: 
		 9: GETFIELD %self->user def_%cl_6_8 %self[3.3,3.7,2.0,] 
		 10: %self->user_email_address_path def_%cl_6_9 %self[3.3,3.7,2.0,] %cl_6_8[3.9,] address[3.5,2.2,] 	 SYMBOL:	 ARGS:%cl_6_8,address,
		 11: HASH-remote- def_%cl_6_10 
		 12: %self->delete_link def_%cl_6_11 %self[3.3,3.7,3.10,2.0,] %cl_6_9[3.10,] %cl_6_10[3.11,] 	 SYMBOL:	 ARGS:%cl_6_9,%cl_6_10,
		 13: RETURN %cl_6_11[3.12,] %self[3.3,3.7,3.10,3.12,2.0,] 
BB 4
	outgoing: 6 
	datadep: 
	instructions:
		 0: def_%cl_6_12 
		 1: def_%cl_6_13 %cl_6_12[4.0,] 
		 2: RETURN %cl_6_13[4.1,] %self[2.0,] 
BB 6
	outgoing: 
	datadep: 
	instructions:
CLOSURE END: 
		 3: 
BB 52
	outgoing: 53 
	datadep: 
	instructions:
		 0: COPY TYPE_Nil def_%v_144 
BB 53
	outgoing: 54 55 
	datadep: 
	instructions:
		 0: 
		 1: GETFIELD %self->addresses def_%v_145 %self[2.0,] 
		 2: %v_145->size def_%v_146 %v_145[53.1,] 	 SYMBOL:	 ARGS:
		 3: (Setting) def_%v_147 
		 4: %v_147->max_additional_emails def_%v_148 %v_147[53.3,] 	 SYMBOL:	 ARGS:
		 5: %v_148->to_i def_%v_149 %v_148[53.4,] 	 SYMBOL:	 ARGS:
		 6: %v_146->>= def_%v_150 %v_146[53.2,] %v_149[53.5,] 	 SYMBOL:	 ARGS:%v_149,
		 7: BRANCH %v_150[53.6,] 
BB 54
	outgoing: 57 
	datadep: 
	instructions:
		 0: COPY TYPE_Nil def_%v_151 
		 1: RETURN %v_151[54.0,] %self[2.0,] 
BB 55
	outgoing: 57 
	datadep: 
	instructions:
		 0: 
		 1: GETFIELD %self->address def_%v_152 %self[2.0,] 
		 2: GETFIELD %self->user def_%v_153 %self[2.0,] 
		 3: %self->user_email_addresses_path def_%v_154 %self[2.0,] %v_153[55.2,] 	 SYMBOL:	 ARGS:%v_153,
		 4: HASH-url-remote- def_%v_155 %v_154[55.3,] 
		 5: %self->form_for def_%v_156 %self[55.3,2.0,] %v_152[55.1,] %v_155[55.4,] %self[55.3,2.0,] 	 SYMBOL:	 ARGS:%v_152,%v_155,%self,
CLOSURE BEGIN: %self[55.3,2.0,] f[] 
BB 1
	outgoing: 6 2 
	datadep: 
	instructions:
BB 2
	outgoing: 3 
	datadep: 
	instructions:
		 0: def_%self 
		 1: def_%cl_7_0 
		 2: RECEIVEARG def_f 
		 3: COPY TYPE_CurrentScope def_%current_scope 
		 4: COPY TYPE_ScopeModule def_%current_module 
BB 3
	outgoing: 4 6 
	datadep: 
	instructions:
		 0: 
		 1: %self->l def_%cl_7_3 %self[2.0,] 	 SYMBOL:label_email_address_add,	 ARGS:Symbol,
		 2: 
		 3: GETFIELD %self->address def_%cl_7_4 %self[3.1,2.0,] 
		 4: %self->error_messages_for def_%cl_7_5 %self[3.1,2.0,] %cl_7_4[3.3,] 	 SYMBOL:	 ARGS:%cl_7_4,
		 5: 
		 6: HASH-size- def_%cl_7_6 
		 7: f->text_field def_%cl_7_7 f[2.2,] %cl_7_6[3.6,] 	 SYMBOL:address,	 ARGS:Symbol,%cl_7_6,
		 8: 
		 9: %self->l def_%cl_7_8 %self[3.1,3.4,2.0,] 	 SYMBOL:button_add,	 ARGS:Symbol,
		 10: %self->submit_tag def_%cl_7_9 %self[3.1,3.4,3.9,2.0,] %cl_7_8[3.9,] 	 SYMBOL:	 ARGS:%cl_7_8,
		 11: RETURN %cl_7_9[3.10,] %self[3.1,3.4,3.9,3.10,2.0,] 
BB 4
	outgoing: 6 
	datadep: 
	instructions:
		 0: def_%cl_7_10 
		 1: def_%cl_7_11 %cl_7_10[4.0,] 
		 2: RETURN %cl_7_11[4.1,] %self[2.0,] 
BB 6
	outgoing: 
	datadep: 
	instructions:
CLOSURE END: 
		 6: RETURN %v_156[55.5,] %self[55.3,55.5,2.0,] 
BB 57
	outgoing: 
	datadep: 
	instructions:

SET IRMethod, name = destroy instanceMethod = true
BB 1
	outgoing: 54 2 
	datadep: 
	instructions:
BB 2
	outgoing: 3 4 
	datadep: 
	instructions:
		 0: def_%self 
		 1: def_%v_0 
		 2: COPY TYPE_CurrentScope def_%current_scope 
		 3: COPY TYPE_ScopeModule def_%current_module 
		 4: 
		 5: 
		 6: GETFIELD %self->address def_%v_3 %self[2.0,] 
		 7: %v_3->destroy def_%v_4 %v_3[2.6,] 	 SYMBOL:	 ARGS:
		 8: 
		 9: %self->respond_to def_%v_5 %self[2.0,] %self[2.0,] 	 SYMBOL:	 ARGS:%self,
CLOSURE BEGIN: format[] %self[2.0,] 
BB 1
	outgoing: 6 2 
	datadep: 
	instructions:
BB 2
	outgoing: 3 
	datadep: 
	instructions:
		 0: def_%self 
		 1: def_%cl_1_0 
		 2: RECEIVEARG def_format 
		 3: COPY TYPE_CurrentScope def_%current_scope 
		 4: COPY TYPE_ScopeModule def_%current_module 
BB 3
	outgoing: 4 6 
	datadep: 
	instructions:
		 0: 
		 1: format->html def_%cl_1_3 format[2.2,] %self[2.0,] 	 SYMBOL:	 ARGS:format,
CLOSURE BEGIN: %self[2.0,] 
BB 1
	outgoing: 6 2 
	datadep: 
	instructions:
BB 2
	outgoing: 3 
	datadep: 
	instructions:
		 0: def_%self 
		 1: def_%cl_2_0 
		 2: COPY TYPE_CurrentScope def_%current_scope 
		 3: COPY TYPE_ScopeModule def_%current_module 
BB 3
	outgoing: 4 6 
	datadep: 
	instructions:
		 0: 
		 1: GETFIELD %self->user def_%cl_2_3 %self[2.0,] 
		 2: %self->user_email_addresses_path def_%cl_2_4 %self[2.0,] %cl_2_3[3.1,] 	 SYMBOL:	 ARGS:%cl_2_3,
		 3: %self->redirect_to def_%cl_2_5 %self[3.2,2.0,] %cl_2_4[3.2,] 	 SYMBOL:	 ARGS:%cl_2_4,
		 4: RETURN %cl_2_5[3.3,] %self[3.2,3.3,2.0,] 
BB 4
	outgoing: 6 
	datadep: 
	instructions:
		 0: def_%cl_2_6 
		 1: def_%cl_2_7 %cl_2_6[4.0,] 
		 2: RETURN %cl_2_7[4.1,] %self[2.0,] 
BB 6
	outgoing: 
	datadep: 
	instructions:
CLOSURE END: 
		 2: 
		 3: format->js def_%cl_1_4 format[3.1,2.2,] %self[2.0,] 	 SYMBOL:	 ARGS:format,
CLOSURE BEGIN: %self[2.0,] 
BB 1
	outgoing: 6 2 
	datadep: 
	instructions:
BB 2
	outgoing: 3 
	datadep: 
	instructions:
		 0: def_%self 
		 1: def_%cl_3_0 
		 2: COPY TYPE_CurrentScope def_%current_scope 
		 3: COPY TYPE_ScopeModule def_%current_module 
BB 3
	outgoing: 4 6 
	datadep: 
	instructions:
		 0: 
		 1: ATTRASSIGN %self->address 
		 2: 
		 3: %self->index def_%cl_3_3 %self[3.1,2.0,] 	 SYMBOL:	 ARGS:
		 4: 
		 5: COPY TYPE_StringLiteral "index" def_%cl_3_4 
		 6: HASH-action- def_%cl_3_5 %cl_3_4[3.5,] 
		 7: %self->render def_%cl_3_6 %self[3.1,3.3,2.0,] %cl_3_5[3.6,] 	 SYMBOL:	 ARGS:%cl_3_5,
		 8: RETURN %cl_3_6[3.7,] %self[3.1,3.3,3.7,2.0,] 
BB 4
	outgoing: 6 
	datadep: 
	instructions:
		 0: def_%cl_3_7 
		 1: def_%cl_3_8 %cl_3_7[4.0,] 
		 2: RETURN %cl_3_8[4.1,] %self[3.1,2.0,] 
BB 6
	outgoing: 
	datadep: 
	instructions:
CLOSURE END: 
		 4: RETURN %cl_1_4[3.3,] %self[2.0,] 
BB 4
	outgoing: 6 
	datadep: 
	instructions:
		 0: def_%cl_1_5 
		 1: def_%cl_1_6 %cl_1_5[4.0,] 
		 2: RETURN %cl_1_6[4.1,] %self[2.0,] 
BB 6
	outgoing: 
	datadep: 
	instructions:
CLOSURE END: 
		 10: 
		 11: %self->current_language def_%v_6 %self[2.0,2.9,] 	 SYMBOL:	 ARGS:
		 12: 
		 13: %self->html_title def_%v_7 %self[2.0,2.9,2.11,] 	 SYMBOL:	 ARGS:
		 14: 
		 15: (Redmine) def_%v_8 
		 16: (inherit Info) def_%v_9 %v_8[2.15,] 
		 17: %v_9[2.16,] 
BB 3
	outgoing: 4 
	datadep: 
	instructions:
		 0: %v_8->const_missing def_%v_9 %v_8[2.15,] 	 SYMBOL:Info,	 ARGS:Symbol,
BB 4
	outgoing: 5 6 
	datadep: 
	instructions:
		 0: %v_9->app_name def_%v_10 %v_9[3.0,2.16,] 	 SYMBOL:	 ARGS:
		 1: 
		 2: %self->csrf_meta_tag def_%v_11 %self[2.0,] 	 SYMBOL:	 ARGS:
		 3: 
		 4: %self->favicon def_%v_12 %self[4.2,2.0,] 	 SYMBOL:	 ARGS:
		 5: 
		 6: COPY TYPE_StringLiteral "jquery/jquery-ui-1.11.0" def_%v_13 
		 7: COPY TYPE_StringLiteral "application" def_%v_14 
		 8: COPY TYPE_StringLiteral "responsive" def_%v_15 
		 9: COPY TYPE_StringLiteral "all" def_%v_16 
		 10: HASH-media- def_%v_17 %v_16[4.9,] 
		 11: %self->stylesheet_link_tag def_%v_18 %self[4.2,4.4,2.0,] %v_13[4.6,] %v_14[4.7,] %v_15[4.8,] %v_17[4.10,] 	 SYMBOL:	 ARGS:%v_13,%v_14,%v_15,%v_17,
		 12: 
		 13: %self->l def_%v_19 %self[4.2,4.4,4.11,2.0,] 	 SYMBOL:direction,	 ARGS:Symbol,
		 14: COPY TYPE_StringLiteral "rtl" def_%v_20 
		 15: %v_19->== def_%v_21 %v_19[4.13,] %v_20[4.14,] 	 SYMBOL:	 ARGS:%v_20,
		 16: BRANCH %v_21[4.15,] 
BB 5
	outgoing: 7 
	datadep: 
	instructions:
		 0: COPY TYPE_StringLiteral "rtl" def_%v_22 
		 1: COPY TYPE_StringLiteral "all" def_%v_23 
		 2: HASH-media- def_%v_24 %v_23[5.1,] 
		 3: %self->stylesheet_link_tag def_%v_25 %self[2.0,] %v_22[5.0,] %v_24[5.2,] 	 SYMBOL:	 ARGS:%v_22,%v_24,
		 4: 
BB 6
	outgoing: 7 
	datadep: 
	instructions:
		 0: COPY TYPE_Nil def_%v_25 
BB 7
	outgoing: 8 9 
	datadep: 
	instructions:
		 0: 
		 1: %self->javascript_heads def_%v_26 %self[2.0,] 	 SYMBOL:	 ARGS:
		 2: 
		 3: %self->heads_for_theme def_%v_27 %self[7.1,2.0,] 	 SYMBOL:	 ARGS:
		 4: 
		 5: %self->call_hook def_%v_28 %self[7.1,7.3,2.0,] 	 SYMBOL:view_layouts_base_html_head,	 ARGS:Symbol,
		 6: 
		 7: def_%v_29 %v_0[2.1,] 
		 8: 
		 9: %self->body_css_classes def_%v_30 %self[7.1,7.3,7.5,2.0,] 	 SYMBOL:	 ARGS:
		 10: 
		 11: %self->call_hook def_%v_31 %self[7.1,7.3,7.5,7.9,2.0,] 	 SYMBOL:view_layouts_base_body_top,	 ARGS:Symbol,
		 12: 
		 13: (User) def_%v_32 
		 14: %v_32->current def_%v_33 %v_32[7.13,] 	 SYMBOL:	 ARGS:
		 15: %v_33->logged? def_%v_34 %v_33[7.14,] 	 SYMBOL:	 ARGS:
		 16: BRANCH %v_34[7.15,] 
BB 8
	outgoing: 9 
	datadep: 
	instructions:
		 0: (Setting) def_%v_35 
		 1: %v_35->login_required? def_%v_36 %v_35[8.0,] 	 SYMBOL:	 ARGS:
		 2: %v_36->! def_%v_37 %v_36[8.1,] 	 SYMBOL:	 ARGS:
		 3: COPY TYPE_PASS def_%v_34 %v_37[8.2,] 
BB 9
	outgoing: 10 11 
	datadep: 
	instructions:
		 0: BRANCH %v_34[8.3,7.15,] 
BB 10
	outgoing: 12 
	datadep: 
	instructions:
		 0: 
		 1: COPY TYPE_StringLiteral "search" def_%v_38 
		 2: COPY TYPE_StringLiteral "index" def_%v_39 
		 3: GETFIELD %self->project def_%v_40 %self[2.0,] 
		 4: HASH-controller-action-id- def_%v_41 %v_38[10.1,] %v_39[10.2,] %v_40[10.3,] 
		 5: HASH-method- def_%v_42 
		 6: %self->form_tag def_%v_43 %self[2.0,] %v_41[10.4,] %v_42[10.5,] %self[2.0,] 	 SYMBOL:	 ARGS:%v_41,%v_42,%self,
CLOSURE BEGIN: %self[2.0,] 
BB 1
	outgoing: 9 2 
	datadep: 
	instructions:
BB 2
	outgoing: 3 
	datadep: 
	instructions:
		 0: def_%self 
		 1: def_%cl_4_0 
		 2: COPY TYPE_CurrentScope def_%current_scope 
		 3: COPY TYPE_ScopeModule def_%current_module 
BB 3
	outgoing: 4 5 7 
	datadep: 
	instructions:
		 0: 
		 1: %self->controller def_%cl_4_3 %self[2.0,] 	 SYMBOL:	 ARGS:
		 2: %cl_4_3->default_search_scope def_%cl_4_4 %cl_4_3[3.1,] 	 SYMBOL:	 ARGS:
		 3: BRANCH %cl_4_4[3.2,] 
BB 4
	outgoing: 6 7 
	datadep: 
	instructions:
		 0: %self->controller def_%cl_4_5 %self[2.0,] 	 SYMBOL:	 ARGS:
		 1: %cl_4_5->default_search_scope def_%cl_4_6 %cl_4_5[4.0,] 	 SYMBOL:	 ARGS:
		 2: HASH-id- def_%cl_4_7 
		 3: %self->hidden_field_tag def_%cl_4_8 %self[4.0,2.0,] %cl_4_6[4.1,] %cl_4_7[4.2,] 	 SYMBOL:	 ARGS:%cl_4_6,Fixnum,%cl_4_7,
		 4: 
BB 5
	outgoing: 6 
	datadep: 
	instructions:
		 0: COPY TYPE_Nil def_%cl_4_8 
BB 6
	outgoing: 7 9 
	datadep: 
	instructions:
		 0: 
		 1: COPY TYPE_StringLiteral "flyout-search" def_%cl_4_9 
		 2: COPY TYPE_StringLiteral "&#9906;" def_%cl_4_10 
		 3: %cl_4_10->html_safe def_%cl_4_11 %cl_4_10[6.2,] 	 SYMBOL:	 ARGS:
		 4: COPY TYPE_StringLiteral "search-magnifier search-magnifier--flyout" def_%cl_4_12 
		 5: HASH-class- def_%cl_4_13 %cl_4_12[6.4,] 
		 6: %self->label_tag def_%cl_4_14 %self[2.0,] %cl_4_9[6.1,] %cl_4_11[6.3,] %cl_4_13[6.5,] 	 SYMBOL:	 ARGS:%cl_4_9,%cl_4_11,%cl_4_13,
		 7: 
		 8: COPY TYPE_StringLiteral "q" def_%cl_4_15 
		 9: GETFIELD %self->question def_%cl_4_16 %self[6.6,2.0,] 
		 10: COPY TYPE_StringLiteral "flyout-search" def_%cl_4_17 
		 11: COPY TYPE_StringLiteral "small js-search-input" def_%cl_4_18 
		 12: %self->l def_%cl_4_19 %self[6.6,2.0,] 	 SYMBOL:label_search,	 ARGS:Symbol,
		 13: HASH-id-class-placeholder- def_%cl_4_20 %cl_4_17[6.10,] %cl_4_18[6.11,] %cl_4_19[6.12,] 
		 14: %self->text_field_tag def_%cl_4_21 %self[6.6,6.12,2.0,] %cl_4_15[6.8,] %cl_4_16[6.9,] %cl_4_20[6.13,] 	 SYMBOL:	 ARGS:%cl_4_15,%cl_4_16,%cl_4_20,
		 15: RETURN %cl_4_21[6.14,] %self[6.6,6.12,6.14,2.0,] 
BB 7
	outgoing: 9 
	datadep: 
	instructions:
		 0: def_%cl_4_22 
		 1: def_%cl_4_23 %cl_4_22[7.0,] 
		 2: RETURN %cl_4_23[7.1,] %self[2.0,] 
BB 9
	outgoing: 
	datadep: 
	instructions:
CLOSURE END: 
		 7: 
BB 11
	outgoing: 12 
	datadep: 
	instructions:
		 0: COPY TYPE_Nil def_%v_43 
BB 12
	outgoing: 13 20 
	datadep: 
	instructions:
		 0: 
		 1: (User) def_%v_44 
		 2: %v_44->current def_%v_45 %v_44[12.1,] 	 SYMBOL:	 ARGS:
		 3: %v_45->logged? def_%v_46 %v_45[12.2,] 	 SYMBOL:	 ARGS:
		 4: BRANCH %v_46[12.3,] 
BB 13
	outgoing: 14 15 
	datadep: 
	instructions:
		 0: 
		 1: (Setting) def_%v_47 
		 2: %v_47->gravatar_enabled? def_%v_48 %v_47[13.1,] 	 SYMBOL:	 ARGS:
		 3: %v_48->! def_%v_49 %v_48[13.2,] 	 SYMBOL:	 ARGS:
		 4: BRANCH %v_49[13.3,] 
BB 14
	outgoing: 16 
	datadep: 
	instructions:
		 0: COPY TYPE_Nil def_%v_50 
		 1: 
BB 15
	outgoing: 16 
	datadep: 
	instructions:
		 0: COPY TYPE_Nil def_%v_50 
BB 16
	outgoing: 17 18 
	datadep: 
	instructions:
		 0: 
		 1: (Setting) def_%v_51 
		 2: %v_51->gravatar_enabled? def_%v_52 %v_51[16.1,] 	 SYMBOL:	 ARGS:
		 3: BRANCH %v_52[16.2,] 
BB 17
	outgoing: 19 
	datadep: 
	instructions:
		 0: 
		 1: (User) def_%v_53 
		 2: %v_53->current def_%v_54 %v_53[17.1,] 	 SYMBOL:	 ARGS:
		 3: COPY TYPE_StringLiteral "80" def_%v_55 
		 4: HASH-size- def_%v_56 %v_55[17.3,] 
		 5: %self->avatar def_%v_57 %self[2.0,] %v_54[17.2,] %v_56[17.4,] 	 SYMBOL:	 ARGS:%v_54,%v_56,
		 6: (User) def_%v_58 
		 7: %v_58->current def_%v_59 %v_58[17.6,] 	 SYMBOL:	 ARGS:
		 8: %self->user_path def_%v_60 %self[17.5,2.0,] %v_59[17.7,] 	 SYMBOL:	 ARGS:%v_59,
		 9: %self->link_to def_%v_61 %self[17.5,17.8,2.0,] %v_57[17.5,] %v_60[17.8,] 	 SYMBOL:	 ARGS:%v_57,%v_60,
		 10: 
BB 18
	outgoing: 19 
	datadep: 
	instructions:
		 0: COPY TYPE_Nil def_%v_61 
BB 19
	outgoing: 21 
	datadep: 
	instructions:
		 0: 
		 1: (User) def_%v_62 
		 2: %v_62->current def_%v_63 %v_62[19.1,] 	 SYMBOL:	 ARGS:
		 3: HASH-format- def_%v_64 
		 4: %self->link_to_user def_%v_65 %self[2.0,] %v_63[19.2,] %v_64[19.3,] 	 SYMBOL:	 ARGS:%v_63,%v_64,
		 5: 
BB 20
	outgoing: 21 
	datadep: 
	instructions:
		 0: COPY TYPE_Nil def_%v_65 
BB 21
	outgoing: 22 23 
	datadep: 
	instructions:
		 0: 
		 1: GETFIELD %self->project def_%v_66 %self[2.0,] 
		 2: %self->display_main_menu? def_%v_67 %self[2.0,] %v_66[21.1,] 	 SYMBOL:	 ARGS:%v_66,
		 3: BRANCH %v_67[21.2,] 
BB 22
	outgoing: 24 
	datadep: 
	instructions:
		 0: 
		 1: %self->l def_%v_68 %self[2.0,] 	 SYMBOL:label_project,	 ARGS:Symbol,
		 2: 
BB 23
	outgoing: 24 
	datadep: 
	instructions:
		 0: COPY TYPE_Nil def_%v_68 
BB 24
	outgoing: 25 26 
	datadep: 
	instructions:
		 0: 
		 1: %self->l def_%v_69 %self[2.0,] 	 SYMBOL:label_general,	 ARGS:Symbol,
		 2: 
		 3: %self->l def_%v_70 %self[24.1,2.0,] 	 SYMBOL:label_profile,	 ARGS:Symbol,
		 4: 
		 5: %self->render_menu def_%v_71 %self[24.1,24.3,2.0,] 	 SYMBOL:account_menu,	 ARGS:Symbol,
		 6: 
		 7: (User) def_%v_72 
		 8: %v_72->current def_%v_73 %v_72[24.7,] 	 SYMBOL:	 ARGS:
		 9: %v_73->logged? def_%v_74 %v_73[24.8,] 	 SYMBOL:	 ARGS:
		 10: BRANCH %v_74[24.9,] 
BB 25
	outgoing: 27 
	datadep: 
	instructions:
		 0: COPY TYPE_StringLiteral "div" def_%v_75 
		 1: %self->l def_%v_76 %self[2.0,] 	 SYMBOL:label_logged_as,	 ARGS:Symbol,
		 2: COPY TYPE_StringLiteral " " def_%v_77 
		 3: (User) def_%v_78 
		 4: %v_78->current def_%v_79 %v_78[25.3,] 	 SYMBOL:	 ARGS:
		 5: HASH-format- def_%v_80 
		 6: %self->link_to_user def_%v_81 %self[25.1,2.0,] %v_79[25.4,] %v_80[25.5,] 	 SYMBOL:	 ARGS:%v_79,%v_80,
		 7: BUILDSTRING def_%v_82 %v_76[25.1,] %v_77[25.2,] %v_81[25.6,] 
		 8: %v_82->html_safe def_%v_83 %v_82[25.7,] 	 SYMBOL:	 ARGS:
		 9: COPY TYPE_StringLiteral "loggedas" def_%v_84 
		 10: HASH-id- def_%v_85 %v_84[25.9,] 
		 11: %self->content_tag def_%v_86 %self[25.1,25.6,2.0,] %v_75[25.0,] %v_83[25.8,] %v_85[25.10,] 	 SYMBOL:	 ARGS:%v_75,%v_83,%v_85,
		 12: 
BB 26
	outgoing: 27 
	datadep: 
	instructions:
		 0: COPY TYPE_Nil def_%v_86 
BB 27
	outgoing: 28 29 
	datadep: 
	instructions:
		 0: 
		 1: (User) def_%v_87 
		 2: %v_87->current def_%v_88 %v_87[27.1,] 	 SYMBOL:	 ARGS:
		 3: %v_88->logged? def_%v_89 %v_88[27.2,] 	 SYMBOL:	 ARGS:
		 4: BRANCH %v_89[27.3,] 
BB 28
	outgoing: 29 
	datadep: 
	instructions:
		 0: (Setting) def_%v_90 
		 1: %v_90->login_required? def_%v_91 %v_90[28.0,] 	 SYMBOL:	 ARGS:
		 2: %v_91->! def_%v_92 %v_91[28.1,] 	 SYMBOL:	 ARGS:
		 3: COPY TYPE_PASS def_%v_89 %v_92[28.2,] 
BB 29
	outgoing: 30 31 
	datadep: 
	instructions:
		 0: BRANCH %v_89[28.3,27.3,] 
BB 30
	outgoing: 32 
	datadep: 
	instructions:
		 0: %self->render_menu def_%v_93 %self[2.0,] 	 SYMBOL:top_menu,	 ARGS:Symbol,
		 1: 
BB 31
	outgoing: 32 
	datadep: 
	instructions:
		 0: COPY TYPE_Nil def_%v_93 
BB 32
	outgoing: 33 34 
	datadep: 
	instructions:
		 0: 
		 1: (User) def_%v_94 
		 2: %v_94->current def_%v_95 %v_94[32.1,] 	 SYMBOL:	 ARGS:
		 3: %v_95->logged? def_%v_96 %v_95[32.2,] 	 SYMBOL:	 ARGS:
		 4: BRANCH %v_96[32.3,] 
BB 33
	outgoing: 34 
	datadep: 
	instructions:
		 0: (Setting) def_%v_97 
		 1: %v_97->login_required? def_%v_98 %v_97[33.0,] 	 SYMBOL:	 ARGS:
		 2: %v_98->! def_%v_99 %v_98[33.1,] 	 SYMBOL:	 ARGS:
		 3: COPY TYPE_PASS def_%v_96 %v_99[33.2,] 
BB 34
	outgoing: 35 36 
	datadep: 
	instructions:
		 0: BRANCH %v_96[33.3,32.3,] 
BB 35
	outgoing: 37 
	datadep: 
	instructions:
		 0: 
		 1: COPY TYPE_StringLiteral "search" def_%v_100 
		 2: COPY TYPE_StringLiteral "index" def_%v_101 
		 3: GETFIELD %self->project def_%v_102 %self[2.0,] 
		 4: HASH-controller-action-id- def_%v_103 %v_100[35.1,] %v_101[35.2,] %v_102[35.3,] 
		 5: HASH-method- def_%v_104 
		 6: %self->form_tag def_%v_105 %self[2.0,] %v_103[35.4,] %v_104[35.5,] %self[2.0,] 	 SYMBOL:	 ARGS:%v_103,%v_104,%self,
CLOSURE BEGIN: %self[2.0,] 
BB 1
	outgoing: 9 2 
	datadep: 
	instructions:
BB 2
	outgoing: 3 
	datadep: 
	instructions:
		 0: def_%self 
		 1: def_%cl_5_0 
		 2: COPY TYPE_CurrentScope def_%current_scope 
		 3: COPY TYPE_ScopeModule def_%current_module 
BB 3
	outgoing: 4 5 7 
	datadep: 
	instructions:
		 0: 
		 1: %self->controller def_%cl_5_3 %self[2.0,] 	 SYMBOL:	 ARGS:
		 2: %cl_5_3->default_search_scope def_%cl_5_4 %cl_5_3[3.1,] 	 SYMBOL:	 ARGS:
		 3: BRANCH %cl_5_4[3.2,] 
BB 4
	outgoing: 6 7 
	datadep: 
	instructions:
		 0: %self->controller def_%cl_5_5 %self[2.0,] 	 SYMBOL:	 ARGS:
		 1: %cl_5_5->default_search_scope def_%cl_5_6 %cl_5_5[4.0,] 	 SYMBOL:	 ARGS:
		 2: HASH-id- def_%cl_5_7 
		 3: %self->hidden_field_tag def_%cl_5_8 %self[4.0,2.0,] %cl_5_6[4.1,] %cl_5_7[4.2,] 	 SYMBOL:	 ARGS:%cl_5_6,Fixnum,%cl_5_7,
		 4: 
BB 5
	outgoing: 6 
	datadep: 
	instructions:
		 0: COPY TYPE_Nil def_%cl_5_8 
BB 6
	outgoing: 7 9 
	datadep: 
	instructions:
		 0: 
		 1: %self->l def_%cl_5_9 %self[2.0,] 	 SYMBOL:label_search,	 ARGS:Symbol,
		 2: COPY TYPE_StringLiteral "search" def_%cl_5_10 
		 3: COPY TYPE_StringLiteral "index" def_%cl_5_11 
		 4: GETFIELD %self->project def_%cl_5_12 %self[6.1,2.0,] 
		 5: HASH-controller-action-id- def_%cl_5_13 %cl_5_10[6.2,] %cl_5_11[6.3,] %cl_5_12[6.4,] 
		 6: %self->accesskey def_%cl_5_14 %self[6.1,2.0,] 	 SYMBOL:search,	 ARGS:Symbol,
		 7: HASH-accesskey- def_%cl_5_15 %cl_5_14[6.6,] 
		 8: %self->link_to def_%cl_5_16 %self[6.1,6.6,2.0,] %cl_5_9[6.1,] %cl_5_13[6.5,] %cl_5_15[6.7,] 	 SYMBOL:	 ARGS:%cl_5_9,%cl_5_13,%cl_5_15,
		 9: 
		 10: COPY TYPE_StringLiteral "q" def_%cl_5_17 
		 11: GETFIELD %self->question def_%cl_5_18 %self[6.1,6.6,6.8,2.0,] 
		 12: COPY TYPE_StringLiteral "small" def_%cl_5_19 
		 13: %self->accesskey def_%cl_5_20 %self[6.1,6.6,6.8,2.0,] 	 SYMBOL:quick_search,	 ARGS:Symbol,
		 14: HASH-size-class-accesskey- def_%cl_5_21 %cl_5_19[6.12,] %cl_5_20[6.13,] 
		 15: %self->text_field_tag def_%cl_5_22 %self[6.1,6.6,6.8,6.13,2.0,] %cl_5_17[6.10,] %cl_5_18[6.11,] %cl_5_21[6.14,] 	 SYMBOL:	 ARGS:%cl_5_17,%cl_5_18,%cl_5_21,
		 16: RETURN %cl_5_22[6.15,] %self[6.1,6.6,6.8,6.13,6.15,2.0,] 
BB 7
	outgoing: 9 
	datadep: 
	instructions:
		 0: def_%cl_5_23 
		 1: def_%cl_5_24 %cl_5_23[7.0,] 
		 2: RETURN %cl_5_24[7.1,] %self[2.0,] 
BB 9
	outgoing: 
	datadep: 
	instructions:
CLOSURE END: 
		 7: 
		 8: %self->render_project_jump_box def_%v_106 %self[35.6,2.0,] 	 SYMBOL:	 ARGS:
		 9: 
BB 36
	outgoing: 37 
	datadep: 
	instructions:
		 0: COPY TYPE_Nil def_%v_106 
BB 37
	outgoing: 38 39 
	datadep: 
	instructions:
		 0: 
		 1: %self->page_header_title def_%v_107 %self[2.0,] 	 SYMBOL:	 ARGS:
		 2: 
		 3: GETFIELD %self->project def_%v_108 %self[37.1,2.0,] 
		 4: %self->display_main_menu? def_%v_109 %self[37.1,2.0,] %v_108[37.3,] 	 SYMBOL:	 ARGS:%v_108,
		 5: BRANCH %v_109[37.4,] 
BB 38
	outgoing: 40 
	datadep: 
	instructions:
		 0: 
		 1: GETFIELD %self->project def_%v_110 %self[2.0,] 
		 2: %self->render_main_menu def_%v_111 %self[2.0,] %v_110[38.1,] 	 SYMBOL:	 ARGS:%v_110,
		 3: 
BB 39
	outgoing: 40 
	datadep: 
	instructions:
		 0: COPY TYPE_Nil def_%v_111 
BB 40
	outgoing: 41 42 
	datadep: 
	instructions:
		 0: 
		 1: %self->sidebar_content? def_%v_112 %self[2.0,] 	 SYMBOL:	 ARGS:
		 2: BRANCH %v_112[40.1,] 
BB 41
	outgoing: 43 
	datadep: 
	instructions:
		 0: COPY TYPE_StringLiteral "" def_%v_113 
		 1: 
BB 42
	outgoing: 43 
	datadep: 
	instructions:
		 0: COPY TYPE_StringLiteral "nosidebar" def_%v_114 
		 1: COPY TYPE_PASS def_%v_113 %v_114[42.0,] 
BB 43
	outgoing: 44 45 
	datadep: 
	instructions:
		 0: 
		 1: def_%v_115 %v_0[2.1,] 
		 2: 
		 3: %self->view_layouts_base_sidebar_hook_response def_%v_116 %self[2.0,] 	 SYMBOL:	 ARGS:
		 4: 
		 5: %self->render_flash_messages def_%v_117 %self[43.3,2.0,] 	 SYMBOL:	 ARGS:
		 6: 
		 7: def_%v_118 %v_0[2.1,] 
		 8: 
		 9: %self->call_hook def_%v_119 %self[43.3,43.5,2.0,] 	 SYMBOL:view_layouts_base_content,	 ARGS:Symbol,
		 10: 
		 11: %self->l def_%v_120 %self[43.3,43.5,43.9,2.0,] 	 SYMBOL:label_loading,	 ARGS:Symbol,
		 12: 
		 13: (Redmine) def_%v_121 
		 14: (inherit Info) def_%v_122 %v_121[43.13,] 
		 15: %v_122[43.14,] 
BB 44
	outgoing: 45 
	datadep: 
	instructions:
		 0: %v_121->const_missing def_%v_122 %v_121[43.13,] 	 SYMBOL:Info,	 ARGS:Symbol,
BB 45
	outgoing: 46 47 
	datadep: 
	instructions:
		 0: %v_122->app_name def_%v_123 %v_122[44.0,43.14,] 	 SYMBOL:	 ARGS:
		 1: (Redmine) def_%v_124 
		 2: (inherit Info) def_%v_125 %v_124[45.1,] 
		 3: %v_125[45.2,] 
BB 46
	outgoing: 47 
	datadep: 
	instructions:
		 0: %v_124->const_missing def_%v_125 %v_124[45.1,] 	 SYMBOL:Info,	 ARGS:Symbol,
BB 47
	outgoing: 48 49 
	datadep: 
	instructions:
		 0: %v_125->url def_%v_126 %v_125[46.0,45.2,] 	 SYMBOL:	 ARGS:
		 1: %self->link_to def_%v_127 %self[2.0,] %v_123[45.0,] %v_126[47.0,] 	 SYMBOL:	 ARGS:%v_123,%v_126,
		 2: 
		 3: %self->call_hook def_%v_128 %self[47.1,2.0,] 	 SYMBOL:view_layouts_base_body_bottom,	 ARGS:Symbol,
		 4: 
		 5: GETFIELD %self->user def_%v_129 %self[47.1,47.3,2.0,] 
		 6: %v_129->name def_%v_130 %v_129[47.5,] 	 SYMBOL:	 ARGS:
		 7: 
		 8: COPY TYPE_StringLiteral "email_addresses/index" def_%v_131 
		 9: HASH-partial- def_%v_132 %v_131[47.8,] 
		 10: %self->render def_%v_133 %self[47.1,47.3,2.0,] %v_132[47.9,] 	 SYMBOL:	 ARGS:%v_132,
		 11: 
		 12: GETFIELD %self->addresses def_%v_134 %self[47.1,47.3,47.10,2.0,] 
		 13: %v_134->present? def_%v_135 %v_134[47.12,] 	 SYMBOL:	 ARGS:
		 14: BRANCH %v_135[47.13,] 
BB 48
	outgoing: 50 
	datadep: 
	instructions:
		 0: 
		 1: GETFIELD %self->addresses def_%v_136 %self[2.0,] 
		 2: %v_136->each def_%v_137 %v_136[48.1,] %self[2.0,] 	 SYMBOL:	 ARGS:%v_136,
CLOSURE BEGIN: %self[2.0,] address[] 
BB 1
	outgoing: 6 2 
	datadep: 
	instructions:
BB 2
	outgoing: 3 
	datadep: 
	instructions:
		 0: def_%self 
		 1: def_%cl_6_0 
		 2: RECEIVEARG def_address 
		 3: COPY TYPE_CurrentScope def_%current_scope 
		 4: COPY TYPE_ScopeModule def_%current_module 
BB 3
	outgoing: 4 6 
	datadep: 
	instructions:
		 0: 
		 1: COPY TYPE_StringLiteral "odd" def_%cl_6_3 
		 2: COPY TYPE_StringLiteral "even" def_%cl_6_4 
		 3: %self->cycle def_%cl_6_5 %self[2.0,] %cl_6_3[3.1,] %cl_6_4[3.2,] 	 SYMBOL:	 ARGS:%cl_6_3,%cl_6_4,
		 4: 
		 5: address->address def_%cl_6_6 address[2.2,] 	 SYMBOL:	 ARGS:
		 6: 
		 7: %self->toggle_email_address_notify_link def_%cl_6_7 %self[3.3,2.0,] address[3.5,2.2,] 	 SYMBOL:	 ARGS:address,
		 8: 
		 9: GETFIELD %self->user def_%cl_6_8 %self[3.3,3.7,2.0,] 
		 10: %self->user_email_address_path def_%cl_6_9 %self[3.3,3.7,2.0,] %cl_6_8[3.9,] address[3.5,2.2,] 	 SYMBOL:	 ARGS:%cl_6_8,address,
		 11: HASH-remote- def_%cl_6_10 
		 12: %self->delete_link def_%cl_6_11 %self[3.3,3.7,3.10,2.0,] %cl_6_9[3.10,] %cl_6_10[3.11,] 	 SYMBOL:	 ARGS:%cl_6_9,%cl_6_10,
		 13: RETURN %cl_6_11[3.12,] %self[3.3,3.7,3.10,3.12,2.0,] 
BB 4
	outgoing: 6 
	datadep: 
	instructions:
		 0: def_%cl_6_12 
		 1: def_%cl_6_13 %cl_6_12[4.0,] 
		 2: RETURN %cl_6_13[4.1,] %self[2.0,] 
BB 6
	outgoing: 
	datadep: 
	instructions:
CLOSURE END: 
		 3: 
BB 49
	outgoing: 50 
	datadep: 
	instructions:
		 0: COPY TYPE_Nil def_%v_137 
BB 50
	outgoing: 51 52 
	datadep: 
	instructions:
		 0: 
		 1: GETFIELD %self->addresses def_%v_138 %self[2.0,] 
		 2: %v_138->size def_%v_139 %v_138[50.1,] 	 SYMBOL:	 ARGS:
		 3: (Setting) def_%v_140 
		 4: %v_140->max_additional_emails def_%v_141 %v_140[50.3,] 	 SYMBOL:	 ARGS:
		 5: %v_141->to_i def_%v_142 %v_141[50.4,] 	 SYMBOL:	 ARGS:
		 6: %v_139->>= def_%v_143 %v_139[50.2,] %v_142[50.5,] 	 SYMBOL:	 ARGS:%v_142,
		 7: BRANCH %v_143[50.6,] 
BB 51
	outgoing: 54 
	datadep: 
	instructions:
		 0: COPY TYPE_Nil def_%v_144 
		 1: RETURN %v_144[51.0,] %self[2.0,] 
BB 52
	outgoing: 54 
	datadep: 
	instructions:
		 0: 
		 1: GETFIELD %self->address def_%v_145 %self[2.0,] 
		 2: GETFIELD %self->user def_%v_146 %self[2.0,] 
		 3: %self->user_email_addresses_path def_%v_147 %self[2.0,] %v_146[52.2,] 	 SYMBOL:	 ARGS:%v_146,
		 4: HASH-url-remote- def_%v_148 %v_147[52.3,] 
		 5: %self->form_for def_%v_149 %self[52.3,2.0,] %v_145[52.1,] %v_148[52.4,] %self[52.3,2.0,] 	 SYMBOL:	 ARGS:%v_145,%v_148,%self,
CLOSURE BEGIN: %self[52.3,2.0,] f[] 
BB 1
	outgoing: 6 2 
	datadep: 
	instructions:
BB 2
	outgoing: 3 
	datadep: 
	instructions:
		 0: def_%self 
		 1: def_%cl_7_0 
		 2: RECEIVEARG def_f 
		 3: COPY TYPE_CurrentScope def_%current_scope 
		 4: COPY TYPE_ScopeModule def_%current_module 
BB 3
	outgoing: 4 6 
	datadep: 
	instructions:
		 0: 
		 1: %self->l def_%cl_7_3 %self[2.0,] 	 SYMBOL:label_email_address_add,	 ARGS:Symbol,
		 2: 
		 3: GETFIELD %self->address def_%cl_7_4 %self[3.1,2.0,] 
		 4: %self->error_messages_for def_%cl_7_5 %self[3.1,2.0,] %cl_7_4[3.3,] 	 SYMBOL:	 ARGS:%cl_7_4,
		 5: 
		 6: HASH-size- def_%cl_7_6 
		 7: f->text_field def_%cl_7_7 f[2.2,] %cl_7_6[3.6,] 	 SYMBOL:address,	 ARGS:Symbol,%cl_7_6,
		 8: 
		 9: %self->l def_%cl_7_8 %self[3.1,3.4,2.0,] 	 SYMBOL:button_add,	 ARGS:Symbol,
		 10: %self->submit_tag def_%cl_7_9 %self[3.1,3.4,3.9,2.0,] %cl_7_8[3.9,] 	 SYMBOL:	 ARGS:%cl_7_8,
		 11: RETURN %cl_7_9[3.10,] %self[3.1,3.4,3.9,3.10,2.0,] 
BB 4
	outgoing: 6 
	datadep: 
	instructions:
		 0: def_%cl_7_10 
		 1: def_%cl_7_11 %cl_7_10[4.0,] 
		 2: RETURN %cl_7_11[4.1,] %self[2.0,] 
BB 6
	outgoing: 
	datadep: 
	instructions:
CLOSURE END: 
		 6: RETURN %v_149[52.5,] %self[52.3,52.5,2.0,] 
BB 54
	outgoing: 
	datadep: 
	instructions:

SET IRMethod, name = find_user instanceMethod = true
BB 1
	outgoing: 3 2 
	datadep: 
	instructions:
BB 2
	outgoing: 3 
	datadep: 
	instructions:
		 0: def_%self 
		 1: def_%v_0 
		 2: COPY TYPE_CurrentScope def_%current_scope 
		 3: COPY TYPE_ScopeModule def_%current_module 
		 4: 
		 5: 
		 6: (User) def_%v_3 
		 7: %self->params def_%v_4 %self[2.0,] 	 SYMBOL:	 ARGS:
		 8: %v_4->[] def_%v_5 %v_4[2.7,] 	 SYMBOL:user_id,	 ARGS:Symbol,
		 9: %v_3->find def_%v_6 %v_3[2.6,] %v_5[2.8,] 	 SYMBOL:	 ARGS:%v_5,
		 10: ATTRASSIGN %self->user %v_6[2.9,] 
		 11: RETURN %v_6[2.9,] %self[2.0,2.7,2.10,] 
BB 3
	outgoing: 
	datadep: 
	instructions:

SET IRMethod, name = find_email_address instanceMethod = true
BB 1
	outgoing: 14 2 
	datadep: 
	instructions:
BB 2
	outgoing: 4 
	datadep: 
	instructions:
		 0: def_%self 
		 1: def_%v_0 
		 2: COPY TYPE_CurrentScope def_%current_scope 
		 3: COPY TYPE_ScopeModule def_%current_module 
		 4: 
		 5: GLOBALVAR $! def_%v_3 
BB 4
	outgoing: 5 6 
	datadep: 
	instructions:
		 0: 
		 1: 
		 2: GETFIELD %self->user def_%v_6 %self[2.0,] 
		 3: %v_6->email_addresses def_%v_7 %v_6[4.2,] 	 SYMBOL:	 ARGS:
		 4: HASH-is_default- def_%v_8 
		 5: %v_7->where def_%v_9 %v_7[4.3,] %v_8[4.4,] 	 SYMBOL:	 ARGS:%v_8,
		 6: %self->params def_%v_10 %self[2.0,] 	 SYMBOL:	 ARGS:
		 7: %v_10->[] def_%v_11 %v_10[4.6,] 	 SYMBOL:id,	 ARGS:Symbol,
		 8: %v_9->find def_%v_12 %v_9[4.5,] %v_11[4.7,] 	 SYMBOL:	 ARGS:%v_11,
		 9: ATTRASSIGN %self->address %v_12[4.8,] 
		 10: COPY TYPE_PASS def_%v_5 %v_12[4.8,] 
		 11: %v_3[2.5,] 
BB 5
	outgoing: 13 
	datadep: 
	instructions:
		 0: 
BB 6
	outgoing: 7 8 12 
	datadep: 
	instructions:
		 0: def_%v_13 
		 1: (ActiveRecord) def_%v_14 
		 2: (inherit RecordNotFound) def_%v_15 %v_14[6.1,] 
		 3: %v_15[6.2,] 
BB 7
	outgoing: 8 12 
	datadep: 
	instructions:
		 0: %v_14->const_missing def_%v_15 %v_14[6.1,] 	 SYMBOL:RecordNotFound,	 ARGS:Symbol,
BB 8
	outgoing: 9 10 12 
	datadep: 
	instructions:
		 0: def_%v_16 %v_15[7.0,6.2,] %v_13[6.0,] 
		 1: BRANCH %v_16[8.0,] 
BB 9
	outgoing: 12 14 
	datadep: 
	instructions:
		 0: %v_13[6.0,] 
BB 10
	outgoing: 11 12 
	datadep: 
	instructions:
		 0: 
		 1: %self->render_404 def_%v_17 %self[4.9,2.0,] 	 SYMBOL:	 ARGS:
		 2: COPY TYPE_PASS def_%v_5 %v_17[10.1,] 
		 3: %v_3[2.5,] 
BB 11
	outgoing: 13 
	datadep: 
	instructions:
		 0: 
BB 12
	outgoing: 14 
	datadep: 
	instructions:
		 0: def_%v_18 
		 1: def_%v_19 %v_18[12.0,] %v_3[2.5,] 
		 2: %v_18[12.0,] 
BB 13
	outgoing: 14 
	datadep: 
	instructions:
		 0: RETURN %v_5[4.10,10.2,] %self[4.9,2.0,] 
BB 14
	outgoing: 
	datadep: 
	instructions:

SET IRMethod, name = require_admin_or_current_user instanceMethod = true
BB 1
	outgoing: 6 2 
	datadep: 
	instructions:
BB 2
	outgoing: 3 4 
	datadep: 
	instructions:
		 0: def_%self 
		 1: def_%v_0 
		 2: COPY TYPE_CurrentScope def_%current_scope 
		 3: COPY TYPE_ScopeModule def_%current_module 
		 4: 
		 5: 
		 6: GETFIELD %self->user def_%v_3 %self[2.0,] 
		 7: (User) def_%v_4 
		 8: %v_4->current def_%v_5 %v_4[2.7,] 	 SYMBOL:	 ARGS:
		 9: %v_3->== def_%v_6 %v_3[2.6,] %v_5[2.8,] 	 SYMBOL:	 ARGS:%v_5,
		 10: BRANCH %v_6[2.9,] 
BB 3
	outgoing: 6 
	datadep: 
	instructions:
		 0: COPY TYPE_Nil def_%v_7 
		 1: RETURN %v_7[3.0,] %self[2.0,] 
BB 4
	outgoing: 6 
	datadep: 
	instructions:
		 0: 
		 1: %self->require_admin def_%v_8 %self[2.0,] 	 SYMBOL:	 ARGS:
		 2: RETURN %v_8[4.1,] %self[4.1,2.0,] 
BB 6
	outgoing: 
	datadep: 
	instructions:

