SET IRMethod, name = index instanceMethod = true
BB 1
	outgoing: 69 2 
	datadep: 
	instructions:
BB 2
	outgoing: 3 4 
	datadep: 
	instructions:
		 0: def_%self 
		 1: def_%v_0 
		 2: COPY TYPE_CurrentScope def_%current_scope 
		 3: COPY TYPE_ScopeModule def_%current_module 
		 4: 
		 5: 
		 6: %self->params def_%v_3 %self[2.0,] 	 SYMBOL:	 ARGS:
		 7: %v_3->[] def_%v_4 %v_3[2.6,] 	 SYMBOL:q,	 ARGS:Symbol,
		 8: BRANCH %v_4[2.7,] 
BB 3
	outgoing: 4 
	datadep: 
	instructions:
		 0: COPY TYPE_StringLiteral "" def_%v_5 
		 1: COPY TYPE_PASS def_%v_4 %v_5[3.0,] 
BB 4
	outgoing: 5 6 
	datadep: 
	instructions:
		 0: ATTRASSIGN %self->question %v_4[3.1,2.7,] 
		 1: 
		 2: GETFIELD %self->question def_%v_6 %self[4.0,2.0,] 
		 3: %v_6->strip! def_%v_7 %v_6[4.2,] 	 SYMBOL:	 ARGS:
		 4: 
		 5: %self->params def_%v_8 %self[4.0,2.0,] 	 SYMBOL:	 ARGS:
		 6: %v_8->[] def_%v_9 %v_8[4.5,] 	 SYMBOL:all_words,	 ARGS:Symbol,
		 7: BRANCH %v_9[4.6,] 
BB 5
	outgoing: 7 
	datadep: 
	instructions:
		 0: %self->params def_%v_10 %self[4.0,2.0,] 	 SYMBOL:	 ARGS:
		 1: %v_10->[] def_%v_11 %v_10[5.0,] 	 SYMBOL:all_words,	 ARGS:Symbol,
		 2: %v_11->present? def_%v_12 %v_11[5.1,] 	 SYMBOL:	 ARGS:
		 3: 
BB 6
	outgoing: 7 
	datadep: 
	instructions:
		 0: COPY TYPE_Boolean def_%v_12 
BB 7
	outgoing: 8 9 
	datadep: 
	instructions:
		 0: ATTRASSIGN %self->all_words %v_12[6.0,5.2,] 
		 1: 
		 2: %self->params def_%v_13 %self[7.0,4.0,2.0,] 	 SYMBOL:	 ARGS:
		 3: %v_13->[] def_%v_14 %v_13[7.2,] 	 SYMBOL:titles_only,	 ARGS:Symbol,
		 4: BRANCH %v_14[7.3,] 
BB 8
	outgoing: 10 
	datadep: 
	instructions:
		 0: %self->params def_%v_15 %self[7.0,4.0,2.0,] 	 SYMBOL:	 ARGS:
		 1: %v_15->[] def_%v_16 %v_15[8.0,] 	 SYMBOL:titles_only,	 ARGS:Symbol,
		 2: %v_16->present? def_%v_17 %v_16[8.1,] 	 SYMBOL:	 ARGS:
		 3: 
BB 9
	outgoing: 10 
	datadep: 
	instructions:
		 0: COPY TYPE_Boolean def_%v_17 
BB 10
	outgoing: 11 12 
	datadep: 
	instructions:
		 0: ATTRASSIGN %self->titles_only %v_17[9.0,8.2,] 
		 1: 
		 2: %self->params def_%v_18 %self[10.0,7.0,4.0,2.0,] 	 SYMBOL:	 ARGS:
		 3: %v_18->[] def_%v_19 %v_18[10.2,] 	 SYMBOL:attachments,	 ARGS:Symbol,
		 4: %v_19->presence def_%v_20 %v_19[10.3,] 	 SYMBOL:	 ARGS:
		 5: BRANCH %v_20[10.4,] 
BB 11
	outgoing: 12 
	datadep: 
	instructions:
		 0: COPY TYPE_StringLiteral "0" def_%v_21 
		 1: COPY TYPE_PASS def_%v_20 %v_21[11.0,] 
BB 12
	outgoing: 13 14 
	datadep: 
	instructions:
		 0: ATTRASSIGN %self->search_attachments %v_20[11.1,10.4,] 
		 1: 
		 2: %self->params def_%v_22 %self[12.0,10.0,7.0,4.0,2.0,] 	 SYMBOL:	 ARGS:
		 3: %v_22->[] def_%v_23 %v_22[12.2,] 	 SYMBOL:open_issues,	 ARGS:Symbol,
		 4: BRANCH %v_23[12.3,] 
BB 13
	outgoing: 15 
	datadep: 
	instructions:
		 0: %self->params def_%v_24 %self[12.0,10.0,7.0,4.0,2.0,] 	 SYMBOL:	 ARGS:
		 1: %v_24->[] def_%v_25 %v_24[13.0,] 	 SYMBOL:open_issues,	 ARGS:Symbol,
		 2: %v_25->present? def_%v_26 %v_25[13.1,] 	 SYMBOL:	 ARGS:
		 3: 
BB 14
	outgoing: 15 
	datadep: 
	instructions:
		 0: COPY TYPE_Boolean def_%v_26 
BB 15
	outgoing: 16 18 
	datadep: 
	instructions:
		 0: ATTRASSIGN %self->open_issues %v_26[14.0,13.2,] 
		 1: 
		 2: %self->params def_%v_27 %self[15.0,12.0,10.0,7.0,4.0,2.0,] 	 SYMBOL:	 ARGS:
		 3: %v_27->[] def_%v_28 %v_27[15.2,] 	 SYMBOL:format,	 ARGS:Symbol,
		 4: COPY TYPE_StringLiteral "xml" def_%v_31 
		 5: def_%v_30 %v_31[15.4,] %v_28[15.3,] 
		 6: BRANCH %v_30[15.5,] 
BB 16
	outgoing: 17 19 
	datadep: 
	instructions:
		 0: COPY TYPE_StringLiteral "json" def_%v_33 
		 1: def_%v_32 %v_33[16.0,] %v_28[15.3,] 
		 2: BRANCH %v_32[16.1,] 
BB 17
	outgoing: 21 22 
	datadep: 
	instructions:
		 0: 
		 1: ATTRASSIGN %self->offset 
		 2: 
		 3: (Setting) def_%v_42 
		 4: %v_42->search_results_per_page def_%v_43 %v_42[17.3,] 	 SYMBOL:	 ARGS:
		 5: %v_43->to_i def_%v_44 %v_43[17.4,] 	 SYMBOL:	 ARGS:
		 6: ATTRASSIGN %self->limit %v_44[17.5,] 
		 7: 
		 8: GETFIELD %self->limit def_%v_45 %self[17.6,2.0,] 
		 9: %v_45->== def_%v_46 %v_45[17.8,] 	 SYMBOL:	 ARGS:Fixnum,
		 10: BRANCH %v_46[17.9,] 
BB 18
	outgoing: 24 
	datadep: 
	instructions:
		 0: 
		 1: %self->api_offset_and_limit def_%v_34 %self[15.0,12.0,10.0,7.0,4.0,2.0,] 	 SYMBOL:	 ARGS:
		 2: def_%v_35 %v_34[18.1,] 
		 3: def_%v_36 %v_35[18.2,] 
		 4: def_%v_37 %v_35[18.2,] 
		 5: ATTRASSIGN %self->offset %v_36[18.3,] 
		 6: ATTRASSIGN %self->limit %v_37[18.4,] 
		 7: COPY TYPE_PASS def_%v_29 %v_34[18.1,] 
		 8: 
BB 19
	outgoing: 24 
	datadep: 
	instructions:
		 0: %self->api_offset_and_limit def_%v_38 %self[15.0,12.0,10.0,7.0,4.0,2.0,] 	 SYMBOL:	 ARGS:
		 1: def_%v_39 %v_38[19.0,] 
		 2: def_%v_40 %v_39[19.1,] 
		 3: def_%v_41 %v_39[19.1,] 
		 4: ATTRASSIGN %self->offset %v_40[19.2,] 
		 5: ATTRASSIGN %self->limit %v_41[19.3,] 
		 6: COPY TYPE_PASS def_%v_29 %v_38[19.0,] 
		 7: 
BB 21
	outgoing: 23 
	datadep: 
	instructions:
		 0: ATTRASSIGN %self->limit 
		 1: COPY TYPE_Fixnum def_%v_47 
		 2: 
BB 22
	outgoing: 23 
	datadep: 
	instructions:
		 0: COPY TYPE_Nil def_%v_47 
BB 23
	outgoing: 24 
	datadep: 
	instructions:
		 0: COPY TYPE_PASS def_%v_29 %v_47[22.0,21.1,] 
		 1: 
BB 24
	outgoing: 25 26 
	datadep: 
	instructions:
		 0: 
		 1: GETFIELD %self->question def_%v_48 %self[4.0,2.0,] 
		 2: COPY TYPE_Regexp def_%v_49 
		 3: %v_48->match def_%v_50 %v_48[24.1,] 	 SYMBOL:	 ARGS:%v_49,
		 4: COPY TYPE_PASS def_m %v_50[24.3,] 
		 5: BRANCH %v_50[24.3,] 
BB 25
	outgoing: 26 
	datadep: 
	instructions:
		 0: (Issue) def_%v_51 
		 1: %v_51->visible def_%v_52 %v_51[25.0,] 	 SYMBOL:	 ARGS:
		 2: m->[] def_%v_53 m[24.4,] 	 SYMBOL:	 ARGS:Fixnum,
		 3: %v_53->to_i def_%v_54 %v_53[25.2,] 	 SYMBOL:	 ARGS:
		 4: %v_52->find_by_id def_%v_55 %v_52[25.1,] %v_54[25.3,] 	 SYMBOL:	 ARGS:%v_54,
		 5: COPY TYPE_PASS def_issue %v_55[25.4,] 
		 6: COPY TYPE_PASS def_%v_50 %v_55[25.4,] 
BB 26
	outgoing: 27 28 
	datadep: 
	instructions:
		 0: BRANCH %v_50[25.6,24.3,] 
BB 27
	outgoing: 69 
	datadep: 
	instructions:
		 0: 
		 1: %self->issue_path def_%v_56 %self[18.5,18.6,19.4,19.5,15.0,21.0,17.1,17.6,12.0,10.0,7.0,4.0,2.0,] issue[25.5,] 	 SYMBOL:	 ARGS:issue,
		 2: %self->redirect_to def_%v_57 %self[27.1,18.5,18.6,19.4,19.5,15.0,21.0,17.1,17.6,12.0,10.0,7.0,4.0,2.0,] %v_56[27.1,] 	 SYMBOL:	 ARGS:%v_56,
		 3: 
		 4: RETURN %self[27.1,27.2,18.5,18.6,19.4,19.5,15.0,21.0,17.1,17.6,12.0,10.0,7.0,4.0,2.0,] 
BB 28
	outgoing: 30 33 
	datadep: 
	instructions:
		 0: COPY TYPE_Nil def_%v_58 
		 1: 
		 2: %self->params def_%v_59 %self[18.5,18.6,19.4,19.5,15.0,21.0,17.1,17.6,12.0,10.0,7.0,4.0,2.0,] 	 SYMBOL:	 ARGS:
		 3: %v_59->[] def_%v_60 %v_59[28.2,] 	 SYMBOL:scope,	 ARGS:Symbol,
		 4: COPY TYPE_StringLiteral "all" def_%v_63 
		 5: def_%v_62 %v_63[28.4,] %v_60[28.3,] 
		 6: BRANCH %v_62[28.5,] 
BB 30
	outgoing: 31 34 
	datadep: 
	instructions:
		 0: COPY TYPE_StringLiteral "my_projects" def_%v_65 
		 1: def_%v_64 %v_65[30.0,] %v_60[28.3,] 
		 2: BRANCH %v_64[30.1,] 
BB 31
	outgoing: 32 35 
	datadep: 
	instructions:
		 0: COPY TYPE_StringLiteral "subprojects" def_%v_67 
		 1: def_%v_66 %v_67[31.0,] %v_60[28.3,] 
		 2: BRANCH %v_66[31.1,] 
BB 32
	outgoing: 40 
	datadep: 
	instructions:
		 0: 
		 1: GETFIELD %self->project def_%v_76 %self[2.0,] 
		 2: COPY TYPE_PASS def_%v_61 %v_76[32.1,] 
		 3: 
BB 33
	outgoing: 40 
	datadep: 
	instructions:
		 0: 
		 1: COPY TYPE_Nil def_%v_61 
		 2: 
BB 34
	outgoing: 40 
	datadep: 
	instructions:
		 0: 
		 1: (User) def_%v_68 
		 2: %v_68->current def_%v_69 %v_68[34.1,] 	 SYMBOL:	 ARGS:
		 3: %v_69->projects def_%v_70 %v_69[34.2,] 	 SYMBOL:	 ARGS:
		 4: COPY TYPE_PASS def_%v_61 %v_70[34.3,] 
		 5: 
BB 35
	outgoing: 36 37 
	datadep: 
	instructions:
		 0: 
		 1: GETFIELD %self->project def_%v_71 %self[2.0,] 
		 2: BRANCH %v_71[35.1,] 
BB 36
	outgoing: 38 
	datadep: 
	instructions:
		 0: GETFIELD %self->project def_%v_72 %self[2.0,] 
		 1: %v_72->self_and_descendants def_%v_73 %v_72[36.0,] 	 SYMBOL:	 ARGS:
		 2: %v_73->active def_%v_74 %v_73[36.1,] 	 SYMBOL:	 ARGS:
		 3: %v_74->to_a def_%v_75 %v_74[36.2,] 	 SYMBOL:	 ARGS:
		 4: 
BB 37
	outgoing: 38 
	datadep: 
	instructions:
		 0: COPY TYPE_Nil def_%v_75 
BB 38
	outgoing: 40 
	datadep: 
	instructions:
		 0: COPY TYPE_PASS def_%v_61 %v_75[37.0,36.3,] 
		 1: 
BB 40
	outgoing: 41 42 
	datadep: 
	instructions:
		 0: COPY TYPE_PASS def_projects_to_search %v_61[33.1,34.4,38.0,32.2,] 
		 1: 
		 2: (Redmine) def_%v_77 
		 3: (inherit Search) def_%v_78 %v_77[40.2,] 
		 4: %v_78[40.3,] 
BB 41
	outgoing: 42 
	datadep: 
	instructions:
		 0: %v_77->const_missing def_%v_78 %v_77[40.2,] 	 SYMBOL:Search,	 ARGS:Symbol,
BB 42
	outgoing: 43 44 
	datadep: 
	instructions:
		 0: %v_78->available_search_types def_%v_79 %v_78[41.0,40.3,] 	 SYMBOL:	 ARGS:
		 1: %v_79->dup def_%v_80 %v_79[42.0,] 	 SYMBOL:	 ARGS:
		 2: ATTRASSIGN %self->object_types %v_80[42.1,] 
		 3: 
		 4: (Project) def_%v_81 
		 5: projects_to_search->is_a? def_%v_82 projects_to_search[40.0,] %v_81[42.4,] 	 SYMBOL:	 ARGS:%v_81,
		 6: BRANCH %v_82[42.5,] 
BB 43
	outgoing: 45 
	datadep: 
	instructions:
		 0: 
		 1: GETFIELD %self->object_types def_%v_83 %self[42.2,2.0,] 
		 2: COPY TYPE_StringLiteral "projects" def_%v_84 
		 3: %v_83->delete def_%v_85 %v_83[43.1,] %v_84[43.2,] 	 SYMBOL:	 ARGS:%v_84,
		 4: 
		 5: GETFIELD %self->object_types def_%v_86 %self[42.2,2.0,] 
		 6: %v_86->select def_%v_87 %v_86[43.5,] %self[42.2,18.5,18.6,19.4,19.5,15.0,21.0,17.1,17.6,12.0,10.0,7.0,4.0,2.0,] 	 SYMBOL:	 ARGS:%v_86,
CLOSURE BEGIN: o[] projects_to_search[40.0,] 
BB 1
	outgoing: 6 2 
	datadep: 
	instructions:
BB 2
	outgoing: 3 
	datadep: 
	instructions:
		 0: def_%self 
		 1: def_%cl_1_0 
		 2: RECEIVEARG def_o 
		 3: COPY TYPE_CurrentScope def_%current_scope 
		 4: COPY TYPE_ScopeModule def_%current_module 
BB 3
	outgoing: 4 6 
	datadep: 
	instructions:
		 0: 
		 1: (User) def_%cl_1_3 
		 2: %cl_1_3->current def_%cl_1_4 %cl_1_3[3.1,] 	 SYMBOL:	 ARGS:
		 3: COPY TYPE_StringLiteral "view_" def_%cl_1_5 
		 4: BUILDSTRING def_%cl_1_6 %cl_1_5[3.3,] o[2.2,] 
		 5: %cl_1_6->to_sym def_%cl_1_7 %cl_1_6[3.4,] 	 SYMBOL:	 ARGS:
		 6: %cl_1_4->allowed_to? def_%cl_1_8 %cl_1_4[3.2,] %cl_1_7[3.5,] projects_to_search[] 	 SYMBOL:	 ARGS:%cl_1_7,projects_to_search,
		 7: RETURN %cl_1_8[3.6,] %self[2.0,] 
BB 4
	outgoing: 6 
	datadep: 
	instructions:
		 0: def_%cl_1_9 
		 1: def_%cl_1_10 %cl_1_9[4.0,] 
		 2: RETURN %cl_1_10[4.1,] %self[2.0,] 
BB 6
	outgoing: 
	datadep: 
	instructions:
CLOSURE END: 
		 7: ATTRASSIGN %self->object_types %v_87[43.6,] 
		 8: 
BB 44
	outgoing: 45 
	datadep: 
	instructions:
		 0: COPY TYPE_Nil def_%v_87 
BB 45
	outgoing: 46 47 
	datadep: 
	instructions:
		 0: 
		 1: GETFIELD %self->object_types def_%v_88 %self[43.7,42.2,2.0,] 
		 2: %v_88->select def_%v_89 %v_88[45.1,] %self[43.7,42.2,18.5,18.6,19.4,19.5,15.0,21.0,17.1,17.6,12.0,10.0,7.0,4.0,2.0,] 	 SYMBOL:	 ARGS:%v_88,
CLOSURE BEGIN: %self[43.7,42.2,18.5,18.6,19.4,19.5,15.0,21.0,17.1,17.6,12.0,10.0,7.0,4.0,2.0,] t[] 
BB 1
	outgoing: 6 2 
	datadep: 
	instructions:
BB 2
	outgoing: 3 
	datadep: 
	instructions:
		 0: def_%self 
		 1: def_%cl_2_0 
		 2: RECEIVEARG def_t 
		 3: COPY TYPE_CurrentScope def_%current_scope 
		 4: COPY TYPE_ScopeModule def_%current_module 
BB 3
	outgoing: 4 6 
	datadep: 
	instructions:
		 0: 
		 1: %self->params def_%cl_2_3 %self[2.0,] 	 SYMBOL:	 ARGS:
		 2: %cl_2_3->[] def_%cl_2_4 %cl_2_3[3.1,] t[2.2,] 	 SYMBOL:	 ARGS:t,
		 3: RETURN %cl_2_4[3.2,] %self[3.1,2.0,] 
BB 4
	outgoing: 6 
	datadep: 
	instructions:
		 0: def_%cl_2_5 
		 1: def_%cl_2_6 %cl_2_5[4.0,] 
		 2: RETURN %cl_2_6[4.1,] %self[2.0,] 
BB 6
	outgoing: 
	datadep: 
	instructions:
CLOSURE END: 
		 3: ATTRASSIGN %self->scope %v_89[45.2,] 
		 4: 
		 5: GETFIELD %self->scope def_%v_90 %self[45.3,2.0,] 
		 6: %v_90->empty? def_%v_91 %v_90[45.5,] 	 SYMBOL:	 ARGS:
		 7: BRANCH %v_91[45.6,] 
BB 46
	outgoing: 48 
	datadep: 
	instructions:
		 0: GETFIELD %self->object_types def_%v_92 %self[43.7,42.2,2.0,] 
		 1: ATTRASSIGN %self->scope %v_92[46.0,] 
		 2: 
BB 47
	outgoing: 48 
	datadep: 
	instructions:
		 0: COPY TYPE_Nil def_%v_92 
BB 48
	outgoing: 49 50 
	datadep: 
	instructions:
		 0: 
		 1: (Redmine) def_%v_93 
		 2: (inherit Search) def_%v_94 %v_93[48.1,] 
		 3: %v_94[48.2,] 
BB 49
	outgoing: 50 
	datadep: 
	instructions:
		 0: %v_93->const_missing def_%v_94 %v_93[48.1,] 	 SYMBOL:Search,	 ARGS:Symbol,
BB 50
	outgoing: 51 52 
	datadep: 
	instructions:
		 0: (inherit Fetcher) def_%v_95 %v_94[49.0,48.2,] 
		 1: %v_95[50.0,] 
BB 51
	outgoing: 52 
	datadep: 
	instructions:
		 0: %v_94->const_missing def_%v_95 %v_94[49.0,48.2,] 	 SYMBOL:Fetcher,	 ARGS:Symbol,
BB 52
	outgoing: 53 58 
	datadep: 
	instructions:
		 0: GETFIELD %self->question def_%v_96 %self[4.0,2.0,] 
		 1: (User) def_%v_97 
		 2: %v_97->current def_%v_98 %v_97[52.1,] 	 SYMBOL:	 ARGS:
		 3: GETFIELD %self->scope def_%v_99 %self[46.1,45.3,2.0,] 
		 4: GETFIELD %self->all_words def_%v_100 %self[7.0,2.0,] 
		 5: GETFIELD %self->titles_only def_%v_101 %self[10.0,2.0,] 
		 6: GETFIELD %self->search_attachments def_%v_102 %self[12.0,2.0,] 
		 7: GETFIELD %self->open_issues def_%v_103 %self[15.0,2.0,] 
		 8: %self->params def_%v_104 %self[46.1,45.3,43.7,42.2,18.5,18.6,19.4,19.5,15.0,21.0,17.1,17.6,12.0,10.0,7.0,4.0,2.0,] 	 SYMBOL:	 ARGS:
		 9: %v_104->[] def_%v_105 %v_104[52.8,] 	 SYMBOL:page,	 ARGS:Symbol,
		 10: %v_105->present? def_%v_106 %v_105[52.9,] 	 SYMBOL:	 ARGS:
		 11: %self->params def_%v_107 %self[52.8,46.1,45.3,43.7,42.2,18.5,18.6,19.4,19.5,15.0,21.0,17.1,17.6,12.0,10.0,7.0,4.0,2.0,] 	 SYMBOL:	 ARGS:
		 12: HASH-all_words-titles_only-attachments-open_issues-cache-params- def_%v_108 %v_100[52.4,] %v_101[52.5,] %v_102[52.6,] %v_103[52.7,] %v_106[52.10,] %v_107[52.11,] 
		 13: %v_95->new def_%v_109 %v_95[51.0,50.0,] %v_96[52.0,] %v_98[52.2,] %v_99[52.3,] projects_to_search[40.0,] %v_108[52.12,] 	 SYMBOL:	 ARGS:%v_96,%v_98,%v_99,projects_to_search,%v_108,
		 14: COPY TYPE_PASS def_fetcher %v_109[52.13,] 
		 15: 
		 16: %v_109->tokens def_%v_110 %v_109[52.13,] 	 SYMBOL:	 ARGS:
		 17: %v_110->present? def_%v_111 %v_110[52.16,] 	 SYMBOL:	 ARGS:
		 18: BRANCH %v_111[52.17,] 
BB 53
	outgoing: 54 55 
	datadep: 
	instructions:
		 0: 
		 1: fetcher->result_count def_%v_112 fetcher[52.14,] 	 SYMBOL:	 ARGS:
		 2: ATTRASSIGN %self->result_count %v_112[53.1,] 
		 3: 
		 4: fetcher->result_count_by_type def_%v_113 fetcher[53.1,52.14,] 	 SYMBOL:	 ARGS:
		 5: ATTRASSIGN %self->result_count_by_type %v_113[53.4,] 
		 6: 
		 7: fetcher->tokens def_%v_114 fetcher[53.1,53.4,52.14,] 	 SYMBOL:	 ARGS:
		 8: ATTRASSIGN %self->tokens %v_114[53.7,] 
		 9: 
		 10: (Paginator) def_%v_115 
		 11: GETFIELD %self->result_count def_%v_116 %self[53.2,2.0,] 
		 12: GETFIELD %self->limit def_%v_117 %self[18.6,19.5,21.0,17.6,2.0,] 
		 13: %self->params def_%v_118 %self[53.2,53.5,53.8,46.1,45.3,43.7,42.2,18.5,18.6,19.4,19.5,15.0,21.0,17.1,17.6,12.0,10.0,7.0,4.0,2.0,] 	 SYMBOL:	 ARGS:
		 14: COPY TYPE_StringLiteral "page" def_%v_119 
		 15: %v_118->[] def_%v_120 %v_118[53.13,] %v_119[53.14,] 	 SYMBOL:	 ARGS:%v_119,
		 16: %v_115->new def_%v_121 %v_115[53.10,] %v_116[53.11,] %v_117[53.12,] %v_120[53.15,] 	 SYMBOL:	 ARGS:%v_116,%v_117,%v_120,
		 17: ATTRASSIGN %self->result_pages %v_121[53.16,] 
		 18: 
		 19: def_%v_123 %self[53.2,53.5,53.8,53.13,53.17,46.1,45.3,43.7,42.2,18.5,18.6,19.4,19.5,15.0,21.0,17.1,17.6,12.0,10.0,7.0,4.0,2.0,] 
		 20: COPY TYPE_PASS def_%v_122 %v_123[53.19,] 
		 21: %v_123[53.19,] 
BB 54
	outgoing: 55 
	datadep: 
	instructions:
		 0: GETFIELD %self->offset def_%v_124 %self[18.5,19.4,17.1,2.0,] 
		 1: COPY TYPE_PASS def_%v_122 %v_124[54.0,] 
BB 55
	outgoing: 56 57 
	datadep: 
	instructions:
		 0: BRANCH %v_122[54.1,53.20,] 
BB 56
	outgoing: 57 
	datadep: 
	instructions:
		 0: GETFIELD %self->result_pages def_%v_125 %self[53.17,2.0,] 
		 1: %v_125->offset def_%v_126 %v_125[56.0,] 	 SYMBOL:	 ARGS:
		 2: ATTRASSIGN %self->offset %v_126[56.1,] 
		 3: COPY TYPE_PASS def_%v_124 %v_126[56.1,] 
BB 57
	outgoing: 59 
	datadep: 
	instructions:
		 0: 
		 1: GETFIELD %self->offset def_%v_127 %self[56.2,18.5,19.4,17.1,2.0,] 
		 2: GETFIELD %self->result_pages def_%v_128 %self[53.17,2.0,] 
		 3: %v_128->per_page def_%v_129 %v_128[57.2,] 	 SYMBOL:	 ARGS:
		 4: fetcher->results def_%v_130 fetcher[52.14,] %v_127[57.1,] %v_129[57.3,] 	 SYMBOL:	 ARGS:%v_127,%v_129,
		 5: ATTRASSIGN %self->results %v_130[57.4,] 
		 6: 
BB 58
	outgoing: 59 
	datadep: 
	instructions:
		 0: 
		 1: COPY TYPE_StringLiteral "" def_%v_131 
		 2: ATTRASSIGN %self->question %v_131[58.1,] 
		 3: COPY TYPE_PASS def_%v_130 %v_131[58.1,] 
BB 59
	outgoing: 60 64 
	datadep: 
	instructions:
		 0: 
		 1: %self->respond_to def_%v_132 %self[58.2,57.5,56.2,53.2,53.5,53.8,53.17,46.1,45.3,43.7,42.2,18.5,18.6,19.4,19.5,15.0,21.0,17.1,17.6,12.0,10.0,7.0,4.0,2.0,] %self[58.2,57.5,56.2,53.2,53.5,53.8,53.17,46.1,45.3,43.7,42.2,18.5,18.6,19.4,19.5,15.0,21.0,17.1,17.6,12.0,10.0,7.0,4.0,2.0,] 	 SYMBOL:	 ARGS:%self,
CLOSURE BEGIN: format[] %self[58.2,57.5,56.2,53.2,53.5,53.8,53.17,46.1,45.3,43.7,42.2,18.5,18.6,19.4,19.5,15.0,21.0,17.1,17.6,12.0,10.0,7.0,4.0,2.0,] 
BB 1
	outgoing: 6 2 
	datadep: 
	instructions:
BB 2
	outgoing: 3 
	datadep: 
	instructions:
		 0: def_%self 
		 1: def_%cl_3_0 
		 2: RECEIVEARG def_format 
		 3: COPY TYPE_CurrentScope def_%current_scope 
		 4: COPY TYPE_ScopeModule def_%current_module 
BB 3
	outgoing: 4 6 
	datadep: 
	instructions:
		 0: 
		 1: format->html def_%cl_3_3 format[2.2,] %self[2.0,] 	 SYMBOL:	 ARGS:format,
CLOSURE BEGIN: %self[2.0,] 
BB 1
	outgoing: 9 2 
	datadep: 
	instructions:
BB 2
	outgoing: 3 
	datadep: 
	instructions:
		 0: def_%self 
		 1: def_%cl_4_0 
		 2: COPY TYPE_CurrentScope def_%current_scope 
		 3: COPY TYPE_ScopeModule def_%current_module 
BB 3
	outgoing: 4 5 7 
	datadep: 
	instructions:
		 0: 
		 1: %self->request def_%cl_4_3 %self[2.0,] 	 SYMBOL:	 ARGS:
		 2: %cl_4_3->xhr? def_%cl_4_4 %cl_4_3[3.1,] 	 SYMBOL:	 ARGS:
		 3: BRANCH %cl_4_4[3.2,] 
BB 4
	outgoing: 6 7 
	datadep: 
	instructions:
		 0: HASH-layout- def_%cl_4_5 
		 1: %self->render def_%cl_4_6 %self[2.0,] %cl_4_5[4.0,] 	 SYMBOL:	 ARGS:%cl_4_5,
		 2: 
BB 5
	outgoing: 9 
	datadep: 
	instructions:
		 0: RETURN %self[2.0,] 
BB 6
	outgoing: 9 
	datadep: 
	instructions:
		 0: RETURN %cl_4_6[4.1,] %self[2.0,] 
BB 7
	outgoing: 9 
	datadep: 
	instructions:
		 0: def_%cl_4_7 
		 1: def_%cl_4_8 %cl_4_7[7.0,] 
		 2: RETURN %cl_4_8[7.1,] %self[2.0,] 
BB 9
	outgoing: 
	datadep: 
	instructions:
CLOSURE END: 
		 2: 
		 3: format->api def_%cl_3_4 format[3.1,2.2,] %self[2.0,] 	 SYMBOL:	 ARGS:format,
CLOSURE BEGIN: %self[2.0,] 
BB 1
	outgoing: 10 2 
	datadep: 
	instructions:
BB 2
	outgoing: 3 
	datadep: 
	instructions:
		 0: def_%self 
		 1: def_%cl_5_0 
		 2: COPY TYPE_CurrentScope def_%current_scope 
		 3: COPY TYPE_ScopeModule def_%current_module 
BB 3
	outgoing: 4 5 8 
	datadep: 
	instructions:
		 0: 
		 1: def_%cl_5_4 %self[2.0,] 
		 2: COPY TYPE_PASS def_%cl_5_3 %cl_5_4[3.1,] 
		 3: %cl_5_4[3.1,] 
BB 4
	outgoing: 5 
	datadep: 
	instructions:
		 0: GETFIELD %self->results def_%cl_5_5 %self[2.0,] 
		 1: COPY TYPE_PASS def_%cl_5_3 %cl_5_5[4.0,] 
BB 5
	outgoing: 6 7 
	datadep: 
	instructions:
		 0: BRANCH %cl_5_3[4.1,3.2,] 
BB 6
	outgoing: 7 8 
	datadep: 
	instructions:
		 0: COPY TYPE_Array def_%cl_5_6 
		 1: ATTRASSIGN %self->results %cl_5_6[6.0,] 
		 2: COPY TYPE_PASS def_%cl_5_5 %cl_5_6[6.0,] 
BB 7
	outgoing: 8 10 
	datadep: 
	instructions:
		 0: HASH-layout- def_%cl_5_7 
		 1: %self->render def_%cl_5_8 %self[6.1,2.0,] %cl_5_7[7.0,] 	 SYMBOL:	 ARGS:%cl_5_7,
		 2: RETURN %cl_5_8[7.1,] %self[7.1,6.1,2.0,] 
BB 8
	outgoing: 10 
	datadep: 
	instructions:
		 0: def_%cl_5_9 
		 1: def_%cl_5_10 %cl_5_9[8.0,] 
		 2: RETURN %cl_5_10[8.1,] %self[6.1,2.0,] 
BB 10
	outgoing: 
	datadep: 
	instructions:
CLOSURE END: 
		 4: RETURN %cl_3_4[3.3,] %self[2.0,] 
BB 4
	outgoing: 6 
	datadep: 
	instructions:
		 0: def_%cl_3_5 
		 1: def_%cl_3_6 %cl_3_5[4.0,] 
		 2: RETURN %cl_3_6[4.1,] %self[2.0,] 
BB 6
	outgoing: 
	datadep: 
	instructions:
CLOSURE END: 
		 2: 
		 3: %self->l def_%v_133 %self[59.1,58.2,57.5,56.2,53.2,53.5,53.8,53.17,46.1,45.3,43.7,42.2,18.5,18.6,19.4,19.5,15.0,21.0,17.1,17.6,12.0,10.0,7.0,4.0,2.0,] 	 SYMBOL:label_search,	 ARGS:Symbol,
		 4: 
		 5: HASH- def_%v_134 
		 6: COPY TYPE_StringLiteral "search-form" def_%v_135 
		 7: HASH-method-id- def_%v_136 %v_135[59.6,] 
		 8: %self->form_tag def_%v_137 %self[59.1,59.3,58.2,57.5,56.2,53.2,53.5,53.8,53.17,46.1,45.3,43.7,42.2,18.5,18.6,19.4,19.5,15.0,21.0,17.1,17.6,12.0,10.0,7.0,4.0,2.0,] %v_134[59.5,] %v_136[59.7,] %self[59.1,59.3,58.2,57.5,56.2,53.2,53.5,53.8,53.17,46.1,45.3,43.7,42.2,18.5,18.6,19.4,19.5,15.0,21.0,17.1,17.6,12.0,10.0,7.0,4.0,2.0,] 	 SYMBOL:	 ARGS:%v_134,%v_136,%self,
CLOSURE BEGIN: %self[59.1,59.3,58.2,57.5,56.2,53.2,53.5,53.8,53.17,46.1,45.3,43.7,42.2,18.5,18.6,19.4,19.5,15.0,21.0,17.1,17.6,12.0,10.0,7.0,4.0,2.0,] t[45.2,] 
BB 1
	outgoing: 6 2 
	datadep: 
	instructions:
BB 2
	outgoing: 3 
	datadep: 
	instructions:
		 0: def_%self 
		 1: def_%cl_6_0 
		 2: COPY TYPE_CurrentScope def_%current_scope 
		 3: COPY TYPE_ScopeModule def_%current_module 
BB 3
	outgoing: 4 6 
	datadep: 
	instructions:
		 0: 
		 1: COPY TYPE_StringLiteral "search-input" def_%cl_6_3 
		 2: %self->l def_%cl_6_4 %self[2.0,] 	 SYMBOL:description_search,	 ARGS:Symbol,
		 3: COPY TYPE_StringLiteral "hidden-for-sighted" def_%cl_6_5 
		 4: HASH-class- def_%cl_6_6 %cl_6_5[3.3,] 
		 5: %self->label_tag def_%cl_6_7 %self[3.2,2.0,] %cl_6_3[3.1,] %cl_6_4[3.2,] %cl_6_6[3.4,] 	 SYMBOL:	 ARGS:%cl_6_3,%cl_6_4,%cl_6_6,
		 6: 
		 7: COPY TYPE_StringLiteral "q" def_%cl_6_8 
		 8: GETFIELD %self->question def_%cl_6_9 %self[3.2,3.5,2.0,] 
		 9: COPY TYPE_StringLiteral "search-input" def_%cl_6_10 
		 10: HASH-size-id- def_%cl_6_11 %cl_6_10[3.9,] 
		 11: %self->text_field_tag def_%cl_6_12 %self[3.2,3.5,2.0,] %cl_6_8[3.7,] %cl_6_9[3.8,] %cl_6_11[3.10,] 	 SYMBOL:	 ARGS:%cl_6_8,%cl_6_9,%cl_6_11,
		 12: 
		 13: %self->project_select_tag def_%cl_6_13 %self[3.2,3.5,3.11,2.0,] 	 SYMBOL:	 ARGS:
		 14: 
		 15: COPY TYPE_StringLiteral "all_words" def_%cl_6_14 
		 16: COPY TYPE_StringLiteral "" def_%cl_6_15 
		 17: HASH-id- def_%cl_6_16 
		 18: %self->hidden_field_tag def_%cl_6_17 %self[3.2,3.5,3.11,3.13,2.0,] %cl_6_14[3.15,] %cl_6_15[3.16,] %cl_6_16[3.17,] 	 SYMBOL:	 ARGS:%cl_6_14,%cl_6_15,%cl_6_16,
		 19: 
		 20: COPY TYPE_StringLiteral "all_words" def_%cl_6_18 
		 21: GETFIELD %self->all_words def_%cl_6_19 %self[3.2,3.5,3.11,3.13,3.18,2.0,] 
		 22: %self->check_box_tag def_%cl_6_20 %self[3.2,3.5,3.11,3.13,3.18,2.0,] %cl_6_18[3.20,] %cl_6_19[3.21,] 	 SYMBOL:	 ARGS:%cl_6_18,Fixnum,%cl_6_19,
		 23: 
		 24: %self->l def_%cl_6_21 %self[3.2,3.5,3.11,3.13,3.18,3.22,2.0,] 	 SYMBOL:label_all_words,	 ARGS:Symbol,
		 25: 
		 26: COPY TYPE_StringLiteral "titles_only" def_%cl_6_22 
		 27: COPY TYPE_StringLiteral "" def_%cl_6_23 
		 28: HASH-id- def_%cl_6_24 
		 29: %self->hidden_field_tag def_%cl_6_25 %self[3.2,3.5,3.11,3.13,3.18,3.22,3.24,2.0,] %cl_6_22[3.26,] %cl_6_23[3.27,] %cl_6_24[3.28,] 	 SYMBOL:	 ARGS:%cl_6_22,%cl_6_23,%cl_6_24,
		 30: 
		 31: COPY TYPE_StringLiteral "titles_only" def_%cl_6_26 
		 32: GETFIELD %self->titles_only def_%cl_6_27 %self[3.2,3.5,3.11,3.13,3.18,3.22,3.24,3.29,2.0,] 
		 33: %self->check_box_tag def_%cl_6_28 %self[3.2,3.5,3.11,3.13,3.18,3.22,3.24,3.29,2.0,] %cl_6_26[3.31,] %cl_6_27[3.32,] 	 SYMBOL:	 ARGS:%cl_6_26,Fixnum,%cl_6_27,
		 34: 
		 35: %self->l def_%cl_6_29 %self[3.2,3.5,3.11,3.13,3.18,3.22,3.24,3.29,3.33,2.0,] 	 SYMBOL:label_search_titles_only,	 ARGS:Symbol,
		 36: 
		 37: GETFIELD %self->object_types def_%cl_6_30 %self[3.2,3.5,3.11,3.13,3.18,3.22,3.24,3.29,3.33,3.35,2.0,] 
		 38: %cl_6_30->each def_%cl_6_31 %cl_6_30[3.37,] %self[3.2,3.5,3.11,3.13,3.18,3.22,3.24,3.29,3.33,3.35,2.0,] 	 SYMBOL:	 ARGS:%cl_6_30,
CLOSURE BEGIN: %self[3.2,3.5,3.11,3.13,3.18,3.22,3.24,3.29,3.33,3.35,2.0,] t[] 
BB 1
	outgoing: 6 2 
	datadep: 
	instructions:
BB 2
	outgoing: 3 
	datadep: 
	instructions:
		 0: def_%self 
		 1: def_%cl_7_0 
		 2: RECEIVEARG def_t 
		 3: COPY TYPE_CurrentScope def_%current_scope 
		 4: COPY TYPE_ScopeModule def_%current_module 
BB 3
	outgoing: 4 6 
	datadep: 
	instructions:
		 0: 
		 1: GETFIELD %self->scope def_%cl_7_3 %self[2.0,] 
		 2: %cl_7_3->include? def_%cl_7_4 %cl_7_3[3.1,] t[2.2,] 	 SYMBOL:	 ARGS:t,
		 3: %self->check_box_tag def_%cl_7_5 %self[2.0,] t[2.2,] %cl_7_4[3.2,] 	 SYMBOL:	 ARGS:t,Fixnum,%cl_7_4,
		 4: 
		 5: %self->type_label def_%cl_7_6 %self[3.3,2.0,] t[2.2,] 	 SYMBOL:	 ARGS:t,
		 6: COPY TYPE_StringLiteral "#" def_%cl_7_7 
		 7: %self->link_to def_%cl_7_8 %self[3.3,3.5,2.0,] %cl_7_6[3.5,] %cl_7_7[3.6,] 	 SYMBOL:	 ARGS:%cl_7_6,%cl_7_7,
		 8: RETURN %cl_7_8[3.7,] %self[3.3,3.5,3.7,2.0,] 
BB 4
	outgoing: 6 
	datadep: 
	instructions:
		 0: def_%cl_7_9 
		 1: def_%cl_7_10 %cl_7_9[4.0,] 
		 2: RETURN %cl_7_10[4.1,] %self[2.0,] 
BB 6
	outgoing: 
	datadep: 
	instructions:
CLOSURE END: 
		 39: 
		 40: %self->l def_%cl_6_32 %self[3.2,3.5,3.11,3.13,3.18,3.22,3.24,3.29,3.33,3.35,2.0,] 	 SYMBOL:label_options,	 ARGS:Symbol,
		 41: 
		 42: COPY TYPE_StringLiteral "open_issues" def_%cl_6_33 
		 43: GETFIELD %self->open_issues def_%cl_6_34 %self[3.2,3.5,3.11,3.13,3.18,3.22,3.24,3.29,3.33,3.35,3.40,2.0,] 
		 44: %self->check_box_tag def_%cl_6_35 %self[3.2,3.5,3.11,3.13,3.18,3.22,3.24,3.29,3.33,3.35,3.40,2.0,] %cl_6_33[3.42,] %cl_6_34[3.43,] 	 SYMBOL:	 ARGS:%cl_6_33,Fixnum,%cl_6_34,
		 45: 
		 46: %self->l def_%cl_6_36 %self[3.2,3.5,3.11,3.13,3.18,3.22,3.24,3.29,3.33,3.35,3.40,3.44,2.0,] 	 SYMBOL:label_search_open_issues_only,	 ARGS:Symbol,
		 47: 
		 48: COPY TYPE_StringLiteral "attachments" def_%cl_6_37 
		 49: COPY TYPE_StringLiteral "0" def_%cl_6_38 
		 50: GETFIELD %self->search_attachments def_%cl_6_39 %self[3.2,3.5,3.11,3.13,3.18,3.22,3.24,3.29,3.33,3.35,3.40,3.44,3.46,2.0,] 
		 51: COPY TYPE_StringLiteral "0" def_%cl_6_40 
		 52: %cl_6_39->== def_%cl_6_41 %cl_6_39[3.50,] %cl_6_40[3.51,] 	 SYMBOL:	 ARGS:%cl_6_40,
		 53: %self->radio_button_tag def_%cl_6_42 %self[3.2,3.5,3.11,3.13,3.18,3.22,3.24,3.29,3.33,3.35,3.40,3.44,3.46,2.0,] %cl_6_37[3.48,] %cl_6_38[3.49,] %cl_6_41[3.52,] 	 SYMBOL:	 ARGS:%cl_6_37,%cl_6_38,%cl_6_41,
		 54: 
		 55: %self->l def_%cl_6_43 %self[3.2,3.5,3.11,3.13,3.18,3.22,3.24,3.29,3.33,3.35,3.40,3.44,3.46,3.53,2.0,] 	 SYMBOL:label_search_attachments_no,	 ARGS:Symbol,
		 56: 
		 57: COPY TYPE_StringLiteral "attachments" def_%cl_6_44 
		 58: COPY TYPE_StringLiteral "1" def_%cl_6_45 
		 59: GETFIELD %self->search_attachments def_%cl_6_46 %self[3.2,3.5,3.11,3.13,3.18,3.22,3.24,3.29,3.33,3.35,3.40,3.44,3.46,3.53,3.55,2.0,] 
		 60: COPY TYPE_StringLiteral "1" def_%cl_6_47 
		 61: %cl_6_46->== def_%cl_6_48 %cl_6_46[3.59,] %cl_6_47[3.60,] 	 SYMBOL:	 ARGS:%cl_6_47,
		 62: %self->radio_button_tag def_%cl_6_49 %self[3.2,3.5,3.11,3.13,3.18,3.22,3.24,3.29,3.33,3.35,3.40,3.44,3.46,3.53,3.55,2.0,] %cl_6_44[3.57,] %cl_6_45[3.58,] %cl_6_48[3.61,] 	 SYMBOL:	 ARGS:%cl_6_44,%cl_6_45,%cl_6_48,
		 63: 
		 64: %self->l def_%cl_6_50 %self[3.2,3.5,3.11,3.13,3.18,3.22,3.24,3.29,3.33,3.35,3.40,3.44,3.46,3.53,3.55,3.62,2.0,] 	 SYMBOL:label_search_attachments_yes,	 ARGS:Symbol,
		 65: 
		 66: COPY TYPE_StringLiteral "attachments" def_%cl_6_51 
		 67: COPY TYPE_StringLiteral "only" def_%cl_6_52 
		 68: GETFIELD %self->search_attachments def_%cl_6_53 %self[3.2,3.5,3.11,3.13,3.18,3.22,3.24,3.29,3.33,3.35,3.40,3.44,3.46,3.53,3.55,3.62,3.64,2.0,] 
		 69: COPY TYPE_StringLiteral "only" def_%cl_6_54 
		 70: %cl_6_53->== def_%cl_6_55 %cl_6_53[3.68,] %cl_6_54[3.69,] 	 SYMBOL:	 ARGS:%cl_6_54,
		 71: %self->radio_button_tag def_%cl_6_56 %self[3.2,3.5,3.11,3.13,3.18,3.22,3.24,3.29,3.33,3.35,3.40,3.44,3.46,3.53,3.55,3.62,3.64,2.0,] %cl_6_51[3.66,] %cl_6_52[3.67,] %cl_6_55[3.70,] 	 SYMBOL:	 ARGS:%cl_6_51,%cl_6_52,%cl_6_55,
		 72: 
		 73: %self->l def_%cl_6_57 %self[3.2,3.5,3.11,3.13,3.18,3.22,3.24,3.29,3.33,3.35,3.40,3.44,3.46,3.53,3.55,3.62,3.64,3.71,2.0,] 	 SYMBOL:label_search_attachments_only,	 ARGS:Symbol,
		 74: 
		 75: %self->call_hook def_%cl_6_58 %self[3.2,3.5,3.11,3.13,3.18,3.22,3.24,3.29,3.33,3.35,3.40,3.44,3.46,3.53,3.55,3.62,3.64,3.71,3.73,2.0,] 	 SYMBOL:view_search_index_options_content_bottom,	 ARGS:Symbol,
		 76: 
		 77: COPY TYPE_StringLiteral "options" def_%cl_6_59 
		 78: COPY TYPE_StringLiteral "" def_%cl_6_60 
		 79: COPY TYPE_StringLiteral "show-options" def_%cl_6_61 
		 80: HASH-id- def_%cl_6_62 %cl_6_61[3.79,] 
		 81: %self->hidden_field_tag def_%cl_6_63 %self[3.2,3.5,3.11,3.13,3.18,3.22,3.24,3.29,3.33,3.35,3.40,3.44,3.46,3.53,3.55,3.62,3.64,3.71,3.73,3.75,2.0,] %cl_6_59[3.77,] %cl_6_60[3.78,] %cl_6_62[3.80,] 	 SYMBOL:	 ARGS:%cl_6_59,%cl_6_60,%cl_6_62,
		 82: 
		 83: %self->l def_%cl_6_64 %self[3.2,3.5,3.11,3.13,3.18,3.22,3.24,3.29,3.33,3.35,3.40,3.44,3.46,3.53,3.55,3.62,3.64,3.71,3.73,3.75,3.81,2.0,] 	 SYMBOL:button_submit,	 ARGS:Symbol,
		 84: %self->submit_tag def_%cl_6_65 %self[3.2,3.5,3.11,3.13,3.18,3.22,3.24,3.29,3.33,3.35,3.40,3.44,3.46,3.53,3.55,3.62,3.64,3.71,3.73,3.75,3.81,3.83,2.0,] %cl_6_64[3.83,] 	 SYMBOL:	 ARGS:%cl_6_64,
		 85: RETURN %cl_6_65[3.84,] %self[3.2,3.5,3.11,3.13,3.18,3.22,3.24,3.29,3.33,3.35,3.40,3.44,3.46,3.53,3.55,3.62,3.64,3.71,3.73,3.75,3.81,3.83,3.84,2.0,] 
BB 4
	outgoing: 6 
	datadep: 
	instructions:
		 0: def_%cl_6_66 
		 1: def_%cl_6_67 %cl_6_66[4.0,] 
		 2: RETURN %cl_6_67[4.1,] %self[2.0,] 
BB 6
	outgoing: 
	datadep: 
	instructions:
CLOSURE END: 
		 9: 
		 10: 
		 11: GETFIELD %self->results def_%v_138 %self[59.1,59.3,59.8,57.5,2.0,] 
		 12: BRANCH %v_138[59.11,] 
BB 60
	outgoing: 61 62 
	datadep: 
	instructions:
		 0: GETFIELD %self->scope def_%v_139 %self[46.1,45.3,2.0,] 
		 1: %v_139->size def_%v_140 %v_139[60.0,] 	 SYMBOL:	 ARGS:
		 2: %v_140->== def_%v_141 %v_140[60.1,] 	 SYMBOL:	 ARGS:Fixnum,
		 3: BRANCH %v_141[60.2,] 
BB 61
	outgoing: 63 
	datadep: 
	instructions:
		 0: COPY TYPE_Nil def_%v_142 
		 1: 
BB 62
	outgoing: 63 
	datadep: 
	instructions:
		 0: GETFIELD %self->result_count_by_type def_%v_143 %self[53.5,2.0,] 
		 1: %self->render_results_by_type def_%v_144 %self[58.2,57.5,56.2,53.2,53.5,53.8,53.17,46.1,45.3,43.7,42.2,18.5,18.6,19.4,19.5,15.0,21.0,17.1,17.6,12.0,10.0,7.0,4.0,2.0,] %v_143[62.0,] 	 SYMBOL:	 ARGS:%v_143,
		 2: COPY TYPE_PASS def_%v_142 %v_144[62.1,] 
BB 63
	outgoing: 65 
	datadep: 
	instructions:
		 0: 
		 1: %self->l def_%v_145 %self[58.2,57.5,56.2,53.2,53.5,53.8,53.17,46.1,45.3,43.7,42.2,18.5,18.6,19.4,19.5,15.0,21.0,17.1,17.6,12.0,10.0,7.0,4.0,2.0,] 	 SYMBOL:label_result_plural,	 ARGS:Symbol,
		 2: 
		 3: GETFIELD %self->result_count def_%v_146 %self[63.1,53.2,2.0,] 
		 4: GETFIELD %self->results def_%v_147 %self[63.1,57.5,2.0,] 
		 5: %v_147->each def_%v_148 %v_147[63.4,] %self[63.1,58.2,57.5,56.2,53.2,53.5,53.8,53.17,46.1,45.3,43.7,42.2,18.5,18.6,19.4,19.5,15.0,21.0,17.1,17.6,12.0,10.0,7.0,4.0,2.0,] 	 SYMBOL:	 ARGS:%v_147,
CLOSURE BEGIN: e[] %self[63.1,58.2,57.5,56.2,53.2,53.5,53.8,53.17,46.1,45.3,43.7,42.2,18.5,18.6,19.4,19.5,15.0,21.0,17.1,17.6,12.0,10.0,7.0,4.0,2.0,] 
BB 1
	outgoing: 9 2 
	datadep: 
	instructions:
BB 2
	outgoing: 3 
	datadep: 
	instructions:
		 0: def_%self 
		 1: def_%cl_8_0 
		 2: RECEIVEARG def_e 
		 3: COPY TYPE_CurrentScope def_%current_scope 
		 4: COPY TYPE_ScopeModule def_%current_module 
BB 3
	outgoing: 4 5 7 
	datadep: 
	instructions:
		 0: 
		 1: e->event_type def_%cl_8_3 e[2.2,] 	 SYMBOL:	 ARGS:
		 2: 
		 3: GETFIELD %self->project def_%cl_8_4 %self[2.0,] 
		 4: e->project def_%cl_8_5 e[3.1,2.2,] 	 SYMBOL:	 ARGS:
		 5: %cl_8_4->== def_%cl_8_6 %cl_8_4[3.3,] %cl_8_5[3.4,] 	 SYMBOL:	 ARGS:%cl_8_5,
		 6: BRANCH %cl_8_6[3.5,] 
BB 4
	outgoing: 6 
	datadep: 
	instructions:
		 0: COPY TYPE_Nil def_%cl_8_7 
		 1: 
BB 5
	outgoing: 6 7 
	datadep: 
	instructions:
		 0: COPY TYPE_StringLiteral "span" def_%cl_8_8 
		 1: e->project def_%cl_8_9 e[2.2,] 	 SYMBOL:	 ARGS:
		 2: COPY TYPE_StringLiteral "project" def_%cl_8_10 
		 3: HASH-class- def_%cl_8_11 %cl_8_10[5.2,] 
		 4: %self->content_tag def_%cl_8_12 %self[2.0,] %cl_8_8[5.0,] %cl_8_9[5.1,] %cl_8_11[5.3,] 	 SYMBOL:	 ARGS:%cl_8_8,%cl_8_9,%cl_8_11,
		 5: COPY TYPE_PASS def_%cl_8_7 %cl_8_12[5.4,] 
BB 6
	outgoing: 7 9 
	datadep: 
	instructions:
		 0: 
		 1: e->event_title def_%cl_8_13 e[2.2,] 	 SYMBOL:	 ARGS:
		 2: %cl_8_13->truncate def_%cl_8_14 %cl_8_13[6.1,] 	 SYMBOL:	 ARGS:Fixnum,
		 3: GETFIELD %self->tokens def_%cl_8_15 %self[2.0,] 
		 4: %self->highlight_tokens def_%cl_8_16 %self[2.0,] %cl_8_14[6.2,] %cl_8_15[6.3,] 	 SYMBOL:	 ARGS:%cl_8_14,%cl_8_15,
		 5: e->event_url def_%cl_8_17 e[6.1,2.2,] 	 SYMBOL:	 ARGS:
		 6: %self->link_to def_%cl_8_18 %self[6.4,2.0,] %cl_8_16[6.4,] %cl_8_17[6.5,] 	 SYMBOL:	 ARGS:%cl_8_16,%cl_8_17,
		 7: 
		 8: e->event_description def_%cl_8_19 e[6.1,6.5,2.2,] 	 SYMBOL:	 ARGS:
		 9: GETFIELD %self->tokens def_%cl_8_20 %self[6.4,6.6,2.0,] 
		 10: %self->highlight_tokens def_%cl_8_21 %self[6.4,6.6,2.0,] %cl_8_19[6.8,] %cl_8_20[6.9,] 	 SYMBOL:	 ARGS:%cl_8_19,%cl_8_20,
		 11: 
		 12: e->event_datetime def_%cl_8_22 e[6.1,6.5,6.8,2.2,] 	 SYMBOL:	 ARGS:
		 13: %self->format_time def_%cl_8_23 %self[6.4,6.6,6.10,2.0,] %cl_8_22[6.12,] 	 SYMBOL:	 ARGS:%cl_8_22,
		 14: RETURN %cl_8_23[6.13,] %self[6.4,6.6,6.10,6.13,2.0,] 
BB 7
	outgoing: 9 
	datadep: 
	instructions:
		 0: def_%cl_8_24 
		 1: def_%cl_8_25 %cl_8_24[7.0,] 
		 2: RETURN %cl_8_25[7.1,] %self[2.0,] 
BB 9
	outgoing: 
	datadep: 
	instructions:
CLOSURE END: 
		 6: 
BB 64
	outgoing: 65 
	datadep: 
	instructions:
		 0: COPY TYPE_Nil def_%v_148 
BB 65
	outgoing: 66 67 
	datadep: 
	instructions:
		 0: 
		 1: 
		 2: GETFIELD %self->result_pages def_%v_149 %self[53.17,2.0,] 
		 3: BRANCH %v_149[65.2,] 
BB 66
	outgoing: 68 
	datadep: 
	instructions:
		 0: GETFIELD %self->result_pages def_%v_150 %self[53.17,2.0,] 
		 1: GETFIELD %self->result_count def_%v_151 %self[53.2,2.0,] 
		 2: HASH-per_page_links- def_%v_152 
		 3: %self->pagination_links_full def_%v_153 %self[58.2,57.5,56.2,53.2,53.5,53.8,53.17,46.1,45.3,43.7,42.2,18.5,18.6,19.4,19.5,15.0,21.0,17.1,17.6,12.0,10.0,7.0,4.0,2.0,] %v_150[66.0,] %v_151[66.1,] %v_152[66.2,] 	 SYMBOL:	 ARGS:%v_150,%v_151,%v_152,
		 4: 
BB 67
	outgoing: 68 
	datadep: 
	instructions:
		 0: COPY TYPE_Nil def_%v_153 
BB 68
	outgoing: 69 
	datadep: 
	instructions:
		 0: 
		 1: %self->l def_%v_154 %self[58.2,57.5,56.2,53.2,53.5,53.8,53.17,46.1,45.3,43.7,42.2,18.5,18.6,19.4,19.5,15.0,21.0,17.1,17.6,12.0,10.0,7.0,4.0,2.0,] 	 SYMBOL:label_search,	 ARGS:Symbol,
		 2: %self->html_title def_%v_155 %self[68.1,58.2,57.5,56.2,53.2,53.5,53.8,53.17,46.1,45.3,43.7,42.2,18.5,18.6,19.4,19.5,15.0,21.0,17.1,17.6,12.0,10.0,7.0,4.0,2.0,] %v_154[68.1,] 	 SYMBOL:	 ARGS:%v_154,
		 3: 
		 4: %self->javascript_tag def_%v_156 %self[68.1,68.2,58.2,57.5,56.2,53.2,53.5,53.8,53.17,46.1,45.3,43.7,42.2,18.5,18.6,19.4,19.5,15.0,21.0,17.1,17.6,12.0,10.0,7.0,4.0,2.0,] %self[68.1,68.2,58.2,57.5,56.2,53.2,53.5,53.8,53.17,46.1,45.3,43.7,42.2,18.5,18.6,19.4,19.5,15.0,21.0,17.1,17.6,12.0,10.0,7.0,4.0,2.0,] 	 SYMBOL:	 ARGS:%self,
CLOSURE BEGIN: %self[68.1,68.2,58.2,57.5,56.2,53.2,53.5,53.8,53.17,46.1,45.3,43.7,42.2,18.5,18.6,19.4,19.5,15.0,21.0,17.1,17.6,12.0,10.0,7.0,4.0,2.0,] 
BB 1
	outgoing: 9 2 
	datadep: 
	instructions:
BB 2
	outgoing: 3 
	datadep: 
	instructions:
		 0: def_%self 
		 1: def_%cl_9_0 
		 2: COPY TYPE_CurrentScope def_%current_scope 
		 3: COPY TYPE_ScopeModule def_%current_module 
BB 3
	outgoing: 4 5 7 
	datadep: 
	instructions:
		 0: 
		 1: %self->params def_%cl_9_3 %self[2.0,] 	 SYMBOL:	 ARGS:
		 2: %cl_9_3->[] def_%cl_9_4 %cl_9_3[3.1,] 	 SYMBOL:options,	 ARGS:Symbol,
		 3: COPY TYPE_StringLiteral "1" def_%cl_9_5 
		 4: %cl_9_4->== def_%cl_9_6 %cl_9_4[3.2,] %cl_9_5[3.3,] 	 SYMBOL:	 ARGS:%cl_9_5,
		 5: BRANCH %cl_9_6[3.4,] 
BB 4
	outgoing: 6 
	datadep: 
	instructions:
		 0: COPY TYPE_Nil def_%cl_9_7 
		 1: 
BB 5
	outgoing: 6 
	datadep: 
	instructions:
		 0: COPY TYPE_Nil def_%cl_9_7 
BB 6
	outgoing: 9 
	datadep: 
	instructions:
		 0: RETURN %self[2.0,] 
BB 7
	outgoing: 9 
	datadep: 
	instructions:
		 0: def_%cl_9_8 
		 1: def_%cl_9_9 %cl_9_8[7.0,] 
		 2: RETURN %cl_9_9[7.1,] %self[2.0,] 
BB 9
	outgoing: 
	datadep: 
	instructions:
CLOSURE END: 
		 5: RETURN %v_156[68.4,] %self[68.1,68.2,68.4,58.2,57.5,56.2,53.2,53.5,53.8,53.17,46.1,45.3,43.7,42.2,18.5,18.6,19.4,19.5,15.0,21.0,17.1,17.6,12.0,10.0,7.0,4.0,2.0,] 
BB 69
	outgoing: 
	datadep: 
	instructions:

SET IRMethod, name = find_optional_project instanceMethod = true
BB 1
	outgoing: 18 2 
	datadep: 
	instructions:
BB 2
	outgoing: 4 
	datadep: 
	instructions:
		 0: def_%self 
		 1: def_%v_0 
		 2: COPY TYPE_CurrentScope def_%current_scope 
		 3: COPY TYPE_ScopeModule def_%current_module 
		 4: 
		 5: GLOBALVAR $! def_%v_3 
BB 4
	outgoing: 5 6 10 
	datadep: 
	instructions:
		 0: 
		 1: 
		 2: %self->params def_%v_6 %self[2.0,] 	 SYMBOL:	 ARGS:
		 3: %v_6->[] def_%v_7 %v_6[4.2,] 	 SYMBOL:id,	 ARGS:Symbol,
		 4: BRANCH %v_7[4.3,] 
BB 5
	outgoing: 8 
	datadep: 
	instructions:
		 0: COPY TYPE_Nil def_%v_8 
		 1: 
BB 6
	outgoing: 7 10 
	datadep: 
	instructions:
		 0: COPY TYPE_Boolean def_%v_9 
		 1: %v_3[2.5,] 
BB 7
	outgoing: 18 
	datadep: 
	instructions:
		 0: RETURN %v_9[6.0,] %self[2.0,] 
BB 8
	outgoing: 9 10 
	datadep: 
	instructions:
		 0: 
		 1: (Project) def_%v_10 
		 2: %self->params def_%v_11 %self[2.0,] 	 SYMBOL:	 ARGS:
		 3: %v_11->[] def_%v_12 %v_11[8.2,] 	 SYMBOL:id,	 ARGS:Symbol,
		 4: %v_10->find def_%v_13 %v_10[8.1,] %v_12[8.3,] 	 SYMBOL:	 ARGS:%v_12,
		 5: ATTRASSIGN %self->project %v_13[8.4,] 
		 6: 
		 7: %self->check_project_privacy def_%v_14 %self[8.2,8.5,2.0,] 	 SYMBOL:	 ARGS:
		 8: COPY TYPE_PASS def_%v_5 %v_14[8.7,] 
		 9: %v_3[2.5,] 
BB 9
	outgoing: 17 
	datadep: 
	instructions:
		 0: 
BB 10
	outgoing: 11 12 16 
	datadep: 
	instructions:
		 0: def_%v_15 
		 1: (ActiveRecord) def_%v_16 
		 2: (inherit RecordNotFound) def_%v_17 %v_16[10.1,] 
		 3: %v_17[10.2,] 
BB 11
	outgoing: 12 16 
	datadep: 
	instructions:
		 0: %v_16->const_missing def_%v_17 %v_16[10.1,] 	 SYMBOL:RecordNotFound,	 ARGS:Symbol,
BB 12
	outgoing: 13 14 16 
	datadep: 
	instructions:
		 0: def_%v_18 %v_17[11.0,10.2,] %v_15[10.0,] 
		 1: BRANCH %v_18[12.0,] 
BB 13
	outgoing: 16 18 
	datadep: 
	instructions:
		 0: %v_15[10.0,] 
BB 14
	outgoing: 15 16 
	datadep: 
	instructions:
		 0: 
		 1: %self->render_404 def_%v_19 %self[8.5,2.0,] 	 SYMBOL:	 ARGS:
		 2: COPY TYPE_PASS def_%v_5 %v_19[14.1,] 
		 3: %v_3[2.5,] 
BB 15
	outgoing: 17 
	datadep: 
	instructions:
		 0: 
BB 16
	outgoing: 18 
	datadep: 
	instructions:
		 0: def_%v_20 
		 1: def_%v_21 %v_20[16.0,] %v_3[2.5,] 
		 2: %v_20[16.0,] 
BB 17
	outgoing: 18 
	datadep: 
	instructions:
		 0: RETURN %v_5[8.8,14.2,] %self[8.5,2.0,] 
BB 18
	outgoing: 
	datadep: 
	instructions:

