SET IRMethod, name = log_request instanceMethod = true
BB 1
	outgoing: 3 2 
	datadep: 
	instructions:
BB 2
	outgoing: 3 
	datadep: 
	instructions:
		 0: def_%self 
		 1: def_%v_0 
		 2: COPY TYPE_CurrentScope def_%current_scope 
		 3: COPY TYPE_ScopeModule def_%current_module 
		 4: 
		 5: RECEIVEARG def_method 
		 6: RECEIVEARG def_params 
		 7: 
		 8: (SecureRandom) def_%v_3 
		 9: %v_3->uuid def_%v_4 %v_3[2.8,] 	 SYMBOL:	 ARGS:
		 10: COPY TYPE_PASS def_request_id %v_4[2.9,] 
		 11: 
		 12: (Rails) def_%v_5 
		 13: %v_5->logger def_%v_6 %v_5[2.12,] 	 SYMBOL:	 ARGS:
		 14: %self->to_json_log_entry def_%v_7 %self[2.0,] method[2.5,] params[2.6,] request_id[2.10,] 	 SYMBOL:request,	 ARGS:Symbol,method,params,request_id,
		 15: %v_6->info def_%v_8 %v_6[2.13,] %v_7[2.14,] 	 SYMBOL:	 ARGS:%v_7,
		 16: 
		 17: RETURN request_id[2.10,] %self[2.0,2.14,] 
BB 3
	outgoing: 
	datadep: 
	instructions:

SET IRMethod, name = log_result instanceMethod = true
BB 1
	outgoing: 12 2 
	datadep: 
	instructions:
BB 2
	outgoing: 3 7 
	datadep: 
	instructions:
		 0: def_%self 
		 1: def_%v_0 
		 2: COPY TYPE_CurrentScope def_%current_scope 
		 3: COPY TYPE_ScopeModule def_%current_module 
		 4: 
		 5: RECEIVEARG def_result 
		 6: RECEIVEARG def_method 
		 7: RECEIVEARG def_request_id 
		 8: 
		 9: result->success def_%v_3 result[2.5,] 	 SYMBOL:	 ARGS:
		 10: BRANCH %v_3[2.9,] 
BB 3
	outgoing: 4 5 
	datadep: 
	instructions:
		 0: 
		 1: result->nil? def_%v_4 result[2.5,] 	 SYMBOL:	 ARGS:
		 2: BRANCH %v_4[3.1,] 
BB 4
	outgoing: 6 
	datadep: 
	instructions:
		 0: COPY TYPE_Nil def_%v_5 
		 1: 
BB 5
	outgoing: 6 
	datadep: 
	instructions:
		 0: (Rails) def_%v_6 
		 1: %v_6->logger def_%v_7 %v_6[5.0,] 	 SYMBOL:	 ARGS:
		 2: HASH-successful- def_%v_8 
		 3: %self->to_json_log_entry def_%v_9 %self[2.0,] method[2.6,] %v_8[5.2,] request_id[2.7,] 	 SYMBOL:response,	 ARGS:Symbol,method,%v_8,request_id,
		 4: %v_7->info def_%v_10 %v_7[5.1,] %v_9[5.3,] 	 SYMBOL:	 ARGS:%v_9,
		 5: COPY TYPE_PASS def_%v_5 %v_10[5.4,] 
BB 6
	outgoing: 12 
	datadep: 
	instructions:
		 0: RETURN %v_5[5.5,4.0,] %self[2.0,] 
BB 7
	outgoing: 8 9 
	datadep: 
	instructions:
		 0: 
		 1: result->nil? def_%v_11 result[2.5,] 	 SYMBOL:	 ARGS:
		 2: BRANCH %v_11[7.1,] 
BB 8
	outgoing: 10 
	datadep: 
	instructions:
		 0: COPY TYPE_Nil def_%v_12 
		 1: 
BB 9
	outgoing: 10 
	datadep: 
	instructions:
		 0: (Rails) def_%v_13 
		 1: %v_13->logger def_%v_14 %v_13[9.0,] 	 SYMBOL:	 ARGS:
		 2: result->error_msg def_%v_15 result[2.5,] 	 SYMBOL:	 ARGS:
		 3: HASH-successful-error_msg- def_%v_16 %v_15[9.2,] 
		 4: %self->to_json_log_entry def_%v_17 %self[2.0,] method[2.6,] %v_16[9.3,] request_id[2.7,] 	 SYMBOL:response,	 ARGS:Symbol,method,%v_16,request_id,
		 5: %v_14->warn def_%v_18 %v_14[9.1,] %v_17[9.4,] 	 SYMBOL:	 ARGS:%v_17,
		 6: COPY TYPE_PASS def_%v_12 %v_18[9.5,] 
BB 10
	outgoing: 12 
	datadep: 
	instructions:
		 0: RETURN %v_12[9.6,8.0,] %self[2.0,] 
BB 12
	outgoing: 
	datadep: 
	instructions:

SET IRMethod, name = to_json_log_entry instanceMethod = true
BB 1
	outgoing: 5 2 
	datadep: 
	instructions:
BB 2
	outgoing: 3 4 
	datadep: 
	instructions:
		 0: def_%self 
		 1: def_%v_0 
		 2: COPY TYPE_CurrentScope def_%current_scope 
		 3: COPY TYPE_ScopeModule def_%current_module 
		 4: 
		 5: RECEIVEARG def_type 
		 6: RECEIVEARG def_method 
		 7: RECEIVEARG def_params 
		 8: RECEIVECONSTARG def_request_id 
		 9: request_id[2.8,] 
BB 3
	outgoing: 4 
	datadep: 
	instructions:
		 0: COPY TYPE_Nil def_request_id 
BB 4
	outgoing: 5 
	datadep: 
	instructions:
		 0: 
		 1: HASH-tag-type-method-params-request_id- def_%v_3 type[2.5,] method[2.6,] params[2.7,] request_id[3.0,2.8,] 
		 2: %v_3->to_json def_%v_4 %v_3[4.1,] 	 SYMBOL:	 ARGS:
		 3: RETURN %v_4[4.2,] %self[2.0,] 
BB 5
	outgoing: 
	datadep: 
	instructions:

