SET IRMethod, name = create_login_token instanceMethod = true
BB 1
	outgoing: 4 2 
	datadep: 
	instructions:
BB 2
	outgoing: 4 
	datadep: 
	instructions:
		 0: def_%self 
		 1: def_%v_0 
		 2: COPY TYPE_CurrentScope def_%current_scope 
		 3: COPY TYPE_ScopeModule def_%current_module 
		 4: 
		 5: RECEIVEARG def_user_id 
		 6: 
		 7: (AuthToken) def_%v_3 
		 8: CONSTANT def_%v_4 	 SYMBOL:	 ARGS:
		 9: %v_4->from_now def_%v_5 %v_4[2.8,] 	 SYMBOL:	 ARGS:
		 10: COPY TYPE_StringLiteral "login" def_%v_6 
		 11: HASH-person_id-expires_at-token_type- def_%v_7 user_id[2.5,] %v_5[2.9,] %v_6[2.10,] 
		 12: %v_3->create! def_%v_8 %v_3[2.7,] %v_7[2.11,] 	 SYMBOL:	 ARGS:%v_7,
		 13: COPY TYPE_PASS def_auth_token %v_8[2.12,] 
		 14: 
		 15: %v_8->token def_%v_9 %v_8[2.12,] 	 SYMBOL:	 ARGS:
		 16: HASH-token- def_%v_10 %v_9[2.15,] 
		 17: RETURN %v_10[2.16,] %self[2.0,] 
BB 4
	outgoing: 
	datadep: 
	instructions:

SET IRMethod, name = use_token_for_login instanceMethod = true
BB 1
	outgoing: 20 2 
	datadep: 
	instructions:
BB 2
	outgoing: 3 4 
	datadep: 
	instructions:
		 0: def_%self 
		 1: def_%v_0 
		 2: COPY TYPE_CurrentScope def_%current_scope 
		 3: COPY TYPE_ScopeModule def_%current_module 
		 4: 
		 5: RECEIVEARG def_token_string 
		 6: 
		 7: token_string->blank? def_%v_3 token_string[2.5,] 	 SYMBOL:	 ARGS:
		 8: BRANCH %v_3[2.7,] 
BB 3
	outgoing: 20 
	datadep: 
	instructions:
		 0: RETURN %self[2.0,] 
BB 4
	outgoing: 6 18 
	datadep: 
	instructions:
		 0: COPY TYPE_Nil def_%v_4 
		 1: 
		 2: (AuthToken) def_%v_5 
		 3: HASH-token- def_%v_6 token_string[2.5,] 
		 4: %v_5->where def_%v_7 %v_5[4.2,] %v_6[4.3,] 	 SYMBOL:	 ARGS:%v_6,
		 5: %v_7->first def_%v_8 %v_7[4.4,] 	 SYMBOL:	 ARGS:
		 6: COPY TYPE_PASS def_t %v_8[4.5,] 
		 7: BRANCH %v_8[4.5,] 
BB 6
	outgoing: 7 8 
	datadep: 
	instructions:
		 0: 
		 1: (Time) def_%v_9 
		 2: %v_9->now def_%v_10 %v_9[6.1,] 	 SYMBOL:	 ARGS:
		 3: ATTRASSIGN t->last_use_attempt %v_10[6.2,] 
		 4: 
		 5: t->expires_at def_%v_11 t[6.3,4.6,] 	 SYMBOL:	 ARGS:
		 6: (Time) def_%v_12 
		 7: %v_12->now def_%v_13 %v_12[6.6,] 	 SYMBOL:	 ARGS:
		 8: %v_11->> def_%v_14 %v_11[6.5,] %v_13[6.7,] 	 SYMBOL:	 ARGS:%v_13,
		 9: BRANCH %v_14[6.8,] 
BB 7
	outgoing: 8 
	datadep: 
	instructions:
		 0: t->usages_left def_%v_15 t[6.3,4.6,] 	 SYMBOL:	 ARGS:
		 1: %v_15->> def_%v_16 %v_15[7.0,] 	 SYMBOL:	 ARGS:Fixnum,
		 2: COPY TYPE_PASS def_%v_14 %v_16[7.1,] 
BB 8
	outgoing: 9 10 
	datadep: 
	instructions:
		 0: BRANCH %v_14[7.2,6.8,] 
BB 9
	outgoing: 10 
	datadep: 
	instructions:
		 0: t->token_type def_%v_17 t[6.3,4.6,] 	 SYMBOL:	 ARGS:
		 1: COPY TYPE_StringLiteral "login" def_%v_18 
		 2: %v_17->== def_%v_19 %v_17[9.0,] %v_18[9.1,] 	 SYMBOL:	 ARGS:%v_18,
		 3: COPY TYPE_PASS def_%v_14 %v_19[9.2,] 
BB 10
	outgoing: 11 16 
	datadep: 
	instructions:
		 0: BRANCH %v_14[9.3,7.2,6.8,] 
BB 11
	outgoing: 12 13 
	datadep: 
	instructions:
		 0: 
		 1: t->usages_left def_%v_20 t[6.3,4.6,] 	 SYMBOL:	 ARGS:
		 2: %v_20->- def_%v_21 %v_20[11.1,] 	 SYMBOL:	 ARGS:Fixnum,
		 3: ATTRASSIGN t->usages_left %v_21[11.2,] 
		 4: 
		 5: t->save def_%v_22 t[11.1,11.3,6.3,4.6,] 	 SYMBOL:	 ARGS:
		 6: 
		 7: (UserService) def_%v_23 
		 8: (inherit API) def_%v_24 %v_23[11.7,] 
		 9: %v_24[11.8,] 
BB 12
	outgoing: 13 
	datadep: 
	instructions:
		 0: %v_23->const_missing def_%v_24 %v_23[11.7,] 	 SYMBOL:API,	 ARGS:Symbol,
BB 13
	outgoing: 14 15 
	datadep: 
	instructions:
		 0: (inherit Users) def_%v_25 %v_24[12.0,11.8,] 
		 1: %v_25[13.0,] 
BB 14
	outgoing: 15 
	datadep: 
	instructions:
		 0: %v_24->const_missing def_%v_25 %v_24[12.0,11.8,] 	 SYMBOL:Users,	 ARGS:Symbol,
BB 15
	outgoing: 20 
	datadep: 
	instructions:
		 0: t->person def_%v_26 t[11.3,6.3,4.6,] 	 SYMBOL:	 ARGS:
		 1: %v_25->from_model def_%v_27 %v_25[14.0,13.0,] %v_26[15.0,] 	 SYMBOL:	 ARGS:%v_26,
		 2: RETURN %v_27[15.1,] %self[2.0,] 
BB 16
	outgoing: 19 
	datadep: 
	instructions:
		 0: COPY TYPE_Nil def_%v_28 
		 1: 
BB 18
	outgoing: 20 
	datadep: 
	instructions:
		 0: RETURN %self[2.0,] 
BB 19
	outgoing: 20 
	datadep: 
	instructions:
		 0: RETURN %v_28[16.0,] %self[2.0,] 
BB 20
	outgoing: 
	datadep: 
	instructions:

