SET IRMethod, name = parse_request instanceMethod = true
BB 1
	outgoing: 3 2 
	datadep: 
	instructions:
BB 2
	outgoing: 3 
	datadep: 
	instructions:
		 0: def_%self 
		 1: def_%v_0 
		 2: COPY TYPE_CurrentScope def_%current_scope 
		 3: COPY TYPE_ScopeModule def_%current_module 
		 4: 
		 5: RECEIVEARG def__contents 
		 6: RECEIVEARG def__params 
		 7: 
		 8: (Article) def_%v_3 
		 9: %v_3->bestof def_%v_4 %v_3[2.8,] 	 SYMBOL:	 ARGS:
		 10: %v_4->limit def_%v_5 %v_4[2.9,] 	 SYMBOL:	 ARGS:Fixnum,
		 11: ATTRASSIGN %self->popular %v_5[2.10,] 
		 12: RETURN %v_5[2.10,] %self[2.0,2.11,] 
BB 3
	outgoing: 
	datadep: 
	instructions:

