SET IRMethod, name = sort_activity_events instanceMethod = true
BB 1
	outgoing: 3 2 
	datadep: 
	instructions:
BB 2
	outgoing: 3 
	datadep: 
	instructions:
		 0: def_%self 
		 1: def_%v_0 
		 2: COPY TYPE_CurrentScope def_%current_scope 
		 3: COPY TYPE_ScopeModule def_%current_module 
		 4: 
		 5: RECEIVEARG def_events 
		 6: 
		 7: events->group_by def_%v_3 events[2.5,] 	 SYMBOL:event_group,	 ARGS:
		 8: COPY TYPE_PASS def_events_by_group %v_3[2.7,] 
		 9: 
		 10: COPY TYPE_Array def_%v_4 
		 11: COPY TYPE_PASS def_sorted_events %v_4[2.10,] 
		 12: 
		 13: events->sort def_%v_5 events[2.5,2.7,] %self[2.0,] 	 SYMBOL:	 ARGS:events,
CLOSURE BEGIN: y[] x[] 
BB 1
	outgoing: 6 2 
	datadep: 
	instructions:
BB 2
	outgoing: 3 
	datadep: 
	instructions:
		 0: def_%self 
		 1: def_%cl_1_0 
		 2: RECEIVEARG def_x 
		 3: RECEIVEARG def_y 
		 4: COPY TYPE_CurrentScope def_%current_scope 
		 5: COPY TYPE_ScopeModule def_%current_module 
BB 3
	outgoing: 4 6 
	datadep: 
	instructions:
		 0: 
		 1: y->event_datetime def_%cl_1_3 y[2.3,] 	 SYMBOL:	 ARGS:
		 2: x->event_datetime def_%cl_1_4 x[2.2,] 	 SYMBOL:	 ARGS:
		 3: %cl_1_3-><=> def_%cl_1_5 %cl_1_3[3.1,] %cl_1_4[3.2,] 	 SYMBOL:	 ARGS:%cl_1_4,
		 4: RETURN %cl_1_5[3.3,] %self[2.0,] 
BB 4
	outgoing: 6 
	datadep: 
	instructions:
		 0: def_%cl_1_6 
		 1: def_%cl_1_7 %cl_1_6[4.0,] 
		 2: RETURN %cl_1_7[4.1,] %self[2.0,] 
BB 6
	outgoing: 
	datadep: 
	instructions:
CLOSURE END: y[2.3,] 
		 14: %v_5->each def_%v_6 %v_5[2.13,] %self[2.0,] 	 SYMBOL:	 ARGS:%v_5,
CLOSURE BEGIN: event[] events_by_group[2.8,] group_events[] %self[2.0,] y[2.13,] x[2.13,] i[] e[] sorted_events[2.11,] 
BB 1
	outgoing: 9 2 
	datadep: 
	instructions:
BB 2
	outgoing: 3 
	datadep: 
	instructions:
		 0: def_%self 
		 1: def_%cl_2_0 
		 2: RECEIVEARG def_event 
		 3: COPY TYPE_CurrentScope def_%current_scope 
		 4: COPY TYPE_ScopeModule def_%current_module 
BB 3
	outgoing: 4 5 7 
	datadep: 
	instructions:
		 0: 
		 1: event->event_group def_%cl_2_3 event[2.2,] 	 SYMBOL:	 ARGS:
		 2: events_by_group->delete def_%cl_2_4 events_by_group[] %cl_2_3[3.1,] 	 SYMBOL:	 ARGS:%cl_2_3,
		 3: COPY TYPE_PASS def_group_events %cl_2_4[3.2,] 
		 4: BRANCH %cl_2_4[3.2,] 
BB 4
	outgoing: 6 7 
	datadep: 
	instructions:
		 0: 
		 1: group_events->sort def_%cl_2_5 group_events[3.3,] %self[2.0,] 	 SYMBOL:	 ARGS:group_events,
CLOSURE BEGIN: y[] x[] 
BB 1
	outgoing: 6 2 
	datadep: 
	instructions:
BB 2
	outgoing: 3 
	datadep: 
	instructions:
		 0: def_%self 
		 1: def_%cl_3_0 
		 2: RECEIVEARG def_x 
		 3: RECEIVEARG def_y 
		 4: COPY TYPE_CurrentScope def_%current_scope 
		 5: COPY TYPE_ScopeModule def_%current_module 
BB 3
	outgoing: 4 6 
	datadep: 
	instructions:
		 0: 
		 1: y->event_datetime def_%cl_3_3 y[2.3,] 	 SYMBOL:	 ARGS:
		 2: x->event_datetime def_%cl_3_4 x[2.2,] 	 SYMBOL:	 ARGS:
		 3: %cl_3_3-><=> def_%cl_3_5 %cl_3_3[3.1,] %cl_3_4[3.2,] 	 SYMBOL:	 ARGS:%cl_3_4,
		 4: RETURN %cl_3_5[3.3,] %self[2.0,] 
BB 4
	outgoing: 6 
	datadep: 
	instructions:
		 0: def_%cl_3_6 
		 1: def_%cl_3_7 %cl_3_6[4.0,] 
		 2: RETURN %cl_3_7[4.1,] %self[2.0,] 
BB 6
	outgoing: 
	datadep: 
	instructions:
CLOSURE END: y[2.3,] 
		 2: %cl_2_5->each_with_index def_%cl_2_6 %cl_2_5[4.1,] %self[2.0,] 	 SYMBOL:	 ARGS:%cl_2_5,
CLOSURE BEGIN: i[] e[] sorted_events[] 
BB 1
	outgoing: 6 2 
	datadep: 
	instructions:
BB 2
	outgoing: 3 
	datadep: 
	instructions:
		 0: def_%self 
		 1: def_%cl_4_0 
		 2: RECEIVEARG def_e 
		 3: RECEIVEARG def_i 
		 4: COPY TYPE_CurrentScope def_%current_scope 
		 5: COPY TYPE_ScopeModule def_%current_module 
BB 3
	outgoing: 4 6 
	datadep: 
	instructions:
		 0: 
		 1: i->> def_%cl_4_3 i[2.3,] 	 SYMBOL:	 ARGS:Fixnum,
		 2: COPY TYPE_Array def_%cl_4_4 e[2.2,] %cl_4_3[3.1,] 
		 3: sorted_events-><< def_%cl_4_5 sorted_events[] %cl_4_4[3.2,] 	 SYMBOL:	 ARGS:%cl_4_4,
		 4: RETURN %cl_4_5[3.3,] %self[2.0,] 
BB 4
	outgoing: 6 
	datadep: 
	instructions:
		 0: def_%cl_4_6 
		 1: def_%cl_4_7 %cl_4_6[4.0,] 
		 2: RETURN %cl_4_7[4.1,] %self[2.0,] 
BB 6
	outgoing: 
	datadep: 
	instructions:
CLOSURE END: i[2.3,] 
		 3: 
BB 5
	outgoing: 9 
	datadep: 
	instructions:
		 0: RETURN %self[2.0,] 
BB 6
	outgoing: 9 
	datadep: 
	instructions:
		 0: RETURN %cl_2_6[4.2,] %self[2.0,] 
BB 7
	outgoing: 9 
	datadep: 
	instructions:
		 0: def_%cl_2_7 
		 1: def_%cl_2_8 %cl_2_7[7.0,] 
		 2: RETURN %cl_2_8[7.1,] %self[2.0,] 
BB 9
	outgoing: 
	datadep: 
	instructions:
CLOSURE END: group_events[3.3,] 
		 15: 
		 16: RETURN sorted_events[2.11,] %self[2.0,] 
BB 3
	outgoing: 
	datadep: 
	instructions:

