SET IRMethod, name = index instanceMethod = true
BB 1
	outgoing: 3 2 
	datadep: 
	instructions:
BB 2
	outgoing: 3 
	datadep: 
	instructions:
		 0: def_%self 
		 1: def_%v_0 
		 2: COPY TYPE_CurrentScope def_%current_scope 
		 3: COPY TYPE_ScopeModule def_%current_module 
		 4: 
		 5: 
		 6: (About) def_%v_3 
		 7: %v_3->new def_%v_4 %v_3[2.6,] 	 SYMBOL:	 ARGS:
		 8: ATTRASSIGN %self->about %v_4[2.7,] 
		 9: 
		 10: %self->respond_to def_%v_5 %self[2.0,2.8,] %self[2.0,2.8,] 	 SYMBOL:	 ARGS:%self,
CLOSURE BEGIN: format[] %self[2.0,2.8,] user[] 
BB 1
	outgoing: 6 2 
	datadep: 
	instructions:
BB 2
	outgoing: 3 
	datadep: 
	instructions:
		 0: def_%self 
		 1: def_%cl_1_0 
		 2: RECEIVEARG def_format 
		 3: COPY TYPE_CurrentScope def_%current_scope 
		 4: COPY TYPE_ScopeModule def_%current_module 
BB 3
	outgoing: 4 6 
	datadep: 
	instructions:
		 0: 
		 1: format->html def_%cl_1_3 format[2.2,] %self[2.0,] 	 SYMBOL:	 ARGS:format,
CLOSURE BEGIN: %self[2.0,] user[] 
BB 1
	outgoing: 6 2 
	datadep: 
	instructions:
BB 2
	outgoing: 3 
	datadep: 
	instructions:
		 0: def_%self 
		 1: def_%cl_2_0 
		 2: COPY TYPE_CurrentScope def_%current_scope 
		 3: COPY TYPE_ScopeModule def_%current_module 
BB 3
	outgoing: 4 6 
	datadep: 
	instructions:
		 0: 
		 1: %self->ruby_code_from_view def_%cl_2_3 %self[2.0,] 	 SYMBOL:	 ARGS:
		 2: %cl_2_3->ruby_code_from_view def_%cl_2_4 %cl_2_3[3.1,] %self[3.1,2.0,] 	 SYMBOL:	 ARGS:%cl_2_3,
CLOSURE BEGIN: %self[3.1,2.0,] user[] 
BB 1
	outgoing: 9 2 
	datadep: 
	instructions:
BB 2
	outgoing: 3 
	datadep: 
	instructions:
		 0: def_%self 
		 1: def_%cl_3_0 
		 2: RECEIVEARG def_rb_from_view 
		 3: COPY TYPE_CurrentScope def_%current_scope 
		 4: COPY TYPE_ScopeModule def_%current_module 
BB 3
	outgoing: 4 5 7 
	datadep: 
	instructions:
		 0: 
		 1: %self->content_for def_%cl_3_3 %self[2.0,] %self[2.0,] 	 SYMBOL:title,	 ARGS:Symbol,%self,
CLOSURE BEGIN: %self[2.0,] 
BB 1
	outgoing: 6 2 
	datadep: 
	instructions:
BB 2
	outgoing: 3 
	datadep: 
	instructions:
		 0: def_%self 
		 1: def_%cl_4_0 
		 2: COPY TYPE_CurrentScope def_%current_scope 
		 3: COPY TYPE_ScopeModule def_%current_module 
BB 3
	outgoing: 4 6 
	datadep: 
	instructions:
		 0: 
		 1: COPY TYPE_StringLiteral "about" def_%cl_4_3 
		 2: %self->t def_%cl_4_4 %self[2.0,] %cl_4_3[3.1,] 	 SYMBOL:	 ARGS:%cl_4_3,
		 3: RETURN %cl_4_4[3.2,] %self[3.2,2.0,] 
BB 4
	outgoing: 6 
	datadep: 
	instructions:
		 0: def_%cl_4_5 
		 1: def_%cl_4_6 %cl_4_5[4.0,] 
		 2: RETURN %cl_4_6[4.1,] %self[2.0,] 
BB 6
	outgoing: 
	datadep: 
	instructions:
CLOSURE END: 
		 2: 
		 3: COPY TYPE_StringLiteral "js.about.title" def_%cl_3_4 
		 4: GETFIELD %self->about def_%cl_3_5 %self[3.1,2.0,] 
		 5: %cl_3_5->title def_%cl_3_6 %cl_3_5[3.4,] 	 SYMBOL:	 ARGS:
		 6: HASH-title- def_%cl_3_7 %cl_3_6[3.5,] 
		 7: %self->t def_%cl_3_8 %self[3.1,2.0,] %cl_3_4[3.3,] %cl_3_7[3.6,] 	 SYMBOL:	 ARGS:%cl_3_4,%cl_3_7,
		 8: 
		 9: GETFIELD %self->about def_%cl_3_9 %self[3.1,3.7,2.0,] 
		 10: %cl_3_9->description def_%cl_3_10 %cl_3_9[3.9,] 	 SYMBOL:	 ARGS:
		 11: 
		 12: COPY TYPE_StringLiteral "js.about.our_admins" def_%cl_3_11 
		 13: %self->t def_%cl_3_12 %self[3.1,3.7,2.0,] %cl_3_11[3.12,] 	 SYMBOL:	 ARGS:%cl_3_11,
		 14: 
		 15: GETFIELD %self->about def_%cl_3_13 %self[3.1,3.7,3.13,2.0,] 
		 16: %cl_3_13->admins def_%cl_3_14 %cl_3_13[3.15,] 	 SYMBOL:	 ARGS:
		 17: %cl_3_14->each def_%cl_3_15 %cl_3_14[3.16,] %self[3.1,3.7,3.13,2.0,] 	 SYMBOL:	 ARGS:%cl_3_14,
CLOSURE BEGIN: %self[3.1,3.7,3.13,2.0,] user[] 
BB 1
	outgoing: 9 2 
	datadep: 
	instructions:
BB 2
	outgoing: 3 
	datadep: 
	instructions:
		 0: def_%self 
		 1: def_%cl_5_0 
		 2: RECEIVEARG def_user 
		 3: COPY TYPE_CurrentScope def_%current_scope 
		 4: COPY TYPE_ScopeModule def_%current_module 
BB 3
	outgoing: 4 5 7 
	datadep: 
	instructions:
		 0: 
		 1: %self->user_path def_%cl_5_3 %self[2.0,] user[2.2,] 	 SYMBOL:	 ARGS:user,
		 2: 
		 3: %self->user_path def_%cl_5_4 %self[3.1,2.0,] user[2.2,] 	 SYMBOL:	 ARGS:user,
		 4: 
		 5: user->small_avatar_url def_%cl_5_5 user[2.2,] 	 SYMBOL:	 ARGS:
		 6: 
		 7: user->username def_%cl_5_6 user[3.5,2.2,] 	 SYMBOL:	 ARGS:
		 8: 
		 9: user->name def_%cl_5_7 user[3.5,3.7,2.2,] 	 SYMBOL:	 ARGS:
		 10: %cl_5_7->present? def_%cl_5_8 %cl_5_7[3.9,] 	 SYMBOL:	 ARGS:
		 11: BRANCH %cl_5_8[3.10,] 
BB 4
	outgoing: 6 7 
	datadep: 
	instructions:
		 0: 
		 1: user->name def_%cl_5_9 user[2.2,] 	 SYMBOL:	 ARGS:
		 2: 
BB 5
	outgoing: 9 
	datadep: 
	instructions:
		 0: RETURN %self[2.0,] 
BB 6
	outgoing: 9 
	datadep: 
	instructions:
		 0: RETURN %cl_5_9[4.1,] %self[2.0,] 
BB 7
	outgoing: 9 
	datadep: 
	instructions:
		 0: def_%cl_5_10 
		 1: def_%cl_5_11 %cl_5_10[7.0,] 
		 2: RETURN %cl_5_11[7.1,] %self[2.0,] 
BB 9
	outgoing: 
	datadep: 
	instructions:
CLOSURE END: 
		 18: 
		 19: GETFIELD %self->about def_%cl_3_16 %self[3.1,3.7,3.13,2.0,] 
		 20: %cl_3_16->moderators def_%cl_3_17 %cl_3_16[3.19,] 	 SYMBOL:	 ARGS:
		 21: %cl_3_17->count def_%cl_3_18 %cl_3_17[3.20,] 	 SYMBOL:	 ARGS:
		 22: %cl_3_18->> def_%cl_3_19 %cl_3_18[3.21,] 	 SYMBOL:	 ARGS:Fixnum,
		 23: BRANCH %cl_3_19[3.22,] 
BB 4
	outgoing: 6 7 
	datadep: 
	instructions:
		 0: 
		 1: COPY TYPE_StringLiteral "js.about.our_moderators" def_%cl_3_20 
		 2: %self->t def_%cl_3_21 %self[2.0,] %cl_3_20[4.1,] 	 SYMBOL:	 ARGS:%cl_3_20,
		 3: 
		 4: GETFIELD %self->about def_%cl_3_22 %self[4.2,2.0,] 
		 5: %cl_3_22->moderators def_%cl_3_23 %cl_3_22[4.4,] 	 SYMBOL:	 ARGS:
		 6: %cl_3_23->each def_%cl_3_24 %cl_3_23[4.5,] %self[4.2,2.0,] 	 SYMBOL:	 ARGS:%cl_3_23,
CLOSURE BEGIN: %self[4.2,2.0,] user[3.17,] 
BB 1
	outgoing: 9 2 
	datadep: 
	instructions:
BB 2
	outgoing: 3 
	datadep: 
	instructions:
		 0: def_%self 
		 1: def_%cl_6_0 
		 2: RECEIVEARG def_user 
		 3: COPY TYPE_CurrentScope def_%current_scope 
		 4: COPY TYPE_ScopeModule def_%current_module 
BB 3
	outgoing: 4 5 7 
	datadep: 
	instructions:
		 0: 
		 1: %self->user_path def_%cl_6_3 %self[2.0,] user[2.2,] 	 SYMBOL:	 ARGS:user,
		 2: 
		 3: %self->user_path def_%cl_6_4 %self[3.1,2.0,] user[2.2,] 	 SYMBOL:	 ARGS:user,
		 4: 
		 5: user->small_avatar_url def_%cl_6_5 user[2.2,] 	 SYMBOL:	 ARGS:
		 6: 
		 7: user->username def_%cl_6_6 user[3.5,2.2,] 	 SYMBOL:	 ARGS:
		 8: 
		 9: user->name def_%cl_6_7 user[3.5,3.7,2.2,] 	 SYMBOL:	 ARGS:
		 10: %cl_6_7->present? def_%cl_6_8 %cl_6_7[3.9,] 	 SYMBOL:	 ARGS:
		 11: BRANCH %cl_6_8[3.10,] 
BB 4
	outgoing: 6 7 
	datadep: 
	instructions:
		 0: 
		 1: user->name def_%cl_6_9 user[2.2,] 	 SYMBOL:	 ARGS:
		 2: 
BB 5
	outgoing: 9 
	datadep: 
	instructions:
		 0: RETURN %self[2.0,] 
BB 6
	outgoing: 9 
	datadep: 
	instructions:
		 0: RETURN %cl_6_9[4.1,] %self[2.0,] 
BB 7
	outgoing: 9 
	datadep: 
	instructions:
		 0: def_%cl_6_10 
		 1: def_%cl_6_11 %cl_6_10[7.0,] 
		 2: RETURN %cl_6_11[7.1,] %self[2.0,] 
BB 9
	outgoing: 
	datadep: 
	instructions:
CLOSURE END: 
		 7: 
BB 5
	outgoing: 6 
	datadep: 
	instructions:
		 0: COPY TYPE_Nil def_%cl_3_24 
BB 6
	outgoing: 7 9 
	datadep: 
	instructions:
		 0: 
		 1: COPY TYPE_StringLiteral "js.about.stats" def_%cl_3_25 
		 2: %self->t def_%cl_3_26 %self[2.0,] %cl_3_25[6.1,] 	 SYMBOL:	 ARGS:%cl_3_25,
		 3: 
		 4: COPY TYPE_StringLiteral "js.about.stat.all_time" def_%cl_3_27 
		 5: %self->t def_%cl_3_28 %self[6.2,2.0,] %cl_3_27[6.4,] 	 SYMBOL:	 ARGS:%cl_3_27,
		 6: 
		 7: COPY TYPE_StringLiteral "js.about.stat.last_7_days" def_%cl_3_29 
		 8: %self->t def_%cl_3_30 %self[6.2,6.5,2.0,] %cl_3_29[6.7,] 	 SYMBOL:	 ARGS:%cl_3_29,
		 9: 
		 10: COPY TYPE_StringLiteral "js.about.stat.last_30_days" def_%cl_3_31 
		 11: %self->t def_%cl_3_32 %self[6.2,6.5,6.8,2.0,] %cl_3_31[6.10,] 	 SYMBOL:	 ARGS:%cl_3_31,
		 12: 
		 13: COPY TYPE_StringLiteral "js.about.topic_count" def_%cl_3_33 
		 14: %self->t def_%cl_3_34 %self[6.2,6.5,6.8,6.11,2.0,] %cl_3_33[6.13,] 	 SYMBOL:	 ARGS:%cl_3_33,
		 15: 
		 16: GETFIELD %self->about def_%cl_3_35 %self[6.2,6.5,6.8,6.11,6.14,2.0,] 
		 17: %cl_3_35->stats def_%cl_3_36 %cl_3_35[6.16,] 	 SYMBOL:	 ARGS:
		 18: %cl_3_36->[] def_%cl_3_37 %cl_3_36[6.17,] 	 SYMBOL:topic_count,	 ARGS:Symbol,
		 19: 
		 20: GETFIELD %self->about def_%cl_3_38 %self[6.2,6.5,6.8,6.11,6.14,2.0,] 
		 21: %cl_3_38->stats def_%cl_3_39 %cl_3_38[6.20,] 	 SYMBOL:	 ARGS:
		 22: %cl_3_39->[] def_%cl_3_40 %cl_3_39[6.21,] 	 SYMBOL:topics_7_days,	 ARGS:Symbol,
		 23: 
		 24: GETFIELD %self->about def_%cl_3_41 %self[6.2,6.5,6.8,6.11,6.14,2.0,] 
		 25: %cl_3_41->stats def_%cl_3_42 %cl_3_41[6.24,] 	 SYMBOL:	 ARGS:
		 26: %cl_3_42->[] def_%cl_3_43 %cl_3_42[6.25,] 	 SYMBOL:topics_30_days,	 ARGS:Symbol,
		 27: 
		 28: COPY TYPE_StringLiteral "js.about.post_count" def_%cl_3_44 
		 29: %self->t def_%cl_3_45 %self[6.2,6.5,6.8,6.11,6.14,2.0,] %cl_3_44[6.28,] 	 SYMBOL:	 ARGS:%cl_3_44,
		 30: 
		 31: GETFIELD %self->about def_%cl_3_46 %self[6.2,6.5,6.8,6.11,6.14,6.29,2.0,] 
		 32: %cl_3_46->stats def_%cl_3_47 %cl_3_46[6.31,] 	 SYMBOL:	 ARGS:
		 33: %cl_3_47->[] def_%cl_3_48 %cl_3_47[6.32,] 	 SYMBOL:post_count,	 ARGS:Symbol,
		 34: 
		 35: GETFIELD %self->about def_%cl_3_49 %self[6.2,6.5,6.8,6.11,6.14,6.29,2.0,] 
		 36: %cl_3_49->stats def_%cl_3_50 %cl_3_49[6.35,] 	 SYMBOL:	 ARGS:
		 37: %cl_3_50->[] def_%cl_3_51 %cl_3_50[6.36,] 	 SYMBOL:posts_7_days,	 ARGS:Symbol,
		 38: 
		 39: GETFIELD %self->about def_%cl_3_52 %self[6.2,6.5,6.8,6.11,6.14,6.29,2.0,] 
		 40: %cl_3_52->stats def_%cl_3_53 %cl_3_52[6.39,] 	 SYMBOL:	 ARGS:
		 41: %cl_3_53->[] def_%cl_3_54 %cl_3_53[6.40,] 	 SYMBOL:posts_30_days,	 ARGS:Symbol,
		 42: 
		 43: COPY TYPE_StringLiteral "js.about.user_count" def_%cl_3_55 
		 44: %self->t def_%cl_3_56 %self[6.2,6.5,6.8,6.11,6.14,6.29,2.0,] %cl_3_55[6.43,] 	 SYMBOL:	 ARGS:%cl_3_55,
		 45: 
		 46: GETFIELD %self->about def_%cl_3_57 %self[6.2,6.5,6.8,6.11,6.14,6.29,6.44,2.0,] 
		 47: %cl_3_57->stats def_%cl_3_58 %cl_3_57[6.46,] 	 SYMBOL:	 ARGS:
		 48: %cl_3_58->[] def_%cl_3_59 %cl_3_58[6.47,] 	 SYMBOL:user_count,	 ARGS:Symbol,
		 49: 
		 50: GETFIELD %self->about def_%cl_3_60 %self[6.2,6.5,6.8,6.11,6.14,6.29,6.44,2.0,] 
		 51: %cl_3_60->stats def_%cl_3_61 %cl_3_60[6.50,] 	 SYMBOL:	 ARGS:
		 52: %cl_3_61->[] def_%cl_3_62 %cl_3_61[6.51,] 	 SYMBOL:users_7_days,	 ARGS:Symbol,
		 53: 
		 54: GETFIELD %self->about def_%cl_3_63 %self[6.2,6.5,6.8,6.11,6.14,6.29,6.44,2.0,] 
		 55: %cl_3_63->stats def_%cl_3_64 %cl_3_63[6.54,] 	 SYMBOL:	 ARGS:
		 56: %cl_3_64->[] def_%cl_3_65 %cl_3_64[6.55,] 	 SYMBOL:users_30_days,	 ARGS:Symbol,
		 57: 
		 58: COPY TYPE_StringLiteral "js.about.active_user_count" def_%cl_3_66 
		 59: %self->t def_%cl_3_67 %self[6.2,6.5,6.8,6.11,6.14,6.29,6.44,2.0,] %cl_3_66[6.58,] 	 SYMBOL:	 ARGS:%cl_3_66,
		 60: 
		 61: GETFIELD %self->about def_%cl_3_68 %self[6.2,6.5,6.8,6.11,6.14,6.29,6.44,6.59,2.0,] 
		 62: %cl_3_68->stats def_%cl_3_69 %cl_3_68[6.61,] 	 SYMBOL:	 ARGS:
		 63: %cl_3_69->[] def_%cl_3_70 %cl_3_69[6.62,] 	 SYMBOL:active_users_7_days,	 ARGS:Symbol,
		 64: 
		 65: GETFIELD %self->about def_%cl_3_71 %self[6.2,6.5,6.8,6.11,6.14,6.29,6.44,6.59,2.0,] 
		 66: %cl_3_71->stats def_%cl_3_72 %cl_3_71[6.65,] 	 SYMBOL:	 ARGS:
		 67: %cl_3_72->[] def_%cl_3_73 %cl_3_72[6.66,] 	 SYMBOL:active_users_30_days,	 ARGS:Symbol,
		 68: 
		 69: COPY TYPE_StringLiteral "js.about.like_count" def_%cl_3_74 
		 70: %self->t def_%cl_3_75 %self[6.2,6.5,6.8,6.11,6.14,6.29,6.44,6.59,2.0,] %cl_3_74[6.69,] 	 SYMBOL:	 ARGS:%cl_3_74,
		 71: 
		 72: GETFIELD %self->about def_%cl_3_76 %self[6.2,6.5,6.8,6.11,6.14,6.29,6.44,6.59,6.70,2.0,] 
		 73: %cl_3_76->stats def_%cl_3_77 %cl_3_76[6.72,] 	 SYMBOL:	 ARGS:
		 74: %cl_3_77->[] def_%cl_3_78 %cl_3_77[6.73,] 	 SYMBOL:like_count,	 ARGS:Symbol,
		 75: 
		 76: GETFIELD %self->about def_%cl_3_79 %self[6.2,6.5,6.8,6.11,6.14,6.29,6.44,6.59,6.70,2.0,] 
		 77: %cl_3_79->stats def_%cl_3_80 %cl_3_79[6.76,] 	 SYMBOL:	 ARGS:
		 78: %cl_3_80->[] def_%cl_3_81 %cl_3_80[6.77,] 	 SYMBOL:likes_7_days,	 ARGS:Symbol,
		 79: 
		 80: GETFIELD %self->about def_%cl_3_82 %self[6.2,6.5,6.8,6.11,6.14,6.29,6.44,6.59,6.70,2.0,] 
		 81: %cl_3_82->stats def_%cl_3_83 %cl_3_82[6.80,] 	 SYMBOL:	 ARGS:
		 82: %cl_3_83->[] def_%cl_3_84 %cl_3_83[6.81,] 	 SYMBOL:likes_30_days,	 ARGS:Symbol,
		 83: RETURN %cl_3_84[6.82,] %self[6.2,6.5,6.8,6.11,6.14,6.29,6.44,6.59,6.70,2.0,] 
BB 7
	outgoing: 9 
	datadep: 
	instructions:
		 0: def_%cl_3_85 
		 1: def_%cl_3_86 %cl_3_85[7.0,] 
		 2: RETURN %cl_3_86[7.1,] %self[2.0,] 
BB 9
	outgoing: 
	datadep: 
	instructions:
CLOSURE END: 
		 3: RETURN %cl_2_4[3.2,] %self[3.1,2.0,] 
BB 4
	outgoing: 6 
	datadep: 
	instructions:
		 0: def_%cl_2_5 
		 1: def_%cl_2_6 %cl_2_5[4.0,] 
		 2: RETURN %cl_2_6[4.1,] %self[2.0,] 
BB 6
	outgoing: 
	datadep: 
	instructions:
CLOSURE END: 
		 2: 
		 3: format->json def_%cl_1_4 format[3.1,2.2,] %self[2.0,] 	 SYMBOL:	 ARGS:format,
CLOSURE BEGIN: %self[2.0,] 
BB 1
	outgoing: 6 2 
	datadep: 
	instructions:
BB 2
	outgoing: 3 
	datadep: 
	instructions:
		 0: def_%self 
		 1: def_%cl_7_0 
		 2: COPY TYPE_CurrentScope def_%current_scope 
		 3: COPY TYPE_ScopeModule def_%current_module 
BB 3
	outgoing: 4 6 
	datadep: 
	instructions:
		 0: 
		 1: GETFIELD %self->about def_%cl_7_3 %self[2.0,] 
		 2: (AboutSerializer) def_%cl_7_4 
		 3: %self->render_serialized def_%cl_7_5 %self[2.0,] %cl_7_3[3.1,] %cl_7_4[3.2,] 	 SYMBOL:	 ARGS:%cl_7_3,%cl_7_4,
		 4: RETURN %cl_7_5[3.3,] %self[3.3,2.0,] 
BB 4
	outgoing: 6 
	datadep: 
	instructions:
		 0: def_%cl_7_6 
		 1: def_%cl_7_7 %cl_7_6[4.0,] 
		 2: RETURN %cl_7_7[4.1,] %self[2.0,] 
BB 6
	outgoing: 
	datadep: 
	instructions:
CLOSURE END: 
		 4: RETURN %cl_1_4[3.3,] %self[2.0,] 
BB 4
	outgoing: 6 
	datadep: 
	instructions:
		 0: def_%cl_1_5 
		 1: def_%cl_1_6 %cl_1_5[4.0,] 
		 2: RETURN %cl_1_6[4.1,] %self[2.0,] 
BB 6
	outgoing: 
	datadep: 
	instructions:
CLOSURE END: 
		 11: 
		 12: %self->ruby_code_from_view def_%v_6 %self[2.0,2.8,2.10,] 	 SYMBOL:	 ARGS:
		 13: %v_6->ruby_code_from_view def_%v_7 %v_6[2.12,] %self[2.0,2.8,2.10,2.12,] 	 SYMBOL:	 ARGS:%v_6,
CLOSURE BEGIN: %self[2.0,2.8,2.10,2.12,] user[] 
BB 1
	outgoing: 9 2 
	datadep: 
	instructions:
BB 2
	outgoing: 3 
	datadep: 
	instructions:
		 0: def_%self 
		 1: def_%cl_8_0 
		 2: RECEIVEARG def_rb_from_view 
		 3: COPY TYPE_CurrentScope def_%current_scope 
		 4: COPY TYPE_ScopeModule def_%current_module 
BB 3
	outgoing: 4 5 7 
	datadep: 
	instructions:
		 0: 
		 1: %self->content_for def_%cl_8_3 %self[2.0,] %self[2.0,] 	 SYMBOL:title,	 ARGS:Symbol,%self,
CLOSURE BEGIN: %self[2.0,] 
BB 1
	outgoing: 6 2 
	datadep: 
	instructions:
BB 2
	outgoing: 3 
	datadep: 
	instructions:
		 0: def_%self 
		 1: def_%cl_9_0 
		 2: COPY TYPE_CurrentScope def_%current_scope 
		 3: COPY TYPE_ScopeModule def_%current_module 
BB 3
	outgoing: 4 6 
	datadep: 
	instructions:
		 0: 
		 1: COPY TYPE_StringLiteral "about" def_%cl_9_3 
		 2: %self->t def_%cl_9_4 %self[2.0,] %cl_9_3[3.1,] 	 SYMBOL:	 ARGS:%cl_9_3,
		 3: RETURN %cl_9_4[3.2,] %self[3.2,2.0,] 
BB 4
	outgoing: 6 
	datadep: 
	instructions:
		 0: def_%cl_9_5 
		 1: def_%cl_9_6 %cl_9_5[4.0,] 
		 2: RETURN %cl_9_6[4.1,] %self[2.0,] 
BB 6
	outgoing: 
	datadep: 
	instructions:
CLOSURE END: 
		 2: 
		 3: COPY TYPE_StringLiteral "js.about.title" def_%cl_8_4 
		 4: GETFIELD %self->about def_%cl_8_5 %self[3.1,2.0,] 
		 5: %cl_8_5->title def_%cl_8_6 %cl_8_5[3.4,] 	 SYMBOL:	 ARGS:
		 6: HASH-title- def_%cl_8_7 %cl_8_6[3.5,] 
		 7: %self->t def_%cl_8_8 %self[3.1,2.0,] %cl_8_4[3.3,] %cl_8_7[3.6,] 	 SYMBOL:	 ARGS:%cl_8_4,%cl_8_7,
		 8: 
		 9: GETFIELD %self->about def_%cl_8_9 %self[3.1,3.7,2.0,] 
		 10: %cl_8_9->description def_%cl_8_10 %cl_8_9[3.9,] 	 SYMBOL:	 ARGS:
		 11: 
		 12: COPY TYPE_StringLiteral "js.about.our_admins" def_%cl_8_11 
		 13: %self->t def_%cl_8_12 %self[3.1,3.7,2.0,] %cl_8_11[3.12,] 	 SYMBOL:	 ARGS:%cl_8_11,
		 14: 
		 15: GETFIELD %self->about def_%cl_8_13 %self[3.1,3.7,3.13,2.0,] 
		 16: %cl_8_13->admins def_%cl_8_14 %cl_8_13[3.15,] 	 SYMBOL:	 ARGS:
		 17: %cl_8_14->each def_%cl_8_15 %cl_8_14[3.16,] %self[3.1,3.7,3.13,2.0,] 	 SYMBOL:	 ARGS:%cl_8_14,
CLOSURE BEGIN: %self[3.1,3.7,3.13,2.0,] user[] 
BB 1
	outgoing: 9 2 
	datadep: 
	instructions:
BB 2
	outgoing: 3 
	datadep: 
	instructions:
		 0: def_%self 
		 1: def_%cl_10_0 
		 2: RECEIVEARG def_user 
		 3: COPY TYPE_CurrentScope def_%current_scope 
		 4: COPY TYPE_ScopeModule def_%current_module 
BB 3
	outgoing: 4 5 7 
	datadep: 
	instructions:
		 0: 
		 1: %self->user_path def_%cl_10_3 %self[2.0,] user[2.2,] 	 SYMBOL:	 ARGS:user,
		 2: 
		 3: %self->user_path def_%cl_10_4 %self[3.1,2.0,] user[2.2,] 	 SYMBOL:	 ARGS:user,
		 4: 
		 5: user->small_avatar_url def_%cl_10_5 user[2.2,] 	 SYMBOL:	 ARGS:
		 6: 
		 7: user->username def_%cl_10_6 user[3.5,2.2,] 	 SYMBOL:	 ARGS:
		 8: 
		 9: user->name def_%cl_10_7 user[3.5,3.7,2.2,] 	 SYMBOL:	 ARGS:
		 10: %cl_10_7->present? def_%cl_10_8 %cl_10_7[3.9,] 	 SYMBOL:	 ARGS:
		 11: BRANCH %cl_10_8[3.10,] 
BB 4
	outgoing: 6 7 
	datadep: 
	instructions:
		 0: 
		 1: user->name def_%cl_10_9 user[2.2,] 	 SYMBOL:	 ARGS:
		 2: 
BB 5
	outgoing: 9 
	datadep: 
	instructions:
		 0: RETURN %self[2.0,] 
BB 6
	outgoing: 9 
	datadep: 
	instructions:
		 0: RETURN %cl_10_9[4.1,] %self[2.0,] 
BB 7
	outgoing: 9 
	datadep: 
	instructions:
		 0: def_%cl_10_10 
		 1: def_%cl_10_11 %cl_10_10[7.0,] 
		 2: RETURN %cl_10_11[7.1,] %self[2.0,] 
BB 9
	outgoing: 
	datadep: 
	instructions:
CLOSURE END: 
		 18: 
		 19: GETFIELD %self->about def_%cl_8_16 %self[3.1,3.7,3.13,2.0,] 
		 20: %cl_8_16->moderators def_%cl_8_17 %cl_8_16[3.19,] 	 SYMBOL:	 ARGS:
		 21: %cl_8_17->count def_%cl_8_18 %cl_8_17[3.20,] 	 SYMBOL:	 ARGS:
		 22: %cl_8_18->> def_%cl_8_19 %cl_8_18[3.21,] 	 SYMBOL:	 ARGS:Fixnum,
		 23: BRANCH %cl_8_19[3.22,] 
BB 4
	outgoing: 6 7 
	datadep: 
	instructions:
		 0: 
		 1: COPY TYPE_StringLiteral "js.about.our_moderators" def_%cl_8_20 
		 2: %self->t def_%cl_8_21 %self[2.0,] %cl_8_20[4.1,] 	 SYMBOL:	 ARGS:%cl_8_20,
		 3: 
		 4: GETFIELD %self->about def_%cl_8_22 %self[4.2,2.0,] 
		 5: %cl_8_22->moderators def_%cl_8_23 %cl_8_22[4.4,] 	 SYMBOL:	 ARGS:
		 6: %cl_8_23->each def_%cl_8_24 %cl_8_23[4.5,] %self[4.2,2.0,] 	 SYMBOL:	 ARGS:%cl_8_23,
CLOSURE BEGIN: %self[4.2,2.0,] user[3.17,] 
BB 1
	outgoing: 9 2 
	datadep: 
	instructions:
BB 2
	outgoing: 3 
	datadep: 
	instructions:
		 0: def_%self 
		 1: def_%cl_11_0 
		 2: RECEIVEARG def_user 
		 3: COPY TYPE_CurrentScope def_%current_scope 
		 4: COPY TYPE_ScopeModule def_%current_module 
BB 3
	outgoing: 4 5 7 
	datadep: 
	instructions:
		 0: 
		 1: %self->user_path def_%cl_11_3 %self[2.0,] user[2.2,] 	 SYMBOL:	 ARGS:user,
		 2: 
		 3: %self->user_path def_%cl_11_4 %self[3.1,2.0,] user[2.2,] 	 SYMBOL:	 ARGS:user,
		 4: 
		 5: user->small_avatar_url def_%cl_11_5 user[2.2,] 	 SYMBOL:	 ARGS:
		 6: 
		 7: user->username def_%cl_11_6 user[3.5,2.2,] 	 SYMBOL:	 ARGS:
		 8: 
		 9: user->name def_%cl_11_7 user[3.5,3.7,2.2,] 	 SYMBOL:	 ARGS:
		 10: %cl_11_7->present? def_%cl_11_8 %cl_11_7[3.9,] 	 SYMBOL:	 ARGS:
		 11: BRANCH %cl_11_8[3.10,] 
BB 4
	outgoing: 6 7 
	datadep: 
	instructions:
		 0: 
		 1: user->name def_%cl_11_9 user[2.2,] 	 SYMBOL:	 ARGS:
		 2: 
BB 5
	outgoing: 9 
	datadep: 
	instructions:
		 0: RETURN %self[2.0,] 
BB 6
	outgoing: 9 
	datadep: 
	instructions:
		 0: RETURN %cl_11_9[4.1,] %self[2.0,] 
BB 7
	outgoing: 9 
	datadep: 
	instructions:
		 0: def_%cl_11_10 
		 1: def_%cl_11_11 %cl_11_10[7.0,] 
		 2: RETURN %cl_11_11[7.1,] %self[2.0,] 
BB 9
	outgoing: 
	datadep: 
	instructions:
CLOSURE END: 
		 7: 
BB 5
	outgoing: 6 
	datadep: 
	instructions:
		 0: COPY TYPE_Nil def_%cl_8_24 
BB 6
	outgoing: 7 9 
	datadep: 
	instructions:
		 0: 
		 1: COPY TYPE_StringLiteral "js.about.stats" def_%cl_8_25 
		 2: %self->t def_%cl_8_26 %self[2.0,] %cl_8_25[6.1,] 	 SYMBOL:	 ARGS:%cl_8_25,
		 3: 
		 4: COPY TYPE_StringLiteral "js.about.stat.all_time" def_%cl_8_27 
		 5: %self->t def_%cl_8_28 %self[6.2,2.0,] %cl_8_27[6.4,] 	 SYMBOL:	 ARGS:%cl_8_27,
		 6: 
		 7: COPY TYPE_StringLiteral "js.about.stat.last_7_days" def_%cl_8_29 
		 8: %self->t def_%cl_8_30 %self[6.2,6.5,2.0,] %cl_8_29[6.7,] 	 SYMBOL:	 ARGS:%cl_8_29,
		 9: 
		 10: COPY TYPE_StringLiteral "js.about.stat.last_30_days" def_%cl_8_31 
		 11: %self->t def_%cl_8_32 %self[6.2,6.5,6.8,2.0,] %cl_8_31[6.10,] 	 SYMBOL:	 ARGS:%cl_8_31,
		 12: 
		 13: COPY TYPE_StringLiteral "js.about.topic_count" def_%cl_8_33 
		 14: %self->t def_%cl_8_34 %self[6.2,6.5,6.8,6.11,2.0,] %cl_8_33[6.13,] 	 SYMBOL:	 ARGS:%cl_8_33,
		 15: 
		 16: GETFIELD %self->about def_%cl_8_35 %self[6.2,6.5,6.8,6.11,6.14,2.0,] 
		 17: %cl_8_35->stats def_%cl_8_36 %cl_8_35[6.16,] 	 SYMBOL:	 ARGS:
		 18: %cl_8_36->[] def_%cl_8_37 %cl_8_36[6.17,] 	 SYMBOL:topic_count,	 ARGS:Symbol,
		 19: 
		 20: GETFIELD %self->about def_%cl_8_38 %self[6.2,6.5,6.8,6.11,6.14,2.0,] 
		 21: %cl_8_38->stats def_%cl_8_39 %cl_8_38[6.20,] 	 SYMBOL:	 ARGS:
		 22: %cl_8_39->[] def_%cl_8_40 %cl_8_39[6.21,] 	 SYMBOL:topics_7_days,	 ARGS:Symbol,
		 23: 
		 24: GETFIELD %self->about def_%cl_8_41 %self[6.2,6.5,6.8,6.11,6.14,2.0,] 
		 25: %cl_8_41->stats def_%cl_8_42 %cl_8_41[6.24,] 	 SYMBOL:	 ARGS:
		 26: %cl_8_42->[] def_%cl_8_43 %cl_8_42[6.25,] 	 SYMBOL:topics_30_days,	 ARGS:Symbol,
		 27: 
		 28: COPY TYPE_StringLiteral "js.about.post_count" def_%cl_8_44 
		 29: %self->t def_%cl_8_45 %self[6.2,6.5,6.8,6.11,6.14,2.0,] %cl_8_44[6.28,] 	 SYMBOL:	 ARGS:%cl_8_44,
		 30: 
		 31: GETFIELD %self->about def_%cl_8_46 %self[6.2,6.5,6.8,6.11,6.14,6.29,2.0,] 
		 32: %cl_8_46->stats def_%cl_8_47 %cl_8_46[6.31,] 	 SYMBOL:	 ARGS:
		 33: %cl_8_47->[] def_%cl_8_48 %cl_8_47[6.32,] 	 SYMBOL:post_count,	 ARGS:Symbol,
		 34: 
		 35: GETFIELD %self->about def_%cl_8_49 %self[6.2,6.5,6.8,6.11,6.14,6.29,2.0,] 
		 36: %cl_8_49->stats def_%cl_8_50 %cl_8_49[6.35,] 	 SYMBOL:	 ARGS:
		 37: %cl_8_50->[] def_%cl_8_51 %cl_8_50[6.36,] 	 SYMBOL:posts_7_days,	 ARGS:Symbol,
		 38: 
		 39: GETFIELD %self->about def_%cl_8_52 %self[6.2,6.5,6.8,6.11,6.14,6.29,2.0,] 
		 40: %cl_8_52->stats def_%cl_8_53 %cl_8_52[6.39,] 	 SYMBOL:	 ARGS:
		 41: %cl_8_53->[] def_%cl_8_54 %cl_8_53[6.40,] 	 SYMBOL:posts_30_days,	 ARGS:Symbol,
		 42: 
		 43: COPY TYPE_StringLiteral "js.about.user_count" def_%cl_8_55 
		 44: %self->t def_%cl_8_56 %self[6.2,6.5,6.8,6.11,6.14,6.29,2.0,] %cl_8_55[6.43,] 	 SYMBOL:	 ARGS:%cl_8_55,
		 45: 
		 46: GETFIELD %self->about def_%cl_8_57 %self[6.2,6.5,6.8,6.11,6.14,6.29,6.44,2.0,] 
		 47: %cl_8_57->stats def_%cl_8_58 %cl_8_57[6.46,] 	 SYMBOL:	 ARGS:
		 48: %cl_8_58->[] def_%cl_8_59 %cl_8_58[6.47,] 	 SYMBOL:user_count,	 ARGS:Symbol,
		 49: 
		 50: GETFIELD %self->about def_%cl_8_60 %self[6.2,6.5,6.8,6.11,6.14,6.29,6.44,2.0,] 
		 51: %cl_8_60->stats def_%cl_8_61 %cl_8_60[6.50,] 	 SYMBOL:	 ARGS:
		 52: %cl_8_61->[] def_%cl_8_62 %cl_8_61[6.51,] 	 SYMBOL:users_7_days,	 ARGS:Symbol,
		 53: 
		 54: GETFIELD %self->about def_%cl_8_63 %self[6.2,6.5,6.8,6.11,6.14,6.29,6.44,2.0,] 
		 55: %cl_8_63->stats def_%cl_8_64 %cl_8_63[6.54,] 	 SYMBOL:	 ARGS:
		 56: %cl_8_64->[] def_%cl_8_65 %cl_8_64[6.55,] 	 SYMBOL:users_30_days,	 ARGS:Symbol,
		 57: 
		 58: COPY TYPE_StringLiteral "js.about.active_user_count" def_%cl_8_66 
		 59: %self->t def_%cl_8_67 %self[6.2,6.5,6.8,6.11,6.14,6.29,6.44,2.0,] %cl_8_66[6.58,] 	 SYMBOL:	 ARGS:%cl_8_66,
		 60: 
		 61: GETFIELD %self->about def_%cl_8_68 %self[6.2,6.5,6.8,6.11,6.14,6.29,6.44,6.59,2.0,] 
		 62: %cl_8_68->stats def_%cl_8_69 %cl_8_68[6.61,] 	 SYMBOL:	 ARGS:
		 63: %cl_8_69->[] def_%cl_8_70 %cl_8_69[6.62,] 	 SYMBOL:active_users_7_days,	 ARGS:Symbol,
		 64: 
		 65: GETFIELD %self->about def_%cl_8_71 %self[6.2,6.5,6.8,6.11,6.14,6.29,6.44,6.59,2.0,] 
		 66: %cl_8_71->stats def_%cl_8_72 %cl_8_71[6.65,] 	 SYMBOL:	 ARGS:
		 67: %cl_8_72->[] def_%cl_8_73 %cl_8_72[6.66,] 	 SYMBOL:active_users_30_days,	 ARGS:Symbol,
		 68: 
		 69: COPY TYPE_StringLiteral "js.about.like_count" def_%cl_8_74 
		 70: %self->t def_%cl_8_75 %self[6.2,6.5,6.8,6.11,6.14,6.29,6.44,6.59,2.0,] %cl_8_74[6.69,] 	 SYMBOL:	 ARGS:%cl_8_74,
		 71: 
		 72: GETFIELD %self->about def_%cl_8_76 %self[6.2,6.5,6.8,6.11,6.14,6.29,6.44,6.59,6.70,2.0,] 
		 73: %cl_8_76->stats def_%cl_8_77 %cl_8_76[6.72,] 	 SYMBOL:	 ARGS:
		 74: %cl_8_77->[] def_%cl_8_78 %cl_8_77[6.73,] 	 SYMBOL:like_count,	 ARGS:Symbol,
		 75: 
		 76: GETFIELD %self->about def_%cl_8_79 %self[6.2,6.5,6.8,6.11,6.14,6.29,6.44,6.59,6.70,2.0,] 
		 77: %cl_8_79->stats def_%cl_8_80 %cl_8_79[6.76,] 	 SYMBOL:	 ARGS:
		 78: %cl_8_80->[] def_%cl_8_81 %cl_8_80[6.77,] 	 SYMBOL:likes_7_days,	 ARGS:Symbol,
		 79: 
		 80: GETFIELD %self->about def_%cl_8_82 %self[6.2,6.5,6.8,6.11,6.14,6.29,6.44,6.59,6.70,2.0,] 
		 81: %cl_8_82->stats def_%cl_8_83 %cl_8_82[6.80,] 	 SYMBOL:	 ARGS:
		 82: %cl_8_83->[] def_%cl_8_84 %cl_8_83[6.81,] 	 SYMBOL:likes_30_days,	 ARGS:Symbol,
		 83: RETURN %cl_8_84[6.82,] %self[6.2,6.5,6.8,6.11,6.14,6.29,6.44,6.59,6.70,2.0,] 
BB 7
	outgoing: 9 
	datadep: 
	instructions:
		 0: def_%cl_8_85 
		 1: def_%cl_8_86 %cl_8_85[7.0,] 
		 2: RETURN %cl_8_86[7.1,] %self[2.0,] 
BB 9
	outgoing: 
	datadep: 
	instructions:
CLOSURE END: 
		 14: RETURN %v_7[2.13,] %self[2.0,2.8,2.10,2.12,] 
BB 3
	outgoing: 
	datadep: 
	instructions:

SET IRMethod, name = live_post_counts instanceMethod = true
BB 1
	outgoing: 6 2 
	datadep: 
	instructions:
BB 2
	outgoing: 3 4 
	datadep: 
	instructions:
		 0: def_%self 
		 1: def_%v_0 
		 2: COPY TYPE_CurrentScope def_%current_scope 
		 3: COPY TYPE_ScopeModule def_%current_module 
		 4: 
		 5: 
		 6: %self->current_user def_%v_3 %self[2.0,] 	 SYMBOL:	 ARGS:
		 7: %v_3->staff? def_%v_4 %v_3[2.6,] 	 SYMBOL:	 ARGS:
		 8: BRANCH %v_4[2.7,] 
BB 3
	outgoing: 5 
	datadep: 
	instructions:
		 0: COPY TYPE_Nil def_%v_5 
		 1: 
BB 4
	outgoing: 5 
	datadep: 
	instructions:
		 0: (RateLimiter) def_%v_6 
		 1: %self->current_user def_%v_7 %self[2.0,] 	 SYMBOL:	 ARGS:
		 2: COPY TYPE_StringLiteral "live_post_counts" def_%v_8 
		 3: CONSTANT def_%v_9 	 SYMBOL:	 ARGS:
		 4: %v_6->new def_%v_10 %v_6[4.0,] %v_7[4.1,] %v_8[4.2,] %v_9[4.3,] 	 SYMBOL:	 ARGS:%v_7,%v_8,Fixnum,%v_9,
		 5: %v_10->performed! def_%v_11 %v_10[4.4,] 	 SYMBOL:	 ARGS:
		 6: COPY TYPE_PASS def_%v_5 %v_11[4.5,] 
BB 5
	outgoing: 6 
	datadep: 
	instructions:
		 0: 
		 1: (Category) def_%v_12 
		 2: %v_12->pluck def_%v_13 %v_12[5.1,] 	 SYMBOL:topic_id,	 ARGS:Symbol,
		 3: %v_13->compact! def_%v_14 %v_13[5.2,] 	 SYMBOL:	 ARGS:
		 4: COPY TYPE_PASS def_category_topic_ids %v_14[5.3,] 
		 5: 
		 6: (Topic) def_%v_15 
		 7: %v_15->listable_topics def_%v_16 %v_15[5.6,] 	 SYMBOL:	 ARGS:
		 8: %v_16->visible def_%v_17 %v_16[5.7,] 	 SYMBOL:	 ARGS:
		 9: (Guardian) def_%v_18 
		 10: %v_18->new def_%v_19 %v_18[5.9,] 	 SYMBOL:	 ARGS:Nil,
		 11: %v_17->secured def_%v_20 %v_17[5.8,] %v_19[5.10,] 	 SYMBOL:	 ARGS:%v_19,
		 12: %v_20->where def_%v_21 %v_20[5.11,] 	 SYMBOL:	 ARGS:
		 13: HASH-id- def_%v_22 category_topic_ids[5.4,] 
		 14: %v_21->not def_%v_23 %v_21[5.12,] %v_22[5.13,] 	 SYMBOL:	 ARGS:%v_22,
		 15: COPY TYPE_PASS def_public_topics %v_23[5.14,] 
		 16: 
		 17: %v_23->count def_%v_24 %v_23[5.14,] 	 SYMBOL:	 ARGS:
		 18: HASH-public_topic_count- def_%v_25 %v_24[5.17,] 
		 19: COPY TYPE_PASS def_stats %v_25[5.18,] 
		 20: 
		 21: public_topics->sum def_%v_26 public_topics[5.15,] 	 SYMBOL:posts_count,	 ARGS:Symbol,
		 22: stats->[] def_%v_27 stats[5.19,] 	 SYMBOL:public_topic_count,	 ARGS:Symbol,
		 23: %v_26->- def_%v_28 %v_26[5.21,] %v_27[5.22,] 	 SYMBOL:	 ARGS:%v_27,
		 24: ATTRASSIGN stats->[] %v_28[5.23,] 
		 25: 
		 26: HASH-json- def_%v_29 stats[5.19,5.22,5.24,] 
		 27: %self->render def_%v_30 %self[2.0,] %v_29[5.26,] 	 SYMBOL:	 ARGS:%v_29,
		 28: RETURN %v_30[5.27,] %self[5.27,2.0,] 
BB 6
	outgoing: 
	datadep: 
	instructions:

