SET IRMethod, name = check instanceMethod = true
BB 1
	outgoing: 3 2 
	datadep: 
	instructions:
BB 2
	outgoing: 3 
	datadep: 
	instructions:
		 0: def_%self 
		 1: def_%v_0 
		 2: COPY TYPE_CurrentScope def_%current_scope 
		 3: COPY TYPE_ScopeModule def_%current_module 
		 4: 
		 5: 
		 6: %self->params def_%v_3 %self[2.0,] 	 SYMBOL:	 ARGS:
		 7: %v_3->[] def_%v_4 %v_3[2.6,] 	 SYMBOL:category_slugs,	 ARGS:Symbol,
		 8: COPY TYPE_PASS def_category_slugs %v_4[2.7,] 
		 9: 
		 10: %v_4->each def_%v_5 %v_4[2.7,] 	 SYMBOL:downcase!,	 ARGS:
		 11: 
		 12: category_slugs->map def_%v_6 category_slugs[2.8,] %self[2.0,2.6,] 	 SYMBOL:	 ARGS:category_slugs,
CLOSURE BEGIN: category_slug[] 
BB 1
	outgoing: 6 2 
	datadep: 
	instructions:
BB 2
	outgoing: 3 
	datadep: 
	instructions:
		 0: def_%self 
		 1: def_%cl_1_0 
		 2: RECEIVEARG def_category_slug 
		 3: COPY TYPE_CurrentScope def_%current_scope 
		 4: COPY TYPE_ScopeModule def_%current_module 
BB 3
	outgoing: 4 6 
	datadep: 
	instructions:
		 0: 
		 1: (Category) def_%cl_1_3 
		 2: %cl_1_3->query_from_hashtag_slug def_%cl_1_4 %cl_1_3[3.1,] category_slug[2.2,] 	 SYMBOL:	 ARGS:category_slug,
		 3: %cl_1_4->try def_%cl_1_5 %cl_1_4[3.2,] 	 SYMBOL:id,	 ARGS:Symbol,
		 4: RETURN %cl_1_5[3.3,] %self[2.0,] 
BB 4
	outgoing: 6 
	datadep: 
	instructions:
		 0: def_%cl_1_6 
		 1: def_%cl_1_7 %cl_1_6[4.0,] 
		 2: RETURN %cl_1_7[4.1,] %self[2.0,] 
BB 6
	outgoing: 
	datadep: 
	instructions:
CLOSURE END: 
		 13: COPY TYPE_PASS def_ids %v_6[2.12,] 
		 14: 
		 15: (Category) def_%v_7 
		 16: %self->guardian def_%v_8 %self[2.0,2.6,] 	 SYMBOL:	 ARGS:
		 17: %v_7->secured def_%v_9 %v_7[2.15,] %v_8[2.16,] 	 SYMBOL:	 ARGS:%v_8,
		 18: HASH-id- def_%v_10 ids[2.13,] 
		 19: %v_9->where def_%v_11 %v_9[2.17,] %v_10[2.18,] 	 SYMBOL:	 ARGS:%v_10,
		 20: %v_11->map def_%v_12 %v_11[2.19,] %self[2.0,2.6,2.16,] 	 SYMBOL:	 ARGS:%v_11,
CLOSURE BEGIN: category[] 
BB 1
	outgoing: 6 2 
	datadep: 
	instructions:
BB 2
	outgoing: 3 
	datadep: 
	instructions:
		 0: def_%self 
		 1: def_%cl_2_0 
		 2: RECEIVEARG def_category 
		 3: COPY TYPE_CurrentScope def_%current_scope 
		 4: COPY TYPE_ScopeModule def_%current_module 
BB 3
	outgoing: 4 6 
	datadep: 
	instructions:
		 0: 
		 1: category->hashtag_slug def_%cl_2_3 category[2.2,] 	 SYMBOL:	 ARGS:
		 2: category->url_with_id def_%cl_2_4 category[3.1,2.2,] 	 SYMBOL:	 ARGS:
		 3: HASH-slug-url- def_%cl_2_5 %cl_2_3[3.1,] %cl_2_4[3.2,] 
		 4: RETURN %cl_2_5[3.3,] %self[2.0,] 
BB 4
	outgoing: 6 
	datadep: 
	instructions:
		 0: def_%cl_2_6 
		 1: def_%cl_2_7 %cl_2_6[4.0,] 
		 2: RETURN %cl_2_7[4.1,] %self[2.0,] 
BB 6
	outgoing: 
	datadep: 
	instructions:
CLOSURE END: 
		 21: %v_12->compact def_%v_13 %v_12[2.20,] 	 SYMBOL:	 ARGS:
		 22: COPY TYPE_PASS def_valid_categories %v_13[2.21,] 
		 23: 
		 24: HASH-valid- def_%v_14 %v_13[2.21,] 
		 25: HASH-json- def_%v_15 %v_14[2.24,] 
		 26: %self->render def_%v_16 %self[2.0,2.6,2.16,] %v_15[2.25,] 	 SYMBOL:	 ARGS:%v_15,
		 27: RETURN %v_16[2.26,] %self[2.0,2.6,2.16,2.26,] 
BB 3
	outgoing: 
	datadep: 
	instructions:

