SET IRMethod, name = not_found instanceMethod = true
BB 1
	outgoing: 8 2 
	datadep: 
	instructions:
BB 2
	outgoing: 3 4 
	datadep: 
	instructions:
		 0: def_%self 
		 1: def_%v_0 
		 2: COPY TYPE_CurrentScope def_%current_scope 
		 3: COPY TYPE_ScopeModule def_%current_module 
		 4: 
		 5: 
		 6: (SiteSetting) def_%v_3 
		 7: %v_3->login_required def_%v_4 %v_3[2.6,] 	 SYMBOL:	 ARGS:
		 8: BRANCH %v_4[2.7,] 
BB 3
	outgoing: 5 
	datadep: 
	instructions:
		 0: ATTRASSIGN %self->hide_google 
		 1: COPY TYPE_Boolean def_%v_5 
		 2: 
BB 4
	outgoing: 5 
	datadep: 
	instructions:
		 0: COPY TYPE_Nil def_%v_5 
BB 5
	outgoing: 6 7 
	datadep: 
	instructions:
		 0: 
		 1: (Discourse) def_%v_6 
		 2: (inherit NotFound) def_%v_7 %v_6[5.1,] 
		 3: %v_7[5.2,] 
BB 6
	outgoing: 7 
	datadep: 
	instructions:
		 0: %v_6->const_missing def_%v_7 %v_6[5.1,] 	 SYMBOL:NotFound,	 ARGS:Symbol,
BB 7
	outgoing: 8 
	datadep: 
	instructions:
		 0: %self->raise def_%v_8 %self[3.0,2.0,] %v_7[6.0,5.2,] 	 SYMBOL:	 ARGS:%v_7,
		 1: 
		 2: %self->ruby_code_from_view def_%v_9 %self[7.0,3.0,2.0,] 	 SYMBOL:	 ARGS:
		 3: %v_9->ruby_code_from_view def_%v_10 %v_9[7.2,] %self[7.0,7.2,3.0,2.0,] 	 SYMBOL:	 ARGS:%v_9,
CLOSURE BEGIN: %self[7.0,7.2,3.0,2.0,] t[] local_domain[] 
BB 1
	outgoing: 9 2 
	datadep: 
	instructions:
BB 2
	outgoing: 3 
	datadep: 
	instructions:
		 0: def_%self 
		 1: def_%cl_1_0 
		 2: RECEIVEARG def_rb_from_view 
		 3: COPY TYPE_CurrentScope def_%current_scope 
		 4: COPY TYPE_ScopeModule def_%current_module 
BB 3
	outgoing: 4 5 7 
	datadep: 
	instructions:
		 0: 
		 1: %self->request def_%cl_1_3 %self[2.0,] 	 SYMBOL:	 ARGS:
		 2: %cl_1_3->protocol def_%cl_1_4 %cl_1_3[3.1,] 	 SYMBOL:	 ARGS:
		 3: %self->request def_%cl_1_5 %self[3.1,2.0,] 	 SYMBOL:	 ARGS:
		 4: %cl_1_5->host_with_port def_%cl_1_6 %cl_1_5[3.3,] 	 SYMBOL:	 ARGS:
		 5: BUILDSTRING def_%cl_1_7 %cl_1_4[3.2,] %cl_1_6[3.4,] 
		 6: COPY TYPE_PASS def_local_domain %cl_1_7[3.5,] 
		 7: 
		 8: COPY TYPE_StringLiteral "page_not_found.title" def_%cl_1_8 
		 9: %self->t def_%cl_1_9 %self[3.1,3.3,2.0,] %cl_1_8[3.8,] 	 SYMBOL:	 ARGS:%cl_1_8,
		 10: 
		 11: COPY TYPE_StringLiteral "page_not_found.popular_topics" def_%cl_1_10 
		 12: %self->t def_%cl_1_11 %self[3.1,3.3,3.9,2.0,] %cl_1_10[3.11,] 	 SYMBOL:	 ARGS:%cl_1_10,
		 13: 
		 14: GETFIELD %self->top_viewed def_%cl_1_12 %self[3.1,3.3,3.9,3.12,2.0,] 
		 15: %cl_1_12->each def_%cl_1_13 %cl_1_12[3.14,] %self[3.1,3.3,3.9,3.12,2.0,] 	 SYMBOL:	 ARGS:%cl_1_12,
CLOSURE BEGIN: t[] %self[3.1,3.3,3.9,3.12,2.0,] 
BB 1
	outgoing: 6 2 
	datadep: 
	instructions:
BB 2
	outgoing: 3 
	datadep: 
	instructions:
		 0: def_%self 
		 1: def_%cl_2_0 
		 2: RECEIVEARG def_t 
		 3: COPY TYPE_CurrentScope def_%current_scope 
		 4: COPY TYPE_ScopeModule def_%current_module 
BB 3
	outgoing: 4 6 
	datadep: 
	instructions:
		 0: 
		 1: t->title def_%cl_2_3 t[2.2,] 	 SYMBOL:	 ARGS:
		 2: t->relative_url def_%cl_2_4 t[3.1,2.2,] 	 SYMBOL:	 ARGS:
		 3: %self->link_to def_%cl_2_5 %self[2.0,] %cl_2_3[3.1,] %cl_2_4[3.2,] 	 SYMBOL:	 ARGS:%cl_2_3,%cl_2_4,
		 4: 
		 5: t->category def_%cl_2_6 t[3.1,3.2,2.2,] 	 SYMBOL:	 ARGS:
		 6: %self->category_badge def_%cl_2_7 %self[3.3,2.0,] %cl_2_6[3.5,] 	 SYMBOL:	 ARGS:%cl_2_6,
		 7: RETURN %cl_2_7[3.6,] %self[3.3,3.6,2.0,] 
BB 4
	outgoing: 6 
	datadep: 
	instructions:
		 0: def_%cl_2_8 
		 1: def_%cl_2_9 %cl_2_8[4.0,] 
		 2: RETURN %cl_2_9[4.1,] %self[2.0,] 
BB 6
	outgoing: 
	datadep: 
	instructions:
CLOSURE END: 
		 16: 
		 17: COPY TYPE_StringLiteral "/latest" def_%cl_1_14 
		 18: %self->path def_%cl_1_15 %self[3.1,3.3,3.9,3.12,2.0,] %cl_1_14[3.17,] 	 SYMBOL:	 ARGS:%cl_1_14,
		 19: 
		 20: COPY TYPE_StringLiteral "page_not_found.see_more" def_%cl_1_16 
		 21: %self->t def_%cl_1_17 %self[3.1,3.3,3.9,3.12,3.18,2.0,] %cl_1_16[3.20,] 	 SYMBOL:	 ARGS:%cl_1_16,
		 22: 
		 23: COPY TYPE_StringLiteral "page_not_found.recent_topics" def_%cl_1_18 
		 24: %self->t def_%cl_1_19 %self[3.1,3.3,3.9,3.12,3.18,3.21,2.0,] %cl_1_18[3.23,] 	 SYMBOL:	 ARGS:%cl_1_18,
		 25: 
		 26: GETFIELD %self->recent def_%cl_1_20 %self[3.1,3.3,3.9,3.12,3.18,3.21,3.24,2.0,] 
		 27: %cl_1_20->each def_%cl_1_21 %cl_1_20[3.26,] %self[3.1,3.3,3.9,3.12,3.18,3.21,3.24,2.0,] 	 SYMBOL:	 ARGS:%cl_1_20,
CLOSURE BEGIN: t[3.15,] %self[3.1,3.3,3.9,3.12,3.18,3.21,3.24,2.0,] 
BB 1
	outgoing: 6 2 
	datadep: 
	instructions:
BB 2
	outgoing: 3 
	datadep: 
	instructions:
		 0: def_%self 
		 1: def_%cl_3_0 
		 2: RECEIVEARG def_t 
		 3: COPY TYPE_CurrentScope def_%current_scope 
		 4: COPY TYPE_ScopeModule def_%current_module 
BB 3
	outgoing: 4 6 
	datadep: 
	instructions:
		 0: 
		 1: t->title def_%cl_3_3 t[2.2,] 	 SYMBOL:	 ARGS:
		 2: t->relative_url def_%cl_3_4 t[3.1,2.2,] 	 SYMBOL:	 ARGS:
		 3: %self->link_to def_%cl_3_5 %self[2.0,] %cl_3_3[3.1,] %cl_3_4[3.2,] 	 SYMBOL:	 ARGS:%cl_3_3,%cl_3_4,
		 4: 
		 5: t->category def_%cl_3_6 t[3.1,3.2,2.2,] 	 SYMBOL:	 ARGS:
		 6: %self->category_badge def_%cl_3_7 %self[3.3,2.0,] %cl_3_6[3.5,] 	 SYMBOL:	 ARGS:%cl_3_6,
		 7: RETURN %cl_3_7[3.6,] %self[3.3,3.6,2.0,] 
BB 4
	outgoing: 6 
	datadep: 
	instructions:
		 0: def_%cl_3_8 
		 1: def_%cl_3_9 %cl_3_8[4.0,] 
		 2: RETURN %cl_3_9[4.1,] %self[2.0,] 
BB 6
	outgoing: 
	datadep: 
	instructions:
CLOSURE END: 
		 28: 
		 29: COPY TYPE_StringLiteral "/latest" def_%cl_1_22 
		 30: %self->path def_%cl_1_23 %self[3.1,3.3,3.9,3.12,3.18,3.21,3.24,2.0,] %cl_1_22[3.29,] 	 SYMBOL:	 ARGS:%cl_1_22,
		 31: 
		 32: COPY TYPE_StringLiteral "page_not_found.see_more" def_%cl_1_24 
		 33: %self->t def_%cl_1_25 %self[3.1,3.3,3.9,3.12,3.18,3.21,3.24,3.30,2.0,] %cl_1_24[3.32,] 	 SYMBOL:	 ARGS:%cl_1_24,
		 34: 
		 35: 
		 36: GETFIELD %self->hide_google def_%cl_1_26 %self[3.1,3.3,3.9,3.12,3.18,3.21,3.24,3.30,3.33,2.0,] 
		 37: BRANCH %cl_1_26[3.36,] 
BB 4
	outgoing: 9 
	datadep: 
	instructions:
		 0: COPY TYPE_Nil def_%cl_1_27 
		 1: RETURN %cl_1_27[4.0,] %self[2.0,] 
BB 5
	outgoing: 7 9 
	datadep: 
	instructions:
		 0: COPY TYPE_StringLiteral "page_not_found.search_title" def_%cl_1_28 
		 1: %self->t def_%cl_1_29 %self[2.0,] %cl_1_28[5.0,] 	 SYMBOL:	 ARGS:%cl_1_28,
		 2: 
		 3: GETFIELD %self->slug def_%cl_1_30 %self[5.1,2.0,] 
		 4: COPY TYPE_StringLiteral "page_not_found.search_google" def_%cl_1_31 
		 5: %self->t def_%cl_1_32 %self[5.1,2.0,] %cl_1_31[5.4,] 	 SYMBOL:	 ARGS:%cl_1_31,
		 6: 
		 7: RETURN local_domain[3.6,] %self[5.1,5.5,2.0,] 
BB 7
	outgoing: 9 
	datadep: 
	instructions:
		 0: def_%cl_1_33 
		 1: def_%cl_1_34 %cl_1_33[7.0,] 
		 2: RETURN %cl_1_34[7.1,] %self[2.0,] 
BB 9
	outgoing: 
	datadep: 
	instructions:
CLOSURE END: local_domain[3.6,] 
		 4: RETURN %v_10[7.3,] %self[7.0,7.2,3.0,2.0,] 
BB 8
	outgoing: 
	datadep: 
	instructions:

SET IRMethod, name = not_found_body instanceMethod = true
BB 1
	outgoing: 3 2 
	datadep: 
	instructions:
BB 2
	outgoing: 3 
	datadep: 
	instructions:
		 0: def_%self 
		 1: def_%v_0 
		 2: COPY TYPE_CurrentScope def_%current_scope 
		 3: COPY TYPE_ScopeModule def_%current_module 
		 4: 
		 5: 
		 6: ATTRASSIGN %self->hide_google 
		 7: 
		 8: %self->build_not_found_page def_%v_3 %self[2.0,2.6,] 	 SYMBOL:	 ARGS:Fixnum,Boolean,
		 9: HASH-text- def_%v_4 %v_3[2.8,] 
		 10: %self->render def_%v_5 %self[2.0,2.6,2.8,] %v_4[2.9,] 	 SYMBOL:	 ARGS:%v_4,
		 11: RETURN %v_5[2.10,] %self[2.0,2.6,2.8,2.10,] 
BB 3
	outgoing: 
	datadep: 
	instructions:

