SET IRMethod, name = show instanceMethod = true
BB 1
	outgoing: 3 2 
	datadep: 
	instructions:
BB 2
	outgoing: 3 
	datadep: 
	instructions:
		 0: def_%self 
		 1: def_%v_0 
		 2: COPY TYPE_CurrentScope def_%current_scope 
		 3: COPY TYPE_ScopeModule def_%current_module 
		 4: 
		 5: 
		 6: %self->find_group def_%v_3 %self[2.0,] 	 SYMBOL:id,	 ARGS:Symbol,
		 7: (BasicGroupSerializer) def_%v_4 
		 8: %self->render_serialized def_%v_5 %self[2.0,2.6,] %v_3[2.6,] %v_4[2.7,] 	 SYMBOL:	 ARGS:%v_3,%v_4,
		 9: RETURN %v_5[2.8,] %self[2.0,2.6,2.8,] 
BB 3
	outgoing: 
	datadep: 
	instructions:

SET IRMethod, name = counts instanceMethod = true
BB 1
	outgoing: 6 2 
	datadep: 
	instructions:
BB 2
	outgoing: 3 4 
	datadep: 
	instructions:
		 0: def_%self 
		 1: def_%v_0 
		 2: COPY TYPE_CurrentScope def_%current_scope 
		 3: COPY TYPE_ScopeModule def_%current_module 
		 4: 
		 5: 
		 6: %self->find_group def_%v_3 %self[2.0,] 	 SYMBOL:group_id,	 ARGS:Symbol,
		 7: COPY TYPE_PASS def_group %v_3[2.6,] 
		 8: 
		 9: %self->guardian def_%v_4 %self[2.0,2.6,] 	 SYMBOL:	 ARGS:
		 10: group->posts_for def_%v_5 group[2.7,] %v_4[2.9,] 	 SYMBOL:	 ARGS:%v_4,
		 11: %v_5->count def_%v_6 %v_5[2.10,] 	 SYMBOL:	 ARGS:
		 12: %self->guardian def_%v_7 %self[2.0,2.6,2.9,] 	 SYMBOL:	 ARGS:
		 13: group->posts_for def_%v_8 group[2.7,2.10,] %v_7[2.12,] 	 SYMBOL:	 ARGS:%v_7,
		 14: HASH-post_number- def_%v_9 
		 15: %v_8->where def_%v_10 %v_8[2.13,] %v_9[2.14,] 	 SYMBOL:	 ARGS:%v_9,
		 16: %v_10->count def_%v_11 %v_10[2.15,] 	 SYMBOL:	 ARGS:
		 17: %self->guardian def_%v_12 %self[2.0,2.6,2.9,2.12,] 	 SYMBOL:	 ARGS:
		 18: group->mentioned_posts_for def_%v_13 group[2.7,2.10,2.13,] %v_12[2.17,] 	 SYMBOL:	 ARGS:%v_12,
		 19: %v_13->count def_%v_14 %v_13[2.18,] 	 SYMBOL:	 ARGS:
		 20: group->users def_%v_15 group[2.7,2.10,2.13,2.18,] 	 SYMBOL:	 ARGS:
		 21: %v_15->count def_%v_16 %v_15[2.20,] 	 SYMBOL:	 ARGS:
		 22: HASH-posts-topics-mentions-members- def_%v_17 %v_6[2.11,] %v_11[2.16,] %v_14[2.19,] %v_16[2.21,] 
		 23: COPY TYPE_PASS def_counts %v_17[2.22,] 
		 24: 
		 25: %self->guardian def_%v_18 %self[2.0,2.6,2.9,2.12,2.17,] 	 SYMBOL:	 ARGS:
		 26: %v_18->can_see_group_messages? def_%v_19 %v_18[2.25,] group[2.7,2.10,2.13,2.18,2.20,] 	 SYMBOL:	 ARGS:group,
		 27: BRANCH %v_19[2.26,] 
BB 3
	outgoing: 5 
	datadep: 
	instructions:
		 0: 
		 1: %self->guardian def_%v_20 %self[2.0,] 	 SYMBOL:	 ARGS:
		 2: group->messages_for def_%v_21 group[2.7,] %v_20[3.1,] 	 SYMBOL:	 ARGS:%v_20,
		 3: HASH-post_number- def_%v_22 
		 4: %v_21->where def_%v_23 %v_21[3.2,] %v_22[3.3,] 	 SYMBOL:	 ARGS:%v_22,
		 5: %v_23->count def_%v_24 %v_23[3.4,] 	 SYMBOL:	 ARGS:
		 6: ATTRASSIGN counts->[] %v_24[3.5,] 
		 7: 
BB 4
	outgoing: 5 
	datadep: 
	instructions:
		 0: COPY TYPE_Nil def_%v_24 
BB 5
	outgoing: 6 
	datadep: 
	instructions:
		 0: 
		 1: HASH-counts- def_%v_25 counts[3.6,2.23,] 
		 2: HASH-json- def_%v_26 %v_25[5.1,] 
		 3: %self->render def_%v_27 %self[2.0,] %v_26[5.2,] 	 SYMBOL:	 ARGS:%v_26,
		 4: RETURN %v_27[5.3,] %self[5.3,2.0,] 
BB 6
	outgoing: 
	datadep: 
	instructions:

SET IRMethod, name = posts instanceMethod = true
BB 1
	outgoing: 3 2 
	datadep: 
	instructions:
BB 2
	outgoing: 3 
	datadep: 
	instructions:
		 0: def_%self 
		 1: def_%v_0 
		 2: COPY TYPE_CurrentScope def_%current_scope 
		 3: COPY TYPE_ScopeModule def_%current_module 
		 4: 
		 5: 
		 6: %self->find_group def_%v_3 %self[2.0,] 	 SYMBOL:group_id,	 ARGS:Symbol,
		 7: COPY TYPE_PASS def_group %v_3[2.6,] 
		 8: 
		 9: %self->guardian def_%v_4 %self[2.0,2.6,] 	 SYMBOL:	 ARGS:
		 10: %self->params def_%v_5 %self[2.0,2.6,2.9,] 	 SYMBOL:	 ARGS:
		 11: %v_5->[] def_%v_6 %v_5[2.10,] 	 SYMBOL:before_post_id,	 ARGS:Symbol,
		 12: group->posts_for def_%v_7 group[2.7,] %v_4[2.9,] %v_6[2.11,] 	 SYMBOL:	 ARGS:%v_4,%v_6,
		 13: %v_7->limit def_%v_8 %v_7[2.12,] 	 SYMBOL:	 ARGS:Fixnum,
		 14: COPY TYPE_PASS def_posts %v_8[2.13,] 
		 15: 
		 16: %v_8->to_a def_%v_9 %v_8[2.13,] 	 SYMBOL:	 ARGS:
		 17: (GroupPostSerializer) def_%v_10 
		 18: %self->render_serialized def_%v_11 %self[2.0,2.6,2.9,2.10,] %v_9[2.16,] %v_10[2.17,] 	 SYMBOL:	 ARGS:%v_9,%v_10,
		 19: RETURN %v_11[2.18,] %self[2.0,2.6,2.9,2.10,2.18,] 
BB 3
	outgoing: 
	datadep: 
	instructions:

SET IRMethod, name = topics instanceMethod = true
BB 1
	outgoing: 3 2 
	datadep: 
	instructions:
BB 2
	outgoing: 3 
	datadep: 
	instructions:
		 0: def_%self 
		 1: def_%v_0 
		 2: COPY TYPE_CurrentScope def_%current_scope 
		 3: COPY TYPE_ScopeModule def_%current_module 
		 4: 
		 5: 
		 6: %self->find_group def_%v_3 %self[2.0,] 	 SYMBOL:group_id,	 ARGS:Symbol,
		 7: COPY TYPE_PASS def_group %v_3[2.6,] 
		 8: 
		 9: %self->guardian def_%v_4 %self[2.0,2.6,] 	 SYMBOL:	 ARGS:
		 10: %self->params def_%v_5 %self[2.0,2.6,2.9,] 	 SYMBOL:	 ARGS:
		 11: %v_5->[] def_%v_6 %v_5[2.10,] 	 SYMBOL:before_post_id,	 ARGS:Symbol,
		 12: group->posts_for def_%v_7 group[2.7,] %v_4[2.9,] %v_6[2.11,] 	 SYMBOL:	 ARGS:%v_4,%v_6,
		 13: HASH-post_number- def_%v_8 
		 14: %v_7->where def_%v_9 %v_7[2.12,] %v_8[2.13,] 	 SYMBOL:	 ARGS:%v_8,
		 15: %v_9->limit def_%v_10 %v_9[2.14,] 	 SYMBOL:	 ARGS:Fixnum,
		 16: COPY TYPE_PASS def_posts %v_10[2.15,] 
		 17: 
		 18: %v_10->to_a def_%v_11 %v_10[2.15,] 	 SYMBOL:	 ARGS:
		 19: (GroupPostSerializer) def_%v_12 
		 20: %self->render_serialized def_%v_13 %self[2.0,2.6,2.9,2.10,] %v_11[2.18,] %v_12[2.19,] 	 SYMBOL:	 ARGS:%v_11,%v_12,
		 21: RETURN %v_13[2.20,] %self[2.0,2.6,2.9,2.10,2.20,] 
BB 3
	outgoing: 
	datadep: 
	instructions:

SET IRMethod, name = mentions instanceMethod = true
BB 1
	outgoing: 3 2 
	datadep: 
	instructions:
BB 2
	outgoing: 3 
	datadep: 
	instructions:
		 0: def_%self 
		 1: def_%v_0 
		 2: COPY TYPE_CurrentScope def_%current_scope 
		 3: COPY TYPE_ScopeModule def_%current_module 
		 4: 
		 5: 
		 6: %self->find_group def_%v_3 %self[2.0,] 	 SYMBOL:group_id,	 ARGS:Symbol,
		 7: COPY TYPE_PASS def_group %v_3[2.6,] 
		 8: 
		 9: %self->guardian def_%v_4 %self[2.0,2.6,] 	 SYMBOL:	 ARGS:
		 10: %self->params def_%v_5 %self[2.0,2.6,2.9,] 	 SYMBOL:	 ARGS:
		 11: %v_5->[] def_%v_6 %v_5[2.10,] 	 SYMBOL:before_post_id,	 ARGS:Symbol,
		 12: group->mentioned_posts_for def_%v_7 group[2.7,] %v_4[2.9,] %v_6[2.11,] 	 SYMBOL:	 ARGS:%v_4,%v_6,
		 13: %v_7->limit def_%v_8 %v_7[2.12,] 	 SYMBOL:	 ARGS:Fixnum,
		 14: COPY TYPE_PASS def_posts %v_8[2.13,] 
		 15: 
		 16: %v_8->to_a def_%v_9 %v_8[2.13,] 	 SYMBOL:	 ARGS:
		 17: (GroupPostSerializer) def_%v_10 
		 18: %self->render_serialized def_%v_11 %self[2.0,2.6,2.9,2.10,] %v_9[2.16,] %v_10[2.17,] 	 SYMBOL:	 ARGS:%v_9,%v_10,
		 19: RETURN %v_11[2.18,] %self[2.0,2.6,2.9,2.10,2.18,] 
BB 3
	outgoing: 
	datadep: 
	instructions:

SET IRMethod, name = messages instanceMethod = true
BB 1
	outgoing: 6 2 
	datadep: 
	instructions:
BB 2
	outgoing: 3 4 
	datadep: 
	instructions:
		 0: def_%self 
		 1: def_%v_0 
		 2: COPY TYPE_CurrentScope def_%current_scope 
		 3: COPY TYPE_ScopeModule def_%current_module 
		 4: 
		 5: 
		 6: %self->find_group def_%v_3 %self[2.0,] 	 SYMBOL:group_id,	 ARGS:Symbol,
		 7: COPY TYPE_PASS def_group %v_3[2.6,] 
		 8: 
		 9: %self->guardian def_%v_4 %self[2.0,2.6,] 	 SYMBOL:	 ARGS:
		 10: %v_4->can_see_group_messages? def_%v_5 %v_4[2.9,] group[2.7,] 	 SYMBOL:	 ARGS:group,
		 11: BRANCH %v_5[2.10,] 
BB 3
	outgoing: 5 
	datadep: 
	instructions:
		 0: 
		 1: %self->guardian def_%v_6 %self[2.0,] 	 SYMBOL:	 ARGS:
		 2: %self->params def_%v_7 %self[3.1,2.0,] 	 SYMBOL:	 ARGS:
		 3: %v_7->[] def_%v_8 %v_7[3.2,] 	 SYMBOL:before_post_id,	 ARGS:Symbol,
		 4: group->messages_for def_%v_9 group[2.7,] %v_6[3.1,] %v_8[3.3,] 	 SYMBOL:	 ARGS:%v_6,%v_8,
		 5: HASH-post_number- def_%v_10 
		 6: %v_9->where def_%v_11 %v_9[3.4,] %v_10[3.5,] 	 SYMBOL:	 ARGS:%v_10,
		 7: %v_11->limit def_%v_12 %v_11[3.6,] 	 SYMBOL:	 ARGS:Fixnum,
		 8: %v_12->to_a def_%v_13 %v_12[3.7,] 	 SYMBOL:	 ARGS:
		 9: 
BB 4
	outgoing: 5 
	datadep: 
	instructions:
		 0: 
		 1: COPY TYPE_Array def_%v_14 
		 2: COPY TYPE_PASS def_%v_13 %v_14[4.1,] 
BB 5
	outgoing: 6 
	datadep: 
	instructions:
		 0: COPY TYPE_PASS def_posts %v_13[4.2,3.8,] 
		 1: 
		 2: (GroupPostSerializer) def_%v_15 
		 3: %self->render_serialized def_%v_16 %self[2.0,] %v_13[4.2,3.8,] %v_15[5.2,] 	 SYMBOL:	 ARGS:posts,%v_15,
		 4: RETURN %v_16[5.3,] %self[5.3,2.0,] 
BB 6
	outgoing: 
	datadep: 
	instructions:

SET IRMethod, name = members instanceMethod = true
BB 1
	outgoing: 5 2 
	datadep: 
	instructions:
BB 2
	outgoing: 3 4 
	datadep: 
	instructions:
		 0: def_%self 
		 1: def_%v_0 
		 2: COPY TYPE_CurrentScope def_%current_scope 
		 3: COPY TYPE_ScopeModule def_%current_module 
		 4: 
		 5: 
		 6: %self->find_group def_%v_3 %self[2.0,] 	 SYMBOL:group_id,	 ARGS:Symbol,
		 7: COPY TYPE_PASS def_group %v_3[2.6,] 
		 8: 
		 9: %self->params def_%v_4 %self[2.0,2.6,] 	 SYMBOL:	 ARGS:
		 10: %v_4->[] def_%v_5 %v_4[2.9,] 	 SYMBOL:limit,	 ARGS:Symbol,
		 11: BRANCH %v_5[2.10,] 
BB 3
	outgoing: 4 
	datadep: 
	instructions:
		 0: COPY TYPE_Fixnum def_%v_5 
BB 4
	outgoing: 5 
	datadep: 
	instructions:
		 0: %v_5->to_i def_%v_6 %v_5[3.0,2.10,] 	 SYMBOL:	 ARGS:
		 1: COPY TYPE_PASS def_limit %v_6[4.0,] 
		 2: 
		 3: %self->params def_%v_7 %self[2.0,] 	 SYMBOL:	 ARGS:
		 4: %v_7->[] def_%v_8 %v_7[4.3,] 	 SYMBOL:offset,	 ARGS:Symbol,
		 5: %v_8->to_i def_%v_9 %v_8[4.4,] 	 SYMBOL:	 ARGS:
		 6: COPY TYPE_PASS def_offset %v_9[4.5,] 
		 7: 
		 8: group->users def_%v_10 group[2.7,] 	 SYMBOL:	 ARGS:
		 9: %v_10->count def_%v_11 %v_10[4.8,] 	 SYMBOL:	 ARGS:
		 10: COPY TYPE_PASS def_total %v_11[4.9,] 
		 11: 
		 12: group->users def_%v_12 group[4.8,2.7,] 	 SYMBOL:	 ARGS:
		 13: COPY TYPE_StringLiteral "NOT group_users.owner" def_%v_13 
		 14: %v_12->order def_%v_14 %v_12[4.12,] %v_13[4.13,] 	 SYMBOL:	 ARGS:%v_13,
		 15: %v_14->order def_%v_15 %v_14[4.14,] 	 SYMBOL:username_lower,	 ARGS:Symbol,
		 16: %v_15->limit def_%v_16 %v_15[4.15,] limit[4.1,] 	 SYMBOL:	 ARGS:limit,
		 17: %v_16->offset def_%v_17 %v_16[4.16,] offset[4.6,] 	 SYMBOL:	 ARGS:offset,
		 18: COPY TYPE_PASS def_members %v_17[4.17,] 
		 19: 
		 20: group->users def_%v_18 group[4.8,4.12,2.7,] 	 SYMBOL:	 ARGS:
		 21: %v_18->order def_%v_19 %v_18[4.20,] 	 SYMBOL:username_lower,	 ARGS:Symbol,
		 22: COPY TYPE_StringLiteral "group_users.owner" def_%v_20 
		 23: %v_19->where def_%v_21 %v_19[4.21,] %v_20[4.22,] 	 SYMBOL:	 ARGS:%v_20,
		 24: COPY TYPE_PASS def_owners %v_21[4.23,] 
		 25: 
		 26: (GroupUserSerializer) def_%v_22 
		 27: %self->serialize_data def_%v_23 %self[4.3,2.0,] members[4.18,] %v_22[4.26,] 	 SYMBOL:	 ARGS:members,%v_22,
		 28: (GroupUserSerializer) def_%v_24 
		 29: %self->serialize_data def_%v_25 %self[4.3,4.27,2.0,] owners[4.24,] %v_24[4.28,] 	 SYMBOL:	 ARGS:owners,%v_24,
		 30: HASH-total-limit-offset- def_%v_26 total[4.10,] limit[4.1,] offset[4.6,] 
		 31: HASH-members-owners-meta- def_%v_27 %v_23[4.27,] %v_25[4.29,] %v_26[4.30,] 
		 32: HASH-json- def_%v_28 %v_27[4.31,] 
		 33: %self->render def_%v_29 %self[4.3,4.27,4.29,2.0,] %v_28[4.32,] 	 SYMBOL:	 ARGS:%v_28,
		 34: RETURN %v_29[4.33,] %self[4.3,4.27,4.29,4.33,2.0,] 
BB 5
	outgoing: 
	datadep: 
	instructions:

SET IRMethod, name = add_members instanceMethod = true
BB 1
	outgoing: 20 2 
	datadep: 
	instructions:
BB 2
	outgoing: 4 5 18 
	datadep: 
	instructions:
		 0: def_%self 
		 1: def_%v_0 
		 2: COPY TYPE_CurrentScope def_%current_scope 
		 3: COPY TYPE_ScopeModule def_%current_module 
		 4: 
		 5: 
		 6: (Group) def_%v_3 
		 7: %self->params def_%v_4 %self[2.0,] 	 SYMBOL:	 ARGS:
		 8: %v_4->[] def_%v_5 %v_4[2.7,] 	 SYMBOL:id,	 ARGS:Symbol,
		 9: %v_3->find def_%v_6 %v_3[2.6,] %v_5[2.8,] 	 SYMBOL:	 ARGS:%v_5,
		 10: COPY TYPE_PASS def_group %v_6[2.9,] 
		 11: 
		 12: %self->guardian def_%v_7 %self[2.0,2.7,] 	 SYMBOL:	 ARGS:
		 13: %v_7->ensure_can_edit! def_%v_8 %v_7[2.12,] group[2.10,] 	 SYMBOL:	 ARGS:group,
		 14: 
		 15: %self->params def_%v_9 %self[2.0,2.7,2.12,] 	 SYMBOL:	 ARGS:
		 16: %v_9->[] def_%v_10 %v_9[2.15,] 	 SYMBOL:usernames,	 ARGS:Symbol,
		 17: %v_10->present? def_%v_11 %v_10[2.16,] 	 SYMBOL:	 ARGS:
		 18: BRANCH %v_11[2.17,] 
BB 4
	outgoing: 14 18 
	datadep: 
	instructions:
		 0: 
		 1: (User) def_%v_12 
		 2: %self->params def_%v_13 %self[2.0,] 	 SYMBOL:	 ARGS:
		 3: %v_13->[] def_%v_14 %v_13[4.2,] 	 SYMBOL:usernames,	 ARGS:Symbol,
		 4: COPY TYPE_StringLiteral "," def_%v_15 
		 5: %v_14->split def_%v_16 %v_14[4.3,] %v_15[4.4,] 	 SYMBOL:	 ARGS:%v_15,
		 6: HASH-username- def_%v_17 %v_16[4.5,] 
		 7: %v_12->where def_%v_18 %v_12[4.1,] %v_17[4.6,] 	 SYMBOL:	 ARGS:%v_17,
		 8: COPY TYPE_PASS def_users %v_18[4.7,] 
		 9: 
BB 5
	outgoing: 6 7 18 
	datadep: 
	instructions:
		 0: 
		 1: %self->params def_%v_19 %self[2.0,] 	 SYMBOL:	 ARGS:
		 2: %v_19->[] def_%v_20 %v_19[5.1,] 	 SYMBOL:user_ids,	 ARGS:Symbol,
		 3: %v_20->present? def_%v_21 %v_20[5.2,] 	 SYMBOL:	 ARGS:
		 4: BRANCH %v_21[5.3,] 
BB 6
	outgoing: 13 18 
	datadep: 
	instructions:
		 0: 
		 1: (User) def_%v_22 
		 2: %self->params def_%v_23 %self[2.0,] 	 SYMBOL:	 ARGS:
		 3: %v_23->[] def_%v_24 %v_23[6.2,] 	 SYMBOL:user_ids,	 ARGS:Symbol,
		 4: COPY TYPE_StringLiteral "," def_%v_25 
		 5: %v_24->split def_%v_26 %v_24[6.3,] %v_25[6.4,] 	 SYMBOL:	 ARGS:%v_25,
		 6: %v_22->find def_%v_27 %v_22[6.1,] %v_26[6.5,] 	 SYMBOL:	 ARGS:%v_26,
		 7: COPY TYPE_PASS def_users %v_27[6.6,] 
		 8: 
BB 7
	outgoing: 8 9 18 
	datadep: 
	instructions:
		 0: 
		 1: %self->params def_%v_28 %self[2.0,] 	 SYMBOL:	 ARGS:
		 2: %v_28->[] def_%v_29 %v_28[7.1,] 	 SYMBOL:user_emails,	 ARGS:Symbol,
		 3: %v_29->present? def_%v_30 %v_29[7.2,] 	 SYMBOL:	 ARGS:
		 4: BRANCH %v_30[7.3,] 
BB 8
	outgoing: 12 18 
	datadep: 
	instructions:
		 0: 
		 1: (User) def_%v_31 
		 2: %self->params def_%v_32 %self[2.0,] 	 SYMBOL:	 ARGS:
		 3: %v_32->[] def_%v_33 %v_32[8.2,] 	 SYMBOL:user_emails,	 ARGS:Symbol,
		 4: COPY TYPE_StringLiteral "," def_%v_34 
		 5: %v_33->split def_%v_35 %v_33[8.3,] %v_34[8.4,] 	 SYMBOL:	 ARGS:%v_34,
		 6: HASH-email- def_%v_36 %v_35[8.5,] 
		 7: %v_31->where def_%v_37 %v_31[8.1,] %v_36[8.6,] 	 SYMBOL:	 ARGS:%v_36,
		 8: COPY TYPE_PASS def_users %v_37[8.7,] 
		 9: 
BB 9
	outgoing: 10 11 18 
	datadep: 
	instructions:
		 0: 
		 1: (Discourse) def_%v_38 
		 2: (inherit InvalidParameters) def_%v_39 %v_38[9.1,] 
		 3: %v_39[9.2,] 
BB 10
	outgoing: 11 18 
	datadep: 
	instructions:
		 0: %v_38->const_missing def_%v_39 %v_38[9.1,] 	 SYMBOL:InvalidParameters,	 ARGS:Symbol,
BB 11
	outgoing: 12 18 
	datadep: 
	instructions:
		 0: COPY TYPE_StringLiteral "user_ids or usernames or user_emails must be present" def_%v_40 
		 1: %v_39->new def_%v_41 %v_39[10.0,9.2,] %v_40[11.0,] 	 SYMBOL:	 ARGS:%v_40,
		 2: %self->raise def_%v_42 %self[2.0,] %v_41[11.1,] 	 SYMBOL:	 ARGS:%v_41,
		 3: COPY TYPE_PASS def_%v_37 %v_42[11.2,] 
BB 12
	outgoing: 13 
	datadep: 
	instructions:
		 0: COPY TYPE_PASS def_%v_27 %v_37[11.3,8.7,] 
BB 13
	outgoing: 14 
	datadep: 
	instructions:
		 0: COPY TYPE_PASS def_%v_18 %v_27[12.0,6.6,] 
BB 14
	outgoing: 15 16 18 
	datadep: 
	instructions:
		 0: 
		 1: users->each def_%v_43 users[4.8,6.7,8.8,] %self[2.0,] 	 SYMBOL:	 ARGS:users,
CLOSURE BEGIN: group[2.10,] user[] %self[2.0,] 
BB 1
	outgoing: 9 2 
	datadep: 
	instructions:
BB 2
	outgoing: 3 
	datadep: 
	instructions:
		 0: def_%self 
		 1: def_%cl_1_0 
		 2: RECEIVEARG def_user 
		 3: COPY TYPE_CurrentScope def_%current_scope 
		 4: COPY TYPE_ScopeModule def_%current_module 
BB 3
	outgoing: 4 5 7 
	datadep: 
	instructions:
		 0: 
		 1: group->users def_%cl_1_3 group[] 	 SYMBOL:	 ARGS:
		 2: %cl_1_3->include? def_%cl_1_4 %cl_1_3[3.1,] user[2.2,] 	 SYMBOL:	 ARGS:user,
		 3: %cl_1_4->! def_%cl_1_5 %cl_1_4[3.2,] 	 SYMBOL:	 ARGS:
		 4: BRANCH %cl_1_5[3.3,] 
BB 4
	outgoing: 6 7 
	datadep: 
	instructions:
		 0: 
		 1: group->add def_%cl_1_6 group[] user[2.2,] 	 SYMBOL:	 ARGS:user,
		 2: 
BB 5
	outgoing: 7 9 
	datadep: 
	instructions:
		 0: 
		 1: (I18n) def_%cl_1_7 
		 2: COPY TYPE_StringLiteral "groups.errors.member_already_exist" def_%cl_1_8 
		 3: user->username def_%cl_1_9 user[2.2,] 	 SYMBOL:	 ARGS:
		 4: HASH-username- def_%cl_1_10 %cl_1_9[5.3,] 
		 5: %cl_1_7->t def_%cl_1_11 %cl_1_7[5.1,] %cl_1_8[5.2,] %cl_1_10[5.4,] 	 SYMBOL:	 ARGS:%cl_1_8,%cl_1_10,
		 6: %self->render_json_error def_%cl_1_12 %self[2.0,] %cl_1_11[5.5,] 	 SYMBOL:	 ARGS:%cl_1_11,
		 7: 
		 8: RETURN %cl_1_12[5.6,] %self[5.6,2.0,] 
BB 6
	outgoing: 9 
	datadep: 
	instructions:
		 0: RETURN %cl_1_6[4.1,] %self[2.0,] 
BB 7
	outgoing: 9 
	datadep: 
	instructions:
		 0: def_%cl_1_13 
		 1: def_%cl_1_14 %cl_1_13[7.0,] 
		 2: RETURN %cl_1_14[7.1,] %self[2.0,] 
BB 9
	outgoing: 
	datadep: 
	instructions:
CLOSURE END: 
		 2: 
		 3: group->save def_%v_44 group[2.10,] 	 SYMBOL:	 ARGS:
		 4: BRANCH %v_44[14.3,] 
BB 15
	outgoing: 17 18 
	datadep: 
	instructions:
		 0: 
		 1: %self->success_json def_%v_45 %self[2.0,] 	 SYMBOL:	 ARGS:
		 2: HASH-json- def_%v_46 %v_45[15.1,] 
		 3: %self->render def_%v_47 %self[15.1,2.0,] %v_46[15.2,] 	 SYMBOL:	 ARGS:%v_46,
		 4: 
BB 16
	outgoing: 18 20 
	datadep: 
	instructions:
		 0: 
		 1: %self->render_json_error def_%v_48 %self[2.0,] group[2.10,] 	 SYMBOL:	 ARGS:group,
		 2: RETURN %v_48[16.1,] %self[16.1,2.0,] 
BB 17
	outgoing: 20 
	datadep: 
	instructions:
		 0: RETURN %v_47[15.3,] %self[2.0,] 
BB 18
	outgoing: 20 
	datadep: 
	instructions:
		 0: def_%v_49 
		 1: def_%v_50 %v_49[18.0,] 
		 2: RETURN %v_50[18.1,] %self[2.0,] 
BB 20
	outgoing: 
	datadep: 
	instructions:

SET IRMethod, name = remove_member instanceMethod = true
BB 1
	outgoing: 19 2 
	datadep: 
	instructions:
BB 2
	outgoing: 3 4 
	datadep: 
	instructions:
		 0: def_%self 
		 1: def_%v_0 
		 2: COPY TYPE_CurrentScope def_%current_scope 
		 3: COPY TYPE_ScopeModule def_%current_module 
		 4: 
		 5: 
		 6: (Group) def_%v_3 
		 7: %self->params def_%v_4 %self[2.0,] 	 SYMBOL:	 ARGS:
		 8: %v_4->[] def_%v_5 %v_4[2.7,] 	 SYMBOL:id,	 ARGS:Symbol,
		 9: %v_3->find def_%v_6 %v_3[2.6,] %v_5[2.8,] 	 SYMBOL:	 ARGS:%v_5,
		 10: COPY TYPE_PASS def_group %v_6[2.9,] 
		 11: 
		 12: %self->guardian def_%v_7 %self[2.0,2.7,] 	 SYMBOL:	 ARGS:
		 13: %v_7->ensure_can_edit! def_%v_8 %v_7[2.12,] group[2.10,] 	 SYMBOL:	 ARGS:group,
		 14: 
		 15: %self->params def_%v_9 %self[2.0,2.7,2.12,] 	 SYMBOL:	 ARGS:
		 16: %v_9->[] def_%v_10 %v_9[2.15,] 	 SYMBOL:user_id,	 ARGS:Symbol,
		 17: %v_10->present? def_%v_11 %v_10[2.16,] 	 SYMBOL:	 ARGS:
		 18: BRANCH %v_11[2.17,] 
BB 3
	outgoing: 10 
	datadep: 
	instructions:
		 0: 
		 1: (User) def_%v_12 
		 2: %self->params def_%v_13 %self[2.0,] 	 SYMBOL:	 ARGS:
		 3: %v_13->[] def_%v_14 %v_13[3.2,] 	 SYMBOL:user_id,	 ARGS:Symbol,
		 4: %v_12->find def_%v_15 %v_12[3.1,] %v_14[3.3,] 	 SYMBOL:	 ARGS:%v_14,
		 5: COPY TYPE_PASS def_user %v_15[3.4,] 
		 6: 
BB 4
	outgoing: 5 6 
	datadep: 
	instructions:
		 0: 
		 1: %self->params def_%v_16 %self[2.0,] 	 SYMBOL:	 ARGS:
		 2: %v_16->[] def_%v_17 %v_16[4.1,] 	 SYMBOL:username,	 ARGS:Symbol,
		 3: %v_17->present? def_%v_18 %v_17[4.2,] 	 SYMBOL:	 ARGS:
		 4: BRANCH %v_18[4.3,] 
BB 5
	outgoing: 9 
	datadep: 
	instructions:
		 0: 
		 1: (User) def_%v_19 
		 2: %self->params def_%v_20 %self[2.0,] 	 SYMBOL:	 ARGS:
		 3: %v_20->[] def_%v_21 %v_20[5.2,] 	 SYMBOL:username,	 ARGS:Symbol,
		 4: %v_19->find_by_username def_%v_22 %v_19[5.1,] %v_21[5.3,] 	 SYMBOL:	 ARGS:%v_21,
		 5: COPY TYPE_PASS def_user %v_22[5.4,] 
		 6: 
BB 6
	outgoing: 7 8 
	datadep: 
	instructions:
		 0: 
		 1: (Discourse) def_%v_23 
		 2: (inherit InvalidParameters) def_%v_24 %v_23[6.1,] 
		 3: %v_24[6.2,] 
BB 7
	outgoing: 8 
	datadep: 
	instructions:
		 0: %v_23->const_missing def_%v_24 %v_23[6.1,] 	 SYMBOL:InvalidParameters,	 ARGS:Symbol,
BB 8
	outgoing: 9 
	datadep: 
	instructions:
		 0: COPY TYPE_StringLiteral "user_id or username must be present" def_%v_25 
		 1: %v_24->new def_%v_26 %v_24[7.0,6.2,] %v_25[8.0,] 	 SYMBOL:	 ARGS:%v_25,
		 2: %self->raise def_%v_27 %self[2.0,] %v_26[8.1,] 	 SYMBOL:	 ARGS:%v_26,
		 3: COPY TYPE_PASS def_%v_22 %v_27[8.2,] 
BB 9
	outgoing: 10 
	datadep: 
	instructions:
		 0: COPY TYPE_PASS def_%v_15 %v_22[8.3,5.4,] 
BB 10
	outgoing: 11 12 
	datadep: 
	instructions:
		 0: 
		 1: user->primary_group_id def_%v_28 user[3.5,5.5,] 	 SYMBOL:	 ARGS:
		 2: group->id def_%v_29 group[2.10,] 	 SYMBOL:	 ARGS:
		 3: %v_28->== def_%v_30 %v_28[10.1,] %v_29[10.2,] 	 SYMBOL:	 ARGS:%v_29,
		 4: BRANCH %v_30[10.3,] 
BB 11
	outgoing: 13 
	datadep: 
	instructions:
		 0: ATTRASSIGN user->primary_group_id 
		 1: COPY TYPE_Nil def_%v_31 
		 2: 
BB 12
	outgoing: 13 
	datadep: 
	instructions:
		 0: COPY TYPE_Nil def_%v_31 
BB 13
	outgoing: 14 15 
	datadep: 
	instructions:
		 0: 
		 1: group->users def_%v_32 group[2.10,] 	 SYMBOL:	 ARGS:
		 2: user->id def_%v_33 user[11.0,3.5,5.5,] 	 SYMBOL:	 ARGS:
		 3: %v_32->delete def_%v_34 %v_32[13.1,] %v_33[13.2,] 	 SYMBOL:	 ARGS:%v_33,
		 4: 
		 5: group->save def_%v_35 group[13.1,2.10,] 	 SYMBOL:	 ARGS:
		 6: BRANCH %v_35[13.5,] 
BB 14
	outgoing: 15 
	datadep: 
	instructions:
		 0: user->save def_%v_36 user[11.0,3.5,5.5,] 	 SYMBOL:	 ARGS:
		 1: COPY TYPE_PASS def_%v_35 %v_36[14.0,] 
BB 15
	outgoing: 16 17 
	datadep: 
	instructions:
		 0: BRANCH %v_35[14.1,13.5,] 
BB 16
	outgoing: 19 
	datadep: 
	instructions:
		 0: 
		 1: %self->success_json def_%v_37 %self[2.0,] 	 SYMBOL:	 ARGS:
		 2: HASH-json- def_%v_38 %v_37[16.1,] 
		 3: %self->render def_%v_39 %self[16.1,2.0,] %v_38[16.2,] 	 SYMBOL:	 ARGS:%v_38,
		 4: RETURN %v_39[16.3,] %self[16.1,16.3,2.0,] 
BB 17
	outgoing: 19 
	datadep: 
	instructions:
		 0: 
		 1: %self->render_json_error def_%v_40 %self[2.0,] group[2.10,] 	 SYMBOL:	 ARGS:group,
		 2: RETURN %v_40[17.1,] %self[17.1,2.0,] 
BB 19
	outgoing: 
	datadep: 
	instructions:

SET IRMethod, name = set_notifications instanceMethod = true
BB 1
	outgoing: 3 2 
	datadep: 
	instructions:
BB 2
	outgoing: 3 
	datadep: 
	instructions:
		 0: def_%self 
		 1: def_%v_0 
		 2: COPY TYPE_CurrentScope def_%current_scope 
		 3: COPY TYPE_ScopeModule def_%current_module 
		 4: 
		 5: 
		 6: %self->find_group def_%v_3 %self[2.0,] 	 SYMBOL:id,	 ARGS:Symbol,
		 7: COPY TYPE_PASS def_group %v_3[2.6,] 
		 8: 
		 9: %self->params def_%v_4 %self[2.0,2.6,] 	 SYMBOL:	 ARGS:
		 10: %v_4->require def_%v_5 %v_4[2.9,] 	 SYMBOL:notification_level,	 ARGS:Symbol,
		 11: COPY TYPE_PASS def_notification_level %v_5[2.10,] 
		 12: 
		 13: (GroupUser) def_%v_6 
		 14: group->id def_%v_7 group[2.7,] 	 SYMBOL:	 ARGS:
		 15: HASH-group_id- def_%v_8 %v_7[2.14,] 
		 16: %v_6->where def_%v_9 %v_6[2.13,] %v_8[2.15,] 	 SYMBOL:	 ARGS:%v_8,
		 17: %self->current_user def_%v_10 %self[2.0,2.6,2.9,] 	 SYMBOL:	 ARGS:
		 18: %v_10->id def_%v_11 %v_10[2.17,] 	 SYMBOL:	 ARGS:
		 19: HASH-user_id- def_%v_12 %v_11[2.18,] 
		 20: %v_9->where def_%v_13 %v_9[2.16,] %v_12[2.19,] 	 SYMBOL:	 ARGS:%v_12,
		 21: HASH-notification_level- def_%v_14 notification_level[2.11,] 
		 22: %v_13->update_all def_%v_15 %v_13[2.20,] %v_14[2.21,] 	 SYMBOL:	 ARGS:%v_14,
		 23: 
		 24: %self->success_json def_%v_16 %self[2.0,2.6,2.9,2.17,] 	 SYMBOL:	 ARGS:
		 25: HASH-json- def_%v_17 %v_16[2.24,] 
		 26: %self->render def_%v_18 %self[2.0,2.6,2.9,2.17,2.24,] %v_17[2.25,] 	 SYMBOL:	 ARGS:%v_17,
		 27: RETURN %v_18[2.26,] %self[2.0,2.6,2.9,2.17,2.24,2.26,] 
BB 3
	outgoing: 
	datadep: 
	instructions:

SET IRMethod, name = find_group instanceMethod = true
BB 1
	outgoing: 3 2 
	datadep: 
	instructions:
BB 2
	outgoing: 3 
	datadep: 
	instructions:
		 0: def_%self 
		 1: def_%v_0 
		 2: COPY TYPE_CurrentScope def_%current_scope 
		 3: COPY TYPE_ScopeModule def_%current_module 
		 4: 
		 5: RECEIVEARG def_param_name 
		 6: 
		 7: %self->params def_%v_3 %self[2.0,] 	 SYMBOL:	 ARGS:
		 8: %v_3->require def_%v_4 %v_3[2.7,] param_name[2.5,] 	 SYMBOL:	 ARGS:param_name,
		 9: COPY TYPE_PASS def_name %v_4[2.8,] 
		 10: 
		 11: (Group) def_%v_5 
		 12: COPY TYPE_StringLiteral "lower(name) = ?" def_%v_6 
		 13: %v_4->downcase def_%v_7 %v_4[2.8,] 	 SYMBOL:	 ARGS:
		 14: %v_5->find_by def_%v_8 %v_5[2.11,] %v_6[2.12,] %v_7[2.13,] 	 SYMBOL:	 ARGS:%v_6,%v_7,
		 15: COPY TYPE_PASS def_group %v_8[2.14,] 
		 16: 
		 17: %self->guardian def_%v_9 %self[2.0,2.7,] 	 SYMBOL:	 ARGS:
		 18: %v_9->ensure_can_see! def_%v_10 %v_9[2.17,] group[2.15,] 	 SYMBOL:	 ARGS:group,
		 19: 
		 20: RETURN group[2.15,] %self[2.0,2.7,2.17,] 
BB 3
	outgoing: 
	datadep: 
	instructions:

