SET IRMethod, name = create instanceMethod = true
BB 1
	outgoing: 33 2 
	datadep: 
	instructions:
BB 2
	outgoing: 4 
	datadep: 
	instructions:
		 0: def_%self 
		 1: def_%v_0 
		 2: COPY TYPE_CurrentScope def_%current_scope 
		 3: COPY TYPE_ScopeModule def_%current_module 
		 4: 
		 5: GLOBALVAR $! def_%v_3 
BB 4
	outgoing: 5 6 22 
	datadep: 
	instructions:
		 0: 
		 1: 
		 2: (PostAction) def_%v_6 
		 3: GETFIELD %self->post def_%v_7 %self[2.0,] 
		 4: COPY TYPE_Array def_%v_8 %v_7[4.3,] 
		 5: %self->current_user def_%v_9 %self[2.0,] 	 SYMBOL:	 ARGS:
		 6: %v_6->counts_for def_%v_10 %v_6[4.2,] %v_8[4.4,] %v_9[4.5,] 	 SYMBOL:	 ARGS:%v_8,%v_9,
		 7: GETFIELD %self->post def_%v_11 %self[4.5,2.0,] 
		 8: %v_11->id def_%v_12 %v_11[4.7,] 	 SYMBOL:	 ARGS:
		 9: %v_10->[] def_%v_13 %v_10[4.6,] %v_12[4.8,] 	 SYMBOL:	 ARGS:%v_12,
		 10: COPY TYPE_PASS def_taken %v_13[4.9,] 
		 11: 
		 12: %self->guardian def_%v_14 %self[4.5,2.0,] 	 SYMBOL:	 ARGS:
		 13: GETFIELD %self->post def_%v_15 %self[4.5,4.12,2.0,] 
		 14: (PostActionType) def_%v_16 
		 15: %v_16->types def_%v_17 %v_16[4.14,] 	 SYMBOL:	 ARGS:
		 16: GETFIELD %self->post_action_type_id def_%v_18 %self[4.5,4.12,2.0,] 
		 17: %v_17->[] def_%v_19 %v_17[4.15,] %v_18[4.16,] 	 SYMBOL:	 ARGS:%v_18,
		 18: HASH-taken_actions- def_%v_20 taken[4.10,] 
		 19: %v_14->ensure_post_can_act! def_%v_21 %v_14[4.12,] %v_15[4.13,] %v_19[4.17,] %v_20[4.18,] 	 SYMBOL:	 ARGS:%v_15,%v_19,%v_20,
		 20: 
		 21: HASH- def_%v_22 
		 22: COPY TYPE_PASS def_args %v_22[4.21,] 
		 23: 
		 24: %self->params def_%v_23 %self[4.5,4.12,2.0,] 	 SYMBOL:	 ARGS:
		 25: %v_23->[] def_%v_24 %v_23[4.24,] 	 SYMBOL:message,	 ARGS:Symbol,
		 26: %v_24->present? def_%v_25 %v_24[4.25,] 	 SYMBOL:	 ARGS:
		 27: BRANCH %v_25[4.26,] 
BB 5
	outgoing: 7 22 
	datadep: 
	instructions:
		 0: %self->params def_%v_26 %self[2.0,] 	 SYMBOL:	 ARGS:
		 1: %v_26->[] def_%v_27 %v_26[5.0,] 	 SYMBOL:message,	 ARGS:Symbol,
		 2: ATTRASSIGN args->[] %v_27[5.1,] 
		 3: 
BB 6
	outgoing: 7 
	datadep: 
	instructions:
		 0: COPY TYPE_Nil def_%v_27 
BB 7
	outgoing: 8 9 22 
	datadep: 
	instructions:
		 0: 
		 1: %self->guardian def_%v_28 %self[2.0,] 	 SYMBOL:	 ARGS:
		 2: %v_28->is_staff? def_%v_29 %v_28[7.1,] 	 SYMBOL:	 ARGS:
		 3: BRANCH %v_29[7.2,] 
BB 8
	outgoing: 9 22 
	datadep: 
	instructions:
		 0: %self->params def_%v_30 %self[2.0,] 	 SYMBOL:	 ARGS:
		 1: %v_30->[] def_%v_31 %v_30[8.0,] 	 SYMBOL:take_action,	 ARGS:Symbol,
		 2: COPY TYPE_StringLiteral "true" def_%v_32 
		 3: %v_31->== def_%v_33 %v_31[8.1,] %v_32[8.2,] 	 SYMBOL:	 ARGS:%v_32,
		 4: COPY TYPE_PASS def_%v_29 %v_33[8.3,] 
BB 9
	outgoing: 10 11 
	datadep: 
	instructions:
		 0: BRANCH %v_29[8.4,7.2,] 
BB 10
	outgoing: 12 22 
	datadep: 
	instructions:
		 0: ATTRASSIGN args->[] 
		 1: COPY TYPE_Boolean def_%v_34 
		 2: 
BB 11
	outgoing: 12 
	datadep: 
	instructions:
		 0: COPY TYPE_Nil def_%v_34 
BB 12
	outgoing: 13 14 22 
	datadep: 
	instructions:
		 0: 
		 1: %self->params def_%v_35 %self[2.0,] 	 SYMBOL:	 ARGS:
		 2: %v_35->[] def_%v_36 %v_35[12.1,] 	 SYMBOL:flag_topic,	 ARGS:Symbol,
		 3: COPY TYPE_StringLiteral "true" def_%v_37 
		 4: %v_36->== def_%v_38 %v_36[12.2,] %v_37[12.3,] 	 SYMBOL:	 ARGS:%v_37,
		 5: BRANCH %v_38[12.4,] 
BB 13
	outgoing: 15 22 
	datadep: 
	instructions:
		 0: ATTRASSIGN args->[] 
		 1: COPY TYPE_Boolean def_%v_39 
		 2: 
BB 14
	outgoing: 15 
	datadep: 
	instructions:
		 0: COPY TYPE_Nil def_%v_39 
BB 15
	outgoing: 16 17 22 
	datadep: 
	instructions:
		 0: 
		 1: (PostAction) def_%v_40 
		 2: %self->current_user def_%v_41 %self[2.0,] 	 SYMBOL:	 ARGS:
		 3: GETFIELD %self->post def_%v_42 %self[15.2,2.0,] 
		 4: GETFIELD %self->post_action_type_id def_%v_43 %self[15.2,2.0,] 
		 5: %v_40->act def_%v_44 %v_40[15.1,] %v_41[15.2,] %v_42[15.3,] %v_43[15.4,] args[13.0,10.0,5.2,4.22,] 	 SYMBOL:	 ARGS:%v_41,%v_42,%v_43,args,
		 6: COPY TYPE_PASS def_post_action %v_44[15.5,] 
		 7: 
		 8: %v_44->blank? def_%v_45 %v_44[15.5,] 	 SYMBOL:	 ARGS:
		 9: BRANCH %v_45[15.8,] 
BB 16
	outgoing: 17 22 
	datadep: 
	instructions:
		 0: post_action->errors def_%v_46 post_action[15.6,] 	 SYMBOL:	 ARGS:
		 1: %v_46->present? def_%v_47 %v_46[16.0,] 	 SYMBOL:	 ARGS:
		 2: COPY TYPE_PASS def_%v_45 %v_47[16.1,] 
BB 17
	outgoing: 18 19 
	datadep: 
	instructions:
		 0: BRANCH %v_45[16.2,15.8,] 
BB 18
	outgoing: 20 22 
	datadep: 
	instructions:
		 0: 
		 1: %self->render_json_error def_%v_48 %self[2.0,] post_action[15.6,] 	 SYMBOL:	 ARGS:post_action,
		 2: 
BB 19
	outgoing: 20 22 
	datadep: 
	instructions:
		 0: 
		 1: GETFIELD %self->post def_%v_49 %self[2.0,] 
		 2: %v_49->reload def_%v_50 %v_49[19.1,] 	 SYMBOL:	 ARGS:
		 3: 
		 4: GETFIELD %self->post def_%v_51 %self[2.0,] 
		 5: COPY TYPE_PASS def_%v_52 %v_51[19.4,] 
		 6: COPY TYPE_Boolean def__add_raw 
		 7: %self->render_post_json def_%v_53 %self[2.0,] %v_51[19.4,] 	 SYMBOL:	 ARGS:%v_52,Boolean,
		 8: COPY TYPE_PASS def_%v_48 %v_53[19.7,] 
BB 20
	outgoing: 21 22 
	datadep: 
	instructions:
		 0: COPY TYPE_PASS def_%v_5 %v_48[19.8,18.1,] 
		 1: %v_3[2.5,] 
BB 21
	outgoing: 32 
	datadep: 
	instructions:
		 0: 
BB 22
	outgoing: 23 24 31 
	datadep: 
	instructions:
		 0: def_%v_54 
		 1: (RateLimiter) def_%v_55 
		 2: (inherit LimitExceeded) def_%v_56 %v_55[22.1,] 
		 3: %v_56[22.2,] 
BB 23
	outgoing: 24 31 
	datadep: 
	instructions:
		 0: %v_55->const_missing def_%v_56 %v_55[22.1,] 	 SYMBOL:LimitExceeded,	 ARGS:Symbol,
BB 24
	outgoing: 25 26 31 
	datadep: 
	instructions:
		 0: def_%v_57 %v_56[23.0,22.2,] %v_54[22.0,] 
		 1: BRANCH %v_57[24.0,] 
BB 25
	outgoing: 31 33 
	datadep: 
	instructions:
		 0: %v_54[22.0,] 
BB 26
	outgoing: 27 28 31 
	datadep: 
	instructions:
		 0: GLOBALVAR $! def_%v_58 
		 1: COPY TYPE_PASS def_e %v_58[26.0,] 
		 2: 
		 3: %v_58->type def_%v_59 %v_58[26.0,] 	 SYMBOL:	 ARGS:
		 4: COPY TYPE_StringLiteral "create_like" def_%v_60 
		 5: %v_59->== def_%v_61 %v_59[26.3,] %v_60[26.4,] 	 SYMBOL:	 ARGS:%v_60,
		 6: BRANCH %v_61[26.5,] 
BB 27
	outgoing: 29 31 
	datadep: 
	instructions:
		 0: 
		 1: (UserHistory) def_%v_62 
		 2: (UserHistory) def_%v_63 
		 3: %v_63->actions def_%v_64 %v_63[27.2,] 	 SYMBOL:	 ARGS:
		 4: %v_64->[] def_%v_65 %v_64[27.3,] 	 SYMBOL:rate_limited_like,	 ARGS:Symbol,
		 5: %self->current_user def_%v_66 %self[2.0,] 	 SYMBOL:	 ARGS:
		 6: %v_66->id def_%v_67 %v_66[27.5,] 	 SYMBOL:	 ARGS:
		 7: GETFIELD %self->post def_%v_68 %self[27.5,2.0,] 
		 8: %v_68->id def_%v_69 %v_68[27.7,] 	 SYMBOL:	 ARGS:
		 9: HASH-action-target_user_id-post_id- def_%v_70 %v_65[27.4,] %v_67[27.6,] %v_69[27.8,] 
		 10: %v_62->create! def_%v_71 %v_62[27.1,] %v_70[27.9,] 	 SYMBOL:	 ARGS:%v_70,
		 11: 
BB 28
	outgoing: 29 
	datadep: 
	instructions:
		 0: COPY TYPE_Nil def_%v_71 
BB 29
	outgoing: 30 31 
	datadep: 
	instructions:
		 0: 
		 1: %self->render_rate_limit_error def_%v_72 %self[2.0,] e[26.1,] 	 SYMBOL:	 ARGS:e,
		 2: COPY TYPE_PASS def_%v_5 %v_72[29.1,] 
		 3: %v_3[2.5,] 
BB 30
	outgoing: 32 
	datadep: 
	instructions:
		 0: 
BB 31
	outgoing: 33 
	datadep: 
	instructions:
		 0: def_%v_73 
		 1: def_%v_74 %v_73[31.0,] %v_3[2.5,] 
		 2: %v_73[31.0,] 
BB 32
	outgoing: 33 
	datadep: 
	instructions:
		 0: RETURN %v_5[20.0,29.2,] %self[2.0,] 
BB 33
	outgoing: 
	datadep: 
	instructions:

SET IRMethod, name = destroy instanceMethod = true
BB 1
	outgoing: 8 2 
	datadep: 
	instructions:
BB 2
	outgoing: 3 6 
	datadep: 
	instructions:
		 0: def_%self 
		 1: def_%v_0 
		 2: COPY TYPE_CurrentScope def_%current_scope 
		 3: COPY TYPE_ScopeModule def_%current_module 
		 4: 
		 5: 
		 6: %self->current_user def_%v_3 %self[2.0,] 	 SYMBOL:	 ARGS:
		 7: %v_3->post_actions def_%v_4 %v_3[2.6,] 	 SYMBOL:	 ARGS:
		 8: %self->params def_%v_5 %self[2.0,2.6,] 	 SYMBOL:	 ARGS:
		 9: %v_5->[] def_%v_6 %v_5[2.8,] 	 SYMBOL:id,	 ARGS:Symbol,
		 10: %v_6->to_i def_%v_7 %v_6[2.9,] 	 SYMBOL:	 ARGS:
		 11: GETFIELD %self->post_action_type_id def_%v_8 %self[2.0,2.6,2.8,] 
		 12: HASH-post_id-post_action_type_id-deleted_at- def_%v_9 %v_7[2.10,] %v_8[2.11,] 
		 13: %v_4->find_by def_%v_10 %v_4[2.7,] %v_9[2.12,] 	 SYMBOL:	 ARGS:%v_9,
		 14: COPY TYPE_PASS def_post_action %v_10[2.13,] 
		 15: 
		 16: %v_10->blank? def_%v_11 %v_10[2.13,] 	 SYMBOL:	 ARGS:
		 17: BRANCH %v_11[2.16,] 
BB 3
	outgoing: 4 5 
	datadep: 
	instructions:
		 0: (Discourse) def_%v_12 
		 1: (inherit NotFound) def_%v_13 %v_12[3.0,] 
		 2: %v_13[3.1,] 
BB 4
	outgoing: 5 
	datadep: 
	instructions:
		 0: %v_12->const_missing def_%v_13 %v_12[3.0,] 	 SYMBOL:NotFound,	 ARGS:Symbol,
BB 5
	outgoing: 7 
	datadep: 
	instructions:
		 0: %self->raise def_%v_14 %self[2.0,] %v_13[4.0,3.1,] 	 SYMBOL:	 ARGS:%v_13,
		 1: 
BB 6
	outgoing: 7 
	datadep: 
	instructions:
		 0: COPY TYPE_Nil def_%v_14 
BB 7
	outgoing: 8 
	datadep: 
	instructions:
		 0: 
		 1: %self->guardian def_%v_15 %self[2.0,] 	 SYMBOL:	 ARGS:
		 2: %v_15->ensure_can_delete! def_%v_16 %v_15[7.1,] post_action[2.14,] 	 SYMBOL:	 ARGS:post_action,
		 3: 
		 4: (PostAction) def_%v_17 
		 5: %self->current_user def_%v_18 %self[7.1,2.0,] 	 SYMBOL:	 ARGS:
		 6: GETFIELD %self->post def_%v_19 %self[7.1,7.5,2.0,] 
		 7: post_action->post_action_type_id def_%v_20 post_action[2.14,] 	 SYMBOL:	 ARGS:
		 8: %v_17->remove_act def_%v_21 %v_17[7.4,] %v_18[7.5,] %v_19[7.6,] %v_20[7.7,] 	 SYMBOL:	 ARGS:%v_18,%v_19,%v_20,
		 9: 
		 10: GETFIELD %self->post def_%v_22 %self[7.1,7.5,2.0,] 
		 11: %v_22->reload def_%v_23 %v_22[7.10,] 	 SYMBOL:	 ARGS:
		 12: 
		 13: GETFIELD %self->post def_%v_24 %self[7.1,7.5,2.0,] 
		 14: COPY TYPE_PASS def_%v_25 %v_24[7.13,] 
		 15: COPY TYPE_Boolean def__add_raw 
		 16: %self->render_post_json def_%v_26 %self[7.1,7.5,2.0,] %v_24[7.13,] 	 SYMBOL:	 ARGS:%v_25,Boolean,
		 17: RETURN %v_26[7.16,] %self[7.1,7.5,7.16,2.0,] 
BB 8
	outgoing: 
	datadep: 
	instructions:

SET IRMethod, name = defer_flags instanceMethod = true
BB 1
	outgoing: 3 2 
	datadep: 
	instructions:
BB 2
	outgoing: 3 
	datadep: 
	instructions:
		 0: def_%self 
		 1: def_%v_0 
		 2: COPY TYPE_CurrentScope def_%current_scope 
		 3: COPY TYPE_ScopeModule def_%current_module 
		 4: 
		 5: 
		 6: %self->guardian def_%v_3 %self[2.0,] 	 SYMBOL:	 ARGS:
		 7: GETFIELD %self->post def_%v_4 %self[2.0,2.6,] 
		 8: %v_3->ensure_can_defer_flags! def_%v_5 %v_3[2.6,] %v_4[2.7,] 	 SYMBOL:	 ARGS:%v_4,
		 9: 
		 10: (PostAction) def_%v_6 
		 11: GETFIELD %self->post def_%v_7 %self[2.0,2.6,] 
		 12: %self->current_user def_%v_8 %self[2.0,2.6,] 	 SYMBOL:	 ARGS:
		 13: %v_6->defer_flags! def_%v_9 %v_6[2.10,] %v_7[2.11,] %v_8[2.12,] 	 SYMBOL:	 ARGS:%v_7,%v_8,
		 14: 
		 15: HASH-success- def_%v_10 
		 16: HASH-json- def_%v_11 %v_10[2.15,] 
		 17: %self->render def_%v_12 %self[2.0,2.6,2.12,] %v_11[2.16,] 	 SYMBOL:	 ARGS:%v_11,
		 18: RETURN %v_12[2.17,] %self[2.0,2.6,2.12,2.17,] 
BB 3
	outgoing: 
	datadep: 
	instructions:

SET IRMethod, name = fetch_post_from_params instanceMethod = true
BB 1
	outgoing: 24 2 
	datadep: 
	instructions:
BB 2
	outgoing: 3 6 
	datadep: 
	instructions:
		 0: def_%self 
		 1: def_%v_0 
		 2: COPY TYPE_CurrentScope def_%current_scope 
		 3: COPY TYPE_ScopeModule def_%current_module 
		 4: 
		 5: 
		 6: %self->params def_%v_3 %self[2.0,] 	 SYMBOL:	 ARGS:
		 7: %v_3->require def_%v_4 %v_3[2.6,] 	 SYMBOL:id,	 ARGS:Symbol,
		 8: 
		 9: %self->params def_%v_5 %self[2.0,2.6,] 	 SYMBOL:	 ARGS:
		 10: %v_5->[] def_%v_6 %v_5[2.9,] 	 SYMBOL:flag_topic,	 ARGS:Symbol,
		 11: COPY TYPE_PASS def_flag_topic %v_6[2.10,] 
		 12: 
		 13: COPY TYPE_PASS def_%v_7 %v_6[2.10,] 
		 14: BRANCH %v_6[2.10,] 
BB 3
	outgoing: 4 5 
	datadep: 
	instructions:
		 0: flag_topic->== def_%v_8 flag_topic[2.11,] 	 SYMBOL:	 ARGS:Boolean,
		 1: BRANCH %v_8[3.0,] 
BB 4
	outgoing: 5 
	datadep: 
	instructions:
		 0: COPY TYPE_StringLiteral "true" def_%v_9 
		 1: flag_topic->== def_%v_10 flag_topic[2.11,] %v_9[4.0,] 	 SYMBOL:	 ARGS:%v_9,
		 2: COPY TYPE_PASS def_%v_8 %v_10[4.1,] 
BB 5
	outgoing: 6 
	datadep: 
	instructions:
		 0: COPY TYPE_PASS def_%v_7 %v_8[4.2,3.0,] 
BB 6
	outgoing: 7 19 
	datadep: 
	instructions:
		 0: COPY TYPE_PASS def_flag_topic %v_7[5.0,2.13,] 
		 1: 
		 2: BRANCH %v_7[5.0,2.13,] 
BB 7
	outgoing: 9 
	datadep: 
	instructions:
		 0: 
		 1: GLOBALVAR $! def_%v_11 
BB 9
	outgoing: 10 11 
	datadep: 
	instructions:
		 0: 
		 1: 
		 2: (Topic) def_%v_14 
		 3: %self->params def_%v_15 %self[2.0,] 	 SYMBOL:	 ARGS:
		 4: %v_15->[] def_%v_16 %v_15[9.3,] 	 SYMBOL:id,	 ARGS:Symbol,
		 5: %v_14->find def_%v_17 %v_14[9.2,] %v_16[9.4,] 	 SYMBOL:	 ARGS:%v_16,
		 6: %v_17->posts def_%v_18 %v_17[9.5,] 	 SYMBOL:	 ARGS:
		 7: %v_18->first def_%v_19 %v_18[9.6,] 	 SYMBOL:	 ARGS:
		 8: %v_19->id def_%v_20 %v_19[9.7,] 	 SYMBOL:	 ARGS:
		 9: COPY TYPE_PASS def_%v_13 %v_20[9.8,] 
		 10: %v_11[7.1,] 
BB 10
	outgoing: 18 
	datadep: 
	instructions:
		 0: 
BB 11
	outgoing: 12 13 17 
	datadep: 
	instructions:
		 0: def_%v_21 
		 1: def_%v_22 %v_21[11.0,] 
		 2: BRANCH %v_22[11.1,] 
BB 12
	outgoing: 17 24 
	datadep: 
	instructions:
		 0: %v_21[11.0,] 
BB 13
	outgoing: 14 15 17 
	datadep: 
	instructions:
		 0: 
		 1: (Discourse) def_%v_23 
		 2: (inherit NotFound) def_%v_24 %v_23[13.1,] 
		 3: %v_24[13.2,] 
BB 14
	outgoing: 15 17 
	datadep: 
	instructions:
		 0: %v_23->const_missing def_%v_24 %v_23[13.1,] 	 SYMBOL:NotFound,	 ARGS:Symbol,
BB 15
	outgoing: 16 17 
	datadep: 
	instructions:
		 0: %self->raise def_%v_25 %self[2.0,] %v_24[14.0,13.2,] 	 SYMBOL:	 ARGS:%v_24,
		 1: COPY TYPE_PASS def_%v_13 %v_25[15.0,] 
		 2: %v_11[7.1,] 
BB 16
	outgoing: 18 
	datadep: 
	instructions:
		 0: 
BB 17
	outgoing: 24 
	datadep: 
	instructions:
		 0: def_%v_26 
		 1: def_%v_27 %v_26[17.0,] %v_11[7.1,] 
		 2: %v_26[17.0,] 
BB 18
	outgoing: 20 
	datadep: 
	instructions:
		 0: 
BB 19
	outgoing: 20 
	datadep: 
	instructions:
		 0: 
		 1: %self->params def_%v_28 %self[2.0,] 	 SYMBOL:	 ARGS:
		 2: %v_28->[] def_%v_29 %v_28[19.1,] 	 SYMBOL:id,	 ARGS:Symbol,
		 3: COPY TYPE_PASS def_%v_13 %v_29[19.2,] 
BB 20
	outgoing: 21 22 
	datadep: 
	instructions:
		 0: COPY TYPE_PASS def_post_id %v_13[19.3,9.9,15.1,] 
		 1: 
		 2: (Post) def_%v_30 
		 3: HASH-id- def_%v_31 %v_13[19.3,9.9,15.1,] 
		 4: %v_30->where def_%v_32 %v_30[20.2,] %v_31[20.3,] 	 SYMBOL:	 ARGS:%v_31,
		 5: COPY TYPE_PASS def_finder %v_32[20.4,] 
		 6: 
		 7: %self->guardian def_%v_33 %self[2.0,] 	 SYMBOL:	 ARGS:
		 8: %v_33->is_staff? def_%v_34 %v_33[20.7,] 	 SYMBOL:	 ARGS:
		 9: BRANCH %v_34[20.8,] 
BB 21
	outgoing: 23 
	datadep: 
	instructions:
		 0: finder->with_deleted def_%v_35 finder[20.5,] 	 SYMBOL:	 ARGS:
		 1: COPY TYPE_PASS def_finder %v_35[21.0,] 
		 2: 
BB 22
	outgoing: 23 
	datadep: 
	instructions:
		 0: COPY TYPE_Nil def_%v_35 
BB 23
	outgoing: 24 
	datadep: 
	instructions:
		 0: 
		 1: finder->first def_%v_36 finder[21.1,20.5,] 	 SYMBOL:	 ARGS:
		 2: ATTRASSIGN %self->post %v_36[23.1,] 
		 3: 
		 4: %self->guardian def_%v_37 %self[23.2,2.0,] 	 SYMBOL:	 ARGS:
		 5: GETFIELD %self->post def_%v_38 %self[23.2,23.4,2.0,] 
		 6: %v_37->ensure_can_see! def_%v_39 %v_37[23.4,] %v_38[23.5,] 	 SYMBOL:	 ARGS:%v_38,
		 7: RETURN %v_39[23.6,] %self[23.2,23.4,2.0,] 
BB 24
	outgoing: 
	datadep: 
	instructions:

SET IRMethod, name = fetch_post_action_type_id_from_params instanceMethod = true
BB 1
	outgoing: 3 2 
	datadep: 
	instructions:
BB 2
	outgoing: 3 
	datadep: 
	instructions:
		 0: def_%self 
		 1: def_%v_0 
		 2: COPY TYPE_CurrentScope def_%current_scope 
		 3: COPY TYPE_ScopeModule def_%current_module 
		 4: 
		 5: 
		 6: %self->params def_%v_3 %self[2.0,] 	 SYMBOL:	 ARGS:
		 7: %v_3->require def_%v_4 %v_3[2.6,] 	 SYMBOL:post_action_type_id,	 ARGS:Symbol,
		 8: 
		 9: %self->params def_%v_5 %self[2.0,2.6,] 	 SYMBOL:	 ARGS:
		 10: %v_5->[] def_%v_6 %v_5[2.9,] 	 SYMBOL:post_action_type_id,	 ARGS:Symbol,
		 11: %v_6->to_i def_%v_7 %v_6[2.10,] 	 SYMBOL:	 ARGS:
		 12: ATTRASSIGN %self->post_action_type_id %v_7[2.11,] 
		 13: RETURN %v_7[2.11,] %self[2.0,2.6,2.9,2.12,] 
BB 3
	outgoing: 
	datadep: 
	instructions:

