SET IRMethod, name = index instanceMethod = true
BB 1
	outgoing: 7 2 
	datadep: 
	instructions:
BB 2
	outgoing: 3 4 
	datadep: 
	instructions:
		 0: def_%self 
		 1: def_%v_0 
		 2: COPY TYPE_CurrentScope def_%current_scope 
		 3: COPY TYPE_ScopeModule def_%current_module 
		 4: 
		 5: 
		 6: (QueuedPost) def_%v_3 
		 7: %v_3->states def_%v_4 %v_3[2.6,] 	 SYMBOL:	 ARGS:
		 8: %self->params def_%v_5 %self[2.0,] 	 SYMBOL:	 ARGS:
		 9: %v_5->[] def_%v_6 %v_5[2.8,] 	 SYMBOL:state,	 ARGS:Symbol,
		 10: BRANCH %v_6[2.9,] 
BB 3
	outgoing: 4 
	datadep: 
	instructions:
		 0: COPY TYPE_StringLiteral "new" def_%v_7 
		 1: COPY TYPE_PASS def_%v_6 %v_7[3.0,] 
BB 4
	outgoing: 5 6 
	datadep: 
	instructions:
		 0: %v_6->to_sym def_%v_8 %v_6[3.1,2.9,] 	 SYMBOL:	 ARGS:
		 1: %v_4->[] def_%v_9 %v_4[2.7,] %v_8[4.0,] 	 SYMBOL:	 ARGS:%v_8,
		 2: COPY TYPE_PASS def_state %v_9[4.1,] 
		 3: 
		 4: COPY TYPE_PASS def_%v_10 %v_9[4.1,] 
		 5: COPY TYPE_PASS def_%v_11 %v_9[4.1,] 
		 6: BRANCH %v_9[4.1,] 
BB 5
	outgoing: 6 
	datadep: 
	instructions:
		 0: (QueuedPost) def_%v_12 
		 1: %v_12->states def_%v_13 %v_12[5.0,] 	 SYMBOL:	 ARGS:
		 2: %v_13->[] def_%v_14 %v_13[5.1,] 	 SYMBOL:new,	 ARGS:Symbol,
		 3: COPY TYPE_PASS def_state %v_14[5.2,] 
		 4: COPY TYPE_PASS def_%v_11 %v_14[5.2,] 
BB 6
	outgoing: 7 
	datadep: 
	instructions:
		 0: 
		 1: (QueuedPost) def_%v_15 
		 2: %v_15->visible def_%v_16 %v_15[6.1,] 	 SYMBOL:	 ARGS:
		 3: HASH-state- def_%v_17 state[5.3,4.2,] 
		 4: %v_16->where def_%v_18 %v_16[6.2,] %v_17[6.3,] 	 SYMBOL:	 ARGS:%v_17,
		 5: %v_18->includes def_%v_19 %v_18[6.4,] 	 SYMBOL:topic,user,	 ARGS:Symbol,Symbol,
		 6: %v_19->order def_%v_20 %v_19[6.5,] 	 SYMBOL:created_at,	 ARGS:Symbol,
		 7: ATTRASSIGN %self->queued_posts %v_20[6.6,] 
		 8: 
		 9: GETFIELD %self->queued_posts def_%v_21 %self[6.7,2.0,] 
		 10: (QueuedPostSerializer) def_%v_22 
		 11: COPY TYPE_StringLiteral "/queued_posts?status=new" def_%v_23 
		 12: HASH-root-rest_serializer-refresh_queued_posts- def_%v_24 %v_23[6.11,] 
		 13: %self->render_serialized def_%v_25 %self[6.7,2.0,] %v_21[6.9,] %v_22[6.10,] %v_24[6.12,] 	 SYMBOL:	 ARGS:%v_21,%v_22,%v_24,
		 14: RETURN %v_25[6.13,] %self[6.7,6.13,2.0,] 
BB 7
	outgoing: 
	datadep: 
	instructions:

SET IRMethod, name = update instanceMethod = true
BB 1
	outgoing: 17 2 
	datadep: 
	instructions:
BB 2
	outgoing: 3 4 
	datadep: 
	instructions:
		 0: def_%self 
		 1: def_%v_0 
		 2: COPY TYPE_CurrentScope def_%current_scope 
		 3: COPY TYPE_ScopeModule def_%current_module 
		 4: 
		 5: 
		 6: (QueuedPost) def_%v_3 
		 7: %self->params def_%v_4 %self[2.0,] 	 SYMBOL:	 ARGS:
		 8: %v_4->[] def_%v_5 %v_4[2.7,] 	 SYMBOL:id,	 ARGS:Symbol,
		 9: HASH-id- def_%v_6 %v_5[2.8,] 
		 10: %v_3->where def_%v_7 %v_3[2.6,] %v_6[2.9,] 	 SYMBOL:	 ARGS:%v_6,
		 11: %v_7->first def_%v_8 %v_7[2.10,] 	 SYMBOL:	 ARGS:
		 12: COPY TYPE_PASS def_qp %v_8[2.11,] 
		 13: 
		 14: %self->params def_%v_9 %self[2.0,2.7,] 	 SYMBOL:	 ARGS:
		 15: %v_9->[] def_%v_10 %v_9[2.14,] 	 SYMBOL:queued_post,	 ARGS:Symbol,
		 16: %v_10->[] def_%v_11 %v_10[2.15,] 	 SYMBOL:raw,	 ARGS:Symbol,
		 17: %v_11->present? def_%v_12 %v_11[2.16,] 	 SYMBOL:	 ARGS:
		 18: BRANCH %v_12[2.17,] 
BB 3
	outgoing: 5 
	datadep: 
	instructions:
		 0: 
		 1: %self->params def_%v_13 %self[2.0,] 	 SYMBOL:	 ARGS:
		 2: %v_13->[] def_%v_14 %v_13[3.1,] 	 SYMBOL:queued_post,	 ARGS:Symbol,
		 3: %v_14->[] def_%v_15 %v_14[3.2,] 	 SYMBOL:raw,	 ARGS:Symbol,
		 4: qp->update_column def_%v_16 qp[2.12,] %v_15[3.3,] 	 SYMBOL:raw,	 ARGS:Symbol,%v_15,
		 5: 
BB 4
	outgoing: 5 
	datadep: 
	instructions:
		 0: COPY TYPE_Nil def_%v_16 
BB 5
	outgoing: 6 7 
	datadep: 
	instructions:
		 0: 
		 1: %self->params def_%v_17 %self[2.0,] 	 SYMBOL:	 ARGS:
		 2: %v_17->[] def_%v_18 %v_17[5.1,] 	 SYMBOL:queued_post,	 ARGS:Symbol,
		 3: %v_18->[] def_%v_19 %v_18[5.2,] 	 SYMBOL:state,	 ARGS:Symbol,
		 4: COPY TYPE_PASS def_state %v_19[5.3,] 
		 5: 
		 6: COPY TYPE_StringLiteral "approved" def_%v_20 
		 7: %v_19->== def_%v_21 %v_19[5.3,] %v_20[5.6,] 	 SYMBOL:	 ARGS:%v_20,
		 8: BRANCH %v_21[5.7,] 
BB 6
	outgoing: 16 
	datadep: 
	instructions:
		 0: 
		 1: %self->current_user def_%v_22 %self[2.0,] 	 SYMBOL:	 ARGS:
		 2: qp->approve! def_%v_23 qp[2.12,] %v_22[6.1,] 	 SYMBOL:	 ARGS:%v_22,
		 3: 
BB 7
	outgoing: 8 14 
	datadep: 
	instructions:
		 0: 
		 1: COPY TYPE_StringLiteral "rejected" def_%v_24 
		 2: state->== def_%v_25 state[5.4,] %v_24[7.1,] 	 SYMBOL:	 ARGS:%v_24,
		 3: BRANCH %v_25[7.2,] 
BB 8
	outgoing: 9 10 
	datadep: 
	instructions:
		 0: 
		 1: %self->current_user def_%v_26 %self[2.0,] 	 SYMBOL:	 ARGS:
		 2: qp->reject! def_%v_27 qp[2.12,] %v_26[8.1,] 	 SYMBOL:	 ARGS:%v_26,
		 3: 
		 4: %self->params def_%v_28 %self[8.1,2.0,] 	 SYMBOL:	 ARGS:
		 5: %v_28->[] def_%v_29 %v_28[8.4,] 	 SYMBOL:queued_post,	 ARGS:Symbol,
		 6: %v_29->[] def_%v_30 %v_29[8.5,] 	 SYMBOL:delete_user,	 ARGS:Symbol,
		 7: COPY TYPE_StringLiteral "true" def_%v_31 
		 8: %v_30->== def_%v_32 %v_30[8.6,] %v_31[8.7,] 	 SYMBOL:	 ARGS:%v_31,
		 9: BRANCH %v_32[8.8,] 
BB 9
	outgoing: 10 
	datadep: 
	instructions:
		 0: %self->guardian def_%v_33 %self[2.0,] 	 SYMBOL:	 ARGS:
		 1: qp->user def_%v_34 qp[2.12,] 	 SYMBOL:	 ARGS:
		 2: %v_33->can_delete_user? def_%v_35 %v_33[9.0,] %v_34[9.1,] 	 SYMBOL:	 ARGS:%v_34,
		 3: COPY TYPE_PASS def_%v_32 %v_35[9.2,] 
BB 10
	outgoing: 11 12 
	datadep: 
	instructions:
		 0: BRANCH %v_32[9.3,8.8,] 
BB 11
	outgoing: 13 
	datadep: 
	instructions:
		 0: 
		 1: (UserDestroyer) def_%v_36 
		 2: %self->current_user def_%v_37 %self[2.0,] 	 SYMBOL:	 ARGS:
		 3: %v_36->new def_%v_38 %v_36[11.1,] %v_37[11.2,] 	 SYMBOL:	 ARGS:%v_37,
		 4: qp->user def_%v_39 qp[2.12,] 	 SYMBOL:	 ARGS:
		 5: %self->user_deletion_opts def_%v_40 %self[11.2,2.0,] 	 SYMBOL:	 ARGS:
		 6: %v_38->destroy def_%v_41 %v_38[11.3,] %v_39[11.4,] %v_40[11.5,] 	 SYMBOL:	 ARGS:%v_39,%v_40,
		 7: 
BB 12
	outgoing: 13 
	datadep: 
	instructions:
		 0: COPY TYPE_Nil def_%v_41 
BB 13
	outgoing: 15 
	datadep: 
	instructions:
		 0: 
BB 14
	outgoing: 15 
	datadep: 
	instructions:
		 0: COPY TYPE_Nil def_%v_41 
BB 15
	outgoing: 16 
	datadep: 
	instructions:
		 0: COPY TYPE_PASS def_%v_23 %v_41[14.0,12.0,11.6,] 
BB 16
	outgoing: 17 
	datadep: 
	instructions:
		 0: 
		 1: (QueuedPostSerializer) def_%v_42 
		 2: HASH-root- def_%v_43 
		 3: %self->render_serialized def_%v_44 %self[2.0,] qp[2.12,] %v_42[16.1,] %v_43[16.2,] 	 SYMBOL:	 ARGS:qp,%v_42,%v_43,
		 4: RETURN %v_44[16.3,] %self[16.3,2.0,] 
BB 17
	outgoing: 
	datadep: 
	instructions:

SET IRMethod, name = user_deletion_opts instanceMethod = true
BB 1
	outgoing: 8 2 
	datadep: 
	instructions:
BB 2
	outgoing: 3 4 
	datadep: 
	instructions:
		 0: def_%self 
		 1: def_%v_0 
		 2: COPY TYPE_CurrentScope def_%current_scope 
		 3: COPY TYPE_ScopeModule def_%current_module 
		 4: 
		 5: 
		 6: (I18n) def_%v_3 
		 7: COPY TYPE_StringLiteral "queue.delete_reason" def_%v_4 
		 8: %self->current_user def_%v_5 %self[2.0,] 	 SYMBOL:	 ARGS:
		 9: %v_5->username def_%v_6 %v_5[2.8,] 	 SYMBOL:	 ARGS:
		 10: HASH-performed_by- def_%v_7 %v_6[2.9,] 
		 11: %v_3->t def_%v_8 %v_3[2.6,] %v_4[2.7,] %v_7[2.10,] 	 SYMBOL:	 ARGS:%v_4,%v_7,
		 12: HASH-context-delete_posts-delete_as_spammer- def_%v_9 %v_8[2.11,] 
		 13: COPY TYPE_PASS def_base %v_9[2.12,] 
		 14: 
		 15: (Rails) def_%v_10 
		 16: %v_10->env def_%v_11 %v_10[2.15,] 	 SYMBOL:	 ARGS:
		 17: %v_11->production? def_%v_12 %v_11[2.16,] 	 SYMBOL:	 ARGS:
		 18: BRANCH %v_12[2.17,] 
BB 3
	outgoing: 4 
	datadep: 
	instructions:
		 0: (ENV) def_%v_13 
		 1: COPY TYPE_StringLiteral "Staging" def_%v_14 
		 2: %v_13->[] def_%v_15 %v_13[3.0,] %v_14[3.1,] 	 SYMBOL:	 ARGS:%v_14,
		 3: %v_15->nil? def_%v_16 %v_15[3.2,] 	 SYMBOL:	 ARGS:
		 4: COPY TYPE_PASS def_%v_12 %v_16[3.3,] 
BB 4
	outgoing: 5 6 
	datadep: 
	instructions:
		 0: BRANCH %v_12[3.4,2.17,] 
BB 5
	outgoing: 7 
	datadep: 
	instructions:
		 0: 
		 1: HASH-block_email-block_ip- def_%v_17 
		 2: base->merge! def_%v_18 base[2.13,] %v_17[5.1,] 	 SYMBOL:	 ARGS:%v_17,
		 3: 
BB 6
	outgoing: 7 
	datadep: 
	instructions:
		 0: COPY TYPE_Nil def_%v_18 
BB 7
	outgoing: 8 
	datadep: 
	instructions:
		 0: 
		 1: RETURN base[2.13,] %self[2.0,] 
BB 8
	outgoing: 
	datadep: 
	instructions:

