SET IRMethod, name = show instanceMethod = true
BB 1
	outgoing: 47 2 
	datadep: 
	instructions:
BB 2
	outgoing: 3 13 
	datadep: 
	instructions:
		 0: def_%self 
		 1: def_%v_0 
		 2: COPY TYPE_CurrentScope def_%current_scope 
		 3: COPY TYPE_ScopeModule def_%current_module 
		 4: 
		 5: 
		 6: %self->no_cookies def_%v_3 %self[2.0,] 	 SYMBOL:	 ARGS:
		 7: 
		 8: %self->params def_%v_4 %self[2.0,2.6,] 	 SYMBOL:	 ARGS:
		 9: %v_4->[] def_%v_5 %v_4[2.8,] 	 SYMBOL:name,	 ARGS:Symbol,
		 10: COPY TYPE_Regexp def_%v_6 
		 11: %v_5->split def_%v_7 %v_5[2.9,] 	 SYMBOL:	 ARGS:%v_6,
		 12: def_%v_8 %v_7[2.11,] 
		 13: def_%v_9 %v_8[2.12,] 
		 14: def_%v_10 %v_8[2.12,] 
		 15: COPY TYPE_PASS def_target %v_9[2.13,] 
		 16: COPY TYPE_PASS def_digest %v_10[2.14,] 
		 17: 
		 18: %self->request def_%v_11 %self[2.0,2.6,2.8,] 	 SYMBOL:	 ARGS:
		 19: %v_11->env def_%v_12 %v_11[2.18,] 	 SYMBOL:	 ARGS:
		 20: COPY TYPE_StringLiteral "HTTP_IF_MODIFIED_SINCE" def_%v_13 
		 21: %v_12->[] def_%v_14 %v_12[2.19,] %v_13[2.20,] 	 SYMBOL:	 ARGS:%v_13,
		 22: COPY TYPE_PASS def_cache_time %v_14[2.21,] 
		 23: 
		 24: BRANCH %v_14[2.21,] 
BB 3
	outgoing: 5 
	datadep: 
	instructions:
		 0: GLOBALVAR $! def_%v_15 
BB 5
	outgoing: 6 7 
	datadep: 
	instructions:
		 0: 
		 1: (Time) def_%v_18 
		 2: %v_18->rfc2822 def_%v_19 %v_18[5.1,] cache_time[2.22,] 	 SYMBOL:	 ARGS:cache_time,
		 3: COPY TYPE_PASS def_%v_17 %v_19[5.2,] 
		 4: 
		 5: %v_15[3.0,] 
BB 6
	outgoing: 12 
	datadep: 
	instructions:
		 0: 
BB 7
	outgoing: 8 9 11 
	datadep: 
	instructions:
		 0: 
		 1: def_%v_20 
		 2: def_%v_21 %v_20[7.1,] 
		 3: BRANCH %v_21[7.2,] 
BB 8
	outgoing: 11 47 
	datadep: 
	instructions:
		 0: %v_20[7.1,] 
BB 9
	outgoing: 10 11 
	datadep: 
	instructions:
		 0: COPY TYPE_Nil def_%v_17 
		 1: 
		 2: %v_15[3.0,] 
BB 10
	outgoing: 12 
	datadep: 
	instructions:
		 0: 
BB 11
	outgoing: 47 
	datadep: 
	instructions:
		 0: def_%v_22 
		 1: def_%v_23 %v_22[11.0,] %v_15[3.0,] 
		 2: %v_22[11.0,] 
BB 12
	outgoing: 14 
	datadep: 
	instructions:
		 0: COPY TYPE_PASS def_cache_time %v_17[5.3,9.0,] 
		 1: 
BB 13
	outgoing: 14 
	datadep: 
	instructions:
		 0: COPY TYPE_Nil def_%v_17 
BB 14
	outgoing: 15 16 
	datadep: 
	instructions:
		 0: 
		 1: (StylesheetCache) def_%v_24 
		 2: HASH-target- def_%v_25 target[2.15,] 
		 3: %v_24->where def_%v_26 %v_24[14.1,] %v_25[14.2,] 	 SYMBOL:	 ARGS:%v_25,
		 4: COPY TYPE_PASS def_query %v_26[14.3,] 
		 5: 
		 6: BRANCH digest[2.16,] 
BB 15
	outgoing: 17 
	datadep: 
	instructions:
		 0: 
		 1: HASH-digest- def_%v_27 digest[2.16,] 
		 2: query->where def_%v_28 query[14.4,] %v_27[15.1,] 	 SYMBOL:	 ARGS:%v_27,
		 3: COPY TYPE_PASS def_query %v_28[15.2,] 
		 4: 
BB 16
	outgoing: 17 
	datadep: 
	instructions:
		 0: 
		 1: COPY TYPE_StringLiteral "id desc" def_%v_29 
		 2: query->order def_%v_30 query[14.4,] %v_29[16.1,] 	 SYMBOL:	 ARGS:%v_29,
		 3: COPY TYPE_PASS def_query %v_30[16.2,] 
		 4: COPY TYPE_PASS def_%v_28 %v_30[16.2,] 
BB 17
	outgoing: 18 19 
	datadep: 
	instructions:
		 0: 
		 1: BRANCH digest[2.16,] 
BB 18
	outgoing: 20 
	datadep: 
	instructions:
		 0: COPY TYPE_StringLiteral "_" def_%v_31 
		 1: %v_31->+ def_%v_32 %v_31[18.0,] digest[2.16,] 	 SYMBOL:	 ARGS:digest,
		 2: 
BB 19
	outgoing: 20 
	datadep: 
	instructions:
		 0: COPY TYPE_StringLiteral "" def_%v_33 
		 1: COPY TYPE_PASS def_%v_32 %v_33[19.0,] 
BB 20
	outgoing: 21 22 
	datadep: 
	instructions:
		 0: COPY TYPE_PASS def_underscore_digest %v_32[19.1,18.1,] 
		 1: 
		 2: (Rails) def_%v_34 
		 3: %v_34->root def_%v_35 %v_34[20.2,] 	 SYMBOL:	 ARGS:
		 4: COPY TYPE_StringLiteral "/" def_%v_36 
		 5: (DiscourseStylesheets) def_%v_37 
		 6: (inherit CACHE_PATH) def_%v_38 %v_37[20.5,] 
		 7: %v_38[20.6,] 
BB 21
	outgoing: 22 
	datadep: 
	instructions:
		 0: %v_37->const_missing def_%v_38 %v_37[20.5,] 	 SYMBOL:CACHE_PATH,	 ARGS:Symbol,
BB 22
	outgoing: 23 24 
	datadep: 
	instructions:
		 0: COPY TYPE_StringLiteral "/" def_%v_39 
		 1: COPY TYPE_StringLiteral ".css" def_%v_40 
		 2: BUILDSTRING def_%v_41 %v_35[20.3,] %v_36[20.4,] %v_38[21.0,20.6,] %v_39[22.0,] target[2.15,] underscore_digest[20.0,] %v_40[22.1,] 
		 3: COPY TYPE_PASS def_location %v_41[22.2,] 
		 4: 
		 5: query->pluck def_%v_42 query[16.3,15.3,] 	 SYMBOL:created_at,	 ARGS:Symbol,
		 6: %v_42->first def_%v_43 %v_42[22.5,] 	 SYMBOL:	 ARGS:
		 7: COPY TYPE_PASS def_stylesheet_time %v_43[22.6,] 
		 8: 
		 9: %v_43->! def_%v_44 %v_43[22.6,] 	 SYMBOL:	 ARGS:
		 10: BRANCH %v_44[22.9,] 
BB 23
	outgoing: 25 
	datadep: 
	instructions:
		 0: 
		 1: %self->handle_missing_cache def_%v_45 %self[2.0,] location[22.3,] target[2.15,] digest[2.16,] 	 SYMBOL:	 ARGS:location,target,digest,
		 2: 
BB 24
	outgoing: 25 
	datadep: 
	instructions:
		 0: COPY TYPE_Nil def_%v_45 
BB 25
	outgoing: 26 27 
	datadep: 
	instructions:
		 0: 
		 1: COPY TYPE_PASS def_%v_46 cache_time[12.0,2.22,] 
		 2: BRANCH cache_time[12.0,2.22,] 
BB 26
	outgoing: 27 
	datadep: 
	instructions:
		 0: COPY TYPE_PASS def_%v_46 stylesheet_time[22.7,] 
BB 27
	outgoing: 28 29 
	datadep: 
	instructions:
		 0: BRANCH %v_46[26.0,25.1,] 
BB 28
	outgoing: 29 
	datadep: 
	instructions:
		 0: stylesheet_time-><= def_%v_47 stylesheet_time[22.7,] cache_time[12.0,2.22,] 	 SYMBOL:	 ARGS:cache_time,
		 1: COPY TYPE_PASS def_%v_46 %v_47[28.0,] 
BB 29
	outgoing: 30 31 
	datadep: 
	instructions:
		 0: BRANCH %v_46[28.1,26.0,25.1,] 
BB 30
	outgoing: 47 
	datadep: 
	instructions:
		 0: 
		 1: HASH-nothing-status- def_%v_48 
		 2: %self->render def_%v_49 %self[2.0,] %v_48[30.1,] 	 SYMBOL:	 ARGS:%v_48,
		 3: RETURN %v_49[30.2,] %self[30.2,2.0,] 
BB 31
	outgoing: 33 34 
	datadep: 
	instructions:
		 0: COPY TYPE_Nil def_%v_50 
		 1: 
		 2: (File) def_%v_51 
		 3: %v_51->exist? def_%v_52 %v_51[31.2,] location[22.3,] 	 SYMBOL:	 ARGS:location,
		 4: BRANCH %v_52[31.3,] 
BB 33
	outgoing: 40 
	datadep: 
	instructions:
		 0: COPY TYPE_Nil def_%v_53 
		 1: 
BB 34
	outgoing: 35 36 
	datadep: 
	instructions:
		 0: 
		 1: query->first def_%v_54 query[16.3,15.3,] 	 SYMBOL:	 ARGS:
		 2: COPY TYPE_PASS def_current %v_54[34.1,] 
		 3: BRANCH %v_54[34.1,] 
BB 35
	outgoing: 39 
	datadep: 
	instructions:
		 0: 
		 1: (File) def_%v_55 
		 2: current->content def_%v_56 current[34.2,] 	 SYMBOL:	 ARGS:
		 3: %v_55->write def_%v_57 %v_55[35.1,] location[22.3,] %v_56[35.2,] 	 SYMBOL:	 ARGS:location,%v_56,
		 4: 
BB 36
	outgoing: 37 38 
	datadep: 
	instructions:
		 0: 
		 1: (Discourse) def_%v_58 
		 2: (inherit NotFound) def_%v_59 %v_58[36.1,] 
		 3: %v_59[36.2,] 
BB 37
	outgoing: 38 
	datadep: 
	instructions:
		 0: %v_58->const_missing def_%v_59 %v_58[36.1,] 	 SYMBOL:NotFound,	 ARGS:Symbol,
BB 38
	outgoing: 39 
	datadep: 
	instructions:
		 0: %self->raise def_%v_60 %self[2.0,] %v_59[37.0,36.2,] 	 SYMBOL:	 ARGS:%v_59,
		 1: COPY TYPE_PASS def_%v_57 %v_60[38.0,] 
BB 39
	outgoing: 40 
	datadep: 
	instructions:
		 0: COPY TYPE_PASS def_%v_53 %v_57[38.1,35.3,] 
BB 40
	outgoing: 41 42 
	datadep: 
	instructions:
		 0: 
		 1: BRANCH stylesheet_time[28.0,22.7,] 
BB 41
	outgoing: 43 
	datadep: 
	instructions:
		 0: %self->response def_%v_61 %self[2.0,] 	 SYMBOL:	 ARGS:
		 1: %v_61->headers def_%v_62 %v_61[41.0,] 	 SYMBOL:	 ARGS:
		 2: COPY TYPE_StringLiteral "Last-Modified" def_%v_63 
		 3: stylesheet_time->httpdate def_%v_64 stylesheet_time[28.0,22.7,] 	 SYMBOL:	 ARGS:
		 4: ATTRASSIGN %v_62->[] %v_63[41.2,] %v_64[41.3,] 
		 5: 
BB 42
	outgoing: 43 
	datadep: 
	instructions:
		 0: COPY TYPE_Nil def_%v_64 
BB 43
	outgoing: 44 45 
	datadep: 
	instructions:
		 0: 
		 1: (Rails) def_%v_65 
		 2: %v_65->env def_%v_66 %v_65[43.1,] 	 SYMBOL:	 ARGS:
		 3: COPY TYPE_StringLiteral "development" def_%v_67 
		 4: %v_66->== def_%v_68 %v_66[43.2,] %v_67[43.3,] 	 SYMBOL:	 ARGS:%v_67,
		 5: BRANCH %v_68[43.4,] 
BB 44
	outgoing: 46 
	datadep: 
	instructions:
		 0: COPY TYPE_Nil def_%v_69 
		 1: 
BB 45
	outgoing: 46 
	datadep: 
	instructions:
		 0: CONSTANT def_%v_70 	 SYMBOL:	 ARGS:
		 1: HASH-public- def_%v_71 
		 2: %self->expires_in def_%v_72 %self[2.0,] %v_70[45.0,] %v_71[45.1,] 	 SYMBOL:	 ARGS:%v_70,%v_71,
		 3: COPY TYPE_PASS def_%v_69 %v_72[45.2,] 
BB 46
	outgoing: 47 
	datadep: 
	instructions:
		 0: 
		 1: HASH-disposition- def_%v_73 
		 2: %self->send_file def_%v_74 %self[2.0,] location[22.3,] %v_73[46.1,] 	 SYMBOL:	 ARGS:location,%v_73,
		 3: RETURN %v_74[46.2,] %self[46.2,2.0,] 
BB 47
	outgoing: 
	datadep: 
	instructions:

SET IRMethod, name = handle_missing_cache instanceMethod = true
BB 1
	outgoing: 17 2 
	datadep: 
	instructions:
BB 2
	outgoing: 4 
	datadep: 
	instructions:
		 0: def_%self 
		 1: def_%v_0 
		 2: COPY TYPE_CurrentScope def_%current_scope 
		 3: COPY TYPE_ScopeModule def_%current_module 
		 4: 
		 5: RECEIVEARG def_location 
		 6: RECEIVEARG def_name 
		 7: RECEIVEARG def_digest 
		 8: 
		 9: GLOBALVAR $! def_%v_3 
BB 4
	outgoing: 5 6 
	datadep: 
	instructions:
		 0: 
		 1: (File) def_%v_6 
		 2: %v_6->read def_%v_7 %v_6[4.1,] location[2.5,] 	 SYMBOL:	 ARGS:location,
		 3: COPY TYPE_PASS def_%v_5 %v_7[4.2,] 
		 4: 
		 5: %v_3[2.9,] 
BB 5
	outgoing: 11 
	datadep: 
	instructions:
		 0: 
BB 6
	outgoing: 7 8 10 
	datadep: 
	instructions:
		 0: 
		 1: def_%v_8 
		 2: def_%v_9 %v_8[6.1,] 
		 3: BRANCH %v_9[6.2,] 
BB 7
	outgoing: 10 17 
	datadep: 
	instructions:
		 0: %v_8[6.1,] 
BB 8
	outgoing: 9 10 
	datadep: 
	instructions:
		 0: COPY TYPE_Nil def_%v_5 
		 1: 
		 2: %v_3[2.9,] 
BB 9
	outgoing: 11 
	datadep: 
	instructions:
		 0: 
BB 10
	outgoing: 17 
	datadep: 
	instructions:
		 0: def_%v_10 
		 1: def_%v_11 %v_10[10.0,] %v_3[2.9,] 
		 2: %v_10[10.0,] 
BB 11
	outgoing: 12 13 
	datadep: 
	instructions:
		 0: COPY TYPE_PASS def_existing %v_5[4.3,8.0,] 
		 1: 
		 2: COPY TYPE_PASS def_%v_12 %v_5[4.3,8.0,] 
		 3: BRANCH %v_5[4.3,8.0,] 
BB 12
	outgoing: 13 
	datadep: 
	instructions:
		 0: COPY TYPE_PASS def_%v_12 digest[2.7,] 
BB 13
	outgoing: 14 15 
	datadep: 
	instructions:
		 0: BRANCH %v_12[12.0,11.2,] 
BB 14
	outgoing: 17 
	datadep: 
	instructions:
		 0: 
		 1: (StylesheetCache) def_%v_13 
		 2: %v_13->add def_%v_14 %v_13[14.1,] name[2.6,] digest[2.7,] existing[11.0,] 	 SYMBOL:	 ARGS:name,digest,existing,
		 3: RETURN %v_14[14.2,] %self[2.0,] 
BB 15
	outgoing: 17 
	datadep: 
	instructions:
		 0: RETURN %self[2.0,] 
BB 17
	outgoing: 
	datadep: 
	instructions:

