SET IRMethod, name = human_attribute_name instanceMethod = false
BB 1
	outgoing: 6 2 
	datadep: 
	instructions:
BB 2
	outgoing: 3 4 
	datadep: 
	instructions:
		 0: def_%self 
		 1: def_%v_0 
		 2: COPY TYPE_CurrentScope def_%current_scope 
		 3: COPY TYPE_ScopeModule def_%current_module 
		 4: 
		 5: RECEIVEARG def_attribute_key_name 
		 6: RECEIVEARG def_args 
		 7: 
		 8: attribute_key_name->to_s def_%v_3 attribute_key_name[2.5,] 	 SYMBOL:	 ARGS:
		 9: COPY TYPE_PASS def_attr_name %v_3[2.8,] 
		 10: 
		 11: COPY TYPE_StringLiteral "url" def_%v_4 
		 12: %v_3->== def_%v_5 %v_3[2.8,] %v_4[2.11,] 	 SYMBOL:	 ARGS:%v_4,
		 13: BRANCH %v_5[2.12,] 
BB 3
	outgoing: 5 
	datadep: 
	instructions:
		 0: 
		 1: COPY TYPE_StringLiteral "path_to_repository" def_%v_6 
		 2: COPY TYPE_PASS def_attr_name %v_6[3.1,] 
		 3: 
BB 4
	outgoing: 5 
	datadep: 
	instructions:
		 0: COPY TYPE_Nil def_%v_6 
BB 5
	outgoing: 6 
	datadep: 
	instructions:
		 0: 
		 1: COPY TYPE_Array def_%v_7 attr_name[3.2,2.9,] 
		 2: def_%v_8 %v_7[5.1,] args[2.6,] 
		 3: %self->super def_%v_9 %current_module[2.3,] %v_8[5.2,] %v_0[2.1,] 	 SYMBOL:	 ARGS:Splat,
		 4: RETURN %v_9[5.3,] %self[2.0,] 
BB 6
	outgoing: 
	datadep: 
	instructions:

SET IRMethod, name = scm_adapter_class instanceMethod = false
BB 1
	outgoing: 9 2 
	datadep: 
	instructions:
BB 2
	outgoing: 3 4 
	datadep: 
	instructions:
		 0: def_%self 
		 1: def_%v_0 
		 2: COPY TYPE_CurrentScope def_%current_scope 
		 3: COPY TYPE_ScopeModule def_%current_module 
		 4: 
		 5: 
		 6: (Redmine) def_%v_3 
		 7: (inherit Scm) def_%v_4 %v_3[2.6,] 
		 8: %v_4[2.7,] 
BB 3
	outgoing: 4 
	datadep: 
	instructions:
		 0: %v_3->const_missing def_%v_4 %v_3[2.6,] 	 SYMBOL:Scm,	 ARGS:Symbol,
BB 4
	outgoing: 5 6 
	datadep: 
	instructions:
		 0: (inherit Adapters) def_%v_5 %v_4[3.0,2.7,] 
		 1: %v_5[4.0,] 
BB 5
	outgoing: 6 
	datadep: 
	instructions:
		 0: %v_4->const_missing def_%v_5 %v_4[3.0,2.7,] 	 SYMBOL:Adapters,	 ARGS:Symbol,
BB 6
	outgoing: 7 8 
	datadep: 
	instructions:
		 0: (inherit BazaarAdapter) def_%v_6 %v_5[5.0,4.0,] 
		 1: %v_6[6.0,] 
BB 7
	outgoing: 8 
	datadep: 
	instructions:
		 0: %v_5->const_missing def_%v_6 %v_5[5.0,4.0,] 	 SYMBOL:BazaarAdapter,	 ARGS:Symbol,
BB 8
	outgoing: 9 
	datadep: 
	instructions:
		 0: RETURN %v_6[7.0,6.0,] %self[2.0,] 
BB 9
	outgoing: 
	datadep: 
	instructions:

SET IRMethod, name = scm_name instanceMethod = false
BB 1
	outgoing: 3 2 
	datadep: 
	instructions:
BB 2
	outgoing: 3 
	datadep: 
	instructions:
		 0: def_%self 
		 1: def_%v_0 
		 2: COPY TYPE_CurrentScope def_%current_scope 
		 3: COPY TYPE_ScopeModule def_%current_module 
		 4: 
		 5: 
		 6: COPY TYPE_StringLiteral "Bazaar" def_%v_3 
		 7: RETURN %v_3[2.6,] %self[2.0,] 
BB 3
	outgoing: 
	datadep: 
	instructions:

SET IRMethod, name = entry instanceMethod = true
BB 1
	outgoing: 7 2 
	datadep: 
	instructions:
BB 2
	outgoing: 3 4 
	datadep: 
	instructions:
		 0: def_%self 
		 1: def_%v_0 
		 2: COPY TYPE_CurrentScope def_%current_scope 
		 3: COPY TYPE_ScopeModule def_%current_module 
		 4: 
		 5: RECEIVECONSTARG def_path 
		 6: path[2.5,] 
BB 3
	outgoing: 4 
	datadep: 
	instructions:
		 0: COPY TYPE_Nil def_path 
BB 4
	outgoing: 5 6 
	datadep: 
	instructions:
		 0: RECEIVECONSTARG def_identifier 
		 1: identifier[4.0,] 
BB 5
	outgoing: 6 
	datadep: 
	instructions:
		 0: COPY TYPE_Nil def_identifier 
BB 6
	outgoing: 7 
	datadep: 
	instructions:
		 0: 
		 1: %self->scm def_%v_3 %self[2.0,] 	 SYMBOL:	 ARGS:
		 2: %self->log_encoding def_%v_4 %self[6.1,2.0,] 	 SYMBOL:	 ARGS:
		 3: ATTRASSIGN %v_3->bzr_path_encodig %v_4[6.2,] 
		 4: 
		 5: %self->scm def_%v_5 %self[6.1,6.2,2.0,] 	 SYMBOL:	 ARGS:
		 6: %v_5->entry def_%v_6 %v_5[6.5,] path[3.0,2.5,] identifier[5.0,4.0,] 	 SYMBOL:	 ARGS:path,identifier,
		 7: RETURN %v_6[6.6,] %self[6.1,6.2,6.5,2.0,] 
BB 7
	outgoing: 
	datadep: 
	instructions:

SET IRMethod, name = cat instanceMethod = true
BB 1
	outgoing: 5 2 
	datadep: 
	instructions:
BB 2
	outgoing: 3 4 
	datadep: 
	instructions:
		 0: def_%self 
		 1: def_%v_0 
		 2: COPY TYPE_CurrentScope def_%current_scope 
		 3: COPY TYPE_ScopeModule def_%current_module 
		 4: 
		 5: RECEIVEARG def_path 
		 6: RECEIVECONSTARG def_identifier 
		 7: identifier[2.6,] 
BB 3
	outgoing: 4 
	datadep: 
	instructions:
		 0: COPY TYPE_Nil def_identifier 
BB 4
	outgoing: 5 
	datadep: 
	instructions:
		 0: 
		 1: %self->scm def_%v_3 %self[2.0,] 	 SYMBOL:	 ARGS:
		 2: %self->log_encoding def_%v_4 %self[4.1,2.0,] 	 SYMBOL:	 ARGS:
		 3: ATTRASSIGN %v_3->bzr_path_encodig %v_4[4.2,] 
		 4: 
		 5: %self->scm def_%v_5 %self[4.1,4.2,2.0,] 	 SYMBOL:	 ARGS:
		 6: %v_5->cat def_%v_6 %v_5[4.5,] path[2.5,] identifier[3.0,2.6,] 	 SYMBOL:	 ARGS:path,identifier,
		 7: RETURN %v_6[4.6,] %self[4.1,4.2,4.5,2.0,] 
BB 5
	outgoing: 
	datadep: 
	instructions:

SET IRMethod, name = annotate instanceMethod = true
BB 1
	outgoing: 5 2 
	datadep: 
	instructions:
BB 2
	outgoing: 3 4 
	datadep: 
	instructions:
		 0: def_%self 
		 1: def_%v_0 
		 2: COPY TYPE_CurrentScope def_%current_scope 
		 3: COPY TYPE_ScopeModule def_%current_module 
		 4: 
		 5: RECEIVEARG def_path 
		 6: RECEIVECONSTARG def_identifier 
		 7: identifier[2.6,] 
BB 3
	outgoing: 4 
	datadep: 
	instructions:
		 0: COPY TYPE_Nil def_identifier 
BB 4
	outgoing: 5 
	datadep: 
	instructions:
		 0: 
		 1: %self->scm def_%v_3 %self[2.0,] 	 SYMBOL:	 ARGS:
		 2: %self->log_encoding def_%v_4 %self[4.1,2.0,] 	 SYMBOL:	 ARGS:
		 3: ATTRASSIGN %v_3->bzr_path_encodig %v_4[4.2,] 
		 4: 
		 5: %self->scm def_%v_5 %self[4.1,4.2,2.0,] 	 SYMBOL:	 ARGS:
		 6: %v_5->annotate def_%v_6 %v_5[4.5,] path[2.5,] identifier[3.0,2.6,] 	 SYMBOL:	 ARGS:path,identifier,
		 7: RETURN %v_6[4.6,] %self[4.1,4.2,4.5,2.0,] 
BB 5
	outgoing: 
	datadep: 
	instructions:

SET IRMethod, name = diff instanceMethod = true
BB 1
	outgoing: 3 2 
	datadep: 
	instructions:
BB 2
	outgoing: 3 
	datadep: 
	instructions:
		 0: def_%self 
		 1: def_%v_0 
		 2: COPY TYPE_CurrentScope def_%current_scope 
		 3: COPY TYPE_ScopeModule def_%current_module 
		 4: 
		 5: RECEIVEARG def_path 
		 6: RECEIVEARG def_rev 
		 7: RECEIVEARG def_rev_to 
		 8: 
		 9: %self->scm def_%v_3 %self[2.0,] 	 SYMBOL:	 ARGS:
		 10: %self->log_encoding def_%v_4 %self[2.0,2.9,] 	 SYMBOL:	 ARGS:
		 11: ATTRASSIGN %v_3->bzr_path_encodig %v_4[2.10,] 
		 12: 
		 13: %self->scm def_%v_5 %self[2.0,2.9,2.10,] 	 SYMBOL:	 ARGS:
		 14: %v_5->diff def_%v_6 %v_5[2.13,] path[2.5,] rev[2.6,] rev_to[2.7,] 	 SYMBOL:	 ARGS:path,rev,rev_to,
		 15: RETURN %v_6[2.14,] %self[2.0,2.9,2.10,2.13,] 
BB 3
	outgoing: 
	datadep: 
	instructions:

SET IRMethod, name = scm_entries instanceMethod = true
BB 1
	outgoing: 10 2 
	datadep: 
	instructions:
BB 2
	outgoing: 3 4 
	datadep: 
	instructions:
		 0: def_%self 
		 1: def_%v_0 
		 2: COPY TYPE_CurrentScope def_%current_scope 
		 3: COPY TYPE_ScopeModule def_%current_module 
		 4: 
		 5: RECEIVECONSTARG def_path 
		 6: path[2.5,] 
BB 3
	outgoing: 4 
	datadep: 
	instructions:
		 0: COPY TYPE_Nil def_path 
BB 4
	outgoing: 5 6 
	datadep: 
	instructions:
		 0: RECEIVECONSTARG def_identifier 
		 1: identifier[4.0,] 
BB 5
	outgoing: 6 
	datadep: 
	instructions:
		 0: COPY TYPE_Nil def_identifier 
BB 6
	outgoing: 7 8 
	datadep: 
	instructions:
		 0: 
		 1: %self->scm def_%v_3 %self[2.0,] 	 SYMBOL:	 ARGS:
		 2: %self->log_encoding def_%v_4 %self[6.1,2.0,] 	 SYMBOL:	 ARGS:
		 3: ATTRASSIGN %v_3->bzr_path_encodig %v_4[6.2,] 
		 4: 
		 5: %self->scm def_%v_5 %self[6.1,6.2,2.0,] 	 SYMBOL:	 ARGS:
		 6: %v_5->entries def_%v_6 %v_5[6.5,] path[3.0,2.5,] identifier[5.0,4.0,] 	 SYMBOL:	 ARGS:path,identifier,
		 7: COPY TYPE_PASS def_entries %v_6[6.6,] 
		 8: 
		 9: BRANCH %v_6[6.6,] 
BB 7
	outgoing: 9 
	datadep: 
	instructions:
		 0: 
		 1: entries->each def_%v_7 entries[6.7,] %self[2.0,] 	 SYMBOL:	 ARGS:entries,
CLOSURE BEGIN: e[] identifier[5.0,4.0,] %self[2.0,] full_path[] c[] 
BB 1
	outgoing: 20 2 
	datadep: 
	instructions:
BB 2
	outgoing: 3 
	datadep: 
	instructions:
		 0: def_%self 
		 1: def_%cl_1_0 
		 2: RECEIVEARG def_e 
		 3: COPY TYPE_CurrentScope def_%current_scope 
		 4: COPY TYPE_ScopeModule def_%current_module 
BB 3
	outgoing: 4 5 18 
	datadep: 
	instructions:
		 0: 
		 1: e->lastrev def_%cl_1_3 e[2.2,] 	 SYMBOL:	 ARGS:
		 2: %cl_1_3->revision def_%cl_1_4 %cl_1_3[3.1,] 	 SYMBOL:	 ARGS:
		 3: %cl_1_4->blank? def_%cl_1_5 %cl_1_4[3.2,] 	 SYMBOL:	 ARGS:
		 4: BRANCH %cl_1_5[3.3,] 
BB 4
	outgoing: 18 20 
	datadep: 
	instructions:
		 0: 
		 1: RETURN %self[2.0,] 
BB 5
	outgoing: 6 
	datadep: 
	instructions:
		 0: COPY TYPE_Nil def_%cl_1_6 
BB 6
	outgoing: 7 8 18 
	datadep: 
	instructions:
		 0: 
		 1: identifier->nil? def_%cl_1_7 identifier[] 	 SYMBOL:	 ARGS:
		 2: BRANCH %cl_1_7[6.1,] 
BB 7
	outgoing: 8 18 
	datadep: 
	instructions:
		 0: e->is_file? def_%cl_1_8 e[2.2,] 	 SYMBOL:	 ARGS:
		 1: COPY TYPE_PASS def_%cl_1_7 %cl_1_8[7.0,] 
BB 8
	outgoing: 9 13 
	datadep: 
	instructions:
		 0: BRANCH %cl_1_7[7.1,6.1,] 
BB 9
	outgoing: 10 11 18 
	datadep: 
	instructions:
		 0: 
		 1: (File) def_%cl_1_9 
		 2: %self->root_url def_%cl_1_10 %self[2.0,] 	 SYMBOL:	 ARGS:
		 3: e->path def_%cl_1_11 e[2.2,] 	 SYMBOL:	 ARGS:
		 4: %cl_1_9->join def_%cl_1_12 %cl_1_9[9.1,] %cl_1_10[9.2,] %cl_1_11[9.3,] 	 SYMBOL:	 ARGS:%cl_1_10,%cl_1_11,
		 5: COPY TYPE_PASS def_full_path %cl_1_12[9.4,] 
		 6: 
		 7: (File) def_%cl_1_13 
		 8: %cl_1_13->file? def_%cl_1_14 %cl_1_13[9.7,] %cl_1_12[9.4,] 	 SYMBOL:	 ARGS:full_path,
		 9: BRANCH %cl_1_14[9.8,] 
BB 10
	outgoing: 12 18 
	datadep: 
	instructions:
		 0: (File) def_%cl_1_15 
		 1: %cl_1_15->stat def_%cl_1_16 %cl_1_15[10.0,] full_path[9.5,] 	 SYMBOL:	 ARGS:full_path,
		 2: %cl_1_16->size def_%cl_1_17 %cl_1_16[10.1,] 	 SYMBOL:	 ARGS:
		 3: ATTRASSIGN e->size %cl_1_17[10.2,] 
		 4: 
BB 11
	outgoing: 12 
	datadep: 
	instructions:
		 0: COPY TYPE_Nil def_%cl_1_17 
BB 12
	outgoing: 14 
	datadep: 
	instructions:
		 0: 
BB 13
	outgoing: 14 
	datadep: 
	instructions:
		 0: COPY TYPE_Nil def_%cl_1_17 
BB 14
	outgoing: 15 16 18 
	datadep: 
	instructions:
		 0: 
		 1: (Change) def_%cl_1_18 
		 2: %cl_1_18->includes def_%cl_1_19 %cl_1_18[14.1,] 	 SYMBOL:changeset,	 ARGS:Symbol,
		 3: 
		 4: (Change) def_%cl_1_20 
		 5: %cl_1_20->table_name def_%cl_1_21 %cl_1_20[14.4,] 	 SYMBOL:	 ARGS:
		 6: COPY TYPE_StringLiteral ".revision = ? and " def_%cl_1_22 
		 7: (Changeset) def_%cl_1_23 
		 8: %cl_1_23->table_name def_%cl_1_24 %cl_1_23[14.7,] 	 SYMBOL:	 ARGS:
		 9: COPY TYPE_StringLiteral ".repository_id = ?" def_%cl_1_25 
		 10: BUILDSTRING def_%cl_1_26 %cl_1_21[14.5,] %cl_1_22[14.6,] %cl_1_24[14.8,] %cl_1_25[14.9,] 
		 11: e->lastrev def_%cl_1_27 e[10.3,2.2,] 	 SYMBOL:	 ARGS:
		 12: %cl_1_27->revision def_%cl_1_28 %cl_1_27[14.11,] 	 SYMBOL:	 ARGS:
		 13: %self->id def_%cl_1_29 %self[2.0,] 	 SYMBOL:	 ARGS:
		 14: %cl_1_19->where def_%cl_1_30 %cl_1_19[14.2,] %cl_1_26[14.10,] %cl_1_28[14.12,] %cl_1_29[14.13,] 	 SYMBOL:	 ARGS:%cl_1_26,%cl_1_28,%cl_1_29,
		 15: 
		 16: (Changeset) def_%cl_1_31 
		 17: %cl_1_31->table_name def_%cl_1_32 %cl_1_31[14.16,] 	 SYMBOL:	 ARGS:
		 18: COPY TYPE_StringLiteral ".revision DESC" def_%cl_1_33 
		 19: BUILDSTRING def_%cl_1_34 %cl_1_32[14.17,] %cl_1_33[14.18,] 
		 20: %cl_1_30->order def_%cl_1_35 %cl_1_30[14.14,] %cl_1_34[14.19,] 	 SYMBOL:	 ARGS:%cl_1_34,
		 21: %cl_1_35->first def_%cl_1_36 %cl_1_35[14.20,] 	 SYMBOL:	 ARGS:
		 22: COPY TYPE_PASS def_c %cl_1_36[14.21,] 
		 23: 
		 24: BRANCH %cl_1_36[14.21,] 
BB 15
	outgoing: 17 18 
	datadep: 
	instructions:
		 0: 
		 1: e->lastrev def_%cl_1_37 e[10.3,2.2,] 	 SYMBOL:	 ARGS:
		 2: c->changeset def_%cl_1_38 c[14.22,] 	 SYMBOL:	 ARGS:
		 3: %cl_1_38->revision def_%cl_1_39 %cl_1_38[15.2,] 	 SYMBOL:	 ARGS:
		 4: ATTRASSIGN %cl_1_37->identifier %cl_1_39[15.3,] 
		 5: 
		 6: e->lastrev def_%cl_1_40 e[15.1,10.3,2.2,] 	 SYMBOL:	 ARGS:
		 7: c->changeset def_%cl_1_41 c[15.2,14.22,] 	 SYMBOL:	 ARGS:
		 8: %cl_1_41->revision def_%cl_1_42 %cl_1_41[15.7,] 	 SYMBOL:	 ARGS:
		 9: ATTRASSIGN %cl_1_40->name %cl_1_42[15.8,] 
		 10: 
		 11: e->lastrev def_%cl_1_43 e[15.1,15.6,10.3,2.2,] 	 SYMBOL:	 ARGS:
		 12: c->changeset def_%cl_1_44 c[15.2,15.7,14.22,] 	 SYMBOL:	 ARGS:
		 13: %cl_1_44->committer def_%cl_1_45 %cl_1_44[15.12,] 	 SYMBOL:	 ARGS:
		 14: ATTRASSIGN %cl_1_43->author %cl_1_45[15.13,] 
		 15: 
BB 16
	outgoing: 20 
	datadep: 
	instructions:
		 0: RETURN %self[2.0,] 
BB 17
	outgoing: 20 
	datadep: 
	instructions:
		 0: RETURN %cl_1_45[15.13,] %self[2.0,] 
BB 18
	outgoing: 20 
	datadep: 
	instructions:
		 0: def_%cl_1_46 
		 1: def_%cl_1_47 %cl_1_46[18.0,] 
		 2: RETURN %cl_1_47[18.1,] %self[2.0,] 
BB 20
	outgoing: 
	datadep: 
	instructions:
CLOSURE END: c[14.22,] full_path[9.5,] 
		 2: 
BB 8
	outgoing: 9 
	datadep: 
	instructions:
		 0: COPY TYPE_Nil def_%v_7 
BB 9
	outgoing: 10 
	datadep: 
	instructions:
		 0: 
		 1: RETURN entries[6.7,] %self[2.0,] 
BB 10
	outgoing: 
	datadep: 
	instructions:

SET IRMethod, name = fetch_changesets instanceMethod = true
BB 1
	outgoing: 25 2 
	datadep: 
	instructions:
BB 2
	outgoing: 3 23 
	datadep: 
	instructions:
		 0: def_%self 
		 1: def_%v_0 
		 2: COPY TYPE_CurrentScope def_%current_scope 
		 3: COPY TYPE_ScopeModule def_%current_module 
		 4: 
		 5: 
		 6: %self->scm def_%v_3 %self[2.0,] 	 SYMBOL:	 ARGS:
		 7: %self->log_encoding def_%v_4 %self[2.0,2.6,] 	 SYMBOL:	 ARGS:
		 8: ATTRASSIGN %v_3->bzr_path_encodig %v_4[2.7,] 
		 9: 
		 10: %self->scm def_%v_5 %self[2.0,2.6,2.7,] 	 SYMBOL:	 ARGS:
		 11: %v_5->info def_%v_6 %v_5[2.10,] 	 SYMBOL:	 ARGS:
		 12: COPY TYPE_PASS def_scm_info %v_6[2.11,] 
		 13: 
		 14: BRANCH %v_6[2.11,] 
BB 3
	outgoing: 4 5 
	datadep: 
	instructions:
		 0: 
		 1: %self->latest_changeset def_%v_7 %self[2.0,] 	 SYMBOL:	 ARGS:
		 2: BRANCH %v_7[3.1,] 
BB 4
	outgoing: 6 
	datadep: 
	instructions:
		 0: %self->latest_changeset def_%v_8 %self[2.0,] 	 SYMBOL:	 ARGS:
		 1: %v_8->revision def_%v_9 %v_8[4.0,] 	 SYMBOL:	 ARGS:
		 2: %v_9->to_i def_%v_10 %v_9[4.1,] 	 SYMBOL:	 ARGS:
		 3: 
BB 5
	outgoing: 6 
	datadep: 
	instructions:
		 0: COPY TYPE_Fixnum def_%v_10 
BB 6
	outgoing: 7 21 
	datadep: 
	instructions:
		 0: COPY TYPE_PASS def_db_revision %v_10[5.0,4.2,] 
		 1: 
		 2: scm_info->lastrev def_%v_11 scm_info[2.12,] 	 SYMBOL:	 ARGS:
		 3: %v_11->identifier def_%v_12 %v_11[6.2,] 	 SYMBOL:	 ARGS:
		 4: %v_12->to_i def_%v_13 %v_12[6.3,] 	 SYMBOL:	 ARGS:
		 5: COPY TYPE_PASS def_scm_revision %v_13[6.4,] 
		 6: 
		 7: db_revision->< def_%v_14 db_revision[6.0,] %v_13[6.4,] 	 SYMBOL:	 ARGS:scm_revision,
		 8: BRANCH %v_14[6.7,] 
BB 7
	outgoing: 8 9 
	datadep: 
	instructions:
		 0: 
		 1: %self->logger def_%v_15 %self[2.0,] 	 SYMBOL:	 ARGS:
		 2: BRANCH %v_15[7.1,] 
BB 8
	outgoing: 9 
	datadep: 
	instructions:
		 0: %self->logger def_%v_16 %self[2.0,] 	 SYMBOL:	 ARGS:
		 1: %v_16->debug? def_%v_17 %v_16[8.0,] 	 SYMBOL:	 ARGS:
		 2: COPY TYPE_PASS def_%v_15 %v_17[8.1,] 
BB 9
	outgoing: 10 11 
	datadep: 
	instructions:
		 0: BRANCH %v_15[8.2,7.1,] 
BB 10
	outgoing: 12 
	datadep: 
	instructions:
		 0: %self->logger def_%v_18 %self[2.0,] 	 SYMBOL:	 ARGS:
		 1: COPY TYPE_StringLiteral "Fetching changesets for repository " def_%v_19 
		 2: %self->url def_%v_20 %self[10.0,2.0,] 	 SYMBOL:	 ARGS:
		 3: BUILDSTRING def_%v_21 %v_19[10.1,] %v_20[10.2,] 
		 4: %v_18->debug def_%v_22 %v_18[10.0,] %v_21[10.3,] 	 SYMBOL:	 ARGS:%v_21,
		 5: 
BB 11
	outgoing: 12 
	datadep: 
	instructions:
		 0: COPY TYPE_Nil def_%v_22 
BB 12
	outgoing: 13 
	datadep: 
	instructions:
		 0: 
		 1: db_revision->+ def_%v_23 db_revision[6.0,] 	 SYMBOL:	 ARGS:Fixnum,
		 2: COPY TYPE_PASS def_identifier_from %v_23[12.1,] 
		 3: 
BB 13
	outgoing: 14 19 
	datadep: 
	instructions:
		 0: identifier_from-><= def_%v_25 identifier_from[12.2,17.2,] scm_revision[6.5,] 	 SYMBOL:	 ARGS:scm_revision,
		 1: BRANCH %v_25[13.0,] 
BB 14
	outgoing: 15 16 
	datadep: 
	instructions:
		 0: 
		 1: 
		 2: identifier_from->+ def_%v_26 identifier_from[13.0,12.2,17.2,] 	 SYMBOL:	 ARGS:Fixnum,
		 3: COPY TYPE_Array def_%v_27 %v_26[14.2,] scm_revision[6.5,] 
		 4: %v_27->min def_%v_28 %v_27[14.3,] 	 SYMBOL:	 ARGS:
		 5: COPY TYPE_PASS def_identifier_to %v_28[14.4,] 
		 6: 
		 7: %self->scm def_%v_29 %self[2.0,] 	 SYMBOL:	 ARGS:
		 8: COPY TYPE_StringLiteral "" def_%v_30 
		 9: %v_29->revisions def_%v_31 %v_29[14.7,] %v_30[14.8,] identifier_to[14.5,] identifier_from[14.2,13.0,12.2,17.2,] 	 SYMBOL:	 ARGS:%v_30,identifier_to,identifier_from,
		 10: COPY TYPE_PASS def_revisions %v_31[14.9,] 
		 11: 
		 12: %v_31->nil? def_%v_32 %v_31[14.9,] 	 SYMBOL:	 ARGS:
		 13: BRANCH %v_32[14.12,] 
BB 15
	outgoing: 17 
	datadep: 
	instructions:
		 0: COPY TYPE_Nil def_%v_33 
		 1: 
BB 16
	outgoing: 17 
	datadep: 
	instructions:
		 0: %self->transaction def_%v_34 %self[2.0,] %self[2.0,] 	 SYMBOL:	 ARGS:%self,
CLOSURE BEGIN: revisions[14.10,] %self[2.0,] revision[] change[] changeset[] 
BB 1
	outgoing: 6 2 
	datadep: 
	instructions:
BB 2
	outgoing: 3 
	datadep: 
	instructions:
		 0: def_%self 
		 1: def_%cl_1_0 
		 2: COPY TYPE_CurrentScope def_%current_scope 
		 3: COPY TYPE_ScopeModule def_%current_module 
BB 3
	outgoing: 4 6 
	datadep: 
	instructions:
		 0: 
		 1: revisions->reverse_each def_%cl_1_3 revisions[] %self[2.0,] 	 SYMBOL:	 ARGS:revisions,
CLOSURE BEGIN: revision[] %self[2.0,] change[] changeset[] 
BB 1
	outgoing: 6 2 
	datadep: 
	instructions:
BB 2
	outgoing: 3 
	datadep: 
	instructions:
		 0: def_%self 
		 1: def_%cl_2_0 
		 2: RECEIVEARG def_revision 
		 3: COPY TYPE_CurrentScope def_%current_scope 
		 4: COPY TYPE_ScopeModule def_%current_module 
BB 3
	outgoing: 4 6 
	datadep: 
	instructions:
		 0: 
		 1: (Changeset) def_%cl_2_3 
		 2: revision->identifier def_%cl_2_4 revision[2.2,] 	 SYMBOL:	 ARGS:
		 3: revision->author def_%cl_2_5 revision[3.2,2.2,] 	 SYMBOL:	 ARGS:
		 4: revision->time def_%cl_2_6 revision[3.2,3.3,2.2,] 	 SYMBOL:	 ARGS:
		 5: revision->scmid def_%cl_2_7 revision[3.2,3.3,3.4,2.2,] 	 SYMBOL:	 ARGS:
		 6: revision->message def_%cl_2_8 revision[3.2,3.3,3.4,3.5,2.2,] 	 SYMBOL:	 ARGS:
		 7: HASH-repository-revision-committer-committed_on-scmid-comments- def_%cl_2_9 %self[2.0,] %cl_2_4[3.2,] %cl_2_5[3.3,] %cl_2_6[3.4,] %cl_2_7[3.5,] %cl_2_8[3.6,] 
		 8: %cl_2_3->create def_%cl_2_10 %cl_2_3[3.1,] %cl_2_9[3.7,] 	 SYMBOL:	 ARGS:%cl_2_9,
		 9: COPY TYPE_PASS def_changeset %cl_2_10[3.8,] 
		 10: 
		 11: revision->paths def_%cl_2_11 revision[3.2,3.3,3.4,3.5,3.6,2.2,] 	 SYMBOL:	 ARGS:
		 12: %cl_2_11->each def_%cl_2_12 %cl_2_11[3.11,] %self[2.0,] 	 SYMBOL:	 ARGS:%cl_2_11,
CLOSURE BEGIN: change[] changeset[3.9,] 
BB 1
	outgoing: 6 2 
	datadep: 
	instructions:
BB 2
	outgoing: 3 
	datadep: 
	instructions:
		 0: def_%self 
		 1: def_%cl_3_0 
		 2: RECEIVEARG def_change 
		 3: COPY TYPE_CurrentScope def_%current_scope 
		 4: COPY TYPE_ScopeModule def_%current_module 
BB 3
	outgoing: 4 6 
	datadep: 
	instructions:
		 0: 
		 1: (Change) def_%cl_3_3 
		 2: change->[] def_%cl_3_4 change[2.2,] 	 SYMBOL:action,	 ARGS:Symbol,
		 3: change->[] def_%cl_3_5 change[3.2,2.2,] 	 SYMBOL:path,	 ARGS:Symbol,
		 4: change->[] def_%cl_3_6 change[3.2,3.3,2.2,] 	 SYMBOL:revision,	 ARGS:Symbol,
		 5: HASH-changeset-action-path-revision- def_%cl_3_7 changeset[] %cl_3_4[3.2,] %cl_3_5[3.3,] %cl_3_6[3.4,] 
		 6: %cl_3_3->create def_%cl_3_8 %cl_3_3[3.1,] %cl_3_7[3.5,] 	 SYMBOL:	 ARGS:%cl_3_7,
		 7: RETURN %cl_3_8[3.6,] %self[2.0,] 
BB 4
	outgoing: 6 
	datadep: 
	instructions:
		 0: def_%cl_3_9 
		 1: def_%cl_3_10 %cl_3_9[4.0,] 
		 2: RETURN %cl_3_10[4.1,] %self[2.0,] 
BB 6
	outgoing: 
	datadep: 
	instructions:
CLOSURE END: 
		 13: RETURN %cl_2_12[3.12,] %self[2.0,] 
BB 4
	outgoing: 6 
	datadep: 
	instructions:
		 0: def_%cl_2_13 
		 1: def_%cl_2_14 %cl_2_13[4.0,] 
		 2: RETURN %cl_2_14[4.1,] %self[2.0,] 
BB 6
	outgoing: 
	datadep: 
	instructions:
CLOSURE END: changeset[3.9,] 
		 2: RETURN %cl_1_3[3.1,] %self[2.0,] 
BB 4
	outgoing: 6 
	datadep: 
	instructions:
		 0: def_%cl_1_4 
		 1: def_%cl_1_5 %cl_1_4[4.0,] 
		 2: RETURN %cl_1_5[4.1,] %self[2.0,] 
BB 6
	outgoing: 
	datadep: 
	instructions:
CLOSURE END: 
		 1: COPY TYPE_PASS def_%v_33 %v_34[16.0,] 
BB 17
	outgoing: 13 
	datadep: 
	instructions:
		 0: 
		 1: identifier_to->+ def_%v_35 identifier_to[14.5,] 	 SYMBOL:	 ARGS:Fixnum,
		 2: COPY TYPE_PASS def_identifier_from %v_35[17.1,] 
		 3: 
BB 19
	outgoing: 22 
	datadep: 
	instructions:
		 0: COPY TYPE_Nil def_%v_24 
		 1: 
BB 21
	outgoing: 22 
	datadep: 
	instructions:
		 0: COPY TYPE_Nil def_%v_24 
BB 22
	outgoing: 25 
	datadep: 
	instructions:
		 0: RETURN %v_24[21.0,19.0,] %self[2.0,] 
BB 23
	outgoing: 25 
	datadep: 
	instructions:
		 0: RETURN %self[2.0,] 
BB 25
	outgoing: 
	datadep: 
	instructions:

