SET IRMethod, name = execute instanceMethod = true
BB 1
	outgoing: 16 2 
	datadep: 
	instructions:
BB 2
	outgoing: 3 5 
	datadep: 
	instructions:
		 0: def_%self 
		 1: def_%v_0 
		 2: COPY TYPE_CurrentScope def_%current_scope 
		 3: COPY TYPE_ScopeModule def_%current_module 
		 4: 
		 5: RECEIVEARG def_milestone 
		 6: 
		 7: %self->params def_%v_3 %self[2.0,] 	 SYMBOL:	 ARGS:
		 8: %v_3->[] def_%v_4 %v_3[2.7,] 	 SYMBOL:state_event,	 ARGS:Symbol,
		 9: COPY TYPE_PASS def_state %v_4[2.8,] 
		 10: 
		 11: COPY TYPE_StringLiteral "activate" def_%v_7 
		 12: def_%v_6 %v_7[2.11,] %v_4[2.8,] 
		 13: BRANCH %v_6[2.12,] 
BB 3
	outgoing: 4 8 
	datadep: 
	instructions:
		 0: COPY TYPE_StringLiteral "close" def_%v_9 
		 1: def_%v_8 %v_9[3.0,] state[2.9,] 
		 2: BRANCH %v_8[3.1,] 
BB 4
	outgoing: 12 
	datadep: 
	instructions:
		 0: COPY TYPE_Nil def_%v_5 
		 1: 
BB 5
	outgoing: 6 7 
	datadep: 
	instructions:
		 0: 
		 1: (Milestones) def_%v_10 
		 2: (inherit ReopenService) def_%v_11 %v_10[5.1,] 
		 3: %v_11[5.2,] 
BB 6
	outgoing: 7 
	datadep: 
	instructions:
		 0: %v_10->const_missing def_%v_11 %v_10[5.1,] 	 SYMBOL:ReopenService,	 ARGS:Symbol,
BB 7
	outgoing: 12 
	datadep: 
	instructions:
		 0: %self->project def_%v_12 %self[2.0,] 	 SYMBOL:	 ARGS:
		 1: %self->current_user def_%v_13 %self[7.0,2.0,] 	 SYMBOL:	 ARGS:
		 2: HASH- def_%v_14 
		 3: %v_11->new def_%v_15 %v_11[6.0,5.2,] %v_12[7.0,] %v_13[7.1,] %v_14[7.2,] 	 SYMBOL:	 ARGS:%v_12,%v_13,%v_14,
		 4: %v_15->execute def_%v_16 %v_15[7.3,] milestone[2.5,] 	 SYMBOL:	 ARGS:milestone,
		 5: COPY TYPE_PASS def_%v_5 %v_16[7.4,] 
		 6: 
BB 8
	outgoing: 9 10 
	datadep: 
	instructions:
		 0: 
		 1: (Milestones) def_%v_17 
		 2: (inherit CloseService) def_%v_18 %v_17[8.1,] 
		 3: %v_18[8.2,] 
BB 9
	outgoing: 10 
	datadep: 
	instructions:
		 0: %v_17->const_missing def_%v_18 %v_17[8.1,] 	 SYMBOL:CloseService,	 ARGS:Symbol,
BB 10
	outgoing: 12 
	datadep: 
	instructions:
		 0: %self->project def_%v_19 %self[2.0,] 	 SYMBOL:	 ARGS:
		 1: %self->current_user def_%v_20 %self[10.0,2.0,] 	 SYMBOL:	 ARGS:
		 2: HASH- def_%v_21 
		 3: %v_18->new def_%v_22 %v_18[9.0,8.2,] %v_19[10.0,] %v_20[10.1,] %v_21[10.2,] 	 SYMBOL:	 ARGS:%v_19,%v_20,%v_21,
		 4: %v_22->execute def_%v_23 %v_22[10.3,] milestone[2.5,] 	 SYMBOL:	 ARGS:milestone,
		 5: COPY TYPE_PASS def_%v_5 %v_23[10.4,] 
		 6: 
BB 12
	outgoing: 13 14 
	datadep: 
	instructions:
		 0: 
		 1: %self->params def_%v_24 %self[2.0,] 	 SYMBOL:	 ARGS:
		 2: %v_24->present? def_%v_25 %v_24[12.1,] 	 SYMBOL:	 ARGS:
		 3: BRANCH %v_25[12.2,] 
BB 13
	outgoing: 15 
	datadep: 
	instructions:
		 0: 
		 1: %self->params def_%v_26 %self[2.0,] 	 SYMBOL:	 ARGS:
		 2: %v_26->except def_%v_27 %v_26[13.1,] 	 SYMBOL:state_event,	 ARGS:Symbol,
		 3: milestone->update_attributes def_%v_28 milestone[2.5,] %v_27[13.2,] 	 SYMBOL:	 ARGS:%v_27,
		 4: 
BB 14
	outgoing: 15 
	datadep: 
	instructions:
		 0: COPY TYPE_Nil def_%v_28 
BB 15
	outgoing: 16 
	datadep: 
	instructions:
		 0: 
		 1: RETURN milestone[2.5,] %self[2.0,] 
BB 16
	outgoing: 
	datadep: 
	instructions:

