SET IRMethod, name = display_value instanceMethod = true
BB 1
	outgoing: 6 2 
	datadep: 
	instructions:
BB 2
	outgoing: 3 4 
	datadep: 
	instructions:
		 0: def_%self 
		 1: def_%v_0 
		 2: COPY TYPE_CurrentScope def_%current_scope 
		 3: COPY TYPE_ScopeModule def_%current_module 
		 4: 
		 5: 
		 6: %self->question def_%v_3 %self[2.0,] 	 SYMBOL:	 ARGS:
		 7: %v_3->allow_decimals def_%v_4 %v_3[2.6,] 	 SYMBOL:	 ARGS:
		 8: BRANCH %v_4[2.7,] 
BB 3
	outgoing: 6 
	datadep: 
	instructions:
		 0: %self->numeric_value def_%v_5 %self[2.0,] 	 SYMBOL:	 ARGS:
		 1: RETURN %v_5[3.0,] %self[3.0,2.0,] 
BB 4
	outgoing: 6 
	datadep: 
	instructions:
		 0: %self->numeric_value def_%v_6 %self[2.0,] 	 SYMBOL:	 ARGS:
		 1: %v_6->to_i def_%v_7 %v_6[4.0,] 	 SYMBOL:	 ARGS:
		 2: RETURN %v_7[4.1,] %self[4.0,2.0,] 
BB 6
	outgoing: 
	datadep: 
	instructions:

SET IRMethod, name = search_many instanceMethod = false
BB 1
	outgoing: 5 2 
	datadep: 
	instructions:
BB 2
	outgoing: 3 4 
	datadep: 
	instructions:
		 0: def_%self 
		 1: def_%v_0 
		 2: COPY TYPE_CurrentScope def_%current_scope 
		 3: COPY TYPE_ScopeModule def_%current_module 
		 4: 
		 5: RECEIVEARG def_with_many 
		 6: RECEIVECONSTARG def_ids 
		 7: ids[2.6,] 
BB 3
	outgoing: 4 
	datadep: 
	instructions:
		 0: COPY TYPE_Array def_%v_3 
		 1: COPY TYPE_PASS def_ids %v_3[3.0,] 
BB 4
	outgoing: 5 
	datadep: 
	instructions:
		 0: 
		 1: (TimingService) def_%v_4 
		 2: COPY TYPE_StringLiteral "Searching with " def_%v_5 
		 3: with_many->count def_%v_6 with_many[2.5,] 	 SYMBOL:	 ARGS:
		 4: COPY TYPE_StringLiteral " numeric fields took too long" def_%v_7 
		 5: BUILDSTRING def_%v_8 %v_5[4.2,] %v_6[4.3,] %v_7[4.4,] 
		 6: %v_4->log def_%v_9 %v_4[4.1,] %v_8[4.5,] %self[2.0,] 	 SYMBOL:	 ARGS:Float,%v_8,%v_4,
CLOSURE BEGIN: with_many[4.3,2.5,] ids[3.1,2.6,] 
BB 1
	outgoing: 6 2 
	datadep: 
	instructions:
BB 2
	outgoing: 3 
	datadep: 
	instructions:
		 0: def_%self 
		 1: def_%cl_1_0 
		 2: COPY TYPE_CurrentScope def_%current_scope 
		 3: COPY TYPE_ScopeModule def_%current_module 
BB 3
	outgoing: 4 6 
	datadep: 
	instructions:
		 0: 
		 1: (NumericFieldValue) def_%cl_1_3 
		 2: %cl_1_3->_search_many def_%cl_1_4 %cl_1_3[3.1,] with_many[] ids[] 	 SYMBOL:	 ARGS:with_many,ids,
		 3: RETURN %cl_1_4[3.2,] %self[2.0,] 
BB 4
	outgoing: 6 
	datadep: 
	instructions:
		 0: def_%cl_1_5 
		 1: def_%cl_1_6 %cl_1_5[4.0,] 
		 2: RETURN %cl_1_6[4.1,] %self[2.0,] 
BB 6
	outgoing: 
	datadep: 
	instructions:
CLOSURE END: 
		 7: RETURN %v_9[4.6,] %self[2.0,] 
BB 5
	outgoing: 
	datadep: 
	instructions:

SET IRMethod, name = _search_many instanceMethod = false
BB 1
	outgoing: 14 2 
	datadep: 
	instructions:
BB 2
	outgoing: 3 4 
	datadep: 
	instructions:
		 0: def_%self 
		 1: def_%v_0 
		 2: COPY TYPE_CurrentScope def_%current_scope 
		 3: COPY TYPE_ScopeModule def_%current_module 
		 4: 
		 5: RECEIVEARG def_with_many 
		 6: RECEIVECONSTARG def_ids 
		 7: ids[2.6,] 
BB 3
	outgoing: 4 
	datadep: 
	instructions:
		 0: COPY TYPE_Array def_%v_3 
		 1: COPY TYPE_PASS def_ids %v_3[3.0,] 
BB 4
	outgoing: 5 6 
	datadep: 
	instructions:
		 0: 
		 1: with_many->length def_%v_4 with_many[2.5,] 	 SYMBOL:	 ARGS:
		 2: %v_4->== def_%v_5 %v_4[4.1,] 	 SYMBOL:	 ARGS:Fixnum,
		 3: BRANCH %v_5[4.2,] 
BB 5
	outgoing: 14 
	datadep: 
	instructions:
		 0: 
		 1: (NumericFieldValue) def_%v_6 
		 2: HASH- def_%v_7 
		 3: %v_6->search_with_listing_ids def_%v_8 %v_6[5.1,] %v_7[5.2,] ids[3.1,2.6,] 	 SYMBOL:	 ARGS:%v_7,ids,
		 4: RETURN %v_8[5.3,] %self[2.0,] 
BB 6
	outgoing: 7 8 
	datadep: 
	instructions:
		 0: 
		 1: with_many->length def_%v_9 with_many[2.5,] 	 SYMBOL:	 ARGS:
		 2: %v_9->== def_%v_10 %v_9[6.1,] 	 SYMBOL:	 ARGS:Fixnum,
		 3: BRANCH %v_10[6.2,] 
BB 7
	outgoing: 12 
	datadep: 
	instructions:
		 0: 
		 1: (NumericFieldValue) def_%v_11 
		 2: with_many->first def_%v_12 with_many[2.5,] 	 SYMBOL:	 ARGS:
		 3: %v_11->search_with_listing_ids def_%v_13 %v_11[7.1,] %v_12[7.2,] ids[3.1,2.6,] 	 SYMBOL:	 ARGS:%v_12,ids,
		 4: 
BB 8
	outgoing: 9 10 
	datadep: 
	instructions:
		 0: 
		 1: def_%v_14 with_many[2.5,] 
		 2: def_%v_15 %v_14[8.1,] 
		 3: def_%v_16 %v_15[8.2,] 
		 4: def_%v_17 %v_15[8.2,] 
		 5: COPY TYPE_PASS def_first_with %v_16[8.3,] 
		 6: COPY TYPE_PASS def_rest_withs %v_17[8.4,] 
		 7: 
		 8: (NumericFieldValue) def_%v_18 
		 9: %v_18->_search_many def_%v_19 %v_18[8.8,] %v_17[8.4,] ids[3.1,2.6,] 	 SYMBOL:	 ARGS:rest_withs,ids,
		 10: %v_19->collect def_%v_20 %v_19[8.9,] 	 SYMBOL:listing_id,	 ARGS:
		 11: COPY TYPE_PASS def_new_ids %v_20[8.10,] 
		 12: 
		 13: %v_20->empty? def_%v_21 %v_20[8.10,] 	 SYMBOL:	 ARGS:
		 14: BRANCH %v_21[8.13,] 
BB 9
	outgoing: 11 
	datadep: 
	instructions:
		 0: 
		 1: COPY TYPE_PASS def_%v_22 new_ids[8.11,] 
		 2: 
BB 10
	outgoing: 11 
	datadep: 
	instructions:
		 0: 
		 1: (NumericFieldValue) def_%v_23 
		 2: %v_23->search_with_listing_ids def_%v_24 %v_23[10.1,] first_with[8.5,] new_ids[8.11,] 	 SYMBOL:	 ARGS:first_with,new_ids,
		 3: COPY TYPE_PASS def_%v_22 %v_24[10.2,] 
BB 11
	outgoing: 12 
	datadep: 
	instructions:
		 0: COPY TYPE_PASS def_%v_13 %v_22[10.3,9.1,] 
BB 12
	outgoing: 14 
	datadep: 
	instructions:
		 0: RETURN %v_13[11.0,7.3,] %self[2.0,] 
BB 14
	outgoing: 
	datadep: 
	instructions:

SET IRMethod, name = search_with_listing_ids instanceMethod = false
BB 1
	outgoing: 9 2 
	datadep: 
	instructions:
BB 2
	outgoing: 3 4 
	datadep: 
	instructions:
		 0: def_%self 
		 1: def_%v_0 
		 2: COPY TYPE_CurrentScope def_%current_scope 
		 3: COPY TYPE_ScopeModule def_%current_module 
		 4: 
		 5: RECEIVEARG def_with 
		 6: RECEIVEARG def_ids 
		 7: 
		 8: (NumericFieldValue) def_%v_3 
		 9: HASH-listing_id- def_%v_4 ids[2.6,] 
		 10: with->merge def_%v_5 with[2.5,] %v_4[2.9,] 	 SYMBOL:	 ARGS:%v_4,
		 11: (ListingIndexService) def_%v_6 
		 12: (inherit Search) def_%v_7 %v_6[2.11,] 
		 13: %v_7[2.12,] 
BB 3
	outgoing: 4 
	datadep: 
	instructions:
		 0: %v_6->const_missing def_%v_7 %v_6[2.11,] 	 SYMBOL:Search,	 ARGS:Symbol,
BB 4
	outgoing: 5 6 
	datadep: 
	instructions:
		 0: (inherit SphinxAdapter) def_%v_8 %v_7[3.0,2.12,] 
		 1: %v_8[4.0,] 
BB 5
	outgoing: 6 
	datadep: 
	instructions:
		 0: %v_7->const_missing def_%v_8 %v_7[3.0,2.12,] 	 SYMBOL:SphinxAdapter,	 ARGS:Symbol,
BB 6
	outgoing: 7 8 
	datadep: 
	instructions:
		 0: (inherit SPHINX_MAX_MATCHES) def_%v_9 %v_8[5.0,4.0,] 
		 1: %v_9[6.0,] 
BB 7
	outgoing: 8 
	datadep: 
	instructions:
		 0: %v_8->const_missing def_%v_9 %v_8[5.0,4.0,] 	 SYMBOL:SPHINX_MAX_MATCHES,	 ARGS:Symbol,
BB 8
	outgoing: 9 
	datadep: 
	instructions:
		 0: HASH-with-per_page- def_%v_10 %v_5[2.10,] %v_9[7.0,6.0,] 
		 1: %v_3->search def_%v_11 %v_3[2.8,] %v_10[8.0,] 	 SYMBOL:	 ARGS:%v_10,
		 2: RETURN %v_11[8.1,] %self[2.0,] 
BB 9
	outgoing: 
	datadep: 
	instructions:

