SET IRMethod, name = to_param instanceMethod = true
BB 1
	outgoing: 3 2 
	datadep: 
	instructions:
BB 2
	outgoing: 3 
	datadep: 
	instructions:
		 0: def_%self 
		 1: def_%v_0 
		 2: COPY TYPE_CurrentScope def_%current_scope 
		 3: COPY TYPE_ScopeModule def_%current_module 
		 4: 
		 5: 
		 6: %self->token def_%v_3 %self[2.0,] 	 SYMBOL:	 ARGS:
		 7: RETURN %v_3[2.6,] %self[2.0,2.6,] 
BB 3
	outgoing: 
	datadep: 
	instructions:

SET IRMethod, name = can_be_used? instanceMethod = true
BB 1
	outgoing: 3 2 
	datadep: 
	instructions:
BB 2
	outgoing: 3 
	datadep: 
	instructions:
		 0: def_%self 
		 1: def_%v_0 
		 2: COPY TYPE_CurrentScope def_%current_scope 
		 3: COPY TYPE_ScopeModule def_%current_module 
		 4: 
		 5: 
		 6: %self->count def_%v_3 %self[2.0,] 	 SYMBOL:	 ARGS:
		 7: %v_3->> def_%v_4 %v_3[2.6,] 	 SYMBOL:	 ARGS:Fixnum,
		 8: RETURN %v_4[2.7,] %self[2.0,2.6,] 
BB 3
	outgoing: 
	datadep: 
	instructions:

SET IRMethod, name = add_invites! instanceMethod = true
BB 1
	outgoing: 3 2 
	datadep: 
	instructions:
BB 2
	outgoing: 3 
	datadep: 
	instructions:
		 0: def_%self 
		 1: def_%v_0 
		 2: COPY TYPE_CurrentScope def_%current_scope 
		 3: COPY TYPE_ScopeModule def_%current_module 
		 4: 
		 5: 
		 6: %self->count def_%v_3 %self[2.0,] 	 SYMBOL:	 ARGS:
		 7: %v_3->+ def_%v_4 %v_3[2.6,] 	 SYMBOL:	 ARGS:Fixnum,
		 8: HASH-count- def_%v_5 %v_4[2.7,] 
		 9: %self->update_attributes def_%v_6 %self[2.0,2.6,] %v_5[2.8,] 	 SYMBOL:	 ARGS:%v_5,
		 10: RETURN %v_6[2.9,] %self[2.0,2.6,2.9,] 
BB 3
	outgoing: 
	datadep: 
	instructions:

SET IRMethod, name = use! instanceMethod = true
BB 1
	outgoing: 3 2 
	datadep: 
	instructions:
BB 2
	outgoing: 3 
	datadep: 
	instructions:
		 0: def_%self 
		 1: def_%v_0 
		 2: COPY TYPE_CurrentScope def_%current_scope 
		 3: COPY TYPE_ScopeModule def_%current_module 
		 4: 
		 5: 
		 6: %self->count def_%v_3 %self[2.0,] 	 SYMBOL:	 ARGS:
		 7: %v_3->- def_%v_4 %v_3[2.6,] 	 SYMBOL:	 ARGS:Fixnum,
		 8: HASH-count- def_%v_5 %v_4[2.7,] 
		 9: %self->update_attributes def_%v_6 %self[2.0,2.6,] %v_5[2.8,] 	 SYMBOL:	 ARGS:%v_5,
		 10: RETURN %v_6[2.9,] %self[2.0,2.6,2.9,] 
BB 3
	outgoing: 
	datadep: 
	instructions:

SET IRMethod, name = generate_token instanceMethod = true
BB 1
	outgoing: 8 2 
	datadep: 
	instructions:
BB 2
	outgoing: 4 
	datadep: 
	instructions:
		 0: def_%self 
		 1: def_%v_0 
		 2: COPY TYPE_CurrentScope def_%current_scope 
		 3: COPY TYPE_ScopeModule def_%current_module 
		 4: 
		 5: 
BB 4
	outgoing: 4 6 
	datadep: 
	instructions:
		 0: 
		 1: 
		 2: (SecureRandom) def_%v_4 
		 3: %v_4->hex def_%v_5 %v_4[4.2,] 	 SYMBOL:	 ARGS:Fixnum,
		 4: ATTRASSIGN %self->token %v_5[4.3,] 
		 5: 
		 6: (InvitationCode) def_%v_6 
		 7: %self->[] def_%v_7 %self[4.4,2.0,] 	 SYMBOL:token,	 ARGS:Symbol,
		 8: HASH-token- def_%v_8 %v_7[4.7,] 
		 9: %v_6->exists? def_%v_9 %v_6[4.6,] %v_8[4.8,] 	 SYMBOL:	 ARGS:%v_8,
		 10: BRANCH %v_9[4.9,] 
BB 6
	outgoing: 8 
	datadep: 
	instructions:
		 0: RETURN %self[4.4,2.0,] 
BB 8
	outgoing: 
	datadep: 
	instructions:

SET IRMethod, name = default_inviter_or instanceMethod = false
BB 1
	outgoing: 8 2 
	datadep: 
	instructions:
BB 2
	outgoing: 3 4 
	datadep: 
	instructions:
		 0: def_%self 
		 1: def_%v_0 
		 2: COPY TYPE_CurrentScope def_%current_scope 
		 3: COPY TYPE_ScopeModule def_%current_module 
		 4: 
		 5: RECEIVEARG def_user 
		 6: 
		 7: (AppConfig) def_%v_3 
		 8: %v_3->admins def_%v_4 %v_3[2.7,] 	 SYMBOL:	 ARGS:
		 9: %v_4->account def_%v_5 %v_4[2.8,] 	 SYMBOL:	 ARGS:
		 10: %v_5->present? def_%v_6 %v_5[2.9,] 	 SYMBOL:	 ARGS:
		 11: BRANCH %v_6[2.10,] 
BB 3
	outgoing: 5 
	datadep: 
	instructions:
		 0: 
		 1: (User) def_%v_7 
		 2: (AppConfig) def_%v_8 
		 3: %v_8->admins def_%v_9 %v_8[3.2,] 	 SYMBOL:	 ARGS:
		 4: %v_9->account def_%v_10 %v_9[3.3,] 	 SYMBOL:	 ARGS:
		 5: %v_10->get def_%v_11 %v_10[3.4,] 	 SYMBOL:	 ARGS:
		 6: %v_7->find_by_username def_%v_12 %v_7[3.1,] %v_11[3.5,] 	 SYMBOL:	 ARGS:%v_11,
		 7: COPY TYPE_PASS def_inviter %v_12[3.6,] 
		 8: 
BB 4
	outgoing: 5 
	datadep: 
	instructions:
		 0: COPY TYPE_Nil def_%v_12 
BB 5
	outgoing: 6 7 
	datadep: 
	instructions:
		 0: 
		 1: COPY TYPE_PASS def_%v_13 inviter[3.7,] 
		 2: COPY TYPE_PASS def_%v_14 inviter[3.7,] 
		 3: BRANCH inviter[3.7,] 
BB 6
	outgoing: 7 
	datadep: 
	instructions:
		 0: COPY TYPE_PASS def_inviter user[2.5,] 
		 1: COPY TYPE_PASS def_%v_14 user[2.5,] 
BB 7
	outgoing: 8 
	datadep: 
	instructions:
		 0: 
		 1: RETURN inviter[6.0,3.7,] %self[2.0,] 
BB 8
	outgoing: 
	datadep: 
	instructions:

SET IRMethod, name = set_default_invite_count instanceMethod = true
BB 1
	outgoing: 5 2 
	datadep: 
	instructions:
BB 2
	outgoing: 3 4 
	datadep: 
	instructions:
		 0: def_%self 
		 1: def_%v_0 
		 2: COPY TYPE_CurrentScope def_%current_scope 
		 3: COPY TYPE_ScopeModule def_%current_module 
		 4: 
		 5: 
		 6: (AppConfig) def_%v_3 
		 7: COPY TYPE_StringLiteral "settings.invitations.count" def_%v_4 
		 8: %v_3->[] def_%v_5 %v_3[2.6,] %v_4[2.7,] 	 SYMBOL:	 ARGS:%v_4,
		 9: BRANCH %v_5[2.8,] 
BB 3
	outgoing: 4 
	datadep: 
	instructions:
		 0: COPY TYPE_Fixnum def_%v_5 
BB 4
	outgoing: 5 
	datadep: 
	instructions:
		 0: ATTRASSIGN %self->count %v_5[3.0,2.8,] 
		 1: RETURN %v_5[3.0,2.8,] %self[4.0,2.0,] 
BB 5
	outgoing: 
	datadep: 
	instructions:

