SET IRMethod, name = federated_class instanceMethod = false
BB 1
	outgoing: 3 2 
	datadep: 
	instructions:
BB 2
	outgoing: 3 
	datadep: 
	instructions:
		 0: def_%self 
		 1: def_%v_0 
		 2: COPY TYPE_CurrentScope def_%current_scope 
		 3: COPY TYPE_ScopeModule def_%current_module 
		 4: 
		 5: 
		 6: (Like) def_%v_3 
		 7: RETURN %v_3[2.6,] %self[2.0,] 
BB 3
	outgoing: 
	datadep: 
	instructions:

SET IRMethod, name = relayable_options instanceMethod = true
BB 1
	outgoing: 3 2 
	datadep: 
	instructions:
BB 2
	outgoing: 3 
	datadep: 
	instructions:
		 0: def_%self 
		 1: def_%v_0 
		 2: COPY TYPE_CurrentScope def_%current_scope 
		 3: COPY TYPE_ScopeModule def_%current_module 
		 4: 
		 5: 
		 6: GETFIELD %self->target def_%v_3 %self[2.0,] 
		 7: HASH-target-positive- def_%v_4 %v_3[2.6,] 
		 8: RETURN %v_4[2.7,] %self[2.0,] 
BB 3
	outgoing: 
	datadep: 
	instructions:

SET IRMethod, name = notification_type instanceMethod = true
BB 1
	outgoing: 13 2 
	datadep: 
	instructions:
BB 2
	outgoing: 3 4 
	datadep: 
	instructions:
		 0: def_%self 
		 1: def_%v_0 
		 2: COPY TYPE_CurrentScope def_%current_scope 
		 3: COPY TYPE_ScopeModule def_%current_module 
		 4: 
		 5: RECEIVEARG def_user 
		 6: RECEIVEARG def_person 
		 7: 
		 8: %self->target_type def_%v_3 %self[2.0,] 	 SYMBOL:	 ARGS:
		 9: COPY TYPE_StringLiteral "Comment" def_%v_4 
		 10: %v_3->== def_%v_5 %v_3[2.8,] %v_4[2.9,] 	 SYMBOL:	 ARGS:%v_4,
		 11: BRANCH %v_5[2.10,] 
BB 3
	outgoing: 13 
	datadep: 
	instructions:
		 0: RETURN %self[2.0,] 
BB 4
	outgoing: 6 7 
	datadep: 
	instructions:
		 0: COPY TYPE_Nil def_%v_6 
		 1: 
		 2: %self->target def_%v_7 %self[2.0,] 	 SYMBOL:	 ARGS:
		 3: %v_7->author def_%v_8 %v_7[4.2,] 	 SYMBOL:	 ARGS:
		 4: user->person def_%v_9 user[2.5,] 	 SYMBOL:	 ARGS:
		 5: %v_8->== def_%v_10 %v_8[4.3,] %v_9[4.4,] 	 SYMBOL:	 ARGS:%v_9,
		 6: BRANCH %v_10[4.5,] 
BB 6
	outgoing: 7 
	datadep: 
	instructions:
		 0: user->person def_%v_11 user[2.5,] 	 SYMBOL:	 ARGS:
		 1: %v_11->!= def_%v_12 %v_11[6.0,] person[2.6,] 	 SYMBOL:	 ARGS:person,
		 2: COPY TYPE_PASS def_%v_10 %v_12[6.1,] 
BB 7
	outgoing: 8 11 
	datadep: 
	instructions:
		 0: BRANCH %v_10[6.2,4.5,] 
BB 8
	outgoing: 9 10 
	datadep: 
	instructions:
		 0: (Notifications) def_%v_13 
		 1: (inherit Liked) def_%v_14 %v_13[8.0,] 
		 2: %v_14[8.1,] 
BB 9
	outgoing: 10 
	datadep: 
	instructions:
		 0: %v_13->const_missing def_%v_14 %v_13[8.0,] 	 SYMBOL:Liked,	 ARGS:Symbol,
BB 10
	outgoing: 13 
	datadep: 
	instructions:
		 0: RETURN %v_14[9.0,8.1,] %self[2.0,] 
BB 11
	outgoing: 13 
	datadep: 
	instructions:
		 0: RETURN %self[2.0,] 
BB 13
	outgoing: 
	datadep: 
	instructions:

