SET IRMethod, name = admins instanceMethod = false
BB 1
	outgoing: 3 2 
	datadep: 
	instructions:
BB 2
	outgoing: 3 
	datadep: 
	instructions:
		 0: def_%self 
		 1: def_%v_0 
		 2: COPY TYPE_CurrentScope def_%current_scope 
		 3: COPY TYPE_ScopeModule def_%current_module 
		 4: 
		 5: 
		 6: COPY TYPE_StringLiteral "admin" def_%v_3 
		 7: HASH-name- def_%v_4 %v_3[2.6,] 
		 8: %self->where def_%v_5 %self[2.0,] %v_4[2.7,] 	 SYMBOL:	 ARGS:%v_4,
		 9: RETURN %v_5[2.8,] %self[2.0,2.8,] 
BB 3
	outgoing: 
	datadep: 
	instructions:

SET IRMethod, name = moderators instanceMethod = false
BB 1
	outgoing: 3 2 
	datadep: 
	instructions:
BB 2
	outgoing: 3 
	datadep: 
	instructions:
		 0: def_%self 
		 1: def_%v_0 
		 2: COPY TYPE_CurrentScope def_%current_scope 
		 3: COPY TYPE_ScopeModule def_%current_module 
		 4: 
		 5: 
		 6: COPY TYPE_StringLiteral "moderator" def_%v_3 
		 7: COPY TYPE_StringLiteral "admin" def_%v_4 
		 8: COPY TYPE_Array def_%v_5 %v_3[2.6,] %v_4[2.7,] 
		 9: HASH-name- def_%v_6 %v_5[2.8,] 
		 10: %self->where def_%v_7 %self[2.0,] %v_6[2.9,] 	 SYMBOL:	 ARGS:%v_6,
		 11: RETURN %v_7[2.10,] %self[2.0,2.10,] 
BB 3
	outgoing: 
	datadep: 
	instructions:

SET IRMethod, name = is_admin? instanceMethod = false
BB 1
	outgoing: 3 2 
	datadep: 
	instructions:
BB 2
	outgoing: 3 
	datadep: 
	instructions:
		 0: def_%self 
		 1: def_%v_0 
		 2: COPY TYPE_CurrentScope def_%current_scope 
		 3: COPY TYPE_ScopeModule def_%current_module 
		 4: 
		 5: RECEIVEARG def_person 
		 6: 
		 7: person->id def_%v_3 person[2.5,] 	 SYMBOL:	 ARGS:
		 8: COPY TYPE_StringLiteral "admin" def_%v_4 
		 9: HASH-person_id-name- def_%v_5 %v_3[2.7,] %v_4[2.8,] 
		 10: %self->exists? def_%v_6 %self[2.0,] %v_5[2.9,] 	 SYMBOL:	 ARGS:%v_5,
		 11: RETURN %v_6[2.10,] %self[2.0,2.10,] 
BB 3
	outgoing: 
	datadep: 
	instructions:

SET IRMethod, name = add_admin instanceMethod = false
BB 1
	outgoing: 3 2 
	datadep: 
	instructions:
BB 2
	outgoing: 3 
	datadep: 
	instructions:
		 0: def_%self 
		 1: def_%v_0 
		 2: COPY TYPE_CurrentScope def_%current_scope 
		 3: COPY TYPE_ScopeModule def_%current_module 
		 4: 
		 5: RECEIVEARG def_person 
		 6: 
		 7: person->id def_%v_3 person[2.5,] 	 SYMBOL:	 ARGS:
		 8: COPY TYPE_StringLiteral "admin" def_%v_4 
		 9: HASH-person_id-name- def_%v_5 %v_3[2.7,] %v_4[2.8,] 
		 10: %self->find_or_create_by def_%v_6 %self[2.0,] %v_5[2.9,] 	 SYMBOL:	 ARGS:%v_5,
		 11: RETURN %v_6[2.10,] %self[2.0,2.10,] 
BB 3
	outgoing: 
	datadep: 
	instructions:

SET IRMethod, name = moderator? instanceMethod = false
BB 1
	outgoing: 3 2 
	datadep: 
	instructions:
BB 2
	outgoing: 3 
	datadep: 
	instructions:
		 0: def_%self 
		 1: def_%v_0 
		 2: COPY TYPE_CurrentScope def_%current_scope 
		 3: COPY TYPE_ScopeModule def_%current_module 
		 4: 
		 5: RECEIVEARG def_person 
		 6: 
		 7: %self->moderators def_%v_3 %self[2.0,] 	 SYMBOL:	 ARGS:
		 8: person->id def_%v_4 person[2.5,] 	 SYMBOL:	 ARGS:
		 9: HASH-person_id- def_%v_5 %v_4[2.8,] 
		 10: %v_3->exists? def_%v_6 %v_3[2.7,] %v_5[2.9,] 	 SYMBOL:	 ARGS:%v_5,
		 11: RETURN %v_6[2.10,] %self[2.0,2.7,] 
BB 3
	outgoing: 
	datadep: 
	instructions:

SET IRMethod, name = add_moderator instanceMethod = false
BB 1
	outgoing: 3 2 
	datadep: 
	instructions:
BB 2
	outgoing: 3 
	datadep: 
	instructions:
		 0: def_%self 
		 1: def_%v_0 
		 2: COPY TYPE_CurrentScope def_%current_scope 
		 3: COPY TYPE_ScopeModule def_%current_module 
		 4: 
		 5: RECEIVEARG def_person 
		 6: 
		 7: person->id def_%v_3 person[2.5,] 	 SYMBOL:	 ARGS:
		 8: COPY TYPE_StringLiteral "moderator" def_%v_4 
		 9: HASH-person_id-name- def_%v_5 %v_3[2.7,] %v_4[2.8,] 
		 10: %self->find_or_create_by def_%v_6 %self[2.0,] %v_5[2.9,] 	 SYMBOL:	 ARGS:%v_5,
		 11: RETURN %v_6[2.10,] %self[2.0,2.10,] 
BB 3
	outgoing: 
	datadep: 
	instructions:

SET IRMethod, name = add_spotlight instanceMethod = false
BB 1
	outgoing: 3 2 
	datadep: 
	instructions:
BB 2
	outgoing: 3 
	datadep: 
	instructions:
		 0: def_%self 
		 1: def_%v_0 
		 2: COPY TYPE_CurrentScope def_%current_scope 
		 3: COPY TYPE_ScopeModule def_%current_module 
		 4: 
		 5: RECEIVEARG def_person 
		 6: 
		 7: person->id def_%v_3 person[2.5,] 	 SYMBOL:	 ARGS:
		 8: COPY TYPE_StringLiteral "spotlight" def_%v_4 
		 9: HASH-person_id-name- def_%v_5 %v_3[2.7,] %v_4[2.8,] 
		 10: %self->find_or_create_by def_%v_6 %self[2.0,] %v_5[2.9,] 	 SYMBOL:	 ARGS:%v_5,
		 11: RETURN %v_6[2.10,] %self[2.0,2.10,] 
BB 3
	outgoing: 
	datadep: 
	instructions:

