SET IRMethod, name = profile_photo_url instanceMethod = true
BB 1
	outgoing: 3 2 
	datadep: 
	instructions:
BB 2
	outgoing: 3 
	datadep: 
	instructions:
		 0: def_%self 
		 1: def_%v_0 
		 2: COPY TYPE_CurrentScope def_%current_scope 
		 3: COPY TYPE_ScopeModule def_%current_module 
		 4: 
		 5: 
		 6: RETURN %self[2.0,] 
BB 3
	outgoing: 
	datadep: 
	instructions:

SET IRMethod, name = delete_post instanceMethod = true
BB 1
	outgoing: 3 2 
	datadep: 
	instructions:
BB 2
	outgoing: 3 
	datadep: 
	instructions:
		 0: def_%self 
		 1: def_%v_0 
		 2: COPY TYPE_CurrentScope def_%current_scope 
		 3: COPY TYPE_ScopeModule def_%current_module 
		 4: 
		 5: RECEIVEARG def_post 
		 6: RETURN %self[2.0,] 
BB 3
	outgoing: 
	datadep: 
	instructions:

SET IRMethod, name = titles instanceMethod = true
BB 1
	outgoing: 3 2 
	datadep: 
	instructions:
BB 2
	outgoing: 3 
	datadep: 
	instructions:
		 0: def_%self 
		 1: def_%v_0 
		 2: COPY TYPE_CurrentScope def_%current_scope 
		 3: COPY TYPE_ScopeModule def_%current_module 
		 4: 
		 5: RECEIVEARG def_service_strings 
		 6: 
		 7: service_strings->map def_%v_3 service_strings[2.5,] %self[2.0,] 	 SYMBOL:	 ARGS:service_strings,
CLOSURE BEGIN: s[] 
BB 1
	outgoing: 6 2 
	datadep: 
	instructions:
BB 2
	outgoing: 3 
	datadep: 
	instructions:
		 0: def_%self 
		 1: def_%cl_1_0 
		 2: RECEIVEARG def_s 
		 3: COPY TYPE_CurrentScope def_%current_scope 
		 4: COPY TYPE_ScopeModule def_%current_module 
BB 3
	outgoing: 4 6 
	datadep: 
	instructions:
		 0: 
		 1: COPY TYPE_StringLiteral "Services::" def_%cl_1_3 
		 2: s->titleize def_%cl_1_4 s[2.2,] 	 SYMBOL:	 ARGS:
		 3: BUILDSTRING def_%cl_1_5 %cl_1_3[3.1,] %cl_1_4[3.2,] 
		 4: RETURN %cl_1_5[3.3,] %self[2.0,] 
BB 4
	outgoing: 6 
	datadep: 
	instructions:
		 0: def_%cl_1_6 
		 1: def_%cl_1_7 %cl_1_6[4.0,] 
		 2: RETURN %cl_1_7[4.1,] %self[2.0,] 
BB 6
	outgoing: 
	datadep: 
	instructions:
CLOSURE END: 
		 8: RETURN %v_3[2.7,] %self[2.0,] 
BB 3
	outgoing: 
	datadep: 
	instructions:

SET IRMethod, name = first_from_omniauth instanceMethod = true
BB 1
	outgoing: 3 2 
	datadep: 
	instructions:
BB 2
	outgoing: 3 
	datadep: 
	instructions:
		 0: def_%self 
		 1: def_%v_0 
		 2: COPY TYPE_CurrentScope def_%current_scope 
		 3: COPY TYPE_ScopeModule def_%current_module 
		 4: 
		 5: RECEIVEARG def_auth_hash 
		 6: 
		 7: auth_hash[2.5,] 
		 8: 
		 9: %self->service_type def_%v_3 %self[2.0,] 	 SYMBOL:	 ARGS:
		 10: %self->options def_%v_4 %self[2.0,2.9,] 	 SYMBOL:	 ARGS:
		 11: %v_4->[] def_%v_5 %v_4[2.10,] 	 SYMBOL:uid,	 ARGS:Symbol,
		 12: HASH-type-uid- def_%v_6 %v_3[2.9,] %v_5[2.11,] 
		 13: %self->where def_%v_7 %self[2.0,2.9,2.10,] %v_6[2.12,] 	 SYMBOL:	 ARGS:%v_6,
		 14: %v_7->first def_%v_8 %v_7[2.13,] 	 SYMBOL:	 ARGS:
		 15: RETURN %v_8[2.14,] %self[2.0,2.9,2.10,2.13,] 
BB 3
	outgoing: 
	datadep: 
	instructions:

SET IRMethod, name = initialize_from_omniauth instanceMethod = true
BB 1
	outgoing: 3 2 
	datadep: 
	instructions:
BB 2
	outgoing: 3 
	datadep: 
	instructions:
		 0: def_%self 
		 1: def_%v_0 
		 2: COPY TYPE_CurrentScope def_%current_scope 
		 3: COPY TYPE_ScopeModule def_%current_module 
		 4: 
		 5: RECEIVEARG def_auth_hash 
		 6: 
		 7: auth_hash[2.5,] 
		 8: 
		 9: %self->service_type def_%v_3 %self[2.0,] 	 SYMBOL:	 ARGS:
		 10: %v_3->constantize def_%v_4 %v_3[2.9,] 	 SYMBOL:	 ARGS:
		 11: %self->options def_%v_5 %self[2.0,2.9,] 	 SYMBOL:	 ARGS:
		 12: %v_4->new def_%v_6 %v_4[2.10,] %v_5[2.11,] 	 SYMBOL:	 ARGS:%v_5,
		 13: RETURN %v_6[2.12,] %self[2.0,2.9,2.11,] 
BB 3
	outgoing: 
	datadep: 
	instructions:

SET IRMethod, name = auth instanceMethod = true
BB 1
	outgoing: 3 2 
	datadep: 
	instructions:
BB 2
	outgoing: 3 
	datadep: 
	instructions:
		 0: def_%self 
		 1: def_%v_0 
		 2: COPY TYPE_CurrentScope def_%current_scope 
		 3: COPY TYPE_ScopeModule def_%current_module 
		 4: 
		 5: 
		 6: def_%v_3 
		 7: RETURN %v_3[2.6,] %self[2.0,] 
BB 3
	outgoing: 
	datadep: 
	instructions:

SET IRMethod, name = service_type instanceMethod = true
BB 1
	outgoing: 3 2 
	datadep: 
	instructions:
BB 2
	outgoing: 3 
	datadep: 
	instructions:
		 0: def_%self 
		 1: def_%v_0 
		 2: COPY TYPE_CurrentScope def_%current_scope 
		 3: COPY TYPE_ScopeModule def_%current_module 
		 4: 
		 5: 
		 6: COPY TYPE_StringLiteral "Services::" def_%v_3 
		 7: %self->options def_%v_4 %self[2.0,] 	 SYMBOL:	 ARGS:
		 8: %v_4->[] def_%v_5 %v_4[2.7,] 	 SYMBOL:provider,	 ARGS:Symbol,
		 9: %v_5->camelize def_%v_6 %v_5[2.8,] 	 SYMBOL:	 ARGS:
		 10: BUILDSTRING def_%v_7 %v_3[2.6,] %v_6[2.9,] 
		 11: RETURN %v_7[2.10,] %self[2.0,2.7,] 
BB 3
	outgoing: 
	datadep: 
	instructions:

SET IRMethod, name = options instanceMethod = true
BB 1
	outgoing: 3 2 
	datadep: 
	instructions:
BB 2
	outgoing: 3 
	datadep: 
	instructions:
		 0: def_%self 
		 1: def_%v_0 
		 2: COPY TYPE_CurrentScope def_%current_scope 
		 3: COPY TYPE_ScopeModule def_%current_module 
		 4: 
		 5: 
		 6: %self->auth def_%v_3 %self[2.0,] 	 SYMBOL:	 ARGS:
		 7: COPY TYPE_StringLiteral "info" def_%v_4 
		 8: %v_3->[] def_%v_5 %v_3[2.6,] %v_4[2.7,] 	 SYMBOL:	 ARGS:%v_4,
		 9: COPY TYPE_StringLiteral "nickname" def_%v_6 
		 10: %v_5->[] def_%v_7 %v_5[2.8,] %v_6[2.9,] 	 SYMBOL:	 ARGS:%v_6,
		 11: %self->auth def_%v_8 %self[2.0,2.6,] 	 SYMBOL:	 ARGS:
		 12: COPY TYPE_StringLiteral "credentials" def_%v_9 
		 13: %v_8->[] def_%v_10 %v_8[2.11,] %v_9[2.12,] 	 SYMBOL:	 ARGS:%v_9,
		 14: COPY TYPE_StringLiteral "token" def_%v_11 
		 15: %v_10->[] def_%v_12 %v_10[2.13,] %v_11[2.14,] 	 SYMBOL:	 ARGS:%v_11,
		 16: %self->auth def_%v_13 %self[2.0,2.6,2.11,] 	 SYMBOL:	 ARGS:
		 17: COPY TYPE_StringLiteral "credentials" def_%v_14 
		 18: %v_13->[] def_%v_15 %v_13[2.16,] %v_14[2.17,] 	 SYMBOL:	 ARGS:%v_14,
		 19: COPY TYPE_StringLiteral "secret" def_%v_16 
		 20: %v_15->[] def_%v_17 %v_15[2.18,] %v_16[2.19,] 	 SYMBOL:	 ARGS:%v_16,
		 21: %self->auth def_%v_18 %self[2.0,2.6,2.11,2.16,] 	 SYMBOL:	 ARGS:
		 22: COPY TYPE_StringLiteral "uid" def_%v_19 
		 23: %v_18->[] def_%v_20 %v_18[2.21,] %v_19[2.22,] 	 SYMBOL:	 ARGS:%v_19,
		 24: %self->auth def_%v_21 %self[2.0,2.6,2.11,2.16,2.21,] 	 SYMBOL:	 ARGS:
		 25: COPY TYPE_StringLiteral "provider" def_%v_22 
		 26: %v_21->[] def_%v_23 %v_21[2.24,] %v_22[2.25,] 	 SYMBOL:	 ARGS:%v_22,
		 27: %self->auth def_%v_24 %self[2.0,2.6,2.11,2.16,2.21,2.24,] 	 SYMBOL:	 ARGS:
		 28: COPY TYPE_StringLiteral "info" def_%v_25 
		 29: %v_24->[] def_%v_26 %v_24[2.27,] %v_25[2.28,] 	 SYMBOL:	 ARGS:%v_25,
		 30: HASH-nickname-access_token-access_secret-uid-provider-info- def_%v_27 %v_7[2.10,] %v_12[2.15,] %v_17[2.20,] %v_20[2.23,] %v_23[2.26,] %v_26[2.29,] 
		 31: RETURN %v_27[2.30,] %self[2.0,2.6,2.11,2.16,2.21,2.24,2.27,] 
BB 3
	outgoing: 
	datadep: 
	instructions:

