SET IRMethod, name = under instanceMethod = false
BB 1
	outgoing: 3 2 
	datadep: 
	instructions:
BB 2
	outgoing: 3 
	datadep: 
	instructions:
		 0: def_%self 
		 1: def_%v_0 
		 2: COPY TYPE_CurrentScope def_%current_scope 
		 3: COPY TYPE_ScopeModule def_%current_module 
		 4: 
		 5: 
		 6: COPY TYPE_StringLiteral "materialized_path LIKE ?" def_%v_3 
		 7: %self->path def_%v_4 %self[2.0,] 	 SYMBOL:	 ARGS:
		 8: COPY TYPE_StringLiteral "_%" def_%v_5 
		 9: BUILDSTRING def_%v_6 %v_4[2.7,] %v_5[2.8,] 
		 10: %self->where def_%v_7 %self[2.0,2.7,] %v_3[2.6,] %v_6[2.9,] 	 SYMBOL:	 ARGS:%v_3,%v_6,
		 11: RETURN %v_7[2.10,] %self[2.0,2.7,2.10,] 
BB 3
	outgoing: 
	datadep: 
	instructions:

SET IRMethod, name = published instanceMethod = false
BB 1
	outgoing: 3 2 
	datadep: 
	instructions:
BB 2
	outgoing: 3 
	datadep: 
	instructions:
		 0: def_%self 
		 1: def_%v_0 
		 2: COPY TYPE_CurrentScope def_%current_scope 
		 3: COPY TYPE_ScopeModule def_%current_module 
		 4: 
		 5: 
		 6: COPY TYPE_StringLiteral "published" def_%v_3 
		 7: HASH-state- def_%v_4 %v_3[2.6,] 
		 8: %self->where def_%v_5 %self[2.0,] %v_4[2.7,] 	 SYMBOL:	 ARGS:%v_4,
		 9: RETURN %v_5[2.8,] %self[2.0,2.8,] 
BB 3
	outgoing: 
	datadep: 
	instructions:

SET IRMethod, name = on_dashboard instanceMethod = false
BB 1
	outgoing: 3 2 
	datadep: 
	instructions:
BB 2
	outgoing: 3 
	datadep: 
	instructions:
		 0: def_%self 
		 1: def_%v_0 
		 2: COPY TYPE_CurrentScope def_%current_scope 
		 3: COPY TYPE_ScopeModule def_%current_module 
		 4: 
		 5: 
		 6: %self->published def_%v_3 %self[2.0,] 	 SYMBOL:	 ARGS:
		 7: HASH-created_at- def_%v_4 
		 8: %v_3->order def_%v_5 %v_3[2.6,] %v_4[2.7,] 	 SYMBOL:	 ARGS:%v_4,
		 9: RETURN %v_5[2.8,] %self[2.0,2.6,] 
BB 3
	outgoing: 
	datadep: 
	instructions:

SET IRMethod, name = footer instanceMethod = false
BB 1
	outgoing: 3 2 
	datadep: 
	instructions:
BB 2
	outgoing: 3 
	datadep: 
	instructions:
		 0: def_%self 
		 1: def_%v_0 
		 2: COPY TYPE_CurrentScope def_%current_scope 
		 3: COPY TYPE_ScopeModule def_%current_module 
		 4: 
		 5: 
		 6: %self->published def_%v_3 %self[2.0,] 	 SYMBOL:	 ARGS:
		 7: HASH-created_at- def_%v_4 
		 8: %v_3->order def_%v_5 %v_3[2.6,] %v_4[2.7,] 	 SYMBOL:	 ARGS:%v_4,
		 9: %v_5->limit def_%v_6 %v_5[2.8,] 	 SYMBOL:	 ARGS:Fixnum,
		 10: COPY TYPE_Array def_%v_7 
		 11: %v_6->select def_%v_8 %v_6[2.9,] %v_7[2.10,] 	 SYMBOL:	 ARGS:%v_7,
		 12: RETURN %v_8[2.11,] %self[2.0,2.6,] 
BB 3
	outgoing: 
	datadep: 
	instructions:

SET IRMethod, name = under instanceMethod = false
BB 1
	outgoing: 3 2 
	datadep: 
	instructions:
BB 2
	outgoing: 3 
	datadep: 
	instructions:
		 0: def_%self 
		 1: def_%v_0 
		 2: COPY TYPE_CurrentScope def_%current_scope 
		 3: COPY TYPE_ScopeModule def_%current_module 
		 4: 
		 5: 
		 6: COPY TYPE_StringLiteral "materialized_path LIKE ?" def_%v_3 
		 7: %self->path def_%v_4 %self[2.0,] 	 SYMBOL:	 ARGS:
		 8: COPY TYPE_StringLiteral "_%" def_%v_5 
		 9: BUILDSTRING def_%v_6 %v_4[2.7,] %v_5[2.8,] 
		 10: %self->where def_%v_7 %self[2.0,2.7,] %v_3[2.6,] %v_6[2.9,] 	 SYMBOL:	 ARGS:%v_3,%v_6,
		 11: RETURN %v_7[2.10,] %self[2.0,2.7,2.10,] 
BB 3
	outgoing: 
	datadep: 
	instructions:

SET IRMethod, name = published instanceMethod = false
BB 1
	outgoing: 3 2 
	datadep: 
	instructions:
BB 2
	outgoing: 3 
	datadep: 
	instructions:
		 0: def_%self 
		 1: def_%v_0 
		 2: COPY TYPE_CurrentScope def_%current_scope 
		 3: COPY TYPE_ScopeModule def_%current_module 
		 4: 
		 5: 
		 6: COPY TYPE_StringLiteral "published" def_%v_3 
		 7: HASH-state- def_%v_4 %v_3[2.6,] 
		 8: %self->where def_%v_5 %self[2.0,] %v_4[2.7,] 	 SYMBOL:	 ARGS:%v_4,
		 9: RETURN %v_5[2.8,] %self[2.0,2.8,] 
BB 3
	outgoing: 
	datadep: 
	instructions:

SET IRMethod, name = on_dashboard instanceMethod = false
BB 1
	outgoing: 3 2 
	datadep: 
	instructions:
BB 2
	outgoing: 3 
	datadep: 
	instructions:
		 0: def_%self 
		 1: def_%v_0 
		 2: COPY TYPE_CurrentScope def_%current_scope 
		 3: COPY TYPE_ScopeModule def_%current_module 
		 4: 
		 5: 
		 6: %self->published def_%v_3 %self[2.0,] 	 SYMBOL:	 ARGS:
		 7: HASH-created_at- def_%v_4 
		 8: %v_3->order def_%v_5 %v_3[2.6,] %v_4[2.7,] 	 SYMBOL:	 ARGS:%v_4,
		 9: RETURN %v_5[2.8,] %self[2.0,2.6,] 
BB 3
	outgoing: 
	datadep: 
	instructions:

SET IRMethod, name = footer instanceMethod = false
BB 1
	outgoing: 3 2 
	datadep: 
	instructions:
BB 2
	outgoing: 3 
	datadep: 
	instructions:
		 0: def_%self 
		 1: def_%v_0 
		 2: COPY TYPE_CurrentScope def_%current_scope 
		 3: COPY TYPE_ScopeModule def_%current_module 
		 4: 
		 5: 
		 6: %self->published def_%v_3 %self[2.0,] 	 SYMBOL:	 ARGS:
		 7: HASH-created_at- def_%v_4 
		 8: %v_3->order def_%v_5 %v_3[2.6,] %v_4[2.7,] 	 SYMBOL:	 ARGS:%v_4,
		 9: %v_5->limit def_%v_6 %v_5[2.8,] 	 SYMBOL:	 ARGS:Fixnum,
		 10: COPY TYPE_Array def_%v_7 
		 11: %v_6->select def_%v_8 %v_6[2.9,] %v_7[2.10,] 	 SYMBOL:	 ARGS:%v_7,
		 12: RETURN %v_8[2.11,] %self[2.0,2.6,] 
BB 3
	outgoing: 
	datadep: 
	instructions:

SET IRMethod, name = under instanceMethod = false
BB 1
	outgoing: 3 2 
	datadep: 
	instructions:
BB 2
	outgoing: 3 
	datadep: 
	instructions:
		 0: def_%self 
		 1: def_%v_0 
		 2: COPY TYPE_CurrentScope def_%current_scope 
		 3: COPY TYPE_ScopeModule def_%current_module 
		 4: 
		 5: 
		 6: COPY TYPE_StringLiteral "materialized_path LIKE ?" def_%v_3 
		 7: %self->path def_%v_4 %self[2.0,] 	 SYMBOL:	 ARGS:
		 8: COPY TYPE_StringLiteral "_%" def_%v_5 
		 9: BUILDSTRING def_%v_6 %v_4[2.7,] %v_5[2.8,] 
		 10: %self->where def_%v_7 %self[2.0,2.7,] %v_3[2.6,] %v_6[2.9,] 	 SYMBOL:	 ARGS:%v_3,%v_6,
		 11: RETURN %v_7[2.10,] %self[2.0,2.7,2.10,] 
BB 3
	outgoing: 
	datadep: 
	instructions:

SET IRMethod, name = published instanceMethod = false
BB 1
	outgoing: 3 2 
	datadep: 
	instructions:
BB 2
	outgoing: 3 
	datadep: 
	instructions:
		 0: def_%self 
		 1: def_%v_0 
		 2: COPY TYPE_CurrentScope def_%current_scope 
		 3: COPY TYPE_ScopeModule def_%current_module 
		 4: 
		 5: 
		 6: COPY TYPE_StringLiteral "published" def_%v_3 
		 7: HASH-state- def_%v_4 %v_3[2.6,] 
		 8: %self->where def_%v_5 %self[2.0,] %v_4[2.7,] 	 SYMBOL:	 ARGS:%v_4,
		 9: RETURN %v_5[2.8,] %self[2.0,2.8,] 
BB 3
	outgoing: 
	datadep: 
	instructions:

SET IRMethod, name = on_dashboard instanceMethod = false
BB 1
	outgoing: 3 2 
	datadep: 
	instructions:
BB 2
	outgoing: 3 
	datadep: 
	instructions:
		 0: def_%self 
		 1: def_%v_0 
		 2: COPY TYPE_CurrentScope def_%current_scope 
		 3: COPY TYPE_ScopeModule def_%current_module 
		 4: 
		 5: 
		 6: %self->published def_%v_3 %self[2.0,] 	 SYMBOL:	 ARGS:
		 7: HASH-created_at- def_%v_4 
		 8: %v_3->order def_%v_5 %v_3[2.6,] %v_4[2.7,] 	 SYMBOL:	 ARGS:%v_4,
		 9: RETURN %v_5[2.8,] %self[2.0,2.6,] 
BB 3
	outgoing: 
	datadep: 
	instructions:

SET IRMethod, name = footer instanceMethod = false
BB 1
	outgoing: 3 2 
	datadep: 
	instructions:
BB 2
	outgoing: 3 
	datadep: 
	instructions:
		 0: def_%self 
		 1: def_%v_0 
		 2: COPY TYPE_CurrentScope def_%current_scope 
		 3: COPY TYPE_ScopeModule def_%current_module 
		 4: 
		 5: 
		 6: %self->published def_%v_3 %self[2.0,] 	 SYMBOL:	 ARGS:
		 7: HASH-created_at- def_%v_4 
		 8: %v_3->order def_%v_5 %v_3[2.6,] %v_4[2.7,] 	 SYMBOL:	 ARGS:%v_4,
		 9: %v_5->limit def_%v_6 %v_5[2.8,] 	 SYMBOL:	 ARGS:Fixnum,
		 10: COPY TYPE_Array def_%v_7 
		 11: %v_6->select def_%v_8 %v_6[2.9,] %v_7[2.10,] 	 SYMBOL:	 ARGS:%v_7,
		 12: RETURN %v_8[2.11,] %self[2.0,2.6,] 
BB 3
	outgoing: 
	datadep: 
	instructions:

SET IRMethod, name = read_by? instanceMethod = true
BB 1
	outgoing: 8 2 
	datadep: 
	instructions:
BB 2
	outgoing: 3 4 
	datadep: 
	instructions:
		 0: def_%self 
		 1: def_%v_0 
		 2: COPY TYPE_CurrentScope def_%current_scope 
		 3: COPY TYPE_ScopeModule def_%current_module 
		 4: 
		 5: RECEIVEARG def_account 
		 6: 
		 7: account->nil? def_%v_3 account[2.5,] 	 SYMBOL:	 ARGS:
		 8: BRANCH %v_3[2.7,] 
BB 3
	outgoing: 8 
	datadep: 
	instructions:
		 0: RETURN %self[2.0,] 
BB 4
	outgoing: 6 7 
	datadep: 
	instructions:
		 0: COPY TYPE_Nil def_%v_4 
		 1: 
		 2: (Node) def_%v_5 
		 3: %self->node_id def_%v_6 %self[2.0,] 	 SYMBOL:	 ARGS:
		 4: account->id def_%v_7 account[2.5,] 	 SYMBOL:	 ARGS:
		 5: %v_5->last_reading def_%v_8 %v_5[4.2,] %v_6[4.3,] %v_7[4.4,] 	 SYMBOL:	 ARGS:%v_6,%v_7,
		 6: COPY TYPE_PASS def_r %v_8[4.5,] 
		 7: 
		 8: COPY TYPE_PASS def_%v_9 %v_8[4.5,] 
		 9: BRANCH %v_8[4.5,] 
BB 6
	outgoing: 8 
	datadep: 
	instructions:
		 0: %self->created_at def_%v_10 %self[2.0,] 	 SYMBOL:	 ARGS:
		 1: r->>= def_%v_11 r[4.6,] %v_10[6.0,] 	 SYMBOL:	 ARGS:%v_10,
		 2: RETURN %v_11[6.1,] %self[6.0,2.0,] 
BB 7
	outgoing: 8 
	datadep: 
	instructions:
		 0: RETURN %v_9[4.8,] %self[2.0,] 
BB 8
	outgoing: 
	datadep: 
	instructions:

SET IRMethod, name = touch_node instanceMethod = true
BB 1
	outgoing: 6 2 
	datadep: 
	instructions:
BB 2
	outgoing: 3 4 
	datadep: 
	instructions:
		 0: def_%self 
		 1: def_%v_0 
		 2: COPY TYPE_CurrentScope def_%current_scope 
		 3: COPY TYPE_ScopeModule def_%current_module 
		 4: 
		 5: 
		 6: %self->node def_%v_3 %self[2.0,] 	 SYMBOL:	 ARGS:
		 7: BRANCH %v_3[2.6,] 
BB 3
	outgoing: 6 
	datadep: 
	instructions:
		 0: %self->node def_%v_4 %self[2.0,] 	 SYMBOL:	 ARGS:
		 1: %v_4->touch def_%v_5 %v_4[3.0,] 	 SYMBOL:last_commented_at,	 ARGS:Symbol,
		 2: RETURN %v_5[3.1,] %self[3.0,2.0,] 
BB 4
	outgoing: 6 
	datadep: 
	instructions:
		 0: RETURN %self[2.0,] 
BB 6
	outgoing: 
	datadep: 
	instructions:

SET IRMethod, name = generate_materialized_path instanceMethod = true
BB 1
	outgoing: 9 2 
	datadep: 
	instructions:
BB 2
	outgoing: 3 4 
	datadep: 
	instructions:
		 0: def_%self 
		 1: def_%v_0 
		 2: COPY TYPE_CurrentScope def_%current_scope 
		 3: COPY TYPE_ScopeModule def_%current_module 
		 4: 
		 5: 
		 6: %self->parent_id def_%v_3 %self[2.0,] 	 SYMBOL:	 ARGS:
		 7: %v_3->present? def_%v_4 %v_3[2.6,] 	 SYMBOL:	 ARGS:
		 8: BRANCH %v_4[2.7,] 
BB 3
	outgoing: 5 
	datadep: 
	instructions:
		 0: (Comment) def_%v_5 
		 1: %self->parent_id def_%v_6 %self[2.0,] 	 SYMBOL:	 ARGS:
		 2: %v_5->find def_%v_7 %v_5[3.0,] %v_6[3.1,] 	 SYMBOL:	 ARGS:%v_6,
		 3: COPY TYPE_PASS def_parent %v_7[3.2,] 
		 4: 
BB 4
	outgoing: 5 
	datadep: 
	instructions:
		 0: COPY TYPE_Nil def_%v_7 
BB 5
	outgoing: 6 7 
	datadep: 
	instructions:
		 0: 
		 1: BRANCH parent[3.3,] 
BB 6
	outgoing: 8 
	datadep: 
	instructions:
		 0: parent->materialized_path def_%v_8 parent[3.3,] 	 SYMBOL:	 ARGS:
		 1: 
BB 7
	outgoing: 8 
	datadep: 
	instructions:
		 0: COPY TYPE_StringLiteral "" def_%v_9 
		 1: COPY TYPE_PASS def_%v_8 %v_9[7.0,] 
BB 8
	outgoing: 9 
	datadep: 
	instructions:
		 0: COPY TYPE_PASS def_parent_path %v_8[7.1,6.0,] 
		 1: 
		 2: COPY TYPE_StringLiteral "%s%0" def_%v_10 
		 3: (PATH_SIZE) def_%v_11 
		 4: COPY TYPE_StringLiteral "d" def_%v_12 
		 5: BUILDSTRING def_%v_13 %v_10[8.2,] %v_11[8.3,] %v_12[8.4,] 
		 6: %self->id def_%v_14 %self[2.0,] 	 SYMBOL:	 ARGS:
		 7: COPY TYPE_Array def_%v_15 parent_path[8.0,] %v_14[8.6,] 
		 8: %v_13->% def_%v_16 %v_13[8.5,] %v_15[8.7,] 	 SYMBOL:	 ARGS:%v_15,
		 9: ATTRASSIGN %self->materialized_path %v_16[8.8,] 
		 10: 
		 11: %self->answer_to_self? def_%v_17 %self[8.6,8.9,2.0,] 	 SYMBOL:	 ARGS:
		 12: ATTRASSIGN %self->answered_to_self %v_17[8.11,] 
		 13: 
		 14: %self->save def_%v_18 %self[8.6,8.9,8.11,8.12,2.0,] 	 SYMBOL:	 ARGS:
		 15: RETURN %v_18[8.14,] %self[8.6,8.9,8.11,8.12,8.14,2.0,] 
BB 9
	outgoing: 
	datadep: 
	instructions:

SET IRMethod, name = parent_id instanceMethod = true
BB 1
	outgoing: 9 2 
	datadep: 
	instructions:
BB 2
	outgoing: 3 4 
	datadep: 
	instructions:
		 0: def_%self 
		 1: def_%v_0 
		 2: COPY TYPE_CurrentScope def_%current_scope 
		 3: COPY TYPE_ScopeModule def_%current_module 
		 4: 
		 5: 
		 6: def_%v_4 %self[2.0,] 
		 7: COPY TYPE_PASS def_%v_3 %v_4[2.6,] 
		 8: %v_4[2.6,] 
BB 3
	outgoing: 4 
	datadep: 
	instructions:
		 0: GETFIELD %self->parent_id def_%v_5 %self[2.0,] 
		 1: COPY TYPE_PASS def_%v_3 %v_5[3.0,] 
BB 4
	outgoing: 5 8 
	datadep: 
	instructions:
		 0: BRANCH %v_3[3.1,2.7,] 
BB 5
	outgoing: 6 7 
	datadep: 
	instructions:
		 0: %self->materialized_path def_%v_6 %self[2.0,] 	 SYMBOL:	 ARGS:
		 1: BRANCH %v_6[5.0,] 
BB 6
	outgoing: 7 
	datadep: 
	instructions:
		 0: %self->materialized_path def_%v_7 %self[2.0,] 	 SYMBOL:	 ARGS:
		 1: (PATH_SIZE) def_%v_9 
		 2: %v_9->* def_%v_10 %v_9[6.1,] 	 SYMBOL:	 ARGS:%v_9,
		 3: (PATH_SIZE) def_%v_11 
		 4: %v_11->-@ def_%v_12 %v_11[6.3,] 	 SYMBOL:	 ARGS:
		 5: %v_12->- def_%v_13 %v_12[6.4,] 	 SYMBOL:	 ARGS:Fixnum,
		 6: CONSTANT def_%v_8 %v_10[6.2,] %v_13[6.5,] 
		 7: %v_7->[] def_%v_14 %v_7[6.0,] %v_8[6.6,] 	 SYMBOL:	 ARGS:%v_8,
		 8: %v_14->to_i def_%v_15 %v_14[6.7,] 	 SYMBOL:	 ARGS:
		 9: COPY TYPE_PASS def_%v_6 %v_15[6.8,] 
BB 7
	outgoing: 8 
	datadep: 
	instructions:
		 0: ATTRASSIGN %self->parent_id %v_6[6.9,5.0,] 
		 1: COPY TYPE_PASS def_%v_5 %v_6[6.9,5.0,] 
BB 8
	outgoing: 9 
	datadep: 
	instructions:
		 0: 
		 1: GETFIELD %self->parent_id def_%v_16 %self[7.0,2.0,] 
		 2: RETURN %v_16[8.1,] %self[7.0,2.0,] 
BB 9
	outgoing: 
	datadep: 
	instructions:

SET IRMethod, name = parent_id= instanceMethod = true
BB 1
	outgoing: 19 2 
	datadep: 
	instructions:
BB 2
	outgoing: 3 4 
	datadep: 
	instructions:
		 0: def_%self 
		 1: def_%v_0 
		 2: COPY TYPE_CurrentScope def_%current_scope 
		 3: COPY TYPE_ScopeModule def_%current_module 
		 4: 
		 5: RECEIVEARG def_parent_id 
		 6: 
		 7: ATTRASSIGN %self->parent_id parent_id[2.5,] 
		 8: 
		 9: parent_id->blank? def_%v_3 parent_id[2.5,] 	 SYMBOL:	 ARGS:
		 10: BRANCH %v_3[2.9,] 
BB 3
	outgoing: 19 
	datadep: 
	instructions:
		 0: RETURN %self[2.0,2.7,] 
BB 4
	outgoing: 6 7 
	datadep: 
	instructions:
		 0: COPY TYPE_Nil def_%v_4 
		 1: 
		 2: %self->node def_%v_5 %self[2.0,2.7,] 	 SYMBOL:	 ARGS:
		 3: %v_5->comments def_%v_6 %v_5[4.2,] 	 SYMBOL:	 ARGS:
		 4: %v_6->find def_%v_7 %v_6[4.3,] parent_id[2.5,] 	 SYMBOL:	 ARGS:parent_id,
		 5: ATTRASSIGN %self->parent %v_7[4.4,] 
		 6: 
		 7: GETFIELD %self->parent def_%v_8 %self[4.2,4.5,2.0,] 
		 8: %v_8->blank? def_%v_9 %v_8[4.7,] 	 SYMBOL:	 ARGS:
		 9: BRANCH %v_9[4.8,] 
BB 6
	outgoing: 7 
	datadep: 
	instructions:
		 0: GETFIELD %self->parent def_%v_10 %self[4.5,2.0,] 
		 1: %v_10->deleted? def_%v_11 %v_10[6.0,] 	 SYMBOL:	 ARGS:
		 2: COPY TYPE_PASS def_%v_9 %v_11[6.1,] 
BB 7
	outgoing: 8 9 
	datadep: 
	instructions:
		 0: BRANCH %v_9[6.2,4.8,] 
BB 8
	outgoing: 19 
	datadep: 
	instructions:
		 0: RETURN %self[4.5,2.0,2.7,] 
BB 9
	outgoing: 11 18 
	datadep: 
	instructions:
		 0: COPY TYPE_Nil def_%v_12 
		 1: 
		 2: %self->title def_%v_13 %self[4.5,2.0,2.7,] 	 SYMBOL:	 ARGS:
		 3: BRANCH %v_13[9.2,] 
BB 11
	outgoing: 12 16 
	datadep: 
	instructions:
		 0: GETFIELD %self->parent def_%v_15 %self[4.5,2.0,] 
		 1: BRANCH %v_15[11.0,] 
BB 12
	outgoing: 13 14 
	datadep: 
	instructions:
		 0: GETFIELD %self->parent def_%v_16 %self[4.5,2.0,] 
		 1: %v_16->title def_%v_17 %v_16[12.0,] 	 SYMBOL:	 ARGS:
		 2: COPY TYPE_StringLiteral "Re:" def_%v_18 
		 3: %v_17->starts_with? def_%v_19 %v_17[12.1,] %v_18[12.2,] 	 SYMBOL:	 ARGS:%v_18,
		 4: BRANCH %v_19[12.3,] 
BB 13
	outgoing: 15 
	datadep: 
	instructions:
		 0: COPY TYPE_StringLiteral "" def_%v_20 
		 1: 
BB 14
	outgoing: 15 
	datadep: 
	instructions:
		 0: COPY TYPE_StringLiteral "Re: " def_%v_21 
		 1: COPY TYPE_PASS def_%v_20 %v_21[14.0,] 
BB 15
	outgoing: 17 
	datadep: 
	instructions:
		 0: GETFIELD %self->parent def_%v_22 %self[4.5,2.0,] 
		 1: %v_22->title def_%v_23 %v_22[15.0,] 	 SYMBOL:	 ARGS:
		 2: BUILDSTRING def_%v_24 %v_20[14.1,13.0,] %v_23[15.1,] 
		 3: 
BB 16
	outgoing: 17 
	datadep: 
	instructions:
		 0: COPY TYPE_StringLiteral "" def_%v_25 
		 1: COPY TYPE_PASS def_%v_24 %v_25[16.0,] 
BB 17
	outgoing: 19 
	datadep: 
	instructions:
		 0: %self->title= def_%v_14 %v_24[16.1,15.2,] 	 SYMBOL:	 ARGS:%v_24,
		 1: RETURN %v_24[16.1,15.2,] %self[17.0,4.5,2.0,2.7,] 
BB 18
	outgoing: 19 
	datadep: 
	instructions:
		 0: RETURN %v_13[9.2,] %self[4.5,2.0,2.7,] 
BB 19
	outgoing: 
	datadep: 
	instructions:

SET IRMethod, name = depth instanceMethod = true
BB 1
	outgoing: 3 2 
	datadep: 
	instructions:
BB 2
	outgoing: 3 
	datadep: 
	instructions:
		 0: def_%self 
		 1: def_%v_0 
		 2: COPY TYPE_CurrentScope def_%current_scope 
		 3: COPY TYPE_ScopeModule def_%current_module 
		 4: 
		 5: 
		 6: %self->materialized_path def_%v_3 %self[2.0,] 	 SYMBOL:	 ARGS:
		 7: %v_3->length def_%v_4 %v_3[2.6,] 	 SYMBOL:	 ARGS:
		 8: (PATH_SIZE) def_%v_5 
		 9: %v_4->/ def_%v_6 %v_4[2.7,] %v_5[2.8,] 	 SYMBOL:	 ARGS:%v_5,
		 10: %v_6->- def_%v_7 %v_6[2.9,] 	 SYMBOL:	 ARGS:Fixnum,
		 11: RETURN %v_7[2.10,] %self[2.0,2.6,] 
BB 3
	outgoing: 
	datadep: 
	instructions:

SET IRMethod, name = root? instanceMethod = true
BB 1
	outgoing: 3 2 
	datadep: 
	instructions:
BB 2
	outgoing: 3 
	datadep: 
	instructions:
		 0: def_%self 
		 1: def_%v_0 
		 2: COPY TYPE_CurrentScope def_%current_scope 
		 3: COPY TYPE_ScopeModule def_%current_module 
		 4: 
		 5: 
		 6: %self->depth def_%v_3 %self[2.0,] 	 SYMBOL:	 ARGS:
		 7: %v_3->== def_%v_4 %v_3[2.6,] 	 SYMBOL:	 ARGS:Fixnum,
		 8: RETURN %v_4[2.7,] %self[2.0,2.6,] 
BB 3
	outgoing: 
	datadep: 
	instructions:

SET IRMethod, name = answer_to_self? instanceMethod = true
BB 1
	outgoing: 6 2 
	datadep: 
	instructions:
BB 2
	outgoing: 3 4 
	datadep: 
	instructions:
		 0: def_%self 
		 1: def_%v_0 
		 2: COPY TYPE_CurrentScope def_%current_scope 
		 3: COPY TYPE_ScopeModule def_%current_module 
		 4: 
		 5: 
		 6: %self->root? def_%v_3 %self[2.0,] 	 SYMBOL:	 ARGS:
		 7: BRANCH %v_3[2.6,] 
BB 3
	outgoing: 6 
	datadep: 
	instructions:
		 0: RETURN %self[2.0,] 
BB 4
	outgoing: 6 
	datadep: 
	instructions:
		 0: COPY TYPE_Nil def_%v_4 
		 1: 
		 2: (Comment) def_%v_5 
		 3: %self->node_id def_%v_6 %self[2.0,] 	 SYMBOL:	 ARGS:
		 4: %self->user_id def_%v_7 %self[4.3,2.0,] 	 SYMBOL:	 ARGS:
		 5: HASH-node_id-user_id- def_%v_8 %v_6[4.3,] %v_7[4.4,] 
		 6: %v_5->where def_%v_9 %v_5[4.2,] %v_8[4.5,] 	 SYMBOL:	 ARGS:%v_8,
		 7: COPY TYPE_StringLiteral "LOCATE(materialized_path, ?) > 0" def_%v_10 
		 8: %self->materialized_path def_%v_11 %self[4.3,4.4,2.0,] 	 SYMBOL:	 ARGS:
		 9: %v_9->where def_%v_12 %v_9[4.6,] %v_10[4.7,] %v_11[4.8,] 	 SYMBOL:	 ARGS:%v_10,%v_11,
		 10: COPY TYPE_StringLiteral "id != ?" def_%v_13 
		 11: %self->id def_%v_14 %self[4.3,4.4,4.8,2.0,] 	 SYMBOL:	 ARGS:
		 12: %v_12->where def_%v_15 %v_12[4.9,] %v_13[4.10,] %v_14[4.11,] 	 SYMBOL:	 ARGS:%v_13,%v_14,
		 13: %v_15->exists? def_%v_16 %v_15[4.12,] 	 SYMBOL:	 ARGS:
		 14: RETURN %v_16[4.13,] %self[4.3,4.4,4.8,4.11,2.0,] 
BB 6
	outgoing: 
	datadep: 
	instructions:

SET IRMethod, name = children? instanceMethod = true
BB 1
	outgoing: 3 2 
	datadep: 
	instructions:
BB 2
	outgoing: 3 
	datadep: 
	instructions:
		 0: def_%self 
		 1: def_%v_0 
		 2: COPY TYPE_CurrentScope def_%current_scope 
		 3: COPY TYPE_ScopeModule def_%current_module 
		 4: 
		 5: 
		 6: (Comment) def_%v_3 
		 7: %self->node_id def_%v_4 %self[2.0,] 	 SYMBOL:	 ARGS:
		 8: %self->user_id def_%v_5 %self[2.0,2.7,] 	 SYMBOL:	 ARGS:
		 9: HASH-node_id-user_id- def_%v_6 %v_4[2.7,] %v_5[2.8,] 
		 10: %v_3->where def_%v_7 %v_3[2.6,] %v_6[2.9,] 	 SYMBOL:	 ARGS:%v_6,
		 11: COPY TYPE_StringLiteral "materialized_path LIKE '" def_%v_8 
		 12: 
		 13: %self->materialized_path def_%v_9 %self[2.0,2.7,2.8,] 	 SYMBOL:	 ARGS:
		 14: COPY TYPE_StringLiteral "%'" def_%v_10 
		 15: BUILDSTRING def_%v_11 %v_8[2.11,] %v_9[2.13,] %v_10[2.14,] 
		 16: %v_7->where def_%v_12 %v_7[2.10,] %v_11[2.15,] 	 SYMBOL:	 ARGS:%v_11,
		 17: COPY TYPE_StringLiteral "id != ?" def_%v_13 
		 18: %self->id def_%v_14 %self[2.0,2.7,2.8,2.13,] 	 SYMBOL:	 ARGS:
		 19: %v_12->where def_%v_15 %v_12[2.16,] %v_13[2.17,] %v_14[2.18,] 	 SYMBOL:	 ARGS:%v_13,%v_14,
		 20: %v_15->exists? def_%v_16 %v_15[2.19,] 	 SYMBOL:	 ARGS:
		 21: RETURN %v_16[2.20,] %self[2.0,2.7,2.8,2.13,2.18,] 
BB 3
	outgoing: 
	datadep: 
	instructions:

SET IRMethod, name = parents instanceMethod = true
BB 1
	outgoing: 3 2 
	datadep: 
	instructions:
BB 2
	outgoing: 3 
	datadep: 
	instructions:
		 0: def_%self 
		 1: def_%v_0 
		 2: COPY TYPE_CurrentScope def_%current_scope 
		 3: COPY TYPE_ScopeModule def_%current_module 
		 4: 
		 5: 
		 6: (Comment) def_%v_3 
		 7: %self->node_id def_%v_4 %self[2.0,] 	 SYMBOL:	 ARGS:
		 8: HASH-node_id- def_%v_5 %v_4[2.7,] 
		 9: %v_3->where def_%v_6 %v_3[2.6,] %v_5[2.8,] 	 SYMBOL:	 ARGS:%v_5,
		 10: COPY TYPE_StringLiteral "LOCATE(materialized_path, ?) = 1" def_%v_7 
		 11: %self->materialized_path def_%v_8 %self[2.0,2.7,] 	 SYMBOL:	 ARGS:
		 12: %v_6->where def_%v_9 %v_6[2.9,] %v_7[2.10,] %v_8[2.11,] 	 SYMBOL:	 ARGS:%v_7,%v_8,
		 13: COPY TYPE_StringLiteral "id != ?" def_%v_10 
		 14: %self->id def_%v_11 %self[2.0,2.7,2.11,] 	 SYMBOL:	 ARGS:
		 15: %v_9->where def_%v_12 %v_9[2.12,] %v_10[2.13,] %v_11[2.14,] 	 SYMBOL:	 ARGS:%v_10,%v_11,
		 16: RETURN %v_12[2.15,] %self[2.0,2.7,2.11,2.14,] 
BB 3
	outgoing: 
	datadep: 
	instructions:

SET IRMethod, name = notify_parents instanceMethod = true
BB 1
	outgoing: 3 2 
	datadep: 
	instructions:
BB 2
	outgoing: 3 
	datadep: 
	instructions:
		 0: def_%self 
		 1: def_%v_0 
		 2: COPY TYPE_CurrentScope def_%current_scope 
		 3: COPY TYPE_ScopeModule def_%current_module 
		 4: 
		 5: 
		 6: %self->parents def_%v_3 %self[2.0,] 	 SYMBOL:	 ARGS:
		 7: %v_3->each def_%v_4 %v_3[2.6,] %self[2.0,2.6,] 	 SYMBOL:	 ARGS:%v_3,
CLOSURE BEGIN: p[] %self[2.0,2.6,] account[] 
BB 1
	outgoing: 12 2 
	datadep: 
	instructions:
BB 2
	outgoing: 3 
	datadep: 
	instructions:
		 0: def_%self 
		 1: def_%cl_1_0 
		 2: RECEIVEARG def_p 
		 3: COPY TYPE_CurrentScope def_%current_scope 
		 4: COPY TYPE_ScopeModule def_%current_module 
BB 3
	outgoing: 4 5 10 
	datadep: 
	instructions:
		 0: 
		 1: p->user_id def_%cl_1_3 p[2.2,] 	 SYMBOL:	 ARGS:
		 2: %self->user_id def_%cl_1_4 %self[2.0,] 	 SYMBOL:	 ARGS:
		 3: %cl_1_3->== def_%cl_1_5 %cl_1_3[3.1,] %cl_1_4[3.2,] 	 SYMBOL:	 ARGS:%cl_1_4,
		 4: BRANCH %cl_1_5[3.3,] 
BB 4
	outgoing: 10 12 
	datadep: 
	instructions:
		 0: 
		 1: RETURN %self[2.0,] 
BB 5
	outgoing: 6 
	datadep: 
	instructions:
		 0: COPY TYPE_Nil def_%cl_1_6 
BB 6
	outgoing: 7 8 10 
	datadep: 
	instructions:
		 0: 
		 1: p->user def_%cl_1_7 p[2.2,] 	 SYMBOL:	 ARGS:
		 2: %cl_1_7->try def_%cl_1_8 %cl_1_7[6.1,] 	 SYMBOL:account,	 ARGS:Symbol,
		 3: COPY TYPE_PASS def_account %cl_1_8[6.2,] 
		 4: 
		 5: BRANCH %cl_1_8[6.2,] 
BB 7
	outgoing: 9 10 
	datadep: 
	instructions:
		 0: %self->node_id def_%cl_1_9 %self[2.0,] 	 SYMBOL:	 ARGS:
		 1: account->notify_answer_on def_%cl_1_10 account[6.3,] %cl_1_9[7.0,] 	 SYMBOL:	 ARGS:%cl_1_9,
		 2: 
BB 8
	outgoing: 12 
	datadep: 
	instructions:
		 0: RETURN %self[2.0,] 
BB 9
	outgoing: 12 
	datadep: 
	instructions:
		 0: RETURN %cl_1_10[7.1,] %self[2.0,] 
BB 10
	outgoing: 12 
	datadep: 
	instructions:
		 0: def_%cl_1_11 
		 1: def_%cl_1_12 %cl_1_11[10.0,] 
		 2: RETURN %cl_1_12[10.1,] %self[2.0,] 
BB 12
	outgoing: 
	datadep: 
	instructions:
CLOSURE END: account[6.3,] 
		 8: RETURN %v_4[2.7,] %self[2.0,2.6,] 
BB 3
	outgoing: 
	datadep: 
	instructions:

SET IRMethod, name = default_score instanceMethod = true
BB 1
	outgoing: 9 2 
	datadep: 
	instructions:
BB 2
	outgoing: 3 7 
	datadep: 
	instructions:
		 0: def_%self 
		 1: def_%v_0 
		 2: COPY TYPE_CurrentScope def_%current_scope 
		 3: COPY TYPE_ScopeModule def_%current_module 
		 4: 
		 5: 
		 6: %self->user def_%v_3 %self[2.0,] 	 SYMBOL:	 ARGS:
		 7: %v_3->account def_%v_4 %v_3[2.6,] 	 SYMBOL:	 ARGS:
		 8: %v_4->karma def_%v_5 %v_4[2.7,] 	 SYMBOL:	 ARGS:
		 9: %v_5->> def_%v_6 %v_5[2.8,] 	 SYMBOL:	 ARGS:Fixnum,
		 10: BRANCH %v_6[2.9,] 
BB 3
	outgoing: 4 5 
	datadep: 
	instructions:
		 0: 
		 1: (Math) def_%v_7 
		 2: %self->user def_%v_8 %self[2.0,] 	 SYMBOL:	 ARGS:
		 3: %v_8->account def_%v_9 %v_8[3.2,] 	 SYMBOL:	 ARGS:
		 4: %v_9->karma def_%v_10 %v_9[3.3,] 	 SYMBOL:	 ARGS:
		 5: %v_7->log10 def_%v_11 %v_7[3.1,] %v_10[3.4,] 	 SYMBOL:	 ARGS:%v_10,
		 6: %v_11->to_i def_%v_12 %v_11[3.5,] 	 SYMBOL:	 ARGS:
		 7: %v_12->- def_%v_13 %v_12[3.6,] 	 SYMBOL:	 ARGS:Fixnum,
		 8: ATTRASSIGN %self->score %v_13[3.7,] 
		 9: 
		 10: %self->content_type def_%v_14 %self[3.2,3.8,2.0,] 	 SYMBOL:	 ARGS:
		 11: COPY TYPE_StringLiteral "Post" def_%v_15 
		 12: %v_14->== def_%v_16 %v_14[3.10,] %v_15[3.11,] 	 SYMBOL:	 ARGS:%v_15,
		 13: BRANCH %v_16[3.12,] 
BB 4
	outgoing: 6 
	datadep: 
	instructions:
		 0: %self->score def_%v_17 %self[3.8,2.0,] 	 SYMBOL:	 ARGS:
		 1: COPY TYPE_Array def_%v_18 %v_17[4.0,] 
		 2: %v_18->max def_%v_19 %v_18[4.1,] 	 SYMBOL:	 ARGS:
		 3: ATTRASSIGN %self->score %v_19[4.2,] 
		 4: 
BB 5
	outgoing: 6 
	datadep: 
	instructions:
		 0: COPY TYPE_Nil def_%v_19 
BB 6
	outgoing: 9 
	datadep: 
	instructions:
		 0: RETURN %v_19[5.0,4.2,] %self[4.3,3.8,2.0,] 
BB 7
	outgoing: 9 
	datadep: 
	instructions:
		 0: 
		 1: %self->user def_%v_20 %self[2.0,] 	 SYMBOL:	 ARGS:
		 2: %v_20->account def_%v_21 %v_20[7.1,] 	 SYMBOL:	 ARGS:
		 3: %v_21->karma def_%v_22 %v_21[7.2,] 	 SYMBOL:	 ARGS:
		 4: %v_22->/ def_%v_23 %v_22[7.3,] 	 SYMBOL:	 ARGS:Fixnum,
		 5: %v_23->+ def_%v_24 %v_23[7.4,] 	 SYMBOL:	 ARGS:%v_23,
		 6: COPY TYPE_Array def_%v_25 %v_24[7.5,] 
		 7: %v_25->max def_%v_26 %v_25[7.6,] 	 SYMBOL:	 ARGS:
		 8: ATTRASSIGN %self->score %v_26[7.7,] 
		 9: RETURN %v_26[7.7,] %self[7.1,7.8,2.0,] 
BB 9
	outgoing: 
	datadep: 
	instructions:

SET IRMethod, name = nb_answers instanceMethod = true
BB 1
	outgoing: 3 2 
	datadep: 
	instructions:
BB 2
	outgoing: 3 
	datadep: 
	instructions:
		 0: def_%self 
		 1: def_%v_0 
		 2: COPY TYPE_CurrentScope def_%current_scope 
		 3: COPY TYPE_ScopeModule def_%current_module 
		 4: 
		 5: 
		 6: %self->class def_%v_3 %self[2.0,] 	 SYMBOL:	 ARGS:
		 7: %v_3->published def_%v_4 %v_3[2.6,] 	 SYMBOL:	 ARGS:
		 8: %self->materialized_path def_%v_5 %self[2.0,2.6,] 	 SYMBOL:	 ARGS:
		 9: %v_4->under def_%v_6 %v_4[2.7,] %v_5[2.8,] 	 SYMBOL:	 ARGS:%v_5,
		 10: %v_6->count def_%v_7 %v_6[2.9,] 	 SYMBOL:	 ARGS:
		 11: RETURN %v_7[2.10,] %self[2.0,2.6,2.8,] 
BB 3
	outgoing: 
	datadep: 
	instructions:

SET IRMethod, name = last_answer instanceMethod = true
BB 1
	outgoing: 3 2 
	datadep: 
	instructions:
BB 2
	outgoing: 3 
	datadep: 
	instructions:
		 0: def_%self 
		 1: def_%v_0 
		 2: COPY TYPE_CurrentScope def_%current_scope 
		 3: COPY TYPE_ScopeModule def_%current_module 
		 4: 
		 5: 
		 6: %self->class def_%v_3 %self[2.0,] 	 SYMBOL:	 ARGS:
		 7: %v_3->published def_%v_4 %v_3[2.6,] 	 SYMBOL:	 ARGS:
		 8: %self->materialized_path def_%v_5 %self[2.0,2.6,] 	 SYMBOL:	 ARGS:
		 9: %v_4->under def_%v_6 %v_4[2.7,] %v_5[2.8,] 	 SYMBOL:	 ARGS:%v_5,
		 10: %v_6->last def_%v_7 %v_6[2.9,] 	 SYMBOL:	 ARGS:
		 11: RETURN %v_7[2.10,] %self[2.0,2.6,2.8,] 
BB 3
	outgoing: 
	datadep: 
	instructions:

SET IRMethod, name = viewable_by? instanceMethod = true
BB 1
	outgoing: 5 2 
	datadep: 
	instructions:
BB 2
	outgoing: 3 4 
	datadep: 
	instructions:
		 0: def_%self 
		 1: def_%v_0 
		 2: COPY TYPE_CurrentScope def_%current_scope 
		 3: COPY TYPE_ScopeModule def_%current_module 
		 4: 
		 5: RECEIVEARG def_account 
		 6: 
		 7: %self->state def_%v_3 %self[2.0,] 	 SYMBOL:	 ARGS:
		 8: COPY TYPE_StringLiteral "deleted" def_%v_4 
		 9: %v_3->!= def_%v_5 %v_3[2.7,] %v_4[2.8,] 	 SYMBOL:	 ARGS:%v_4,
		 10: BRANCH %v_5[2.9,] 
BB 3
	outgoing: 5 
	datadep: 
	instructions:
		 0: account->try def_%v_6 account[2.5,] 	 SYMBOL:admin?,	 ARGS:Symbol,
		 1: RETURN %v_6[3.0,] %self[2.0,] 
BB 4
	outgoing: 5 
	datadep: 
	instructions:
		 0: RETURN %v_5[2.9,] %self[2.0,] 
BB 5
	outgoing: 
	datadep: 
	instructions:

SET IRMethod, name = creatable_by? instanceMethod = true
BB 1
	outgoing: 9 2 
	datadep: 
	instructions:
BB 2
	outgoing: 3 4 
	datadep: 
	instructions:
		 0: def_%self 
		 1: def_%v_0 
		 2: COPY TYPE_CurrentScope def_%current_scope 
		 3: COPY TYPE_ScopeModule def_%current_module 
		 4: 
		 5: RECEIVEARG def_account 
		 6: 
		 7: %self->node def_%v_3 %self[2.0,] 	 SYMBOL:	 ARGS:
		 8: BRANCH %v_3[2.7,] 
BB 3
	outgoing: 4 
	datadep: 
	instructions:
		 0: %self->node def_%v_4 %self[2.0,] 	 SYMBOL:	 ARGS:
		 1: %v_4->content def_%v_5 %v_4[3.0,] 	 SYMBOL:	 ARGS:
		 2: COPY TYPE_PASS def_%v_3 %v_5[3.1,] 
BB 4
	outgoing: 5 6 
	datadep: 
	instructions:
		 0: BRANCH %v_3[3.2,2.7,] 
BB 5
	outgoing: 6 
	datadep: 
	instructions:
		 0: %self->node def_%v_6 %self[2.0,] 	 SYMBOL:	 ARGS:
		 1: %v_6->content def_%v_7 %v_6[5.0,] 	 SYMBOL:	 ARGS:
		 2: %v_7->commentable_by? def_%v_8 %v_7[5.1,] account[2.5,] 	 SYMBOL:	 ARGS:account,
		 3: COPY TYPE_PASS def_%v_3 %v_8[5.2,] 
BB 6
	outgoing: 7 8 
	datadep: 
	instructions:
		 0: BRANCH %v_3[5.3,3.2,2.7,] 
BB 7
	outgoing: 9 
	datadep: 
	instructions:
		 0: account->blocked? def_%v_9 account[2.5,] 	 SYMBOL:	 ARGS:
		 1: %v_9->! def_%v_10 %v_9[7.0,] 	 SYMBOL:	 ARGS:
		 2: RETURN %v_10[7.1,] %self[2.0,] 
BB 8
	outgoing: 9 
	datadep: 
	instructions:
		 0: RETURN %v_3[5.3,3.2,2.7,] %self[2.0,] 
BB 9
	outgoing: 
	datadep: 
	instructions:

SET IRMethod, name = updatable_by? instanceMethod = true
BB 1
	outgoing: 11 2 
	datadep: 
	instructions:
BB 2
	outgoing: 3 4 
	datadep: 
	instructions:
		 0: def_%self 
		 1: def_%v_0 
		 2: COPY TYPE_CurrentScope def_%current_scope 
		 3: COPY TYPE_ScopeModule def_%current_module 
		 4: 
		 5: RECEIVEARG def_account 
		 6: 
		 7: account->moderator? def_%v_3 account[2.5,] 	 SYMBOL:	 ARGS:
		 8: BRANCH %v_3[2.7,] 
BB 3
	outgoing: 4 
	datadep: 
	instructions:
		 0: account->admin? def_%v_4 account[2.5,] 	 SYMBOL:	 ARGS:
		 1: COPY TYPE_PASS def_%v_3 %v_4[3.0,] 
BB 4
	outgoing: 5 10 
	datadep: 
	instructions:
		 0: BRANCH %v_3[3.1,2.7,] 
BB 5
	outgoing: 6 7 
	datadep: 
	instructions:
		 0: 
		 1: %self->user_id def_%v_5 %self[2.0,] 	 SYMBOL:	 ARGS:
		 2: account->user_id def_%v_6 account[2.5,] 	 SYMBOL:	 ARGS:
		 3: %v_5->== def_%v_7 %v_5[5.1,] %v_6[5.2,] 	 SYMBOL:	 ARGS:%v_6,
		 4: BRANCH %v_7[5.3,] 
BB 6
	outgoing: 7 
	datadep: 
	instructions:
		 0: %self->created_at def_%v_8 %self[2.0,] 	 SYMBOL:	 ARGS:
		 1: CONSTANT def_%v_9 	 SYMBOL:	 ARGS:
		 2: %v_9->ago def_%v_10 %v_9[6.1,] 	 SYMBOL:	 ARGS:
		 3: %v_8->>= def_%v_11 %v_8[6.0,] %v_10[6.2,] 	 SYMBOL:	 ARGS:%v_10,
		 4: COPY TYPE_PASS def_%v_7 %v_11[6.3,] 
BB 7
	outgoing: 8 9 
	datadep: 
	instructions:
		 0: BRANCH %v_7[6.4,5.3,] 
BB 8
	outgoing: 9 
	datadep: 
	instructions:
		 0: %self->children? def_%v_12 %self[2.0,] 	 SYMBOL:	 ARGS:
		 1: %v_12->! def_%v_13 %v_12[8.0,] 	 SYMBOL:	 ARGS:
		 2: COPY TYPE_PASS def_%v_7 %v_13[8.1,] 
BB 9
	outgoing: 11 
	datadep: 
	instructions:
		 0: RETURN %v_7[8.2,6.4,5.3,] %self[2.0,] 
BB 10
	outgoing: 11 
	datadep: 
	instructions:
		 0: RETURN %v_3[3.1,2.7,] %self[2.0,] 
BB 11
	outgoing: 
	datadep: 
	instructions:

SET IRMethod, name = destroyable_by? instanceMethod = true
BB 1
	outgoing: 5 2 
	datadep: 
	instructions:
BB 2
	outgoing: 3 4 
	datadep: 
	instructions:
		 0: def_%self 
		 1: def_%v_0 
		 2: COPY TYPE_CurrentScope def_%current_scope 
		 3: COPY TYPE_ScopeModule def_%current_module 
		 4: 
		 5: RECEIVEARG def_account 
		 6: 
		 7: account->moderator? def_%v_3 account[2.5,] 	 SYMBOL:	 ARGS:
		 8: BRANCH %v_3[2.7,] 
BB 3
	outgoing: 5 
	datadep: 
	instructions:
		 0: account->admin? def_%v_4 account[2.5,] 	 SYMBOL:	 ARGS:
		 1: RETURN %v_4[3.0,] %self[2.0,] 
BB 4
	outgoing: 5 
	datadep: 
	instructions:
		 0: RETURN %v_3[2.7,] %self[2.0,] 
BB 5
	outgoing: 
	datadep: 
	instructions:

SET IRMethod, name = votable_by? instanceMethod = true
BB 1
	outgoing: 13 2 
	datadep: 
	instructions:
BB 2
	outgoing: 3 4 
	datadep: 
	instructions:
		 0: def_%self 
		 1: def_%v_0 
		 2: COPY TYPE_CurrentScope def_%current_scope 
		 3: COPY TYPE_ScopeModule def_%current_module 
		 4: 
		 5: RECEIVEARG def_account 
		 6: 
		 7: %self->deleted? def_%v_3 %self[2.0,] 	 SYMBOL:	 ARGS:
		 8: %v_3->! def_%v_4 %v_3[2.7,] 	 SYMBOL:	 ARGS:
		 9: BRANCH %v_4[2.8,] 
BB 3
	outgoing: 4 
	datadep: 
	instructions:
		 0: %self->user_id def_%v_5 %self[2.0,] 	 SYMBOL:	 ARGS:
		 1: account->user_id def_%v_6 account[2.5,] 	 SYMBOL:	 ARGS:
		 2: %v_5->!= def_%v_7 %v_5[3.0,] %v_6[3.1,] 	 SYMBOL:	 ARGS:%v_6,
		 3: COPY TYPE_PASS def_%v_4 %v_7[3.2,] 
BB 4
	outgoing: 5 6 
	datadep: 
	instructions:
		 0: BRANCH %v_4[3.3,2.8,] 
BB 5
	outgoing: 6 
	datadep: 
	instructions:
		 0: 
		 1: (Time) def_%v_8 
		 2: %v_8->now def_%v_9 %v_8[5.1,] 	 SYMBOL:	 ARGS:
		 3: %self->created_at def_%v_10 %self[2.0,] 	 SYMBOL:	 ARGS:
		 4: %v_9->- def_%v_11 %v_9[5.2,] %v_10[5.3,] 	 SYMBOL:	 ARGS:%v_10,
		 5: CONSTANT def_%v_12 	 SYMBOL:	 ARGS:
		 6: %v_11->< def_%v_13 %v_11[5.4,] %v_12[5.5,] 	 SYMBOL:	 ARGS:%v_12,
		 7: COPY TYPE_PASS def_%v_4 %v_13[5.6,] 
BB 6
	outgoing: 7 10 
	datadep: 
	instructions:
		 0: BRANCH %v_4[5.7,3.3,2.8,] 
BB 7
	outgoing: 8 9 
	datadep: 
	instructions:
		 0: 
		 1: account->nb_votes def_%v_14 account[2.5,] 	 SYMBOL:	 ARGS:
		 2: %v_14->> def_%v_15 %v_14[7.1,] 	 SYMBOL:	 ARGS:Fixnum,
		 3: BRANCH %v_15[7.2,] 
BB 8
	outgoing: 9 
	datadep: 
	instructions:
		 0: account->amr? def_%v_16 account[2.5,] 	 SYMBOL:	 ARGS:
		 1: COPY TYPE_PASS def_%v_15 %v_16[8.0,] 
BB 9
	outgoing: 10 
	datadep: 
	instructions:
		 0: COPY TYPE_PASS def_%v_4 %v_15[8.1,7.2,] 
BB 10
	outgoing: 11 12 
	datadep: 
	instructions:
		 0: BRANCH %v_4[9.0,5.7,3.3,2.8,] 
BB 11
	outgoing: 13 
	datadep: 
	instructions:
		 0: 
		 1: account->id def_%v_17 account[2.5,] 	 SYMBOL:	 ARGS:
		 2: %self->vote_by? def_%v_18 %self[2.0,] %v_17[11.1,] 	 SYMBOL:	 ARGS:%v_17,
		 3: %v_18->! def_%v_19 %v_18[11.2,] 	 SYMBOL:	 ARGS:
		 4: RETURN %v_19[11.3,] %self[11.2,2.0,] 
BB 12
	outgoing: 13 
	datadep: 
	instructions:
		 0: RETURN %v_4[9.0,5.7,3.3,2.8,] %self[2.0,] 
BB 13
	outgoing: 
	datadep: 
	instructions:

SET IRMethod, name = vote_by? instanceMethod = true
BB 1
	outgoing: 3 2 
	datadep: 
	instructions:
BB 2
	outgoing: 3 
	datadep: 
	instructions:
		 0: def_%self 
		 1: def_%v_0 
		 2: COPY TYPE_CurrentScope def_%current_scope 
		 3: COPY TYPE_ScopeModule def_%current_module 
		 4: 
		 5: RECEIVEARG def_account_id 
		 6: 
		 7: COPY TYPE_StringLiteral "for" def_%v_3 
		 8: COPY TYPE_StringLiteral "against" def_%v_4 
		 9: COPY TYPE_Array def_%v_5 %v_3[2.7,] %v_4[2.8,] 
		 10: %v_5->find def_%v_6 %v_5[2.9,] %self[2.0,] 	 SYMBOL:	 ARGS:%v_5,
CLOSURE BEGIN: %self[2.0,] w[] account_id[2.5,] 
BB 1
	outgoing: 6 2 
	datadep: 
	instructions:
BB 2
	outgoing: 3 
	datadep: 
	instructions:
		 0: def_%self 
		 1: def_%cl_1_0 
		 2: RECEIVEARG def_w 
		 3: COPY TYPE_CurrentScope def_%current_scope 
		 4: COPY TYPE_ScopeModule def_%current_module 
BB 3
	outgoing: 4 6 
	datadep: 
	instructions:
		 0: 
		 1: GLOBALVAR $redis def_%cl_1_3 
		 2: COPY TYPE_StringLiteral "comments/" def_%cl_1_4 
		 3: %self->id def_%cl_1_5 %self[2.0,] 	 SYMBOL:	 ARGS:
		 4: COPY TYPE_StringLiteral "/votes/" def_%cl_1_6 
		 5: BUILDSTRING def_%cl_1_7 %cl_1_4[3.2,] %cl_1_5[3.3,] %cl_1_6[3.4,] w[2.2,] 
		 6: %cl_1_3->sismember def_%cl_1_8 %cl_1_3[3.1,] %cl_1_7[3.5,] account_id[] 	 SYMBOL:	 ARGS:%cl_1_7,account_id,
		 7: RETURN %cl_1_8[3.6,] %self[3.3,2.0,] 
BB 4
	outgoing: 6 
	datadep: 
	instructions:
		 0: def_%cl_1_9 
		 1: def_%cl_1_10 %cl_1_9[4.0,] 
		 2: RETURN %cl_1_10[4.1,] %self[2.0,] 
BB 6
	outgoing: 
	datadep: 
	instructions:
CLOSURE END: 
		 11: RETURN %v_6[2.10,] %self[2.0,] 
BB 3
	outgoing: 
	datadep: 
	instructions:

SET IRMethod, name = vote_for instanceMethod = true
BB 1
	outgoing: 5 2 
	datadep: 
	instructions:
BB 2
	outgoing: 3 4 
	datadep: 
	instructions:
		 0: def_%self 
		 1: def_%v_0 
		 2: COPY TYPE_CurrentScope def_%current_scope 
		 3: COPY TYPE_ScopeModule def_%current_module 
		 4: 
		 5: RECEIVEARG def_account 
		 6: 
		 7: %self->vote def_%v_3 %self[2.0,] account[2.5,] 	 SYMBOL:for,	 ARGS:account,Symbol,
		 8: BRANCH %v_3[2.7,] 
BB 3
	outgoing: 5 
	datadep: 
	instructions:
		 0: (Comment) def_%v_4 
		 1: %self->id def_%v_5 %self[2.0,] 	 SYMBOL:	 ARGS:
		 2: %v_4->increment_counter def_%v_6 %v_4[3.0,] %v_5[3.1,] 	 SYMBOL:score,	 ARGS:Symbol,%v_5,
		 3: RETURN %v_6[3.2,] %self[3.1,2.0,] 
BB 4
	outgoing: 5 
	datadep: 
	instructions:
		 0: RETURN %v_3[2.7,] %self[2.0,] 
BB 5
	outgoing: 
	datadep: 
	instructions:

SET IRMethod, name = vote_against instanceMethod = true
BB 1
	outgoing: 5 2 
	datadep: 
	instructions:
BB 2
	outgoing: 3 4 
	datadep: 
	instructions:
		 0: def_%self 
		 1: def_%v_0 
		 2: COPY TYPE_CurrentScope def_%current_scope 
		 3: COPY TYPE_ScopeModule def_%current_module 
		 4: 
		 5: RECEIVEARG def_account 
		 6: 
		 7: %self->vote def_%v_3 %self[2.0,] account[2.5,] 	 SYMBOL:against,	 ARGS:account,Symbol,
		 8: BRANCH %v_3[2.7,] 
BB 3
	outgoing: 5 
	datadep: 
	instructions:
		 0: (Comment) def_%v_4 
		 1: %self->id def_%v_5 %self[2.0,] 	 SYMBOL:	 ARGS:
		 2: %v_4->decrement_counter def_%v_6 %v_4[3.0,] %v_5[3.1,] 	 SYMBOL:score,	 ARGS:Symbol,%v_5,
		 3: RETURN %v_6[3.2,] %self[3.1,2.0,] 
BB 4
	outgoing: 5 
	datadep: 
	instructions:
		 0: RETURN %v_3[2.7,] %self[2.0,] 
BB 5
	outgoing: 
	datadep: 
	instructions:

SET IRMethod, name = vote instanceMethod = true
BB 1
	outgoing: 12 2 
	datadep: 
	instructions:
BB 2
	outgoing: 3 4 
	datadep: 
	instructions:
		 0: def_%self 
		 1: def_%v_0 
		 2: COPY TYPE_CurrentScope def_%current_scope 
		 3: COPY TYPE_ScopeModule def_%current_module 
		 4: 
		 5: RECEIVEARG def_account 
		 6: RECEIVEARG def_what 
		 7: 
		 8: what->== def_%v_3 what[2.6,] 	 SYMBOL:for,	 ARGS:Symbol,
		 9: BRANCH %v_3[2.8,] 
BB 3
	outgoing: 5 
	datadep: 
	instructions:
		 0: COPY TYPE_Fixnum def_%v_4 
		 1: 
BB 4
	outgoing: 5 
	datadep: 
	instructions:
		 0: COPY TYPE_Fixnum def_%v_4 
BB 5
	outgoing: 6 7 
	datadep: 
	instructions:
		 0: COPY TYPE_PASS def_value %v_4[4.0,3.0,] 
		 1: 
		 2: COPY TYPE_StringLiteral "comments/" def_%v_5 
		 3: %self->id def_%v_6 %self[2.0,] 	 SYMBOL:	 ARGS:
		 4: COPY TYPE_StringLiteral "/votes/" def_%v_7 
		 5: BUILDSTRING def_%v_8 %v_5[5.2,] %v_6[5.3,] %v_7[5.4,] what[2.6,] 
		 6: COPY TYPE_PASS def_key %v_8[5.5,] 
		 7: 
		 8: GLOBALVAR $redis def_%v_9 
		 9: account->id def_%v_10 account[2.5,] 	 SYMBOL:	 ARGS:
		 10: %v_9->sismember def_%v_11 %v_9[5.8,] key[5.6,] %v_10[5.9,] 	 SYMBOL:	 ARGS:key,%v_10,
		 11: BRANCH %v_11[5.10,] 
BB 6
	outgoing: 12 
	datadep: 
	instructions:
		 0: RETURN %self[2.0,] 
BB 7
	outgoing: 9 10 
	datadep: 
	instructions:
		 0: COPY TYPE_Nil def_%v_12 
		 1: 
		 2: GLOBALVAR $redis def_%v_13 
		 3: account->id def_%v_14 account[2.5,] 	 SYMBOL:	 ARGS:
		 4: %v_13->sadd def_%v_15 %v_13[7.2,] key[5.6,] %v_14[7.3,] 	 SYMBOL:	 ARGS:key,%v_14,
		 5: 
		 6: GLOBALVAR $redis def_%v_16 
		 7: %v_16->expire def_%v_17 %v_16[7.6,] key[5.6,] 	 SYMBOL:	 ARGS:key,Fixnum,
		 8: 
		 9: %self->score def_%v_18 %self[2.0,] 	 SYMBOL:	 ARGS:
		 10: %self->score def_%v_19 %self[7.9,2.0,] 	 SYMBOL:	 ARGS:
		 11: %v_19->+ def_%v_20 %v_19[7.10,] value[5.0,] 	 SYMBOL:	 ARGS:value,
		 12: %v_18->* def_%v_21 %v_18[7.9,] %v_20[7.11,] 	 SYMBOL:	 ARGS:%v_20,
		 13: %v_21->> def_%v_22 %v_21[7.12,] 	 SYMBOL:	 ARGS:Fixnum,
		 14: BRANCH %v_22[7.13,] 
BB 9
	outgoing: 11 
	datadep: 
	instructions:
		 0: COPY TYPE_Nil def_%v_23 
		 1: 
BB 10
	outgoing: 11 
	datadep: 
	instructions:
		 0: 
		 1: GLOBALVAR $redis def_%v_24 
		 2: COPY TYPE_StringLiteral "users/" def_%v_25 
		 3: %self->user_id def_%v_26 %self[2.0,] 	 SYMBOL:	 ARGS:
		 4: COPY TYPE_StringLiteral "/diff_karma" def_%v_27 
		 5: BUILDSTRING def_%v_28 %v_25[10.2,] %v_26[10.3,] %v_27[10.4,] 
		 6: %v_24->incrby def_%v_29 %v_24[10.1,] %v_28[10.5,] value[5.0,] 	 SYMBOL:	 ARGS:%v_28,value,
		 7: COPY TYPE_PASS def_%v_23 %v_29[10.6,] 
BB 11
	outgoing: 12 
	datadep: 
	instructions:
		 0: 
		 1: (Account) def_%v_30 
		 2: account->id def_%v_31 account[2.5,] 	 SYMBOL:	 ARGS:
		 3: %v_30->decrement_counter def_%v_32 %v_30[11.1,] %v_31[11.2,] 	 SYMBOL:nb_votes,	 ARGS:Symbol,%v_31,
		 4: 
		 5: RETURN %self[2.0,] 
BB 12
	outgoing: 
	datadep: 
	instructions:

SET IRMethod, name = nb_votes_for instanceMethod = true
BB 1
	outgoing: 3 2 
	datadep: 
	instructions:
BB 2
	outgoing: 3 
	datadep: 
	instructions:
		 0: def_%self 
		 1: def_%v_0 
		 2: COPY TYPE_CurrentScope def_%current_scope 
		 3: COPY TYPE_ScopeModule def_%current_module 
		 4: 
		 5: 
		 6: GLOBALVAR $redis def_%v_3 
		 7: COPY TYPE_StringLiteral "comments/" def_%v_4 
		 8: %self->id def_%v_5 %self[2.0,] 	 SYMBOL:	 ARGS:
		 9: COPY TYPE_StringLiteral "/votes/for" def_%v_6 
		 10: BUILDSTRING def_%v_7 %v_4[2.7,] %v_5[2.8,] %v_6[2.9,] 
		 11: %v_3->scard def_%v_8 %v_3[2.6,] %v_7[2.10,] 	 SYMBOL:	 ARGS:%v_7,
		 12: RETURN %v_8[2.11,] %self[2.0,2.8,] 
BB 3
	outgoing: 
	datadep: 
	instructions:

SET IRMethod, name = nb_votes_against instanceMethod = true
BB 1
	outgoing: 3 2 
	datadep: 
	instructions:
BB 2
	outgoing: 3 
	datadep: 
	instructions:
		 0: def_%self 
		 1: def_%v_0 
		 2: COPY TYPE_CurrentScope def_%current_scope 
		 3: COPY TYPE_ScopeModule def_%current_module 
		 4: 
		 5: 
		 6: GLOBALVAR $redis def_%v_3 
		 7: COPY TYPE_StringLiteral "comments/" def_%v_4 
		 8: %self->id def_%v_5 %self[2.0,] 	 SYMBOL:	 ARGS:
		 9: COPY TYPE_StringLiteral "/votes/against" def_%v_6 
		 10: BUILDSTRING def_%v_7 %v_4[2.7,] %v_5[2.8,] %v_6[2.9,] 
		 11: %v_3->scard def_%v_8 %v_3[2.6,] %v_7[2.10,] 	 SYMBOL:	 ARGS:%v_7,
		 12: RETURN %v_8[2.11,] %self[2.0,2.8,] 
BB 3
	outgoing: 
	datadep: 
	instructions:

SET IRMethod, name = mark_as_deleted instanceMethod = true
BB 1
	outgoing: 3 2 
	datadep: 
	instructions:
BB 2
	outgoing: 3 
	datadep: 
	instructions:
		 0: def_%self 
		 1: def_%v_0 
		 2: COPY TYPE_CurrentScope def_%current_scope 
		 3: COPY TYPE_ScopeModule def_%current_module 
		 4: 
		 5: 
		 6: COPY TYPE_StringLiteral "deleted" def_%v_3 
		 7: ATTRASSIGN %self->state %v_3[2.6,] 
		 8: 
		 9: %self->save def_%v_4 %self[2.0,2.7,] 	 SYMBOL:	 ARGS:
		 10: RETURN %v_4[2.9,] %self[2.0,2.7,2.9,] 
BB 3
	outgoing: 
	datadep: 
	instructions:

SET IRMethod, name = deleted? instanceMethod = true
BB 1
	outgoing: 3 2 
	datadep: 
	instructions:
BB 2
	outgoing: 3 
	datadep: 
	instructions:
		 0: def_%self 
		 1: def_%v_0 
		 2: COPY TYPE_CurrentScope def_%current_scope 
		 3: COPY TYPE_ScopeModule def_%current_module 
		 4: 
		 5: 
		 6: %self->state def_%v_3 %self[2.0,] 	 SYMBOL:	 ARGS:
		 7: COPY TYPE_StringLiteral "deleted" def_%v_4 
		 8: %v_3->== def_%v_5 %v_3[2.6,] %v_4[2.7,] 	 SYMBOL:	 ARGS:%v_4,
		 9: RETURN %v_5[2.8,] %self[2.0,2.6,] 
BB 3
	outgoing: 
	datadep: 
	instructions:

SET IRMethod, name = compute_stats instanceMethod = true
BB 1
	outgoing: 6 2 
	datadep: 
	instructions:
BB 2
	outgoing: 3 4 
	datadep: 
	instructions:
		 0: def_%self 
		 1: def_%v_0 
		 2: COPY TYPE_CurrentScope def_%current_scope 
		 3: COPY TYPE_ScopeModule def_%current_module 
		 4: 
		 5: 
		 6: %self->node def_%v_3 %self[2.0,] 	 SYMBOL:	 ARGS:
		 7: BRANCH %v_3[2.6,] 
BB 3
	outgoing: 6 
	datadep: 
	instructions:
		 0: COPY TYPE_Nil def_%v_4 
		 1: 
		 2: (Date) def_%v_5 
		 3: %v_5->today def_%v_6 %v_5[3.2,] 	 SYMBOL:	 ARGS:
		 4: COPY TYPE_PASS def_today %v_6[3.3,] 
		 5: 
		 6: GLOBALVAR $redis def_%v_7 
		 7: COPY TYPE_StringLiteral "stats/comments/year/" def_%v_8 
		 8: %v_6->year def_%v_9 %v_6[3.3,] 	 SYMBOL:	 ARGS:
		 9: COPY TYPE_StringLiteral "/" def_%v_10 
		 10: %self->content_type def_%v_11 %self[2.0,] 	 SYMBOL:	 ARGS:
		 11: BUILDSTRING def_%v_12 %v_8[3.7,] %v_9[3.8,] %v_10[3.9,] %v_11[3.10,] 
		 12: %v_7->incr def_%v_13 %v_7[3.6,] %v_12[3.11,] 	 SYMBOL:	 ARGS:%v_12,
		 13: 
		 14: GLOBALVAR $redis def_%v_14 
		 15: COPY TYPE_StringLiteral "stats/comments/month/" def_%v_15 
		 16: COPY TYPE_StringLiteral "%Y%m" def_%v_16 
		 17: today->strftime def_%v_17 today[3.4,] %v_16[3.16,] 	 SYMBOL:	 ARGS:%v_16,
		 18: COPY TYPE_StringLiteral "/" def_%v_18 
		 19: %self->content_type def_%v_19 %self[3.10,2.0,] 	 SYMBOL:	 ARGS:
		 20: BUILDSTRING def_%v_20 %v_15[3.15,] %v_17[3.17,] %v_18[3.18,] %v_19[3.19,] 
		 21: %v_14->incr def_%v_21 %v_14[3.14,] %v_20[3.20,] 	 SYMBOL:	 ARGS:%v_20,
		 22: 
		 23: GLOBALVAR $redis def_%v_22 
		 24: COPY TYPE_StringLiteral "stats/comments/wday/" def_%v_23 
		 25: today->wday def_%v_24 today[3.4,3.17,] 	 SYMBOL:	 ARGS:
		 26: %v_24->- def_%v_25 %v_24[3.25,] 	 SYMBOL:	 ARGS:Fixnum,
		 27: %v_25->% def_%v_26 %v_25[3.26,] 	 SYMBOL:	 ARGS:Fixnum,
		 28: BUILDSTRING def_%v_27 %v_23[3.24,] %v_26[3.27,] 
		 29: %v_22->incr def_%v_28 %v_22[3.23,] %v_27[3.28,] 	 SYMBOL:	 ARGS:%v_27,
		 30: RETURN %v_28[3.29,] %self[3.10,3.19,2.0,] 
BB 4
	outgoing: 6 
	datadep: 
	instructions:
		 0: RETURN %self[2.0,] 
BB 6
	outgoing: 
	datadep: 
	instructions:

SET IRMethod, name = user_name instanceMethod = true
BB 1
	outgoing: 3 2 
	datadep: 
	instructions:
BB 2
	outgoing: 3 
	datadep: 
	instructions:
		 0: def_%self 
		 1: def_%v_0 
		 2: COPY TYPE_CurrentScope def_%current_scope 
		 3: COPY TYPE_ScopeModule def_%current_module 
		 4: 
		 5: 
		 6: %self->user def_%v_3 %self[2.0,] 	 SYMBOL:	 ARGS:
		 7: %v_3->try def_%v_4 %v_3[2.6,] 	 SYMBOL:name,	 ARGS:Symbol,
		 8: RETURN %v_4[2.7,] %self[2.0,2.6,] 
BB 3
	outgoing: 
	datadep: 
	instructions:

SET IRMethod, name = bound_score instanceMethod = true
BB 1
	outgoing: 3 2 
	datadep: 
	instructions:
BB 2
	outgoing: 3 
	datadep: 
	instructions:
		 0: def_%self 
		 1: def_%v_0 
		 2: COPY TYPE_CurrentScope def_%current_scope 
		 3: COPY TYPE_ScopeModule def_%current_module 
		 4: 
		 5: 
		 6: %self->score def_%v_3 %self[2.0,] 	 SYMBOL:	 ARGS:
		 7: COPY TYPE_Array def_%v_4 %v_3[2.6,] 
		 8: %v_4->max def_%v_5 %v_4[2.7,] 	 SYMBOL:	 ARGS:
		 9: COPY TYPE_Array def_%v_6 %v_5[2.8,] 
		 10: %v_6->min def_%v_7 %v_6[2.9,] 	 SYMBOL:	 ARGS:
		 11: RETURN %v_7[2.10,] %self[2.0,2.6,] 
BB 3
	outgoing: 
	datadep: 
	instructions:

