SET IRMethod, name = indexable instanceMethod = false
BB 1
	outgoing: 3 2 
	datadep: 
	instructions:
BB 2
	outgoing: 3 
	datadep: 
	instructions:
		 0: def_%self 
		 1: def_%v_0 
		 2: COPY TYPE_CurrentScope def_%current_scope 
		 3: COPY TYPE_ScopeModule def_%current_module 
		 4: 
		 5: 
		 6: %self->joins def_%v_3 %self[2.0,] 	 SYMBOL:node,	 ARGS:Symbol,
		 7: COPY TYPE_StringLiteral "nodes.public" def_%v_4 
		 8: HASH- def_%v_5 %v_4[2.7,] 
		 9: %v_3->where def_%v_6 %v_3[2.6,] %v_5[2.8,] 	 SYMBOL:	 ARGS:%v_5,
		 10: RETURN %v_6[2.9,] %self[2.0,2.6,] 
BB 3
	outgoing: 
	datadep: 
	instructions:

SET IRMethod, name = indexable instanceMethod = false
BB 1
	outgoing: 3 2 
	datadep: 
	instructions:
BB 2
	outgoing: 3 
	datadep: 
	instructions:
		 0: def_%self 
		 1: def_%v_0 
		 2: COPY TYPE_CurrentScope def_%current_scope 
		 3: COPY TYPE_ScopeModule def_%current_module 
		 4: 
		 5: 
		 6: %self->joins def_%v_3 %self[2.0,] 	 SYMBOL:node,	 ARGS:Symbol,
		 7: COPY TYPE_StringLiteral "nodes.public" def_%v_4 
		 8: HASH- def_%v_5 %v_4[2.7,] 
		 9: %v_3->where def_%v_6 %v_3[2.6,] %v_5[2.8,] 	 SYMBOL:	 ARGS:%v_5,
		 10: RETURN %v_6[2.9,] %self[2.0,2.6,] 
BB 3
	outgoing: 
	datadep: 
	instructions:

SET IRMethod, name = indexable instanceMethod = false
BB 1
	outgoing: 3 2 
	datadep: 
	instructions:
BB 2
	outgoing: 3 
	datadep: 
	instructions:
		 0: def_%self 
		 1: def_%v_0 
		 2: COPY TYPE_CurrentScope def_%current_scope 
		 3: COPY TYPE_ScopeModule def_%current_module 
		 4: 
		 5: 
		 6: %self->joins def_%v_3 %self[2.0,] 	 SYMBOL:node,	 ARGS:Symbol,
		 7: COPY TYPE_StringLiteral "nodes.public" def_%v_4 
		 8: HASH- def_%v_5 %v_4[2.7,] 
		 9: %v_3->where def_%v_6 %v_3[2.6,] %v_5[2.8,] 	 SYMBOL:	 ARGS:%v_5,
		 10: RETURN %v_6[2.9,] %self[2.0,2.6,] 
BB 3
	outgoing: 
	datadep: 
	instructions:

SET IRMethod, name = should_generate_new_friendly_id? instanceMethod = true
BB 1
	outgoing: 3 2 
	datadep: 
	instructions:
BB 2
	outgoing: 3 
	datadep: 
	instructions:
		 0: def_%self 
		 1: def_%v_0 
		 2: COPY TYPE_CurrentScope def_%current_scope 
		 3: COPY TYPE_ScopeModule def_%current_module 
		 4: 
		 5: 
		 6: %self->title_changed? def_%v_3 %self[2.0,] 	 SYMBOL:	 ARGS:
		 7: RETURN %v_3[2.6,] %self[2.0,2.6,] 
BB 3
	outgoing: 
	datadep: 
	instructions:

SET IRMethod, name = as_indexed_json instanceMethod = true
BB 1
	outgoing: 5 2 
	datadep: 
	instructions:
BB 2
	outgoing: 3 4 
	datadep: 
	instructions:
		 0: def_%self 
		 1: def_%v_0 
		 2: COPY TYPE_CurrentScope def_%current_scope 
		 3: COPY TYPE_ScopeModule def_%current_module 
		 4: 
		 5: RECEIVECONSTARG def_options 
		 6: options[2.5,] 
BB 3
	outgoing: 4 
	datadep: 
	instructions:
		 0: HASH- def_%v_3 
		 1: COPY TYPE_PASS def_options %v_3[3.0,] 
BB 4
	outgoing: 5 
	datadep: 
	instructions:
		 0: 
		 1: %self->id def_%v_4 %self[2.0,] 	 SYMBOL:	 ARGS:
		 2: %self->created_at def_%v_5 %self[4.1,2.0,] 	 SYMBOL:	 ARGS:
		 3: %self->owner def_%v_6 %self[4.1,4.2,2.0,] 	 SYMBOL:	 ARGS:
		 4: %v_6->try def_%v_7 %v_6[4.3,] 	 SYMBOL:name,	 ARGS:Symbol,
		 5: %self->title def_%v_8 %self[4.1,4.2,4.3,2.0,] 	 SYMBOL:	 ARGS:
		 6: %self->body def_%v_9 %self[4.1,4.2,4.3,4.5,2.0,] 	 SYMBOL:	 ARGS:
		 7: %self->tag_names def_%v_10 %self[4.1,4.2,4.3,4.5,4.6,2.0,] 	 SYMBOL:	 ARGS:
		 8: HASH-id-created_at-username-title-body-tags- def_%v_11 %v_4[4.1,] %v_5[4.2,] %v_7[4.4,] %v_8[4.5,] %v_9[4.6,] %v_10[4.7,] 
		 9: RETURN %v_11[4.8,] %self[4.1,4.2,4.3,4.5,4.6,4.7,2.0,] 
BB 5
	outgoing: 
	datadep: 
	instructions:

SET IRMethod, name = creatable_by? instanceMethod = true
BB 1
	outgoing: 3 2 
	datadep: 
	instructions:
BB 2
	outgoing: 3 
	datadep: 
	instructions:
		 0: def_%self 
		 1: def_%v_0 
		 2: COPY TYPE_CurrentScope def_%current_scope 
		 3: COPY TYPE_ScopeModule def_%current_module 
		 4: 
		 5: RECEIVEARG def_account 
		 6: 
		 7: account->karma def_%v_3 account[2.5,] 	 SYMBOL:	 ARGS:
		 8: %v_3->> def_%v_4 %v_3[2.7,] 	 SYMBOL:	 ARGS:Fixnum,
		 9: RETURN %v_4[2.8,] %self[2.0,] 
BB 3
	outgoing: 
	datadep: 
	instructions:

SET IRMethod, name = updatable_by? instanceMethod = true
BB 1
	outgoing: 5 2 
	datadep: 
	instructions:
BB 2
	outgoing: 3 4 
	datadep: 
	instructions:
		 0: def_%self 
		 1: def_%v_0 
		 2: COPY TYPE_CurrentScope def_%current_scope 
		 3: COPY TYPE_ScopeModule def_%current_module 
		 4: 
		 5: RECEIVEARG def_account 
		 6: 
		 7: account->moderator? def_%v_3 account[2.5,] 	 SYMBOL:	 ARGS:
		 8: BRANCH %v_3[2.7,] 
BB 3
	outgoing: 5 
	datadep: 
	instructions:
		 0: account->admin? def_%v_4 account[2.5,] 	 SYMBOL:	 ARGS:
		 1: RETURN %v_4[3.0,] %self[2.0,] 
BB 4
	outgoing: 5 
	datadep: 
	instructions:
		 0: RETURN %v_3[2.7,] %self[2.0,] 
BB 5
	outgoing: 
	datadep: 
	instructions:

SET IRMethod, name = destroyable_by? instanceMethod = true
BB 1
	outgoing: 5 2 
	datadep: 
	instructions:
BB 2
	outgoing: 3 4 
	datadep: 
	instructions:
		 0: def_%self 
		 1: def_%v_0 
		 2: COPY TYPE_CurrentScope def_%current_scope 
		 3: COPY TYPE_ScopeModule def_%current_module 
		 4: 
		 5: RECEIVEARG def_account 
		 6: 
		 7: account->moderator? def_%v_3 account[2.5,] 	 SYMBOL:	 ARGS:
		 8: BRANCH %v_3[2.7,] 
BB 3
	outgoing: 5 
	datadep: 
	instructions:
		 0: account->admin? def_%v_4 account[2.5,] 	 SYMBOL:	 ARGS:
		 1: RETURN %v_4[3.0,] %self[2.0,] 
BB 4
	outgoing: 5 
	datadep: 
	instructions:
		 0: RETURN %v_3[2.7,] %self[2.0,] 
BB 5
	outgoing: 
	datadep: 
	instructions:

SET IRMethod, name = convert instanceMethod = true
BB 1
	outgoing: 12 2 
	datadep: 
	instructions:
BB 2
	outgoing: 3 10 
	datadep: 
	instructions:
		 0: def_%self 
		 1: def_%v_0 
		 2: COPY TYPE_CurrentScope def_%current_scope 
		 3: COPY TYPE_ScopeModule def_%current_module 
		 4: 
		 5: 
		 6: (News) def_%v_3 
		 7: %self->title def_%v_4 %self[2.0,] 	 SYMBOL:	 ARGS:
		 8: COPY TYPE_StringLiteral "**TODO** insérer une synthèse du journal" def_%v_5 
		 9: %self->wiki_body def_%v_6 %self[2.0,2.7,] 	 SYMBOL:	 ARGS:
		 10: (Section) def_%v_7 
		 11: %v_7->default def_%v_8 %v_7[2.10,] 	 SYMBOL:	 ARGS:
		 12: %v_8->id def_%v_9 %v_8[2.11,] 	 SYMBOL:	 ARGS:
		 13: HASH-title-wiki_body-wiki_second_part-section_id- def_%v_10 %v_4[2.7,] %v_5[2.8,] %v_6[2.9,] %v_9[2.12,] 
		 14: %v_3->new def_%v_11 %v_3[2.6,] %v_10[2.13,] 	 SYMBOL:	 ARGS:%v_10,
		 15: ATTRASSIGN %self->news %v_11[2.14,] 
		 16: 
		 17: GETFIELD %self->news def_%v_12 %self[2.0,2.7,2.9,2.15,] 
		 18: %self->owner def_%v_13 %self[2.0,2.7,2.9,2.15,] 	 SYMBOL:	 ARGS:
		 19: %v_13->try def_%v_14 %v_13[2.18,] 	 SYMBOL:name,	 ARGS:Symbol,
		 20: ATTRASSIGN %v_12->author_name %v_14[2.19,] 
		 21: 
		 22: GETFIELD %self->news def_%v_15 %self[2.0,2.7,2.9,2.15,2.18,] 
		 23: %self->owner def_%v_16 %self[2.0,2.7,2.9,2.15,2.18,] 	 SYMBOL:	 ARGS:
		 24: %v_16->try def_%v_17 %v_16[2.23,] 	 SYMBOL:account,	 ARGS:Symbol,
		 25: %v_17->try def_%v_18 %v_17[2.24,] 	 SYMBOL:email,	 ARGS:Symbol,
		 26: ATTRASSIGN %v_15->author_email %v_18[2.25,] 
		 27: 
		 28: GETFIELD %self->news def_%v_19 %self[2.0,2.7,2.9,2.15,2.18,2.23,] 
		 29: %v_19->save def_%v_20 %v_19[2.28,] 	 SYMBOL:	 ARGS:
		 30: COPY TYPE_PASS def_saved %v_20[2.29,] 
		 31: 
		 32: BRANCH %v_20[2.29,] 
BB 3
	outgoing: 4 5 
	datadep: 
	instructions:
		 0: 
		 1: GLOBALVAR $redis def_%v_21 
		 2: COPY TYPE_StringLiteral "convert/" def_%v_22 
		 3: GETFIELD %self->news def_%v_23 %self[2.0,2.15,] 
		 4: %v_23->id def_%v_24 %v_23[3.3,] 	 SYMBOL:	 ARGS:
		 5: BUILDSTRING def_%v_25 %v_22[3.2,] %v_24[3.4,] 
		 6: %self->id def_%v_26 %self[2.0,2.15,] 	 SYMBOL:	 ARGS:
		 7: %v_21->set def_%v_27 %v_21[3.1,] %v_25[3.5,] %v_26[3.6,] 	 SYMBOL:	 ARGS:%v_25,%v_26,
		 8: 
		 9: %self->node def_%v_28 %self[3.6,2.0,2.15,] 	 SYMBOL:	 ARGS:
		 10: %v_28->cc_licensed? def_%v_29 %v_28[3.9,] 	 SYMBOL:	 ARGS:
		 11: BRANCH %v_29[3.10,] 
BB 4
	outgoing: 6 
	datadep: 
	instructions:
		 0: GETFIELD %self->news def_%v_30 %self[2.0,2.15,] 
		 1: %v_30->node def_%v_31 %v_30[4.0,] 	 SYMBOL:	 ARGS:
		 2: %v_31->update_column def_%v_32 %v_31[4.1,] 	 SYMBOL:cc_licensed,	 ARGS:Symbol,Boolean,
		 3: 
BB 5
	outgoing: 6 
	datadep: 
	instructions:
		 0: COPY TYPE_Nil def_%v_32 
BB 6
	outgoing: 7 8 
	datadep: 
	instructions:
		 0: 
		 1: GETFIELD %self->news def_%v_33 %self[2.0,2.15,] 
		 2: %v_33->links def_%v_34 %v_33[6.1,] 	 SYMBOL:	 ARGS:
		 3: COPY TYPE_StringLiteral "Journal à l'origine de la dépêche" def_%v_35 
		 4: (MY_DOMAIN) def_%v_36 
		 5: COPY TYPE_StringLiteral "/users/" def_%v_37 
		 6: %self->owner def_%v_38 %self[2.0,2.15,] 	 SYMBOL:	 ARGS:
		 7: %v_38->to_param def_%v_39 %v_38[6.6,] 	 SYMBOL:	 ARGS:
		 8: COPY TYPE_StringLiteral "/journaux/" def_%v_40 
		 9: %self->to_param def_%v_41 %self[6.6,2.0,2.15,] 	 SYMBOL:	 ARGS:
		 10: BUILDSTRING def_%v_42 %v_36[6.4,] %v_37[6.5,] %v_39[6.7,] %v_40[6.8,] %v_41[6.9,] 
		 11: COPY TYPE_StringLiteral "fr" def_%v_43 
		 12: HASH-title-url-lang- def_%v_44 %v_35[6.3,] %v_42[6.10,] %v_43[6.11,] 
		 13: %v_34->create def_%v_45 %v_34[6.2,] %v_44[6.12,] 	 SYMBOL:	 ARGS:%v_44,
		 14: 
		 15: %self->node def_%v_46 %self[6.6,6.9,2.0,2.15,] 	 SYMBOL:	 ARGS:
		 16: %v_46->cc_licensed? def_%v_47 %v_46[6.15,] 	 SYMBOL:	 ARGS:
		 17: BRANCH %v_47[6.16,] 
BB 7
	outgoing: 9 
	datadep: 
	instructions:
		 0: COPY TYPE_Nil def_%v_48 
		 1: 
BB 8
	outgoing: 9 
	datadep: 
	instructions:
		 0: GETFIELD %self->news def_%v_49 %self[2.0,2.15,] 
		 1: %v_49->submit! def_%v_50 %v_49[8.0,] 	 SYMBOL:	 ARGS:
		 2: COPY TYPE_PASS def_%v_48 %v_50[8.1,] 
BB 9
	outgoing: 12 
	datadep: 
	instructions:
		 0: 
		 1: GETFIELD %self->news def_%v_51 %self[2.0,2.15,] 
		 2: RETURN %v_51[9.1,] %self[2.0,2.15,] 
BB 10
	outgoing: 12 
	datadep: 
	instructions:
		 0: 
		 1: RETURN %self[2.0,2.15,] 
BB 12
	outgoing: 
	datadep: 
	instructions:

SET IRMethod, name = move_to_forum instanceMethod = true
BB 1
	outgoing: 6 2 
	datadep: 
	instructions:
BB 2
	outgoing: 3 4 
	datadep: 
	instructions:
		 0: def_%self 
		 1: def_%v_0 
		 2: COPY TYPE_CurrentScope def_%current_scope 
		 3: COPY TYPE_ScopeModule def_%current_module 
		 4: 
		 5: RECEIVEARG def_attrs 
		 6: 
		 7: (Post) def_%v_3 
		 8: %v_3->new def_%v_4 %v_3[2.7,] attrs[2.5,] 	 SYMBOL:	 ARGS:attrs,
		 9: ATTRASSIGN %self->post %v_4[2.8,] 
		 10: 
		 11: GETFIELD %self->post def_%v_5 %self[2.0,2.9,] 
		 12: %self->title def_%v_6 %self[2.0,2.9,] 	 SYMBOL:	 ARGS:
		 13: ATTRASSIGN %v_5->title %v_6[2.12,] 
		 14: 
		 15: GETFIELD %self->post def_%v_7 %self[2.0,2.9,2.12,] 
		 16: %self->wiki_body def_%v_8 %self[2.0,2.9,2.12,] 	 SYMBOL:	 ARGS:
		 17: ATTRASSIGN %v_7->wiki_body %v_8[2.16,] 
		 18: 
		 19: GETFIELD %self->post def_%v_9 %self[2.0,2.9,2.12,2.16,] 
		 20: %v_9->save def_%v_10 %v_9[2.19,] 	 SYMBOL:	 ARGS:
		 21: COPY TYPE_PASS def_saved %v_10[2.20,] 
		 22: 
		 23: BRANCH %v_10[2.20,] 
BB 3
	outgoing: 5 
	datadep: 
	instructions:
		 0: 
		 1: GETFIELD %self->post def_%v_11 %self[2.0,2.9,] 
		 2: %v_11->node def_%v_12 %v_11[3.1,] 	 SYMBOL:	 ARGS:
		 3: COPY TYPE_PASS def_other %v_12[3.2,] 
		 4: 
		 5: %self->node def_%v_13 %self[2.0,2.9,] 	 SYMBOL:	 ARGS:
		 6: %v_13->attributes def_%v_14 %v_13[3.5,] 	 SYMBOL:	 ARGS:
		 7: COPY TYPE_StringLiteral "id" def_%v_15 
		 8: %v_14->except def_%v_16 %v_14[3.6,] %v_15[3.7,] 	 SYMBOL:	 ARGS:%v_15,
		 9: COPY TYPE_StringLiteral "XXX" def_%v_17 
		 10: HASH-content_type-public- def_%v_18 %v_17[3.9,] 
		 11: %v_16->merge def_%v_19 %v_16[3.8,] %v_18[3.10,] 	 SYMBOL:	 ARGS:%v_18,
		 12: ATTRASSIGN other->attributes %v_19[3.11,] 
		 13: 
		 14: other->save def_%v_20 other[3.3,3.12,] 	 SYMBOL:	 ARGS:
		 15: 
		 16: %self->node def_%v_21 %self[3.5,2.0,2.9,] 	 SYMBOL:	 ARGS:
		 17: COPY TYPE_StringLiteral "Post" def_%v_22 
		 18: %v_21->update_column def_%v_23 %v_21[3.16,] %v_22[3.17,] 	 SYMBOL:content_type,	 ARGS:Symbol,%v_22,
		 19: 
		 20: %self->node def_%v_24 %self[3.5,3.16,2.0,2.9,] 	 SYMBOL:	 ARGS:
		 21: GETFIELD %self->post def_%v_25 %self[3.5,3.16,3.20,2.0,2.9,] 
		 22: %v_25->id def_%v_26 %v_25[3.21,] 	 SYMBOL:	 ARGS:
		 23: %v_24->update_column def_%v_27 %v_24[3.20,] %v_26[3.22,] 	 SYMBOL:content_id,	 ARGS:Symbol,%v_26,
		 24: 
		 25: COPY TYPE_StringLiteral "Diary" def_%v_28 
		 26: ATTRASSIGN other->content_type %v_28[3.25,] 
		 27: 
		 28: other->save def_%v_29 other[3.3,3.12,3.14,3.26,] 	 SYMBOL:	 ARGS:
		 29: 
BB 4
	outgoing: 5 
	datadep: 
	instructions:
		 0: COPY TYPE_Nil def_%v_29 
BB 5
	outgoing: 6 
	datadep: 
	instructions:
		 0: 
		 1: RETURN saved[2.21,] %self[2.0,2.9,] 
BB 6
	outgoing: 
	datadep: 
	instructions:

