SET IRMethod, name = percent instanceMethod = true
BB 1
	outgoing: 6 2 
	datadep: 
	instructions:
BB 2
	outgoing: 3 4 
	datadep: 
	instructions:
		 0: def_%self 
		 1: def_%v_0 
		 2: COPY TYPE_CurrentScope def_%current_scope 
		 3: COPY TYPE_ScopeModule def_%current_module 
		 4: 
		 5: 
		 6: %self->poll def_%v_3 %self[2.0,] 	 SYMBOL:	 ARGS:
		 7: %v_3->total_votes def_%v_4 %v_3[2.6,] 	 SYMBOL:	 ARGS:
		 8: %v_4->== def_%v_5 %v_4[2.7,] 	 SYMBOL:	 ARGS:Fixnum,
		 9: BRANCH %v_5[2.8,] 
BB 3
	outgoing: 6 
	datadep: 
	instructions:
		 0: RETURN %self[2.0,] 
BB 4
	outgoing: 6 
	datadep: 
	instructions:
		 0: COPY TYPE_Nil def_%v_6 
		 1: 
		 2: COPY TYPE_StringLiteral "%.1f" def_%v_7 
		 3: %self->votes def_%v_8 %self[2.0,] 	 SYMBOL:	 ARGS:
		 4: %v_8->* def_%v_9 %v_8[4.3,] 	 SYMBOL:	 ARGS:%v_8,
		 5: %self->poll def_%v_10 %self[4.3,2.0,] 	 SYMBOL:	 ARGS:
		 6: %v_10->total_votes def_%v_11 %v_10[4.5,] 	 SYMBOL:	 ARGS:
		 7: %v_9->/ def_%v_12 %v_9[4.4,] %v_11[4.6,] 	 SYMBOL:	 ARGS:%v_11,
		 8: %v_7->% def_%v_13 %v_7[4.2,] %v_12[4.7,] 	 SYMBOL:	 ARGS:%v_12,
		 9: RETURN %v_13[4.8,] %self[4.3,4.5,2.0,] 
BB 6
	outgoing: 
	datadep: 
	instructions:

SET IRMethod, name = vote instanceMethod = true
BB 1
	outgoing: 3 2 
	datadep: 
	instructions:
BB 2
	outgoing: 3 
	datadep: 
	instructions:
		 0: def_%self 
		 1: def_%v_0 
		 2: COPY TYPE_CurrentScope def_%current_scope 
		 3: COPY TYPE_ScopeModule def_%current_module 
		 4: 
		 5: RECEIVEARG def_ip 
		 6: 
		 7: %self->class def_%v_3 %self[2.0,] 	 SYMBOL:	 ARGS:
		 8: %self->id def_%v_4 %self[2.0,2.7,] 	 SYMBOL:	 ARGS:
		 9: %v_3->increment_counter def_%v_5 %v_3[2.7,] %v_4[2.8,] 	 SYMBOL:votes,	 ARGS:Symbol,%v_4,
		 10: 
		 11: %self->poll def_%v_6 %self[2.0,2.7,2.8,] 	 SYMBOL:	 ARGS:
		 12: %v_6->vote def_%v_7 %v_6[2.11,] ip[2.5,] 	 SYMBOL:	 ARGS:ip,
		 13: RETURN %v_7[2.12,] %self[2.0,2.7,2.8,2.11,] 
BB 3
	outgoing: 
	datadep: 
	instructions:

SET IRMethod, name = formatted instanceMethod = true
BB 1
	outgoing: 3 2 
	datadep: 
	instructions:
BB 2
	outgoing: 3 
	datadep: 
	instructions:
		 0: def_%self 
		 1: def_%v_0 
		 2: COPY TYPE_CurrentScope def_%current_scope 
		 3: COPY TYPE_ScopeModule def_%current_module 
		 4: 
		 5: 
		 6: %self->answer def_%v_3 %self[2.0,] 	 SYMBOL:	 ARGS:
		 7: %self->linkify def_%v_4 %self[2.0,2.6,] %v_3[2.6,] 	 SYMBOL:	 ARGS:%v_3,
		 8: RETURN %v_4[2.7,] %self[2.0,2.6,2.7,] 
BB 3
	outgoing: 
	datadep: 
	instructions:

