SET IRMethod, name = with_node_ordered_by instanceMethod = false
BB 1
	outgoing: 3 2 
	datadep: 
	instructions:
BB 2
	outgoing: 3 
	datadep: 
	instructions:
		 0: def_%self 
		 1: def_%v_0 
		 2: COPY TYPE_CurrentScope def_%current_scope 
		 3: COPY TYPE_ScopeModule def_%current_module 
		 4: 
		 5: 
		 6: %self->joins def_%v_3 %self[2.0,] 	 SYMBOL:node,	 ARGS:Symbol,
		 7: COPY TYPE_StringLiteral "nodes.public = 1" def_%v_4 
		 8: %v_3->where def_%v_5 %v_3[2.6,] %v_4[2.7,] 	 SYMBOL:	 ARGS:%v_4,
		 9: COPY TYPE_StringLiteral "nodes." def_%v_6 
		 10: %self->order def_%v_7 %self[2.0,2.6,] 	 SYMBOL:	 ARGS:
		 11: COPY TYPE_StringLiteral " DESC" def_%v_8 
		 12: BUILDSTRING def_%v_9 %v_6[2.9,] %v_7[2.10,] %v_8[2.11,] 
		 13: %v_5->order def_%v_10 %v_5[2.8,] %v_9[2.12,] 	 SYMBOL:	 ARGS:%v_9,
		 14: RETURN %v_10[2.13,] %self[2.0,2.6,2.10,] 
BB 3
	outgoing: 
	datadep: 
	instructions:

SET IRMethod, name = indexable instanceMethod = false
BB 1
	outgoing: 3 2 
	datadep: 
	instructions:
BB 2
	outgoing: 3 
	datadep: 
	instructions:
		 0: def_%self 
		 1: def_%v_0 
		 2: COPY TYPE_CurrentScope def_%current_scope 
		 3: COPY TYPE_ScopeModule def_%current_module 
		 4: 
		 5: 
		 6: %self->joins def_%v_3 %self[2.0,] 	 SYMBOL:node,	 ARGS:Symbol,
		 7: COPY TYPE_StringLiteral "nodes.public" def_%v_4 
		 8: HASH- def_%v_5 %v_4[2.7,] 
		 9: %v_3->where def_%v_6 %v_3[2.6,] %v_5[2.8,] 	 SYMBOL:	 ARGS:%v_5,
		 10: RETURN %v_6[2.9,] %self[2.0,2.6,] 
BB 3
	outgoing: 
	datadep: 
	instructions:

SET IRMethod, name = with_node_ordered_by instanceMethod = false
BB 1
	outgoing: 3 2 
	datadep: 
	instructions:
BB 2
	outgoing: 3 
	datadep: 
	instructions:
		 0: def_%self 
		 1: def_%v_0 
		 2: COPY TYPE_CurrentScope def_%current_scope 
		 3: COPY TYPE_ScopeModule def_%current_module 
		 4: 
		 5: 
		 6: %self->joins def_%v_3 %self[2.0,] 	 SYMBOL:node,	 ARGS:Symbol,
		 7: COPY TYPE_StringLiteral "nodes.public = 1" def_%v_4 
		 8: %v_3->where def_%v_5 %v_3[2.6,] %v_4[2.7,] 	 SYMBOL:	 ARGS:%v_4,
		 9: COPY TYPE_StringLiteral "nodes." def_%v_6 
		 10: %self->order def_%v_7 %self[2.0,2.6,] 	 SYMBOL:	 ARGS:
		 11: COPY TYPE_StringLiteral " DESC" def_%v_8 
		 12: BUILDSTRING def_%v_9 %v_6[2.9,] %v_7[2.10,] %v_8[2.11,] 
		 13: %v_5->order def_%v_10 %v_5[2.8,] %v_9[2.12,] 	 SYMBOL:	 ARGS:%v_9,
		 14: RETURN %v_10[2.13,] %self[2.0,2.6,2.10,] 
BB 3
	outgoing: 
	datadep: 
	instructions:

SET IRMethod, name = indexable instanceMethod = false
BB 1
	outgoing: 3 2 
	datadep: 
	instructions:
BB 2
	outgoing: 3 
	datadep: 
	instructions:
		 0: def_%self 
		 1: def_%v_0 
		 2: COPY TYPE_CurrentScope def_%current_scope 
		 3: COPY TYPE_ScopeModule def_%current_module 
		 4: 
		 5: 
		 6: %self->joins def_%v_3 %self[2.0,] 	 SYMBOL:node,	 ARGS:Symbol,
		 7: COPY TYPE_StringLiteral "nodes.public" def_%v_4 
		 8: HASH- def_%v_5 %v_4[2.7,] 
		 9: %v_3->where def_%v_6 %v_3[2.6,] %v_5[2.8,] 	 SYMBOL:	 ARGS:%v_5,
		 10: RETURN %v_6[2.9,] %self[2.0,2.6,] 
BB 3
	outgoing: 
	datadep: 
	instructions:

SET IRMethod, name = with_node_ordered_by instanceMethod = false
BB 1
	outgoing: 3 2 
	datadep: 
	instructions:
BB 2
	outgoing: 3 
	datadep: 
	instructions:
		 0: def_%self 
		 1: def_%v_0 
		 2: COPY TYPE_CurrentScope def_%current_scope 
		 3: COPY TYPE_ScopeModule def_%current_module 
		 4: 
		 5: 
		 6: %self->joins def_%v_3 %self[2.0,] 	 SYMBOL:node,	 ARGS:Symbol,
		 7: COPY TYPE_StringLiteral "nodes.public = 1" def_%v_4 
		 8: %v_3->where def_%v_5 %v_3[2.6,] %v_4[2.7,] 	 SYMBOL:	 ARGS:%v_4,
		 9: COPY TYPE_StringLiteral "nodes." def_%v_6 
		 10: %self->order def_%v_7 %self[2.0,2.6,] 	 SYMBOL:	 ARGS:
		 11: COPY TYPE_StringLiteral " DESC" def_%v_8 
		 12: BUILDSTRING def_%v_9 %v_6[2.9,] %v_7[2.10,] %v_8[2.11,] 
		 13: %v_5->order def_%v_10 %v_5[2.8,] %v_9[2.12,] 	 SYMBOL:	 ARGS:%v_9,
		 14: RETURN %v_10[2.13,] %self[2.0,2.6,2.10,] 
BB 3
	outgoing: 
	datadep: 
	instructions:

SET IRMethod, name = indexable instanceMethod = false
BB 1
	outgoing: 3 2 
	datadep: 
	instructions:
BB 2
	outgoing: 3 
	datadep: 
	instructions:
		 0: def_%self 
		 1: def_%v_0 
		 2: COPY TYPE_CurrentScope def_%current_scope 
		 3: COPY TYPE_ScopeModule def_%current_module 
		 4: 
		 5: 
		 6: %self->joins def_%v_3 %self[2.0,] 	 SYMBOL:node,	 ARGS:Symbol,
		 7: COPY TYPE_StringLiteral "nodes.public" def_%v_4 
		 8: HASH- def_%v_5 %v_4[2.7,] 
		 9: %v_3->where def_%v_6 %v_3[2.6,] %v_5[2.8,] 	 SYMBOL:	 ARGS:%v_5,
		 10: RETURN %v_6[2.9,] %self[2.0,2.6,] 
BB 3
	outgoing: 
	datadep: 
	instructions:

SET IRMethod, name = should_generate_new_friendly_id? instanceMethod = true
BB 1
	outgoing: 3 2 
	datadep: 
	instructions:
BB 2
	outgoing: 3 
	datadep: 
	instructions:
		 0: def_%self 
		 1: def_%v_0 
		 2: COPY TYPE_CurrentScope def_%current_scope 
		 3: COPY TYPE_ScopeModule def_%current_module 
		 4: 
		 5: 
		 6: %self->title_changed? def_%v_3 %self[2.0,] 	 SYMBOL:	 ARGS:
		 7: RETURN %v_3[2.6,] %self[2.0,2.6,] 
BB 3
	outgoing: 
	datadep: 
	instructions:

SET IRMethod, name = as_indexed_json instanceMethod = true
BB 1
	outgoing: 5 2 
	datadep: 
	instructions:
BB 2
	outgoing: 3 4 
	datadep: 
	instructions:
		 0: def_%self 
		 1: def_%v_0 
		 2: COPY TYPE_CurrentScope def_%current_scope 
		 3: COPY TYPE_ScopeModule def_%current_module 
		 4: 
		 5: RECEIVECONSTARG def_options 
		 6: options[2.5,] 
BB 3
	outgoing: 4 
	datadep: 
	instructions:
		 0: HASH- def_%v_3 
		 1: COPY TYPE_PASS def_options %v_3[3.0,] 
BB 4
	outgoing: 5 
	datadep: 
	instructions:
		 0: 
		 1: %self->id def_%v_4 %self[2.0,] 	 SYMBOL:	 ARGS:
		 2: %self->created_at def_%v_5 %self[4.1,2.0,] 	 SYMBOL:	 ARGS:
		 3: %self->user def_%v_6 %self[4.1,4.2,2.0,] 	 SYMBOL:	 ARGS:
		 4: %v_6->try def_%v_7 %v_6[4.3,] 	 SYMBOL:name,	 ARGS:Symbol,
		 5: %self->forum def_%v_8 %self[4.1,4.2,4.3,2.0,] 	 SYMBOL:	 ARGS:
		 6: %v_8->title def_%v_9 %v_8[4.5,] 	 SYMBOL:	 ARGS:
		 7: COPY TYPE_StringLiteral "/." def_%v_10 
		 8: COPY TYPE_StringLiteral "--" def_%v_11 
		 9: %v_9->tr def_%v_12 %v_9[4.6,] %v_10[4.7,] %v_11[4.8,] 	 SYMBOL:	 ARGS:%v_10,%v_11,
		 10: %self->title def_%v_13 %self[4.1,4.2,4.3,4.5,2.0,] 	 SYMBOL:	 ARGS:
		 11: %self->body def_%v_14 %self[4.1,4.2,4.3,4.5,4.10,2.0,] 	 SYMBOL:	 ARGS:
		 12: %self->tag_names def_%v_15 %self[4.1,4.2,4.3,4.5,4.10,4.11,2.0,] 	 SYMBOL:	 ARGS:
		 13: HASH-id-created_at-username-forum-title-body-tags- def_%v_16 %v_4[4.1,] %v_5[4.2,] %v_7[4.4,] %v_12[4.9,] %v_13[4.10,] %v_14[4.11,] %v_15[4.12,] 
		 14: RETURN %v_16[4.13,] %self[4.1,4.2,4.3,4.5,4.10,4.11,4.12,2.0,] 
BB 5
	outgoing: 
	datadep: 
	instructions:

SET IRMethod, name = updatable_by? instanceMethod = true
BB 1
	outgoing: 7 2 
	datadep: 
	instructions:
BB 2
	outgoing: 3 4 
	datadep: 
	instructions:
		 0: def_%self 
		 1: def_%v_0 
		 2: COPY TYPE_CurrentScope def_%current_scope 
		 3: COPY TYPE_ScopeModule def_%current_module 
		 4: 
		 5: RECEIVEARG def_account 
		 6: 
		 7: %self->node def_%v_3 %self[2.0,] 	 SYMBOL:	 ARGS:
		 8: %v_3->user_id def_%v_4 %v_3[2.7,] 	 SYMBOL:	 ARGS:
		 9: account->user_id def_%v_5 account[2.5,] 	 SYMBOL:	 ARGS:
		 10: %v_4->== def_%v_6 %v_4[2.8,] %v_5[2.9,] 	 SYMBOL:	 ARGS:%v_5,
		 11: BRANCH %v_6[2.10,] 
BB 3
	outgoing: 4 
	datadep: 
	instructions:
		 0: account->moderator? def_%v_7 account[2.5,] 	 SYMBOL:	 ARGS:
		 1: COPY TYPE_PASS def_%v_6 %v_7[3.0,] 
BB 4
	outgoing: 5 6 
	datadep: 
	instructions:
		 0: BRANCH %v_6[3.1,2.10,] 
BB 5
	outgoing: 7 
	datadep: 
	instructions:
		 0: account->admin? def_%v_8 account[2.5,] 	 SYMBOL:	 ARGS:
		 1: RETURN %v_8[5.0,] %self[2.0,] 
BB 6
	outgoing: 7 
	datadep: 
	instructions:
		 0: RETURN %v_6[3.1,2.10,] %self[2.0,] 
BB 7
	outgoing: 
	datadep: 
	instructions:

SET IRMethod, name = destroyable_by? instanceMethod = true
BB 1
	outgoing: 5 2 
	datadep: 
	instructions:
BB 2
	outgoing: 3 4 
	datadep: 
	instructions:
		 0: def_%self 
		 1: def_%v_0 
		 2: COPY TYPE_CurrentScope def_%current_scope 
		 3: COPY TYPE_ScopeModule def_%current_module 
		 4: 
		 5: RECEIVEARG def_account 
		 6: 
		 7: account->moderator? def_%v_3 account[2.5,] 	 SYMBOL:	 ARGS:
		 8: BRANCH %v_3[2.7,] 
BB 3
	outgoing: 5 
	datadep: 
	instructions:
		 0: account->admin? def_%v_4 account[2.5,] 	 SYMBOL:	 ARGS:
		 1: RETURN %v_4[3.0,] %self[2.0,] 
BB 4
	outgoing: 5 
	datadep: 
	instructions:
		 0: RETURN %v_3[2.7,] %self[2.0,] 
BB 5
	outgoing: 
	datadep: 
	instructions:

