SET IRMethod, name = can_see_post_revision? instanceMethod = true
BB 1
	outgoing: 11 2 
	datadep: 
	instructions:
BB 2
	outgoing: 3 4 
	datadep: 
	instructions:
		 0: def_%self 
		 1: def_%v_0 
		 2: COPY TYPE_CurrentScope def_%current_scope 
		 3: COPY TYPE_ScopeModule def_%current_module 
		 4: 
		 5: RECEIVEARG def_post_revision 
		 6: 
		 7: BRANCH post_revision[2.5,] 
BB 3
	outgoing: 6 7 
	datadep: 
	instructions:
		 0: COPY TYPE_Nil def_%v_3 
		 1: 
		 2: post_revision->hidden def_%v_4 post_revision[2.5,] 	 SYMBOL:	 ARGS:
		 3: BRANCH %v_4[3.2,] 
BB 4
	outgoing: 11 
	datadep: 
	instructions:
		 0: RETURN %self[2.0,] 
BB 6
	outgoing: 7 
	datadep: 
	instructions:
		 0: %self->can_view_hidden_post_revisions? def_%v_5 %self[2.0,] 	 SYMBOL:	 ARGS:
		 1: %v_5->! def_%v_6 %v_5[6.0,] 	 SYMBOL:	 ARGS:
		 2: COPY TYPE_PASS def_%v_4 %v_6[6.1,] 
BB 7
	outgoing: 8 9 
	datadep: 
	instructions:
		 0: BRANCH %v_4[6.2,3.2,] 
BB 8
	outgoing: 11 
	datadep: 
	instructions:
		 0: RETURN %self[2.0,] 
BB 9
	outgoing: 11 
	datadep: 
	instructions:
		 0: COPY TYPE_Nil def_%v_7 
		 1: 
		 2: post_revision->post def_%v_8 post_revision[2.5,] 	 SYMBOL:	 ARGS:
		 3: %self->can_view_edit_history? def_%v_9 %self[2.0,] %v_8[9.2,] 	 SYMBOL:	 ARGS:%v_8,
		 4: RETURN %v_9[9.3,] %self[9.3,2.0,] 
BB 11
	outgoing: 
	datadep: 
	instructions:

SET IRMethod, name = can_hide_post_revision? instanceMethod = true
BB 1
	outgoing: 3 2 
	datadep: 
	instructions:
BB 2
	outgoing: 3 
	datadep: 
	instructions:
		 0: def_%self 
		 1: def_%v_0 
		 2: COPY TYPE_CurrentScope def_%current_scope 
		 3: COPY TYPE_ScopeModule def_%current_module 
		 4: 
		 5: RECEIVEARG def_post_revision 
		 6: 
		 7: %self->is_staff? def_%v_3 %self[2.0,] 	 SYMBOL:	 ARGS:
		 8: RETURN %v_3[2.7,] %self[2.0,2.7,] 
BB 3
	outgoing: 
	datadep: 
	instructions:

SET IRMethod, name = can_show_post_revision? instanceMethod = true
BB 1
	outgoing: 3 2 
	datadep: 
	instructions:
BB 2
	outgoing: 3 
	datadep: 
	instructions:
		 0: def_%self 
		 1: def_%v_0 
		 2: COPY TYPE_CurrentScope def_%current_scope 
		 3: COPY TYPE_ScopeModule def_%current_module 
		 4: 
		 5: RECEIVEARG def_post_revision 
		 6: 
		 7: %self->is_staff? def_%v_3 %self[2.0,] 	 SYMBOL:	 ARGS:
		 8: RETURN %v_3[2.7,] %self[2.0,2.7,] 
BB 3
	outgoing: 
	datadep: 
	instructions:

SET IRMethod, name = can_view_hidden_post_revisions? instanceMethod = true
BB 1
	outgoing: 3 2 
	datadep: 
	instructions:
BB 2
	outgoing: 3 
	datadep: 
	instructions:
		 0: def_%self 
		 1: def_%v_0 
		 2: COPY TYPE_CurrentScope def_%current_scope 
		 3: COPY TYPE_ScopeModule def_%current_module 
		 4: 
		 5: 
		 6: %self->is_staff? def_%v_3 %self[2.0,] 	 SYMBOL:	 ARGS:
		 7: RETURN %v_3[2.6,] %self[2.0,2.6,] 
BB 3
	outgoing: 
	datadep: 
	instructions:

