SET IRMethod, name = initialize instanceMethod = true
BB 1
	outgoing: 3 2 
	datadep: 
	instructions:
BB 2
	outgoing: 3 
	datadep: 
	instructions:
		 0: def_%self 
		 1: def_%v_0 
		 2: COPY TYPE_CurrentScope def_%current_scope 
		 3: COPY TYPE_ScopeModule def_%current_module 
		 4: 
		 5: 
		 6: %self->setup def_%v_3 %self[2.0,] 	 SYMBOL:	 ARGS:
		 7: RETURN %v_3[2.6,] %self[2.0,2.6,] 
BB 3
	outgoing: 
	datadep: 
	instructions:

SET IRMethod, name = folders instanceMethod = true
BB 1
	outgoing: 3 2 
	datadep: 
	instructions:
BB 2
	outgoing: 3 
	datadep: 
	instructions:
		 0: def_%self 
		 1: def_%v_0 
		 2: COPY TYPE_CurrentScope def_%current_scope 
		 3: COPY TYPE_ScopeModule def_%current_module 
		 4: 
		 5: 
		 6: (Folder) def_%v_3 
		 7: GETFIELD %self->folders def_%v_4 %self[2.0,] 
		 8: HASH-id- def_%v_5 %v_4[2.7,] 
		 9: %v_3->where def_%v_6 %v_3[2.6,] %v_5[2.8,] 	 SYMBOL:	 ARGS:%v_5,
		 10: RETURN %v_6[2.9,] %self[2.0,] 
BB 3
	outgoing: 
	datadep: 
	instructions:

SET IRMethod, name = files instanceMethod = true
BB 1
	outgoing: 3 2 
	datadep: 
	instructions:
BB 2
	outgoing: 3 
	datadep: 
	instructions:
		 0: def_%self 
		 1: def_%v_0 
		 2: COPY TYPE_CurrentScope def_%current_scope 
		 3: COPY TYPE_ScopeModule def_%current_module 
		 4: 
		 5: 
		 6: (UserFile) def_%v_3 
		 7: GETFIELD %self->files def_%v_4 %self[2.0,] 
		 8: HASH-id- def_%v_5 %v_4[2.7,] 
		 9: %v_3->where def_%v_6 %v_3[2.6,] %v_5[2.8,] 	 SYMBOL:	 ARGS:%v_5,
		 10: RETURN %v_6[2.9,] %self[2.0,] 
BB 3
	outgoing: 
	datadep: 
	instructions:

SET IRMethod, name = add instanceMethod = true
BB 1
	outgoing: 12 2 
	datadep: 
	instructions:
BB 2
	outgoing: 3 7 
	datadep: 
	instructions:
		 0: def_%self 
		 1: def_%v_0 
		 2: COPY TYPE_CurrentScope def_%current_scope 
		 3: COPY TYPE_ScopeModule def_%current_module 
		 4: 
		 5: RECEIVEARG def_item 
		 6: 
		 7: item->class def_%v_3 item[2.5,] 	 SYMBOL:	 ARGS:
		 8: (Folder) def_%v_4 
		 9: %v_3->== def_%v_5 %v_3[2.7,] %v_4[2.8,] 	 SYMBOL:	 ARGS:%v_4,
		 10: BRANCH %v_5[2.9,] 
BB 3
	outgoing: 4 5 
	datadep: 
	instructions:
		 0: 
		 1: GETFIELD %self->folders def_%v_6 %self[2.0,] 
		 2: item->id def_%v_7 item[2.5,] 	 SYMBOL:	 ARGS:
		 3: %v_6->include? def_%v_8 %v_6[3.1,] %v_7[3.2,] 	 SYMBOL:	 ARGS:%v_7,
		 4: BRANCH %v_8[3.3,] 
BB 4
	outgoing: 6 
	datadep: 
	instructions:
		 0: COPY TYPE_Nil def_%v_9 
		 1: 
BB 5
	outgoing: 6 
	datadep: 
	instructions:
		 0: GETFIELD %self->folders def_%v_10 %self[2.0,] 
		 1: item->id def_%v_11 item[2.5,] 	 SYMBOL:	 ARGS:
		 2: %v_10-><< def_%v_12 %v_10[5.0,] %v_11[5.1,] 	 SYMBOL:	 ARGS:%v_11,
		 3: COPY TYPE_PASS def_%v_9 %v_12[5.2,] 
BB 6
	outgoing: 12 
	datadep: 
	instructions:
		 0: RETURN %v_9[5.3,4.0,] %self[2.0,] 
BB 7
	outgoing: 8 9 
	datadep: 
	instructions:
		 0: 
		 1: GETFIELD %self->files def_%v_13 %self[2.0,] 
		 2: item->id def_%v_14 item[2.5,] 	 SYMBOL:	 ARGS:
		 3: %v_13->include? def_%v_15 %v_13[7.1,] %v_14[7.2,] 	 SYMBOL:	 ARGS:%v_14,
		 4: BRANCH %v_15[7.3,] 
BB 8
	outgoing: 10 
	datadep: 
	instructions:
		 0: COPY TYPE_Nil def_%v_16 
		 1: 
BB 9
	outgoing: 10 
	datadep: 
	instructions:
		 0: GETFIELD %self->files def_%v_17 %self[2.0,] 
		 1: item->id def_%v_18 item[2.5,] 	 SYMBOL:	 ARGS:
		 2: %v_17-><< def_%v_19 %v_17[9.0,] %v_18[9.1,] 	 SYMBOL:	 ARGS:%v_18,
		 3: COPY TYPE_PASS def_%v_16 %v_19[9.2,] 
BB 10
	outgoing: 12 
	datadep: 
	instructions:
		 0: RETURN %v_16[9.3,8.0,] %self[2.0,] 
BB 12
	outgoing: 
	datadep: 
	instructions:

SET IRMethod, name = remove instanceMethod = true
BB 1
	outgoing: 6 2 
	datadep: 
	instructions:
BB 2
	outgoing: 3 4 
	datadep: 
	instructions:
		 0: def_%self 
		 1: def_%v_0 
		 2: COPY TYPE_CurrentScope def_%current_scope 
		 3: COPY TYPE_ScopeModule def_%current_module 
		 4: 
		 5: RECEIVEARG def_item 
		 6: 
		 7: item->class def_%v_3 item[2.5,] 	 SYMBOL:	 ARGS:
		 8: (Folder) def_%v_4 
		 9: %v_3->== def_%v_5 %v_3[2.7,] %v_4[2.8,] 	 SYMBOL:	 ARGS:%v_4,
		 10: BRANCH %v_5[2.9,] 
BB 3
	outgoing: 6 
	datadep: 
	instructions:
		 0: 
		 1: GETFIELD %self->folders def_%v_6 %self[2.0,] 
		 2: item->id def_%v_7 item[2.5,] 	 SYMBOL:	 ARGS:
		 3: %v_6->delete def_%v_8 %v_6[3.1,] %v_7[3.2,] 	 SYMBOL:	 ARGS:%v_7,
		 4: RETURN %v_8[3.3,] %self[2.0,] 
BB 4
	outgoing: 6 
	datadep: 
	instructions:
		 0: 
		 1: GETFIELD %self->files def_%v_9 %self[2.0,] 
		 2: item->id def_%v_10 item[2.5,] 	 SYMBOL:	 ARGS:
		 3: %v_9->delete def_%v_11 %v_9[4.1,] %v_10[4.2,] 	 SYMBOL:	 ARGS:%v_10,
		 4: RETURN %v_11[4.3,] %self[2.0,] 
BB 6
	outgoing: 
	datadep: 
	instructions:

SET IRMethod, name = empty? instanceMethod = true
BB 1
	outgoing: 9 2 
	datadep: 
	instructions:
BB 2
	outgoing: 3 4 
	datadep: 
	instructions:
		 0: def_%self 
		 1: def_%v_0 
		 2: COPY TYPE_CurrentScope def_%current_scope 
		 3: COPY TYPE_ScopeModule def_%current_module 
		 4: 
		 5: 
		 6: GETFIELD %self->folders def_%v_3 %self[2.0,] 
		 7: %v_3->empty? def_%v_4 %v_3[2.6,] 	 SYMBOL:	 ARGS:
		 8: BRANCH %v_4[2.7,] 
BB 3
	outgoing: 4 
	datadep: 
	instructions:
		 0: %self->folders def_%v_5 %self[2.0,] 	 SYMBOL:	 ARGS:
		 1: %v_5->empty? def_%v_6 %v_5[3.0,] 	 SYMBOL:	 ARGS:
		 2: COPY TYPE_PASS def_%v_4 %v_6[3.1,] 
BB 4
	outgoing: 5 8 
	datadep: 
	instructions:
		 0: BRANCH %v_4[3.2,2.7,] 
BB 5
	outgoing: 6 7 
	datadep: 
	instructions:
		 0: GETFIELD %self->files def_%v_7 %self[2.0,] 
		 1: %v_7->empty? def_%v_8 %v_7[5.0,] 	 SYMBOL:	 ARGS:
		 2: BRANCH %v_8[5.1,] 
BB 6
	outgoing: 7 
	datadep: 
	instructions:
		 0: %self->files def_%v_9 %self[2.0,] 	 SYMBOL:	 ARGS:
		 1: %v_9->empty? def_%v_10 %v_9[6.0,] 	 SYMBOL:	 ARGS:
		 2: COPY TYPE_PASS def_%v_8 %v_10[6.1,] 
BB 7
	outgoing: 9 
	datadep: 
	instructions:
		 0: RETURN %v_8[6.2,5.1,] %self[2.0,] 
BB 8
	outgoing: 9 
	datadep: 
	instructions:
		 0: RETURN %v_4[3.2,2.7,] %self[2.0,] 
BB 9
	outgoing: 
	datadep: 
	instructions:

SET IRMethod, name = reset instanceMethod = true
BB 1
	outgoing: 3 2 
	datadep: 
	instructions:
BB 2
	outgoing: 3 
	datadep: 
	instructions:
		 0: def_%self 
		 1: def_%v_0 
		 2: COPY TYPE_CurrentScope def_%current_scope 
		 3: COPY TYPE_ScopeModule def_%current_module 
		 4: 
		 5: 
		 6: %self->setup def_%v_3 %self[2.0,] 	 SYMBOL:	 ARGS:
		 7: RETURN %v_3[2.6,] %self[2.0,2.6,] 
BB 3
	outgoing: 
	datadep: 
	instructions:

SET IRMethod, name = setup instanceMethod = true
BB 1
	outgoing: 3 2 
	datadep: 
	instructions:
BB 2
	outgoing: 3 
	datadep: 
	instructions:
		 0: def_%self 
		 1: def_%v_0 
		 2: COPY TYPE_CurrentScope def_%current_scope 
		 3: COPY TYPE_ScopeModule def_%current_module 
		 4: 
		 5: 
		 6: COPY TYPE_Array def_%v_3 
		 7: COPY TYPE_Array def_%v_4 
		 8: COPY TYPE_Array def_%v_5 %v_3[2.6,] %v_4[2.7,] 
		 9: COPY TYPE_PASS def_%v_6 %v_3[2.6,] 
		 10: COPY TYPE_PASS def_%v_7 %v_4[2.7,] 
		 11: ATTRASSIGN %self->folders %v_3[2.6,] 
		 12: ATTRASSIGN %self->files %v_4[2.7,] 
		 13: RETURN %v_5[2.8,] %self[2.0,2.11,2.12,] 
BB 3
	outgoing: 
	datadep: 
	instructions:

