SET IRMethod, name = create_default_servers instanceMethod = false
BB 1
	outgoing: 3 2 
	datadep: 
	instructions:
BB 2
	outgoing: 3 
	datadep: 
	instructions:
		 0: def_%self 
		 1: def_%v_0 
		 2: COPY TYPE_CurrentScope def_%current_scope 
		 3: COPY TYPE_ScopeModule def_%current_module 
		 4: 
		 5: 
		 6: (Server) def_%v_3 
		 7: COPY TYPE_StringLiteral "apache" def_%v_4 
		 8: (Platform) def_%v_5 
		 9: %v_5->file_name def_%v_6 %v_5[2.8,] 	 SYMBOL:apache_pid,	 ARGS:Symbol,
		 10: (I18n) def_%v_7 
		 11: COPY TYPE_StringLiteral "apache_web_server" def_%v_8 
		 12: %v_7->t def_%v_9 %v_7[2.10,] %v_8[2.11,] 	 SYMBOL:	 ARGS:%v_8,
		 13: HASH-name-pidfile-comment- def_%v_10 %v_4[2.7,] %v_6[2.9,] %v_9[2.12,] 
		 14: %v_3->create def_%v_11 %v_3[2.6,] %v_10[2.13,] 	 SYMBOL:	 ARGS:%v_10,
		 15: 
		 16: (Server) def_%v_12 
		 17: COPY TYPE_StringLiteral "mariadb" def_%v_13 
		 18: COPY TYPE_StringLiteral "mariadb/mariadb.pid" def_%v_14 
		 19: (I18n) def_%v_15 
		 20: COPY TYPE_StringLiteral "mariadb_database_server" def_%v_16 
		 21: %v_15->t def_%v_17 %v_15[2.19,] %v_16[2.20,] 	 SYMBOL:	 ARGS:%v_16,
		 22: HASH-name-pidfile-comment- def_%v_18 %v_13[2.17,] %v_14[2.18,] %v_17[2.21,] 
		 23: %v_12->create def_%v_19 %v_12[2.16,] %v_18[2.22,] 	 SYMBOL:	 ARGS:%v_18,
		 24: 
		 25: (Server) def_%v_20 
		 26: COPY TYPE_StringLiteral "smb" def_%v_21 
		 27: (Platform) def_%v_22 
		 28: %v_22->file_name def_%v_23 %v_22[2.27,] 	 SYMBOL:samba_pid,	 ARGS:Symbol,
		 29: (I18n) def_%v_24 
		 30: COPY TYPE_StringLiteral "file_server_samba" def_%v_25 
		 31: %v_24->t def_%v_26 %v_24[2.29,] %v_25[2.30,] 	 SYMBOL:	 ARGS:%v_25,
		 32: HASH-name-pidfile-comment- def_%v_27 %v_21[2.26,] %v_23[2.28,] %v_26[2.31,] 
		 33: %v_20->create def_%v_28 %v_20[2.25,] %v_27[2.32,] 	 SYMBOL:	 ARGS:%v_27,
		 34: 
		 35: COPY TYPE_StringLiteral "# WARNING - This file was automatically generated on " def_%v_29 
		 36: (Time) def_%v_30 
		 37: %v_30->now def_%v_31 %v_30[2.36,] 	 SYMBOL:	 ARGS:
		 38: COPY TYPE_StringLiteral "
" def_%v_32 
		 39: COPY TYPE_StringLiteral "
set daemon 30
" def_%v_33 
		 40: COPY TYPE_StringLiteral "include " def_%v_34 
		 41: 
		 42: (Platform) def_%v_35 
		 43: %v_35->file_name def_%v_36 %v_35[2.42,] 	 SYMBOL:monit_dir,	 ARGS:Symbol,
		 44: COPY TYPE_StringLiteral "/logging
" def_%v_37 
		 45: BUILDSTRING def_%v_38 %v_34[2.40,] %v_36[2.43,] %v_37[2.44,] 
		 46: COPY TYPE_StringLiteral "include " def_%v_39 
		 47: 
		 48: (Platform) def_%v_40 
		 49: %v_40->file_name def_%v_41 %v_40[2.48,] 	 SYMBOL:monit_dir,	 ARGS:Symbol,
		 50: COPY TYPE_StringLiteral "/*.conf
" def_%v_42 
		 51: BUILDSTRING def_%v_43 %v_39[2.46,] %v_41[2.49,] %v_42[2.50,] 
		 52: BUILDSTRING def_%v_44 %v_29[2.35,] %v_31[2.37,] %v_32[2.38,] %v_33[2.39,] %v_38[2.45,] %v_43[2.51,] 
		 53: COPY TYPE_PASS def_r %v_44[2.52,] 
		 54: 
		 55: (TempCache) def_%v_45 
		 56: COPY TYPE_StringLiteral "server-conf" def_%v_46 
		 57: %v_45->unique_filename def_%v_47 %v_45[2.55,] %v_46[2.56,] 	 SYMBOL:	 ARGS:%v_46,
		 58: COPY TYPE_PASS def_fname %v_47[2.57,] 
		 59: 
		 60: (File) def_%v_48 
		 61: COPY TYPE_StringLiteral "w" def_%v_49 
		 62: %v_48->new def_%v_50 %v_48[2.60,] %v_47[2.57,] %v_49[2.61,] 	 SYMBOL:	 ARGS:fname,%v_49,
		 63: COPY TYPE_PASS def_f %v_50[2.62,] 
		 64: 
		 65: %v_50->write def_%v_51 %v_50[2.62,] r[2.53,] 	 SYMBOL:	 ARGS:r,
		 66: 
		 67: (Command) def_%v_52 
		 68: COPY TYPE_StringLiteral "cp -f " def_%v_53 
		 69: f->path def_%v_54 f[2.63,] 	 SYMBOL:	 ARGS:
		 70: COPY TYPE_StringLiteral " " def_%v_55 
		 71: (Platform) def_%v_56 
		 72: %v_56->file_name def_%v_57 %v_56[2.71,] 	 SYMBOL:monit_conf,	 ARGS:Symbol,
		 73: BUILDSTRING def_%v_58 %v_53[2.68,] %v_54[2.69,] %v_55[2.70,] %v_57[2.72,] 
		 74: %v_52->new def_%v_59 %v_52[2.67,] %v_58[2.73,] 	 SYMBOL:	 ARGS:%v_58,
		 75: COPY TYPE_PASS def_c %v_59[2.74,] 
		 76: 
		 77: COPY TYPE_StringLiteral "rm -f " def_%v_60 
		 78: f->path def_%v_61 f[2.63,2.69,] 	 SYMBOL:	 ARGS:
		 79: BUILDSTRING def_%v_62 %v_60[2.77,] %v_61[2.78,] 
		 80: c->submit def_%v_63 c[2.75,] %v_62[2.79,] 	 SYMBOL:	 ARGS:%v_62,
		 81: 
		 82: COPY TYPE_StringLiteral "chmod 644 " def_%v_64 
		 83: (Platform) def_%v_65 
		 84: %v_65->file_name def_%v_66 %v_65[2.83,] 	 SYMBOL:monit_log,	 ARGS:Symbol,
		 85: BUILDSTRING def_%v_67 %v_64[2.82,] %v_66[2.84,] 
		 86: c->submit def_%v_68 c[2.75,2.80,] %v_67[2.85,] 	 SYMBOL:	 ARGS:%v_67,
		 87: 
		 88: (Platform) def_%v_69 
		 89: %v_69->watchdog_restart_command def_%v_70 %v_69[2.88,] 	 SYMBOL:	 ARGS:
		 90: c->submit def_%v_71 c[2.75,2.80,2.86,] %v_70[2.89,] 	 SYMBOL:	 ARGS:%v_70,
		 91: 
		 92: c->execute def_%v_72 c[2.75,2.80,2.86,2.90,] 	 SYMBOL:	 ARGS:
		 93: 
		 94: f->close def_%v_73 f[2.63,2.69,2.78,] 	 SYMBOL:	 ARGS:
		 95: RETURN %v_73[2.94,] %self[2.0,] 
BB 3
	outgoing: 
	datadep: 
	instructions:

SET IRMethod, name = pids instanceMethod = true
BB 1
	outgoing: 3 2 
	datadep: 
	instructions:
BB 2
	outgoing: 3 
	datadep: 
	instructions:
		 0: def_%self 
		 1: def_%v_0 
		 2: COPY TYPE_CurrentScope def_%current_scope 
		 3: COPY TYPE_ScopeModule def_%current_module 
		 4: 
		 5: 
		 6: %self->estimate_pids def_%v_3 %self[2.0,] 	 SYMBOL:	 ARGS:
		 7: RETURN %v_3[2.6,] %self[2.0,2.6,] 
BB 3
	outgoing: 
	datadep: 
	instructions:

SET IRMethod, name = do_start instanceMethod = true
BB 1
	outgoing: 3 2 
	datadep: 
	instructions:
BB 2
	outgoing: 3 
	datadep: 
	instructions:
		 0: def_%self 
		 1: def_%v_0 
		 2: COPY TYPE_CurrentScope def_%current_scope 
		 3: COPY TYPE_ScopeModule def_%current_module 
		 4: 
		 5: 
		 6: (Command) def_%v_3 
		 7: %self->start_cmd def_%v_4 %self[2.0,] 	 SYMBOL:	 ARGS:
		 8: %v_3->new def_%v_5 %v_3[2.6,] %v_4[2.7,] 	 SYMBOL:	 ARGS:%v_4,
		 9: COPY TYPE_PASS def_c %v_5[2.8,] 
		 10: 
		 11: %v_5->execute def_%v_6 %v_5[2.8,] 	 SYMBOL:	 ARGS:
		 12: RETURN %v_6[2.11,] %self[2.0,2.7,] 
BB 3
	outgoing: 
	datadep: 
	instructions:

SET IRMethod, name = do_stop instanceMethod = true
BB 1
	outgoing: 3 2 
	datadep: 
	instructions:
BB 2
	outgoing: 3 
	datadep: 
	instructions:
		 0: def_%self 
		 1: def_%v_0 
		 2: COPY TYPE_CurrentScope def_%current_scope 
		 3: COPY TYPE_ScopeModule def_%current_module 
		 4: 
		 5: 
		 6: (Command) def_%v_3 
		 7: %self->stop_cmd def_%v_4 %self[2.0,] 	 SYMBOL:	 ARGS:
		 8: %v_3->new def_%v_5 %v_3[2.6,] %v_4[2.7,] 	 SYMBOL:	 ARGS:%v_4,
		 9: COPY TYPE_PASS def_c %v_5[2.8,] 
		 10: 
		 11: %v_5->execute def_%v_6 %v_5[2.8,] 	 SYMBOL:	 ARGS:
		 12: RETURN %v_6[2.11,] %self[2.0,2.7,] 
BB 3
	outgoing: 
	datadep: 
	instructions:

SET IRMethod, name = do_restart instanceMethod = true
BB 1
	outgoing: 3 2 
	datadep: 
	instructions:
BB 2
	outgoing: 3 
	datadep: 
	instructions:
		 0: def_%self 
		 1: def_%v_0 
		 2: COPY TYPE_CurrentScope def_%current_scope 
		 3: COPY TYPE_ScopeModule def_%current_module 
		 4: 
		 5: 
		 6: (Command) def_%v_3 
		 7: %self->stop_cmd def_%v_4 %self[2.0,] 	 SYMBOL:	 ARGS:
		 8: %v_3->new def_%v_5 %v_3[2.6,] %v_4[2.7,] 	 SYMBOL:	 ARGS:%v_4,
		 9: COPY TYPE_PASS def_c %v_5[2.8,] 
		 10: 
		 11: %self->start_cmd def_%v_6 %self[2.0,2.7,] 	 SYMBOL:	 ARGS:
		 12: c->submit def_%v_7 c[2.9,] %v_6[2.11,] 	 SYMBOL:	 ARGS:%v_6,
		 13: 
		 14: c->execute def_%v_8 c[2.9,2.12,] 	 SYMBOL:	 ARGS:
		 15: RETURN %v_8[2.14,] %self[2.0,2.7,2.11,] 
BB 3
	outgoing: 
	datadep: 
	instructions:

SET IRMethod, name = stopped? instanceMethod = true
BB 1
	outgoing: 3 2 
	datadep: 
	instructions:
BB 2
	outgoing: 3 
	datadep: 
	instructions:
		 0: def_%self 
		 1: def_%v_0 
		 2: COPY TYPE_CurrentScope def_%current_scope 
		 3: COPY TYPE_ScopeModule def_%current_module 
		 4: 
		 5: 
		 6: %self->pids def_%v_3 %self[2.0,] 	 SYMBOL:	 ARGS:
		 7: %v_3->empty? def_%v_4 %v_3[2.6,] 	 SYMBOL:	 ARGS:
		 8: RETURN %v_4[2.7,] %self[2.0,2.6,] 
BB 3
	outgoing: 
	datadep: 
	instructions:

SET IRMethod, name = running? instanceMethod = true
BB 1
	outgoing: 3 2 
	datadep: 
	instructions:
BB 2
	outgoing: 3 
	datadep: 
	instructions:
		 0: def_%self 
		 1: def_%v_0 
		 2: COPY TYPE_CurrentScope def_%current_scope 
		 3: COPY TYPE_ScopeModule def_%current_module 
		 4: 
		 5: 
		 6: %self->stopped? def_%v_3 %self[2.0,] 	 SYMBOL:	 ARGS:
		 7: %v_3->! def_%v_4 %v_3[2.6,] 	 SYMBOL:	 ARGS:
		 8: RETURN %v_4[2.7,] %self[2.0,2.6,] 
BB 3
	outgoing: 
	datadep: 
	instructions:

SET IRMethod, name = clean_name instanceMethod = true
BB 1
	outgoing: 3 2 
	datadep: 
	instructions:
BB 2
	outgoing: 3 
	datadep: 
	instructions:
		 0: def_%self 
		 1: def_%v_0 
		 2: COPY TYPE_CurrentScope def_%current_scope 
		 3: COPY TYPE_ScopeModule def_%current_module 
		 4: 
		 5: 
		 6: %self->name def_%v_3 %self[2.0,] 	 SYMBOL:	 ARGS:
		 7: COPY TYPE_Regexp def_%v_4 
		 8: COPY TYPE_StringLiteral "-" def_%v_5 
		 9: %v_3->gsub def_%v_6 %v_3[2.6,] %v_5[2.8,] 	 SYMBOL:	 ARGS:%v_4,%v_5,
		 10: RETURN %v_6[2.9,] %self[2.0,2.6,] 
BB 3
	outgoing: 
	datadep: 
	instructions:

SET IRMethod, name = pid_file instanceMethod = true
BB 1
	outgoing: 8 2 
	datadep: 
	instructions:
BB 2
	outgoing: 3 4 
	datadep: 
	instructions:
		 0: def_%self 
		 1: def_%v_0 
		 2: COPY TYPE_CurrentScope def_%current_scope 
		 3: COPY TYPE_ScopeModule def_%current_module 
		 4: 
		 5: 
		 6: %self->pidfile def_%v_3 %self[2.0,] 	 SYMBOL:	 ARGS:
		 7: BRANCH %v_3[2.6,] 
BB 3
	outgoing: 4 
	datadep: 
	instructions:
		 0: %self->name def_%v_4 %self[2.0,] 	 SYMBOL:	 ARGS:
		 1: COPY TYPE_StringLiteral ".pid" def_%v_5 
		 2: %v_4->+ def_%v_6 %v_4[3.0,] %v_5[3.1,] 	 SYMBOL:	 ARGS:%v_5,
		 3: COPY TYPE_PASS def_%v_3 %v_6[3.2,] 
BB 4
	outgoing: 5 6 
	datadep: 
	instructions:
		 0: COPY TYPE_PASS def_tmp %v_3[3.3,2.6,] 
		 1: 
		 2: COPY TYPE_Regexp def_%v_7 
		 3: %v_3->=~ def_%v_8 %v_3[3.3,2.6,] 	 SYMBOL:	 ARGS:%v_7,
		 4: BRANCH %v_8[4.3,] 
BB 5
	outgoing: 8 
	datadep: 
	instructions:
		 0: COPY TYPE_PASS def_%v_9 tmp[4.0,] 
		 1: RETURN %v_9[5.0,] %self[2.0,] 
BB 6
	outgoing: 8 
	datadep: 
	instructions:
		 0: (File) def_%v_10 
		 1: (PID_PATH) def_%v_11 
		 2: %v_10->join def_%v_12 %v_10[6.0,] %v_11[6.1,] tmp[4.0,] 	 SYMBOL:	 ARGS:%v_11,tmp,
		 3: RETURN %v_12[6.2,] %self[2.0,] 
BB 8
	outgoing: 
	datadep: 
	instructions:

SET IRMethod, name = start_cmd instanceMethod = true
BB 1
	outgoing: 3 2 
	datadep: 
	instructions:
BB 2
	outgoing: 3 
	datadep: 
	instructions:
		 0: def_%self 
		 1: def_%v_0 
		 2: COPY TYPE_CurrentScope def_%current_scope 
		 3: COPY TYPE_ScopeModule def_%current_module 
		 4: 
		 5: 
		 6: (Platform) def_%v_3 
		 7: %self->name def_%v_4 %self[2.0,] 	 SYMBOL:	 ARGS:
		 8: %v_3->service_start_command def_%v_5 %v_3[2.6,] %v_4[2.7,] 	 SYMBOL:	 ARGS:%v_4,
		 9: RETURN %v_5[2.8,] %self[2.0,2.7,] 
BB 3
	outgoing: 
	datadep: 
	instructions:

SET IRMethod, name = stop_cmd instanceMethod = true
BB 1
	outgoing: 3 2 
	datadep: 
	instructions:
BB 2
	outgoing: 3 
	datadep: 
	instructions:
		 0: def_%self 
		 1: def_%v_0 
		 2: COPY TYPE_CurrentScope def_%current_scope 
		 3: COPY TYPE_ScopeModule def_%current_module 
		 4: 
		 5: 
		 6: (Platform) def_%v_3 
		 7: %self->name def_%v_4 %self[2.0,] 	 SYMBOL:	 ARGS:
		 8: %v_3->service_stop_command def_%v_5 %v_3[2.6,] %v_4[2.7,] 	 SYMBOL:	 ARGS:%v_4,
		 9: RETURN %v_5[2.8,] %self[2.0,2.7,] 
BB 3
	outgoing: 
	datadep: 
	instructions:

SET IRMethod, name = enable_cmd instanceMethod = true
BB 1
	outgoing: 3 2 
	datadep: 
	instructions:
BB 2
	outgoing: 3 
	datadep: 
	instructions:
		 0: def_%self 
		 1: def_%v_0 
		 2: COPY TYPE_CurrentScope def_%current_scope 
		 3: COPY TYPE_ScopeModule def_%current_module 
		 4: 
		 5: 
		 6: (Platform) def_%v_3 
		 7: %self->name def_%v_4 %self[2.0,] 	 SYMBOL:	 ARGS:
		 8: %v_3->service_enable_command def_%v_5 %v_3[2.6,] %v_4[2.7,] 	 SYMBOL:	 ARGS:%v_4,
		 9: RETURN %v_5[2.8,] %self[2.0,2.7,] 
BB 3
	outgoing: 
	datadep: 
	instructions:

SET IRMethod, name = disable_cmd instanceMethod = true
BB 1
	outgoing: 3 2 
	datadep: 
	instructions:
BB 2
	outgoing: 3 
	datadep: 
	instructions:
		 0: def_%self 
		 1: def_%v_0 
		 2: COPY TYPE_CurrentScope def_%current_scope 
		 3: COPY TYPE_ScopeModule def_%current_module 
		 4: 
		 5: 
		 6: (Platform) def_%v_3 
		 7: %self->name def_%v_4 %self[2.0,] 	 SYMBOL:	 ARGS:
		 8: %v_3->service_disable_command def_%v_5 %v_3[2.6,] %v_4[2.7,] 	 SYMBOL:	 ARGS:%v_4,
		 9: RETURN %v_5[2.8,] %self[2.0,2.7,] 
BB 3
	outgoing: 
	datadep: 
	instructions:

SET IRMethod, name = destroy_hook instanceMethod = true
BB 1
	outgoing: 3 2 
	datadep: 
	instructions:
BB 2
	outgoing: 3 
	datadep: 
	instructions:
		 0: def_%self 
		 1: def_%v_0 
		 2: COPY TYPE_CurrentScope def_%current_scope 
		 3: COPY TYPE_ScopeModule def_%current_module 
		 4: 
		 5: 
		 6: (Command) def_%v_3 
		 7: COPY TYPE_StringLiteral "rm -f " def_%v_4 
		 8: (File) def_%v_5 
		 9: (Platform) def_%v_6 
		 10: %v_6->file_name def_%v_7 %v_6[2.9,] 	 SYMBOL:monit_dir,	 ARGS:Symbol,
		 11: (Platform) def_%v_8 
		 12: %self->name def_%v_9 %self[2.0,] 	 SYMBOL:	 ARGS:
		 13: %v_8->service_name def_%v_10 %v_8[2.11,] %v_9[2.12,] 	 SYMBOL:	 ARGS:%v_9,
		 14: %v_5->join def_%v_11 %v_5[2.8,] %v_7[2.10,] %v_10[2.13,] 	 SYMBOL:	 ARGS:%v_7,%v_10,
		 15: COPY TYPE_StringLiteral ".conf" def_%v_12 
		 16: BUILDSTRING def_%v_13 %v_4[2.7,] %v_11[2.14,] %v_12[2.15,] 
		 17: %v_3->new def_%v_14 %v_3[2.6,] %v_13[2.16,] 	 SYMBOL:	 ARGS:%v_13,
		 18: COPY TYPE_PASS def_c %v_14[2.17,] 
		 19: 
		 20: (Platform) def_%v_15 
		 21: %v_15->watchdog_restart_command def_%v_16 %v_15[2.20,] 	 SYMBOL:	 ARGS:
		 22: c->submit def_%v_17 c[2.18,] %v_16[2.21,] 	 SYMBOL:	 ARGS:%v_16,
		 23: 
		 24: %self->disable_cmd def_%v_18 %self[2.0,2.12,] 	 SYMBOL:	 ARGS:
		 25: c->submit def_%v_19 c[2.18,2.22,] %v_18[2.24,] 	 SYMBOL:	 ARGS:%v_18,
		 26: 
		 27: %self->stop_cmd def_%v_20 %self[2.0,2.12,2.24,] 	 SYMBOL:	 ARGS:
		 28: c->submit def_%v_21 c[2.18,2.22,2.25,] %v_20[2.27,] 	 SYMBOL:	 ARGS:%v_20,
		 29: 
		 30: c->execute def_%v_22 c[2.18,2.22,2.25,2.28,] 	 SYMBOL:	 ARGS:
		 31: RETURN %v_22[2.30,] %self[2.0,2.12,2.24,2.27,] 
BB 3
	outgoing: 
	datadep: 
	instructions:

SET IRMethod, name = cmd_file instanceMethod = true
BB 1
	outgoing: 3 2 
	datadep: 
	instructions:
BB 2
	outgoing: 3 
	datadep: 
	instructions:
		 0: def_%self 
		 1: def_%v_0 
		 2: COPY TYPE_CurrentScope def_%current_scope 
		 3: COPY TYPE_ScopeModule def_%current_module 
		 4: 
		 5: 
		 6: COPY TYPE_StringLiteral "# WARNING - This file was automatically generated on " def_%v_3 
		 7: (Time) def_%v_4 
		 8: %v_4->now def_%v_5 %v_4[2.7,] 	 SYMBOL:	 ARGS:
		 9: COPY TYPE_StringLiteral "
" def_%v_6 
		 10: COPY TYPE_StringLiteral "check process " def_%v_7 
		 11: 
		 12: %self->clean_name def_%v_8 %self[2.0,] 	 SYMBOL:	 ARGS:
		 13: COPY TYPE_StringLiteral " with pidfile "" def_%v_9 
		 14: %self->pid_file def_%v_10 %self[2.0,2.12,] 	 SYMBOL:	 ARGS:
		 15: COPY TYPE_StringLiteral ""
" def_%v_11 
		 16: BUILDSTRING def_%v_12 %v_7[2.10,] %v_8[2.12,] %v_9[2.13,] %v_10[2.14,] %v_11[2.15,] 
		 17: COPY TYPE_StringLiteral "	start program = "" def_%v_13 
		 18: 
		 19: %self->start_cmd def_%v_14 %self[2.0,2.12,2.14,] 	 SYMBOL:	 ARGS:
		 20: COPY TYPE_StringLiteral ""
" def_%v_15 
		 21: BUILDSTRING def_%v_16 %v_13[2.17,] %v_14[2.19,] %v_15[2.20,] 
		 22: COPY TYPE_StringLiteral "	stop  program = "" def_%v_17 
		 23: 
		 24: %self->stop_cmd def_%v_18 %self[2.0,2.12,2.14,2.19,] 	 SYMBOL:	 ARGS:
		 25: COPY TYPE_StringLiteral ""
" def_%v_19 
		 26: BUILDSTRING def_%v_20 %v_17[2.22,] %v_18[2.24,] %v_19[2.25,] 
		 27: BUILDSTRING def_%v_21 %v_3[2.6,] %v_5[2.8,] %v_6[2.9,] %v_12[2.16,] %v_16[2.21,] %v_20[2.26,] 
		 28: RETURN %v_21[2.27,] %self[2.0,2.12,2.14,2.19,2.24,] 
BB 3
	outgoing: 
	datadep: 
	instructions:

SET IRMethod, name = monit_file_add instanceMethod = true
BB 1
	outgoing: 3 2 
	datadep: 
	instructions:
BB 2
	outgoing: 3 
	datadep: 
	instructions:
		 0: def_%self 
		 1: def_%v_0 
		 2: COPY TYPE_CurrentScope def_%current_scope 
		 3: COPY TYPE_ScopeModule def_%current_module 
		 4: 
		 5: 
		 6: (TempCache) def_%v_3 
		 7: COPY TYPE_StringLiteral "server-" def_%v_4 
		 8: %self->name def_%v_5 %self[2.0,] 	 SYMBOL:	 ARGS:
		 9: BUILDSTRING def_%v_6 %v_4[2.7,] %v_5[2.8,] 
		 10: %v_3->unique_filename def_%v_7 %v_3[2.6,] %v_6[2.9,] 	 SYMBOL:	 ARGS:%v_6,
		 11: COPY TYPE_PASS def_fname %v_7[2.10,] 
		 12: 
		 13: COPY TYPE_StringLiteral "w" def_%v_8 
		 14: %self->open def_%v_9 %self[2.0,2.8,] %v_7[2.10,] %v_8[2.13,] %self[2.0,2.8,] 	 SYMBOL:	 ARGS:fname,%v_8,%self,
CLOSURE BEGIN: %self[2.0,2.8,] f[] 
BB 1
	outgoing: 6 2 
	datadep: 
	instructions:
BB 2
	outgoing: 3 
	datadep: 
	instructions:
		 0: def_%self 
		 1: def_%cl_1_0 
		 2: RECEIVEARG def_f 
		 3: COPY TYPE_CurrentScope def_%current_scope 
		 4: COPY TYPE_ScopeModule def_%current_module 
BB 3
	outgoing: 4 6 
	datadep: 
	instructions:
		 0: 
		 1: %self->cmd_file def_%cl_1_3 %self[2.0,] 	 SYMBOL:	 ARGS:
		 2: f->write def_%cl_1_4 f[2.2,] %cl_1_3[3.1,] 	 SYMBOL:	 ARGS:%cl_1_3,
		 3: RETURN %cl_1_4[3.2,] %self[3.1,2.0,] 
BB 4
	outgoing: 6 
	datadep: 
	instructions:
		 0: def_%cl_1_5 
		 1: def_%cl_1_6 %cl_1_5[4.0,] 
		 2: RETURN %cl_1_6[4.1,] %self[2.0,] 
BB 6
	outgoing: 
	datadep: 
	instructions:
CLOSURE END: 
		 15: 
		 16: (Command) def_%v_10 
		 17: COPY TYPE_StringLiteral "cp -f " def_%v_11 
		 18: COPY TYPE_StringLiteral " " def_%v_12 
		 19: (File) def_%v_13 
		 20: (Platform) def_%v_14 
		 21: %v_14->file_name def_%v_15 %v_14[2.20,] 	 SYMBOL:monit_dir,	 ARGS:Symbol,
		 22: (Platform) def_%v_16 
		 23: %self->name def_%v_17 %self[2.0,2.8,2.14,] 	 SYMBOL:	 ARGS:
		 24: %v_16->service_name def_%v_18 %v_16[2.22,] %v_17[2.23,] 	 SYMBOL:	 ARGS:%v_17,
		 25: %v_13->join def_%v_19 %v_13[2.19,] %v_15[2.21,] %v_18[2.24,] 	 SYMBOL:	 ARGS:%v_15,%v_18,
		 26: COPY TYPE_StringLiteral ".conf" def_%v_20 
		 27: BUILDSTRING def_%v_21 %v_11[2.17,] fname[2.11,] %v_12[2.18,] %v_19[2.25,] %v_20[2.26,] 
		 28: %v_10->new def_%v_22 %v_10[2.16,] %v_21[2.27,] 	 SYMBOL:	 ARGS:%v_21,
		 29: COPY TYPE_PASS def_c %v_22[2.28,] 
		 30: 
		 31: COPY TYPE_StringLiteral "rm -f " def_%v_23 
		 32: BUILDSTRING def_%v_24 %v_23[2.31,] fname[2.11,] 
		 33: %v_22->submit def_%v_25 %v_22[2.28,] %v_24[2.32,] 	 SYMBOL:	 ARGS:%v_24,
		 34: 
		 35: (Platform) def_%v_26 
		 36: %v_26->watchdog_restart_command def_%v_27 %v_26[2.35,] 	 SYMBOL:	 ARGS:
		 37: c->submit def_%v_28 c[2.29,] %v_27[2.36,] 	 SYMBOL:	 ARGS:%v_27,
		 38: 
		 39: c->execute def_%v_29 c[2.29,2.37,] 	 SYMBOL:	 ARGS:
		 40: RETURN %v_29[2.39,] %self[2.0,2.8,2.14,2.23,] 
BB 3
	outgoing: 
	datadep: 
	instructions:

SET IRMethod, name = monit_file_remove instanceMethod = true
BB 1
	outgoing: 3 2 
	datadep: 
	instructions:
BB 2
	outgoing: 3 
	datadep: 
	instructions:
		 0: def_%self 
		 1: def_%v_0 
		 2: COPY TYPE_CurrentScope def_%current_scope 
		 3: COPY TYPE_ScopeModule def_%current_module 
		 4: 
		 5: 
		 6: (Command) def_%v_3 
		 7: COPY TYPE_StringLiteral "rm -f " def_%v_4 
		 8: (File) def_%v_5 
		 9: (Platform) def_%v_6 
		 10: %v_6->file_name def_%v_7 %v_6[2.9,] 	 SYMBOL:monit_dir,	 ARGS:Symbol,
		 11: (Platform) def_%v_8 
		 12: %self->name def_%v_9 %self[2.0,] 	 SYMBOL:	 ARGS:
		 13: %v_8->service_name def_%v_10 %v_8[2.11,] %v_9[2.12,] 	 SYMBOL:	 ARGS:%v_9,
		 14: %v_5->join def_%v_11 %v_5[2.8,] %v_7[2.10,] %v_10[2.13,] 	 SYMBOL:	 ARGS:%v_7,%v_10,
		 15: COPY TYPE_StringLiteral ".conf" def_%v_12 
		 16: BUILDSTRING def_%v_13 %v_4[2.7,] %v_11[2.14,] %v_12[2.15,] 
		 17: %v_3->new def_%v_14 %v_3[2.6,] %v_13[2.16,] 	 SYMBOL:	 ARGS:%v_13,
		 18: COPY TYPE_PASS def_c %v_14[2.17,] 
		 19: 
		 20: (Platform) def_%v_15 
		 21: %v_15->watchdog_restart_command def_%v_16 %v_15[2.20,] 	 SYMBOL:	 ARGS:
		 22: c->submit def_%v_17 c[2.18,] %v_16[2.21,] 	 SYMBOL:	 ARGS:%v_16,
		 23: 
		 24: c->execute def_%v_18 c[2.18,2.22,] 	 SYMBOL:	 ARGS:
		 25: RETURN %v_18[2.24,] %self[2.0,2.12,] 
BB 3
	outgoing: 
	datadep: 
	instructions:

SET IRMethod, name = service_enable instanceMethod = true
BB 1
	outgoing: 3 2 
	datadep: 
	instructions:
BB 2
	outgoing: 3 
	datadep: 
	instructions:
		 0: def_%self 
		 1: def_%v_0 
		 2: COPY TYPE_CurrentScope def_%current_scope 
		 3: COPY TYPE_ScopeModule def_%current_module 
		 4: 
		 5: 
		 6: (Command) def_%v_3 
		 7: %self->enable_cmd def_%v_4 %self[2.0,] 	 SYMBOL:	 ARGS:
		 8: %v_3->new def_%v_5 %v_3[2.6,] %v_4[2.7,] 	 SYMBOL:	 ARGS:%v_4,
		 9: COPY TYPE_PASS def_c %v_5[2.8,] 
		 10: 
		 11: %v_5->execute def_%v_6 %v_5[2.8,] 	 SYMBOL:	 ARGS:
		 12: RETURN %v_6[2.11,] %self[2.0,2.7,] 
BB 3
	outgoing: 
	datadep: 
	instructions:

SET IRMethod, name = service_disable instanceMethod = true
BB 1
	outgoing: 3 2 
	datadep: 
	instructions:
BB 2
	outgoing: 3 
	datadep: 
	instructions:
		 0: def_%self 
		 1: def_%v_0 
		 2: COPY TYPE_CurrentScope def_%current_scope 
		 3: COPY TYPE_ScopeModule def_%current_module 
		 4: 
		 5: 
		 6: (Command) def_%v_3 
		 7: %self->disable_cmd def_%v_4 %self[2.0,] 	 SYMBOL:	 ARGS:
		 8: %v_3->new def_%v_5 %v_3[2.6,] %v_4[2.7,] 	 SYMBOL:	 ARGS:%v_4,
		 9: COPY TYPE_PASS def_c %v_5[2.8,] 
		 10: 
		 11: %v_5->execute def_%v_6 %v_5[2.8,] 	 SYMBOL:	 ARGS:
		 12: RETURN %v_6[2.11,] %self[2.0,2.7,] 
BB 3
	outgoing: 
	datadep: 
	instructions:

SET IRMethod, name = before_save_hook instanceMethod = true
BB 1
	outgoing: 15 2 
	datadep: 
	instructions:
BB 2
	outgoing: 3 7 
	datadep: 
	instructions:
		 0: def_%self 
		 1: def_%v_0 
		 2: COPY TYPE_CurrentScope def_%current_scope 
		 3: COPY TYPE_ScopeModule def_%current_module 
		 4: 
		 5: 
		 6: %self->monitored_changed? def_%v_3 %self[2.0,] 	 SYMBOL:	 ARGS:
		 7: BRANCH %v_3[2.6,] 
BB 3
	outgoing: 4 5 
	datadep: 
	instructions:
		 0: 
		 1: %self->monitored def_%v_4 %self[2.0,] 	 SYMBOL:	 ARGS:
		 2: BRANCH %v_4[3.1,] 
BB 4
	outgoing: 6 
	datadep: 
	instructions:
		 0: %self->monit_file_add def_%v_5 %self[2.0,] 	 SYMBOL:	 ARGS:
		 1: 
BB 5
	outgoing: 6 
	datadep: 
	instructions:
		 0: %self->monit_file_remove def_%v_6 %self[2.0,] 	 SYMBOL:	 ARGS:
		 1: COPY TYPE_PASS def_%v_5 %v_6[5.0,] 
BB 6
	outgoing: 8 
	datadep: 
	instructions:
		 0: 
BB 7
	outgoing: 8 
	datadep: 
	instructions:
		 0: COPY TYPE_Nil def_%v_5 
BB 8
	outgoing: 9 13 
	datadep: 
	instructions:
		 0: 
		 1: %self->start_at_boot_changed? def_%v_7 %self[2.0,] 	 SYMBOL:	 ARGS:
		 2: BRANCH %v_7[8.1,] 
BB 9
	outgoing: 10 11 
	datadep: 
	instructions:
		 0: 
		 1: %self->start_at_boot def_%v_8 %self[2.0,] 	 SYMBOL:	 ARGS:
		 2: BRANCH %v_8[9.1,] 
BB 10
	outgoing: 12 
	datadep: 
	instructions:
		 0: %self->service_enable def_%v_9 %self[2.0,] 	 SYMBOL:	 ARGS:
		 1: 
BB 11
	outgoing: 12 
	datadep: 
	instructions:
		 0: %self->service_disable def_%v_10 %self[2.0,] 	 SYMBOL:	 ARGS:
		 1: COPY TYPE_PASS def_%v_9 %v_10[11.0,] 
BB 12
	outgoing: 15 
	datadep: 
	instructions:
		 0: RETURN %v_9[11.1,10.0,] %self[2.0,] 
BB 13
	outgoing: 15 
	datadep: 
	instructions:
		 0: RETURN %self[2.0,] 
BB 15
	outgoing: 
	datadep: 
	instructions:

SET IRMethod, name = create_hook instanceMethod = true
BB 1
	outgoing: 3 2 
	datadep: 
	instructions:
BB 2
	outgoing: 3 
	datadep: 
	instructions:
		 0: def_%self 
		 1: def_%v_0 
		 2: COPY TYPE_CurrentScope def_%current_scope 
		 3: COPY TYPE_ScopeModule def_%current_module 
		 4: 
		 5: 
		 6: (Command) def_%v_3 
		 7: %self->enable_cmd def_%v_4 %self[2.0,] 	 SYMBOL:	 ARGS:
		 8: %v_3->new def_%v_5 %v_3[2.6,] %v_4[2.7,] 	 SYMBOL:	 ARGS:%v_4,
		 9: COPY TYPE_PASS def_c %v_5[2.8,] 
		 10: 
		 11: %self->start_cmd def_%v_6 %self[2.0,2.7,] 	 SYMBOL:	 ARGS:
		 12: c->submit def_%v_7 c[2.9,] %v_6[2.11,] 	 SYMBOL:	 ARGS:%v_6,
		 13: 
		 14: c->execute def_%v_8 c[2.9,2.12,] 	 SYMBOL:	 ARGS:
		 15: 
		 16: %self->monit_file_add def_%v_9 %self[2.0,2.7,2.11,] 	 SYMBOL:	 ARGS:
		 17: RETURN %v_9[2.16,] %self[2.0,2.7,2.11,2.16,] 
BB 3
	outgoing: 
	datadep: 
	instructions:

SET IRMethod, name = estimate_pids instanceMethod = true
BB 1
	outgoing: 33 2 
	datadep: 
	instructions:
BB 2
	outgoing: 4 
	datadep: 
	instructions:
		 0: def_%self 
		 1: def_%v_0 
		 2: COPY TYPE_CurrentScope def_%current_scope 
		 3: COPY TYPE_ScopeModule def_%current_module 
		 4: 
		 5: 
		 6: %self->pid_file def_%v_3 %self[2.0,] 	 SYMBOL:	 ARGS:
		 7: COPY TYPE_PASS def_pf %v_3[2.6,] 
		 8: 
		 9: COPY TYPE_Array def_%v_4 
		 10: COPY TYPE_PASS def_ret %v_4[2.9,] 
		 11: 
		 12: GLOBALVAR $! def_%v_5 
BB 4
	outgoing: 5 6 11 
	datadep: 
	instructions:
		 0: 
		 1: 
		 2: (File) def_%v_8 
		 3: %v_8->exists? def_%v_9 %v_8[4.2,] pf[2.7,] 	 SYMBOL:	 ARGS:pf,
		 4: BRANCH %v_9[4.3,] 
BB 5
	outgoing: 6 11 
	datadep: 
	instructions:
		 0: (File) def_%v_10 
		 1: %v_10->readable? def_%v_11 %v_10[5.0,] pf[2.7,] 	 SYMBOL:	 ARGS:pf,
		 2: COPY TYPE_PASS def_%v_9 %v_11[5.1,] 
BB 6
	outgoing: 7 8 
	datadep: 
	instructions:
		 0: BRANCH %v_9[5.2,4.3,] 
BB 7
	outgoing: 9 11 
	datadep: 
	instructions:
		 0: 
		 1: %self->open def_%v_12 %self[2.0,] pf[2.7,] %self[2.0,] 	 SYMBOL:	 ARGS:pf,%self,
CLOSURE BEGIN: p[] %self[2.0,] line[] pid[] 
BB 1
	outgoing: 6 2 
	datadep: 
	instructions:
BB 2
	outgoing: 3 
	datadep: 
	instructions:
		 0: def_%self 
		 1: def_%cl_1_0 
		 2: RECEIVEARG def_p 
		 3: COPY TYPE_CurrentScope def_%current_scope 
		 4: COPY TYPE_ScopeModule def_%current_module 
BB 3
	outgoing: 4 6 
	datadep: 
	instructions:
		 0: 
		 1: p->readlines def_%cl_1_3 p[2.2,] 	 SYMBOL:	 ARGS:
		 2: %cl_1_3->map def_%cl_1_4 %cl_1_3[3.1,] %self[2.0,] 	 SYMBOL:	 ARGS:%cl_1_3,
CLOSURE BEGIN: line[] 
BB 1
	outgoing: 6 2 
	datadep: 
	instructions:
BB 2
	outgoing: 3 
	datadep: 
	instructions:
		 0: def_%self 
		 1: def_%cl_2_0 
		 2: RECEIVEARG def_line 
		 3: COPY TYPE_CurrentScope def_%current_scope 
		 4: COPY TYPE_ScopeModule def_%current_module 
BB 3
	outgoing: 4 6 
	datadep: 
	instructions:
		 0: 
		 1: COPY TYPE_Regexp def_%cl_2_3 
		 2: COPY TYPE_StringLiteral "" def_%cl_2_4 
		 3: line->gsub def_%cl_2_5 line[2.2,] %cl_2_4[3.2,] 	 SYMBOL:	 ARGS:%cl_2_3,%cl_2_4,
		 4: COPY TYPE_StringLiteral " " def_%cl_2_6 
		 5: %cl_2_5->split def_%cl_2_7 %cl_2_5[3.3,] %cl_2_6[3.4,] 	 SYMBOL:	 ARGS:%cl_2_6,
		 6: RETURN %cl_2_7[3.5,] %self[2.0,] 
BB 4
	outgoing: 6 
	datadep: 
	instructions:
		 0: def_%cl_2_8 
		 1: def_%cl_2_9 %cl_2_8[4.0,] 
		 2: RETURN %cl_2_9[4.1,] %self[2.0,] 
BB 6
	outgoing: 
	datadep: 
	instructions:
CLOSURE END: 
		 3: %cl_1_4->flatten def_%cl_1_5 %cl_1_4[3.2,] 	 SYMBOL:	 ARGS:
		 4: COPY TYPE_PASS def_list %cl_1_5[3.3,] 
		 5: 
		 6: %cl_1_5->map def_%cl_1_6 %cl_1_5[3.3,] %self[2.0,] 	 SYMBOL:	 ARGS:%cl_1_5,
CLOSURE BEGIN: pid[] 
BB 1
	outgoing: 9 2 
	datadep: 
	instructions:
BB 2
	outgoing: 3 
	datadep: 
	instructions:
		 0: def_%self 
		 1: def_%cl_3_0 
		 2: RECEIVEARG def_pid 
		 3: COPY TYPE_CurrentScope def_%current_scope 
		 4: COPY TYPE_ScopeModule def_%current_module 
BB 3
	outgoing: 4 5 7 
	datadep: 
	instructions:
		 0: 
		 1: (File) def_%cl_3_3 
		 2: COPY TYPE_StringLiteral "/proc/" def_%cl_3_4 
		 3: BUILDSTRING def_%cl_3_5 %cl_3_4[3.2,] pid[2.2,] 
		 4: %cl_3_3->exists? def_%cl_3_6 %cl_3_3[3.1,] %cl_3_5[3.3,] 	 SYMBOL:	 ARGS:%cl_3_5,
		 5: BRANCH %cl_3_6[3.4,] 
BB 4
	outgoing: 9 
	datadep: 
	instructions:
		 0: COPY TYPE_PASS def_%cl_3_7 pid[2.2,] 
		 1: RETURN %cl_3_7[4.0,] %self[2.0,] 
BB 5
	outgoing: 9 
	datadep: 
	instructions:
		 0: RETURN %self[2.0,] 
BB 7
	outgoing: 9 
	datadep: 
	instructions:
		 0: def_%cl_3_8 
		 1: def_%cl_3_9 %cl_3_8[7.0,] 
		 2: RETURN %cl_3_9[7.1,] %self[2.0,] 
BB 9
	outgoing: 
	datadep: 
	instructions:
CLOSURE END: 
		 7: %cl_1_6->compact def_%cl_1_7 %cl_1_6[3.6,] 	 SYMBOL:	 ARGS:
		 8: COPY TYPE_PASS def_ret %cl_1_7[3.7,] 
		 9: RETURN %cl_1_7[3.7,] %self[2.0,] 
BB 4
	outgoing: 6 
	datadep: 
	instructions:
		 0: def_%cl_1_8 
		 1: def_%cl_1_9 %cl_1_8[4.0,] 
		 2: RETURN %cl_1_9[4.1,] %self[2.0,] 
BB 6
	outgoing: 
	datadep: 
	instructions:
CLOSURE END: ret[3.8,] list[3.4,] 
		 2: 
BB 8
	outgoing: 9 
	datadep: 
	instructions:
		 0: COPY TYPE_Nil def_%v_12 
BB 9
	outgoing: 10 11 
	datadep: 
	instructions:
		 0: COPY TYPE_PASS def_%v_7 %v_12[8.0,7.1,] 
		 1: 
		 2: %v_5[2.12,] 
BB 10
	outgoing: 16 
	datadep: 
	instructions:
		 0: 
BB 11
	outgoing: 12 13 15 
	datadep: 
	instructions:
		 0: 
		 1: def_%v_13 
		 2: def_%v_14 %v_13[11.1,] 
		 3: BRANCH %v_14[11.2,] 
BB 12
	outgoing: 15 33 
	datadep: 
	instructions:
		 0: %v_13[11.1,] 
BB 13
	outgoing: 14 15 
	datadep: 
	instructions:
		 0: COPY TYPE_Nil def_%v_7 
		 1: 
		 2: %v_5[2.12,] 
BB 14
	outgoing: 16 
	datadep: 
	instructions:
		 0: 
BB 15
	outgoing: 33 
	datadep: 
	instructions:
		 0: def_%v_15 
		 1: def_%v_16 %v_15[15.0,] %v_5[2.12,] 
		 2: %v_15[15.0,] 
BB 16
	outgoing: 17 18 
	datadep: 
	instructions:
		 0: 
		 1: ret->empty? def_%v_17 ret[7.1,2.10,] 	 SYMBOL:	 ARGS:
		 2: BRANCH %v_17[16.1,] 
BB 17
	outgoing: 20 
	datadep: 
	instructions:
		 0: COPY TYPE_Nil def_%v_18 
		 1: 
		 2: GLOBALVAR $! def_%v_19 
BB 18
	outgoing: 33 
	datadep: 
	instructions:
		 0: RETURN ret[7.1,2.10,] %self[2.0,] 
BB 20
	outgoing: 22 23 27 
	datadep: 
	instructions:
		 0: 
		 1: 
		 2: (IO) def_%v_22 
		 3: COPY TYPE_StringLiteral "pgrep " def_%v_23 
		 4: (Platform) def_%v_24 
		 5: %self->name def_%v_25 %self[2.0,] 	 SYMBOL:	 ARGS:
		 6: %v_24->service_name def_%v_26 %v_24[20.4,] %v_25[20.5,] 	 SYMBOL:	 ARGS:%v_25,
		 7: BUILDSTRING def_%v_27 %v_23[20.3,] %v_26[20.6,] 
		 8: %v_22->popen def_%v_28 %v_22[20.2,] %v_27[20.7,] %self[20.5,2.0,] 	 SYMBOL:	 ARGS:%v_27,%v_22,
CLOSURE BEGIN: p[7.1,] %self[20.5,2.0,] pid[] 
BB 1
	outgoing: 6 2 
	datadep: 
	instructions:
BB 2
	outgoing: 3 
	datadep: 
	instructions:
		 0: def_%self 
		 1: def_%cl_4_0 
		 2: RECEIVEARG def_p 
		 3: COPY TYPE_CurrentScope def_%current_scope 
		 4: COPY TYPE_ScopeModule def_%current_module 
BB 3
	outgoing: 4 6 
	datadep: 
	instructions:
		 0: 
		 1: p->readlines def_%cl_4_3 p[2.2,] 	 SYMBOL:	 ARGS:
		 2: %cl_4_3->map def_%cl_4_4 %cl_4_3[3.1,] %self[2.0,] 	 SYMBOL:	 ARGS:%cl_4_3,
CLOSURE BEGIN: pid[] 
BB 1
	outgoing: 6 2 
	datadep: 
	instructions:
BB 2
	outgoing: 3 
	datadep: 
	instructions:
		 0: def_%self 
		 1: def_%cl_5_0 
		 2: RECEIVEARG def_pid 
		 3: COPY TYPE_CurrentScope def_%current_scope 
		 4: COPY TYPE_ScopeModule def_%current_module 
BB 3
	outgoing: 4 6 
	datadep: 
	instructions:
		 0: 
		 1: COPY TYPE_Regexp def_%cl_5_3 
		 2: COPY TYPE_StringLiteral "" def_%cl_5_4 
		 3: pid->gsub def_%cl_5_5 pid[2.2,] %cl_5_4[3.2,] 	 SYMBOL:	 ARGS:%cl_5_3,%cl_5_4,
		 4: RETURN %cl_5_5[3.3,] %self[2.0,] 
BB 4
	outgoing: 6 
	datadep: 
	instructions:
		 0: def_%cl_5_6 
		 1: def_%cl_5_7 %cl_5_6[4.0,] 
		 2: RETURN %cl_5_7[4.1,] %self[2.0,] 
BB 6
	outgoing: 
	datadep: 
	instructions:
CLOSURE END: 
		 3: COPY TYPE_PASS def_ret %cl_4_4[3.2,] 
		 4: RETURN %cl_4_4[3.2,] %self[2.0,] 
BB 4
	outgoing: 6 
	datadep: 
	instructions:
		 0: def_%cl_4_5 
		 1: def_%cl_4_6 %cl_4_5[4.0,] 
		 2: RETURN %cl_4_6[4.1,] %self[2.0,] 
BB 6
	outgoing: 
	datadep: 
	instructions:
CLOSURE END: ret[3.3,] 
		 9: 
		 10: ret->empty? def_%v_29 ret[20.8,] 	 SYMBOL:	 ARGS:
		 11: BRANCH %v_29[20.10,] 
BB 22
	outgoing: 25 
	datadep: 
	instructions:
		 0: COPY TYPE_Nil def_%v_30 
		 1: 
BB 23
	outgoing: 24 27 
	datadep: 
	instructions:
		 0: COPY TYPE_PASS def_%v_31 ret[20.8,] 
		 1: %v_19[17.2,] 
BB 24
	outgoing: 33 
	datadep: 
	instructions:
		 0: RETURN %v_31[23.0,] %self[2.0,] 
BB 25
	outgoing: 26 27 
	datadep: 
	instructions:
		 0: 
		 1: (IO) def_%v_32 
		 2: COPY TYPE_StringLiteral "pgrep " def_%v_33 
		 3: %self->name def_%v_34 %self[2.0,] 	 SYMBOL:	 ARGS:
		 4: BUILDSTRING def_%v_35 %v_33[25.2,] %v_34[25.3,] 
		 5: %v_32->popen def_%v_36 %v_32[25.1,] %v_35[25.4,] %self[25.3,2.0,] 	 SYMBOL:	 ARGS:%v_35,%v_32,
CLOSURE BEGIN: p[20.8,] %self[25.3,2.0,] pid[] 
BB 1
	outgoing: 6 2 
	datadep: 
	instructions:
BB 2
	outgoing: 3 
	datadep: 
	instructions:
		 0: def_%self 
		 1: def_%cl_6_0 
		 2: RECEIVEARG def_p 
		 3: COPY TYPE_CurrentScope def_%current_scope 
		 4: COPY TYPE_ScopeModule def_%current_module 
BB 3
	outgoing: 4 6 
	datadep: 
	instructions:
		 0: 
		 1: p->readlines def_%cl_6_3 p[2.2,] 	 SYMBOL:	 ARGS:
		 2: %cl_6_3->map def_%cl_6_4 %cl_6_3[3.1,] %self[2.0,] 	 SYMBOL:	 ARGS:%cl_6_3,
CLOSURE BEGIN: pid[] 
BB 1
	outgoing: 6 2 
	datadep: 
	instructions:
BB 2
	outgoing: 3 
	datadep: 
	instructions:
		 0: def_%self 
		 1: def_%cl_7_0 
		 2: RECEIVEARG def_pid 
		 3: COPY TYPE_CurrentScope def_%current_scope 
		 4: COPY TYPE_ScopeModule def_%current_module 
BB 3
	outgoing: 4 6 
	datadep: 
	instructions:
		 0: 
		 1: COPY TYPE_Regexp def_%cl_7_3 
		 2: COPY TYPE_StringLiteral "" def_%cl_7_4 
		 3: pid->gsub def_%cl_7_5 pid[2.2,] %cl_7_4[3.2,] 	 SYMBOL:	 ARGS:%cl_7_3,%cl_7_4,
		 4: RETURN %cl_7_5[3.3,] %self[2.0,] 
BB 4
	outgoing: 6 
	datadep: 
	instructions:
		 0: def_%cl_7_6 
		 1: def_%cl_7_7 %cl_7_6[4.0,] 
		 2: RETURN %cl_7_7[4.1,] %self[2.0,] 
BB 6
	outgoing: 
	datadep: 
	instructions:
CLOSURE END: 
		 3: COPY TYPE_PASS def_ret %cl_6_4[3.2,] 
		 4: RETURN %cl_6_4[3.2,] %self[2.0,] 
BB 4
	outgoing: 6 
	datadep: 
	instructions:
		 0: def_%cl_6_5 
		 1: def_%cl_6_6 %cl_6_5[4.0,] 
		 2: RETURN %cl_6_6[4.1,] %self[2.0,] 
BB 6
	outgoing: 
	datadep: 
	instructions:
CLOSURE END: ret[3.3,] 
		 6: COPY TYPE_PASS def_%v_21 %v_36[25.5,] 
		 7: %v_19[17.2,] 
BB 26
	outgoing: 32 
	datadep: 
	instructions:
		 0: 
BB 27
	outgoing: 28 29 31 
	datadep: 
	instructions:
		 0: def_%v_37 
		 1: def_%v_38 %v_37[27.0,] 
		 2: BRANCH %v_38[27.1,] 
BB 28
	outgoing: 31 33 
	datadep: 
	instructions:
		 0: %v_37[27.0,] 
BB 29
	outgoing: 30 31 
	datadep: 
	instructions:
		 0: 
		 1: COPY TYPE_Array def_%v_39 
		 2: COPY TYPE_PASS def_%v_21 %v_39[29.1,] 
		 3: %v_19[17.2,] 
BB 30
	outgoing: 32 
	datadep: 
	instructions:
		 0: 
BB 31
	outgoing: 33 
	datadep: 
	instructions:
		 0: def_%v_40 
		 1: def_%v_41 %v_40[31.0,] %v_19[17.2,] 
		 2: %v_40[31.0,] 
BB 32
	outgoing: 33 
	datadep: 
	instructions:
		 0: 
		 1: RETURN ret[25.5,20.8,] %self[2.0,] 
BB 33
	outgoing: 
	datadep: 
	instructions:

