SET IRMethod, name = signable_accessors instanceMethod = true
BB 1
	outgoing: 3 2 
	datadep: 
	instructions:
BB 2
	outgoing: 3 
	datadep: 
	instructions:
		 0: def_%self 
		 1: def_%v_0 
		 2: COPY TYPE_CurrentScope def_%current_scope 
		 3: COPY TYPE_ScopeModule def_%current_module 
		 4: 
		 5: 
		 6: %self->super def_%v_3 %v_0[2.1,] 	 SYMBOL:	 ARGS:
		 7: COPY TYPE_StringLiteral "parent_author_signature" def_%v_4 
		 8: COPY TYPE_Array def_%v_5 %v_4[2.7,] 
		 9: %v_3->- def_%v_6 %v_3[2.6,] %v_5[2.8,] 	 SYMBOL:	 ARGS:%v_5,
		 10: RETURN %v_6[2.9,] %self[2.0,] 
BB 3
	outgoing: 
	datadep: 
	instructions:

SET IRMethod, name = build instanceMethod = false
BB 1
	outgoing: 16 2 
	datadep: 
	instructions:
BB 2
	outgoing: 4 5 
	datadep: 
	instructions:
		 0: def_%self 
		 1: def_%v_0 
		 2: COPY TYPE_CurrentScope def_%current_scope 
		 3: COPY TYPE_ScopeModule def_%current_module 
		 4: 
		 5: RECEIVEARG def_sender 
		 6: RECEIVEARG def_target 
		 7: 
		 8: %self->super def_%v_3 sender[2.5,] target[2.6,] %v_0[2.1,] 	 SYMBOL:	 ARGS:sender,target,
		 9: COPY TYPE_PASS def_retraction %v_3[2.8,] 
		 10: 
		 11: 
BB 4
	outgoing: 6 7 
	datadep: 
	instructions:
		 0: def_%v_5 target[2.6,] 
		 1: 
BB 5
	outgoing: 6 
	datadep: 
	instructions:
		 0: COPY TYPE_Nil def_%v_5 
BB 6
	outgoing: 10 
	datadep: 
	instructions:
		 0: COPY TYPE_PASS def_%v_4 %v_5[5.0,4.0,] 
		 1: 
BB 7
	outgoing: 8 9 
	datadep: 
	instructions:
		 0: def_%v_6 
		 1: (inherit Exception) def_%v_7 
		 2: def_%v_8 %v_7[7.1,] %v_6[7.0,] 
		 3: BRANCH %v_8[7.2,] 
BB 8
	outgoing: 16 
	datadep: 
	instructions:
		 0: %v_6[7.0,] 
BB 9
	outgoing: 10 
	datadep: 
	instructions:
		 0: COPY TYPE_Nil def_%v_4 
BB 10
	outgoing: 11 12 
	datadep: 
	instructions:
		 0: BRANCH %v_4[9.0,6.0,] 
BB 11
	outgoing: 12 
	datadep: 
	instructions:
		 0: sender->person def_%v_9 sender[2.5,] 	 SYMBOL:	 ARGS:
		 1: target->parent def_%v_10 target[2.6,] 	 SYMBOL:	 ARGS:
		 2: %v_10->author def_%v_11 %v_10[11.1,] 	 SYMBOL:	 ARGS:
		 3: %v_9->== def_%v_12 %v_9[11.0,] %v_11[11.2,] 	 SYMBOL:	 ARGS:%v_11,
		 4: COPY TYPE_PASS def_%v_4 %v_12[11.3,] 
BB 12
	outgoing: 13 14 
	datadep: 
	instructions:
		 0: BRANCH %v_4[11.4,9.0,6.0,] 
BB 13
	outgoing: 15 
	datadep: 
	instructions:
		 0: sender->encryption_key def_%v_13 sender[2.5,] 	 SYMBOL:	 ARGS:
		 1: retraction->sign_with_key def_%v_14 retraction[2.9,] %v_13[13.0,] 	 SYMBOL:	 ARGS:%v_13,
		 2: ATTRASSIGN retraction->parent_author_signature %v_14[13.1,] 
		 3: 
BB 14
	outgoing: 15 
	datadep: 
	instructions:
		 0: COPY TYPE_Nil def_%v_14 
BB 15
	outgoing: 16 
	datadep: 
	instructions:
		 0: 
		 1: RETURN retraction[13.2,2.9,] %self[2.0,] 
BB 16
	outgoing: 
	datadep: 
	instructions:

SET IRMethod, name = diaspora_handle instanceMethod = true
BB 1
	outgoing: 3 2 
	datadep: 
	instructions:
BB 2
	outgoing: 3 
	datadep: 
	instructions:
		 0: def_%self 
		 1: def_%v_0 
		 2: COPY TYPE_CurrentScope def_%current_scope 
		 3: COPY TYPE_ScopeModule def_%current_module 
		 4: 
		 5: 
		 6: %self->sender_handle def_%v_3 %self[2.0,] 	 SYMBOL:	 ARGS:
		 7: RETURN %v_3[2.6,] %self[2.0,2.6,] 
BB 3
	outgoing: 
	datadep: 
	instructions:

SET IRMethod, name = relayable? instanceMethod = true
BB 1
	outgoing: 3 2 
	datadep: 
	instructions:
BB 2
	outgoing: 3 
	datadep: 
	instructions:
		 0: def_%self 
		 1: def_%v_0 
		 2: COPY TYPE_CurrentScope def_%current_scope 
		 3: COPY TYPE_ScopeModule def_%current_module 
		 4: 
		 5: 
		 6: RETURN %self[2.0,] 
BB 3
	outgoing: 
	datadep: 
	instructions:

SET IRMethod, name = perform instanceMethod = true
BB 1
	outgoing: 8 2 
	datadep: 
	instructions:
BB 2
	outgoing: 3 4 
	datadep: 
	instructions:
		 0: def_%self 
		 1: def_%v_0 
		 2: COPY TYPE_CurrentScope def_%current_scope 
		 3: COPY TYPE_ScopeModule def_%current_module 
		 4: 
		 5: RECEIVEARG def_receiving_user 
		 6: 
		 7: %self->logger def_%v_3 %self[2.0,] 	 SYMBOL:	 ARGS:
		 8: COPY TYPE_StringLiteral "Performing relayable retraction for " def_%v_4 
		 9: %self->target_guid def_%v_5 %self[2.0,2.7,] 	 SYMBOL:	 ARGS:
		 10: BUILDSTRING def_%v_6 %v_4[2.8,] %v_5[2.9,] 
		 11: %v_3->debug def_%v_7 %v_3[2.7,] %v_6[2.10,] 	 SYMBOL:	 ARGS:%v_6,
		 12: 
		 13: %self->parent_author_signature def_%v_8 %self[2.0,2.7,2.9,] 	 SYMBOL:	 ARGS:
		 14: %v_8->nil? def_%v_9 %v_8[2.13,] 	 SYMBOL:	 ARGS:
		 15: %v_9->! def_%v_10 %v_9[2.14,] 	 SYMBOL:	 ARGS:
		 16: BRANCH %v_10[2.15,] 
BB 3
	outgoing: 4 
	datadep: 
	instructions:
		 0: %self->parent def_%v_11 %self[2.0,] 	 SYMBOL:	 ARGS:
		 1: %v_11->author def_%v_12 %v_11[3.0,] 	 SYMBOL:	 ARGS:
		 2: %v_12->remote? def_%v_13 %v_12[3.1,] 	 SYMBOL:	 ARGS:
		 3: COPY TYPE_PASS def_%v_10 %v_13[3.2,] 
BB 4
	outgoing: 5 6 
	datadep: 
	instructions:
		 0: BRANCH %v_10[3.3,2.15,] 
BB 5
	outgoing: 8 
	datadep: 
	instructions:
		 0: 
		 1: %self->target def_%v_14 %self[2.0,] 	 SYMBOL:	 ARGS:
		 2: %v_14->destroy def_%v_15 %v_14[5.1,] 	 SYMBOL:	 ARGS:
		 3: 
		 4: %self->logger def_%v_16 %self[5.1,2.0,] 	 SYMBOL:	 ARGS:
		 5: COPY TYPE_StringLiteral "event=relayable_retraction status=complete target_type=" def_%v_17 
		 6: %self->target_type def_%v_18 %self[5.1,5.4,2.0,] 	 SYMBOL:	 ARGS:
		 7: COPY TYPE_StringLiteral " guid=" def_%v_19 
		 8: %self->target_guid def_%v_20 %self[5.1,5.4,5.6,2.0,] 	 SYMBOL:	 ARGS:
		 9: BUILDSTRING def_%v_21 %v_17[5.5,] %v_18[5.6,] %v_19[5.7,] %v_20[5.8,] 
		 10: %v_16->info def_%v_22 %v_16[5.4,] %v_21[5.9,] 	 SYMBOL:	 ARGS:%v_21,
		 11: RETURN %v_22[5.10,] %self[5.1,5.4,5.6,5.8,2.0,] 
BB 6
	outgoing: 8 
	datadep: 
	instructions:
		 0: RETURN %self[2.0,] 
BB 8
	outgoing: 
	datadep: 
	instructions:

SET IRMethod, name = receive instanceMethod = true
BB 1
	outgoing: 16 2 
	datadep: 
	instructions:
BB 2
	outgoing: 3 4 
	datadep: 
	instructions:
		 0: def_%self 
		 1: def_%v_0 
		 2: COPY TYPE_CurrentScope def_%current_scope 
		 3: COPY TYPE_ScopeModule def_%current_module 
		 4: 
		 5: RECEIVEARG def_recipient 
		 6: RECEIVEARG def_sender 
		 7: 
		 8: %self->target def_%v_3 %self[2.0,] 	 SYMBOL:	 ARGS:
		 9: %v_3->nil? def_%v_4 %v_3[2.8,] 	 SYMBOL:	 ARGS:
		 10: BRANCH %v_4[2.9,] 
BB 3
	outgoing: 16 
	datadep: 
	instructions:
		 0: 
		 1: %self->logger def_%v_5 %self[2.0,] 	 SYMBOL:	 ARGS:
		 2: COPY TYPE_StringLiteral "event=retraction status=abort reason='no post found' sender=" def_%v_6 
		 3: sender->diaspora_handle def_%v_7 sender[2.6,] 	 SYMBOL:	 ARGS:
		 4: COPY TYPE_StringLiteral " " def_%v_8 
		 5: COPY TYPE_StringLiteral "target_guid=" def_%v_9 
		 6: 
		 7: %self->target_guid def_%v_10 %self[3.1,2.0,] 	 SYMBOL:	 ARGS:
		 8: BUILDSTRING def_%v_11 %v_9[3.5,] %v_10[3.7,] 
		 9: BUILDSTRING def_%v_12 %v_6[3.2,] %v_7[3.3,] %v_8[3.4,] %v_11[3.8,] 
		 10: %v_5->warn def_%v_13 %v_5[3.1,] %v_12[3.9,] 	 SYMBOL:	 ARGS:%v_12,
		 11: 
		 12: RETURN %self[3.1,3.7,2.0,] 
BB 4
	outgoing: 5 6 
	datadep: 
	instructions:
		 0: 
		 1: %self->parent def_%v_15 %self[2.0,] 	 SYMBOL:	 ARGS:
		 2: %v_15->author def_%v_16 %v_15[4.1,] 	 SYMBOL:	 ARGS:
		 3: recipient->person def_%v_17 recipient[2.5,] 	 SYMBOL:	 ARGS:
		 4: %v_16->== def_%v_18 %v_16[4.2,] %v_17[4.3,] 	 SYMBOL:	 ARGS:%v_17,
		 5: BRANCH %v_18[4.4,] 
BB 5
	outgoing: 6 
	datadep: 
	instructions:
		 0: %self->target_author_signature_valid? def_%v_19 %self[2.0,] 	 SYMBOL:	 ARGS:
		 1: COPY TYPE_PASS def_%v_18 %v_19[5.0,] 
BB 6
	outgoing: 7 10 
	datadep: 
	instructions:
		 0: BRANCH %v_18[5.1,4.4,] 
BB 7
	outgoing: 8 9 
	datadep: 
	instructions:
		 0: 
		 1: recipient->encryption_key def_%v_20 recipient[2.5,] 	 SYMBOL:	 ARGS:
		 2: %self->sign_with_key def_%v_21 %self[2.0,] %v_20[7.1,] 	 SYMBOL:	 ARGS:%v_20,
		 3: ATTRASSIGN %self->parent_author_signature %v_21[7.2,] 
		 4: 
		 5: (Postzord) def_%v_22 
		 6: (inherit Dispatcher) def_%v_23 %v_22[7.5,] 
		 7: %v_23[7.6,] 
BB 8
	outgoing: 9 
	datadep: 
	instructions:
		 0: %v_22->const_missing def_%v_23 %v_22[7.5,] 	 SYMBOL:Dispatcher,	 ARGS:Symbol,
BB 9
	outgoing: 14 
	datadep: 
	instructions:
		 0: %v_23->build def_%v_24 %v_23[8.0,7.6,] recipient[2.5,] %self[7.3,2.0,] 	 SYMBOL:	 ARGS:recipient,%self,
		 1: %v_24->post def_%v_25 %v_24[9.0,] 	 SYMBOL:	 ARGS:
		 2: 
		 3: %self->perform def_%v_26 %self[7.3,2.0,] recipient[2.5,] 	 SYMBOL:	 ARGS:recipient,
		 4: 
BB 10
	outgoing: 11 12 
	datadep: 
	instructions:
		 0: 
		 1: %self->parent_author_signature_valid? def_%v_27 %self[2.0,] 	 SYMBOL:	 ARGS:
		 2: BRANCH %v_27[10.1,] 
BB 11
	outgoing: 14 
	datadep: 
	instructions:
		 0: 
		 1: %self->perform def_%v_28 %self[2.0,] recipient[2.5,] 	 SYMBOL:	 ARGS:recipient,
		 2: COPY TYPE_PASS def_%v_26 %v_28[11.1,] 
BB 12
	outgoing: 16 
	datadep: 
	instructions:
		 0: 
		 1: %self->logger def_%v_29 %self[2.0,] 	 SYMBOL:	 ARGS:
		 2: COPY TYPE_StringLiteral "event=receive status=abort reason='object signature not valid' " def_%v_30 
		 3: COPY TYPE_StringLiteral "recipient=" def_%v_31 
		 4: 
		 5: recipient->diaspora_handle def_%v_32 recipient[2.5,] 	 SYMBOL:	 ARGS:
		 6: COPY TYPE_StringLiteral " sender=" def_%v_33 
		 7: %self->parent def_%v_34 %self[12.1,2.0,] 	 SYMBOL:	 ARGS:
		 8: %v_34->author def_%v_35 %v_34[12.7,] 	 SYMBOL:	 ARGS:
		 9: %v_35->diaspora_handle def_%v_36 %v_35[12.8,] 	 SYMBOL:	 ARGS:
		 10: COPY TYPE_StringLiteral " " def_%v_37 
		 11: BUILDSTRING def_%v_38 %v_31[12.3,] %v_32[12.5,] %v_33[12.6,] %v_36[12.9,] %v_37[12.10,] 
		 12: COPY TYPE_StringLiteral "payload_type=" def_%v_39 
		 13: 
		 14: %self->class def_%v_40 %self[12.1,12.7,2.0,] 	 SYMBOL:	 ARGS:
		 15: COPY TYPE_StringLiteral " parent_id=" def_%v_41 
		 16: %self->parent def_%v_42 %self[12.1,12.7,12.14,2.0,] 	 SYMBOL:	 ARGS:
		 17: %v_42->id def_%v_43 %v_42[12.16,] 	 SYMBOL:	 ARGS:
		 18: BUILDSTRING def_%v_44 %v_39[12.12,] %v_40[12.14,] %v_41[12.15,] %v_43[12.17,] 
		 19: BUILDSTRING def_%v_45 %v_30[12.2,] %v_38[12.11,] %v_44[12.18,] 
		 20: %v_29->warn def_%v_46 %v_29[12.1,] %v_45[12.19,] 	 SYMBOL:	 ARGS:%v_45,
		 21: 
		 22: RETURN %self[12.1,12.7,12.14,12.16,2.0,] 
BB 14
	outgoing: 16 
	datadep: 
	instructions:
		 0: COPY TYPE_PASS def_%v_14 %v_26[9.3,11.2,] 
		 1: 
		 2: RETURN %self[7.3,2.0,] %self[7.3,2.0,] 
BB 16
	outgoing: 
	datadep: 
	instructions:

SET IRMethod, name = parent_author_signature_valid? instanceMethod = true
BB 1
	outgoing: 3 2 
	datadep: 
	instructions:
BB 2
	outgoing: 3 
	datadep: 
	instructions:
		 0: def_%self 
		 1: def_%v_0 
		 2: COPY TYPE_CurrentScope def_%current_scope 
		 3: COPY TYPE_ScopeModule def_%current_module 
		 4: 
		 5: 
		 6: %self->parent_author_signature def_%v_3 %self[2.0,] 	 SYMBOL:	 ARGS:
		 7: %self->parent def_%v_4 %self[2.0,2.6,] 	 SYMBOL:	 ARGS:
		 8: %v_4->author def_%v_5 %v_4[2.7,] 	 SYMBOL:	 ARGS:
		 9: %self->verify_signature def_%v_6 %self[2.0,2.6,2.7,] %v_3[2.6,] %v_5[2.8,] 	 SYMBOL:	 ARGS:%v_3,%v_5,
		 10: RETURN %v_6[2.9,] %self[2.0,2.6,2.7,2.9,] 
BB 3
	outgoing: 
	datadep: 
	instructions:

SET IRMethod, name = parent_diaspora_handle instanceMethod = true
BB 1
	outgoing: 3 2 
	datadep: 
	instructions:
BB 2
	outgoing: 3 
	datadep: 
	instructions:
		 0: def_%self 
		 1: def_%v_0 
		 2: COPY TYPE_CurrentScope def_%current_scope 
		 3: COPY TYPE_ScopeModule def_%current_module 
		 4: 
		 5: 
		 6: %self->target def_%v_3 %self[2.0,] 	 SYMBOL:	 ARGS:
		 7: %v_3->author def_%v_4 %v_3[2.6,] 	 SYMBOL:	 ARGS:
		 8: %v_4->diaspora_handle def_%v_5 %v_4[2.7,] 	 SYMBOL:	 ARGS:
		 9: RETURN %v_5[2.8,] %self[2.0,2.6,] 
BB 3
	outgoing: 
	datadep: 
	instructions:

