SET IRMethod, name = show instanceMethod = true
BB 1
	outgoing: 14 2 
	datadep: 
	instructions:
BB 2
	outgoing: 3 4 
	datadep: 
	instructions:
		 0: def_%self 
		 1: def_%v_0 
		 2: COPY TYPE_CurrentScope def_%current_scope 
		 3: COPY TYPE_ScopeModule def_%current_module 
		 4: 
		 5: 
		 6: GETFIELD %self->model def_%v_3 %self[2.0,] 
		 7: %self->upload_mount def_%v_4 %self[2.0,] 	 SYMBOL:	 ARGS:
		 8: %v_3->send def_%v_5 %v_3[2.6,] %v_4[2.7,] 	 SYMBOL:	 ARGS:%v_4,
		 9: COPY TYPE_PASS def_uploader %v_5[2.8,] 
		 10: 
		 11: %v_5->file_storage? def_%v_6 %v_5[2.8,] 	 SYMBOL:	 ARGS:
		 12: BRANCH %v_6[2.11,] 
BB 3
	outgoing: 6 7 
	datadep: 
	instructions:
		 0: COPY TYPE_Nil def_%v_7 
		 1: 
		 2: uploader->file def_%v_10 uploader[2.9,] 	 SYMBOL:	 ARGS:
		 3: BRANCH %v_10[3.2,] 
BB 4
	outgoing: 14 
	datadep: 
	instructions:
		 0: 
		 1: uploader->url def_%v_8 uploader[2.9,] 	 SYMBOL:	 ARGS:
		 2: %self->redirect_to def_%v_9 %self[2.0,] %v_8[4.1,] 	 SYMBOL:	 ARGS:%v_8,
		 3: RETURN %v_9[4.2,] %self[4.2,2.0,] 
BB 6
	outgoing: 7 
	datadep: 
	instructions:
		 0: uploader->file def_%v_11 uploader[2.9,] 	 SYMBOL:	 ARGS:
		 1: %v_11->exists? def_%v_12 %v_11[6.0,] 	 SYMBOL:	 ARGS:
		 2: COPY TYPE_PASS def_%v_10 %v_12[6.1,] 
BB 7
	outgoing: 8 9 
	datadep: 
	instructions:
		 0: BRANCH %v_10[6.2,3.2,] 
BB 8
	outgoing: 11 12 
	datadep: 
	instructions:
		 0: COPY TYPE_Nil def_%v_13 
		 1: 
		 2: uploader->image? def_%v_15 uploader[2.9,] 	 SYMBOL:	 ARGS:
		 3: BRANCH %v_15[8.2,] 
BB 9
	outgoing: 14 
	datadep: 
	instructions:
		 0: 
		 1: %self->render_404 def_%v_14 %self[2.0,] 	 SYMBOL:	 ARGS:
		 2: RETURN %v_14[9.1,] %self[9.1,2.0,] 
BB 11
	outgoing: 13 
	datadep: 
	instructions:
		 0: COPY TYPE_StringLiteral "inline" def_%v_16 
		 1: 
BB 12
	outgoing: 13 
	datadep: 
	instructions:
		 0: COPY TYPE_StringLiteral "attachment" def_%v_17 
		 1: COPY TYPE_PASS def_%v_16 %v_17[12.0,] 
BB 13
	outgoing: 14 
	datadep: 
	instructions:
		 0: COPY TYPE_PASS def_disposition %v_16[12.1,11.0,] 
		 1: 
		 2: uploader->file def_%v_18 uploader[2.9,] 	 SYMBOL:	 ARGS:
		 3: %v_18->path def_%v_19 %v_18[13.2,] 	 SYMBOL:	 ARGS:
		 4: HASH-disposition- def_%v_20 disposition[13.0,] 
		 5: %self->send_file def_%v_21 %self[2.0,] %v_19[13.3,] %v_20[13.4,] 	 SYMBOL:	 ARGS:%v_19,%v_20,
		 6: RETURN %v_21[13.5,] %self[13.5,2.0,] 
BB 14
	outgoing: 
	datadep: 
	instructions:

SET IRMethod, name = find_model instanceMethod = true
BB 1
	outgoing: 8 2 
	datadep: 
	instructions:
BB 2
	outgoing: 3 4 
	datadep: 
	instructions:
		 0: def_%self 
		 1: def_%v_0 
		 2: COPY TYPE_CurrentScope def_%current_scope 
		 3: COPY TYPE_ScopeModule def_%current_module 
		 4: 
		 5: 
		 6: %self->upload_model def_%v_3 %self[2.0,] 	 SYMBOL:	 ARGS:
		 7: BRANCH %v_3[2.6,] 
BB 3
	outgoing: 4 
	datadep: 
	instructions:
		 0: %self->upload_mount def_%v_4 %self[2.0,] 	 SYMBOL:	 ARGS:
		 1: COPY TYPE_PASS def_%v_3 %v_4[3.0,] 
BB 4
	outgoing: 5 6 
	datadep: 
	instructions:
		 0: BRANCH %v_3[3.1,2.6,] 
BB 5
	outgoing: 8 
	datadep: 
	instructions:
		 0: COPY TYPE_Nil def_%v_5 
		 1: 
		 2: %self->upload_model def_%v_7 %self[2.0,] 	 SYMBOL:	 ARGS:
		 3: %self->params def_%v_8 %self[5.2,2.0,] 	 SYMBOL:	 ARGS:
		 4: %v_8->[] def_%v_9 %v_8[5.3,] 	 SYMBOL:id,	 ARGS:Symbol,
		 5: %v_7->find def_%v_10 %v_7[5.2,] %v_9[5.4,] 	 SYMBOL:	 ARGS:%v_9,
		 6: ATTRASSIGN %self->model %v_10[5.5,] 
		 7: RETURN %v_10[5.5,] %self[5.2,5.3,5.6,2.0,] 
BB 6
	outgoing: 8 
	datadep: 
	instructions:
		 0: 
		 1: %self->render_404 def_%v_6 %self[2.0,] 	 SYMBOL:	 ARGS:
		 2: RETURN %v_6[6.1,] %self[6.1,2.0,] 
BB 8
	outgoing: 
	datadep: 
	instructions:

SET IRMethod, name = authorize_access! instanceMethod = true
BB 1
	outgoing: 17 2 
	datadep: 
	instructions:
BB 2
	outgoing: 3 6 
	datadep: 
	instructions:
		 0: def_%self 
		 1: def_%v_0 
		 2: COPY TYPE_CurrentScope def_%current_scope 
		 3: COPY TYPE_ScopeModule def_%current_module 
		 4: 
		 5: 
		 6: GETFIELD %self->model def_%v_3 %self[2.0,] 
		 7: (Project) def_%v_6 
		 8: def_%v_5 %v_6[2.7,] %v_3[2.6,] 
		 9: BRANCH %v_5[2.8,] 
BB 3
	outgoing: 4 7 
	datadep: 
	instructions:
		 0: (Group) def_%v_8 
		 1: def_%v_7 %v_8[3.0,] %v_3[2.6,] 
		 2: BRANCH %v_7[3.1,] 
BB 4
	outgoing: 5 8 
	datadep: 
	instructions:
		 0: (Note) def_%v_10 
		 1: def_%v_9 %v_10[4.0,] %v_3[2.6,] 
		 2: BRANCH %v_9[4.1,] 
BB 5
	outgoing: 10 
	datadep: 
	instructions:
		 0: 
		 1: COPY TYPE_Boolean def_%v_4 
		 2: 
BB 6
	outgoing: 10 
	datadep: 
	instructions:
		 0: 
		 1: %self->current_user def_%v_11 %self[2.0,] 	 SYMBOL:	 ARGS:
		 2: GETFIELD %self->model def_%v_12 %self[6.1,2.0,] 
		 3: %self->can? def_%v_13 %self[6.1,2.0,] %v_11[6.1,] %v_12[6.2,] 	 SYMBOL:read_project,	 ARGS:%v_11,Symbol,%v_12,
		 4: COPY TYPE_PASS def_%v_4 %v_13[6.3,] 
		 5: 
BB 7
	outgoing: 10 
	datadep: 
	instructions:
		 0: 
		 1: %self->current_user def_%v_14 %self[2.0,] 	 SYMBOL:	 ARGS:
		 2: GETFIELD %self->model def_%v_15 %self[7.1,2.0,] 
		 3: %self->can? def_%v_16 %self[7.1,2.0,] %v_14[7.1,] %v_15[7.2,] 	 SYMBOL:read_group,	 ARGS:%v_14,Symbol,%v_15,
		 4: COPY TYPE_PASS def_%v_4 %v_16[7.3,] 
		 5: 
BB 8
	outgoing: 10 
	datadep: 
	instructions:
		 0: 
		 1: %self->current_user def_%v_17 %self[2.0,] 	 SYMBOL:	 ARGS:
		 2: GETFIELD %self->model def_%v_18 %self[8.1,2.0,] 
		 3: %v_18->project def_%v_19 %v_18[8.2,] 	 SYMBOL:	 ARGS:
		 4: %self->can? def_%v_20 %self[8.1,2.0,] %v_17[8.1,] %v_19[8.3,] 	 SYMBOL:read_project,	 ARGS:%v_17,Symbol,%v_19,
		 5: COPY TYPE_PASS def_%v_4 %v_20[8.4,] 
		 6: 
BB 10
	outgoing: 11 12 
	datadep: 
	instructions:
		 0: COPY TYPE_PASS def_authorized %v_4[6.4,7.4,8.5,5.1,] 
		 1: 
		 2: BRANCH %v_4[6.4,7.4,8.5,5.1,] 
BB 11
	outgoing: 17 
	datadep: 
	instructions:
		 0: RETURN %self[2.0,] 
BB 12
	outgoing: 14 15 
	datadep: 
	instructions:
		 0: COPY TYPE_Nil def_%v_21 
		 1: 
		 2: %self->current_user def_%v_22 %self[2.0,] 	 SYMBOL:	 ARGS:
		 3: BRANCH %v_22[12.2,] 
BB 14
	outgoing: 17 
	datadep: 
	instructions:
		 0: 
		 1: %self->render_404 def_%v_23 %self[2.0,] 	 SYMBOL:	 ARGS:
		 2: RETURN %v_23[14.1,] %self[14.1,2.0,] 
BB 15
	outgoing: 17 
	datadep: 
	instructions:
		 0: 
		 1: %self->authenticate_user! def_%v_24 %self[2.0,] 	 SYMBOL:	 ARGS:
		 2: RETURN %v_24[15.1,] %self[15.1,2.0,] 
BB 17
	outgoing: 
	datadep: 
	instructions:

SET IRMethod, name = upload_model instanceMethod = true
BB 1
	outgoing: 3 2 
	datadep: 
	instructions:
BB 2
	outgoing: 3 
	datadep: 
	instructions:
		 0: def_%self 
		 1: def_%v_0 
		 2: COPY TYPE_CurrentScope def_%current_scope 
		 3: COPY TYPE_ScopeModule def_%current_module 
		 4: 
		 5: 
		 6: COPY TYPE_StringLiteral "user" def_%v_3 
		 7: (User) def_%v_4 
		 8: COPY TYPE_StringLiteral "project" def_%v_5 
		 9: (Project) def_%v_6 
		 10: COPY TYPE_StringLiteral "note" def_%v_7 
		 11: (Note) def_%v_8 
		 12: COPY TYPE_StringLiteral "group" def_%v_9 
		 13: (Group) def_%v_10 
		 14: COPY TYPE_StringLiteral "appearance" def_%v_11 
		 15: (Appearance) def_%v_12 
		 16: HASH- def_%v_13 %v_3[2.6,] %v_4[2.7,] %v_5[2.8,] %v_6[2.9,] %v_7[2.10,] %v_8[2.11,] %v_9[2.12,] %v_10[2.13,] %v_11[2.14,] %v_12[2.15,] 
		 17: COPY TYPE_PASS def_upload_models %v_13[2.16,] 
		 18: 
		 19: %self->params def_%v_14 %self[2.0,] 	 SYMBOL:	 ARGS:
		 20: %v_14->[] def_%v_15 %v_14[2.19,] 	 SYMBOL:model,	 ARGS:Symbol,
		 21: upload_models->[] def_%v_16 upload_models[2.17,] %v_15[2.20,] 	 SYMBOL:	 ARGS:%v_15,
		 22: RETURN %v_16[2.21,] %self[2.0,2.19,] 
BB 3
	outgoing: 
	datadep: 
	instructions:

SET IRMethod, name = upload_mount instanceMethod = true
BB 1
	outgoing: 6 2 
	datadep: 
	instructions:
BB 2
	outgoing: 3 4 
	datadep: 
	instructions:
		 0: def_%self 
		 1: def_%v_0 
		 2: COPY TYPE_CurrentScope def_%current_scope 
		 3: COPY TYPE_ScopeModule def_%current_module 
		 4: 
		 5: 
		 6: COPY TYPE_StringLiteral "avatar" def_%v_3 
		 7: COPY TYPE_StringLiteral "attachment" def_%v_4 
		 8: COPY TYPE_StringLiteral "file" def_%v_5 
		 9: COPY TYPE_StringLiteral "logo" def_%v_6 
		 10: COPY TYPE_StringLiteral "header_logo" def_%v_7 
		 11: COPY TYPE_Array def_%v_8 %v_3[2.6,] %v_4[2.7,] %v_5[2.8,] %v_6[2.9,] %v_7[2.10,] 
		 12: COPY TYPE_PASS def_upload_mounts %v_8[2.11,] 
		 13: 
		 14: %self->params def_%v_9 %self[2.0,] 	 SYMBOL:	 ARGS:
		 15: %v_9->[] def_%v_10 %v_9[2.14,] 	 SYMBOL:mounted_as,	 ARGS:Symbol,
		 16: upload_mounts->include? def_%v_11 upload_mounts[2.12,] %v_10[2.15,] 	 SYMBOL:	 ARGS:%v_10,
		 17: BRANCH %v_11[2.16,] 
BB 3
	outgoing: 6 
	datadep: 
	instructions:
		 0: 
		 1: %self->params def_%v_12 %self[2.0,] 	 SYMBOL:	 ARGS:
		 2: %v_12->[] def_%v_13 %v_12[3.1,] 	 SYMBOL:mounted_as,	 ARGS:Symbol,
		 3: RETURN %v_13[3.2,] %self[3.1,2.0,] 
BB 4
	outgoing: 6 
	datadep: 
	instructions:
		 0: RETURN %self[2.0,] 
BB 6
	outgoing: 
	datadep: 
	instructions:

