SET IRMethod, name = address= instanceMethod = true
BB 1
	outgoing: 3 2 
	datadep: 
	instructions:
BB 2
	outgoing: 3 
	datadep: 
	instructions:
		 0: def_%self 
		 1: def_%v_0 
		 2: COPY TYPE_CurrentScope def_%current_scope 
		 3: COPY TYPE_ScopeModule def_%current_module 
		 4: 
		 5: RECEIVEARG def_arg 
		 6: 
		 7: arg->to_s def_%v_3 arg[2.5,] 	 SYMBOL:	 ARGS:
		 8: %v_3->strip def_%v_4 %v_3[2.7,] 	 SYMBOL:	 ARGS:
		 9: %self->write_attribute def_%v_5 %self[2.0,] %v_4[2.8,] 	 SYMBOL:address,	 ARGS:Symbol,%v_4,
		 10: RETURN %v_5[2.9,] %self[2.0,2.9,] 
BB 3
	outgoing: 
	datadep: 
	instructions:

SET IRMethod, name = destroy instanceMethod = true
BB 1
	outgoing: 6 2 
	datadep: 
	instructions:
BB 2
	outgoing: 3 4 
	datadep: 
	instructions:
		 0: def_%self 
		 1: def_%v_0 
		 2: COPY TYPE_CurrentScope def_%current_scope 
		 3: COPY TYPE_ScopeModule def_%current_module 
		 4: 
		 5: 
		 6: %self->is_default? def_%v_3 %self[2.0,] 	 SYMBOL:	 ARGS:
		 7: BRANCH %v_3[2.6,] 
BB 3
	outgoing: 6 
	datadep: 
	instructions:
		 0: 
		 1: COPY TYPE_Boolean def_%v_4 
		 2: RETURN %self[2.0,] 
BB 4
	outgoing: 6 
	datadep: 
	instructions:
		 0: 
		 1: %self->super def_%v_5 %current_module[2.3,] %v_0[2.1,] 	 SYMBOL:	 ARGS:
		 2: RETURN %v_5[4.1,] %self[2.0,] 
BB 6
	outgoing: 
	datadep: 
	instructions:

SET IRMethod, name = deliver_security_notification_create instanceMethod = true
BB 1
	outgoing: 6 2 
	datadep: 
	instructions:
BB 2
	outgoing: 3 4 
	datadep: 
	instructions:
		 0: def_%self 
		 1: def_%v_0 
		 2: COPY TYPE_CurrentScope def_%current_scope 
		 3: COPY TYPE_ScopeModule def_%current_module 
		 4: 
		 5: 
		 6: %self->user def_%v_3 %self[2.0,] 	 SYMBOL:	 ARGS:
		 7: %v_3->mails def_%v_4 %v_3[2.6,] 	 SYMBOL:	 ARGS:
		 8: %self->address def_%v_5 %self[2.0,2.6,] 	 SYMBOL:	 ARGS:
		 9: COPY TYPE_Array def_%v_6 %v_5[2.8,] 
		 10: %v_4->!= def_%v_7 %v_4[2.7,] %v_6[2.9,] 	 SYMBOL:	 ARGS:%v_6,
		 11: BRANCH %v_7[2.10,] 
BB 3
	outgoing: 6 
	datadep: 
	instructions:
		 0: 
		 1: %self->user def_%v_8 %self[2.0,] 	 SYMBOL:	 ARGS:
		 2: %self->address def_%v_9 %self[3.1,2.0,] 	 SYMBOL:	 ARGS:
		 3: HASH-message-field-value- def_%v_10 %v_9[3.2,] 
		 4: %self->deliver_security_notification def_%v_11 %self[3.1,3.2,2.0,] %v_8[3.1,] %v_10[3.3,] 	 SYMBOL:	 ARGS:%v_8,%v_10,
		 5: RETURN %v_11[3.4,] %self[3.1,3.2,3.4,2.0,] 
BB 4
	outgoing: 6 
	datadep: 
	instructions:
		 0: RETURN %self[2.0,] 
BB 6
	outgoing: 
	datadep: 
	instructions:

SET IRMethod, name = deliver_security_notification_update instanceMethod = true
BB 1
	outgoing: 12 2 
	datadep: 
	instructions:
BB 2
	outgoing: 3 4 
	datadep: 
	instructions:
		 0: def_%self 
		 1: def_%v_0 
		 2: COPY TYPE_CurrentScope def_%current_scope 
		 3: COPY TYPE_ScopeModule def_%current_module 
		 4: 
		 5: 
		 6: %self->address_changed? def_%v_3 %self[2.0,] 	 SYMBOL:	 ARGS:
		 7: BRANCH %v_3[2.6,] 
BB 3
	outgoing: 11 
	datadep: 
	instructions:
		 0: 
		 1: %self->user def_%v_4 %self[2.0,] 	 SYMBOL:	 ARGS:
		 2: %self->address_was def_%v_5 %self[3.1,2.0,] 	 SYMBOL:	 ARGS:
		 3: COPY TYPE_Array def_%v_6 %v_4[3.1,] %v_5[3.2,] 
		 4: COPY TYPE_PASS def_recipients %v_6[3.3,] 
		 5: 
		 6: %self->address def_%v_7 %self[3.1,3.2,2.0,] 	 SYMBOL:	 ARGS:
		 7: HASH-message-field-value- def_%v_8 %v_7[3.6,] 
		 8: COPY TYPE_PASS def_options %v_8[3.7,] 
		 9: 
BB 4
	outgoing: 5 9 
	datadep: 
	instructions:
		 0: 
		 1: %self->notify_changed? def_%v_9 %self[2.0,] 	 SYMBOL:	 ARGS:
		 2: BRANCH %v_9[4.1,] 
BB 5
	outgoing: 6 7 
	datadep: 
	instructions:
		 0: 
		 1: %self->user def_%v_10 %self[2.0,] 	 SYMBOL:	 ARGS:
		 2: %self->address def_%v_11 %self[5.1,2.0,] 	 SYMBOL:	 ARGS:
		 3: COPY TYPE_Array def_%v_12 %v_10[5.1,] %v_11[5.2,] 
		 4: COPY TYPE_PASS def_recipients %v_12[5.3,] 
		 5: 
		 6: 
		 7: %self->notify_was def_%v_13 %self[5.1,5.2,2.0,] 	 SYMBOL:	 ARGS:
		 8: BRANCH %v_13[5.7,] 
BB 6
	outgoing: 8 
	datadep: 
	instructions:
		 0: COPY TYPE_Symbol def_%v_14 
		 1: 
BB 7
	outgoing: 8 
	datadep: 
	instructions:
		 0: COPY TYPE_Symbol def_%v_14 
BB 8
	outgoing: 10 
	datadep: 
	instructions:
		 0: %self->address def_%v_15 %self[2.0,] 	 SYMBOL:	 ARGS:
		 1: HASH-message-value- def_%v_16 %v_14[7.0,6.0,] %v_15[8.0,] 
		 2: COPY TYPE_PASS def_options %v_16[8.1,] 
		 3: 
BB 9
	outgoing: 10 
	datadep: 
	instructions:
		 0: COPY TYPE_Nil def_%v_16 
BB 10
	outgoing: 11 
	datadep: 
	instructions:
		 0: COPY TYPE_PASS def_%v_8 %v_16[9.0,8.1,] 
BB 11
	outgoing: 12 
	datadep: 
	instructions:
		 0: 
		 1: %self->deliver_security_notification def_%v_17 %self[2.0,] recipients[3.4,5.4,] options[3.8,8.2,] 	 SYMBOL:	 ARGS:recipients,options,
		 2: RETURN %v_17[11.1,] %self[11.1,2.0,] 
BB 12
	outgoing: 
	datadep: 
	instructions:

SET IRMethod, name = deliver_security_notification_destroy instanceMethod = true
BB 1
	outgoing: 3 2 
	datadep: 
	instructions:
BB 2
	outgoing: 3 
	datadep: 
	instructions:
		 0: def_%self 
		 1: def_%v_0 
		 2: COPY TYPE_CurrentScope def_%current_scope 
		 3: COPY TYPE_ScopeModule def_%current_module 
		 4: 
		 5: 
		 6: %self->user def_%v_3 %self[2.0,] 	 SYMBOL:	 ARGS:
		 7: %self->address def_%v_4 %self[2.0,2.6,] 	 SYMBOL:	 ARGS:
		 8: COPY TYPE_Array def_%v_5 %v_3[2.6,] %v_4[2.7,] 
		 9: %self->address def_%v_6 %self[2.0,2.6,2.7,] 	 SYMBOL:	 ARGS:
		 10: HASH-message-field-value- def_%v_7 %v_6[2.9,] 
		 11: %self->deliver_security_notification def_%v_8 %self[2.0,2.6,2.7,2.9,] %v_5[2.8,] %v_7[2.10,] 	 SYMBOL:	 ARGS:%v_5,%v_7,
		 12: RETURN %v_8[2.11,] %self[2.0,2.6,2.7,2.9,2.11,] 
BB 3
	outgoing: 
	datadep: 
	instructions:

SET IRMethod, name = deliver_security_notification instanceMethod = true
BB 1
	outgoing: 5 2 
	datadep: 
	instructions:
BB 2
	outgoing: 3 4 
	datadep: 
	instructions:
		 0: def_%self 
		 1: def_%v_0 
		 2: COPY TYPE_CurrentScope def_%current_scope 
		 3: COPY TYPE_ScopeModule def_%current_module 
		 4: 
		 5: RECEIVEARG def_recipients 
		 6: RECEIVECONSTARG def_options 
		 7: options[2.6,] 
BB 3
	outgoing: 4 
	datadep: 
	instructions:
		 0: HASH- def_%v_3 
		 1: COPY TYPE_PASS def_options %v_3[3.0,] 
BB 4
	outgoing: 5 
	datadep: 
	instructions:
		 0: 
		 1: (Mailer) def_%v_4 
		 2: COPY TYPE_StringLiteral "my" def_%v_5 
		 3: COPY TYPE_StringLiteral "account" def_%v_6 
		 4: HASH-controller-action- def_%v_7 %v_5[4.2,] %v_6[4.3,] 
		 5: HASH-title-url- def_%v_8 %v_7[4.4,] 
		 6: options->merge def_%v_9 options[3.1,2.6,] %v_8[4.5,] 	 SYMBOL:	 ARGS:%v_8,
		 7: %v_4->security_notification def_%v_10 %v_4[4.1,] recipients[2.5,] %v_9[4.6,] 	 SYMBOL:	 ARGS:recipients,%v_9,
		 8: %v_10->deliver def_%v_11 %v_10[4.7,] 	 SYMBOL:	 ARGS:
		 9: RETURN %v_11[4.8,] %self[2.0,] 
BB 5
	outgoing: 
	datadep: 
	instructions:

SET IRMethod, name = destroy_tokens instanceMethod = true
BB 1
	outgoing: 8 2 
	datadep: 
	instructions:
BB 2
	outgoing: 3 4 
	datadep: 
	instructions:
		 0: def_%self 
		 1: def_%v_0 
		 2: COPY TYPE_CurrentScope def_%current_scope 
		 3: COPY TYPE_ScopeModule def_%current_module 
		 4: 
		 5: 
		 6: %self->address_changed? def_%v_3 %self[2.0,] 	 SYMBOL:	 ARGS:
		 7: BRANCH %v_3[2.6,] 
BB 3
	outgoing: 4 
	datadep: 
	instructions:
		 0: %self->destroyed? def_%v_4 %self[2.0,] 	 SYMBOL:	 ARGS:
		 1: COPY TYPE_PASS def_%v_3 %v_4[3.0,] 
BB 4
	outgoing: 5 6 
	datadep: 
	instructions:
		 0: BRANCH %v_3[3.1,2.6,] 
BB 5
	outgoing: 8 
	datadep: 
	instructions:
		 0: 
		 1: COPY TYPE_StringLiteral "recovery" def_%v_5 
		 2: COPY TYPE_Array def_%v_6 %v_5[5.1,] 
		 3: COPY TYPE_PASS def_tokens %v_6[5.2,] 
		 4: 
		 5: (Token) def_%v_7 
		 6: %self->user_id def_%v_8 %self[2.0,] 	 SYMBOL:	 ARGS:
		 7: HASH-user_id-action- def_%v_9 %v_8[5.6,] tokens[5.3,] 
		 8: %v_7->where def_%v_10 %v_7[5.5,] %v_9[5.7,] 	 SYMBOL:	 ARGS:%v_9,
		 9: %v_10->delete_all def_%v_11 %v_10[5.8,] 	 SYMBOL:	 ARGS:
		 10: RETURN %v_11[5.9,] %self[5.6,2.0,] 
BB 6
	outgoing: 8 
	datadep: 
	instructions:
		 0: RETURN %self[2.0,] 
BB 8
	outgoing: 
	datadep: 
	instructions:

