SET IRMethod, name = type_name instanceMethod = true
BB 1
	outgoing: 3 2 
	datadep: 
	instructions:
BB 2
	outgoing: 3 
	datadep: 
	instructions:
		 0: def_%self 
		 1: def_%v_0 
		 2: COPY TYPE_CurrentScope def_%current_scope 
		 3: COPY TYPE_ScopeModule def_%current_module 
		 4: 
		 5: 
		 6: RETURN %self[2.0,] 
BB 3
	outgoing: 
	datadep: 
	instructions:

SET IRMethod, name = visible_by? instanceMethod = true
BB 1
	outgoing: 7 2 
	datadep: 
	instructions:
BB 2
	outgoing: 3 4 
	datadep: 
	instructions:
		 0: def_%self 
		 1: def_%v_0 
		 2: COPY TYPE_CurrentScope def_%current_scope 
		 3: COPY TYPE_ScopeModule def_%current_module 
		 4: 
		 5: RECEIVEARG def_project 
		 6: RECEIVECONSTARG def_user 
		 7: user[2.6,] 
BB 3
	outgoing: 4 
	datadep: 
	instructions:
		 0: (User) def_%v_3 
		 1: %v_3->current def_%v_4 %v_3[3.0,] 	 SYMBOL:	 ARGS:
		 2: COPY TYPE_PASS def_user %v_4[3.1,] 
BB 4
	outgoing: 5 6 
	datadep: 
	instructions:
		 0: 
		 1: %self->super def_%v_5 %current_module[2.3,] project[2.5,] user[3.2,2.6,] %v_0[2.1,] 	 SYMBOL:	 ARGS:project,user,
		 2: BRANCH %v_5[4.1,] 
BB 5
	outgoing: 7 
	datadep: 
	instructions:
		 0: %self->roles def_%v_6 %self[2.0,] 	 SYMBOL:	 ARGS:
		 1: user->roles_for_project def_%v_7 user[3.2,2.6,] project[2.5,] 	 SYMBOL:	 ARGS:project,
		 2: %v_6->& def_%v_8 %v_6[5.0,] %v_7[5.1,] 	 SYMBOL:	 ARGS:%v_7,
		 3: %v_8->present? def_%v_9 %v_8[5.2,] 	 SYMBOL:	 ARGS:
		 4: RETURN %v_9[5.3,] %self[5.0,2.0,] 
BB 6
	outgoing: 7 
	datadep: 
	instructions:
		 0: RETURN %v_5[4.1,] %self[2.0,] 
BB 7
	outgoing: 
	datadep: 
	instructions:

SET IRMethod, name = visibility_by_project_condition instanceMethod = true
BB 1
	outgoing: 11 2 
	datadep: 
	instructions:
BB 2
	outgoing: 3 4 
	datadep: 
	instructions:
		 0: def_%self 
		 1: def_%v_0 
		 2: COPY TYPE_CurrentScope def_%current_scope 
		 3: COPY TYPE_ScopeModule def_%current_module 
		 4: 
		 5: RECEIVECONSTARG def_project_key 
		 6: project_key[2.5,] 
BB 3
	outgoing: 4 
	datadep: 
	instructions:
		 0: COPY TYPE_Nil def_project_key 
BB 4
	outgoing: 5 6 
	datadep: 
	instructions:
		 0: RECEIVECONSTARG def_user 
		 1: user[4.0,] 
BB 5
	outgoing: 6 
	datadep: 
	instructions:
		 0: (User) def_%v_3 
		 1: %v_3->current def_%v_4 %v_3[5.0,] 	 SYMBOL:	 ARGS:
		 2: COPY TYPE_PASS def_user %v_4[5.1,] 
BB 6
	outgoing: 7 8 
	datadep: 
	instructions:
		 0: RECEIVECONSTARG def_id_column 
		 1: id_column[6.0,] 
BB 7
	outgoing: 8 
	datadep: 
	instructions:
		 0: COPY TYPE_Nil def_id_column 
BB 8
	outgoing: 9 10 
	datadep: 
	instructions:
		 0: 
		 1: %self->super def_%v_5 %current_module[2.3,] project_key[3.0,2.5,] user[5.2,4.0,] id_column[7.0,6.0,] %v_0[2.1,] 	 SYMBOL:	 ARGS:project_key,user,id_column,
		 2: COPY TYPE_PASS def_sql %v_5[8.1,] 
		 3: 
		 4: COPY TYPE_PASS def_%v_6 id_column[7.0,6.0,] 
		 5: COPY TYPE_PASS def_%v_7 id_column[7.0,6.0,] 
		 6: BRANCH id_column[7.0,6.0,] 
BB 9
	outgoing: 10 
	datadep: 
	instructions:
		 0: %self->id def_%v_8 %self[2.0,] 	 SYMBOL:	 ARGS:
		 1: COPY TYPE_PASS def_id_column %v_8[9.0,] 
		 2: COPY TYPE_PASS def_%v_7 %v_8[9.0,] 
BB 10
	outgoing: 11 
	datadep: 
	instructions:
		 0: 
		 1: (Issue) def_%v_9 
		 2: %v_9->table_name def_%v_10 %v_9[10.1,] 	 SYMBOL:	 ARGS:
		 3: COPY TYPE_StringLiteral ".tracker_id IN (SELECT tracker_id FROM " def_%v_11 
		 4: %self->table_name_prefix def_%v_12 %self[2.0,] 	 SYMBOL:	 ARGS:
		 5: COPY TYPE_StringLiteral "custom_fields_trackers" def_%v_13 
		 6: %self->table_name_suffix def_%v_14 %self[10.4,2.0,] 	 SYMBOL:	 ARGS:
		 7: COPY TYPE_StringLiteral " WHERE custom_field_id = " def_%v_15 
		 8: COPY TYPE_StringLiteral ")" def_%v_16 
		 9: BUILDSTRING def_%v_17 %v_10[10.2,] %v_11[10.3,] %v_12[10.4,] %v_13[10.5,] %v_14[10.6,] %v_15[10.7,] id_column[9.1,7.0,6.0,] %v_16[10.8,] 
		 10: COPY TYPE_PASS def_tracker_condition %v_17[10.9,] 
		 11: 
		 12: COPY TYPE_StringLiteral "EXISTS (SELECT 1 FROM " def_%v_18 
		 13: (CustomField) def_%v_19 
		 14: %v_19->table_name def_%v_20 %v_19[10.13,] 	 SYMBOL:	 ARGS:
		 15: COPY TYPE_StringLiteral " ifa WHERE ifa.is_for_all = " def_%v_21 
		 16: %self->class def_%v_22 %self[10.4,10.6,2.0,] 	 SYMBOL:	 ARGS:
		 17: %v_22->connection def_%v_23 %v_22[10.16,] 	 SYMBOL:	 ARGS:
		 18: %v_23->quoted_true def_%v_24 %v_23[10.17,] 	 SYMBOL:	 ARGS:
		 19: COPY TYPE_StringLiteral " AND ifa.id = " def_%v_25 
		 20: COPY TYPE_StringLiteral ")" def_%v_26 
		 21: BUILDSTRING def_%v_27 %v_18[10.12,] %v_20[10.14,] %v_21[10.15,] %v_24[10.18,] %v_25[10.19,] id_column[9.1,7.0,6.0,] %v_26[10.20,] 
		 22: COPY TYPE_StringLiteral " OR " def_%v_28 
		 23: 
		 24: (Issue) def_%v_29 
		 25: %v_29->table_name def_%v_30 %v_29[10.24,] 	 SYMBOL:	 ARGS:
		 26: COPY TYPE_StringLiteral ".project_id IN (SELECT project_id FROM " def_%v_31 
		 27: %self->table_name_prefix def_%v_32 %self[10.4,10.6,10.16,2.0,] 	 SYMBOL:	 ARGS:
		 28: COPY TYPE_StringLiteral "custom_fields_projects" def_%v_33 
		 29: %self->table_name_suffix def_%v_34 %self[10.4,10.6,10.16,10.27,2.0,] 	 SYMBOL:	 ARGS:
		 30: COPY TYPE_StringLiteral " WHERE custom_field_id = " def_%v_35 
		 31: COPY TYPE_StringLiteral ")" def_%v_36 
		 32: BUILDSTRING def_%v_37 %v_28[10.22,] %v_30[10.25,] %v_31[10.26,] %v_32[10.27,] %v_33[10.28,] %v_34[10.29,] %v_35[10.30,] id_column[9.1,7.0,6.0,] %v_36[10.31,] 
		 33: %v_27->+ def_%v_38 %v_27[10.21,] %v_37[10.32,] 	 SYMBOL:	 ARGS:%v_37,
		 34: COPY TYPE_PASS def_project_condition %v_38[10.33,] 
		 35: 
		 36: COPY TYPE_StringLiteral "((" def_%v_39 
		 37: COPY TYPE_StringLiteral ") AND (" def_%v_40 
		 38: COPY TYPE_StringLiteral ") AND (" def_%v_41 
		 39: COPY TYPE_StringLiteral "))" def_%v_42 
		 40: BUILDSTRING def_%v_43 %v_39[10.36,] sql[8.2,] %v_40[10.37,] tracker_condition[10.10,] %v_41[10.38,] %v_38[10.33,] %v_42[10.39,] 
		 41: RETURN %v_43[10.40,] %self[10.4,10.6,10.16,10.27,10.29,2.0,] 
BB 11
	outgoing: 
	datadep: 
	instructions:

SET IRMethod, name = validate_custom_field instanceMethod = true
BB 1
	outgoing: 8 2 
	datadep: 
	instructions:
BB 2
	outgoing: 3 4 
	datadep: 
	instructions:
		 0: def_%self 
		 1: def_%v_0 
		 2: COPY TYPE_CurrentScope def_%current_scope 
		 3: COPY TYPE_ScopeModule def_%current_module 
		 4: 
		 5: 
		 6: %self->super def_%v_3 %v_0[2.1,] 	 SYMBOL:	 ARGS:
		 7: 
		 8: %self->visible? def_%v_4 %self[2.0,] 	 SYMBOL:	 ARGS:
		 9: BRANCH %v_4[2.8,] 
BB 3
	outgoing: 4 
	datadep: 
	instructions:
		 0: %self->roles def_%v_5 %self[2.0,] 	 SYMBOL:	 ARGS:
		 1: %v_5->present? def_%v_6 %v_5[3.0,] 	 SYMBOL:	 ARGS:
		 2: COPY TYPE_PASS def_%v_4 %v_6[3.1,] 
BB 4
	outgoing: 5 6 
	datadep: 
	instructions:
		 0: BRANCH %v_4[3.2,2.8,] 
BB 5
	outgoing: 8 
	datadep: 
	instructions:
		 0: COPY TYPE_Nil def_%v_7 
		 1: RETURN %v_7[5.0,] %self[2.0,] 
BB 6
	outgoing: 8 
	datadep: 
	instructions:
		 0: %self->errors def_%v_8 %self[2.0,] 	 SYMBOL:	 ARGS:
		 1: %self->l def_%v_9 %self[6.0,2.0,] 	 SYMBOL:label_role_plural,	 ARGS:Symbol,
		 2: COPY TYPE_StringLiteral " " def_%v_10 
		 3: %v_9->+ def_%v_11 %v_9[6.1,] %v_10[6.2,] 	 SYMBOL:	 ARGS:%v_10,
		 4: COPY TYPE_StringLiteral "activerecord.errors.messages.blank" def_%v_12 
		 5: %self->l def_%v_13 %self[6.0,6.1,2.0,] %v_12[6.4,] 	 SYMBOL:	 ARGS:%v_12,
		 6: %v_11->+ def_%v_14 %v_11[6.3,] %v_13[6.5,] 	 SYMBOL:	 ARGS:%v_13,
		 7: %v_8->add def_%v_15 %v_8[6.0,] %v_14[6.6,] 	 SYMBOL:base,	 ARGS:Symbol,%v_14,
		 8: RETURN %v_15[6.7,] %self[6.0,6.1,6.5,2.0,] 
BB 8
	outgoing: 
	datadep: 
	instructions:

