SET IRMethod, name = update_issue_done_ratios instanceMethod = false
BB 1
	outgoing: 7 2 
	datadep: 
	instructions:
BB 2
	outgoing: 3 4 
	datadep: 
	instructions:
		 0: def_%self 
		 1: def_%v_0 
		 2: COPY TYPE_CurrentScope def_%current_scope 
		 3: COPY TYPE_ScopeModule def_%current_module 
		 4: 
		 5: 
		 6: (Issue) def_%v_3 
		 7: %v_3->use_status_for_done_ratio? def_%v_4 %v_3[2.6,] 	 SYMBOL:	 ARGS:
		 8: BRANCH %v_4[2.7,] 
BB 3
	outgoing: 5 
	datadep: 
	instructions:
		 0: 
		 1: (IssueStatus) def_%v_5 
		 2: COPY TYPE_StringLiteral "default_done_ratio >= 0" def_%v_6 
		 3: %v_5->where def_%v_7 %v_5[3.1,] %v_6[3.2,] 	 SYMBOL:	 ARGS:%v_6,
		 4: %v_7->each def_%v_8 %v_7[3.3,] %self[2.0,] 	 SYMBOL:	 ARGS:%v_7,
CLOSURE BEGIN: status[] 
BB 1
	outgoing: 6 2 
	datadep: 
	instructions:
BB 2
	outgoing: 3 
	datadep: 
	instructions:
		 0: def_%self 
		 1: def_%cl_1_0 
		 2: RECEIVEARG def_status 
		 3: COPY TYPE_CurrentScope def_%current_scope 
		 4: COPY TYPE_ScopeModule def_%current_module 
BB 3
	outgoing: 4 6 
	datadep: 
	instructions:
		 0: 
		 1: (Issue) def_%cl_1_3 
		 2: status->id def_%cl_1_4 status[2.2,] 	 SYMBOL:	 ARGS:
		 3: HASH-status_id- def_%cl_1_5 %cl_1_4[3.2,] 
		 4: %cl_1_3->where def_%cl_1_6 %cl_1_3[3.1,] %cl_1_5[3.3,] 	 SYMBOL:	 ARGS:%cl_1_5,
		 5: status->default_done_ratio def_%cl_1_7 status[3.2,2.2,] 	 SYMBOL:	 ARGS:
		 6: HASH-done_ratio- def_%cl_1_8 %cl_1_7[3.5,] 
		 7: %cl_1_6->update_all def_%cl_1_9 %cl_1_6[3.4,] %cl_1_8[3.6,] 	 SYMBOL:	 ARGS:%cl_1_8,
		 8: RETURN %cl_1_9[3.7,] %self[2.0,] 
BB 4
	outgoing: 6 
	datadep: 
	instructions:
		 0: def_%cl_1_10 
		 1: def_%cl_1_11 %cl_1_10[4.0,] 
		 2: RETURN %cl_1_11[4.1,] %self[2.0,] 
BB 6
	outgoing: 
	datadep: 
	instructions:
CLOSURE END: 
		 5: 
BB 4
	outgoing: 5 
	datadep: 
	instructions:
		 0: COPY TYPE_Nil def_%v_8 
BB 5
	outgoing: 7 
	datadep: 
	instructions:
		 0: 
		 1: (Issue) def_%v_9 
		 2: %v_9->use_status_for_done_ratio? def_%v_10 %v_9[5.1,] 	 SYMBOL:	 ARGS:
		 3: RETURN %v_10[5.2,] %self[2.0,] 
BB 7
	outgoing: 
	datadep: 
	instructions:

SET IRMethod, name = new_statuses_allowed_to instanceMethod = true
BB 1
	outgoing: 7 2 
	datadep: 
	instructions:
BB 2
	outgoing: 3 4 
	datadep: 
	instructions:
		 0: def_%self 
		 1: def_%v_0 
		 2: COPY TYPE_CurrentScope def_%current_scope 
		 3: COPY TYPE_ScopeModule def_%current_module 
		 4: 
		 5: RECEIVEARG def_roles 
		 6: RECEIVEARG def_tracker 
		 7: RECEIVECONSTARG def_author 
		 8: author[2.7,] 
BB 3
	outgoing: 4 
	datadep: 
	instructions:
		 0: COPY TYPE_Boolean def_author 
BB 4
	outgoing: 5 6 
	datadep: 
	instructions:
		 0: RECEIVECONSTARG def_assignee 
		 1: assignee[4.0,] 
BB 5
	outgoing: 6 
	datadep: 
	instructions:
		 0: COPY TYPE_Boolean def_assignee 
BB 6
	outgoing: 7 
	datadep: 
	instructions:
		 0: 
		 1: %self->class def_%v_3 %self[2.0,] 	 SYMBOL:	 ARGS:
		 2: %v_3->new_statuses_allowed def_%v_4 %v_3[6.1,] %self[6.1,2.0,] roles[2.5,] tracker[2.6,] author[3.0,2.7,] assignee[5.0,4.0,] 	 SYMBOL:	 ARGS:%self,roles,tracker,author,assignee,
		 3: RETURN %v_4[6.2,] %self[6.1,2.0,] 
BB 7
	outgoing: 
	datadep: 
	instructions:

SET IRMethod, name = new_statuses_allowed instanceMethod = false
BB 1
	outgoing: 24 2 
	datadep: 
	instructions:
BB 2
	outgoing: 3 4 
	datadep: 
	instructions:
		 0: def_%self 
		 1: def_%v_0 
		 2: COPY TYPE_CurrentScope def_%current_scope 
		 3: COPY TYPE_ScopeModule def_%current_module 
		 4: 
		 5: RECEIVEARG def_status 
		 6: RECEIVEARG def_roles 
		 7: RECEIVEARG def_tracker 
		 8: RECEIVECONSTARG def_author 
		 9: author[2.8,] 
BB 3
	outgoing: 4 
	datadep: 
	instructions:
		 0: COPY TYPE_Boolean def_author 
BB 4
	outgoing: 5 6 
	datadep: 
	instructions:
		 0: RECEIVECONSTARG def_assignee 
		 1: assignee[4.0,] 
BB 5
	outgoing: 6 
	datadep: 
	instructions:
		 0: COPY TYPE_Boolean def_assignee 
BB 6
	outgoing: 7 8 
	datadep: 
	instructions:
		 0: 
		 1: roles->present? def_%v_3 roles[2.6,] 	 SYMBOL:	 ARGS:
		 2: BRANCH %v_3[6.1,] 
BB 7
	outgoing: 8 
	datadep: 
	instructions:
		 0: COPY TYPE_PASS def_%v_3 tracker[2.7,] 
BB 8
	outgoing: 9 22 
	datadep: 
	instructions:
		 0: BRANCH %v_3[7.0,6.1,] 
BB 9
	outgoing: 10 11 
	datadep: 
	instructions:
		 0: 
		 1: status->try def_%v_4 status[2.5,] 	 SYMBOL:id,	 ARGS:Symbol,
		 2: BRANCH %v_4[9.1,] 
BB 10
	outgoing: 11 
	datadep: 
	instructions:
		 0: COPY TYPE_Fixnum def_%v_4 
BB 11
	outgoing: 12 13 
	datadep: 
	instructions:
		 0: COPY TYPE_PASS def_status_id %v_4[10.0,9.1,] 
		 1: 
		 2: (IssueStatus) def_%v_5 
		 3: %v_5->joins def_%v_6 %v_5[11.2,] 	 SYMBOL:workflow_transitions_as_new_status,	 ARGS:Symbol,
		 4: roles->map def_%v_7 roles[2.6,] 	 SYMBOL:id,	 ARGS:
		 5: tracker->id def_%v_8 tracker[2.7,] 	 SYMBOL:	 ARGS:
		 6: HASH-old_status_id-role_id-tracker_id- def_%v_9 status_id[11.0,] %v_7[11.4,] %v_8[11.5,] 
		 7: HASH-workflows- def_%v_10 %v_9[11.6,] 
		 8: %v_6->where def_%v_11 %v_6[11.3,] %v_10[11.7,] 	 SYMBOL:	 ARGS:%v_10,
		 9: COPY TYPE_PASS def_scope %v_11[11.8,] 
		 10: 
		 11: COPY TYPE_PASS def_%v_12 author[3.0,2.8,] 
		 12: BRANCH author[3.0,2.8,] 
BB 12
	outgoing: 13 
	datadep: 
	instructions:
		 0: COPY TYPE_PASS def_%v_12 assignee[5.0,4.0,] 
BB 13
	outgoing: 14 15 
	datadep: 
	instructions:
		 0: BRANCH %v_12[12.0,11.11,] 
BB 14
	outgoing: 21 
	datadep: 
	instructions:
		 0: COPY TYPE_Nil def_%v_13 
		 1: 
BB 15
	outgoing: 16 17 
	datadep: 
	instructions:
		 0: 
		 1: COPY TYPE_PASS def_%v_14 author[3.0,2.8,] 
		 2: BRANCH author[3.0,2.8,] 
BB 16
	outgoing: 17 
	datadep: 
	instructions:
		 0: COPY TYPE_PASS def_%v_14 assignee[5.0,4.0,] 
BB 17
	outgoing: 18 19 
	datadep: 
	instructions:
		 0: BRANCH %v_14[16.0,15.1,] 
BB 18
	outgoing: 20 
	datadep: 
	instructions:
		 0: 
		 1: COPY TYPE_StringLiteral "author = ? OR assignee = ?" def_%v_15 
		 2: scope->where def_%v_16 scope[11.9,] %v_15[18.1,] author[3.0,2.8,] assignee[5.0,4.0,] 	 SYMBOL:	 ARGS:%v_15,author,assignee,
		 3: COPY TYPE_PASS def_scope %v_16[18.2,] 
		 4: 
BB 19
	outgoing: 20 
	datadep: 
	instructions:
		 0: 
		 1: COPY TYPE_StringLiteral "author = ? AND assignee = ?" def_%v_17 
		 2: scope->where def_%v_18 scope[11.9,] %v_17[19.1,] 	 SYMBOL:	 ARGS:%v_17,Boolean,Boolean,
		 3: COPY TYPE_PASS def_scope %v_18[19.2,] 
		 4: COPY TYPE_PASS def_%v_16 %v_18[19.2,] 
BB 20
	outgoing: 21 
	datadep: 
	instructions:
		 0: COPY TYPE_PASS def_%v_13 %v_16[19.4,18.2,] 
BB 21
	outgoing: 24 
	datadep: 
	instructions:
		 0: 
		 1: scope->distinct def_%v_19 scope[19.3,18.3,11.9,] 	 SYMBOL:	 ARGS:
		 2: %v_19->to_a def_%v_20 %v_19[21.1,] 	 SYMBOL:	 ARGS:
		 3: %v_20->sort def_%v_21 %v_20[21.2,] 	 SYMBOL:	 ARGS:
		 4: RETURN %v_21[21.3,] %self[2.0,] 
BB 22
	outgoing: 24 
	datadep: 
	instructions:
		 0: 
		 1: COPY TYPE_Array def_%v_22 
		 2: RETURN %v_22[22.1,] %self[2.0,] 
BB 24
	outgoing: 
	datadep: 
	instructions:

SET IRMethod, name = <=> instanceMethod = true
BB 1
	outgoing: 3 2 
	datadep: 
	instructions:
BB 2
	outgoing: 3 
	datadep: 
	instructions:
		 0: def_%self 
		 1: def_%v_0 
		 2: COPY TYPE_CurrentScope def_%current_scope 
		 3: COPY TYPE_ScopeModule def_%current_module 
		 4: 
		 5: RECEIVEARG def_status 
		 6: 
		 7: %self->position def_%v_3 %self[2.0,] 	 SYMBOL:	 ARGS:
		 8: status->position def_%v_4 status[2.5,] 	 SYMBOL:	 ARGS:
		 9: %v_3-><=> def_%v_5 %v_3[2.7,] %v_4[2.8,] 	 SYMBOL:	 ARGS:%v_4,
		 10: RETURN %v_5[2.9,] %self[2.0,2.7,] 
BB 3
	outgoing: 
	datadep: 
	instructions:

SET IRMethod, name = to_s instanceMethod = true
BB 1
	outgoing: 3 2 
	datadep: 
	instructions:
BB 2
	outgoing: 3 
	datadep: 
	instructions:
		 0: def_%self 
		 1: def_%v_0 
		 2: COPY TYPE_CurrentScope def_%current_scope 
		 3: COPY TYPE_ScopeModule def_%current_module 
		 4: 
		 5: 
		 6: %self->name def_%v_3 %self[2.0,] 	 SYMBOL:	 ARGS:
		 7: RETURN %v_3[2.6,] %self[2.0,2.6,] 
BB 3
	outgoing: 
	datadep: 
	instructions:

SET IRMethod, name = handle_is_closed_change instanceMethod = true
BB 1
	outgoing: 8 2 
	datadep: 
	instructions:
BB 2
	outgoing: 3 4 
	datadep: 
	instructions:
		 0: def_%self 
		 1: def_%v_0 
		 2: COPY TYPE_CurrentScope def_%current_scope 
		 3: COPY TYPE_ScopeModule def_%current_module 
		 4: 
		 5: 
		 6: %self->is_closed_changed? def_%v_3 %self[2.0,] 	 SYMBOL:	 ARGS:
		 7: BRANCH %v_3[2.6,] 
BB 3
	outgoing: 4 
	datadep: 
	instructions:
		 0: %self->is_closed def_%v_4 %self[2.0,] 	 SYMBOL:	 ARGS:
		 1: %v_4->== def_%v_5 %v_4[3.0,] 	 SYMBOL:	 ARGS:Boolean,
		 2: COPY TYPE_PASS def_%v_3 %v_5[3.1,] 
BB 4
	outgoing: 5 6 
	datadep: 
	instructions:
		 0: BRANCH %v_3[3.2,2.6,] 
BB 5
	outgoing: 8 
	datadep: 
	instructions:
		 0: 
		 1: COPY TYPE_StringLiteral "SELECT MAX(j.created_on) FROM " def_%v_6 
		 2: (Journal) def_%v_7 
		 3: %v_7->table_name def_%v_8 %v_7[5.2,] 	 SYMBOL:	 ARGS:
		 4: COPY TYPE_StringLiteral " j" def_%v_9 
		 5: BUILDSTRING def_%v_10 %v_6[5.1,] %v_8[5.3,] %v_9[5.4,] 
		 6: COPY TYPE_StringLiteral " JOIN " def_%v_11 
		 7: 
		 8: (JournalDetail) def_%v_12 
		 9: %v_12->table_name def_%v_13 %v_12[5.8,] 	 SYMBOL:	 ARGS:
		 10: COPY TYPE_StringLiteral " d ON d.journal_id = j.id" def_%v_14 
		 11: BUILDSTRING def_%v_15 %v_11[5.6,] %v_13[5.9,] %v_14[5.10,] 
		 12: %v_10->+ def_%v_16 %v_10[5.5,] %v_15[5.11,] 	 SYMBOL:	 ARGS:%v_15,
		 13: COPY TYPE_StringLiteral " WHERE j.journalized_type = 'Issue' AND j.journalized_id = " def_%v_17 
		 14: 
		 15: (Issue) def_%v_18 
		 16: %v_18->table_name def_%v_19 %v_18[5.15,] 	 SYMBOL:	 ARGS:
		 17: COPY TYPE_StringLiteral ".id" def_%v_20 
		 18: BUILDSTRING def_%v_21 %v_17[5.13,] %v_19[5.16,] %v_20[5.17,] 
		 19: %v_16->+ def_%v_22 %v_16[5.12,] %v_21[5.18,] 	 SYMBOL:	 ARGS:%v_21,
		 20: COPY TYPE_StringLiteral " AND d.property = 'attr' AND d.prop_key = 'status_id' AND d.value = :status_id" def_%v_23 
		 21: %v_22->+ def_%v_24 %v_22[5.19,] %v_23[5.20,] 	 SYMBOL:	 ARGS:%v_23,
		 22: COPY TYPE_PASS def_subselect %v_24[5.21,] 
		 23: 
		 24: (Issue) def_%v_25 
		 25: %self->id def_%v_26 %self[2.0,] 	 SYMBOL:	 ARGS:
		 26: HASH-status_id-closed_on- def_%v_27 %v_26[5.25,] 
		 27: %v_25->where def_%v_28 %v_25[5.24,] %v_27[5.26,] 	 SYMBOL:	 ARGS:%v_27,
		 28: COPY TYPE_StringLiteral "closed_on = (" def_%v_29 
		 29: 
		 30: COPY TYPE_StringLiteral ")" def_%v_30 
		 31: BUILDSTRING def_%v_31 %v_29[5.28,] subselect[5.22,] %v_30[5.30,] 
		 32: %self->id def_%v_32 %self[5.25,2.0,] 	 SYMBOL:	 ARGS:
		 33: %v_32->to_s def_%v_33 %v_32[5.32,] 	 SYMBOL:	 ARGS:
		 34: HASH-status_id- def_%v_34 %v_33[5.33,] 
		 35: COPY TYPE_Array def_%v_35 %v_31[5.31,] %v_34[5.34,] 
		 36: %v_28->update_all def_%v_36 %v_28[5.27,] %v_35[5.35,] 	 SYMBOL:	 ARGS:%v_35,
		 37: 
		 38: (Issue) def_%v_37 
		 39: %self->id def_%v_38 %self[5.25,5.32,2.0,] 	 SYMBOL:	 ARGS:
		 40: HASH-status_id-closed_on- def_%v_39 %v_38[5.39,] 
		 41: %v_37->where def_%v_40 %v_37[5.38,] %v_39[5.40,] 	 SYMBOL:	 ARGS:%v_39,
		 42: COPY TYPE_StringLiteral "closed_on = created_on" def_%v_41 
		 43: %v_40->update_all def_%v_42 %v_40[5.41,] %v_41[5.42,] 	 SYMBOL:	 ARGS:%v_41,
		 44: RETURN %v_42[5.43,] %self[5.25,5.32,5.39,2.0,] 
BB 6
	outgoing: 8 
	datadep: 
	instructions:
		 0: RETURN %self[2.0,] 
BB 8
	outgoing: 
	datadep: 
	instructions:

SET IRMethod, name = check_integrity instanceMethod = true
BB 1
	outgoing: 9 2 
	datadep: 
	instructions:
BB 2
	outgoing: 3 4 
	datadep: 
	instructions:
		 0: def_%self 
		 1: def_%v_0 
		 2: COPY TYPE_CurrentScope def_%current_scope 
		 3: COPY TYPE_ScopeModule def_%current_module 
		 4: 
		 5: 
		 6: (Issue) def_%v_3 
		 7: %self->id def_%v_4 %self[2.0,] 	 SYMBOL:	 ARGS:
		 8: HASH-status_id- def_%v_5 %v_4[2.7,] 
		 9: %v_3->where def_%v_6 %v_3[2.6,] %v_5[2.8,] 	 SYMBOL:	 ARGS:%v_5,
		 10: %v_6->any? def_%v_7 %v_6[2.9,] 	 SYMBOL:	 ARGS:
		 11: BRANCH %v_7[2.10,] 
BB 3
	outgoing: 9 
	datadep: 
	instructions:
		 0: 
		 1: COPY TYPE_StringLiteral "This status is used by some issues" def_%v_8 
		 2: %self->raise def_%v_9 %self[2.0,] %v_8[3.1,] 	 SYMBOL:	 ARGS:%v_8,
		 3: RETURN %v_9[3.2,] %self[3.2,2.0,] 
BB 4
	outgoing: 5 6 
	datadep: 
	instructions:
		 0: 
		 1: (Tracker) def_%v_10 
		 2: %self->id def_%v_11 %self[2.0,] 	 SYMBOL:	 ARGS:
		 3: HASH-default_status_id- def_%v_12 %v_11[4.2,] 
		 4: %v_10->where def_%v_13 %v_10[4.1,] %v_12[4.3,] 	 SYMBOL:	 ARGS:%v_12,
		 5: %v_13->any? def_%v_14 %v_13[4.4,] 	 SYMBOL:	 ARGS:
		 6: BRANCH %v_14[4.5,] 
BB 5
	outgoing: 7 
	datadep: 
	instructions:
		 0: 
		 1: COPY TYPE_StringLiteral "This status is used as the default status by some trackers" def_%v_15 
		 2: %self->raise def_%v_16 %self[2.0,] %v_15[5.1,] 	 SYMBOL:	 ARGS:%v_15,
		 3: 
BB 6
	outgoing: 7 
	datadep: 
	instructions:
		 0: COPY TYPE_Nil def_%v_16 
BB 7
	outgoing: 9 
	datadep: 
	instructions:
		 0: RETURN %v_16[6.0,5.2,] %self[2.0,] 
BB 9
	outgoing: 
	datadep: 
	instructions:

SET IRMethod, name = delete_workflow_rules instanceMethod = true
BB 1
	outgoing: 3 2 
	datadep: 
	instructions:
BB 2
	outgoing: 3 
	datadep: 
	instructions:
		 0: def_%self 
		 1: def_%v_0 
		 2: COPY TYPE_CurrentScope def_%current_scope 
		 3: COPY TYPE_ScopeModule def_%current_module 
		 4: 
		 5: 
		 6: (WorkflowRule) def_%v_3 
		 7: COPY TYPE_StringLiteral "old_status_id = :id OR new_status_id = :id" def_%v_4 
		 8: %self->id def_%v_5 %self[2.0,] 	 SYMBOL:	 ARGS:
		 9: HASH-id- def_%v_6 %v_5[2.8,] 
		 10: COPY TYPE_Array def_%v_7 %v_4[2.7,] %v_6[2.9,] 
		 11: %v_3->where def_%v_8 %v_3[2.6,] %v_7[2.10,] 	 SYMBOL:	 ARGS:%v_7,
		 12: %v_8->delete_all def_%v_9 %v_8[2.11,] 	 SYMBOL:	 ARGS:
		 13: RETURN %v_9[2.12,] %self[2.0,2.8,] 
BB 3
	outgoing: 
	datadep: 
	instructions:

