SET IRMethod, name = option_name instanceMethod = true
BB 1
	outgoing: 3 2 
	datadep: 
	instructions:
BB 2
	outgoing: 3 
	datadep: 
	instructions:
		 0: def_%self 
		 1: def_%v_0 
		 2: COPY TYPE_CurrentScope def_%current_scope 
		 3: COPY TYPE_ScopeModule def_%current_module 
		 4: 
		 5: 
		 6: (OptionName) def_%v_3 
		 7: RETURN %v_3[2.6,] %self[2.0,] 
BB 3
	outgoing: 
	datadep: 
	instructions:

SET IRMethod, name = objects_count instanceMethod = true
BB 1
	outgoing: 3 2 
	datadep: 
	instructions:
BB 2
	outgoing: 3 
	datadep: 
	instructions:
		 0: def_%self 
		 1: def_%v_0 
		 2: COPY TYPE_CurrentScope def_%current_scope 
		 3: COPY TYPE_ScopeModule def_%current_module 
		 4: 
		 5: 
		 6: %self->issues def_%v_3 %self[2.0,] 	 SYMBOL:	 ARGS:
		 7: %v_3->count def_%v_4 %v_3[2.6,] 	 SYMBOL:	 ARGS:
		 8: RETURN %v_4[2.7,] %self[2.0,2.6,] 
BB 3
	outgoing: 
	datadep: 
	instructions:

SET IRMethod, name = transfer_relations instanceMethod = true
BB 1
	outgoing: 3 2 
	datadep: 
	instructions:
BB 2
	outgoing: 3 
	datadep: 
	instructions:
		 0: def_%self 
		 1: def_%v_0 
		 2: COPY TYPE_CurrentScope def_%current_scope 
		 3: COPY TYPE_ScopeModule def_%current_module 
		 4: 
		 5: RECEIVEARG def_to 
		 6: 
		 7: %self->issues def_%v_3 %self[2.0,] 	 SYMBOL:	 ARGS:
		 8: to->id def_%v_4 to[2.5,] 	 SYMBOL:	 ARGS:
		 9: HASH-priority_id- def_%v_5 %v_4[2.8,] 
		 10: %v_3->update_all def_%v_6 %v_3[2.7,] %v_5[2.9,] 	 SYMBOL:	 ARGS:%v_5,
		 11: RETURN %v_6[2.10,] %self[2.0,2.7,] 
BB 3
	outgoing: 
	datadep: 
	instructions:

SET IRMethod, name = css_classes instanceMethod = true
BB 1
	outgoing: 3 2 
	datadep: 
	instructions:
BB 2
	outgoing: 3 
	datadep: 
	instructions:
		 0: def_%self 
		 1: def_%v_0 
		 2: COPY TYPE_CurrentScope def_%current_scope 
		 3: COPY TYPE_ScopeModule def_%current_module 
		 4: 
		 5: 
		 6: COPY TYPE_StringLiteral "priority-" def_%v_3 
		 7: %self->id def_%v_4 %self[2.0,] 	 SYMBOL:	 ARGS:
		 8: COPY TYPE_StringLiteral " priority-" def_%v_5 
		 9: %self->position_name def_%v_6 %self[2.0,2.7,] 	 SYMBOL:	 ARGS:
		 10: BUILDSTRING def_%v_7 %v_3[2.6,] %v_4[2.7,] %v_5[2.8,] %v_6[2.9,] 
		 11: RETURN %v_7[2.10,] %self[2.0,2.7,2.9,] 
BB 3
	outgoing: 
	datadep: 
	instructions:

SET IRMethod, name = clear_position_names instanceMethod = false
BB 1
	outgoing: 3 2 
	datadep: 
	instructions:
BB 2
	outgoing: 3 
	datadep: 
	instructions:
		 0: def_%self 
		 1: def_%v_0 
		 2: COPY TYPE_CurrentScope def_%current_scope 
		 3: COPY TYPE_ScopeModule def_%current_module 
		 4: 
		 5: 
		 6: HASH-position_name- def_%v_3 
		 7: %self->update_all def_%v_4 %self[2.0,] %v_3[2.6,] 	 SYMBOL:	 ARGS:%v_3,
		 8: RETURN %v_4[2.7,] %self[2.0,2.7,] 
BB 3
	outgoing: 
	datadep: 
	instructions:

SET IRMethod, name = compute_position_names instanceMethod = false
BB 1
	outgoing: 8 2 
	datadep: 
	instructions:
BB 2
	outgoing: 3 6 
	datadep: 
	instructions:
		 0: def_%self 
		 1: def_%v_0 
		 2: COPY TYPE_CurrentScope def_%current_scope 
		 3: COPY TYPE_ScopeModule def_%current_module 
		 4: 
		 5: 
		 6: HASH-active- def_%v_3 
		 7: %self->where def_%v_4 %self[2.0,] %v_3[2.6,] 	 SYMBOL:	 ARGS:%v_3,
		 8: %v_4->sort_by def_%v_5 %v_4[2.7,] 	 SYMBOL:position,	 ARGS:
		 9: COPY TYPE_PASS def_priorities %v_5[2.8,] 
		 10: 
		 11: %v_5->any? def_%v_6 %v_5[2.8,] 	 SYMBOL:	 ARGS:
		 12: BRANCH %v_6[2.11,] 
BB 3
	outgoing: 4 5 
	datadep: 
	instructions:
		 0: 
		 1: priorities->detect def_%v_7 priorities[2.9,] 	 SYMBOL:is_default?,	 ARGS:
		 2: BRANCH %v_7[3.1,] 
BB 4
	outgoing: 5 
	datadep: 
	instructions:
		 0: priorities->size def_%v_8 priorities[2.9,] 	 SYMBOL:	 ARGS:
		 1: %v_8->- def_%v_9 %v_8[4.0,] 	 SYMBOL:	 ARGS:Fixnum,
		 2: %v_9->/ def_%v_10 %v_9[4.1,] 	 SYMBOL:	 ARGS:Fixnum,
		 3: priorities->[] def_%v_11 priorities[4.0,2.9,] %v_10[4.2,] 	 SYMBOL:	 ARGS:%v_10,
		 4: COPY TYPE_PASS def_%v_7 %v_11[4.3,] 
BB 5
	outgoing: 8 
	datadep: 
	instructions:
		 0: COPY TYPE_PASS def_default %v_7[4.4,3.1,] 
		 1: 
		 2: priorities->each_with_index def_%v_12 priorities[2.9,] %self[2.0,] 	 SYMBOL:	 ARGS:priorities,
CLOSURE BEGIN: priority[] default[5.0,] index[] priorities[2.9,] %self[2.0,] name[] 
BB 1
	outgoing: 18 2 
	datadep: 
	instructions:
BB 2
	outgoing: 3 
	datadep: 
	instructions:
		 0: def_%self 
		 1: def_%cl_1_0 
		 2: RECEIVEARG def_priority 
		 3: RECEIVEARG def_index 
		 4: COPY TYPE_CurrentScope def_%current_scope 
		 5: COPY TYPE_ScopeModule def_%current_module 
BB 3
	outgoing: 4 6 16 
	datadep: 
	instructions:
		 0: 
		 1: priority->position def_%cl_1_5 priority[2.2,] 	 SYMBOL:	 ARGS:
		 2: default->position def_%cl_1_6 default[] 	 SYMBOL:	 ARGS:
		 3: %cl_1_5->== def_%cl_1_7 %cl_1_5[3.1,] %cl_1_6[3.2,] 	 SYMBOL:	 ARGS:%cl_1_6,
		 4: def_%cl_1_4 %cl_1_7[3.3,] 
		 5: BRANCH %cl_1_4[3.4,] 
BB 4
	outgoing: 5 7 16 
	datadep: 
	instructions:
		 0: priority->position def_%cl_1_9 priority[2.2,] 	 SYMBOL:	 ARGS:
		 1: default->position def_%cl_1_10 default[] 	 SYMBOL:	 ARGS:
		 2: %cl_1_9->< def_%cl_1_11 %cl_1_9[4.0,] %cl_1_10[4.1,] 	 SYMBOL:	 ARGS:%cl_1_10,
		 3: def_%cl_1_8 %cl_1_11[4.2,] 
		 4: BRANCH %cl_1_8[4.3,] 
BB 5
	outgoing: 11 
	datadep: 
	instructions:
		 0: 
BB 6
	outgoing: 15 
	datadep: 
	instructions:
		 0: 
		 1: COPY TYPE_StringLiteral "default" def_%cl_1_12 
		 2: COPY TYPE_PASS def_%cl_1_3 %cl_1_12[6.1,] 
		 3: 
BB 7
	outgoing: 8 9 16 
	datadep: 
	instructions:
		 0: 
		 1: index->== def_%cl_1_13 index[2.3,] 	 SYMBOL:	 ARGS:Fixnum,
		 2: BRANCH %cl_1_13[7.1,] 
BB 8
	outgoing: 10 
	datadep: 
	instructions:
		 0: COPY TYPE_StringLiteral "lowest" def_%cl_1_14 
		 1: 
BB 9
	outgoing: 10 16 
	datadep: 
	instructions:
		 0: COPY TYPE_StringLiteral "low" def_%cl_1_15 
		 1: index->+ def_%cl_1_16 index[2.3,] 	 SYMBOL:	 ARGS:Fixnum,
		 2: BUILDSTRING def_%cl_1_17 %cl_1_15[9.0,] %cl_1_16[9.1,] 
		 3: COPY TYPE_PASS def_%cl_1_14 %cl_1_17[9.2,] 
BB 10
	outgoing: 15 
	datadep: 
	instructions:
		 0: COPY TYPE_PASS def_%cl_1_3 %cl_1_14[9.3,8.0,] 
		 1: 
BB 11
	outgoing: 12 13 16 
	datadep: 
	instructions:
		 0: 
		 1: priorities->size def_%cl_1_18 priorities[] 	 SYMBOL:	 ARGS:
		 2: %cl_1_18->- def_%cl_1_19 %cl_1_18[11.1,] 	 SYMBOL:	 ARGS:Fixnum,
		 3: index->== def_%cl_1_20 index[2.3,] %cl_1_19[11.2,] 	 SYMBOL:	 ARGS:%cl_1_19,
		 4: BRANCH %cl_1_20[11.3,] 
BB 12
	outgoing: 14 
	datadep: 
	instructions:
		 0: COPY TYPE_StringLiteral "highest" def_%cl_1_21 
		 1: 
BB 13
	outgoing: 14 16 
	datadep: 
	instructions:
		 0: COPY TYPE_StringLiteral "high" def_%cl_1_22 
		 1: priorities->size def_%cl_1_23 priorities[] 	 SYMBOL:	 ARGS:
		 2: %cl_1_23->- def_%cl_1_24 %cl_1_23[13.1,] index[2.3,] 	 SYMBOL:	 ARGS:index,
		 3: BUILDSTRING def_%cl_1_25 %cl_1_22[13.0,] %cl_1_24[13.2,] 
		 4: COPY TYPE_PASS def_%cl_1_21 %cl_1_25[13.3,] 
BB 14
	outgoing: 15 
	datadep: 
	instructions:
		 0: COPY TYPE_PASS def_%cl_1_3 %cl_1_21[13.4,12.0,] 
		 1: 
BB 15
	outgoing: 16 18 
	datadep: 
	instructions:
		 0: COPY TYPE_PASS def_name %cl_1_3[6.2,10.0,14.0,] 
		 1: 
		 2: priority->id def_%cl_1_26 priority[2.2,] 	 SYMBOL:	 ARGS:
		 3: HASH-id- def_%cl_1_27 %cl_1_26[15.2,] 
		 4: %self->where def_%cl_1_28 %self[2.0,] %cl_1_27[15.3,] 	 SYMBOL:	 ARGS:%cl_1_27,
		 5: HASH-position_name- def_%cl_1_29 name[15.0,] 
		 6: %cl_1_28->update_all def_%cl_1_30 %cl_1_28[15.4,] %cl_1_29[15.5,] 	 SYMBOL:	 ARGS:%cl_1_29,
		 7: RETURN %cl_1_30[15.6,] %self[15.4,2.0,] 
BB 16
	outgoing: 18 
	datadep: 
	instructions:
		 0: def_%cl_1_31 
		 1: def_%cl_1_32 %cl_1_31[16.0,] 
		 2: RETURN %cl_1_32[16.1,] %self[2.0,] 
BB 18
	outgoing: 
	datadep: 
	instructions:
CLOSURE END: name[15.0,] index[2.3,] 
		 3: RETURN %v_12[5.2,] %self[2.0,] 
BB 6
	outgoing: 8 
	datadep: 
	instructions:
		 0: RETURN %self[2.0,] 
BB 8
	outgoing: 
	datadep: 
	instructions:

