SET IRMethod, name = visible? instanceMethod = true
BB 1
	outgoing: 5 2 
	datadep: 
	instructions:
BB 2
	outgoing: 3 4 
	datadep: 
	instructions:
		 0: def_%self 
		 1: def_%v_0 
		 2: COPY TYPE_CurrentScope def_%current_scope 
		 3: COPY TYPE_ScopeModule def_%current_module 
		 4: 
		 5: RECEIVECONSTARG def_user 
		 6: user[2.5,] 
BB 3
	outgoing: 4 
	datadep: 
	instructions:
		 0: (User) def_%v_3 
		 1: %v_3->current def_%v_4 %v_3[3.0,] 	 SYMBOL:	 ARGS:
		 2: COPY TYPE_PASS def_user %v_4[3.1,] 
BB 4
	outgoing: 5 
	datadep: 
	instructions:
		 0: 
		 1: %self->page def_%v_5 %self[2.0,] 	 SYMBOL:	 ARGS:
		 2: %v_5->visible? def_%v_6 %v_5[4.1,] user[3.2,2.5,] 	 SYMBOL:	 ARGS:user,
		 3: RETURN %v_6[4.2,] %self[4.1,2.0,] 
BB 5
	outgoing: 
	datadep: 
	instructions:

SET IRMethod, name = project instanceMethod = true
BB 1
	outgoing: 3 2 
	datadep: 
	instructions:
BB 2
	outgoing: 3 
	datadep: 
	instructions:
		 0: def_%self 
		 1: def_%v_0 
		 2: COPY TYPE_CurrentScope def_%current_scope 
		 3: COPY TYPE_ScopeModule def_%current_module 
		 4: 
		 5: 
		 6: %self->page def_%v_3 %self[2.0,] 	 SYMBOL:	 ARGS:
		 7: %v_3->project def_%v_4 %v_3[2.6,] 	 SYMBOL:	 ARGS:
		 8: RETURN %v_4[2.7,] %self[2.0,2.6,] 
BB 3
	outgoing: 
	datadep: 
	instructions:

SET IRMethod, name = attachments instanceMethod = true
BB 1
	outgoing: 6 2 
	datadep: 
	instructions:
BB 2
	outgoing: 3 4 
	datadep: 
	instructions:
		 0: def_%self 
		 1: def_%v_0 
		 2: COPY TYPE_CurrentScope def_%current_scope 
		 3: COPY TYPE_ScopeModule def_%current_module 
		 4: 
		 5: 
		 6: %self->page def_%v_3 %self[2.0,] 	 SYMBOL:	 ARGS:
		 7: %v_3->nil? def_%v_4 %v_3[2.6,] 	 SYMBOL:	 ARGS:
		 8: BRANCH %v_4[2.7,] 
BB 3
	outgoing: 6 
	datadep: 
	instructions:
		 0: COPY TYPE_Array def_%v_5 
		 1: RETURN %v_5[3.0,] %self[2.0,] 
BB 4
	outgoing: 6 
	datadep: 
	instructions:
		 0: %self->page def_%v_6 %self[2.0,] 	 SYMBOL:	 ARGS:
		 1: %v_6->attachments def_%v_7 %v_6[4.0,] 	 SYMBOL:	 ARGS:
		 2: RETURN %v_7[4.1,] %self[4.0,2.0,] 
BB 6
	outgoing: 
	datadep: 
	instructions:

SET IRMethod, name = notified_users instanceMethod = true
BB 1
	outgoing: 3 2 
	datadep: 
	instructions:
BB 2
	outgoing: 3 
	datadep: 
	instructions:
		 0: def_%self 
		 1: def_%v_0 
		 2: COPY TYPE_CurrentScope def_%current_scope 
		 3: COPY TYPE_ScopeModule def_%current_module 
		 4: 
		 5: 
		 6: %self->project def_%v_3 %self[2.0,] 	 SYMBOL:	 ARGS:
		 7: %v_3->notified_users def_%v_4 %v_3[2.6,] 	 SYMBOL:	 ARGS:
		 8: %v_4->reject def_%v_5 %v_4[2.7,] %self[2.0,2.6,] 	 SYMBOL:	 ARGS:%v_4,
CLOSURE BEGIN: %self[2.0,2.6,] user[] 
BB 1
	outgoing: 6 2 
	datadep: 
	instructions:
BB 2
	outgoing: 3 
	datadep: 
	instructions:
		 0: def_%self 
		 1: def_%cl_1_0 
		 2: RECEIVEARG def_user 
		 3: COPY TYPE_CurrentScope def_%current_scope 
		 4: COPY TYPE_ScopeModule def_%current_module 
BB 3
	outgoing: 4 6 
	datadep: 
	instructions:
		 0: 
		 1: %self->visible? def_%cl_1_3 %self[2.0,] user[2.2,] 	 SYMBOL:	 ARGS:user,
		 2: %cl_1_3->! def_%cl_1_4 %cl_1_3[3.1,] 	 SYMBOL:	 ARGS:
		 3: RETURN %cl_1_4[3.2,] %self[3.1,2.0,] 
BB 4
	outgoing: 6 
	datadep: 
	instructions:
		 0: def_%cl_1_5 
		 1: def_%cl_1_6 %cl_1_5[4.0,] 
		 2: RETURN %cl_1_6[4.1,] %self[2.0,] 
BB 6
	outgoing: 
	datadep: 
	instructions:
CLOSURE END: 
		 9: RETURN %v_5[2.8,] %self[2.0,2.6,] 
BB 3
	outgoing: 
	datadep: 
	instructions:

SET IRMethod, name = recipients instanceMethod = true
BB 1
	outgoing: 3 2 
	datadep: 
	instructions:
BB 2
	outgoing: 3 
	datadep: 
	instructions:
		 0: def_%self 
		 1: def_%v_0 
		 2: COPY TYPE_CurrentScope def_%current_scope 
		 3: COPY TYPE_ScopeModule def_%current_module 
		 4: 
		 5: 
		 6: %self->notified_users def_%v_3 %self[2.0,] 	 SYMBOL:	 ARGS:
		 7: %v_3->collect def_%v_4 %v_3[2.6,] 	 SYMBOL:mail,	 ARGS:
		 8: RETURN %v_4[2.7,] %self[2.0,2.6,] 
BB 3
	outgoing: 
	datadep: 
	instructions:

SET IRMethod, name = current_version? instanceMethod = true
BB 1
	outgoing: 3 2 
	datadep: 
	instructions:
BB 2
	outgoing: 3 
	datadep: 
	instructions:
		 0: def_%self 
		 1: def_%v_0 
		 2: COPY TYPE_CurrentScope def_%current_scope 
		 3: COPY TYPE_ScopeModule def_%current_module 
		 4: 
		 5: 
		 6: RETURN %self[2.0,] 
BB 3
	outgoing: 
	datadep: 
	instructions:

SET IRMethod, name = text= instanceMethod = true
BB 1
	outgoing: 20 2 
	datadep: 
	instructions:
BB 2
	outgoing: 3 4 
	datadep: 
	instructions:
		 0: def_%self 
		 1: def_%v_0 
		 2: COPY TYPE_CurrentScope def_%current_scope 
		 3: COPY TYPE_ScopeModule def_%current_module 
		 4: 
		 5: RECEIVEARG def_plain 
		 6: 
		 7: (Setting) def_%v_3 
		 8: %v_3->wiki_compression def_%v_4 %v_3[2.7,] 	 SYMBOL:	 ARGS:
		 9: COPY TYPE_StringLiteral "gzip" def_%v_7 
		 10: def_%v_6 %v_7[2.9,] %v_4[2.8,] 
		 11: BRANCH %v_6[2.10,] 
BB 3
	outgoing: 19 
	datadep: 
	instructions:
		 0: 
		 1: ATTRASSIGN %self->data plain[2.5,] 
		 2: 
		 3: COPY TYPE_StringLiteral "" def_%v_22 
		 4: ATTRASSIGN %self->compression %v_22[3.3,] 
		 5: COPY TYPE_PASS def_%v_5 %v_22[3.3,] 
		 6: 
BB 4
	outgoing: 6 
	datadep: 
	instructions:
		 0: 
		 1: GLOBALVAR $! def_%v_8 
BB 6
	outgoing: 7 8 12 
	datadep: 
	instructions:
		 0: 
		 1: 
		 2: (Zlib) def_%v_11 
		 3: (inherit Deflate) def_%v_12 %v_11[6.2,] 
		 4: %v_12[6.3,] 
BB 7
	outgoing: 8 12 
	datadep: 
	instructions:
		 0: %v_11->const_missing def_%v_12 %v_11[6.2,] 	 SYMBOL:Deflate,	 ARGS:Symbol,
BB 8
	outgoing: 9 10 12 
	datadep: 
	instructions:
		 0: (Zlib) def_%v_13 
		 1: (inherit BEST_COMPRESSION) def_%v_14 %v_13[8.0,] 
		 2: %v_14[8.1,] 
BB 9
	outgoing: 10 12 
	datadep: 
	instructions:
		 0: %v_13->const_missing def_%v_14 %v_13[8.0,] 	 SYMBOL:BEST_COMPRESSION,	 ARGS:Symbol,
BB 10
	outgoing: 11 12 
	datadep: 
	instructions:
		 0: %v_12->deflate def_%v_15 %v_12[7.0,6.3,] plain[2.5,] %v_14[9.0,8.1,] 	 SYMBOL:	 ARGS:plain,%v_14,
		 1: ATTRASSIGN %self->data %v_15[10.0,] 
		 2: 
		 3: COPY TYPE_StringLiteral "gzip" def_%v_16 
		 4: ATTRASSIGN %self->compression %v_16[10.3,] 
		 5: COPY TYPE_PASS def_%v_10 %v_16[10.3,] 
		 6: %v_8[4.1,] 
BB 11
	outgoing: 17 
	datadep: 
	instructions:
		 0: 
BB 12
	outgoing: 13 14 16 
	datadep: 
	instructions:
		 0: def_%v_17 
		 1: def_%v_18 %v_17[12.0,] 
		 2: BRANCH %v_18[12.1,] 
BB 13
	outgoing: 16 20 
	datadep: 
	instructions:
		 0: %v_17[12.0,] 
BB 14
	outgoing: 15 16 
	datadep: 
	instructions:
		 0: 
		 1: ATTRASSIGN %self->data plain[2.5,] 
		 2: 
		 3: COPY TYPE_StringLiteral "" def_%v_19 
		 4: ATTRASSIGN %self->compression %v_19[14.3,] 
		 5: COPY TYPE_PASS def_%v_10 %v_19[14.3,] 
		 6: %v_8[4.1,] 
BB 15
	outgoing: 17 
	datadep: 
	instructions:
		 0: 
BB 16
	outgoing: 20 
	datadep: 
	instructions:
		 0: def_%v_20 
		 1: def_%v_21 %v_20[16.0,] %v_8[4.1,] 
		 2: %v_20[16.0,] 
BB 17
	outgoing: 19 
	datadep: 
	instructions:
		 0: COPY TYPE_PASS def_%v_5 %v_10[10.5,14.5,] 
		 1: 
BB 19
	outgoing: 20 
	datadep: 
	instructions:
		 0: 
		 1: RETURN plain[2.5,] %self[3.1,3.4,2.0,10.1,10.4,14.1,14.4,] 
BB 20
	outgoing: 
	datadep: 
	instructions:

SET IRMethod, name = text instanceMethod = true
BB 1
	outgoing: 13 2 
	datadep: 
	instructions:
BB 2
	outgoing: 3 4 
	datadep: 
	instructions:
		 0: def_%self 
		 1: def_%v_0 
		 2: COPY TYPE_CurrentScope def_%current_scope 
		 3: COPY TYPE_ScopeModule def_%current_module 
		 4: 
		 5: 
		 6: def_%v_4 %self[2.0,] 
		 7: COPY TYPE_PASS def_%v_3 %v_4[2.6,] 
		 8: %v_4[2.6,] 
BB 3
	outgoing: 4 
	datadep: 
	instructions:
		 0: GETFIELD %self->text def_%v_5 %self[2.0,] 
		 1: COPY TYPE_PASS def_%v_3 %v_5[3.0,] 
BB 4
	outgoing: 5 12 
	datadep: 
	instructions:
		 0: BRANCH %v_3[3.1,2.7,] 
BB 5
	outgoing: 6 7 
	datadep: 
	instructions:
		 0: 
		 1: %self->compression def_%v_6 %self[2.0,] 	 SYMBOL:	 ARGS:
		 2: COPY TYPE_StringLiteral "gzip" def_%v_9 
		 3: def_%v_8 %v_9[5.2,] %v_6[5.1,] 
		 4: BRANCH %v_8[5.3,] 
BB 6
	outgoing: 11 
	datadep: 
	instructions:
		 0: 
		 1: %self->data def_%v_14 %self[2.0,] 	 SYMBOL:	 ARGS:
		 2: COPY TYPE_PASS def_%v_7 %v_14[6.1,] 
		 3: 
BB 7
	outgoing: 8 9 
	datadep: 
	instructions:
		 0: 
		 1: (Zlib) def_%v_10 
		 2: (inherit Inflate) def_%v_11 %v_10[7.1,] 
		 3: %v_11[7.2,] 
BB 8
	outgoing: 9 
	datadep: 
	instructions:
		 0: %v_10->const_missing def_%v_11 %v_10[7.1,] 	 SYMBOL:Inflate,	 ARGS:Symbol,
BB 9
	outgoing: 11 
	datadep: 
	instructions:
		 0: %self->data def_%v_12 %self[2.0,] 	 SYMBOL:	 ARGS:
		 1: %v_11->inflate def_%v_13 %v_11[8.0,7.2,] %v_12[9.0,] 	 SYMBOL:	 ARGS:%v_12,
		 2: COPY TYPE_PASS def_%v_7 %v_13[9.1,] 
		 3: 
BB 11
	outgoing: 13 
	datadep: 
	instructions:
		 0: COPY TYPE_PASS def_str %v_7[9.2,6.2,] 
		 1: 
		 2: COPY TYPE_StringLiteral "UTF-8" def_%v_15 
		 3: %v_7->force_encoding def_%v_16 %v_7[9.2,6.2,] %v_15[11.2,] 	 SYMBOL:	 ARGS:%v_15,
		 4: 
		 5: ATTRASSIGN %self->text str[11.0,] 
		 6: RETURN str[11.0,] %self[11.5,2.0,] 
BB 12
	outgoing: 13 
	datadep: 
	instructions:
		 0: RETURN %v_5[3.0,] %self[2.0,] 
BB 13
	outgoing: 
	datadep: 
	instructions:

SET IRMethod, name = project instanceMethod = true
BB 1
	outgoing: 3 2 
	datadep: 
	instructions:
BB 2
	outgoing: 3 
	datadep: 
	instructions:
		 0: def_%self 
		 1: def_%v_0 
		 2: COPY TYPE_CurrentScope def_%current_scope 
		 3: COPY TYPE_ScopeModule def_%current_module 
		 4: 
		 5: 
		 6: %self->page def_%v_3 %self[2.0,] 	 SYMBOL:	 ARGS:
		 7: %v_3->project def_%v_4 %v_3[2.6,] 	 SYMBOL:	 ARGS:
		 8: RETURN %v_4[2.7,] %self[2.0,2.6,] 
BB 3
	outgoing: 
	datadep: 
	instructions:

SET IRMethod, name = attachments instanceMethod = true
BB 1
	outgoing: 6 2 
	datadep: 
	instructions:
BB 2
	outgoing: 3 4 
	datadep: 
	instructions:
		 0: def_%self 
		 1: def_%v_0 
		 2: COPY TYPE_CurrentScope def_%current_scope 
		 3: COPY TYPE_ScopeModule def_%current_module 
		 4: 
		 5: 
		 6: %self->page def_%v_3 %self[2.0,] 	 SYMBOL:	 ARGS:
		 7: %v_3->nil? def_%v_4 %v_3[2.6,] 	 SYMBOL:	 ARGS:
		 8: BRANCH %v_4[2.7,] 
BB 3
	outgoing: 6 
	datadep: 
	instructions:
		 0: COPY TYPE_Array def_%v_5 
		 1: RETURN %v_5[3.0,] %self[2.0,] 
BB 4
	outgoing: 6 
	datadep: 
	instructions:
		 0: %self->page def_%v_6 %self[2.0,] 	 SYMBOL:	 ARGS:
		 1: %v_6->attachments def_%v_7 %v_6[4.0,] 	 SYMBOL:	 ARGS:
		 2: RETURN %v_7[4.1,] %self[4.0,2.0,] 
BB 6
	outgoing: 
	datadep: 
	instructions:

SET IRMethod, name = current_version? instanceMethod = true
BB 1
	outgoing: 3 2 
	datadep: 
	instructions:
BB 2
	outgoing: 3 
	datadep: 
	instructions:
		 0: def_%self 
		 1: def_%v_0 
		 2: COPY TYPE_CurrentScope def_%current_scope 
		 3: COPY TYPE_ScopeModule def_%current_module 
		 4: 
		 5: 
		 6: %self->page def_%v_3 %self[2.0,] 	 SYMBOL:	 ARGS:
		 7: %v_3->content def_%v_4 %v_3[2.6,] 	 SYMBOL:	 ARGS:
		 8: %v_4->version def_%v_5 %v_4[2.7,] 	 SYMBOL:	 ARGS:
		 9: %self->version def_%v_6 %self[2.0,2.6,] 	 SYMBOL:	 ARGS:
		 10: %v_5->== def_%v_7 %v_5[2.8,] %v_6[2.9,] 	 SYMBOL:	 ARGS:%v_6,
		 11: RETURN %v_7[2.10,] %self[2.0,2.6,2.9,] 
BB 3
	outgoing: 
	datadep: 
	instructions:

SET IRMethod, name = previous instanceMethod = true
BB 1
	outgoing: 9 2 
	datadep: 
	instructions:
BB 2
	outgoing: 3 4 
	datadep: 
	instructions:
		 0: def_%self 
		 1: def_%v_0 
		 2: COPY TYPE_CurrentScope def_%current_scope 
		 3: COPY TYPE_ScopeModule def_%current_module 
		 4: 
		 5: 
		 6: def_%v_4 %self[2.0,] 
		 7: COPY TYPE_PASS def_%v_3 %v_4[2.6,] 
		 8: %v_4[2.6,] 
BB 3
	outgoing: 4 
	datadep: 
	instructions:
		 0: GETFIELD %self->previous def_%v_5 %self[2.0,] 
		 1: COPY TYPE_PASS def_%v_3 %v_5[3.0,] 
BB 4
	outgoing: 5 8 
	datadep: 
	instructions:
		 0: BRANCH %v_3[3.1,2.7,] 
BB 5
	outgoing: 6 7 
	datadep: 
	instructions:
		 0: (WikiContent) def_%v_6 
		 1: (inherit Version) def_%v_7 %v_6[5.0,] 
		 2: %v_7[5.1,] 
BB 6
	outgoing: 7 
	datadep: 
	instructions:
		 0: %v_6->const_missing def_%v_7 %v_6[5.0,] 	 SYMBOL:Version,	 ARGS:Symbol,
BB 7
	outgoing: 9 
	datadep: 
	instructions:
		 0: COPY TYPE_StringLiteral "version DESC" def_%v_8 
		 1: %v_7->reorder def_%v_9 %v_7[6.0,5.1,] %v_8[7.0,] 	 SYMBOL:	 ARGS:%v_8,
		 2: %v_9->includes def_%v_10 %v_9[7.1,] 	 SYMBOL:author,	 ARGS:Symbol,
		 3: COPY TYPE_StringLiteral "wiki_content_id = ? AND version < ?" def_%v_11 
		 4: %self->wiki_content_id def_%v_12 %self[2.0,] 	 SYMBOL:	 ARGS:
		 5: %self->version def_%v_13 %self[7.4,2.0,] 	 SYMBOL:	 ARGS:
		 6: %v_10->where def_%v_14 %v_10[7.2,] %v_11[7.3,] %v_12[7.4,] %v_13[7.5,] 	 SYMBOL:	 ARGS:%v_11,%v_12,%v_13,
		 7: %v_14->first def_%v_15 %v_14[7.6,] 	 SYMBOL:	 ARGS:
		 8: ATTRASSIGN %self->previous %v_15[7.7,] 
		 9: RETURN %v_15[7.7,] %self[7.4,7.5,7.8,2.0,] 
BB 8
	outgoing: 9 
	datadep: 
	instructions:
		 0: RETURN %v_5[3.0,] %self[2.0,] 
BB 9
	outgoing: 
	datadep: 
	instructions:

SET IRMethod, name = next instanceMethod = true
BB 1
	outgoing: 9 2 
	datadep: 
	instructions:
BB 2
	outgoing: 3 4 
	datadep: 
	instructions:
		 0: def_%self 
		 1: def_%v_0 
		 2: COPY TYPE_CurrentScope def_%current_scope 
		 3: COPY TYPE_ScopeModule def_%current_module 
		 4: 
		 5: 
		 6: def_%v_4 %self[2.0,] 
		 7: COPY TYPE_PASS def_%v_3 %v_4[2.6,] 
		 8: %v_4[2.6,] 
BB 3
	outgoing: 4 
	datadep: 
	instructions:
		 0: GETFIELD %self->next def_%v_5 %self[2.0,] 
		 1: COPY TYPE_PASS def_%v_3 %v_5[3.0,] 
BB 4
	outgoing: 5 8 
	datadep: 
	instructions:
		 0: BRANCH %v_3[3.1,2.7,] 
BB 5
	outgoing: 6 7 
	datadep: 
	instructions:
		 0: (WikiContent) def_%v_6 
		 1: (inherit Version) def_%v_7 %v_6[5.0,] 
		 2: %v_7[5.1,] 
BB 6
	outgoing: 7 
	datadep: 
	instructions:
		 0: %v_6->const_missing def_%v_7 %v_6[5.0,] 	 SYMBOL:Version,	 ARGS:Symbol,
BB 7
	outgoing: 9 
	datadep: 
	instructions:
		 0: COPY TYPE_StringLiteral "version ASC" def_%v_8 
		 1: %v_7->reorder def_%v_9 %v_7[6.0,5.1,] %v_8[7.0,] 	 SYMBOL:	 ARGS:%v_8,
		 2: %v_9->includes def_%v_10 %v_9[7.1,] 	 SYMBOL:author,	 ARGS:Symbol,
		 3: COPY TYPE_StringLiteral "wiki_content_id = ? AND version > ?" def_%v_11 
		 4: %self->wiki_content_id def_%v_12 %self[2.0,] 	 SYMBOL:	 ARGS:
		 5: %self->version def_%v_13 %self[7.4,2.0,] 	 SYMBOL:	 ARGS:
		 6: %v_10->where def_%v_14 %v_10[7.2,] %v_11[7.3,] %v_12[7.4,] %v_13[7.5,] 	 SYMBOL:	 ARGS:%v_11,%v_12,%v_13,
		 7: %v_14->first def_%v_15 %v_14[7.6,] 	 SYMBOL:	 ARGS:
		 8: ATTRASSIGN %self->next %v_15[7.7,] 
		 9: RETURN %v_15[7.7,] %self[7.4,7.5,7.8,2.0,] 
BB 8
	outgoing: 9 
	datadep: 
	instructions:
		 0: RETURN %v_5[3.0,] %self[2.0,] 
BB 9
	outgoing: 
	datadep: 
	instructions:

SET IRMethod, name = page_update_after_destroy instanceMethod = true
BB 1
	outgoing: 21 2 
	datadep: 
	instructions:
BB 2
	outgoing: 3 4 
	datadep: 
	instructions:
		 0: def_%self 
		 1: def_%v_0 
		 2: COPY TYPE_CurrentScope def_%current_scope 
		 3: COPY TYPE_ScopeModule def_%current_module 
		 4: 
		 5: 
		 6: %self->page def_%v_3 %self[2.0,] 	 SYMBOL:	 ARGS:
		 7: %v_3->content def_%v_4 %v_3[2.6,] 	 SYMBOL:	 ARGS:
		 8: %v_4->versions def_%v_5 %v_4[2.7,] 	 SYMBOL:	 ARGS:
		 9: %self->class def_%v_6 %self[2.0,2.6,] 	 SYMBOL:	 ARGS:
		 10: %v_6->table_name def_%v_7 %v_6[2.9,] 	 SYMBOL:	 ARGS:
		 11: COPY TYPE_StringLiteral ".version DESC" def_%v_8 
		 12: BUILDSTRING def_%v_9 %v_7[2.10,] %v_8[2.11,] 
		 13: %v_5->reorder def_%v_10 %v_5[2.8,] %v_9[2.12,] 	 SYMBOL:	 ARGS:%v_9,
		 14: %v_10->first def_%v_11 %v_10[2.13,] 	 SYMBOL:	 ARGS:
		 15: COPY TYPE_PASS def_latest %v_11[2.14,] 
		 16: 
		 17: COPY TYPE_PASS def_%v_12 %v_11[2.14,] 
		 18: BRANCH %v_11[2.14,] 
BB 3
	outgoing: 4 
	datadep: 
	instructions:
		 0: %self->page def_%v_13 %self[2.0,] 	 SYMBOL:	 ARGS:
		 1: %v_13->content def_%v_14 %v_13[3.0,] 	 SYMBOL:	 ARGS:
		 2: %v_14->version def_%v_15 %v_14[3.1,] 	 SYMBOL:	 ARGS:
		 3: latest->version def_%v_16 latest[2.15,] 	 SYMBOL:	 ARGS:
		 4: %v_15->!= def_%v_17 %v_15[3.2,] %v_16[3.3,] 	 SYMBOL:	 ARGS:%v_16,
		 5: COPY TYPE_PASS def_%v_12 %v_17[3.4,] 
BB 4
	outgoing: 5 11 
	datadep: 
	instructions:
		 0: BRANCH %v_12[3.5,2.17,] 
BB 5
	outgoing: 6 7 
	datadep: 
	instructions:
		 0: 
		 1: %self->page def_%v_18 %self[2.0,] 	 SYMBOL:	 ARGS:
		 2: %v_18->content def_%v_19 %v_18[5.1,] 	 SYMBOL:	 ARGS:
		 3: %v_19->revert_to! def_%v_20 %v_19[5.2,] latest[2.15,] 	 SYMBOL:	 ARGS:latest,
		 4: BRANCH %v_20[5.3,] 
BB 6
	outgoing: 10 
	datadep: 
	instructions:
		 0: COPY TYPE_Nil def_%v_21 
		 1: 
BB 7
	outgoing: 8 9 
	datadep: 
	instructions:
		 0: (ActiveRecord) def_%v_22 
		 1: (inherit Rollback) def_%v_23 %v_22[7.0,] 
		 2: %v_23[7.1,] 
BB 8
	outgoing: 9 
	datadep: 
	instructions:
		 0: %v_22->const_missing def_%v_23 %v_22[7.0,] 	 SYMBOL:Rollback,	 ARGS:Symbol,
BB 9
	outgoing: 10 
	datadep: 
	instructions:
		 0: %self->raise def_%v_24 %self[2.0,] %v_23[8.0,7.1,] 	 SYMBOL:	 ARGS:%v_23,
		 1: COPY TYPE_PASS def_%v_21 %v_24[9.0,] 
BB 10
	outgoing: 21 
	datadep: 
	instructions:
		 0: RETURN %v_21[9.1,6.0,] %self[2.0,] 
BB 11
	outgoing: 12 18 
	datadep: 
	instructions:
		 0: 
		 1: latest->nil? def_%v_25 latest[2.15,] 	 SYMBOL:	 ARGS:
		 2: BRANCH %v_25[11.1,] 
BB 12
	outgoing: 13 14 
	datadep: 
	instructions:
		 0: 
		 1: %self->page def_%v_26 %self[2.0,] 	 SYMBOL:	 ARGS:
		 2: %v_26->destroy def_%v_27 %v_26[12.1,] 	 SYMBOL:	 ARGS:
		 3: BRANCH %v_27[12.2,] 
BB 13
	outgoing: 17 
	datadep: 
	instructions:
		 0: COPY TYPE_Nil def_%v_28 
		 1: 
BB 14
	outgoing: 15 16 
	datadep: 
	instructions:
		 0: (ActiveRecord) def_%v_29 
		 1: (inherit Rollback) def_%v_30 %v_29[14.0,] 
		 2: %v_30[14.1,] 
BB 15
	outgoing: 16 
	datadep: 
	instructions:
		 0: %v_29->const_missing def_%v_30 %v_29[14.0,] 	 SYMBOL:Rollback,	 ARGS:Symbol,
BB 16
	outgoing: 17 
	datadep: 
	instructions:
		 0: %self->raise def_%v_31 %self[2.0,] %v_30[15.0,14.1,] 	 SYMBOL:	 ARGS:%v_30,
		 1: COPY TYPE_PASS def_%v_28 %v_31[16.0,] 
BB 17
	outgoing: 19 
	datadep: 
	instructions:
		 0: 
BB 18
	outgoing: 19 
	datadep: 
	instructions:
		 0: COPY TYPE_Nil def_%v_28 
BB 19
	outgoing: 21 
	datadep: 
	instructions:
		 0: RETURN %v_28[18.0,16.1,13.0,] %self[2.0,] 
BB 21
	outgoing: 
	datadep: 
	instructions:

SET IRMethod, name = send_notification instanceMethod = true
BB 1
	outgoing: 15 2 
	datadep: 
	instructions:
BB 2
	outgoing: 3 7 
	datadep: 
	instructions:
		 0: def_%self 
		 1: def_%v_0 
		 2: COPY TYPE_CurrentScope def_%current_scope 
		 3: COPY TYPE_ScopeModule def_%current_module 
		 4: 
		 5: 
		 6: %self->id_changed? def_%v_3 %self[2.0,] 	 SYMBOL:	 ARGS:
		 7: BRANCH %v_3[2.6,] 
BB 3
	outgoing: 4 5 
	datadep: 
	instructions:
		 0: 
		 1: (Setting) def_%v_4 
		 2: %v_4->notified_events def_%v_5 %v_4[3.1,] 	 SYMBOL:	 ARGS:
		 3: COPY TYPE_StringLiteral "wiki_content_added" def_%v_6 
		 4: %v_5->include? def_%v_7 %v_5[3.2,] %v_6[3.3,] 	 SYMBOL:	 ARGS:%v_6,
		 5: BRANCH %v_7[3.4,] 
BB 4
	outgoing: 6 
	datadep: 
	instructions:
		 0: 
		 1: (Mailer) def_%v_8 
		 2: %v_8->wiki_content_added def_%v_9 %v_8[4.1,] %self[2.0,] 	 SYMBOL:	 ARGS:%self,
		 3: %v_9->deliver def_%v_10 %v_9[4.2,] 	 SYMBOL:	 ARGS:
		 4: 
BB 5
	outgoing: 6 
	datadep: 
	instructions:
		 0: COPY TYPE_Nil def_%v_10 
BB 6
	outgoing: 15 
	datadep: 
	instructions:
		 0: RETURN %v_10[5.0,4.3,] %self[2.0,] 
BB 7
	outgoing: 8 12 
	datadep: 
	instructions:
		 0: 
		 1: %self->text_changed? def_%v_11 %self[2.0,] 	 SYMBOL:	 ARGS:
		 2: BRANCH %v_11[7.1,] 
BB 8
	outgoing: 9 10 
	datadep: 
	instructions:
		 0: 
		 1: (Setting) def_%v_12 
		 2: %v_12->notified_events def_%v_13 %v_12[8.1,] 	 SYMBOL:	 ARGS:
		 3: COPY TYPE_StringLiteral "wiki_content_updated" def_%v_14 
		 4: %v_13->include? def_%v_15 %v_13[8.2,] %v_14[8.3,] 	 SYMBOL:	 ARGS:%v_14,
		 5: BRANCH %v_15[8.4,] 
BB 9
	outgoing: 11 
	datadep: 
	instructions:
		 0: 
		 1: (Mailer) def_%v_16 
		 2: %v_16->wiki_content_updated def_%v_17 %v_16[9.1,] %self[2.0,] 	 SYMBOL:	 ARGS:%self,
		 3: %v_17->deliver def_%v_18 %v_17[9.2,] 	 SYMBOL:	 ARGS:
		 4: 
BB 10
	outgoing: 11 
	datadep: 
	instructions:
		 0: COPY TYPE_Nil def_%v_18 
BB 11
	outgoing: 13 
	datadep: 
	instructions:
		 0: 
BB 12
	outgoing: 13 
	datadep: 
	instructions:
		 0: COPY TYPE_Nil def_%v_18 
BB 13
	outgoing: 15 
	datadep: 
	instructions:
		 0: RETURN %v_18[12.0,10.0,9.3,] %self[2.0,] 
BB 15
	outgoing: 
	datadep: 
	instructions:

