SET IRMethod, name = target_page instanceMethod = true
BB 1
	outgoing: 6 2 
	datadep: 
	instructions:
BB 2
	outgoing: 3 4 
	datadep: 
	instructions:
		 0: def_%self 
		 1: def_%v_0 
		 2: COPY TYPE_CurrentScope def_%current_scope 
		 3: COPY TYPE_ScopeModule def_%current_module 
		 4: 
		 5: 
		 6: (Wiki) def_%v_3 
		 7: %self->redirects_to_wiki_id def_%v_4 %self[2.0,] 	 SYMBOL:	 ARGS:
		 8: %v_3->find_by_id def_%v_5 %v_3[2.6,] %v_4[2.7,] 	 SYMBOL:	 ARGS:%v_4,
		 9: COPY TYPE_PASS def_wiki %v_5[2.8,] 
		 10: 
		 11: BRANCH %v_5[2.8,] 
BB 3
	outgoing: 6 
	datadep: 
	instructions:
		 0: 
		 1: %self->redirects_to def_%v_6 %self[2.0,] 	 SYMBOL:	 ARGS:
		 2: HASH-with_redirect- def_%v_7 
		 3: wiki->find_page def_%v_8 wiki[2.9,] %v_6[3.1,] %v_7[3.2,] 	 SYMBOL:	 ARGS:%v_6,%v_7,
		 4: RETURN %v_8[3.3,] %self[3.1,2.0,] 
BB 4
	outgoing: 6 
	datadep: 
	instructions:
		 0: RETURN %self[2.0,] 
BB 6
	outgoing: 
	datadep: 
	instructions:

SET IRMethod, name = set_redirects_to_wiki_id instanceMethod = true
BB 1
	outgoing: 5 2 
	datadep: 
	instructions:
BB 2
	outgoing: 3 4 
	datadep: 
	instructions:
		 0: def_%self 
		 1: def_%v_0 
		 2: COPY TYPE_CurrentScope def_%current_scope 
		 3: COPY TYPE_ScopeModule def_%current_module 
		 4: 
		 5: 
		 6: %self->redirects_to_wiki_id def_%v_3 %self[2.0,] 	 SYMBOL:	 ARGS:
		 7: BRANCH %v_3[2.6,] 
BB 3
	outgoing: 5 
	datadep: 
	instructions:
		 0: %self->wiki_id def_%v_5 %self[2.0,] 	 SYMBOL:	 ARGS:
		 1: %self->redirects_to_wiki_id= def_%v_4 %v_5[3.0,] 	 SYMBOL:	 ARGS:%v_5,
		 2: RETURN %v_5[3.0,] %self[3.0,3.1,2.0,] 
BB 4
	outgoing: 5 
	datadep: 
	instructions:
		 0: RETURN %v_3[2.6,] %self[2.0,] 
BB 5
	outgoing: 
	datadep: 
	instructions:

