SET IRMethod, name = create_setup_billing_agreement instanceMethod = true
BB 1
	outgoing: 3 2 
	datadep: 
	instructions:
BB 2
	outgoing: 3 
	datadep: 
	instructions:
		 0: def_%self 
		 1: def_%v_0 
		 2: COPY TYPE_CurrentScope def_%current_scope 
		 3: COPY TYPE_ScopeModule def_%current_module 
		 4: 
		 5: RECEIVEARG def_opts 
		 6: 
		 7: (SetupBillingAgreement) def_%v_3 
		 8: %v_3->call def_%v_4 %v_3[2.7,] opts[2.5,] 	 SYMBOL:	 ARGS:opts,
		 9: RETURN %v_4[2.8,] %self[2.0,] 
BB 3
	outgoing: 
	datadep: 
	instructions:

SET IRMethod, name = create_setup_billing_agreement_response instanceMethod = true
BB 1
	outgoing: 3 2 
	datadep: 
	instructions:
BB 2
	outgoing: 3 
	datadep: 
	instructions:
		 0: def_%self 
		 1: def_%v_0 
		 2: COPY TYPE_CurrentScope def_%current_scope 
		 3: COPY TYPE_ScopeModule def_%current_module 
		 4: 
		 5: RECEIVEARG def_opts 
		 6: 
		 7: (SetupBillingAgreementResponse) def_%v_3 
		 8: %v_3->call def_%v_4 %v_3[2.7,] opts[2.5,] 	 SYMBOL:	 ARGS:opts,
		 9: RETURN %v_4[2.8,] %self[2.0,] 
BB 3
	outgoing: 
	datadep: 
	instructions:

SET IRMethod, name = create_create_billing_agreement instanceMethod = true
BB 1
	outgoing: 3 2 
	datadep: 
	instructions:
BB 2
	outgoing: 3 
	datadep: 
	instructions:
		 0: def_%self 
		 1: def_%v_0 
		 2: COPY TYPE_CurrentScope def_%current_scope 
		 3: COPY TYPE_ScopeModule def_%current_module 
		 4: 
		 5: RECEIVEARG def_opts 
		 6: 
		 7: (CreateBillingAgreement) def_%v_3 
		 8: %v_3->call def_%v_4 %v_3[2.7,] opts[2.5,] 	 SYMBOL:	 ARGS:opts,
		 9: RETURN %v_4[2.8,] %self[2.0,] 
BB 3
	outgoing: 
	datadep: 
	instructions:

SET IRMethod, name = create_create_billing_agreement_response instanceMethod = true
BB 1
	outgoing: 3 2 
	datadep: 
	instructions:
BB 2
	outgoing: 3 
	datadep: 
	instructions:
		 0: def_%self 
		 1: def_%v_0 
		 2: COPY TYPE_CurrentScope def_%current_scope 
		 3: COPY TYPE_ScopeModule def_%current_module 
		 4: 
		 5: RECEIVEARG def_opts 
		 6: 
		 7: (CreateBillingAgreementResponse) def_%v_3 
		 8: %v_3->call def_%v_4 %v_3[2.7,] opts[2.5,] 	 SYMBOL:	 ARGS:opts,
		 9: RETURN %v_4[2.8,] %self[2.0,] 
BB 3
	outgoing: 
	datadep: 
	instructions:

SET IRMethod, name = create_do_reference_transaction instanceMethod = true
BB 1
	outgoing: 3 2 
	datadep: 
	instructions:
BB 2
	outgoing: 3 
	datadep: 
	instructions:
		 0: def_%self 
		 1: def_%v_0 
		 2: COPY TYPE_CurrentScope def_%current_scope 
		 3: COPY TYPE_ScopeModule def_%current_module 
		 4: 
		 5: RECEIVEARG def_opts 
		 6: 
		 7: (DoReferenceTransaction) def_%v_3 
		 8: %v_3->call def_%v_4 %v_3[2.7,] opts[2.5,] 	 SYMBOL:	 ARGS:opts,
		 9: RETURN %v_4[2.8,] %self[2.0,] 
BB 3
	outgoing: 
	datadep: 
	instructions:

SET IRMethod, name = create_do_reference_transaction_response instanceMethod = true
BB 1
	outgoing: 3 2 
	datadep: 
	instructions:
BB 2
	outgoing: 3 
	datadep: 
	instructions:
		 0: def_%self 
		 1: def_%v_0 
		 2: COPY TYPE_CurrentScope def_%current_scope 
		 3: COPY TYPE_ScopeModule def_%current_module 
		 4: 
		 5: RECEIVEARG def_opts 
		 6: 
		 7: (DoReferenceTransactionResponse) def_%v_3 
		 8: %v_3->call def_%v_4 %v_3[2.7,] opts[2.5,] 	 SYMBOL:	 ARGS:opts,
		 9: RETURN %v_4[2.8,] %self[2.0,] 
BB 3
	outgoing: 
	datadep: 
	instructions:

SET IRMethod, name = create_get_express_checkout_details instanceMethod = true
BB 1
	outgoing: 3 2 
	datadep: 
	instructions:
BB 2
	outgoing: 3 
	datadep: 
	instructions:
		 0: def_%self 
		 1: def_%v_0 
		 2: COPY TYPE_CurrentScope def_%current_scope 
		 3: COPY TYPE_ScopeModule def_%current_module 
		 4: 
		 5: RECEIVEARG def_opts 
		 6: 
		 7: (GetExpressCheckoutDetails) def_%v_3 
		 8: %v_3->call def_%v_4 %v_3[2.7,] opts[2.5,] 	 SYMBOL:	 ARGS:opts,
		 9: RETURN %v_4[2.8,] %self[2.0,] 
BB 3
	outgoing: 
	datadep: 
	instructions:

SET IRMethod, name = create_get_express_checkout_details_response instanceMethod = true
BB 1
	outgoing: 3 2 
	datadep: 
	instructions:
BB 2
	outgoing: 3 
	datadep: 
	instructions:
		 0: def_%self 
		 1: def_%v_0 
		 2: COPY TYPE_CurrentScope def_%current_scope 
		 3: COPY TYPE_ScopeModule def_%current_module 
		 4: 
		 5: RECEIVEARG def_opts 
		 6: 
		 7: (GetExpressCheckoutDetailsResponse) def_%v_3 
		 8: %v_3->call def_%v_4 %v_3[2.7,] opts[2.5,] 	 SYMBOL:	 ARGS:opts,
		 9: RETURN %v_4[2.8,] %self[2.0,] 
BB 3
	outgoing: 
	datadep: 
	instructions:

SET IRMethod, name = create_set_express_checkout_order instanceMethod = true
BB 1
	outgoing: 3 2 
	datadep: 
	instructions:
BB 2
	outgoing: 3 
	datadep: 
	instructions:
		 0: def_%self 
		 1: def_%v_0 
		 2: COPY TYPE_CurrentScope def_%current_scope 
		 3: COPY TYPE_ScopeModule def_%current_module 
		 4: 
		 5: RECEIVEARG def_opts 
		 6: 
		 7: (SetExpressCheckoutOrder) def_%v_3 
		 8: %v_3->call def_%v_4 %v_3[2.7,] opts[2.5,] 	 SYMBOL:	 ARGS:opts,
		 9: RETURN %v_4[2.8,] %self[2.0,] 
BB 3
	outgoing: 
	datadep: 
	instructions:

SET IRMethod, name = create_set_express_checkout_order_response instanceMethod = true
BB 1
	outgoing: 3 2 
	datadep: 
	instructions:
BB 2
	outgoing: 3 
	datadep: 
	instructions:
		 0: def_%self 
		 1: def_%v_0 
		 2: COPY TYPE_CurrentScope def_%current_scope 
		 3: COPY TYPE_ScopeModule def_%current_module 
		 4: 
		 5: RECEIVEARG def_opts 
		 6: 
		 7: (SetExpressCheckoutOrderResponse) def_%v_3 
		 8: %v_3->call def_%v_4 %v_3[2.7,] opts[2.5,] 	 SYMBOL:	 ARGS:opts,
		 9: RETURN %v_4[2.8,] %self[2.0,] 
BB 3
	outgoing: 
	datadep: 
	instructions:

SET IRMethod, name = create_set_express_checkout_authorization instanceMethod = true
BB 1
	outgoing: 3 2 
	datadep: 
	instructions:
BB 2
	outgoing: 3 
	datadep: 
	instructions:
		 0: def_%self 
		 1: def_%v_0 
		 2: COPY TYPE_CurrentScope def_%current_scope 
		 3: COPY TYPE_ScopeModule def_%current_module 
		 4: 
		 5: RECEIVEARG def_opts 
		 6: 
		 7: (SetExpressCheckoutAuthorization) def_%v_3 
		 8: %v_3->call def_%v_4 %v_3[2.7,] opts[2.5,] 	 SYMBOL:	 ARGS:opts,
		 9: RETURN %v_4[2.8,] %self[2.0,] 
BB 3
	outgoing: 
	datadep: 
	instructions:

SET IRMethod, name = create_set_express_checkout_authorization_response instanceMethod = true
BB 1
	outgoing: 3 2 
	datadep: 
	instructions:
BB 2
	outgoing: 3 
	datadep: 
	instructions:
		 0: def_%self 
		 1: def_%v_0 
		 2: COPY TYPE_CurrentScope def_%current_scope 
		 3: COPY TYPE_ScopeModule def_%current_module 
		 4: 
		 5: RECEIVEARG def_opts 
		 6: 
		 7: (SetExpressCheckoutAuthorizationResponse) def_%v_3 
		 8: %v_3->call def_%v_4 %v_3[2.7,] opts[2.5,] 	 SYMBOL:	 ARGS:opts,
		 9: RETURN %v_4[2.8,] %self[2.0,] 
BB 3
	outgoing: 
	datadep: 
	instructions:

SET IRMethod, name = create_do_express_checkout_payment instanceMethod = true
BB 1
	outgoing: 3 2 
	datadep: 
	instructions:
BB 2
	outgoing: 3 
	datadep: 
	instructions:
		 0: def_%self 
		 1: def_%v_0 
		 2: COPY TYPE_CurrentScope def_%current_scope 
		 3: COPY TYPE_ScopeModule def_%current_module 
		 4: 
		 5: RECEIVEARG def_opts 
		 6: 
		 7: (DoExpressCheckoutPayment) def_%v_3 
		 8: %v_3->call def_%v_4 %v_3[2.7,] opts[2.5,] 	 SYMBOL:	 ARGS:opts,
		 9: RETURN %v_4[2.8,] %self[2.0,] 
BB 3
	outgoing: 
	datadep: 
	instructions:

SET IRMethod, name = create_do_express_checkout_payment_response instanceMethod = true
BB 1
	outgoing: 3 2 
	datadep: 
	instructions:
BB 2
	outgoing: 3 
	datadep: 
	instructions:
		 0: def_%self 
		 1: def_%v_0 
		 2: COPY TYPE_CurrentScope def_%current_scope 
		 3: COPY TYPE_ScopeModule def_%current_module 
		 4: 
		 5: RECEIVEARG def_opts 
		 6: 
		 7: (DoExpressCheckoutPaymentResponse) def_%v_3 
		 8: %v_3->call def_%v_4 %v_3[2.7,] opts[2.5,] 	 SYMBOL:	 ARGS:opts,
		 9: RETURN %v_4[2.8,] %self[2.0,] 
BB 3
	outgoing: 
	datadep: 
	instructions:

SET IRMethod, name = create_do_authorization instanceMethod = true
BB 1
	outgoing: 3 2 
	datadep: 
	instructions:
BB 2
	outgoing: 3 
	datadep: 
	instructions:
		 0: def_%self 
		 1: def_%v_0 
		 2: COPY TYPE_CurrentScope def_%current_scope 
		 3: COPY TYPE_ScopeModule def_%current_module 
		 4: 
		 5: RECEIVEARG def_opts 
		 6: 
		 7: (DoAuthorization) def_%v_3 
		 8: %v_3->call def_%v_4 %v_3[2.7,] opts[2.5,] 	 SYMBOL:	 ARGS:opts,
		 9: RETURN %v_4[2.8,] %self[2.0,] 
BB 3
	outgoing: 
	datadep: 
	instructions:

SET IRMethod, name = create_do_authorization_response instanceMethod = true
BB 1
	outgoing: 3 2 
	datadep: 
	instructions:
BB 2
	outgoing: 3 
	datadep: 
	instructions:
		 0: def_%self 
		 1: def_%v_0 
		 2: COPY TYPE_CurrentScope def_%current_scope 
		 3: COPY TYPE_ScopeModule def_%current_module 
		 4: 
		 5: RECEIVEARG def_opts 
		 6: 
		 7: (DoAuthorizationResponse) def_%v_3 
		 8: %v_3->call def_%v_4 %v_3[2.7,] opts[2.5,] 	 SYMBOL:	 ARGS:opts,
		 9: RETURN %v_4[2.8,] %self[2.0,] 
BB 3
	outgoing: 
	datadep: 
	instructions:

SET IRMethod, name = create_do_full_capture instanceMethod = true
BB 1
	outgoing: 3 2 
	datadep: 
	instructions:
BB 2
	outgoing: 3 
	datadep: 
	instructions:
		 0: def_%self 
		 1: def_%v_0 
		 2: COPY TYPE_CurrentScope def_%current_scope 
		 3: COPY TYPE_ScopeModule def_%current_module 
		 4: 
		 5: RECEIVEARG def_opts 
		 6: 
		 7: (DoFullCapture) def_%v_3 
		 8: %v_3->call def_%v_4 %v_3[2.7,] opts[2.5,] 	 SYMBOL:	 ARGS:opts,
		 9: RETURN %v_4[2.8,] %self[2.0,] 
BB 3
	outgoing: 
	datadep: 
	instructions:

SET IRMethod, name = create_do_full_capture_response instanceMethod = true
BB 1
	outgoing: 3 2 
	datadep: 
	instructions:
BB 2
	outgoing: 3 
	datadep: 
	instructions:
		 0: def_%self 
		 1: def_%v_0 
		 2: COPY TYPE_CurrentScope def_%current_scope 
		 3: COPY TYPE_ScopeModule def_%current_module 
		 4: 
		 5: RECEIVEARG def_opts 
		 6: 
		 7: (DoFullCaptureResponse) def_%v_3 
		 8: %v_3->call def_%v_4 %v_3[2.7,] opts[2.5,] 	 SYMBOL:	 ARGS:opts,
		 9: RETURN %v_4[2.8,] %self[2.0,] 
BB 3
	outgoing: 
	datadep: 
	instructions:

SET IRMethod, name = create_do_void instanceMethod = true
BB 1
	outgoing: 3 2 
	datadep: 
	instructions:
BB 2
	outgoing: 3 
	datadep: 
	instructions:
		 0: def_%self 
		 1: def_%v_0 
		 2: COPY TYPE_CurrentScope def_%current_scope 
		 3: COPY TYPE_ScopeModule def_%current_module 
		 4: 
		 5: RECEIVEARG def_opts 
		 6: 
		 7: (DoVoid) def_%v_3 
		 8: %v_3->call def_%v_4 %v_3[2.7,] opts[2.5,] 	 SYMBOL:	 ARGS:opts,
		 9: RETURN %v_4[2.8,] %self[2.0,] 
BB 3
	outgoing: 
	datadep: 
	instructions:

SET IRMethod, name = create_do_void_response instanceMethod = true
BB 1
	outgoing: 3 2 
	datadep: 
	instructions:
BB 2
	outgoing: 3 
	datadep: 
	instructions:
		 0: def_%self 
		 1: def_%v_0 
		 2: COPY TYPE_CurrentScope def_%current_scope 
		 3: COPY TYPE_ScopeModule def_%current_module 
		 4: 
		 5: RECEIVEARG def_opts 
		 6: 
		 7: (DoVoidResponse) def_%v_3 
		 8: %v_3->call def_%v_4 %v_3[2.7,] opts[2.5,] 	 SYMBOL:	 ARGS:opts,
		 9: RETURN %v_4[2.8,] %self[2.0,] 
BB 3
	outgoing: 
	datadep: 
	instructions:

SET IRMethod, name = create_refund_transaction instanceMethod = true
BB 1
	outgoing: 3 2 
	datadep: 
	instructions:
BB 2
	outgoing: 3 
	datadep: 
	instructions:
		 0: def_%self 
		 1: def_%v_0 
		 2: COPY TYPE_CurrentScope def_%current_scope 
		 3: COPY TYPE_ScopeModule def_%current_module 
		 4: 
		 5: RECEIVEARG def_opts 
		 6: 
		 7: (RefundTransaction) def_%v_3 
		 8: %v_3->call def_%v_4 %v_3[2.7,] opts[2.5,] 	 SYMBOL:	 ARGS:opts,
		 9: RETURN %v_4[2.8,] %self[2.0,] 
BB 3
	outgoing: 
	datadep: 
	instructions:

SET IRMethod, name = create_refund_transaction_response instanceMethod = true
BB 1
	outgoing: 3 2 
	datadep: 
	instructions:
BB 2
	outgoing: 3 
	datadep: 
	instructions:
		 0: def_%self 
		 1: def_%v_0 
		 2: COPY TYPE_CurrentScope def_%current_scope 
		 3: COPY TYPE_ScopeModule def_%current_module 
		 4: 
		 5: RECEIVEARG def_opts 
		 6: 
		 7: (RefundTransactionResponse) def_%v_3 
		 8: %v_3->call def_%v_4 %v_3[2.7,] opts[2.5,] 	 SYMBOL:	 ARGS:opts,
		 9: RETURN %v_4[2.8,] %self[2.0,] 
BB 3
	outgoing: 
	datadep: 
	instructions:

SET IRMethod, name = create_get_transaction_details instanceMethod = true
BB 1
	outgoing: 3 2 
	datadep: 
	instructions:
BB 2
	outgoing: 3 
	datadep: 
	instructions:
		 0: def_%self 
		 1: def_%v_0 
		 2: COPY TYPE_CurrentScope def_%current_scope 
		 3: COPY TYPE_ScopeModule def_%current_module 
		 4: 
		 5: RECEIVEARG def_opts 
		 6: 
		 7: (GetTransactionDetails) def_%v_3 
		 8: %v_3->call def_%v_4 %v_3[2.7,] opts[2.5,] 	 SYMBOL:	 ARGS:opts,
		 9: RETURN %v_4[2.8,] %self[2.0,] 
BB 3
	outgoing: 
	datadep: 
	instructions:

SET IRMethod, name = create_get_transaction_details_response instanceMethod = true
BB 1
	outgoing: 3 2 
	datadep: 
	instructions:
BB 2
	outgoing: 3 
	datadep: 
	instructions:
		 0: def_%self 
		 1: def_%v_0 
		 2: COPY TYPE_CurrentScope def_%current_scope 
		 3: COPY TYPE_ScopeModule def_%current_module 
		 4: 
		 5: RECEIVEARG def_opts 
		 6: 
		 7: (GetTransactionDetailsResponse) def_%v_3 
		 8: %v_3->call def_%v_4 %v_3[2.7,] opts[2.5,] 	 SYMBOL:	 ARGS:opts,
		 9: RETURN %v_4[2.8,] %self[2.0,] 
BB 3
	outgoing: 
	datadep: 
	instructions:

