SET IRMethod, name = done instanceMethod = false
BB 1
	outgoing: 3 2 
	datadep: 
	instructions:
BB 2
	outgoing: 3 
	datadep: 
	instructions:
		 0: def_%self 
		 1: def_%v_0 
		 2: COPY TYPE_CurrentScope def_%current_scope 
		 3: COPY TYPE_ScopeModule def_%current_module 
		 4: 
		 5: 
		 6: HASH-state- def_%v_3 
		 7: %self->where def_%v_4 %self[2.0,] %v_3[2.6,] 	 SYMBOL:	 ARGS:%v_3,
		 8: RETURN %v_4[2.7,] %self[2.0,2.7,] 
BB 3
	outgoing: 
	datadep: 
	instructions:

SET IRMethod, name = in_progress instanceMethod = false
BB 1
	outgoing: 3 2 
	datadep: 
	instructions:
BB 2
	outgoing: 3 
	datadep: 
	instructions:
		 0: def_%self 
		 1: def_%v_0 
		 2: COPY TYPE_CurrentScope def_%current_scope 
		 3: COPY TYPE_ScopeModule def_%current_module 
		 4: 
		 5: 
		 6: COPY TYPE_Array def_%v_3 
		 7: HASH-state- def_%v_4 %v_3[2.6,] 
		 8: %self->where def_%v_5 %self[2.0,] %v_4[2.7,] 	 SYMBOL:	 ARGS:%v_4,
		 9: RETURN %v_5[2.8,] %self[2.0,2.8,] 
BB 3
	outgoing: 
	datadep: 
	instructions:

SET IRMethod, name = backlog instanceMethod = false
BB 1
	outgoing: 3 2 
	datadep: 
	instructions:
BB 2
	outgoing: 3 
	datadep: 
	instructions:
		 0: def_%self 
		 1: def_%v_0 
		 2: COPY TYPE_CurrentScope def_%current_scope 
		 3: COPY TYPE_ScopeModule def_%current_module 
		 4: 
		 5: 
		 6: HASH-state- def_%v_3 
		 7: %self->where def_%v_4 %self[2.0,] %v_3[2.6,] 	 SYMBOL:	 ARGS:%v_3,
		 8: RETURN %v_4[2.7,] %self[2.0,2.7,] 
BB 3
	outgoing: 
	datadep: 
	instructions:

SET IRMethod, name = chilly_bin instanceMethod = false
BB 1
	outgoing: 3 2 
	datadep: 
	instructions:
BB 2
	outgoing: 3 
	datadep: 
	instructions:
		 0: def_%self 
		 1: def_%v_0 
		 2: COPY TYPE_CurrentScope def_%current_scope 
		 3: COPY TYPE_ScopeModule def_%current_module 
		 4: 
		 5: 
		 6: HASH-state- def_%v_3 
		 7: %self->where def_%v_4 %self[2.0,] %v_3[2.6,] 	 SYMBOL:	 ARGS:%v_3,
		 8: RETURN %v_4[2.7,] %self[2.0,2.7,] 
BB 3
	outgoing: 
	datadep: 
	instructions:

SET IRMethod, name = done instanceMethod = false
BB 1
	outgoing: 3 2 
	datadep: 
	instructions:
BB 2
	outgoing: 3 
	datadep: 
	instructions:
		 0: def_%self 
		 1: def_%v_0 
		 2: COPY TYPE_CurrentScope def_%current_scope 
		 3: COPY TYPE_ScopeModule def_%current_module 
		 4: 
		 5: 
		 6: HASH-state- def_%v_3 
		 7: %self->where def_%v_4 %self[2.0,] %v_3[2.6,] 	 SYMBOL:	 ARGS:%v_3,
		 8: RETURN %v_4[2.7,] %self[2.0,2.7,] 
BB 3
	outgoing: 
	datadep: 
	instructions:

SET IRMethod, name = in_progress instanceMethod = false
BB 1
	outgoing: 3 2 
	datadep: 
	instructions:
BB 2
	outgoing: 3 
	datadep: 
	instructions:
		 0: def_%self 
		 1: def_%v_0 
		 2: COPY TYPE_CurrentScope def_%current_scope 
		 3: COPY TYPE_ScopeModule def_%current_module 
		 4: 
		 5: 
		 6: COPY TYPE_Array def_%v_3 
		 7: HASH-state- def_%v_4 %v_3[2.6,] 
		 8: %self->where def_%v_5 %self[2.0,] %v_4[2.7,] 	 SYMBOL:	 ARGS:%v_4,
		 9: RETURN %v_5[2.8,] %self[2.0,2.8,] 
BB 3
	outgoing: 
	datadep: 
	instructions:

SET IRMethod, name = backlog instanceMethod = false
BB 1
	outgoing: 3 2 
	datadep: 
	instructions:
BB 2
	outgoing: 3 
	datadep: 
	instructions:
		 0: def_%self 
		 1: def_%v_0 
		 2: COPY TYPE_CurrentScope def_%current_scope 
		 3: COPY TYPE_ScopeModule def_%current_module 
		 4: 
		 5: 
		 6: HASH-state- def_%v_3 
		 7: %self->where def_%v_4 %self[2.0,] %v_3[2.6,] 	 SYMBOL:	 ARGS:%v_3,
		 8: RETURN %v_4[2.7,] %self[2.0,2.7,] 
BB 3
	outgoing: 
	datadep: 
	instructions:

SET IRMethod, name = chilly_bin instanceMethod = false
BB 1
	outgoing: 3 2 
	datadep: 
	instructions:
BB 2
	outgoing: 3 
	datadep: 
	instructions:
		 0: def_%self 
		 1: def_%v_0 
		 2: COPY TYPE_CurrentScope def_%current_scope 
		 3: COPY TYPE_ScopeModule def_%current_module 
		 4: 
		 5: 
		 6: HASH-state- def_%v_3 
		 7: %self->where def_%v_4 %self[2.0,] %v_3[2.6,] 	 SYMBOL:	 ARGS:%v_3,
		 8: RETURN %v_4[2.7,] %self[2.0,2.7,] 
BB 3
	outgoing: 
	datadep: 
	instructions:

SET IRMethod, name = done instanceMethod = false
BB 1
	outgoing: 3 2 
	datadep: 
	instructions:
BB 2
	outgoing: 3 
	datadep: 
	instructions:
		 0: def_%self 
		 1: def_%v_0 
		 2: COPY TYPE_CurrentScope def_%current_scope 
		 3: COPY TYPE_ScopeModule def_%current_module 
		 4: 
		 5: 
		 6: HASH-state- def_%v_3 
		 7: %self->where def_%v_4 %self[2.0,] %v_3[2.6,] 	 SYMBOL:	 ARGS:%v_3,
		 8: RETURN %v_4[2.7,] %self[2.0,2.7,] 
BB 3
	outgoing: 
	datadep: 
	instructions:

SET IRMethod, name = in_progress instanceMethod = false
BB 1
	outgoing: 3 2 
	datadep: 
	instructions:
BB 2
	outgoing: 3 
	datadep: 
	instructions:
		 0: def_%self 
		 1: def_%v_0 
		 2: COPY TYPE_CurrentScope def_%current_scope 
		 3: COPY TYPE_ScopeModule def_%current_module 
		 4: 
		 5: 
		 6: COPY TYPE_Array def_%v_3 
		 7: HASH-state- def_%v_4 %v_3[2.6,] 
		 8: %self->where def_%v_5 %self[2.0,] %v_4[2.7,] 	 SYMBOL:	 ARGS:%v_4,
		 9: RETURN %v_5[2.8,] %self[2.0,2.8,] 
BB 3
	outgoing: 
	datadep: 
	instructions:

SET IRMethod, name = backlog instanceMethod = false
BB 1
	outgoing: 3 2 
	datadep: 
	instructions:
BB 2
	outgoing: 3 
	datadep: 
	instructions:
		 0: def_%self 
		 1: def_%v_0 
		 2: COPY TYPE_CurrentScope def_%current_scope 
		 3: COPY TYPE_ScopeModule def_%current_module 
		 4: 
		 5: 
		 6: HASH-state- def_%v_3 
		 7: %self->where def_%v_4 %self[2.0,] %v_3[2.6,] 	 SYMBOL:	 ARGS:%v_3,
		 8: RETURN %v_4[2.7,] %self[2.0,2.7,] 
BB 3
	outgoing: 
	datadep: 
	instructions:

SET IRMethod, name = chilly_bin instanceMethod = false
BB 1
	outgoing: 3 2 
	datadep: 
	instructions:
BB 2
	outgoing: 3 
	datadep: 
	instructions:
		 0: def_%self 
		 1: def_%v_0 
		 2: COPY TYPE_CurrentScope def_%current_scope 
		 3: COPY TYPE_ScopeModule def_%current_module 
		 4: 
		 5: 
		 6: HASH-state- def_%v_3 
		 7: %self->where def_%v_4 %self[2.0,] %v_3[2.6,] 	 SYMBOL:	 ARGS:%v_3,
		 8: RETURN %v_4[2.7,] %self[2.0,2.7,] 
BB 3
	outgoing: 
	datadep: 
	instructions:

SET IRMethod, name = from_csv_row instanceMethod = true
BB 1
	outgoing: 3 2 
	datadep: 
	instructions:
BB 2
	outgoing: 3 
	datadep: 
	instructions:
		 0: def_%self 
		 1: def_%v_0 
		 2: COPY TYPE_CurrentScope def_%current_scope 
		 3: COPY TYPE_ScopeModule def_%current_module 
		 4: 
		 5: RECEIVEARG def_row 
		 6: 
		 7: %self->proxy_association def_%v_3 %self[2.0,] 	 SYMBOL:	 ARGS:
		 8: %v_3->owner def_%v_4 %v_3[2.7,] 	 SYMBOL:	 ARGS:
		 9: %v_4->project def_%v_5 %v_4[2.8,] 	 SYMBOL:	 ARGS:
		 10: COPY TYPE_PASS def_project %v_5[2.9,] 
		 11: 
		 12: %v_5->suppress_notifications def_%v_6 %v_5[2.9,] 	 SYMBOL:	 ARGS:
		 13: 
		 14: COPY TYPE_Array def_%v_7 
		 15: COPY TYPE_PASS def_notes %v_7[2.14,] 
		 16: 
		 17: row->each def_%v_8 row[2.5,] %self[2.0,2.7,] 	 SYMBOL:	 ARGS:row,
CLOSURE BEGIN: header[] value[] %self[2.0,2.7,] matches[] note[] project[2.10,] notes[2.15,] 
BB 1
	outgoing: 14 2 
	datadep: 
	instructions:
BB 2
	outgoing: 3 
	datadep: 
	instructions:
		 0: def_%self 
		 1: def_%cl_1_0 
		 2: RECEIVEARG def_header 
		 3: RECEIVEARG def_value 
		 4: COPY TYPE_CurrentScope def_%current_scope 
		 5: COPY TYPE_ScopeModule def_%current_module 
BB 3
	outgoing: 4 5 12 
	datadep: 
	instructions:
		 0: 
		 1: COPY TYPE_StringLiteral "Note" def_%cl_1_3 
		 2: header->== def_%cl_1_4 header[2.2,] %cl_1_3[3.1,] 	 SYMBOL:	 ARGS:%cl_1_3,
		 3: BRANCH %cl_1_4[3.2,] 
BB 4
	outgoing: 5 
	datadep: 
	instructions:
		 0: COPY TYPE_PASS def_%cl_1_4 value[2.3,] 
BB 5
	outgoing: 6 10 
	datadep: 
	instructions:
		 0: BRANCH %cl_1_4[4.0,3.2,] 
BB 6
	outgoing: 7 8 12 
	datadep: 
	instructions:
		 0: 
		 1: HASH-note- def_%cl_1_5 value[2.3,] 
		 2: %self->build def_%cl_1_6 %self[2.0,] %cl_1_5[6.1,] 	 SYMBOL:	 ARGS:%cl_1_5,
		 3: COPY TYPE_PASS def_note %cl_1_6[6.2,] 
		 4: 
		 5: COPY TYPE_Regexp def_%cl_1_7 
		 6: value->match def_%cl_1_8 value[2.3,] 	 SYMBOL:	 ARGS:value,
		 7: COPY TYPE_PASS def_matches %cl_1_8[6.6,] 
		 8: BRANCH %cl_1_8[6.6,] 
BB 7
	outgoing: 9 12 
	datadep: 
	instructions:
		 0: 
		 1: matches->[] def_%cl_1_9 matches[6.7,] 	 SYMBOL:	 ARGS:Fixnum,
		 2: %cl_1_9->strip def_%cl_1_10 %cl_1_9[7.1,] 	 SYMBOL:	 ARGS:
		 3: ATTRASSIGN note->note %cl_1_10[7.2,] 
		 4: 
		 5: project->users def_%cl_1_11 project[] 	 SYMBOL:	 ARGS:
		 6: matches->[] def_%cl_1_12 matches[7.1,6.7,] 	 SYMBOL:	 ARGS:Fixnum,
		 7: %cl_1_11->find_by_name def_%cl_1_13 %cl_1_11[7.5,] %cl_1_12[7.6,] 	 SYMBOL:	 ARGS:%cl_1_12,
		 8: ATTRASSIGN note->user %cl_1_13[7.7,] 
		 9: 
		 10: matches->[] def_%cl_1_14 matches[7.1,7.6,6.7,] 	 SYMBOL:	 ARGS:Fixnum,
		 11: ATTRASSIGN note->created_at %cl_1_14[7.10,] 
		 12: 
BB 8
	outgoing: 9 
	datadep: 
	instructions:
		 0: COPY TYPE_Nil def_%cl_1_14 
BB 9
	outgoing: 11 12 
	datadep: 
	instructions:
		 0: 
		 1: note->save def_%cl_1_15 note[7.3,7.8,7.11,6.3,] 	 SYMBOL:	 ARGS:
		 2: 
		 3: notes-><< def_%cl_1_16 notes[] note[9.1,7.3,7.8,7.11,6.3,] 	 SYMBOL:	 ARGS:note,
		 4: 
BB 10
	outgoing: 14 
	datadep: 
	instructions:
		 0: RETURN %self[2.0,] 
BB 11
	outgoing: 14 
	datadep: 
	instructions:
		 0: RETURN %cl_1_16[9.3,] %self[2.0,] 
BB 12
	outgoing: 14 
	datadep: 
	instructions:
		 0: def_%cl_1_17 
		 1: def_%cl_1_18 %cl_1_17[12.0,] 
		 2: RETURN %cl_1_18[12.1,] %self[2.0,] 
BB 14
	outgoing: 
	datadep: 
	instructions:
CLOSURE END: note[6.3,7.3,7.8,7.11,] value[2.3,] matches[6.7,] 
		 18: 
		 19: RETURN notes[2.15,] %self[2.0,2.7,] 
BB 3
	outgoing: 
	datadep: 
	instructions:

SET IRMethod, name = csv_headers instanceMethod = false
BB 1
	outgoing: 3 2 
	datadep: 
	instructions:
BB 2
	outgoing: 3 
	datadep: 
	instructions:
		 0: def_%self 
		 1: def_%v_0 
		 2: COPY TYPE_CurrentScope def_%current_scope 
		 3: COPY TYPE_ScopeModule def_%current_module 
		 4: 
		 5: 
		 6: (CSV_HEADERS) def_%v_3 
		 7: RETURN %v_3[2.6,] %self[2.0,] 
BB 3
	outgoing: 
	datadep: 
	instructions:

SET IRMethod, name = to_s instanceMethod = true
BB 1
	outgoing: 3 2 
	datadep: 
	instructions:
BB 2
	outgoing: 3 
	datadep: 
	instructions:
		 0: def_%self 
		 1: def_%v_0 
		 2: COPY TYPE_CurrentScope def_%current_scope 
		 3: COPY TYPE_ScopeModule def_%current_module 
		 4: 
		 5: 
		 6: %self->title def_%v_3 %self[2.0,] 	 SYMBOL:	 ARGS:
		 7: RETURN %v_3[2.6,] %self[2.0,2.6,] 
BB 3
	outgoing: 
	datadep: 
	instructions:

SET IRMethod, name = to_csv instanceMethod = true
BB 1
	outgoing: 3 2 
	datadep: 
	instructions:
BB 2
	outgoing: 3 
	datadep: 
	instructions:
		 0: def_%self 
		 1: def_%v_0 
		 2: COPY TYPE_CurrentScope def_%current_scope 
		 3: COPY TYPE_ScopeModule def_%current_module 
		 4: 
		 5: 
		 6: %self->id def_%v_3 %self[2.0,] 	 SYMBOL:	 ARGS:
		 7: %self->title def_%v_4 %self[2.0,2.6,] 	 SYMBOL:	 ARGS:
		 8: %self->labels def_%v_5 %self[2.0,2.6,2.7,] 	 SYMBOL:	 ARGS:
		 9: %self->story_type def_%v_6 %self[2.0,2.6,2.7,2.8,] 	 SYMBOL:	 ARGS:
		 10: %self->estimate def_%v_7 %self[2.0,2.6,2.7,2.8,2.9,] 	 SYMBOL:	 ARGS:
		 11: %self->state def_%v_8 %self[2.0,2.6,2.7,2.8,2.9,2.10,] 	 SYMBOL:	 ARGS:
		 12: %self->created_at def_%v_9 %self[2.0,2.6,2.7,2.8,2.9,2.10,2.11,] 	 SYMBOL:	 ARGS:
		 13: %self->accepted_at def_%v_10 %self[2.0,2.6,2.7,2.8,2.9,2.10,2.11,2.12,] 	 SYMBOL:	 ARGS:
		 14: %self->requested_by def_%v_11 %self[2.0,2.6,2.7,2.8,2.9,2.10,2.11,2.12,2.13,] 	 SYMBOL:	 ARGS:
		 15: %v_11->try def_%v_12 %v_11[2.14,] 	 SYMBOL:name,	 ARGS:Symbol,
		 16: %self->owned_by def_%v_13 %self[2.0,2.6,2.7,2.8,2.9,2.10,2.11,2.12,2.13,2.14,] 	 SYMBOL:	 ARGS:
		 17: %v_13->try def_%v_14 %v_13[2.16,] 	 SYMBOL:name,	 ARGS:Symbol,
		 18: %self->description def_%v_15 %self[2.0,2.6,2.7,2.8,2.9,2.10,2.11,2.12,2.13,2.14,2.16,] 	 SYMBOL:	 ARGS:
		 19: COPY TYPE_Array def_%v_16 %v_3[2.6,] %v_4[2.7,] %v_5[2.8,] %v_6[2.9,] %v_7[2.10,] %v_8[2.11,] %v_9[2.12,] %v_10[2.13,] %v_12[2.15,] %v_14[2.17,] %v_15[2.18,] 
		 20: %self->notes def_%v_17 %self[2.0,2.6,2.7,2.8,2.9,2.10,2.11,2.12,2.13,2.14,2.16,2.18,] 	 SYMBOL:	 ARGS:
		 21: %v_17->map def_%v_18 %v_17[2.20,] 	 SYMBOL:to_s,	 ARGS:
		 22: %v_16->concat def_%v_19 %v_16[2.19,] %v_18[2.21,] 	 SYMBOL:	 ARGS:%v_18,
		 23: RETURN %v_19[2.22,] %self[2.0,2.6,2.7,2.8,2.9,2.10,2.11,2.12,2.13,2.14,2.16,2.18,2.20,] 
BB 3
	outgoing: 
	datadep: 
	instructions:

SET IRMethod, name = events instanceMethod = true
BB 1
	outgoing: 3 2 
	datadep: 
	instructions:
BB 2
	outgoing: 3 
	datadep: 
	instructions:
		 0: def_%self 
		 1: def_%v_0 
		 2: COPY TYPE_CurrentScope def_%current_scope 
		 3: COPY TYPE_ScopeModule def_%current_module 
		 4: 
		 5: 
		 6: %self->class def_%v_3 %self[2.0,] 	 SYMBOL:	 ARGS:
		 7: %v_3->state_machine def_%v_4 %v_3[2.6,] 	 SYMBOL:	 ARGS:
		 8: %self->current_state def_%v_5 %self[2.0,2.6,] 	 SYMBOL:	 ARGS:
		 9: %v_4->events_for def_%v_6 %v_4[2.7,] %v_5[2.8,] 	 SYMBOL:	 ARGS:%v_5,
		 10: RETURN %v_6[2.9,] %self[2.0,2.6,2.8,] 
BB 3
	outgoing: 
	datadep: 
	instructions:

SET IRMethod, name = estimated? instanceMethod = true
BB 1
	outgoing: 3 2 
	datadep: 
	instructions:
BB 2
	outgoing: 3 
	datadep: 
	instructions:
		 0: def_%self 
		 1: def_%v_0 
		 2: COPY TYPE_CurrentScope def_%current_scope 
		 3: COPY TYPE_ScopeModule def_%current_module 
		 4: 
		 5: 
		 6: %self->estimate def_%v_3 %self[2.0,] 	 SYMBOL:	 ARGS:
		 7: %v_3->nil? def_%v_4 %v_3[2.6,] 	 SYMBOL:	 ARGS:
		 8: %v_4->! def_%v_5 %v_4[2.7,] 	 SYMBOL:	 ARGS:
		 9: RETURN %v_5[2.8,] %self[2.0,2.6,] 
BB 3
	outgoing: 
	datadep: 
	instructions:

SET IRMethod, name = estimable? instanceMethod = true
BB 1
	outgoing: 5 2 
	datadep: 
	instructions:
BB 2
	outgoing: 3 4 
	datadep: 
	instructions:
		 0: def_%self 
		 1: def_%v_0 
		 2: COPY TYPE_CurrentScope def_%current_scope 
		 3: COPY TYPE_ScopeModule def_%current_module 
		 4: 
		 5: 
		 6: %self->story_type def_%v_3 %self[2.0,] 	 SYMBOL:	 ARGS:
		 7: COPY TYPE_StringLiteral "feature" def_%v_4 
		 8: %v_3->== def_%v_5 %v_3[2.6,] %v_4[2.7,] 	 SYMBOL:	 ARGS:%v_4,
		 9: BRANCH %v_5[2.8,] 
BB 3
	outgoing: 5 
	datadep: 
	instructions:
		 0: %self->estimated? def_%v_6 %self[2.0,] 	 SYMBOL:	 ARGS:
		 1: %v_6->! def_%v_7 %v_6[3.0,] 	 SYMBOL:	 ARGS:
		 2: RETURN %v_7[3.1,] %self[3.0,2.0,] 
BB 4
	outgoing: 5 
	datadep: 
	instructions:
		 0: RETURN %v_5[2.8,] %self[2.0,] 
BB 5
	outgoing: 
	datadep: 
	instructions:

SET IRMethod, name = column instanceMethod = true
BB 1
	outgoing: 11 2 
	datadep: 
	instructions:
BB 2
	outgoing: 3 6 
	datadep: 
	instructions:
		 0: def_%self 
		 1: def_%v_0 
		 2: COPY TYPE_CurrentScope def_%current_scope 
		 3: COPY TYPE_ScopeModule def_%current_module 
		 4: 
		 5: 
		 6: %self->state def_%v_3 %self[2.0,] 	 SYMBOL:	 ARGS:
		 7: COPY TYPE_StringLiteral "unscheduled" def_%v_6 
		 8: def_%v_5 %v_6[2.7,] %v_3[2.6,] 
		 9: BRANCH %v_5[2.8,] 
BB 3
	outgoing: 4 7 
	datadep: 
	instructions:
		 0: COPY TYPE_StringLiteral "unstarted" def_%v_8 
		 1: def_%v_7 %v_8[3.0,] %v_3[2.6,] 
		 2: BRANCH %v_7[3.1,] 
BB 4
	outgoing: 5 8 
	datadep: 
	instructions:
		 0: COPY TYPE_StringLiteral "accepted" def_%v_10 
		 1: def_%v_9 %v_10[4.0,] %v_3[2.6,] 
		 2: BRANCH %v_9[4.1,] 
BB 5
	outgoing: 11 
	datadep: 
	instructions:
		 0: 
		 1: COPY TYPE_StringLiteral "#in_progress" def_%v_14 
		 2: COPY TYPE_PASS def_%v_4 %v_14[5.1,] 
		 3: RETURN %v_14[5.1,] %self[2.0,] 
BB 6
	outgoing: 11 
	datadep: 
	instructions:
		 0: 
		 1: COPY TYPE_StringLiteral "#chilly_bin" def_%v_11 
		 2: COPY TYPE_PASS def_%v_4 %v_11[6.1,] 
		 3: RETURN %v_11[6.1,] %self[2.0,] 
BB 7
	outgoing: 11 
	datadep: 
	instructions:
		 0: 
		 1: COPY TYPE_StringLiteral "#backlog" def_%v_12 
		 2: COPY TYPE_PASS def_%v_4 %v_12[7.1,] 
		 3: RETURN %v_12[7.1,] %self[2.0,] 
BB 8
	outgoing: 11 
	datadep: 
	instructions:
		 0: 
		 1: COPY TYPE_StringLiteral "#done" def_%v_13 
		 2: COPY TYPE_PASS def_%v_4 %v_13[8.1,] 
		 3: RETURN %v_13[8.1,] %self[2.0,] 
BB 11
	outgoing: 
	datadep: 
	instructions:

SET IRMethod, name = as_json instanceMethod = true
BB 1
	outgoing: 5 2 
	datadep: 
	instructions:
BB 2
	outgoing: 3 4 
	datadep: 
	instructions:
		 0: def_%self 
		 1: def_%v_0 
		 2: COPY TYPE_CurrentScope def_%current_scope 
		 3: COPY TYPE_ScopeModule def_%current_module 
		 4: 
		 5: RECEIVECONSTARG def_options 
		 6: options[2.5,] 
BB 3
	outgoing: 4 
	datadep: 
	instructions:
		 0: HASH- def_%v_3 
		 1: COPY TYPE_PASS def_options %v_3[3.0,] 
BB 4
	outgoing: 5 
	datadep: 
	instructions:
		 0: 
		 1: (JSON_ATTRIBUTES) def_%v_4 
		 2: (JSON_METHODS) def_%v_5 
		 3: HASH-only-methods- def_%v_6 %v_4[4.1,] %v_5[4.2,] 
		 4: %self->super def_%v_7 %current_module[2.3,] %v_6[4.3,] %v_0[2.1,] 	 SYMBOL:	 ARGS:%v_6,
		 5: RETURN %v_7[4.4,] %self[2.0,] 
BB 5
	outgoing: 
	datadep: 
	instructions:

SET IRMethod, name = set_position_to_last instanceMethod = true
BB 1
	outgoing: 12 2 
	datadep: 
	instructions:
BB 2
	outgoing: 3 4 
	datadep: 
	instructions:
		 0: def_%self 
		 1: def_%v_0 
		 2: COPY TYPE_CurrentScope def_%current_scope 
		 3: COPY TYPE_ScopeModule def_%current_module 
		 4: 
		 5: 
		 6: %self->position def_%v_3 %self[2.0,] 	 SYMBOL:	 ARGS:
		 7: BRANCH %v_3[2.6,] 
BB 3
	outgoing: 12 
	datadep: 
	instructions:
		 0: RETURN %self[2.0,] 
BB 4
	outgoing: 6 7 
	datadep: 
	instructions:
		 0: COPY TYPE_Nil def_%v_4 
		 1: 
		 2: %self->project def_%v_5 %self[2.0,] 	 SYMBOL:	 ARGS:
		 3: BRANCH %v_5[4.2,] 
BB 6
	outgoing: 9 10 
	datadep: 
	instructions:
		 0: COPY TYPE_Nil def_%v_6 
		 1: 
		 2: %self->project def_%v_7 %self[2.0,] 	 SYMBOL:	 ARGS:
		 3: %v_7->stories def_%v_8 %v_7[6.2,] 	 SYMBOL:	 ARGS:
		 4: HASH-position- def_%v_9 
		 5: %v_8->order def_%v_10 %v_8[6.3,] %v_9[6.4,] 	 SYMBOL:	 ARGS:%v_9,
		 6: %v_10->first def_%v_11 %v_10[6.5,] 	 SYMBOL:	 ARGS:
		 7: COPY TYPE_PASS def_last %v_11[6.6,] 
		 8: 
		 9: BRANCH %v_11[6.6,] 
BB 7
	outgoing: 12 
	datadep: 
	instructions:
		 0: RETURN %self[2.0,] 
BB 9
	outgoing: 12 
	datadep: 
	instructions:
		 0: 
		 1: last->position def_%v_12 last[6.7,] 	 SYMBOL:	 ARGS:
		 2: %v_12->+ def_%v_13 %v_12[9.1,] 	 SYMBOL:	 ARGS:Fixnum,
		 3: ATTRASSIGN %self->position %v_13[9.2,] 
		 4: RETURN %v_13[9.2,] %self[9.3,2.0,] 
BB 10
	outgoing: 12 
	datadep: 
	instructions:
		 0: 
		 1: ATTRASSIGN %self->position 
		 2: RETURN %self[10.1,2.0,] 
BB 12
	outgoing: 
	datadep: 
	instructions:

SET IRMethod, name = notify_users instanceMethod = true
BB 1
	outgoing: 3 2 
	datadep: 
	instructions:
BB 2
	outgoing: 3 
	datadep: 
	instructions:
		 0: def_%self 
		 1: def_%v_0 
		 2: COPY TYPE_CurrentScope def_%current_scope 
		 3: COPY TYPE_ScopeModule def_%current_module 
		 4: 
		 5: 
		 6: %self->requested_by def_%v_3 %self[2.0,] 	 SYMBOL:	 ARGS:
		 7: %self->owned_by def_%v_4 %self[2.0,2.6,] 	 SYMBOL:	 ARGS:
		 8: COPY TYPE_Array def_%v_5 %v_3[2.6,] %v_4[2.7,] 
		 9: %self->notes def_%v_6 %self[2.0,2.6,2.7,] 	 SYMBOL:	 ARGS:
		 10: %v_6->map def_%v_7 %v_6[2.9,] 	 SYMBOL:user,	 ARGS:
		 11: %v_5->+ def_%v_8 %v_5[2.8,] %v_7[2.10,] 	 SYMBOL:	 ARGS:%v_7,
		 12: %v_8->compact def_%v_9 %v_8[2.11,] 	 SYMBOL:	 ARGS:
		 13: %v_9->uniq def_%v_10 %v_9[2.12,] 	 SYMBOL:	 ARGS:
		 14: RETURN %v_10[2.13,] %self[2.0,2.6,2.7,2.9,] 
BB 3
	outgoing: 
	datadep: 
	instructions:

SET IRMethod, name = set_accepted_at instanceMethod = true
BB 1
	outgoing: 14 2 
	datadep: 
	instructions:
BB 2
	outgoing: 3 12 
	datadep: 
	instructions:
		 0: def_%self 
		 1: def_%v_0 
		 2: COPY TYPE_CurrentScope def_%current_scope 
		 3: COPY TYPE_ScopeModule def_%current_module 
		 4: 
		 5: 
		 6: %self->state_changed? def_%v_3 %self[2.0,] 	 SYMBOL:	 ARGS:
		 7: BRANCH %v_3[2.6,] 
BB 3
	outgoing: 4 5 
	datadep: 
	instructions:
		 0: 
		 1: %self->state def_%v_4 %self[2.0,] 	 SYMBOL:	 ARGS:
		 2: COPY TYPE_StringLiteral "accepted" def_%v_5 
		 3: %v_4->== def_%v_6 %v_4[3.1,] %v_5[3.2,] 	 SYMBOL:	 ARGS:%v_5,
		 4: BRANCH %v_6[3.3,] 
BB 4
	outgoing: 5 
	datadep: 
	instructions:
		 0: %self->accepted_at def_%v_7 %self[2.0,] 	 SYMBOL:	 ARGS:
		 1: %v_7->== def_%v_8 %v_7[4.0,] 	 SYMBOL:	 ARGS:Nil,
		 2: COPY TYPE_PASS def_%v_6 %v_8[4.1,] 
BB 5
	outgoing: 6 7 
	datadep: 
	instructions:
		 0: BRANCH %v_6[4.2,3.3,] 
BB 6
	outgoing: 11 
	datadep: 
	instructions:
		 0: 
		 1: (Date) def_%v_9 
		 2: %v_9->today def_%v_10 %v_9[6.1,] 	 SYMBOL:	 ARGS:
		 3: ATTRASSIGN %self->accepted_at %v_10[6.2,] 
		 4: 
BB 7
	outgoing: 8 9 
	datadep: 
	instructions:
		 0: 
		 1: %self->state_was def_%v_11 %self[2.0,] 	 SYMBOL:	 ARGS:
		 2: COPY TYPE_StringLiteral "accepted" def_%v_12 
		 3: %v_11->== def_%v_13 %v_11[7.1,] %v_12[7.2,] 	 SYMBOL:	 ARGS:%v_12,
		 4: BRANCH %v_13[7.3,] 
BB 8
	outgoing: 10 
	datadep: 
	instructions:
		 0: 
		 1: ATTRASSIGN %self->accepted_at 
		 2: COPY TYPE_Nil def_%v_14 
		 3: 
BB 9
	outgoing: 10 
	datadep: 
	instructions:
		 0: COPY TYPE_Nil def_%v_14 
BB 10
	outgoing: 11 
	datadep: 
	instructions:
		 0: COPY TYPE_PASS def_%v_10 %v_14[9.0,8.2,] 
BB 11
	outgoing: 14 
	datadep: 
	instructions:
		 0: RETURN %v_10[10.0,6.2,] %self[6.3,8.1,2.0,] 
BB 12
	outgoing: 14 
	datadep: 
	instructions:
		 0: RETURN %self[2.0,] 
BB 14
	outgoing: 
	datadep: 
	instructions:

