SET IRMethod, name = create instanceMethod = true
BB 1
	outgoing: 3 2 
	datadep: 
	instructions:
BB 2
	outgoing: 3 
	datadep: 
	instructions:
		 0: def_%self 
		 1: def_%v_0 
		 2: COPY TYPE_CurrentScope def_%current_scope 
		 3: COPY TYPE_ScopeModule def_%current_module 
		 4: 
		 5: 
		 6: %self->upload_params def_%v_3 %self[2.0,] 	 SYMBOL:	 ARGS:
		 7: %v_3->[] def_%v_4 %v_3[2.6,] 	 SYMBOL:file,	 ARGS:Symbol,
		 8: %self->find_or_create_post_image def_%v_5 %self[2.0,2.6,] %v_4[2.7,] 	 SYMBOL:	 ARGS:%v_4,
		 9: COPY TYPE_PASS def_post_image %v_5[2.8,] 
		 10: 
		 11: %self->post_image_response def_%v_6 %self[2.0,2.6,2.8,] %v_5[2.8,] 	 SYMBOL:	 ARGS:post_image,
		 12: COPY TYPE_PASS def_response %v_6[2.11,] 
		 13: 
		 14: %self->respond_with def_%v_7 %self[2.0,2.6,2.8,2.11,] %v_6[2.11,] %self[2.0,2.6,2.8,2.11,] 	 SYMBOL:	 ARGS:response,%self,
CLOSURE BEGIN: format[] %self[2.0,2.6,2.8,2.11,] response[2.12,] 
BB 1
	outgoing: 6 2 
	datadep: 
	instructions:
BB 2
	outgoing: 3 
	datadep: 
	instructions:
		 0: def_%self 
		 1: def_%cl_1_0 
		 2: RECEIVEARG def_format 
		 3: COPY TYPE_CurrentScope def_%current_scope 
		 4: COPY TYPE_ScopeModule def_%current_module 
BB 3
	outgoing: 4 6 
	datadep: 
	instructions:
		 0: 
		 1: format->json def_%cl_1_3 format[2.2,] %self[2.0,] 	 SYMBOL:	 ARGS:format,
CLOSURE BEGIN: response[] %self[2.0,] 
BB 1
	outgoing: 6 2 
	datadep: 
	instructions:
BB 2
	outgoing: 3 
	datadep: 
	instructions:
		 0: def_%self 
		 1: def_%cl_2_0 
		 2: COPY TYPE_CurrentScope def_%current_scope 
		 3: COPY TYPE_ScopeModule def_%current_module 
BB 3
	outgoing: 4 6 
	datadep: 
	instructions:
		 0: 
		 1: HASH-json- def_%cl_2_3 response[] 
		 2: %self->render def_%cl_2_4 %self[2.0,] %cl_2_3[3.1,] 	 SYMBOL:	 ARGS:%cl_2_3,
		 3: RETURN %cl_2_4[3.2,] %self[3.2,2.0,] 
BB 4
	outgoing: 6 
	datadep: 
	instructions:
		 0: def_%cl_2_5 
		 1: def_%cl_2_6 %cl_2_5[4.0,] 
		 2: RETURN %cl_2_6[4.1,] %self[2.0,] 
BB 6
	outgoing: 
	datadep: 
	instructions:
CLOSURE END: 
		 2: 
		 3: format->xml def_%cl_1_4 format[3.1,2.2,] %self[2.0,] 	 SYMBOL:	 ARGS:format,
CLOSURE BEGIN: response[] %self[2.0,] 
BB 1
	outgoing: 6 2 
	datadep: 
	instructions:
BB 2
	outgoing: 3 
	datadep: 
	instructions:
		 0: def_%self 
		 1: def_%cl_3_0 
		 2: COPY TYPE_CurrentScope def_%current_scope 
		 3: COPY TYPE_ScopeModule def_%current_module 
BB 3
	outgoing: 4 6 
	datadep: 
	instructions:
		 0: 
		 1: HASH-xml- def_%cl_3_3 response[] 
		 2: %self->render def_%cl_3_4 %self[2.0,] %cl_3_3[3.1,] 	 SYMBOL:	 ARGS:%cl_3_3,
		 3: RETURN %cl_3_4[3.2,] %self[3.2,2.0,] 
BB 4
	outgoing: 6 
	datadep: 
	instructions:
		 0: def_%cl_3_5 
		 1: def_%cl_3_6 %cl_3_5[4.0,] 
		 2: RETURN %cl_3_6[4.1,] %self[2.0,] 
BB 6
	outgoing: 
	datadep: 
	instructions:
CLOSURE END: 
		 4: RETURN %cl_1_4[3.3,] %self[2.0,] 
BB 4
	outgoing: 6 
	datadep: 
	instructions:
		 0: def_%cl_1_5 
		 1: def_%cl_1_6 %cl_1_5[4.0,] 
		 2: RETURN %cl_1_6[4.1,] %self[2.0,] 
BB 6
	outgoing: 
	datadep: 
	instructions:
CLOSURE END: 
		 15: RETURN %v_7[2.14,] %self[2.0,2.6,2.8,2.11,2.14,] 
BB 3
	outgoing: 
	datadep: 
	instructions:

SET IRMethod, name = find_or_create_post_image instanceMethod = true
BB 1
	outgoing: 11 2 
	datadep: 
	instructions:
BB 2
	outgoing: 3 9 
	datadep: 
	instructions:
		 0: def_%self 
		 1: def_%v_0 
		 2: COPY TYPE_CurrentScope def_%current_scope 
		 3: COPY TYPE_ScopeModule def_%current_module 
		 4: 
		 5: RECEIVEARG def_file 
		 6: 
		 7: (PostImage) def_%v_3 
		 8: HASH-file- def_%v_4 file[2.5,] 
		 9: %v_3->new def_%v_5 %v_3[2.7,] %v_4[2.8,] 	 SYMBOL:	 ARGS:%v_4,
		 10: COPY TYPE_PASS def_post_image %v_5[2.9,] 
		 11: 
		 12: %v_5->valid? def_%v_6 %v_5[2.9,] 	 SYMBOL:	 ARGS:
		 13: BRANCH %v_6[2.12,] 
BB 3
	outgoing: 4 5 
	datadep: 
	instructions:
		 0: 
		 1: (Dis) def_%v_7 
		 2: (inherit Storage) def_%v_8 %v_7[3.1,] 
		 3: %v_8[3.2,] 
BB 4
	outgoing: 5 
	datadep: 
	instructions:
		 0: %v_7->const_missing def_%v_8 %v_7[3.1,] 	 SYMBOL:Storage,	 ARGS:Symbol,
BB 5
	outgoing: 6 7 
	datadep: 
	instructions:
		 0: %v_8->file_digest def_%v_9 %v_8[4.0,3.2,] file[2.5,] 	 SYMBOL:	 ARGS:file,
		 1: COPY TYPE_PASS def_hash %v_9[5.0,] 
		 2: 
		 3: (PostImage) def_%v_10 
		 4: HASH-content_hash- def_%v_11 %v_9[5.0,] 
		 5: %v_10->where def_%v_12 %v_10[5.3,] %v_11[5.4,] 	 SYMBOL:	 ARGS:%v_11,
		 6: %v_12->any? def_%v_13 %v_12[5.5,] 	 SYMBOL:	 ARGS:
		 7: BRANCH %v_13[5.6,] 
BB 6
	outgoing: 8 
	datadep: 
	instructions:
		 0: 
		 1: (PostImage) def_%v_14 
		 2: HASH-content_hash- def_%v_15 hash[5.1,] 
		 3: %v_14->where def_%v_16 %v_14[6.1,] %v_15[6.2,] 	 SYMBOL:	 ARGS:%v_15,
		 4: %v_16->first def_%v_17 %v_16[6.3,] 	 SYMBOL:	 ARGS:
		 5: COPY TYPE_PASS def_post_image %v_17[6.4,] 
		 6: 
BB 7
	outgoing: 8 
	datadep: 
	instructions:
		 0: 
		 1: post_image->save def_%v_18 post_image[2.10,] 	 SYMBOL:	 ARGS:
		 2: COPY TYPE_PASS def_%v_17 %v_18[7.1,] 
BB 8
	outgoing: 10 
	datadep: 
	instructions:
		 0: 
BB 9
	outgoing: 10 
	datadep: 
	instructions:
		 0: COPY TYPE_Nil def_%v_17 
BB 10
	outgoing: 11 
	datadep: 
	instructions:
		 0: 
		 1: RETURN post_image[2.10,6.5,] %self[2.0,] 
BB 11
	outgoing: 
	datadep: 
	instructions:

SET IRMethod, name = post_image_response instanceMethod = true
BB 1
	outgoing: 6 2 
	datadep: 
	instructions:
BB 2
	outgoing: 3 4 
	datadep: 
	instructions:
		 0: def_%self 
		 1: def_%v_0 
		 2: COPY TYPE_CurrentScope def_%current_scope 
		 3: COPY TYPE_ScopeModule def_%current_module 
		 4: 
		 5: RECEIVEARG def_post_image 
		 6: 
		 7: post_image->valid? def_%v_3 post_image[2.5,] 	 SYMBOL:	 ARGS:
		 8: BRANCH %v_3[2.7,] 
BB 3
	outgoing: 6 
	datadep: 
	instructions:
		 0: COPY TYPE_Nil def_%v_4 
		 1: 
		 2: post_image->filename def_%v_6 post_image[2.5,] 	 SYMBOL:	 ARGS:
		 3: post_image->content_type def_%v_7 post_image[3.2,2.5,] 	 SYMBOL:	 ARGS:
		 4: COPY TYPE_StringLiteral "[image:" def_%v_8 
		 5: 
		 6: post_image->id def_%v_9 post_image[3.2,3.3,2.5,] 	 SYMBOL:	 ARGS:
		 7: COPY TYPE_StringLiteral ":" def_%v_10 
		 8: post_image->content_hash def_%v_11 post_image[3.2,3.3,3.6,2.5,] 	 SYMBOL:	 ARGS:
		 9: COPY TYPE_StringLiteral "]" def_%v_12 
		 10: BUILDSTRING def_%v_13 %v_8[3.4,] %v_9[3.6,] %v_10[3.7,] %v_11[3.8,] %v_12[3.9,] 
		 11: HASH-name-type-embed- def_%v_14 %v_6[3.2,] %v_7[3.3,] %v_13[3.10,] 
		 12: RETURN %v_14[3.11,] %self[2.0,] 
BB 4
	outgoing: 6 
	datadep: 
	instructions:
		 0: HASH- def_%v_5 
		 1: RETURN %v_5[4.0,] %self[2.0,] 
BB 6
	outgoing: 
	datadep: 
	instructions:

SET IRMethod, name = upload_params instanceMethod = true
BB 1
	outgoing: 3 2 
	datadep: 
	instructions:
BB 2
	outgoing: 3 
	datadep: 
	instructions:
		 0: def_%self 
		 1: def_%v_0 
		 2: COPY TYPE_CurrentScope def_%current_scope 
		 3: COPY TYPE_ScopeModule def_%current_module 
		 4: 
		 5: 
		 6: %self->params def_%v_3 %self[2.0,] 	 SYMBOL:	 ARGS:
		 7: %v_3->require def_%v_4 %v_3[2.6,] 	 SYMBOL:upload,	 ARGS:Symbol,
		 8: %v_4->permit def_%v_5 %v_4[2.7,] 	 SYMBOL:file,	 ARGS:Symbol,
		 9: RETURN %v_5[2.8,] %self[2.0,2.6,] 
BB 3
	outgoing: 
	datadep: 
	instructions:

