SET IRMethod, name = messages_on_error instanceMethod = true
BB 1
	outgoing: 6 2 
	datadep: 
	instructions:
BB 2
	outgoing: 3 4 
	datadep: 
	instructions:
		 0: def_%self 
		 1: def_%v_0 
		 2: COPY TYPE_CurrentScope def_%current_scope 
		 3: COPY TYPE_ScopeModule def_%current_module 
		 4: 
		 5: RECEIVEARG def_object 
		 6: 
		 7: object->errors def_%v_3 object[2.5,] 	 SYMBOL:	 ARGS:
		 8: %v_3->count def_%v_4 %v_3[2.7,] 	 SYMBOL:	 ARGS:
		 9: %v_4->zero? def_%v_5 %v_4[2.8,] 	 SYMBOL:	 ARGS:
		 10: BRANCH %v_5[2.9,] 
BB 3
	outgoing: 6 
	datadep: 
	instructions:
		 0: COPY TYPE_StringLiteral "" def_%v_6 
		 1: RETURN %v_6[3.0,] %self[2.0,] 
BB 4
	outgoing: 6 
	datadep: 
	instructions:
		 0: COPY TYPE_Nil def_%v_7 
		 1: 
		 2: COPY TYPE_StringLiteral "errors" def_%v_8 
		 3: HASH-class- def_%v_9 %v_8[4.2,] 
		 4: %self->content_tag def_%v_10 %self[2.0,] %v_9[4.3,] %self[2.0,] 	 SYMBOL:div,	 ARGS:Symbol,%v_9,%self,
CLOSURE BEGIN: object[2.5,] %self[2.0,] err[] 
BB 1
	outgoing: 6 2 
	datadep: 
	instructions:
BB 2
	outgoing: 3 
	datadep: 
	instructions:
		 0: def_%self 
		 1: def_%cl_1_0 
		 2: COPY TYPE_CurrentScope def_%current_scope 
		 3: COPY TYPE_ScopeModule def_%current_module 
BB 3
	outgoing: 4 6 
	datadep: 
	instructions:
		 0: 
		 1: object->errors def_%cl_1_3 object[] 	 SYMBOL:	 ARGS:
		 2: %cl_1_3->count def_%cl_1_4 %cl_1_3[3.1,] 	 SYMBOL:	 ARGS:
		 3: COPY TYPE_StringLiteral "erreur" def_%cl_1_5 
		 4: %self->pluralize def_%cl_1_6 %self[2.0,] %cl_1_4[3.2,] %cl_1_5[3.3,] 	 SYMBOL:	 ARGS:%cl_1_4,%cl_1_5,
		 5: COPY TYPE_StringLiteral " : " def_%cl_1_7 
		 6: %cl_1_6->+ def_%cl_1_8 %cl_1_6[3.4,] %cl_1_7[3.5,] 	 SYMBOL:	 ARGS:%cl_1_7,
		 7: %self->content_tag def_%cl_1_9 %self[3.4,2.0,] %cl_1_8[3.6,] 	 SYMBOL:h2,	 ARGS:Symbol,%cl_1_8,
		 8: %self->content_tag def_%cl_1_10 %self[3.4,3.7,2.0,] %self[3.4,3.7,2.0,] 	 SYMBOL:ul,	 ARGS:Symbol,%self,
CLOSURE BEGIN: object[3.1,] %self[3.4,3.7,2.0,] err[] 
BB 1
	outgoing: 6 2 
	datadep: 
	instructions:
BB 2
	outgoing: 3 
	datadep: 
	instructions:
		 0: def_%self 
		 1: def_%cl_2_0 
		 2: COPY TYPE_CurrentScope def_%current_scope 
		 3: COPY TYPE_ScopeModule def_%current_module 
BB 3
	outgoing: 4 6 
	datadep: 
	instructions:
		 0: 
		 1: object->errors def_%cl_2_3 object[] 	 SYMBOL:	 ARGS:
		 2: %cl_2_3->values def_%cl_2_4 %cl_2_3[3.1,] 	 SYMBOL:	 ARGS:
		 3: %cl_2_4->flatten def_%cl_2_5 %cl_2_4[3.2,] 	 SYMBOL:	 ARGS:
		 4: %cl_2_5->map def_%cl_2_6 %cl_2_5[3.3,] %self[2.0,] 	 SYMBOL:	 ARGS:%cl_2_5,
CLOSURE BEGIN: %self[2.0,] err[] 
BB 1
	outgoing: 6 2 
	datadep: 
	instructions:
BB 2
	outgoing: 3 
	datadep: 
	instructions:
		 0: def_%self 
		 1: def_%cl_3_0 
		 2: RECEIVEARG def_err 
		 3: COPY TYPE_CurrentScope def_%current_scope 
		 4: COPY TYPE_ScopeModule def_%current_module 
BB 3
	outgoing: 4 6 
	datadep: 
	instructions:
		 0: 
		 1: %self->content_tag def_%cl_3_3 %self[2.0,] err[2.2,] 	 SYMBOL:li,	 ARGS:Symbol,err,
		 2: RETURN %cl_3_3[3.1,] %self[3.1,2.0,] 
BB 4
	outgoing: 6 
	datadep: 
	instructions:
		 0: def_%cl_3_4 
		 1: def_%cl_3_5 %cl_3_4[4.0,] 
		 2: RETURN %cl_3_5[4.1,] %self[2.0,] 
BB 6
	outgoing: 
	datadep: 
	instructions:
CLOSURE END: 
		 5: %cl_2_6->join def_%cl_2_7 %cl_2_6[3.4,] 	 SYMBOL:	 ARGS:
		 6: %cl_2_7->html_safe def_%cl_2_8 %cl_2_7[3.5,] 	 SYMBOL:	 ARGS:
		 7: RETURN %cl_2_8[3.6,] %self[2.0,] 
BB 4
	outgoing: 6 
	datadep: 
	instructions:
		 0: def_%cl_2_9 
		 1: def_%cl_2_10 %cl_2_9[4.0,] 
		 2: RETURN %cl_2_10[4.1,] %self[2.0,] 
BB 6
	outgoing: 
	datadep: 
	instructions:
CLOSURE END: 
		 9: %cl_1_9->+ def_%cl_1_11 %cl_1_9[3.7,] %cl_1_10[3.8,] 	 SYMBOL:	 ARGS:%cl_1_10,
		 10: RETURN %cl_1_11[3.9,] %self[3.4,3.7,3.8,2.0,] 
BB 4
	outgoing: 6 
	datadep: 
	instructions:
		 0: def_%cl_1_12 
		 1: def_%cl_1_13 %cl_1_12[4.0,] 
		 2: RETURN %cl_1_13[4.1,] %self[2.0,] 
BB 6
	outgoing: 
	datadep: 
	instructions:
CLOSURE END: 
		 5: RETURN %v_10[4.4,] %self[4.4,2.0,] 
BB 6
	outgoing: 
	datadep: 
	instructions:

