SET IRMethod, name = setup_news instanceMethod = true
BB 1
	outgoing: 3 2 
	datadep: 
	instructions:
BB 2
	outgoing: 3 
	datadep: 
	instructions:
		 0: def_%self 
		 1: def_%v_0 
		 2: COPY TYPE_CurrentScope def_%current_scope 
		 3: COPY TYPE_ScopeModule def_%current_module 
		 4: 
		 5: RECEIVEARG def_news 
		 6: 
		 7: news->links def_%v_4 news[2.5,] 	 SYMBOL:	 ARGS:
		 8: %v_4->size def_%v_5 %v_4[2.7,] 	 SYMBOL:	 ARGS:
		 9: CONSTANT def_%v_3 %v_5[2.8,] 
		 10: %v_3->each def_%v_6 %v_3[2.9,] %self[2.0,] 	 SYMBOL:	 ARGS:%v_3,
CLOSURE BEGIN: news[2.5,2.7,] 
BB 1
	outgoing: 6 2 
	datadep: 
	instructions:
BB 2
	outgoing: 3 
	datadep: 
	instructions:
		 0: def_%self 
		 1: def_%cl_1_0 
		 2: COPY TYPE_CurrentScope def_%current_scope 
		 3: COPY TYPE_ScopeModule def_%current_module 
BB 3
	outgoing: 4 6 
	datadep: 
	instructions:
		 0: 
		 1: news->links def_%cl_1_3 news[] 	 SYMBOL:	 ARGS:
		 2: %cl_1_3->build def_%cl_1_4 %cl_1_3[3.1,] 	 SYMBOL:	 ARGS:
		 3: RETURN %cl_1_4[3.2,] %self[2.0,] 
BB 4
	outgoing: 6 
	datadep: 
	instructions:
		 0: def_%cl_1_5 
		 1: def_%cl_1_6 %cl_1_5[4.0,] 
		 2: RETURN %cl_1_6[4.1,] %self[2.0,] 
BB 6
	outgoing: 
	datadep: 
	instructions:
CLOSURE END: 
		 11: 
		 12: news->links def_%v_7 news[2.5,2.7,] 	 SYMBOL:	 ARGS:
		 13: %v_7->build def_%v_8 %v_7[2.12,] 	 SYMBOL:	 ARGS:
		 14: 
		 15: RETURN news[2.5,2.7,2.12,] %self[2.0,] 
BB 3
	outgoing: 
	datadep: 
	instructions:

SET IRMethod, name = news_posted_by instanceMethod = true
BB 1
	outgoing: 6 2 
	datadep: 
	instructions:
BB 2
	outgoing: 3 4 
	datadep: 
	instructions:
		 0: def_%self 
		 1: def_%v_0 
		 2: COPY TYPE_CurrentScope def_%current_scope 
		 3: COPY TYPE_ScopeModule def_%current_module 
		 4: 
		 5: RECEIVEARG def_news 
		 6: 
		 7: news->node def_%v_3 news[2.5,] 	 SYMBOL:	 ARGS:
		 8: %v_3->user_id def_%v_4 %v_3[2.7,] 	 SYMBOL:	 ARGS:
		 9: BRANCH %v_4[2.8,] 
BB 3
	outgoing: 5 
	datadep: 
	instructions:
		 0: COPY TYPE_Nil def_%v_5 
		 1: 
BB 4
	outgoing: 5 
	datadep: 
	instructions:
		 0: news->author_name def_%v_6 news[2.5,] 	 SYMBOL:	 ARGS:
		 1: COPY TYPE_PASS def_%v_5 %v_6[4.0,] 
BB 5
	outgoing: 6 
	datadep: 
	instructions:
		 0: %self->posted_by def_%v_7 %self[2.0,] news[2.5,] %v_5[4.1,3.0,] 	 SYMBOL:	 ARGS:news,%v_5,
		 1: %self->edited_by def_%v_8 %self[5.0,2.0,] news[2.5,] 	 SYMBOL:	 ARGS:news,
		 2: %v_7->+ def_%v_9 %v_7[5.0,] %v_8[5.1,] 	 SYMBOL:	 ARGS:%v_8,
		 3: %self->moderated_by def_%v_10 %self[5.0,5.1,2.0,] news[2.5,] 	 SYMBOL:	 ARGS:news,
		 4: %v_9->+ def_%v_11 %v_9[5.2,] %v_10[5.3,] 	 SYMBOL:	 ARGS:%v_10,
		 5: %v_11->html_safe def_%v_12 %v_11[5.4,] 	 SYMBOL:	 ARGS:
		 6: RETURN %v_12[5.5,] %self[5.0,5.1,5.3,2.0,] 
BB 6
	outgoing: 
	datadep: 
	instructions:

SET IRMethod, name = edited_by instanceMethod = true
BB 1
	outgoing: 6 2 
	datadep: 
	instructions:
BB 2
	outgoing: 3 4 
	datadep: 
	instructions:
		 0: def_%self 
		 1: def_%v_0 
		 2: COPY TYPE_CurrentScope def_%current_scope 
		 3: COPY TYPE_ScopeModule def_%current_module 
		 4: 
		 5: RECEIVEARG def_news 
		 6: 
		 7: news->edited_by def_%v_3 news[2.5,] 	 SYMBOL:	 ARGS:
		 8: %v_3->none? def_%v_4 %v_3[2.7,] 	 SYMBOL:	 ARGS:
		 9: BRANCH %v_4[2.8,] 
BB 3
	outgoing: 6 
	datadep: 
	instructions:
		 0: COPY TYPE_StringLiteral "" def_%v_5 
		 1: RETURN %v_5[3.0,] %self[2.0,] 
BB 4
	outgoing: 6 
	datadep: 
	instructions:
		 0: COPY TYPE_Nil def_%v_6 
		 1: 
		 2: news->edited_by def_%v_7 news[2.5,] 	 SYMBOL:	 ARGS:
		 3: %v_7->map def_%v_8 %v_7[4.2,] %self[2.0,] 	 SYMBOL:	 ARGS:%v_7,
CLOSURE BEGIN: u[] %self[2.0,] 
BB 1
	outgoing: 6 2 
	datadep: 
	instructions:
BB 2
	outgoing: 3 
	datadep: 
	instructions:
		 0: def_%self 
		 1: def_%cl_1_0 
		 2: RECEIVEARG def_u 
		 3: COPY TYPE_CurrentScope def_%current_scope 
		 4: COPY TYPE_ScopeModule def_%current_module 
BB 3
	outgoing: 4 6 
	datadep: 
	instructions:
		 0: 
		 1: u->name def_%cl_1_3 u[2.2,] 	 SYMBOL:	 ARGS:
		 2: %self->link_to def_%cl_1_4 %self[2.0,] %cl_1_3[3.1,] u[3.1,2.2,] 	 SYMBOL:	 ARGS:%cl_1_3,u,
		 3: RETURN %cl_1_4[3.2,] %self[3.2,2.0,] 
BB 4
	outgoing: 6 
	datadep: 
	instructions:
		 0: def_%cl_1_5 
		 1: def_%cl_1_6 %cl_1_5[4.0,] 
		 2: RETURN %cl_1_6[4.1,] %self[2.0,] 
BB 6
	outgoing: 
	datadep: 
	instructions:
CLOSURE END: 
		 4: %v_8->to_sentence def_%v_9 %v_8[4.3,] 	 SYMBOL:	 ARGS:
		 5: COPY TYPE_PASS def_users %v_9[4.4,] 
		 6: 
		 7: COPY TYPE_StringLiteral " Édité par " def_%v_10 
		 8: %v_9->html_safe def_%v_11 %v_9[4.4,] 	 SYMBOL:	 ARGS:
		 9: COPY TYPE_StringLiteral "edited_by" def_%v_12 
		 10: HASH-class- def_%v_13 %v_12[4.9,] 
		 11: %self->content_tag def_%v_14 %self[2.0,] %v_11[4.8,] %v_13[4.10,] 	 SYMBOL:span,	 ARGS:Symbol,%v_11,%v_13,
		 12: COPY TYPE_StringLiteral "." def_%v_15 
		 13: BUILDSTRING def_%v_16 %v_10[4.7,] %v_14[4.11,] %v_15[4.12,] 
		 14: %v_16->html_safe def_%v_17 %v_16[4.13,] 	 SYMBOL:	 ARGS:
		 15: RETURN %v_17[4.14,] %self[4.11,2.0,] 
BB 6
	outgoing: 
	datadep: 
	instructions:

SET IRMethod, name = moderated_by instanceMethod = true
BB 1
	outgoing: 9 2 
	datadep: 
	instructions:
BB 2
	outgoing: 3 4 
	datadep: 
	instructions:
		 0: def_%self 
		 1: def_%v_0 
		 2: COPY TYPE_CurrentScope def_%current_scope 
		 3: COPY TYPE_ScopeModule def_%current_module 
		 4: 
		 5: RECEIVEARG def_news 
		 6: 
		 7: news->moderator_id def_%v_3 news[2.5,] 	 SYMBOL:	 ARGS:
		 8: BRANCH %v_3[2.7,] 
BB 3
	outgoing: 6 7 
	datadep: 
	instructions:
		 0: COPY TYPE_Nil def_%v_4 
		 1: 
		 2: (User) def_%v_6 
		 3: news->moderator_id def_%v_7 news[2.5,] 	 SYMBOL:	 ARGS:
		 4: HASH-id- def_%v_8 %v_7[3.3,] 
		 5: %v_6->where def_%v_9 %v_6[3.2,] %v_8[3.4,] 	 SYMBOL:	 ARGS:%v_8,
		 6: COPY TYPE_Array def_%v_10 
		 7: %v_9->select def_%v_11 %v_9[3.5,] %v_10[3.6,] 	 SYMBOL:	 ARGS:%v_10,
		 8: %v_11->first def_%v_12 %v_11[3.7,] 	 SYMBOL:	 ARGS:
		 9: COPY TYPE_PASS def_moderator %v_12[3.8,] 
		 10: 
		 11: BRANCH %v_12[3.8,] 
BB 4
	outgoing: 9 
	datadep: 
	instructions:
		 0: COPY TYPE_StringLiteral "" def_%v_5 
		 1: RETURN %v_5[4.0,] %self[2.0,] 
BB 6
	outgoing: 9 
	datadep: 
	instructions:
		 0: COPY TYPE_StringLiteral " Modéré par " def_%v_13 
		 1: moderator->name def_%v_14 moderator[3.9,] 	 SYMBOL:	 ARGS:
		 2: %self->link_to def_%v_15 %self[2.0,] %v_14[6.1,] moderator[6.1,3.9,] 	 SYMBOL:	 ARGS:%v_14,moderator,
		 3: COPY TYPE_StringLiteral "." def_%v_16 
		 4: BUILDSTRING def_%v_17 %v_13[6.0,] %v_15[6.2,] %v_16[6.3,] 
		 5: %v_17->html_safe def_%v_18 %v_17[6.4,] 	 SYMBOL:	 ARGS:
		 6: RETURN %v_18[6.5,] %self[6.2,2.0,] 
BB 7
	outgoing: 9 
	datadep: 
	instructions:
		 0: RETURN %self[2.0,] 
BB 9
	outgoing: 
	datadep: 
	instructions:

SET IRMethod, name = link_attr instanceMethod = true
BB 1
	outgoing: 6 2 
	datadep: 
	instructions:
BB 2
	outgoing: 3 4 
	datadep: 
	instructions:
		 0: def_%self 
		 1: def_%v_0 
		 2: COPY TYPE_CurrentScope def_%current_scope 
		 3: COPY TYPE_ScopeModule def_%current_module 
		 4: 
		 5: RECEIVEARG def_link 
		 6: 
		 7: link->lang def_%v_3 link[2.5,] 	 SYMBOL:	 ARGS:
		 8: HASH-lang- def_%v_4 %v_3[2.7,] 
		 9: COPY TYPE_PASS def_attrs %v_4[2.8,] 
		 10: 
		 11: link->persisted? def_%v_5 link[2.5,2.7,] 	 SYMBOL:	 ARGS:
		 12: BRANCH %v_5[2.11,] 
BB 3
	outgoing: 5 
	datadep: 
	instructions:
		 0: COPY TYPE_StringLiteral "data-url" def_%v_6 
		 1: %self->edit_redaction_link_path def_%v_7 %self[2.0,] link[2.5,] 	 SYMBOL:	 ARGS:link,
		 2: ATTRASSIGN attrs->[] %v_6[3.0,] %v_7[3.1,] 
		 3: 
BB 4
	outgoing: 5 
	datadep: 
	instructions:
		 0: COPY TYPE_Nil def_%v_7 
BB 5
	outgoing: 6 
	datadep: 
	instructions:
		 0: 
		 1: RETURN attrs[3.2,2.9,] %self[2.0,] 
BB 6
	outgoing: 
	datadep: 
	instructions:

