SET IRMethod, name = show instanceMethod = true
BB 1
	outgoing: 6 2 
	datadep: 
	instructions:
BB 2
	outgoing: 3 4 
	datadep: 
	instructions:
		 0: def_%self 
		 1: def_%v_0 
		 2: COPY TYPE_CurrentScope def_%current_scope 
		 3: COPY TYPE_ScopeModule def_%current_module 
		 4: 
		 5: 
		 6: GETFIELD %self->repository def_%v_3 %self[2.0,] 
		 7: GETFIELD %self->ref def_%v_4 %self[2.0,] 
		 8: %v_3->commit def_%v_5 %v_3[2.6,] %v_4[2.7,] 	 SYMBOL:	 ARGS:%v_4,
		 9: BRANCH %v_5[2.8,] 
BB 3
	outgoing: 6 
	datadep: 
	instructions:
		 0: COPY TYPE_Nil def_%v_6 
		 1: 
		 2: %self->respond_to def_%v_8 %self[2.0,] %self[2.0,] 	 SYMBOL:	 ARGS:%self,
CLOSURE BEGIN: format[] 
BB 1
	outgoing: 6 2 
	datadep: 
	instructions:
BB 2
	outgoing: 3 
	datadep: 
	instructions:
		 0: def_%self 
		 1: def_%cl_1_0 
		 2: RECEIVEARG def_format 
		 3: COPY TYPE_CurrentScope def_%current_scope 
		 4: COPY TYPE_ScopeModule def_%current_module 
BB 3
	outgoing: 4 6 
	datadep: 
	instructions:
		 0: 
		 1: format->html def_%cl_1_3 format[2.2,] 	 SYMBOL:	 ARGS:
		 2: RETURN %cl_1_3[3.1,] %self[2.0,] 
BB 4
	outgoing: 6 
	datadep: 
	instructions:
		 0: def_%cl_1_4 
		 1: def_%cl_1_5 %cl_1_4[4.0,] 
		 2: RETURN %cl_1_5[4.1,] %self[2.0,] 
BB 6
	outgoing: 
	datadep: 
	instructions:
CLOSURE END: 
		 3: 
		 4: %self->ruby_code_from_view def_%v_9 %self[3.2,2.0,] 	 SYMBOL:	 ARGS:
		 5: %v_9->ruby_code_from_view def_%v_10 %v_9[3.4,] %self[3.2,3.4,2.0,] 	 SYMBOL:	 ARGS:%v_9,
CLOSURE BEGIN: %self[3.2,3.4,2.0,] project[] site_name[] key[] value[] 
BB 1
	outgoing: 79 2 
	datadep: 
	instructions:
BB 2
	outgoing: 3 
	datadep: 
	instructions:
		 0: def_%self 
		 1: def_%cl_2_0 
		 2: RECEIVEARG def_rb_from_view 
		 3: COPY TYPE_CurrentScope def_%current_scope 
		 4: COPY TYPE_ScopeModule def_%current_module 
BB 3
	outgoing: 4 5 77 
	datadep: 
	instructions:
		 0: 
		 1: GETFIELD %self->project def_%cl_2_3 %self[2.0,] 
		 2: %cl_2_3->name_with_namespace def_%cl_2_4 %cl_2_3[3.1,] 	 SYMBOL:	 ARGS:
		 3: %self->page_title def_%cl_2_5 %self[2.0,] %cl_2_4[3.2,] 	 SYMBOL:	 ARGS:%cl_2_4,
		 4: 
		 5: %self->page_description def_%cl_2_6 %self[3.3,2.0,] 	 SYMBOL:	 ARGS:
		 6: BRANCH %cl_2_6[3.5,] 
BB 4
	outgoing: 6 
	datadep: 
	instructions:
		 0: COPY TYPE_Nil def_%cl_2_7 
		 1: 
BB 5
	outgoing: 6 77 
	datadep: 
	instructions:
		 0: GETFIELD %self->project def_%cl_2_8 %self[2.0,] 
		 1: %cl_2_8->description def_%cl_2_9 %cl_2_8[5.0,] 	 SYMBOL:	 ARGS:
		 2: %self->page_description def_%cl_2_10 %self[2.0,] %cl_2_9[5.1,] 	 SYMBOL:	 ARGS:%cl_2_9,
		 3: COPY TYPE_PASS def_%cl_2_7 %cl_2_10[5.2,] 
BB 6
	outgoing: 7 8 77 
	datadep: 
	instructions:
		 0: 
		 1: %self->header_title def_%cl_2_11 %self[2.0,] 	 SYMBOL:	 ARGS:
		 2: BRANCH %cl_2_11[6.1,] 
BB 7
	outgoing: 9 
	datadep: 
	instructions:
		 0: COPY TYPE_Nil def_%cl_2_12 
		 1: 
BB 8
	outgoing: 9 77 
	datadep: 
	instructions:
		 0: GETFIELD %self->project def_%cl_2_13 %self[2.0,] 
		 1: %self->project_title def_%cl_2_14 %self[2.0,] %cl_2_13[8.0,] 	 SYMBOL:	 ARGS:%cl_2_13,
		 2: %self->header_title def_%cl_2_15 %self[8.1,2.0,] %cl_2_14[8.1,] 	 SYMBOL:	 ARGS:%cl_2_14,
		 3: COPY TYPE_PASS def_%cl_2_12 %cl_2_15[8.2,] 
BB 9
	outgoing: 10 11 77 
	datadep: 
	instructions:
		 0: 
		 1: %self->sidebar def_%cl_2_16 %self[2.0,] 	 SYMBOL:	 ARGS:
		 2: BRANCH %cl_2_16[9.1,] 
BB 10
	outgoing: 12 
	datadep: 
	instructions:
		 0: COPY TYPE_Nil def_%cl_2_17 
		 1: 
BB 11
	outgoing: 12 77 
	datadep: 
	instructions:
		 0: COPY TYPE_StringLiteral "project" def_%cl_2_18 
		 1: %self->sidebar def_%cl_2_19 %self[2.0,] %cl_2_18[11.0,] 	 SYMBOL:	 ARGS:%cl_2_18,
		 2: COPY TYPE_PASS def_%cl_2_17 %cl_2_19[11.1,] 
BB 12
	outgoing: 13 14 77 
	datadep: 
	instructions:
		 0: 
		 1: %self->content_for def_%cl_2_20 %self[2.0,] %self[2.0,] 	 SYMBOL:scripts_body_top,	 ARGS:Symbol,%self,
CLOSURE BEGIN: %self[2.0,] project[] 
BB 1
	outgoing: 14 2 
	datadep: 
	instructions:
BB 2
	outgoing: 4 5 
	datadep: 
	instructions:
		 0: def_%self 
		 1: def_%cl_3_0 
		 2: COPY TYPE_CurrentScope def_%current_scope 
		 3: COPY TYPE_ScopeModule def_%current_module 
		 4: 
		 5: GETFIELD %self->target_project def_%cl_3_3 %self[2.0,] 
		 6: BRANCH %cl_3_3[2.5,] 
BB 4
	outgoing: 5 
	datadep: 
	instructions:
		 0: GETFIELD %self->project def_%cl_3_4 %self[2.0,] 
		 1: COPY TYPE_PASS def_%cl_3_3 %cl_3_4[4.0,] 
BB 5
	outgoing: 6 7 
	datadep: 
	instructions:
		 0: COPY TYPE_PASS def_project %cl_3_3[4.1,2.5,] 
		 1: 
		 2: 
		 3: GETFIELD %self->project_wiki def_%cl_3_5 %self[2.0,] 
		 4: BRANCH %cl_3_5[5.3,] 
BB 6
	outgoing: 8 12 
	datadep: 
	instructions:
		 0: project->namespace def_%cl_3_6 project[5.0,] 	 SYMBOL:	 ARGS:
		 1: %self->namespace_project_wikis_markdown_preview_path def_%cl_3_7 %self[2.0,] %cl_3_6[6.0,] project[6.0,5.0,] 	 SYMBOL:	 ARGS:%cl_3_6,project,
		 2: COPY TYPE_PASS def_markdown_preview_path %cl_3_7[6.1,] 
		 3: 
BB 7
	outgoing: 8 12 
	datadep: 
	instructions:
		 0: 
		 1: project->namespace def_%cl_3_8 project[5.0,] 	 SYMBOL:	 ARGS:
		 2: %self->markdown_preview_namespace_project_path def_%cl_3_9 %self[2.0,] %cl_3_8[7.1,] project[7.1,5.0,] 	 SYMBOL:	 ARGS:%cl_3_8,project,
		 3: COPY TYPE_PASS def_markdown_preview_path %cl_3_9[7.2,] 
		 4: COPY TYPE_PASS def_%cl_3_7 %cl_3_9[7.2,] 
BB 8
	outgoing: 9 10 12 
	datadep: 
	instructions:
		 0: 
		 1: %self->current_user def_%cl_3_10 %self[2.0,] 	 SYMBOL:	 ARGS:
		 2: BRANCH %cl_3_10[8.1,] 
BB 9
	outgoing: 11 
	datadep: 
	instructions:
		 0: COPY TYPE_Nil def_%cl_3_11 
		 1: 
BB 10
	outgoing: 11 
	datadep: 
	instructions:
		 0: COPY TYPE_Nil def_%cl_3_11 
BB 11
	outgoing: 14 
	datadep: 
	instructions:
		 0: RETURN %self[2.0,] 
BB 12
	outgoing: 14 
	datadep: 
	instructions:
		 0: def_%cl_3_12 
		 1: def_%cl_3_13 %cl_3_12[12.0,] 
		 2: RETURN %cl_3_13[12.1,] %self[2.0,] 
BB 14
	outgoing: 
	datadep: 
	instructions:
CLOSURE END: markdown_preview_path[6.2,7.3,] 
		 2: 
		 3: %self->content_for def_%cl_2_21 %self[12.1,2.0,] %self[12.1,2.0,] 	 SYMBOL:scripts_body,	 ARGS:Symbol,%self,
CLOSURE BEGIN: %self[12.1,2.0,] 
BB 1
	outgoing: 11 2 
	datadep: 
	instructions:
BB 2
	outgoing: 4 5 
	datadep: 
	instructions:
		 0: def_%self 
		 1: def_%cl_4_0 
		 2: COPY TYPE_CurrentScope def_%current_scope 
		 3: COPY TYPE_ScopeModule def_%current_module 
		 4: 
		 5: GETFIELD %self->target_project def_%cl_4_3 %self[2.0,] 
		 6: BRANCH %cl_4_3[2.5,] 
BB 4
	outgoing: 5 
	datadep: 
	instructions:
		 0: GETFIELD %self->project def_%cl_4_4 %self[2.0,] 
		 1: COPY TYPE_PASS def_%cl_4_3 %cl_4_4[4.0,] 
BB 5
	outgoing: 6 7 
	datadep: 
	instructions:
		 0: COPY TYPE_PASS def_project %cl_4_3[4.1,2.5,] 
		 1: 
		 2: 
		 3: GETFIELD %self->noteable def_%cl_4_5 %self[2.0,] 
		 4: BRANCH %cl_4_5[5.3,] 
BB 6
	outgoing: 8 
	datadep: 
	instructions:
		 0: COPY TYPE_Nil def_%cl_4_6 
		 1: 
BB 7
	outgoing: 8 
	datadep: 
	instructions:
		 0: COPY TYPE_Nil def_%cl_4_6 
BB 8
	outgoing: 11 
	datadep: 
	instructions:
		 0: RETURN %self[2.0,] 
BB 11
	outgoing: 
	datadep: 
	instructions:
CLOSURE END: 
		 4: 
		 5: %self->content_for def_%cl_2_22 %self[12.1,12.3,2.0,] %self[12.1,12.3,2.0,] 	 SYMBOL:header_content,	 ARGS:Symbol,%self,
CLOSURE BEGIN: %self[12.1,12.3,2.0,] 
BB 1
	outgoing: 6 2 
	datadep: 
	instructions:
BB 2
	outgoing: 3 
	datadep: 
	instructions:
		 0: def_%self 
		 1: def_%cl_5_0 
		 2: COPY TYPE_CurrentScope def_%current_scope 
		 3: COPY TYPE_ScopeModule def_%current_module 
BB 3
	outgoing: 4 6 
	datadep: 
	instructions:
		 0: 
		 1: COPY TYPE_StringLiteral "Go to a project" def_%cl_5_3 
		 2: %self->dropdown_title def_%cl_5_4 %self[2.0,] %cl_5_3[3.1,] 	 SYMBOL:	 ARGS:%cl_5_3,
		 3: 
		 4: COPY TYPE_StringLiteral "Search your projects" def_%cl_5_5 
		 5: %self->dropdown_filter def_%cl_5_6 %self[3.2,2.0,] %cl_5_5[3.4,] 	 SYMBOL:	 ARGS:%cl_5_5,
		 6: 
		 7: %self->dropdown_content def_%cl_5_7 %self[3.2,3.5,2.0,] 	 SYMBOL:	 ARGS:
		 8: 
		 9: %self->dropdown_loading def_%cl_5_8 %self[3.2,3.5,3.7,2.0,] 	 SYMBOL:	 ARGS:
		 10: RETURN %cl_5_8[3.9,] %self[3.2,3.5,3.7,3.9,2.0,] 
BB 4
	outgoing: 6 
	datadep: 
	instructions:
		 0: def_%cl_5_9 
		 1: def_%cl_5_10 %cl_5_9[4.0,] 
		 2: RETURN %cl_5_10[4.1,] %self[2.0,] 
BB 6
	outgoing: 
	datadep: 
	instructions:
CLOSURE END: 
		 6: 
		 7: %self->page_description def_%cl_2_23 %self[12.1,12.3,12.5,2.0,] 	 SYMBOL:	 ARGS:
		 8: BRANCH %cl_2_23[12.7,] 
BB 13
	outgoing: 15 
	datadep: 
	instructions:
		 0: COPY TYPE_Nil def_%cl_2_24 
		 1: 
BB 14
	outgoing: 15 77 
	datadep: 
	instructions:
		 0: %self->brand_title def_%cl_2_25 %self[2.0,] 	 SYMBOL:	 ARGS:
		 1: %self->page_description def_%cl_2_26 %self[14.0,2.0,] %cl_2_25[14.0,] 	 SYMBOL:	 ARGS:%cl_2_25,
		 2: COPY TYPE_PASS def_%cl_2_24 %cl_2_26[14.1,] 
BB 15
	outgoing: 16 17 77 
	datadep: 
	instructions:
		 0: 
		 1: COPY TYPE_StringLiteral "GitLab" def_%cl_2_27 
		 2: COPY TYPE_PASS def_site_name %cl_2_27[15.1,] 
		 3: 
		 4: 
		 5: %self->page_title def_%cl_2_28 %self[2.0,] 	 SYMBOL:	 ARGS:
		 6: 
		 7: %self->page_description def_%cl_2_29 %self[15.5,2.0,] 	 SYMBOL:	 ARGS:
		 8: 
		 9: %self->page_image def_%cl_2_30 %self[15.5,15.7,2.0,] 	 SYMBOL:	 ARGS:
		 10: 
		 11: %self->request def_%cl_2_31 %self[15.5,15.7,15.9,2.0,] 	 SYMBOL:	 ARGS:
		 12: %cl_2_31->base_url def_%cl_2_32 %cl_2_31[15.11,] 	 SYMBOL:	 ARGS:
		 13: 
		 14: %self->page_title def_%cl_2_33 %self[15.5,15.7,15.9,15.11,2.0,] 	 SYMBOL:	 ARGS:
		 15: 
		 16: %self->page_description def_%cl_2_34 %self[15.5,15.7,15.9,15.11,15.14,2.0,] 	 SYMBOL:	 ARGS:
		 17: 
		 18: %self->page_image def_%cl_2_35 %self[15.5,15.7,15.9,15.11,15.14,15.16,2.0,] 	 SYMBOL:	 ARGS:
		 19: 
		 20: %self->page_card_meta_tags def_%cl_2_36 %self[15.5,15.7,15.9,15.11,15.14,15.16,15.18,2.0,] 	 SYMBOL:	 ARGS:
		 21: 
		 22: %self->page_title def_%cl_2_37 %self[15.5,15.7,15.9,15.11,15.14,15.16,15.18,15.20,2.0,] site_name[15.2,] 	 SYMBOL:	 ARGS:site_name,
		 23: 
		 24: %self->page_description def_%cl_2_38 %self[15.5,15.7,15.9,15.11,15.14,15.16,15.18,15.20,15.22,2.0,] 	 SYMBOL:	 ARGS:
		 25: 
		 26: COPY TYPE_StringLiteral "favicon.ico" def_%cl_2_39 
		 27: %self->favicon_link_tag def_%cl_2_40 %self[15.5,15.7,15.9,15.11,15.14,15.16,15.18,15.20,15.22,15.24,2.0,] %cl_2_39[15.26,] 	 SYMBOL:	 ARGS:%cl_2_39,
		 28: 
		 29: COPY TYPE_StringLiteral "application" def_%cl_2_41 
		 30: COPY TYPE_StringLiteral "all" def_%cl_2_42 
		 31: HASH-media- def_%cl_2_43 %cl_2_42[15.30,] 
		 32: %self->stylesheet_link_tag def_%cl_2_44 %self[15.5,15.7,15.9,15.11,15.14,15.16,15.18,15.20,15.22,15.24,15.27,2.0,] %cl_2_41[15.29,] %cl_2_43[15.31,] 	 SYMBOL:	 ARGS:%cl_2_41,%cl_2_43,
		 33: 
		 34: COPY TYPE_StringLiteral "print" def_%cl_2_45 
		 35: COPY TYPE_StringLiteral "print" def_%cl_2_46 
		 36: HASH-media- def_%cl_2_47 %cl_2_46[15.35,] 
		 37: %self->stylesheet_link_tag def_%cl_2_48 %self[15.5,15.7,15.9,15.11,15.14,15.16,15.18,15.20,15.22,15.24,15.27,15.32,2.0,] %cl_2_45[15.34,] %cl_2_47[15.36,] 	 SYMBOL:	 ARGS:%cl_2_45,%cl_2_47,
		 38: 
		 39: COPY TYPE_StringLiteral "application" def_%cl_2_49 
		 40: %self->javascript_include_tag def_%cl_2_50 %self[15.5,15.7,15.9,15.11,15.14,15.16,15.18,15.20,15.22,15.24,15.27,15.32,15.37,2.0,] %cl_2_49[15.39,] 	 SYMBOL:	 ARGS:%cl_2_49,
		 41: 
		 42: %self->csrf_meta_tags def_%cl_2_51 %self[15.5,15.7,15.9,15.11,15.14,15.16,15.18,15.20,15.22,15.24,15.27,15.32,15.37,15.40,2.0,] 	 SYMBOL:	 ARGS:
		 43: 
		 44: %self->include_gon def_%cl_2_52 %self[15.5,15.7,15.9,15.11,15.14,15.16,15.18,15.20,15.22,15.24,15.27,15.32,15.37,15.40,15.42,2.0,] 	 SYMBOL:	 ARGS:
		 45: 
		 46: %self->browser def_%cl_2_53 %self[15.5,15.7,15.9,15.11,15.14,15.16,15.18,15.20,15.22,15.24,15.27,15.32,15.37,15.40,15.42,15.44,2.0,] 	 SYMBOL:	 ARGS:
		 47: %cl_2_53->safari? def_%cl_2_54 %cl_2_53[15.46,] 	 SYMBOL:	 ARGS:
		 48: BRANCH %cl_2_54[15.47,] 
BB 16
	outgoing: 18 
	datadep: 
	instructions:
		 0: COPY TYPE_Nil def_%cl_2_55 
		 1: 
BB 17
	outgoing: 18 
	datadep: 
	instructions:
		 0: COPY TYPE_Nil def_%cl_2_55 
BB 18
	outgoing: 19 34 77 
	datadep: 
	instructions:
		 0: 
		 1: COPY TYPE_StringLiteral "touch-icon-iphone.png" def_%cl_2_56 
		 2: COPY TYPE_StringLiteral "apple-touch-icon" def_%cl_2_57 
		 3: HASH-rel- def_%cl_2_58 %cl_2_57[18.2,] 
		 4: %self->favicon_link_tag def_%cl_2_59 %self[2.0,] %cl_2_56[18.1,] %cl_2_58[18.3,] 	 SYMBOL:	 ARGS:%cl_2_56,%cl_2_58,
		 5: 
		 6: COPY TYPE_StringLiteral "touch-icon-ipad.png" def_%cl_2_60 
		 7: COPY TYPE_StringLiteral "apple-touch-icon" def_%cl_2_61 
		 8: COPY TYPE_StringLiteral "76x76" def_%cl_2_62 
		 9: HASH-rel-sizes- def_%cl_2_63 %cl_2_61[18.7,] %cl_2_62[18.8,] 
		 10: %self->favicon_link_tag def_%cl_2_64 %self[18.4,2.0,] %cl_2_60[18.6,] %cl_2_63[18.9,] 	 SYMBOL:	 ARGS:%cl_2_60,%cl_2_63,
		 11: 
		 12: COPY TYPE_StringLiteral "touch-icon-iphone-retina.png" def_%cl_2_65 
		 13: COPY TYPE_StringLiteral "apple-touch-icon" def_%cl_2_66 
		 14: COPY TYPE_StringLiteral "120x120" def_%cl_2_67 
		 15: HASH-rel-sizes- def_%cl_2_68 %cl_2_66[18.13,] %cl_2_67[18.14,] 
		 16: %self->favicon_link_tag def_%cl_2_69 %self[18.4,18.10,2.0,] %cl_2_65[18.12,] %cl_2_68[18.15,] 	 SYMBOL:	 ARGS:%cl_2_65,%cl_2_68,
		 17: 
		 18: COPY TYPE_StringLiteral "touch-icon-ipad-retina.png" def_%cl_2_70 
		 19: COPY TYPE_StringLiteral "apple-touch-icon" def_%cl_2_71 
		 20: COPY TYPE_StringLiteral "152x152" def_%cl_2_72 
		 21: HASH-rel-sizes- def_%cl_2_73 %cl_2_71[18.19,] %cl_2_72[18.20,] 
		 22: %self->favicon_link_tag def_%cl_2_74 %self[18.4,18.10,18.16,2.0,] %cl_2_70[18.18,] %cl_2_73[18.21,] 	 SYMBOL:	 ARGS:%cl_2_70,%cl_2_73,
		 23: 
		 24: COPY TYPE_StringLiteral "logo.svg" def_%cl_2_75 
		 25: %self->image_path def_%cl_2_76 %self[18.4,18.10,18.16,18.22,2.0,] %cl_2_75[18.24,] 	 SYMBOL:	 ARGS:%cl_2_75,
		 26: 
		 27: COPY TYPE_StringLiteral "msapplication-tile.png" def_%cl_2_77 
		 28: %self->image_path def_%cl_2_78 %self[18.4,18.10,18.16,18.22,18.25,2.0,] %cl_2_77[18.27,] 	 SYMBOL:	 ARGS:%cl_2_77,
		 29: 
		 30: def_%cl_2_79 %cl_2_0[2.1,] 
		 31: 
		 32: def_%cl_2_80 %cl_2_0[2.1,] 
		 33: 
		 34: %self->nav_header_class def_%cl_2_81 %self[18.4,18.10,18.16,18.22,18.25,18.28,2.0,] 	 SYMBOL:	 ARGS:
		 35: 
		 36: COPY TYPE_StringLiteral "bars" def_%cl_2_82 
		 37: %self->icon def_%cl_2_83 %self[18.4,18.10,18.16,18.22,18.25,18.28,18.34,2.0,] %cl_2_82[18.36,] 	 SYMBOL:	 ARGS:%cl_2_82,
		 38: 
		 39: COPY TYPE_StringLiteral "angle-left" def_%cl_2_84 
		 40: %self->icon def_%cl_2_85 %self[18.4,18.10,18.16,18.22,18.25,18.28,18.34,18.37,2.0,] %cl_2_84[18.39,] 	 SYMBOL:	 ARGS:%cl_2_84,
		 41: 
		 42: COPY TYPE_StringLiteral "Search" def_%cl_2_86 
		 43: %self->page_title def_%cl_2_87 %self[18.4,18.10,18.16,18.22,18.25,18.28,18.34,18.37,18.40,2.0,] %cl_2_86[18.42,] 	 SYMBOL:	 ARGS:%cl_2_86,
		 44: 
		 45: COPY TYPE_StringLiteral "Search" def_%cl_2_88 
		 46: %self->search_path def_%cl_2_89 %self[18.4,18.10,18.16,18.22,18.25,18.28,18.34,18.37,18.40,18.43,2.0,] 	 SYMBOL:	 ARGS:
		 47: %self->header_title def_%cl_2_90 %self[18.4,18.10,18.16,18.22,18.25,18.28,18.34,18.37,18.40,18.43,18.46,2.0,] %cl_2_88[18.45,] %cl_2_89[18.46,] 	 SYMBOL:	 ARGS:%cl_2_88,%cl_2_89,
		 48: 
		 49: COPY TYPE_StringLiteral "layouts/application" def_%cl_2_91 
		 50: HASH-template- def_%cl_2_92 %cl_2_91[18.49,] 
		 51: %self->render def_%cl_2_93 %self[18.4,18.10,18.16,18.22,18.25,18.28,18.34,18.37,18.40,18.43,18.46,18.47,2.0,] %cl_2_92[18.50,] 	 SYMBOL:	 ARGS:%cl_2_92,
		 52: 
		 53: %self->search_path def_%cl_2_94 %self[18.4,18.10,18.16,18.22,18.25,18.28,18.34,18.37,18.40,18.43,18.46,18.47,18.51,2.0,] 	 SYMBOL:	 ARGS:
		 54: COPY TYPE_StringLiteral "Search" def_%cl_2_95 
		 55: COPY TYPE_StringLiteral "tooltip" def_%cl_2_96 
		 56: COPY TYPE_StringLiteral "bottom" def_%cl_2_97 
		 57: COPY TYPE_StringLiteral "body" def_%cl_2_98 
		 58: HASH-toggle-placement-container- def_%cl_2_99 %cl_2_96[18.55,] %cl_2_97[18.56,] %cl_2_98[18.57,] 
		 59: HASH-title-data- def_%cl_2_100 %cl_2_95[18.54,] %cl_2_99[18.58,] 
		 60: %self->link_to def_%cl_2_101 %self[18.4,18.10,18.16,18.22,18.25,18.28,18.34,18.37,18.40,18.43,18.46,18.47,18.51,18.53,2.0,] %cl_2_94[18.53,] %cl_2_100[18.59,] %self[18.4,18.10,18.16,18.22,18.25,18.28,18.34,18.37,18.40,18.43,18.46,18.47,18.51,18.53,2.0,] 	 SYMBOL:	 ARGS:%cl_2_94,%cl_2_100,%self,
CLOSURE BEGIN: %self[18.4,18.10,18.16,18.22,18.25,18.28,18.34,18.37,18.40,18.43,18.46,18.47,18.51,18.53,2.0,] 
BB 1
	outgoing: 6 2 
	datadep: 
	instructions:
BB 2
	outgoing: 3 
	datadep: 
	instructions:
		 0: def_%self 
		 1: def_%cl_6_0 
		 2: COPY TYPE_CurrentScope def_%current_scope 
		 3: COPY TYPE_ScopeModule def_%current_module 
BB 3
	outgoing: 4 6 
	datadep: 
	instructions:
		 0: 
		 1: COPY TYPE_StringLiteral "search" def_%cl_6_3 
		 2: %self->icon def_%cl_6_4 %self[2.0,] %cl_6_3[3.1,] 	 SYMBOL:	 ARGS:%cl_6_3,
		 3: RETURN %cl_6_4[3.2,] %self[3.2,2.0,] 
BB 4
	outgoing: 6 
	datadep: 
	instructions:
		 0: def_%cl_6_5 
		 1: def_%cl_6_6 %cl_6_5[4.0,] 
		 2: RETURN %cl_6_6[4.1,] %self[2.0,] 
BB 6
	outgoing: 
	datadep: 
	instructions:
CLOSURE END: 
		 61: 
		 62: %self->current_user def_%cl_2_102 %self[18.4,18.10,18.16,18.22,18.25,18.28,18.34,18.37,18.40,18.43,18.46,18.47,18.51,18.53,18.60,2.0,] 	 SYMBOL:	 ARGS:
		 63: BRANCH %cl_2_102[18.62,] 
BB 19
	outgoing: 20 21 77 
	datadep: 
	instructions:
		 0: 
		 1: %self->session def_%cl_2_103 %self[2.0,] 	 SYMBOL:	 ARGS:
		 2: %cl_2_103->[] def_%cl_2_104 %cl_2_103[19.1,] 	 SYMBOL:impersonator_id,	 ARGS:Symbol,
		 3: BRANCH %cl_2_104[19.2,] 
BB 20
	outgoing: 22 77 
	datadep: 
	instructions:
		 0: 
		 1: %self->admin_impersonation_path def_%cl_2_105 %self[2.0,] 	 SYMBOL:	 ARGS:
		 2: COPY TYPE_StringLiteral "Stop Impersonation" def_%cl_2_106 
		 3: COPY TYPE_StringLiteral "tooltip" def_%cl_2_107 
		 4: COPY TYPE_StringLiteral "bottom" def_%cl_2_108 
		 5: COPY TYPE_StringLiteral "body" def_%cl_2_109 
		 6: HASH-toggle-placement-container- def_%cl_2_110 %cl_2_107[20.3,] %cl_2_108[20.4,] %cl_2_109[20.5,] 
		 7: HASH-method-title-data- def_%cl_2_111 %cl_2_106[20.2,] %cl_2_110[20.6,] 
		 8: %self->link_to def_%cl_2_112 %self[20.1,2.0,] %cl_2_105[20.1,] %cl_2_111[20.7,] %self[20.1,2.0,] 	 SYMBOL:	 ARGS:%cl_2_105,%cl_2_111,%self,
CLOSURE BEGIN: %self[20.1,2.0,] 
BB 1
	outgoing: 6 2 
	datadep: 
	instructions:
BB 2
	outgoing: 3 
	datadep: 
	instructions:
		 0: def_%self 
		 1: def_%cl_7_0 
		 2: COPY TYPE_CurrentScope def_%current_scope 
		 3: COPY TYPE_ScopeModule def_%current_module 
BB 3
	outgoing: 4 6 
	datadep: 
	instructions:
		 0: 
		 1: COPY TYPE_StringLiteral "user-secret fw" def_%cl_7_3 
		 2: %self->icon def_%cl_7_4 %self[2.0,] %cl_7_3[3.1,] 	 SYMBOL:	 ARGS:%cl_7_3,
		 3: RETURN %cl_7_4[3.2,] %self[3.2,2.0,] 
BB 4
	outgoing: 6 
	datadep: 
	instructions:
		 0: def_%cl_7_5 
		 1: def_%cl_7_6 %cl_7_5[4.0,] 
		 2: RETURN %cl_7_6[4.1,] %self[2.0,] 
BB 6
	outgoing: 
	datadep: 
	instructions:
CLOSURE END: 
		 9: 
BB 21
	outgoing: 22 
	datadep: 
	instructions:
		 0: COPY TYPE_Nil def_%cl_2_112 
BB 22
	outgoing: 23 24 77 
	datadep: 
	instructions:
		 0: 
		 1: %self->current_user def_%cl_2_113 %self[2.0,] 	 SYMBOL:	 ARGS:
		 2: %cl_2_113->is_admin? def_%cl_2_114 %cl_2_113[22.1,] 	 SYMBOL:	 ARGS:
		 3: BRANCH %cl_2_114[22.2,] 
BB 23
	outgoing: 25 77 
	datadep: 
	instructions:
		 0: 
		 1: %self->admin_root_path def_%cl_2_115 %self[2.0,] 	 SYMBOL:	 ARGS:
		 2: COPY TYPE_StringLiteral "Admin Area" def_%cl_2_116 
		 3: COPY TYPE_StringLiteral "tooltip" def_%cl_2_117 
		 4: COPY TYPE_StringLiteral "bottom" def_%cl_2_118 
		 5: COPY TYPE_StringLiteral "body" def_%cl_2_119 
		 6: HASH-toggle-placement-container- def_%cl_2_120 %cl_2_117[23.3,] %cl_2_118[23.4,] %cl_2_119[23.5,] 
		 7: HASH-title-data- def_%cl_2_121 %cl_2_116[23.2,] %cl_2_120[23.6,] 
		 8: %self->link_to def_%cl_2_122 %self[23.1,2.0,] %cl_2_115[23.1,] %cl_2_121[23.7,] %self[23.1,2.0,] 	 SYMBOL:	 ARGS:%cl_2_115,%cl_2_121,%self,
CLOSURE BEGIN: %self[23.1,2.0,] 
BB 1
	outgoing: 6 2 
	datadep: 
	instructions:
BB 2
	outgoing: 3 
	datadep: 
	instructions:
		 0: def_%self 
		 1: def_%cl_8_0 
		 2: COPY TYPE_CurrentScope def_%current_scope 
		 3: COPY TYPE_ScopeModule def_%current_module 
BB 3
	outgoing: 4 6 
	datadep: 
	instructions:
		 0: 
		 1: COPY TYPE_StringLiteral "wrench fw" def_%cl_8_3 
		 2: %self->icon def_%cl_8_4 %self[2.0,] %cl_8_3[3.1,] 	 SYMBOL:	 ARGS:%cl_8_3,
		 3: RETURN %cl_8_4[3.2,] %self[3.2,2.0,] 
BB 4
	outgoing: 6 
	datadep: 
	instructions:
		 0: def_%cl_8_5 
		 1: def_%cl_8_6 %cl_8_5[4.0,] 
		 2: RETURN %cl_8_6[4.1,] %self[2.0,] 
BB 6
	outgoing: 
	datadep: 
	instructions:
CLOSURE END: 
		 9: 
BB 24
	outgoing: 25 
	datadep: 
	instructions:
		 0: COPY TYPE_Nil def_%cl_2_122 
BB 25
	outgoing: 26 27 77 
	datadep: 
	instructions:
		 0: 
		 1: %self->dashboard_todos_path def_%cl_2_123 %self[2.0,] 	 SYMBOL:	 ARGS:
		 2: COPY TYPE_StringLiteral "Todos" def_%cl_2_124 
		 3: COPY TYPE_StringLiteral "tooltip" def_%cl_2_125 
		 4: COPY TYPE_StringLiteral "bottom" def_%cl_2_126 
		 5: COPY TYPE_StringLiteral "body" def_%cl_2_127 
		 6: HASH-toggle-placement-container- def_%cl_2_128 %cl_2_125[25.3,] %cl_2_126[25.4,] %cl_2_127[25.5,] 
		 7: HASH-title-data- def_%cl_2_129 %cl_2_124[25.2,] %cl_2_128[25.6,] 
		 8: %self->link_to def_%cl_2_130 %self[25.1,2.0,] %cl_2_123[25.1,] %cl_2_129[25.7,] %self[25.1,2.0,] 	 SYMBOL:	 ARGS:%cl_2_123,%cl_2_129,%self,
CLOSURE BEGIN: %self[25.1,2.0,] 
BB 1
	outgoing: 9 2 
	datadep: 
	instructions:
BB 2
	outgoing: 3 
	datadep: 
	instructions:
		 0: def_%self 
		 1: def_%cl_9_0 
		 2: COPY TYPE_CurrentScope def_%current_scope 
		 3: COPY TYPE_ScopeModule def_%current_module 
BB 3
	outgoing: 4 5 7 
	datadep: 
	instructions:
		 0: 
		 1: COPY TYPE_StringLiteral "bell fw" def_%cl_9_3 
		 2: %self->icon def_%cl_9_4 %self[2.0,] %cl_9_3[3.1,] 	 SYMBOL:	 ARGS:%cl_9_3,
		 3: 
		 4: %self->todos_pending_count def_%cl_9_5 %self[3.2,2.0,] 	 SYMBOL:	 ARGS:
		 5: %cl_9_5->== def_%cl_9_6 %cl_9_5[3.4,] 	 SYMBOL:	 ARGS:Fixnum,
		 6: BRANCH %cl_9_6[3.5,] 
BB 4
	outgoing: 9 
	datadep: 
	instructions:
		 0: COPY TYPE_Nil def_%cl_9_7 
		 1: RETURN %cl_9_7[4.0,] %self[2.0,] 
BB 5
	outgoing: 7 9 
	datadep: 
	instructions:
		 0: 
		 1: %self->todos_pending_count def_%cl_9_8 %self[2.0,] 	 SYMBOL:	 ARGS:
		 2: RETURN %cl_9_8[5.1,] %self[5.1,2.0,] 
BB 7
	outgoing: 9 
	datadep: 
	instructions:
		 0: def_%cl_9_9 
		 1: def_%cl_9_10 %cl_9_9[7.0,] 
		 2: RETURN %cl_9_10[7.1,] %self[2.0,] 
BB 9
	outgoing: 
	datadep: 
	instructions:
CLOSURE END: 
		 9: 
		 10: %self->current_user def_%cl_2_131 %self[25.1,25.8,2.0,] 	 SYMBOL:	 ARGS:
		 11: %cl_2_131->can_create_project? def_%cl_2_132 %cl_2_131[25.10,] 	 SYMBOL:	 ARGS:
		 12: BRANCH %cl_2_132[25.11,] 
BB 26
	outgoing: 28 77 
	datadep: 
	instructions:
		 0: 
		 1: %self->new_project_path def_%cl_2_133 %self[2.0,] 	 SYMBOL:	 ARGS:
		 2: COPY TYPE_StringLiteral "New project" def_%cl_2_134 
		 3: COPY TYPE_StringLiteral "tooltip" def_%cl_2_135 
		 4: COPY TYPE_StringLiteral "bottom" def_%cl_2_136 
		 5: COPY TYPE_StringLiteral "body" def_%cl_2_137 
		 6: HASH-toggle-placement-container- def_%cl_2_138 %cl_2_135[26.3,] %cl_2_136[26.4,] %cl_2_137[26.5,] 
		 7: HASH-title-data- def_%cl_2_139 %cl_2_134[26.2,] %cl_2_138[26.6,] 
		 8: %self->link_to def_%cl_2_140 %self[26.1,2.0,] %cl_2_133[26.1,] %cl_2_139[26.7,] %self[26.1,2.0,] 	 SYMBOL:	 ARGS:%cl_2_133,%cl_2_139,%self,
CLOSURE BEGIN: %self[26.1,2.0,] 
BB 1
	outgoing: 6 2 
	datadep: 
	instructions:
BB 2
	outgoing: 3 
	datadep: 
	instructions:
		 0: def_%self 
		 1: def_%cl_10_0 
		 2: COPY TYPE_CurrentScope def_%current_scope 
		 3: COPY TYPE_ScopeModule def_%current_module 
BB 3
	outgoing: 4 6 
	datadep: 
	instructions:
		 0: 
		 1: COPY TYPE_StringLiteral "plus fw" def_%cl_10_3 
		 2: %self->icon def_%cl_10_4 %self[2.0,] %cl_10_3[3.1,] 	 SYMBOL:	 ARGS:%cl_10_3,
		 3: RETURN %cl_10_4[3.2,] %self[3.2,2.0,] 
BB 4
	outgoing: 6 
	datadep: 
	instructions:
		 0: def_%cl_10_5 
		 1: def_%cl_10_6 %cl_10_5[4.0,] 
		 2: RETURN %cl_10_6[4.1,] %self[2.0,] 
BB 6
	outgoing: 
	datadep: 
	instructions:
CLOSURE END: 
		 9: 
BB 27
	outgoing: 28 
	datadep: 
	instructions:
		 0: COPY TYPE_Nil def_%cl_2_140 
BB 28
	outgoing: 29 30 77 
	datadep: 
	instructions:
		 0: 
		 1: (Gitlab) def_%cl_2_141 
		 2: (inherit Sherlock) def_%cl_2_142 %cl_2_141[28.1,] 
		 3: %cl_2_142[28.2,] 
BB 29
	outgoing: 30 77 
	datadep: 
	instructions:
		 0: %cl_2_141->const_missing def_%cl_2_142 %cl_2_141[28.1,] 	 SYMBOL:Sherlock,	 ARGS:Symbol,
BB 30
	outgoing: 31 32 77 
	datadep: 
	instructions:
		 0: %cl_2_142->enabled? def_%cl_2_143 %cl_2_142[29.0,28.2,] 	 SYMBOL:	 ARGS:
		 1: BRANCH %cl_2_143[30.0,] 
BB 31
	outgoing: 33 77 
	datadep: 
	instructions:
		 0: 
		 1: %self->sherlock_transactions_path def_%cl_2_144 %self[2.0,] 	 SYMBOL:	 ARGS:
		 2: COPY TYPE_StringLiteral "Sherlock Transactions" def_%cl_2_145 
		 3: COPY TYPE_StringLiteral "tooltip" def_%cl_2_146 
		 4: COPY TYPE_StringLiteral "bottom" def_%cl_2_147 
		 5: COPY TYPE_StringLiteral "body" def_%cl_2_148 
		 6: HASH-toggle-placement-container- def_%cl_2_149 %cl_2_146[31.3,] %cl_2_147[31.4,] %cl_2_148[31.5,] 
		 7: HASH-title-data- def_%cl_2_150 %cl_2_145[31.2,] %cl_2_149[31.6,] 
		 8: %self->link_to def_%cl_2_151 %self[31.1,2.0,] %cl_2_144[31.1,] %cl_2_150[31.7,] %self[31.1,2.0,] 	 SYMBOL:	 ARGS:%cl_2_144,%cl_2_150,%self,
CLOSURE BEGIN: %self[31.1,2.0,] 
BB 1
	outgoing: 6 2 
	datadep: 
	instructions:
BB 2
	outgoing: 3 
	datadep: 
	instructions:
		 0: def_%self 
		 1: def_%cl_11_0 
		 2: COPY TYPE_CurrentScope def_%current_scope 
		 3: COPY TYPE_ScopeModule def_%current_module 
BB 3
	outgoing: 4 6 
	datadep: 
	instructions:
		 0: 
		 1: COPY TYPE_StringLiteral "tachometer fw" def_%cl_11_3 
		 2: %self->icon def_%cl_11_4 %self[2.0,] %cl_11_3[3.1,] 	 SYMBOL:	 ARGS:%cl_11_3,
		 3: RETURN %cl_11_4[3.2,] %self[3.2,2.0,] 
BB 4
	outgoing: 6 
	datadep: 
	instructions:
		 0: def_%cl_11_5 
		 1: def_%cl_11_6 %cl_11_5[4.0,] 
		 2: RETURN %cl_11_6[4.1,] %self[2.0,] 
BB 6
	outgoing: 
	datadep: 
	instructions:
CLOSURE END: 
		 9: 
BB 32
	outgoing: 33 
	datadep: 
	instructions:
		 0: COPY TYPE_Nil def_%cl_2_151 
BB 33
	outgoing: 35 77 
	datadep: 
	instructions:
		 0: 
		 1: %self->destroy_user_session_path def_%cl_2_152 %self[2.0,] 	 SYMBOL:	 ARGS:
		 2: COPY TYPE_StringLiteral "logout" def_%cl_2_153 
		 3: COPY TYPE_StringLiteral "Sign out" def_%cl_2_154 
		 4: COPY TYPE_StringLiteral "tooltip" def_%cl_2_155 
		 5: COPY TYPE_StringLiteral "bottom" def_%cl_2_156 
		 6: COPY TYPE_StringLiteral "body" def_%cl_2_157 
		 7: HASH-toggle-placement-container- def_%cl_2_158 %cl_2_155[33.4,] %cl_2_156[33.5,] %cl_2_157[33.6,] 
		 8: HASH-class-method-title-data- def_%cl_2_159 %cl_2_153[33.2,] %cl_2_154[33.3,] %cl_2_158[33.7,] 
		 9: %self->link_to def_%cl_2_160 %self[33.1,2.0,] %cl_2_152[33.1,] %cl_2_159[33.8,] %self[33.1,2.0,] 	 SYMBOL:	 ARGS:%cl_2_152,%cl_2_159,%self,
CLOSURE BEGIN: %self[33.1,2.0,] 
BB 1
	outgoing: 6 2 
	datadep: 
	instructions:
BB 2
	outgoing: 3 
	datadep: 
	instructions:
		 0: def_%self 
		 1: def_%cl_12_0 
		 2: COPY TYPE_CurrentScope def_%current_scope 
		 3: COPY TYPE_ScopeModule def_%current_module 
BB 3
	outgoing: 4 6 
	datadep: 
	instructions:
		 0: 
		 1: COPY TYPE_StringLiteral "sign-out" def_%cl_12_3 
		 2: %self->icon def_%cl_12_4 %self[2.0,] %cl_12_3[3.1,] 	 SYMBOL:	 ARGS:%cl_12_3,
		 3: RETURN %cl_12_4[3.2,] %self[3.2,2.0,] 
BB 4
	outgoing: 6 
	datadep: 
	instructions:
		 0: def_%cl_12_5 
		 1: def_%cl_12_6 %cl_12_5[4.0,] 
		 2: RETURN %cl_12_6[4.1,] %self[2.0,] 
BB 6
	outgoing: 
	datadep: 
	instructions:
CLOSURE END: 
		 10: 
BB 34
	outgoing: 35 77 
	datadep: 
	instructions:
		 0: 
		 1: COPY TYPE_StringLiteral "Sign in" def_%cl_2_161 
		 2: COPY TYPE_StringLiteral "yes" def_%cl_2_162 
		 3: HASH-redirect_to_referer- def_%cl_2_163 %cl_2_162[34.2,] 
		 4: %self->new_session_path def_%cl_2_164 %self[2.0,] %cl_2_163[34.3,] 	 SYMBOL:user,	 ARGS:Symbol,%cl_2_163,
		 5: COPY TYPE_StringLiteral "btn btn-sign-in btn-success" def_%cl_2_165 
		 6: HASH-class- def_%cl_2_166 %cl_2_165[34.5,] 
		 7: %self->link_to def_%cl_2_167 %self[34.4,2.0,] %cl_2_161[34.1,] %cl_2_164[34.4,] %cl_2_166[34.6,] 	 SYMBOL:	 ARGS:%cl_2_161,%cl_2_164,%cl_2_166,
		 8: COPY TYPE_PASS def_%cl_2_160 %cl_2_167[34.7,] 
BB 35
	outgoing: 36 37 77 
	datadep: 
	instructions:
		 0: 
		 1: %self->title def_%cl_2_168 %self[2.0,] 	 SYMBOL:	 ARGS:
		 2: 
		 3: def_%cl_2_169 %cl_2_0[2.1,] 
		 4: 
		 5: %self->outdated_browser? def_%cl_2_170 %self[35.1,2.0,] 	 SYMBOL:	 ARGS:
		 6: BRANCH %cl_2_170[35.5,] 
BB 36
	outgoing: 38 77 
	datadep: 
	instructions:
		 0: 
		 1: COPY TYPE_StringLiteral "https://gitlab.com/gitlab-org/gitlab-ce/blob/master/doc/install/requirements.md#supported-web-browsers" def_%cl_2_171 
		 2: COPY TYPE_PASS def_link %cl_2_171[36.1,] 
		 3: 
		 4: COPY TYPE_StringLiteral "supported web browser" def_%cl_2_172 
		 5: %self->link_to def_%cl_2_173 %self[2.0,] %cl_2_172[36.4,] %cl_2_171[36.1,] 	 SYMBOL:	 ARGS:%cl_2_172,link,
		 6: 
BB 37
	outgoing: 38 
	datadep: 
	instructions:
		 0: COPY TYPE_Nil def_%cl_2_173 
BB 38
	outgoing: 39 40 
	datadep: 
	instructions:
		 0: 
		 1: GETFIELD %self->project def_%cl_2_174 %self[2.0,] 
		 2: BRANCH %cl_2_174[38.1,] 
BB 39
	outgoing: 40 77 
	datadep: 
	instructions:
		 0: GETFIELD %self->project def_%cl_2_175 %self[2.0,] 
		 1: %cl_2_175->empty_repo? def_%cl_2_176 %cl_2_175[39.0,] 	 SYMBOL:	 ARGS:
		 2: %cl_2_176->! def_%cl_2_177 %cl_2_176[39.1,] 	 SYMBOL:	 ARGS:
		 3: COPY TYPE_PASS def_%cl_2_174 %cl_2_177[39.2,] 
BB 40
	outgoing: 41 47 
	datadep: 
	instructions:
		 0: BRANCH %cl_2_174[39.3,38.1,] 
BB 41
	outgoing: 42 43 
	datadep: 
	instructions:
		 0: 
		 1: GETFIELD %self->ref def_%cl_2_178 %self[2.0,] 
		 2: BRANCH %cl_2_178[41.1,] 
BB 42
	outgoing: 43 77 
	datadep: 
	instructions:
		 0: GETFIELD %self->project def_%cl_2_179 %self[2.0,] 
		 1: %cl_2_179->repository def_%cl_2_180 %cl_2_179[42.0,] 	 SYMBOL:	 ARGS:
		 2: %cl_2_180->root_ref def_%cl_2_181 %cl_2_180[42.1,] 	 SYMBOL:	 ARGS:
		 3: COPY TYPE_PASS def_%cl_2_178 %cl_2_181[42.2,] 
BB 43
	outgoing: 44 45 
	datadep: 
	instructions:
		 0: COPY TYPE_PASS def_ref %cl_2_178[42.3,41.1,] 
		 1: BRANCH %cl_2_178[42.3,41.1,] 
BB 44
	outgoing: 46 
	datadep: 
	instructions:
		 0: COPY TYPE_Nil def_%cl_2_182 
		 1: 
BB 45
	outgoing: 46 
	datadep: 
	instructions:
		 0: COPY TYPE_Nil def_%cl_2_182 
BB 46
	outgoing: 48 
	datadep: 
	instructions:
		 0: COPY TYPE_Nil def_%cl_2_183 
		 1: 
BB 47
	outgoing: 48 
	datadep: 
	instructions:
		 0: COPY TYPE_Nil def_%cl_2_183 
BB 48
	outgoing: 49 50 77 
	datadep: 
	instructions:
		 0: 
		 1: %self->broadcast_message def_%cl_2_184 %self[2.0,] 	 SYMBOL:	 ARGS:
		 2: 
		 3: %self->nav_sidebar_class def_%cl_2_185 %self[48.1,2.0,] 	 SYMBOL:	 ARGS:
		 4: 
		 5: %self->brand_header_logo def_%cl_2_186 %self[48.1,48.3,2.0,] 	 SYMBOL:	 ARGS:
		 6: 
		 7: %self->root_path def_%cl_2_187 %self[48.1,48.3,48.5,2.0,] 	 SYMBOL:	 ARGS:
		 8: COPY TYPE_StringLiteral "gitlab-text-container-link" def_%cl_2_188 
		 9: COPY TYPE_StringLiteral "Dashboard" def_%cl_2_189 
		 10: COPY TYPE_StringLiteral "js-shortcuts-home" def_%cl_2_190 
		 11: HASH-class-title-id- def_%cl_2_191 %cl_2_188[48.8,] %cl_2_189[48.9,] %cl_2_190[48.10,] 
		 12: %self->link_to def_%cl_2_192 %self[48.1,48.3,48.5,48.7,2.0,] %cl_2_187[48.7,] %cl_2_191[48.11,] %self[48.1,48.3,48.5,48.7,2.0,] 	 SYMBOL:	 ARGS:%cl_2_187,%cl_2_191,%self,
CLOSURE BEGIN: 
BB 1
	outgoing: 6 2 
	datadep: 
	instructions:
BB 2
	outgoing: 6 
	datadep: 
	instructions:
		 0: def_%self 
		 1: def_%cl_13_0 
		 2: COPY TYPE_CurrentScope def_%current_scope 
		 3: COPY TYPE_ScopeModule def_%current_module 
		 4: RETURN %self[2.0,] 
BB 6
	outgoing: 
	datadep: 
	instructions:
CLOSURE END: 
		 13: 
		 14: def_%cl_2_193 %self[48.1,48.3,48.5,48.7,48.12,2.0,] 
		 15: BRANCH %cl_2_193[48.14,] 
BB 49
	outgoing: 50 77 
	datadep: 
	instructions:
		 0: %self->sidebar def_%cl_2_194 %self[2.0,] 	 SYMBOL:	 ARGS:
		 1: COPY TYPE_PASS def_%cl_2_193 %cl_2_194[49.0,] 
BB 50
	outgoing: 51 52 
	datadep: 
	instructions:
		 0: BRANCH %cl_2_193[49.1,48.14,] 
BB 51
	outgoing: 56 77 
	datadep: 
	instructions:
		 0: 
		 1: COPY TYPE_StringLiteral "layouts/nav/" def_%cl_2_195 
		 2: %self->render def_%cl_2_196 %self[2.0,] %cl_2_195[51.1,] 	 SYMBOL:	 ARGS:%cl_2_195,
		 3: 
BB 52
	outgoing: 53 54 77 
	datadep: 
	instructions:
		 0: 
		 1: %self->current_user def_%cl_2_197 %self[2.0,] 	 SYMBOL:	 ARGS:
		 2: BRANCH %cl_2_197[52.1,] 
BB 53
	outgoing: 55 77 
	datadep: 
	instructions:
		 0: 
		 1: COPY TYPE_StringLiteral "root#index" def_%cl_2_198 
		 2: COPY TYPE_StringLiteral "projects#trending" def_%cl_2_199 
		 3: COPY TYPE_StringLiteral "projects#starred" def_%cl_2_200 
		 4: COPY TYPE_StringLiteral "dashboard/projects#index" def_%cl_2_201 
		 5: COPY TYPE_Array def_%cl_2_202 %cl_2_198[53.1,] %cl_2_199[53.2,] %cl_2_200[53.3,] %cl_2_201[53.4,] 
		 6: COPY TYPE_StringLiteral "home" def_%cl_2_203 
		 7: HASH-class- def_%cl_2_204 %cl_2_203[53.6,] 
		 8: HASH-path-html_options- def_%cl_2_205 %cl_2_202[53.5,] %cl_2_204[53.7,] 
		 9: %self->nav_link def_%cl_2_206 %self[2.0,] %cl_2_205[53.8,] %self[2.0,] 	 SYMBOL:	 ARGS:%cl_2_205,%self,
CLOSURE BEGIN: %self[2.0,] 
BB 1
	outgoing: 6 2 
	datadep: 
	instructions:
BB 2
	outgoing: 3 
	datadep: 
	instructions:
		 0: def_%self 
		 1: def_%cl_14_0 
		 2: COPY TYPE_CurrentScope def_%current_scope 
		 3: COPY TYPE_ScopeModule def_%current_module 
BB 3
	outgoing: 4 6 
	datadep: 
	instructions:
		 0: 
		 1: %self->dashboard_projects_path def_%cl_14_3 %self[2.0,] 	 SYMBOL:	 ARGS:
		 2: COPY TYPE_StringLiteral "Projects" def_%cl_14_4 
		 3: HASH-title- def_%cl_14_5 %cl_14_4[3.2,] 
		 4: %self->link_to def_%cl_14_6 %self[3.1,2.0,] %cl_14_3[3.1,] %cl_14_5[3.3,] %self[3.1,2.0,] 	 SYMBOL:	 ARGS:%cl_14_3,%cl_14_5,%self,
CLOSURE BEGIN: %self[3.1,2.0,] 
BB 1
	outgoing: 6 2 
	datadep: 
	instructions:
BB 2
	outgoing: 3 
	datadep: 
	instructions:
		 0: def_%self 
		 1: def_%cl_15_0 
		 2: COPY TYPE_CurrentScope def_%current_scope 
		 3: COPY TYPE_ScopeModule def_%current_module 
BB 3
	outgoing: 4 6 
	datadep: 
	instructions:
		 0: 
		 1: COPY TYPE_StringLiteral "bookmark fw" def_%cl_15_3 
		 2: %self->icon def_%cl_15_4 %self[2.0,] %cl_15_3[3.1,] 	 SYMBOL:	 ARGS:%cl_15_3,
		 3: RETURN %cl_15_4[3.2,] %self[3.2,2.0,] 
BB 4
	outgoing: 6 
	datadep: 
	instructions:
		 0: def_%cl_15_5 
		 1: def_%cl_15_6 %cl_15_5[4.0,] 
		 2: RETURN %cl_15_6[4.1,] %self[2.0,] 
BB 6
	outgoing: 
	datadep: 
	instructions:
CLOSURE END: 
		 5: RETURN %cl_14_6[3.4,] %self[3.1,3.4,2.0,] 
BB 4
	outgoing: 6 
	datadep: 
	instructions:
		 0: def_%cl_14_7 
		 1: def_%cl_14_8 %cl_14_7[4.0,] 
		 2: RETURN %cl_14_8[4.1,] %self[2.0,] 
BB 6
	outgoing: 
	datadep: 
	instructions:
CLOSURE END: 
		 10: 
		 11: HASH-controller- def_%cl_2_207 
		 12: %self->nav_link def_%cl_2_208 %self[53.9,2.0,] %cl_2_207[53.11,] %self[53.9,2.0,] 	 SYMBOL:	 ARGS:%cl_2_207,%self,
CLOSURE BEGIN: %self[53.9,2.0,] 
BB 1
	outgoing: 6 2 
	datadep: 
	instructions:
BB 2
	outgoing: 3 
	datadep: 
	instructions:
		 0: def_%self 
		 1: def_%cl_16_0 
		 2: COPY TYPE_CurrentScope def_%current_scope 
		 3: COPY TYPE_ScopeModule def_%current_module 
BB 3
	outgoing: 4 6 
	datadep: 
	instructions:
		 0: 
		 1: %self->dashboard_todos_path def_%cl_16_3 %self[2.0,] 	 SYMBOL:	 ARGS:
		 2: COPY TYPE_StringLiteral "Todos" def_%cl_16_4 
		 3: HASH-title- def_%cl_16_5 %cl_16_4[3.2,] 
		 4: %self->link_to def_%cl_16_6 %self[3.1,2.0,] %cl_16_3[3.1,] %cl_16_5[3.3,] %self[3.1,2.0,] 	 SYMBOL:	 ARGS:%cl_16_3,%cl_16_5,%self,
CLOSURE BEGIN: %self[3.1,2.0,] 
BB 1
	outgoing: 6 2 
	datadep: 
	instructions:
BB 2
	outgoing: 3 
	datadep: 
	instructions:
		 0: def_%self 
		 1: def_%cl_17_0 
		 2: COPY TYPE_CurrentScope def_%current_scope 
		 3: COPY TYPE_ScopeModule def_%current_module 
BB 3
	outgoing: 4 6 
	datadep: 
	instructions:
		 0: 
		 1: COPY TYPE_StringLiteral "bell fw" def_%cl_17_3 
		 2: %self->icon def_%cl_17_4 %self[2.0,] %cl_17_3[3.1,] 	 SYMBOL:	 ARGS:%cl_17_3,
		 3: 
		 4: %self->todos_pending_count def_%cl_17_5 %self[3.2,2.0,] 	 SYMBOL:	 ARGS:
		 5: %self->number_with_delimiter def_%cl_17_6 %self[3.2,3.4,2.0,] %cl_17_5[3.4,] 	 SYMBOL:	 ARGS:%cl_17_5,
		 6: RETURN %cl_17_6[3.5,] %self[3.2,3.4,3.5,2.0,] 
BB 4
	outgoing: 6 
	datadep: 
	instructions:
		 0: def_%cl_17_7 
		 1: def_%cl_17_8 %cl_17_7[4.0,] 
		 2: RETURN %cl_17_8[4.1,] %self[2.0,] 
BB 6
	outgoing: 
	datadep: 
	instructions:
CLOSURE END: 
		 5: RETURN %cl_16_6[3.4,] %self[3.1,3.4,2.0,] 
BB 4
	outgoing: 6 
	datadep: 
	instructions:
		 0: def_%cl_16_7 
		 1: def_%cl_16_8 %cl_16_7[4.0,] 
		 2: RETURN %cl_16_8[4.1,] %self[2.0,] 
BB 6
	outgoing: 
	datadep: 
	instructions:
CLOSURE END: 
		 13: 
		 14: COPY TYPE_StringLiteral "dashboard#activity" def_%cl_2_209 
		 15: HASH-path- def_%cl_2_210 %cl_2_209[53.14,] 
		 16: %self->nav_link def_%cl_2_211 %self[53.9,53.12,2.0,] %cl_2_210[53.15,] %self[53.9,53.12,2.0,] 	 SYMBOL:	 ARGS:%cl_2_210,%self,
CLOSURE BEGIN: %self[53.9,53.12,2.0,] 
BB 1
	outgoing: 6 2 
	datadep: 
	instructions:
BB 2
	outgoing: 3 
	datadep: 
	instructions:
		 0: def_%self 
		 1: def_%cl_18_0 
		 2: COPY TYPE_CurrentScope def_%current_scope 
		 3: COPY TYPE_ScopeModule def_%current_module 
BB 3
	outgoing: 4 6 
	datadep: 
	instructions:
		 0: 
		 1: %self->activity_dashboard_path def_%cl_18_3 %self[2.0,] 	 SYMBOL:	 ARGS:
		 2: COPY TYPE_StringLiteral "shortcuts-activity" def_%cl_18_4 
		 3: COPY TYPE_StringLiteral "Activity" def_%cl_18_5 
		 4: HASH-class-title- def_%cl_18_6 %cl_18_4[3.2,] %cl_18_5[3.3,] 
		 5: %self->link_to def_%cl_18_7 %self[3.1,2.0,] %cl_18_3[3.1,] %cl_18_6[3.4,] %self[3.1,2.0,] 	 SYMBOL:	 ARGS:%cl_18_3,%cl_18_6,%self,
CLOSURE BEGIN: %self[3.1,2.0,] 
BB 1
	outgoing: 6 2 
	datadep: 
	instructions:
BB 2
	outgoing: 3 
	datadep: 
	instructions:
		 0: def_%self 
		 1: def_%cl_19_0 
		 2: COPY TYPE_CurrentScope def_%current_scope 
		 3: COPY TYPE_ScopeModule def_%current_module 
BB 3
	outgoing: 4 6 
	datadep: 
	instructions:
		 0: 
		 1: COPY TYPE_StringLiteral "dashboard fw" def_%cl_19_3 
		 2: %self->icon def_%cl_19_4 %self[2.0,] %cl_19_3[3.1,] 	 SYMBOL:	 ARGS:%cl_19_3,
		 3: RETURN %cl_19_4[3.2,] %self[3.2,2.0,] 
BB 4
	outgoing: 6 
	datadep: 
	instructions:
		 0: def_%cl_19_5 
		 1: def_%cl_19_6 %cl_19_5[4.0,] 
		 2: RETURN %cl_19_6[4.1,] %self[2.0,] 
BB 6
	outgoing: 
	datadep: 
	instructions:
CLOSURE END: 
		 6: RETURN %cl_18_7[3.5,] %self[3.1,3.5,2.0,] 
BB 4
	outgoing: 6 
	datadep: 
	instructions:
		 0: def_%cl_18_8 
		 1: def_%cl_18_9 %cl_18_8[4.0,] 
		 2: RETURN %cl_18_9[4.1,] %self[2.0,] 
BB 6
	outgoing: 
	datadep: 
	instructions:
CLOSURE END: 
		 17: 
		 18: COPY TYPE_StringLiteral "groups/milestones" def_%cl_2_212 
		 19: COPY TYPE_StringLiteral "groups/group_members" def_%cl_2_213 
		 20: COPY TYPE_Array def_%cl_2_214 %cl_2_212[53.18,] %cl_2_213[53.19,] 
		 21: HASH-controller- def_%cl_2_215 %cl_2_214[53.20,] 
		 22: %self->nav_link def_%cl_2_216 %self[53.9,53.12,53.16,2.0,] %cl_2_215[53.21,] %self[53.9,53.12,53.16,2.0,] 	 SYMBOL:	 ARGS:%cl_2_215,%self,
CLOSURE BEGIN: %self[53.9,53.12,53.16,2.0,] 
BB 1
	outgoing: 6 2 
	datadep: 
	instructions:
BB 2
	outgoing: 3 
	datadep: 
	instructions:
		 0: def_%self 
		 1: def_%cl_20_0 
		 2: COPY TYPE_CurrentScope def_%current_scope 
		 3: COPY TYPE_ScopeModule def_%current_module 
BB 3
	outgoing: 4 6 
	datadep: 
	instructions:
		 0: 
		 1: %self->dashboard_groups_path def_%cl_20_3 %self[2.0,] 	 SYMBOL:	 ARGS:
		 2: COPY TYPE_StringLiteral "Groups" def_%cl_20_4 
		 3: HASH-title- def_%cl_20_5 %cl_20_4[3.2,] 
		 4: %self->link_to def_%cl_20_6 %self[3.1,2.0,] %cl_20_3[3.1,] %cl_20_5[3.3,] %self[3.1,2.0,] 	 SYMBOL:	 ARGS:%cl_20_3,%cl_20_5,%self,
CLOSURE BEGIN: %self[3.1,2.0,] 
BB 1
	outgoing: 6 2 
	datadep: 
	instructions:
BB 2
	outgoing: 3 
	datadep: 
	instructions:
		 0: def_%self 
		 1: def_%cl_21_0 
		 2: COPY TYPE_CurrentScope def_%current_scope 
		 3: COPY TYPE_ScopeModule def_%current_module 
BB 3
	outgoing: 4 6 
	datadep: 
	instructions:
		 0: 
		 1: COPY TYPE_StringLiteral "group fw" def_%cl_21_3 
		 2: %self->icon def_%cl_21_4 %self[2.0,] %cl_21_3[3.1,] 	 SYMBOL:	 ARGS:%cl_21_3,
		 3: RETURN %cl_21_4[3.2,] %self[3.2,2.0,] 
BB 4
	outgoing: 6 
	datadep: 
	instructions:
		 0: def_%cl_21_5 
		 1: def_%cl_21_6 %cl_21_5[4.0,] 
		 2: RETURN %cl_21_6[4.1,] %self[2.0,] 
BB 6
	outgoing: 
	datadep: 
	instructions:
CLOSURE END: 
		 5: RETURN %cl_20_6[3.4,] %self[3.1,3.4,2.0,] 
BB 4
	outgoing: 6 
	datadep: 
	instructions:
		 0: def_%cl_20_7 
		 1: def_%cl_20_8 %cl_20_7[4.0,] 
		 2: RETURN %cl_20_8[4.1,] %self[2.0,] 
BB 6
	outgoing: 
	datadep: 
	instructions:
CLOSURE END: 
		 23: 
		 24: COPY TYPE_StringLiteral "dashboard/milestones" def_%cl_2_217 
		 25: HASH-controller- def_%cl_2_218 %cl_2_217[53.24,] 
		 26: %self->nav_link def_%cl_2_219 %self[53.9,53.12,53.16,53.22,2.0,] %cl_2_218[53.25,] %self[53.9,53.12,53.16,53.22,2.0,] 	 SYMBOL:	 ARGS:%cl_2_218,%self,
CLOSURE BEGIN: %self[53.9,53.12,53.16,53.22,2.0,] 
BB 1
	outgoing: 6 2 
	datadep: 
	instructions:
BB 2
	outgoing: 3 
	datadep: 
	instructions:
		 0: def_%self 
		 1: def_%cl_22_0 
		 2: COPY TYPE_CurrentScope def_%current_scope 
		 3: COPY TYPE_ScopeModule def_%current_module 
BB 3
	outgoing: 4 6 
	datadep: 
	instructions:
		 0: 
		 1: %self->dashboard_milestones_path def_%cl_22_3 %self[2.0,] 	 SYMBOL:	 ARGS:
		 2: COPY TYPE_StringLiteral "Milestones" def_%cl_22_4 
		 3: HASH-title- def_%cl_22_5 %cl_22_4[3.2,] 
		 4: %self->link_to def_%cl_22_6 %self[3.1,2.0,] %cl_22_3[3.1,] %cl_22_5[3.3,] %self[3.1,2.0,] 	 SYMBOL:	 ARGS:%cl_22_3,%cl_22_5,%self,
CLOSURE BEGIN: %self[3.1,2.0,] 
BB 1
	outgoing: 6 2 
	datadep: 
	instructions:
BB 2
	outgoing: 3 
	datadep: 
	instructions:
		 0: def_%self 
		 1: def_%cl_23_0 
		 2: COPY TYPE_CurrentScope def_%current_scope 
		 3: COPY TYPE_ScopeModule def_%current_module 
BB 3
	outgoing: 4 6 
	datadep: 
	instructions:
		 0: 
		 1: COPY TYPE_StringLiteral "clock-o fw" def_%cl_23_3 
		 2: %self->icon def_%cl_23_4 %self[2.0,] %cl_23_3[3.1,] 	 SYMBOL:	 ARGS:%cl_23_3,
		 3: RETURN %cl_23_4[3.2,] %self[3.2,2.0,] 
BB 4
	outgoing: 6 
	datadep: 
	instructions:
		 0: def_%cl_23_5 
		 1: def_%cl_23_6 %cl_23_5[4.0,] 
		 2: RETURN %cl_23_6[4.1,] %self[2.0,] 
BB 6
	outgoing: 
	datadep: 
	instructions:
CLOSURE END: 
		 5: RETURN %cl_22_6[3.4,] %self[3.1,3.4,2.0,] 
BB 4
	outgoing: 6 
	datadep: 
	instructions:
		 0: def_%cl_22_7 
		 1: def_%cl_22_8 %cl_22_7[4.0,] 
		 2: RETURN %cl_22_8[4.1,] %self[2.0,] 
BB 6
	outgoing: 
	datadep: 
	instructions:
CLOSURE END: 
		 27: 
		 28: COPY TYPE_StringLiteral "dashboard#issues" def_%cl_2_220 
		 29: HASH-path- def_%cl_2_221 %cl_2_220[53.28,] 
		 30: %self->nav_link def_%cl_2_222 %self[53.9,53.12,53.16,53.22,53.26,2.0,] %cl_2_221[53.29,] %self[53.9,53.12,53.16,53.22,53.26,2.0,] 	 SYMBOL:	 ARGS:%cl_2_221,%self,
CLOSURE BEGIN: %self[53.9,53.12,53.16,53.22,53.26,2.0,] 
BB 1
	outgoing: 6 2 
	datadep: 
	instructions:
BB 2
	outgoing: 3 
	datadep: 
	instructions:
		 0: def_%self 
		 1: def_%cl_24_0 
		 2: COPY TYPE_CurrentScope def_%current_scope 
		 3: COPY TYPE_ScopeModule def_%current_module 
BB 3
	outgoing: 4 6 
	datadep: 
	instructions:
		 0: 
		 1: %self->assigned_issues_dashboard_path def_%cl_24_3 %self[2.0,] 	 SYMBOL:	 ARGS:
		 2: COPY TYPE_StringLiteral "Issues" def_%cl_24_4 
		 3: COPY TYPE_StringLiteral "shortcuts-issues" def_%cl_24_5 
		 4: HASH-title-class- def_%cl_24_6 %cl_24_4[3.2,] %cl_24_5[3.3,] 
		 5: %self->link_to def_%cl_24_7 %self[3.1,2.0,] %cl_24_3[3.1,] %cl_24_6[3.4,] %self[3.1,2.0,] 	 SYMBOL:	 ARGS:%cl_24_3,%cl_24_6,%self,
CLOSURE BEGIN: %self[3.1,2.0,] 
BB 1
	outgoing: 6 2 
	datadep: 
	instructions:
BB 2
	outgoing: 3 
	datadep: 
	instructions:
		 0: def_%self 
		 1: def_%cl_25_0 
		 2: COPY TYPE_CurrentScope def_%current_scope 
		 3: COPY TYPE_ScopeModule def_%current_module 
BB 3
	outgoing: 4 6 
	datadep: 
	instructions:
		 0: 
		 1: COPY TYPE_StringLiteral "exclamation-circle fw" def_%cl_25_3 
		 2: %self->icon def_%cl_25_4 %self[2.0,] %cl_25_3[3.1,] 	 SYMBOL:	 ARGS:%cl_25_3,
		 3: 
		 4: %self->current_user def_%cl_25_5 %self[3.2,2.0,] 	 SYMBOL:	 ARGS:
		 5: %cl_25_5->assigned_issues def_%cl_25_6 %cl_25_5[3.4,] 	 SYMBOL:	 ARGS:
		 6: %cl_25_6->opened def_%cl_25_7 %cl_25_6[3.5,] 	 SYMBOL:	 ARGS:
		 7: %cl_25_7->count def_%cl_25_8 %cl_25_7[3.6,] 	 SYMBOL:	 ARGS:
		 8: %self->number_with_delimiter def_%cl_25_9 %self[3.2,3.4,2.0,] %cl_25_8[3.7,] 	 SYMBOL:	 ARGS:%cl_25_8,
		 9: RETURN %cl_25_9[3.8,] %self[3.2,3.4,3.8,2.0,] 
BB 4
	outgoing: 6 
	datadep: 
	instructions:
		 0: def_%cl_25_10 
		 1: def_%cl_25_11 %cl_25_10[4.0,] 
		 2: RETURN %cl_25_11[4.1,] %self[2.0,] 
BB 6
	outgoing: 
	datadep: 
	instructions:
CLOSURE END: 
		 6: RETURN %cl_24_7[3.5,] %self[3.1,3.5,2.0,] 
BB 4
	outgoing: 6 
	datadep: 
	instructions:
		 0: def_%cl_24_8 
		 1: def_%cl_24_9 %cl_24_8[4.0,] 
		 2: RETURN %cl_24_9[4.1,] %self[2.0,] 
BB 6
	outgoing: 
	datadep: 
	instructions:
CLOSURE END: 
		 31: 
		 32: COPY TYPE_StringLiteral "dashboard#merge_requests" def_%cl_2_223 
		 33: HASH-path- def_%cl_2_224 %cl_2_223[53.32,] 
		 34: %self->nav_link def_%cl_2_225 %self[53.9,53.12,53.16,53.22,53.26,53.30,2.0,] %cl_2_224[53.33,] %self[53.9,53.12,53.16,53.22,53.26,53.30,2.0,] 	 SYMBOL:	 ARGS:%cl_2_224,%self,
CLOSURE BEGIN: %self[53.9,53.12,53.16,53.22,53.26,53.30,2.0,] 
BB 1
	outgoing: 6 2 
	datadep: 
	instructions:
BB 2
	outgoing: 3 
	datadep: 
	instructions:
		 0: def_%self 
		 1: def_%cl_26_0 
		 2: COPY TYPE_CurrentScope def_%current_scope 
		 3: COPY TYPE_ScopeModule def_%current_module 
BB 3
	outgoing: 4 6 
	datadep: 
	instructions:
		 0: 
		 1: %self->assigned_mrs_dashboard_path def_%cl_26_3 %self[2.0,] 	 SYMBOL:	 ARGS:
		 2: COPY TYPE_StringLiteral "Merge Requests" def_%cl_26_4 
		 3: COPY TYPE_StringLiteral "shortcuts-merge_requests" def_%cl_26_5 
		 4: HASH-title-class- def_%cl_26_6 %cl_26_4[3.2,] %cl_26_5[3.3,] 
		 5: %self->link_to def_%cl_26_7 %self[3.1,2.0,] %cl_26_3[3.1,] %cl_26_6[3.4,] %self[3.1,2.0,] 	 SYMBOL:	 ARGS:%cl_26_3,%cl_26_6,%self,
CLOSURE BEGIN: %self[3.1,2.0,] 
BB 1
	outgoing: 6 2 
	datadep: 
	instructions:
BB 2
	outgoing: 3 
	datadep: 
	instructions:
		 0: def_%self 
		 1: def_%cl_27_0 
		 2: COPY TYPE_CurrentScope def_%current_scope 
		 3: COPY TYPE_ScopeModule def_%current_module 
BB 3
	outgoing: 4 6 
	datadep: 
	instructions:
		 0: 
		 1: COPY TYPE_StringLiteral "tasks fw" def_%cl_27_3 
		 2: %self->icon def_%cl_27_4 %self[2.0,] %cl_27_3[3.1,] 	 SYMBOL:	 ARGS:%cl_27_3,
		 3: 
		 4: %self->current_user def_%cl_27_5 %self[3.2,2.0,] 	 SYMBOL:	 ARGS:
		 5: %cl_27_5->assigned_merge_requests def_%cl_27_6 %cl_27_5[3.4,] 	 SYMBOL:	 ARGS:
		 6: %cl_27_6->opened def_%cl_27_7 %cl_27_6[3.5,] 	 SYMBOL:	 ARGS:
		 7: %cl_27_7->count def_%cl_27_8 %cl_27_7[3.6,] 	 SYMBOL:	 ARGS:
		 8: %self->number_with_delimiter def_%cl_27_9 %self[3.2,3.4,2.0,] %cl_27_8[3.7,] 	 SYMBOL:	 ARGS:%cl_27_8,
		 9: RETURN %cl_27_9[3.8,] %self[3.2,3.4,3.8,2.0,] 
BB 4
	outgoing: 6 
	datadep: 
	instructions:
		 0: def_%cl_27_10 
		 1: def_%cl_27_11 %cl_27_10[4.0,] 
		 2: RETURN %cl_27_11[4.1,] %self[2.0,] 
BB 6
	outgoing: 
	datadep: 
	instructions:
CLOSURE END: 
		 6: RETURN %cl_26_7[3.5,] %self[3.1,3.5,2.0,] 
BB 4
	outgoing: 6 
	datadep: 
	instructions:
		 0: def_%cl_26_8 
		 1: def_%cl_26_9 %cl_26_8[4.0,] 
		 2: RETURN %cl_26_9[4.1,] %self[2.0,] 
BB 6
	outgoing: 
	datadep: 
	instructions:
CLOSURE END: 
		 35: 
		 36: HASH-controller- def_%cl_2_226 
		 37: %self->nav_link def_%cl_2_227 %self[53.9,53.12,53.16,53.22,53.26,53.30,53.34,2.0,] %cl_2_226[53.36,] %self[53.9,53.12,53.16,53.22,53.26,53.30,53.34,2.0,] 	 SYMBOL:	 ARGS:%cl_2_226,%self,
CLOSURE BEGIN: %self[53.9,53.12,53.16,53.22,53.26,53.30,53.34,2.0,] 
BB 1
	outgoing: 6 2 
	datadep: 
	instructions:
BB 2
	outgoing: 3 
	datadep: 
	instructions:
		 0: def_%self 
		 1: def_%cl_28_0 
		 2: COPY TYPE_CurrentScope def_%current_scope 
		 3: COPY TYPE_ScopeModule def_%current_module 
BB 3
	outgoing: 4 6 
	datadep: 
	instructions:
		 0: 
		 1: %self->dashboard_snippets_path def_%cl_28_3 %self[2.0,] 	 SYMBOL:	 ARGS:
		 2: COPY TYPE_StringLiteral "Snippets" def_%cl_28_4 
		 3: HASH-title- def_%cl_28_5 %cl_28_4[3.2,] 
		 4: %self->link_to def_%cl_28_6 %self[3.1,2.0,] %cl_28_3[3.1,] %cl_28_5[3.3,] %self[3.1,2.0,] 	 SYMBOL:	 ARGS:%cl_28_3,%cl_28_5,%self,
CLOSURE BEGIN: %self[3.1,2.0,] 
BB 1
	outgoing: 6 2 
	datadep: 
	instructions:
BB 2
	outgoing: 3 
	datadep: 
	instructions:
		 0: def_%self 
		 1: def_%cl_29_0 
		 2: COPY TYPE_CurrentScope def_%current_scope 
		 3: COPY TYPE_ScopeModule def_%current_module 
BB 3
	outgoing: 4 6 
	datadep: 
	instructions:
		 0: 
		 1: COPY TYPE_StringLiteral "clipboard fw" def_%cl_29_3 
		 2: %self->icon def_%cl_29_4 %self[2.0,] %cl_29_3[3.1,] 	 SYMBOL:	 ARGS:%cl_29_3,
		 3: RETURN %cl_29_4[3.2,] %self[3.2,2.0,] 
BB 4
	outgoing: 6 
	datadep: 
	instructions:
		 0: def_%cl_29_5 
		 1: def_%cl_29_6 %cl_29_5[4.0,] 
		 2: RETURN %cl_29_6[4.1,] %self[2.0,] 
BB 6
	outgoing: 
	datadep: 
	instructions:
CLOSURE END: 
		 5: RETURN %cl_28_6[3.4,] %self[3.1,3.4,2.0,] 
BB 4
	outgoing: 6 
	datadep: 
	instructions:
		 0: def_%cl_28_7 
		 1: def_%cl_28_8 %cl_28_7[4.0,] 
		 2: RETURN %cl_28_8[4.1,] %self[2.0,] 
BB 6
	outgoing: 
	datadep: 
	instructions:
CLOSURE END: 
		 38: 
		 39: HASH-controller- def_%cl_2_228 
		 40: %self->nav_link def_%cl_2_229 %self[53.9,53.12,53.16,53.22,53.26,53.30,53.34,53.37,2.0,] %cl_2_228[53.39,] %self[53.9,53.12,53.16,53.22,53.26,53.30,53.34,53.37,2.0,] 	 SYMBOL:	 ARGS:%cl_2_228,%self,
CLOSURE BEGIN: %self[53.9,53.12,53.16,53.22,53.26,53.30,53.34,53.37,2.0,] 
BB 1
	outgoing: 6 2 
	datadep: 
	instructions:
BB 2
	outgoing: 3 
	datadep: 
	instructions:
		 0: def_%self 
		 1: def_%cl_30_0 
		 2: COPY TYPE_CurrentScope def_%current_scope 
		 3: COPY TYPE_ScopeModule def_%current_module 
BB 3
	outgoing: 4 6 
	datadep: 
	instructions:
		 0: 
		 1: %self->help_path def_%cl_30_3 %self[2.0,] 	 SYMBOL:	 ARGS:
		 2: COPY TYPE_StringLiteral "Help" def_%cl_30_4 
		 3: HASH-title- def_%cl_30_5 %cl_30_4[3.2,] 
		 4: %self->link_to def_%cl_30_6 %self[3.1,2.0,] %cl_30_3[3.1,] %cl_30_5[3.3,] %self[3.1,2.0,] 	 SYMBOL:	 ARGS:%cl_30_3,%cl_30_5,%self,
CLOSURE BEGIN: %self[3.1,2.0,] 
BB 1
	outgoing: 6 2 
	datadep: 
	instructions:
BB 2
	outgoing: 3 
	datadep: 
	instructions:
		 0: def_%self 
		 1: def_%cl_31_0 
		 2: COPY TYPE_CurrentScope def_%current_scope 
		 3: COPY TYPE_ScopeModule def_%current_module 
BB 3
	outgoing: 4 6 
	datadep: 
	instructions:
		 0: 
		 1: COPY TYPE_StringLiteral "question-circle fw" def_%cl_31_3 
		 2: %self->icon def_%cl_31_4 %self[2.0,] %cl_31_3[3.1,] 	 SYMBOL:	 ARGS:%cl_31_3,
		 3: RETURN %cl_31_4[3.2,] %self[3.2,2.0,] 
BB 4
	outgoing: 6 
	datadep: 
	instructions:
		 0: def_%cl_31_5 
		 1: def_%cl_31_6 %cl_31_5[4.0,] 
		 2: RETURN %cl_31_6[4.1,] %self[2.0,] 
BB 6
	outgoing: 
	datadep: 
	instructions:
CLOSURE END: 
		 5: RETURN %cl_30_6[3.4,] %self[3.1,3.4,2.0,] 
BB 4
	outgoing: 6 
	datadep: 
	instructions:
		 0: def_%cl_30_7 
		 1: def_%cl_30_8 %cl_30_7[4.0,] 
		 2: RETURN %cl_30_8[4.1,] %self[2.0,] 
BB 6
	outgoing: 
	datadep: 
	instructions:
CLOSURE END: 
		 41: 
		 42: %self->profile_tab_class def_%cl_2_230 %self[53.9,53.12,53.16,53.22,53.26,53.30,53.34,53.37,53.40,2.0,] 	 SYMBOL:	 ARGS:
		 43: HASH-class- def_%cl_2_231 %cl_2_230[53.42,] 
		 44: HASH-html_options- def_%cl_2_232 %cl_2_231[53.43,] 
		 45: %self->nav_link def_%cl_2_233 %self[53.9,53.12,53.16,53.22,53.26,53.30,53.34,53.37,53.40,53.42,2.0,] %cl_2_232[53.44,] %self[53.9,53.12,53.16,53.22,53.26,53.30,53.34,53.37,53.40,53.42,2.0,] 	 SYMBOL:	 ARGS:%cl_2_232,%self,
CLOSURE BEGIN: %self[53.9,53.12,53.16,53.22,53.26,53.30,53.34,53.37,53.40,53.42,2.0,] 
BB 1
	outgoing: 6 2 
	datadep: 
	instructions:
BB 2
	outgoing: 3 
	datadep: 
	instructions:
		 0: def_%self 
		 1: def_%cl_32_0 
		 2: COPY TYPE_CurrentScope def_%current_scope 
		 3: COPY TYPE_ScopeModule def_%current_module 
BB 3
	outgoing: 4 6 
	datadep: 
	instructions:
		 0: 
		 1: %self->profile_path def_%cl_32_3 %self[2.0,] 	 SYMBOL:	 ARGS:
		 2: COPY TYPE_StringLiteral "Profile Settings" def_%cl_32_4 
		 3: COPY TYPE_StringLiteral "bottom" def_%cl_32_5 
		 4: HASH-placement- def_%cl_32_6 %cl_32_5[3.3,] 
		 5: HASH-title-data- def_%cl_32_7 %cl_32_4[3.2,] %cl_32_6[3.4,] 
		 6: %self->link_to def_%cl_32_8 %self[3.1,2.0,] %cl_32_3[3.1,] %cl_32_7[3.5,] %self[3.1,2.0,] 	 SYMBOL:	 ARGS:%cl_32_3,%cl_32_7,%self,
CLOSURE BEGIN: %self[3.1,2.0,] 
BB 1
	outgoing: 6 2 
	datadep: 
	instructions:
BB 2
	outgoing: 3 
	datadep: 
	instructions:
		 0: def_%self 
		 1: def_%cl_33_0 
		 2: COPY TYPE_CurrentScope def_%current_scope 
		 3: COPY TYPE_ScopeModule def_%current_module 
BB 3
	outgoing: 4 6 
	datadep: 
	instructions:
		 0: 
		 1: COPY TYPE_StringLiteral "user fw" def_%cl_33_3 
		 2: %self->icon def_%cl_33_4 %self[2.0,] %cl_33_3[3.1,] 	 SYMBOL:	 ARGS:%cl_33_3,
		 3: RETURN %cl_33_4[3.2,] %self[3.2,2.0,] 
BB 4
	outgoing: 6 
	datadep: 
	instructions:
		 0: def_%cl_33_5 
		 1: def_%cl_33_6 %cl_33_5[4.0,] 
		 2: RETURN %cl_33_6[4.1,] %self[2.0,] 
BB 6
	outgoing: 
	datadep: 
	instructions:
CLOSURE END: 
		 7: RETURN %cl_32_8[3.6,] %self[3.1,3.6,2.0,] 
BB 4
	outgoing: 6 
	datadep: 
	instructions:
		 0: def_%cl_32_9 
		 1: def_%cl_32_10 %cl_32_9[4.0,] 
		 2: RETURN %cl_32_10[4.1,] %self[2.0,] 
BB 6
	outgoing: 
	datadep: 
	instructions:
CLOSURE END: 
		 46: 
BB 54
	outgoing: 55 77 
	datadep: 
	instructions:
		 0: 
		 1: COPY TYPE_StringLiteral "dashboard#show" def_%cl_2_234 
		 2: COPY TYPE_StringLiteral "root#show" def_%cl_2_235 
		 3: COPY TYPE_StringLiteral "projects#trending" def_%cl_2_236 
		 4: COPY TYPE_StringLiteral "projects#starred" def_%cl_2_237 
		 5: COPY TYPE_StringLiteral "projects#index" def_%cl_2_238 
		 6: COPY TYPE_Array def_%cl_2_239 %cl_2_234[54.1,] %cl_2_235[54.2,] %cl_2_236[54.3,] %cl_2_237[54.4,] %cl_2_238[54.5,] 
		 7: COPY TYPE_StringLiteral "home" def_%cl_2_240 
		 8: HASH-class- def_%cl_2_241 %cl_2_240[54.7,] 
		 9: HASH-path-html_options- def_%cl_2_242 %cl_2_239[54.6,] %cl_2_241[54.8,] 
		 10: %self->nav_link def_%cl_2_243 %self[2.0,] %cl_2_242[54.9,] %self[2.0,] 	 SYMBOL:	 ARGS:%cl_2_242,%self,
CLOSURE BEGIN: %self[2.0,] 
BB 1
	outgoing: 6 2 
	datadep: 
	instructions:
BB 2
	outgoing: 3 
	datadep: 
	instructions:
		 0: def_%self 
		 1: def_%cl_34_0 
		 2: COPY TYPE_CurrentScope def_%current_scope 
		 3: COPY TYPE_ScopeModule def_%current_module 
BB 3
	outgoing: 4 6 
	datadep: 
	instructions:
		 0: 
		 1: %self->explore_root_path def_%cl_34_3 %self[2.0,] 	 SYMBOL:	 ARGS:
		 2: COPY TYPE_StringLiteral "Projects" def_%cl_34_4 
		 3: HASH-title- def_%cl_34_5 %cl_34_4[3.2,] 
		 4: %self->link_to def_%cl_34_6 %self[3.1,2.0,] %cl_34_3[3.1,] %cl_34_5[3.3,] %self[3.1,2.0,] 	 SYMBOL:	 ARGS:%cl_34_3,%cl_34_5,%self,
CLOSURE BEGIN: %self[3.1,2.0,] 
BB 1
	outgoing: 6 2 
	datadep: 
	instructions:
BB 2
	outgoing: 3 
	datadep: 
	instructions:
		 0: def_%self 
		 1: def_%cl_35_0 
		 2: COPY TYPE_CurrentScope def_%current_scope 
		 3: COPY TYPE_ScopeModule def_%current_module 
BB 3
	outgoing: 4 6 
	datadep: 
	instructions:
		 0: 
		 1: COPY TYPE_StringLiteral "bookmark fw" def_%cl_35_3 
		 2: %self->icon def_%cl_35_4 %self[2.0,] %cl_35_3[3.1,] 	 SYMBOL:	 ARGS:%cl_35_3,
		 3: RETURN %cl_35_4[3.2,] %self[3.2,2.0,] 
BB 4
	outgoing: 6 
	datadep: 
	instructions:
		 0: def_%cl_35_5 
		 1: def_%cl_35_6 %cl_35_5[4.0,] 
		 2: RETURN %cl_35_6[4.1,] %self[2.0,] 
BB 6
	outgoing: 
	datadep: 
	instructions:
CLOSURE END: 
		 5: RETURN %cl_34_6[3.4,] %self[3.1,3.4,2.0,] 
BB 4
	outgoing: 6 
	datadep: 
	instructions:
		 0: def_%cl_34_7 
		 1: def_%cl_34_8 %cl_34_7[4.0,] 
		 2: RETURN %cl_34_8[4.1,] %self[2.0,] 
BB 6
	outgoing: 
	datadep: 
	instructions:
CLOSURE END: 
		 11: 
		 12: COPY TYPE_StringLiteral "groups/milestones" def_%cl_2_244 
		 13: COPY TYPE_StringLiteral "groups/group_members" def_%cl_2_245 
		 14: COPY TYPE_Array def_%cl_2_246 %cl_2_244[54.12,] %cl_2_245[54.13,] 
		 15: HASH-controller- def_%cl_2_247 %cl_2_246[54.14,] 
		 16: %self->nav_link def_%cl_2_248 %self[54.10,2.0,] %cl_2_247[54.15,] %self[54.10,2.0,] 	 SYMBOL:	 ARGS:%cl_2_247,%self,
CLOSURE BEGIN: %self[54.10,2.0,] 
BB 1
	outgoing: 6 2 
	datadep: 
	instructions:
BB 2
	outgoing: 3 
	datadep: 
	instructions:
		 0: def_%self 
		 1: def_%cl_36_0 
		 2: COPY TYPE_CurrentScope def_%current_scope 
		 3: COPY TYPE_ScopeModule def_%current_module 
BB 3
	outgoing: 4 6 
	datadep: 
	instructions:
		 0: 
		 1: %self->explore_groups_path def_%cl_36_3 %self[2.0,] 	 SYMBOL:	 ARGS:
		 2: COPY TYPE_StringLiteral "Groups" def_%cl_36_4 
		 3: HASH-title- def_%cl_36_5 %cl_36_4[3.2,] 
		 4: %self->link_to def_%cl_36_6 %self[3.1,2.0,] %cl_36_3[3.1,] %cl_36_5[3.3,] %self[3.1,2.0,] 	 SYMBOL:	 ARGS:%cl_36_3,%cl_36_5,%self,
CLOSURE BEGIN: %self[3.1,2.0,] 
BB 1
	outgoing: 6 2 
	datadep: 
	instructions:
BB 2
	outgoing: 3 
	datadep: 
	instructions:
		 0: def_%self 
		 1: def_%cl_37_0 
		 2: COPY TYPE_CurrentScope def_%current_scope 
		 3: COPY TYPE_ScopeModule def_%current_module 
BB 3
	outgoing: 4 6 
	datadep: 
	instructions:
		 0: 
		 1: COPY TYPE_StringLiteral "group fw" def_%cl_37_3 
		 2: %self->icon def_%cl_37_4 %self[2.0,] %cl_37_3[3.1,] 	 SYMBOL:	 ARGS:%cl_37_3,
		 3: RETURN %cl_37_4[3.2,] %self[3.2,2.0,] 
BB 4
	outgoing: 6 
	datadep: 
	instructions:
		 0: def_%cl_37_5 
		 1: def_%cl_37_6 %cl_37_5[4.0,] 
		 2: RETURN %cl_37_6[4.1,] %self[2.0,] 
BB 6
	outgoing: 
	datadep: 
	instructions:
CLOSURE END: 
		 5: RETURN %cl_36_6[3.4,] %self[3.1,3.4,2.0,] 
BB 4
	outgoing: 6 
	datadep: 
	instructions:
		 0: def_%cl_36_7 
		 1: def_%cl_36_8 %cl_36_7[4.0,] 
		 2: RETURN %cl_36_8[4.1,] %self[2.0,] 
BB 6
	outgoing: 
	datadep: 
	instructions:
CLOSURE END: 
		 17: 
		 18: HASH-controller- def_%cl_2_249 
		 19: %self->nav_link def_%cl_2_250 %self[54.10,54.16,2.0,] %cl_2_249[54.18,] %self[54.10,54.16,2.0,] 	 SYMBOL:	 ARGS:%cl_2_249,%self,
CLOSURE BEGIN: %self[54.10,54.16,2.0,] 
BB 1
	outgoing: 6 2 
	datadep: 
	instructions:
BB 2
	outgoing: 3 
	datadep: 
	instructions:
		 0: def_%self 
		 1: def_%cl_38_0 
		 2: COPY TYPE_CurrentScope def_%current_scope 
		 3: COPY TYPE_ScopeModule def_%current_module 
BB 3
	outgoing: 4 6 
	datadep: 
	instructions:
		 0: 
		 1: %self->explore_snippets_path def_%cl_38_3 %self[2.0,] 	 SYMBOL:	 ARGS:
		 2: COPY TYPE_StringLiteral "Snippets" def_%cl_38_4 
		 3: HASH-title- def_%cl_38_5 %cl_38_4[3.2,] 
		 4: %self->link_to def_%cl_38_6 %self[3.1,2.0,] %cl_38_3[3.1,] %cl_38_5[3.3,] %self[3.1,2.0,] 	 SYMBOL:	 ARGS:%cl_38_3,%cl_38_5,%self,
CLOSURE BEGIN: %self[3.1,2.0,] 
BB 1
	outgoing: 6 2 
	datadep: 
	instructions:
BB 2
	outgoing: 3 
	datadep: 
	instructions:
		 0: def_%self 
		 1: def_%cl_39_0 
		 2: COPY TYPE_CurrentScope def_%current_scope 
		 3: COPY TYPE_ScopeModule def_%current_module 
BB 3
	outgoing: 4 6 
	datadep: 
	instructions:
		 0: 
		 1: COPY TYPE_StringLiteral "clipboard fw" def_%cl_39_3 
		 2: %self->icon def_%cl_39_4 %self[2.0,] %cl_39_3[3.1,] 	 SYMBOL:	 ARGS:%cl_39_3,
		 3: RETURN %cl_39_4[3.2,] %self[3.2,2.0,] 
BB 4
	outgoing: 6 
	datadep: 
	instructions:
		 0: def_%cl_39_5 
		 1: def_%cl_39_6 %cl_39_5[4.0,] 
		 2: RETURN %cl_39_6[4.1,] %self[2.0,] 
BB 6
	outgoing: 
	datadep: 
	instructions:
CLOSURE END: 
		 5: RETURN %cl_38_6[3.4,] %self[3.1,3.4,2.0,] 
BB 4
	outgoing: 6 
	datadep: 
	instructions:
		 0: def_%cl_38_7 
		 1: def_%cl_38_8 %cl_38_7[4.0,] 
		 2: RETURN %cl_38_8[4.1,] %self[2.0,] 
BB 6
	outgoing: 
	datadep: 
	instructions:
CLOSURE END: 
		 20: 
		 21: HASH-controller- def_%cl_2_251 
		 22: %self->nav_link def_%cl_2_252 %self[54.10,54.16,54.19,2.0,] %cl_2_251[54.21,] %self[54.10,54.16,54.19,2.0,] 	 SYMBOL:	 ARGS:%cl_2_251,%self,
CLOSURE BEGIN: %self[54.10,54.16,54.19,2.0,] 
BB 1
	outgoing: 6 2 
	datadep: 
	instructions:
BB 2
	outgoing: 3 
	datadep: 
	instructions:
		 0: def_%self 
		 1: def_%cl_40_0 
		 2: COPY TYPE_CurrentScope def_%current_scope 
		 3: COPY TYPE_ScopeModule def_%current_module 
BB 3
	outgoing: 4 6 
	datadep: 
	instructions:
		 0: 
		 1: %self->help_path def_%cl_40_3 %self[2.0,] 	 SYMBOL:	 ARGS:
		 2: COPY TYPE_StringLiteral "Help" def_%cl_40_4 
		 3: HASH-title- def_%cl_40_5 %cl_40_4[3.2,] 
		 4: %self->link_to def_%cl_40_6 %self[3.1,2.0,] %cl_40_3[3.1,] %cl_40_5[3.3,] %self[3.1,2.0,] 	 SYMBOL:	 ARGS:%cl_40_3,%cl_40_5,%self,
CLOSURE BEGIN: %self[3.1,2.0,] 
BB 1
	outgoing: 6 2 
	datadep: 
	instructions:
BB 2
	outgoing: 3 
	datadep: 
	instructions:
		 0: def_%self 
		 1: def_%cl_41_0 
		 2: COPY TYPE_CurrentScope def_%current_scope 
		 3: COPY TYPE_ScopeModule def_%current_module 
BB 3
	outgoing: 4 6 
	datadep: 
	instructions:
		 0: 
		 1: COPY TYPE_StringLiteral "question-circle fw" def_%cl_41_3 
		 2: %self->icon def_%cl_41_4 %self[2.0,] %cl_41_3[3.1,] 	 SYMBOL:	 ARGS:%cl_41_3,
		 3: RETURN %cl_41_4[3.2,] %self[3.2,2.0,] 
BB 4
	outgoing: 6 
	datadep: 
	instructions:
		 0: def_%cl_41_5 
		 1: def_%cl_41_6 %cl_41_5[4.0,] 
		 2: RETURN %cl_41_6[4.1,] %self[2.0,] 
BB 6
	outgoing: 
	datadep: 
	instructions:
CLOSURE END: 
		 5: RETURN %cl_40_6[3.4,] %self[3.1,3.4,2.0,] 
BB 4
	outgoing: 6 
	datadep: 
	instructions:
		 0: def_%cl_40_7 
		 1: def_%cl_40_8 %cl_40_7[4.0,] 
		 2: RETURN %cl_40_8[4.1,] %self[2.0,] 
BB 6
	outgoing: 
	datadep: 
	instructions:
CLOSURE END: 
		 23: COPY TYPE_PASS def_%cl_2_233 %cl_2_252[54.22,] 
BB 55
	outgoing: 56 
	datadep: 
	instructions:
		 0: COPY TYPE_PASS def_%cl_2_196 %cl_2_233[54.23,53.45,] 
BB 56
	outgoing: 57 58 77 
	datadep: 
	instructions:
		 0: 
		 1: %self->nav_menu_collapsed? def_%cl_2_253 %self[2.0,] 	 SYMBOL:	 ARGS:
		 2: BRANCH %cl_2_253[56.1,] 
BB 57
	outgoing: 59 77 
	datadep: 
	instructions:
		 0: 
		 1: COPY TYPE_StringLiteral "angle-right" def_%cl_2_254 
		 2: %self->icon def_%cl_2_255 %self[2.0,] %cl_2_254[57.1,] 	 SYMBOL:	 ARGS:%cl_2_254,
		 3: COPY TYPE_StringLiteral "#" def_%cl_2_256 
		 4: COPY TYPE_StringLiteral "toggle-nav-collapse" def_%cl_2_257 
		 5: COPY TYPE_StringLiteral "Open/Close" def_%cl_2_258 
		 6: HASH-class-title- def_%cl_2_259 %cl_2_257[57.4,] %cl_2_258[57.5,] 
		 7: %self->link_to def_%cl_2_260 %self[57.2,2.0,] %cl_2_255[57.2,] %cl_2_256[57.3,] %cl_2_259[57.6,] 	 SYMBOL:	 ARGS:%cl_2_255,%cl_2_256,%cl_2_259,
		 8: 
BB 58
	outgoing: 59 77 
	datadep: 
	instructions:
		 0: 
		 1: COPY TYPE_StringLiteral "angle-left" def_%cl_2_261 
		 2: %self->icon def_%cl_2_262 %self[2.0,] %cl_2_261[58.1,] 	 SYMBOL:	 ARGS:%cl_2_261,
		 3: COPY TYPE_StringLiteral "#" def_%cl_2_263 
		 4: COPY TYPE_StringLiteral "toggle-nav-collapse" def_%cl_2_264 
		 5: COPY TYPE_StringLiteral "Open/Close" def_%cl_2_265 
		 6: HASH-class-title- def_%cl_2_266 %cl_2_264[58.4,] %cl_2_265[58.5,] 
		 7: %self->link_to def_%cl_2_267 %self[58.2,2.0,] %cl_2_262[58.2,] %cl_2_263[58.3,] %cl_2_266[58.6,] 	 SYMBOL:	 ARGS:%cl_2_262,%cl_2_263,%cl_2_266,
		 8: COPY TYPE_PASS def_%cl_2_260 %cl_2_267[58.7,] 
BB 59
	outgoing: 60 61 77 
	datadep: 
	instructions:
		 0: 
		 1: %self->current_user def_%cl_2_268 %self[2.0,] 	 SYMBOL:	 ARGS:
		 2: BRANCH %cl_2_268[59.1,] 
BB 60
	outgoing: 62 77 
	datadep: 
	instructions:
		 0: 
		 1: %self->current_user def_%cl_2_269 %self[2.0,] 	 SYMBOL:	 ARGS:
		 2: COPY TYPE_StringLiteral "sidebar-user" def_%cl_2_270 
		 3: COPY TYPE_StringLiteral "Profile" def_%cl_2_271 
		 4: HASH-class-title- def_%cl_2_272 %cl_2_270[60.2,] %cl_2_271[60.3,] 
		 5: %self->link_to def_%cl_2_273 %self[60.1,2.0,] %cl_2_269[60.1,] %cl_2_272[60.4,] %self[60.1,2.0,] 	 SYMBOL:	 ARGS:%cl_2_269,%cl_2_272,%self,
CLOSURE BEGIN: %self[60.1,2.0,] 
BB 1
	outgoing: 6 2 
	datadep: 
	instructions:
BB 2
	outgoing: 3 
	datadep: 
	instructions:
		 0: def_%self 
		 1: def_%cl_42_0 
		 2: COPY TYPE_CurrentScope def_%current_scope 
		 3: COPY TYPE_ScopeModule def_%current_module 
BB 3
	outgoing: 4 6 
	datadep: 
	instructions:
		 0: 
		 1: %self->current_user def_%cl_42_3 %self[2.0,] 	 SYMBOL:	 ARGS:
		 2: %self->avatar_icon def_%cl_42_4 %self[3.1,2.0,] %cl_42_3[3.1,] 	 SYMBOL:	 ARGS:%cl_42_3,Fixnum,
		 3: COPY TYPE_StringLiteral "Profile" def_%cl_42_5 
		 4: COPY TYPE_StringLiteral "avatar avatar s36" def_%cl_42_6 
		 5: HASH-alt-class- def_%cl_42_7 %cl_42_5[3.3,] %cl_42_6[3.4,] 
		 6: %self->image_tag def_%cl_42_8 %self[3.1,3.2,2.0,] %cl_42_4[3.2,] %cl_42_7[3.5,] 	 SYMBOL:	 ARGS:%cl_42_4,%cl_42_7,
		 7: 
		 8: %self->current_user def_%cl_42_9 %self[3.1,3.2,3.6,2.0,] 	 SYMBOL:	 ARGS:
		 9: %cl_42_9->username def_%cl_42_10 %cl_42_9[3.8,] 	 SYMBOL:	 ARGS:
		 10: RETURN %cl_42_10[3.9,] %self[3.1,3.2,3.6,3.8,2.0,] 
BB 4
	outgoing: 6 
	datadep: 
	instructions:
		 0: def_%cl_42_11 
		 1: def_%cl_42_12 %cl_42_11[4.0,] 
		 2: RETURN %cl_42_12[4.1,] %self[2.0,] 
BB 6
	outgoing: 
	datadep: 
	instructions:
CLOSURE END: 
		 6: 
BB 61
	outgoing: 62 
	datadep: 
	instructions:
		 0: COPY TYPE_Nil def_%cl_2_273 
BB 62
	outgoing: 63 64 77 
	datadep: 
	instructions:
		 0: 
		 1: def_%cl_2_274 %self[2.0,] 
		 2: BRANCH %cl_2_274[62.1,] 
BB 63
	outgoing: 64 77 
	datadep: 
	instructions:
		 0: %self->nav def_%cl_2_275 %self[2.0,] 	 SYMBOL:	 ARGS:
		 1: COPY TYPE_PASS def_%cl_2_274 %cl_2_275[63.0,] 
BB 64
	outgoing: 65 66 
	datadep: 
	instructions:
		 0: BRANCH %cl_2_274[63.1,62.1,] 
BB 65
	outgoing: 67 77 
	datadep: 
	instructions:
		 0: 
		 1: COPY TYPE_StringLiteral "layouts/nav/" def_%cl_2_276 
		 2: %self->render def_%cl_2_277 %self[2.0,] %cl_2_276[65.1,] 	 SYMBOL:	 ARGS:%cl_2_276,
		 3: 
BB 66
	outgoing: 67 
	datadep: 
	instructions:
		 0: COPY TYPE_Nil def_%cl_2_277 
BB 67
	outgoing: 68 69 77 
	datadep: 
	instructions:
		 0: 
		 1: %self->alert def_%cl_2_278 %self[2.0,] 	 SYMBOL:	 ARGS:
		 2: BRANCH %cl_2_278[67.1,] 
BB 68
	outgoing: 73 77 
	datadep: 
	instructions:
		 0: 
		 1: %self->alert def_%cl_2_279 %self[2.0,] 	 SYMBOL:	 ARGS:
		 2: 
BB 69
	outgoing: 70 71 77 
	datadep: 
	instructions:
		 0: 
		 1: %self->notice def_%cl_2_280 %self[2.0,] 	 SYMBOL:	 ARGS:
		 2: BRANCH %cl_2_280[69.1,] 
BB 70
	outgoing: 72 77 
	datadep: 
	instructions:
		 0: 
		 1: %self->notice def_%cl_2_281 %self[2.0,] 	 SYMBOL:	 ARGS:
		 2: 
BB 71
	outgoing: 72 
	datadep: 
	instructions:
		 0: COPY TYPE_Nil def_%cl_2_281 
BB 72
	outgoing: 73 
	datadep: 
	instructions:
		 0: COPY TYPE_PASS def_%cl_2_279 %cl_2_281[71.0,70.1,] 
BB 73
	outgoing: 74 75 77 
	datadep: 
	instructions:
		 0: 
		 1: def_%cl_2_282 %cl_2_0[2.1,] 
		 2: 
		 3: GETFIELD %self->no_container def_%cl_2_283 %self[2.0,] 
		 4: BRANCH %cl_2_283[73.3,] 
BB 74
	outgoing: 76 
	datadep: 
	instructions:
		 0: COPY TYPE_Nil def_%cl_2_284 
		 1: 
BB 75
	outgoing: 76 77 
	datadep: 
	instructions:
		 0: %self->container_class def_%cl_2_285 %self[2.0,] 	 SYMBOL:	 ARGS:
		 1: COPY TYPE_PASS def_%cl_2_284 %cl_2_285[75.0,] 
BB 76
	outgoing: 77 79 
	datadep: 
	instructions:
		 0: 
		 1: COPY TYPE_StringLiteral "Find File" def_%cl_2_286 
		 2: GETFIELD %self->ref def_%cl_2_287 %self[2.0,] 
		 3: %self->page_title def_%cl_2_288 %self[2.0,] %cl_2_286[76.1,] %cl_2_287[76.2,] 	 SYMBOL:	 ARGS:%cl_2_286,%cl_2_287,
		 4: 
		 5: GETFIELD %self->project def_%cl_2_289 %self[76.3,2.0,] 
		 6: COPY TYPE_StringLiteral "Files" def_%cl_2_290 
		 7: GETFIELD %self->project def_%cl_2_291 %self[76.3,2.0,] 
		 8: %self->project_files_path def_%cl_2_292 %self[76.3,2.0,] %cl_2_291[76.7,] 	 SYMBOL:	 ARGS:%cl_2_291,
		 9: %self->project_title def_%cl_2_293 %self[76.3,76.8,2.0,] %cl_2_289[76.5,] %cl_2_290[76.6,] %cl_2_292[76.8,] 	 SYMBOL:	 ARGS:%cl_2_289,%cl_2_290,%cl_2_292,
		 10: %self->header_title def_%cl_2_294 %self[76.3,76.8,76.9,2.0,] %cl_2_293[76.9,] 	 SYMBOL:	 ARGS:%cl_2_293,
		 11: 
		 12: GETFIELD %self->project def_%cl_2_295 %self[76.3,76.8,76.9,76.10,2.0,] 
		 13: %cl_2_295->namespace def_%cl_2_296 %cl_2_295[76.12,] 	 SYMBOL:	 ARGS:
		 14: GETFIELD %self->project def_%cl_2_297 %self[76.3,76.8,76.9,76.10,2.0,] 
		 15: %self->switch_namespace_project_refs_path def_%cl_2_298 %self[76.3,76.8,76.9,76.10,2.0,] %cl_2_296[76.13,] %cl_2_297[76.14,] 	 SYMBOL:	 ARGS:%cl_2_296,%cl_2_297,
		 16: COPY TYPE_StringLiteral "project-refs-form" def_%cl_2_299 
		 17: HASH-method-class- def_%cl_2_300 %cl_2_299[76.16,] 
		 18: %self->form_tag def_%cl_2_301 %self[76.3,76.8,76.9,76.10,76.15,2.0,] %cl_2_298[76.15,] %cl_2_300[76.17,] %self[76.3,76.8,76.9,76.10,76.15,2.0,] 	 SYMBOL:	 ARGS:%cl_2_298,%cl_2_300,%self,
CLOSURE BEGIN: %self[76.3,76.8,76.9,76.10,76.15,2.0,] key[] value[] 
BB 1
	outgoing: 11 2 
	datadep: 
	instructions:
BB 2
	outgoing: 3 
	datadep: 
	instructions:
		 0: def_%self 
		 1: def_%cl_43_0 
		 2: COPY TYPE_CurrentScope def_%current_scope 
		 3: COPY TYPE_ScopeModule def_%current_module 
BB 3
	outgoing: 4 5 9 
	datadep: 
	instructions:
		 0: 
		 1: COPY TYPE_StringLiteral "ref" def_%cl_43_3 
		 2: %self->grouped_options_refs def_%cl_43_4 %self[2.0,] 	 SYMBOL:	 ARGS:
		 3: COPY TYPE_StringLiteral "project-refs-select select2 select2-sm" def_%cl_43_5 
		 4: HASH-class- def_%cl_43_6 %cl_43_5[3.3,] 
		 5: %self->select_tag def_%cl_43_7 %self[3.2,2.0,] %cl_43_3[3.1,] %cl_43_4[3.2,] %cl_43_6[3.4,] 	 SYMBOL:	 ARGS:%cl_43_3,%cl_43_4,%cl_43_6,
		 6: 
		 7: %self->destination def_%cl_43_8 %self[3.2,3.5,2.0,] 	 SYMBOL:	 ARGS:
		 8: %self->hidden_field_tag def_%cl_43_9 %self[3.2,3.5,3.7,2.0,] %cl_43_8[3.7,] 	 SYMBOL:destination,	 ARGS:Symbol,%cl_43_8,
		 9: 
		 10: def_%cl_43_10 %self[3.2,3.5,3.7,3.8,2.0,] 
		 11: BRANCH %cl_43_10[3.10,] 
BB 4
	outgoing: 6 9 
	datadep: 
	instructions:
		 0: 
		 1: %self->path def_%cl_43_11 %self[2.0,] 	 SYMBOL:	 ARGS:
		 2: %self->hidden_field_tag def_%cl_43_12 %self[4.1,2.0,] %cl_43_11[4.1,] 	 SYMBOL:path,	 ARGS:Symbol,%cl_43_11,
		 3: 
BB 5
	outgoing: 6 
	datadep: 
	instructions:
		 0: COPY TYPE_Nil def_%cl_43_12 
BB 6
	outgoing: 7 8 
	datadep: 
	instructions:
		 0: 
		 1: GETFIELD %self->options def_%cl_43_13 %self[2.0,] 
		 2: BRANCH %cl_43_13[6.1,] 
BB 7
	outgoing: 9 11 
	datadep: 
	instructions:
		 0: GETFIELD %self->options def_%cl_43_14 %self[2.0,] 
		 1: %cl_43_14->each def_%cl_43_15 %cl_43_14[7.0,] %self[2.0,] 	 SYMBOL:	 ARGS:%cl_43_14,
CLOSURE BEGIN: %self[2.0,] key[] value[] 
BB 1
	outgoing: 6 2 
	datadep: 
	instructions:
BB 2
	outgoing: 3 
	datadep: 
	instructions:
		 0: def_%self 
		 1: def_%cl_44_0 
		 2: RECEIVEARG def_key 
		 3: RECEIVEARG def_value 
		 4: COPY TYPE_CurrentScope def_%current_scope 
		 5: COPY TYPE_ScopeModule def_%current_module 
BB 3
	outgoing: 4 6 
	datadep: 
	instructions:
		 0: 
		 1: HASH-id- def_%cl_44_3 
		 2: %self->hidden_field_tag def_%cl_44_4 %self[2.0,] key[2.2,] value[2.3,] %cl_44_3[3.1,] 	 SYMBOL:	 ARGS:key,value,%cl_44_3,
		 3: RETURN %cl_44_4[3.2,] %self[3.2,2.0,] 
BB 4
	outgoing: 6 
	datadep: 
	instructions:
		 0: def_%cl_44_5 
		 1: def_%cl_44_6 %cl_44_5[4.0,] 
		 2: RETURN %cl_44_6[4.1,] %self[2.0,] 
BB 6
	outgoing: 
	datadep: 
	instructions:
CLOSURE END: value[2.3,] 
		 2: RETURN %cl_43_15[7.1,] %self[2.0,] 
BB 8
	outgoing: 11 
	datadep: 
	instructions:
		 0: RETURN %cl_43_13[6.1,] %self[2.0,] 
BB 9
	outgoing: 11 
	datadep: 
	instructions:
		 0: def_%cl_43_16 
		 1: def_%cl_43_17 %cl_43_16[9.0,] 
		 2: RETURN %cl_43_17[9.1,] %self[2.0,] 
BB 11
	outgoing: 
	datadep: 
	instructions:
CLOSURE END: 
		 19: 
		 20: GETFIELD %self->project def_%cl_2_302 %self[76.3,76.8,76.9,76.10,76.15,76.18,2.0,] 
		 21: %cl_2_302->namespace def_%cl_2_303 %cl_2_302[76.20,] 	 SYMBOL:	 ARGS:
		 22: GETFIELD %self->project def_%cl_2_304 %self[76.3,76.8,76.9,76.10,76.15,76.18,2.0,] 
		 23: GETFIELD %self->ref def_%cl_2_305 %self[76.3,76.8,76.9,76.10,76.15,76.18,2.0,] 
		 24: %self->namespace_project_tree_path def_%cl_2_306 %self[76.3,76.8,76.9,76.10,76.15,76.18,2.0,] %cl_2_303[76.21,] %cl_2_304[76.22,] %cl_2_305[76.23,] 	 SYMBOL:	 ARGS:%cl_2_303,%cl_2_304,%cl_2_305,
		 25: %self->link_to def_%cl_2_307 %self[76.3,76.8,76.9,76.10,76.15,76.18,76.24,2.0,] %cl_2_306[76.24,] %self[76.3,76.8,76.9,76.10,76.15,76.18,76.24,2.0,] 	 SYMBOL:	 ARGS:%cl_2_306,%self,
CLOSURE BEGIN: %self[76.3,76.8,76.9,76.10,76.15,76.18,76.24,2.0,] 
BB 1
	outgoing: 6 2 
	datadep: 
	instructions:
BB 2
	outgoing: 3 
	datadep: 
	instructions:
		 0: def_%self 
		 1: def_%cl_45_0 
		 2: COPY TYPE_CurrentScope def_%current_scope 
		 3: COPY TYPE_ScopeModule def_%current_module 
BB 3
	outgoing: 4 6 
	datadep: 
	instructions:
		 0: 
		 1: GETFIELD %self->project def_%cl_45_3 %self[2.0,] 
		 2: %cl_45_3->path def_%cl_45_4 %cl_45_3[3.1,] 	 SYMBOL:	 ARGS:
		 3: RETURN %cl_45_4[3.2,] %self[2.0,] 
BB 4
	outgoing: 6 
	datadep: 
	instructions:
		 0: def_%cl_45_5 
		 1: def_%cl_45_6 %cl_45_5[4.0,] 
		 2: RETURN %cl_45_6[4.1,] %self[2.0,] 
BB 6
	outgoing: 
	datadep: 
	instructions:
CLOSURE END: 
		 26: 
		 27: %self->spinner def_%cl_2_308 %self[76.3,76.8,76.9,76.10,76.15,76.18,76.24,76.25,2.0,] 	 SYMBOL:	 ARGS:Nil,Boolean,
		 28: 
		 29: def_%cl_2_309 %cl_2_0[2.1,] 
		 30: RETURN %cl_2_309[76.29,] %self[76.3,76.8,76.9,76.10,76.15,76.18,76.24,76.25,76.27,2.0,] 
BB 77
	outgoing: 79 
	datadep: 
	instructions:
		 0: def_%cl_2_310 
		 1: def_%cl_2_311 %cl_2_310[77.0,] 
		 2: RETURN %cl_2_311[77.1,] %self[2.0,] 
BB 79
	outgoing: 
	datadep: 
	instructions:
CLOSURE END: site_name[15.2,] ref[43.0,] link[36.2,] 
		 6: RETURN %v_10[3.5,] %self[3.2,3.4,2.0,] 
BB 4
	outgoing: 6 
	datadep: 
	instructions:
		 0: %self->render_404 def_%v_7 %self[2.0,] 	 SYMBOL:	 ARGS:
		 1: RETURN %v_7[4.0,] %self[4.0,2.0,] 
BB 6
	outgoing: 
	datadep: 
	instructions:

SET IRMethod, name = list instanceMethod = true
BB 1
	outgoing: 3 2 
	datadep: 
	instructions:
BB 2
	outgoing: 3 
	datadep: 
	instructions:
		 0: def_%self 
		 1: def_%v_0 
		 2: COPY TYPE_CurrentScope def_%current_scope 
		 3: COPY TYPE_ScopeModule def_%current_module 
		 4: 
		 5: 
		 6: GETFIELD %self->repo def_%v_3 %self[2.0,] 
		 7: GETFIELD %self->ref def_%v_4 %self[2.0,] 
		 8: %v_3->ls_files def_%v_5 %v_3[2.6,] %v_4[2.7,] 	 SYMBOL:	 ARGS:%v_4,
		 9: COPY TYPE_PASS def_file_paths %v_5[2.8,] 
		 10: 
		 11: %self->respond_to def_%v_6 %self[2.0,] %self[2.0,] 	 SYMBOL:	 ARGS:%self,
CLOSURE BEGIN: format[] %self[2.0,] file_paths[2.9,] 
BB 1
	outgoing: 6 2 
	datadep: 
	instructions:
BB 2
	outgoing: 3 
	datadep: 
	instructions:
		 0: def_%self 
		 1: def_%cl_1_0 
		 2: RECEIVEARG def_format 
		 3: COPY TYPE_CurrentScope def_%current_scope 
		 4: COPY TYPE_ScopeModule def_%current_module 
BB 3
	outgoing: 4 6 
	datadep: 
	instructions:
		 0: 
		 1: format->json def_%cl_1_3 format[2.2,] %self[2.0,] 	 SYMBOL:	 ARGS:format,
CLOSURE BEGIN: file_paths[] %self[2.0,] 
BB 1
	outgoing: 6 2 
	datadep: 
	instructions:
BB 2
	outgoing: 3 
	datadep: 
	instructions:
		 0: def_%self 
		 1: def_%cl_2_0 
		 2: COPY TYPE_CurrentScope def_%current_scope 
		 3: COPY TYPE_ScopeModule def_%current_module 
BB 3
	outgoing: 4 6 
	datadep: 
	instructions:
		 0: 
		 1: HASH-json- def_%cl_2_3 file_paths[] 
		 2: %self->render def_%cl_2_4 %self[2.0,] %cl_2_3[3.1,] 	 SYMBOL:	 ARGS:%cl_2_3,
		 3: RETURN %cl_2_4[3.2,] %self[3.2,2.0,] 
BB 4
	outgoing: 6 
	datadep: 
	instructions:
		 0: def_%cl_2_5 
		 1: def_%cl_2_6 %cl_2_5[4.0,] 
		 2: RETURN %cl_2_6[4.1,] %self[2.0,] 
BB 6
	outgoing: 
	datadep: 
	instructions:
CLOSURE END: 
		 2: RETURN %cl_1_3[3.1,] %self[2.0,] 
BB 4
	outgoing: 6 
	datadep: 
	instructions:
		 0: def_%cl_1_4 
		 1: def_%cl_1_5 %cl_1_4[4.0,] 
		 2: RETURN %cl_1_5[4.1,] %self[2.0,] 
BB 6
	outgoing: 
	datadep: 
	instructions:
CLOSURE END: 
		 12: RETURN %v_6[2.11,] %self[2.0,2.11,] 
BB 3
	outgoing: 
	datadep: 
	instructions:

