SET IRMethod, name = users instanceMethod = true
BB 1
	outgoing: 22 2 
	datadep: 
	instructions:
BB 2
	outgoing: 3 4 
	datadep: 
	instructions:
		 0: def_%self 
		 1: def_%v_0 
		 2: COPY TYPE_CurrentScope def_%current_scope 
		 3: COPY TYPE_ScopeModule def_%current_module 
		 4: 
		 5: 
		 6: def_%v_4 %self[2.0,] 
		 7: COPY TYPE_PASS def_%v_3 %v_4[2.6,] 
		 8: %v_4[2.6,] 
BB 3
	outgoing: 4 
	datadep: 
	instructions:
		 0: GETFIELD %self->browser_title def_%v_5 %self[2.0,] 
		 1: COPY TYPE_PASS def_%v_3 %v_5[3.0,] 
BB 4
	outgoing: 5 6 
	datadep: 
	instructions:
		 0: BRANCH %v_3[3.1,2.7,] 
BB 5
	outgoing: 6 
	datadep: 
	instructions:
		 0: COPY TYPE_StringLiteral "Find People" def_%v_6 
		 1: ATTRASSIGN %self->browser_title %v_6[5.0,] 
		 2: COPY TYPE_PASS def_%v_5 %v_6[5.0,] 
BB 6
	outgoing: 7 10 
	datadep: 
	instructions:
		 0: 
		 1: COPY TYPE_StringLiteral "user" def_%v_7 
		 2: ATTRASSIGN %self->search_type %v_7[6.1,] 
		 3: 
		 4: %self->params def_%v_8 %self[6.2,5.1,2.0,] 	 SYMBOL:	 ARGS:
		 5: %v_8->[] def_%v_9 %v_8[6.4,] 	 SYMBOL:q,	 ARGS:Symbol,
		 6: ATTRASSIGN %self->term %v_9[6.5,] 
		 7: 
		 8: GETFIELD %self->term def_%v_10 %self[6.4,6.6,2.0,] 
		 9: %v_10->blank? def_%v_11 %v_10[6.8,] 	 SYMBOL:	 ARGS:
		 10: %v_11->! def_%v_12 %v_11[6.9,] 	 SYMBOL:	 ARGS:
		 11: BRANCH %v_12[6.10,] 
BB 7
	outgoing: 8 9 
	datadep: 
	instructions:
		 0: GETFIELD %self->term def_%v_13 %self[6.6,2.0,] 
		 1: (User) def_%v_14 
		 2: (inherit EMAIL_REGEX) def_%v_15 %v_14[7.1,] 
		 3: %v_15[7.2,] 
BB 8
	outgoing: 9 
	datadep: 
	instructions:
		 0: %v_14->const_missing def_%v_15 %v_14[7.1,] 	 SYMBOL:EMAIL_REGEX,	 ARGS:Symbol,
BB 9
	outgoing: 10 
	datadep: 
	instructions:
		 0: %v_13->match def_%v_16 %v_13[7.0,] %v_15[8.0,7.2,] 	 SYMBOL:	 ARGS:%v_15,
		 1: COPY TYPE_PASS def_%v_12 %v_16[9.0,] 
BB 10
	outgoing: 11 12 
	datadep: 
	instructions:
		 0: COPY TYPE_PASS def_searching_for_an_email %v_12[9.1,6.10,] 
		 1: 
		 2: ATTRASSIGN %self->results_count 
		 3: 
		 4: (Rails) def_%v_17 
		 5: %v_17->env def_%v_18 %v_17[10.4,] 	 SYMBOL:	 ARGS:
		 6: %v_18->production? def_%v_19 %v_18[10.5,] 	 SYMBOL:	 ARGS:
		 7: BRANCH %v_19[10.6,] 
BB 11
	outgoing: 12 
	datadep: 
	instructions:
		 0: (Rails) def_%v_20 
		 1: %v_20->env def_%v_21 %v_20[11.0,] 	 SYMBOL:	 ARGS:
		 2: %v_21->staging? def_%v_22 %v_21[11.1,] 	 SYMBOL:	 ARGS:
		 3: COPY TYPE_PASS def_%v_19 %v_22[11.2,] 
BB 12
	outgoing: 13 20 
	datadep: 
	instructions:
		 0: BRANCH %v_19[11.3,10.6,] 
BB 13
	outgoing: 14 15 
	datadep: 
	instructions:
		 0: 
		 1: GETFIELD %self->term def_%v_23 %self[6.6,2.0,] 
		 2: %v_23->blank? def_%v_24 %v_23[13.1,] 	 SYMBOL:	 ARGS:
		 3: BRANCH %v_24[13.2,] 
BB 14
	outgoing: 19 
	datadep: 
	instructions:
		 0: 
		 1: (User) def_%v_25 
		 2: COPY TYPE_StringLiteral "@random DESC" def_%v_26 
		 3: %self->params def_%v_27 %self[10.2,6.2,6.6,5.1,2.0,] 	 SYMBOL:	 ARGS:
		 4: %v_27->[] def_%v_28 %v_27[14.3,] 	 SYMBOL:page,	 ARGS:Symbol,
		 5: HASH-order-page-per_page- def_%v_29 %v_26[14.2,] %v_28[14.4,] 
		 6: %v_25->search def_%v_30 %v_25[14.1,] %v_29[14.5,] 	 SYMBOL:	 ARGS:%v_29,
		 7: ATTRASSIGN %self->users %v_30[14.6,] 
		 8: 
BB 15
	outgoing: 16 17 
	datadep: 
	instructions:
		 0: 
		 1: HASH- def_%v_31 
		 2: ATTRASSIGN %self->conditions %v_31[15.1,] 
		 3: 
		 4: BRANCH searching_for_an_email[10.0,] 
BB 16
	outgoing: 18 
	datadep: 
	instructions:
		 0: (Riddle) def_%v_32 
		 1: GETFIELD %self->term def_%v_33 %self[6.6,2.0,] 
		 2: %v_32->escape def_%v_34 %v_32[16.0,] %v_33[16.1,] 	 SYMBOL:	 ARGS:%v_33,
		 3: HASH-email- def_%v_35 %v_34[16.2,] 
		 4: 
BB 17
	outgoing: 18 
	datadep: 
	instructions:
		 0: (Riddle) def_%v_36 
		 1: GETFIELD %self->term def_%v_37 %self[6.6,2.0,] 
		 2: %v_36->escape def_%v_38 %v_36[17.0,] %v_37[17.1,] 	 SYMBOL:	 ARGS:%v_37,
		 3: HASH-name- def_%v_39 %v_38[17.2,] 
		 4: COPY TYPE_PASS def_%v_35 %v_39[17.3,] 
BB 18
	outgoing: 19 
	datadep: 
	instructions:
		 0: ATTRASSIGN %self->conditions %v_35[17.4,16.3,] 
		 1: 
		 2: (User) def_%v_40 
		 3: GETFIELD %self->conditions def_%v_41 %self[18.0,15.2,2.0,] 
		 4: %self->params def_%v_42 %self[18.0,15.2,10.2,6.2,6.6,5.1,2.0,] 	 SYMBOL:	 ARGS:
		 5: %v_42->[] def_%v_43 %v_42[18.4,] 	 SYMBOL:page,	 ARGS:Symbol,
		 6: HASH-conditions-order-page-per_page- def_%v_44 %v_41[18.3,] %v_43[18.5,] 
		 7: %v_40->search def_%v_45 %v_40[18.2,] %v_44[18.6,] 	 SYMBOL:	 ARGS:%v_44,
		 8: ATTRASSIGN %self->users %v_45[18.7,] 
		 9: COPY TYPE_PASS def_%v_30 %v_45[18.7,] 
BB 19
	outgoing: 21 
	datadep: 
	instructions:
		 0: 
		 1: GETFIELD %self->users def_%v_46 %self[18.8,14.7,2.0,] 
		 2: %v_46->total_entries def_%v_47 %v_46[19.1,] 	 SYMBOL:	 ARGS:
		 3: ATTRASSIGN %self->results_count %v_47[19.2,] 
		 4: 
BB 20
	outgoing: 21 
	datadep: 
	instructions:
		 0: 
		 1: COPY TYPE_Array def_%v_48 
		 2: ATTRASSIGN %self->users %v_48[20.1,] 
		 3: COPY TYPE_PASS def_%v_47 %v_48[20.1,] 
BB 21
	outgoing: 22 
	datadep: 
	instructions:
		 0: 
		 1: %self->respond_to def_%v_49 %self[20.2,19.3,18.0,18.8,14.7,10.2,6.2,6.6,15.2,5.1,2.0,] %self[20.2,19.3,18.0,18.8,14.7,10.2,6.2,6.6,15.2,5.1,2.0,] 	 SYMBOL:	 ARGS:%self,
CLOSURE BEGIN: %self[20.2,19.3,18.0,18.8,14.7,10.2,6.2,6.6,15.2,5.1,2.0,] format[] 
BB 1
	outgoing: 9 2 
	datadep: 
	instructions:
BB 2
	outgoing: 3 
	datadep: 
	instructions:
		 0: def_%self 
		 1: def_%cl_1_0 
		 2: RECEIVEARG def_format 
		 3: COPY TYPE_CurrentScope def_%current_scope 
		 4: COPY TYPE_ScopeModule def_%current_module 
BB 3
	outgoing: 4 5 7 
	datadep: 
	instructions:
		 0: 
		 1: %self->params def_%cl_1_3 %self[2.0,] 	 SYMBOL:	 ARGS:
		 2: %cl_1_3->[] def_%cl_1_4 %cl_1_3[3.1,] 	 SYMBOL:page,	 ARGS:Symbol,
		 3: %cl_1_4->to_i def_%cl_1_5 %cl_1_4[3.2,] 	 SYMBOL:	 ARGS:
		 4: %cl_1_5->> def_%cl_1_6 %cl_1_5[3.3,] 	 SYMBOL:	 ARGS:Fixnum,
		 5: BRANCH %cl_1_6[3.4,] 
BB 4
	outgoing: 6 7 
	datadep: 
	instructions:
		 0: format->js def_%cl_1_7 format[2.2,] 	 SYMBOL:	 ARGS:
		 1: 
BB 5
	outgoing: 7 9 
	datadep: 
	instructions:
		 0: format->html def_%cl_1_8 format[2.2,] 	 SYMBOL:	 ARGS:
		 1: RETURN %cl_1_8[5.0,] %self[2.0,] 
BB 6
	outgoing: 9 
	datadep: 
	instructions:
		 0: RETURN %cl_1_7[4.0,] %self[2.0,] 
BB 7
	outgoing: 9 
	datadep: 
	instructions:
		 0: def_%cl_1_9 
		 1: def_%cl_1_10 %cl_1_9[7.0,] 
		 2: RETURN %cl_1_10[7.1,] %self[2.0,] 
BB 9
	outgoing: 
	datadep: 
	instructions:
CLOSURE END: 
		 2: 
		 3: %self->ruby_code_from_view def_%v_50 %self[21.1,20.2,19.3,18.0,18.8,14.7,10.2,6.2,6.6,15.2,5.1,2.0,] 	 SYMBOL:	 ARGS:
		 4: %v_50->ruby_code_from_view def_%v_51 %v_50[21.3,] %self[21.1,21.3,20.2,19.3,18.0,18.8,14.7,10.2,6.2,6.6,15.2,5.1,2.0,] 	 SYMBOL:	 ARGS:%v_50,
CLOSURE BEGIN: %self[21.1,21.3,20.2,19.3,18.0,18.8,14.7,10.2,6.2,6.6,15.2,5.1,2.0,] 
BB 1
	outgoing: 29 2 
	datadep: 
	instructions:
BB 2
	outgoing: 3 
	datadep: 
	instructions:
		 0: def_%self 
		 1: def_%cl_2_0 
		 2: RECEIVEARG def_rb_from_view 
		 3: COPY TYPE_CurrentScope def_%current_scope 
		 4: COPY TYPE_ScopeModule def_%current_module 
BB 3
	outgoing: 4 5 27 
	datadep: 
	instructions:
		 0: 
		 1: %self->we_should_show_og_tags def_%cl_2_3 %self[2.0,] 	 SYMBOL:	 ARGS:
		 2: BRANCH %cl_2_3[3.1,] 
BB 4
	outgoing: 5 27 
	datadep: 
	instructions:
		 0: GETFIELD %self->video def_%cl_2_4 %self[2.0,] 
		 1: %cl_2_4->blank? def_%cl_2_5 %cl_2_4[4.0,] 	 SYMBOL:	 ARGS:
		 2: %cl_2_5->! def_%cl_2_6 %cl_2_5[4.1,] 	 SYMBOL:	 ARGS:
		 3: COPY TYPE_PASS def_%cl_2_3 %cl_2_6[4.2,] 
BB 5
	outgoing: 6 7 
	datadep: 
	instructions:
		 0: BRANCH %cl_2_3[4.3,3.1,] 
BB 6
	outgoing: 8 27 
	datadep: 
	instructions:
		 0: 
		 1: GETFIELD %self->video def_%cl_2_7 %self[2.0,] 
		 2: %cl_2_7->public_token def_%cl_2_8 %cl_2_7[6.1,] 	 SYMBOL:	 ARGS:
		 3: HASH-public_token- def_%cl_2_9 %cl_2_8[6.2,] 
		 4: %self->public_video_url def_%cl_2_10 %self[2.0,] %cl_2_9[6.3,] 	 SYMBOL:	 ARGS:%cl_2_9,
		 5: 
		 6: GETFIELD %self->video def_%cl_2_11 %self[6.4,2.0,] 
		 7: %cl_2_11->title def_%cl_2_12 %cl_2_11[6.6,] 	 SYMBOL:	 ARGS:
		 8: 
		 9: GETFIELD %self->video def_%cl_2_13 %self[6.4,2.0,] 
		 10: %cl_2_13->description def_%cl_2_14 %cl_2_13[6.9,] 	 SYMBOL:	 ARGS:
		 11: 
		 12: GETFIELD %self->video def_%cl_2_15 %self[6.4,2.0,] 
		 13: GETFIELD %self->video def_%cl_2_16 %self[6.4,2.0,] 
		 14: %cl_2_16->selected_thumbnail def_%cl_2_17 %cl_2_16[6.13,] 	 SYMBOL:	 ARGS:
		 15: %cl_2_15->get_thumbnail_url def_%cl_2_18 %cl_2_15[6.12,] %cl_2_17[6.14,] 	 SYMBOL:	 ARGS:%cl_2_17,
		 16: 
		 17: GETFIELD %self->video def_%cl_2_19 %self[6.4,2.0,] 
		 18: %cl_2_19->public_token def_%cl_2_20 %cl_2_19[6.17,] 	 SYMBOL:	 ARGS:
		 19: HASH-public_token- def_%cl_2_21 %cl_2_20[6.18,] 
		 20: %self->public_video_url def_%cl_2_22 %self[6.4,2.0,] %cl_2_21[6.19,] 	 SYMBOL:	 ARGS:%cl_2_21,
		 21: 
BB 7
	outgoing: 8 27 
	datadep: 
	instructions:
		 0: 
		 1: COPY TYPE_StringLiteral "meta_tag_logo.png" def_%cl_2_23 
		 2: %self->image_path def_%cl_2_24 %self[2.0,] %cl_2_23[7.1,] 	 SYMBOL:	 ARGS:%cl_2_23,
		 3: COPY TYPE_PASS def_%cl_2_22 %cl_2_24[7.2,] 
BB 8
	outgoing: 9 10 27 
	datadep: 
	instructions:
		 0: 
		 1: %self->browser_title def_%cl_2_25 %self[2.0,] 	 SYMBOL:	 ARGS:
		 2: 
		 3: COPY TYPE_StringLiteral "/stylesheets/i_love_lamp-1.0.3.min.css" def_%cl_2_26 
		 4: %self->cache_buster_path def_%cl_2_27 %self[8.1,2.0,] %cl_2_26[8.3,] 	 SYMBOL:	 ARGS:%cl_2_26,
		 5: 
		 6: COPY TYPE_StringLiteral "https://ajax.googleapis.com/ajax/libs/jquery/1.7.1/jquery.min.js" def_%cl_2_28 
		 7: %self->javascript_include_tag def_%cl_2_29 %self[8.1,8.4,2.0,] %cl_2_28[8.6,] 	 SYMBOL:	 ARGS:%cl_2_28,
		 8: 
		 9: COPY TYPE_StringLiteral "/javascripts/functions.min.js" def_%cl_2_30 
		 10: %self->cache_buster_path def_%cl_2_31 %self[8.1,8.4,8.7,2.0,] %cl_2_30[8.9,] 	 SYMBOL:	 ARGS:%cl_2_30,
		 11: 
		 12: COPY TYPE_StringLiteral "/javascripts/i_love_lamp-1.0.3.min.js" def_%cl_2_32 
		 13: %self->cache_buster_path def_%cl_2_33 %self[8.1,8.4,8.7,8.10,2.0,] %cl_2_32[8.12,] 	 SYMBOL:	 ARGS:%cl_2_32,
		 14: 
		 15: COPY TYPE_StringLiteral "player/player.js" def_%cl_2_34 
		 16: %self->javascript_include_tag def_%cl_2_35 %self[8.1,8.4,8.7,8.10,8.13,2.0,] %cl_2_34[8.15,] 	 SYMBOL:	 ARGS:%cl_2_34,
		 17: 
		 18: COPY TYPE_StringLiteral "http://html5shiv.googlecode.com/svn/trunk/html5.js" def_%cl_2_36 
		 19: %self->javascript_include_tag def_%cl_2_37 %self[8.1,8.4,8.7,8.10,8.13,8.16,2.0,] %cl_2_36[8.18,] 	 SYMBOL:	 ARGS:%cl_2_36,
		 20: 
		 21: %self->favicon_link_tag def_%cl_2_38 %self[8.1,8.4,8.7,8.10,8.13,8.16,8.19,2.0,] 	 SYMBOL:	 ARGS:
		 22: 
		 23: %self->csrf_meta_tag def_%cl_2_39 %self[8.1,8.4,8.7,8.10,8.13,8.16,8.19,8.21,2.0,] 	 SYMBOL:	 ARGS:
		 24: 
		 25: %self->get_background_for_user def_%cl_2_40 %self[8.1,8.4,8.7,8.10,8.13,8.16,8.19,8.21,8.23,2.0,] 	 SYMBOL:	 ARGS:
		 26: 
		 27: COPY TYPE_StringLiteral "brevidy_rgb_white.png" def_%cl_2_41 
		 28: COPY TYPE_StringLiteral "135x35" def_%cl_2_42 
		 29: COPY TYPE_StringLiteral "Brevidy - The Soul of Video" def_%cl_2_43 
		 30: HASH-size-alt- def_%cl_2_44 %cl_2_42[8.28,] %cl_2_43[8.29,] 
		 31: %self->image_tag def_%cl_2_45 %self[8.1,8.4,8.7,8.10,8.13,8.16,8.19,8.21,8.23,8.25,2.0,] %cl_2_41[8.27,] %cl_2_44[8.30,] 	 SYMBOL:	 ARGS:%cl_2_41,%cl_2_44,
		 32: %self->signed_in? def_%cl_2_46 %self[8.1,8.4,8.7,8.10,8.13,8.16,8.19,8.21,8.23,8.25,8.31,2.0,] 	 SYMBOL:	 ARGS:
		 33: BRANCH %cl_2_46[8.32,] 
BB 9
	outgoing: 11 27 
	datadep: 
	instructions:
		 0: %self->current_user def_%cl_2_47 %self[2.0,] 	 SYMBOL:	 ARGS:
		 1: %self->user_stream_path def_%cl_2_48 %self[9.0,2.0,] %cl_2_47[9.0,] 	 SYMBOL:	 ARGS:%cl_2_47,
		 2: 
BB 10
	outgoing: 11 
	datadep: 
	instructions:
		 0: COPY TYPE_Symbol def_%cl_2_48 
BB 11
	outgoing: 12 13 27 
	datadep: 
	instructions:
		 0: COPY TYPE_StringLiteral "brand" def_%cl_2_49 
		 1: HASH-class- def_%cl_2_50 %cl_2_49[11.0,] 
		 2: %self->link_to def_%cl_2_51 %self[2.0,] %cl_2_45[8.31,] %cl_2_48[10.0,9.1,] %cl_2_50[11.1,] 	 SYMBOL:	 ARGS:%cl_2_45,%cl_2_48,%cl_2_50,
		 3: 
		 4: %self->video_search_path def_%cl_2_52 %self[11.2,2.0,] 	 SYMBOL:	 ARGS:
		 5: 
		 6: %self->signed_in? def_%cl_2_53 %self[11.2,11.4,2.0,] 	 SYMBOL:	 ARGS:
		 7: BRANCH %cl_2_53[11.6,] 
BB 12
	outgoing: 14 27 
	datadep: 
	instructions:
		 0: 
		 1: COPY TYPE_StringLiteral "Explore" def_%cl_2_54 
		 2: %self->explore_path def_%cl_2_55 %self[2.0,] 	 SYMBOL:	 ARGS:
		 3: %self->link_to def_%cl_2_56 %self[12.2,2.0,] %cl_2_54[12.1,] %cl_2_55[12.2,] 	 SYMBOL:	 ARGS:%cl_2_54,%cl_2_55,
		 4: 
		 5: COPY TYPE_StringLiteral "Upload" def_%cl_2_57 
		 6: %self->current_user def_%cl_2_58 %self[12.2,12.3,2.0,] 	 SYMBOL:	 ARGS:
		 7: %self->new_user_video_path def_%cl_2_59 %self[12.2,12.3,12.6,2.0,] %cl_2_58[12.6,] 	 SYMBOL:	 ARGS:%cl_2_58,
		 8: %self->link_to def_%cl_2_60 %self[12.2,12.3,12.6,12.7,2.0,] %cl_2_57[12.5,] %cl_2_59[12.7,] 	 SYMBOL:	 ARGS:%cl_2_57,%cl_2_59,
		 9: 
		 10: COPY TYPE_StringLiteral "Share a Link" def_%cl_2_61 
		 11: %self->current_user def_%cl_2_62 %self[12.2,12.3,12.6,12.7,12.8,2.0,] 	 SYMBOL:	 ARGS:
		 12: %self->user_share_dialog_path def_%cl_2_63 %self[12.2,12.3,12.6,12.7,12.8,12.11,2.0,] %cl_2_62[12.11,] 	 SYMBOL:	 ARGS:%cl_2_62,
		 13: COPY TYPE_StringLiteral "data-method" def_%cl_2_64 
		 14: COPY TYPE_StringLiteral "GET" def_%cl_2_65 
		 15: HASH-remote- def_%cl_2_66 %cl_2_64[12.13,] %cl_2_65[12.14,] 
		 16: %self->link_to def_%cl_2_67 %self[12.2,12.3,12.6,12.7,12.8,12.11,12.12,2.0,] %cl_2_61[12.10,] %cl_2_63[12.12,] %cl_2_66[12.15,] 	 SYMBOL:	 ARGS:%cl_2_61,%cl_2_63,%cl_2_66,
		 17: 
		 18: COPY TYPE_StringLiteral "Invite" def_%cl_2_68 
		 19: %self->current_user def_%cl_2_69 %self[12.2,12.3,12.6,12.7,12.8,12.11,12.12,12.16,2.0,] 	 SYMBOL:	 ARGS:
		 20: %self->user_invitations_path def_%cl_2_70 %self[12.2,12.3,12.6,12.7,12.8,12.11,12.12,12.16,12.19,2.0,] %cl_2_69[12.19,] 	 SYMBOL:	 ARGS:%cl_2_69,
		 21: %self->link_to def_%cl_2_71 %self[12.2,12.3,12.6,12.7,12.8,12.11,12.12,12.16,12.19,12.20,2.0,] %cl_2_68[12.18,] %cl_2_70[12.20,] 	 SYMBOL:	 ARGS:%cl_2_68,%cl_2_70,
		 22: 
BB 13
	outgoing: 14 
	datadep: 
	instructions:
		 0: COPY TYPE_Nil def_%cl_2_71 
BB 14
	outgoing: 15 16 27 
	datadep: 
	instructions:
		 0: 
		 1: %self->signed_in? def_%cl_2_72 %self[2.0,] 	 SYMBOL:	 ARGS:
		 2: BRANCH %cl_2_72[14.1,] 
BB 15
	outgoing: 17 27 
	datadep: 
	instructions:
		 0: 
		 1: %self->current_user def_%cl_2_73 %self[2.0,] 	 SYMBOL:	 ARGS:
		 2: %self->user_path def_%cl_2_74 %self[15.1,2.0,] %cl_2_73[15.1,] 	 SYMBOL:	 ARGS:%cl_2_73,
		 3: COPY TYPE_StringLiteral "dropdown-toggle" def_%cl_2_75 
		 4: HASH-class- def_%cl_2_76 %cl_2_75[15.3,] 
		 5: %self->link_to def_%cl_2_77 %self[15.1,15.2,2.0,] %cl_2_74[15.2,] %cl_2_76[15.4,] %self[15.1,15.2,2.0,] 	 SYMBOL:	 ARGS:%cl_2_74,%cl_2_76,%self,
CLOSURE BEGIN: %self[15.1,15.2,2.0,] 
BB 1
	outgoing: 9 2 
	datadep: 
	instructions:
BB 2
	outgoing: 3 
	datadep: 
	instructions:
		 0: def_%self 
		 1: def_%cl_3_0 
		 2: COPY TYPE_CurrentScope def_%current_scope 
		 3: COPY TYPE_ScopeModule def_%current_module 
BB 3
	outgoing: 4 5 7 
	datadep: 
	instructions:
		 0: 
		 1: %self->current_user def_%cl_3_3 %self[2.0,] 	 SYMBOL:	 ARGS:
		 2: %cl_3_3->image def_%cl_3_4 %cl_3_3[3.1,] 	 SYMBOL:	 ARGS:
		 3: %cl_3_4->blank? def_%cl_3_5 %cl_3_4[3.2,] 	 SYMBOL:	 ARGS:
		 4: BRANCH %cl_3_5[3.3,] 
BB 4
	outgoing: 6 
	datadep: 
	instructions:
		 0: COPY TYPE_StringLiteral "default_user_35px.jpg" def_%cl_3_6 
		 1: 
BB 5
	outgoing: 6 7 
	datadep: 
	instructions:
		 0: %self->current_user def_%cl_3_7 %self[2.0,] 	 SYMBOL:	 ARGS:
		 1: %cl_3_7->image_url def_%cl_3_8 %cl_3_7[5.0,] 	 SYMBOL:small_profile,	 ARGS:Symbol,
		 2: COPY TYPE_PASS def_%cl_3_6 %cl_3_8[5.1,] 
BB 6
	outgoing: 7 9 
	datadep: 
	instructions:
		 0: BUILDSTRING def_%cl_3_9 %cl_3_6[5.2,4.0,] 
		 1: %self->current_user def_%cl_3_10 %self[2.0,] 	 SYMBOL:	 ARGS:
		 2: %cl_3_10->name def_%cl_3_11 %cl_3_10[6.1,] 	 SYMBOL:	 ARGS:
		 3: BUILDSTRING def_%cl_3_12 %cl_3_11[6.2,] 
		 4: COPY TYPE_StringLiteral "35x35" def_%cl_3_13 
		 5: HASH-alt-size- def_%cl_3_14 %cl_3_12[6.3,] %cl_3_13[6.4,] 
		 6: %self->image_tag def_%cl_3_15 %self[6.1,2.0,] %cl_3_9[6.0,] %cl_3_14[6.5,] 	 SYMBOL:	 ARGS:%cl_3_9,%cl_3_14,
		 7: 
		 8: %self->current_user def_%cl_3_16 %self[6.1,6.6,2.0,] 	 SYMBOL:	 ARGS:
		 9: %cl_3_16->username def_%cl_3_17 %cl_3_16[6.8,] 	 SYMBOL:	 ARGS:
		 10: RETURN %cl_3_17[6.9,] %self[6.1,6.6,6.8,2.0,] 
BB 7
	outgoing: 9 
	datadep: 
	instructions:
		 0: def_%cl_3_18 
		 1: def_%cl_3_19 %cl_3_18[7.0,] 
		 2: RETURN %cl_3_19[7.1,] %self[2.0,] 
BB 9
	outgoing: 
	datadep: 
	instructions:
CLOSURE END: 
		 6: 
		 7: COPY TYPE_StringLiteral "My Channels" def_%cl_2_78 
		 8: %self->current_user def_%cl_2_79 %self[15.1,15.2,15.5,2.0,] 	 SYMBOL:	 ARGS:
		 9: %self->user_channels_path def_%cl_2_80 %self[15.1,15.2,15.5,15.8,2.0,] %cl_2_79[15.8,] 	 SYMBOL:	 ARGS:%cl_2_79,
		 10: %self->link_to def_%cl_2_81 %self[15.1,15.2,15.5,15.8,15.9,2.0,] %cl_2_78[15.7,] %cl_2_80[15.9,] 	 SYMBOL:	 ARGS:%cl_2_78,%cl_2_80,
		 11: 
		 12: COPY TYPE_StringLiteral "Account Settings" def_%cl_2_82 
		 13: %self->current_user def_%cl_2_83 %self[15.1,15.2,15.5,15.8,15.9,15.10,2.0,] 	 SYMBOL:	 ARGS:
		 14: %self->user_account_path def_%cl_2_84 %self[15.1,15.2,15.5,15.8,15.9,15.10,15.13,2.0,] %cl_2_83[15.13,] 	 SYMBOL:	 ARGS:%cl_2_83,
		 15: %self->link_to def_%cl_2_85 %self[15.1,15.2,15.5,15.8,15.9,15.10,15.13,15.14,2.0,] %cl_2_82[15.12,] %cl_2_84[15.14,] 	 SYMBOL:	 ARGS:%cl_2_82,%cl_2_84,
		 16: 
		 17: COPY TYPE_StringLiteral "Find People" def_%cl_2_86 
		 18: %self->find_people_path def_%cl_2_87 %self[15.1,15.2,15.5,15.8,15.9,15.10,15.13,15.14,15.15,2.0,] 	 SYMBOL:	 ARGS:
		 19: %self->link_to def_%cl_2_88 %self[15.1,15.2,15.5,15.8,15.9,15.10,15.13,15.14,15.15,15.18,2.0,] %cl_2_86[15.17,] %cl_2_87[15.18,] 	 SYMBOL:	 ARGS:%cl_2_86,%cl_2_87,
		 20: 
		 21: COPY TYPE_StringLiteral "Help" def_%cl_2_89 
		 22: COPY TYPE_StringLiteral "http://getsatisfaction.com/brevidy" def_%cl_2_90 
		 23: COPY TYPE_StringLiteral "_blank" def_%cl_2_91 
		 24: HASH-target- def_%cl_2_92 %cl_2_91[15.23,] 
		 25: %self->link_to def_%cl_2_93 %self[15.1,15.2,15.5,15.8,15.9,15.10,15.13,15.14,15.15,15.18,15.19,2.0,] %cl_2_89[15.21,] %cl_2_90[15.22,] %cl_2_92[15.24,] 	 SYMBOL:	 ARGS:%cl_2_89,%cl_2_90,%cl_2_92,
		 26: 
		 27: COPY TYPE_StringLiteral "Logout" def_%cl_2_94 
		 28: %self->logout_path def_%cl_2_95 %self[15.1,15.2,15.5,15.8,15.9,15.10,15.13,15.14,15.15,15.18,15.19,15.25,2.0,] 	 SYMBOL:	 ARGS:
		 29: COPY TYPE_StringLiteral "data-method" def_%cl_2_96 
		 30: COPY TYPE_StringLiteral "DELETE" def_%cl_2_97 
		 31: HASH-remote- def_%cl_2_98 %cl_2_96[15.29,] %cl_2_97[15.30,] 
		 32: %self->link_to def_%cl_2_99 %self[15.1,15.2,15.5,15.8,15.9,15.10,15.13,15.14,15.15,15.18,15.19,15.25,15.28,2.0,] %cl_2_94[15.27,] %cl_2_95[15.28,] %cl_2_98[15.31,] 	 SYMBOL:	 ARGS:%cl_2_94,%cl_2_95,%cl_2_98,
		 33: 
BB 16
	outgoing: 17 27 
	datadep: 
	instructions:
		 0: 
		 1: COPY TYPE_StringLiteral "Explore" def_%cl_2_100 
		 2: %self->explore_path def_%cl_2_101 %self[2.0,] 	 SYMBOL:	 ARGS:
		 3: %self->link_to def_%cl_2_102 %self[16.2,2.0,] %cl_2_100[16.1,] %cl_2_101[16.2,] 	 SYMBOL:	 ARGS:%cl_2_100,%cl_2_101,
		 4: 
		 5: COPY TYPE_StringLiteral "Sign up" def_%cl_2_103 
		 6: %self->signup_path def_%cl_2_104 %self[16.2,16.3,2.0,] 	 SYMBOL:	 ARGS:
		 7: %self->link_to def_%cl_2_105 %self[16.2,16.3,16.6,2.0,] %cl_2_103[16.5,] %cl_2_104[16.6,] 	 SYMBOL:	 ARGS:%cl_2_103,%cl_2_104,
		 8: 
		 9: COPY TYPE_StringLiteral "Login" def_%cl_2_106 
		 10: %self->login_path def_%cl_2_107 %self[16.2,16.3,16.6,16.7,2.0,] 	 SYMBOL:	 ARGS:
		 11: %self->link_to def_%cl_2_108 %self[16.2,16.3,16.6,16.7,16.10,2.0,] %cl_2_106[16.9,] %cl_2_107[16.10,] 	 SYMBOL:	 ARGS:%cl_2_106,%cl_2_107,
		 12: COPY TYPE_PASS def_%cl_2_99 %cl_2_108[16.11,] 
BB 17
	outgoing: 18 19 27 
	datadep: 
	instructions:
		 0: 
		 1: GETFIELD %self->term def_%cl_2_109 %self[2.0,] 
		 2: %cl_2_109->blank? def_%cl_2_110 %cl_2_109[17.1,] 	 SYMBOL:	 ARGS:
		 3: BRANCH %cl_2_110[17.2,] 
BB 18
	outgoing: 20 
	datadep: 
	instructions:
		 0: COPY TYPE_Nil def_%cl_2_111 
		 1: 
BB 19
	outgoing: 20 
	datadep: 
	instructions:
		 0: COPY TYPE_Nil def_%cl_2_111 
BB 20
	outgoing: 21 22 27 
	datadep: 
	instructions:
		 0: 
		 1: %self->user_search_path def_%cl_2_112 %self[2.0,] 	 SYMBOL:	 ARGS:
		 2: COPY TYPE_StringLiteral "user-search" def_%cl_2_113 
		 3: HASH-method-class- def_%cl_2_114 %cl_2_113[20.2,] 
		 4: %self->form_tag def_%cl_2_115 %self[20.1,2.0,] %cl_2_112[20.1,] %cl_2_114[20.3,] %self[20.1,2.0,] 	 SYMBOL:	 ARGS:%cl_2_112,%cl_2_114,%self,
CLOSURE BEGIN: %self[20.1,2.0,] 
BB 1
	outgoing: 6 2 
	datadep: 
	instructions:
BB 2
	outgoing: 3 
	datadep: 
	instructions:
		 0: def_%self 
		 1: def_%cl_4_0 
		 2: COPY TYPE_CurrentScope def_%current_scope 
		 3: COPY TYPE_ScopeModule def_%current_module 
BB 3
	outgoing: 4 6 
	datadep: 
	instructions:
		 0: 
		 1: GETFIELD %self->term def_%cl_4_3 %self[2.0,] 
		 2: COPY TYPE_StringLiteral "Search for a name or email" def_%cl_4_4 
		 3: HASH-placeholder- def_%cl_4_5 %cl_4_4[3.2,] 
		 4: %self->text_field_tag def_%cl_4_6 %self[2.0,] %cl_4_3[3.1,] %cl_4_5[3.3,] 	 SYMBOL:q,	 ARGS:Symbol,%cl_4_3,%cl_4_5,
		 5: RETURN %cl_4_6[3.4,] %self[3.4,2.0,] 
BB 4
	outgoing: 6 
	datadep: 
	instructions:
		 0: def_%cl_4_7 
		 1: def_%cl_4_8 %cl_4_7[4.0,] 
		 2: RETURN %cl_4_8[4.1,] %self[2.0,] 
BB 6
	outgoing: 
	datadep: 
	instructions:
CLOSURE END: 
		 5: 
		 6: GETFIELD %self->users def_%cl_2_116 %self[20.1,20.4,2.0,] 
		 7: %cl_2_116->blank? def_%cl_2_117 %cl_2_116[20.6,] 	 SYMBOL:	 ARGS:
		 8: BRANCH %cl_2_117[20.7,] 
BB 21
	outgoing: 23 27 
	datadep: 
	instructions:
		 0: 
		 1: COPY TYPE_StringLiteral "okayguy.png" def_%cl_2_118 
		 2: COPY TYPE_StringLiteral "Okay" def_%cl_2_119 
		 3: COPY TYPE_StringLiteral "256x275" def_%cl_2_120 
		 4: HASH-alt-size- def_%cl_2_121 %cl_2_119[21.2,] %cl_2_120[21.3,] 
		 5: %self->image_tag def_%cl_2_122 %self[2.0,] %cl_2_118[21.1,] %cl_2_121[21.4,] 	 SYMBOL:	 ARGS:%cl_2_118,%cl_2_121,
		 6: 
BB 22
	outgoing: 23 27 
	datadep: 
	instructions:
		 0: 
		 1: GETFIELD %self->users def_%cl_2_123 %self[2.0,] 
		 2: %self->render def_%cl_2_124 %self[2.0,] %cl_2_123[22.1,] 	 SYMBOL:	 ARGS:%cl_2_123,
		 3: 
		 4: GETFIELD %self->users def_%cl_2_125 %self[22.2,2.0,] 
		 5: %self->will_paginate def_%cl_2_126 %self[22.2,2.0,] %cl_2_125[22.4,] 	 SYMBOL:	 ARGS:%cl_2_125,
		 6: 
		 7: ATTRASSIGN %self->page_has_infinite_scrolling 
		 8: COPY TYPE_Boolean def_%cl_2_122 
BB 23
	outgoing: 24 25 
	datadep: 
	instructions:
		 0: 
		 1: 
		 2: GETFIELD %self->page_has_infinite_scrolling def_%cl_2_127 %self[22.7,2.0,] 
		 3: BRANCH %cl_2_127[23.2,] 
BB 24
	outgoing: 29 
	datadep: 
	instructions:
		 0: COPY TYPE_Nil def_%cl_2_128 
		 1: RETURN %cl_2_128[24.0,] %self[22.7,2.0,] 
BB 25
	outgoing: 27 29 
	datadep: 
	instructions:
		 0: COPY TYPE_StringLiteral "  " def_%cl_2_129 
		 1: %self->succeed def_%cl_2_130 %self[22.7,2.0,] %cl_2_129[25.0,] %self[22.7,2.0,] 	 SYMBOL:	 ARGS:%cl_2_129,%self,
CLOSURE BEGIN: %self[22.7,2.0,] 
BB 1
	outgoing: 6 2 
	datadep: 
	instructions:
BB 2
	outgoing: 3 
	datadep: 
	instructions:
		 0: def_%self 
		 1: def_%cl_5_0 
		 2: COPY TYPE_CurrentScope def_%current_scope 
		 3: COPY TYPE_ScopeModule def_%current_module 
BB 3
	outgoing: 4 6 
	datadep: 
	instructions:
		 0: 
		 1: COPY TYPE_StringLiteral "FAQ" def_%cl_5_3 
		 2: %self->faq_path def_%cl_5_4 %self[2.0,] 	 SYMBOL:	 ARGS:
		 3: COPY TYPE_StringLiteral "inlinelink" def_%cl_5_5 
		 4: HASH-class- def_%cl_5_6 %cl_5_5[3.3,] 
		 5: %self->link_to def_%cl_5_7 %self[3.2,2.0,] %cl_5_3[3.1,] %cl_5_4[3.2,] %cl_5_6[3.4,] 	 SYMBOL:	 ARGS:%cl_5_3,%cl_5_4,%cl_5_6,
		 6: RETURN %cl_5_7[3.5,] %self[3.2,3.5,2.0,] 
BB 4
	outgoing: 6 
	datadep: 
	instructions:
		 0: def_%cl_5_8 
		 1: def_%cl_5_9 %cl_5_8[4.0,] 
		 2: RETURN %cl_5_9[4.1,] %self[2.0,] 
BB 6
	outgoing: 
	datadep: 
	instructions:
CLOSURE END: 
		 2: 
		 3: COPY TYPE_StringLiteral "  " def_%cl_2_131 
		 4: %self->succeed def_%cl_2_132 %self[25.1,22.7,2.0,] %cl_2_131[25.3,] %self[25.1,22.7,2.0,] 	 SYMBOL:	 ARGS:%cl_2_131,%self,
CLOSURE BEGIN: %self[25.1,22.7,2.0,] 
BB 1
	outgoing: 6 2 
	datadep: 
	instructions:
BB 2
	outgoing: 3 
	datadep: 
	instructions:
		 0: def_%self 
		 1: def_%cl_6_0 
		 2: COPY TYPE_CurrentScope def_%current_scope 
		 3: COPY TYPE_ScopeModule def_%current_module 
BB 3
	outgoing: 4 6 
	datadep: 
	instructions:
		 0: 
		 1: COPY TYPE_StringLiteral "Blog" def_%cl_6_3 
		 2: COPY TYPE_StringLiteral "http://blog.brevidy.com" def_%cl_6_4 
		 3: COPY TYPE_StringLiteral "inlinelink" def_%cl_6_5 
		 4: HASH-class- def_%cl_6_6 %cl_6_5[3.3,] 
		 5: %self->link_to def_%cl_6_7 %self[2.0,] %cl_6_3[3.1,] %cl_6_4[3.2,] %cl_6_6[3.4,] 	 SYMBOL:	 ARGS:%cl_6_3,%cl_6_4,%cl_6_6,
		 6: RETURN %cl_6_7[3.5,] %self[3.5,2.0,] 
BB 4
	outgoing: 6 
	datadep: 
	instructions:
		 0: def_%cl_6_8 
		 1: def_%cl_6_9 %cl_6_8[4.0,] 
		 2: RETURN %cl_6_9[4.1,] %self[2.0,] 
BB 6
	outgoing: 
	datadep: 
	instructions:
CLOSURE END: 
		 5: 
		 6: COPY TYPE_StringLiteral "  " def_%cl_2_133 
		 7: %self->succeed def_%cl_2_134 %self[25.1,25.4,22.7,2.0,] %cl_2_133[25.6,] %self[25.1,25.4,22.7,2.0,] 	 SYMBOL:	 ARGS:%cl_2_133,%self,
CLOSURE BEGIN: %self[25.1,25.4,22.7,2.0,] 
BB 1
	outgoing: 6 2 
	datadep: 
	instructions:
BB 2
	outgoing: 3 
	datadep: 
	instructions:
		 0: def_%self 
		 1: def_%cl_7_0 
		 2: COPY TYPE_CurrentScope def_%current_scope 
		 3: COPY TYPE_ScopeModule def_%current_module 
BB 3
	outgoing: 4 6 
	datadep: 
	instructions:
		 0: 
		 1: COPY TYPE_StringLiteral "Status" def_%cl_7_3 
		 2: COPY TYPE_StringLiteral "http://status.brevidy.com" def_%cl_7_4 
		 3: COPY TYPE_StringLiteral "inlinelink" def_%cl_7_5 
		 4: HASH-class- def_%cl_7_6 %cl_7_5[3.3,] 
		 5: %self->link_to def_%cl_7_7 %self[2.0,] %cl_7_3[3.1,] %cl_7_4[3.2,] %cl_7_6[3.4,] 	 SYMBOL:	 ARGS:%cl_7_3,%cl_7_4,%cl_7_6,
		 6: RETURN %cl_7_7[3.5,] %self[3.5,2.0,] 
BB 4
	outgoing: 6 
	datadep: 
	instructions:
		 0: def_%cl_7_8 
		 1: def_%cl_7_9 %cl_7_8[4.0,] 
		 2: RETURN %cl_7_9[4.1,] %self[2.0,] 
BB 6
	outgoing: 
	datadep: 
	instructions:
CLOSURE END: 
		 8: 
		 9: COPY TYPE_StringLiteral "  " def_%cl_2_135 
		 10: %self->succeed def_%cl_2_136 %self[25.1,25.4,25.7,22.7,2.0,] %cl_2_135[25.9,] %self[25.1,25.4,25.7,22.7,2.0,] 	 SYMBOL:	 ARGS:%cl_2_135,%self,
CLOSURE BEGIN: %self[25.1,25.4,25.7,22.7,2.0,] 
BB 1
	outgoing: 6 2 
	datadep: 
	instructions:
BB 2
	outgoing: 3 
	datadep: 
	instructions:
		 0: def_%self 
		 1: def_%cl_8_0 
		 2: COPY TYPE_CurrentScope def_%current_scope 
		 3: COPY TYPE_ScopeModule def_%current_module 
BB 3
	outgoing: 4 6 
	datadep: 
	instructions:
		 0: 
		 1: COPY TYPE_StringLiteral "Contact" def_%cl_8_3 
		 2: %self->contact_path def_%cl_8_4 %self[2.0,] 	 SYMBOL:	 ARGS:
		 3: COPY TYPE_StringLiteral "inlinelink" def_%cl_8_5 
		 4: HASH-class- def_%cl_8_6 %cl_8_5[3.3,] 
		 5: %self->link_to def_%cl_8_7 %self[3.2,2.0,] %cl_8_3[3.1,] %cl_8_4[3.2,] %cl_8_6[3.4,] 	 SYMBOL:	 ARGS:%cl_8_3,%cl_8_4,%cl_8_6,
		 6: RETURN %cl_8_7[3.5,] %self[3.2,3.5,2.0,] 
BB 4
	outgoing: 6 
	datadep: 
	instructions:
		 0: def_%cl_8_8 
		 1: def_%cl_8_9 %cl_8_8[4.0,] 
		 2: RETURN %cl_8_9[4.1,] %self[2.0,] 
BB 6
	outgoing: 
	datadep: 
	instructions:
CLOSURE END: 
		 11: 
		 12: COPY TYPE_StringLiteral "  " def_%cl_2_137 
		 13: %self->succeed def_%cl_2_138 %self[25.1,25.4,25.7,25.10,22.7,2.0,] %cl_2_137[25.12,] %self[25.1,25.4,25.7,25.10,22.7,2.0,] 	 SYMBOL:	 ARGS:%cl_2_137,%self,
CLOSURE BEGIN: %self[25.1,25.4,25.7,25.10,22.7,2.0,] 
BB 1
	outgoing: 6 2 
	datadep: 
	instructions:
BB 2
	outgoing: 3 
	datadep: 
	instructions:
		 0: def_%self 
		 1: def_%cl_9_0 
		 2: COPY TYPE_CurrentScope def_%current_scope 
		 3: COPY TYPE_ScopeModule def_%current_module 
BB 3
	outgoing: 4 6 
	datadep: 
	instructions:
		 0: 
		 1: COPY TYPE_StringLiteral "Terms" def_%cl_9_3 
		 2: %self->tos_path def_%cl_9_4 %self[2.0,] 	 SYMBOL:	 ARGS:
		 3: COPY TYPE_StringLiteral "inlinelink" def_%cl_9_5 
		 4: HASH-class- def_%cl_9_6 %cl_9_5[3.3,] 
		 5: %self->link_to def_%cl_9_7 %self[3.2,2.0,] %cl_9_3[3.1,] %cl_9_4[3.2,] %cl_9_6[3.4,] 	 SYMBOL:	 ARGS:%cl_9_3,%cl_9_4,%cl_9_6,
		 6: RETURN %cl_9_7[3.5,] %self[3.2,3.5,2.0,] 
BB 4
	outgoing: 6 
	datadep: 
	instructions:
		 0: def_%cl_9_8 
		 1: def_%cl_9_9 %cl_9_8[4.0,] 
		 2: RETURN %cl_9_9[4.1,] %self[2.0,] 
BB 6
	outgoing: 
	datadep: 
	instructions:
CLOSURE END: 
		 14: 
		 15: COPY TYPE_StringLiteral "  " def_%cl_2_139 
		 16: %self->succeed def_%cl_2_140 %self[25.1,25.4,25.7,25.10,25.13,22.7,2.0,] %cl_2_139[25.15,] %self[25.1,25.4,25.7,25.10,25.13,22.7,2.0,] 	 SYMBOL:	 ARGS:%cl_2_139,%self,
CLOSURE BEGIN: %self[25.1,25.4,25.7,25.10,25.13,22.7,2.0,] 
BB 1
	outgoing: 6 2 
	datadep: 
	instructions:
BB 2
	outgoing: 3 
	datadep: 
	instructions:
		 0: def_%self 
		 1: def_%cl_10_0 
		 2: COPY TYPE_CurrentScope def_%current_scope 
		 3: COPY TYPE_ScopeModule def_%current_module 
BB 3
	outgoing: 4 6 
	datadep: 
	instructions:
		 0: 
		 1: COPY TYPE_StringLiteral "Privacy" def_%cl_10_3 
		 2: %self->privacy_path def_%cl_10_4 %self[2.0,] 	 SYMBOL:	 ARGS:
		 3: COPY TYPE_StringLiteral "inlinelink" def_%cl_10_5 
		 4: HASH-class- def_%cl_10_6 %cl_10_5[3.3,] 
		 5: %self->link_to def_%cl_10_7 %self[3.2,2.0,] %cl_10_3[3.1,] %cl_10_4[3.2,] %cl_10_6[3.4,] 	 SYMBOL:	 ARGS:%cl_10_3,%cl_10_4,%cl_10_6,
		 6: RETURN %cl_10_7[3.5,] %self[3.2,3.5,2.0,] 
BB 4
	outgoing: 6 
	datadep: 
	instructions:
		 0: def_%cl_10_8 
		 1: def_%cl_10_9 %cl_10_8[4.0,] 
		 2: RETURN %cl_10_9[4.1,] %self[2.0,] 
BB 6
	outgoing: 
	datadep: 
	instructions:
CLOSURE END: 
		 17: RETURN %cl_2_140[25.16,] %self[25.1,25.4,25.7,25.10,25.13,25.16,22.7,2.0,] 
BB 27
	outgoing: 29 
	datadep: 
	instructions:
		 0: def_%cl_2_141 
		 1: def_%cl_2_142 %cl_2_141[27.0,] 
		 2: RETURN %cl_2_142[27.1,] %self[22.7,2.0,] 
BB 29
	outgoing: 
	datadep: 
	instructions:
CLOSURE END: 
		 5: RETURN %v_51[21.4,] %self[21.1,21.3,20.2,19.3,18.0,18.8,14.7,10.2,6.2,6.6,15.2,5.1,2.0,] 
BB 22
	outgoing: 
	datadep: 
	instructions:

SET IRMethod, name = videos instanceMethod = true
BB 1
	outgoing: 21 2 
	datadep: 
	instructions:
BB 2
	outgoing: 3 4 
	datadep: 
	instructions:
		 0: def_%self 
		 1: def_%v_0 
		 2: COPY TYPE_CurrentScope def_%current_scope 
		 3: COPY TYPE_ScopeModule def_%current_module 
		 4: 
		 5: 
		 6: def_%v_4 %self[2.0,] 
		 7: COPY TYPE_PASS def_%v_3 %v_4[2.6,] 
		 8: %v_4[2.6,] 
BB 3
	outgoing: 4 
	datadep: 
	instructions:
		 0: GETFIELD %self->browser_title def_%v_5 %self[2.0,] 
		 1: COPY TYPE_PASS def_%v_3 %v_5[3.0,] 
BB 4
	outgoing: 5 6 
	datadep: 
	instructions:
		 0: BRANCH %v_3[3.1,2.7,] 
BB 5
	outgoing: 6 
	datadep: 
	instructions:
		 0: COPY TYPE_StringLiteral "Search Public Videos" def_%v_6 
		 1: ATTRASSIGN %self->browser_title %v_6[5.0,] 
		 2: COPY TYPE_PASS def_%v_5 %v_6[5.0,] 
BB 6
	outgoing: 7 8 
	datadep: 
	instructions:
		 0: 
		 1: COPY TYPE_StringLiteral "video" def_%v_7 
		 2: ATTRASSIGN %self->search_type %v_7[6.1,] 
		 3: 
		 4: %self->params def_%v_8 %self[6.2,5.1,2.0,] 	 SYMBOL:	 ARGS:
		 5: %v_8->[] def_%v_9 %v_8[6.4,] 	 SYMBOL:q,	 ARGS:Symbol,
		 6: %v_9->blank? def_%v_10 %v_9[6.5,] 	 SYMBOL:	 ARGS:
		 7: COPY TYPE_PASS def_searching_for_a_tag %v_10[6.6,] 
		 8: 
		 9: BRANCH %v_10[6.6,] 
BB 7
	outgoing: 9 
	datadep: 
	instructions:
		 0: %self->params def_%v_11 %self[6.2,5.1,2.0,] 	 SYMBOL:	 ARGS:
		 1: %v_11->[] def_%v_12 %v_11[7.0,] 	 SYMBOL:tag,	 ARGS:Symbol,
		 2: 
BB 8
	outgoing: 9 
	datadep: 
	instructions:
		 0: %self->params def_%v_13 %self[6.2,5.1,2.0,] 	 SYMBOL:	 ARGS:
		 1: %v_13->[] def_%v_14 %v_13[8.0,] 	 SYMBOL:q,	 ARGS:Symbol,
		 2: COPY TYPE_PASS def_%v_12 %v_14[8.1,] 
BB 9
	outgoing: 10 11 
	datadep: 
	instructions:
		 0: ATTRASSIGN %self->term %v_12[8.2,7.1,] 
		 1: 
		 2: ATTRASSIGN %self->results_count 
		 3: 
		 4: (Rails) def_%v_15 
		 5: %v_15->env def_%v_16 %v_15[9.4,] 	 SYMBOL:	 ARGS:
		 6: %v_16->production? def_%v_17 %v_16[9.5,] 	 SYMBOL:	 ARGS:
		 7: BRANCH %v_17[9.6,] 
BB 10
	outgoing: 11 
	datadep: 
	instructions:
		 0: (Rails) def_%v_18 
		 1: %v_18->env def_%v_19 %v_18[10.0,] 	 SYMBOL:	 ARGS:
		 2: %v_19->staging? def_%v_20 %v_19[10.1,] 	 SYMBOL:	 ARGS:
		 3: COPY TYPE_PASS def_%v_17 %v_20[10.2,] 
BB 11
	outgoing: 12 19 
	datadep: 
	instructions:
		 0: BRANCH %v_17[10.3,9.6,] 
BB 12
	outgoing: 13 14 
	datadep: 
	instructions:
		 0: 
		 1: GETFIELD %self->term def_%v_21 %self[9.0,2.0,] 
		 2: %v_21->blank? def_%v_22 %v_21[12.1,] 	 SYMBOL:	 ARGS:
		 3: BRANCH %v_22[12.2,] 
BB 13
	outgoing: 18 
	datadep: 
	instructions:
		 0: 
		 1: (Video) def_%v_23 
		 2: (VideoGraph) def_%v_24 
		 3: %v_24->get_status_number def_%v_25 %v_24[13.2,] 	 SYMBOL:ready,	 ARGS:Symbol,
		 4: COPY TYPE_StringLiteral "f" def_%v_26 
		 5: HASH-status-channel_is_private- def_%v_27 %v_25[13.3,] %v_26[13.4,] 
		 6: COPY TYPE_StringLiteral "@random DESC" def_%v_28 
		 7: %self->params def_%v_29 %self[9.0,9.2,6.2,5.1,2.0,] 	 SYMBOL:	 ARGS:
		 8: %v_29->[] def_%v_30 %v_29[13.7,] 	 SYMBOL:page,	 ARGS:Symbol,
		 9: HASH-conditions-order-page-per_page- def_%v_31 %v_27[13.5,] %v_28[13.6,] %v_30[13.8,] 
		 10: %v_23->search def_%v_32 %v_23[13.1,] %v_31[13.9,] 	 SYMBOL:	 ARGS:%v_31,
		 11: ATTRASSIGN %self->results %v_32[13.10,] 
		 12: 
BB 14
	outgoing: 15 16 
	datadep: 
	instructions:
		 0: 
		 1: BRANCH searching_for_a_tag[6.7,] 
BB 15
	outgoing: 17 
	datadep: 
	instructions:
		 0: 
		 1: (Video) def_%v_33 
		 2: (Riddle) def_%v_34 
		 3: GETFIELD %self->term def_%v_35 %self[9.0,2.0,] 
		 4: %v_34->escape def_%v_36 %v_34[15.2,] %v_35[15.3,] 	 SYMBOL:	 ARGS:%v_35,
		 5: (VideoGraph) def_%v_37 
		 6: %v_37->get_status_number def_%v_38 %v_37[15.5,] 	 SYMBOL:ready,	 ARGS:Symbol,
		 7: COPY TYPE_StringLiteral "f" def_%v_39 
		 8: HASH-tags-status-channel_is_private- def_%v_40 %v_36[15.4,] %v_38[15.6,] %v_39[15.7,] 
		 9: %self->params def_%v_41 %self[9.0,9.2,6.2,5.1,2.0,] 	 SYMBOL:	 ARGS:
		 10: %v_41->[] def_%v_42 %v_41[15.9,] 	 SYMBOL:page,	 ARGS:Symbol,
		 11: COPY TYPE_StringLiteral "created_at DESC" def_%v_43 
		 12: HASH-conditions-page-per_page-order- def_%v_44 %v_40[15.8,] %v_42[15.10,] %v_43[15.11,] 
		 13: %v_33->search def_%v_45 %v_33[15.1,] %v_44[15.12,] 	 SYMBOL:	 ARGS:%v_44,
		 14: ATTRASSIGN %self->results %v_45[15.13,] 
		 15: 
BB 16
	outgoing: 17 
	datadep: 
	instructions:
		 0: 
		 1: (Video) def_%v_46 
		 2: (Riddle) def_%v_47 
		 3: GETFIELD %self->term def_%v_48 %self[9.0,2.0,] 
		 4: %v_47->escape def_%v_49 %v_47[16.2,] %v_48[16.3,] 	 SYMBOL:	 ARGS:%v_48,
		 5: (VideoGraph) def_%v_50 
		 6: %v_50->get_status_number def_%v_51 %v_50[16.5,] 	 SYMBOL:ready,	 ARGS:Symbol,
		 7: COPY TYPE_StringLiteral "f" def_%v_52 
		 8: HASH-status-channel_is_private- def_%v_53 %v_51[16.6,] %v_52[16.7,] 
		 9: %self->params def_%v_54 %self[9.0,9.2,6.2,5.1,2.0,] 	 SYMBOL:	 ARGS:
		 10: %v_54->[] def_%v_55 %v_54[16.9,] 	 SYMBOL:page,	 ARGS:Symbol,
		 11: COPY TYPE_StringLiteral "created_at DESC" def_%v_56 
		 12: HASH-conditions-page-per_page-order- def_%v_57 %v_53[16.8,] %v_55[16.10,] %v_56[16.11,] 
		 13: %v_46->search def_%v_58 %v_46[16.1,] %v_49[16.4,] %v_57[16.12,] 	 SYMBOL:	 ARGS:%v_49,%v_57,
		 14: ATTRASSIGN %self->results %v_58[16.13,] 
		 15: COPY TYPE_PASS def_%v_45 %v_58[16.13,] 
BB 17
	outgoing: 18 
	datadep: 
	instructions:
		 0: COPY TYPE_PASS def_%v_32 %v_45[16.15,15.13,] 
BB 18
	outgoing: 20 
	datadep: 
	instructions:
		 0: 
		 1: GETFIELD %self->results def_%v_59 %self[13.11,16.14,15.14,2.0,] 
		 2: %v_59->total_entries def_%v_60 %v_59[18.1,] 	 SYMBOL:	 ARGS:
		 3: ATTRASSIGN %self->results_count %v_60[18.2,] 
		 4: 
BB 19
	outgoing: 20 
	datadep: 
	instructions:
		 0: 
		 1: COPY TYPE_Array def_%v_61 
		 2: ATTRASSIGN %self->results %v_61[19.1,] 
		 3: COPY TYPE_PASS def_%v_60 %v_61[19.1,] 
BB 20
	outgoing: 21 
	datadep: 
	instructions:
		 0: 
		 1: %self->respond_to def_%v_62 %self[19.2,18.3,13.11,9.0,9.2,16.14,15.14,6.2,5.1,2.0,] %self[19.2,18.3,13.11,9.0,9.2,16.14,15.14,6.2,5.1,2.0,] 	 SYMBOL:	 ARGS:%self,
CLOSURE BEGIN: %self[19.2,18.3,13.11,9.0,9.2,16.14,15.14,6.2,5.1,2.0,] format[] 
BB 1
	outgoing: 9 2 
	datadep: 
	instructions:
BB 2
	outgoing: 3 
	datadep: 
	instructions:
		 0: def_%self 
		 1: def_%cl_1_0 
		 2: RECEIVEARG def_format 
		 3: COPY TYPE_CurrentScope def_%current_scope 
		 4: COPY TYPE_ScopeModule def_%current_module 
BB 3
	outgoing: 4 5 7 
	datadep: 
	instructions:
		 0: 
		 1: %self->params def_%cl_1_3 %self[2.0,] 	 SYMBOL:	 ARGS:
		 2: %cl_1_3->[] def_%cl_1_4 %cl_1_3[3.1,] 	 SYMBOL:page,	 ARGS:Symbol,
		 3: %cl_1_4->to_i def_%cl_1_5 %cl_1_4[3.2,] 	 SYMBOL:	 ARGS:
		 4: %cl_1_5->> def_%cl_1_6 %cl_1_5[3.3,] 	 SYMBOL:	 ARGS:Fixnum,
		 5: BRANCH %cl_1_6[3.4,] 
BB 4
	outgoing: 6 7 
	datadep: 
	instructions:
		 0: format->js def_%cl_1_7 format[2.2,] 	 SYMBOL:	 ARGS:
		 1: 
BB 5
	outgoing: 7 9 
	datadep: 
	instructions:
		 0: format->html def_%cl_1_8 format[2.2,] 	 SYMBOL:	 ARGS:
		 1: RETURN %cl_1_8[5.0,] %self[2.0,] 
BB 6
	outgoing: 9 
	datadep: 
	instructions:
		 0: RETURN %cl_1_7[4.0,] %self[2.0,] 
BB 7
	outgoing: 9 
	datadep: 
	instructions:
		 0: def_%cl_1_9 
		 1: def_%cl_1_10 %cl_1_9[7.0,] 
		 2: RETURN %cl_1_10[7.1,] %self[2.0,] 
BB 9
	outgoing: 
	datadep: 
	instructions:
CLOSURE END: 
		 2: 
		 3: %self->ruby_code_from_view def_%v_63 %self[20.1,19.2,18.3,13.11,9.0,9.2,16.14,15.14,6.2,5.1,2.0,] 	 SYMBOL:	 ARGS:
		 4: %v_63->ruby_code_from_view def_%v_64 %v_63[20.3,] %self[20.1,20.3,19.2,18.3,13.11,9.0,9.2,16.14,15.14,6.2,5.1,2.0,] 	 SYMBOL:	 ARGS:%v_63,
CLOSURE BEGIN: %self[20.1,20.3,19.2,18.3,13.11,9.0,9.2,16.14,15.14,6.2,5.1,2.0,] 
BB 1
	outgoing: 29 2 
	datadep: 
	instructions:
BB 2
	outgoing: 3 
	datadep: 
	instructions:
		 0: def_%self 
		 1: def_%cl_2_0 
		 2: RECEIVEARG def_rb_from_view 
		 3: COPY TYPE_CurrentScope def_%current_scope 
		 4: COPY TYPE_ScopeModule def_%current_module 
BB 3
	outgoing: 4 5 27 
	datadep: 
	instructions:
		 0: 
		 1: %self->we_should_show_og_tags def_%cl_2_3 %self[2.0,] 	 SYMBOL:	 ARGS:
		 2: BRANCH %cl_2_3[3.1,] 
BB 4
	outgoing: 5 27 
	datadep: 
	instructions:
		 0: GETFIELD %self->video def_%cl_2_4 %self[2.0,] 
		 1: %cl_2_4->blank? def_%cl_2_5 %cl_2_4[4.0,] 	 SYMBOL:	 ARGS:
		 2: %cl_2_5->! def_%cl_2_6 %cl_2_5[4.1,] 	 SYMBOL:	 ARGS:
		 3: COPY TYPE_PASS def_%cl_2_3 %cl_2_6[4.2,] 
BB 5
	outgoing: 6 7 
	datadep: 
	instructions:
		 0: BRANCH %cl_2_3[4.3,3.1,] 
BB 6
	outgoing: 8 27 
	datadep: 
	instructions:
		 0: 
		 1: GETFIELD %self->video def_%cl_2_7 %self[2.0,] 
		 2: %cl_2_7->public_token def_%cl_2_8 %cl_2_7[6.1,] 	 SYMBOL:	 ARGS:
		 3: HASH-public_token- def_%cl_2_9 %cl_2_8[6.2,] 
		 4: %self->public_video_url def_%cl_2_10 %self[2.0,] %cl_2_9[6.3,] 	 SYMBOL:	 ARGS:%cl_2_9,
		 5: 
		 6: GETFIELD %self->video def_%cl_2_11 %self[6.4,2.0,] 
		 7: %cl_2_11->title def_%cl_2_12 %cl_2_11[6.6,] 	 SYMBOL:	 ARGS:
		 8: 
		 9: GETFIELD %self->video def_%cl_2_13 %self[6.4,2.0,] 
		 10: %cl_2_13->description def_%cl_2_14 %cl_2_13[6.9,] 	 SYMBOL:	 ARGS:
		 11: 
		 12: GETFIELD %self->video def_%cl_2_15 %self[6.4,2.0,] 
		 13: GETFIELD %self->video def_%cl_2_16 %self[6.4,2.0,] 
		 14: %cl_2_16->selected_thumbnail def_%cl_2_17 %cl_2_16[6.13,] 	 SYMBOL:	 ARGS:
		 15: %cl_2_15->get_thumbnail_url def_%cl_2_18 %cl_2_15[6.12,] %cl_2_17[6.14,] 	 SYMBOL:	 ARGS:%cl_2_17,
		 16: 
		 17: GETFIELD %self->video def_%cl_2_19 %self[6.4,2.0,] 
		 18: %cl_2_19->public_token def_%cl_2_20 %cl_2_19[6.17,] 	 SYMBOL:	 ARGS:
		 19: HASH-public_token- def_%cl_2_21 %cl_2_20[6.18,] 
		 20: %self->public_video_url def_%cl_2_22 %self[6.4,2.0,] %cl_2_21[6.19,] 	 SYMBOL:	 ARGS:%cl_2_21,
		 21: 
BB 7
	outgoing: 8 27 
	datadep: 
	instructions:
		 0: 
		 1: COPY TYPE_StringLiteral "meta_tag_logo.png" def_%cl_2_23 
		 2: %self->image_path def_%cl_2_24 %self[2.0,] %cl_2_23[7.1,] 	 SYMBOL:	 ARGS:%cl_2_23,
		 3: COPY TYPE_PASS def_%cl_2_22 %cl_2_24[7.2,] 
BB 8
	outgoing: 9 10 27 
	datadep: 
	instructions:
		 0: 
		 1: %self->browser_title def_%cl_2_25 %self[2.0,] 	 SYMBOL:	 ARGS:
		 2: 
		 3: COPY TYPE_StringLiteral "/stylesheets/i_love_lamp-1.0.3.min.css" def_%cl_2_26 
		 4: %self->cache_buster_path def_%cl_2_27 %self[8.1,2.0,] %cl_2_26[8.3,] 	 SYMBOL:	 ARGS:%cl_2_26,
		 5: 
		 6: COPY TYPE_StringLiteral "https://ajax.googleapis.com/ajax/libs/jquery/1.7.1/jquery.min.js" def_%cl_2_28 
		 7: %self->javascript_include_tag def_%cl_2_29 %self[8.1,8.4,2.0,] %cl_2_28[8.6,] 	 SYMBOL:	 ARGS:%cl_2_28,
		 8: 
		 9: COPY TYPE_StringLiteral "/javascripts/functions.min.js" def_%cl_2_30 
		 10: %self->cache_buster_path def_%cl_2_31 %self[8.1,8.4,8.7,2.0,] %cl_2_30[8.9,] 	 SYMBOL:	 ARGS:%cl_2_30,
		 11: 
		 12: COPY TYPE_StringLiteral "/javascripts/i_love_lamp-1.0.3.min.js" def_%cl_2_32 
		 13: %self->cache_buster_path def_%cl_2_33 %self[8.1,8.4,8.7,8.10,2.0,] %cl_2_32[8.12,] 	 SYMBOL:	 ARGS:%cl_2_32,
		 14: 
		 15: COPY TYPE_StringLiteral "player/player.js" def_%cl_2_34 
		 16: %self->javascript_include_tag def_%cl_2_35 %self[8.1,8.4,8.7,8.10,8.13,2.0,] %cl_2_34[8.15,] 	 SYMBOL:	 ARGS:%cl_2_34,
		 17: 
		 18: COPY TYPE_StringLiteral "http://html5shiv.googlecode.com/svn/trunk/html5.js" def_%cl_2_36 
		 19: %self->javascript_include_tag def_%cl_2_37 %self[8.1,8.4,8.7,8.10,8.13,8.16,2.0,] %cl_2_36[8.18,] 	 SYMBOL:	 ARGS:%cl_2_36,
		 20: 
		 21: %self->favicon_link_tag def_%cl_2_38 %self[8.1,8.4,8.7,8.10,8.13,8.16,8.19,2.0,] 	 SYMBOL:	 ARGS:
		 22: 
		 23: %self->csrf_meta_tag def_%cl_2_39 %self[8.1,8.4,8.7,8.10,8.13,8.16,8.19,8.21,2.0,] 	 SYMBOL:	 ARGS:
		 24: 
		 25: %self->get_background_for_user def_%cl_2_40 %self[8.1,8.4,8.7,8.10,8.13,8.16,8.19,8.21,8.23,2.0,] 	 SYMBOL:	 ARGS:
		 26: 
		 27: COPY TYPE_StringLiteral "brevidy_rgb_white.png" def_%cl_2_41 
		 28: COPY TYPE_StringLiteral "135x35" def_%cl_2_42 
		 29: COPY TYPE_StringLiteral "Brevidy - The Soul of Video" def_%cl_2_43 
		 30: HASH-size-alt- def_%cl_2_44 %cl_2_42[8.28,] %cl_2_43[8.29,] 
		 31: %self->image_tag def_%cl_2_45 %self[8.1,8.4,8.7,8.10,8.13,8.16,8.19,8.21,8.23,8.25,2.0,] %cl_2_41[8.27,] %cl_2_44[8.30,] 	 SYMBOL:	 ARGS:%cl_2_41,%cl_2_44,
		 32: %self->signed_in? def_%cl_2_46 %self[8.1,8.4,8.7,8.10,8.13,8.16,8.19,8.21,8.23,8.25,8.31,2.0,] 	 SYMBOL:	 ARGS:
		 33: BRANCH %cl_2_46[8.32,] 
BB 9
	outgoing: 11 27 
	datadep: 
	instructions:
		 0: %self->current_user def_%cl_2_47 %self[2.0,] 	 SYMBOL:	 ARGS:
		 1: %self->user_stream_path def_%cl_2_48 %self[9.0,2.0,] %cl_2_47[9.0,] 	 SYMBOL:	 ARGS:%cl_2_47,
		 2: 
BB 10
	outgoing: 11 
	datadep: 
	instructions:
		 0: COPY TYPE_Symbol def_%cl_2_48 
BB 11
	outgoing: 12 13 27 
	datadep: 
	instructions:
		 0: COPY TYPE_StringLiteral "brand" def_%cl_2_49 
		 1: HASH-class- def_%cl_2_50 %cl_2_49[11.0,] 
		 2: %self->link_to def_%cl_2_51 %self[2.0,] %cl_2_45[8.31,] %cl_2_48[10.0,9.1,] %cl_2_50[11.1,] 	 SYMBOL:	 ARGS:%cl_2_45,%cl_2_48,%cl_2_50,
		 3: 
		 4: %self->video_search_path def_%cl_2_52 %self[11.2,2.0,] 	 SYMBOL:	 ARGS:
		 5: 
		 6: %self->signed_in? def_%cl_2_53 %self[11.2,11.4,2.0,] 	 SYMBOL:	 ARGS:
		 7: BRANCH %cl_2_53[11.6,] 
BB 12
	outgoing: 14 27 
	datadep: 
	instructions:
		 0: 
		 1: COPY TYPE_StringLiteral "Explore" def_%cl_2_54 
		 2: %self->explore_path def_%cl_2_55 %self[2.0,] 	 SYMBOL:	 ARGS:
		 3: %self->link_to def_%cl_2_56 %self[12.2,2.0,] %cl_2_54[12.1,] %cl_2_55[12.2,] 	 SYMBOL:	 ARGS:%cl_2_54,%cl_2_55,
		 4: 
		 5: COPY TYPE_StringLiteral "Upload" def_%cl_2_57 
		 6: %self->current_user def_%cl_2_58 %self[12.2,12.3,2.0,] 	 SYMBOL:	 ARGS:
		 7: %self->new_user_video_path def_%cl_2_59 %self[12.2,12.3,12.6,2.0,] %cl_2_58[12.6,] 	 SYMBOL:	 ARGS:%cl_2_58,
		 8: %self->link_to def_%cl_2_60 %self[12.2,12.3,12.6,12.7,2.0,] %cl_2_57[12.5,] %cl_2_59[12.7,] 	 SYMBOL:	 ARGS:%cl_2_57,%cl_2_59,
		 9: 
		 10: COPY TYPE_StringLiteral "Share a Link" def_%cl_2_61 
		 11: %self->current_user def_%cl_2_62 %self[12.2,12.3,12.6,12.7,12.8,2.0,] 	 SYMBOL:	 ARGS:
		 12: %self->user_share_dialog_path def_%cl_2_63 %self[12.2,12.3,12.6,12.7,12.8,12.11,2.0,] %cl_2_62[12.11,] 	 SYMBOL:	 ARGS:%cl_2_62,
		 13: COPY TYPE_StringLiteral "data-method" def_%cl_2_64 
		 14: COPY TYPE_StringLiteral "GET" def_%cl_2_65 
		 15: HASH-remote- def_%cl_2_66 %cl_2_64[12.13,] %cl_2_65[12.14,] 
		 16: %self->link_to def_%cl_2_67 %self[12.2,12.3,12.6,12.7,12.8,12.11,12.12,2.0,] %cl_2_61[12.10,] %cl_2_63[12.12,] %cl_2_66[12.15,] 	 SYMBOL:	 ARGS:%cl_2_61,%cl_2_63,%cl_2_66,
		 17: 
		 18: COPY TYPE_StringLiteral "Invite" def_%cl_2_68 
		 19: %self->current_user def_%cl_2_69 %self[12.2,12.3,12.6,12.7,12.8,12.11,12.12,12.16,2.0,] 	 SYMBOL:	 ARGS:
		 20: %self->user_invitations_path def_%cl_2_70 %self[12.2,12.3,12.6,12.7,12.8,12.11,12.12,12.16,12.19,2.0,] %cl_2_69[12.19,] 	 SYMBOL:	 ARGS:%cl_2_69,
		 21: %self->link_to def_%cl_2_71 %self[12.2,12.3,12.6,12.7,12.8,12.11,12.12,12.16,12.19,12.20,2.0,] %cl_2_68[12.18,] %cl_2_70[12.20,] 	 SYMBOL:	 ARGS:%cl_2_68,%cl_2_70,
		 22: 
BB 13
	outgoing: 14 
	datadep: 
	instructions:
		 0: COPY TYPE_Nil def_%cl_2_71 
BB 14
	outgoing: 15 16 27 
	datadep: 
	instructions:
		 0: 
		 1: %self->signed_in? def_%cl_2_72 %self[2.0,] 	 SYMBOL:	 ARGS:
		 2: BRANCH %cl_2_72[14.1,] 
BB 15
	outgoing: 17 27 
	datadep: 
	instructions:
		 0: 
		 1: %self->current_user def_%cl_2_73 %self[2.0,] 	 SYMBOL:	 ARGS:
		 2: %self->user_path def_%cl_2_74 %self[15.1,2.0,] %cl_2_73[15.1,] 	 SYMBOL:	 ARGS:%cl_2_73,
		 3: COPY TYPE_StringLiteral "dropdown-toggle" def_%cl_2_75 
		 4: HASH-class- def_%cl_2_76 %cl_2_75[15.3,] 
		 5: %self->link_to def_%cl_2_77 %self[15.1,15.2,2.0,] %cl_2_74[15.2,] %cl_2_76[15.4,] %self[15.1,15.2,2.0,] 	 SYMBOL:	 ARGS:%cl_2_74,%cl_2_76,%self,
CLOSURE BEGIN: %self[15.1,15.2,2.0,] 
BB 1
	outgoing: 9 2 
	datadep: 
	instructions:
BB 2
	outgoing: 3 
	datadep: 
	instructions:
		 0: def_%self 
		 1: def_%cl_3_0 
		 2: COPY TYPE_CurrentScope def_%current_scope 
		 3: COPY TYPE_ScopeModule def_%current_module 
BB 3
	outgoing: 4 5 7 
	datadep: 
	instructions:
		 0: 
		 1: %self->current_user def_%cl_3_3 %self[2.0,] 	 SYMBOL:	 ARGS:
		 2: %cl_3_3->image def_%cl_3_4 %cl_3_3[3.1,] 	 SYMBOL:	 ARGS:
		 3: %cl_3_4->blank? def_%cl_3_5 %cl_3_4[3.2,] 	 SYMBOL:	 ARGS:
		 4: BRANCH %cl_3_5[3.3,] 
BB 4
	outgoing: 6 
	datadep: 
	instructions:
		 0: COPY TYPE_StringLiteral "default_user_35px.jpg" def_%cl_3_6 
		 1: 
BB 5
	outgoing: 6 7 
	datadep: 
	instructions:
		 0: %self->current_user def_%cl_3_7 %self[2.0,] 	 SYMBOL:	 ARGS:
		 1: %cl_3_7->image_url def_%cl_3_8 %cl_3_7[5.0,] 	 SYMBOL:small_profile,	 ARGS:Symbol,
		 2: COPY TYPE_PASS def_%cl_3_6 %cl_3_8[5.1,] 
BB 6
	outgoing: 7 9 
	datadep: 
	instructions:
		 0: BUILDSTRING def_%cl_3_9 %cl_3_6[5.2,4.0,] 
		 1: %self->current_user def_%cl_3_10 %self[2.0,] 	 SYMBOL:	 ARGS:
		 2: %cl_3_10->name def_%cl_3_11 %cl_3_10[6.1,] 	 SYMBOL:	 ARGS:
		 3: BUILDSTRING def_%cl_3_12 %cl_3_11[6.2,] 
		 4: COPY TYPE_StringLiteral "35x35" def_%cl_3_13 
		 5: HASH-alt-size- def_%cl_3_14 %cl_3_12[6.3,] %cl_3_13[6.4,] 
		 6: %self->image_tag def_%cl_3_15 %self[6.1,2.0,] %cl_3_9[6.0,] %cl_3_14[6.5,] 	 SYMBOL:	 ARGS:%cl_3_9,%cl_3_14,
		 7: 
		 8: %self->current_user def_%cl_3_16 %self[6.1,6.6,2.0,] 	 SYMBOL:	 ARGS:
		 9: %cl_3_16->username def_%cl_3_17 %cl_3_16[6.8,] 	 SYMBOL:	 ARGS:
		 10: RETURN %cl_3_17[6.9,] %self[6.1,6.6,6.8,2.0,] 
BB 7
	outgoing: 9 
	datadep: 
	instructions:
		 0: def_%cl_3_18 
		 1: def_%cl_3_19 %cl_3_18[7.0,] 
		 2: RETURN %cl_3_19[7.1,] %self[2.0,] 
BB 9
	outgoing: 
	datadep: 
	instructions:
CLOSURE END: 
		 6: 
		 7: COPY TYPE_StringLiteral "My Channels" def_%cl_2_78 
		 8: %self->current_user def_%cl_2_79 %self[15.1,15.2,15.5,2.0,] 	 SYMBOL:	 ARGS:
		 9: %self->user_channels_path def_%cl_2_80 %self[15.1,15.2,15.5,15.8,2.0,] %cl_2_79[15.8,] 	 SYMBOL:	 ARGS:%cl_2_79,
		 10: %self->link_to def_%cl_2_81 %self[15.1,15.2,15.5,15.8,15.9,2.0,] %cl_2_78[15.7,] %cl_2_80[15.9,] 	 SYMBOL:	 ARGS:%cl_2_78,%cl_2_80,
		 11: 
		 12: COPY TYPE_StringLiteral "Account Settings" def_%cl_2_82 
		 13: %self->current_user def_%cl_2_83 %self[15.1,15.2,15.5,15.8,15.9,15.10,2.0,] 	 SYMBOL:	 ARGS:
		 14: %self->user_account_path def_%cl_2_84 %self[15.1,15.2,15.5,15.8,15.9,15.10,15.13,2.0,] %cl_2_83[15.13,] 	 SYMBOL:	 ARGS:%cl_2_83,
		 15: %self->link_to def_%cl_2_85 %self[15.1,15.2,15.5,15.8,15.9,15.10,15.13,15.14,2.0,] %cl_2_82[15.12,] %cl_2_84[15.14,] 	 SYMBOL:	 ARGS:%cl_2_82,%cl_2_84,
		 16: 
		 17: COPY TYPE_StringLiteral "Find People" def_%cl_2_86 
		 18: %self->find_people_path def_%cl_2_87 %self[15.1,15.2,15.5,15.8,15.9,15.10,15.13,15.14,15.15,2.0,] 	 SYMBOL:	 ARGS:
		 19: %self->link_to def_%cl_2_88 %self[15.1,15.2,15.5,15.8,15.9,15.10,15.13,15.14,15.15,15.18,2.0,] %cl_2_86[15.17,] %cl_2_87[15.18,] 	 SYMBOL:	 ARGS:%cl_2_86,%cl_2_87,
		 20: 
		 21: COPY TYPE_StringLiteral "Help" def_%cl_2_89 
		 22: COPY TYPE_StringLiteral "http://getsatisfaction.com/brevidy" def_%cl_2_90 
		 23: COPY TYPE_StringLiteral "_blank" def_%cl_2_91 
		 24: HASH-target- def_%cl_2_92 %cl_2_91[15.23,] 
		 25: %self->link_to def_%cl_2_93 %self[15.1,15.2,15.5,15.8,15.9,15.10,15.13,15.14,15.15,15.18,15.19,2.0,] %cl_2_89[15.21,] %cl_2_90[15.22,] %cl_2_92[15.24,] 	 SYMBOL:	 ARGS:%cl_2_89,%cl_2_90,%cl_2_92,
		 26: 
		 27: COPY TYPE_StringLiteral "Logout" def_%cl_2_94 
		 28: %self->logout_path def_%cl_2_95 %self[15.1,15.2,15.5,15.8,15.9,15.10,15.13,15.14,15.15,15.18,15.19,15.25,2.0,] 	 SYMBOL:	 ARGS:
		 29: COPY TYPE_StringLiteral "data-method" def_%cl_2_96 
		 30: COPY TYPE_StringLiteral "DELETE" def_%cl_2_97 
		 31: HASH-remote- def_%cl_2_98 %cl_2_96[15.29,] %cl_2_97[15.30,] 
		 32: %self->link_to def_%cl_2_99 %self[15.1,15.2,15.5,15.8,15.9,15.10,15.13,15.14,15.15,15.18,15.19,15.25,15.28,2.0,] %cl_2_94[15.27,] %cl_2_95[15.28,] %cl_2_98[15.31,] 	 SYMBOL:	 ARGS:%cl_2_94,%cl_2_95,%cl_2_98,
		 33: 
BB 16
	outgoing: 17 27 
	datadep: 
	instructions:
		 0: 
		 1: COPY TYPE_StringLiteral "Explore" def_%cl_2_100 
		 2: %self->explore_path def_%cl_2_101 %self[2.0,] 	 SYMBOL:	 ARGS:
		 3: %self->link_to def_%cl_2_102 %self[16.2,2.0,] %cl_2_100[16.1,] %cl_2_101[16.2,] 	 SYMBOL:	 ARGS:%cl_2_100,%cl_2_101,
		 4: 
		 5: COPY TYPE_StringLiteral "Sign up" def_%cl_2_103 
		 6: %self->signup_path def_%cl_2_104 %self[16.2,16.3,2.0,] 	 SYMBOL:	 ARGS:
		 7: %self->link_to def_%cl_2_105 %self[16.2,16.3,16.6,2.0,] %cl_2_103[16.5,] %cl_2_104[16.6,] 	 SYMBOL:	 ARGS:%cl_2_103,%cl_2_104,
		 8: 
		 9: COPY TYPE_StringLiteral "Login" def_%cl_2_106 
		 10: %self->login_path def_%cl_2_107 %self[16.2,16.3,16.6,16.7,2.0,] 	 SYMBOL:	 ARGS:
		 11: %self->link_to def_%cl_2_108 %self[16.2,16.3,16.6,16.7,16.10,2.0,] %cl_2_106[16.9,] %cl_2_107[16.10,] 	 SYMBOL:	 ARGS:%cl_2_106,%cl_2_107,
		 12: COPY TYPE_PASS def_%cl_2_99 %cl_2_108[16.11,] 
BB 17
	outgoing: 18 19 27 
	datadep: 
	instructions:
		 0: 
		 1: GETFIELD %self->term def_%cl_2_109 %self[2.0,] 
		 2: %cl_2_109->blank? def_%cl_2_110 %cl_2_109[17.1,] 	 SYMBOL:	 ARGS:
		 3: BRANCH %cl_2_110[17.2,] 
BB 18
	outgoing: 20 
	datadep: 
	instructions:
		 0: COPY TYPE_Nil def_%cl_2_111 
		 1: 
BB 19
	outgoing: 20 
	datadep: 
	instructions:
		 0: COPY TYPE_Nil def_%cl_2_111 
BB 20
	outgoing: 21 22 27 
	datadep: 
	instructions:
		 0: 
		 1: GETFIELD %self->results def_%cl_2_112 %self[2.0,] 
		 2: %cl_2_112->blank? def_%cl_2_113 %cl_2_112[20.1,] 	 SYMBOL:	 ARGS:
		 3: BRANCH %cl_2_113[20.2,] 
BB 21
	outgoing: 23 27 
	datadep: 
	instructions:
		 0: 
		 1: COPY TYPE_StringLiteral "okayguy.png" def_%cl_2_114 
		 2: COPY TYPE_StringLiteral "Okay" def_%cl_2_115 
		 3: COPY TYPE_StringLiteral "256x275" def_%cl_2_116 
		 4: HASH-alt-size- def_%cl_2_117 %cl_2_115[21.2,] %cl_2_116[21.3,] 
		 5: %self->image_tag def_%cl_2_118 %self[2.0,] %cl_2_114[21.1,] %cl_2_117[21.4,] 	 SYMBOL:	 ARGS:%cl_2_114,%cl_2_117,
		 6: 
BB 22
	outgoing: 23 27 
	datadep: 
	instructions:
		 0: 
		 1: GETFIELD %self->results def_%cl_2_119 %self[2.0,] 
		 2: %self->render def_%cl_2_120 %self[2.0,] %cl_2_119[22.1,] 	 SYMBOL:	 ARGS:%cl_2_119,
		 3: 
		 4: GETFIELD %self->results def_%cl_2_121 %self[22.2,2.0,] 
		 5: %self->will_paginate def_%cl_2_122 %self[22.2,2.0,] %cl_2_121[22.4,] 	 SYMBOL:	 ARGS:%cl_2_121,
		 6: 
		 7: ATTRASSIGN %self->page_has_infinite_scrolling 
		 8: COPY TYPE_Boolean def_%cl_2_118 
BB 23
	outgoing: 24 25 
	datadep: 
	instructions:
		 0: 
		 1: 
		 2: GETFIELD %self->page_has_infinite_scrolling def_%cl_2_123 %self[22.7,2.0,] 
		 3: BRANCH %cl_2_123[23.2,] 
BB 24
	outgoing: 29 
	datadep: 
	instructions:
		 0: COPY TYPE_Nil def_%cl_2_124 
		 1: RETURN %cl_2_124[24.0,] %self[22.7,2.0,] 
BB 25
	outgoing: 27 29 
	datadep: 
	instructions:
		 0: COPY TYPE_StringLiteral "  " def_%cl_2_125 
		 1: %self->succeed def_%cl_2_126 %self[22.7,2.0,] %cl_2_125[25.0,] %self[22.7,2.0,] 	 SYMBOL:	 ARGS:%cl_2_125,%self,
CLOSURE BEGIN: %self[22.7,2.0,] 
BB 1
	outgoing: 6 2 
	datadep: 
	instructions:
BB 2
	outgoing: 3 
	datadep: 
	instructions:
		 0: def_%self 
		 1: def_%cl_4_0 
		 2: COPY TYPE_CurrentScope def_%current_scope 
		 3: COPY TYPE_ScopeModule def_%current_module 
BB 3
	outgoing: 4 6 
	datadep: 
	instructions:
		 0: 
		 1: COPY TYPE_StringLiteral "FAQ" def_%cl_4_3 
		 2: %self->faq_path def_%cl_4_4 %self[2.0,] 	 SYMBOL:	 ARGS:
		 3: COPY TYPE_StringLiteral "inlinelink" def_%cl_4_5 
		 4: HASH-class- def_%cl_4_6 %cl_4_5[3.3,] 
		 5: %self->link_to def_%cl_4_7 %self[3.2,2.0,] %cl_4_3[3.1,] %cl_4_4[3.2,] %cl_4_6[3.4,] 	 SYMBOL:	 ARGS:%cl_4_3,%cl_4_4,%cl_4_6,
		 6: RETURN %cl_4_7[3.5,] %self[3.2,3.5,2.0,] 
BB 4
	outgoing: 6 
	datadep: 
	instructions:
		 0: def_%cl_4_8 
		 1: def_%cl_4_9 %cl_4_8[4.0,] 
		 2: RETURN %cl_4_9[4.1,] %self[2.0,] 
BB 6
	outgoing: 
	datadep: 
	instructions:
CLOSURE END: 
		 2: 
		 3: COPY TYPE_StringLiteral "  " def_%cl_2_127 
		 4: %self->succeed def_%cl_2_128 %self[25.1,22.7,2.0,] %cl_2_127[25.3,] %self[25.1,22.7,2.0,] 	 SYMBOL:	 ARGS:%cl_2_127,%self,
CLOSURE BEGIN: %self[25.1,22.7,2.0,] 
BB 1
	outgoing: 6 2 
	datadep: 
	instructions:
BB 2
	outgoing: 3 
	datadep: 
	instructions:
		 0: def_%self 
		 1: def_%cl_5_0 
		 2: COPY TYPE_CurrentScope def_%current_scope 
		 3: COPY TYPE_ScopeModule def_%current_module 
BB 3
	outgoing: 4 6 
	datadep: 
	instructions:
		 0: 
		 1: COPY TYPE_StringLiteral "Blog" def_%cl_5_3 
		 2: COPY TYPE_StringLiteral "http://blog.brevidy.com" def_%cl_5_4 
		 3: COPY TYPE_StringLiteral "inlinelink" def_%cl_5_5 
		 4: HASH-class- def_%cl_5_6 %cl_5_5[3.3,] 
		 5: %self->link_to def_%cl_5_7 %self[2.0,] %cl_5_3[3.1,] %cl_5_4[3.2,] %cl_5_6[3.4,] 	 SYMBOL:	 ARGS:%cl_5_3,%cl_5_4,%cl_5_6,
		 6: RETURN %cl_5_7[3.5,] %self[3.5,2.0,] 
BB 4
	outgoing: 6 
	datadep: 
	instructions:
		 0: def_%cl_5_8 
		 1: def_%cl_5_9 %cl_5_8[4.0,] 
		 2: RETURN %cl_5_9[4.1,] %self[2.0,] 
BB 6
	outgoing: 
	datadep: 
	instructions:
CLOSURE END: 
		 5: 
		 6: COPY TYPE_StringLiteral "  " def_%cl_2_129 
		 7: %self->succeed def_%cl_2_130 %self[25.1,25.4,22.7,2.0,] %cl_2_129[25.6,] %self[25.1,25.4,22.7,2.0,] 	 SYMBOL:	 ARGS:%cl_2_129,%self,
CLOSURE BEGIN: %self[25.1,25.4,22.7,2.0,] 
BB 1
	outgoing: 6 2 
	datadep: 
	instructions:
BB 2
	outgoing: 3 
	datadep: 
	instructions:
		 0: def_%self 
		 1: def_%cl_6_0 
		 2: COPY TYPE_CurrentScope def_%current_scope 
		 3: COPY TYPE_ScopeModule def_%current_module 
BB 3
	outgoing: 4 6 
	datadep: 
	instructions:
		 0: 
		 1: COPY TYPE_StringLiteral "Status" def_%cl_6_3 
		 2: COPY TYPE_StringLiteral "http://status.brevidy.com" def_%cl_6_4 
		 3: COPY TYPE_StringLiteral "inlinelink" def_%cl_6_5 
		 4: HASH-class- def_%cl_6_6 %cl_6_5[3.3,] 
		 5: %self->link_to def_%cl_6_7 %self[2.0,] %cl_6_3[3.1,] %cl_6_4[3.2,] %cl_6_6[3.4,] 	 SYMBOL:	 ARGS:%cl_6_3,%cl_6_4,%cl_6_6,
		 6: RETURN %cl_6_7[3.5,] %self[3.5,2.0,] 
BB 4
	outgoing: 6 
	datadep: 
	instructions:
		 0: def_%cl_6_8 
		 1: def_%cl_6_9 %cl_6_8[4.0,] 
		 2: RETURN %cl_6_9[4.1,] %self[2.0,] 
BB 6
	outgoing: 
	datadep: 
	instructions:
CLOSURE END: 
		 8: 
		 9: COPY TYPE_StringLiteral "  " def_%cl_2_131 
		 10: %self->succeed def_%cl_2_132 %self[25.1,25.4,25.7,22.7,2.0,] %cl_2_131[25.9,] %self[25.1,25.4,25.7,22.7,2.0,] 	 SYMBOL:	 ARGS:%cl_2_131,%self,
CLOSURE BEGIN: %self[25.1,25.4,25.7,22.7,2.0,] 
BB 1
	outgoing: 6 2 
	datadep: 
	instructions:
BB 2
	outgoing: 3 
	datadep: 
	instructions:
		 0: def_%self 
		 1: def_%cl_7_0 
		 2: COPY TYPE_CurrentScope def_%current_scope 
		 3: COPY TYPE_ScopeModule def_%current_module 
BB 3
	outgoing: 4 6 
	datadep: 
	instructions:
		 0: 
		 1: COPY TYPE_StringLiteral "Contact" def_%cl_7_3 
		 2: %self->contact_path def_%cl_7_4 %self[2.0,] 	 SYMBOL:	 ARGS:
		 3: COPY TYPE_StringLiteral "inlinelink" def_%cl_7_5 
		 4: HASH-class- def_%cl_7_6 %cl_7_5[3.3,] 
		 5: %self->link_to def_%cl_7_7 %self[3.2,2.0,] %cl_7_3[3.1,] %cl_7_4[3.2,] %cl_7_6[3.4,] 	 SYMBOL:	 ARGS:%cl_7_3,%cl_7_4,%cl_7_6,
		 6: RETURN %cl_7_7[3.5,] %self[3.2,3.5,2.0,] 
BB 4
	outgoing: 6 
	datadep: 
	instructions:
		 0: def_%cl_7_8 
		 1: def_%cl_7_9 %cl_7_8[4.0,] 
		 2: RETURN %cl_7_9[4.1,] %self[2.0,] 
BB 6
	outgoing: 
	datadep: 
	instructions:
CLOSURE END: 
		 11: 
		 12: COPY TYPE_StringLiteral "  " def_%cl_2_133 
		 13: %self->succeed def_%cl_2_134 %self[25.1,25.4,25.7,25.10,22.7,2.0,] %cl_2_133[25.12,] %self[25.1,25.4,25.7,25.10,22.7,2.0,] 	 SYMBOL:	 ARGS:%cl_2_133,%self,
CLOSURE BEGIN: %self[25.1,25.4,25.7,25.10,22.7,2.0,] 
BB 1
	outgoing: 6 2 
	datadep: 
	instructions:
BB 2
	outgoing: 3 
	datadep: 
	instructions:
		 0: def_%self 
		 1: def_%cl_8_0 
		 2: COPY TYPE_CurrentScope def_%current_scope 
		 3: COPY TYPE_ScopeModule def_%current_module 
BB 3
	outgoing: 4 6 
	datadep: 
	instructions:
		 0: 
		 1: COPY TYPE_StringLiteral "Terms" def_%cl_8_3 
		 2: %self->tos_path def_%cl_8_4 %self[2.0,] 	 SYMBOL:	 ARGS:
		 3: COPY TYPE_StringLiteral "inlinelink" def_%cl_8_5 
		 4: HASH-class- def_%cl_8_6 %cl_8_5[3.3,] 
		 5: %self->link_to def_%cl_8_7 %self[3.2,2.0,] %cl_8_3[3.1,] %cl_8_4[3.2,] %cl_8_6[3.4,] 	 SYMBOL:	 ARGS:%cl_8_3,%cl_8_4,%cl_8_6,
		 6: RETURN %cl_8_7[3.5,] %self[3.2,3.5,2.0,] 
BB 4
	outgoing: 6 
	datadep: 
	instructions:
		 0: def_%cl_8_8 
		 1: def_%cl_8_9 %cl_8_8[4.0,] 
		 2: RETURN %cl_8_9[4.1,] %self[2.0,] 
BB 6
	outgoing: 
	datadep: 
	instructions:
CLOSURE END: 
		 14: 
		 15: COPY TYPE_StringLiteral "  " def_%cl_2_135 
		 16: %self->succeed def_%cl_2_136 %self[25.1,25.4,25.7,25.10,25.13,22.7,2.0,] %cl_2_135[25.15,] %self[25.1,25.4,25.7,25.10,25.13,22.7,2.0,] 	 SYMBOL:	 ARGS:%cl_2_135,%self,
CLOSURE BEGIN: %self[25.1,25.4,25.7,25.10,25.13,22.7,2.0,] 
BB 1
	outgoing: 6 2 
	datadep: 
	instructions:
BB 2
	outgoing: 3 
	datadep: 
	instructions:
		 0: def_%self 
		 1: def_%cl_9_0 
		 2: COPY TYPE_CurrentScope def_%current_scope 
		 3: COPY TYPE_ScopeModule def_%current_module 
BB 3
	outgoing: 4 6 
	datadep: 
	instructions:
		 0: 
		 1: COPY TYPE_StringLiteral "Privacy" def_%cl_9_3 
		 2: %self->privacy_path def_%cl_9_4 %self[2.0,] 	 SYMBOL:	 ARGS:
		 3: COPY TYPE_StringLiteral "inlinelink" def_%cl_9_5 
		 4: HASH-class- def_%cl_9_6 %cl_9_5[3.3,] 
		 5: %self->link_to def_%cl_9_7 %self[3.2,2.0,] %cl_9_3[3.1,] %cl_9_4[3.2,] %cl_9_6[3.4,] 	 SYMBOL:	 ARGS:%cl_9_3,%cl_9_4,%cl_9_6,
		 6: RETURN %cl_9_7[3.5,] %self[3.2,3.5,2.0,] 
BB 4
	outgoing: 6 
	datadep: 
	instructions:
		 0: def_%cl_9_8 
		 1: def_%cl_9_9 %cl_9_8[4.0,] 
		 2: RETURN %cl_9_9[4.1,] %self[2.0,] 
BB 6
	outgoing: 
	datadep: 
	instructions:
CLOSURE END: 
		 17: RETURN %cl_2_136[25.16,] %self[25.1,25.4,25.7,25.10,25.13,25.16,22.7,2.0,] 
BB 27
	outgoing: 29 
	datadep: 
	instructions:
		 0: def_%cl_2_137 
		 1: def_%cl_2_138 %cl_2_137[27.0,] 
		 2: RETURN %cl_2_138[27.1,] %self[22.7,2.0,] 
BB 29
	outgoing: 
	datadep: 
	instructions:
CLOSURE END: 
		 5: RETURN %v_64[20.4,] %self[20.1,20.3,19.2,18.3,13.11,9.0,9.2,16.14,15.14,6.2,5.1,2.0,] 
BB 21
	outgoing: 
	datadep: 
	instructions:

