SET IRMethod, name = issues instanceMethod = true
BB 1
	outgoing: 3 2 
	datadep: 
	instructions:
BB 2
	outgoing: 3 
	datadep: 
	instructions:
		 0: def_%self 
		 1: def_%v_0 
		 2: COPY TYPE_CurrentScope def_%current_scope 
		 3: COPY TYPE_ScopeModule def_%current_module 
		 4: 
		 5: 
		 6: GETFIELD %self->project def_%v_3 %self[2.0,] 
		 7: %v_3->issues def_%v_4 %v_3[2.6,] 	 SYMBOL:	 ARGS:
		 8: %self->current_user def_%v_5 %self[2.0,] 	 SYMBOL:	 ARGS:
		 9: %v_4->visible_to_user def_%v_6 %v_4[2.7,] %v_5[2.8,] 	 SYMBOL:	 ARGS:%v_5,
		 10: %v_6->opened def_%v_7 %v_6[2.9,] 	 SYMBOL:	 ARGS:
		 11: COPY TYPE_Array def_%v_8 
		 12: %v_7->select def_%v_9 %v_7[2.10,] %v_8[2.11,] 	 SYMBOL:	 ARGS:%v_8,
		 13: RETURN %v_9[2.12,] %self[2.0,2.8,] 
BB 3
	outgoing: 
	datadep: 
	instructions:

SET IRMethod, name = merge_requests instanceMethod = true
BB 1
	outgoing: 3 2 
	datadep: 
	instructions:
BB 2
	outgoing: 3 
	datadep: 
	instructions:
		 0: def_%self 
		 1: def_%v_0 
		 2: COPY TYPE_CurrentScope def_%current_scope 
		 3: COPY TYPE_ScopeModule def_%current_module 
		 4: 
		 5: 
		 6: GETFIELD %self->project def_%v_3 %self[2.0,] 
		 7: %v_3->merge_requests def_%v_4 %v_3[2.6,] 	 SYMBOL:	 ARGS:
		 8: %v_4->opened def_%v_5 %v_4[2.7,] 	 SYMBOL:	 ARGS:
		 9: COPY TYPE_Array def_%v_6 
		 10: %v_5->select def_%v_7 %v_5[2.8,] %v_6[2.9,] 	 SYMBOL:	 ARGS:%v_6,
		 11: RETURN %v_7[2.10,] %self[2.0,] 
BB 3
	outgoing: 
	datadep: 
	instructions:

