SET IRMethod, name = execute instanceMethod = true
BB 1
	outgoing: 10 2 
	datadep: 
	instructions:
BB 2
	outgoing: 3 4 
	datadep: 
	instructions:
		 0: def_%self 
		 1: def_%v_0 
		 2: COPY TYPE_CurrentScope def_%current_scope 
		 3: COPY TYPE_ScopeModule def_%current_module 
		 4: 
		 5: 
		 6: GETFIELD %self->project def_%v_3 %self[2.0,] 
		 7: %v_3->id def_%v_4 %v_3[2.6,] 	 SYMBOL:	 ARGS:
		 8: GETFIELD %self->project def_%v_5 %self[2.0,] 
		 9: %v_5->visibility_level def_%v_6 %v_5[2.8,] 	 SYMBOL:	 ARGS:
		 10: GETFIELD %self->project def_%v_7 %self[2.0,] 
		 11: %v_7->description def_%v_8 %v_7[2.10,] 	 SYMBOL:	 ARGS:
		 12: GETFIELD %self->project def_%v_9 %self[2.0,] 
		 13: %v_9->name def_%v_10 %v_9[2.12,] 	 SYMBOL:	 ARGS:
		 14: GETFIELD %self->project def_%v_11 %self[2.0,] 
		 15: %v_11->path def_%v_12 %v_11[2.14,] 	 SYMBOL:	 ARGS:
		 16: GETFIELD %self->project def_%v_13 %self[2.0,] 
		 17: %v_13->shared_runners_enabled def_%v_14 %v_13[2.16,] 	 SYMBOL:	 ARGS:
		 18: GETFIELD %self->project def_%v_15 %self[2.0,] 
		 19: %v_15->builds_enabled def_%v_16 %v_15[2.18,] 	 SYMBOL:	 ARGS:
		 20: GETFIELD %self->params def_%v_17 %self[2.0,] 
		 21: %v_17->[] def_%v_18 %v_17[2.20,] 	 SYMBOL:namespace,	 ARGS:Symbol,
		 22: %v_18->try def_%v_19 %v_18[2.21,] 	 SYMBOL:id,	 ARGS:Symbol,
		 23: BRANCH %v_19[2.22,] 
BB 3
	outgoing: 4 
	datadep: 
	instructions:
		 0: %self->current_user def_%v_20 %self[2.0,] 	 SYMBOL:	 ARGS:
		 1: %v_20->namespace def_%v_21 %v_20[3.0,] 	 SYMBOL:	 ARGS:
		 2: %v_21->id def_%v_22 %v_21[3.1,] 	 SYMBOL:	 ARGS:
		 3: COPY TYPE_PASS def_%v_19 %v_22[3.2,] 
BB 4
	outgoing: 5 6 
	datadep: 
	instructions:
		 0: HASH-forked_from_project_id-visibility_level-description-name-path-shared_runners_enabled-builds_enabled-namespace_id- def_%v_23 %v_4[2.7,] %v_6[2.9,] %v_8[2.11,] %v_10[2.13,] %v_12[2.15,] %v_14[2.17,] %v_16[2.19,] %v_19[3.3,2.22,] 
		 1: COPY TYPE_PASS def_new_params %v_23[4.0,] 
		 2: 
		 3: GETFIELD %self->project def_%v_24 %self[2.0,] 
		 4: %v_24->avatar def_%v_25 %v_24[4.3,] 	 SYMBOL:	 ARGS:
		 5: %v_25->present? def_%v_26 %v_25[4.4,] 	 SYMBOL:	 ARGS:
		 6: BRANCH %v_26[4.5,] 
BB 5
	outgoing: 6 
	datadep: 
	instructions:
		 0: GETFIELD %self->project def_%v_27 %self[2.0,] 
		 1: %v_27->avatar def_%v_28 %v_27[5.0,] 	 SYMBOL:	 ARGS:
		 2: %v_28->image? def_%v_29 %v_28[5.1,] 	 SYMBOL:	 ARGS:
		 3: COPY TYPE_PASS def_%v_26 %v_29[5.2,] 
BB 6
	outgoing: 7 8 
	datadep: 
	instructions:
		 0: BRANCH %v_26[5.3,4.5,] 
BB 7
	outgoing: 9 
	datadep: 
	instructions:
		 0: 
		 1: GETFIELD %self->project def_%v_30 %self[2.0,] 
		 2: %v_30->avatar def_%v_31 %v_30[7.1,] 	 SYMBOL:	 ARGS:
		 3: ATTRASSIGN new_params->[] %v_31[7.2,] 
		 4: 
BB 8
	outgoing: 9 
	datadep: 
	instructions:
		 0: COPY TYPE_Nil def_%v_31 
BB 9
	outgoing: 10 
	datadep: 
	instructions:
		 0: 
		 1: (CreateService) def_%v_32 
		 2: %self->current_user def_%v_33 %self[2.0,] 	 SYMBOL:	 ARGS:
		 3: %v_32->new def_%v_34 %v_32[9.1,] %v_33[9.2,] new_params[7.3,4.1,] 	 SYMBOL:	 ARGS:%v_33,new_params,
		 4: %v_34->execute def_%v_35 %v_34[9.3,] 	 SYMBOL:	 ARGS:
		 5: COPY TYPE_PASS def_new_project %v_35[9.4,] 
		 6: 
		 7: RETURN %v_35[9.4,] %self[9.2,2.0,] 
BB 10
	outgoing: 
	datadep: 
	instructions:

