SET IRMethod, name = execute instanceMethod = true
BB 1
	outgoing: 28 2 
	datadep: 
	instructions:
BB 2
	outgoing: 3 4 
	datadep: 
	instructions:
		 0: def_%self 
		 1: def_%v_0 
		 2: COPY TYPE_CurrentScope def_%current_scope 
		 3: COPY TYPE_ScopeModule def_%current_module 
		 4: 
		 5: 
		 6: %self->params def_%v_3 %self[2.0,] 	 SYMBOL:	 ARGS:
		 7: %v_3->[] def_%v_4 %v_3[2.6,] 	 SYMBOL:visibility_level,	 ARGS:Symbol,
		 8: COPY TYPE_PASS def_new_visibility %v_4[2.7,] 
		 9: 
		 10: COPY TYPE_PASS def_%v_5 %v_4[2.7,] 
		 11: BRANCH %v_4[2.7,] 
BB 3
	outgoing: 4 
	datadep: 
	instructions:
		 0: new_visibility->to_i def_%v_6 new_visibility[2.8,] 	 SYMBOL:	 ARGS:
		 1: %self->project def_%v_7 %self[2.0,] 	 SYMBOL:	 ARGS:
		 2: %v_7->visibility_level def_%v_8 %v_7[3.1,] 	 SYMBOL:	 ARGS:
		 3: %v_6->!= def_%v_9 %v_6[3.0,] %v_8[3.2,] 	 SYMBOL:	 ARGS:%v_8,
		 4: COPY TYPE_PASS def_%v_5 %v_9[3.3,] 
BB 4
	outgoing: 5 13 
	datadep: 
	instructions:
		 0: BRANCH %v_5[3.4,2.10,] 
BB 5
	outgoing: 6 9 
	datadep: 
	instructions:
		 0: 
		 1: %self->current_user def_%v_10 %self[2.0,] 	 SYMBOL:	 ARGS:
		 2: %self->project def_%v_11 %self[5.1,2.0,] 	 SYMBOL:	 ARGS:
		 3: %self->can? def_%v_12 %self[5.1,5.2,2.0,] %v_10[5.1,] %v_11[5.2,] 	 SYMBOL:change_visibility_level,	 ARGS:%v_10,Symbol,%v_11,
		 4: BRANCH %v_12[5.3,] 
BB 6
	outgoing: 7 8 
	datadep: 
	instructions:
		 0: (Gitlab) def_%v_13 
		 1: (inherit VisibilityLevel) def_%v_14 %v_13[6.0,] 
		 2: %v_14[6.1,] 
BB 7
	outgoing: 8 
	datadep: 
	instructions:
		 0: %v_13->const_missing def_%v_14 %v_13[6.0,] 	 SYMBOL:VisibilityLevel,	 ARGS:Symbol,
BB 8
	outgoing: 9 
	datadep: 
	instructions:
		 0: %self->current_user def_%v_15 %self[2.0,] 	 SYMBOL:	 ARGS:
		 1: %v_14->allowed_for? def_%v_16 %v_14[7.0,6.1,] %v_15[8.0,] new_visibility[2.8,] 	 SYMBOL:	 ARGS:%v_15,new_visibility,
		 2: COPY TYPE_PASS def_%v_12 %v_16[8.1,] 
BB 9
	outgoing: 10 11 
	datadep: 
	instructions:
		 0: BRANCH %v_12[8.2,5.3,] 
BB 10
	outgoing: 14 
	datadep: 
	instructions:
		 0: COPY TYPE_Nil def_%v_17 
		 1: 
BB 11
	outgoing: 28 
	datadep: 
	instructions:
		 0: 
		 1: %self->project def_%v_18 %self[2.0,] 	 SYMBOL:	 ARGS:
		 2: %self->deny_visibility_level def_%v_19 %self[11.1,2.0,] %v_18[11.1,] new_visibility[2.8,] 	 SYMBOL:	 ARGS:%v_18,new_visibility,
		 3: 
		 4: %self->project def_%v_20 %self[11.1,11.2,2.0,] 	 SYMBOL:	 ARGS:
		 5: RETURN %v_20[11.4,] %self[11.1,11.2,11.4,2.0,] 
BB 13
	outgoing: 14 
	datadep: 
	instructions:
		 0: COPY TYPE_Nil def_%v_17 
BB 14
	outgoing: 15 16 
	datadep: 
	instructions:
		 0: 
		 1: %self->params def_%v_21 %self[2.0,] 	 SYMBOL:	 ARGS:
		 2: %v_21->[] def_%v_22 %v_21[14.1,] 	 SYMBOL:default_branch,	 ARGS:Symbol,
		 3: COPY TYPE_PASS def_new_branch %v_22[14.2,] 
		 4: 
		 5: %self->project def_%v_23 %self[14.1,2.0,] 	 SYMBOL:	 ARGS:
		 6: %v_23->repository def_%v_24 %v_23[14.5,] 	 SYMBOL:	 ARGS:
		 7: %v_24->exists? def_%v_25 %v_24[14.6,] 	 SYMBOL:	 ARGS:
		 8: BRANCH %v_25[14.7,] 
BB 15
	outgoing: 16 
	datadep: 
	instructions:
		 0: COPY TYPE_PASS def_%v_25 new_branch[14.3,] 
BB 16
	outgoing: 17 18 
	datadep: 
	instructions:
		 0: BRANCH %v_25[15.0,14.7,] 
BB 17
	outgoing: 18 
	datadep: 
	instructions:
		 0: %self->project def_%v_26 %self[2.0,] 	 SYMBOL:	 ARGS:
		 1: %v_26->default_branch def_%v_27 %v_26[17.0,] 	 SYMBOL:	 ARGS:
		 2: new_branch->!= def_%v_28 new_branch[14.3,] %v_27[17.1,] 	 SYMBOL:	 ARGS:%v_27,
		 3: COPY TYPE_PASS def_%v_25 %v_28[17.2,] 
BB 18
	outgoing: 19 20 
	datadep: 
	instructions:
		 0: BRANCH %v_25[17.3,15.0,14.7,] 
BB 19
	outgoing: 21 
	datadep: 
	instructions:
		 0: 
		 1: %self->project def_%v_29 %self[2.0,] 	 SYMBOL:	 ARGS:
		 2: %v_29->change_head def_%v_30 %v_29[19.1,] new_branch[17.2,14.3,] 	 SYMBOL:	 ARGS:new_branch,
		 3: 
BB 20
	outgoing: 21 
	datadep: 
	instructions:
		 0: COPY TYPE_Nil def_%v_30 
BB 21
	outgoing: 22 26 
	datadep: 
	instructions:
		 0: 
		 1: %self->project def_%v_31 %self[2.0,] 	 SYMBOL:	 ARGS:
		 2: %self->params def_%v_32 %self[21.1,2.0,] 	 SYMBOL:	 ARGS:
		 3: %v_32->except def_%v_33 %v_32[21.2,] 	 SYMBOL:default_branch,	 ARGS:Symbol,
		 4: %v_31->update_attributes def_%v_34 %v_31[21.1,] %v_33[21.3,] 	 SYMBOL:	 ARGS:%v_33,
		 5: BRANCH %v_34[21.4,] 
BB 22
	outgoing: 23 24 
	datadep: 
	instructions:
		 0: 
		 1: %self->project def_%v_35 %self[2.0,] 	 SYMBOL:	 ARGS:
		 2: %v_35->previous_changes def_%v_36 %v_35[22.1,] 	 SYMBOL:	 ARGS:
		 3: COPY TYPE_StringLiteral "path" def_%v_37 
		 4: %v_36->include? def_%v_38 %v_36[22.2,] %v_37[22.3,] 	 SYMBOL:	 ARGS:%v_37,
		 5: BRANCH %v_38[22.4,] 
BB 23
	outgoing: 25 
	datadep: 
	instructions:
		 0: 
		 1: %self->project def_%v_39 %self[2.0,] 	 SYMBOL:	 ARGS:
		 2: %v_39->rename_repo def_%v_40 %v_39[23.1,] 	 SYMBOL:	 ARGS:
		 3: 
BB 24
	outgoing: 25 
	datadep: 
	instructions:
		 0: COPY TYPE_Nil def_%v_40 
BB 25
	outgoing: 28 
	datadep: 
	instructions:
		 0: RETURN %v_40[24.0,23.2,] %self[2.0,] 
BB 26
	outgoing: 28 
	datadep: 
	instructions:
		 0: RETURN %self[2.0,] 
BB 28
	outgoing: 
	datadep: 
	instructions:

