SET IRMethod, name = setup instanceMethod = true
BB 1
	outgoing: 3 2 
	datadep: 
	instructions:
BB 2
	outgoing: 3 
	datadep: 
	instructions:
		 0: def_%self 
		 1: def_%v_0 
		 2: COPY TYPE_CurrentScope def_%current_scope 
		 3: COPY TYPE_ScopeModule def_%current_module 
		 4: 
		 5: 
		 6: (SecureRandom) def_%v_3 
		 7: %v_3->hex def_%v_4 %v_3[2.6,] 	 SYMBOL:	 ARGS:Fixnum,
		 8: ATTRASSIGN %self->client_id %v_4[2.7,] 
		 9: 
		 10: (SecureRandom) def_%v_5 
		 11: %v_5->hex def_%v_6 %v_5[2.10,] 	 SYMBOL:	 ARGS:Fixnum,
		 12: ATTRASSIGN %self->client_secret %v_6[2.11,] 
		 13: RETURN %v_6[2.11,] %self[2.0,2.8,2.12,] 
BB 3
	outgoing: 
	datadep: 
	instructions:

SET IRMethod, name = image_uri instanceMethod = true
BB 1
	outgoing: 8 2 
	datadep: 
	instructions:
BB 2
	outgoing: 3 6 
	datadep: 
	instructions:
		 0: def_%self 
		 1: def_%v_0 
		 2: COPY TYPE_CurrentScope def_%current_scope 
		 3: COPY TYPE_ScopeModule def_%current_module 
		 4: 
		 5: 
		 6: %self->logo_uri def_%v_3 %self[2.0,] 	 SYMBOL:	 ARGS:
		 7: BRANCH %v_3[2.6,] 
BB 3
	outgoing: 4 5 
	datadep: 
	instructions:
		 0: (Diaspora) def_%v_4 
		 1: (inherit Camo) def_%v_5 %v_4[3.0,] 
		 2: %v_5[3.1,] 
BB 4
	outgoing: 5 
	datadep: 
	instructions:
		 0: %v_4->const_missing def_%v_5 %v_4[3.0,] 	 SYMBOL:Camo,	 ARGS:Symbol,
BB 5
	outgoing: 8 
	datadep: 
	instructions:
		 0: %self->logo_uri def_%v_6 %self[2.0,] 	 SYMBOL:	 ARGS:
		 1: %v_5->image_url def_%v_7 %v_5[4.0,3.1,] %v_6[5.0,] 	 SYMBOL:	 ARGS:%v_6,
		 2: RETURN %v_7[5.1,] %self[5.0,2.0,] 
BB 6
	outgoing: 8 
	datadep: 
	instructions:
		 0: RETURN %self[2.0,] 
BB 8
	outgoing: 
	datadep: 
	instructions:

SET IRMethod, name = available_response_types instanceMethod = true
BB 1
	outgoing: 3 2 
	datadep: 
	instructions:
BB 2
	outgoing: 3 
	datadep: 
	instructions:
		 0: def_%self 
		 1: def_%v_0 
		 2: COPY TYPE_CurrentScope def_%current_scope 
		 3: COPY TYPE_ScopeModule def_%current_module 
		 4: 
		 5: 
		 6: COPY TYPE_StringLiteral "id_token" def_%v_3 
		 7: COPY TYPE_StringLiteral "id_token token" def_%v_4 
		 8: COPY TYPE_StringLiteral "code" def_%v_5 
		 9: COPY TYPE_Array def_%v_6 %v_3[2.6,] %v_4[2.7,] %v_5[2.8,] 
		 10: RETURN %v_6[2.9,] %self[2.0,] 
BB 3
	outgoing: 
	datadep: 
	instructions:

SET IRMethod, name = register! instanceMethod = true
BB 1
	outgoing: 3 2 
	datadep: 
	instructions:
BB 2
	outgoing: 3 
	datadep: 
	instructions:
		 0: def_%self 
		 1: def_%v_0 
		 2: COPY TYPE_CurrentScope def_%current_scope 
		 3: COPY TYPE_ScopeModule def_%current_module 
		 4: 
		 5: RECEIVEARG def_registrar 
		 6: 
		 7: registrar->validate! def_%v_3 registrar[2.5,] 	 SYMBOL:	 ARGS:
		 8: 
		 9: %self->build_client_application def_%v_4 %self[2.0,] registrar[2.5,2.7,] 	 SYMBOL:	 ARGS:registrar,
		 10: RETURN %v_4[2.9,] %self[2.0,2.9,] 
BB 3
	outgoing: 
	datadep: 
	instructions:

SET IRMethod, name = build_client_application instanceMethod = true
BB 1
	outgoing: 3 2 
	datadep: 
	instructions:
BB 2
	outgoing: 3 
	datadep: 
	instructions:
		 0: def_%self 
		 1: def_%v_0 
		 2: COPY TYPE_CurrentScope def_%current_scope 
		 3: COPY TYPE_ScopeModule def_%current_module 
		 4: 
		 5: RECEIVEARG def_registrar 
		 6: 
		 7: %self->registrar_attributes def_%v_3 %self[2.0,] registrar[2.5,] 	 SYMBOL:	 ARGS:registrar,
		 8: COPY TYPE_PASS def_attributes %v_3[2.7,] 
		 9: 
		 10: %self->check_sector_identifier_uri def_%v_4 %self[2.0,2.7,] %v_3[2.7,] 	 SYMBOL:	 ARGS:attributes,
		 11: 
		 12: %self->check_redirect_uris def_%v_5 %self[2.0,2.7,2.10,] attributes[2.8,] 	 SYMBOL:	 ARGS:attributes,
		 13: 
		 14: %self->create! def_%v_6 %self[2.0,2.7,2.10,2.12,] attributes[2.8,] 	 SYMBOL:	 ARGS:attributes,
		 15: RETURN %v_6[2.14,] %self[2.0,2.7,2.10,2.12,2.14,] 
BB 3
	outgoing: 
	datadep: 
	instructions:

SET IRMethod, name = check_sector_identifier_uri instanceMethod = true
BB 1
	outgoing: 15 2 
	datadep: 
	instructions:
BB 2
	outgoing: 3 4 
	datadep: 
	instructions:
		 0: def_%self 
		 1: def_%v_0 
		 2: COPY TYPE_CurrentScope def_%current_scope 
		 3: COPY TYPE_ScopeModule def_%current_module 
		 4: 
		 5: RECEIVEARG def_attributes 
		 6: 
		 7: attributes->[] def_%v_3 attributes[2.5,] 	 SYMBOL:sector_identifier_uri,	 ARGS:Symbol,
		 8: COPY TYPE_PASS def_sector_identifier_uri %v_3[2.7,] 
		 9: 
		 10: BRANCH %v_3[2.7,] 
BB 3
	outgoing: 6 7 
	datadep: 
	instructions:
		 0: COPY TYPE_Nil def_%v_4 
		 1: 
		 2: (Faraday) def_%v_5 
		 3: %v_5->get def_%v_6 %v_5[3.2,] sector_identifier_uri[2.8,] 	 SYMBOL:	 ARGS:sector_identifier_uri,
		 4: COPY TYPE_PASS def_response %v_6[3.3,] 
		 5: 
		 6: (JSON) def_%v_7 
		 7: %v_6->body def_%v_8 %v_6[3.3,] 	 SYMBOL:	 ARGS:
		 8: %v_7->parse def_%v_9 %v_7[3.6,] %v_8[3.7,] 	 SYMBOL:	 ARGS:%v_8,
		 9: COPY TYPE_PASS def_sector_identifier_uri_json %v_9[3.8,] 
		 10: 
		 11: attributes->[] def_%v_10 attributes[2.5,] 	 SYMBOL:redirect_uris,	 ARGS:Symbol,
		 12: COPY TYPE_PASS def_redirect_uris %v_10[3.11,] 
		 13: 
		 14: %v_10->- def_%v_11 %v_10[3.11,] sector_identifier_uri_json[3.9,] 	 SYMBOL:	 ARGS:sector_identifier_uri_json,
		 15: %v_11->empty? def_%v_12 %v_11[3.14,] 	 SYMBOL:	 ARGS:
		 16: COPY TYPE_PASS def_sector_identifier_uri_includes_redirect_uris %v_12[3.15,] 
		 17: 
		 18: BRANCH %v_12[3.15,] 
BB 4
	outgoing: 15 
	datadep: 
	instructions:
		 0: RETURN %self[2.0,] 
BB 6
	outgoing: 15 
	datadep: 
	instructions:
		 0: RETURN %self[2.0,] 
BB 7
	outgoing: 9 10 
	datadep: 
	instructions:
		 0: COPY TYPE_Nil def_%v_13 
		 1: 
		 2: (Api) def_%v_14 
		 3: (inherit OpenidConnect) def_%v_15 %v_14[7.2,] 
		 4: %v_15[7.3,] 
BB 9
	outgoing: 10 
	datadep: 
	instructions:
		 0: %v_14->const_missing def_%v_15 %v_14[7.2,] 	 SYMBOL:OpenidConnect,	 ARGS:Symbol,
BB 10
	outgoing: 11 12 
	datadep: 
	instructions:
		 0: (inherit Error) def_%v_16 %v_15[9.0,7.3,] 
		 1: %v_16[10.0,] 
BB 11
	outgoing: 12 
	datadep: 
	instructions:
		 0: %v_15->const_missing def_%v_16 %v_15[9.0,7.3,] 	 SYMBOL:Error,	 ARGS:Symbol,
BB 12
	outgoing: 13 14 
	datadep: 
	instructions:
		 0: (inherit InvalidSectorIdentifierUri) def_%v_17 %v_16[11.0,10.0,] 
		 1: %v_17[12.0,] 
BB 13
	outgoing: 14 
	datadep: 
	instructions:
		 0: %v_16->const_missing def_%v_17 %v_16[11.0,10.0,] 	 SYMBOL:InvalidSectorIdentifierUri,	 ARGS:Symbol,
BB 14
	outgoing: 15 
	datadep: 
	instructions:
		 0: %v_17->new def_%v_18 %v_17[13.0,12.0,] 	 SYMBOL:	 ARGS:
		 1: %self->raise def_%v_19 %self[2.0,] %v_18[14.0,] 	 SYMBOL:	 ARGS:%v_18,
		 2: RETURN %v_19[14.1,] %self[14.1,2.0,] 
BB 15
	outgoing: 
	datadep: 
	instructions:

SET IRMethod, name = check_redirect_uris instanceMethod = true
BB 1
	outgoing: 12 2 
	datadep: 
	instructions:
BB 2
	outgoing: 3 4 
	datadep: 
	instructions:
		 0: def_%self 
		 1: def_%v_0 
		 2: COPY TYPE_CurrentScope def_%current_scope 
		 3: COPY TYPE_ScopeModule def_%current_module 
		 4: 
		 5: RECEIVEARG def_attributes 
		 6: 
		 7: attributes->[] def_%v_3 attributes[2.5,] 	 SYMBOL:redirect_uris,	 ARGS:Symbol,
		 8: COPY TYPE_PASS def_redirect_uris %v_3[2.7,] 
		 9: 
		 10: %v_3->map def_%v_4 %v_3[2.7,] %self[2.0,] 	 SYMBOL:	 ARGS:%v_3,
CLOSURE BEGIN: %self[2.0,] uri[] 
BB 1
	outgoing: 6 2 
	datadep: 
	instructions:
BB 2
	outgoing: 3 
	datadep: 
	instructions:
		 0: def_%self 
		 1: def_%cl_1_0 
		 2: RECEIVEARG def_uri 
		 3: COPY TYPE_CurrentScope def_%current_scope 
		 4: COPY TYPE_ScopeModule def_%current_module 
BB 3
	outgoing: 4 6 
	datadep: 
	instructions:
		 0: 
		 1: %self->URI def_%cl_1_3 %self[2.0,] uri[2.2,] 	 SYMBOL:	 ARGS:uri,
		 2: RETURN %cl_1_3[3.1,] %self[3.1,2.0,] 
BB 4
	outgoing: 6 
	datadep: 
	instructions:
		 0: def_%cl_1_4 
		 1: def_%cl_1_5 %cl_1_4[4.0,] 
		 2: RETURN %cl_1_5[4.1,] %self[2.0,] 
BB 6
	outgoing: 
	datadep: 
	instructions:
CLOSURE END: 
		 11: COPY TYPE_PASS def_uri_array %v_4[2.10,] 
		 12: 
		 13: %v_4->any? def_%v_5 %v_4[2.10,] %self[2.0,] 	 SYMBOL:	 ARGS:%v_4,
CLOSURE BEGIN: uri[2.10,] 
BB 1
	outgoing: 6 2 
	datadep: 
	instructions:
BB 2
	outgoing: 3 
	datadep: 
	instructions:
		 0: def_%self 
		 1: def_%cl_2_0 
		 2: RECEIVEARG def_uri 
		 3: COPY TYPE_CurrentScope def_%current_scope 
		 4: COPY TYPE_ScopeModule def_%current_module 
BB 3
	outgoing: 4 6 
	datadep: 
	instructions:
		 0: 
		 1: uri->fragment def_%cl_2_3 uri[2.2,] 	 SYMBOL:	 ARGS:
		 2: %cl_2_3->nil? def_%cl_2_4 %cl_2_3[3.1,] 	 SYMBOL:	 ARGS:
		 3: %cl_2_4->! def_%cl_2_5 %cl_2_4[3.2,] 	 SYMBOL:	 ARGS:
		 4: RETURN %cl_2_5[3.3,] %self[2.0,] 
BB 4
	outgoing: 6 
	datadep: 
	instructions:
		 0: def_%cl_2_6 
		 1: def_%cl_2_7 %cl_2_6[4.0,] 
		 2: RETURN %cl_2_7[4.1,] %self[2.0,] 
BB 6
	outgoing: 
	datadep: 
	instructions:
CLOSURE END: 
		 14: COPY TYPE_PASS def_any_uri_contains_fragment %v_5[2.13,] 
		 15: 
		 16: BRANCH %v_5[2.13,] 
BB 3
	outgoing: 6 7 
	datadep: 
	instructions:
		 0: COPY TYPE_Nil def_%v_6 
		 1: 
		 2: (Api) def_%v_7 
		 3: (inherit OpenidConnect) def_%v_8 %v_7[3.2,] 
		 4: %v_8[3.3,] 
BB 4
	outgoing: 12 
	datadep: 
	instructions:
		 0: RETURN %self[2.0,] 
BB 6
	outgoing: 7 
	datadep: 
	instructions:
		 0: %v_7->const_missing def_%v_8 %v_7[3.2,] 	 SYMBOL:OpenidConnect,	 ARGS:Symbol,
BB 7
	outgoing: 8 9 
	datadep: 
	instructions:
		 0: (inherit Error) def_%v_9 %v_8[6.0,3.3,] 
		 1: %v_9[7.0,] 
BB 8
	outgoing: 9 
	datadep: 
	instructions:
		 0: %v_8->const_missing def_%v_9 %v_8[6.0,3.3,] 	 SYMBOL:Error,	 ARGS:Symbol,
BB 9
	outgoing: 10 11 
	datadep: 
	instructions:
		 0: (inherit InvalidRedirectUri) def_%v_10 %v_9[8.0,7.0,] 
		 1: %v_10[9.0,] 
BB 10
	outgoing: 11 
	datadep: 
	instructions:
		 0: %v_9->const_missing def_%v_10 %v_9[8.0,7.0,] 	 SYMBOL:InvalidRedirectUri,	 ARGS:Symbol,
BB 11
	outgoing: 12 
	datadep: 
	instructions:
		 0: %v_10->new def_%v_11 %v_10[10.0,9.0,] 	 SYMBOL:	 ARGS:
		 1: %self->raise def_%v_12 %self[2.0,] %v_11[11.0,] 	 SYMBOL:	 ARGS:%v_11,
		 2: RETURN %v_12[11.1,] %self[11.1,2.0,] 
BB 12
	outgoing: 
	datadep: 
	instructions:

SET IRMethod, name = supported_metadata instanceMethod = true
BB 1
	outgoing: 3 2 
	datadep: 
	instructions:
BB 2
	outgoing: 3 
	datadep: 
	instructions:
		 0: def_%self 
		 1: def_%v_0 
		 2: COPY TYPE_CurrentScope def_%current_scope 
		 3: COPY TYPE_ScopeModule def_%current_module 
		 4: 
		 5: 
		 6: COPY TYPE_Array def_%v_3 
		 7: RETURN %v_3[2.6,] %self[2.0,] 
BB 3
	outgoing: 
	datadep: 
	instructions:

SET IRMethod, name = registrar_attributes instanceMethod = true
BB 1
	outgoing: 3 2 
	datadep: 
	instructions:
BB 2
	outgoing: 3 
	datadep: 
	instructions:
		 0: def_%self 
		 1: def_%v_0 
		 2: COPY TYPE_CurrentScope def_%current_scope 
		 3: COPY TYPE_ScopeModule def_%current_module 
		 4: 
		 5: RECEIVEARG def_registrar 
		 6: 
		 7: %self->supported_metadata def_%v_3 %self[2.0,] 	 SYMBOL:	 ARGS:
		 8: HASH- def_%v_4 
		 9: %v_3->each_with_object def_%v_5 %v_3[2.7,] %v_4[2.8,] %self[2.0,2.7,] 	 SYMBOL:	 ARGS:%v_4,%v_3,
CLOSURE BEGIN: registrar[2.5,] key[] value[] attr[] 
BB 1
	outgoing: 17 2 
	datadep: 
	instructions:
BB 2
	outgoing: 3 
	datadep: 
	instructions:
		 0: def_%self 
		 1: def_%cl_1_0 
		 2: RECEIVEARG def_key 
		 3: RECEIVEARG def_attr 
		 4: COPY TYPE_CurrentScope def_%current_scope 
		 5: COPY TYPE_ScopeModule def_%current_module 
BB 3
	outgoing: 4 5 15 
	datadep: 
	instructions:
		 0: 
		 1: registrar->public_send def_%cl_1_3 registrar[] key[2.2,] 	 SYMBOL:	 ARGS:key,
		 2: COPY TYPE_PASS def_value %cl_1_3[3.1,] 
		 3: 
		 4: BRANCH %cl_1_3[3.1,] 
BB 4
	outgoing: 6 
	datadep: 
	instructions:
		 0: COPY TYPE_Nil def_%cl_1_4 
		 1: 
BB 5
	outgoing: 15 17 
	datadep: 
	instructions:
		 0: 
		 1: RETURN %self[2.0,] 
BB 6
	outgoing: 7 10 15 
	datadep: 
	instructions:
		 0: 
		 1: def_%cl_1_6 key[2.2,] 
		 2: BRANCH %cl_1_6[6.1,] 
BB 7
	outgoing: 8 11 15 
	datadep: 
	instructions:
		 0: def_%cl_1_7 key[2.2,] 
		 1: BRANCH %cl_1_7[7.0,] 
BB 8
	outgoing: 9 12 15 
	datadep: 
	instructions:
		 0: def_%cl_1_8 key[2.2,] 
		 1: BRANCH %cl_1_8[8.0,] 
BB 9
	outgoing: 13 
	datadep: 
	instructions:
		 0: 
BB 10
	outgoing: 15 17 
	datadep: 
	instructions:
		 0: 
		 1: COPY TYPE_StringLiteral "pairwise" def_%cl_1_9 
		 2: value->== def_%cl_1_10 value[3.2,] %cl_1_9[10.1,] 	 SYMBOL:	 ARGS:%cl_1_9,
		 3: ATTRASSIGN attr->[] %cl_1_10[10.2,] 
		 4: COPY TYPE_PASS def_%cl_1_5 %cl_1_10[10.2,] 
		 5: RETURN %cl_1_10[10.2,] %self[2.0,] 
BB 11
	outgoing: 15 17 
	datadep: 
	instructions:
		 0: 
		 1: (Faraday) def_%cl_1_11 
		 2: %cl_1_11->get def_%cl_1_12 %cl_1_11[11.1,] value[3.2,] 	 SYMBOL:	 ARGS:value,
		 3: COPY TYPE_PASS def_response %cl_1_12[11.2,] 
		 4: 
		 5: %cl_1_12->body def_%cl_1_13 %cl_1_12[11.2,] 	 SYMBOL:	 ARGS:
		 6: ATTRASSIGN attr->[] %cl_1_13[11.5,] 
		 7: 
		 8: ATTRASSIGN attr->[] value[3.2,] 
		 9: COPY TYPE_PASS def_%cl_1_5 value[3.2,] 
		 10: RETURN value[3.2,] %self[2.0,] 
BB 12
	outgoing: 15 17 
	datadep: 
	instructions:
		 0: 
		 1: value->to_json def_%cl_1_14 value[3.2,] 	 SYMBOL:	 ARGS:
		 2: ATTRASSIGN attr->[] %cl_1_14[12.1,] 
		 3: COPY TYPE_PASS def_%cl_1_5 %cl_1_14[12.1,] 
		 4: RETURN %cl_1_14[12.1,] %self[2.0,] 
BB 13
	outgoing: 15 17 
	datadep: 
	instructions:
		 0: 
		 1: ATTRASSIGN attr->[] key[2.2,] value[3.2,] 
		 2: COPY TYPE_PASS def_%cl_1_5 value[3.2,] 
		 3: RETURN value[3.2,] %self[2.0,] 
BB 15
	outgoing: 17 
	datadep: 
	instructions:
		 0: def_%cl_1_15 
		 1: def_%cl_1_16 %cl_1_15[15.0,] 
		 2: RETURN %cl_1_16[15.1,] %self[2.0,] 
BB 17
	outgoing: 
	datadep: 
	instructions:
CLOSURE END: response[11.3,] attr[10.3,11.6,11.8,12.2,13.1,2.3,] value[3.2,] 
		 10: RETURN %v_5[2.9,] %self[2.0,2.7,] 
BB 3
	outgoing: 
	datadep: 
	instructions:

