SET IRMethod, name = profile_hash instanceMethod = true
BB 1
	outgoing: 3 2 
	datadep: 
	instructions:
BB 2
	outgoing: 3 
	datadep: 
	instructions:
		 0: def_%self 
		 1: def_%v_0 
		 2: COPY TYPE_CurrentScope def_%current_scope 
		 3: COPY TYPE_ScopeModule def_%current_module 
		 4: 
		 5: 
		 6: COPY TYPE_StringLiteral "website" def_%v_3 
		 7: COPY TYPE_StringLiteral "bio" def_%v_4 
		 8: COPY TYPE_StringLiteral "interests" def_%v_5 
		 9: COPY TYPE_StringLiteral "favorite_music" def_%v_6 
		 10: COPY TYPE_StringLiteral "favorite_movies" def_%v_7 
		 11: COPY TYPE_StringLiteral "favorite_books" def_%v_8 
		 12: COPY TYPE_StringLiteral "favorite_foods" def_%v_9 
		 13: COPY TYPE_StringLiteral "favorite_people" def_%v_10 
		 14: COPY TYPE_StringLiteral "things_i_could_live_without" def_%v_11 
		 15: COPY TYPE_StringLiteral "one_thing_i_would_change_in_the_world" def_%v_12 
		 16: COPY TYPE_StringLiteral "quotes_to_live_by" def_%v_13 
		 17: COPY TYPE_Array def_%v_14 %v_3[2.6,] %v_4[2.7,] %v_5[2.8,] %v_6[2.9,] %v_7[2.10,] %v_8[2.11,] %v_9[2.12,] %v_10[2.13,] %v_11[2.14,] %v_12[2.15,] %v_13[2.16,] 
		 18: RETURN %v_14[2.17,] %self[2.0,] 
BB 3
	outgoing: 
	datadep: 
	instructions:

SET IRMethod, name = categories_to_hash instanceMethod = true
BB 1
	outgoing: 6 2 
	datadep: 
	instructions:
BB 2
	outgoing: 4 6 
	datadep: 
	instructions:
		 0: def_%self 
		 1: def_%v_0 
		 2: COPY TYPE_CurrentScope def_%current_scope 
		 3: COPY TYPE_ScopeModule def_%current_module 
		 4: 
		 5: RECEIVEARG def_type 
		 6: 
		 7: %self->profile_hash def_%v_3 %self[2.0,] 	 SYMBOL:	 ARGS:
		 8: HASH- def_%v_4 
		 9: %v_3->inject def_%v_5 %v_3[2.7,] %v_4[2.8,] %self[2.0,2.7,] 	 SYMBOL:	 ARGS:%v_4,%v_3,
CLOSURE BEGIN: type[2.5,] %self[2.0,2.7,] property[] hash[] 
BB 1
	outgoing: 9 2 
	datadep: 
	instructions:
BB 2
	outgoing: 3 
	datadep: 
	instructions:
		 0: def_%self 
		 1: def_%cl_1_0 
		 2: RECEIVEARG def_hash 
		 3: RECEIVEARG def_property 
		 4: COPY TYPE_CurrentScope def_%current_scope 
		 5: COPY TYPE_ScopeModule def_%current_module 
BB 3
	outgoing: 4 5 7 
	datadep: 
	instructions:
		 0: 
		 1: COPY TYPE_StringLiteral "html" def_%cl_1_3 
		 2: type->== def_%cl_1_4 type[] %cl_1_3[3.1,] 	 SYMBOL:	 ARGS:%cl_1_3,
		 3: BRANCH %cl_1_4[3.2,] 
BB 4
	outgoing: 6 7 
	datadep: 
	instructions:
		 0: 
		 1: %self->send def_%cl_1_5 %self[2.0,] property[2.3,] 	 SYMBOL:	 ARGS:property,
		 2: %self->h def_%cl_1_6 %self[4.1,2.0,] %cl_1_5[4.1,] 	 SYMBOL:	 ARGS:%cl_1_5,
		 3: COPY TYPE_StringLiteral "_blank" def_%cl_1_7 
		 4: HASH-target- def_%cl_1_8 %cl_1_7[4.3,] 
		 5: HASH-html- def_%cl_1_9 %cl_1_8[4.4,] 
		 6: %self->auto_link def_%cl_1_10 %self[4.1,4.2,2.0,] %cl_1_6[4.2,] %cl_1_9[4.5,] 	 SYMBOL:	 ARGS:%cl_1_6,%cl_1_9,
		 7: HASH- def_%cl_1_11 
		 8: HASH-sanitize- def_%cl_1_12 
		 9: %self->simple_format def_%cl_1_13 %self[4.1,4.2,4.6,2.0,] %cl_1_10[4.6,] %cl_1_11[4.7,] %cl_1_12[4.8,] 	 SYMBOL:	 ARGS:%cl_1_10,%cl_1_11,%cl_1_12,
		 10: ATTRASSIGN hash->[] property[2.3,] %cl_1_13[4.9,] 
		 11: 
BB 5
	outgoing: 6 7 
	datadep: 
	instructions:
		 0: 
		 1: %self->send def_%cl_1_14 %self[2.0,] property[2.3,] 	 SYMBOL:	 ARGS:property,
		 2: ATTRASSIGN hash->[] property[2.3,] %cl_1_14[5.1,] 
		 3: COPY TYPE_PASS def_%cl_1_13 %cl_1_14[5.1,] 
BB 6
	outgoing: 9 
	datadep: 
	instructions:
		 0: 
		 1: RETURN hash[5.2,4.10,2.2,] %self[2.0,] 
BB 7
	outgoing: 9 
	datadep: 
	instructions:
		 0: def_%cl_1_15 
		 1: def_%cl_1_16 %cl_1_15[7.0,] 
		 2: RETURN %cl_1_16[7.1,] %self[2.0,] 
BB 9
	outgoing: 
	datadep: 
	instructions:
CLOSURE END: property[2.3,] 
		 10: RETURN %v_5[2.9,] %self[2.0,2.7,] 
BB 4
	outgoing: 6 
	datadep: 
	instructions:
		 0: def_%v_6 
		 1: def_%v_7 %v_6[4.0,] 
		 2: RETURN %v_7[4.1,] %self[2.0,] 
BB 6
	outgoing: 
	datadep: 
	instructions:

