SET IRMethod, name = stats_cache_key instanceMethod = false
BB 1
	outgoing: 3 2 
	datadep: 
	instructions:
BB 2
	outgoing: 3 
	datadep: 
	instructions:
		 0: def_%self 
		 1: def_%v_0 
		 2: COPY TYPE_CurrentScope def_%current_scope 
		 3: COPY TYPE_ScopeModule def_%current_module 
		 4: 
		 5: 
		 6: COPY TYPE_StringLiteral "about-stats" def_%v_3 
		 7: RETURN %v_3[2.6,] %self[2.0,] 
BB 3
	outgoing: 
	datadep: 
	instructions:

SET IRMethod, name = fetch_stats instanceMethod = false
BB 1
	outgoing: 3 2 
	datadep: 
	instructions:
BB 2
	outgoing: 3 
	datadep: 
	instructions:
		 0: def_%self 
		 1: def_%v_0 
		 2: COPY TYPE_CurrentScope def_%current_scope 
		 3: COPY TYPE_ScopeModule def_%current_module 
		 4: 
		 5: 
		 6: (About) def_%v_3 
		 7: %v_3->new def_%v_4 %v_3[2.6,] 	 SYMBOL:	 ARGS:
		 8: %v_4->stats def_%v_5 %v_4[2.7,] 	 SYMBOL:	 ARGS:
		 9: RETURN %v_5[2.8,] %self[2.0,] 
BB 3
	outgoing: 
	datadep: 
	instructions:

SET IRMethod, name = version instanceMethod = true
BB 1
	outgoing: 7 2 
	datadep: 
	instructions:
BB 2
	outgoing: 3 4 
	datadep: 
	instructions:
		 0: def_%self 
		 1: def_%v_0 
		 2: COPY TYPE_CurrentScope def_%current_scope 
		 3: COPY TYPE_ScopeModule def_%current_module 
		 4: 
		 5: 
		 6: (Discourse) def_%v_3 
		 7: (inherit VERSION) def_%v_4 %v_3[2.6,] 
		 8: %v_4[2.7,] 
BB 3
	outgoing: 4 
	datadep: 
	instructions:
		 0: %v_3->const_missing def_%v_4 %v_3[2.6,] 	 SYMBOL:VERSION,	 ARGS:Symbol,
BB 4
	outgoing: 5 6 
	datadep: 
	instructions:
		 0: (inherit STRING) def_%v_5 %v_4[3.0,2.7,] 
		 1: %v_5[4.0,] 
BB 5
	outgoing: 6 
	datadep: 
	instructions:
		 0: %v_4->const_missing def_%v_5 %v_4[3.0,2.7,] 	 SYMBOL:STRING,	 ARGS:Symbol,
BB 6
	outgoing: 7 
	datadep: 
	instructions:
		 0: RETURN %v_5[5.0,4.0,] %self[2.0,] 
BB 7
	outgoing: 
	datadep: 
	instructions:

SET IRMethod, name = https instanceMethod = true
BB 1
	outgoing: 3 2 
	datadep: 
	instructions:
BB 2
	outgoing: 3 
	datadep: 
	instructions:
		 0: def_%self 
		 1: def_%v_0 
		 2: COPY TYPE_CurrentScope def_%current_scope 
		 3: COPY TYPE_ScopeModule def_%current_module 
		 4: 
		 5: 
		 6: (SiteSetting) def_%v_3 
		 7: %v_3->use_https def_%v_4 %v_3[2.6,] 	 SYMBOL:	 ARGS:
		 8: RETURN %v_4[2.7,] %self[2.0,] 
BB 3
	outgoing: 
	datadep: 
	instructions:

SET IRMethod, name = title instanceMethod = true
BB 1
	outgoing: 3 2 
	datadep: 
	instructions:
BB 2
	outgoing: 3 
	datadep: 
	instructions:
		 0: def_%self 
		 1: def_%v_0 
		 2: COPY TYPE_CurrentScope def_%current_scope 
		 3: COPY TYPE_ScopeModule def_%current_module 
		 4: 
		 5: 
		 6: (SiteSetting) def_%v_3 
		 7: %v_3->title def_%v_4 %v_3[2.6,] 	 SYMBOL:	 ARGS:
		 8: RETURN %v_4[2.7,] %self[2.0,] 
BB 3
	outgoing: 
	datadep: 
	instructions:

SET IRMethod, name = locale instanceMethod = true
BB 1
	outgoing: 3 2 
	datadep: 
	instructions:
BB 2
	outgoing: 3 
	datadep: 
	instructions:
		 0: def_%self 
		 1: def_%v_0 
		 2: COPY TYPE_CurrentScope def_%current_scope 
		 3: COPY TYPE_ScopeModule def_%current_module 
		 4: 
		 5: 
		 6: (SiteSetting) def_%v_3 
		 7: %v_3->default_locale def_%v_4 %v_3[2.6,] 	 SYMBOL:	 ARGS:
		 8: RETURN %v_4[2.7,] %self[2.0,] 
BB 3
	outgoing: 
	datadep: 
	instructions:

SET IRMethod, name = description instanceMethod = true
BB 1
	outgoing: 3 2 
	datadep: 
	instructions:
BB 2
	outgoing: 3 
	datadep: 
	instructions:
		 0: def_%self 
		 1: def_%v_0 
		 2: COPY TYPE_CurrentScope def_%current_scope 
		 3: COPY TYPE_ScopeModule def_%current_module 
		 4: 
		 5: 
		 6: (SiteSetting) def_%v_3 
		 7: %v_3->site_description def_%v_4 %v_3[2.6,] 	 SYMBOL:	 ARGS:
		 8: RETURN %v_4[2.7,] %self[2.0,] 
BB 3
	outgoing: 
	datadep: 
	instructions:

SET IRMethod, name = moderators instanceMethod = true
BB 1
	outgoing: 9 2 
	datadep: 
	instructions:
BB 2
	outgoing: 3 4 
	datadep: 
	instructions:
		 0: def_%self 
		 1: def_%v_0 
		 2: COPY TYPE_CurrentScope def_%current_scope 
		 3: COPY TYPE_ScopeModule def_%current_module 
		 4: 
		 5: 
		 6: def_%v_4 %self[2.0,] 
		 7: COPY TYPE_PASS def_%v_3 %v_4[2.6,] 
		 8: %v_4[2.6,] 
BB 3
	outgoing: 4 
	datadep: 
	instructions:
		 0: GETFIELD %self->moderators def_%v_5 %self[2.0,] 
		 1: COPY TYPE_PASS def_%v_3 %v_5[3.0,] 
BB 4
	outgoing: 5 8 
	datadep: 
	instructions:
		 0: BRANCH %v_3[3.1,2.7,] 
BB 5
	outgoing: 6 7 
	datadep: 
	instructions:
		 0: (User) def_%v_6 
		 1: HASH-moderator-admin- def_%v_7 
		 2: %v_6->where def_%v_8 %v_6[5.0,] %v_7[5.1,] 	 SYMBOL:	 ARGS:%v_7,
		 3: %v_8->where def_%v_9 %v_8[5.2,] 	 SYMBOL:	 ARGS:
		 4: (Discourse) def_%v_10 
		 5: (inherit SYSTEM_USER_ID) def_%v_11 %v_10[5.4,] 
		 6: %v_11[5.5,] 
BB 6
	outgoing: 7 
	datadep: 
	instructions:
		 0: %v_10->const_missing def_%v_11 %v_10[5.4,] 	 SYMBOL:SYSTEM_USER_ID,	 ARGS:Symbol,
BB 7
	outgoing: 9 
	datadep: 
	instructions:
		 0: HASH-id- def_%v_12 %v_11[6.0,5.5,] 
		 1: %v_9->not def_%v_13 %v_9[5.3,] %v_12[7.0,] 	 SYMBOL:	 ARGS:%v_12,
		 2: %v_13->order def_%v_14 %v_13[7.1,] 	 SYMBOL:username_lower,	 ARGS:Symbol,
		 3: ATTRASSIGN %self->moderators %v_14[7.2,] 
		 4: RETURN %v_14[7.2,] %self[7.3,2.0,] 
BB 8
	outgoing: 9 
	datadep: 
	instructions:
		 0: RETURN %v_5[3.0,] %self[2.0,] 
BB 9
	outgoing: 
	datadep: 
	instructions:

SET IRMethod, name = admins instanceMethod = true
BB 1
	outgoing: 9 2 
	datadep: 
	instructions:
BB 2
	outgoing: 3 4 
	datadep: 
	instructions:
		 0: def_%self 
		 1: def_%v_0 
		 2: COPY TYPE_CurrentScope def_%current_scope 
		 3: COPY TYPE_ScopeModule def_%current_module 
		 4: 
		 5: 
		 6: def_%v_4 %self[2.0,] 
		 7: COPY TYPE_PASS def_%v_3 %v_4[2.6,] 
		 8: %v_4[2.6,] 
BB 3
	outgoing: 4 
	datadep: 
	instructions:
		 0: GETFIELD %self->admins def_%v_5 %self[2.0,] 
		 1: COPY TYPE_PASS def_%v_3 %v_5[3.0,] 
BB 4
	outgoing: 5 8 
	datadep: 
	instructions:
		 0: BRANCH %v_3[3.1,2.7,] 
BB 5
	outgoing: 6 7 
	datadep: 
	instructions:
		 0: (User) def_%v_6 
		 1: HASH-admin- def_%v_7 
		 2: %v_6->where def_%v_8 %v_6[5.0,] %v_7[5.1,] 	 SYMBOL:	 ARGS:%v_7,
		 3: %v_8->where def_%v_9 %v_8[5.2,] 	 SYMBOL:	 ARGS:
		 4: (Discourse) def_%v_10 
		 5: (inherit SYSTEM_USER_ID) def_%v_11 %v_10[5.4,] 
		 6: %v_11[5.5,] 
BB 6
	outgoing: 7 
	datadep: 
	instructions:
		 0: %v_10->const_missing def_%v_11 %v_10[5.4,] 	 SYMBOL:SYSTEM_USER_ID,	 ARGS:Symbol,
BB 7
	outgoing: 9 
	datadep: 
	instructions:
		 0: HASH-id- def_%v_12 %v_11[6.0,5.5,] 
		 1: %v_9->not def_%v_13 %v_9[5.3,] %v_12[7.0,] 	 SYMBOL:	 ARGS:%v_12,
		 2: %v_13->order def_%v_14 %v_13[7.1,] 	 SYMBOL:username_lower,	 ARGS:Symbol,
		 3: ATTRASSIGN %self->admins %v_14[7.2,] 
		 4: RETURN %v_14[7.2,] %self[7.3,2.0,] 
BB 8
	outgoing: 9 
	datadep: 
	instructions:
		 0: RETURN %v_5[3.0,] %self[2.0,] 
BB 9
	outgoing: 
	datadep: 
	instructions:

SET IRMethod, name = stats instanceMethod = true
BB 1
	outgoing: 13 2 
	datadep: 
	instructions:
BB 2
	outgoing: 3 4 
	datadep: 
	instructions:
		 0: def_%self 
		 1: def_%v_0 
		 2: COPY TYPE_CurrentScope def_%current_scope 
		 3: COPY TYPE_ScopeModule def_%current_module 
		 4: 
		 5: 
		 6: def_%v_4 %self[2.0,] 
		 7: COPY TYPE_PASS def_%v_3 %v_4[2.6,] 
		 8: %v_4[2.6,] 
BB 3
	outgoing: 4 
	datadep: 
	instructions:
		 0: GETFIELD %self->stats def_%v_5 %self[2.0,] 
		 1: COPY TYPE_PASS def_%v_3 %v_5[3.0,] 
BB 4
	outgoing: 5 12 
	datadep: 
	instructions:
		 0: BRANCH %v_3[3.1,2.7,] 
BB 5
	outgoing: 6 7 
	datadep: 
	instructions:
		 0: (Topic) def_%v_6 
		 1: %v_6->listable_topics def_%v_7 %v_6[5.0,] 	 SYMBOL:	 ARGS:
		 2: %v_7->count def_%v_8 %v_7[5.1,] 	 SYMBOL:	 ARGS:
		 3: (Post) def_%v_9 
		 4: %v_9->count def_%v_10 %v_9[5.3,] 	 SYMBOL:	 ARGS:
		 5: (User) def_%v_11 
		 6: %v_11->real def_%v_12 %v_11[5.5,] 	 SYMBOL:	 ARGS:
		 7: %v_12->count def_%v_13 %v_12[5.6,] 	 SYMBOL:	 ARGS:
		 8: (Topic) def_%v_14 
		 9: %v_14->listable_topics def_%v_15 %v_14[5.8,] 	 SYMBOL:	 ARGS:
		 10: COPY TYPE_StringLiteral "created_at > ?" def_%v_16 
		 11: CONSTANT def_%v_17 	 SYMBOL:	 ARGS:
		 12: %v_17->ago def_%v_18 %v_17[5.11,] 	 SYMBOL:	 ARGS:
		 13: %v_15->where def_%v_19 %v_15[5.9,] %v_16[5.10,] %v_18[5.12,] 	 SYMBOL:	 ARGS:%v_16,%v_18,
		 14: %v_19->count def_%v_20 %v_19[5.13,] 	 SYMBOL:	 ARGS:
		 15: (Topic) def_%v_21 
		 16: %v_21->listable_topics def_%v_22 %v_21[5.15,] 	 SYMBOL:	 ARGS:
		 17: COPY TYPE_StringLiteral "created_at > ?" def_%v_23 
		 18: CONSTANT def_%v_24 	 SYMBOL:	 ARGS:
		 19: %v_24->ago def_%v_25 %v_24[5.18,] 	 SYMBOL:	 ARGS:
		 20: %v_22->where def_%v_26 %v_22[5.16,] %v_23[5.17,] %v_25[5.19,] 	 SYMBOL:	 ARGS:%v_23,%v_25,
		 21: %v_26->count def_%v_27 %v_26[5.20,] 	 SYMBOL:	 ARGS:
		 22: (Post) def_%v_28 
		 23: COPY TYPE_StringLiteral "created_at > ?" def_%v_29 
		 24: CONSTANT def_%v_30 	 SYMBOL:	 ARGS:
		 25: %v_30->ago def_%v_31 %v_30[5.24,] 	 SYMBOL:	 ARGS:
		 26: %v_28->where def_%v_32 %v_28[5.22,] %v_29[5.23,] %v_31[5.25,] 	 SYMBOL:	 ARGS:%v_29,%v_31,
		 27: %v_32->count def_%v_33 %v_32[5.26,] 	 SYMBOL:	 ARGS:
		 28: (Post) def_%v_34 
		 29: COPY TYPE_StringLiteral "created_at > ?" def_%v_35 
		 30: CONSTANT def_%v_36 	 SYMBOL:	 ARGS:
		 31: %v_36->ago def_%v_37 %v_36[5.30,] 	 SYMBOL:	 ARGS:
		 32: %v_34->where def_%v_38 %v_34[5.28,] %v_35[5.29,] %v_37[5.31,] 	 SYMBOL:	 ARGS:%v_35,%v_37,
		 33: %v_38->count def_%v_39 %v_38[5.32,] 	 SYMBOL:	 ARGS:
		 34: (User) def_%v_40 
		 35: COPY TYPE_StringLiteral "created_at > ?" def_%v_41 
		 36: CONSTANT def_%v_42 	 SYMBOL:	 ARGS:
		 37: %v_42->ago def_%v_43 %v_42[5.36,] 	 SYMBOL:	 ARGS:
		 38: %v_40->where def_%v_44 %v_40[5.34,] %v_41[5.35,] %v_43[5.37,] 	 SYMBOL:	 ARGS:%v_41,%v_43,
		 39: %v_44->count def_%v_45 %v_44[5.38,] 	 SYMBOL:	 ARGS:
		 40: (User) def_%v_46 
		 41: COPY TYPE_StringLiteral "created_at > ?" def_%v_47 
		 42: CONSTANT def_%v_48 	 SYMBOL:	 ARGS:
		 43: %v_48->ago def_%v_49 %v_48[5.42,] 	 SYMBOL:	 ARGS:
		 44: %v_46->where def_%v_50 %v_46[5.40,] %v_47[5.41,] %v_49[5.43,] 	 SYMBOL:	 ARGS:%v_47,%v_49,
		 45: %v_50->count def_%v_51 %v_50[5.44,] 	 SYMBOL:	 ARGS:
		 46: (User) def_%v_52 
		 47: COPY TYPE_StringLiteral "last_seen_at > ?" def_%v_53 
		 48: CONSTANT def_%v_54 	 SYMBOL:	 ARGS:
		 49: %v_54->ago def_%v_55 %v_54[5.48,] 	 SYMBOL:	 ARGS:
		 50: %v_52->where def_%v_56 %v_52[5.46,] %v_53[5.47,] %v_55[5.49,] 	 SYMBOL:	 ARGS:%v_53,%v_55,
		 51: %v_56->count def_%v_57 %v_56[5.50,] 	 SYMBOL:	 ARGS:
		 52: (User) def_%v_58 
		 53: COPY TYPE_StringLiteral "last_seen_at > ?" def_%v_59 
		 54: CONSTANT def_%v_60 	 SYMBOL:	 ARGS:
		 55: %v_60->ago def_%v_61 %v_60[5.54,] 	 SYMBOL:	 ARGS:
		 56: %v_58->where def_%v_62 %v_58[5.52,] %v_59[5.53,] %v_61[5.55,] 	 SYMBOL:	 ARGS:%v_59,%v_61,
		 57: %v_62->count def_%v_63 %v_62[5.56,] 	 SYMBOL:	 ARGS:
		 58: (UserAction) def_%v_64 
		 59: (UserAction) def_%v_65 
		 60: (inherit LIKE) def_%v_66 %v_65[5.59,] 
		 61: %v_66[5.60,] 
BB 6
	outgoing: 7 
	datadep: 
	instructions:
		 0: %v_65->const_missing def_%v_66 %v_65[5.59,] 	 SYMBOL:LIKE,	 ARGS:Symbol,
BB 7
	outgoing: 8 9 
	datadep: 
	instructions:
		 0: HASH-action_type- def_%v_67 %v_66[6.0,5.60,] 
		 1: %v_64->where def_%v_68 %v_64[5.58,] %v_67[7.0,] 	 SYMBOL:	 ARGS:%v_67,
		 2: %v_68->count def_%v_69 %v_68[7.1,] 	 SYMBOL:	 ARGS:
		 3: (UserAction) def_%v_70 
		 4: (UserAction) def_%v_71 
		 5: (inherit LIKE) def_%v_72 %v_71[7.4,] 
		 6: %v_72[7.5,] 
BB 8
	outgoing: 9 
	datadep: 
	instructions:
		 0: %v_71->const_missing def_%v_72 %v_71[7.4,] 	 SYMBOL:LIKE,	 ARGS:Symbol,
BB 9
	outgoing: 10 11 
	datadep: 
	instructions:
		 0: HASH-action_type- def_%v_73 %v_72[8.0,7.5,] 
		 1: %v_70->where def_%v_74 %v_70[7.3,] %v_73[9.0,] 	 SYMBOL:	 ARGS:%v_73,
		 2: COPY TYPE_StringLiteral "created_at > ?" def_%v_75 
		 3: CONSTANT def_%v_76 	 SYMBOL:	 ARGS:
		 4: %v_76->ago def_%v_77 %v_76[9.3,] 	 SYMBOL:	 ARGS:
		 5: %v_74->where def_%v_78 %v_74[9.1,] %v_75[9.2,] %v_77[9.4,] 	 SYMBOL:	 ARGS:%v_75,%v_77,
		 6: %v_78->count def_%v_79 %v_78[9.5,] 	 SYMBOL:	 ARGS:
		 7: (UserAction) def_%v_80 
		 8: (UserAction) def_%v_81 
		 9: (inherit LIKE) def_%v_82 %v_81[9.8,] 
		 10: %v_82[9.9,] 
BB 10
	outgoing: 11 
	datadep: 
	instructions:
		 0: %v_81->const_missing def_%v_82 %v_81[9.8,] 	 SYMBOL:LIKE,	 ARGS:Symbol,
BB 11
	outgoing: 13 
	datadep: 
	instructions:
		 0: HASH-action_type- def_%v_83 %v_82[10.0,9.9,] 
		 1: %v_80->where def_%v_84 %v_80[9.7,] %v_83[11.0,] 	 SYMBOL:	 ARGS:%v_83,
		 2: COPY TYPE_StringLiteral "created_at > ?" def_%v_85 
		 3: CONSTANT def_%v_86 	 SYMBOL:	 ARGS:
		 4: %v_86->ago def_%v_87 %v_86[11.3,] 	 SYMBOL:	 ARGS:
		 5: %v_84->where def_%v_88 %v_84[11.1,] %v_85[11.2,] %v_87[11.4,] 	 SYMBOL:	 ARGS:%v_85,%v_87,
		 6: %v_88->count def_%v_89 %v_88[11.5,] 	 SYMBOL:	 ARGS:
		 7: HASH-topic_count-post_count-user_count-topics_7_days-topics_30_days-posts_7_days-posts_30_days-users_7_days-users_30_days-active_users_7_days-active_users_30_days-like_count-likes_7_days-likes_30_days- def_%v_90 %v_8[5.2,] %v_10[5.4,] %v_13[5.7,] %v_20[5.14,] %v_27[5.21,] %v_33[5.27,] %v_39[5.33,] %v_45[5.39,] %v_51[5.45,] %v_57[5.51,] %v_63[5.57,] %v_69[7.2,] %v_79[9.6,] %v_89[11.6,] 
		 8: ATTRASSIGN %self->stats %v_90[11.7,] 
		 9: RETURN %v_90[11.7,] %self[11.8,2.0,] 
BB 12
	outgoing: 13 
	datadep: 
	instructions:
		 0: RETURN %v_5[3.0,] %self[2.0,] 
BB 13
	outgoing: 
	datadep: 
	instructions:

