SET IRMethod, name = initialize instanceMethod = true
BB 1
	outgoing: 3 2 
	datadep: 
	instructions:
BB 2
	outgoing: 3 
	datadep: 
	instructions:
		 0: def_%self 
		 1: def_%v_0 
		 2: COPY TYPE_CurrentScope def_%current_scope 
		 3: COPY TYPE_ScopeModule def_%current_module 
		 4: 
		 5: RECEIVEARG def_filename 
		 6: 
		 7: ATTRASSIGN %self->filename filename[2.5,] 
		 8: RETURN filename[2.5,] %self[2.0,2.7,] 
BB 3
	outgoing: 
	datadep: 
	instructions:

SET IRMethod, name = all instanceMethod = false
BB 1
	outgoing: 3 2 
	datadep: 
	instructions:
BB 2
	outgoing: 3 
	datadep: 
	instructions:
		 0: def_%self 
		 1: def_%v_0 
		 2: COPY TYPE_CurrentScope def_%current_scope 
		 3: COPY TYPE_ScopeModule def_%current_module 
		 4: 
		 5: 
		 6: (Dir) def_%v_3 
		 7: (File) def_%v_4 
		 8: (Backup) def_%v_5 
		 9: %v_5->base_directory def_%v_6 %v_5[2.8,] 	 SYMBOL:	 ARGS:
		 10: COPY TYPE_StringLiteral "*.{gz,tgz}" def_%v_7 
		 11: %v_4->join def_%v_8 %v_4[2.7,] %v_6[2.9,] %v_7[2.10,] 	 SYMBOL:	 ARGS:%v_6,%v_7,
		 12: %v_3->glob def_%v_9 %v_3[2.6,] %v_8[2.11,] 	 SYMBOL:	 ARGS:%v_8,
		 13: %v_9->sort_by def_%v_10 %v_9[2.12,] %self[2.0,] 	 SYMBOL:	 ARGS:%v_9,
CLOSURE BEGIN: file[] 
BB 1
	outgoing: 6 2 
	datadep: 
	instructions:
BB 2
	outgoing: 3 
	datadep: 
	instructions:
		 0: def_%self 
		 1: def_%cl_1_0 
		 2: RECEIVEARG def_file 
		 3: COPY TYPE_CurrentScope def_%current_scope 
		 4: COPY TYPE_ScopeModule def_%current_module 
BB 3
	outgoing: 4 6 
	datadep: 
	instructions:
		 0: 
		 1: (File) def_%cl_1_3 
		 2: %cl_1_3->mtime def_%cl_1_4 %cl_1_3[3.1,] file[2.2,] 	 SYMBOL:	 ARGS:file,
		 3: RETURN %cl_1_4[3.2,] %self[2.0,] 
BB 4
	outgoing: 6 
	datadep: 
	instructions:
		 0: def_%cl_1_5 
		 1: def_%cl_1_6 %cl_1_5[4.0,] 
		 2: RETURN %cl_1_6[4.1,] %self[2.0,] 
BB 6
	outgoing: 
	datadep: 
	instructions:
CLOSURE END: 
		 14: %v_10->reverse def_%v_11 %v_10[2.13,] 	 SYMBOL:	 ARGS:
		 15: %v_11->map def_%v_12 %v_11[2.14,] %self[2.0,] 	 SYMBOL:	 ARGS:%v_11,
CLOSURE BEGIN: backup[] 
BB 1
	outgoing: 6 2 
	datadep: 
	instructions:
BB 2
	outgoing: 3 
	datadep: 
	instructions:
		 0: def_%self 
		 1: def_%cl_2_0 
		 2: RECEIVEARG def_backup 
		 3: COPY TYPE_CurrentScope def_%current_scope 
		 4: COPY TYPE_ScopeModule def_%current_module 
BB 3
	outgoing: 4 6 
	datadep: 
	instructions:
		 0: 
		 1: (Backup) def_%cl_2_3 
		 2: (File) def_%cl_2_4 
		 3: %cl_2_4->basename def_%cl_2_5 %cl_2_4[3.2,] backup[2.2,] 	 SYMBOL:	 ARGS:backup,
		 4: %cl_2_3->create_from_filename def_%cl_2_6 %cl_2_3[3.1,] %cl_2_5[3.3,] 	 SYMBOL:	 ARGS:%cl_2_5,
		 5: RETURN %cl_2_6[3.4,] %self[2.0,] 
BB 4
	outgoing: 6 
	datadep: 
	instructions:
		 0: def_%cl_2_7 
		 1: def_%cl_2_8 %cl_2_7[4.0,] 
		 2: RETURN %cl_2_8[4.1,] %self[2.0,] 
BB 6
	outgoing: 
	datadep: 
	instructions:
CLOSURE END: 
		 16: RETURN %v_12[2.15,] %self[2.0,] 
BB 3
	outgoing: 
	datadep: 
	instructions:

SET IRMethod, name = [] instanceMethod = false
BB 1
	outgoing: 6 2 
	datadep: 
	instructions:
BB 2
	outgoing: 3 4 
	datadep: 
	instructions:
		 0: def_%self 
		 1: def_%v_0 
		 2: COPY TYPE_CurrentScope def_%current_scope 
		 3: COPY TYPE_ScopeModule def_%current_module 
		 4: 
		 5: RECEIVEARG def_filename 
		 6: 
		 7: (File) def_%v_3 
		 8: (Backup) def_%v_4 
		 9: %v_4->base_directory def_%v_5 %v_4[2.8,] 	 SYMBOL:	 ARGS:
		 10: %v_3->join def_%v_6 %v_3[2.7,] %v_5[2.9,] filename[2.5,] 	 SYMBOL:	 ARGS:%v_5,filename,
		 11: COPY TYPE_PASS def_path %v_6[2.10,] 
		 12: 
		 13: (File) def_%v_7 
		 14: %v_7->exists? def_%v_8 %v_7[2.13,] %v_6[2.10,] 	 SYMBOL:	 ARGS:path,
		 15: BRANCH %v_8[2.14,] 
BB 3
	outgoing: 6 
	datadep: 
	instructions:
		 0: 
		 1: (Backup) def_%v_9 
		 2: %v_9->create_from_filename def_%v_10 %v_9[3.1,] filename[2.5,] 	 SYMBOL:	 ARGS:filename,
		 3: RETURN %v_10[3.2,] %self[2.0,] 
BB 4
	outgoing: 6 
	datadep: 
	instructions:
		 0: 
		 1: RETURN %self[2.0,] 
BB 6
	outgoing: 
	datadep: 
	instructions:

SET IRMethod, name = remove instanceMethod = true
BB 1
	outgoing: 6 2 
	datadep: 
	instructions:
BB 2
	outgoing: 3 4 
	datadep: 
	instructions:
		 0: def_%self 
		 1: def_%v_0 
		 2: COPY TYPE_CurrentScope def_%current_scope 
		 3: COPY TYPE_ScopeModule def_%current_module 
		 4: 
		 5: 
		 6: (File) def_%v_3 
		 7: %self->path def_%v_4 %self[2.0,] 	 SYMBOL:	 ARGS:
		 8: %v_3->exists? def_%v_5 %v_3[2.6,] %v_4[2.7,] 	 SYMBOL:	 ARGS:%v_4,
		 9: BRANCH %v_5[2.8,] 
BB 3
	outgoing: 5 
	datadep: 
	instructions:
		 0: (File) def_%v_6 
		 1: GETFIELD %self->path def_%v_7 %self[2.0,] 
		 2: %v_6->delete def_%v_8 %v_6[3.0,] %v_7[3.1,] 	 SYMBOL:	 ARGS:%v_7,
		 3: 
BB 4
	outgoing: 5 
	datadep: 
	instructions:
		 0: COPY TYPE_Nil def_%v_8 
BB 5
	outgoing: 6 
	datadep: 
	instructions:
		 0: 
		 1: %self->after_remove_hook def_%v_9 %self[2.0,] 	 SYMBOL:	 ARGS:
		 2: RETURN %v_9[5.1,] %self[5.1,2.0,] 
BB 6
	outgoing: 
	datadep: 
	instructions:

SET IRMethod, name = after_create_hook instanceMethod = true
BB 1
	outgoing: 6 2 
	datadep: 
	instructions:
BB 2
	outgoing: 3 4 
	datadep: 
	instructions:
		 0: def_%self 
		 1: def_%v_0 
		 2: COPY TYPE_CurrentScope def_%current_scope 
		 3: COPY TYPE_ScopeModule def_%current_module 
		 4: 
		 5: 
		 6: (SiteSetting) def_%v_3 
		 7: %v_3->enable_s3_backups? def_%v_4 %v_3[2.6,] 	 SYMBOL:	 ARGS:
		 8: BRANCH %v_4[2.7,] 
BB 3
	outgoing: 6 
	datadep: 
	instructions:
		 0: %self->upload_to_s3 def_%v_5 %self[2.0,] 	 SYMBOL:	 ARGS:
		 1: RETURN %v_5[3.0,] %self[3.0,2.0,] 
BB 4
	outgoing: 6 
	datadep: 
	instructions:
		 0: RETURN %self[2.0,] 
BB 6
	outgoing: 
	datadep: 
	instructions:

SET IRMethod, name = after_remove_hook instanceMethod = true
BB 1
	outgoing: 8 2 
	datadep: 
	instructions:
BB 2
	outgoing: 3 4 
	datadep: 
	instructions:
		 0: def_%self 
		 1: def_%v_0 
		 2: COPY TYPE_CurrentScope def_%current_scope 
		 3: COPY TYPE_ScopeModule def_%current_module 
		 4: 
		 5: 
		 6: (SiteSetting) def_%v_3 
		 7: %v_3->enable_s3_backups? def_%v_4 %v_3[2.6,] 	 SYMBOL:	 ARGS:
		 8: BRANCH %v_4[2.7,] 
BB 3
	outgoing: 4 
	datadep: 
	instructions:
		 0: (SiteSetting) def_%v_5 
		 1: %v_5->s3_disable_cleanup? def_%v_6 %v_5[3.0,] 	 SYMBOL:	 ARGS:
		 2: %v_6->! def_%v_7 %v_6[3.1,] 	 SYMBOL:	 ARGS:
		 3: COPY TYPE_PASS def_%v_4 %v_7[3.2,] 
BB 4
	outgoing: 5 6 
	datadep: 
	instructions:
		 0: BRANCH %v_4[3.3,2.7,] 
BB 5
	outgoing: 8 
	datadep: 
	instructions:
		 0: %self->remove_from_s3 def_%v_8 %self[2.0,] 	 SYMBOL:	 ARGS:
		 1: RETURN %v_8[5.0,] %self[5.0,2.0,] 
BB 6
	outgoing: 8 
	datadep: 
	instructions:
		 0: RETURN %self[2.0,] 
BB 8
	outgoing: 
	datadep: 
	instructions:

SET IRMethod, name = s3_bucket instanceMethod = true
BB 1
	outgoing: 11 2 
	datadep: 
	instructions:
BB 2
	outgoing: 3 4 
	datadep: 
	instructions:
		 0: def_%self 
		 1: def_%v_0 
		 2: COPY TYPE_CurrentScope def_%current_scope 
		 3: COPY TYPE_ScopeModule def_%current_module 
		 4: 
		 5: 
		 6: GETFIELD %self->s3_bucket def_%v_3 %self[2.0,] 
		 7: BRANCH %v_3[2.6,] 
BB 3
	outgoing: 11 
	datadep: 
	instructions:
		 0: GETFIELD %self->s3_bucket def_%v_4 %self[2.0,] 
		 1: RETURN %v_4[3.0,] %self[2.0,] 
BB 4
	outgoing: 6 9 
	datadep: 
	instructions:
		 0: COPY TYPE_Nil def_%v_5 
		 1: (SiteSetting) def_%v_6 
		 2: %v_6->s3_backup_bucket def_%v_7 %v_6[4.1,] 	 SYMBOL:	 ARGS:
		 3: %v_7->blank? def_%v_8 %v_7[4.2,] 	 SYMBOL:	 ARGS:
		 4: BRANCH %v_8[4.3,] 
BB 6
	outgoing: 7 8 
	datadep: 
	instructions:
		 0: (Discourse) def_%v_9 
		 1: (inherit SiteSettingMissing) def_%v_10 %v_9[6.0,] 
		 2: %v_10[6.1,] 
BB 7
	outgoing: 8 
	datadep: 
	instructions:
		 0: %v_9->const_missing def_%v_10 %v_9[6.0,] 	 SYMBOL:SiteSettingMissing,	 ARGS:Symbol,
BB 8
	outgoing: 10 
	datadep: 
	instructions:
		 0: COPY TYPE_StringLiteral "s3_backup_bucket" def_%v_11 
		 1: %v_10->new def_%v_12 %v_10[7.0,6.1,] %v_11[8.0,] 	 SYMBOL:	 ARGS:%v_11,
		 2: %self->raise def_%v_13 %self[2.0,] %v_12[8.1,] 	 SYMBOL:	 ARGS:%v_12,
		 3: 
BB 9
	outgoing: 10 
	datadep: 
	instructions:
		 0: COPY TYPE_Nil def_%v_13 
BB 10
	outgoing: 11 
	datadep: 
	instructions:
		 0: 
		 1: (SiteSetting) def_%v_14 
		 2: %v_14->s3_backup_bucket def_%v_15 %v_14[10.1,] 	 SYMBOL:	 ARGS:
		 3: %v_15->downcase def_%v_16 %v_15[10.2,] 	 SYMBOL:	 ARGS:
		 4: ATTRASSIGN %self->s3_bucket %v_16[10.3,] 
		 5: RETURN %v_16[10.3,] %self[10.4,2.0,] 
BB 11
	outgoing: 
	datadep: 
	instructions:

SET IRMethod, name = s3 instanceMethod = true
BB 1
	outgoing: 14 2 
	datadep: 
	instructions:
BB 2
	outgoing: 3 5 
	datadep: 
	instructions:
		 0: def_%self 
		 1: def_%v_0 
		 2: COPY TYPE_CurrentScope def_%current_scope 
		 3: COPY TYPE_ScopeModule def_%current_module 
		 4: 
		 5: 
		 6: def_%v_3 
		 7: %v_3[2.6,] 
BB 3
	outgoing: 4 5 
	datadep: 
	instructions:
		 0: (inherit S3Helper) def_%v_3 
		 1: %v_3[3.0,] 
BB 4
	outgoing: 6 
	datadep: 
	instructions:
		 0: COPY TYPE_Nil def_%v_3 
		 1: 
BB 5
	outgoing: 6 
	datadep: 
	instructions:
		 0: COPY TYPE_FrozenString frozen:"constant" def_%v_3 
BB 6
	outgoing: 7 8 
	datadep: 
	instructions:
		 0: BRANCH %v_3[5.0,4.0,] 
BB 7
	outgoing: 9 
	datadep: 
	instructions:
		 0: COPY TYPE_Nil def_%v_4 
		 1: 
BB 8
	outgoing: 9 
	datadep: 
	instructions:
		 0: COPY TYPE_StringLiteral "s3_helper" def_%v_5 
		 1: %self->require def_%v_6 %self[2.0,] %v_5[8.0,] 	 SYMBOL:	 ARGS:%v_5,
		 2: COPY TYPE_PASS def_%v_4 %v_6[8.1,] 
BB 9
	outgoing: 10 11 
	datadep: 
	instructions:
		 0: 
		 1: def_%v_8 %self[2.0,] 
		 2: COPY TYPE_PASS def_%v_7 %v_8[9.1,] 
		 3: %v_8[9.1,] 
BB 10
	outgoing: 11 
	datadep: 
	instructions:
		 0: GETFIELD %self->s3_helper def_%v_9 %self[2.0,] 
		 1: COPY TYPE_PASS def_%v_7 %v_9[10.0,] 
BB 11
	outgoing: 12 13 
	datadep: 
	instructions:
		 0: BRANCH %v_7[10.1,9.2,] 
BB 12
	outgoing: 14 
	datadep: 
	instructions:
		 0: (S3Helper) def_%v_10 
		 1: %self->s3_bucket def_%v_11 %self[2.0,] 	 SYMBOL:	 ARGS:
		 2: %v_10->new def_%v_12 %v_10[12.0,] %v_11[12.1,] 	 SYMBOL:	 ARGS:%v_11,
		 3: ATTRASSIGN %self->s3_helper %v_12[12.2,] 
		 4: RETURN %v_12[12.2,] %self[12.1,12.3,2.0,] 
BB 13
	outgoing: 14 
	datadep: 
	instructions:
		 0: RETURN %v_9[10.0,] %self[2.0,] 
BB 14
	outgoing: 
	datadep: 
	instructions:

SET IRMethod, name = upload_to_s3 instanceMethod = true
BB 1
	outgoing: 6 2 
	datadep: 
	instructions:
BB 2
	outgoing: 3 4 
	datadep: 
	instructions:
		 0: def_%self 
		 1: def_%v_0 
		 2: COPY TYPE_CurrentScope def_%current_scope 
		 3: COPY TYPE_ScopeModule def_%current_module 
		 4: 
		 5: 
		 6: %self->s3 def_%v_3 %self[2.0,] 	 SYMBOL:	 ARGS:
		 7: BRANCH %v_3[2.6,] 
BB 3
	outgoing: 6 
	datadep: 
	instructions:
		 0: COPY TYPE_Nil def_%v_4 
		 1: 
		 2: (File) def_%v_5 
		 3: GETFIELD %self->path def_%v_6 %self[2.0,] 
		 4: %v_5->open def_%v_7 %v_5[3.2,] %v_6[3.3,] %self[2.0,] 	 SYMBOL:	 ARGS:%v_6,%v_5,
CLOSURE BEGIN: %self[2.0,] file[] 
BB 1
	outgoing: 6 2 
	datadep: 
	instructions:
BB 2
	outgoing: 3 
	datadep: 
	instructions:
		 0: def_%self 
		 1: def_%cl_1_0 
		 2: RECEIVEARG def_file 
		 3: COPY TYPE_CurrentScope def_%current_scope 
		 4: COPY TYPE_ScopeModule def_%current_module 
BB 3
	outgoing: 4 6 
	datadep: 
	instructions:
		 0: 
		 1: %self->s3 def_%cl_1_3 %self[2.0,] 	 SYMBOL:	 ARGS:
		 2: GETFIELD %self->filename def_%cl_1_4 %self[3.1,2.0,] 
		 3: %cl_1_3->upload def_%cl_1_5 %cl_1_3[3.1,] file[2.2,] %cl_1_4[3.2,] 	 SYMBOL:	 ARGS:file,%cl_1_4,
		 4: RETURN %cl_1_5[3.3,] %self[3.1,2.0,] 
BB 4
	outgoing: 6 
	datadep: 
	instructions:
		 0: def_%cl_1_6 
		 1: def_%cl_1_7 %cl_1_6[4.0,] 
		 2: RETURN %cl_1_7[4.1,] %self[2.0,] 
BB 6
	outgoing: 
	datadep: 
	instructions:
CLOSURE END: 
		 5: RETURN %v_7[3.4,] %self[2.0,] 
BB 4
	outgoing: 6 
	datadep: 
	instructions:
		 0: RETURN %self[2.0,] 
BB 6
	outgoing: 
	datadep: 
	instructions:

SET IRMethod, name = remove_from_s3 instanceMethod = true
BB 1
	outgoing: 6 2 
	datadep: 
	instructions:
BB 2
	outgoing: 3 4 
	datadep: 
	instructions:
		 0: def_%self 
		 1: def_%v_0 
		 2: COPY TYPE_CurrentScope def_%current_scope 
		 3: COPY TYPE_ScopeModule def_%current_module 
		 4: 
		 5: 
		 6: %self->s3 def_%v_3 %self[2.0,] 	 SYMBOL:	 ARGS:
		 7: BRANCH %v_3[2.6,] 
BB 3
	outgoing: 6 
	datadep: 
	instructions:
		 0: COPY TYPE_Nil def_%v_4 
		 1: 
		 2: %self->s3 def_%v_5 %self[2.0,] 	 SYMBOL:	 ARGS:
		 3: GETFIELD %self->filename def_%v_6 %self[3.2,2.0,] 
		 4: %v_5->remove def_%v_7 %v_5[3.2,] %v_6[3.3,] 	 SYMBOL:	 ARGS:%v_6,
		 5: RETURN %v_7[3.4,] %self[3.2,2.0,] 
BB 4
	outgoing: 6 
	datadep: 
	instructions:
		 0: RETURN %self[2.0,] 
BB 6
	outgoing: 
	datadep: 
	instructions:

SET IRMethod, name = base_directory instanceMethod = false
BB 1
	outgoing: 5 2 
	datadep: 
	instructions:
BB 2
	outgoing: 3 4 
	datadep: 
	instructions:
		 0: def_%self 
		 1: def_%v_0 
		 2: COPY TYPE_CurrentScope def_%current_scope 
		 3: COPY TYPE_ScopeModule def_%current_module 
		 4: 
		 5: 
		 6: (File) def_%v_3 
		 7: (Rails) def_%v_4 
		 8: %v_4->root def_%v_5 %v_4[2.7,] 	 SYMBOL:	 ARGS:
		 9: COPY TYPE_StringLiteral "public" def_%v_6 
		 10: COPY TYPE_StringLiteral "backups" def_%v_7 
		 11: (RailsMultisite) def_%v_8 
		 12: (inherit ConnectionManagement) def_%v_9 %v_8[2.11,] 
		 13: %v_9[2.12,] 
BB 3
	outgoing: 4 
	datadep: 
	instructions:
		 0: %v_8->const_missing def_%v_9 %v_8[2.11,] 	 SYMBOL:ConnectionManagement,	 ARGS:Symbol,
BB 4
	outgoing: 5 
	datadep: 
	instructions:
		 0: %v_9->current_db def_%v_10 %v_9[3.0,2.12,] 	 SYMBOL:	 ARGS:
		 1: %v_3->join def_%v_11 %v_3[2.6,] %v_5[2.8,] %v_6[2.9,] %v_7[2.10,] %v_10[4.0,] 	 SYMBOL:	 ARGS:%v_5,%v_6,%v_7,%v_10,
		 2: RETURN %v_11[4.1,] %self[2.0,] 
BB 5
	outgoing: 
	datadep: 
	instructions:

SET IRMethod, name = chunk_path instanceMethod = false
BB 1
	outgoing: 3 2 
	datadep: 
	instructions:
BB 2
	outgoing: 3 
	datadep: 
	instructions:
		 0: def_%self 
		 1: def_%v_0 
		 2: COPY TYPE_CurrentScope def_%current_scope 
		 3: COPY TYPE_ScopeModule def_%current_module 
		 4: 
		 5: RECEIVEARG def_identifier 
		 6: RECEIVEARG def_filename 
		 7: RECEIVEARG def_chunk_number 
		 8: 
		 9: (File) def_%v_3 
		 10: (Backup) def_%v_4 
		 11: %v_4->base_directory def_%v_5 %v_4[2.10,] 	 SYMBOL:	 ARGS:
		 12: COPY TYPE_StringLiteral "tmp" def_%v_6 
		 13: COPY TYPE_StringLiteral ".part" def_%v_7 
		 14: BUILDSTRING def_%v_8 filename[2.6,] %v_7[2.13,] chunk_number[2.7,] 
		 15: %v_3->join def_%v_9 %v_3[2.9,] %v_5[2.11,] %v_6[2.12,] identifier[2.5,] %v_8[2.14,] 	 SYMBOL:	 ARGS:%v_5,%v_6,identifier,%v_8,
		 16: RETURN %v_9[2.15,] %self[2.0,] 
BB 3
	outgoing: 
	datadep: 
	instructions:

SET IRMethod, name = create_from_filename instanceMethod = false
BB 1
	outgoing: 3 2 
	datadep: 
	instructions:
BB 2
	outgoing: 3 
	datadep: 
	instructions:
		 0: def_%self 
		 1: def_%v_0 
		 2: COPY TYPE_CurrentScope def_%current_scope 
		 3: COPY TYPE_ScopeModule def_%current_module 
		 4: 
		 5: RECEIVEARG def_filename 
		 6: 
		 7: (Backup) def_%v_3 
		 8: %v_3->new def_%v_4 %v_3[2.7,] filename[2.5,] 	 SYMBOL:	 ARGS:filename,
		 9: %v_4->tap def_%v_5 %v_4[2.8,] %self[2.0,] 	 SYMBOL:	 ARGS:%v_4,
CLOSURE BEGIN: b[] 
BB 1
	outgoing: 6 2 
	datadep: 
	instructions:
BB 2
	outgoing: 3 
	datadep: 
	instructions:
		 0: def_%self 
		 1: def_%cl_1_0 
		 2: RECEIVEARG def_b 
		 3: COPY TYPE_CurrentScope def_%current_scope 
		 4: COPY TYPE_ScopeModule def_%current_module 
BB 3
	outgoing: 4 6 
	datadep: 
	instructions:
		 0: 
		 1: (File) def_%cl_1_3 
		 2: (Backup) def_%cl_1_4 
		 3: %cl_1_4->base_directory def_%cl_1_5 %cl_1_4[3.2,] 	 SYMBOL:	 ARGS:
		 4: b->filename def_%cl_1_6 b[2.2,] 	 SYMBOL:	 ARGS:
		 5: %cl_1_3->join def_%cl_1_7 %cl_1_3[3.1,] %cl_1_5[3.3,] %cl_1_6[3.4,] 	 SYMBOL:	 ARGS:%cl_1_5,%cl_1_6,
		 6: ATTRASSIGN b->path %cl_1_7[3.5,] 
		 7: 
		 8: (UrlHelper) def_%cl_1_8 
		 9: (Discourse) def_%cl_1_9 
		 10: %cl_1_9->base_url def_%cl_1_10 %cl_1_9[3.9,] 	 SYMBOL:	 ARGS:
		 11: COPY TYPE_StringLiteral "/admin/backups/" def_%cl_1_11 
		 12: b->filename def_%cl_1_12 b[3.4,3.6,2.2,] 	 SYMBOL:	 ARGS:
		 13: BUILDSTRING def_%cl_1_13 %cl_1_10[3.10,] %cl_1_11[3.11,] %cl_1_12[3.12,] 
		 14: %cl_1_8->schemaless def_%cl_1_14 %cl_1_8[3.8,] %cl_1_13[3.13,] 	 SYMBOL:	 ARGS:%cl_1_13,
		 15: ATTRASSIGN b->link %cl_1_14[3.14,] 
		 16: 
		 17: (File) def_%cl_1_15 
		 18: b->path def_%cl_1_16 b[3.4,3.6,3.12,3.15,2.2,] 	 SYMBOL:	 ARGS:
		 19: %cl_1_15->size def_%cl_1_17 %cl_1_15[3.17,] %cl_1_16[3.18,] 	 SYMBOL:	 ARGS:%cl_1_16,
		 20: ATTRASSIGN b->size %cl_1_17[3.19,] 
		 21: RETURN %cl_1_17[3.19,] %self[2.0,] 
BB 4
	outgoing: 6 
	datadep: 
	instructions:
		 0: def_%cl_1_18 
		 1: def_%cl_1_19 %cl_1_18[4.0,] 
		 2: RETURN %cl_1_19[4.1,] %self[2.0,] 
BB 6
	outgoing: 
	datadep: 
	instructions:
CLOSURE END: 
		 10: RETURN %v_5[2.9,] %self[2.0,] 
BB 3
	outgoing: 
	datadep: 
	instructions:

SET IRMethod, name = remove_old instanceMethod = false
BB 1
	outgoing: 9 2 
	datadep: 
	instructions:
BB 2
	outgoing: 3 4 
	datadep: 
	instructions:
		 0: def_%self 
		 1: def_%v_0 
		 2: COPY TYPE_CurrentScope def_%current_scope 
		 3: COPY TYPE_ScopeModule def_%current_module 
		 4: 
		 5: 
		 6: (Rails) def_%v_3 
		 7: %v_3->env def_%v_4 %v_3[2.6,] 	 SYMBOL:	 ARGS:
		 8: %v_4->development? def_%v_5 %v_4[2.7,] 	 SYMBOL:	 ARGS:
		 9: BRANCH %v_5[2.8,] 
BB 3
	outgoing: 9 
	datadep: 
	instructions:
		 0: RETURN %self[2.0,] 
BB 4
	outgoing: 6 7 
	datadep: 
	instructions:
		 0: COPY TYPE_Nil def_%v_6 
		 1: 
		 2: (Backup) def_%v_7 
		 3: %v_7->all def_%v_8 %v_7[4.2,] 	 SYMBOL:	 ARGS:
		 4: COPY TYPE_PASS def_all_backups %v_8[4.3,] 
		 5: 
		 6: %v_8->size def_%v_9 %v_8[4.3,] 	 SYMBOL:	 ARGS:
		 7: (SiteSetting) def_%v_10 
		 8: %v_10->maximum_backups def_%v_11 %v_10[4.7,] 	 SYMBOL:	 ARGS:
		 9: %v_9-><= def_%v_12 %v_9[4.6,] %v_11[4.8,] 	 SYMBOL:	 ARGS:%v_11,
		 10: BRANCH %v_12[4.9,] 
BB 6
	outgoing: 9 
	datadep: 
	instructions:
		 0: RETURN %self[2.0,] 
BB 7
	outgoing: 9 
	datadep: 
	instructions:
		 0: COPY TYPE_Nil def_%v_13 
		 1: 
		 2: (SiteSetting) def_%v_15 
		 3: %v_15->maximum_backups def_%v_16 %v_15[7.2,] 	 SYMBOL:	 ARGS:
		 4: CONSTANT def_%v_14 %v_16[7.3,] 
		 5: all_backups->[] def_%v_17 all_backups[4.4,] %v_14[7.4,] 	 SYMBOL:	 ARGS:%v_14,
		 6: %v_17->each def_%v_18 %v_17[7.5,] 	 SYMBOL:remove,	 ARGS:
		 7: RETURN %v_18[7.6,] %self[2.0,] 
BB 9
	outgoing: 
	datadep: 
	instructions:

