SET IRMethod, name = lookup instanceMethod = false
BB 1
	outgoing: 3 2 
	datadep: 
	instructions:
BB 2
	outgoing: 3 
	datadep: 
	instructions:
		 0: def_%self 
		 1: def_%v_0 
		 2: COPY TYPE_CurrentScope def_%current_scope 
		 3: COPY TYPE_ScopeModule def_%current_module 
		 4: 
		 5: RECEIVEARG def_user 
		 6: RECEIVEARG def_level 
		 7: 
		 8: %self->notification_levels def_%v_3 %self[2.0,] 	 SYMBOL:	 ARGS:
		 9: %v_3->[] def_%v_4 %v_3[2.8,] level[2.6,] 	 SYMBOL:	 ARGS:level,
		 10: HASH-user-notification_level- def_%v_5 user[2.5,] %v_4[2.9,] 
		 11: %self->where def_%v_6 %self[2.0,2.8,] %v_5[2.10,] 	 SYMBOL:	 ARGS:%v_5,
		 12: RETURN %v_6[2.11,] %self[2.0,2.8,2.11,] 
BB 3
	outgoing: 
	datadep: 
	instructions:

SET IRMethod, name = lookup_by_category instanceMethod = false
BB 1
	outgoing: 3 2 
	datadep: 
	instructions:
BB 2
	outgoing: 3 
	datadep: 
	instructions:
		 0: def_%self 
		 1: def_%v_0 
		 2: COPY TYPE_CurrentScope def_%current_scope 
		 3: COPY TYPE_ScopeModule def_%current_module 
		 4: 
		 5: RECEIVEARG def_user 
		 6: RECEIVEARG def_category 
		 7: 
		 8: HASH-user-category- def_%v_3 user[2.5,] category[2.6,] 
		 9: %self->where def_%v_4 %self[2.0,] %v_3[2.8,] 	 SYMBOL:	 ARGS:%v_3,
		 10: RETURN %v_4[2.9,] %self[2.0,2.9,] 
BB 3
	outgoing: 
	datadep: 
	instructions:

SET IRMethod, name = notification_levels instanceMethod = false
BB 1
	outgoing: 3 2 
	datadep: 
	instructions:
BB 2
	outgoing: 3 
	datadep: 
	instructions:
		 0: def_%self 
		 1: def_%v_0 
		 2: COPY TYPE_CurrentScope def_%current_scope 
		 3: COPY TYPE_ScopeModule def_%current_module 
		 4: 
		 5: 
		 6: (TopicUser) def_%v_3 
		 7: %v_3->notification_levels def_%v_4 %v_3[2.6,] 	 SYMBOL:	 ARGS:
		 8: RETURN %v_4[2.7,] %self[2.0,] 
BB 3
	outgoing: 
	datadep: 
	instructions:

SET IRMethod, name = batch_set instanceMethod = false
BB 1
	outgoing: 6 2 
	datadep: 
	instructions:
BB 2
	outgoing: 3 4 
	datadep: 
	instructions:
		 0: def_%self 
		 1: def_%v_0 
		 2: COPY TYPE_CurrentScope def_%current_scope 
		 3: COPY TYPE_ScopeModule def_%current_module 
		 4: 
		 5: RECEIVEARG def_user 
		 6: RECEIVEARG def_level 
		 7: RECEIVEARG def_category_ids 
		 8: 
		 9: (CategoryUser) def_%v_3 
		 10: %self->notification_levels def_%v_4 %self[2.0,] 	 SYMBOL:	 ARGS:
		 11: %v_4->[] def_%v_5 %v_4[2.10,] level[2.6,] 	 SYMBOL:	 ARGS:level,
		 12: HASH-user-notification_level- def_%v_6 user[2.5,] %v_5[2.11,] 
		 13: %v_3->where def_%v_7 %v_3[2.9,] %v_6[2.12,] 	 SYMBOL:	 ARGS:%v_6,
		 14: COPY TYPE_PASS def_records %v_7[2.13,] 
		 15: 
		 16: %v_7->pluck def_%v_8 %v_7[2.13,] 	 SYMBOL:category_id,	 ARGS:Symbol,
		 17: COPY TYPE_PASS def_old_ids %v_8[2.16,] 
		 18: 
		 19: (Category) def_%v_9 
		 20: COPY TYPE_StringLiteral "id in (?)" def_%v_10 
		 21: %v_9->where def_%v_11 %v_9[2.19,] %v_10[2.20,] category_ids[2.7,] 	 SYMBOL:	 ARGS:%v_10,category_ids,
		 22: %v_11->pluck def_%v_12 %v_11[2.21,] 	 SYMBOL:id,	 ARGS:Symbol,
		 23: COPY TYPE_PASS def_category_ids %v_12[2.22,] 
		 24: 
		 25: old_ids->- def_%v_13 old_ids[2.17,] %v_12[2.22,] 	 SYMBOL:	 ARGS:category_ids,
		 26: COPY TYPE_PASS def_remove %v_13[2.25,] 
		 27: 
		 28: %v_13->present? def_%v_14 %v_13[2.25,] 	 SYMBOL:	 ARGS:
		 29: BRANCH %v_14[2.28,] 
BB 3
	outgoing: 5 
	datadep: 
	instructions:
		 0: 
		 1: COPY TYPE_StringLiteral "category_id in (?)" def_%v_15 
		 2: records->where def_%v_16 records[2.14,] %v_15[3.1,] remove[2.26,] 	 SYMBOL:	 ARGS:%v_15,remove,
		 3: %v_16->destroy_all def_%v_17 %v_16[3.2,] 	 SYMBOL:	 ARGS:
		 4: 
BB 4
	outgoing: 5 
	datadep: 
	instructions:
		 0: COPY TYPE_Nil def_%v_17 
BB 5
	outgoing: 6 
	datadep: 
	instructions:
		 0: 
		 1: category_ids->- def_%v_18 category_ids[2.7,2.23,] old_ids[2.17,] 	 SYMBOL:	 ARGS:old_ids,
		 2: %v_18->each def_%v_19 %v_18[5.1,] %self[2.0,] 	 SYMBOL:	 ARGS:%v_18,
CLOSURE BEGIN: %self[2.0,] level[2.6,] user[2.5,] id[] 
BB 1
	outgoing: 6 2 
	datadep: 
	instructions:
BB 2
	outgoing: 3 
	datadep: 
	instructions:
		 0: def_%self 
		 1: def_%cl_1_0 
		 2: RECEIVEARG def_id 
		 3: COPY TYPE_CurrentScope def_%current_scope 
		 4: COPY TYPE_ScopeModule def_%current_module 
BB 3
	outgoing: 4 6 
	datadep: 
	instructions:
		 0: 
		 1: (CategoryUser) def_%cl_1_3 
		 2: %self->notification_levels def_%cl_1_4 %self[2.0,] 	 SYMBOL:	 ARGS:
		 3: %cl_1_4->[] def_%cl_1_5 %cl_1_4[3.2,] level[] 	 SYMBOL:	 ARGS:level,
		 4: HASH-user-category_id-notification_level- def_%cl_1_6 user[] id[2.2,] %cl_1_5[3.3,] 
		 5: %cl_1_3->create! def_%cl_1_7 %cl_1_3[3.1,] %cl_1_6[3.4,] 	 SYMBOL:	 ARGS:%cl_1_6,
		 6: RETURN %cl_1_7[3.5,] %self[3.2,2.0,] 
BB 4
	outgoing: 6 
	datadep: 
	instructions:
		 0: def_%cl_1_8 
		 1: def_%cl_1_9 %cl_1_8[4.0,] 
		 2: RETURN %cl_1_9[4.1,] %self[2.0,] 
BB 6
	outgoing: 
	datadep: 
	instructions:
CLOSURE END: 
		 3: RETURN %v_19[5.2,] %self[2.0,] 
BB 6
	outgoing: 
	datadep: 
	instructions:

SET IRMethod, name = set_notification_level_for_category instanceMethod = false
BB 1
	outgoing: 6 2 
	datadep: 
	instructions:
BB 2
	outgoing: 3 4 
	datadep: 
	instructions:
		 0: def_%self 
		 1: def_%v_0 
		 2: COPY TYPE_CurrentScope def_%current_scope 
		 3: COPY TYPE_ScopeModule def_%current_module 
		 4: 
		 5: RECEIVEARG def_user 
		 6: RECEIVEARG def_level 
		 7: RECEIVEARG def_category_id 
		 8: 
		 9: (CategoryUser) def_%v_3 
		 10: HASH-user-category_id- def_%v_4 user[2.5,] category_id[2.7,] 
		 11: %v_3->where def_%v_5 %v_3[2.9,] %v_4[2.10,] 	 SYMBOL:	 ARGS:%v_4,
		 12: %v_5->first def_%v_6 %v_5[2.11,] 	 SYMBOL:	 ARGS:
		 13: COPY TYPE_PASS def_record %v_6[2.12,] 
		 14: 
		 15: %v_6->present? def_%v_7 %v_6[2.12,] 	 SYMBOL:	 ARGS:
		 16: BRANCH %v_7[2.15,] 
BB 3
	outgoing: 6 
	datadep: 
	instructions:
		 0: 
		 1: ATTRASSIGN record->notification_level level[2.6,] 
		 2: 
		 3: record->save! def_%v_8 record[3.1,2.13,] 	 SYMBOL:	 ARGS:
		 4: RETURN %v_8[3.3,] %self[2.0,] 
BB 4
	outgoing: 6 
	datadep: 
	instructions:
		 0: 
		 1: (CategoryUser) def_%v_9 
		 2: HASH-user-category_id-notification_level- def_%v_10 user[2.5,] category_id[2.7,] level[2.6,] 
		 3: %v_9->create! def_%v_11 %v_9[4.1,] %v_10[4.2,] 	 SYMBOL:	 ARGS:%v_10,
		 4: RETURN %v_11[4.3,] %self[2.0,] 
BB 6
	outgoing: 
	datadep: 
	instructions:

SET IRMethod, name = apply_default_to_topic instanceMethod = false
BB 1
	outgoing: 3 2 
	datadep: 
	instructions:
BB 2
	outgoing: 3 
	datadep: 
	instructions:
		 0: def_%self 
		 1: def_%v_0 
		 2: COPY TYPE_CurrentScope def_%current_scope 
		 3: COPY TYPE_ScopeModule def_%current_module 
		 4: 
		 5: RECEIVEARG def_topic_id 
		 6: RECEIVEARG def_category_id 
		 7: RECEIVEARG def_level 
		 8: RECEIVEARG def_reason 
		 9: 
		 10: COPY TYPE_StringLiteral "      INSERT INTO topic_users(user_id, topic_id, notification_level, notifications_reason_id)
           SELECT user_id, :topic_id, :level, :reason
             FROM category_users
            WHERE notification_level = :level
              AND category_id = :category_id
              AND NOT EXISTS(SELECT 1 FROM topic_users WHERE topic_id = :topic_id AND user_id = category_users.user_id)
" def_%v_3 
		 11: COPY TYPE_PASS def_sql %v_3[2.10,] 
		 12: 
		 13: HASH-topic_id-category_id-level-reason- def_%v_4 topic_id[2.5,] category_id[2.6,] level[2.7,] reason[2.8,] 
		 14: %self->exec_sql def_%v_5 %self[2.0,] %v_3[2.10,] %v_4[2.13,] 	 SYMBOL:	 ARGS:sql,%v_4,
		 15: RETURN %v_5[2.14,] %self[2.0,2.14,] 
BB 3
	outgoing: 
	datadep: 
	instructions:

SET IRMethod, name = remove_default_from_topic instanceMethod = false
BB 1
	outgoing: 3 2 
	datadep: 
	instructions:
BB 2
	outgoing: 3 
	datadep: 
	instructions:
		 0: def_%self 
		 1: def_%v_0 
		 2: COPY TYPE_CurrentScope def_%current_scope 
		 3: COPY TYPE_ScopeModule def_%current_module 
		 4: 
		 5: RECEIVEARG def_topic_id 
		 6: RECEIVEARG def_category_id 
		 7: RECEIVEARG def_level 
		 8: RECEIVEARG def_reason 
		 9: 
		 10: COPY TYPE_StringLiteral "      DELETE FROM topic_users
            WHERE topic_id = :topic_id
              AND notifications_changed_at IS NULL
              AND notification_level = :level
              AND notifications_reason_id = :reason
              AND NOT EXISTS(SELECT 1 FROM category_users WHERE category_users.category_id = :category_id AND category_users.notification_level = :level AND category_users.user_id = topic_users.user_id)
" def_%v_3 
		 11: COPY TYPE_PASS def_sql %v_3[2.10,] 
		 12: 
		 13: HASH-topic_id-category_id-level-reason- def_%v_4 topic_id[2.5,] category_id[2.6,] level[2.7,] reason[2.8,] 
		 14: %self->exec_sql def_%v_5 %self[2.0,] %v_3[2.10,] %v_4[2.13,] 	 SYMBOL:	 ARGS:sql,%v_4,
		 15: RETURN %v_5[2.14,] %self[2.0,2.14,] 
BB 3
	outgoing: 
	datadep: 
	instructions:

SET IRMethod, name = ensure_consistency! instanceMethod = false
BB 1
	outgoing: 3 2 
	datadep: 
	instructions:
BB 2
	outgoing: 3 
	datadep: 
	instructions:
		 0: def_%self 
		 1: def_%v_0 
		 2: COPY TYPE_CurrentScope def_%current_scope 
		 3: COPY TYPE_ScopeModule def_%current_module 
		 4: 
		 5: 
		 6: COPY TYPE_StringLiteral "    DELETE FROM category_users
      WHERE user_id IN (
        SELECT cu.user_id FROM category_users cu
        LEFT JOIN users u ON u.id = cu.user_id
        WHERE u.id IS NULL
      )
" def_%v_3 
		 7: %self->exec_sql def_%v_4 %self[2.0,] %v_3[2.6,] 	 SYMBOL:	 ARGS:%v_3,
		 8: RETURN %v_4[2.7,] %self[2.0,2.7,] 
BB 3
	outgoing: 
	datadep: 
	instructions:

