SET IRMethod, name = set instanceMethod = false
BB 1
	outgoing: 9 2 
	datadep: 
	instructions:
BB 2
	outgoing: 3 7 
	datadep: 
	instructions:
		 0: def_%self 
		 1: def_%v_0 
		 2: COPY TYPE_CurrentScope def_%current_scope 
		 3: COPY TYPE_ScopeModule def_%current_module 
		 4: 
		 5: RECEIVEARG def_user 
		 6: RECEIVEARG def_key 
		 7: RECEIVEARG def_sequence 
		 8: RECEIVEARG def_data 
		 9: 
		 10: %self->find_draft def_%v_3 %self[2.0,] user[2.5,] key[2.6,] 	 SYMBOL:	 ARGS:user,key,
		 11: COPY TYPE_PASS def_d %v_3[2.10,] 
		 12: 
		 13: BRANCH %v_3[2.10,] 
BB 3
	outgoing: 4 5 
	datadep: 
	instructions:
		 0: 
		 1: d->sequence def_%v_4 d[2.11,] 	 SYMBOL:	 ARGS:
		 2: %v_4->> def_%v_5 %v_4[3.1,] sequence[2.7,] 	 SYMBOL:	 ARGS:sequence,
		 3: BRANCH %v_5[3.2,] 
BB 4
	outgoing: 9 
	datadep: 
	instructions:
		 0: RETURN %self[2.0,] 
BB 5
	outgoing: 8 
	datadep: 
	instructions:
		 0: COPY TYPE_Nil def_%v_6 
		 1: 
		 2: COPY TYPE_StringLiteral "UPDATE drafts
               SET  data = :data,
                    sequence = :sequence,
                    revisions = revisions + 1
               WHERE id = :id" def_%v_7 
		 3: d->id def_%v_8 d[2.11,] 	 SYMBOL:	 ARGS:
		 4: HASH-id-sequence-data- def_%v_9 %v_8[5.3,] sequence[2.7,] data[2.8,] 
		 5: %self->exec_sql def_%v_10 %self[2.0,] %v_7[5.2,] %v_9[5.4,] 	 SYMBOL:	 ARGS:%v_7,%v_9,
		 6: 
BB 7
	outgoing: 9 
	datadep: 
	instructions:
		 0: 
		 1: (Draft) def_%v_11 
		 2: user->id def_%v_12 user[2.5,] 	 SYMBOL:	 ARGS:
		 3: HASH-user_id-draft_key-data-sequence- def_%v_13 %v_12[7.2,] key[2.6,] data[2.8,] sequence[2.7,] 
		 4: %v_11->create! def_%v_14 %v_11[7.1,] %v_13[7.3,] 	 SYMBOL:	 ARGS:%v_13,
		 5: RETURN %v_14[7.4,] %self[2.0,] 
BB 8
	outgoing: 9 
	datadep: 
	instructions:
		 0: RETURN %v_10[5.5,] %self[2.0,] 
BB 9
	outgoing: 
	datadep: 
	instructions:

SET IRMethod, name = get instanceMethod = false
BB 1
	outgoing: 8 2 
	datadep: 
	instructions:
BB 2
	outgoing: 3 4 
	datadep: 
	instructions:
		 0: def_%self 
		 1: def_%v_0 
		 2: COPY TYPE_CurrentScope def_%current_scope 
		 3: COPY TYPE_ScopeModule def_%current_module 
		 4: 
		 5: RECEIVEARG def_user 
		 6: RECEIVEARG def_key 
		 7: RECEIVEARG def_sequence 
		 8: 
		 9: %self->find_draft def_%v_3 %self[2.0,] user[2.5,] key[2.6,] 	 SYMBOL:	 ARGS:user,key,
		 10: COPY TYPE_PASS def_d %v_3[2.9,] 
		 11: 
		 12: COPY TYPE_PASS def_%v_4 %v_3[2.9,] 
		 13: BRANCH %v_3[2.9,] 
BB 3
	outgoing: 4 
	datadep: 
	instructions:
		 0: d->sequence def_%v_5 d[2.10,] 	 SYMBOL:	 ARGS:
		 1: %v_5->== def_%v_6 %v_5[3.0,] sequence[2.7,] 	 SYMBOL:	 ARGS:sequence,
		 2: COPY TYPE_PASS def_%v_4 %v_6[3.1,] 
BB 4
	outgoing: 5 6 
	datadep: 
	instructions:
		 0: BRANCH %v_4[3.2,2.12,] 
BB 5
	outgoing: 8 
	datadep: 
	instructions:
		 0: 
		 1: d->data def_%v_7 d[2.10,] 	 SYMBOL:	 ARGS:
		 2: RETURN %v_7[5.1,] %self[2.0,] 
BB 6
	outgoing: 8 
	datadep: 
	instructions:
		 0: RETURN %self[2.0,] 
BB 8
	outgoing: 
	datadep: 
	instructions:

SET IRMethod, name = clear instanceMethod = false
BB 1
	outgoing: 8 2 
	datadep: 
	instructions:
BB 2
	outgoing: 3 4 
	datadep: 
	instructions:
		 0: def_%self 
		 1: def_%v_0 
		 2: COPY TYPE_CurrentScope def_%current_scope 
		 3: COPY TYPE_ScopeModule def_%current_module 
		 4: 
		 5: RECEIVEARG def_user 
		 6: RECEIVEARG def_key 
		 7: RECEIVEARG def_sequence 
		 8: 
		 9: %self->find_draft def_%v_3 %self[2.0,] user[2.5,] key[2.6,] 	 SYMBOL:	 ARGS:user,key,
		 10: COPY TYPE_PASS def_d %v_3[2.9,] 
		 11: 
		 12: COPY TYPE_PASS def_%v_4 %v_3[2.9,] 
		 13: BRANCH %v_3[2.9,] 
BB 3
	outgoing: 4 
	datadep: 
	instructions:
		 0: d->sequence def_%v_5 d[2.10,] 	 SYMBOL:	 ARGS:
		 1: %v_5-><= def_%v_6 %v_5[3.0,] sequence[2.7,] 	 SYMBOL:	 ARGS:sequence,
		 2: COPY TYPE_PASS def_%v_4 %v_6[3.1,] 
BB 4
	outgoing: 5 6 
	datadep: 
	instructions:
		 0: BRANCH %v_4[3.2,2.12,] 
BB 5
	outgoing: 8 
	datadep: 
	instructions:
		 0: 
		 1: d->destroy def_%v_7 d[2.10,] 	 SYMBOL:	 ARGS:
		 2: RETURN %v_7[5.1,] %self[2.0,] 
BB 6
	outgoing: 8 
	datadep: 
	instructions:
		 0: RETURN %self[2.0,] 
BB 8
	outgoing: 
	datadep: 
	instructions:

SET IRMethod, name = find_draft instanceMethod = false
BB 1
	outgoing: 6 2 
	datadep: 
	instructions:
BB 2
	outgoing: 3 4 
	datadep: 
	instructions:
		 0: def_%self 
		 1: def_%v_0 
		 2: COPY TYPE_CurrentScope def_%current_scope 
		 3: COPY TYPE_ScopeModule def_%current_module 
		 4: 
		 5: RECEIVEARG def_user 
		 6: RECEIVEARG def_key 
		 7: 
		 8: (User) def_%v_3 
		 9: user->is_a? def_%v_4 user[2.5,] %v_3[2.8,] 	 SYMBOL:	 ARGS:%v_3,
		 10: BRANCH %v_4[2.9,] 
BB 3
	outgoing: 6 
	datadep: 
	instructions:
		 0: 
		 1: user->id def_%v_5 user[2.5,] 	 SYMBOL:	 ARGS:
		 2: HASH-user_id-draft_key- def_%v_6 %v_5[3.1,] key[2.6,] 
		 3: %self->find_by def_%v_7 %self[2.0,] %v_6[3.2,] 	 SYMBOL:	 ARGS:%v_6,
		 4: RETURN %v_7[3.3,] %self[3.3,2.0,] 
BB 4
	outgoing: 6 
	datadep: 
	instructions:
		 0: 
		 1: HASH-user_id-draft_key- def_%v_8 user[2.5,] key[2.6,] 
		 2: %self->find_by def_%v_9 %self[2.0,] %v_8[4.1,] 	 SYMBOL:	 ARGS:%v_8,
		 3: RETURN %v_9[4.2,] %self[4.2,2.0,] 
BB 6
	outgoing: 
	datadep: 
	instructions:

SET IRMethod, name = cleanup! instanceMethod = false
BB 1
	outgoing: 3 2 
	datadep: 
	instructions:
BB 2
	outgoing: 3 
	datadep: 
	instructions:
		 0: def_%self 
		 1: def_%v_0 
		 2: COPY TYPE_CurrentScope def_%current_scope 
		 3: COPY TYPE_ScopeModule def_%current_module 
		 4: 
		 5: 
		 6: COPY TYPE_StringLiteral "DELETE FROM drafts where sequence < (
               SELECT max(s.sequence) from draft_sequences s
               WHERE s.draft_key = drafts.draft_key AND
                     s.user_id = drafts.user_id
            )" def_%v_3 
		 7: %self->exec_sql def_%v_4 %self[2.0,] %v_3[2.6,] 	 SYMBOL:	 ARGS:%v_3,
		 8: 
		 9: (SiteSetting) def_%v_5 
		 10: %v_5->delete_drafts_older_than_n_days def_%v_6 %v_5[2.9,] 	 SYMBOL:	 ARGS:
		 11: %v_6->days def_%v_7 %v_6[2.10,] 	 SYMBOL:	 ARGS:
		 12: %v_7->ago def_%v_8 %v_7[2.11,] 	 SYMBOL:	 ARGS:
		 13: COPY TYPE_PASS def_delete_drafts_older_than_n_days %v_8[2.12,] 
		 14: 
		 15: (Draft) def_%v_9 
		 16: COPY TYPE_StringLiteral "updated_at < ?" def_%v_10 
		 17: %v_9->where def_%v_11 %v_9[2.15,] %v_10[2.16,] %v_8[2.12,] 	 SYMBOL:	 ARGS:%v_10,delete_drafts_older_than_n_days,
		 18: %v_11->destroy_all def_%v_12 %v_11[2.17,] 	 SYMBOL:	 ARGS:
		 19: RETURN %v_12[2.18,] %self[2.0,2.7,] 
BB 3
	outgoing: 
	datadep: 
	instructions:

