SET IRMethod, name = valid_value? instanceMethod = false
BB 1
	outgoing: 3 2 
	datadep: 
	instructions:
BB 2
	outgoing: 3 
	datadep: 
	instructions:
		 0: def_%self 
		 1: def_%v_0 
		 2: COPY TYPE_CurrentScope def_%current_scope 
		 3: COPY TYPE_ScopeModule def_%current_module 
		 4: 
		 5: RECEIVEARG def_val 
		 6: 
		 7: %self->supported_locales def_%v_3 %self[2.0,] 	 SYMBOL:	 ARGS:
		 8: %v_3->include? def_%v_4 %v_3[2.7,] val[2.5,] 	 SYMBOL:	 ARGS:val,
		 9: RETURN %v_4[2.8,] %self[2.0,2.7,] 
BB 3
	outgoing: 
	datadep: 
	instructions:

SET IRMethod, name = values instanceMethod = false
BB 1
	outgoing: 3 2 
	datadep: 
	instructions:
BB 2
	outgoing: 3 
	datadep: 
	instructions:
		 0: def_%self 
		 1: def_%v_0 
		 2: COPY TYPE_CurrentScope def_%current_scope 
		 3: COPY TYPE_ScopeModule def_%current_module 
		 4: 
		 5: 
		 6: %self->supported_locales def_%v_3 %self[2.0,] 	 SYMBOL:	 ARGS:
		 7: %v_3->map def_%v_4 %v_3[2.6,] %self[2.0,2.6,] 	 SYMBOL:	 ARGS:%v_3,
CLOSURE BEGIN: l[] 
BB 1
	outgoing: 6 2 
	datadep: 
	instructions:
BB 2
	outgoing: 6 
	datadep: 
	instructions:
		 0: def_%self 
		 1: def_%cl_1_0 
		 2: RECEIVEARG def_l 
		 3: COPY TYPE_CurrentScope def_%current_scope 
		 4: COPY TYPE_ScopeModule def_%current_module 
		 5: 
		 6: HASH-name-value- def_%cl_1_3 l[2.2,] l[2.2,] 
		 7: RETURN %cl_1_3[2.6,] %self[2.0,] 
BB 6
	outgoing: 
	datadep: 
	instructions:
CLOSURE END: 
		 8: RETURN %v_4[2.7,] %self[2.0,2.6,] 
BB 3
	outgoing: 
	datadep: 
	instructions:

SET IRMethod, name = supported_locales instanceMethod = false
BB 1
	outgoing: 3 2 
	datadep: 
	instructions:
BB 2
	outgoing: 3 
	datadep: 
	instructions:
		 0: def_%self 
		 1: def_%v_0 
		 2: COPY TYPE_CurrentScope def_%current_scope 
		 3: COPY TYPE_ScopeModule def_%current_module 
		 4: 
		 5: 
		 6: GETFIELD %self->lock def_%v_3 %self[2.0,] 
		 7: %v_3->synchronize def_%v_4 %v_3[2.6,] %self[2.0,] 	 SYMBOL:	 ARGS:%v_3,
CLOSURE BEGIN: %self[2.0,] x[] 
BB 1
	outgoing: 10 2 
	datadep: 
	instructions:
BB 2
	outgoing: 3 
	datadep: 
	instructions:
		 0: def_%self 
		 1: def_%cl_1_0 
		 2: COPY TYPE_CurrentScope def_%current_scope 
		 3: COPY TYPE_ScopeModule def_%current_module 
BB 3
	outgoing: 4 5 8 
	datadep: 
	instructions:
		 0: 
		 1: def_%cl_1_4 %self[2.0,] 
		 2: COPY TYPE_PASS def_%cl_1_3 %cl_1_4[3.1,] 
		 3: %cl_1_4[3.1,] 
BB 4
	outgoing: 5 
	datadep: 
	instructions:
		 0: GETFIELD %self->supported_locales def_%cl_1_5 %self[2.0,] 
		 1: COPY TYPE_PASS def_%cl_1_3 %cl_1_5[4.0,] 
BB 5
	outgoing: 6 7 
	datadep: 
	instructions:
		 0: BRANCH %cl_1_3[4.1,3.2,] 
BB 6
	outgoing: 8 10 
	datadep: 
	instructions:
		 0: (Dir) def_%cl_1_6 
		 1: (File) def_%cl_1_7 
		 2: (Rails) def_%cl_1_8 
		 3: %cl_1_8->root def_%cl_1_9 %cl_1_8[6.2,] 	 SYMBOL:	 ARGS:
		 4: COPY TYPE_StringLiteral "config" def_%cl_1_10 
		 5: COPY TYPE_StringLiteral "locales" def_%cl_1_11 
		 6: COPY TYPE_StringLiteral "client.*.yml" def_%cl_1_12 
		 7: %cl_1_7->join def_%cl_1_13 %cl_1_7[6.1,] %cl_1_9[6.3,] %cl_1_10[6.4,] %cl_1_11[6.5,] %cl_1_12[6.6,] 	 SYMBOL:	 ARGS:%cl_1_9,%cl_1_10,%cl_1_11,%cl_1_12,
		 8: %cl_1_6->glob def_%cl_1_14 %cl_1_6[6.0,] %cl_1_13[6.7,] 	 SYMBOL:	 ARGS:%cl_1_13,
		 9: %cl_1_14->map def_%cl_1_15 %cl_1_14[6.8,] %self[2.0,] 	 SYMBOL:	 ARGS:%cl_1_14,
CLOSURE BEGIN: x[] 
BB 1
	outgoing: 6 2 
	datadep: 
	instructions:
BB 2
	outgoing: 3 
	datadep: 
	instructions:
		 0: def_%self 
		 1: def_%cl_2_0 
		 2: RECEIVEARG def_x 
		 3: COPY TYPE_CurrentScope def_%current_scope 
		 4: COPY TYPE_ScopeModule def_%current_module 
BB 3
	outgoing: 4 6 
	datadep: 
	instructions:
		 0: 
		 1: COPY TYPE_StringLiteral "." def_%cl_2_3 
		 2: x->split def_%cl_2_4 x[2.2,] %cl_2_3[3.1,] 	 SYMBOL:	 ARGS:%cl_2_3,
		 3: %cl_2_4->[] def_%cl_2_5 %cl_2_4[3.2,] 	 SYMBOL:	 ARGS:Fixnum,
		 4: RETURN %cl_2_5[3.3,] %self[2.0,] 
BB 4
	outgoing: 6 
	datadep: 
	instructions:
		 0: def_%cl_2_6 
		 1: def_%cl_2_7 %cl_2_6[4.0,] 
		 2: RETURN %cl_2_7[4.1,] %self[2.0,] 
BB 6
	outgoing: 
	datadep: 
	instructions:
CLOSURE END: 
		 10: %cl_1_15->sort def_%cl_1_16 %cl_1_15[6.9,] 	 SYMBOL:	 ARGS:
		 11: ATTRASSIGN %self->supported_locales %cl_1_16[6.10,] 
		 12: RETURN %cl_1_16[6.10,] %self[6.11,2.0,] 
BB 7
	outgoing: 10 
	datadep: 
	instructions:
		 0: RETURN %cl_1_5[4.0,] %self[2.0,] 
BB 8
	outgoing: 10 
	datadep: 
	instructions:
		 0: def_%cl_1_17 
		 1: def_%cl_1_18 %cl_1_17[8.0,] 
		 2: RETURN %cl_1_18[8.1,] %self[6.11,2.0,] 
BB 10
	outgoing: 
	datadep: 
	instructions:
CLOSURE END: 
		 8: RETURN %v_4[2.7,] %self[2.0,] 
BB 3
	outgoing: 
	datadep: 
	instructions:

