SET IRMethod, name = move_types instanceMethod = false
BB 1
	outgoing: 7 2 
	datadep: 
	instructions:
BB 2
	outgoing: 3 4 
	datadep: 
	instructions:
		 0: def_%self 
		 1: def_%v_0 
		 2: COPY TYPE_CurrentScope def_%current_scope 
		 3: COPY TYPE_ScopeModule def_%current_module 
		 4: 
		 5: 
		 6: def_%v_4 %self[2.0,] 
		 7: COPY TYPE_PASS def_%v_3 %v_4[2.6,] 
		 8: %v_4[2.6,] 
BB 3
	outgoing: 4 
	datadep: 
	instructions:
		 0: GETFIELD %self->move_types def_%v_5 %self[2.0,] 
		 1: COPY TYPE_PASS def_%v_3 %v_5[3.0,] 
BB 4
	outgoing: 5 6 
	datadep: 
	instructions:
		 0: BRANCH %v_3[3.1,2.7,] 
BB 5
	outgoing: 7 
	datadep: 
	instructions:
		 0: (Enum) def_%v_6 
		 1: %v_6->new def_%v_7 %v_6[5.0,] 	 SYMBOL:new_topic,existing_topic,	 ARGS:Symbol,Symbol,
		 2: ATTRASSIGN %self->move_types %v_7[5.1,] 
		 3: RETURN %v_7[5.1,] %self[5.2,2.0,] 
BB 6
	outgoing: 7 
	datadep: 
	instructions:
		 0: RETURN %v_5[3.0,] %self[2.0,] 
BB 7
	outgoing: 
	datadep: 
	instructions:

SET IRMethod, name = initialize instanceMethod = true
BB 1
	outgoing: 3 2 
	datadep: 
	instructions:
BB 2
	outgoing: 3 
	datadep: 
	instructions:
		 0: def_%self 
		 1: def_%v_0 
		 2: COPY TYPE_CurrentScope def_%current_scope 
		 3: COPY TYPE_ScopeModule def_%current_module 
		 4: 
		 5: RECEIVEARG def_original_topic 
		 6: RECEIVEARG def_user 
		 7: RECEIVEARG def_post_ids 
		 8: 
		 9: ATTRASSIGN %self->original_topic original_topic[2.5,] 
		 10: 
		 11: ATTRASSIGN %self->user user[2.6,] 
		 12: 
		 13: ATTRASSIGN %self->post_ids post_ids[2.7,] 
		 14: RETURN post_ids[2.7,] %self[2.0,2.9,2.11,2.13,] 
BB 3
	outgoing: 
	datadep: 
	instructions:

SET IRMethod, name = to_topic instanceMethod = true
BB 1
	outgoing: 3 2 
	datadep: 
	instructions:
BB 2
	outgoing: 3 
	datadep: 
	instructions:
		 0: def_%self 
		 1: def_%v_0 
		 2: COPY TYPE_CurrentScope def_%current_scope 
		 3: COPY TYPE_ScopeModule def_%current_module 
		 4: 
		 5: RECEIVEARG def_id 
		 6: 
		 7: (PostMover) def_%v_3 
		 8: %v_3->move_types def_%v_4 %v_3[2.7,] 	 SYMBOL:	 ARGS:
		 9: %v_4->[] def_%v_5 %v_4[2.8,] 	 SYMBOL:existing_topic,	 ARGS:Symbol,
		 10: ATTRASSIGN %self->move_type %v_5[2.9,] 
		 11: 
		 12: (Topic) def_%v_6 
		 13: %v_6->transaction def_%v_7 %v_6[2.12,] %self[2.0,2.10,] 	 SYMBOL:	 ARGS:%v_6,
CLOSURE BEGIN: id[2.5,] %self[2.0,2.10,] 
BB 1
	outgoing: 6 2 
	datadep: 
	instructions:
BB 2
	outgoing: 3 
	datadep: 
	instructions:
		 0: def_%self 
		 1: def_%cl_1_0 
		 2: COPY TYPE_CurrentScope def_%current_scope 
		 3: COPY TYPE_ScopeModule def_%current_module 
BB 3
	outgoing: 4 6 
	datadep: 
	instructions:
		 0: 
		 1: (Topic) def_%cl_1_3 
		 2: %cl_1_3->find_by_id def_%cl_1_4 %cl_1_3[3.1,] id[] 	 SYMBOL:	 ARGS:id,
		 3: %self->move_posts_to def_%cl_1_5 %self[2.0,] %cl_1_4[3.2,] 	 SYMBOL:	 ARGS:%cl_1_4,
		 4: RETURN %cl_1_5[3.3,] %self[3.3,2.0,] 
BB 4
	outgoing: 6 
	datadep: 
	instructions:
		 0: def_%cl_1_6 
		 1: def_%cl_1_7 %cl_1_6[4.0,] 
		 2: RETURN %cl_1_7[4.1,] %self[2.0,] 
BB 6
	outgoing: 
	datadep: 
	instructions:
CLOSURE END: 
		 14: RETURN %v_7[2.13,] %self[2.0,2.10,] 
BB 3
	outgoing: 
	datadep: 
	instructions:

SET IRMethod, name = to_new_topic instanceMethod = true
BB 1
	outgoing: 10 2 
	datadep: 
	instructions:
BB 2
	outgoing: 3 4 
	datadep: 
	instructions:
		 0: def_%self 
		 1: def_%v_0 
		 2: COPY TYPE_CurrentScope def_%current_scope 
		 3: COPY TYPE_ScopeModule def_%current_module 
		 4: 
		 5: RECEIVEARG def_title 
		 6: RECEIVECONSTARG def_category_id 
		 7: category_id[2.6,] 
BB 3
	outgoing: 4 
	datadep: 
	instructions:
		 0: COPY TYPE_Nil def_category_id 
BB 4
	outgoing: 5 6 
	datadep: 
	instructions:
		 0: 
		 1: (PostMover) def_%v_3 
		 2: %v_3->move_types def_%v_4 %v_3[4.1,] 	 SYMBOL:	 ARGS:
		 3: %v_4->[] def_%v_5 %v_4[4.2,] 	 SYMBOL:new_topic,	 ARGS:Symbol,
		 4: ATTRASSIGN %self->move_type %v_5[4.3,] 
		 5: 
		 6: (Post) def_%v_6 
		 7: %self->post_ids def_%v_7 %self[4.4,2.0,] 	 SYMBOL:	 ARGS:
		 8: %v_7->first def_%v_8 %v_7[4.7,] 	 SYMBOL:	 ARGS:
		 9: HASH-id- def_%v_9 %v_8[4.8,] 
		 10: %v_6->find_by def_%v_10 %v_6[4.6,] %v_9[4.9,] 	 SYMBOL:	 ARGS:%v_9,
		 11: COPY TYPE_PASS def_post %v_10[4.10,] 
		 12: 
		 13: BRANCH %v_10[4.10,] 
BB 5
	outgoing: 9 
	datadep: 
	instructions:
		 0: COPY TYPE_Nil def_%v_11 
		 1: 
BB 6
	outgoing: 7 8 
	datadep: 
	instructions:
		 0: (Discourse) def_%v_12 
		 1: (inherit InvalidParameters) def_%v_13 %v_12[6.0,] 
		 2: %v_13[6.1,] 
BB 7
	outgoing: 8 
	datadep: 
	instructions:
		 0: %v_12->const_missing def_%v_13 %v_12[6.0,] 	 SYMBOL:InvalidParameters,	 ARGS:Symbol,
BB 8
	outgoing: 9 
	datadep: 
	instructions:
		 0: %self->raise def_%v_14 %self[4.4,2.0,] %v_13[7.0,6.1,] 	 SYMBOL:	 ARGS:%v_13,
		 1: COPY TYPE_PASS def_%v_11 %v_14[8.0,] 
BB 9
	outgoing: 10 
	datadep: 
	instructions:
		 0: 
		 1: (Topic) def_%v_15 
		 2: %v_15->transaction def_%v_16 %v_15[9.1,] %self[4.4,2.0,] 	 SYMBOL:	 ARGS:%v_15,
CLOSURE BEGIN: post[4.11,] title[2.5,] category_id[3.0,2.6,] %self[4.4,2.0,] 
BB 1
	outgoing: 6 2 
	datadep: 
	instructions:
BB 2
	outgoing: 3 
	datadep: 
	instructions:
		 0: def_%self 
		 1: def_%cl_1_0 
		 2: COPY TYPE_CurrentScope def_%current_scope 
		 3: COPY TYPE_ScopeModule def_%current_module 
BB 3
	outgoing: 4 6 
	datadep: 
	instructions:
		 0: 
		 1: (Topic) def_%cl_1_3 
		 2: post->user def_%cl_1_4 post[] 	 SYMBOL:	 ARGS:
		 3: post->created_at def_%cl_1_5 post[3.2,] 	 SYMBOL:	 ARGS:
		 4: HASH-user-title-category_id-created_at- def_%cl_1_6 %cl_1_4[3.2,] title[] category_id[] %cl_1_5[3.3,] 
		 5: %cl_1_3->create! def_%cl_1_7 %cl_1_3[3.1,] %cl_1_6[3.4,] 	 SYMBOL:	 ARGS:%cl_1_6,
		 6: %self->move_posts_to def_%cl_1_8 %self[2.0,] %cl_1_7[3.5,] 	 SYMBOL:	 ARGS:%cl_1_7,
		 7: RETURN %cl_1_8[3.6,] %self[3.6,2.0,] 
BB 4
	outgoing: 6 
	datadep: 
	instructions:
		 0: def_%cl_1_9 
		 1: def_%cl_1_10 %cl_1_9[4.0,] 
		 2: RETURN %cl_1_10[4.1,] %self[2.0,] 
BB 6
	outgoing: 
	datadep: 
	instructions:
CLOSURE END: 
		 3: RETURN %v_16[9.2,] %self[4.4,2.0,] 
BB 10
	outgoing: 
	datadep: 
	instructions:

SET IRMethod, name = move_posts_to instanceMethod = true
BB 1
	outgoing: 6 2 
	datadep: 
	instructions:
BB 2
	outgoing: 3 4 
	datadep: 
	instructions:
		 0: def_%self 
		 1: def_%v_0 
		 2: COPY TYPE_CurrentScope def_%current_scope 
		 3: COPY TYPE_ScopeModule def_%current_module 
		 4: 
		 5: RECEIVEARG def_topic 
		 6: 
		 7: (Guardian) def_%v_3 
		 8: %self->user def_%v_4 %self[2.0,] 	 SYMBOL:	 ARGS:
		 9: %v_3->new def_%v_5 %v_3[2.7,] %v_4[2.8,] 	 SYMBOL:	 ARGS:%v_4,
		 10: %v_5->ensure_can_see! def_%v_6 %v_5[2.9,] topic[2.5,] 	 SYMBOL:	 ARGS:topic,
		 11: 
		 12: ATTRASSIGN %self->destination_topic topic[2.5,] 
		 13: 
		 14: GETFIELD %self->original_topic def_%v_7 %self[2.0,2.8,] 
		 15: %v_7->posts def_%v_8 %v_7[2.14,] 	 SYMBOL:	 ARGS:
		 16: %v_8->pluck def_%v_9 %v_8[2.15,] 	 SYMBOL:id,	 ARGS:Symbol,
		 17: %v_9->sort def_%v_10 %v_9[2.16,] 	 SYMBOL:	 ARGS:
		 18: GETFIELD %self->post_ids def_%v_11 %self[2.0,2.8,] 
		 19: %v_11->sort def_%v_12 %v_11[2.18,] 	 SYMBOL:	 ARGS:
		 20: %v_10->== def_%v_13 %v_10[2.17,] %v_12[2.19,] 	 SYMBOL:	 ARGS:%v_12,
		 21: COPY TYPE_PASS def_moving_all_posts %v_13[2.20,] 
		 22: 
		 23: %self->move_each_post def_%v_14 %self[2.0,2.8,2.12,] 	 SYMBOL:	 ARGS:
		 24: 
		 25: %self->notify_users_that_posts_have_moved def_%v_15 %self[2.0,2.8,2.12,2.23,] 	 SYMBOL:	 ARGS:
		 26: 
		 27: %self->update_statistics def_%v_16 %self[2.0,2.8,2.12,2.23,2.25,] 	 SYMBOL:	 ARGS:
		 28: 
		 29: %self->update_user_actions def_%v_17 %self[2.0,2.8,2.12,2.23,2.25,2.27,] 	 SYMBOL:	 ARGS:
		 30: 
		 31: %self->destination_topic def_%v_18 %self[2.0,2.8,2.12,2.23,2.25,2.27,2.29,] 	 SYMBOL:	 ARGS:
		 32: %self->set_last_post_user_id def_%v_19 %self[2.0,2.8,2.12,2.23,2.25,2.27,2.29,2.31,] %v_18[2.31,] 	 SYMBOL:	 ARGS:%v_18,
		 33: 
		 34: BRANCH moving_all_posts[2.21,] 
BB 3
	outgoing: 5 
	datadep: 
	instructions:
		 0: 
		 1: GETFIELD %self->original_topic def_%v_20 %self[2.0,] 
		 2: COPY TYPE_StringLiteral "closed" def_%v_21 
		 3: GETFIELD %self->user def_%v_22 %self[2.0,] 
		 4: %v_20->update_status def_%v_23 %v_20[3.1,] %v_21[3.2,] %v_22[3.3,] 	 SYMBOL:	 ARGS:%v_21,Boolean,%v_22,
		 5: 
BB 4
	outgoing: 5 
	datadep: 
	instructions:
		 0: COPY TYPE_Nil def_%v_23 
BB 5
	outgoing: 6 
	datadep: 
	instructions:
		 0: 
		 1: %self->destination_topic def_%v_24 %self[2.0,2.12,] 	 SYMBOL:	 ARGS:
		 2: %v_24->reload def_%v_25 %v_24[5.1,] 	 SYMBOL:	 ARGS:
		 3: 
		 4: %self->destination_topic def_%v_26 %self[5.1,2.0,2.12,] 	 SYMBOL:	 ARGS:
		 5: RETURN %v_26[5.4,] %self[5.1,5.4,2.0,2.12,] 
BB 6
	outgoing: 
	datadep: 
	instructions:

SET IRMethod, name = move_each_post instanceMethod = true
BB 1
	outgoing: 3 2 
	datadep: 
	instructions:
BB 2
	outgoing: 3 
	datadep: 
	instructions:
		 0: def_%self 
		 1: def_%v_0 
		 2: COPY TYPE_CurrentScope def_%current_scope 
		 3: COPY TYPE_ScopeModule def_%current_module 
		 4: 
		 5: 
		 6: %self->destination_topic def_%v_3 %self[2.0,] 	 SYMBOL:	 ARGS:
		 7: %v_3->max_post_number def_%v_4 %v_3[2.6,] 	 SYMBOL:	 ARGS:
		 8: %v_4->+ def_%v_5 %v_4[2.7,] 	 SYMBOL:	 ARGS:Fixnum,
		 9: COPY TYPE_PASS def_max_post_number %v_5[2.8,] 
		 10: 
		 11: HASH- def_%v_6 
		 12: ATTRASSIGN %self->move_map %v_6[2.11,] 
		 13: 
		 14: HASH- def_%v_7 
		 15: ATTRASSIGN %self->reply_count %v_7[2.14,] 
		 16: 
		 17: %self->posts def_%v_8 %self[2.0,2.6,2.12,2.15,] 	 SYMBOL:	 ARGS:
		 18: %v_8->each_with_index def_%v_9 %v_8[2.17,] %self[2.0,2.6,2.12,2.15,2.17,] 	 SYMBOL:	 ARGS:%v_8,
CLOSURE BEGIN: post[] %self[2.0,2.6,2.12,2.15,2.17,] offset[] max_post_number[2.9,] 
BB 1
	outgoing: 14 2 
	datadep: 
	instructions:
BB 2
	outgoing: 3 
	datadep: 
	instructions:
		 0: def_%self 
		 1: def_%cl_1_0 
		 2: RECEIVEARG def_post 
		 3: RECEIVEARG def_offset 
		 4: COPY TYPE_CurrentScope def_%current_scope 
		 5: COPY TYPE_ScopeModule def_%current_module 
BB 3
	outgoing: 4 5 12 
	datadep: 
	instructions:
		 0: 
		 1: post->is_first_post? def_%cl_1_3 post[2.2,] 	 SYMBOL:	 ARGS:
		 2: BRANCH %cl_1_3[3.1,] 
BB 4
	outgoing: 6 12 
	datadep: 
	instructions:
		 0: 
		 1: GETFIELD %self->move_map def_%cl_1_4 %self[2.0,] 
		 2: post->post_number def_%cl_1_5 post[2.2,] 	 SYMBOL:	 ARGS:
		 3: ATTRASSIGN %cl_1_4->[] %cl_1_5[4.2,] 
		 4: COPY TYPE_Fixnum def_%cl_1_6 
		 5: 
BB 5
	outgoing: 6 12 
	datadep: 
	instructions:
		 0: 
		 1: GETFIELD %self->move_map def_%cl_1_7 %self[2.0,] 
		 2: post->post_number def_%cl_1_8 post[2.2,] 	 SYMBOL:	 ARGS:
		 3: offset->+ def_%cl_1_9 offset[2.3,] max_post_number[] 	 SYMBOL:	 ARGS:max_post_number,
		 4: ATTRASSIGN %cl_1_7->[] %cl_1_8[5.2,] %cl_1_9[5.3,] 
		 5: COPY TYPE_PASS def_%cl_1_6 %cl_1_9[5.3,] 
BB 6
	outgoing: 7 10 12 
	datadep: 
	instructions:
		 0: 
		 1: post->reply_to_post_number def_%cl_1_10 post[2.2,] 	 SYMBOL:	 ARGS:
		 2: %cl_1_10->present? def_%cl_1_11 %cl_1_10[6.1,] 	 SYMBOL:	 ARGS:
		 3: BRANCH %cl_1_11[6.2,] 
BB 7
	outgoing: 8 9 12 
	datadep: 
	instructions:
		 0: 
		 1: GETFIELD %self->reply_count def_%cl_1_12 %self[2.0,] 
		 2: post->reply_to_post_number def_%cl_1_13 post[2.2,] 	 SYMBOL:	 ARGS:
		 3: GETFIELD %self->reply_count def_%cl_1_14 %self[2.0,] 
		 4: post->reply_to_post_number def_%cl_1_15 post[7.2,2.2,] 	 SYMBOL:	 ARGS:
		 5: %cl_1_14->[] def_%cl_1_16 %cl_1_14[7.3,] %cl_1_15[7.4,] 	 SYMBOL:	 ARGS:%cl_1_15,
		 6: BRANCH %cl_1_16[7.5,] 
BB 8
	outgoing: 9 
	datadep: 
	instructions:
		 0: COPY TYPE_Fixnum def_%cl_1_16 
BB 9
	outgoing: 11 12 
	datadep: 
	instructions:
		 0: %cl_1_16->+ def_%cl_1_17 %cl_1_16[8.0,7.5,] 	 SYMBOL:	 ARGS:Fixnum,
		 1: ATTRASSIGN %cl_1_12->[] %cl_1_13[7.2,] %cl_1_17[9.0,] 
		 2: 
BB 10
	outgoing: 14 
	datadep: 
	instructions:
		 0: RETURN %self[2.0,] 
BB 11
	outgoing: 14 
	datadep: 
	instructions:
		 0: RETURN %cl_1_17[9.0,] %self[2.0,] 
BB 12
	outgoing: 14 
	datadep: 
	instructions:
		 0: def_%cl_1_18 
		 1: def_%cl_1_19 %cl_1_18[12.0,] 
		 2: RETURN %cl_1_19[12.1,] %self[2.0,] 
BB 14
	outgoing: 
	datadep: 
	instructions:
CLOSURE END: offset[2.3,] 
		 19: 
		 20: %self->posts def_%v_10 %self[2.0,2.6,2.12,2.15,2.17,] 	 SYMBOL:	 ARGS:
		 21: %v_10->each def_%v_11 %v_10[2.20,] %self[2.0,2.6,2.12,2.15,2.17,2.20,] 	 SYMBOL:	 ARGS:%v_10,
CLOSURE BEGIN: post[2.18,] %self[2.0,2.6,2.12,2.15,2.17,2.20,] 
BB 1
	outgoing: 9 2 
	datadep: 
	instructions:
BB 2
	outgoing: 3 
	datadep: 
	instructions:
		 0: def_%self 
		 1: def_%cl_2_0 
		 2: RECEIVEARG def_post 
		 3: COPY TYPE_CurrentScope def_%current_scope 
		 4: COPY TYPE_ScopeModule def_%current_module 
BB 3
	outgoing: 4 5 7 
	datadep: 
	instructions:
		 0: 
		 1: post->is_first_post? def_%cl_2_3 post[2.2,] 	 SYMBOL:	 ARGS:
		 2: BRANCH %cl_2_3[3.1,] 
BB 4
	outgoing: 6 7 
	datadep: 
	instructions:
		 0: %self->create_first_post def_%cl_2_4 %self[2.0,] post[2.2,] 	 SYMBOL:	 ARGS:post,
		 1: 
BB 5
	outgoing: 7 9 
	datadep: 
	instructions:
		 0: %self->move def_%cl_2_5 %self[2.0,] post[2.2,] 	 SYMBOL:	 ARGS:post,
		 1: RETURN %cl_2_5[5.0,] %self[5.0,2.0,] 
BB 6
	outgoing: 9 
	datadep: 
	instructions:
		 0: RETURN %cl_2_4[4.0,] %self[2.0,] 
BB 7
	outgoing: 9 
	datadep: 
	instructions:
		 0: def_%cl_2_6 
		 1: def_%cl_2_7 %cl_2_6[7.0,] 
		 2: RETURN %cl_2_7[7.1,] %self[2.0,] 
BB 9
	outgoing: 
	datadep: 
	instructions:
CLOSURE END: 
		 22: RETURN %v_11[2.21,] %self[2.0,2.6,2.12,2.15,2.17,2.20,] 
BB 3
	outgoing: 
	datadep: 
	instructions:

SET IRMethod, name = create_first_post instanceMethod = true
BB 1
	outgoing: 5 2 
	datadep: 
	instructions:
BB 2
	outgoing: 3 4 
	datadep: 
	instructions:
		 0: def_%self 
		 1: def_%v_0 
		 2: COPY TYPE_CurrentScope def_%current_scope 
		 3: COPY TYPE_ScopeModule def_%current_module 
		 4: 
		 5: RECEIVEARG def_post 
		 6: 
		 7: (PostCreator) def_%v_3 
		 8: post->user def_%v_4 post[2.5,] 	 SYMBOL:	 ARGS:
		 9: post->raw def_%v_5 post[2.5,2.8,] 	 SYMBOL:	 ARGS:
		 10: %self->destination_topic def_%v_6 %self[2.0,] 	 SYMBOL:	 ARGS:
		 11: %v_6->id def_%v_7 %v_6[2.10,] 	 SYMBOL:	 ARGS:
		 12: %self->user def_%v_8 %self[2.0,2.10,] 	 SYMBOL:	 ARGS:
		 13: HASH-raw-topic_id-acting_user- def_%v_9 %v_5[2.9,] %v_7[2.11,] %v_8[2.12,] 
		 14: %v_3->create def_%v_10 %v_3[2.7,] %v_4[2.8,] %v_9[2.13,] 	 SYMBOL:	 ARGS:%v_4,%v_9,
		 15: COPY TYPE_PASS def_p %v_10[2.14,] 
		 16: 
		 17: GETFIELD %self->reply_count def_%v_11 %self[2.0,2.10,2.12,] 
		 18: %v_11->[] def_%v_12 %v_11[2.17,] 	 SYMBOL:	 ARGS:Fixnum,
		 19: BRANCH %v_12[2.18,] 
BB 3
	outgoing: 4 
	datadep: 
	instructions:
		 0: COPY TYPE_Fixnum def_%v_12 
BB 4
	outgoing: 5 
	datadep: 
	instructions:
		 0: p->update_column def_%v_13 p[2.15,] %v_12[3.0,2.18,] 	 SYMBOL:reply_count,	 ARGS:Symbol,%v_12,
		 1: RETURN %v_13[4.0,] %self[2.0,] 
BB 5
	outgoing: 
	datadep: 
	instructions:

SET IRMethod, name = move instanceMethod = true
BB 1
	outgoing: 9 2 
	datadep: 
	instructions:
BB 2
	outgoing: 3 4 
	datadep: 
	instructions:
		 0: def_%self 
		 1: def_%v_0 
		 2: COPY TYPE_CurrentScope def_%current_scope 
		 3: COPY TYPE_ScopeModule def_%current_module 
		 4: 
		 5: RECEIVEARG def_post 
		 6: 
		 7: def_%v_4 %self[2.0,] 
		 8: COPY TYPE_PASS def_%v_3 %v_4[2.7,] 
		 9: %v_4[2.7,] 
BB 3
	outgoing: 4 
	datadep: 
	instructions:
		 0: GETFIELD %self->first_post_number_moved def_%v_5 %self[2.0,] 
		 1: COPY TYPE_PASS def_%v_3 %v_5[3.0,] 
BB 4
	outgoing: 5 6 
	datadep: 
	instructions:
		 0: BRANCH %v_3[3.1,2.8,] 
BB 5
	outgoing: 6 
	datadep: 
	instructions:
		 0: post->post_number def_%v_6 post[2.5,] 	 SYMBOL:	 ARGS:
		 1: ATTRASSIGN %self->first_post_number_moved %v_6[5.0,] 
		 2: COPY TYPE_PASS def_%v_5 %v_6[5.0,] 
BB 6
	outgoing: 7 8 
	datadep: 
	instructions:
		 0: 
		 1: (Post) def_%v_7 
		 2: post->id def_%v_8 post[2.5,] 	 SYMBOL:	 ARGS:
		 3: %self->original_topic def_%v_9 %self[5.1,2.0,] 	 SYMBOL:	 ARGS:
		 4: %v_9->id def_%v_10 %v_9[6.3,] 	 SYMBOL:	 ARGS:
		 5: HASH-id-topic_id- def_%v_11 %v_8[6.2,] %v_10[6.4,] 
		 6: %v_7->where def_%v_12 %v_7[6.1,] %v_11[6.5,] 	 SYMBOL:	 ARGS:%v_11,
		 7: COPY TYPE_StringLiteral "post_number = :post_number" def_%v_13 
		 8: COPY TYPE_StringLiteral "reply_to_post_number = :reply_to_post_number" def_%v_14 
		 9: COPY TYPE_StringLiteral "topic_id    = :topic_id" def_%v_15 
		 10: COPY TYPE_StringLiteral "sort_order  = :post_number" def_%v_16 
		 11: COPY TYPE_StringLiteral "reply_count = :reply_count" def_%v_17 
		 12: COPY TYPE_Array def_%v_18 %v_13[6.7,] %v_14[6.8,] %v_15[6.9,] %v_16[6.10,] %v_17[6.11,] 
		 13: COPY TYPE_StringLiteral ", " def_%v_19 
		 14: %v_18->join def_%v_20 %v_18[6.12,] %v_19[6.13,] 	 SYMBOL:	 ARGS:%v_19,
		 15: GETFIELD %self->reply_count def_%v_21 %self[6.3,2.0,] 
		 16: post->post_number def_%v_22 post[6.2,2.5,] 	 SYMBOL:	 ARGS:
		 17: %v_21->[] def_%v_23 %v_21[6.15,] %v_22[6.16,] 	 SYMBOL:	 ARGS:%v_22,
		 18: BRANCH %v_23[6.17,] 
BB 7
	outgoing: 8 
	datadep: 
	instructions:
		 0: COPY TYPE_Fixnum def_%v_23 
BB 8
	outgoing: 9 
	datadep: 
	instructions:
		 0: GETFIELD %self->move_map def_%v_24 %self[2.0,] 
		 1: post->post_number def_%v_25 post[2.5,] 	 SYMBOL:	 ARGS:
		 2: %v_24->[] def_%v_26 %v_24[8.0,] %v_25[8.1,] 	 SYMBOL:	 ARGS:%v_25,
		 3: GETFIELD %self->move_map def_%v_27 %self[2.0,] 
		 4: post->reply_to_post_number def_%v_28 post[8.1,2.5,] 	 SYMBOL:	 ARGS:
		 5: %v_27->[] def_%v_29 %v_27[8.3,] %v_28[8.4,] 	 SYMBOL:	 ARGS:%v_28,
		 6: %self->destination_topic def_%v_30 %self[5.1,2.0,] 	 SYMBOL:	 ARGS:
		 7: %v_30->id def_%v_31 %v_30[8.6,] 	 SYMBOL:	 ARGS:
		 8: HASH-reply_count-post_number-reply_to_post_number-topic_id- def_%v_32 %v_23[7.0,6.17,] %v_26[8.2,] %v_29[8.5,] %v_31[8.7,] 
		 9: COPY TYPE_Array def_%v_33 %v_20[6.14,] %v_32[8.8,] 
		 10: %v_12->update_all def_%v_34 %v_12[6.6,] %v_33[8.9,] 	 SYMBOL:	 ARGS:%v_33,
		 11: 
		 12: post->topic_links def_%v_35 post[8.1,8.4,2.5,] 	 SYMBOL:	 ARGS:
		 13: %self->destination_topic def_%v_36 %self[8.6,5.1,2.0,] 	 SYMBOL:	 ARGS:
		 14: %v_36->id def_%v_37 %v_36[8.13,] 	 SYMBOL:	 ARGS:
		 15: HASH-topic_id- def_%v_38 %v_37[8.14,] 
		 16: %v_35->update_all def_%v_39 %v_35[8.12,] %v_38[8.15,] 	 SYMBOL:	 ARGS:%v_38,
		 17: RETURN %v_39[8.16,] %self[8.6,8.13,5.1,2.0,] 
BB 9
	outgoing: 
	datadep: 
	instructions:

SET IRMethod, name = update_statistics instanceMethod = true
BB 1
	outgoing: 3 2 
	datadep: 
	instructions:
BB 2
	outgoing: 3 
	datadep: 
	instructions:
		 0: def_%self 
		 1: def_%v_0 
		 2: COPY TYPE_CurrentScope def_%current_scope 
		 3: COPY TYPE_ScopeModule def_%current_module 
		 4: 
		 5: 
		 6: %self->destination_topic def_%v_3 %self[2.0,] 	 SYMBOL:	 ARGS:
		 7: %v_3->update_statistics def_%v_4 %v_3[2.6,] 	 SYMBOL:	 ARGS:
		 8: 
		 9: %self->original_topic def_%v_5 %self[2.0,2.6,] 	 SYMBOL:	 ARGS:
		 10: %v_5->update_statistics def_%v_6 %v_5[2.9,] 	 SYMBOL:	 ARGS:
		 11: RETURN %v_6[2.10,] %self[2.0,2.6,2.9,] 
BB 3
	outgoing: 
	datadep: 
	instructions:

SET IRMethod, name = update_user_actions instanceMethod = true
BB 1
	outgoing: 3 2 
	datadep: 
	instructions:
BB 2
	outgoing: 3 
	datadep: 
	instructions:
		 0: def_%self 
		 1: def_%v_0 
		 2: COPY TYPE_CurrentScope def_%current_scope 
		 3: COPY TYPE_ScopeModule def_%current_module 
		 4: 
		 5: 
		 6: (UserAction) def_%v_3 
		 7: %self->posts def_%v_4 %self[2.0,] 	 SYMBOL:	 ARGS:
		 8: %v_4->map def_%v_5 %v_4[2.7,] 	 SYMBOL:id,	 ARGS:
		 9: %v_3->synchronize_target_topic_ids def_%v_6 %v_3[2.6,] %v_5[2.8,] 	 SYMBOL:	 ARGS:%v_5,
		 10: RETURN %v_6[2.9,] %self[2.0,2.7,] 
BB 3
	outgoing: 
	datadep: 
	instructions:

SET IRMethod, name = notify_users_that_posts_have_moved instanceMethod = true
BB 1
	outgoing: 3 2 
	datadep: 
	instructions:
BB 2
	outgoing: 3 
	datadep: 
	instructions:
		 0: def_%self 
		 1: def_%v_0 
		 2: COPY TYPE_CurrentScope def_%current_scope 
		 3: COPY TYPE_ScopeModule def_%current_module 
		 4: 
		 5: 
		 6: %self->enqueue_notification_job def_%v_3 %self[2.0,] 	 SYMBOL:	 ARGS:
		 7: 
		 8: %self->create_moderator_post_in_original_topic def_%v_4 %self[2.0,2.6,] 	 SYMBOL:	 ARGS:
		 9: RETURN %v_4[2.8,] %self[2.0,2.6,2.8,] 
BB 3
	outgoing: 
	datadep: 
	instructions:

SET IRMethod, name = enqueue_notification_job instanceMethod = true
BB 1
	outgoing: 3 2 
	datadep: 
	instructions:
BB 2
	outgoing: 3 
	datadep: 
	instructions:
		 0: def_%self 
		 1: def_%v_0 
		 2: COPY TYPE_CurrentScope def_%current_scope 
		 3: COPY TYPE_ScopeModule def_%current_module 
		 4: 
		 5: 
		 6: (Jobs) def_%v_3 
		 7: %self->post_ids def_%v_4 %self[2.0,] 	 SYMBOL:	 ARGS:
		 8: %self->user def_%v_5 %self[2.0,2.7,] 	 SYMBOL:	 ARGS:
		 9: %v_5->id def_%v_6 %v_5[2.8,] 	 SYMBOL:	 ARGS:
		 10: HASH-post_ids-moved_by_id- def_%v_7 %v_4[2.7,] %v_6[2.9,] 
		 11: %v_3->enqueue def_%v_8 %v_3[2.6,] %v_7[2.10,] 	 SYMBOL:notify_moved_posts,	 ARGS:Symbol,%v_7,
		 12: RETURN %v_8[2.11,] %self[2.0,2.7,2.8,] 
BB 3
	outgoing: 
	datadep: 
	instructions:

SET IRMethod, name = create_moderator_post_in_original_topic instanceMethod = true
BB 1
	outgoing: 3 2 
	datadep: 
	instructions:
BB 2
	outgoing: 3 
	datadep: 
	instructions:
		 0: def_%self 
		 1: def_%v_0 
		 2: COPY TYPE_CurrentScope def_%current_scope 
		 3: COPY TYPE_ScopeModule def_%current_module 
		 4: 
		 5: 
		 6: (PostMover) def_%v_3 
		 7: %v_3->move_types def_%v_4 %v_3[2.6,] 	 SYMBOL:	 ARGS:
		 8: GETFIELD %self->move_type def_%v_5 %self[2.0,] 
		 9: %v_4->[] def_%v_6 %v_4[2.7,] %v_5[2.8,] 	 SYMBOL:	 ARGS:%v_5,
		 10: %v_6->to_s def_%v_7 %v_6[2.9,] 	 SYMBOL:	 ARGS:
		 11: COPY TYPE_PASS def_move_type_str %v_7[2.10,] 
		 12: 
		 13: %self->original_topic def_%v_8 %self[2.0,] 	 SYMBOL:	 ARGS:
		 14: %self->user def_%v_9 %self[2.0,2.13,] 	 SYMBOL:	 ARGS:
		 15: (I18n) def_%v_10 
		 16: COPY TYPE_StringLiteral "move_posts." def_%v_11 
		 17: 
		 18: COPY TYPE_StringLiteral "_moderator_post" def_%v_12 
		 19: BUILDSTRING def_%v_13 %v_11[2.16,] move_type_str[2.11,] %v_12[2.18,] 
		 20: %self->post_ids def_%v_14 %self[2.0,2.13,2.14,] 	 SYMBOL:	 ARGS:
		 21: %v_14->count def_%v_15 %v_14[2.20,] 	 SYMBOL:	 ARGS:
		 22: COPY TYPE_StringLiteral "[" def_%v_16 
		 23: 
		 24: %self->destination_topic def_%v_17 %self[2.0,2.13,2.14,2.20,] 	 SYMBOL:	 ARGS:
		 25: %v_17->title def_%v_18 %v_17[2.24,] 	 SYMBOL:	 ARGS:
		 26: COPY TYPE_StringLiteral "](" def_%v_19 
		 27: %self->destination_topic def_%v_20 %self[2.0,2.13,2.14,2.20,2.24,] 	 SYMBOL:	 ARGS:
		 28: %v_20->relative_url def_%v_21 %v_20[2.27,] 	 SYMBOL:	 ARGS:
		 29: COPY TYPE_StringLiteral ")" def_%v_22 
		 30: BUILDSTRING def_%v_23 %v_16[2.22,] %v_18[2.25,] %v_19[2.26,] %v_21[2.28,] %v_22[2.29,] 
		 31: HASH-count-topic_link- def_%v_24 %v_15[2.21,] %v_23[2.30,] 
		 32: %v_10->t def_%v_25 %v_10[2.15,] %v_13[2.19,] %v_24[2.31,] 	 SYMBOL:	 ARGS:%v_13,%v_24,
		 33: (Post) def_%v_26 
		 34: %v_26->types def_%v_27 %v_26[2.33,] 	 SYMBOL:	 ARGS:
		 35: %v_27->[] def_%v_28 %v_27[2.34,] 	 SYMBOL:small_action,	 ARGS:Symbol,
		 36: COPY TYPE_StringLiteral "split_topic" def_%v_29 
		 37: GETFIELD %self->first_post_number_moved def_%v_30 %self[2.0,2.13,2.14,2.20,2.24,2.27,] 
		 38: HASH-post_type-action_code-post_number- def_%v_31 %v_28[2.35,] %v_29[2.36,] %v_30[2.37,] 
		 39: %v_8->add_moderator_post def_%v_32 %v_8[2.13,] %v_9[2.14,] %v_25[2.32,] %v_31[2.38,] 	 SYMBOL:	 ARGS:%v_9,%v_25,%v_31,
		 40: RETURN %v_32[2.39,] %self[2.0,2.13,2.14,2.20,2.24,2.27,] 
BB 3
	outgoing: 
	datadep: 
	instructions:

SET IRMethod, name = posts instanceMethod = true
BB 1
	outgoing: 7 2 
	datadep: 
	instructions:
BB 2
	outgoing: 3 4 
	datadep: 
	instructions:
		 0: def_%self 
		 1: def_%v_0 
		 2: COPY TYPE_CurrentScope def_%current_scope 
		 3: COPY TYPE_ScopeModule def_%current_module 
		 4: 
		 5: 
		 6: def_%v_4 %self[2.0,] 
		 7: COPY TYPE_PASS def_%v_3 %v_4[2.6,] 
		 8: %v_4[2.6,] 
BB 3
	outgoing: 4 
	datadep: 
	instructions:
		 0: GETFIELD %self->posts def_%v_5 %self[2.0,] 
		 1: COPY TYPE_PASS def_%v_3 %v_5[3.0,] 
BB 4
	outgoing: 5 6 
	datadep: 
	instructions:
		 0: BRANCH %v_3[3.1,2.7,] 
BB 5
	outgoing: 7 
	datadep: 
	instructions:
		 0: 
		 1: (Post) def_%v_6 
		 2: %self->post_ids def_%v_7 %self[2.0,] 	 SYMBOL:	 ARGS:
		 3: HASH-id- def_%v_8 %v_7[5.2,] 
		 4: %v_6->where def_%v_9 %v_6[5.1,] %v_8[5.3,] 	 SYMBOL:	 ARGS:%v_8,
		 5: %v_9->order def_%v_10 %v_9[5.4,] 	 SYMBOL:created_at,	 ARGS:Symbol,
		 6: %v_10->tap def_%v_11 %v_10[5.5,] %self[5.2,2.0,] 	 SYMBOL:	 ARGS:%v_10,
CLOSURE BEGIN: posts[] %self[5.2,2.0,] 
BB 1
	outgoing: 11 2 
	datadep: 
	instructions:
BB 2
	outgoing: 3 
	datadep: 
	instructions:
		 0: def_%self 
		 1: def_%cl_1_0 
		 2: RECEIVEARG def_posts 
		 3: COPY TYPE_CurrentScope def_%current_scope 
		 4: COPY TYPE_ScopeModule def_%current_module 
BB 3
	outgoing: 4 7 9 
	datadep: 
	instructions:
		 0: 
		 1: posts->empty? def_%cl_1_3 posts[2.2,] 	 SYMBOL:	 ARGS:
		 2: BRANCH %cl_1_3[3.1,] 
BB 4
	outgoing: 5 6 9 
	datadep: 
	instructions:
		 0: (Discourse) def_%cl_1_4 
		 1: (inherit InvalidParameters) def_%cl_1_5 %cl_1_4[4.0,] 
		 2: %cl_1_5[4.1,] 
BB 5
	outgoing: 6 9 
	datadep: 
	instructions:
		 0: %cl_1_4->const_missing def_%cl_1_5 %cl_1_4[4.0,] 	 SYMBOL:InvalidParameters,	 ARGS:Symbol,
BB 6
	outgoing: 8 9 
	datadep: 
	instructions:
		 0: %cl_1_5->new def_%cl_1_6 %cl_1_5[5.0,4.1,] 	 SYMBOL:post_ids,	 ARGS:Symbol,
		 1: %self->raise def_%cl_1_7 %self[2.0,] %cl_1_6[6.0,] 	 SYMBOL:	 ARGS:%cl_1_6,
		 2: 
BB 7
	outgoing: 11 
	datadep: 
	instructions:
		 0: RETURN %self[2.0,] 
BB 8
	outgoing: 11 
	datadep: 
	instructions:
		 0: RETURN %cl_1_7[6.1,] %self[2.0,] 
BB 9
	outgoing: 11 
	datadep: 
	instructions:
		 0: def_%cl_1_8 
		 1: def_%cl_1_9 %cl_1_8[9.0,] 
		 2: RETURN %cl_1_9[9.1,] %self[2.0,] 
BB 11
	outgoing: 
	datadep: 
	instructions:
CLOSURE END: 
		 7: ATTRASSIGN %self->posts %v_11[5.6,] 
		 8: RETURN %v_11[5.6,] %self[5.2,5.7,2.0,] 
BB 6
	outgoing: 7 
	datadep: 
	instructions:
		 0: RETURN %v_5[3.0,] %self[2.0,] 
BB 7
	outgoing: 
	datadep: 
	instructions:

SET IRMethod, name = set_last_post_user_id instanceMethod = true
BB 1
	outgoing: 15 2 
	datadep: 
	instructions:
BB 2
	outgoing: 4 
	datadep: 
	instructions:
		 0: def_%self 
		 1: def_%v_0 
		 2: COPY TYPE_CurrentScope def_%current_scope 
		 3: COPY TYPE_ScopeModule def_%current_module 
		 4: 
		 5: RECEIVEARG def_topic 
		 6: 
		 7: GLOBALVAR $! def_%v_3 
BB 4
	outgoing: 5 6 
	datadep: 
	instructions:
		 0: 
		 1: topic->posts def_%v_6 topic[2.5,] 	 SYMBOL:	 ARGS:
		 2: %v_6->last def_%v_7 %v_6[4.1,] 	 SYMBOL:	 ARGS:
		 3: %v_7->user_id def_%v_8 %v_7[4.2,] 	 SYMBOL:	 ARGS:
		 4: COPY TYPE_PASS def_%v_5 %v_8[4.3,] 
		 5: 
		 6: %v_3[2.7,] 
BB 5
	outgoing: 11 
	datadep: 
	instructions:
		 0: 
BB 6
	outgoing: 7 8 10 
	datadep: 
	instructions:
		 0: 
		 1: def_%v_9 
		 2: def_%v_10 %v_9[6.1,] 
		 3: BRANCH %v_10[6.2,] 
BB 7
	outgoing: 10 15 
	datadep: 
	instructions:
		 0: %v_9[6.1,] 
BB 8
	outgoing: 9 10 
	datadep: 
	instructions:
		 0: COPY TYPE_Nil def_%v_5 
		 1: 
		 2: %v_3[2.7,] 
BB 9
	outgoing: 11 
	datadep: 
	instructions:
		 0: 
BB 10
	outgoing: 15 
	datadep: 
	instructions:
		 0: def_%v_11 
		 1: def_%v_12 %v_11[10.0,] %v_3[2.7,] 
		 2: %v_11[10.0,] 
BB 11
	outgoing: 12 13 
	datadep: 
	instructions:
		 0: COPY TYPE_PASS def_user_id %v_5[4.4,8.0,] 
		 1: 
		 2: %v_5->nil? def_%v_13 %v_5[4.4,8.0,] 	 SYMBOL:	 ARGS:
		 3: BRANCH %v_13[11.2,] 
BB 12
	outgoing: 15 
	datadep: 
	instructions:
		 0: RETURN %self[2.0,] 
BB 13
	outgoing: 15 
	datadep: 
	instructions:
		 0: COPY TYPE_Nil def_%v_14 
		 1: 
		 2: topic->update_attribute def_%v_15 topic[2.5,] user_id[11.0,] 	 SYMBOL:last_post_user_id,	 ARGS:Symbol,user_id,
		 3: RETURN %v_15[13.2,] %self[2.0,] 
BB 15
	outgoing: 
	datadep: 
	instructions:

