SET IRMethod, name = initialize instanceMethod = true
BB 1
	outgoing: 3 2 
	datadep: 
	instructions:
BB 2
	outgoing: 3 
	datadep: 
	instructions:
		 0: def_%self 
		 1: def_%v_0 
		 2: COPY TYPE_CurrentScope def_%current_scope 
		 3: COPY TYPE_ScopeModule def_%current_module 
		 4: 
		 5: RECEIVEARG def_user 
		 6: 
		 7: ATTRASSIGN %self->user user[2.5,] 
		 8: RETURN user[2.5,] %self[2.0,2.7,] 
BB 3
	outgoing: 
	datadep: 
	instructions:

SET IRMethod, name = requirements_met? instanceMethod = true
BB 1
	outgoing: 30 2 
	datadep: 
	instructions:
BB 2
	outgoing: 3 4 
	datadep: 
	instructions:
		 0: def_%self 
		 1: def_%v_0 
		 2: COPY TYPE_CurrentScope def_%current_scope 
		 3: COPY TYPE_ScopeModule def_%current_module 
		 4: 
		 5: 
		 6: %self->trust_level_locked def_%v_3 %self[2.0,] 	 SYMBOL:	 ARGS:
		 7: BRANCH %v_3[2.6,] 
BB 3
	outgoing: 30 
	datadep: 
	instructions:
		 0: RETURN %self[2.0,] 
BB 4
	outgoing: 6 7 
	datadep: 
	instructions:
		 0: COPY TYPE_Nil def_%v_4 
		 1: 
		 2: GETFIELD %self->user def_%v_5 %self[2.0,] 
		 3: %v_5->suspended? def_%v_6 %v_5[4.2,] 	 SYMBOL:	 ARGS:
		 4: %v_6->! def_%v_7 %v_6[4.3,] 	 SYMBOL:	 ARGS:
		 5: BRANCH %v_7[4.4,] 
BB 6
	outgoing: 7 
	datadep: 
	instructions:
		 0: %self->days_visited def_%v_8 %self[2.0,] 	 SYMBOL:	 ARGS:
		 1: %self->min_days_visited def_%v_9 %self[6.0,2.0,] 	 SYMBOL:	 ARGS:
		 2: %v_8->>= def_%v_10 %v_8[6.0,] %v_9[6.1,] 	 SYMBOL:	 ARGS:%v_9,
		 3: COPY TYPE_PASS def_%v_7 %v_10[6.2,] 
BB 7
	outgoing: 8 9 
	datadep: 
	instructions:
		 0: BRANCH %v_7[6.3,4.4,] 
BB 8
	outgoing: 9 
	datadep: 
	instructions:
		 0: %self->num_topics_replied_to def_%v_11 %self[2.0,] 	 SYMBOL:	 ARGS:
		 1: %self->min_topics_replied_to def_%v_12 %self[8.0,2.0,] 	 SYMBOL:	 ARGS:
		 2: %v_11->>= def_%v_13 %v_11[8.0,] %v_12[8.1,] 	 SYMBOL:	 ARGS:%v_12,
		 3: COPY TYPE_PASS def_%v_7 %v_13[8.2,] 
BB 9
	outgoing: 10 11 
	datadep: 
	instructions:
		 0: BRANCH %v_7[8.3,6.3,4.4,] 
BB 10
	outgoing: 11 
	datadep: 
	instructions:
		 0: %self->topics_viewed def_%v_14 %self[2.0,] 	 SYMBOL:	 ARGS:
		 1: %self->min_topics_viewed def_%v_15 %self[10.0,2.0,] 	 SYMBOL:	 ARGS:
		 2: %v_14->>= def_%v_16 %v_14[10.0,] %v_15[10.1,] 	 SYMBOL:	 ARGS:%v_15,
		 3: COPY TYPE_PASS def_%v_7 %v_16[10.2,] 
BB 11
	outgoing: 12 13 
	datadep: 
	instructions:
		 0: BRANCH %v_7[10.3,8.3,6.3,4.4,] 
BB 12
	outgoing: 13 
	datadep: 
	instructions:
		 0: %self->posts_read def_%v_17 %self[2.0,] 	 SYMBOL:	 ARGS:
		 1: %self->min_posts_read def_%v_18 %self[12.0,2.0,] 	 SYMBOL:	 ARGS:
		 2: %v_17->>= def_%v_19 %v_17[12.0,] %v_18[12.1,] 	 SYMBOL:	 ARGS:%v_18,
		 3: COPY TYPE_PASS def_%v_7 %v_19[12.2,] 
BB 13
	outgoing: 14 15 
	datadep: 
	instructions:
		 0: BRANCH %v_7[12.3,10.3,8.3,6.3,4.4,] 
BB 14
	outgoing: 15 
	datadep: 
	instructions:
		 0: %self->num_flagged_posts def_%v_20 %self[2.0,] 	 SYMBOL:	 ARGS:
		 1: %self->max_flagged_posts def_%v_21 %self[14.0,2.0,] 	 SYMBOL:	 ARGS:
		 2: %v_20-><= def_%v_22 %v_20[14.0,] %v_21[14.1,] 	 SYMBOL:	 ARGS:%v_21,
		 3: COPY TYPE_PASS def_%v_7 %v_22[14.2,] 
BB 15
	outgoing: 16 17 
	datadep: 
	instructions:
		 0: BRANCH %v_7[14.3,12.3,10.3,8.3,6.3,4.4,] 
BB 16
	outgoing: 17 
	datadep: 
	instructions:
		 0: %self->num_flagged_by_users def_%v_23 %self[2.0,] 	 SYMBOL:	 ARGS:
		 1: %self->max_flagged_by_users def_%v_24 %self[16.0,2.0,] 	 SYMBOL:	 ARGS:
		 2: %v_23-><= def_%v_25 %v_23[16.0,] %v_24[16.1,] 	 SYMBOL:	 ARGS:%v_24,
		 3: COPY TYPE_PASS def_%v_7 %v_25[16.2,] 
BB 17
	outgoing: 18 19 
	datadep: 
	instructions:
		 0: BRANCH %v_7[16.3,14.3,12.3,10.3,8.3,6.3,4.4,] 
BB 18
	outgoing: 19 
	datadep: 
	instructions:
		 0: %self->topics_viewed_all_time def_%v_26 %self[2.0,] 	 SYMBOL:	 ARGS:
		 1: %self->min_topics_viewed_all_time def_%v_27 %self[18.0,2.0,] 	 SYMBOL:	 ARGS:
		 2: %v_26->>= def_%v_28 %v_26[18.0,] %v_27[18.1,] 	 SYMBOL:	 ARGS:%v_27,
		 3: COPY TYPE_PASS def_%v_7 %v_28[18.2,] 
BB 19
	outgoing: 20 21 
	datadep: 
	instructions:
		 0: BRANCH %v_7[18.3,16.3,14.3,12.3,10.3,8.3,6.3,4.4,] 
BB 20
	outgoing: 21 
	datadep: 
	instructions:
		 0: %self->posts_read_all_time def_%v_29 %self[2.0,] 	 SYMBOL:	 ARGS:
		 1: %self->min_posts_read_all_time def_%v_30 %self[20.0,2.0,] 	 SYMBOL:	 ARGS:
		 2: %v_29->>= def_%v_31 %v_29[20.0,] %v_30[20.1,] 	 SYMBOL:	 ARGS:%v_30,
		 3: COPY TYPE_PASS def_%v_7 %v_31[20.2,] 
BB 21
	outgoing: 22 23 
	datadep: 
	instructions:
		 0: BRANCH %v_7[20.3,18.3,16.3,14.3,12.3,10.3,8.3,6.3,4.4,] 
BB 22
	outgoing: 23 
	datadep: 
	instructions:
		 0: %self->num_likes_given def_%v_32 %self[2.0,] 	 SYMBOL:	 ARGS:
		 1: %self->min_likes_given def_%v_33 %self[22.0,2.0,] 	 SYMBOL:	 ARGS:
		 2: %v_32->>= def_%v_34 %v_32[22.0,] %v_33[22.1,] 	 SYMBOL:	 ARGS:%v_33,
		 3: COPY TYPE_PASS def_%v_7 %v_34[22.2,] 
BB 23
	outgoing: 24 25 
	datadep: 
	instructions:
		 0: BRANCH %v_7[22.3,20.3,18.3,16.3,14.3,12.3,10.3,8.3,6.3,4.4,] 
BB 24
	outgoing: 25 
	datadep: 
	instructions:
		 0: %self->num_likes_received def_%v_35 %self[2.0,] 	 SYMBOL:	 ARGS:
		 1: %self->min_likes_received def_%v_36 %self[24.0,2.0,] 	 SYMBOL:	 ARGS:
		 2: %v_35->>= def_%v_37 %v_35[24.0,] %v_36[24.1,] 	 SYMBOL:	 ARGS:%v_36,
		 3: COPY TYPE_PASS def_%v_7 %v_37[24.2,] 
BB 25
	outgoing: 26 27 
	datadep: 
	instructions:
		 0: BRANCH %v_7[24.3,22.3,20.3,18.3,16.3,14.3,12.3,10.3,8.3,6.3,4.4,] 
BB 26
	outgoing: 27 
	datadep: 
	instructions:
		 0: %self->num_likes_received_users def_%v_38 %self[2.0,] 	 SYMBOL:	 ARGS:
		 1: %self->min_likes_received_users def_%v_39 %self[26.0,2.0,] 	 SYMBOL:	 ARGS:
		 2: %v_38->>= def_%v_40 %v_38[26.0,] %v_39[26.1,] 	 SYMBOL:	 ARGS:%v_39,
		 3: COPY TYPE_PASS def_%v_7 %v_40[26.2,] 
BB 27
	outgoing: 28 29 
	datadep: 
	instructions:
		 0: BRANCH %v_7[26.3,24.3,22.3,20.3,18.3,16.3,14.3,12.3,10.3,8.3,6.3,4.4,] 
BB 28
	outgoing: 30 
	datadep: 
	instructions:
		 0: %self->num_likes_received_days def_%v_41 %self[2.0,] 	 SYMBOL:	 ARGS:
		 1: %self->min_likes_received_days def_%v_42 %self[28.0,2.0,] 	 SYMBOL:	 ARGS:
		 2: %v_41->>= def_%v_43 %v_41[28.0,] %v_42[28.1,] 	 SYMBOL:	 ARGS:%v_42,
		 3: RETURN %v_43[28.2,] %self[28.0,28.1,2.0,] 
BB 29
	outgoing: 30 
	datadep: 
	instructions:
		 0: RETURN %v_7[26.3,24.3,22.3,20.3,18.3,16.3,14.3,12.3,10.3,8.3,6.3,4.4,] %self[2.0,] 
BB 30
	outgoing: 
	datadep: 
	instructions:

SET IRMethod, name = requirements_lost? instanceMethod = true
BB 1
	outgoing: 30 2 
	datadep: 
	instructions:
BB 2
	outgoing: 3 4 
	datadep: 
	instructions:
		 0: def_%self 
		 1: def_%v_0 
		 2: COPY TYPE_CurrentScope def_%current_scope 
		 3: COPY TYPE_ScopeModule def_%current_module 
		 4: 
		 5: 
		 6: %self->trust_level_locked def_%v_3 %self[2.0,] 	 SYMBOL:	 ARGS:
		 7: BRANCH %v_3[2.6,] 
BB 3
	outgoing: 30 
	datadep: 
	instructions:
		 0: RETURN %self[2.0,] 
BB 4
	outgoing: 6 7 
	datadep: 
	instructions:
		 0: COPY TYPE_Nil def_%v_4 
		 1: 
		 2: GETFIELD %self->user def_%v_5 %self[2.0,] 
		 3: %v_5->suspended? def_%v_6 %v_5[4.2,] 	 SYMBOL:	 ARGS:
		 4: BRANCH %v_6[4.3,] 
BB 6
	outgoing: 7 
	datadep: 
	instructions:
		 0: %self->days_visited def_%v_7 %self[2.0,] 	 SYMBOL:	 ARGS:
		 1: %self->min_days_visited def_%v_8 %self[6.0,2.0,] 	 SYMBOL:	 ARGS:
		 2: (LOW_WATER_MARK) def_%v_9 
		 3: %v_8->* def_%v_10 %v_8[6.1,] %v_9[6.2,] 	 SYMBOL:	 ARGS:%v_9,
		 4: %v_7->< def_%v_11 %v_7[6.0,] %v_10[6.3,] 	 SYMBOL:	 ARGS:%v_10,
		 5: COPY TYPE_PASS def_%v_6 %v_11[6.4,] 
BB 7
	outgoing: 8 9 
	datadep: 
	instructions:
		 0: BRANCH %v_6[6.5,4.3,] 
BB 8
	outgoing: 9 
	datadep: 
	instructions:
		 0: %self->num_topics_replied_to def_%v_12 %self[2.0,] 	 SYMBOL:	 ARGS:
		 1: %self->min_topics_replied_to def_%v_13 %self[8.0,2.0,] 	 SYMBOL:	 ARGS:
		 2: (LOW_WATER_MARK) def_%v_14 
		 3: %v_13->* def_%v_15 %v_13[8.1,] %v_14[8.2,] 	 SYMBOL:	 ARGS:%v_14,
		 4: %v_12->< def_%v_16 %v_12[8.0,] %v_15[8.3,] 	 SYMBOL:	 ARGS:%v_15,
		 5: COPY TYPE_PASS def_%v_6 %v_16[8.4,] 
BB 9
	outgoing: 10 11 
	datadep: 
	instructions:
		 0: BRANCH %v_6[8.5,6.5,4.3,] 
BB 10
	outgoing: 11 
	datadep: 
	instructions:
		 0: %self->topics_viewed def_%v_17 %self[2.0,] 	 SYMBOL:	 ARGS:
		 1: %self->min_topics_viewed def_%v_18 %self[10.0,2.0,] 	 SYMBOL:	 ARGS:
		 2: (LOW_WATER_MARK) def_%v_19 
		 3: %v_18->* def_%v_20 %v_18[10.1,] %v_19[10.2,] 	 SYMBOL:	 ARGS:%v_19,
		 4: %v_17->< def_%v_21 %v_17[10.0,] %v_20[10.3,] 	 SYMBOL:	 ARGS:%v_20,
		 5: COPY TYPE_PASS def_%v_6 %v_21[10.4,] 
BB 11
	outgoing: 12 13 
	datadep: 
	instructions:
		 0: BRANCH %v_6[10.5,8.5,6.5,4.3,] 
BB 12
	outgoing: 13 
	datadep: 
	instructions:
		 0: %self->posts_read def_%v_22 %self[2.0,] 	 SYMBOL:	 ARGS:
		 1: %self->min_posts_read def_%v_23 %self[12.0,2.0,] 	 SYMBOL:	 ARGS:
		 2: (LOW_WATER_MARK) def_%v_24 
		 3: %v_23->* def_%v_25 %v_23[12.1,] %v_24[12.2,] 	 SYMBOL:	 ARGS:%v_24,
		 4: %v_22->< def_%v_26 %v_22[12.0,] %v_25[12.3,] 	 SYMBOL:	 ARGS:%v_25,
		 5: COPY TYPE_PASS def_%v_6 %v_26[12.4,] 
BB 13
	outgoing: 14 15 
	datadep: 
	instructions:
		 0: BRANCH %v_6[12.5,10.5,8.5,6.5,4.3,] 
BB 14
	outgoing: 15 
	datadep: 
	instructions:
		 0: %self->num_flagged_posts def_%v_27 %self[2.0,] 	 SYMBOL:	 ARGS:
		 1: %self->max_flagged_posts def_%v_28 %self[14.0,2.0,] 	 SYMBOL:	 ARGS:
		 2: %v_27->> def_%v_29 %v_27[14.0,] %v_28[14.1,] 	 SYMBOL:	 ARGS:%v_28,
		 3: COPY TYPE_PASS def_%v_6 %v_29[14.2,] 
BB 15
	outgoing: 16 17 
	datadep: 
	instructions:
		 0: BRANCH %v_6[14.3,12.5,10.5,8.5,6.5,4.3,] 
BB 16
	outgoing: 17 
	datadep: 
	instructions:
		 0: %self->num_flagged_by_users def_%v_30 %self[2.0,] 	 SYMBOL:	 ARGS:
		 1: %self->max_flagged_by_users def_%v_31 %self[16.0,2.0,] 	 SYMBOL:	 ARGS:
		 2: %v_30->> def_%v_32 %v_30[16.0,] %v_31[16.1,] 	 SYMBOL:	 ARGS:%v_31,
		 3: COPY TYPE_PASS def_%v_6 %v_32[16.2,] 
BB 17
	outgoing: 18 19 
	datadep: 
	instructions:
		 0: BRANCH %v_6[16.3,14.3,12.5,10.5,8.5,6.5,4.3,] 
BB 18
	outgoing: 19 
	datadep: 
	instructions:
		 0: %self->topics_viewed_all_time def_%v_33 %self[2.0,] 	 SYMBOL:	 ARGS:
		 1: %self->min_topics_viewed_all_time def_%v_34 %self[18.0,2.0,] 	 SYMBOL:	 ARGS:
		 2: %v_33->< def_%v_35 %v_33[18.0,] %v_34[18.1,] 	 SYMBOL:	 ARGS:%v_34,
		 3: COPY TYPE_PASS def_%v_6 %v_35[18.2,] 
BB 19
	outgoing: 20 21 
	datadep: 
	instructions:
		 0: BRANCH %v_6[18.3,16.3,14.3,12.5,10.5,8.5,6.5,4.3,] 
BB 20
	outgoing: 21 
	datadep: 
	instructions:
		 0: %self->posts_read_all_time def_%v_36 %self[2.0,] 	 SYMBOL:	 ARGS:
		 1: %self->min_posts_read_all_time def_%v_37 %self[20.0,2.0,] 	 SYMBOL:	 ARGS:
		 2: %v_36->< def_%v_38 %v_36[20.0,] %v_37[20.1,] 	 SYMBOL:	 ARGS:%v_37,
		 3: COPY TYPE_PASS def_%v_6 %v_38[20.2,] 
BB 21
	outgoing: 22 23 
	datadep: 
	instructions:
		 0: BRANCH %v_6[20.3,18.3,16.3,14.3,12.5,10.5,8.5,6.5,4.3,] 
BB 22
	outgoing: 23 
	datadep: 
	instructions:
		 0: %self->num_likes_given def_%v_39 %self[2.0,] 	 SYMBOL:	 ARGS:
		 1: %self->min_likes_given def_%v_40 %self[22.0,2.0,] 	 SYMBOL:	 ARGS:
		 2: (LOW_WATER_MARK) def_%v_41 
		 3: %v_40->* def_%v_42 %v_40[22.1,] %v_41[22.2,] 	 SYMBOL:	 ARGS:%v_41,
		 4: %v_39->< def_%v_43 %v_39[22.0,] %v_42[22.3,] 	 SYMBOL:	 ARGS:%v_42,
		 5: COPY TYPE_PASS def_%v_6 %v_43[22.4,] 
BB 23
	outgoing: 24 25 
	datadep: 
	instructions:
		 0: BRANCH %v_6[22.5,20.3,18.3,16.3,14.3,12.5,10.5,8.5,6.5,4.3,] 
BB 24
	outgoing: 25 
	datadep: 
	instructions:
		 0: %self->num_likes_received def_%v_44 %self[2.0,] 	 SYMBOL:	 ARGS:
		 1: %self->min_likes_received def_%v_45 %self[24.0,2.0,] 	 SYMBOL:	 ARGS:
		 2: (LOW_WATER_MARK) def_%v_46 
		 3: %v_45->* def_%v_47 %v_45[24.1,] %v_46[24.2,] 	 SYMBOL:	 ARGS:%v_46,
		 4: %v_44->< def_%v_48 %v_44[24.0,] %v_47[24.3,] 	 SYMBOL:	 ARGS:%v_47,
		 5: COPY TYPE_PASS def_%v_6 %v_48[24.4,] 
BB 25
	outgoing: 26 27 
	datadep: 
	instructions:
		 0: BRANCH %v_6[24.5,22.5,20.3,18.3,16.3,14.3,12.5,10.5,8.5,6.5,4.3,] 
BB 26
	outgoing: 27 
	datadep: 
	instructions:
		 0: %self->num_likes_received_users def_%v_49 %self[2.0,] 	 SYMBOL:	 ARGS:
		 1: %self->min_likes_received_users def_%v_50 %self[26.0,2.0,] 	 SYMBOL:	 ARGS:
		 2: (LOW_WATER_MARK) def_%v_51 
		 3: %v_50->* def_%v_52 %v_50[26.1,] %v_51[26.2,] 	 SYMBOL:	 ARGS:%v_51,
		 4: %v_49->< def_%v_53 %v_49[26.0,] %v_52[26.3,] 	 SYMBOL:	 ARGS:%v_52,
		 5: COPY TYPE_PASS def_%v_6 %v_53[26.4,] 
BB 27
	outgoing: 28 29 
	datadep: 
	instructions:
		 0: BRANCH %v_6[26.5,24.5,22.5,20.3,18.3,16.3,14.3,12.5,10.5,8.5,6.5,4.3,] 
BB 28
	outgoing: 30 
	datadep: 
	instructions:
		 0: %self->num_likes_received_days def_%v_54 %self[2.0,] 	 SYMBOL:	 ARGS:
		 1: %self->min_likes_received_days def_%v_55 %self[28.0,2.0,] 	 SYMBOL:	 ARGS:
		 2: (LOW_WATER_MARK) def_%v_56 
		 3: %v_55->* def_%v_57 %v_55[28.1,] %v_56[28.2,] 	 SYMBOL:	 ARGS:%v_56,
		 4: %v_54->< def_%v_58 %v_54[28.0,] %v_57[28.3,] 	 SYMBOL:	 ARGS:%v_57,
		 5: RETURN %v_58[28.4,] %self[28.0,28.1,2.0,] 
BB 29
	outgoing: 30 
	datadep: 
	instructions:
		 0: RETURN %v_6[26.5,24.5,22.5,20.3,18.3,16.3,14.3,12.5,10.5,8.5,6.5,4.3,] %self[2.0,] 
BB 30
	outgoing: 
	datadep: 
	instructions:

SET IRMethod, name = time_period instanceMethod = true
BB 1
	outgoing: 3 2 
	datadep: 
	instructions:
BB 2
	outgoing: 3 
	datadep: 
	instructions:
		 0: def_%self 
		 1: def_%v_0 
		 2: COPY TYPE_CurrentScope def_%current_scope 
		 3: COPY TYPE_ScopeModule def_%current_module 
		 4: 
		 5: 
		 6: (SiteSetting) def_%v_3 
		 7: %v_3->tl3_time_period def_%v_4 %v_3[2.6,] 	 SYMBOL:	 ARGS:
		 8: RETURN %v_4[2.7,] %self[2.0,] 
BB 3
	outgoing: 
	datadep: 
	instructions:

SET IRMethod, name = trust_level_locked instanceMethod = true
BB 1
	outgoing: 3 2 
	datadep: 
	instructions:
BB 2
	outgoing: 3 
	datadep: 
	instructions:
		 0: def_%self 
		 1: def_%v_0 
		 2: COPY TYPE_CurrentScope def_%current_scope 
		 3: COPY TYPE_ScopeModule def_%current_module 
		 4: 
		 5: 
		 6: GETFIELD %self->user def_%v_3 %self[2.0,] 
		 7: %v_3->trust_level_locked def_%v_4 %v_3[2.6,] 	 SYMBOL:	 ARGS:
		 8: RETURN %v_4[2.7,] %self[2.0,] 
BB 3
	outgoing: 
	datadep: 
	instructions:

SET IRMethod, name = on_grace_period instanceMethod = true
BB 1
	outgoing: 3 2 
	datadep: 
	instructions:
BB 2
	outgoing: 3 
	datadep: 
	instructions:
		 0: def_%self 
		 1: def_%v_0 
		 2: COPY TYPE_CurrentScope def_%current_scope 
		 3: COPY TYPE_ScopeModule def_%current_module 
		 4: 
		 5: 
		 6: GETFIELD %self->user def_%v_3 %self[2.0,] 
		 7: %v_3->on_tl3_grace_period? def_%v_4 %v_3[2.6,] 	 SYMBOL:	 ARGS:
		 8: RETURN %v_4[2.7,] %self[2.0,] 
BB 3
	outgoing: 
	datadep: 
	instructions:

SET IRMethod, name = days_visited instanceMethod = true
BB 1
	outgoing: 3 2 
	datadep: 
	instructions:
BB 2
	outgoing: 3 
	datadep: 
	instructions:
		 0: def_%self 
		 1: def_%v_0 
		 2: COPY TYPE_CurrentScope def_%current_scope 
		 3: COPY TYPE_ScopeModule def_%current_module 
		 4: 
		 5: 
		 6: GETFIELD %self->user def_%v_3 %self[2.0,] 
		 7: %v_3->user_visits def_%v_4 %v_3[2.6,] 	 SYMBOL:	 ARGS:
		 8: COPY TYPE_StringLiteral "visited_at > ? and posts_read > 0" def_%v_5 
		 9: %self->time_period def_%v_6 %self[2.0,] 	 SYMBOL:	 ARGS:
		 10: %v_6->days def_%v_7 %v_6[2.9,] 	 SYMBOL:	 ARGS:
		 11: %v_7->ago def_%v_8 %v_7[2.10,] 	 SYMBOL:	 ARGS:
		 12: %v_4->where def_%v_9 %v_4[2.7,] %v_5[2.8,] %v_8[2.11,] 	 SYMBOL:	 ARGS:%v_5,%v_8,
		 13: %v_9->count def_%v_10 %v_9[2.12,] 	 SYMBOL:	 ARGS:
		 14: RETURN %v_10[2.13,] %self[2.0,2.9,] 
BB 3
	outgoing: 
	datadep: 
	instructions:

SET IRMethod, name = min_days_visited instanceMethod = true
BB 1
	outgoing: 3 2 
	datadep: 
	instructions:
BB 2
	outgoing: 3 
	datadep: 
	instructions:
		 0: def_%self 
		 1: def_%v_0 
		 2: COPY TYPE_CurrentScope def_%current_scope 
		 3: COPY TYPE_ScopeModule def_%current_module 
		 4: 
		 5: 
		 6: (SiteSetting) def_%v_3 
		 7: %v_3->tl3_requires_days_visited def_%v_4 %v_3[2.6,] 	 SYMBOL:	 ARGS:
		 8: RETURN %v_4[2.7,] %self[2.0,] 
BB 3
	outgoing: 
	datadep: 
	instructions:

SET IRMethod, name = num_topics_replied_to instanceMethod = true
BB 1
	outgoing: 3 2 
	datadep: 
	instructions:
BB 2
	outgoing: 3 
	datadep: 
	instructions:
		 0: def_%self 
		 1: def_%v_0 
		 2: COPY TYPE_CurrentScope def_%current_scope 
		 3: COPY TYPE_ScopeModule def_%current_module 
		 4: 
		 5: 
		 6: GETFIELD %self->user def_%v_3 %self[2.0,] 
		 7: %v_3->posts def_%v_4 %v_3[2.6,] 	 SYMBOL:	 ARGS:
		 8: COPY TYPE_StringLiteral "distinct topic_id" def_%v_5 
		 9: %v_4->select def_%v_6 %v_4[2.7,] %v_5[2.8,] 	 SYMBOL:	 ARGS:%v_5,
		 10: COPY TYPE_StringLiteral "created_at > ? AND post_number > 1" def_%v_7 
		 11: %self->time_period def_%v_8 %self[2.0,] 	 SYMBOL:	 ARGS:
		 12: %v_8->days def_%v_9 %v_8[2.11,] 	 SYMBOL:	 ARGS:
		 13: %v_9->ago def_%v_10 %v_9[2.12,] 	 SYMBOL:	 ARGS:
		 14: %v_6->where def_%v_11 %v_6[2.9,] %v_7[2.10,] %v_10[2.13,] 	 SYMBOL:	 ARGS:%v_7,%v_10,
		 15: %v_11->count def_%v_12 %v_11[2.14,] 	 SYMBOL:	 ARGS:
		 16: RETURN %v_12[2.15,] %self[2.0,2.11,] 
BB 3
	outgoing: 
	datadep: 
	instructions:

SET IRMethod, name = min_topics_replied_to instanceMethod = true
BB 1
	outgoing: 3 2 
	datadep: 
	instructions:
BB 2
	outgoing: 3 
	datadep: 
	instructions:
		 0: def_%self 
		 1: def_%v_0 
		 2: COPY TYPE_CurrentScope def_%current_scope 
		 3: COPY TYPE_ScopeModule def_%current_module 
		 4: 
		 5: 
		 6: (SiteSetting) def_%v_3 
		 7: %v_3->tl3_requires_topics_replied_to def_%v_4 %v_3[2.6,] 	 SYMBOL:	 ARGS:
		 8: RETURN %v_4[2.7,] %self[2.0,] 
BB 3
	outgoing: 
	datadep: 
	instructions:

SET IRMethod, name = topics_viewed_query instanceMethod = true
BB 1
	outgoing: 3 2 
	datadep: 
	instructions:
BB 2
	outgoing: 3 
	datadep: 
	instructions:
		 0: def_%self 
		 1: def_%v_0 
		 2: COPY TYPE_CurrentScope def_%current_scope 
		 3: COPY TYPE_ScopeModule def_%current_module 
		 4: 
		 5: 
		 6: (TopicViewItem) def_%v_3 
		 7: GETFIELD %self->user def_%v_4 %self[2.0,] 
		 8: %v_4->id def_%v_5 %v_4[2.7,] 	 SYMBOL:	 ARGS:
		 9: HASH-user_id- def_%v_6 %v_5[2.8,] 
		 10: %v_3->where def_%v_7 %v_3[2.6,] %v_6[2.9,] 	 SYMBOL:	 ARGS:%v_6,
		 11: COPY TYPE_StringLiteral "topic_id" def_%v_8 
		 12: %v_7->select def_%v_9 %v_7[2.10,] %v_8[2.11,] 	 SYMBOL:	 ARGS:%v_8,
		 13: RETURN %v_9[2.12,] %self[2.0,] 
BB 3
	outgoing: 
	datadep: 
	instructions:

SET IRMethod, name = topics_viewed instanceMethod = true
BB 1
	outgoing: 3 2 
	datadep: 
	instructions:
BB 2
	outgoing: 3 
	datadep: 
	instructions:
		 0: def_%self 
		 1: def_%v_0 
		 2: COPY TYPE_CurrentScope def_%current_scope 
		 3: COPY TYPE_ScopeModule def_%current_module 
		 4: 
		 5: 
		 6: %self->topics_viewed_query def_%v_3 %self[2.0,] 	 SYMBOL:	 ARGS:
		 7: COPY TYPE_StringLiteral "viewed_at > ?" def_%v_4 
		 8: %self->time_period def_%v_5 %self[2.0,2.6,] 	 SYMBOL:	 ARGS:
		 9: %v_5->days def_%v_6 %v_5[2.8,] 	 SYMBOL:	 ARGS:
		 10: %v_6->ago def_%v_7 %v_6[2.9,] 	 SYMBOL:	 ARGS:
		 11: %v_3->where def_%v_8 %v_3[2.6,] %v_4[2.7,] %v_7[2.10,] 	 SYMBOL:	 ARGS:%v_4,%v_7,
		 12: %v_8->count def_%v_9 %v_8[2.11,] 	 SYMBOL:	 ARGS:
		 13: RETURN %v_9[2.12,] %self[2.0,2.6,2.8,] 
BB 3
	outgoing: 
	datadep: 
	instructions:

SET IRMethod, name = min_topics_viewed instanceMethod = true
BB 1
	outgoing: 3 2 
	datadep: 
	instructions:
BB 2
	outgoing: 3 
	datadep: 
	instructions:
		 0: def_%self 
		 1: def_%v_0 
		 2: COPY TYPE_CurrentScope def_%current_scope 
		 3: COPY TYPE_ScopeModule def_%current_module 
		 4: 
		 5: 
		 6: (TrustLevel3Requirements) def_%v_3 
		 7: %v_3->num_topics_in_time_period def_%v_4 %v_3[2.6,] 	 SYMBOL:	 ARGS:
		 8: %v_4->to_i def_%v_5 %v_4[2.7,] 	 SYMBOL:	 ARGS:
		 9: (SiteSetting) def_%v_6 
		 10: %v_6->tl3_requires_topics_viewed def_%v_7 %v_6[2.9,] 	 SYMBOL:	 ARGS:
		 11: %v_7->to_f def_%v_8 %v_7[2.10,] 	 SYMBOL:	 ARGS:
		 12: %v_8->/ def_%v_9 %v_8[2.11,] 	 SYMBOL:	 ARGS:Float,
		 13: %v_5->* def_%v_10 %v_5[2.8,] %v_9[2.12,] 	 SYMBOL:	 ARGS:%v_9,
		 14: %v_10->round def_%v_11 %v_10[2.13,] 	 SYMBOL:	 ARGS:
		 15: RETURN %v_11[2.14,] %self[2.0,] 
BB 3
	outgoing: 
	datadep: 
	instructions:

SET IRMethod, name = posts_read instanceMethod = true
BB 1
	outgoing: 3 2 
	datadep: 
	instructions:
BB 2
	outgoing: 3 
	datadep: 
	instructions:
		 0: def_%self 
		 1: def_%v_0 
		 2: COPY TYPE_CurrentScope def_%current_scope 
		 3: COPY TYPE_ScopeModule def_%current_module 
		 4: 
		 5: 
		 6: GETFIELD %self->user def_%v_3 %self[2.0,] 
		 7: %v_3->user_visits def_%v_4 %v_3[2.6,] 	 SYMBOL:	 ARGS:
		 8: COPY TYPE_StringLiteral "visited_at > ?" def_%v_5 
		 9: %self->time_period def_%v_6 %self[2.0,] 	 SYMBOL:	 ARGS:
		 10: %v_6->days def_%v_7 %v_6[2.9,] 	 SYMBOL:	 ARGS:
		 11: %v_7->ago def_%v_8 %v_7[2.10,] 	 SYMBOL:	 ARGS:
		 12: %v_4->where def_%v_9 %v_4[2.7,] %v_5[2.8,] %v_8[2.11,] 	 SYMBOL:	 ARGS:%v_5,%v_8,
		 13: %v_9->pluck def_%v_10 %v_9[2.12,] 	 SYMBOL:posts_read,	 ARGS:Symbol,
		 14: %v_10->sum def_%v_11 %v_10[2.13,] 	 SYMBOL:	 ARGS:
		 15: RETURN %v_11[2.14,] %self[2.0,2.9,] 
BB 3
	outgoing: 
	datadep: 
	instructions:

SET IRMethod, name = min_posts_read instanceMethod = true
BB 1
	outgoing: 3 2 
	datadep: 
	instructions:
BB 2
	outgoing: 3 
	datadep: 
	instructions:
		 0: def_%self 
		 1: def_%v_0 
		 2: COPY TYPE_CurrentScope def_%current_scope 
		 3: COPY TYPE_ScopeModule def_%current_module 
		 4: 
		 5: 
		 6: (TrustLevel3Requirements) def_%v_3 
		 7: %v_3->num_posts_in_time_period def_%v_4 %v_3[2.6,] 	 SYMBOL:	 ARGS:
		 8: %v_4->to_i def_%v_5 %v_4[2.7,] 	 SYMBOL:	 ARGS:
		 9: (SiteSetting) def_%v_6 
		 10: %v_6->tl3_requires_posts_read def_%v_7 %v_6[2.9,] 	 SYMBOL:	 ARGS:
		 11: %v_7->to_f def_%v_8 %v_7[2.10,] 	 SYMBOL:	 ARGS:
		 12: %v_8->/ def_%v_9 %v_8[2.11,] 	 SYMBOL:	 ARGS:Float,
		 13: %v_5->* def_%v_10 %v_5[2.8,] %v_9[2.12,] 	 SYMBOL:	 ARGS:%v_9,
		 14: %v_10->round def_%v_11 %v_10[2.13,] 	 SYMBOL:	 ARGS:
		 15: RETURN %v_11[2.14,] %self[2.0,] 
BB 3
	outgoing: 
	datadep: 
	instructions:

SET IRMethod, name = topics_viewed_all_time instanceMethod = true
BB 1
	outgoing: 3 2 
	datadep: 
	instructions:
BB 2
	outgoing: 3 
	datadep: 
	instructions:
		 0: def_%self 
		 1: def_%v_0 
		 2: COPY TYPE_CurrentScope def_%current_scope 
		 3: COPY TYPE_ScopeModule def_%current_module 
		 4: 
		 5: 
		 6: %self->topics_viewed_query def_%v_3 %self[2.0,] 	 SYMBOL:	 ARGS:
		 7: %v_3->count def_%v_4 %v_3[2.6,] 	 SYMBOL:	 ARGS:
		 8: RETURN %v_4[2.7,] %self[2.0,2.6,] 
BB 3
	outgoing: 
	datadep: 
	instructions:

SET IRMethod, name = min_topics_viewed_all_time instanceMethod = true
BB 1
	outgoing: 3 2 
	datadep: 
	instructions:
BB 2
	outgoing: 3 
	datadep: 
	instructions:
		 0: def_%self 
		 1: def_%v_0 
		 2: COPY TYPE_CurrentScope def_%current_scope 
		 3: COPY TYPE_ScopeModule def_%current_module 
		 4: 
		 5: 
		 6: (SiteSetting) def_%v_3 
		 7: %v_3->tl3_requires_topics_viewed_all_time def_%v_4 %v_3[2.6,] 	 SYMBOL:	 ARGS:
		 8: RETURN %v_4[2.7,] %self[2.0,] 
BB 3
	outgoing: 
	datadep: 
	instructions:

SET IRMethod, name = posts_read_all_time instanceMethod = true
BB 1
	outgoing: 3 2 
	datadep: 
	instructions:
BB 2
	outgoing: 3 
	datadep: 
	instructions:
		 0: def_%self 
		 1: def_%v_0 
		 2: COPY TYPE_CurrentScope def_%current_scope 
		 3: COPY TYPE_ScopeModule def_%current_module 
		 4: 
		 5: 
		 6: GETFIELD %self->user def_%v_3 %self[2.0,] 
		 7: %v_3->user_visits def_%v_4 %v_3[2.6,] 	 SYMBOL:	 ARGS:
		 8: %v_4->pluck def_%v_5 %v_4[2.7,] 	 SYMBOL:posts_read,	 ARGS:Symbol,
		 9: %v_5->sum def_%v_6 %v_5[2.8,] 	 SYMBOL:	 ARGS:
		 10: RETURN %v_6[2.9,] %self[2.0,] 
BB 3
	outgoing: 
	datadep: 
	instructions:

SET IRMethod, name = min_posts_read_all_time instanceMethod = true
BB 1
	outgoing: 3 2 
	datadep: 
	instructions:
BB 2
	outgoing: 3 
	datadep: 
	instructions:
		 0: def_%self 
		 1: def_%v_0 
		 2: COPY TYPE_CurrentScope def_%current_scope 
		 3: COPY TYPE_ScopeModule def_%current_module 
		 4: 
		 5: 
		 6: (SiteSetting) def_%v_3 
		 7: %v_3->tl3_requires_posts_read_all_time def_%v_4 %v_3[2.6,] 	 SYMBOL:	 ARGS:
		 8: RETURN %v_4[2.7,] %self[2.0,] 
BB 3
	outgoing: 
	datadep: 
	instructions:

SET IRMethod, name = num_flagged_posts instanceMethod = true
BB 1
	outgoing: 3 2 
	datadep: 
	instructions:
BB 2
	outgoing: 3 
	datadep: 
	instructions:
		 0: def_%self 
		 1: def_%v_0 
		 2: COPY TYPE_CurrentScope def_%current_scope 
		 3: COPY TYPE_ScopeModule def_%current_module 
		 4: 
		 5: 
		 6: (PostAction) def_%v_3 
		 7: %v_3->with_deleted def_%v_4 %v_3[2.6,] 	 SYMBOL:	 ARGS:
		 8: %self->flagged_post_ids def_%v_5 %self[2.0,] 	 SYMBOL:	 ARGS:
		 9: HASH-post_id- def_%v_6 %v_5[2.8,] 
		 10: %v_4->where def_%v_7 %v_4[2.7,] %v_6[2.9,] 	 SYMBOL:	 ARGS:%v_6,
		 11: %v_7->where def_%v_8 %v_7[2.10,] 	 SYMBOL:	 ARGS:
		 12: GETFIELD %self->user def_%v_9 %self[2.0,2.8,] 
		 13: %v_9->id def_%v_10 %v_9[2.12,] 	 SYMBOL:	 ARGS:
		 14: HASH-user_id- def_%v_11 %v_10[2.13,] 
		 15: %v_8->not def_%v_12 %v_8[2.11,] %v_11[2.14,] 	 SYMBOL:	 ARGS:%v_11,
		 16: %v_12->where def_%v_13 %v_12[2.15,] 	 SYMBOL:	 ARGS:
		 17: HASH-agreed_at- def_%v_14 
		 18: %v_13->not def_%v_15 %v_13[2.16,] %v_14[2.17,] 	 SYMBOL:	 ARGS:%v_14,
		 19: %v_15->pluck def_%v_16 %v_15[2.18,] 	 SYMBOL:post_id,	 ARGS:Symbol,
		 20: %v_16->uniq def_%v_17 %v_16[2.19,] 	 SYMBOL:	 ARGS:
		 21: %v_17->count def_%v_18 %v_17[2.20,] 	 SYMBOL:	 ARGS:
		 22: RETURN %v_18[2.21,] %self[2.0,2.8,] 
BB 3
	outgoing: 
	datadep: 
	instructions:

SET IRMethod, name = max_flagged_posts instanceMethod = true
BB 1
	outgoing: 3 2 
	datadep: 
	instructions:
BB 2
	outgoing: 3 
	datadep: 
	instructions:
		 0: def_%self 
		 1: def_%v_0 
		 2: COPY TYPE_CurrentScope def_%current_scope 
		 3: COPY TYPE_ScopeModule def_%current_module 
		 4: 
		 5: 
		 6: (SiteSetting) def_%v_3 
		 7: %v_3->tl3_requires_max_flagged def_%v_4 %v_3[2.6,] 	 SYMBOL:	 ARGS:
		 8: RETURN %v_4[2.7,] %self[2.0,] 
BB 3
	outgoing: 
	datadep: 
	instructions:

SET IRMethod, name = num_flagged_by_users instanceMethod = true
BB 1
	outgoing: 7 2 
	datadep: 
	instructions:
BB 2
	outgoing: 3 4 
	datadep: 
	instructions:
		 0: def_%self 
		 1: def_%v_0 
		 2: COPY TYPE_CurrentScope def_%current_scope 
		 3: COPY TYPE_ScopeModule def_%current_module 
		 4: 
		 5: 
		 6: def_%v_4 %self[2.0,] 
		 7: COPY TYPE_PASS def_%v_3 %v_4[2.6,] 
		 8: %v_4[2.6,] 
BB 3
	outgoing: 4 
	datadep: 
	instructions:
		 0: GETFIELD %self->_num_flagged_by_users def_%v_5 %self[2.0,] 
		 1: COPY TYPE_PASS def_%v_3 %v_5[3.0,] 
BB 4
	outgoing: 5 6 
	datadep: 
	instructions:
		 0: BRANCH %v_3[3.1,2.7,] 
BB 5
	outgoing: 7 
	datadep: 
	instructions:
		 0: (PostAction) def_%v_6 
		 1: %v_6->with_deleted def_%v_7 %v_6[5.0,] 	 SYMBOL:	 ARGS:
		 2: %self->flagged_post_ids def_%v_8 %self[2.0,] 	 SYMBOL:	 ARGS:
		 3: HASH-post_id- def_%v_9 %v_8[5.2,] 
		 4: %v_7->where def_%v_10 %v_7[5.1,] %v_9[5.3,] 	 SYMBOL:	 ARGS:%v_9,
		 5: %v_10->where def_%v_11 %v_10[5.4,] 	 SYMBOL:	 ARGS:
		 6: GETFIELD %self->user def_%v_12 %self[5.2,2.0,] 
		 7: %v_12->id def_%v_13 %v_12[5.6,] 	 SYMBOL:	 ARGS:
		 8: HASH-user_id- def_%v_14 %v_13[5.7,] 
		 9: %v_11->not def_%v_15 %v_11[5.5,] %v_14[5.8,] 	 SYMBOL:	 ARGS:%v_14,
		 10: %v_15->where def_%v_16 %v_15[5.9,] 	 SYMBOL:	 ARGS:
		 11: HASH-agreed_at- def_%v_17 
		 12: %v_16->not def_%v_18 %v_16[5.10,] %v_17[5.11,] 	 SYMBOL:	 ARGS:%v_17,
		 13: %v_18->pluck def_%v_19 %v_18[5.12,] 	 SYMBOL:user_id,	 ARGS:Symbol,
		 14: %v_19->uniq def_%v_20 %v_19[5.13,] 	 SYMBOL:	 ARGS:
		 15: %v_20->count def_%v_21 %v_20[5.14,] 	 SYMBOL:	 ARGS:
		 16: ATTRASSIGN %self->_num_flagged_by_users %v_21[5.15,] 
		 17: RETURN %v_21[5.15,] %self[5.2,5.16,2.0,] 
BB 6
	outgoing: 7 
	datadep: 
	instructions:
		 0: RETURN %v_5[3.0,] %self[2.0,] 
BB 7
	outgoing: 
	datadep: 
	instructions:

SET IRMethod, name = max_flagged_by_users instanceMethod = true
BB 1
	outgoing: 3 2 
	datadep: 
	instructions:
BB 2
	outgoing: 3 
	datadep: 
	instructions:
		 0: def_%self 
		 1: def_%v_0 
		 2: COPY TYPE_CurrentScope def_%current_scope 
		 3: COPY TYPE_ScopeModule def_%current_module 
		 4: 
		 5: 
		 6: (SiteSetting) def_%v_3 
		 7: %v_3->tl3_requires_max_flagged def_%v_4 %v_3[2.6,] 	 SYMBOL:	 ARGS:
		 8: RETURN %v_4[2.7,] %self[2.0,] 
BB 3
	outgoing: 
	datadep: 
	instructions:

SET IRMethod, name = num_likes_given instanceMethod = true
BB 1
	outgoing: 5 2 
	datadep: 
	instructions:
BB 2
	outgoing: 3 4 
	datadep: 
	instructions:
		 0: def_%self 
		 1: def_%v_0 
		 2: COPY TYPE_CurrentScope def_%current_scope 
		 3: COPY TYPE_ScopeModule def_%current_module 
		 4: 
		 5: 
		 6: (UserAction) def_%v_3 
		 7: GETFIELD %self->user def_%v_4 %self[2.0,] 
		 8: %v_4->id def_%v_5 %v_4[2.7,] 	 SYMBOL:	 ARGS:
		 9: (UserAction) def_%v_6 
		 10: (inherit LIKE) def_%v_7 %v_6[2.9,] 
		 11: %v_7[2.10,] 
BB 3
	outgoing: 4 
	datadep: 
	instructions:
		 0: %v_6->const_missing def_%v_7 %v_6[2.9,] 	 SYMBOL:LIKE,	 ARGS:Symbol,
BB 4
	outgoing: 5 
	datadep: 
	instructions:
		 0: HASH-user_id-action_type- def_%v_8 %v_5[2.8,] %v_7[3.0,2.10,] 
		 1: %v_3->where def_%v_9 %v_3[2.6,] %v_8[4.0,] 	 SYMBOL:	 ARGS:%v_8,
		 2: COPY TYPE_StringLiteral "created_at > ?" def_%v_10 
		 3: %self->time_period def_%v_11 %self[2.0,] 	 SYMBOL:	 ARGS:
		 4: %v_11->days def_%v_12 %v_11[4.3,] 	 SYMBOL:	 ARGS:
		 5: %v_12->ago def_%v_13 %v_12[4.4,] 	 SYMBOL:	 ARGS:
		 6: %v_9->where def_%v_14 %v_9[4.1,] %v_10[4.2,] %v_13[4.5,] 	 SYMBOL:	 ARGS:%v_10,%v_13,
		 7: %v_14->count def_%v_15 %v_14[4.6,] 	 SYMBOL:	 ARGS:
		 8: RETURN %v_15[4.7,] %self[4.3,2.0,] 
BB 5
	outgoing: 
	datadep: 
	instructions:

SET IRMethod, name = min_likes_given instanceMethod = true
BB 1
	outgoing: 3 2 
	datadep: 
	instructions:
BB 2
	outgoing: 3 
	datadep: 
	instructions:
		 0: def_%self 
		 1: def_%v_0 
		 2: COPY TYPE_CurrentScope def_%current_scope 
		 3: COPY TYPE_ScopeModule def_%current_module 
		 4: 
		 5: 
		 6: (SiteSetting) def_%v_3 
		 7: %v_3->tl3_requires_likes_given def_%v_4 %v_3[2.6,] 	 SYMBOL:	 ARGS:
		 8: RETURN %v_4[2.7,] %self[2.0,] 
BB 3
	outgoing: 
	datadep: 
	instructions:

SET IRMethod, name = num_likes_received_query instanceMethod = true
BB 1
	outgoing: 5 2 
	datadep: 
	instructions:
BB 2
	outgoing: 3 4 
	datadep: 
	instructions:
		 0: def_%self 
		 1: def_%v_0 
		 2: COPY TYPE_CurrentScope def_%current_scope 
		 3: COPY TYPE_ScopeModule def_%current_module 
		 4: 
		 5: 
		 6: (UserAction) def_%v_3 
		 7: GETFIELD %self->user def_%v_4 %self[2.0,] 
		 8: %v_4->id def_%v_5 %v_4[2.7,] 	 SYMBOL:	 ARGS:
		 9: (UserAction) def_%v_6 
		 10: (inherit WAS_LIKED) def_%v_7 %v_6[2.9,] 
		 11: %v_7[2.10,] 
BB 3
	outgoing: 4 
	datadep: 
	instructions:
		 0: %v_6->const_missing def_%v_7 %v_6[2.9,] 	 SYMBOL:WAS_LIKED,	 ARGS:Symbol,
BB 4
	outgoing: 5 
	datadep: 
	instructions:
		 0: HASH-user_id-action_type- def_%v_8 %v_5[2.8,] %v_7[3.0,2.10,] 
		 1: %v_3->where def_%v_9 %v_3[2.6,] %v_8[4.0,] 	 SYMBOL:	 ARGS:%v_8,
		 2: COPY TYPE_StringLiteral "created_at > ?" def_%v_10 
		 3: %self->time_period def_%v_11 %self[2.0,] 	 SYMBOL:	 ARGS:
		 4: %v_11->days def_%v_12 %v_11[4.3,] 	 SYMBOL:	 ARGS:
		 5: %v_12->ago def_%v_13 %v_12[4.4,] 	 SYMBOL:	 ARGS:
		 6: %v_9->where def_%v_14 %v_9[4.1,] %v_10[4.2,] %v_13[4.5,] 	 SYMBOL:	 ARGS:%v_10,%v_13,
		 7: RETURN %v_14[4.6,] %self[4.3,2.0,] 
BB 5
	outgoing: 
	datadep: 
	instructions:

SET IRMethod, name = num_likes_received instanceMethod = true
BB 1
	outgoing: 3 2 
	datadep: 
	instructions:
BB 2
	outgoing: 3 
	datadep: 
	instructions:
		 0: def_%self 
		 1: def_%v_0 
		 2: COPY TYPE_CurrentScope def_%current_scope 
		 3: COPY TYPE_ScopeModule def_%current_module 
		 4: 
		 5: 
		 6: %self->num_likes_received_query def_%v_3 %self[2.0,] 	 SYMBOL:	 ARGS:
		 7: %v_3->count def_%v_4 %v_3[2.6,] 	 SYMBOL:	 ARGS:
		 8: RETURN %v_4[2.7,] %self[2.0,2.6,] 
BB 3
	outgoing: 
	datadep: 
	instructions:

SET IRMethod, name = min_likes_received instanceMethod = true
BB 1
	outgoing: 3 2 
	datadep: 
	instructions:
BB 2
	outgoing: 3 
	datadep: 
	instructions:
		 0: def_%self 
		 1: def_%v_0 
		 2: COPY TYPE_CurrentScope def_%current_scope 
		 3: COPY TYPE_ScopeModule def_%current_module 
		 4: 
		 5: 
		 6: (SiteSetting) def_%v_3 
		 7: %v_3->tl3_requires_likes_received def_%v_4 %v_3[2.6,] 	 SYMBOL:	 ARGS:
		 8: RETURN %v_4[2.7,] %self[2.0,] 
BB 3
	outgoing: 
	datadep: 
	instructions:

SET IRMethod, name = num_likes_received_days instanceMethod = true
BB 1
	outgoing: 3 2 
	datadep: 
	instructions:
BB 2
	outgoing: 3 
	datadep: 
	instructions:
		 0: def_%self 
		 1: def_%v_0 
		 2: COPY TYPE_CurrentScope def_%current_scope 
		 3: COPY TYPE_ScopeModule def_%current_module 
		 4: 
		 5: 
		 6: %self->num_likes_received_query def_%v_3 %self[2.0,] 	 SYMBOL:	 ARGS:
		 7: COPY TYPE_StringLiteral "date(created_at)" def_%v_4 
		 8: %v_3->pluck def_%v_5 %v_3[2.6,] %v_4[2.7,] 	 SYMBOL:	 ARGS:%v_4,
		 9: %v_5->uniq def_%v_6 %v_5[2.8,] 	 SYMBOL:	 ARGS:
		 10: %v_6->size def_%v_7 %v_6[2.9,] 	 SYMBOL:	 ARGS:
		 11: RETURN %v_7[2.10,] %self[2.0,2.6,] 
BB 3
	outgoing: 
	datadep: 
	instructions:

SET IRMethod, name = min_likes_received_days instanceMethod = true
BB 1
	outgoing: 3 2 
	datadep: 
	instructions:
BB 2
	outgoing: 3 
	datadep: 
	instructions:
		 0: def_%self 
		 1: def_%v_0 
		 2: COPY TYPE_CurrentScope def_%current_scope 
		 3: COPY TYPE_ScopeModule def_%current_module 
		 4: 
		 5: 
		 6: %self->min_likes_received def_%v_3 %self[2.0,] 	 SYMBOL:	 ARGS:
		 7: %v_3->to_f def_%v_4 %v_3[2.6,] 	 SYMBOL:	 ARGS:
		 8: %v_4->/ def_%v_5 %v_4[2.7,] 	 SYMBOL:	 ARGS:Float,
		 9: %v_5->ceil def_%v_6 %v_5[2.8,] 	 SYMBOL:	 ARGS:
		 10: %self->time_period def_%v_7 %self[2.0,2.6,] 	 SYMBOL:	 ARGS:
		 11: %v_7->to_f def_%v_8 %v_7[2.10,] 	 SYMBOL:	 ARGS:
		 12: %v_8->* def_%v_9 %v_8[2.11,] 	 SYMBOL:	 ARGS:%v_8,
		 13: %v_9->ceil def_%v_10 %v_9[2.12,] 	 SYMBOL:	 ARGS:
		 14: COPY TYPE_Array def_%v_11 %v_6[2.9,] %v_10[2.13,] 
		 15: %v_11->min def_%v_12 %v_11[2.14,] 	 SYMBOL:	 ARGS:
		 16: RETURN %v_12[2.15,] %self[2.0,2.6,2.10,] 
BB 3
	outgoing: 
	datadep: 
	instructions:

SET IRMethod, name = num_likes_received_users instanceMethod = true
BB 1
	outgoing: 3 2 
	datadep: 
	instructions:
BB 2
	outgoing: 3 
	datadep: 
	instructions:
		 0: def_%self 
		 1: def_%v_0 
		 2: COPY TYPE_CurrentScope def_%current_scope 
		 3: COPY TYPE_ScopeModule def_%current_module 
		 4: 
		 5: 
		 6: %self->num_likes_received_query def_%v_3 %self[2.0,] 	 SYMBOL:	 ARGS:
		 7: %v_3->pluck def_%v_4 %v_3[2.6,] 	 SYMBOL:acting_user_id,	 ARGS:Symbol,
		 8: %v_4->uniq def_%v_5 %v_4[2.7,] 	 SYMBOL:	 ARGS:
		 9: %v_5->size def_%v_6 %v_5[2.8,] 	 SYMBOL:	 ARGS:
		 10: RETURN %v_6[2.9,] %self[2.0,2.6,] 
BB 3
	outgoing: 
	datadep: 
	instructions:

SET IRMethod, name = min_likes_received_users instanceMethod = true
BB 1
	outgoing: 3 2 
	datadep: 
	instructions:
BB 2
	outgoing: 3 
	datadep: 
	instructions:
		 0: def_%self 
		 1: def_%v_0 
		 2: COPY TYPE_CurrentScope def_%current_scope 
		 3: COPY TYPE_ScopeModule def_%current_module 
		 4: 
		 5: 
		 6: %self->min_likes_received def_%v_3 %self[2.0,] 	 SYMBOL:	 ARGS:
		 7: %v_3->to_f def_%v_4 %v_3[2.6,] 	 SYMBOL:	 ARGS:
		 8: %v_4->/ def_%v_5 %v_4[2.7,] 	 SYMBOL:	 ARGS:Float,
		 9: %v_5->ceil def_%v_6 %v_5[2.8,] 	 SYMBOL:	 ARGS:
		 10: RETURN %v_6[2.9,] %self[2.0,2.6,] 
BB 3
	outgoing: 
	datadep: 
	instructions:

SET IRMethod, name = clear_cache instanceMethod = false
BB 1
	outgoing: 3 2 
	datadep: 
	instructions:
BB 2
	outgoing: 3 
	datadep: 
	instructions:
		 0: def_%self 
		 1: def_%v_0 
		 2: COPY TYPE_CurrentScope def_%current_scope 
		 3: COPY TYPE_ScopeModule def_%current_module 
		 4: 
		 5: 
		 6: GLOBALVAR $redis def_%v_3 
		 7: (NUM_TOPICS_KEY) def_%v_4 
		 8: %v_3->del def_%v_5 %v_3[2.6,] %v_4[2.7,] 	 SYMBOL:	 ARGS:%v_4,
		 9: 
		 10: GLOBALVAR $redis def_%v_6 
		 11: (NUM_POSTS_KEY) def_%v_7 
		 12: %v_6->del def_%v_8 %v_6[2.10,] %v_7[2.11,] 	 SYMBOL:	 ARGS:%v_7,
		 13: RETURN %v_8[2.12,] %self[2.0,] 
BB 3
	outgoing: 
	datadep: 
	instructions:

SET IRMethod, name = num_topics_in_time_period instanceMethod = false
BB 1
	outgoing: 5 2 
	datadep: 
	instructions:
BB 2
	outgoing: 3 4 
	datadep: 
	instructions:
		 0: def_%self 
		 1: def_%v_0 
		 2: COPY TYPE_CurrentScope def_%current_scope 
		 3: COPY TYPE_ScopeModule def_%current_module 
		 4: 
		 5: 
		 6: GLOBALVAR $redis def_%v_3 
		 7: (NUM_TOPICS_KEY) def_%v_4 
		 8: %v_3->get def_%v_5 %v_3[2.6,] %v_4[2.7,] 	 SYMBOL:	 ARGS:%v_4,
		 9: BRANCH %v_5[2.8,] 
BB 3
	outgoing: 5 
	datadep: 
	instructions:
		 0: 
		 1: (Topic) def_%v_6 
		 2: %v_6->listable_topics def_%v_7 %v_6[3.1,] 	 SYMBOL:	 ARGS:
		 3: %v_7->visible def_%v_8 %v_7[3.2,] 	 SYMBOL:	 ARGS:
		 4: (SiteSetting) def_%v_9 
		 5: %v_9->tl3_time_period def_%v_10 %v_9[3.4,] 	 SYMBOL:	 ARGS:
		 6: %v_10->days def_%v_11 %v_10[3.5,] 	 SYMBOL:	 ARGS:
		 7: %v_11->ago def_%v_12 %v_11[3.6,] 	 SYMBOL:	 ARGS:
		 8: %v_8->created_since def_%v_13 %v_8[3.3,] %v_12[3.7,] 	 SYMBOL:	 ARGS:%v_12,
		 9: %v_13->count def_%v_14 %v_13[3.8,] 	 SYMBOL:	 ARGS:
		 10: COPY TYPE_PASS def_count %v_14[3.9,] 
		 11: 
		 12: GLOBALVAR $redis def_%v_15 
		 13: (NUM_TOPICS_KEY) def_%v_16 
		 14: (CACHE_DURATION) def_%v_17 
		 15: %v_15->setex def_%v_18 %v_15[3.12,] %v_16[3.13,] %v_17[3.14,] %v_14[3.9,] 	 SYMBOL:	 ARGS:%v_16,%v_17,count,
		 16: 
		 17: RETURN count[3.10,] %self[2.0,] 
BB 4
	outgoing: 5 
	datadep: 
	instructions:
		 0: RETURN %v_5[2.8,] %self[2.0,] 
BB 5
	outgoing: 
	datadep: 
	instructions:

SET IRMethod, name = num_posts_in_time_period instanceMethod = false
BB 1
	outgoing: 5 2 
	datadep: 
	instructions:
BB 2
	outgoing: 3 4 
	datadep: 
	instructions:
		 0: def_%self 
		 1: def_%v_0 
		 2: COPY TYPE_CurrentScope def_%current_scope 
		 3: COPY TYPE_ScopeModule def_%current_module 
		 4: 
		 5: 
		 6: GLOBALVAR $redis def_%v_3 
		 7: (NUM_POSTS_KEY) def_%v_4 
		 8: %v_3->get def_%v_5 %v_3[2.6,] %v_4[2.7,] 	 SYMBOL:	 ARGS:%v_4,
		 9: BRANCH %v_5[2.8,] 
BB 3
	outgoing: 5 
	datadep: 
	instructions:
		 0: 
		 1: (Post) def_%v_6 
		 2: %v_6->public_posts def_%v_7 %v_6[3.1,] 	 SYMBOL:	 ARGS:
		 3: %v_7->visible def_%v_8 %v_7[3.2,] 	 SYMBOL:	 ARGS:
		 4: (SiteSetting) def_%v_9 
		 5: %v_9->tl3_time_period def_%v_10 %v_9[3.4,] 	 SYMBOL:	 ARGS:
		 6: %v_10->days def_%v_11 %v_10[3.5,] 	 SYMBOL:	 ARGS:
		 7: %v_11->ago def_%v_12 %v_11[3.6,] 	 SYMBOL:	 ARGS:
		 8: %v_8->created_since def_%v_13 %v_8[3.3,] %v_12[3.7,] 	 SYMBOL:	 ARGS:%v_12,
		 9: %v_13->count def_%v_14 %v_13[3.8,] 	 SYMBOL:	 ARGS:
		 10: COPY TYPE_PASS def_count %v_14[3.9,] 
		 11: 
		 12: GLOBALVAR $redis def_%v_15 
		 13: (NUM_POSTS_KEY) def_%v_16 
		 14: (CACHE_DURATION) def_%v_17 
		 15: %v_15->setex def_%v_18 %v_15[3.12,] %v_16[3.13,] %v_17[3.14,] %v_14[3.9,] 	 SYMBOL:	 ARGS:%v_16,%v_17,count,
		 16: 
		 17: RETURN count[3.10,] %self[2.0,] 
BB 4
	outgoing: 5 
	datadep: 
	instructions:
		 0: RETURN %v_5[2.8,] %self[2.0,] 
BB 5
	outgoing: 
	datadep: 
	instructions:

SET IRMethod, name = flagged_post_ids instanceMethod = true
BB 1
	outgoing: 7 2 
	datadep: 
	instructions:
BB 2
	outgoing: 3 4 
	datadep: 
	instructions:
		 0: def_%self 
		 1: def_%v_0 
		 2: COPY TYPE_CurrentScope def_%current_scope 
		 3: COPY TYPE_ScopeModule def_%current_module 
		 4: 
		 5: 
		 6: def_%v_4 %self[2.0,] 
		 7: COPY TYPE_PASS def_%v_3 %v_4[2.6,] 
		 8: %v_4[2.6,] 
BB 3
	outgoing: 4 
	datadep: 
	instructions:
		 0: GETFIELD %self->_flagged_post_ids def_%v_5 %self[2.0,] 
		 1: COPY TYPE_PASS def_%v_3 %v_5[3.0,] 
BB 4
	outgoing: 5 6 
	datadep: 
	instructions:
		 0: BRANCH %v_3[3.1,2.7,] 
BB 5
	outgoing: 7 
	datadep: 
	instructions:
		 0: GETFIELD %self->user def_%v_6 %self[2.0,] 
		 1: %v_6->posts def_%v_7 %v_6[5.0,] 	 SYMBOL:	 ARGS:
		 2: %v_7->with_deleted def_%v_8 %v_7[5.1,] 	 SYMBOL:	 ARGS:
		 3: COPY TYPE_StringLiteral "created_at > ? AND (spam_count > 0 OR inappropriate_count > 0)" def_%v_9 
		 4: %self->time_period def_%v_10 %self[2.0,] 	 SYMBOL:	 ARGS:
		 5: %v_10->days def_%v_11 %v_10[5.4,] 	 SYMBOL:	 ARGS:
		 6: %v_11->ago def_%v_12 %v_11[5.5,] 	 SYMBOL:	 ARGS:
		 7: %v_8->where def_%v_13 %v_8[5.2,] %v_9[5.3,] %v_12[5.6,] 	 SYMBOL:	 ARGS:%v_9,%v_12,
		 8: %v_13->pluck def_%v_14 %v_13[5.7,] 	 SYMBOL:id,	 ARGS:Symbol,
		 9: ATTRASSIGN %self->_flagged_post_ids %v_14[5.8,] 
		 10: RETURN %v_14[5.8,] %self[5.4,5.9,2.0,] 
BB 6
	outgoing: 7 
	datadep: 
	instructions:
		 0: RETURN %v_5[3.0,] %self[2.0,] 
BB 7
	outgoing: 
	datadep: 
	instructions:

