SET IRMethod, name = update_view_counts instanceMethod = false
BB 1
	outgoing: 5 2 
	datadep: 
	instructions:
BB 2
	outgoing: 3 4 
	datadep: 
	instructions:
		 0: def_%self 
		 1: def_%v_0 
		 2: COPY TYPE_CurrentScope def_%current_scope 
		 3: COPY TYPE_ScopeModule def_%current_module 
		 4: 
		 5: RECEIVECONSTARG def_last_seen 
		 6: last_seen[2.5,] 
BB 3
	outgoing: 4 
	datadep: 
	instructions:
		 0: CONSTANT def_%v_3 	 SYMBOL:	 ARGS:
		 1: %v_3->ago def_%v_4 %v_3[3.0,] 	 SYMBOL:	 ARGS:
		 2: COPY TYPE_PASS def_last_seen %v_4[3.1,] 
BB 4
	outgoing: 5 
	datadep: 
	instructions:
		 0: 
		 1: COPY TYPE_StringLiteral "UPDATE user_stats SET topics_entered = X.c
             FROM
            (SELECT v.user_id, COUNT(topic_id) AS c
             FROM topic_views AS v
             WHERE v.user_id IN (
                SELECT u1.id FROM users u1 where u1.last_seen_at > :seen_at
             )
             GROUP BY v.user_id) AS X
            WHERE
                    X.user_id = user_stats.user_id AND
                    X.c <> topics_entered
    " def_%v_5 
		 2: HASH-seen_at- def_%v_6 last_seen[3.2,2.5,] 
		 3: %self->exec_sql def_%v_7 %self[2.0,] %v_5[4.1,] %v_6[4.2,] 	 SYMBOL:	 ARGS:%v_5,%v_6,
		 4: 
		 5: COPY TYPE_StringLiteral "UPDATE user_stats SET posts_read_count = X.c
              FROM
              (SELECT pt.user_id,
                      COUNT(*) AS c
               FROM users AS u
               JOIN post_timings AS pt ON pt.user_id = u.id
               JOIN topics t ON t.id = pt.topic_id
               WHERE u.last_seen_at > :seen_at AND
                     t.archetype = 'regular' AND
                     t.deleted_at IS NULL
               GROUP BY pt.user_id) AS X
               WHERE X.user_id = user_stats.user_id AND
                     X.c <> posts_read_count
    " def_%v_8 
		 6: HASH-seen_at- def_%v_9 last_seen[3.2,2.5,] 
		 7: %self->exec_sql def_%v_10 %self[4.3,2.0,] %v_8[4.5,] %v_9[4.6,] 	 SYMBOL:	 ARGS:%v_8,%v_9,
		 8: RETURN %v_10[4.7,] %self[4.3,4.7,2.0,] 
BB 5
	outgoing: 
	datadep: 
	instructions:

SET IRMethod, name = update_topic_reply_count instanceMethod = true
BB 1
	outgoing: 3 2 
	datadep: 
	instructions:
BB 2
	outgoing: 3 
	datadep: 
	instructions:
		 0: def_%self 
		 1: def_%v_0 
		 2: COPY TYPE_CurrentScope def_%current_scope 
		 3: COPY TYPE_ScopeModule def_%current_module 
		 4: 
		 5: 
		 6: (Topic) def_%v_3 
		 7: COPY TYPE_StringLiteral "id in (
              SELECT topic_id FROM posts p
              JOIN topics t2 ON t2.id = p.topic_id
              WHERE p.deleted_at IS NULL AND
                t2.user_id <> p.user_id AND
                p.user_id = ?
              )" def_%v_4 
		 8: %self->user_id def_%v_5 %self[2.0,] 	 SYMBOL:	 ARGS:
		 9: COPY TYPE_Array def_%v_6 %v_4[2.7,] %v_5[2.8,] 
		 10: %v_3->where def_%v_7 %v_3[2.6,] %v_6[2.9,] 	 SYMBOL:	 ARGS:%v_6,
		 11: %v_7->count def_%v_8 %v_7[2.10,] 	 SYMBOL:	 ARGS:
		 12: ATTRASSIGN %self->topic_reply_count %v_8[2.11,] 
		 13: RETURN %v_8[2.11,] %self[2.0,2.8,2.12,] 
BB 3
	outgoing: 
	datadep: 
	instructions:

SET IRMethod, name = update_time_read! instanceMethod = true
BB 1
	outgoing: 11 2 
	datadep: 
	instructions:
BB 2
	outgoing: 3 9 
	datadep: 
	instructions:
		 0: def_%self 
		 1: def_%v_0 
		 2: COPY TYPE_CurrentScope def_%current_scope 
		 3: COPY TYPE_ScopeModule def_%current_module 
		 4: 
		 5: 
		 6: %self->last_seen_cached def_%v_3 %self[2.0,] 	 SYMBOL:	 ARGS:
		 7: COPY TYPE_PASS def_last_seen %v_3[2.6,] 
		 8: BRANCH %v_3[2.6,] 
BB 3
	outgoing: 4 5 
	datadep: 
	instructions:
		 0: 
		 1: (Time) def_%v_4 
		 2: %v_4->now def_%v_5 %v_4[3.1,] 	 SYMBOL:	 ARGS:
		 3: %v_5->to_f def_%v_6 %v_5[3.2,] 	 SYMBOL:	 ARGS:
		 4: last_seen->to_f def_%v_7 last_seen[2.7,] 	 SYMBOL:	 ARGS:
		 5: %v_6->- def_%v_8 %v_6[3.3,] %v_7[3.4,] 	 SYMBOL:	 ARGS:%v_7,
		 6: %v_8->round def_%v_9 %v_8[3.5,] 	 SYMBOL:	 ARGS:
		 7: COPY TYPE_PASS def_diff %v_9[3.6,] 
		 8: 
		 9: %v_9->> def_%v_10 %v_9[3.6,] 	 SYMBOL:	 ARGS:Fixnum,
		 10: BRANCH %v_10[3.9,] 
BB 4
	outgoing: 5 
	datadep: 
	instructions:
		 0: (MAX_TIME_READ_DIFF) def_%v_11 
		 1: diff->< def_%v_12 diff[3.7,] %v_11[4.0,] 	 SYMBOL:	 ARGS:%v_11,
		 2: COPY TYPE_PASS def_%v_10 %v_12[4.1,] 
BB 5
	outgoing: 6 7 
	datadep: 
	instructions:
		 0: BRANCH %v_10[4.2,3.9,] 
BB 6
	outgoing: 8 
	datadep: 
	instructions:
		 0: 
		 1: (UserStat) def_%v_13 
		 2: %self->id def_%v_14 %self[2.0,] 	 SYMBOL:	 ARGS:
		 3: %self->time_read def_%v_15 %self[6.2,2.0,] 	 SYMBOL:	 ARGS:
		 4: HASH-user_id-time_read- def_%v_16 %v_14[6.2,] %v_15[6.3,] 
		 5: %v_13->where def_%v_17 %v_13[6.1,] %v_16[6.4,] 	 SYMBOL:	 ARGS:%v_16,
		 6: COPY TYPE_StringLiteral "time_read = time_read + ?" def_%v_18 
		 7: COPY TYPE_Array def_%v_19 %v_18[6.6,] diff[3.7,] 
		 8: %v_17->update_all def_%v_20 %v_17[6.5,] %v_19[6.7,] 	 SYMBOL:	 ARGS:%v_19,
		 9: 
BB 7
	outgoing: 8 
	datadep: 
	instructions:
		 0: COPY TYPE_Nil def_%v_20 
BB 8
	outgoing: 10 
	datadep: 
	instructions:
		 0: 
BB 9
	outgoing: 10 
	datadep: 
	instructions:
		 0: COPY TYPE_Nil def_%v_20 
BB 10
	outgoing: 11 
	datadep: 
	instructions:
		 0: 
		 1: (Time) def_%v_21 
		 2: %v_21->now def_%v_22 %v_21[10.1,] 	 SYMBOL:	 ARGS:
		 3: %v_22->to_f def_%v_23 %v_22[10.2,] 	 SYMBOL:	 ARGS:
		 4: %self->cache_last_seen def_%v_24 %self[2.0,] %v_23[10.3,] 	 SYMBOL:	 ARGS:%v_23,
		 5: RETURN %v_24[10.4,] %self[10.4,2.0,] 
BB 11
	outgoing: 
	datadep: 
	instructions:

SET IRMethod, name = trigger_badges instanceMethod = true
BB 1
	outgoing: 7 2 
	datadep: 
	instructions:
BB 2
	outgoing: 3 4 
	datadep: 
	instructions:
		 0: def_%self 
		 1: def_%v_0 
		 2: COPY TYPE_CurrentScope def_%current_scope 
		 3: COPY TYPE_ScopeModule def_%current_module 
		 4: 
		 5: 
		 6: (BadgeGranter) def_%v_3 
		 7: (Badge) def_%v_4 
		 8: (inherit Trigger) def_%v_5 %v_4[2.7,] 
		 9: %v_5[2.8,] 
BB 3
	outgoing: 4 
	datadep: 
	instructions:
		 0: %v_4->const_missing def_%v_5 %v_4[2.7,] 	 SYMBOL:Trigger,	 ARGS:Symbol,
BB 4
	outgoing: 5 6 
	datadep: 
	instructions:
		 0: (inherit UserChange) def_%v_6 %v_5[3.0,2.8,] 
		 1: %v_6[4.0,] 
BB 5
	outgoing: 6 
	datadep: 
	instructions:
		 0: %v_5->const_missing def_%v_6 %v_5[3.0,2.8,] 	 SYMBOL:UserChange,	 ARGS:Symbol,
BB 6
	outgoing: 7 
	datadep: 
	instructions:
		 0: %self->user def_%v_7 %self[2.0,] 	 SYMBOL:	 ARGS:
		 1: HASH-user- def_%v_8 %v_7[6.0,] 
		 2: %v_3->queue_badge_grant def_%v_9 %v_3[2.6,] %v_6[5.0,4.0,] %v_8[6.1,] 	 SYMBOL:	 ARGS:%v_6,%v_8,
		 3: RETURN %v_9[6.2,] %self[6.0,2.0,] 
BB 7
	outgoing: 
	datadep: 
	instructions:

SET IRMethod, name = last_seen_key instanceMethod = true
BB 1
	outgoing: 7 2 
	datadep: 
	instructions:
BB 2
	outgoing: 3 4 
	datadep: 
	instructions:
		 0: def_%self 
		 1: def_%v_0 
		 2: COPY TYPE_CurrentScope def_%current_scope 
		 3: COPY TYPE_ScopeModule def_%current_module 
		 4: 
		 5: 
		 6: def_%v_4 %self[2.0,] 
		 7: COPY TYPE_PASS def_%v_3 %v_4[2.6,] 
		 8: %v_4[2.6,] 
BB 3
	outgoing: 4 
	datadep: 
	instructions:
		 0: GETFIELD %self->last_seen_key def_%v_5 %self[2.0,] 
		 1: COPY TYPE_PASS def_%v_3 %v_5[3.0,] 
BB 4
	outgoing: 5 6 
	datadep: 
	instructions:
		 0: BRANCH %v_3[3.1,2.7,] 
BB 5
	outgoing: 7 
	datadep: 
	instructions:
		 0: COPY TYPE_StringLiteral "user-last-seen:" def_%v_6 
		 1: %self->id def_%v_7 %self[2.0,] 	 SYMBOL:	 ARGS:
		 2: BUILDSTRING def_%v_8 %v_6[5.0,] %v_7[5.1,] 
		 3: ATTRASSIGN %self->last_seen_key %v_8[5.2,] 
		 4: RETURN %v_8[5.2,] %self[5.1,5.3,2.0,] 
BB 6
	outgoing: 7 
	datadep: 
	instructions:
		 0: RETURN %v_5[3.0,] %self[2.0,] 
BB 7
	outgoing: 
	datadep: 
	instructions:

SET IRMethod, name = last_seen_cached instanceMethod = true
BB 1
	outgoing: 3 2 
	datadep: 
	instructions:
BB 2
	outgoing: 3 
	datadep: 
	instructions:
		 0: def_%self 
		 1: def_%v_0 
		 2: COPY TYPE_CurrentScope def_%current_scope 
		 3: COPY TYPE_ScopeModule def_%current_module 
		 4: 
		 5: 
		 6: GLOBALVAR $redis def_%v_3 
		 7: %self->last_seen_key def_%v_4 %self[2.0,] 	 SYMBOL:	 ARGS:
		 8: %v_3->get def_%v_5 %v_3[2.6,] %v_4[2.7,] 	 SYMBOL:	 ARGS:%v_4,
		 9: RETURN %v_5[2.8,] %self[2.0,2.7,] 
BB 3
	outgoing: 
	datadep: 
	instructions:

SET IRMethod, name = cache_last_seen instanceMethod = true
BB 1
	outgoing: 3 2 
	datadep: 
	instructions:
BB 2
	outgoing: 3 
	datadep: 
	instructions:
		 0: def_%self 
		 1: def_%v_0 
		 2: COPY TYPE_CurrentScope def_%current_scope 
		 3: COPY TYPE_ScopeModule def_%current_module 
		 4: 
		 5: RECEIVEARG def_val 
		 6: 
		 7: GLOBALVAR $redis def_%v_3 
		 8: %self->last_seen_key def_%v_4 %self[2.0,] 	 SYMBOL:	 ARGS:
		 9: %v_3->set def_%v_5 %v_3[2.7,] %v_4[2.8,] val[2.5,] 	 SYMBOL:	 ARGS:%v_4,val,
		 10: RETURN %v_5[2.9,] %self[2.0,2.8,] 
BB 3
	outgoing: 
	datadep: 
	instructions:

