SET IRMethod, name = perform instanceMethod = true
BB 1
	outgoing: 5 2 
	datadep: 
	instructions:
BB 2
	outgoing: 3 4 
	datadep: 
	instructions:
		 0: def_%self 
		 1: def_%v_0 
		 2: COPY TYPE_CurrentScope def_%current_scope 
		 3: COPY TYPE_ScopeModule def_%current_module 
		 4: 
		 5: RECEIVEARG def_note_id 
		 6: RECEIVEARG def_note_params 
		 7: 
		 8: (Note) def_%v_3 
		 9: %v_3->find def_%v_4 %v_3[2.8,] note_id[2.5,] 	 SYMBOL:	 ARGS:note_id,
		 10: COPY TYPE_PASS def_note %v_4[2.9,] 
		 11: 
		 12: (NotificationService) def_%v_5 
		 13: %v_5->new def_%v_6 %v_5[2.12,] 	 SYMBOL:	 ARGS:
		 14: %v_6->new_note def_%v_7 %v_6[2.13,] note[2.10,] 	 SYMBOL:	 ARGS:note,
		 15: 
		 16: (Notes) def_%v_8 
		 17: (inherit PostProcessService) def_%v_9 %v_8[2.16,] 
		 18: %v_9[2.17,] 
BB 3
	outgoing: 4 
	datadep: 
	instructions:
		 0: %v_8->const_missing def_%v_9 %v_8[2.16,] 	 SYMBOL:PostProcessService,	 ARGS:Symbol,
BB 4
	outgoing: 5 
	datadep: 
	instructions:
		 0: %v_9->new def_%v_10 %v_9[3.0,2.17,] note[2.10,] 	 SYMBOL:	 ARGS:note,
		 1: %v_10->execute def_%v_11 %v_10[4.0,] 	 SYMBOL:	 ARGS:
		 2: RETURN %v_11[4.1,] %self[2.0,] 
BB 5
	outgoing: 
	datadep: 
	instructions:

