SET IRMethod, name = plans instanceMethod = false
BB 1
	outgoing: 7 2 
	datadep: 
	instructions:
BB 2
	outgoing: 3 4 
	datadep: 
	instructions:
		 0: def_%self 
		 1: def_%v_0 
		 2: COPY TYPE_CurrentScope def_%current_scope 
		 3: COPY TYPE_ScopeModule def_%current_module 
		 4: 
		 5: 
		 6: def_%v_4 %self[2.0,] 
		 7: COPY TYPE_PASS def_%v_3 %v_4[2.6,] 
		 8: %v_4[2.6,] 
BB 3
	outgoing: 4 
	datadep: 
	instructions:
		 0: GETFIELD %self->plans def_%v_5 %self[2.0,] 
		 1: COPY TYPE_PASS def_%v_3 %v_5[3.0,] 
BB 4
	outgoing: 5 6 
	datadep: 
	instructions:
		 0: BRANCH %v_3[3.1,2.7,] 
BB 5
	outgoing: 7 
	datadep: 
	instructions:
		 0: %self->build_plans_api def_%v_6 %self[2.0,] 	 SYMBOL:	 ARGS:
		 1: ATTRASSIGN %self->plans %v_6[5.0,] 
		 2: RETURN %v_6[5.0,] %self[5.0,5.1,2.0,] 
BB 6
	outgoing: 7 
	datadep: 
	instructions:
		 0: RETURN %v_5[3.0,] %self[2.0,] 
BB 7
	outgoing: 
	datadep: 
	instructions:

SET IRMethod, name = logger instanceMethod = false
BB 1
	outgoing: 7 2 
	datadep: 
	instructions:
BB 2
	outgoing: 3 4 
	datadep: 
	instructions:
		 0: def_%self 
		 1: def_%v_0 
		 2: COPY TYPE_CurrentScope def_%current_scope 
		 3: COPY TYPE_ScopeModule def_%current_module 
		 4: 
		 5: 
		 6: def_%v_4 %self[2.0,] 
		 7: COPY TYPE_PASS def_%v_3 %v_4[2.6,] 
		 8: %v_4[2.6,] 
BB 3
	outgoing: 4 
	datadep: 
	instructions:
		 0: GETFIELD %self->logger def_%v_5 %self[2.0,] 
		 1: COPY TYPE_PASS def_%v_3 %v_5[3.0,] 
BB 4
	outgoing: 5 6 
	datadep: 
	instructions:
		 0: BRANCH %v_3[3.1,2.7,] 
BB 5
	outgoing: 7 
	datadep: 
	instructions:
		 0: %self->build_logger def_%v_6 %self[2.0,] 	 SYMBOL:	 ARGS:
		 1: ATTRASSIGN %self->logger %v_6[5.0,] 
		 2: RETURN %v_6[5.0,] %self[5.0,5.1,2.0,] 
BB 6
	outgoing: 7 
	datadep: 
	instructions:
		 0: RETURN %v_5[3.0,] %self[2.0,] 
BB 7
	outgoing: 
	datadep: 
	instructions:

SET IRMethod, name = build_plans_api instanceMethod = false
BB 1
	outgoing: 14 2 
	datadep: 
	instructions:
BB 2
	outgoing: 3 8 
	datadep: 
	instructions:
		 0: def_%self 
		 1: def_%v_0 
		 2: COPY TYPE_CurrentScope def_%current_scope 
		 3: COPY TYPE_ScopeModule def_%current_module 
		 4: 
		 5: 
		 6: %self->build_configuration def_%v_3 %self[2.0,] 	 SYMBOL:	 ARGS:
		 7: COPY TYPE_PASS def_configuration %v_3[2.6,] 
		 8: 
		 9: %v_3->[] def_%v_4 %v_3[2.6,] 	 SYMBOL:active,	 ARGS:Symbol,
		 10: BRANCH %v_4[2.9,] 
BB 3
	outgoing: 4 5 
	datadep: 
	instructions:
		 0: 
		 1: (PlanService) def_%v_5 
		 2: (inherit API) def_%v_6 %v_5[3.1,] 
		 3: %v_6[3.2,] 
BB 4
	outgoing: 5 
	datadep: 
	instructions:
		 0: %v_5->const_missing def_%v_6 %v_5[3.1,] 	 SYMBOL:API,	 ARGS:Symbol,
BB 5
	outgoing: 6 7 
	datadep: 
	instructions:
		 0: (inherit Plans) def_%v_7 %v_6[4.0,3.2,] 
		 1: %v_7[5.0,] 
BB 6
	outgoing: 7 
	datadep: 
	instructions:
		 0: %v_6->const_missing def_%v_7 %v_6[4.0,3.2,] 	 SYMBOL:Plans,	 ARGS:Symbol,
BB 7
	outgoing: 14 
	datadep: 
	instructions:
		 0: %v_7->new def_%v_8 %v_7[6.0,5.0,] configuration[2.7,] 	 SYMBOL:	 ARGS:configuration,
		 1: RETURN %v_8[7.0,] %self[2.0,] 
BB 8
	outgoing: 9 10 
	datadep: 
	instructions:
		 0: 
		 1: (PlanService) def_%v_9 
		 2: (inherit API) def_%v_10 %v_9[8.1,] 
		 3: %v_10[8.2,] 
BB 9
	outgoing: 10 
	datadep: 
	instructions:
		 0: %v_9->const_missing def_%v_10 %v_9[8.1,] 	 SYMBOL:API,	 ARGS:Symbol,
BB 10
	outgoing: 11 12 
	datadep: 
	instructions:
		 0: (inherit NoPlans) def_%v_11 %v_10[9.0,8.2,] 
		 1: %v_11[10.0,] 
BB 11
	outgoing: 12 
	datadep: 
	instructions:
		 0: %v_10->const_missing def_%v_11 %v_10[9.0,8.2,] 	 SYMBOL:NoPlans,	 ARGS:Symbol,
BB 12
	outgoing: 14 
	datadep: 
	instructions:
		 0: %v_11->new def_%v_12 %v_11[11.0,10.0,] 	 SYMBOL:	 ARGS:
		 1: RETURN %v_12[12.0,] %self[2.0,] 
BB 14
	outgoing: 
	datadep: 
	instructions:

SET IRMethod, name = build_configuration instanceMethod = false
BB 1
	outgoing: 3 2 
	datadep: 
	instructions:
BB 2
	outgoing: 3 
	datadep: 
	instructions:
		 0: def_%self 
		 1: def_%v_0 
		 2: COPY TYPE_CurrentScope def_%current_scope 
		 3: COPY TYPE_ScopeModule def_%current_module 
		 4: 
		 5: 
		 6: (Configuration) def_%v_3 
		 7: (APP_CONFIG) def_%v_4 
		 8: %v_4->external_plan_service_in_use def_%v_5 %v_4[2.7,] 	 SYMBOL:	 ARGS:
		 9: (APP_CONFIG) def_%v_6 
		 10: %v_6->external_plan_service_login_url def_%v_7 %v_6[2.9,] 	 SYMBOL:	 ARGS:
		 11: (APP_CONFIG) def_%v_8 
		 12: %v_8->external_plan_service_secret def_%v_9 %v_8[2.11,] 	 SYMBOL:	 ARGS:
		 13: HASH-active-external_plan_service_login_url-jwt_secret- def_%v_10 %v_5[2.8,] %v_7[2.10,] %v_9[2.12,] 
		 14: %v_3->call def_%v_11 %v_3[2.6,] %v_10[2.13,] 	 SYMBOL:	 ARGS:%v_10,
		 15: RETURN %v_11[2.14,] %self[2.0,] 
BB 3
	outgoing: 
	datadep: 
	instructions:

SET IRMethod, name = build_logger instanceMethod = false
BB 1
	outgoing: 3 2 
	datadep: 
	instructions:
BB 2
	outgoing: 3 
	datadep: 
	instructions:
		 0: def_%self 
		 1: def_%v_0 
		 2: COPY TYPE_CurrentScope def_%current_scope 
		 3: COPY TYPE_ScopeModule def_%current_module 
		 4: 
		 5: 
		 6: (SharetribeLogger) def_%v_3 
		 7: COPY TYPE_Array def_%v_4 
		 8: %v_3->new def_%v_5 %v_3[2.6,] %v_4[2.7,] 	 SYMBOL:external_plan_service,	 ARGS:Symbol,%v_4,
		 9: RETURN %v_5[2.8,] %self[2.0,] 
BB 3
	outgoing: 
	datadep: 
	instructions:

