SET IRMethod, name = active instanceMethod = false
BB 1
	outgoing: 3 2 
	datadep: 
	instructions:
BB 2
	outgoing: 3 
	datadep: 
	instructions:
		 0: def_%self 
		 1: def_%v_0 
		 2: COPY TYPE_CurrentScope def_%current_scope 
		 3: COPY TYPE_ScopeModule def_%current_module 
		 4: 
		 5: 
		 6: HASH-active- def_%v_3 
		 7: %self->where def_%v_4 %self[2.0,] %v_3[2.6,] 	 SYMBOL:	 ARGS:%v_3,
		 8: RETURN %v_4[2.7,] %self[2.0,2.7,] 
BB 3
	outgoing: 
	datadep: 
	instructions:

SET IRMethod, name = active instanceMethod = false
BB 1
	outgoing: 3 2 
	datadep: 
	instructions:
BB 2
	outgoing: 3 
	datadep: 
	instructions:
		 0: def_%self 
		 1: def_%v_0 
		 2: COPY TYPE_CurrentScope def_%current_scope 
		 3: COPY TYPE_ScopeModule def_%current_module 
		 4: 
		 5: 
		 6: HASH-active- def_%v_3 
		 7: %self->where def_%v_4 %self[2.0,] %v_3[2.6,] 	 SYMBOL:	 ARGS:%v_3,
		 8: RETURN %v_4[2.7,] %self[2.0,2.7,] 
BB 3
	outgoing: 
	datadep: 
	instructions:

SET IRMethod, name = active instanceMethod = false
BB 1
	outgoing: 3 2 
	datadep: 
	instructions:
BB 2
	outgoing: 3 
	datadep: 
	instructions:
		 0: def_%self 
		 1: def_%v_0 
		 2: COPY TYPE_CurrentScope def_%current_scope 
		 3: COPY TYPE_ScopeModule def_%current_module 
		 4: 
		 5: 
		 6: HASH-active- def_%v_3 
		 7: %self->where def_%v_4 %self[2.0,] %v_3[2.6,] 	 SYMBOL:	 ARGS:%v_3,
		 8: RETURN %v_4[2.7,] %self[2.0,2.7,] 
BB 3
	outgoing: 
	datadep: 
	instructions:

SET IRMethod, name = tracking_url_for instanceMethod = true
BB 1
	outgoing: 6 2 
	datadep: 
	instructions:
BB 2
	outgoing: 3 4 
	datadep: 
	instructions:
		 0: def_%self 
		 1: def_%v_0 
		 2: COPY TYPE_CurrentScope def_%current_scope 
		 3: COPY TYPE_ScopeModule def_%current_module 
		 4: 
		 5: RECEIVEARG def_order 
		 6: 
		 7: %self->tracking_url def_%v_3 %self[2.0,] 	 SYMBOL:	 ARGS:
		 8: %v_3->blank? def_%v_4 %v_3[2.7,] 	 SYMBOL:	 ARGS:
		 9: BRANCH %v_4[2.8,] 
BB 3
	outgoing: 6 
	datadep: 
	instructions:
		 0: RETURN %self[2.0,] 
BB 4
	outgoing: 6 
	datadep: 
	instructions:
		 0: COPY TYPE_Nil def_%v_5 
		 1: 
		 2: %self->tracking_url def_%v_6 %self[2.0,] 	 SYMBOL:	 ARGS:
		 3: %v_6->dup def_%v_7 %v_6[4.2,] 	 SYMBOL:	 ARGS:
		 4: COPY TYPE_PASS def_tracking_url %v_7[4.3,] 
		 5: 
		 6: COPY TYPE_StringLiteral "{{consignment_number}}" def_%v_8 
		 7: (CGI) def_%v_9 
		 8: order->consignment_number def_%v_10 order[2.5,] 	 SYMBOL:	 ARGS:
		 9: %v_10->to_s def_%v_11 %v_10[4.8,] 	 SYMBOL:	 ARGS:
		 10: %v_9->escape def_%v_12 %v_9[4.7,] %v_11[4.9,] 	 SYMBOL:	 ARGS:%v_11,
		 11: tracking_url->gsub! def_%v_13 tracking_url[4.4,] %v_8[4.6,] %v_12[4.10,] 	 SYMBOL:	 ARGS:%v_8,%v_12,
		 12: 
		 13: COPY TYPE_StringLiteral "{{delivery_postcode}}" def_%v_14 
		 14: (CGI) def_%v_15 
		 15: order->delivery_postcode def_%v_16 order[4.8,2.5,] 	 SYMBOL:	 ARGS:
		 16: %v_16->to_s def_%v_17 %v_16[4.15,] 	 SYMBOL:	 ARGS:
		 17: %v_15->escape def_%v_18 %v_15[4.14,] %v_17[4.16,] 	 SYMBOL:	 ARGS:%v_17,
		 18: tracking_url->gsub! def_%v_19 tracking_url[4.4,4.11,] %v_14[4.13,] %v_18[4.17,] 	 SYMBOL:	 ARGS:%v_14,%v_18,
		 19: 
		 20: COPY TYPE_StringLiteral "{{billing_postcode}}" def_%v_20 
		 21: (CGI) def_%v_21 
		 22: order->billing_postcode def_%v_22 order[4.8,4.15,2.5,] 	 SYMBOL:	 ARGS:
		 23: %v_22->to_s def_%v_23 %v_22[4.22,] 	 SYMBOL:	 ARGS:
		 24: %v_21->escape def_%v_24 %v_21[4.21,] %v_23[4.23,] 	 SYMBOL:	 ARGS:%v_23,
		 25: tracking_url->gsub! def_%v_25 tracking_url[4.4,4.11,4.18,] %v_20[4.20,] %v_24[4.24,] 	 SYMBOL:	 ARGS:%v_20,%v_24,
		 26: 
		 27: RETURN tracking_url[4.4,4.11,4.18,4.25,] %self[4.2,2.0,] 
BB 6
	outgoing: 
	datadep: 
	instructions:

