SET IRMethod, name = to_events instanceMethod = true
BB 1
	outgoing: 12 2 
	datadep: 
	instructions:
BB 2
	outgoing: 3 4 
	datadep: 
	instructions:
		 0: def_%self 
		 1: def_%v_0 
		 2: COPY TYPE_CurrentScope def_%current_scope 
		 3: COPY TYPE_ScopeModule def_%current_module 
		 4: 
		 5: 
		 6: (Calagator) def_%v_3 
		 7: %v_3->meetup_api_key def_%v_4 %v_3[2.6,] 	 SYMBOL:	 ARGS:
		 8: %v_4->present? def_%v_5 %v_4[2.7,] 	 SYMBOL:	 ARGS:
		 9: BRANCH %v_5[2.8,] 
BB 3
	outgoing: 6 7 
	datadep: 
	instructions:
		 0: COPY TYPE_Nil def_%v_6 
		 1: 
		 2: %self->get_data def_%v_8 %self[2.0,] 	 SYMBOL:	 ARGS:
		 3: COPY TYPE_PASS def_data %v_8[3.2,] 
		 4: BRANCH %v_8[3.2,] 
BB 4
	outgoing: 12 
	datadep: 
	instructions:
		 0: %self->fallback def_%v_7 %self[2.0,] 	 SYMBOL:	 ARGS:
		 1: RETURN %v_7[4.0,] %self[4.0,2.0,] 
BB 6
	outgoing: 9 10 
	datadep: 
	instructions:
		 0: COPY TYPE_Nil def_%v_9 
		 1: 
		 2: (Time) def_%v_10 
		 3: COPY TYPE_StringLiteral "time" def_%v_11 
		 4: data->[] def_%v_12 data[3.3,] %v_11[6.3,] 	 SYMBOL:	 ARGS:%v_11,
		 5: %v_12->/ def_%v_13 %v_12[6.4,] 	 SYMBOL:	 ARGS:Fixnum,
		 6: %v_10->at def_%v_14 %v_10[6.2,] %v_13[6.5,] 	 SYMBOL:	 ARGS:%v_13,
		 7: %v_14->utc def_%v_15 %v_14[6.6,] 	 SYMBOL:	 ARGS:
		 8: COPY TYPE_PASS def_start_time %v_15[6.7,] 
		 9: 
		 10: (Event) def_%v_16 
		 11: %self->source def_%v_17 %self[2.0,] 	 SYMBOL:	 ARGS:
		 12: 
		 13: COPY TYPE_StringLiteral "group" def_%v_18 
		 14: data->[] def_%v_19 data[6.4,3.3,] %v_18[6.13,] 	 SYMBOL:	 ARGS:%v_18,
		 15: COPY TYPE_StringLiteral "name" def_%v_20 
		 16: %v_19->[] def_%v_21 %v_19[6.14,] %v_20[6.15,] 	 SYMBOL:	 ARGS:%v_20,
		 17: COPY TYPE_StringLiteral " - " def_%v_22 
		 18: COPY TYPE_StringLiteral "name" def_%v_23 
		 19: data->[] def_%v_24 data[6.4,6.14,3.3,] %v_23[6.18,] 	 SYMBOL:	 ARGS:%v_23,
		 20: BUILDSTRING def_%v_25 %v_21[6.16,] %v_22[6.17,] %v_24[6.19,] 
		 21: COPY TYPE_StringLiteral "description" def_%v_26 
		 22: data->[] def_%v_27 data[6.4,6.14,6.19,3.3,] %v_26[6.21,] 	 SYMBOL:	 ARGS:%v_26,
		 23: COPY TYPE_StringLiteral "event_url" def_%v_28 
		 24: data->[] def_%v_29 data[6.4,6.14,6.19,6.22,3.3,] %v_28[6.23,] 	 SYMBOL:	 ARGS:%v_28,
		 25: COPY TYPE_StringLiteral "venue" def_%v_30 
		 26: data->[] def_%v_31 data[6.4,6.14,6.19,6.22,6.24,3.3,] %v_30[6.25,] 	 SYMBOL:	 ARGS:%v_30,
		 27: %self->to_venue def_%v_32 %self[6.11,2.0,] %v_31[6.26,] 	 SYMBOL:	 ARGS:%v_31,
		 28: COPY TYPE_StringLiteral "meetup:event=" def_%v_33 
		 29: 
		 30: COPY TYPE_StringLiteral "event_id" def_%v_34 
		 31: data->[] def_%v_35 data[6.4,6.14,6.19,6.22,6.24,6.26,3.3,] %v_34[6.30,] 	 SYMBOL:	 ARGS:%v_34,
		 32: COPY TYPE_StringLiteral ", meetup:group=" def_%v_36 
		 33: COPY TYPE_StringLiteral "group" def_%v_37 
		 34: data->[] def_%v_38 data[6.4,6.14,6.19,6.22,6.24,6.26,6.31,3.3,] %v_37[6.33,] 	 SYMBOL:	 ARGS:%v_37,
		 35: COPY TYPE_StringLiteral "urlname" def_%v_39 
		 36: %v_38->[] def_%v_40 %v_38[6.34,] %v_39[6.35,] 	 SYMBOL:	 ARGS:%v_39,
		 37: %self->group_topics def_%v_41 %self[6.11,6.27,2.0,] data[6.4,6.14,6.19,6.22,6.24,6.26,6.31,6.34,3.3,] 	 SYMBOL:	 ARGS:data,
		 38: BUILDSTRING def_%v_42 %v_33[6.28,] %v_35[6.31,] %v_36[6.32,] %v_40[6.36,] %v_41[6.37,] 
		 39: 
		 40: COPY TYPE_StringLiteral "duration" def_%v_43 
		 41: data->[] def_%v_44 data[6.4,6.14,6.19,6.22,6.24,6.26,6.31,6.34,3.3,] %v_43[6.40,] 	 SYMBOL:	 ARGS:%v_43,
		 42: BRANCH %v_44[6.41,] 
BB 7
	outgoing: 12 
	datadep: 
	instructions:
		 0: RETURN %self[2.0,] 
BB 9
	outgoing: 11 
	datadep: 
	instructions:
		 0: COPY TYPE_StringLiteral "duration" def_%v_45 
		 1: data->[] def_%v_46 data[3.3,] %v_45[9.0,] 	 SYMBOL:	 ARGS:%v_45,
		 2: %v_46->/ def_%v_47 %v_46[9.1,] 	 SYMBOL:	 ARGS:Fixnum,
		 3: start_time->+ def_%v_48 start_time[6.8,] %v_47[9.2,] 	 SYMBOL:	 ARGS:%v_47,
		 4: 
BB 10
	outgoing: 11 
	datadep: 
	instructions:
		 0: COPY TYPE_Nil def_%v_48 
BB 11
	outgoing: 12 
	datadep: 
	instructions:
		 0: HASH-source-title-description-url-venue-tag_list-start_time-end_time- def_%v_49 %v_17[6.11,] %v_25[6.20,] %v_27[6.22,] %v_29[6.24,] %v_32[6.27,] %v_42[6.38,] start_time[6.8,] %v_48[10.0,9.3,] 
		 1: %v_16->new def_%v_50 %v_16[6.10,] %v_49[11.0,] 	 SYMBOL:	 ARGS:%v_49,
		 2: COPY TYPE_PASS def_event %v_50[11.1,] 
		 3: 
		 4: %self->event_or_duplicate def_%v_51 %self[2.0,] %v_50[11.1,] 	 SYMBOL:	 ARGS:event,
		 5: COPY TYPE_Array def_%v_52 %v_51[11.4,] 
		 6: RETURN %v_52[11.5,] %self[11.4,2.0,] 
BB 12
	outgoing: 
	datadep: 
	instructions:

SET IRMethod, name = fallback instanceMethod = true
BB 1
	outgoing: 7 2 
	datadep: 
	instructions:
BB 2
	outgoing: 3 4 
	datadep: 
	instructions:
		 0: def_%self 
		 1: def_%v_0 
		 2: COPY TYPE_CurrentScope def_%current_scope 
		 3: COPY TYPE_ScopeModule def_%current_module 
		 4: 
		 5: 
		 6: (Source) def_%v_3 
		 7: (inherit Parser) def_%v_4 %v_3[2.6,] 
		 8: %v_4[2.7,] 
BB 3
	outgoing: 4 
	datadep: 
	instructions:
		 0: %v_3->const_missing def_%v_4 %v_3[2.6,] 	 SYMBOL:Parser,	 ARGS:Symbol,
BB 4
	outgoing: 5 6 
	datadep: 
	instructions:
		 0: (inherit Ical) def_%v_5 %v_4[3.0,2.7,] 
		 1: %v_5[4.0,] 
BB 5
	outgoing: 6 
	datadep: 
	instructions:
		 0: %v_4->const_missing def_%v_5 %v_4[3.0,2.7,] 	 SYMBOL:Ical,	 ARGS:Symbol,
BB 6
	outgoing: 7 
	datadep: 
	instructions:
		 0: COPY TYPE_Regexp def_%v_6 
		 1: %self->lambda def_%v_7 %self[2.0,] %self[2.0,] 	 SYMBOL:	 ARGS:%self,
CLOSURE BEGIN: matcher[] 
BB 1
	outgoing: 6 2 
	datadep: 
	instructions:
BB 2
	outgoing: 3 
	datadep: 
	instructions:
		 0: def_%self 
		 1: def_%cl_1_0 
		 2: RECEIVEARG def_matcher 
		 3: COPY TYPE_CurrentScope def_%current_scope 
		 4: COPY TYPE_ScopeModule def_%current_module 
BB 3
	outgoing: 4 6 
	datadep: 
	instructions:
		 0: 
		 1: COPY TYPE_StringLiteral "http://www.meetup.com/" def_%cl_1_3 
		 2: matcher->[] def_%cl_1_4 matcher[2.2,] 	 SYMBOL:	 ARGS:Fixnum,
		 3: COPY TYPE_StringLiteral "/events/" def_%cl_1_5 
		 4: matcher->[] def_%cl_1_6 matcher[3.2,2.2,] 	 SYMBOL:	 ARGS:Fixnum,
		 5: COPY TYPE_StringLiteral "/ical" def_%cl_1_7 
		 6: BUILDSTRING def_%cl_1_8 %cl_1_3[3.1,] %cl_1_4[3.2,] %cl_1_5[3.3,] %cl_1_6[3.4,] %cl_1_7[3.5,] 
		 7: RETURN %cl_1_8[3.6,] %self[2.0,] 
BB 4
	outgoing: 6 
	datadep: 
	instructions:
		 0: def_%cl_1_9 
		 1: def_%cl_1_10 %cl_1_9[4.0,] 
		 2: RETURN %cl_1_10[4.1,] %self[2.0,] 
BB 6
	outgoing: 
	datadep: 
	instructions:
CLOSURE END: 
		 2: %self->to_events_wrapper def_%v_8 %self[6.1,2.0,] %v_5[5.0,4.0,] %v_6[6.0,] %v_7[6.1,] 	 SYMBOL:	 ARGS:%v_5,%v_6,%v_7,
		 3: RETURN %v_8[6.2,] %self[6.1,6.2,2.0,] 
BB 7
	outgoing: 
	datadep: 
	instructions:

SET IRMethod, name = get_data instanceMethod = true
BB 1
	outgoing: 3 2 
	datadep: 
	instructions:
BB 2
	outgoing: 3 
	datadep: 
	instructions:
		 0: def_%self 
		 1: def_%v_0 
		 2: COPY TYPE_CurrentScope def_%current_scope 
		 3: COPY TYPE_ScopeModule def_%current_module 
		 4: 
		 5: 
		 6: %self->url def_%v_3 %self[2.0,] 	 SYMBOL:	 ARGS:
		 7: COPY TYPE_StringLiteral "problem" def_%v_4 
		 8: %self->to_events_api_helper def_%v_5 %self[2.0,2.6,] %v_3[2.6,] %v_4[2.7,] %self[2.0,2.6,] 	 SYMBOL:	 ARGS:%v_3,%v_4,%self,
CLOSURE BEGIN: event_id[] 
BB 1
	outgoing: 6 2 
	datadep: 
	instructions:
BB 2
	outgoing: 3 
	datadep: 
	instructions:
		 0: def_%self 
		 1: def_%cl_1_0 
		 2: RECEIVEARG def_event_id 
		 3: COPY TYPE_CurrentScope def_%current_scope 
		 4: COPY TYPE_ScopeModule def_%current_module 
BB 3
	outgoing: 4 6 
	datadep: 
	instructions:
		 0: 
		 1: COPY TYPE_StringLiteral "https://api.meetup.com/2/event/" def_%cl_1_3 
		 2: BUILDSTRING def_%cl_1_4 %cl_1_3[3.1,] event_id[2.2,] 
		 3: (Calagator) def_%cl_1_5 
		 4: %cl_1_5->meetup_api_key def_%cl_1_6 %cl_1_5[3.3,] 	 SYMBOL:	 ARGS:
		 5: COPY TYPE_StringLiteral "true" def_%cl_1_7 
		 6: COPY TYPE_StringLiteral "topics" def_%cl_1_8 
		 7: HASH-key-sign-fields- def_%cl_1_9 %cl_1_6[3.4,] %cl_1_7[3.5,] %cl_1_8[3.6,] 
		 8: COPY TYPE_Array def_%cl_1_10 %cl_1_4[3.2,] %cl_1_9[3.7,] 
		 9: RETURN %cl_1_10[3.8,] %self[2.0,] 
BB 4
	outgoing: 6 
	datadep: 
	instructions:
		 0: def_%cl_1_11 
		 1: def_%cl_1_12 %cl_1_11[4.0,] 
		 2: RETURN %cl_1_12[4.1,] %self[2.0,] 
BB 6
	outgoing: 
	datadep: 
	instructions:
CLOSURE END: 
		 9: RETURN %v_5[2.8,] %self[2.0,2.6,2.8,] 
BB 3
	outgoing: 
	datadep: 
	instructions:

SET IRMethod, name = group_topics instanceMethod = true
BB 1
	outgoing: 6 2 
	datadep: 
	instructions:
BB 2
	outgoing: 3 4 
	datadep: 
	instructions:
		 0: def_%self 
		 1: def_%v_0 
		 2: COPY TYPE_CurrentScope def_%current_scope 
		 3: COPY TYPE_ScopeModule def_%current_module 
		 4: 
		 5: RECEIVEARG def_data 
		 6: 
		 7: COPY TYPE_StringLiteral "group" def_%v_3 
		 8: data->[] def_%v_4 data[2.5,] %v_3[2.7,] 	 SYMBOL:	 ARGS:%v_3,
		 9: COPY TYPE_StringLiteral "topics" def_%v_5 
		 10: %v_4->[] def_%v_6 %v_4[2.8,] %v_5[2.9,] 	 SYMBOL:	 ARGS:%v_5,
		 11: COPY TYPE_PASS def_topics %v_6[2.10,] 
		 12: 
		 13: %v_6->empty? def_%v_7 %v_6[2.10,] 	 SYMBOL:	 ARGS:
		 14: BRANCH %v_7[2.13,] 
BB 3
	outgoing: 6 
	datadep: 
	instructions:
		 0: COPY TYPE_Nil def_%v_8 
		 1: RETURN %v_8[3.0,] %self[2.0,] 
BB 4
	outgoing: 6 
	datadep: 
	instructions:
		 0: topics->map def_%v_9 topics[2.11,] %self[2.0,] 	 SYMBOL:	 ARGS:topics,
CLOSURE BEGIN: t[] 
BB 1
	outgoing: 6 2 
	datadep: 
	instructions:
BB 2
	outgoing: 3 
	datadep: 
	instructions:
		 0: def_%self 
		 1: def_%cl_1_0 
		 2: RECEIVEARG def_t 
		 3: COPY TYPE_CurrentScope def_%current_scope 
		 4: COPY TYPE_ScopeModule def_%current_module 
BB 3
	outgoing: 4 6 
	datadep: 
	instructions:
		 0: 
		 1: COPY TYPE_StringLiteral "name" def_%cl_1_3 
		 2: t->[] def_%cl_1_4 t[2.2,] %cl_1_3[3.1,] 	 SYMBOL:	 ARGS:%cl_1_3,
		 3: %cl_1_4->downcase def_%cl_1_5 %cl_1_4[3.2,] 	 SYMBOL:	 ARGS:
		 4: RETURN %cl_1_5[3.3,] %self[2.0,] 
BB 4
	outgoing: 6 
	datadep: 
	instructions:
		 0: def_%cl_1_6 
		 1: def_%cl_1_7 %cl_1_6[4.0,] 
		 2: RETURN %cl_1_7[4.1,] %self[2.0,] 
BB 6
	outgoing: 
	datadep: 
	instructions:
CLOSURE END: 
		 1: COPY TYPE_StringLiteral ", " def_%v_10 
		 2: %v_9->join def_%v_11 %v_9[4.0,] %v_10[4.1,] 	 SYMBOL:	 ARGS:%v_10,
		 3: COPY TYPE_StringLiteral ", " def_%v_12 
		 4: %v_11->insert def_%v_13 %v_11[4.2,] %v_12[4.3,] 	 SYMBOL:	 ARGS:Fixnum,%v_12,
		 5: RETURN %v_13[4.4,] %self[2.0,] 
BB 6
	outgoing: 
	datadep: 
	instructions:

SET IRMethod, name = to_venue instanceMethod = true
BB 1
	outgoing: 6 2 
	datadep: 
	instructions:
BB 2
	outgoing: 3 4 
	datadep: 
	instructions:
		 0: def_%self 
		 1: def_%v_0 
		 2: COPY TYPE_CurrentScope def_%current_scope 
		 3: COPY TYPE_ScopeModule def_%current_module 
		 4: 
		 5: RECEIVEARG def_value 
		 6: 
		 7: value->blank? def_%v_3 value[2.5,] 	 SYMBOL:	 ARGS:
		 8: BRANCH %v_3[2.7,] 
BB 3
	outgoing: 6 
	datadep: 
	instructions:
		 0: RETURN %self[2.0,] 
BB 4
	outgoing: 6 
	datadep: 
	instructions:
		 0: COPY TYPE_Nil def_%v_4 
		 1: 
		 2: (Venue) def_%v_5 
		 3: %self->source def_%v_6 %self[2.0,] 	 SYMBOL:	 ARGS:
		 4: COPY TYPE_StringLiteral "name" def_%v_7 
		 5: value->[] def_%v_8 value[2.5,] %v_7[4.4,] 	 SYMBOL:	 ARGS:%v_7,
		 6: COPY TYPE_StringLiteral "address_1" def_%v_9 
		 7: value->[] def_%v_10 value[4.5,2.5,] %v_9[4.6,] 	 SYMBOL:	 ARGS:%v_9,
		 8: COPY TYPE_StringLiteral "address_2" def_%v_11 
		 9: value->[] def_%v_12 value[4.5,4.7,2.5,] %v_11[4.8,] 	 SYMBOL:	 ARGS:%v_11,
		 10: COPY TYPE_StringLiteral "address_3" def_%v_13 
		 11: value->[] def_%v_14 value[4.5,4.7,4.9,2.5,] %v_13[4.10,] 	 SYMBOL:	 ARGS:%v_13,
		 12: COPY TYPE_Array def_%v_15 %v_10[4.7,] %v_12[4.9,] %v_14[4.11,] 
		 13: %v_15->compact def_%v_16 %v_15[4.12,] 	 SYMBOL:	 ARGS:
		 14: COPY TYPE_StringLiteral ", " def_%v_17 
		 15: %v_16->join def_%v_18 %v_16[4.13,] %v_17[4.14,] 	 SYMBOL:	 ARGS:%v_17,
		 16: COPY TYPE_StringLiteral "city" def_%v_19 
		 17: value->[] def_%v_20 value[4.5,4.7,4.9,4.11,2.5,] %v_19[4.16,] 	 SYMBOL:	 ARGS:%v_19,
		 18: COPY TYPE_StringLiteral "state" def_%v_21 
		 19: value->[] def_%v_22 value[4.5,4.7,4.9,4.11,4.17,2.5,] %v_21[4.18,] 	 SYMBOL:	 ARGS:%v_21,
		 20: COPY TYPE_StringLiteral "zip" def_%v_23 
		 21: value->[] def_%v_24 value[4.5,4.7,4.9,4.11,4.17,4.19,2.5,] %v_23[4.20,] 	 SYMBOL:	 ARGS:%v_23,
		 22: COPY TYPE_StringLiteral "country" def_%v_25 
		 23: value->[] def_%v_26 value[4.5,4.7,4.9,4.11,4.17,4.19,4.21,2.5,] %v_25[4.22,] 	 SYMBOL:	 ARGS:%v_25,
		 24: COPY TYPE_StringLiteral "phone" def_%v_27 
		 25: value->[] def_%v_28 value[4.5,4.7,4.9,4.11,4.17,4.19,4.21,4.23,2.5,] %v_27[4.24,] 	 SYMBOL:	 ARGS:%v_27,
		 26: COPY TYPE_StringLiteral "meetup:venue=" def_%v_29 
		 27: 
		 28: COPY TYPE_StringLiteral "id" def_%v_30 
		 29: value->[] def_%v_31 value[4.5,4.7,4.9,4.11,4.17,4.19,4.21,4.23,4.25,2.5,] %v_30[4.28,] 	 SYMBOL:	 ARGS:%v_30,
		 30: BUILDSTRING def_%v_32 %v_29[4.26,] %v_31[4.29,] 
		 31: HASH-source-title-street_address-locality-region-postal_code-country-telephone-tag_list- def_%v_33 %v_6[4.3,] %v_8[4.5,] %v_18[4.15,] %v_20[4.17,] %v_22[4.19,] %v_24[4.21,] %v_26[4.23,] %v_28[4.25,] %v_32[4.30,] 
		 32: %v_5->new def_%v_34 %v_5[4.2,] %v_33[4.31,] 	 SYMBOL:	 ARGS:%v_33,
		 33: COPY TYPE_PASS def_venue %v_34[4.32,] 
		 34: 
		 35: %v_34->geocode! def_%v_35 %v_34[4.32,] 	 SYMBOL:	 ARGS:
		 36: 
		 37: %self->venue_or_duplicate def_%v_36 %self[4.3,2.0,] venue[4.33,] 	 SYMBOL:	 ARGS:venue,
		 38: RETURN %v_36[4.37,] %self[4.3,4.37,2.0,] 
BB 6
	outgoing: 
	datadep: 
	instructions:

SET IRMethod, name = to_events_wrapper instanceMethod = true
BB 1
	outgoing: 3 2 
	datadep: 
	instructions:
BB 2
	outgoing: 3 
	datadep: 
	instructions:
		 0: def_%self 
		 1: def_%v_0 
		 2: COPY TYPE_CurrentScope def_%current_scope 
		 3: COPY TYPE_ScopeModule def_%current_module 
		 4: 
		 5: RECEIVEARG def_driver 
		 6: RECEIVEARG def_match 
		 7: RECEIVEARG def_template 
		 8: 
		 9: %self->url def_%v_3 %self[2.0,] 	 SYMBOL:	 ARGS:
		 10: %v_3->try def_%v_4 %v_3[2.9,] match[2.6,] %self[2.0,2.9,] 	 SYMBOL:match,	 ARGS:Symbol,match,%v_3,
CLOSURE BEGIN: template[2.7,] matcher[] %self[2.0,2.9,] driver[2.5,] url[] 
BB 1
	outgoing: 6 2 
	datadep: 
	instructions:
BB 2
	outgoing: 3 
	datadep: 
	instructions:
		 0: def_%self 
		 1: def_%cl_1_0 
		 2: RECEIVEARG def_matcher 
		 3: COPY TYPE_CurrentScope def_%current_scope 
		 4: COPY TYPE_ScopeModule def_%current_module 
BB 3
	outgoing: 4 6 
	datadep: 
	instructions:
		 0: 
		 1: template->call def_%cl_1_3 template[] matcher[2.2,] 	 SYMBOL:	 ARGS:matcher,
		 2: COPY TYPE_PASS def_url %cl_1_3[3.1,] 
		 3: 
		 4: %self->source def_%cl_1_4 %self[2.0,] 	 SYMBOL:	 ARGS:
		 5: driver->new def_%cl_1_5 driver[] url[3.2,] %cl_1_4[3.4,] 	 SYMBOL:	 ARGS:url,%cl_1_4,
		 6: %cl_1_5->to_events def_%cl_1_6 %cl_1_5[3.5,] 	 SYMBOL:	 ARGS:
		 7: RETURN %cl_1_6[3.6,] %self[3.4,2.0,] 
BB 4
	outgoing: 6 
	datadep: 
	instructions:
		 0: def_%cl_1_7 
		 1: def_%cl_1_8 %cl_1_7[4.0,] 
		 2: RETURN %cl_1_8[4.1,] %self[2.0,] 
BB 6
	outgoing: 
	datadep: 
	instructions:
CLOSURE END: url[3.2,] 
		 11: RETURN %v_4[2.10,] %self[2.0,2.9,] 
BB 3
	outgoing: 
	datadep: 
	instructions:

