SET IRMethod, name = error instanceMethod = true
BB 1
	outgoing: 6 2 
	datadep: 
	instructions:
BB 2
	outgoing: 3 4 
	datadep: 
	instructions:
		 0: def_%self 
		 1: def_%v_0 
		 2: COPY TYPE_CurrentScope def_%current_scope 
		 3: COPY TYPE_ScopeModule def_%current_module 
		 4: 
		 5: RECEIVEARG def_job 
		 6: RECEIVEARG def_exception 
		 7: 
		 8: (APP_CONFIG) def_%v_3 
		 9: %v_3->use_airbrake def_%v_4 %v_3[2.8,] 	 SYMBOL:	 ARGS:
		 10: BRANCH %v_4[2.9,] 
BB 3
	outgoing: 6 
	datadep: 
	instructions:
		 0: (Airbrake) def_%v_5 
		 1: %v_5->notify def_%v_6 %v_5[3.0,] exception[2.6,] 	 SYMBOL:	 ARGS:exception,
		 2: RETURN %v_6[3.1,] %self[2.0,] 
BB 4
	outgoing: 6 
	datadep: 
	instructions:
		 0: RETURN %self[2.0,] 
BB 6
	outgoing: 
	datadep: 
	instructions:

