SET IRMethod, name = before instanceMethod = true
BB 1
	outgoing: 3 2 
	datadep: 
	instructions:
BB 2
	outgoing: 3 
	datadep: 
	instructions:
		 0: def_%self 
		 1: def_%v_0 
		 2: COPY TYPE_CurrentScope def_%current_scope 
		 3: COPY TYPE_ScopeModule def_%current_module 
		 4: 
		 5: RECEIVEARG def_job 
		 6: 
		 7: (Community) def_%v_3 
		 8: %self->community_id def_%v_4 %self[2.0,] 	 SYMBOL:	 ARGS:
		 9: %v_3->find def_%v_5 %v_3[2.7,] %v_4[2.8,] 	 SYMBOL:	 ARGS:%v_4,
		 10: COPY TYPE_PASS def_community %v_5[2.9,] 
		 11: 
		 12: (ApplicationHelper) def_%v_6 
		 13: %v_5->default_locale def_%v_7 %v_5[2.9,] 	 SYMBOL:	 ARGS:
		 14: community->name def_%v_8 community[2.10,] %v_7[2.13,] 	 SYMBOL:	 ARGS:%v_7,
		 15: %v_6->store_community_service_name_to_thread def_%v_9 %v_6[2.12,] %v_8[2.14,] 	 SYMBOL:	 ARGS:%v_8,
		 16: RETURN %v_9[2.15,] %self[2.0,2.8,] 
BB 3
	outgoing: 
	datadep: 
	instructions:

SET IRMethod, name = perform instanceMethod = true
BB 1
	outgoing: 3 2 
	datadep: 
	instructions:
BB 2
	outgoing: 3 
	datadep: 
	instructions:
		 0: def_%self 
		 1: def_%v_0 
		 2: COPY TYPE_CurrentScope def_%current_scope 
		 3: COPY TYPE_ScopeModule def_%current_module 
		 4: 
		 5: 
		 6: (Invitation) def_%v_3 
		 7: %self->invitation_id def_%v_4 %self[2.0,] 	 SYMBOL:	 ARGS:
		 8: %v_3->find def_%v_5 %v_3[2.6,] %v_4[2.7,] 	 SYMBOL:	 ARGS:%v_4,
		 9: COPY TYPE_PASS def_invitation %v_5[2.8,] 
		 10: 
		 11: (PersonMailer) def_%v_6 
		 12: %v_6->invitation_to_kassi def_%v_7 %v_6[2.11,] %v_5[2.8,] 	 SYMBOL:	 ARGS:invitation,
		 13: %v_7->deliver def_%v_8 %v_7[2.12,] 	 SYMBOL:	 ARGS:
		 14: RETURN %v_8[2.13,] %self[2.0,2.7,] 
BB 3
	outgoing: 
	datadep: 
	instructions:

