SET IRMethod, name = initialize instanceMethod = true
BB 1
	outgoing: 3 2 
	datadep: 
	instructions:
BB 2
	outgoing: 3 
	datadep: 
	instructions:
		 0: def_%self 
		 1: def_%v_0 
		 2: COPY TYPE_CurrentScope def_%current_scope 
		 3: COPY TYPE_ScopeModule def_%current_module 
		 4: 
		 5: RECEIVEARG def_all_totals 
		 6: RECEIVEARG def_title 
		 7: RECEIVEARG def_alpha 
		 8: 
		 9: ATTRASSIGN %self->all_totals all_totals[2.5,] 
		 10: 
		 11: ATTRASSIGN %self->title title[2.6,] 
		 12: 
		 13: ATTRASSIGN %self->alpha alpha[2.7,] 
		 14: RETURN alpha[2.7,] %self[2.0,2.9,2.11,2.13,] 
BB 3
	outgoing: 
	datadep: 
	instructions:

SET IRMethod, name = values instanceMethod = true
BB 1
	outgoing: 7 2 
	datadep: 
	instructions:
BB 2
	outgoing: 3 4 
	datadep: 
	instructions:
		 0: def_%self 
		 1: def_%v_0 
		 2: COPY TYPE_CurrentScope def_%current_scope 
		 3: COPY TYPE_ScopeModule def_%current_module 
		 4: 
		 5: 
		 6: def_%v_4 %self[2.0,] 
		 7: COPY TYPE_PASS def_%v_3 %v_4[2.6,] 
		 8: %v_4[2.6,] 
BB 3
	outgoing: 4 
	datadep: 
	instructions:
		 0: GETFIELD %self->values def_%v_5 %self[2.0,] 
		 1: COPY TYPE_PASS def_%v_3 %v_5[3.0,] 
BB 4
	outgoing: 5 6 
	datadep: 
	instructions:
		 0: BRANCH %v_3[3.1,2.7,] 
BB 5
	outgoing: 7 
	datadep: 
	instructions:
		 0: (Array) def_%v_6 
		 1: %self->slices def_%v_7 %self[2.0,] 	 SYMBOL:	 ARGS:
		 2: %v_6->new def_%v_8 %v_6[5.0,] %v_7[5.1,] %self[5.1,2.0,] 	 SYMBOL:	 ARGS:%v_7,%v_6,
CLOSURE BEGIN: %self[5.1,2.0,] i[] 
BB 1
	outgoing: 6 2 
	datadep: 
	instructions:
BB 2
	outgoing: 3 
	datadep: 
	instructions:
		 0: def_%self 
		 1: def_%cl_1_0 
		 2: RECEIVEARG def_i 
		 3: COPY TYPE_CurrentScope def_%current_scope 
		 4: COPY TYPE_ScopeModule def_%current_module 
BB 3
	outgoing: 4 6 
	datadep: 
	instructions:
		 0: 
		 1: %self->chart_totals def_%cl_1_3 %self[2.0,] 	 SYMBOL:	 ARGS:
		 2: %cl_1_3->[] def_%cl_1_4 %cl_1_3[3.1,] i[2.2,] 	 SYMBOL:	 ARGS:i,
		 3: COPY TYPE_StringLiteral "total" def_%cl_1_5 
		 4: %cl_1_4->[] def_%cl_1_6 %cl_1_4[3.2,] %cl_1_5[3.3,] 	 SYMBOL:	 ARGS:%cl_1_5,
		 5: %cl_1_6->* def_%cl_1_7 %cl_1_6[3.4,] 	 SYMBOL:	 ARGS:Fixnum,
		 6: %self->sum def_%cl_1_8 %self[3.1,2.0,] 	 SYMBOL:	 ARGS:
		 7: %cl_1_7->/ def_%cl_1_9 %cl_1_7[3.5,] %cl_1_8[3.6,] 	 SYMBOL:	 ARGS:%cl_1_8,
		 8: RETURN %cl_1_9[3.7,] %self[3.1,3.6,2.0,] 
BB 4
	outgoing: 6 
	datadep: 
	instructions:
		 0: def_%cl_1_10 
		 1: def_%cl_1_11 %cl_1_10[4.0,] 
		 2: RETURN %cl_1_11[4.1,] %self[2.0,] 
BB 6
	outgoing: 
	datadep: 
	instructions:
CLOSURE END: 
		 3: ATTRASSIGN %self->values %v_8[5.2,] 
		 4: RETURN %v_8[5.2,] %self[5.1,5.3,2.0,] 
BB 6
	outgoing: 7 
	datadep: 
	instructions:
		 0: RETURN %v_5[3.0,] %self[2.0,] 
BB 7
	outgoing: 
	datadep: 
	instructions:

SET IRMethod, name = labels instanceMethod = true
BB 1
	outgoing: 7 2 
	datadep: 
	instructions:
BB 2
	outgoing: 3 4 
	datadep: 
	instructions:
		 0: def_%self 
		 1: def_%v_0 
		 2: COPY TYPE_CurrentScope def_%current_scope 
		 3: COPY TYPE_ScopeModule def_%current_module 
		 4: 
		 5: 
		 6: def_%v_4 %self[2.0,] 
		 7: COPY TYPE_PASS def_%v_3 %v_4[2.6,] 
		 8: %v_4[2.6,] 
BB 3
	outgoing: 4 
	datadep: 
	instructions:
		 0: GETFIELD %self->labels def_%v_5 %self[2.0,] 
		 1: COPY TYPE_PASS def_%v_3 %v_5[3.0,] 
BB 4
	outgoing: 5 6 
	datadep: 
	instructions:
		 0: BRANCH %v_3[3.1,2.7,] 
BB 5
	outgoing: 7 
	datadep: 
	instructions:
		 0: (Array) def_%v_6 
		 1: %self->slices def_%v_7 %self[2.0,] 	 SYMBOL:	 ARGS:
		 2: %v_6->new def_%v_8 %v_6[5.0,] %v_7[5.1,] %self[5.1,2.0,] 	 SYMBOL:	 ARGS:%v_7,%v_6,
CLOSURE BEGIN: %self[5.1,2.0,] i[] 
BB 1
	outgoing: 6 2 
	datadep: 
	instructions:
BB 2
	outgoing: 3 
	datadep: 
	instructions:
		 0: def_%self 
		 1: def_%cl_1_0 
		 2: RECEIVEARG def_i 
		 3: COPY TYPE_CurrentScope def_%current_scope 
		 4: COPY TYPE_ScopeModule def_%current_module 
BB 3
	outgoing: 4 6 
	datadep: 
	instructions:
		 0: 
		 1: %self->chart_totals def_%cl_1_3 %self[2.0,] 	 SYMBOL:	 ARGS:
		 2: %cl_1_3->[] def_%cl_1_4 %cl_1_3[3.1,] i[2.2,] 	 SYMBOL:	 ARGS:i,
		 3: COPY TYPE_StringLiteral "name" def_%cl_1_5 
		 4: %cl_1_4->[] def_%cl_1_6 %cl_1_4[3.2,] %cl_1_5[3.3,] 	 SYMBOL:	 ARGS:%cl_1_5,
		 5: COPY TYPE_StringLiteral "..." def_%cl_1_7 
		 6: HASH-omission- def_%cl_1_8 %cl_1_7[3.5,] 
		 7: %cl_1_6->truncate def_%cl_1_9 %cl_1_6[3.4,] %cl_1_8[3.6,] 	 SYMBOL:	 ARGS:Fixnum,%cl_1_8,
		 8: RETURN %cl_1_9[3.7,] %self[3.1,2.0,] 
BB 4
	outgoing: 6 
	datadep: 
	instructions:
		 0: def_%cl_1_10 
		 1: def_%cl_1_11 %cl_1_10[4.0,] 
		 2: RETURN %cl_1_11[4.1,] %self[2.0,] 
BB 6
	outgoing: 
	datadep: 
	instructions:
CLOSURE END: 
		 3: ATTRASSIGN %self->labels %v_8[5.2,] 
		 4: RETURN %v_8[5.2,] %self[5.1,5.3,2.0,] 
BB 6
	outgoing: 7 
	datadep: 
	instructions:
		 0: RETURN %v_5[3.0,] %self[2.0,] 
BB 7
	outgoing: 
	datadep: 
	instructions:

SET IRMethod, name = ids instanceMethod = true
BB 1
	outgoing: 7 2 
	datadep: 
	instructions:
BB 2
	outgoing: 3 4 
	datadep: 
	instructions:
		 0: def_%self 
		 1: def_%v_0 
		 2: COPY TYPE_CurrentScope def_%current_scope 
		 3: COPY TYPE_ScopeModule def_%current_module 
		 4: 
		 5: 
		 6: def_%v_4 %self[2.0,] 
		 7: COPY TYPE_PASS def_%v_3 %v_4[2.6,] 
		 8: %v_4[2.6,] 
BB 3
	outgoing: 4 
	datadep: 
	instructions:
		 0: GETFIELD %self->ids def_%v_5 %self[2.0,] 
		 1: COPY TYPE_PASS def_%v_3 %v_5[3.0,] 
BB 4
	outgoing: 5 6 
	datadep: 
	instructions:
		 0: BRANCH %v_3[3.1,2.7,] 
BB 5
	outgoing: 7 
	datadep: 
	instructions:
		 0: (Array) def_%v_6 
		 1: %self->slices def_%v_7 %self[2.0,] 	 SYMBOL:	 ARGS:
		 2: %v_6->new def_%v_8 %v_6[5.0,] %v_7[5.1,] %self[5.1,2.0,] 	 SYMBOL:	 ARGS:%v_7,%v_6,
CLOSURE BEGIN: %self[5.1,2.0,] i[] 
BB 1
	outgoing: 6 2 
	datadep: 
	instructions:
BB 2
	outgoing: 3 
	datadep: 
	instructions:
		 0: def_%self 
		 1: def_%cl_1_0 
		 2: RECEIVEARG def_i 
		 3: COPY TYPE_CurrentScope def_%current_scope 
		 4: COPY TYPE_ScopeModule def_%current_module 
BB 3
	outgoing: 4 6 
	datadep: 
	instructions:
		 0: 
		 1: %self->chart_totals def_%cl_1_3 %self[2.0,] 	 SYMBOL:	 ARGS:
		 2: %cl_1_3->[] def_%cl_1_4 %cl_1_3[3.1,] i[2.2,] 	 SYMBOL:	 ARGS:i,
		 3: COPY TYPE_StringLiteral "id" def_%cl_1_5 
		 4: %cl_1_4->[] def_%cl_1_6 %cl_1_4[3.2,] %cl_1_5[3.3,] 	 SYMBOL:	 ARGS:%cl_1_5,
		 5: RETURN %cl_1_6[3.4,] %self[3.1,2.0,] 
BB 4
	outgoing: 6 
	datadep: 
	instructions:
		 0: def_%cl_1_7 
		 1: def_%cl_1_8 %cl_1_7[4.0,] 
		 2: RETURN %cl_1_8[4.1,] %self[2.0,] 
BB 6
	outgoing: 
	datadep: 
	instructions:
CLOSURE END: 
		 3: ATTRASSIGN %self->ids %v_8[5.2,] 
		 4: RETURN %v_8[5.2,] %self[5.1,5.3,2.0,] 
BB 6
	outgoing: 7 
	datadep: 
	instructions:
		 0: RETURN %v_5[3.0,] %self[2.0,] 
BB 7
	outgoing: 
	datadep: 
	instructions:

SET IRMethod, name = sum instanceMethod = true
BB 1
	outgoing: 7 2 
	datadep: 
	instructions:
BB 2
	outgoing: 3 4 
	datadep: 
	instructions:
		 0: def_%self 
		 1: def_%v_0 
		 2: COPY TYPE_CurrentScope def_%current_scope 
		 3: COPY TYPE_ScopeModule def_%current_module 
		 4: 
		 5: 
		 6: def_%v_4 %self[2.0,] 
		 7: COPY TYPE_PASS def_%v_3 %v_4[2.6,] 
		 8: %v_4[2.6,] 
BB 3
	outgoing: 4 
	datadep: 
	instructions:
		 0: GETFIELD %self->sum def_%v_5 %self[2.0,] 
		 1: COPY TYPE_PASS def_%v_3 %v_5[3.0,] 
BB 4
	outgoing: 5 6 
	datadep: 
	instructions:
		 0: BRANCH %v_3[3.1,2.7,] 
BB 5
	outgoing: 7 
	datadep: 
	instructions:
		 0: %self->totals def_%v_6 %self[2.0,] 	 SYMBOL:	 ARGS:
		 1: %v_6->inject def_%v_7 %v_6[5.0,] %self[5.0,2.0,] 	 SYMBOL:	 ARGS:Fixnum,%v_6,
CLOSURE BEGIN: sum[] total[] 
BB 1
	outgoing: 6 2 
	datadep: 
	instructions:
BB 2
	outgoing: 3 
	datadep: 
	instructions:
		 0: def_%self 
		 1: def_%cl_1_0 
		 2: RECEIVEARG def_sum 
		 3: RECEIVEARG def_total 
		 4: COPY TYPE_CurrentScope def_%current_scope 
		 5: COPY TYPE_ScopeModule def_%current_module 
BB 3
	outgoing: 4 6 
	datadep: 
	instructions:
		 0: 
		 1: sum->+ def_%cl_1_3 sum[2.2,] total[2.3,] 	 SYMBOL:	 ARGS:total,
		 2: RETURN %cl_1_3[3.1,] %self[2.0,] 
BB 4
	outgoing: 6 
	datadep: 
	instructions:
		 0: def_%cl_1_4 
		 1: def_%cl_1_5 %cl_1_4[4.0,] 
		 2: RETURN %cl_1_5[4.1,] %self[2.0,] 
BB 6
	outgoing: 
	datadep: 
	instructions:
CLOSURE END: total[2.3,] 
		 2: ATTRASSIGN %self->sum %v_7[5.1,] 
		 3: RETURN %v_7[5.1,] %self[5.0,5.2,2.0,] 
BB 6
	outgoing: 7 
	datadep: 
	instructions:
		 0: RETURN %v_5[3.0,] %self[2.0,] 
BB 7
	outgoing: 
	datadep: 
	instructions:

SET IRMethod, name = pie_cutoff instanceMethod = true
BB 1
	outgoing: 3 2 
	datadep: 
	instructions:
BB 2
	outgoing: 3 
	datadep: 
	instructions:
		 0: def_%self 
		 1: def_%v_0 
		 2: COPY TYPE_CurrentScope def_%current_scope 
		 3: COPY TYPE_ScopeModule def_%current_module 
		 4: 
		 5: 
		 6: RETURN %self[2.0,] 
BB 3
	outgoing: 
	datadep: 
	instructions:

SET IRMethod, name = slices instanceMethod = true
BB 1
	outgoing: 7 2 
	datadep: 
	instructions:
BB 2
	outgoing: 3 4 
	datadep: 
	instructions:
		 0: def_%self 
		 1: def_%v_0 
		 2: COPY TYPE_CurrentScope def_%current_scope 
		 3: COPY TYPE_ScopeModule def_%current_module 
		 4: 
		 5: 
		 6: def_%v_4 %self[2.0,] 
		 7: COPY TYPE_PASS def_%v_3 %v_4[2.6,] 
		 8: %v_4[2.6,] 
BB 3
	outgoing: 4 
	datadep: 
	instructions:
		 0: GETFIELD %self->slices def_%v_5 %self[2.0,] 
		 1: COPY TYPE_PASS def_%v_3 %v_5[3.0,] 
BB 4
	outgoing: 5 6 
	datadep: 
	instructions:
		 0: BRANCH %v_3[3.1,2.7,] 
BB 5
	outgoing: 7 
	datadep: 
	instructions:
		 0: %self->all_totals def_%v_6 %self[2.0,] 	 SYMBOL:	 ARGS:
		 1: %v_6->size def_%v_7 %v_6[5.0,] 	 SYMBOL:	 ARGS:
		 2: %self->pie_cutoff def_%v_8 %self[5.0,2.0,] 	 SYMBOL:	 ARGS:
		 3: COPY TYPE_Array def_%v_9 %v_7[5.1,] %v_8[5.2,] 
		 4: %v_9->min def_%v_10 %v_9[5.3,] 	 SYMBOL:	 ARGS:
		 5: ATTRASSIGN %self->slices %v_10[5.4,] 
		 6: RETURN %v_10[5.4,] %self[5.0,5.2,5.5,2.0,] 
BB 6
	outgoing: 7 
	datadep: 
	instructions:
		 0: RETURN %v_5[3.0,] %self[2.0,] 
BB 7
	outgoing: 
	datadep: 
	instructions:

SET IRMethod, name = subtotal instanceMethod = true
BB 1
	outgoing: 3 2 
	datadep: 
	instructions:
BB 2
	outgoing: 3 
	datadep: 
	instructions:
		 0: def_%self 
		 1: def_%v_0 
		 2: COPY TYPE_CurrentScope def_%current_scope 
		 3: COPY TYPE_ScopeModule def_%current_module 
		 4: 
		 5: RECEIVEARG def_from 
		 6: RECEIVEARG def_to 
		 7: 
		 8: %self->totals def_%v_3 %self[2.0,] 	 SYMBOL:	 ARGS:
		 9: CONSTANT def_%v_4 from[2.5,] to[2.6,] 
		 10: %v_3->[] def_%v_5 %v_3[2.8,] %v_4[2.9,] 	 SYMBOL:	 ARGS:%v_4,
		 11: %v_5->inject def_%v_6 %v_5[2.10,] %self[2.0,2.8,] 	 SYMBOL:	 ARGS:Fixnum,%v_5,
CLOSURE BEGIN: sum[] total[] 
BB 1
	outgoing: 6 2 
	datadep: 
	instructions:
BB 2
	outgoing: 3 
	datadep: 
	instructions:
		 0: def_%self 
		 1: def_%cl_1_0 
		 2: RECEIVEARG def_sum 
		 3: RECEIVEARG def_total 
		 4: COPY TYPE_CurrentScope def_%current_scope 
		 5: COPY TYPE_ScopeModule def_%current_module 
BB 3
	outgoing: 4 6 
	datadep: 
	instructions:
		 0: 
		 1: sum->+ def_%cl_1_3 sum[2.2,] total[2.3,] 	 SYMBOL:	 ARGS:total,
		 2: RETURN %cl_1_3[3.1,] %self[2.0,] 
BB 4
	outgoing: 6 
	datadep: 
	instructions:
		 0: def_%cl_1_4 
		 1: def_%cl_1_5 %cl_1_4[4.0,] 
		 2: RETURN %cl_1_5[4.1,] %self[2.0,] 
BB 6
	outgoing: 
	datadep: 
	instructions:
CLOSURE END: total[2.3,] 
		 12: RETURN %v_6[2.11,] %self[2.0,2.8,] 
BB 3
	outgoing: 
	datadep: 
	instructions:

SET IRMethod, name = chart_totals instanceMethod = true
BB 1
	outgoing: 9 2 
	datadep: 
	instructions:
BB 2
	outgoing: 3 4 
	datadep: 
	instructions:
		 0: def_%self 
		 1: def_%v_0 
		 2: COPY TYPE_CurrentScope def_%current_scope 
		 3: COPY TYPE_ScopeModule def_%current_module 
		 4: 
		 5: 
		 6: 
		 7: GETFIELD %self->chart_totals def_%v_3 %self[2.0,] 
		 8: BRANCH %v_3[2.7,] 
BB 3
	outgoing: 8 
	datadep: 
	instructions:
		 0: COPY TYPE_Nil def_%v_4 
		 1: 
BB 4
	outgoing: 5 6 
	datadep: 
	instructions:
		 0: %self->first_n_totals def_%v_5 %self[2.0,] 	 SYMBOL:	 ARGS:Fixnum,
		 1: ATTRASSIGN %self->chart_totals %v_5[4.0,] 
		 2: 
		 3: %self->all_totals def_%v_6 %self[4.0,4.1,2.0,] 	 SYMBOL:	 ARGS:
		 4: %v_6->size def_%v_7 %v_6[4.3,] 	 SYMBOL:	 ARGS:
		 5: %self->pie_cutoff def_%v_8 %self[4.0,4.1,4.3,2.0,] 	 SYMBOL:	 ARGS:
		 6: %v_7->> def_%v_9 %v_7[4.4,] %v_8[4.5,] 	 SYMBOL:	 ARGS:%v_8,
		 7: BRANCH %v_9[4.6,] 
BB 5
	outgoing: 7 
	datadep: 
	instructions:
		 0: 
		 1: GETFIELD %self->chart_totals def_%v_10 %self[4.1,2.0,] 
		 2: %self->other def_%v_11 %self[4.1,2.0,] 	 SYMBOL:	 ARGS:
		 3: ATTRASSIGN %v_10->[] %v_11[5.2,] 
		 4: 
BB 6
	outgoing: 7 
	datadep: 
	instructions:
		 0: COPY TYPE_Nil def_%v_11 
BB 7
	outgoing: 8 
	datadep: 
	instructions:
		 0: COPY TYPE_PASS def_%v_4 %v_11[6.0,5.2,] 
BB 8
	outgoing: 9 
	datadep: 
	instructions:
		 0: 
		 1: GETFIELD %self->chart_totals def_%v_12 %self[2.0,4.1,] 
		 2: RETURN %v_12[8.1,] %self[2.0,4.1,] 
BB 9
	outgoing: 
	datadep: 
	instructions:

SET IRMethod, name = first_n_totals instanceMethod = true
BB 1
	outgoing: 3 2 
	datadep: 
	instructions:
BB 2
	outgoing: 3 
	datadep: 
	instructions:
		 0: def_%self 
		 1: def_%v_0 
		 2: COPY TYPE_CurrentScope def_%current_scope 
		 3: COPY TYPE_ScopeModule def_%current_module 
		 4: 
		 5: RECEIVEARG def_n 
		 6: 
		 7: (Array) def_%v_3 
		 8: %self->slices def_%v_4 %self[2.0,] 	 SYMBOL:	 ARGS:
		 9: %v_3->new def_%v_5 %v_3[2.7,] %v_4[2.8,] %self[2.0,2.8,] 	 SYMBOL:	 ARGS:%v_4,%v_3,
CLOSURE BEGIN: %self[2.0,2.8,] i[] 
BB 1
	outgoing: 6 2 
	datadep: 
	instructions:
BB 2
	outgoing: 3 
	datadep: 
	instructions:
		 0: def_%self 
		 1: def_%cl_1_0 
		 2: RECEIVEARG def_i 
		 3: COPY TYPE_CurrentScope def_%current_scope 
		 4: COPY TYPE_ScopeModule def_%current_module 
BB 3
	outgoing: 4 6 
	datadep: 
	instructions:
		 0: 
		 1: COPY TYPE_StringLiteral "name" def_%cl_1_3 
		 2: %self->all_totals def_%cl_1_4 %self[2.0,] 	 SYMBOL:	 ARGS:
		 3: %cl_1_4->[] def_%cl_1_5 %cl_1_4[3.2,] i[2.2,] 	 SYMBOL:	 ARGS:i,
		 4: COPY TYPE_StringLiteral "name" def_%cl_1_6 
		 5: %cl_1_5->[] def_%cl_1_7 %cl_1_5[3.3,] %cl_1_6[3.4,] 	 SYMBOL:	 ARGS:%cl_1_6,
		 6: COPY TYPE_StringLiteral "total" def_%cl_1_8 
		 7: %self->all_totals def_%cl_1_9 %self[3.2,2.0,] 	 SYMBOL:	 ARGS:
		 8: %cl_1_9->[] def_%cl_1_10 %cl_1_9[3.7,] i[2.2,] 	 SYMBOL:	 ARGS:i,
		 9: COPY TYPE_StringLiteral "total" def_%cl_1_11 
		 10: %cl_1_10->[] def_%cl_1_12 %cl_1_10[3.8,] %cl_1_11[3.9,] 	 SYMBOL:	 ARGS:%cl_1_11,
		 11: COPY TYPE_StringLiteral "id" def_%cl_1_13 
		 12: %self->all_totals def_%cl_1_14 %self[3.2,3.7,2.0,] 	 SYMBOL:	 ARGS:
		 13: %cl_1_14->[] def_%cl_1_15 %cl_1_14[3.12,] i[2.2,] 	 SYMBOL:	 ARGS:i,
		 14: COPY TYPE_StringLiteral "id" def_%cl_1_16 
		 15: %cl_1_15->[] def_%cl_1_17 %cl_1_15[3.13,] %cl_1_16[3.14,] 	 SYMBOL:	 ARGS:%cl_1_16,
		 16: HASH- def_%cl_1_18 %cl_1_3[3.1,] %cl_1_7[3.5,] %cl_1_8[3.6,] %cl_1_12[3.10,] %cl_1_13[3.11,] %cl_1_17[3.15,] 
		 17: RETURN %cl_1_18[3.16,] %self[3.2,3.7,3.12,2.0,] 
BB 4
	outgoing: 6 
	datadep: 
	instructions:
		 0: def_%cl_1_19 
		 1: def_%cl_1_20 %cl_1_19[4.0,] 
		 2: RETURN %cl_1_20[4.1,] %self[2.0,] 
BB 6
	outgoing: 
	datadep: 
	instructions:
CLOSURE END: 
		 10: RETURN %v_5[2.9,] %self[2.0,2.8,] 
BB 3
	outgoing: 
	datadep: 
	instructions:

SET IRMethod, name = other instanceMethod = true
BB 1
	outgoing: 3 2 
	datadep: 
	instructions:
BB 2
	outgoing: 3 
	datadep: 
	instructions:
		 0: def_%self 
		 1: def_%v_0 
		 2: COPY TYPE_CurrentScope def_%current_scope 
		 3: COPY TYPE_ScopeModule def_%current_module 
		 4: 
		 5: 
		 6: COPY TYPE_StringLiteral "name" def_%v_3 
		 7: (I18n) def_%v_4 
		 8: COPY TYPE_StringLiteral "stats.other_actions_label" def_%v_5 
		 9: %v_4->t def_%v_6 %v_4[2.7,] %v_5[2.8,] 	 SYMBOL:	 ARGS:%v_5,
		 10: COPY TYPE_StringLiteral "id" def_%v_7 
		 11: COPY TYPE_StringLiteral "total" def_%v_8 
		 12: %self->slices def_%v_9 %self[2.0,] 	 SYMBOL:	 ARGS:
		 13: %v_9->- def_%v_10 %v_9[2.12,] 	 SYMBOL:	 ARGS:Fixnum,
		 14: %self->all_totals def_%v_11 %self[2.0,2.12,] 	 SYMBOL:	 ARGS:
		 15: %v_11->size def_%v_12 %v_11[2.14,] 	 SYMBOL:	 ARGS:
		 16: %v_12->- def_%v_13 %v_12[2.15,] 	 SYMBOL:	 ARGS:Fixnum,
		 17: %self->subtotal def_%v_14 %self[2.0,2.12,2.14,] %v_10[2.13,] %v_13[2.16,] 	 SYMBOL:	 ARGS:%v_10,%v_13,
		 18: HASH- def_%v_15 %v_3[2.6,] %v_6[2.9,] %v_7[2.10,] %v_8[2.11,] %v_14[2.17,] 
		 19: RETURN %v_15[2.18,] %self[2.0,2.12,2.14,2.17,] 
BB 3
	outgoing: 
	datadep: 
	instructions:

SET IRMethod, name = totals instanceMethod = true
BB 1
	outgoing: 7 2 
	datadep: 
	instructions:
BB 2
	outgoing: 3 4 
	datadep: 
	instructions:
		 0: def_%self 
		 1: def_%v_0 
		 2: COPY TYPE_CurrentScope def_%current_scope 
		 3: COPY TYPE_ScopeModule def_%current_module 
		 4: 
		 5: 
		 6: def_%v_4 %self[2.0,] 
		 7: COPY TYPE_PASS def_%v_3 %v_4[2.6,] 
		 8: %v_4[2.6,] 
BB 3
	outgoing: 4 
	datadep: 
	instructions:
		 0: GETFIELD %self->totals def_%v_5 %self[2.0,] 
		 1: COPY TYPE_PASS def_%v_3 %v_5[3.0,] 
BB 4
	outgoing: 5 6 
	datadep: 
	instructions:
		 0: BRANCH %v_3[3.1,2.7,] 
BB 5
	outgoing: 7 
	datadep: 
	instructions:
		 0: %self->all_totals def_%v_6 %self[2.0,] 	 SYMBOL:	 ARGS:
		 1: %v_6->map def_%v_7 %v_6[5.0,] %self[5.0,2.0,] 	 SYMBOL:	 ARGS:%v_6,
CLOSURE BEGIN: item[] 
BB 1
	outgoing: 6 2 
	datadep: 
	instructions:
BB 2
	outgoing: 3 
	datadep: 
	instructions:
		 0: def_%self 
		 1: def_%cl_1_0 
		 2: RECEIVEARG def_item 
		 3: COPY TYPE_CurrentScope def_%current_scope 
		 4: COPY TYPE_ScopeModule def_%current_module 
BB 3
	outgoing: 4 6 
	datadep: 
	instructions:
		 0: 
		 1: COPY TYPE_StringLiteral "total" def_%cl_1_3 
		 2: item->[] def_%cl_1_4 item[2.2,] %cl_1_3[3.1,] 	 SYMBOL:	 ARGS:%cl_1_3,
		 3: RETURN %cl_1_4[3.2,] %self[2.0,] 
BB 4
	outgoing: 6 
	datadep: 
	instructions:
		 0: def_%cl_1_5 
		 1: def_%cl_1_6 %cl_1_5[4.0,] 
		 2: RETURN %cl_1_6[4.1,] %self[2.0,] 
BB 6
	outgoing: 
	datadep: 
	instructions:
CLOSURE END: 
		 2: ATTRASSIGN %self->totals %v_7[5.1,] 
		 3: RETURN %v_7[5.1,] %self[5.0,5.2,2.0,] 
BB 6
	outgoing: 7 
	datadep: 
	instructions:
		 0: RETURN %v_5[3.0,] %self[2.0,] 
BB 7
	outgoing: 
	datadep: 
	instructions:

