SET IRMethod, name = sole_company instanceMethod = true
BB 1
	outgoing: 6 2 
	datadep: 
	instructions:
BB 2
	outgoing: 3 4 
	datadep: 
	instructions:
		 0: def_%self 
		 1: def_%v_0 
		 2: COPY TYPE_CurrentScope def_%current_scope 
		 3: COPY TYPE_ScopeModule def_%current_module 
		 4: 
		 5: 
		 6: (Company) def_%v_3 
		 7: %v_3->many? def_%v_4 %v_3[2.6,] 	 SYMBOL:	 ARGS:
		 8: %v_4->! def_%v_5 %v_4[2.7,] 	 SYMBOL:	 ARGS:
		 9: BRANCH %v_5[2.8,] 
BB 3
	outgoing: 6 
	datadep: 
	instructions:
		 0: (Company) def_%v_6 
		 1: %v_6->first def_%v_7 %v_6[3.0,] 	 SYMBOL:	 ARGS:
		 2: RETURN %v_7[3.1,] %self[2.0,] 
BB 4
	outgoing: 6 
	datadep: 
	instructions:
		 0: RETURN %self[2.0,] 
BB 6
	outgoing: 
	datadep: 
	instructions:

SET IRMethod, name = create_default_properties instanceMethod = true
BB 1
	outgoing: 4 2 
	datadep: 
	instructions:
BB 2
	outgoing: 4 
	datadep: 
	instructions:
		 0: def_%self 
		 1: def_%v_0 
		 2: COPY TYPE_CurrentScope def_%current_scope 
		 3: COPY TYPE_ScopeModule def_%current_module 
		 4: 
		 5: 
		 6: COPY TYPE_Array def_%v_3 
		 7: COPY TYPE_PASS def_new_props %v_3[2.6,] 
		 8: 
		 9: (Property) def_%v_4 
		 10: %v_4->defaults def_%v_5 %v_4[2.9,] 	 SYMBOL:	 ARGS:
		 11: %v_5->each def_%v_6 %v_5[2.10,] %self[2.0,] 	 SYMBOL:	 ARGS:%v_5,
CLOSURE BEGIN: property_params[] %self[2.0,] p[] name[] property_values_params[] p[] new_props[2.7,] existing[] 
BB 1
	outgoing: 9 2 
	datadep: 
	instructions:
BB 2
	outgoing: 3 
	datadep: 
	instructions:
		 0: def_%self 
		 1: def_%cl_1_0 
		 2: RECEIVEARG def_property_params 
		 3: RECEIVEARG def_property_values_params 
		 4: COPY TYPE_CurrentScope def_%current_scope 
		 5: COPY TYPE_ScopeModule def_%current_module 
BB 3
	outgoing: 4 5 7 
	datadep: 
	instructions:
		 0: 
		 1: property_params->[] def_%cl_1_3 property_params[2.2,] 	 SYMBOL:name,	 ARGS:Symbol,
		 2: COPY TYPE_PASS def_name %cl_1_3[3.1,] 
		 3: 
		 4: %self->properties def_%cl_1_4 %self[2.0,] 	 SYMBOL:	 ARGS:
		 5: %cl_1_4->detect def_%cl_1_5 %cl_1_4[3.4,] %self[3.4,2.0,] 	 SYMBOL:	 ARGS:%cl_1_4,
CLOSURE BEGIN: p[] name[3.2,] 
BB 1
	outgoing: 6 2 
	datadep: 
	instructions:
BB 2
	outgoing: 3 
	datadep: 
	instructions:
		 0: def_%self 
		 1: def_%cl_2_0 
		 2: RECEIVEARG def_p 
		 3: COPY TYPE_CurrentScope def_%current_scope 
		 4: COPY TYPE_ScopeModule def_%current_module 
BB 3
	outgoing: 4 6 
	datadep: 
	instructions:
		 0: 
		 1: p->name def_%cl_2_3 p[2.2,] 	 SYMBOL:	 ARGS:
		 2: %cl_2_3->== def_%cl_2_4 %cl_2_3[3.1,] name[] 	 SYMBOL:	 ARGS:name,
		 3: RETURN %cl_2_4[3.2,] %self[2.0,] 
BB 4
	outgoing: 6 
	datadep: 
	instructions:
		 0: def_%cl_2_5 
		 1: def_%cl_2_6 %cl_2_5[4.0,] 
		 2: RETURN %cl_2_6[4.1,] %self[2.0,] 
BB 6
	outgoing: 
	datadep: 
	instructions:
CLOSURE END: 
		 6: COPY TYPE_PASS def_existing %cl_1_5[3.5,] 
		 7: 
		 8: %cl_1_5->! def_%cl_1_6 %cl_1_5[3.5,] 	 SYMBOL:	 ARGS:
		 9: BRANCH %cl_1_6[3.8,] 
BB 4
	outgoing: 6 7 
	datadep: 
	instructions:
		 0: 
		 1: %self->properties def_%cl_1_7 %self[2.0,] 	 SYMBOL:	 ARGS:
		 2: %cl_1_7->new def_%cl_1_8 %cl_1_7[4.1,] property_params[2.2,] 	 SYMBOL:	 ARGS:property_params,
		 3: COPY TYPE_PASS def_p %cl_1_8[4.2,] 
		 4: 
		 5: %cl_1_8->property_values def_%cl_1_9 %cl_1_8[4.2,] 	 SYMBOL:	 ARGS:
		 6: %cl_1_9->build def_%cl_1_10 %cl_1_9[4.5,] property_values_params[2.3,] 	 SYMBOL:	 ARGS:property_values_params,
		 7: 
		 8: p->save! def_%cl_1_11 p[4.3,] 	 SYMBOL:	 ARGS:
		 9: 
		 10: new_props-><< def_%cl_1_12 new_props[] p[4.3,4.8,] 	 SYMBOL:	 ARGS:p,
		 11: 
BB 5
	outgoing: 7 9 
	datadep: 
	instructions:
		 0: 
		 1: new_props-><< def_%cl_1_13 new_props[] existing[3.6,] 	 SYMBOL:	 ARGS:existing,
		 2: RETURN %cl_1_13[5.1,] %self[2.0,] 
BB 6
	outgoing: 9 
	datadep: 
	instructions:
		 0: RETURN %cl_1_12[4.10,] %self[2.0,] 
BB 7
	outgoing: 9 
	datadep: 
	instructions:
		 0: def_%cl_1_14 
		 1: def_%cl_1_15 %cl_1_14[7.0,] 
		 2: RETURN %cl_1_15[7.1,] %self[2.0,] 
BB 9
	outgoing: 
	datadep: 
	instructions:
CLOSURE END: p[4.3,3.5,] existing[3.6,] name[3.2,] property_values_params[2.3,] 
		 12: 
		 13: %self->properties def_%v_7 %self[2.0,] 	 SYMBOL:	 ARGS:
		 14: %v_7->reload def_%v_8 %v_7[2.13,] 	 SYMBOL:	 ARGS:
		 15: 
		 16: RETURN new_props[2.7,] %self[2.0,2.13,] 
BB 4
	outgoing: 
	datadep: 
	instructions:

SET IRMethod, name = create_default_statuses instanceMethod = true
BB 1
	outgoing: 3 2 
	datadep: 
	instructions:
BB 2
	outgoing: 3 
	datadep: 
	instructions:
		 0: def_%self 
		 1: def_%v_0 
		 2: COPY TYPE_CurrentScope def_%current_scope 
		 3: COPY TYPE_ScopeModule def_%current_module 
		 4: 
		 5: 
		 6: (Status) def_%v_3 
		 7: %v_3->create_default_statuses def_%v_4 %v_3[2.6,] %self[2.0,] 	 SYMBOL:	 ARGS:%self,
		 8: RETURN %v_4[2.7,] %self[2.0,] 
BB 3
	outgoing: 
	datadep: 
	instructions:

SET IRMethod, name = suppressed_emails instanceMethod = true
BB 1
	outgoing: 6 2 
	datadep: 
	instructions:
BB 2
	outgoing: 3 4 
	datadep: 
	instructions:
		 0: def_%self 
		 1: def_%v_0 
		 2: COPY TYPE_CurrentScope def_%current_scope 
		 3: COPY TYPE_ScopeModule def_%current_module 
		 4: 
		 5: 
		 6: %self->suppressed_email_addresses def_%v_3 %self[2.0,] 	 SYMBOL:	 ARGS:
		 7: %v_3->blank? def_%v_4 %v_3[2.6,] 	 SYMBOL:	 ARGS:
		 8: BRANCH %v_4[2.7,] 
BB 3
	outgoing: 6 
	datadep: 
	instructions:
		 0: COPY TYPE_Array def_%v_5 
		 1: RETURN %v_5[3.0,] %self[2.0,] 
BB 4
	outgoing: 6 
	datadep: 
	instructions:
		 0: %self->suppressed_email_addresses def_%v_6 %self[2.0,] 	 SYMBOL:	 ARGS:
		 1: COPY TYPE_Regexp def_%v_7 
		 2: %v_6->split def_%v_8 %v_6[4.0,] 	 SYMBOL:	 ARGS:%v_7,
		 3: %v_8->collect def_%v_9 %v_8[4.2,] %self[4.0,2.0,] 	 SYMBOL:	 ARGS:%v_8,
CLOSURE BEGIN: e[] 
BB 1
	outgoing: 6 2 
	datadep: 
	instructions:
BB 2
	outgoing: 3 
	datadep: 
	instructions:
		 0: def_%self 
		 1: def_%cl_1_0 
		 2: RECEIVEARG def_e 
		 3: COPY TYPE_CurrentScope def_%current_scope 
		 4: COPY TYPE_ScopeModule def_%current_module 
BB 3
	outgoing: 4 6 
	datadep: 
	instructions:
		 0: 
		 1: e->strip def_%cl_1_3 e[2.2,] 	 SYMBOL:	 ARGS:
		 2: RETURN %cl_1_3[3.1,] %self[2.0,] 
BB 4
	outgoing: 6 
	datadep: 
	instructions:
		 0: def_%cl_1_4 
		 1: def_%cl_1_5 %cl_1_4[4.0,] 
		 2: RETURN %cl_1_5[4.1,] %self[2.0,] 
BB 6
	outgoing: 
	datadep: 
	instructions:
CLOSURE END: 
		 4: RETURN %v_9[4.3,] %self[4.0,2.0,] 
BB 6
	outgoing: 
	datadep: 
	instructions:

SET IRMethod, name = sort instanceMethod = true
BB 1
	outgoing: 4 2 
	datadep: 
	instructions:
BB 2
	outgoing: 4 
	datadep: 
	instructions:
		 0: def_%self 
		 1: def_%v_0 
		 2: COPY TYPE_CurrentScope def_%current_scope 
		 3: COPY TYPE_ScopeModule def_%current_module 
		 4: 
		 5: RECEIVEARG def_tasks 
		 6: 
		 7: tasks->sort_by def_%v_3 tasks[2.5,] %self[2.0,] 	 SYMBOL:	 ARGS:tasks,
CLOSURE BEGIN: task[] array[] %self[2.0,] 
BB 1
	outgoing: 8 2 
	datadep: 
	instructions:
BB 2
	outgoing: 3 
	datadep: 
	instructions:
		 0: def_%self 
		 1: def_%cl_1_0 
		 2: RECEIVEARG def_task 
		 3: COPY TYPE_CurrentScope def_%current_scope 
		 4: COPY TYPE_ScopeModule def_%current_module 
BB 3
	outgoing: 4 5 6 
	datadep: 
	instructions:
		 0: 
		 1: COPY TYPE_Array def_%cl_1_3 
		 2: COPY TYPE_PASS def_array %cl_1_3[3.1,] 
		 3: 
		 4: task->completed_at def_%cl_1_4 task[2.2,] 	 SYMBOL:	 ARGS:
		 5: %cl_1_4->to_i def_%cl_1_5 %cl_1_4[3.4,] 	 SYMBOL:	 ARGS:
		 6: %cl_1_5->-@ def_%cl_1_6 %cl_1_5[3.5,] 	 SYMBOL:	 ARGS:
		 7: array-><< def_%cl_1_7 array[3.2,] %cl_1_6[3.6,] 	 SYMBOL:	 ARGS:%cl_1_6,
		 8: 
		 9: %self->rank_by_properties def_%cl_1_8 %self[2.0,] task[3.4,2.2,] 	 SYMBOL:	 ARGS:task,
		 10: array-><< def_%cl_1_9 array[3.2,3.7,] %cl_1_8[3.9,] 	 SYMBOL:	 ARGS:%cl_1_8,
		 11: 
		 12: task->due_date def_%cl_1_10 task[3.4,2.2,] 	 SYMBOL:	 ARGS:
		 13: BRANCH %cl_1_10[3.12,] 
BB 4
	outgoing: 5 
	datadep: 
	instructions:
		 0: COPY TYPE_Fixnum def_%cl_1_10 
BB 5
	outgoing: 6 8 
	datadep: 
	instructions:
		 0: %cl_1_10->to_i def_%cl_1_11 %cl_1_10[4.0,3.12,] 	 SYMBOL:	 ARGS:
		 1: %cl_1_11->-@ def_%cl_1_12 %cl_1_11[5.0,] 	 SYMBOL:	 ARGS:
		 2: array-><< def_%cl_1_13 array[3.2,] %cl_1_12[5.1,] 	 SYMBOL:	 ARGS:%cl_1_12,
		 3: 
		 4: task->task_num def_%cl_1_14 task[2.2,] 	 SYMBOL:	 ARGS:
		 5: %cl_1_14->-@ def_%cl_1_15 %cl_1_14[5.4,] 	 SYMBOL:	 ARGS:
		 6: array-><< def_%cl_1_16 array[5.2,3.2,] %cl_1_15[5.5,] 	 SYMBOL:	 ARGS:%cl_1_15,
		 7: RETURN %cl_1_16[5.6,] %self[2.0,] 
BB 6
	outgoing: 8 
	datadep: 
	instructions:
		 0: def_%cl_1_17 
		 1: def_%cl_1_18 %cl_1_17[6.0,] 
		 2: RETURN %cl_1_18[6.1,] %self[2.0,] 
BB 8
	outgoing: 
	datadep: 
	instructions:
CLOSURE END: array[3.2,] 
		 8: COPY TYPE_PASS def_res %v_3[2.7,] 
		 9: 
		 10: %v_3->reverse def_%v_4 %v_3[2.7,] 	 SYMBOL:	 ARGS:
		 11: COPY TYPE_PASS def_res %v_4[2.10,] 
		 12: 
		 13: RETURN %v_4[2.10,] %self[2.0,] 
BB 4
	outgoing: 
	datadep: 
	instructions:

SET IRMethod, name = sort_properties instanceMethod = true
BB 1
	outgoing: 3 2 
	datadep: 
	instructions:
BB 2
	outgoing: 3 
	datadep: 
	instructions:
		 0: def_%self 
		 1: def_%v_0 
		 2: COPY TYPE_CurrentScope def_%current_scope 
		 3: COPY TYPE_ScopeModule def_%current_module 
		 4: 
		 5: 
		 6: %self->properties def_%v_3 %self[2.0,] 	 SYMBOL:	 ARGS:
		 7: %v_3->select def_%v_4 %v_3[2.6,] %self[2.0,2.6,] 	 SYMBOL:	 ARGS:%v_3,
CLOSURE BEGIN: p[] 
BB 1
	outgoing: 6 2 
	datadep: 
	instructions:
BB 2
	outgoing: 3 
	datadep: 
	instructions:
		 0: def_%self 
		 1: def_%cl_1_0 
		 2: RECEIVEARG def_p 
		 3: COPY TYPE_CurrentScope def_%current_scope 
		 4: COPY TYPE_ScopeModule def_%current_module 
BB 3
	outgoing: 4 6 
	datadep: 
	instructions:
		 0: 
		 1: p->default_sort def_%cl_1_3 p[2.2,] 	 SYMBOL:	 ARGS:
		 2: RETURN %cl_1_3[3.1,] %self[2.0,] 
BB 4
	outgoing: 6 
	datadep: 
	instructions:
		 0: def_%cl_1_4 
		 1: def_%cl_1_5 %cl_1_4[4.0,] 
		 2: RETURN %cl_1_5[4.1,] %self[2.0,] 
BB 6
	outgoing: 
	datadep: 
	instructions:
CLOSURE END: 
		 8: RETURN %v_4[2.7,] %self[2.0,2.6,] 
BB 3
	outgoing: 
	datadep: 
	instructions:

SET IRMethod, name = maximum_sort_rank instanceMethod = true
BB 1
	outgoing: 7 2 
	datadep: 
	instructions:
BB 2
	outgoing: 3 4 
	datadep: 
	instructions:
		 0: def_%self 
		 1: def_%v_0 
		 2: COPY TYPE_CurrentScope def_%current_scope 
		 3: COPY TYPE_ScopeModule def_%current_module 
		 4: 
		 5: 
		 6: def_%v_4 %self[2.0,] 
		 7: COPY TYPE_PASS def_%v_3 %v_4[2.6,] 
		 8: %v_4[2.6,] 
BB 3
	outgoing: 4 
	datadep: 
	instructions:
		 0: GETFIELD %self->maximum_sort_rank def_%v_5 %self[2.0,] 
		 1: COPY TYPE_PASS def_%v_3 %v_5[3.0,] 
BB 4
	outgoing: 5 6 
	datadep: 
	instructions:
		 0: BRANCH %v_3[3.1,2.7,] 
BB 5
	outgoing: 7 
	datadep: 
	instructions:
		 0: %self->sort_properties def_%v_6 %self[2.0,] 	 SYMBOL:	 ARGS:
		 1: %v_6->inject def_%v_7 %v_6[5.0,] %self[5.0,2.0,] 	 SYMBOL:	 ARGS:Fixnum,%v_6,
CLOSURE BEGIN: property[] rank[] 
BB 1
	outgoing: 6 2 
	datadep: 
	instructions:
BB 2
	outgoing: 3 
	datadep: 
	instructions:
		 0: def_%self 
		 1: def_%cl_1_0 
		 2: RECEIVEARG def_rank 
		 3: RECEIVEARG def_property 
		 4: COPY TYPE_CurrentScope def_%current_scope 
		 5: COPY TYPE_ScopeModule def_%current_module 
BB 3
	outgoing: 4 6 
	datadep: 
	instructions:
		 0: 
		 1: property->property_values def_%cl_1_3 property[2.3,] 	 SYMBOL:	 ARGS:
		 2: %cl_1_3->length def_%cl_1_4 %cl_1_3[3.1,] 	 SYMBOL:	 ARGS:
		 3: rank->+ def_%cl_1_5 rank[2.2,] %cl_1_4[3.2,] 	 SYMBOL:	 ARGS:%cl_1_4,
		 4: COPY TYPE_PASS def_rank %cl_1_5[3.3,] 
		 5: RETURN %cl_1_5[3.3,] %self[2.0,] 
BB 4
	outgoing: 6 
	datadep: 
	instructions:
		 0: def_%cl_1_6 
		 1: def_%cl_1_7 %cl_1_6[4.0,] 
		 2: RETURN %cl_1_7[4.1,] %self[2.0,] 
BB 6
	outgoing: 
	datadep: 
	instructions:
CLOSURE END: property[2.3,] 
		 2: ATTRASSIGN %self->maximum_sort_rank %v_7[5.1,] 
		 3: RETURN %v_7[5.1,] %self[5.0,5.2,2.0,] 
BB 6
	outgoing: 7 
	datadep: 
	instructions:
		 0: RETURN %v_5[3.0,] %self[2.0,] 
BB 7
	outgoing: 
	datadep: 
	instructions:

SET IRMethod, name = rank_by_properties instanceMethod = true
BB 1
	outgoing: 6 2 
	datadep: 
	instructions:
BB 2
	outgoing: 3 4 
	datadep: 
	instructions:
		 0: def_%self 
		 1: def_%v_0 
		 2: COPY TYPE_CurrentScope def_%current_scope 
		 3: COPY TYPE_ScopeModule def_%current_module 
		 4: 
		 5: RECEIVEARG def_task 
		 6: 
		 7: %self->sort_properties def_%v_3 %self[2.0,] 	 SYMBOL:	 ARGS:
		 8: %v_3->inject def_%v_4 %v_3[2.7,] %self[2.0,2.7,] 	 SYMBOL:	 ARGS:Fixnum,%v_3,
CLOSURE BEGIN: task[2.5,] property[] rank[] pv[] 
BB 1
	outgoing: 13 2 
	datadep: 
	instructions:
BB 2
	outgoing: 3 
	datadep: 
	instructions:
		 0: def_%self 
		 1: def_%cl_1_0 
		 2: RECEIVEARG def_rank 
		 3: RECEIVEARG def_property 
		 4: COPY TYPE_CurrentScope def_%current_scope 
		 5: COPY TYPE_ScopeModule def_%current_module 
BB 3
	outgoing: 4 5 11 
	datadep: 
	instructions:
		 0: 
		 1: task->property_value def_%cl_1_3 task[] property[2.3,] 	 SYMBOL:	 ARGS:property,
		 2: COPY TYPE_PASS def_pv %cl_1_3[3.1,] 
		 3: 
		 4: COPY TYPE_PASS def_%cl_1_4 rank[2.2,] 
		 5: COPY TYPE_PASS def_%cl_1_5 rank[2.2,] 
		 6: BRANCH rank[2.2,] 
BB 4
	outgoing: 5 
	datadep: 
	instructions:
		 0: COPY TYPE_Fixnum def_rank 
		 1: COPY TYPE_Fixnum def_%cl_1_5 
BB 5
	outgoing: 6 9 
	datadep: 
	instructions:
		 0: 
		 1: BRANCH pv[3.2,] 
BB 6
	outgoing: 7 8 11 
	datadep: 
	instructions:
		 0: 
		 1: pv->sort_rank def_%cl_1_6 pv[3.2,] 	 SYMBOL:	 ARGS:
		 2: BRANCH %cl_1_6[6.1,] 
BB 7
	outgoing: 8 
	datadep: 
	instructions:
		 0: COPY TYPE_Fixnum def_%cl_1_6 
BB 8
	outgoing: 10 11 
	datadep: 
	instructions:
		 0: rank->+ def_%cl_1_7 rank[4.0,2.2,] %cl_1_6[7.0,6.1,] 	 SYMBOL:	 ARGS:%cl_1_6,
		 1: COPY TYPE_PASS def_rank %cl_1_7[8.0,] 
		 2: 
BB 9
	outgoing: 13 
	datadep: 
	instructions:
		 0: RETURN %self[2.0,] 
BB 10
	outgoing: 13 
	datadep: 
	instructions:
		 0: RETURN %cl_1_7[8.0,] %self[2.0,] 
BB 11
	outgoing: 13 
	datadep: 
	instructions:
		 0: def_%cl_1_8 
		 1: def_%cl_1_9 %cl_1_8[11.0,] 
		 2: RETURN %cl_1_9[11.1,] %self[2.0,] 
BB 13
	outgoing: 
	datadep: 
	instructions:
CLOSURE END: pv[3.2,] property[2.3,] 
		 9: COPY TYPE_PASS def_rank_by_properties %v_4[2.8,] 
		 10: 
		 11: COPY TYPE_PASS def_%v_5 %v_4[2.8,] 
		 12: BRANCH %v_4[2.8,] 
BB 3
	outgoing: 6 
	datadep: 
	instructions:
		 0: RETURN %self[2.0,] 
BB 4
	outgoing: 6 
	datadep: 
	instructions:
		 0: RETURN %v_5[2.11,] %self[2.0,] 
BB 6
	outgoing: 
	datadep: 
	instructions:

SET IRMethod, name = type_property instanceMethod = true
BB 1
	outgoing: 7 2 
	datadep: 
	instructions:
BB 2
	outgoing: 3 4 
	datadep: 
	instructions:
		 0: def_%self 
		 1: def_%v_0 
		 2: COPY TYPE_CurrentScope def_%current_scope 
		 3: COPY TYPE_ScopeModule def_%current_module 
		 4: 
		 5: 
		 6: def_%v_4 %self[2.0,] 
		 7: COPY TYPE_PASS def_%v_3 %v_4[2.6,] 
		 8: %v_4[2.6,] 
BB 3
	outgoing: 4 
	datadep: 
	instructions:
		 0: GETFIELD %self->type_property def_%v_5 %self[2.0,] 
		 1: COPY TYPE_PASS def_%v_3 %v_5[3.0,] 
BB 4
	outgoing: 5 6 
	datadep: 
	instructions:
		 0: BRANCH %v_3[3.1,2.7,] 
BB 5
	outgoing: 7 
	datadep: 
	instructions:
		 0: %self->properties def_%v_6 %self[2.0,] 	 SYMBOL:	 ARGS:
		 1: %v_6->detect def_%v_7 %v_6[5.0,] %self[5.0,2.0,] 	 SYMBOL:	 ARGS:%v_6,
CLOSURE BEGIN: p[] 
BB 1
	outgoing: 8 2 
	datadep: 
	instructions:
BB 2
	outgoing: 3 
	datadep: 
	instructions:
		 0: def_%self 
		 1: def_%cl_1_0 
		 2: RECEIVEARG def_p 
		 3: COPY TYPE_CurrentScope def_%current_scope 
		 4: COPY TYPE_ScopeModule def_%current_module 
BB 3
	outgoing: 4 5 6 
	datadep: 
	instructions:
		 0: 
		 1: p->name def_%cl_1_3 p[2.2,] 	 SYMBOL:	 ARGS:
		 2: COPY TYPE_StringLiteral "Type" def_%cl_1_4 
		 3: %cl_1_3->== def_%cl_1_5 %cl_1_3[3.1,] %cl_1_4[3.2,] 	 SYMBOL:	 ARGS:%cl_1_4,
		 4: BRANCH %cl_1_5[3.3,] 
BB 4
	outgoing: 6 8 
	datadep: 
	instructions:
		 0: p->name def_%cl_1_6 p[2.2,] 	 SYMBOL:	 ARGS:
		 1: (I18n) def_%cl_1_7 
		 2: COPY TYPE_StringLiteral "properties.type" def_%cl_1_8 
		 3: %cl_1_7->t def_%cl_1_9 %cl_1_7[4.1,] %cl_1_8[4.2,] 	 SYMBOL:	 ARGS:%cl_1_8,
		 4: %cl_1_6->== def_%cl_1_10 %cl_1_6[4.0,] %cl_1_9[4.3,] 	 SYMBOL:	 ARGS:%cl_1_9,
		 5: RETURN %cl_1_10[4.4,] %self[2.0,] 
BB 5
	outgoing: 8 
	datadep: 
	instructions:
		 0: RETURN %cl_1_5[3.3,] %self[2.0,] 
BB 6
	outgoing: 8 
	datadep: 
	instructions:
		 0: def_%cl_1_11 
		 1: def_%cl_1_12 %cl_1_11[6.0,] 
		 2: RETURN %cl_1_12[6.1,] %self[2.0,] 
BB 8
	outgoing: 
	datadep: 
	instructions:
CLOSURE END: 
		 2: ATTRASSIGN %self->type_property %v_7[5.1,] 
		 3: RETURN %v_7[5.1,] %self[5.0,5.2,2.0,] 
BB 6
	outgoing: 7 
	datadep: 
	instructions:
		 0: RETURN %v_5[3.0,] %self[2.0,] 
BB 7
	outgoing: 
	datadep: 
	instructions:

SET IRMethod, name = site_URL instanceMethod = true
BB 1
	outgoing: 6 2 
	datadep: 
	instructions:
BB 2
	outgoing: 3 4 
	datadep: 
	instructions:
		 0: def_%self 
		 1: def_%v_0 
		 2: COPY TYPE_CurrentScope def_%current_scope 
		 3: COPY TYPE_ScopeModule def_%current_module 
		 4: 
		 5: 
		 6: (Setting) def_%v_3 
		 7: %v_3->SSL def_%v_4 %v_3[2.6,] 	 SYMBOL:	 ARGS:
		 8: BRANCH %v_4[2.7,] 
BB 3
	outgoing: 5 
	datadep: 
	instructions:
		 0: 
		 1: COPY TYPE_StringLiteral "https://" def_%v_5 
		 2: COPY TYPE_PASS def_url %v_5[3.1,] 
		 3: 
BB 4
	outgoing: 5 
	datadep: 
	instructions:
		 0: 
		 1: COPY TYPE_StringLiteral "http://" def_%v_6 
		 2: COPY TYPE_PASS def_url %v_6[4.1,] 
		 3: COPY TYPE_PASS def_%v_5 %v_6[4.1,] 
BB 5
	outgoing: 6 
	datadep: 
	instructions:
		 0: 
		 1: %self->subdomain def_%v_7 %self[2.0,] 	 SYMBOL:	 ARGS:
		 2: COPY TYPE_StringLiteral "." def_%v_8 
		 3: %v_7->+ def_%v_9 %v_7[5.1,] %v_8[5.2,] 	 SYMBOL:	 ARGS:%v_8,
		 4: (Setting) def_%v_10 
		 5: %v_10->domain def_%v_11 %v_10[5.4,] 	 SYMBOL:	 ARGS:
		 6: %v_9->+ def_%v_12 %v_9[5.3,] %v_11[5.5,] 	 SYMBOL:	 ARGS:%v_11,
		 7: url->+ def_%v_13 url[4.2,3.2,] %v_12[5.6,] 	 SYMBOL:	 ARGS:%v_12,
		 8: COPY TYPE_PASS def_url %v_13[5.7,] 
		 9: RETURN %v_13[5.7,] %self[5.1,2.0,] 
BB 6
	outgoing: 
	datadep: 
	instructions:

SET IRMethod, name = critical_values instanceMethod = true
BB 1
	outgoing: 7 2 
	datadep: 
	instructions:
BB 2
	outgoing: 3 4 
	datadep: 
	instructions:
		 0: def_%self 
		 1: def_%v_0 
		 2: COPY TYPE_CurrentScope def_%current_scope 
		 3: COPY TYPE_ScopeModule def_%current_module 
		 4: 
		 5: 
		 6: def_%v_4 %self[2.0,] 
		 7: COPY TYPE_PASS def_%v_3 %v_4[2.6,] 
		 8: %v_4[2.6,] 
BB 3
	outgoing: 4 
	datadep: 
	instructions:
		 0: GETFIELD %self->critical_values def_%v_5 %self[2.0,] 
		 1: COPY TYPE_PASS def_%v_3 %v_5[3.0,] 
BB 4
	outgoing: 5 6 
	datadep: 
	instructions:
		 0: BRANCH %v_3[3.1,2.7,] 
BB 5
	outgoing: 7 
	datadep: 
	instructions:
		 0: %self->sort_properties def_%v_6 %self[2.0,] 	 SYMBOL:	 ARGS:
		 1: COPY TYPE_Array def_%v_7 
		 2: %v_6->inject def_%v_8 %v_6[5.0,] %v_7[5.1,] %self[5.0,2.0,] 	 SYMBOL:	 ARGS:%v_7,%v_6,
CLOSURE BEGIN: prop[] range[] res[] 
BB 1
	outgoing: 6 2 
	datadep: 
	instructions:
BB 2
	outgoing: 3 
	datadep: 
	instructions:
		 0: def_%self 
		 1: def_%cl_1_0 
		 2: RECEIVEARG def_res 
		 3: RECEIVEARG def_prop 
		 4: COPY TYPE_CurrentScope def_%current_scope 
		 5: COPY TYPE_ScopeModule def_%current_module 
BB 3
	outgoing: 4 6 
	datadep: 
	instructions:
		 0: 
		 1: prop->property_values def_%cl_1_3 prop[2.3,] 	 SYMBOL:	 ARGS:
		 2: %cl_1_3->count def_%cl_1_4 %cl_1_3[3.1,] 	 SYMBOL:	 ARGS:
		 3: %cl_1_4->/ def_%cl_1_5 %cl_1_4[3.2,] 	 SYMBOL:	 ARGS:Fixnum,
		 4: %cl_1_5->to_i def_%cl_1_6 %cl_1_5[3.3,] 	 SYMBOL:	 ARGS:
		 5: COPY TYPE_PASS def_range %cl_1_6[3.4,] 
		 6: 
		 7: prop->property_values def_%cl_1_7 prop[3.1,2.3,] 	 SYMBOL:	 ARGS:
		 8: %cl_1_7->[] def_%cl_1_8 %cl_1_7[3.7,] range[3.5,] 	 SYMBOL:	 ARGS:Fixnum,range,
		 9: res->+ def_%cl_1_9 res[2.2,] %cl_1_8[3.8,] 	 SYMBOL:	 ARGS:%cl_1_8,
		 10: COPY TYPE_PASS def_res %cl_1_9[3.9,] 
		 11: RETURN %cl_1_9[3.9,] %self[2.0,] 
BB 4
	outgoing: 6 
	datadep: 
	instructions:
		 0: def_%cl_1_10 
		 1: def_%cl_1_11 %cl_1_10[4.0,] 
		 2: RETURN %cl_1_11[4.1,] %self[2.0,] 
BB 6
	outgoing: 
	datadep: 
	instructions:
CLOSURE END: prop[2.3,] range[3.5,] 
		 3: ATTRASSIGN %self->critical_values %v_8[5.2,] 
		 4: RETURN %v_8[5.2,] %self[5.0,5.3,2.0,] 
BB 6
	outgoing: 7 
	datadep: 
	instructions:
		 0: RETURN %v_5[3.0,] %self[2.0,] 
BB 7
	outgoing: 
	datadep: 
	instructions:

SET IRMethod, name = normal_values instanceMethod = true
BB 1
	outgoing: 7 2 
	datadep: 
	instructions:
BB 2
	outgoing: 3 4 
	datadep: 
	instructions:
		 0: def_%self 
		 1: def_%v_0 
		 2: COPY TYPE_CurrentScope def_%current_scope 
		 3: COPY TYPE_ScopeModule def_%current_module 
		 4: 
		 5: 
		 6: def_%v_4 %self[2.0,] 
		 7: COPY TYPE_PASS def_%v_3 %v_4[2.6,] 
		 8: %v_4[2.6,] 
BB 3
	outgoing: 4 
	datadep: 
	instructions:
		 0: GETFIELD %self->normal_values def_%v_5 %self[2.0,] 
		 1: COPY TYPE_PASS def_%v_3 %v_5[3.0,] 
BB 4
	outgoing: 5 6 
	datadep: 
	instructions:
		 0: BRANCH %v_3[3.1,2.7,] 
BB 5
	outgoing: 7 
	datadep: 
	instructions:
		 0: %self->sort_properties def_%v_6 %self[2.0,] 	 SYMBOL:	 ARGS:
		 1: COPY TYPE_Array def_%v_7 
		 2: %v_6->inject def_%v_8 %v_6[5.0,] %v_7[5.1,] %self[5.0,2.0,] 	 SYMBOL:	 ARGS:%v_7,%v_6,
CLOSURE BEGIN: prop[] %self[5.0,2.0,] pv[] res[] 
BB 1
	outgoing: 6 2 
	datadep: 
	instructions:
BB 2
	outgoing: 3 
	datadep: 
	instructions:
		 0: def_%self 
		 1: def_%cl_1_0 
		 2: RECEIVEARG def_res 
		 3: RECEIVEARG def_prop 
		 4: COPY TYPE_CurrentScope def_%current_scope 
		 5: COPY TYPE_ScopeModule def_%current_module 
BB 3
	outgoing: 4 6 
	datadep: 
	instructions:
		 0: 
		 1: prop->property_values def_%cl_1_3 prop[2.3,] 	 SYMBOL:	 ARGS:
		 2: %cl_1_3->select def_%cl_1_4 %cl_1_3[3.1,] %self[2.0,] 	 SYMBOL:	 ARGS:%cl_1_3,
CLOSURE BEGIN: %self[2.0,] pv[] 
BB 1
	outgoing: 8 2 
	datadep: 
	instructions:
BB 2
	outgoing: 3 
	datadep: 
	instructions:
		 0: def_%self 
		 1: def_%cl_2_0 
		 2: RECEIVEARG def_pv 
		 3: COPY TYPE_CurrentScope def_%current_scope 
		 4: COPY TYPE_ScopeModule def_%current_module 
BB 3
	outgoing: 4 5 6 
	datadep: 
	instructions:
		 0: 
		 1: %self->critical_values def_%cl_2_3 %self[2.0,] 	 SYMBOL:	 ARGS:
		 2: %cl_2_3->index def_%cl_2_4 %cl_2_3[3.1,] pv[2.2,] 	 SYMBOL:	 ARGS:pv,
		 3: %cl_2_4->! def_%cl_2_5 %cl_2_4[3.2,] 	 SYMBOL:	 ARGS:
		 4: BRANCH %cl_2_5[3.3,] 
BB 4
	outgoing: 6 8 
	datadep: 
	instructions:
		 0: %self->low_values def_%cl_2_6 %self[2.0,] 	 SYMBOL:	 ARGS:
		 1: %cl_2_6->index def_%cl_2_7 %cl_2_6[4.0,] pv[2.2,] 	 SYMBOL:	 ARGS:pv,
		 2: %cl_2_7->! def_%cl_2_8 %cl_2_7[4.1,] 	 SYMBOL:	 ARGS:
		 3: RETURN %cl_2_8[4.2,] %self[4.0,2.0,] 
BB 5
	outgoing: 8 
	datadep: 
	instructions:
		 0: RETURN %cl_2_5[3.3,] %self[2.0,] 
BB 6
	outgoing: 8 
	datadep: 
	instructions:
		 0: def_%cl_2_9 
		 1: def_%cl_2_10 %cl_2_9[6.0,] 
		 2: RETURN %cl_2_10[6.1,] %self[2.0,] 
BB 8
	outgoing: 
	datadep: 
	instructions:
CLOSURE END: 
		 3: res->+ def_%cl_1_5 res[2.2,] %cl_1_4[3.2,] 	 SYMBOL:	 ARGS:%cl_1_4,
		 4: COPY TYPE_PASS def_res %cl_1_5[3.3,] 
		 5: RETURN %cl_1_5[3.3,] %self[2.0,] 
BB 4
	outgoing: 6 
	datadep: 
	instructions:
		 0: def_%cl_1_6 
		 1: def_%cl_1_7 %cl_1_6[4.0,] 
		 2: RETURN %cl_1_7[4.1,] %self[2.0,] 
BB 6
	outgoing: 
	datadep: 
	instructions:
CLOSURE END: prop[2.3,] 
		 3: ATTRASSIGN %self->normal_values %v_8[5.2,] 
		 4: RETURN %v_8[5.2,] %self[5.0,5.3,2.0,] 
BB 6
	outgoing: 7 
	datadep: 
	instructions:
		 0: RETURN %v_5[3.0,] %self[2.0,] 
BB 7
	outgoing: 
	datadep: 
	instructions:

SET IRMethod, name = low_values instanceMethod = true
BB 1
	outgoing: 7 2 
	datadep: 
	instructions:
BB 2
	outgoing: 3 4 
	datadep: 
	instructions:
		 0: def_%self 
		 1: def_%v_0 
		 2: COPY TYPE_CurrentScope def_%current_scope 
		 3: COPY TYPE_ScopeModule def_%current_module 
		 4: 
		 5: 
		 6: def_%v_4 %self[2.0,] 
		 7: COPY TYPE_PASS def_%v_3 %v_4[2.6,] 
		 8: %v_4[2.6,] 
BB 3
	outgoing: 4 
	datadep: 
	instructions:
		 0: GETFIELD %self->low_values def_%v_5 %self[2.0,] 
		 1: COPY TYPE_PASS def_%v_3 %v_5[3.0,] 
BB 4
	outgoing: 5 6 
	datadep: 
	instructions:
		 0: BRANCH %v_3[3.1,2.7,] 
BB 5
	outgoing: 7 
	datadep: 
	instructions:
		 0: %self->sort_properties def_%v_6 %self[2.0,] 	 SYMBOL:	 ARGS:
		 1: COPY TYPE_Array def_%v_7 
		 2: %v_6->inject def_%v_8 %v_6[5.0,] %v_7[5.1,] %self[5.0,2.0,] 	 SYMBOL:	 ARGS:%v_7,%v_6,
CLOSURE BEGIN: prop[] length[] range[] res[] 
BB 1
	outgoing: 6 2 
	datadep: 
	instructions:
BB 2
	outgoing: 3 
	datadep: 
	instructions:
		 0: def_%self 
		 1: def_%cl_1_0 
		 2: RECEIVEARG def_res 
		 3: RECEIVEARG def_prop 
		 4: COPY TYPE_CurrentScope def_%current_scope 
		 5: COPY TYPE_ScopeModule def_%current_module 
BB 3
	outgoing: 4 6 
	datadep: 
	instructions:
		 0: 
		 1: prop->property_values def_%cl_1_3 prop[2.3,] 	 SYMBOL:	 ARGS:
		 2: %cl_1_3->count def_%cl_1_4 %cl_1_3[3.1,] 	 SYMBOL:	 ARGS:
		 3: COPY TYPE_PASS def_length %cl_1_4[3.2,] 
		 4: 
		 5: %cl_1_4->/ def_%cl_1_5 %cl_1_4[3.2,] 	 SYMBOL:	 ARGS:Fixnum,
		 6: %cl_1_5->to_i def_%cl_1_6 %cl_1_5[3.5,] 	 SYMBOL:	 ARGS:
		 7: length->- def_%cl_1_7 length[3.3,] %cl_1_6[3.6,] 	 SYMBOL:	 ARGS:%cl_1_6,
		 8: COPY TYPE_PASS def_range %cl_1_7[3.7,] 
		 9: 
		 10: prop->property_values def_%cl_1_8 prop[3.1,2.3,] 	 SYMBOL:	 ARGS:
		 11: %cl_1_8->[] def_%cl_1_9 %cl_1_8[3.10,] range[3.8,] length[3.3,3.7,] 	 SYMBOL:	 ARGS:range,length,
		 12: res->+ def_%cl_1_10 res[2.2,] %cl_1_9[3.11,] 	 SYMBOL:	 ARGS:%cl_1_9,
		 13: COPY TYPE_PASS def_res %cl_1_10[3.12,] 
		 14: RETURN %cl_1_10[3.12,] %self[2.0,] 
BB 4
	outgoing: 6 
	datadep: 
	instructions:
		 0: def_%cl_1_11 
		 1: def_%cl_1_12 %cl_1_11[4.0,] 
		 2: RETURN %cl_1_12[4.1,] %self[2.0,] 
BB 6
	outgoing: 
	datadep: 
	instructions:
CLOSURE END: prop[2.3,] length[3.3,] range[3.8,] 
		 3: ATTRASSIGN %self->low_values %v_8[5.2,] 
		 4: RETURN %v_8[5.2,] %self[5.0,5.3,2.0,] 
BB 6
	outgoing: 7 
	datadep: 
	instructions:
		 0: RETURN %v_5[3.0,] %self[2.0,] 
BB 7
	outgoing: 
	datadep: 
	instructions:

SET IRMethod, name = internal_customer instanceMethod = true
BB 1
	outgoing: 7 2 
	datadep: 
	instructions:
BB 2
	outgoing: 3 4 
	datadep: 
	instructions:
		 0: def_%self 
		 1: def_%v_0 
		 2: COPY TYPE_CurrentScope def_%current_scope 
		 3: COPY TYPE_ScopeModule def_%current_module 
		 4: 
		 5: 
		 6: COPY TYPE_StringLiteral "(name = ? OR name = 'Internal') AND company_id = ? " def_%v_3 
		 7: %self->name def_%v_4 %self[2.0,] 	 SYMBOL:	 ARGS:
		 8: %self->id def_%v_5 %self[2.0,2.7,] 	 SYMBOL:	 ARGS:
		 9: COPY TYPE_Array def_%v_6 %v_3[2.6,] %v_4[2.7,] %v_5[2.8,] 
		 10: COPY TYPE_PASS def_conds %v_6[2.9,] 
		 11: 
		 12: def_%v_8 %self[2.0,2.7,2.8,] 
		 13: COPY TYPE_PASS def_%v_7 %v_8[2.12,] 
		 14: %v_8[2.12,] 
BB 3
	outgoing: 4 
	datadep: 
	instructions:
		 0: GETFIELD %self->internal_customer def_%v_9 %self[2.0,] 
		 1: COPY TYPE_PASS def_%v_7 %v_9[3.0,] 
BB 4
	outgoing: 5 6 
	datadep: 
	instructions:
		 0: BRANCH %v_7[3.1,2.13,] 
BB 5
	outgoing: 7 
	datadep: 
	instructions:
		 0: %self->customers def_%v_10 %self[2.0,] 	 SYMBOL:	 ARGS:
		 1: %v_10->where def_%v_11 %v_10[5.0,] conds[2.10,] 	 SYMBOL:	 ARGS:conds,
		 2: COPY TYPE_StringLiteral "id" def_%v_12 
		 3: %v_11->order def_%v_13 %v_11[5.1,] %v_12[5.2,] 	 SYMBOL:	 ARGS:%v_12,
		 4: %v_13->first def_%v_14 %v_13[5.3,] 	 SYMBOL:	 ARGS:
		 5: ATTRASSIGN %self->internal_customer %v_14[5.4,] 
		 6: RETURN %v_14[5.4,] %self[5.0,5.5,2.0,] 
BB 6
	outgoing: 7 
	datadep: 
	instructions:
		 0: RETURN %v_9[3.0,] %self[2.0,] 
BB 7
	outgoing: 
	datadep: 
	instructions:

SET IRMethod, name = logo_path instanceMethod = true
BB 1
	outgoing: 3 2 
	datadep: 
	instructions:
BB 2
	outgoing: 3 
	datadep: 
	instructions:
		 0: def_%self 
		 1: def_%v_0 
		 2: COPY TYPE_CurrentScope def_%current_scope 
		 3: COPY TYPE_ScopeModule def_%current_module 
		 4: 
		 5: 
		 6: %self->logo def_%v_3 %self[2.0,] 	 SYMBOL:	 ARGS:
		 7: %v_3->path def_%v_4 %v_3[2.6,] 	 SYMBOL:	 ARGS:
		 8: RETURN %v_4[2.7,] %self[2.0,2.6,] 
BB 3
	outgoing: 
	datadep: 
	instructions:

SET IRMethod, name = logo? instanceMethod = true
BB 1
	outgoing: 5 2 
	datadep: 
	instructions:
BB 2
	outgoing: 3 4 
	datadep: 
	instructions:
		 0: def_%self 
		 1: def_%v_0 
		 2: COPY TYPE_CurrentScope def_%current_scope 
		 3: COPY TYPE_ScopeModule def_%current_module 
		 4: 
		 5: 
		 6: %self->logo_path def_%v_3 %self[2.0,] 	 SYMBOL:	 ARGS:
		 7: %v_3->nil? def_%v_4 %v_3[2.6,] 	 SYMBOL:	 ARGS:
		 8: %v_4->! def_%v_5 %v_4[2.7,] 	 SYMBOL:	 ARGS:
		 9: BRANCH %v_5[2.8,] 
BB 3
	outgoing: 5 
	datadep: 
	instructions:
		 0: (File) def_%v_6 
		 1: %self->logo_path def_%v_7 %self[2.0,] 	 SYMBOL:	 ARGS:
		 2: %v_6->exist? def_%v_8 %v_6[3.0,] %v_7[3.1,] 	 SYMBOL:	 ARGS:%v_7,
		 3: RETURN %v_8[3.2,] %self[3.1,2.0,] 
BB 4
	outgoing: 5 
	datadep: 
	instructions:
		 0: RETURN %v_5[2.8,] %self[2.0,] 
BB 5
	outgoing: 
	datadep: 
	instructions:

