SET IRMethod, name = issue_num instanceMethod = true
BB 1
	outgoing: 3 2 
	datadep: 
	instructions:
BB 2
	outgoing: 3 
	datadep: 
	instructions:
		 0: def_%self 
		 1: def_%v_0 
		 2: COPY TYPE_CurrentScope def_%current_scope 
		 3: COPY TYPE_ScopeModule def_%current_module 
		 4: 
		 5: 
		 6: COPY TYPE_StringLiteral "[" def_%v_3 
		 7: %self->changeset_rev def_%v_4 %self[2.0,] 	 SYMBOL:	 ARGS:
		 8: COPY TYPE_StringLiteral "]" def_%v_5 
		 9: BUILDSTRING def_%v_6 %v_3[2.6,] %v_4[2.7,] %v_5[2.8,] 
		 10: COPY TYPE_PASS def_name %v_6[2.9,] 
		 11: RETURN %v_6[2.9,] %self[2.0,2.7,] 
BB 3
	outgoing: 
	datadep: 
	instructions:

SET IRMethod, name = name instanceMethod = true
BB 1
	outgoing: 14 2 
	datadep: 
	instructions:
BB 2
	outgoing: 3 4 
	datadep: 
	instructions:
		 0: def_%self 
		 1: def_%v_0 
		 2: COPY TYPE_CurrentScope def_%current_scope 
		 3: COPY TYPE_ScopeModule def_%current_module 
		 4: 
		 5: 
		 6: %self->scm_project def_%v_3 %self[2.0,] 	 SYMBOL:	 ARGS:
		 7: %v_3->scm_type def_%v_4 %v_3[2.6,] 	 SYMBOL:	 ARGS:
		 8: %v_4->upcase def_%v_5 %v_4[2.7,] 	 SYMBOL:	 ARGS:
		 9: COPY TYPE_StringLiteral " Commit" def_%v_6 
		 10: BUILDSTRING def_%v_7 %v_5[2.8,] %v_6[2.9,] 
		 11: COPY TYPE_PASS def_n %v_7[2.10,] 
		 12: 
		 13: %self->scm_project def_%v_8 %self[2.0,2.6,] 	 SYMBOL:	 ARGS:
		 14: %v_8->scm_type def_%v_9 %v_8[2.13,] 	 SYMBOL:	 ARGS:
		 15: COPY TYPE_StringLiteral "svn" def_%v_10 
		 16: %v_9->== def_%v_11 %v_9[2.14,] %v_10[2.15,] 	 SYMBOL:	 ARGS:%v_10,
		 17: BRANCH %v_11[2.16,] 
BB 3
	outgoing: 5 
	datadep: 
	instructions:
		 0: 
		 1: COPY TYPE_StringLiteral " (r" def_%v_12 
		 2: %self->changeset_rev def_%v_13 %self[2.0,] 	 SYMBOL:	 ARGS:
		 3: COPY TYPE_StringLiteral ")" def_%v_14 
		 4: BUILDSTRING def_%v_15 %v_12[3.1,] %v_13[3.2,] %v_14[3.3,] 
		 5: n-><< def_%v_16 n[2.11,] %v_15[3.4,] 	 SYMBOL:	 ARGS:%v_15,
		 6: 
BB 4
	outgoing: 5 
	datadep: 
	instructions:
		 0: COPY TYPE_Nil def_%v_16 
BB 5
	outgoing: 6 7 
	datadep: 
	instructions:
		 0: 
		 1: %self->scm_files def_%v_17 %self[2.0,] 	 SYMBOL:	 ARGS:
		 2: BRANCH %v_17[5.1,] 
BB 6
	outgoing: 7 
	datadep: 
	instructions:
		 0: %self->scm_files def_%v_18 %self[2.0,] 	 SYMBOL:	 ARGS:
		 1: %v_18->size def_%v_19 %v_18[6.0,] 	 SYMBOL:	 ARGS:
		 2: %v_19->> def_%v_20 %v_19[6.1,] 	 SYMBOL:	 ARGS:Fixnum,
		 3: COPY TYPE_PASS def_%v_17 %v_20[6.2,] 
BB 7
	outgoing: 8 12 
	datadep: 
	instructions:
		 0: BRANCH %v_17[6.3,5.1,] 
BB 8
	outgoing: 9 10 
	datadep: 
	instructions:
		 0: 
		 1: COPY TYPE_StringLiteral " [" def_%v_21 
		 2: %self->scm_files def_%v_22 %self[2.0,] 	 SYMBOL:	 ARGS:
		 3: %v_22->size def_%v_23 %v_22[8.2,] 	 SYMBOL:	 ARGS:
		 4: COPY TYPE_StringLiteral " " def_%v_24 
		 5: %self->scm_files def_%v_25 %self[8.2,2.0,] 	 SYMBOL:	 ARGS:
		 6: %v_25->size def_%v_26 %v_25[8.5,] 	 SYMBOL:	 ARGS:
		 7: %v_26->== def_%v_27 %v_26[8.6,] 	 SYMBOL:	 ARGS:Fixnum,
		 8: BRANCH %v_27[8.7,] 
BB 9
	outgoing: 11 
	datadep: 
	instructions:
		 0: COPY TYPE_StringLiteral "file" def_%v_28 
		 1: 
BB 10
	outgoing: 11 
	datadep: 
	instructions:
		 0: COPY TYPE_StringLiteral "files" def_%v_29 
		 1: COPY TYPE_PASS def_%v_28 %v_29[10.0,] 
BB 11
	outgoing: 13 
	datadep: 
	instructions:
		 0: COPY TYPE_StringLiteral "]" def_%v_30 
		 1: BUILDSTRING def_%v_31 %v_21[8.1,] %v_23[8.3,] %v_24[8.4,] %v_28[10.1,9.0,] %v_30[11.0,] 
		 2: n-><< def_%v_32 n[2.11,] %v_31[11.1,] 	 SYMBOL:	 ARGS:%v_31,
		 3: 
BB 12
	outgoing: 13 
	datadep: 
	instructions:
		 0: COPY TYPE_Nil def_%v_32 
BB 13
	outgoing: 14 
	datadep: 
	instructions:
		 0: 
		 1: RETURN n[2.11,] %self[2.0,] 
BB 14
	outgoing: 
	datadep: 
	instructions:

SET IRMethod, name = full_name instanceMethod = true
BB 1
	outgoing: 3 2 
	datadep: 
	instructions:
BB 2
	outgoing: 3 
	datadep: 
	instructions:
		 0: def_%self 
		 1: def_%v_0 
		 2: COPY TYPE_CurrentScope def_%current_scope 
		 3: COPY TYPE_ScopeModule def_%current_module 
		 4: 
		 5: 
		 6: %self->scm_project def_%v_3 %self[2.0,] 	 SYMBOL:	 ARGS:
		 7: %v_3->location def_%v_4 %v_3[2.6,] 	 SYMBOL:	 ARGS:
		 8: BUILDSTRING def_%v_5 %v_4[2.7,] 
		 9: RETURN %v_5[2.8,] %self[2.0,2.6,] 
BB 3
	outgoing: 
	datadep: 
	instructions:

