SET IRMethod, name = initialize instanceMethod = true
BB 1
	outgoing: 6 2 
	datadep: 
	instructions:
BB 2
	outgoing: 3 4 
	datadep: 
	instructions:
		 0: def_%self 
		 1: def_%v_0 
		 2: COPY TYPE_CurrentScope def_%current_scope 
		 3: COPY TYPE_ScopeModule def_%current_module 
		 4: 
		 5: RECEIVEARG def_user 
		 6: 
		 7: user->is_admin def_%v_3 user[2.5,] 	 SYMBOL:	 ARGS:
		 8: BRANCH %v_3[2.7,] 
BB 3
	outgoing: 5 
	datadep: 
	instructions:
		 0: 
		 1: %self->can def_%v_4 %self[2.0,] 	 SYMBOL:manage,all,	 ARGS:Symbol,Symbol,
		 2: 
BB 4
	outgoing: 5 
	datadep: 
	instructions:
		 0: 
		 1: COPY TYPE_Array def_%v_5 
		 2: (Channel) def_%v_6 
		 3: %self->can def_%v_7 %self[2.0,] %v_5[4.1,] %v_6[4.2,] 	 SYMBOL:	 ARGS:%v_5,%v_6,
		 4: 
		 5: (Channel) def_%v_8 
		 6: HASH-user- def_%v_9 user[2.5,] 
		 7: %self->can def_%v_10 %self[4.3,2.0,] %v_8[4.5,] %v_9[4.6,] 	 SYMBOL:manage,	 ARGS:Symbol,%v_8,%v_9,
		 8: 
		 9: (User) def_%v_11 
		 10: user->id def_%v_12 user[2.5,] 	 SYMBOL:	 ARGS:
		 11: HASH-id- def_%v_13 %v_12[4.10,] 
		 12: %self->can def_%v_14 %self[4.3,4.7,2.0,] %v_11[4.9,] %v_13[4.11,] 	 SYMBOL:manage,	 ARGS:Symbol,%v_11,%v_13,
		 13: COPY TYPE_PASS def_%v_4 %v_14[4.12,] 
BB 5
	outgoing: 6 
	datadep: 
	instructions:
		 0: 
		 1: (User) def_%v_15 
		 2: %self->can def_%v_16 %self[2.0,] %v_15[5.1,] 	 SYMBOL:read,	 ARGS:Symbol,%v_15,
		 3: 
		 4: (Channel) def_%v_17 
		 5: HASH-id- def_%v_18 
		 6: %self->cannot def_%v_19 %self[5.2,2.0,] %v_17[5.4,] %v_18[5.5,] 	 SYMBOL:destroy,	 ARGS:Symbol,%v_17,%v_18,
		 7: RETURN %v_19[5.6,] %self[5.2,5.6,2.0,] 
BB 6
	outgoing: 
	datadep: 
	instructions:

