SET IRMethod, name = after_save instanceMethod = true
BB 1
	outgoing: 3 2 
	datadep: 
	instructions:
BB 2
	outgoing: 3 
	datadep: 
	instructions:
		 0: def_%self 
		 1: def_%v_0 
		 2: COPY TYPE_CurrentScope def_%current_scope 
		 3: COPY TYPE_ScopeModule def_%current_module 
		 4: 
		 5: RECEIVEARG def_attachment 
		 6: 
		 7: (Activity) def_%v_3 
		 8: COPY TYPE_StringLiteral "upload" def_%v_4 
		 9: attachment->url def_%v_5 attachment[2.5,] 	 SYMBOL:	 ARGS:
		 10: HASH-action-content- def_%v_6 %v_4[2.8,] %v_5[2.9,] 
		 11: %v_3->new def_%v_7 %v_3[2.7,] %v_6[2.10,] 	 SYMBOL:	 ARGS:%v_6,
		 12: COPY TYPE_PASS def_activity %v_7[2.11,] 
		 13: 
		 14: attachment->channel_id def_%v_8 attachment[2.5,2.9,] 	 SYMBOL:	 ARGS:
		 15: ATTRASSIGN activity->channel_id %v_8[2.14,] 
		 16: 
		 17: attachment->user_id def_%v_9 attachment[2.5,2.9,2.14,] 	 SYMBOL:	 ARGS:
		 18: ATTRASSIGN activity->user_id %v_9[2.17,] 
		 19: 
		 20: activity->save def_%v_10 activity[2.12,2.15,2.18,] 	 SYMBOL:	 ARGS:
		 21: RETURN %v_10[2.20,] %self[2.0,] 
BB 3
	outgoing: 
	datadep: 
	instructions:

