SET IRMethod, name = check_username instanceMethod = true
BB 1
	outgoing: 11 2 
	datadep: 
	instructions:
BB 2
	outgoing: 3 4 
	datadep: 
	instructions:
		 0: def_%self 
		 1: def_%v_0 
		 2: COPY TYPE_CurrentScope def_%current_scope 
		 3: COPY TYPE_ScopeModule def_%current_module 
		 4: 
		 5: RECEIVEARG def_username 
		 6: RECEIVEARG def_email 
		 7: 
		 8: COPY TYPE_PASS def_%v_3 username[2.5,] 
		 9: BRANCH username[2.5,] 
BB 3
	outgoing: 4 
	datadep: 
	instructions:
		 0: username->length def_%v_4 username[2.5,] 	 SYMBOL:	 ARGS:
		 1: %v_4->> def_%v_5 %v_4[3.0,] 	 SYMBOL:	 ARGS:Fixnum,
		 2: COPY TYPE_PASS def_%v_3 %v_5[3.1,] 
BB 4
	outgoing: 5 9 
	datadep: 
	instructions:
		 0: BRANCH %v_3[3.2,2.8,] 
BB 5
	outgoing: 6 7 
	datadep: 
	instructions:
		 0: 
		 1: (UsernameValidator) def_%v_6 
		 2: %v_6->new def_%v_7 %v_6[5.1,] username[2.5,] 	 SYMBOL:	 ARGS:username,
		 3: COPY TYPE_PASS def_validator %v_7[5.2,] 
		 4: 
		 5: %v_7->valid_format? def_%v_8 %v_7[5.2,] 	 SYMBOL:	 ARGS:
		 6: %v_8->! def_%v_9 %v_8[5.5,] 	 SYMBOL:	 ARGS:
		 7: BRANCH %v_9[5.6,] 
BB 6
	outgoing: 8 
	datadep: 
	instructions:
		 0: 
		 1: validator->errors def_%v_10 validator[5.3,] 	 SYMBOL:	 ARGS:
		 2: HASH-errors- def_%v_11 %v_10[6.1,] 
		 3: 
BB 7
	outgoing: 8 
	datadep: 
	instructions:
		 0: 
		 1: %self->check_username_availability def_%v_12 %self[2.0,] username[2.5,] email[2.6,] 	 SYMBOL:	 ARGS:username,email,
		 2: COPY TYPE_PASS def_%v_11 %v_12[7.1,] 
BB 8
	outgoing: 11 
	datadep: 
	instructions:
		 0: RETURN %v_11[7.2,6.2,] %self[2.0,] 
BB 9
	outgoing: 11 
	datadep: 
	instructions:
		 0: RETURN %self[2.0,] 
BB 11
	outgoing: 
	datadep: 
	instructions:

SET IRMethod, name = check_username_availability instanceMethod = true
BB 1
	outgoing: 6 2 
	datadep: 
	instructions:
BB 2
	outgoing: 3 4 
	datadep: 
	instructions:
		 0: def_%self 
		 1: def_%v_0 
		 2: COPY TYPE_CurrentScope def_%current_scope 
		 3: COPY TYPE_ScopeModule def_%current_module 
		 4: 
		 5: RECEIVEARG def_username 
		 6: RECEIVEARG def_email 
		 7: 
		 8: (User) def_%v_3 
		 9: %v_3->username_available? def_%v_4 %v_3[2.8,] username[2.5,] 	 SYMBOL:	 ARGS:username,
		 10: BRANCH %v_4[2.9,] 
BB 3
	outgoing: 6 
	datadep: 
	instructions:
		 0: 
		 1: %self->is_developer? def_%v_5 %self[2.0,] email[2.6,] 	 SYMBOL:	 ARGS:email,
		 2: HASH-available-is_developer- def_%v_6 %v_5[3.1,] 
		 3: RETURN %v_5[3.1,] %self[3.1,2.0,] 
BB 4
	outgoing: 6 
	datadep: 
	instructions:
		 0: 
		 1: (UserNameSuggester) def_%v_7 
		 2: %v_7->suggest def_%v_8 %v_7[4.1,] username[2.5,] 	 SYMBOL:	 ARGS:username,
		 3: HASH-available-suggestion- def_%v_9 %v_8[4.2,] 
		 4: RETURN %v_9[4.3,] %self[2.0,] 
BB 6
	outgoing: 
	datadep: 
	instructions:

SET IRMethod, name = is_developer? instanceMethod = true
BB 1
	outgoing: 5 2 
	datadep: 
	instructions:
BB 2
	outgoing: 3 4 
	datadep: 
	instructions:
		 0: def_%self 
		 1: def_%v_0 
		 2: COPY TYPE_CurrentScope def_%current_scope 
		 3: COPY TYPE_ScopeModule def_%current_module 
		 4: 
		 5: RECEIVEARG def_value 
		 6: 
		 7: (Rails) def_%v_3 
		 8: %v_3->configuration def_%v_4 %v_3[2.7,] 	 SYMBOL:	 ARGS:
		 9: %v_4->respond_to? def_%v_5 %v_4[2.8,] 	 SYMBOL:developer_emails,	 ARGS:Symbol,
		 10: BRANCH %v_5[2.9,] 
BB 3
	outgoing: 5 
	datadep: 
	instructions:
		 0: (Rails) def_%v_6 
		 1: %v_6->configuration def_%v_7 %v_6[3.0,] 	 SYMBOL:	 ARGS:
		 2: %v_7->developer_emails def_%v_8 %v_7[3.1,] 	 SYMBOL:	 ARGS:
		 3: %v_8->include? def_%v_9 %v_8[3.2,] value[2.5,] 	 SYMBOL:	 ARGS:value,
		 4: RETURN %v_9[3.3,] %self[2.0,] 
BB 4
	outgoing: 5 
	datadep: 
	instructions:
		 0: RETURN %v_5[2.9,] %self[2.0,] 
BB 5
	outgoing: 
	datadep: 
	instructions:

