SET IRMethod, name = initialize instanceMethod = true
BB 1
	outgoing: 3 2 
	datadep: 
	instructions:
BB 2
	outgoing: 3 
	datadep: 
	instructions:
		 0: def_%self 
		 1: def_%v_0 
		 2: COPY TYPE_CurrentScope def_%current_scope 
		 3: COPY TYPE_ScopeModule def_%current_module 
		 4: 
		 5: RECEIVEARG def_user 
		 6: RECEIVEARG def_request 
		 7: RECEIVEARG def_session 
		 8: RECEIVEARG def_cookies 
		 9: 
		 10: ATTRASSIGN %self->user user[2.5,] 
		 11: 
		 12: ATTRASSIGN %self->session session[2.7,] 
		 13: 
		 14: ATTRASSIGN %self->cookies cookies[2.8,] 
		 15: 
		 16: ATTRASSIGN %self->request request[2.6,] 
		 17: 
		 18: ATTRASSIGN %self->message 
		 19: RETURN %self[2.0,2.10,2.12,2.14,2.16,2.18,] 
BB 3
	outgoing: 
	datadep: 
	instructions:

SET IRMethod, name = start instanceMethod = true
BB 1
	outgoing: 3 2 
	datadep: 
	instructions:
BB 2
	outgoing: 3 
	datadep: 
	instructions:
		 0: def_%self 
		 1: def_%v_0 
		 2: COPY TYPE_CurrentScope def_%current_scope 
		 3: COPY TYPE_ScopeModule def_%current_module 
		 4: 
		 5: RETURN %self[2.0,] 
BB 3
	outgoing: 
	datadep: 
	instructions:

SET IRMethod, name = finish instanceMethod = true
BB 1
	outgoing: 3 2 
	datadep: 
	instructions:
BB 2
	outgoing: 3 
	datadep: 
	instructions:
		 0: def_%self 
		 1: def_%v_0 
		 2: COPY TYPE_CurrentScope def_%current_scope 
		 3: COPY TYPE_ScopeModule def_%current_module 
		 4: 
		 5: 
		 6: %self->activator def_%v_3 %self[2.0,] 	 SYMBOL:	 ARGS:
		 7: %v_3->activate def_%v_4 %v_3[2.6,] 	 SYMBOL:	 ARGS:
		 8: ATTRASSIGN %self->message %v_4[2.7,] 
		 9: RETURN %v_4[2.7,] %self[2.0,2.6,2.8,] 
BB 3
	outgoing: 
	datadep: 
	instructions:

SET IRMethod, name = activator instanceMethod = true
BB 1
	outgoing: 3 2 
	datadep: 
	instructions:
BB 2
	outgoing: 3 
	datadep: 
	instructions:
		 0: def_%self 
		 1: def_%v_0 
		 2: COPY TYPE_CurrentScope def_%current_scope 
		 3: COPY TYPE_ScopeModule def_%current_module 
		 4: 
		 5: 
		 6: %self->factory def_%v_3 %self[2.0,] 	 SYMBOL:	 ARGS:
		 7: %self->user def_%v_4 %self[2.0,2.6,] 	 SYMBOL:	 ARGS:
		 8: %self->request def_%v_5 %self[2.0,2.6,2.7,] 	 SYMBOL:	 ARGS:
		 9: %self->session def_%v_6 %self[2.0,2.6,2.7,2.8,] 	 SYMBOL:	 ARGS:
		 10: %self->cookies def_%v_7 %self[2.0,2.6,2.7,2.8,2.9,] 	 SYMBOL:	 ARGS:
		 11: %v_3->new def_%v_8 %v_3[2.6,] %v_4[2.7,] %v_5[2.8,] %v_6[2.9,] %v_7[2.10,] 	 SYMBOL:	 ARGS:%v_4,%v_5,%v_6,%v_7,
		 12: RETURN %v_8[2.11,] %self[2.0,2.6,2.7,2.8,2.9,2.10,] 
BB 3
	outgoing: 
	datadep: 
	instructions:

SET IRMethod, name = factory instanceMethod = true
BB 1
	outgoing: 17 2 
	datadep: 
	instructions:
BB 2
	outgoing: 3 10 
	datadep: 
	instructions:
		 0: def_%self 
		 1: def_%v_0 
		 2: COPY TYPE_CurrentScope def_%current_scope 
		 3: COPY TYPE_ScopeModule def_%current_module 
		 4: 
		 5: 
		 6: (Invite) def_%v_3 
		 7: (Email) def_%v_4 
		 8: GETFIELD %self->user def_%v_5 %self[2.0,] 
		 9: %v_5->email def_%v_6 %v_5[2.8,] 	 SYMBOL:	 ARGS:
		 10: %v_4->downcase def_%v_7 %v_4[2.7,] %v_6[2.9,] 	 SYMBOL:	 ARGS:%v_6,
		 11: HASH-email- def_%v_8 %v_7[2.10,] 
		 12: %v_3->find_by def_%v_9 %v_3[2.6,] %v_8[2.11,] 	 SYMBOL:	 ARGS:%v_8,
		 13: COPY TYPE_PASS def_invite %v_9[2.12,] 
		 14: 
		 15: (SiteSetting) def_%v_10 
		 16: %v_10->must_approve_users? def_%v_11 %v_10[2.15,] 	 SYMBOL:	 ARGS:
		 17: BRANCH %v_11[2.16,] 
BB 3
	outgoing: 4 5 
	datadep: 
	instructions:
		 0: invite->present? def_%v_12 invite[2.13,] 	 SYMBOL:	 ARGS:
		 1: BRANCH %v_12[3.0,] 
BB 4
	outgoing: 5 
	datadep: 
	instructions:
		 0: invite->expired? def_%v_13 invite[2.13,] 	 SYMBOL:	 ARGS:
		 1: %v_13->! def_%v_14 %v_13[4.0,] 	 SYMBOL:	 ARGS:
		 2: COPY TYPE_PASS def_%v_12 %v_14[4.1,] 
BB 5
	outgoing: 6 7 
	datadep: 
	instructions:
		 0: BRANCH %v_12[4.2,3.0,] 
BB 6
	outgoing: 7 
	datadep: 
	instructions:
		 0: invite->destroyed? def_%v_15 invite[2.13,] 	 SYMBOL:	 ARGS:
		 1: %v_15->! def_%v_16 %v_15[6.0,] 	 SYMBOL:	 ARGS:
		 2: COPY TYPE_PASS def_%v_12 %v_16[6.1,] 
BB 7
	outgoing: 8 9 
	datadep: 
	instructions:
		 0: BRANCH %v_12[6.2,4.2,3.0,] 
BB 8
	outgoing: 9 
	datadep: 
	instructions:
		 0: invite->link_valid? def_%v_17 invite[2.13,] 	 SYMBOL:	 ARGS:
		 1: COPY TYPE_PASS def_%v_12 %v_17[8.0,] 
BB 9
	outgoing: 10 
	datadep: 
	instructions:
		 0: %v_12->! def_%v_18 %v_12[8.1,6.2,4.2,3.0,] 	 SYMBOL:	 ARGS:
		 1: COPY TYPE_PASS def_%v_11 %v_18[9.0,] 
BB 10
	outgoing: 11 12 
	datadep: 
	instructions:
		 0: BRANCH %v_11[9.1,2.16,] 
BB 11
	outgoing: 17 
	datadep: 
	instructions:
		 0: 
		 1: (ApprovalActivator) def_%v_19 
		 2: RETURN %v_19[11.1,] %self[2.0,] 
BB 12
	outgoing: 13 14 
	datadep: 
	instructions:
		 0: %self->user def_%v_20 %self[2.0,] 	 SYMBOL:	 ARGS:
		 1: %v_20->active? def_%v_21 %v_20[12.0,] 	 SYMBOL:	 ARGS:
		 2: %v_21->! def_%v_22 %v_21[12.1,] 	 SYMBOL:	 ARGS:
		 3: BRANCH %v_22[12.2,] 
BB 13
	outgoing: 15 
	datadep: 
	instructions:
		 0: 
		 1: (EmailActivator) def_%v_23 
		 2: 
BB 14
	outgoing: 15 
	datadep: 
	instructions:
		 0: 
		 1: (LoginActivator) def_%v_24 
		 2: COPY TYPE_PASS def_%v_23 %v_24[14.1,] 
BB 15
	outgoing: 17 
	datadep: 
	instructions:
		 0: RETURN %v_23[14.2,13.1,] %self[2.0,] 
BB 17
	outgoing: 
	datadep: 
	instructions:

SET IRMethod, name = activate instanceMethod = true
BB 1
	outgoing: 3 2 
	datadep: 
	instructions:
BB 2
	outgoing: 3 
	datadep: 
	instructions:
		 0: def_%self 
		 1: def_%v_0 
		 2: COPY TYPE_CurrentScope def_%current_scope 
		 3: COPY TYPE_ScopeModule def_%current_module 
		 4: 
		 5: 
		 6: (I18n) def_%v_3 
		 7: COPY TYPE_StringLiteral "login.wait_approval" def_%v_4 
		 8: %v_3->t def_%v_5 %v_3[2.6,] %v_4[2.7,] 	 SYMBOL:	 ARGS:%v_4,
		 9: RETURN %v_5[2.8,] %self[2.0,] 
BB 3
	outgoing: 
	datadep: 
	instructions:

SET IRMethod, name = activate instanceMethod = true
BB 1
	outgoing: 6 2 
	datadep: 
	instructions:
BB 2
	outgoing: 3 4 
	datadep: 
	instructions:
		 0: def_%self 
		 1: def_%v_0 
		 2: COPY TYPE_CurrentScope def_%current_scope 
		 3: COPY TYPE_ScopeModule def_%current_module 
		 4: 
		 5: 
		 6: %self->user def_%v_3 %self[2.0,] 	 SYMBOL:	 ARGS:
		 7: %v_3->email_tokens def_%v_4 %v_3[2.6,] 	 SYMBOL:	 ARGS:
		 8: %v_4->unconfirmed def_%v_5 %v_4[2.7,] 	 SYMBOL:	 ARGS:
		 9: %v_5->active def_%v_6 %v_5[2.8,] 	 SYMBOL:	 ARGS:
		 10: %v_6->first def_%v_7 %v_6[2.9,] 	 SYMBOL:	 ARGS:
		 11: COPY TYPE_PASS def_email_token %v_7[2.10,] 
		 12: 
		 13: %v_7->nil? def_%v_8 %v_7[2.10,] 	 SYMBOL:	 ARGS:
		 14: BRANCH %v_8[2.13,] 
BB 3
	outgoing: 5 
	datadep: 
	instructions:
		 0: %self->user def_%v_9 %self[2.0,] 	 SYMBOL:	 ARGS:
		 1: %v_9->email_tokens def_%v_10 %v_9[3.0,] 	 SYMBOL:	 ARGS:
		 2: %self->user def_%v_11 %self[3.0,2.0,] 	 SYMBOL:	 ARGS:
		 3: %v_11->email def_%v_12 %v_11[3.2,] 	 SYMBOL:	 ARGS:
		 4: HASH-email- def_%v_13 %v_12[3.3,] 
		 5: %v_10->create def_%v_14 %v_10[3.1,] %v_13[3.4,] 	 SYMBOL:	 ARGS:%v_13,
		 6: COPY TYPE_PASS def_email_token %v_14[3.5,] 
		 7: 
BB 4
	outgoing: 5 
	datadep: 
	instructions:
		 0: COPY TYPE_Nil def_%v_14 
BB 5
	outgoing: 6 
	datadep: 
	instructions:
		 0: 
		 1: (Jobs) def_%v_15 
		 2: %self->user def_%v_16 %self[2.0,] 	 SYMBOL:	 ARGS:
		 3: %v_16->id def_%v_17 %v_16[5.2,] 	 SYMBOL:	 ARGS:
		 4: email_token->token def_%v_18 email_token[3.6,2.11,] 	 SYMBOL:	 ARGS:
		 5: HASH-type-user_id-email_token- def_%v_19 %v_17[5.3,] %v_18[5.4,] 
		 6: %v_15->enqueue def_%v_20 %v_15[5.1,] %v_19[5.5,] 	 SYMBOL:user_email,	 ARGS:Symbol,%v_19,
		 7: 
		 8: (I18n) def_%v_21 
		 9: COPY TYPE_StringLiteral "login.activate_email" def_%v_22 
		 10: %self->user def_%v_23 %self[5.2,2.0,] 	 SYMBOL:	 ARGS:
		 11: %v_23->email def_%v_24 %v_23[5.10,] 	 SYMBOL:	 ARGS:
		 12: HASH-email- def_%v_25 %v_24[5.11,] 
		 13: %v_21->t def_%v_26 %v_21[5.8,] %v_22[5.9,] %v_25[5.12,] 	 SYMBOL:	 ARGS:%v_22,%v_25,
		 14: RETURN %v_26[5.13,] %self[5.2,5.10,2.0,] 
BB 6
	outgoing: 
	datadep: 
	instructions:

SET IRMethod, name = activate instanceMethod = true
BB 1
	outgoing: 3 2 
	datadep: 
	instructions:
BB 2
	outgoing: 3 
	datadep: 
	instructions:
		 0: def_%self 
		 1: def_%v_0 
		 2: COPY TYPE_CurrentScope def_%current_scope 
		 3: COPY TYPE_ScopeModule def_%current_module 
		 4: 
		 5: 
		 6: %self->user def_%v_3 %self[2.0,] 	 SYMBOL:	 ARGS:
		 7: %self->log_on_user def_%v_4 %self[2.0,2.6,] %v_3[2.6,] 	 SYMBOL:	 ARGS:%v_3,
		 8: 
		 9: %self->user def_%v_5 %self[2.0,2.6,2.7,] 	 SYMBOL:	 ARGS:
		 10: COPY TYPE_StringLiteral "welcome_user" def_%v_6 
		 11: %v_5->enqueue_welcome_message def_%v_7 %v_5[2.9,] %v_6[2.10,] 	 SYMBOL:	 ARGS:%v_6,
		 12: 
		 13: (I18n) def_%v_8 
		 14: COPY TYPE_StringLiteral "login.active" def_%v_9 
		 15: %v_8->t def_%v_10 %v_8[2.13,] %v_9[2.14,] 	 SYMBOL:	 ARGS:%v_9,
		 16: RETURN %v_10[2.15,] %self[2.0,2.6,2.7,2.9,] 
BB 3
	outgoing: 
	datadep: 
	instructions:

