SET IRMethod, name = initialize instanceMethod = true
BB 1
	outgoing: 3 2 
	datadep: 
	instructions:
BB 2
	outgoing: 3 
	datadep: 
	instructions:
		 0: def_%self 
		 1: def_%v_0 
		 2: COPY TYPE_CurrentScope def_%current_scope 
		 3: COPY TYPE_ScopeModule def_%current_module 
		 4: 
		 5: RECEIVEARG def_user 
		 6: 
		 7: ATTRASSIGN %self->user user[2.5,] 
		 8: RETURN user[2.5,] %self[2.0,2.7,] 
BB 3
	outgoing: 
	datadep: 
	instructions:

SET IRMethod, name = execute instanceMethod = true
BB 1
	outgoing: 6 2 
	datadep: 
	instructions:
BB 2
	outgoing: 3 4 
	datadep: 
	instructions:
		 0: def_%self 
		 1: def_%v_0 
		 2: COPY TYPE_CurrentScope def_%current_scope 
		 3: COPY TYPE_ScopeModule def_%current_module 
		 4: 
		 5: 
		 6: %self->ldap_hard_blocked? def_%v_3 %self[2.0,] 	 SYMBOL:	 ARGS:
		 7: BRANCH %v_3[2.6,] 
BB 3
	outgoing: 6 
	datadep: 
	instructions:
		 0: %self->user def_%v_4 %self[2.0,] 	 SYMBOL:	 ARGS:
		 1: %v_4->block def_%v_5 %v_4[3.0,] 	 SYMBOL:	 ARGS:
		 2: RETURN %v_5[3.1,] %self[3.0,2.0,] 
BB 4
	outgoing: 6 
	datadep: 
	instructions:
		 0: RETURN %self[2.0,] 
BB 6
	outgoing: 
	datadep: 
	instructions:

SET IRMethod, name = ldap_hard_blocked? instanceMethod = true
BB 1
	outgoing: 5 2 
	datadep: 
	instructions:
BB 2
	outgoing: 3 4 
	datadep: 
	instructions:
		 0: def_%self 
		 1: def_%v_0 
		 2: COPY TYPE_CurrentScope def_%current_scope 
		 3: COPY TYPE_ScopeModule def_%current_module 
		 4: 
		 5: 
		 6: %self->user def_%v_3 %self[2.0,] 	 SYMBOL:	 ARGS:
		 7: %v_3->ldap_blocked? def_%v_4 %v_3[2.6,] 	 SYMBOL:	 ARGS:
		 8: BRANCH %v_4[2.7,] 
BB 3
	outgoing: 5 
	datadep: 
	instructions:
		 0: %self->user def_%v_5 %self[2.0,] 	 SYMBOL:	 ARGS:
		 1: %v_5->ldap_user? def_%v_6 %v_5[3.0,] 	 SYMBOL:	 ARGS:
		 2: %v_6->! def_%v_7 %v_6[3.1,] 	 SYMBOL:	 ARGS:
		 3: RETURN %v_7[3.2,] %self[3.0,2.0,] 
BB 4
	outgoing: 5 
	datadep: 
	instructions:
		 0: RETURN %v_4[2.7,] %self[2.0,] 
BB 5
	outgoing: 
	datadep: 
	instructions:

