SET IRMethod, name = initialize instanceMethod = true
BB 1
	outgoing: 11 2 
	datadep: 
	instructions:
BB 2
	outgoing: 3 9 
	datadep: 
	instructions:
		 0: def_%self 
		 1: def_%v_0 
		 2: COPY TYPE_CurrentScope def_%current_scope 
		 3: COPY TYPE_ScopeModule def_%current_module 
		 4: 
		 5: RECEIVEARG def_month 
		 6: 
		 7: (Date) def_%v_3 
		 8: %v_3->today def_%v_4 %v_3[2.7,] 	 SYMBOL:	 ARGS:
		 9: ATTRASSIGN %self->month %v_4[2.8,] 
		 10: 
		 11: month->present? def_%v_5 month[2.5,] 	 SYMBOL:	 ARGS:
		 12: BRANCH %v_5[2.11,] 
BB 3
	outgoing: 4 5 
	datadep: 
	instructions:
		 0: 
		 1: COPY TYPE_StringLiteral "-" def_%v_6 
		 2: month->split def_%v_7 month[2.5,] %v_6[3.1,] 	 SYMBOL:	 ARGS:%v_6,
		 3: %v_7->map def_%v_8 %v_7[3.2,] 	 SYMBOL:to_i,	 ARGS:
		 4: def_%v_9 %v_8[3.3,] 
		 5: def_%v_10 %v_9[3.4,] 
		 6: def_%v_11 %v_9[3.4,] 
		 7: COPY TYPE_PASS def_m %v_10[3.5,] 
		 8: COPY TYPE_PASS def_y %v_11[3.6,] 
		 9: 
		 10: COPY TYPE_PASS def_%v_12 %v_10[3.5,] 
		 11: BRANCH %v_10[3.5,] 
BB 4
	outgoing: 5 
	datadep: 
	instructions:
		 0: COPY TYPE_PASS def_%v_12 y[3.8,] 
BB 5
	outgoing: 6 7 
	datadep: 
	instructions:
		 0: BRANCH %v_12[4.0,3.10,] 
BB 6
	outgoing: 8 
	datadep: 
	instructions:
		 0: (Date) def_%v_13 
		 1: %v_13->new def_%v_14 %v_13[6.0,] y[3.8,] m[3.7,] 	 SYMBOL:	 ARGS:y,m,Fixnum,
		 2: ATTRASSIGN %self->month %v_14[6.1,] 
		 3: 
BB 7
	outgoing: 8 
	datadep: 
	instructions:
		 0: COPY TYPE_Nil def_%v_14 
BB 8
	outgoing: 11 
	datadep: 
	instructions:
		 0: RETURN %v_14[7.0,6.1,] %self[6.2,2.0,2.9,] 
BB 9
	outgoing: 11 
	datadep: 
	instructions:
		 0: RETURN %self[2.0,2.9,] 
BB 11
	outgoing: 
	datadep: 
	instructions:

SET IRMethod, name = current_month instanceMethod = true
BB 1
	outgoing: 7 2 
	datadep: 
	instructions:
BB 2
	outgoing: 3 4 
	datadep: 
	instructions:
		 0: def_%self 
		 1: def_%v_0 
		 2: COPY TYPE_CurrentScope def_%current_scope 
		 3: COPY TYPE_ScopeModule def_%current_module 
		 4: 
		 5: 
		 6: def_%v_4 %self[2.0,] 
		 7: COPY TYPE_PASS def_%v_3 %v_4[2.6,] 
		 8: %v_4[2.6,] 
BB 3
	outgoing: 4 
	datadep: 
	instructions:
		 0: GETFIELD %self->current_month def_%v_5 %self[2.0,] 
		 1: COPY TYPE_PASS def_%v_3 %v_5[3.0,] 
BB 4
	outgoing: 5 6 
	datadep: 
	instructions:
		 0: BRANCH %v_3[3.1,2.7,] 
BB 5
	outgoing: 7 
	datadep: 
	instructions:
		 0: GETFIELD %self->month def_%v_7 %self[2.0,] 
		 1: %v_7->beginning_of_month def_%v_8 %v_7[5.0,] 	 SYMBOL:	 ARGS:
		 2: GETFIELD %self->month def_%v_9 %self[2.0,] 
		 3: %v_9->next_month def_%v_10 %v_9[5.2,] 	 SYMBOL:	 ARGS:
		 4: %v_10->beginning_of_month def_%v_11 %v_10[5.3,] 	 SYMBOL:	 ARGS:
		 5: CONSTANT def_%v_6 %v_8[5.1,] %v_11[5.4,] 
		 6: ATTRASSIGN %self->current_month %v_6[5.5,] 
		 7: RETURN %v_6[5.5,] %self[5.6,2.0,] 
BB 6
	outgoing: 7 
	datadep: 
	instructions:
		 0: RETURN %v_5[3.0,] %self[2.0,] 
BB 7
	outgoing: 
	datadep: 
	instructions:

SET IRMethod, name = best_score instanceMethod = true
BB 1
	outgoing: 3 2 
	datadep: 
	instructions:
BB 2
	outgoing: 3 
	datadep: 
	instructions:
		 0: def_%self 
		 1: def_%v_0 
		 2: COPY TYPE_CurrentScope def_%current_scope 
		 3: COPY TYPE_ScopeModule def_%current_module 
		 4: 
		 5: RECEIVEARG def_type 
		 6: RECEIVEARG def_nb 
		 7: 
		 8: (Node) def_%v_3 
		 9: type->to_s def_%v_4 type[2.5,] 	 SYMBOL:	 ARGS:
		 10: HASH-content_type- def_%v_5 %v_4[2.9,] 
		 11: %v_3->where def_%v_6 %v_3[2.8,] %v_5[2.10,] 	 SYMBOL:	 ARGS:%v_5,
		 12: %self->current_month def_%v_7 %self[2.0,] 	 SYMBOL:	 ARGS:
		 13: HASH-created_at- def_%v_8 %v_7[2.12,] 
		 14: %v_6->where def_%v_9 %v_6[2.11,] %v_8[2.13,] 	 SYMBOL:	 ARGS:%v_8,
		 15: HASH-public- def_%v_10 
		 16: %v_9->where def_%v_11 %v_9[2.14,] %v_10[2.15,] 	 SYMBOL:	 ARGS:%v_10,
		 17: COPY TYPE_StringLiteral "user_id IS NOT NULL" def_%v_12 
		 18: %v_11->where def_%v_13 %v_11[2.16,] %v_12[2.17,] 	 SYMBOL:	 ARGS:%v_12,
		 19: COPY TYPE_StringLiteral "score DESC" def_%v_14 
		 20: %v_13->order def_%v_15 %v_13[2.18,] %v_14[2.19,] 	 SYMBOL:	 ARGS:%v_14,
		 21: %v_15->limit def_%v_16 %v_15[2.20,] nb[2.6,] 	 SYMBOL:	 ARGS:nb,
		 22: %v_16->map def_%v_17 %v_16[2.21,] %self[2.0,2.12,] 	 SYMBOL:	 ARGS:%v_16,
CLOSURE BEGIN: n[] 
BB 1
	outgoing: 6 2 
	datadep: 
	instructions:
BB 2
	outgoing: 3 
	datadep: 
	instructions:
		 0: def_%self 
		 1: def_%cl_1_0 
		 2: RECEIVEARG def_n 
		 3: COPY TYPE_CurrentScope def_%current_scope 
		 4: COPY TYPE_ScopeModule def_%current_module 
BB 3
	outgoing: 4 6 
	datadep: 
	instructions:
		 0: 
		 1: n->content def_%cl_1_3 n[2.2,] 	 SYMBOL:	 ARGS:
		 2: n->score def_%cl_1_4 n[3.1,2.2,] 	 SYMBOL:	 ARGS:
		 3: COPY TYPE_Array def_%cl_1_5 %cl_1_3[3.1,] %cl_1_4[3.2,] 
		 4: RETURN %cl_1_5[3.3,] %self[2.0,] 
BB 4
	outgoing: 6 
	datadep: 
	instructions:
		 0: def_%cl_1_6 
		 1: def_%cl_1_7 %cl_1_6[4.0,] 
		 2: RETURN %cl_1_7[4.1,] %self[2.0,] 
BB 6
	outgoing: 
	datadep: 
	instructions:
CLOSURE END: 
		 23: RETURN %v_17[2.22,] %self[2.0,2.12,] 
BB 3
	outgoing: 
	datadep: 
	instructions:

SET IRMethod, name = sum_comments_score instanceMethod = true
BB 1
	outgoing: 3 2 
	datadep: 
	instructions:
BB 2
	outgoing: 3 
	datadep: 
	instructions:
		 0: def_%self 
		 1: def_%v_0 
		 2: COPY TYPE_CurrentScope def_%current_scope 
		 3: COPY TYPE_ScopeModule def_%current_module 
		 4: 
		 5: RECEIVEARG def_type 
		 6: RECEIVEARG def_nb 
		 7: 
		 8: (Node) def_%v_3 
		 9: %v_3->joins def_%v_4 %v_3[2.8,] 	 SYMBOL:comments,	 ARGS:Symbol,
		 10: COPY TYPE_StringLiteral "comments.node_id" def_%v_5 
		 11: %v_4->group def_%v_6 %v_4[2.9,] %v_5[2.10,] 	 SYMBOL:	 ARGS:%v_5,
		 12: COPY TYPE_StringLiteral "SUM(comments.score) AS sum_score, nodes.content_type, nodes.content_id, nodes.user_id" def_%v_7 
		 13: %v_6->select def_%v_8 %v_6[2.11,] %v_7[2.12,] 	 SYMBOL:	 ARGS:%v_7,
		 14: type->to_s def_%v_9 type[2.5,] 	 SYMBOL:	 ARGS:
		 15: HASH-content_type- def_%v_10 %v_9[2.14,] 
		 16: %v_8->where def_%v_11 %v_8[2.13,] %v_10[2.15,] 	 SYMBOL:	 ARGS:%v_10,
		 17: %self->current_month def_%v_12 %self[2.0,] 	 SYMBOL:	 ARGS:
		 18: HASH-created_at- def_%v_13 %v_12[2.17,] 
		 19: %v_11->where def_%v_14 %v_11[2.16,] %v_13[2.18,] 	 SYMBOL:	 ARGS:%v_13,
		 20: HASH-public- def_%v_15 
		 21: %v_14->where def_%v_16 %v_14[2.19,] %v_15[2.20,] 	 SYMBOL:	 ARGS:%v_15,
		 22: COPY TYPE_StringLiteral "nodes.user_id IS NOT NULL" def_%v_17 
		 23: %v_16->where def_%v_18 %v_16[2.21,] %v_17[2.22,] 	 SYMBOL:	 ARGS:%v_17,
		 24: COPY TYPE_StringLiteral "sum_score DESC" def_%v_19 
		 25: %v_18->order def_%v_20 %v_18[2.23,] %v_19[2.24,] 	 SYMBOL:	 ARGS:%v_19,
		 26: %v_20->limit def_%v_21 %v_20[2.25,] nb[2.6,] 	 SYMBOL:	 ARGS:nb,
		 27: %v_21->map def_%v_22 %v_21[2.26,] %self[2.0,2.17,] 	 SYMBOL:	 ARGS:%v_21,
CLOSURE BEGIN: n[] 
BB 1
	outgoing: 6 2 
	datadep: 
	instructions:
BB 2
	outgoing: 3 
	datadep: 
	instructions:
		 0: def_%self 
		 1: def_%cl_1_0 
		 2: RECEIVEARG def_n 
		 3: COPY TYPE_CurrentScope def_%current_scope 
		 4: COPY TYPE_ScopeModule def_%current_module 
BB 3
	outgoing: 4 6 
	datadep: 
	instructions:
		 0: 
		 1: n->content def_%cl_1_3 n[2.2,] 	 SYMBOL:	 ARGS:
		 2: n->sum_score def_%cl_1_4 n[3.1,2.2,] 	 SYMBOL:	 ARGS:
		 3: COPY TYPE_Array def_%cl_1_5 %cl_1_3[3.1,] %cl_1_4[3.2,] 
		 4: RETURN %cl_1_5[3.3,] %self[2.0,] 
BB 4
	outgoing: 6 
	datadep: 
	instructions:
		 0: def_%cl_1_6 
		 1: def_%cl_1_7 %cl_1_6[4.0,] 
		 2: RETURN %cl_1_7[4.1,] %self[2.0,] 
BB 6
	outgoing: 
	datadep: 
	instructions:
CLOSURE END: 
		 28: RETURN %v_22[2.27,] %self[2.0,2.17,] 
BB 3
	outgoing: 
	datadep: 
	instructions:

SET IRMethod, name = longest_news instanceMethod = true
BB 1
	outgoing: 3 2 
	datadep: 
	instructions:
BB 2
	outgoing: 3 
	datadep: 
	instructions:
		 0: def_%self 
		 1: def_%v_0 
		 2: COPY TYPE_CurrentScope def_%current_scope 
		 3: COPY TYPE_ScopeModule def_%current_module 
		 4: 
		 5: RECEIVEARG def_type 
		 6: RECEIVEARG def_nb 
		 7: 
		 8: (News) def_%v_3 
		 9: COPY TYPE_StringLiteral "LENGTH(body) + LENGTH(second_part) AS total, news.*" def_%v_4 
		 10: %v_3->select def_%v_5 %v_3[2.8,] %v_4[2.9,] 	 SYMBOL:	 ARGS:%v_4,
		 11: COPY TYPE_StringLiteral "JOIN nodes ON nodes.content_id = news.id" def_%v_6 
		 12: %v_5->joins def_%v_7 %v_5[2.10,] %v_6[2.11,] 	 SYMBOL:	 ARGS:%v_6,
		 13: COPY TYPE_StringLiteral "nodes.content_type = 'News'" def_%v_8 
		 14: %v_7->where def_%v_9 %v_7[2.12,] %v_8[2.13,] 	 SYMBOL:	 ARGS:%v_8,
		 15: COPY TYPE_StringLiteral "nodes.created_at" def_%v_10 
		 16: %self->current_month def_%v_11 %self[2.0,] 	 SYMBOL:	 ARGS:
		 17: HASH- def_%v_12 %v_10[2.15,] %v_11[2.16,] 
		 18: %v_9->where def_%v_13 %v_9[2.14,] %v_12[2.17,] 	 SYMBOL:	 ARGS:%v_12,
		 19: COPY TYPE_StringLiteral "nodes.public" def_%v_14 
		 20: HASH- def_%v_15 %v_14[2.19,] 
		 21: %v_13->where def_%v_16 %v_13[2.18,] %v_15[2.20,] 	 SYMBOL:	 ARGS:%v_15,
		 22: COPY TYPE_StringLiteral "nodes.user_id IS NOT NULL" def_%v_17 
		 23: %v_16->where def_%v_18 %v_16[2.21,] %v_17[2.22,] 	 SYMBOL:	 ARGS:%v_17,
		 24: COPY TYPE_StringLiteral "total DESC" def_%v_19 
		 25: %v_18->order def_%v_20 %v_18[2.23,] %v_19[2.24,] 	 SYMBOL:	 ARGS:%v_19,
		 26: %v_20->limit def_%v_21 %v_20[2.25,] nb[2.6,] 	 SYMBOL:	 ARGS:nb,
		 27: %v_21->map def_%v_22 %v_21[2.26,] %self[2.0,2.16,] 	 SYMBOL:	 ARGS:%v_21,
CLOSURE BEGIN: n[] 
BB 1
	outgoing: 6 2 
	datadep: 
	instructions:
BB 2
	outgoing: 3 
	datadep: 
	instructions:
		 0: def_%self 
		 1: def_%cl_1_0 
		 2: RECEIVEARG def_n 
		 3: COPY TYPE_CurrentScope def_%current_scope 
		 4: COPY TYPE_ScopeModule def_%current_module 
BB 3
	outgoing: 4 6 
	datadep: 
	instructions:
		 0: 
		 1: n->total def_%cl_1_3 n[2.2,] 	 SYMBOL:	 ARGS:
		 2: COPY TYPE_Array def_%cl_1_4 n[3.1,2.2,] %cl_1_3[3.1,] 
		 3: RETURN %cl_1_4[3.2,] %self[2.0,] 
BB 4
	outgoing: 6 
	datadep: 
	instructions:
		 0: def_%cl_1_5 
		 1: def_%cl_1_6 %cl_1_5[4.0,] 
		 2: RETURN %cl_1_6[4.1,] %self[2.0,] 
BB 6
	outgoing: 
	datadep: 
	instructions:
CLOSURE END: 
		 28: RETURN %v_22[2.27,] %self[2.0,2.16,] 
BB 3
	outgoing: 
	datadep: 
	instructions:

SET IRMethod, name = top_authors instanceMethod = true
BB 1
	outgoing: 3 2 
	datadep: 
	instructions:
BB 2
	outgoing: 3 
	datadep: 
	instructions:
		 0: def_%self 
		 1: def_%v_0 
		 2: COPY TYPE_CurrentScope def_%current_scope 
		 3: COPY TYPE_ScopeModule def_%current_module 
		 4: 
		 5: RECEIVEARG def_type 
		 6: RECEIVEARG def_nb 
		 7: 
		 8: (Node) def_%v_3 
		 9: type->to_s def_%v_4 type[2.5,] 	 SYMBOL:	 ARGS:
		 10: HASH-content_type- def_%v_5 %v_4[2.9,] 
		 11: %v_3->where def_%v_6 %v_3[2.8,] %v_5[2.10,] 	 SYMBOL:	 ARGS:%v_5,
		 12: %self->current_month def_%v_7 %self[2.0,] 	 SYMBOL:	 ARGS:
		 13: HASH-created_at- def_%v_8 %v_7[2.12,] 
		 14: %v_6->where def_%v_9 %v_6[2.11,] %v_8[2.13,] 	 SYMBOL:	 ARGS:%v_8,
		 15: HASH-public- def_%v_10 
		 16: %v_9->where def_%v_11 %v_9[2.14,] %v_10[2.15,] 	 SYMBOL:	 ARGS:%v_10,
		 17: COPY TYPE_StringLiteral "user_id IS NOT NULL" def_%v_12 
		 18: %v_11->where def_%v_13 %v_11[2.16,] %v_12[2.17,] 	 SYMBOL:	 ARGS:%v_12,
		 19: COPY TYPE_StringLiteral "user_id" def_%v_14 
		 20: %v_13->group def_%v_15 %v_13[2.18,] %v_14[2.19,] 	 SYMBOL:	 ARGS:%v_14,
		 21: COPY TYPE_StringLiteral "COUNT(*) AS score, user_id" def_%v_16 
		 22: %v_15->select def_%v_17 %v_15[2.20,] %v_16[2.21,] 	 SYMBOL:	 ARGS:%v_16,
		 23: COPY TYPE_StringLiteral "score DESC" def_%v_18 
		 24: %v_17->order def_%v_19 %v_17[2.22,] %v_18[2.23,] 	 SYMBOL:	 ARGS:%v_18,
		 25: %v_19->limit def_%v_20 %v_19[2.24,] nb[2.6,] 	 SYMBOL:	 ARGS:nb,
		 26: %v_20->map def_%v_21 %v_20[2.25,] %self[2.0,2.12,] 	 SYMBOL:	 ARGS:%v_20,
CLOSURE BEGIN: n[] 
BB 1
	outgoing: 6 2 
	datadep: 
	instructions:
BB 2
	outgoing: 3 
	datadep: 
	instructions:
		 0: def_%self 
		 1: def_%cl_1_0 
		 2: RECEIVEARG def_n 
		 3: COPY TYPE_CurrentScope def_%current_scope 
		 4: COPY TYPE_ScopeModule def_%current_module 
BB 3
	outgoing: 4 6 
	datadep: 
	instructions:
		 0: 
		 1: n->user def_%cl_1_3 n[2.2,] 	 SYMBOL:	 ARGS:
		 2: n->score def_%cl_1_4 n[3.1,2.2,] 	 SYMBOL:	 ARGS:
		 3: COPY TYPE_Array def_%cl_1_5 %cl_1_3[3.1,] %cl_1_4[3.2,] 
		 4: RETURN %cl_1_5[3.3,] %self[2.0,] 
BB 4
	outgoing: 6 
	datadep: 
	instructions:
		 0: def_%cl_1_6 
		 1: def_%cl_1_7 %cl_1_6[4.0,] 
		 2: RETURN %cl_1_7[4.1,] %self[2.0,] 
BB 6
	outgoing: 
	datadep: 
	instructions:
CLOSURE END: 
		 27: RETURN %v_21[2.26,] %self[2.0,2.12,] 
BB 3
	outgoing: 
	datadep: 
	instructions:

SET IRMethod, name = top_commenters instanceMethod = true
BB 1
	outgoing: 3 2 
	datadep: 
	instructions:
BB 2
	outgoing: 3 
	datadep: 
	instructions:
		 0: def_%self 
		 1: def_%v_0 
		 2: COPY TYPE_CurrentScope def_%current_scope 
		 3: COPY TYPE_ScopeModule def_%current_module 
		 4: 
		 5: RECEIVEARG def_type 
		 6: RECEIVEARG def_nb 
		 7: 
		 8: (Node) def_%v_3 
		 9: type->to_s def_%v_4 type[2.5,] 	 SYMBOL:	 ARGS:
		 10: HASH-content_type- def_%v_5 %v_4[2.9,] 
		 11: %v_3->where def_%v_6 %v_3[2.8,] %v_5[2.10,] 	 SYMBOL:	 ARGS:%v_5,
		 12: %v_6->joins def_%v_7 %v_6[2.11,] 	 SYMBOL:comments,	 ARGS:Symbol,
		 13: COPY TYPE_StringLiteral "comments.created_at" def_%v_8 
		 14: %self->current_month def_%v_9 %self[2.0,] 	 SYMBOL:	 ARGS:
		 15: HASH- def_%v_10 %v_8[2.13,] %v_9[2.14,] 
		 16: %v_7->where def_%v_11 %v_7[2.12,] %v_10[2.15,] 	 SYMBOL:	 ARGS:%v_10,
		 17: COPY TYPE_StringLiteral "comments.state" def_%v_12 
		 18: COPY TYPE_StringLiteral "published" def_%v_13 
		 19: HASH- def_%v_14 %v_12[2.17,] %v_13[2.18,] 
		 20: %v_11->where def_%v_15 %v_11[2.16,] %v_14[2.19,] 	 SYMBOL:	 ARGS:%v_14,
		 21: COPY TYPE_StringLiteral "comments.user_id IS NOT NULL" def_%v_16 
		 22: %v_15->where def_%v_17 %v_15[2.20,] %v_16[2.21,] 	 SYMBOL:	 ARGS:%v_16,
		 23: COPY TYPE_StringLiteral "comments.user_id" def_%v_18 
		 24: %v_17->group def_%v_19 %v_17[2.22,] %v_18[2.23,] 	 SYMBOL:	 ARGS:%v_18,
		 25: COPY TYPE_StringLiteral "COUNT(*) AS score, comments.user_id" def_%v_20 
		 26: %v_19->select def_%v_21 %v_19[2.24,] %v_20[2.25,] 	 SYMBOL:	 ARGS:%v_20,
		 27: COPY TYPE_StringLiteral "score DESC" def_%v_22 
		 28: %v_21->order def_%v_23 %v_21[2.26,] %v_22[2.27,] 	 SYMBOL:	 ARGS:%v_22,
		 29: %v_23->limit def_%v_24 %v_23[2.28,] nb[2.6,] 	 SYMBOL:	 ARGS:nb,
		 30: %v_24->map def_%v_25 %v_24[2.29,] %self[2.0,2.14,] 	 SYMBOL:	 ARGS:%v_24,
CLOSURE BEGIN: c[] 
BB 1
	outgoing: 6 2 
	datadep: 
	instructions:
BB 2
	outgoing: 3 
	datadep: 
	instructions:
		 0: def_%self 
		 1: def_%cl_1_0 
		 2: RECEIVEARG def_c 
		 3: COPY TYPE_CurrentScope def_%current_scope 
		 4: COPY TYPE_ScopeModule def_%current_module 
BB 3
	outgoing: 4 6 
	datadep: 
	instructions:
		 0: 
		 1: c->user def_%cl_1_3 c[2.2,] 	 SYMBOL:	 ARGS:
		 2: c->score def_%cl_1_4 c[3.1,2.2,] 	 SYMBOL:	 ARGS:
		 3: COPY TYPE_Array def_%cl_1_5 %cl_1_3[3.1,] %cl_1_4[3.2,] 
		 4: RETURN %cl_1_5[3.3,] %self[2.0,] 
BB 4
	outgoing: 6 
	datadep: 
	instructions:
		 0: def_%cl_1_6 
		 1: def_%cl_1_7 %cl_1_6[4.0,] 
		 2: RETURN %cl_1_7[4.1,] %self[2.0,] 
BB 6
	outgoing: 
	datadep: 
	instructions:
CLOSURE END: 
		 31: RETURN %v_25[2.30,] %self[2.0,2.14,] 
BB 3
	outgoing: 
	datadep: 
	instructions:

