SET IRMethod, name = set_up_urls instanceMethod = true
BB 1
	outgoing: 8 2 
	datadep: 
	instructions:
BB 2
	outgoing: 3 4 
	datadep: 
	instructions:
		 0: def_%self 
		 1: def_%v_0 
		 2: COPY TYPE_CurrentScope def_%current_scope 
		 3: COPY TYPE_ScopeModule def_%current_module 
		 4: 
		 5: RECEIVEARG def_recipient 
		 6: RECEIVEARG def_community 
		 7: RECEIVECONSTARG def_ref 
		 8: ref[2.7,] 
BB 3
	outgoing: 4 
	datadep: 
	instructions:
		 0: COPY TYPE_StringLiteral "email" def_%v_3 
		 1: COPY TYPE_PASS def_ref %v_3[3.0,] 
BB 4
	outgoing: 5 6 
	datadep: 
	instructions:
		 0: 
		 1: ATTRASSIGN %self->community community[2.6,] 
		 2: 
		 3: ATTRASSIGN %self->current_community community[2.6,] 
		 4: 
		 5: HASH- def_%v_4 
		 6: ATTRASSIGN %self->url_params %v_4[4.5,] 
		 7: 
		 8: GETFIELD %self->url_params def_%v_5 %self[4.6,2.0,] 
		 9: community->full_domain def_%v_6 community[2.6,] 	 SYMBOL:	 ARGS:
		 10: ATTRASSIGN %v_5->[] %v_6[4.9,] 
		 11: 
		 12: GETFIELD %self->url_params def_%v_7 %self[4.6,2.0,] 
		 13: ATTRASSIGN %v_7->[] ref[3.1,2.7,] 
		 14: 
		 15: BRANCH recipient[2.5,] 
BB 5
	outgoing: 8 
	datadep: 
	instructions:
		 0: 
		 1: ATTRASSIGN %self->recipient recipient[2.5,] 
		 2: 
		 3: GETFIELD %self->url_params def_%v_8 %self[4.6,2.0,] 
		 4: GETFIELD %self->recipient def_%v_9 %self[5.1,2.0,] 
		 5: %v_9->locale def_%v_10 %v_9[5.4,] 	 SYMBOL:	 ARGS:
		 6: ATTRASSIGN %v_8->[] %v_10[5.5,] 
		 7: RETURN %v_10[5.5,] %self[5.1,4.1,4.3,4.6,2.0,] 
BB 6
	outgoing: 8 
	datadep: 
	instructions:
		 0: RETURN %self[4.1,4.3,4.6,2.0,] 
BB 8
	outgoing: 
	datadep: 
	instructions:

SET IRMethod, name = with_locale instanceMethod = true
BB 1
	outgoing: 5 2 
	datadep: 
	instructions:
BB 2
	outgoing: 3 4 
	datadep: 
	instructions:
		 0: def_%self 
		 1: def_%v_0 
		 2: COPY TYPE_CurrentScope def_%current_scope 
		 3: COPY TYPE_ScopeModule def_%current_module 
		 4: 
		 5: RECEIVEARG def_recipient_locale 
		 6: RECEIVEARG def_community_locales 
		 7: RECEIVECONSTARG def_community_id 
		 8: community_id[2.7,] 
BB 3
	outgoing: 4 
	datadep: 
	instructions:
		 0: COPY TYPE_Nil def_community_id 
BB 4
	outgoing: 5 
	datadep: 
	instructions:
		 0: def_%v_3 
		 1: def_block %v_3[4.0,] 
		 2: 
		 3: %self->set_locale def_%v_4 %self[2.0,] recipient_locale[2.5,] %self[2.0,] 	 SYMBOL:	 ARGS:recipient_locale,%self,
CLOSURE BEGIN: %self[2.0,] community_id[3.0,2.7,] community_locales[2.6,] block[4.1,] 
BB 1
	outgoing: 6 2 
	datadep: 
	instructions:
BB 2
	outgoing: 3 
	datadep: 
	instructions:
		 0: def_%self 
		 1: def_%cl_1_0 
		 2: COPY TYPE_CurrentScope def_%current_scope 
		 3: COPY TYPE_ScopeModule def_%current_module 
BB 3
	outgoing: 4 6 
	datadep: 
	instructions:
		 0: 
		 1: %self->set_community def_%cl_1_3 %self[2.0,] community_id[] community_locales[] %self[2.0,] 	 SYMBOL:	 ARGS:community_id,community_locales,%self,
CLOSURE BEGIN: block[] 
BB 1
	outgoing: 6 2 
	datadep: 
	instructions:
BB 2
	outgoing: 3 
	datadep: 
	instructions:
		 0: def_%self 
		 1: def_%cl_2_0 
		 2: COPY TYPE_CurrentScope def_%current_scope 
		 3: COPY TYPE_ScopeModule def_%current_module 
BB 3
	outgoing: 4 6 
	datadep: 
	instructions:
		 0: 
		 1: block->call def_%cl_2_3 block[] 	 SYMBOL:	 ARGS:
		 2: RETURN %cl_2_3[3.1,] %self[2.0,] 
BB 4
	outgoing: 6 
	datadep: 
	instructions:
		 0: def_%cl_2_4 
		 1: def_%cl_2_5 %cl_2_4[4.0,] 
		 2: RETURN %cl_2_5[4.1,] %self[2.0,] 
BB 6
	outgoing: 
	datadep: 
	instructions:
CLOSURE END: 
		 2: RETURN %cl_1_3[3.1,] %self[3.1,2.0,] 
BB 4
	outgoing: 6 
	datadep: 
	instructions:
		 0: def_%cl_1_4 
		 1: def_%cl_1_5 %cl_1_4[4.0,] 
		 2: RETURN %cl_1_5[4.1,] %self[2.0,] 
BB 6
	outgoing: 
	datadep: 
	instructions:
CLOSURE END: 
		 4: RETURN %v_4[4.3,] %self[4.3,2.0,] 
BB 5
	outgoing: 
	datadep: 
	instructions:

SET IRMethod, name = premailer instanceMethod = true
BB 1
	outgoing: 6 2 
	datadep: 
	instructions:
BB 2
	outgoing: 3 4 
	datadep: 
	instructions:
		 0: def_%self 
		 1: def_%v_0 
		 2: COPY TYPE_CurrentScope def_%current_scope 
		 3: COPY TYPE_ScopeModule def_%current_module 
		 4: 
		 5: RECEIVEARG def_message 
		 6: 
		 7: message->body def_%v_3 message[2.5,] 	 SYMBOL:	 ARGS:
		 8: %v_3->parts def_%v_4 %v_3[2.7,] 	 SYMBOL:	 ARGS:
		 9: %v_4->present? def_%v_5 %v_4[2.8,] 	 SYMBOL:	 ARGS:
		 10: BRANCH %v_5[2.9,] 
BB 3
	outgoing: 6 
	datadep: 
	instructions:
		 0: 
		 1: message->text_part def_%v_6 message[2.5,] 	 SYMBOL:	 ARGS:
		 2: (Premailer) def_%v_7 
		 3: message->text_part def_%v_8 message[3.1,2.5,] 	 SYMBOL:	 ARGS:
		 4: %v_8->body def_%v_9 %v_8[3.3,] 	 SYMBOL:	 ARGS:
		 5: %v_9->to_s def_%v_10 %v_9[3.4,] 	 SYMBOL:	 ARGS:
		 6: HASH-with_html_string- def_%v_11 
		 7: %v_7->new def_%v_12 %v_7[3.2,] %v_10[3.5,] %v_11[3.6,] 	 SYMBOL:	 ARGS:%v_10,%v_11,
		 8: %v_12->to_plain_text def_%v_13 %v_12[3.7,] 	 SYMBOL:	 ARGS:
		 9: ATTRASSIGN %v_6->body %v_13[3.8,] 
		 10: 
		 11: message->html_part def_%v_14 message[3.1,3.3,2.5,] 	 SYMBOL:	 ARGS:
		 12: (Premailer) def_%v_15 
		 13: message->html_part def_%v_16 message[3.1,3.3,3.11,2.5,] 	 SYMBOL:	 ARGS:
		 14: %v_16->body def_%v_17 %v_16[3.13,] 	 SYMBOL:	 ARGS:
		 15: %v_17->to_s def_%v_18 %v_17[3.14,] 	 SYMBOL:	 ARGS:
		 16: HASH-with_html_string- def_%v_19 
		 17: %v_15->new def_%v_20 %v_15[3.12,] %v_18[3.15,] %v_19[3.16,] 	 SYMBOL:	 ARGS:%v_18,%v_19,
		 18: %v_20->to_inline_css def_%v_21 %v_20[3.17,] 	 SYMBOL:	 ARGS:
		 19: ATTRASSIGN %v_14->body %v_21[3.18,] 
		 20: RETURN %v_21[3.18,] %self[2.0,] 
BB 4
	outgoing: 6 
	datadep: 
	instructions:
		 0: 
		 1: (Premailer) def_%v_22 
		 2: message->body def_%v_23 message[2.5,] 	 SYMBOL:	 ARGS:
		 3: %v_23->to_s def_%v_24 %v_23[4.2,] 	 SYMBOL:	 ARGS:
		 4: HASH-with_html_string- def_%v_25 
		 5: %v_22->new def_%v_26 %v_22[4.1,] %v_24[4.3,] %v_25[4.4,] 	 SYMBOL:	 ARGS:%v_24,%v_25,
		 6: %v_26->to_inline_css def_%v_27 %v_26[4.5,] 	 SYMBOL:	 ARGS:
		 7: ATTRASSIGN message->body %v_27[4.6,] 
		 8: RETURN %v_27[4.6,] %self[2.0,] 
BB 6
	outgoing: 
	datadep: 
	instructions:

SET IRMethod, name = set_locale instanceMethod = true
BB 1
	outgoing: 11 2 
	datadep: 
	instructions:
BB 2
	outgoing: 3 9 
	datadep: 
	instructions:
		 0: def_%self 
		 1: def_%v_0 
		 2: COPY TYPE_CurrentScope def_%current_scope 
		 3: COPY TYPE_ScopeModule def_%current_module 
		 4: 
		 5: RECEIVEARG def_new_locale 
		 6: def_%v_3 
		 7: def_block %v_3[2.6,] 
		 8: 
		 9: (I18n) def_%v_4 
		 10: %v_4->locale def_%v_5 %v_4[2.9,] 	 SYMBOL:	 ARGS:
		 11: COPY TYPE_PASS def_old_locale %v_5[2.10,] 
		 12: 
		 13: %v_5->to_sym def_%v_6 %v_5[2.10,] 	 SYMBOL:	 ARGS:
		 14: new_locale->to_sym def_%v_7 new_locale[2.5,] 	 SYMBOL:	 ARGS:
		 15: %v_6->!= def_%v_8 %v_6[2.13,] %v_7[2.14,] 	 SYMBOL:	 ARGS:%v_7,
		 16: BRANCH %v_8[2.15,] 
BB 3
	outgoing: 4 
	datadep: 
	instructions:
		 0: 
		 1: (I18n) def_%v_9 
		 2: ATTRASSIGN %v_9->locale new_locale[2.5,] 
		 3: 
		 4: GLOBALVAR $! def_%v_10 
BB 4
	outgoing: 5 6 
	datadep: 
	instructions:
		 0: 
		 1: block->call def_%v_13 block[2.7,] 	 SYMBOL:	 ARGS:
		 2: COPY TYPE_PASS def_%v_12 %v_13[4.1,] 
BB 5
	outgoing: 10 
	datadep: 
	instructions:
		 0: 
		 1: (I18n) def_%v_11 
		 2: ATTRASSIGN %v_11->locale old_locale[2.11,] 
		 3: 
BB 6
	outgoing: 11 
	datadep: 
	instructions:
		 0: def_%v_14 
		 1: def_%v_15 %v_14[6.0,] %v_10[3.4,] 
		 2: 
		 3: (I18n) def_%v_11 
		 4: ATTRASSIGN %v_11->locale old_locale[2.11,] 
		 5: %v_14[6.0,] 
BB 9
	outgoing: 11 
	datadep: 
	instructions:
		 0: 
		 1: block->call def_%v_16 block[2.7,] 	 SYMBOL:	 ARGS:
		 2: RETURN %v_16[9.1,] %self[2.0,] 
BB 10
	outgoing: 11 
	datadep: 
	instructions:
		 0: RETURN %v_12[4.2,] %self[2.0,] 
BB 11
	outgoing: 
	datadep: 
	instructions:

SET IRMethod, name = set_community instanceMethod = true
BB 1
	outgoing: 19 2 
	datadep: 
	instructions:
BB 2
	outgoing: 3 4 
	datadep: 
	instructions:
		 0: def_%self 
		 1: def_%v_0 
		 2: COPY TYPE_CurrentScope def_%current_scope 
		 3: COPY TYPE_ScopeModule def_%current_module 
		 4: 
		 5: RECEIVEARG def_new_community_id 
		 6: RECEIVEARG def_community_locales 
		 7: def_%v_3 
		 8: def_block %v_3[2.7,] 
		 9: 
		 10: (I18n) def_%v_4 
		 11: (inherit Backend) def_%v_5 %v_4[2.10,] 
		 12: %v_5[2.11,] 
BB 3
	outgoing: 4 
	datadep: 
	instructions:
		 0: %v_4->const_missing def_%v_5 %v_4[2.10,] 	 SYMBOL:Backend,	 ARGS:Symbol,
BB 4
	outgoing: 5 6 
	datadep: 
	instructions:
		 0: (inherit CommunityBackend) def_%v_6 %v_5[3.0,2.11,] 
		 1: %v_6[4.0,] 
BB 5
	outgoing: 6 
	datadep: 
	instructions:
		 0: %v_5->const_missing def_%v_6 %v_5[3.0,2.11,] 	 SYMBOL:CommunityBackend,	 ARGS:Symbol,
BB 6
	outgoing: 7 12 
	datadep: 
	instructions:
		 0: %v_6->instance def_%v_7 %v_6[5.0,4.0,] 	 SYMBOL:	 ARGS:
		 1: COPY TYPE_PASS def_community_backend %v_7[6.0,] 
		 2: 
		 3: HASH-clear- def_%v_8 
		 4: %v_7->set_community! def_%v_9 %v_7[6.0,] new_community_id[2.5,] community_locales[2.6,] %v_8[6.3,] 	 SYMBOL:	 ARGS:new_community_id,community_locales,%v_8,
		 5: COPY TYPE_PASS def_old_community %v_9[6.4,] 
		 6: 
		 7: %v_9->[] def_%v_10 %v_9[6.4,] 	 SYMBOL:community_id,	 ARGS:Symbol,
		 8: %v_10->!= def_%v_11 %v_10[6.7,] new_community_id[2.5,] 	 SYMBOL:	 ARGS:new_community_id,
		 9: BRANCH %v_11[6.8,] 
BB 7
	outgoing: 8 9 
	datadep: 
	instructions:
		 0: 
		 1: (TranslationService) def_%v_12 
		 2: (inherit API) def_%v_13 %v_12[7.1,] 
		 3: %v_13[7.2,] 
BB 8
	outgoing: 9 
	datadep: 
	instructions:
		 0: %v_12->const_missing def_%v_13 %v_12[7.1,] 	 SYMBOL:API,	 ARGS:Symbol,
BB 9
	outgoing: 10 11 
	datadep: 
	instructions:
		 0: (inherit Api) def_%v_14 %v_13[8.0,7.2,] 
		 1: %v_14[9.0,] 
BB 10
	outgoing: 11 
	datadep: 
	instructions:
		 0: %v_13->const_missing def_%v_14 %v_13[8.0,7.2,] 	 SYMBOL:Api,	 ARGS:Symbol,
BB 11
	outgoing: 13 
	datadep: 
	instructions:
		 0: %v_14->translations def_%v_15 %v_14[10.0,9.0,] 	 SYMBOL:	 ARGS:
		 1: %v_15->get def_%v_16 %v_15[11.0,] new_community_id[2.5,] 	 SYMBOL:	 ARGS:new_community_id,
		 2: %v_16->[] def_%v_17 %v_16[11.1,] 	 SYMBOL:data,	 ARGS:Symbol,
		 3: COPY TYPE_PASS def_community_translations %v_17[11.2,] 
		 4: 
		 5: (TranslationServiceHelper) def_%v_18 
		 6: %v_18->community_translations_for_i18n_backend def_%v_19 %v_18[11.5,] %v_17[11.2,] 	 SYMBOL:	 ARGS:community_translations,
		 7: %v_19->each def_%v_20 %v_19[11.6,] %self[2.0,] 	 SYMBOL:	 ARGS:%v_19,
CLOSURE BEGIN: community_backend[6.1,] locale[] data[] 
BB 1
	outgoing: 6 2 
	datadep: 
	instructions:
BB 2
	outgoing: 3 
	datadep: 
	instructions:
		 0: def_%self 
		 1: def_%cl_1_0 
		 2: RECEIVEARG def_locale 
		 3: RECEIVEARG def_data 
		 4: COPY TYPE_CurrentScope def_%current_scope 
		 5: COPY TYPE_ScopeModule def_%current_module 
BB 3
	outgoing: 4 6 
	datadep: 
	instructions:
		 0: 
		 1: HASH-escape- def_%cl_1_3 
		 2: community_backend->store_translations def_%cl_1_4 community_backend[] locale[2.2,] data[2.3,] %cl_1_3[3.1,] 	 SYMBOL:	 ARGS:locale,data,%cl_1_3,
		 3: RETURN %cl_1_4[3.2,] %self[2.0,] 
BB 4
	outgoing: 6 
	datadep: 
	instructions:
		 0: def_%cl_1_5 
		 1: def_%cl_1_6 %cl_1_5[4.0,] 
		 2: RETURN %cl_1_6[4.1,] %self[2.0,] 
BB 6
	outgoing: 
	datadep: 
	instructions:
CLOSURE END: data[2.3,] 
		 8: 
BB 12
	outgoing: 13 
	datadep: 
	instructions:
		 0: COPY TYPE_Nil def_%v_20 
BB 13
	outgoing: 14 
	datadep: 
	instructions:
		 0: 
		 1: GLOBALVAR $! def_%v_21 
BB 14
	outgoing: 15 16 
	datadep: 
	instructions:
		 0: 
		 1: block->call def_%v_27 block[2.8,] 	 SYMBOL:	 ARGS:
		 2: COPY TYPE_PASS def_%v_26 %v_27[14.1,] 
BB 15
	outgoing: 19 
	datadep: 
	instructions:
		 0: 
		 1: old_community->[] def_%v_22 old_community[6.5,] 	 SYMBOL:community_id,	 ARGS:Symbol,
		 2: old_community->[] def_%v_23 old_community[15.1,6.5,] 	 SYMBOL:locales_in_use,	 ARGS:Symbol,
		 3: HASH-clear- def_%v_24 
		 4: community_backend->set_community! def_%v_25 community_backend[6.1,] %v_22[15.1,] %v_23[15.2,] %v_24[15.3,] 	 SYMBOL:	 ARGS:%v_22,%v_23,%v_24,
		 5: RETURN %v_26[14.2,] %self[2.0,] 
BB 16
	outgoing: 19 
	datadep: 
	instructions:
		 0: def_%v_28 
		 1: def_%v_29 %v_28[16.0,] %v_21[13.1,] 
		 2: 
		 3: old_community->[] def_%v_22 old_community[6.5,] 	 SYMBOL:community_id,	 ARGS:Symbol,
		 4: old_community->[] def_%v_23 old_community[16.3,6.5,] 	 SYMBOL:locales_in_use,	 ARGS:Symbol,
		 5: HASH-clear- def_%v_24 
		 6: community_backend->set_community! def_%v_25 community_backend[6.1,] %v_22[16.3,] %v_23[16.4,] %v_24[16.5,] 	 SYMBOL:	 ARGS:%v_22,%v_23,%v_24,
		 7: %v_28[16.0,] 
BB 19
	outgoing: 
	datadep: 
	instructions:

SET IRMethod, name = community_specific_sender instanceMethod = true
BB 1
	outgoing: 7 2 
	datadep: 
	instructions:
BB 2
	outgoing: 3 4 
	datadep: 
	instructions:
		 0: def_%self 
		 1: def_%v_0 
		 2: COPY TYPE_CurrentScope def_%current_scope 
		 3: COPY TYPE_ScopeModule def_%current_module 
		 4: 
		 5: RECEIVEARG def_community 
		 6: 
		 7: %self->Maybe def_%v_3 %self[2.0,] community[2.5,] 	 SYMBOL:	 ARGS:community,
		 8: %v_3->id def_%v_4 %v_3[2.7,] 	 SYMBOL:	 ARGS:
		 9: %v_4->or_else def_%v_5 %v_4[2.8,] 	 SYMBOL:	 ARGS:Nil,
		 10: COPY TYPE_PASS def_cid %v_5[2.9,] 
		 11: 
		 12: (EmailService) def_%v_6 
		 13: (inherit API) def_%v_7 %v_6[2.12,] 
		 14: %v_7[2.13,] 
BB 3
	outgoing: 4 
	datadep: 
	instructions:
		 0: %v_6->const_missing def_%v_7 %v_6[2.12,] 	 SYMBOL:API,	 ARGS:Symbol,
BB 4
	outgoing: 5 6 
	datadep: 
	instructions:
		 0: (inherit Api) def_%v_8 %v_7[3.0,2.13,] 
		 1: %v_8[4.0,] 
BB 5
	outgoing: 6 
	datadep: 
	instructions:
		 0: %v_7->const_missing def_%v_8 %v_7[3.0,2.13,] 	 SYMBOL:Api,	 ARGS:Symbol,
BB 6
	outgoing: 7 
	datadep: 
	instructions:
		 0: %v_8->addresses def_%v_9 %v_8[5.0,4.0,] 	 SYMBOL:	 ARGS:
		 1: HASH-community_id- def_%v_10 cid[2.10,] 
		 2: %v_9->get_sender def_%v_11 %v_9[6.0,] %v_10[6.1,] 	 SYMBOL:	 ARGS:%v_10,
		 3: %v_11->data def_%v_12 %v_11[6.2,] 	 SYMBOL:	 ARGS:
		 4: %v_12->[] def_%v_13 %v_12[6.3,] 	 SYMBOL:smtp_format,	 ARGS:Symbol,
		 5: RETURN %v_13[6.4,] %self[2.0,] 
BB 7
	outgoing: 
	datadep: 
	instructions:

