SET IRMethod, name = payment_type instanceMethod = true
BB 1
	outgoing: 3 2 
	datadep: 
	instructions:
BB 2
	outgoing: 3 
	datadep: 
	instructions:
		 0: def_%self 
		 1: def_%v_0 
		 2: COPY TYPE_CurrentScope def_%current_scope 
		 3: COPY TYPE_ScopeModule def_%current_module 
		 4: 
		 5: RECEIVEARG def_community_id 
		 6: 
		 7: (CommunityModel) def_%v_3 
		 8: %v_3->find_by_id def_%v_4 %v_3[2.7,] community_id[2.5,] 	 SYMBOL:	 ARGS:community_id,
		 9: %self->Maybe def_%v_5 %self[2.0,] %v_4[2.8,] 	 SYMBOL:	 ARGS:%v_4,
		 10: %v_5->map def_%v_6 %v_5[2.9,] %self[2.0,2.9,] 	 SYMBOL:	 ARGS:%v_5,
CLOSURE BEGIN: community[] %self[2.0,2.9,] 
BB 1
	outgoing: 12 2 
	datadep: 
	instructions:
BB 2
	outgoing: 3 
	datadep: 
	instructions:
		 0: def_%self 
		 1: def_%cl_1_0 
		 2: RECEIVEARG def_community 
		 3: COPY TYPE_CurrentScope def_%current_scope 
		 4: COPY TYPE_ScopeModule def_%current_module 
BB 3
	outgoing: 4 5 10 
	datadep: 
	instructions:
		 0: 
		 1: community->id def_%cl_1_3 community[2.2,] 	 SYMBOL:	 ARGS:
		 2: %self->paypal_active? def_%cl_1_4 %self[2.0,] %cl_1_3[3.1,] 	 SYMBOL:	 ARGS:%cl_1_3,
		 3: BRANCH %cl_1_4[3.2,] 
BB 4
	outgoing: 12 
	datadep: 
	instructions:
		 0: 
		 1: COPY TYPE_Symbol def_%cl_1_5 
		 2: RETURN %self[2.0,] 
BB 5
	outgoing: 6 7 10 
	datadep: 
	instructions:
		 0: 
		 1: community->payment_gateway def_%cl_1_6 community[2.2,] 	 SYMBOL:	 ARGS:
		 2: %cl_1_6->present? def_%cl_1_7 %cl_1_6[5.1,] 	 SYMBOL:	 ARGS:
		 3: BRANCH %cl_1_7[5.2,] 
BB 6
	outgoing: 8 10 
	datadep: 
	instructions:
		 0: 
		 1: community->payment_gateway def_%cl_1_8 community[2.2,] 	 SYMBOL:	 ARGS:
		 2: %cl_1_8->gateway_type def_%cl_1_9 %cl_1_8[6.1,] 	 SYMBOL:	 ARGS:
		 3: 
BB 7
	outgoing: 8 
	datadep: 
	instructions:
		 0: 
		 1: COPY TYPE_Nil def_%cl_1_9 
BB 8
	outgoing: 12 
	datadep: 
	instructions:
		 0: RETURN %cl_1_9[7.1,6.2,] %self[2.0,] 
BB 10
	outgoing: 12 
	datadep: 
	instructions:
		 0: def_%cl_1_10 
		 1: def_%cl_1_11 %cl_1_10[10.0,] 
		 2: RETURN %cl_1_11[10.1,] %self[2.0,] 
BB 12
	outgoing: 
	datadep: 
	instructions:
CLOSURE END: 
		 11: %v_6->or_else def_%v_7 %v_6[2.10,] 	 SYMBOL:	 ARGS:Nil,
		 12: RETURN %v_7[2.11,] %self[2.0,2.9,] 
BB 3
	outgoing: 
	datadep: 
	instructions:

SET IRMethod, name = paypal_active? instanceMethod = true
BB 1
	outgoing: 6 2 
	datadep: 
	instructions:
BB 2
	outgoing: 3 4 
	datadep: 
	instructions:
		 0: def_%self 
		 1: def_%v_0 
		 2: COPY TYPE_CurrentScope def_%current_scope 
		 3: COPY TYPE_ScopeModule def_%current_module 
		 4: 
		 5: RECEIVEARG def_community_id 
		 6: 
		 7: (TxApi) def_%v_3 
		 8: %v_3->settings def_%v_4 %v_3[2.7,] 	 SYMBOL:	 ARGS:
		 9: HASH-community_id- def_%v_5 community_id[2.5,] 
		 10: %v_4->get_active def_%v_6 %v_4[2.8,] %v_5[2.9,] 	 SYMBOL:	 ARGS:%v_5,
		 11: %self->Maybe def_%v_7 %self[2.0,] %v_6[2.10,] 	 SYMBOL:	 ARGS:%v_6,
		 12: %v_7->select def_%v_8 %v_7[2.11,] %self[2.0,2.11,] 	 SYMBOL:	 ARGS:%v_7,
CLOSURE BEGIN: result[] 
BB 1
	outgoing: 6 2 
	datadep: 
	instructions:
BB 2
	outgoing: 3 
	datadep: 
	instructions:
		 0: def_%self 
		 1: def_%cl_1_0 
		 2: RECEIVEARG def_result 
		 3: COPY TYPE_CurrentScope def_%current_scope 
		 4: COPY TYPE_ScopeModule def_%current_module 
BB 3
	outgoing: 4 6 
	datadep: 
	instructions:
		 0: 
		 1: result->[] def_%cl_1_3 result[2.2,] 	 SYMBOL:success,	 ARGS:Symbol,
		 2: RETURN %cl_1_3[3.1,] %self[2.0,] 
BB 4
	outgoing: 6 
	datadep: 
	instructions:
		 0: def_%cl_1_4 
		 1: def_%cl_1_5 %cl_1_4[4.0,] 
		 2: RETURN %cl_1_5[4.1,] %self[2.0,] 
BB 6
	outgoing: 
	datadep: 
	instructions:
CLOSURE END: 
		 13: %v_8->map def_%v_9 %v_8[2.12,] %self[2.0,2.11,] 	 SYMBOL:	 ARGS:%v_8,
CLOSURE BEGIN: result[2.12,] 
BB 1
	outgoing: 6 2 
	datadep: 
	instructions:
BB 2
	outgoing: 3 
	datadep: 
	instructions:
		 0: def_%self 
		 1: def_%cl_2_0 
		 2: RECEIVEARG def_result 
		 3: COPY TYPE_CurrentScope def_%current_scope 
		 4: COPY TYPE_ScopeModule def_%current_module 
BB 3
	outgoing: 4 6 
	datadep: 
	instructions:
		 0: 
		 1: result->[] def_%cl_2_3 result[2.2,] 	 SYMBOL:data,	 ARGS:Symbol,
		 2: RETURN %cl_2_3[3.1,] %self[2.0,] 
BB 4
	outgoing: 6 
	datadep: 
	instructions:
		 0: def_%cl_2_4 
		 1: def_%cl_2_5 %cl_2_4[4.0,] 
		 2: RETURN %cl_2_5[4.1,] %self[2.0,] 
BB 6
	outgoing: 
	datadep: 
	instructions:
CLOSURE END: 
		 14: %v_9->or_else def_%v_10 %v_9[2.13,] 	 SYMBOL:	 ARGS:Nil,
		 15: COPY TYPE_PASS def_active_settings %v_10[2.14,] 
		 16: 
		 17: COPY TYPE_PASS def_%v_11 %v_10[2.14,] 
		 18: BRANCH %v_10[2.14,] 
BB 3
	outgoing: 6 
	datadep: 
	instructions:
		 0: active_settings->[] def_%v_12 active_settings[2.15,] 	 SYMBOL:payment_gateway,	 ARGS:Symbol,
		 1: %v_12->== def_%v_13 %v_12[3.0,] 	 SYMBOL:paypal,	 ARGS:Symbol,
		 2: RETURN %v_13[3.1,] %self[2.0,] 
BB 4
	outgoing: 6 
	datadep: 
	instructions:
		 0: RETURN %v_11[2.17,] %self[2.0,] 
BB 6
	outgoing: 
	datadep: 
	instructions:

