SET IRMethod, name = last_activity_type instanceMethod = true
BB 1
	outgoing: 15 2 
	datadep: 
	instructions:
BB 2
	outgoing: 3 4 
	datadep: 
	instructions:
		 0: def_%self 
		 1: def_%v_0 
		 2: COPY TYPE_CurrentScope def_%current_scope 
		 3: COPY TYPE_ScopeModule def_%current_module 
		 4: 
		 5: RECEIVEARG def_inbox_item 
		 6: 
		 7: inbox_item->[] def_%v_3 inbox_item[2.5,] 	 SYMBOL:last_transition_at,	 ARGS:Symbol,
		 8: %v_3->nil? def_%v_4 %v_3[2.7,] 	 SYMBOL:	 ARGS:
		 9: BRANCH %v_4[2.8,] 
BB 3
	outgoing: 15 
	datadep: 
	instructions:
		 0: 
		 1: RETURN %self[2.0,] 
BB 4
	outgoing: 5 6 
	datadep: 
	instructions:
		 0: 
		 1: inbox_item->[] def_%v_6 inbox_item[2.5,] 	 SYMBOL:last_message_at,	 ARGS:Symbol,
		 2: %v_6->nil? def_%v_7 %v_6[4.1,] 	 SYMBOL:	 ARGS:
		 3: BRANCH %v_7[4.2,] 
BB 5
	outgoing: 15 
	datadep: 
	instructions:
		 0: 
		 1: RETURN %self[2.0,] 
BB 6
	outgoing: 8 
	datadep: 
	instructions:
		 0: COPY TYPE_Nil def_%v_8 
		 1: COPY TYPE_PASS def_%v_5 %v_8[6.0,] 
BB 8
	outgoing: 9 10 
	datadep: 
	instructions:
		 0: 
		 1: COPY TYPE_StringLiteral "free" def_%v_9 
		 2: COPY TYPE_StringLiteral "pending" def_%v_10 
		 3: COPY TYPE_StringLiteral "initiated" def_%v_11 
		 4: COPY TYPE_StringLiteral "pending_ext" def_%v_12 
		 5: COPY TYPE_Array def_%v_13 %v_9[8.1,] %v_10[8.2,] %v_11[8.3,] %v_12[8.4,] 
		 6: COPY TYPE_PASS def_ignored_transitions %v_13[8.5,] 
		 7: 
		 8: inbox_item->[] def_%v_14 inbox_item[2.5,] 	 SYMBOL:transitions,	 ARGS:Symbol,
		 9: %v_14->reject def_%v_15 %v_14[8.8,] %self[2.0,] 	 SYMBOL:	 ARGS:%v_14,
CLOSURE BEGIN: transition[] ignored_transitions[8.6,] 
BB 1
	outgoing: 6 2 
	datadep: 
	instructions:
BB 2
	outgoing: 3 
	datadep: 
	instructions:
		 0: def_%self 
		 1: def_%cl_1_0 
		 2: RECEIVEARG def_transition 
		 3: COPY TYPE_CurrentScope def_%current_scope 
		 4: COPY TYPE_ScopeModule def_%current_module 
BB 3
	outgoing: 4 6 
	datadep: 
	instructions:
		 0: 
		 1: transition->[] def_%cl_1_3 transition[2.2,] 	 SYMBOL:to_state,	 ARGS:Symbol,
		 2: ignored_transitions->include? def_%cl_1_4 ignored_transitions[] %cl_1_3[3.1,] 	 SYMBOL:	 ARGS:%cl_1_3,
		 3: RETURN %cl_1_4[3.2,] %self[2.0,] 
BB 4
	outgoing: 6 
	datadep: 
	instructions:
		 0: def_%cl_1_5 
		 1: def_%cl_1_6 %cl_1_5[4.0,] 
		 2: RETURN %cl_1_6[4.1,] %self[2.0,] 
BB 6
	outgoing: 
	datadep: 
	instructions:
CLOSURE END: 
		 10: %v_15->last def_%v_16 %v_15[8.9,] 	 SYMBOL:	 ARGS:
		 11: COPY TYPE_PASS def_last_visible_transition %v_16[8.10,] 
		 12: 
		 13: %v_16->nil? def_%v_17 %v_16[8.10,] 	 SYMBOL:	 ARGS:
		 14: BRANCH %v_17[8.13,] 
BB 9
	outgoing: 15 
	datadep: 
	instructions:
		 0: 
		 1: RETURN %self[2.0,] 
BB 10
	outgoing: 12 13 
	datadep: 
	instructions:
		 0: COPY TYPE_Nil def_%v_18 
		 1: 
		 2: inbox_item->[] def_%v_19 inbox_item[2.5,] 	 SYMBOL:last_message_at,	 ARGS:Symbol,
		 3: last_visible_transition->[] def_%v_20 last_visible_transition[8.11,] 	 SYMBOL:created_at,	 ARGS:Symbol,
		 4: %v_19->> def_%v_21 %v_19[10.2,] %v_20[10.3,] 	 SYMBOL:	 ARGS:%v_20,
		 5: BRANCH %v_21[10.4,] 
BB 12
	outgoing: 15 
	datadep: 
	instructions:
		 0: 
		 1: COPY TYPE_Symbol def_%v_22 
		 2: RETURN %self[2.0,] 
BB 13
	outgoing: 15 
	datadep: 
	instructions:
		 0: 
		 1: RETURN %self[2.0,] 
BB 15
	outgoing: 
	datadep: 
	instructions:

SET IRMethod, name = inbox_data_count instanceMethod = true
BB 1
	outgoing: 3 2 
	datadep: 
	instructions:
BB 2
	outgoing: 3 
	datadep: 
	instructions:
		 0: def_%self 
		 1: def_%v_0 
		 2: COPY TYPE_CurrentScope def_%current_scope 
		 3: COPY TYPE_ScopeModule def_%current_module 
		 4: 
		 5: RECEIVEARG def_person_id 
		 6: RECEIVEARG def_community_id 
		 7: 
		 8: (QueryHelper) def_%v_3 
		 9: %v_3->query_inbox_data_count def_%v_4 %v_3[2.8,] person_id[2.5,] community_id[2.6,] 	 SYMBOL:	 ARGS:person_id,community_id,
		 10: RETURN %v_4[2.9,] %self[2.0,] 
BB 3
	outgoing: 
	datadep: 
	instructions:

SET IRMethod, name = inbox_data instanceMethod = true
BB 1
	outgoing: 3 2 
	datadep: 
	instructions:
BB 2
	outgoing: 3 
	datadep: 
	instructions:
		 0: def_%self 
		 1: def_%v_0 
		 2: COPY TYPE_CurrentScope def_%current_scope 
		 3: COPY TYPE_ScopeModule def_%current_module 
		 4: 
		 5: RECEIVEARG def_person_id 
		 6: RECEIVEARG def_community_id 
		 7: RECEIVEARG def_limit 
		 8: RECEIVEARG def_offset 
		 9: 
		 10: (QueryHelper) def_%v_3 
		 11: %v_3->query_inbox_data def_%v_4 %v_3[2.10,] person_id[2.5,] community_id[2.6,] limit[2.7,] offset[2.8,] 	 SYMBOL:	 ARGS:person_id,community_id,limit,offset,
		 12: RETURN %v_4[2.11,] %self[2.0,] 
BB 3
	outgoing: 
	datadep: 
	instructions:

SET IRMethod, name = notification_count instanceMethod = true
BB 1
	outgoing: 3 2 
	datadep: 
	instructions:
BB 2
	outgoing: 3 
	datadep: 
	instructions:
		 0: def_%self 
		 1: def_%v_0 
		 2: COPY TYPE_CurrentScope def_%current_scope 
		 3: COPY TYPE_ScopeModule def_%current_module 
		 4: 
		 5: RECEIVEARG def_person_id 
		 6: RECEIVEARG def_community_id 
		 7: 
		 8: (QueryHelper) def_%v_3 
		 9: %v_3->query_notification_count def_%v_4 %v_3[2.8,] person_id[2.5,] community_id[2.6,] 	 SYMBOL:	 ARGS:person_id,community_id,
		 10: RETURN %v_4[2.9,] %self[2.0,] 
BB 3
	outgoing: 
	datadep: 
	instructions:

SET IRMethod, name = query_notification_count instanceMethod = true
BB 1
	outgoing: 8 2 
	datadep: 
	instructions:
BB 2
	outgoing: 3 4 
	datadep: 
	instructions:
		 0: def_%self 
		 1: def_%v_0 
		 2: COPY TYPE_CurrentScope def_%current_scope 
		 3: COPY TYPE_ScopeModule def_%current_module 
		 4: 
		 5: RECEIVEARG def_person_id 
		 6: RECEIVEARG def_community_id 
		 7: 
		 8: (Participation) def_%v_3 
		 9: HASH-person_id- def_%v_4 person_id[2.5,] 
		 10: %v_3->where def_%v_5 %v_3[2.8,] %v_4[2.9,] 	 SYMBOL:	 ARGS:%v_4,
		 11: %v_5->pluck def_%v_6 %v_5[2.10,] 	 SYMBOL:conversation_id,	 ARGS:Symbol,
		 12: COPY TYPE_PASS def_conversation_ids %v_6[2.11,] 
		 13: 
		 14: %v_6->empty? def_%v_7 %v_6[2.11,] 	 SYMBOL:	 ARGS:
		 15: BRANCH %v_7[2.14,] 
BB 3
	outgoing: 8 
	datadep: 
	instructions:
		 0: RETURN %self[2.0,] 
BB 4
	outgoing: 6 7 
	datadep: 
	instructions:
		 0: COPY TYPE_Nil def_%v_8 
		 1: 
		 2: (ActiveRecord) def_%v_9 
		 3: (inherit Base) def_%v_10 %v_9[4.2,] 
		 4: %v_10[4.3,] 
BB 6
	outgoing: 7 
	datadep: 
	instructions:
		 0: %v_9->const_missing def_%v_10 %v_9[4.2,] 	 SYMBOL:Base,	 ARGS:Symbol,
BB 7
	outgoing: 8 
	datadep: 
	instructions:
		 0: %v_10->connection def_%v_11 %v_10[6.0,4.3,] 	 SYMBOL:	 ARGS:
		 1: COPY TYPE_PASS def_connection %v_11[7.0,] 
		 2: 
		 3: (SQLUtils) def_%v_12 
		 4: GETFIELD %self->construct_notification_count_sql def_%v_13 %self[2.0,] 
		 5: HASH-person_id-community_id-conversation_ids- def_%v_14 person_id[2.5,] community_id[2.6,] conversation_ids[2.12,] 
		 6: %v_12->ar_quote def_%v_15 %v_12[7.3,] %v_11[7.0,] %v_13[7.4,] %v_14[7.5,] 	 SYMBOL:	 ARGS:connection,%v_13,%v_14,
		 7: COPY TYPE_PASS def_sql %v_15[7.6,] 
		 8: 
		 9: connection->select_value def_%v_16 connection[7.1,] %v_15[7.6,] 	 SYMBOL:	 ARGS:sql,
		 10: RETURN %v_16[7.9,] %self[2.0,] 
BB 8
	outgoing: 
	datadep: 
	instructions:

SET IRMethod, name = query_inbox_data instanceMethod = true
BB 1
	outgoing: 16 2 
	datadep: 
	instructions:
BB 2
	outgoing: 3 4 
	datadep: 
	instructions:
		 0: def_%self 
		 1: def_%v_0 
		 2: COPY TYPE_CurrentScope def_%current_scope 
		 3: COPY TYPE_ScopeModule def_%current_module 
		 4: 
		 5: RECEIVEARG def_person_id 
		 6: RECEIVEARG def_community_id 
		 7: RECEIVEARG def_limit 
		 8: RECEIVEARG def_offset 
		 9: 
		 10: (Participation) def_%v_3 
		 11: HASH-person_id- def_%v_4 person_id[2.5,] 
		 12: %v_3->where def_%v_5 %v_3[2.10,] %v_4[2.11,] 	 SYMBOL:	 ARGS:%v_4,
		 13: %v_5->pluck def_%v_6 %v_5[2.12,] 	 SYMBOL:conversation_id,	 ARGS:Symbol,
		 14: COPY TYPE_PASS def_conversation_ids %v_6[2.13,] 
		 15: 
		 16: %v_6->empty? def_%v_7 %v_6[2.13,] 	 SYMBOL:	 ARGS:
		 17: BRANCH %v_7[2.16,] 
BB 3
	outgoing: 16 
	datadep: 
	instructions:
		 0: COPY TYPE_Array def_%v_8 
		 1: RETURN %v_8[3.0,] %self[2.0,] 
BB 4
	outgoing: 6 7 
	datadep: 
	instructions:
		 0: COPY TYPE_Nil def_%v_9 
		 1: 
		 2: (ActiveRecord) def_%v_10 
		 3: (inherit Base) def_%v_11 %v_10[4.2,] 
		 4: %v_11[4.3,] 
BB 6
	outgoing: 7 
	datadep: 
	instructions:
		 0: %v_10->const_missing def_%v_11 %v_10[4.2,] 	 SYMBOL:Base,	 ARGS:Symbol,
BB 7
	outgoing: 8 9 
	datadep: 
	instructions:
		 0: %v_11->connection def_%v_12 %v_11[6.0,4.3,] 	 SYMBOL:	 ARGS:
		 1: COPY TYPE_PASS def_connection %v_12[7.0,] 
		 2: 
		 3: (SQLUtils) def_%v_13 
		 4: GETFIELD %self->construct_sql def_%v_14 %self[2.0,] 
		 5: HASH-person_id-community_id-limit-offset-conversation_ids- def_%v_15 person_id[2.5,] community_id[2.6,] limit[2.7,] offset[2.8,] conversation_ids[2.14,] 
		 6: %v_13->ar_quote def_%v_16 %v_13[7.3,] %v_12[7.0,] %v_14[7.4,] %v_15[7.5,] 	 SYMBOL:	 ARGS:connection,%v_14,%v_15,
		 7: COPY TYPE_PASS def_sql %v_16[7.6,] 
		 8: 
		 9: connection->execute def_%v_17 connection[7.1,] %v_16[7.6,] 	 SYMBOL:	 ARGS:sql,
		 10: HASH-as- def_%v_18 
		 11: %v_17->each def_%v_19 %v_17[7.9,] %v_18[7.10,] 	 SYMBOL:	 ARGS:%v_18,
		 12: %v_19->map def_%v_20 %v_19[7.11,] %self[2.0,] 	 SYMBOL:	 ARGS:%v_19,
CLOSURE BEGIN: row[] 
BB 1
	outgoing: 6 2 
	datadep: 
	instructions:
BB 2
	outgoing: 3 
	datadep: 
	instructions:
		 0: def_%self 
		 1: def_%cl_1_0 
		 2: RECEIVEARG def_row 
		 3: COPY TYPE_CurrentScope def_%current_scope 
		 4: COPY TYPE_ScopeModule def_%current_module 
BB 3
	outgoing: 4 6 
	datadep: 
	instructions:
		 0: 
		 1: (HashUtils) def_%cl_1_3 
		 2: %cl_1_3->symbolize_keys def_%cl_1_4 %cl_1_3[3.1,] row[2.2,] 	 SYMBOL:	 ARGS:row,
		 3: RETURN %cl_1_4[3.2,] %self[2.0,] 
BB 4
	outgoing: 6 
	datadep: 
	instructions:
		 0: def_%cl_1_5 
		 1: def_%cl_1_6 %cl_1_5[4.0,] 
		 2: RETURN %cl_1_6[4.1,] %self[2.0,] 
BB 6
	outgoing: 
	datadep: 
	instructions:
CLOSURE END: 
		 13: COPY TYPE_PASS def_result_set %v_20[7.12,] 
		 14: 
		 15: (HashUtils) def_%v_21 
		 16: %v_21->pluck def_%v_22 %v_21[7.15,] %v_20[7.12,] 	 SYMBOL:current_id,other_id,	 ARGS:result_set,Symbol,Symbol,
		 17: %v_22->uniq def_%v_23 %v_22[7.16,] 	 SYMBOL:	 ARGS:
		 18: COPY TYPE_PASS def_people_ids %v_23[7.17,] 
		 19: 
		 20: (MarketplaceService) def_%v_24 
		 21: (inherit Person) def_%v_25 %v_24[7.20,] 
		 22: %v_25[7.21,] 
BB 8
	outgoing: 9 
	datadep: 
	instructions:
		 0: %v_24->const_missing def_%v_25 %v_24[7.20,] 	 SYMBOL:Person,	 ARGS:Symbol,
BB 9
	outgoing: 10 11 
	datadep: 
	instructions:
		 0: (inherit Query) def_%v_26 %v_25[8.0,7.21,] 
		 1: %v_26[9.0,] 
BB 10
	outgoing: 11 
	datadep: 
	instructions:
		 0: %v_25->const_missing def_%v_26 %v_25[8.0,7.21,] 	 SYMBOL:Query,	 ARGS:Symbol,
BB 11
	outgoing: 12 13 
	datadep: 
	instructions:
		 0: %v_26->people def_%v_27 %v_26[10.0,9.0,] people_ids[7.18,] community_id[2.6,] 	 SYMBOL:	 ARGS:people_ids,community_id,
		 1: COPY TYPE_PASS def_people_store %v_27[11.0,] 
		 2: 
		 3: %self->reduce_transaction_and_conv_ids def_%v_28 %self[2.0,] result_set[7.13,] 	 SYMBOL:	 ARGS:result_set,
		 4: def_%v_29 %v_28[11.3,] 
		 5: def_%v_30 %v_29[11.4,] 
		 6: def_%v_31 %v_29[11.4,] 
		 7: COPY TYPE_PASS def_last_message_conv_ids %v_30[11.5,] 
		 8: COPY TYPE_PASS def_last_transition_transaction_ids %v_31[11.6,] 
		 9: 
		 10: (MarketplaceService) def_%v_32 
		 11: (inherit Conversation) def_%v_33 %v_32[11.10,] 
		 12: %v_33[11.11,] 
BB 12
	outgoing: 13 
	datadep: 
	instructions:
		 0: %v_32->const_missing def_%v_33 %v_32[11.10,] 	 SYMBOL:Conversation,	 ARGS:Symbol,
BB 13
	outgoing: 14 15 
	datadep: 
	instructions:
		 0: (inherit Query) def_%v_34 %v_33[12.0,11.11,] 
		 1: %v_34[13.0,] 
BB 14
	outgoing: 15 
	datadep: 
	instructions:
		 0: %v_33->const_missing def_%v_34 %v_33[12.0,11.11,] 	 SYMBOL:Query,	 ARGS:Symbol,
BB 15
	outgoing: 16 
	datadep: 
	instructions:
		 0: %v_34->latest_messages_for_conversations def_%v_35 %v_34[14.0,13.0,] last_message_conv_ids[11.7,] 	 SYMBOL:	 ARGS:last_message_conv_ids,
		 1: COPY TYPE_PASS def_message_store %v_35[15.0,] 
		 2: 
		 3: result_set->map def_%v_36 result_set[7.13,] %self[2.0,] 	 SYMBOL:	 ARGS:result_set,
CLOSURE BEGIN: result[] %self[2.0,] people_store[11.1,] message_store[15.1,] 
BB 1
	outgoing: 9 2 
	datadep: 
	instructions:
BB 2
	outgoing: 3 
	datadep: 
	instructions:
		 0: def_%self 
		 1: def_%cl_2_0 
		 2: RECEIVEARG def_result 
		 3: COPY TYPE_CurrentScope def_%current_scope 
		 4: COPY TYPE_ScopeModule def_%current_module 
BB 3
	outgoing: 4 5 7 
	datadep: 
	instructions:
		 0: 
		 1: result->[] def_%cl_2_3 result[2.2,] 	 SYMBOL:transaction_id,	 ARGS:Symbol,
		 2: %cl_2_3->present? def_%cl_2_4 %cl_2_3[3.1,] 	 SYMBOL:	 ARGS:
		 3: BRANCH %cl_2_4[3.2,] 
BB 4
	outgoing: 6 7 
	datadep: 
	instructions:
		 0: 
		 1: (InboxTransaction) def_%cl_2_5 
		 2: %self->extend_common def_%cl_2_6 %self[2.0,] result[2.2,] people_store[] message_store[] 	 SYMBOL:	 ARGS:result,people_store,message_store,
		 3: %self->extend_transaction def_%cl_2_7 %self[4.2,2.0,] %cl_2_6[4.2,] 	 SYMBOL:	 ARGS:%cl_2_6,
		 4: %cl_2_5->[] def_%cl_2_8 %cl_2_5[4.1,] %cl_2_7[4.3,] 	 SYMBOL:	 ARGS:%cl_2_7,
		 5: 
BB 5
	outgoing: 7 9 
	datadep: 
	instructions:
		 0: 
		 1: (InboxConversation) def_%cl_2_9 
		 2: %self->extend_common def_%cl_2_10 %self[2.0,] result[2.2,] people_store[] message_store[] 	 SYMBOL:	 ARGS:result,people_store,message_store,
		 3: %self->extend_conversation def_%cl_2_11 %self[5.2,2.0,] %cl_2_10[5.2,] 	 SYMBOL:	 ARGS:%cl_2_10,
		 4: %cl_2_9->[] def_%cl_2_12 %cl_2_9[5.1,] %cl_2_11[5.3,] 	 SYMBOL:	 ARGS:%cl_2_11,
		 5: RETURN %cl_2_12[5.4,] %self[5.2,5.3,2.0,] 
BB 6
	outgoing: 9 
	datadep: 
	instructions:
		 0: RETURN %cl_2_8[4.4,] %self[2.0,] 
BB 7
	outgoing: 9 
	datadep: 
	instructions:
		 0: def_%cl_2_13 
		 1: def_%cl_2_14 %cl_2_13[7.0,] 
		 2: RETURN %cl_2_14[7.1,] %self[2.0,] 
BB 9
	outgoing: 
	datadep: 
	instructions:
CLOSURE END: 
		 4: RETURN %v_36[15.3,] %self[2.0,] 
BB 16
	outgoing: 
	datadep: 
	instructions:

SET IRMethod, name = reduce_transaction_and_conv_ids instanceMethod = true
BB 1
	outgoing: 3 2 
	datadep: 
	instructions:
BB 2
	outgoing: 3 
	datadep: 
	instructions:
		 0: def_%self 
		 1: def_%v_0 
		 2: COPY TYPE_CurrentScope def_%current_scope 
		 3: COPY TYPE_ScopeModule def_%current_module 
		 4: 
		 5: RECEIVEARG def_result_set 
		 6: 
		 7: COPY TYPE_Array def_%v_3 
		 8: COPY TYPE_Array def_%v_4 
		 9: COPY TYPE_Array def_%v_5 %v_3[2.7,] %v_4[2.8,] 
		 10: result_set->reduce def_%v_6 result_set[2.5,] %v_5[2.9,] %self[2.0,] 	 SYMBOL:	 ARGS:%v_5,result_set,
CLOSURE BEGIN: row[] last_message_memo[] last_transition_memo[] 
BB 1
	outgoing: 12 2 
	datadep: 
	instructions:
BB 2
	outgoing: 3 10 
	datadep: 
	instructions:
		 0: def_%self 
		 1: def_%cl_1_0 
		 2: RECEIVEARG def_%cl_1_1 
		 3: def_%cl_1_2 %cl_1_1[2.2,] 
		 4: def_last_message_memo %cl_1_2[2.3,] 
		 5: def_last_transition_memo %cl_1_2[2.3,] 
		 6: RECEIVEARG def_row 
		 7: COPY TYPE_CurrentScope def_%current_scope 
		 8: COPY TYPE_ScopeModule def_%current_module 
BB 3
	outgoing: 4 5 10 
	datadep: 
	instructions:
		 0: 
		 1: row->[] def_%cl_1_5 row[2.6,] 	 SYMBOL:last_message_at,	 ARGS:Symbol,
		 2: %cl_1_5->present? def_%cl_1_6 %cl_1_5[3.1,] 	 SYMBOL:	 ARGS:
		 3: BRANCH %cl_1_6[3.2,] 
BB 4
	outgoing: 6 10 
	datadep: 
	instructions:
		 0: 
		 1: row->[] def_%cl_1_7 row[2.6,] 	 SYMBOL:conversation_id,	 ARGS:Symbol,
		 2: last_message_memo-><< def_%cl_1_8 last_message_memo[2.4,] %cl_1_7[4.1,] 	 SYMBOL:	 ARGS:%cl_1_7,
		 3: 
BB 5
	outgoing: 6 
	datadep: 
	instructions:
		 0: COPY TYPE_Nil def_%cl_1_8 
BB 6
	outgoing: 7 8 10 
	datadep: 
	instructions:
		 0: 
		 1: row->[] def_%cl_1_9 row[2.6,] 	 SYMBOL:last_transition_at,	 ARGS:Symbol,
		 2: %cl_1_9->present? def_%cl_1_10 %cl_1_9[6.1,] 	 SYMBOL:	 ARGS:
		 3: BRANCH %cl_1_10[6.2,] 
BB 7
	outgoing: 9 10 
	datadep: 
	instructions:
		 0: 
		 1: row->[] def_%cl_1_11 row[2.6,] 	 SYMBOL:transaction_id,	 ARGS:Symbol,
		 2: last_transition_memo-><< def_%cl_1_12 last_transition_memo[2.5,] %cl_1_11[7.1,] 	 SYMBOL:	 ARGS:%cl_1_11,
		 3: 
BB 8
	outgoing: 9 
	datadep: 
	instructions:
		 0: COPY TYPE_Nil def_%cl_1_12 
BB 9
	outgoing: 12 
	datadep: 
	instructions:
		 0: 
		 1: COPY TYPE_Array def_%cl_1_13 last_message_memo[2.4,] last_transition_memo[2.5,] 
		 2: RETURN %cl_1_13[9.1,] %self[2.0,] 
BB 10
	outgoing: 12 
	datadep: 
	instructions:
		 0: def_%cl_1_14 
		 1: def_%cl_1_15 %cl_1_14[10.0,] 
		 2: RETURN %cl_1_15[10.1,] %self[2.0,] 
BB 12
	outgoing: 
	datadep: 
	instructions:
CLOSURE END: last_transition_memo[2.5,] row[2.6,] 
		 11: RETURN %v_6[2.10,] %self[2.0,] 
BB 3
	outgoing: 
	datadep: 
	instructions:

SET IRMethod, name = query_inbox_data_count instanceMethod = true
BB 1
	outgoing: 8 2 
	datadep: 
	instructions:
BB 2
	outgoing: 3 4 
	datadep: 
	instructions:
		 0: def_%self 
		 1: def_%v_0 
		 2: COPY TYPE_CurrentScope def_%current_scope 
		 3: COPY TYPE_ScopeModule def_%current_module 
		 4: 
		 5: RECEIVEARG def_person_id 
		 6: RECEIVEARG def_community_id 
		 7: 
		 8: (Participation) def_%v_3 
		 9: HASH-person_id- def_%v_4 person_id[2.5,] 
		 10: %v_3->where def_%v_5 %v_3[2.8,] %v_4[2.9,] 	 SYMBOL:	 ARGS:%v_4,
		 11: %v_5->pluck def_%v_6 %v_5[2.10,] 	 SYMBOL:conversation_id,	 ARGS:Symbol,
		 12: COPY TYPE_PASS def_conversation_ids %v_6[2.11,] 
		 13: 
		 14: %v_6->empty? def_%v_7 %v_6[2.11,] 	 SYMBOL:	 ARGS:
		 15: BRANCH %v_7[2.14,] 
BB 3
	outgoing: 8 
	datadep: 
	instructions:
		 0: RETURN %self[2.0,] 
BB 4
	outgoing: 6 7 
	datadep: 
	instructions:
		 0: COPY TYPE_Nil def_%v_8 
		 1: 
		 2: (ActiveRecord) def_%v_9 
		 3: (inherit Base) def_%v_10 %v_9[4.2,] 
		 4: %v_10[4.3,] 
BB 6
	outgoing: 7 
	datadep: 
	instructions:
		 0: %v_9->const_missing def_%v_10 %v_9[4.2,] 	 SYMBOL:Base,	 ARGS:Symbol,
BB 7
	outgoing: 8 
	datadep: 
	instructions:
		 0: %v_10->connection def_%v_11 %v_10[6.0,4.3,] 	 SYMBOL:	 ARGS:
		 1: COPY TYPE_PASS def_connection %v_11[7.0,] 
		 2: 
		 3: (SQLUtils) def_%v_12 
		 4: GETFIELD %self->construct_inbox_row_count_sql def_%v_13 %self[2.0,] 
		 5: HASH-person_id-community_id-conversation_ids- def_%v_14 person_id[2.5,] community_id[2.6,] conversation_ids[2.12,] 
		 6: %v_12->ar_quote def_%v_15 %v_12[7.3,] %v_11[7.0,] %v_13[7.4,] %v_14[7.5,] 	 SYMBOL:	 ARGS:connection,%v_13,%v_14,
		 7: COPY TYPE_PASS def_sql %v_15[7.6,] 
		 8: 
		 9: connection->select_value def_%v_16 connection[7.1,] %v_15[7.6,] 	 SYMBOL:	 ARGS:sql,
		 10: RETURN %v_16[7.9,] %self[2.0,] 
BB 8
	outgoing: 
	datadep: 
	instructions:

SET IRMethod, name = extend_common instanceMethod = true
BB 1
	outgoing: 6 2 
	datadep: 
	instructions:
BB 2
	outgoing: 3 4 
	datadep: 
	instructions:
		 0: def_%self 
		 1: def_%v_0 
		 2: COPY TYPE_CurrentScope def_%current_scope 
		 3: COPY TYPE_ScopeModule def_%current_module 
		 4: 
		 5: RECEIVEARG def_common 
		 6: RECEIVEARG def_people 
		 7: RECEIVEARG def_message_store 
		 8: 
		 9: common->[] def_%v_3 common[2.5,] 	 SYMBOL:current_id,	 ARGS:Symbol,
		 10: COPY TYPE_PASS def_current_id %v_3[2.9,] 
		 11: 
		 12: common->[] def_%v_4 common[2.5,2.9,] 	 SYMBOL:other_id,	 ARGS:Symbol,
		 13: COPY TYPE_PASS def_other_id %v_4[2.12,] 
		 14: 
		 15: common->[] def_%v_5 common[2.5,2.9,2.12,] 	 SYMBOL:current_is_starter,	 ARGS:Symbol,
		 16: BRANCH %v_5[2.15,] 
BB 3
	outgoing: 5 
	datadep: 
	instructions:
		 0: common->[] def_%v_6 common[2.5,] 	 SYMBOL:current_id,	 ARGS:Symbol,
		 1: 
BB 4
	outgoing: 5 
	datadep: 
	instructions:
		 0: common->[] def_%v_7 common[2.5,] 	 SYMBOL:other_id,	 ARGS:Symbol,
		 1: COPY TYPE_PASS def_%v_6 %v_7[4.0,] 
BB 5
	outgoing: 6 
	datadep: 
	instructions:
		 0: COPY TYPE_PASS def_starter_id %v_6[4.1,3.0,] 
		 1: 
		 2: common->[] def_%v_8 common[2.5,] 	 SYMBOL:conversation_id,	 ARGS:Symbol,
		 3: message_store->[] def_%v_9 message_store[2.7,] %v_8[5.2,] 	 SYMBOL:	 ARGS:%v_8,
		 4: def_%v_10 %v_9[5.3,] 
		 5: def_%v_11 %v_10[5.4,] 
		 6: def_%v_12 %v_10[5.4,] 
		 7: COPY TYPE_PASS def_content %v_11[5.5,] 
		 8: COPY TYPE_PASS def_message_at %v_12[5.6,] 
		 9: 
		 10: people->[] def_%v_13 people[2.6,] starter_id[5.0,] 	 SYMBOL:	 ARGS:starter_id,
		 11: people->[] def_%v_14 people[5.10,2.6,] other_id[2.13,] 	 SYMBOL:	 ARGS:other_id,
		 12: people->[] def_%v_15 people[5.10,5.11,2.6,] current_id[2.10,] 	 SYMBOL:	 ARGS:current_id,
		 13: HASH-starter-other-current-last_message_content-last_message_at- def_%v_16 %v_13[5.10,] %v_14[5.11,] %v_15[5.12,] content[5.7,] message_at[5.8,] 
		 14: common->merge def_%v_17 common[5.2,2.5,] %v_16[5.13,] 	 SYMBOL:	 ARGS:%v_16,
		 15: RETURN %v_17[5.14,] %self[2.0,] 
BB 6
	outgoing: 
	datadep: 
	instructions:

SET IRMethod, name = extend_conversation instanceMethod = true
BB 1
	outgoing: 3 2 
	datadep: 
	instructions:
BB 2
	outgoing: 3 
	datadep: 
	instructions:
		 0: def_%self 
		 1: def_%v_0 
		 2: COPY TYPE_CurrentScope def_%current_scope 
		 3: COPY TYPE_ScopeModule def_%current_module 
		 4: 
		 5: RECEIVEARG def_conversation 
		 6: 
		 7: 
		 8: GETFIELD %self->tiny_int_to_bool def_%v_3 %self[2.0,] 
		 9: conversation->[] def_%v_4 conversation[2.5,] 	 SYMBOL:current_is_read,	 ARGS:Symbol,
		 10: %v_3->call def_%v_5 %v_3[2.8,] %v_4[2.9,] 	 SYMBOL:	 ARGS:%v_4,
		 11: %v_5->! def_%v_6 %v_5[2.10,] 	 SYMBOL:	 ARGS:
		 12: HASH-should_notify- def_%v_7 %v_6[2.11,] 
		 13: conversation->merge def_%v_8 conversation[2.5,2.9,] %v_7[2.12,] 	 SYMBOL:	 ARGS:%v_7,
		 14: RETURN %v_8[2.13,] %self[2.0,] 
BB 3
	outgoing: 
	datadep: 
	instructions:

SET IRMethod, name = extend_transaction instanceMethod = true
BB 1
	outgoing: 19 2 
	datadep: 
	instructions:
BB 2
	outgoing: 3 6 
	datadep: 
	instructions:
		 0: def_%self 
		 1: def_%v_0 
		 2: COPY TYPE_CurrentScope def_%current_scope 
		 3: COPY TYPE_ScopeModule def_%current_module 
		 4: 
		 5: RECEIVEARG def_transaction 
		 6: 
		 7: (TransactionTransition) def_%v_3 
		 8: transaction->[] def_%v_4 transaction[2.5,] 	 SYMBOL:transaction_id,	 ARGS:Symbol,
		 9: HASH-transaction_id- def_%v_5 %v_4[2.8,] 
		 10: %v_3->where def_%v_6 %v_3[2.7,] %v_5[2.9,] 	 SYMBOL:	 ARGS:%v_5,
		 11: %v_6->map def_%v_7 %v_6[2.10,] %self[2.0,] 	 SYMBOL:	 ARGS:%v_6,
CLOSURE BEGIN: transition_model[] 
BB 1
	outgoing: 10 2 
	datadep: 
	instructions:
BB 2
	outgoing: 3 
	datadep: 
	instructions:
		 0: def_%self 
		 1: def_%cl_1_0 
		 2: RECEIVEARG def_transition_model 
		 3: COPY TYPE_CurrentScope def_%current_scope 
		 4: COPY TYPE_ScopeModule def_%current_module 
BB 3
	outgoing: 4 5 8 
	datadep: 
	instructions:
		 0: 
		 1: (MarketplaceService) def_%cl_1_3 
		 2: (inherit Transaction) def_%cl_1_4 %cl_1_3[3.1,] 
		 3: %cl_1_4[3.2,] 
BB 4
	outgoing: 5 8 
	datadep: 
	instructions:
		 0: %cl_1_3->const_missing def_%cl_1_4 %cl_1_3[3.1,] 	 SYMBOL:Transaction,	 ARGS:Symbol,
BB 5
	outgoing: 6 7 8 
	datadep: 
	instructions:
		 0: (inherit Entity) def_%cl_1_5 %cl_1_4[4.0,3.2,] 
		 1: %cl_1_5[5.0,] 
BB 6
	outgoing: 7 8 
	datadep: 
	instructions:
		 0: %cl_1_4->const_missing def_%cl_1_5 %cl_1_4[4.0,3.2,] 	 SYMBOL:Entity,	 ARGS:Symbol,
BB 7
	outgoing: 8 10 
	datadep: 
	instructions:
		 0: %cl_1_5->transition def_%cl_1_6 %cl_1_5[6.0,5.0,] transition_model[2.2,] 	 SYMBOL:	 ARGS:transition_model,
		 1: RETURN %cl_1_6[7.0,] %self[2.0,] 
BB 8
	outgoing: 10 
	datadep: 
	instructions:
		 0: def_%cl_1_7 
		 1: def_%cl_1_8 %cl_1_7[8.0,] 
		 2: RETURN %cl_1_8[8.1,] %self[2.0,] 
BB 10
	outgoing: 
	datadep: 
	instructions:
CLOSURE END: 
		 12: COPY TYPE_PASS def_transitions %v_7[2.11,] 
		 13: 
		 14: transaction->[] def_%v_8 transaction[2.5,2.8,] 	 SYMBOL:payment_gateway,	 ARGS:Symbol,
		 15: COPY TYPE_PASS def_payment_gateway %v_8[2.14,] 
		 16: 
		 17: %v_8->to_sym def_%v_9 %v_8[2.14,] 	 SYMBOL:	 ARGS:
		 18: def_%v_11 %v_9[2.17,] 
		 19: BRANCH %v_11[2.18,] 
BB 3
	outgoing: 4 7 
	datadep: 
	instructions:
		 0: def_%v_12 %v_9[2.17,] 
		 1: BRANCH %v_12[3.0,] 
BB 4
	outgoing: 5 8 
	datadep: 
	instructions:
		 0: def_%v_13 %v_9[2.17,] 
		 1: BRANCH %v_13[4.0,] 
BB 5
	outgoing: 14 
	datadep: 
	instructions:
		 0: COPY TYPE_Nil def_%v_10 
		 1: 
BB 6
	outgoing: 14 
	datadep: 
	instructions:
		 0: 
		 1: (PaymentModel) def_%v_14 
		 2: transaction->[] def_%v_15 transaction[2.5,] 	 SYMBOL:payment_id,	 ARGS:Symbol,
		 3: HASH-id- def_%v_16 %v_15[6.2,] 
		 4: %v_14->where def_%v_17 %v_14[6.1,] %v_16[6.3,] 	 SYMBOL:	 ARGS:%v_16,
		 5: %v_17->first def_%v_18 %v_17[6.4,] 	 SYMBOL:	 ARGS:
		 6: %self->Maybe def_%v_19 %self[2.0,] %v_18[6.5,] 	 SYMBOL:	 ARGS:%v_18,
		 7: %v_19->total_sum def_%v_20 %v_19[6.6,] 	 SYMBOL:	 ARGS:
		 8: %v_20->or_else def_%v_21 %v_20[6.7,] 	 SYMBOL:	 ARGS:Nil,
		 9: COPY TYPE_PASS def_%v_10 %v_21[6.8,] 
		 10: 
BB 7
	outgoing: 14 
	datadep: 
	instructions:
		 0: (PaymentModel) def_%v_22 
		 1: transaction->[] def_%v_23 transaction[2.5,] 	 SYMBOL:payment_id,	 ARGS:Symbol,
		 2: HASH-id- def_%v_24 %v_23[7.1,] 
		 3: %v_22->where def_%v_25 %v_22[7.0,] %v_24[7.2,] 	 SYMBOL:	 ARGS:%v_24,
		 4: %v_25->first def_%v_26 %v_25[7.3,] 	 SYMBOL:	 ARGS:
		 5: %self->Maybe def_%v_27 %self[2.0,] %v_26[7.4,] 	 SYMBOL:	 ARGS:%v_26,
		 6: %v_27->total_sum def_%v_28 %v_27[7.5,] 	 SYMBOL:	 ARGS:
		 7: %v_28->or_else def_%v_29 %v_28[7.6,] 	 SYMBOL:	 ARGS:Nil,
		 8: COPY TYPE_PASS def_%v_10 %v_29[7.7,] 
		 9: 
BB 8
	outgoing: 9 10 
	datadep: 
	instructions:
		 0: 
		 1: (PaypalService) def_%v_30 
		 2: (inherit API) def_%v_31 %v_30[8.1,] 
		 3: %v_31[8.2,] 
BB 9
	outgoing: 10 
	datadep: 
	instructions:
		 0: %v_30->const_missing def_%v_31 %v_30[8.1,] 	 SYMBOL:API,	 ARGS:Symbol,
BB 10
	outgoing: 11 12 
	datadep: 
	instructions:
		 0: (inherit Api) def_%v_32 %v_31[9.0,8.2,] 
		 1: %v_32[10.0,] 
BB 11
	outgoing: 12 
	datadep: 
	instructions:
		 0: %v_31->const_missing def_%v_32 %v_31[9.0,8.2,] 	 SYMBOL:Api,	 ARGS:Symbol,
BB 12
	outgoing: 14 
	datadep: 
	instructions:
		 0: %v_32->payments def_%v_33 %v_32[11.0,10.0,] 	 SYMBOL:	 ARGS:
		 1: COPY TYPE_PASS def_paypal_payments %v_33[12.0,] 
		 2: 
		 3: transaction->[] def_%v_34 transaction[2.5,] 	 SYMBOL:community_id,	 ARGS:Symbol,
		 4: transaction->[] def_%v_35 transaction[12.3,2.5,] 	 SYMBOL:transaction_id,	 ARGS:Symbol,
		 5: paypal_payments->get_payment def_%v_36 paypal_payments[12.1,] %v_34[12.3,] %v_35[12.4,] 	 SYMBOL:	 ARGS:%v_34,%v_35,
		 6: %self->Maybe def_%v_37 %self[2.0,] %v_36[12.5,] 	 SYMBOL:	 ARGS:%v_36,
		 7: %v_37->[] def_%v_38 %v_37[12.6,] 	 SYMBOL:data,	 ARGS:Symbol,
		 8: %v_38->[] def_%v_39 %v_38[12.7,] 	 SYMBOL:authorization_total,	 ARGS:Symbol,
		 9: %v_39->or_else def_%v_40 %v_39[12.8,] 	 SYMBOL:	 ARGS:Nil,
		 10: COPY TYPE_PASS def_%v_10 %v_40[12.9,] 
		 11: 
BB 14
	outgoing: 15 16 
	datadep: 
	instructions:
		 0: COPY TYPE_PASS def_payment_total %v_10[6.9,7.8,12.10,5.0,] 
		 1: 
		 2: 
		 3: GETFIELD %self->tiny_int_to_bool def_%v_41 %self[2.0,] 
		 4: transaction->[] def_%v_42 transaction[2.5,] 	 SYMBOL:current_is_read,	 ARGS:Symbol,
		 5: %v_41->call def_%v_43 %v_41[14.3,] %v_42[14.4,] 	 SYMBOL:	 ARGS:%v_42,
		 6: %v_43->! def_%v_44 %v_43[14.5,] 	 SYMBOL:	 ARGS:
		 7: BRANCH %v_44[14.6,] 
BB 15
	outgoing: 16 
	datadep: 
	instructions:
		 0: GETFIELD %self->tiny_int_to_bool def_%v_45 %self[2.0,] 
		 1: transaction->[] def_%v_46 transaction[2.5,] 	 SYMBOL:current_action_required,	 ARGS:Symbol,
		 2: %v_45->call def_%v_47 %v_45[15.0,] %v_46[15.1,] 	 SYMBOL:	 ARGS:%v_46,
		 3: COPY TYPE_PASS def_%v_44 %v_47[15.2,] 
BB 16
	outgoing: 17 18 
	datadep: 
	instructions:
		 0: BRANCH %v_44[15.3,14.6,] 
BB 17
	outgoing: 18 
	datadep: 
	instructions:
		 0: GETFIELD %self->tiny_int_to_bool def_%v_48 %self[2.0,] 
		 1: transaction->[] def_%v_49 transaction[2.5,] 	 SYMBOL:waiting_feedback,	 ARGS:Symbol,
		 2: %v_48->call def_%v_50 %v_48[17.0,] %v_49[17.1,] 	 SYMBOL:	 ARGS:%v_49,
		 3: COPY TYPE_PASS def_%v_44 %v_50[17.2,] 
BB 18
	outgoing: 19 
	datadep: 
	instructions:
		 0: COPY TYPE_PASS def_should_notify %v_44[17.3,15.3,14.6,] 
		 1: 
		 2: transaction->[] def_%v_51 transaction[2.5,] 	 SYMBOL:other,	 ARGS:Symbol,
		 3: transaction->[] def_%v_52 transaction[18.2,2.5,] 	 SYMBOL:last_transition_at,	 ARGS:Symbol,
		 4: HASH-author-transitions-should_notify-last_transition_at-payment_total- def_%v_53 %v_51[18.2,] transitions[2.12,] should_notify[18.0,] %v_52[18.3,] payment_total[14.0,] 
		 5: transaction->merge def_%v_54 transaction[18.2,18.3,2.5,] %v_53[18.4,] 	 SYMBOL:	 ARGS:%v_53,
		 6: RETURN %v_54[18.5,] %self[2.0,] 
BB 19
	outgoing: 
	datadep: 
	instructions:

