SET IRMethod, name = gravatar_enabled? instanceMethod = true
BB 1
	outgoing: 3 2 
	datadep: 
	instructions:
BB 2
	outgoing: 3 
	datadep: 
	instructions:
		 0: def_%self 
		 1: def_%v_0 
		 2: COPY TYPE_CurrentScope def_%current_scope 
		 3: COPY TYPE_ScopeModule def_%current_module 
		 4: 
		 5: 
		 6: %self->current_application_settings def_%v_3 %self[2.0,] 	 SYMBOL:	 ARGS:
		 7: %v_3->gravatar_enabled? def_%v_4 %v_3[2.6,] 	 SYMBOL:	 ARGS:
		 8: RETURN %v_4[2.7,] %self[2.0,2.6,] 
BB 3
	outgoing: 
	datadep: 
	instructions:

SET IRMethod, name = signup_enabled? instanceMethod = true
BB 1
	outgoing: 3 2 
	datadep: 
	instructions:
BB 2
	outgoing: 3 
	datadep: 
	instructions:
		 0: def_%self 
		 1: def_%v_0 
		 2: COPY TYPE_CurrentScope def_%current_scope 
		 3: COPY TYPE_ScopeModule def_%current_module 
		 4: 
		 5: 
		 6: %self->current_application_settings def_%v_3 %self[2.0,] 	 SYMBOL:	 ARGS:
		 7: %v_3->signup_enabled? def_%v_4 %v_3[2.6,] 	 SYMBOL:	 ARGS:
		 8: RETURN %v_4[2.7,] %self[2.0,2.6,] 
BB 3
	outgoing: 
	datadep: 
	instructions:

SET IRMethod, name = signin_enabled? instanceMethod = true
BB 1
	outgoing: 3 2 
	datadep: 
	instructions:
BB 2
	outgoing: 3 
	datadep: 
	instructions:
		 0: def_%self 
		 1: def_%v_0 
		 2: COPY TYPE_CurrentScope def_%current_scope 
		 3: COPY TYPE_ScopeModule def_%current_module 
		 4: 
		 5: 
		 6: %self->current_application_settings def_%v_3 %self[2.0,] 	 SYMBOL:	 ARGS:
		 7: %v_3->signin_enabled? def_%v_4 %v_3[2.6,] 	 SYMBOL:	 ARGS:
		 8: RETURN %v_4[2.7,] %self[2.0,2.6,] 
BB 3
	outgoing: 
	datadep: 
	instructions:

SET IRMethod, name = extra_sign_in_text instanceMethod = true
BB 1
	outgoing: 3 2 
	datadep: 
	instructions:
BB 2
	outgoing: 3 
	datadep: 
	instructions:
		 0: def_%self 
		 1: def_%v_0 
		 2: COPY TYPE_CurrentScope def_%current_scope 
		 3: COPY TYPE_ScopeModule def_%current_module 
		 4: 
		 5: 
		 6: %self->current_application_settings def_%v_3 %self[2.0,] 	 SYMBOL:	 ARGS:
		 7: %v_3->sign_in_text def_%v_4 %v_3[2.6,] 	 SYMBOL:	 ARGS:
		 8: RETURN %v_4[2.7,] %self[2.0,2.6,] 
BB 3
	outgoing: 
	datadep: 
	instructions:

SET IRMethod, name = shared_runners_text instanceMethod = true
BB 1
	outgoing: 3 2 
	datadep: 
	instructions:
BB 2
	outgoing: 3 
	datadep: 
	instructions:
		 0: def_%self 
		 1: def_%v_0 
		 2: COPY TYPE_CurrentScope def_%current_scope 
		 3: COPY TYPE_ScopeModule def_%current_module 
		 4: 
		 5: 
		 6: %self->current_application_settings def_%v_3 %self[2.0,] 	 SYMBOL:	 ARGS:
		 7: %v_3->shared_runners_text def_%v_4 %v_3[2.6,] 	 SYMBOL:	 ARGS:
		 8: RETURN %v_4[2.7,] %self[2.0,2.6,] 
BB 3
	outgoing: 
	datadep: 
	instructions:

SET IRMethod, name = user_oauth_applications? instanceMethod = true
BB 1
	outgoing: 3 2 
	datadep: 
	instructions:
BB 2
	outgoing: 3 
	datadep: 
	instructions:
		 0: def_%self 
		 1: def_%v_0 
		 2: COPY TYPE_CurrentScope def_%current_scope 
		 3: COPY TYPE_ScopeModule def_%current_module 
		 4: 
		 5: 
		 6: %self->current_application_settings def_%v_3 %self[2.0,] 	 SYMBOL:	 ARGS:
		 7: %v_3->user_oauth_applications def_%v_4 %v_3[2.6,] 	 SYMBOL:	 ARGS:
		 8: RETURN %v_4[2.7,] %self[2.0,2.6,] 
BB 3
	outgoing: 
	datadep: 
	instructions:

SET IRMethod, name = askimet_enabled? instanceMethod = true
BB 1
	outgoing: 3 2 
	datadep: 
	instructions:
BB 2
	outgoing: 3 
	datadep: 
	instructions:
		 0: def_%self 
		 1: def_%v_0 
		 2: COPY TYPE_CurrentScope def_%current_scope 
		 3: COPY TYPE_ScopeModule def_%current_module 
		 4: 
		 5: 
		 6: %self->current_application_settings def_%v_3 %self[2.0,] 	 SYMBOL:	 ARGS:
		 7: %v_3->akismet_enabled? def_%v_4 %v_3[2.6,] 	 SYMBOL:	 ARGS:
		 8: RETURN %v_4[2.7,] %self[2.0,2.6,] 
BB 3
	outgoing: 
	datadep: 
	instructions:

SET IRMethod, name = restricted_level_checkboxes instanceMethod = true
BB 1
	outgoing: 5 2 
	datadep: 
	instructions:
BB 2
	outgoing: 3 4 
	datadep: 
	instructions:
		 0: def_%self 
		 1: def_%v_0 
		 2: COPY TYPE_CurrentScope def_%current_scope 
		 3: COPY TYPE_ScopeModule def_%current_module 
		 4: 
		 5: RECEIVEARG def_help_block_id 
		 6: 
		 7: (Gitlab) def_%v_3 
		 8: (inherit VisibilityLevel) def_%v_4 %v_3[2.7,] 
		 9: %v_4[2.8,] 
BB 3
	outgoing: 4 
	datadep: 
	instructions:
		 0: %v_3->const_missing def_%v_4 %v_3[2.7,] 	 SYMBOL:VisibilityLevel,	 ARGS:Symbol,
BB 4
	outgoing: 5 
	datadep: 
	instructions:
		 0: %v_4->options def_%v_5 %v_4[3.0,2.8,] 	 SYMBOL:	 ARGS:
		 1: %v_5->map def_%v_6 %v_5[4.0,] %self[2.0,] 	 SYMBOL:	 ARGS:%v_5,
CLOSURE BEGIN: %self[2.0,] level[] css_class[] help_block_id[2.5,] checkbox_name[] checked[] name[] 
BB 1
	outgoing: 9 2 
	datadep: 
	instructions:
BB 2
	outgoing: 3 
	datadep: 
	instructions:
		 0: def_%self 
		 1: def_%cl_1_0 
		 2: RECEIVEARG def_name 
		 3: RECEIVEARG def_level 
		 4: COPY TYPE_CurrentScope def_%current_scope 
		 5: COPY TYPE_ScopeModule def_%current_module 
BB 3
	outgoing: 4 5 7 
	datadep: 
	instructions:
		 0: 
		 1: %self->restricted_visibility_levels def_%cl_1_3 %self[2.0,] 	 SYMBOL:	 ARGS:Boolean,
		 2: %cl_1_3->include? def_%cl_1_4 %cl_1_3[3.1,] level[2.3,] 	 SYMBOL:	 ARGS:level,
		 3: COPY TYPE_PASS def_checked %cl_1_4[3.2,] 
		 4: 
		 5: COPY TYPE_StringLiteral "btn" def_%cl_1_5 
		 6: COPY TYPE_PASS def_css_class %cl_1_5[3.5,] 
		 7: 
		 8: BRANCH %cl_1_4[3.2,] 
BB 4
	outgoing: 6 7 
	datadep: 
	instructions:
		 0: COPY TYPE_StringLiteral " active" def_%cl_1_6 
		 1: css_class->+ def_%cl_1_7 css_class[3.6,] %cl_1_6[4.0,] 	 SYMBOL:	 ARGS:%cl_1_6,
		 2: COPY TYPE_PASS def_css_class %cl_1_7[4.1,] 
		 3: 
BB 5
	outgoing: 6 
	datadep: 
	instructions:
		 0: COPY TYPE_Nil def_%cl_1_7 
BB 6
	outgoing: 7 9 
	datadep: 
	instructions:
		 0: 
		 1: COPY TYPE_StringLiteral "application_setting[restricted_visibility_levels][]" def_%cl_1_8 
		 2: COPY TYPE_PASS def_checkbox_name %cl_1_8[6.1,] 
		 3: 
		 4: HASH-class- def_%cl_1_9 css_class[4.2,3.6,] 
		 5: %self->label_tag def_%cl_1_10 %self[2.0,] %cl_1_8[6.1,] %cl_1_9[6.4,] %self[2.0,] 	 SYMBOL:	 ARGS:checkbox_name,%cl_1_9,%self,
CLOSURE BEGIN: help_block_id[] %self[2.0,] checkbox_name[6.2,] level[2.3,] checked[3.3,] name[2.2,] 
BB 1
	outgoing: 6 2 
	datadep: 
	instructions:
BB 2
	outgoing: 3 
	datadep: 
	instructions:
		 0: def_%self 
		 1: def_%cl_2_0 
		 2: COPY TYPE_CurrentScope def_%current_scope 
		 3: COPY TYPE_ScopeModule def_%current_module 
BB 3
	outgoing: 4 6 
	datadep: 
	instructions:
		 0: 
		 1: COPY TYPE_StringLiteral "off" def_%cl_2_3 
		 2: COPY TYPE_StringLiteral "aria-describedby" def_%cl_2_4 
		 3: HASH-autocomplete- def_%cl_2_5 %cl_2_3[3.1,] %cl_2_4[3.2,] help_block_id[] 
		 4: %self->check_box_tag def_%cl_2_6 %self[2.0,] checkbox_name[] level[] checked[] %cl_2_5[3.3,] 	 SYMBOL:	 ARGS:checkbox_name,level,checked,%cl_2_5,
		 5: %cl_2_6->+ def_%cl_2_7 %cl_2_6[3.4,] name[] 	 SYMBOL:	 ARGS:name,
		 6: RETURN %cl_2_7[3.5,] %self[3.4,2.0,] 
BB 4
	outgoing: 6 
	datadep: 
	instructions:
		 0: def_%cl_2_8 
		 1: def_%cl_2_9 %cl_2_8[4.0,] 
		 2: RETURN %cl_2_9[4.1,] %self[2.0,] 
BB 6
	outgoing: 
	datadep: 
	instructions:
CLOSURE END: 
		 6: RETURN %cl_1_10[6.5,] %self[6.5,2.0,] 
BB 7
	outgoing: 9 
	datadep: 
	instructions:
		 0: def_%cl_1_11 
		 1: def_%cl_1_12 %cl_1_11[7.0,] 
		 2: RETURN %cl_1_12[7.1,] %self[2.0,] 
BB 9
	outgoing: 
	datadep: 
	instructions:
CLOSURE END: css_class[4.2,3.6,] level[2.3,] checked[3.3,] checkbox_name[6.2,] 
		 2: RETURN %v_6[4.1,] %self[2.0,] 
BB 5
	outgoing: 
	datadep: 
	instructions:

SET IRMethod, name = import_sources_checkboxes instanceMethod = true
BB 1
	outgoing: 5 2 
	datadep: 
	instructions:
BB 2
	outgoing: 3 4 
	datadep: 
	instructions:
		 0: def_%self 
		 1: def_%v_0 
		 2: COPY TYPE_CurrentScope def_%current_scope 
		 3: COPY TYPE_ScopeModule def_%current_module 
		 4: 
		 5: RECEIVEARG def_help_block_id 
		 6: 
		 7: (Gitlab) def_%v_3 
		 8: (inherit ImportSources) def_%v_4 %v_3[2.7,] 
		 9: %v_4[2.8,] 
BB 3
	outgoing: 4 
	datadep: 
	instructions:
		 0: %v_3->const_missing def_%v_4 %v_3[2.7,] 	 SYMBOL:ImportSources,	 ARGS:Symbol,
BB 4
	outgoing: 5 
	datadep: 
	instructions:
		 0: %v_4->options def_%v_5 %v_4[3.0,2.8,] 	 SYMBOL:	 ARGS:
		 1: %v_5->map def_%v_6 %v_5[4.0,] %self[2.0,] 	 SYMBOL:	 ARGS:%v_5,
CLOSURE BEGIN: %self[2.0,] source[] css_class[] help_block_id[2.5,] checkbox_name[] checked[] name[] 
BB 1
	outgoing: 9 2 
	datadep: 
	instructions:
BB 2
	outgoing: 3 
	datadep: 
	instructions:
		 0: def_%self 
		 1: def_%cl_1_0 
		 2: RECEIVEARG def_name 
		 3: RECEIVEARG def_source 
		 4: COPY TYPE_CurrentScope def_%current_scope 
		 5: COPY TYPE_ScopeModule def_%current_module 
BB 3
	outgoing: 4 5 7 
	datadep: 
	instructions:
		 0: 
		 1: %self->current_application_settings def_%cl_1_3 %self[2.0,] 	 SYMBOL:	 ARGS:
		 2: %cl_1_3->import_sources def_%cl_1_4 %cl_1_3[3.1,] 	 SYMBOL:	 ARGS:
		 3: %cl_1_4->include? def_%cl_1_5 %cl_1_4[3.2,] source[2.3,] 	 SYMBOL:	 ARGS:source,
		 4: COPY TYPE_PASS def_checked %cl_1_5[3.3,] 
		 5: 
		 6: COPY TYPE_StringLiteral "btn" def_%cl_1_6 
		 7: COPY TYPE_PASS def_css_class %cl_1_6[3.6,] 
		 8: 
		 9: BRANCH %cl_1_5[3.3,] 
BB 4
	outgoing: 6 7 
	datadep: 
	instructions:
		 0: COPY TYPE_StringLiteral " active" def_%cl_1_7 
		 1: css_class->+ def_%cl_1_8 css_class[3.7,] %cl_1_7[4.0,] 	 SYMBOL:	 ARGS:%cl_1_7,
		 2: COPY TYPE_PASS def_css_class %cl_1_8[4.1,] 
		 3: 
BB 5
	outgoing: 6 
	datadep: 
	instructions:
		 0: COPY TYPE_Nil def_%cl_1_8 
BB 6
	outgoing: 7 9 
	datadep: 
	instructions:
		 0: 
		 1: COPY TYPE_StringLiteral "application_setting[import_sources][]" def_%cl_1_9 
		 2: COPY TYPE_PASS def_checkbox_name %cl_1_9[6.1,] 
		 3: 
		 4: HASH-class- def_%cl_1_10 css_class[4.2,3.7,] 
		 5: %self->label_tag def_%cl_1_11 %self[2.0,] %cl_1_9[6.1,] %cl_1_10[6.4,] %self[2.0,] 	 SYMBOL:	 ARGS:checkbox_name,%cl_1_10,%self,
CLOSURE BEGIN: help_block_id[] %self[2.0,] checkbox_name[6.2,] source[2.3,] checked[3.4,] name[2.2,] 
BB 1
	outgoing: 6 2 
	datadep: 
	instructions:
BB 2
	outgoing: 3 
	datadep: 
	instructions:
		 0: def_%self 
		 1: def_%cl_2_0 
		 2: COPY TYPE_CurrentScope def_%current_scope 
		 3: COPY TYPE_ScopeModule def_%current_module 
BB 3
	outgoing: 4 6 
	datadep: 
	instructions:
		 0: 
		 1: COPY TYPE_StringLiteral "off" def_%cl_2_3 
		 2: COPY TYPE_StringLiteral "aria-describedby" def_%cl_2_4 
		 3: HASH-autocomplete- def_%cl_2_5 %cl_2_3[3.1,] %cl_2_4[3.2,] help_block_id[] 
		 4: %self->check_box_tag def_%cl_2_6 %self[2.0,] checkbox_name[] source[] checked[] %cl_2_5[3.3,] 	 SYMBOL:	 ARGS:checkbox_name,source,checked,%cl_2_5,
		 5: %cl_2_6->+ def_%cl_2_7 %cl_2_6[3.4,] name[] 	 SYMBOL:	 ARGS:name,
		 6: RETURN %cl_2_7[3.5,] %self[3.4,2.0,] 
BB 4
	outgoing: 6 
	datadep: 
	instructions:
		 0: def_%cl_2_8 
		 1: def_%cl_2_9 %cl_2_8[4.0,] 
		 2: RETURN %cl_2_9[4.1,] %self[2.0,] 
BB 6
	outgoing: 
	datadep: 
	instructions:
CLOSURE END: 
		 6: RETURN %cl_1_11[6.5,] %self[6.5,2.0,] 
BB 7
	outgoing: 9 
	datadep: 
	instructions:
		 0: def_%cl_1_12 
		 1: def_%cl_1_13 %cl_1_12[7.0,] 
		 2: RETURN %cl_1_13[7.1,] %self[2.0,] 
BB 9
	outgoing: 
	datadep: 
	instructions:
CLOSURE END: css_class[4.2,3.7,] checked[3.4,] source[2.3,] checkbox_name[6.2,] 
		 2: RETURN %v_6[4.1,] %self[2.0,] 
BB 5
	outgoing: 
	datadep: 
	instructions:

SET IRMethod, name = oauth_providers_checkboxes instanceMethod = true
BB 1
	outgoing: 3 2 
	datadep: 
	instructions:
BB 2
	outgoing: 3 
	datadep: 
	instructions:
		 0: def_%self 
		 1: def_%v_0 
		 2: COPY TYPE_CurrentScope def_%current_scope 
		 3: COPY TYPE_ScopeModule def_%current_module 
		 4: 
		 5: 
		 6: %self->button_based_providers def_%v_3 %self[2.0,] 	 SYMBOL:	 ARGS:
		 7: %v_3->map def_%v_4 %v_3[2.6,] %self[2.0,2.6,] 	 SYMBOL:	 ARGS:%v_3,
CLOSURE BEGIN: %self[2.0,2.6,] source[] css_class[] disabled[] checkbox_name[] 
BB 1
	outgoing: 9 2 
	datadep: 
	instructions:
BB 2
	outgoing: 3 
	datadep: 
	instructions:
		 0: def_%self 
		 1: def_%cl_1_0 
		 2: RECEIVEARG def_source 
		 3: COPY TYPE_CurrentScope def_%current_scope 
		 4: COPY TYPE_ScopeModule def_%current_module 
BB 3
	outgoing: 4 5 7 
	datadep: 
	instructions:
		 0: 
		 1: %self->current_application_settings def_%cl_1_3 %self[2.0,] 	 SYMBOL:	 ARGS:
		 2: %cl_1_3->disabled_oauth_sign_in_sources def_%cl_1_4 %cl_1_3[3.1,] 	 SYMBOL:	 ARGS:
		 3: source->to_s def_%cl_1_5 source[2.2,] 	 SYMBOL:	 ARGS:
		 4: %cl_1_4->include? def_%cl_1_6 %cl_1_4[3.2,] %cl_1_5[3.3,] 	 SYMBOL:	 ARGS:%cl_1_5,
		 5: COPY TYPE_PASS def_disabled %cl_1_6[3.4,] 
		 6: 
		 7: COPY TYPE_StringLiteral "btn" def_%cl_1_7 
		 8: COPY TYPE_PASS def_css_class %cl_1_7[3.7,] 
		 9: 
		 10: BRANCH %cl_1_6[3.4,] 
BB 4
	outgoing: 6 
	datadep: 
	instructions:
		 0: COPY TYPE_Nil def_%cl_1_8 
		 1: 
BB 5
	outgoing: 6 7 
	datadep: 
	instructions:
		 0: COPY TYPE_StringLiteral " active" def_%cl_1_9 
		 1: css_class-><< def_%cl_1_10 css_class[3.8,] %cl_1_9[5.0,] 	 SYMBOL:	 ARGS:%cl_1_9,
		 2: COPY TYPE_PASS def_%cl_1_8 %cl_1_10[5.1,] 
BB 6
	outgoing: 7 9 
	datadep: 
	instructions:
		 0: 
		 1: COPY TYPE_StringLiteral "application_setting[enabled_oauth_sign_in_sources][]" def_%cl_1_11 
		 2: COPY TYPE_PASS def_checkbox_name %cl_1_11[6.1,] 
		 3: 
		 4: HASH-class- def_%cl_1_12 css_class[3.8,] 
		 5: %self->label_tag def_%cl_1_13 %self[2.0,] %cl_1_11[6.1,] %cl_1_12[6.4,] %self[2.0,] 	 SYMBOL:	 ARGS:checkbox_name,%cl_1_12,%self,
CLOSURE BEGIN: disabled[3.5,] %self[2.0,] checkbox_name[6.2,] source[2.2,] 
BB 1
	outgoing: 10 2 
	datadep: 
	instructions:
BB 2
	outgoing: 3 
	datadep: 
	instructions:
		 0: def_%self 
		 1: def_%cl_2_0 
		 2: COPY TYPE_CurrentScope def_%current_scope 
		 3: COPY TYPE_ScopeModule def_%current_module 
BB 3
	outgoing: 4 5 8 
	datadep: 
	instructions:
		 0: 
		 1: disabled->! def_%cl_2_3 disabled[] 	 SYMBOL:	 ARGS:
		 2: COPY TYPE_StringLiteral "off" def_%cl_2_4 
		 3: HASH-autocomplete- def_%cl_2_5 %cl_2_4[3.2,] 
		 4: %self->check_box_tag def_%cl_2_6 %self[2.0,] checkbox_name[] source[] %cl_2_3[3.1,] %cl_2_5[3.3,] 	 SYMBOL:	 ARGS:checkbox_name,source,%cl_2_3,%cl_2_5,
		 5: (Gitlab) def_%cl_2_7 
		 6: (inherit OAuth) def_%cl_2_8 %cl_2_7[3.5,] 
		 7: %cl_2_8[3.6,] 
BB 4
	outgoing: 5 8 
	datadep: 
	instructions:
		 0: %cl_2_7->const_missing def_%cl_2_8 %cl_2_7[3.5,] 	 SYMBOL:OAuth,	 ARGS:Symbol,
BB 5
	outgoing: 6 7 8 
	datadep: 
	instructions:
		 0: (inherit Provider) def_%cl_2_9 %cl_2_8[4.0,3.6,] 
		 1: %cl_2_9[5.0,] 
BB 6
	outgoing: 7 8 
	datadep: 
	instructions:
		 0: %cl_2_8->const_missing def_%cl_2_9 %cl_2_8[4.0,3.6,] 	 SYMBOL:Provider,	 ARGS:Symbol,
BB 7
	outgoing: 8 10 
	datadep: 
	instructions:
		 0: %cl_2_9->label_for def_%cl_2_10 %cl_2_9[6.0,5.0,] source[] 	 SYMBOL:	 ARGS:source,
		 1: %cl_2_6->+ def_%cl_2_11 %cl_2_6[3.4,] %cl_2_10[7.0,] 	 SYMBOL:	 ARGS:%cl_2_10,
		 2: RETURN %cl_2_11[7.1,] %self[2.0,] 
BB 8
	outgoing: 10 
	datadep: 
	instructions:
		 0: def_%cl_2_12 
		 1: def_%cl_2_13 %cl_2_12[8.0,] 
		 2: RETURN %cl_2_13[8.1,] %self[2.0,] 
BB 10
	outgoing: 
	datadep: 
	instructions:
CLOSURE END: 
		 6: RETURN %cl_1_13[6.5,] %self[6.5,2.0,] 
BB 7
	outgoing: 9 
	datadep: 
	instructions:
		 0: def_%cl_1_14 
		 1: def_%cl_1_15 %cl_1_14[7.0,] 
		 2: RETURN %cl_1_15[7.1,] %self[2.0,] 
BB 9
	outgoing: 
	datadep: 
	instructions:
CLOSURE END: css_class[3.8,] disabled[3.5,] checkbox_name[6.2,] 
		 8: RETURN %v_4[2.7,] %self[2.0,2.6,] 
BB 3
	outgoing: 
	datadep: 
	instructions:

