SET IRMethod, name = highlighter instanceMethod = true
BB 1
	outgoing: 7 2 
	datadep: 
	instructions:
BB 2
	outgoing: 3 4 
	datadep: 
	instructions:
		 0: def_%self 
		 1: def_%v_0 
		 2: COPY TYPE_CurrentScope def_%current_scope 
		 3: COPY TYPE_ScopeModule def_%current_module 
		 4: 
		 5: RECEIVEARG def_blob_name 
		 6: RECEIVEARG def_blob_content 
		 7: def_nowrap 
		 8: nowrap[2.7,] 
BB 3
	outgoing: 4 
	datadep: 
	instructions:
		 0: COPY TYPE_Boolean def_nowrap 
BB 4
	outgoing: 5 6 
	datadep: 
	instructions:
		 0: 
		 1: (Gitlab) def_%v_3 
		 2: (inherit Highlight) def_%v_4 %v_3[4.1,] 
		 3: %v_4[4.2,] 
BB 5
	outgoing: 6 
	datadep: 
	instructions:
		 0: %v_3->const_missing def_%v_4 %v_3[4.1,] 	 SYMBOL:Highlight,	 ARGS:Symbol,
BB 6
	outgoing: 7 
	datadep: 
	instructions:
		 0: HASH-nowrap- def_%v_5 nowrap[3.0,2.7,] 
		 1: %v_4->new def_%v_6 %v_4[5.0,4.2,] blob_name[2.5,] blob_content[2.6,] %v_5[6.0,] 	 SYMBOL:	 ARGS:blob_name,blob_content,%v_5,
		 2: RETURN %v_6[6.1,] %self[2.0,] 
BB 7
	outgoing: 
	datadep: 
	instructions:

SET IRMethod, name = highlight instanceMethod = true
BB 1
	outgoing: 9 2 
	datadep: 
	instructions:
BB 2
	outgoing: 3 4 
	datadep: 
	instructions:
		 0: def_%self 
		 1: def_%v_0 
		 2: COPY TYPE_CurrentScope def_%current_scope 
		 3: COPY TYPE_ScopeModule def_%current_module 
		 4: 
		 5: RECEIVEARG def_blob_name 
		 6: RECEIVEARG def_blob_content 
		 7: def_nowrap 
		 8: nowrap[2.7,] 
BB 3
	outgoing: 4 
	datadep: 
	instructions:
		 0: COPY TYPE_Boolean def_nowrap 
BB 4
	outgoing: 5 6 
	datadep: 
	instructions:
		 0: def_plain 
		 1: plain[4.0,] 
BB 5
	outgoing: 6 
	datadep: 
	instructions:
		 0: COPY TYPE_Boolean def_plain 
BB 6
	outgoing: 7 8 
	datadep: 
	instructions:
		 0: 
		 1: (Gitlab) def_%v_3 
		 2: (inherit Highlight) def_%v_4 %v_3[6.1,] 
		 3: %v_4[6.2,] 
BB 7
	outgoing: 8 
	datadep: 
	instructions:
		 0: %v_3->const_missing def_%v_4 %v_3[6.1,] 	 SYMBOL:Highlight,	 ARGS:Symbol,
BB 8
	outgoing: 9 
	datadep: 
	instructions:
		 0: HASH-nowrap-plain- def_%v_5 nowrap[3.0,2.7,] plain[5.0,4.0,] 
		 1: %v_4->highlight def_%v_6 %v_4[7.0,6.2,] blob_name[2.5,] blob_content[2.6,] %v_5[8.0,] 	 SYMBOL:	 ARGS:blob_name,blob_content,%v_5,
		 2: RETURN %v_6[8.1,] %self[2.0,] 
BB 9
	outgoing: 
	datadep: 
	instructions:

SET IRMethod, name = no_highlight_files instanceMethod = true
BB 1
	outgoing: 3 2 
	datadep: 
	instructions:
BB 2
	outgoing: 3 
	datadep: 
	instructions:
		 0: def_%self 
		 1: def_%v_0 
		 2: COPY TYPE_CurrentScope def_%current_scope 
		 3: COPY TYPE_ScopeModule def_%current_module 
		 4: 
		 5: 
		 6: COPY TYPE_StringLiteral "credits" def_%v_3 
		 7: COPY TYPE_StringLiteral "changelog" def_%v_4 
		 8: COPY TYPE_StringLiteral "news" def_%v_5 
		 9: COPY TYPE_StringLiteral "copying" def_%v_6 
		 10: COPY TYPE_StringLiteral "copyright" def_%v_7 
		 11: COPY TYPE_StringLiteral "license" def_%v_8 
		 12: COPY TYPE_StringLiteral "authors" def_%v_9 
		 13: COPY TYPE_Array def_%v_10 %v_3[2.6,] %v_4[2.7,] %v_5[2.8,] %v_6[2.9,] %v_7[2.10,] %v_8[2.11,] %v_9[2.12,] 
		 14: RETURN %v_10[2.13,] %self[2.0,] 
BB 3
	outgoing: 
	datadep: 
	instructions:

SET IRMethod, name = edit_blob_link instanceMethod = true
BB 1
	outgoing: 40 2 
	datadep: 
	instructions:
BB 2
	outgoing: 3 4 
	datadep: 
	instructions:
		 0: def_%self 
		 1: def_%v_0 
		 2: COPY TYPE_CurrentScope def_%current_scope 
		 3: COPY TYPE_ScopeModule def_%current_module 
		 4: 
		 5: RECEIVECONSTARG def_project 
		 6: project[2.5,] 
BB 3
	outgoing: 4 
	datadep: 
	instructions:
		 0: GETFIELD %self->project def_%v_3 %self[2.0,] 
		 1: COPY TYPE_PASS def_project %v_3[3.0,] 
BB 4
	outgoing: 5 6 
	datadep: 
	instructions:
		 0: RECEIVECONSTARG def_ref 
		 1: ref[4.0,] 
BB 5
	outgoing: 6 
	datadep: 
	instructions:
		 0: GETFIELD %self->ref def_%v_4 %self[2.0,] 
		 1: COPY TYPE_PASS def_ref %v_4[5.0,] 
BB 6
	outgoing: 7 8 
	datadep: 
	instructions:
		 0: RECEIVECONSTARG def_path 
		 1: path[6.0,] 
BB 7
	outgoing: 8 
	datadep: 
	instructions:
		 0: GETFIELD %self->path def_%v_5 %self[2.0,] 
		 1: COPY TYPE_PASS def_path %v_5[7.0,] 
BB 8
	outgoing: 9 10 
	datadep: 
	instructions:
		 0: RECEIVECONSTARG def_options 
		 1: options[8.0,] 
BB 9
	outgoing: 10 
	datadep: 
	instructions:
		 0: HASH- def_%v_6 
		 1: COPY TYPE_PASS def_options %v_6[9.0,] 
BB 10
	outgoing: 11 12 
	datadep: 
	instructions:
		 0: 
		 1: %self->current_user def_%v_7 %self[2.0,] 	 SYMBOL:	 ARGS:
		 2: BRANCH %v_7[10.1,] 
BB 11
	outgoing: 14 
	datadep: 
	instructions:
		 0: COPY TYPE_Nil def_%v_8 
		 1: 
		 2: GLOBALVAR $! def_%v_9 
BB 12
	outgoing: 40 
	datadep: 
	instructions:
		 0: RETURN %self[2.0,] 
BB 14
	outgoing: 16 17 
	datadep: 
	instructions:
		 0: 
		 1: project->repository def_%v_12 project[3.1,2.5,] 	 SYMBOL:	 ARGS:
		 2: %v_12->blob_at def_%v_13 %v_12[14.1,] ref[5.1,4.0,] path[7.1,6.0,] 	 SYMBOL:	 ARGS:ref,path,
		 3: COPY TYPE_PASS def_%v_11 %v_13[14.2,] 
		 4: 
		 5: %v_9[11.2,] 
BB 16
	outgoing: 22 
	datadep: 
	instructions:
		 0: 
BB 17
	outgoing: 18 19 21 
	datadep: 
	instructions:
		 0: 
		 1: def_%v_14 
		 2: def_%v_15 %v_14[17.1,] 
		 3: BRANCH %v_15[17.2,] 
BB 18
	outgoing: 21 40 
	datadep: 
	instructions:
		 0: %v_14[17.1,] 
BB 19
	outgoing: 20 21 
	datadep: 
	instructions:
		 0: COPY TYPE_Nil def_%v_11 
		 1: 
		 2: %v_9[11.2,] 
BB 20
	outgoing: 22 
	datadep: 
	instructions:
		 0: 
BB 21
	outgoing: 40 
	datadep: 
	instructions:
		 0: def_%v_16 
		 1: def_%v_17 %v_16[21.0,] %v_9[11.2,] 
		 2: %v_16[21.0,] 
BB 22
	outgoing: 23 24 
	datadep: 
	instructions:
		 0: COPY TYPE_PASS def_blob %v_11[14.3,19.0,] 
		 1: 
		 2: COPY TYPE_PASS def_%v_18 %v_11[14.3,19.0,] 
		 3: BRANCH %v_11[14.3,19.0,] 
BB 23
	outgoing: 24 
	datadep: 
	instructions:
		 0: %self->blob_text_viewable? def_%v_19 %self[2.0,] blob[22.0,] 	 SYMBOL:	 ARGS:blob,
		 1: COPY TYPE_PASS def_%v_18 %v_19[23.0,] 
BB 24
	outgoing: 25 26 
	datadep: 
	instructions:
		 0: BRANCH %v_18[23.1,22.2,] 
BB 25
	outgoing: 28 29 
	datadep: 
	instructions:
		 0: COPY TYPE_Nil def_%v_20 
		 1: 
		 2: options->[] def_%v_21 options[9.1,8.0,] 	 SYMBOL:from_merge_request_id,	 ARGS:Symbol,
		 3: COPY TYPE_PASS def_from_mr %v_21[25.2,] 
		 4: 
		 5: HASH- def_%v_22 
		 6: COPY TYPE_PASS def_link_opts %v_22[25.5,] 
		 7: 
		 8: BRANCH %v_21[25.2,] 
BB 26
	outgoing: 40 
	datadep: 
	instructions:
		 0: RETURN %self[2.0,] 
BB 28
	outgoing: 30 
	datadep: 
	instructions:
		 0: ATTRASSIGN link_opts->[] from_mr[25.3,] 
		 1: COPY TYPE_PASS def_%v_23 from_mr[25.3,] 
		 2: 
BB 29
	outgoing: 30 
	datadep: 
	instructions:
		 0: COPY TYPE_Nil def_%v_23 
BB 30
	outgoing: 31 32 
	datadep: 
	instructions:
		 0: 
		 1: project->namespace def_%v_24 project[3.1,2.5,] 	 SYMBOL:	 ARGS:
		 2: %self->tree_join def_%v_25 %self[2.0,] ref[5.1,4.0,] path[7.1,6.0,] 	 SYMBOL:	 ARGS:ref,path,
		 3: %self->namespace_project_edit_blob_path def_%v_26 %self[30.2,2.0,] %v_24[30.1,] project[30.1,3.1,2.5,] %v_25[30.2,] link_opts[28.0,25.6,] 	 SYMBOL:	 ARGS:%v_24,project,%v_25,link_opts,
		 4: COPY TYPE_PASS def_edit_path %v_26[30.3,] 
		 5: 
		 6: %self->on_top_of_branch? def_%v_27 %self[30.2,30.3,2.0,] project[30.1,3.1,2.5,] ref[5.1,4.0,] 	 SYMBOL:	 ARGS:project,ref,
		 7: %v_27->! def_%v_28 %v_27[30.6,] 	 SYMBOL:	 ARGS:
		 8: BRANCH %v_28[30.7,] 
BB 31
	outgoing: 40 
	datadep: 
	instructions:
		 0: 
		 1: COPY TYPE_StringLiteral "Edit" def_%v_29 
		 2: COPY TYPE_StringLiteral "btn disabled has-tooltip btn-file-option" def_%v_30 
		 3: COPY TYPE_StringLiteral "You can only edit files when you are on a branch" def_%v_31 
		 4: COPY TYPE_StringLiteral "body" def_%v_32 
		 5: HASH-container- def_%v_33 %v_32[31.4,] 
		 6: HASH-class-title-data- def_%v_34 %v_30[31.2,] %v_31[31.3,] %v_33[31.5,] 
		 7: %self->button_tag def_%v_35 %self[2.0,] %v_29[31.1,] %v_34[31.6,] 	 SYMBOL:	 ARGS:%v_29,%v_34,
		 8: RETURN %v_35[31.7,] %self[31.7,2.0,] 
BB 32
	outgoing: 33 34 
	datadep: 
	instructions:
		 0: 
		 1: %self->can_edit_blob? def_%v_36 %self[2.0,] blob[22.0,] project[3.1,2.5,] ref[5.1,4.0,] 	 SYMBOL:	 ARGS:blob,project,ref,
		 2: BRANCH %v_36[32.1,] 
BB 33
	outgoing: 38 
	datadep: 
	instructions:
		 0: 
		 1: COPY TYPE_StringLiteral "Edit" def_%v_37 
		 2: COPY TYPE_StringLiteral "btn btn-file-option" def_%v_38 
		 3: HASH-class- def_%v_39 %v_38[33.2,] 
		 4: %self->link_to def_%v_40 %self[2.0,] %v_37[33.1,] edit_path[30.4,] %v_39[33.3,] 	 SYMBOL:	 ARGS:%v_37,edit_path,%v_39,
		 5: 
BB 34
	outgoing: 35 36 
	datadep: 
	instructions:
		 0: 
		 1: %self->current_user def_%v_41 %self[2.0,] 	 SYMBOL:	 ARGS:
		 2: %self->can? def_%v_42 %self[34.1,2.0,] %v_41[34.1,] project[3.1,2.5,] 	 SYMBOL:fork_project,	 ARGS:%v_41,Symbol,project,
		 3: BRANCH %v_42[34.2,] 
BB 35
	outgoing: 37 
	datadep: 
	instructions:
		 0: 
		 1: %self->edit_in_new_fork_notice def_%v_43 %self[2.0,] 	 SYMBOL:	 ARGS:
		 2: %self->edit_in_new_fork_notice_now def_%v_44 %self[35.1,2.0,] 	 SYMBOL:	 ARGS:
		 3: HASH-to-notice-notice_now- def_%v_45 edit_path[30.4,] %v_43[35.1,] %v_44[35.2,] 
		 4: COPY TYPE_PASS def_continue_params %v_45[35.3,] 
		 5: 
		 6: project->namespace def_%v_46 project[3.1,2.5,] 	 SYMBOL:	 ARGS:
		 7: %self->current_user def_%v_47 %self[35.1,35.2,2.0,] 	 SYMBOL:	 ARGS:
		 8: %v_47->namespace def_%v_48 %v_47[35.7,] 	 SYMBOL:	 ARGS:
		 9: %v_48->id def_%v_49 %v_48[35.8,] 	 SYMBOL:	 ARGS:
		 10: HASH-namespace_key-continue- def_%v_50 %v_49[35.9,] continue_params[35.4,] 
		 11: %self->namespace_project_forks_path def_%v_51 %self[35.1,35.2,35.7,2.0,] %v_46[35.6,] project[35.6,3.1,2.5,] %v_50[35.10,] 	 SYMBOL:	 ARGS:%v_46,project,%v_50,
		 12: COPY TYPE_PASS def_fork_path %v_51[35.11,] 
		 13: 
		 14: COPY TYPE_StringLiteral "Edit" def_%v_52 
		 15: COPY TYPE_StringLiteral "btn btn-file-option" def_%v_53 
		 16: HASH-class-method- def_%v_54 %v_53[35.15,] 
		 17: %self->link_to def_%v_55 %self[35.1,35.2,35.7,35.11,2.0,] %v_52[35.14,] %v_51[35.11,] %v_54[35.16,] 	 SYMBOL:	 ARGS:%v_52,fork_path,%v_54,
		 18: 
BB 36
	outgoing: 37 
	datadep: 
	instructions:
		 0: COPY TYPE_Nil def_%v_55 
BB 37
	outgoing: 38 
	datadep: 
	instructions:
		 0: COPY TYPE_PASS def_%v_40 %v_55[36.0,35.17,] 
BB 38
	outgoing: 40 
	datadep: 
	instructions:
		 0: RETURN %v_40[37.0,33.4,] %self[2.0,] 
BB 40
	outgoing: 
	datadep: 
	instructions:

SET IRMethod, name = modify_file_link instanceMethod = true
BB 1
	outgoing: 44 2 
	datadep: 
	instructions:
BB 2
	outgoing: 3 4 
	datadep: 
	instructions:
		 0: def_%self 
		 1: def_%v_0 
		 2: COPY TYPE_CurrentScope def_%current_scope 
		 3: COPY TYPE_ScopeModule def_%current_module 
		 4: 
		 5: RECEIVECONSTARG def_project 
		 6: project[2.5,] 
BB 3
	outgoing: 4 
	datadep: 
	instructions:
		 0: GETFIELD %self->project def_%v_3 %self[2.0,] 
		 1: COPY TYPE_PASS def_project %v_3[3.0,] 
BB 4
	outgoing: 5 6 
	datadep: 
	instructions:
		 0: RECEIVECONSTARG def_ref 
		 1: ref[4.0,] 
BB 5
	outgoing: 6 
	datadep: 
	instructions:
		 0: GETFIELD %self->ref def_%v_4 %self[2.0,] 
		 1: COPY TYPE_PASS def_ref %v_4[5.0,] 
BB 6
	outgoing: 7 8 
	datadep: 
	instructions:
		 0: RECEIVECONSTARG def_path 
		 1: path[6.0,] 
BB 7
	outgoing: 8 
	datadep: 
	instructions:
		 0: GETFIELD %self->path def_%v_5 %self[2.0,] 
		 1: COPY TYPE_PASS def_path %v_5[7.0,] 
BB 8
	outgoing: 9 10 
	datadep: 
	instructions:
		 0: def_label 
		 1: label[8.0,] 
BB 9
	outgoing: 10 
	datadep: 
	instructions:
		 0: 
BB 10
	outgoing: 11 12 
	datadep: 
	instructions:
		 0: def_action 
		 1: action[10.0,] 
BB 11
	outgoing: 12 
	datadep: 
	instructions:
		 0: 
BB 12
	outgoing: 13 14 
	datadep: 
	instructions:
		 0: def_btn_class 
		 1: btn_class[12.0,] 
BB 13
	outgoing: 14 
	datadep: 
	instructions:
		 0: 
BB 14
	outgoing: 15 16 
	datadep: 
	instructions:
		 0: def_modal_type 
		 1: modal_type[14.0,] 
BB 15
	outgoing: 16 
	datadep: 
	instructions:
		 0: 
BB 16
	outgoing: 17 18 
	datadep: 
	instructions:
		 0: 
		 1: %self->current_user def_%v_6 %self[2.0,] 	 SYMBOL:	 ARGS:
		 2: BRANCH %v_6[16.1,] 
BB 17
	outgoing: 20 
	datadep: 
	instructions:
		 0: COPY TYPE_Nil def_%v_7 
		 1: 
		 2: GLOBALVAR $! def_%v_8 
BB 18
	outgoing: 44 
	datadep: 
	instructions:
		 0: RETURN %self[2.0,] 
BB 20
	outgoing: 22 23 
	datadep: 
	instructions:
		 0: 
		 1: project->repository def_%v_11 project[3.1,2.5,] 	 SYMBOL:	 ARGS:
		 2: %v_11->blob_at def_%v_12 %v_11[20.1,] ref[5.1,4.0,] path[7.1,6.0,] 	 SYMBOL:	 ARGS:ref,path,
		 3: COPY TYPE_PASS def_%v_10 %v_12[20.2,] 
		 4: 
		 5: %v_8[17.2,] 
BB 22
	outgoing: 28 
	datadep: 
	instructions:
		 0: 
BB 23
	outgoing: 24 25 27 
	datadep: 
	instructions:
		 0: 
		 1: def_%v_13 
		 2: def_%v_14 %v_13[23.1,] 
		 3: BRANCH %v_14[23.2,] 
BB 24
	outgoing: 27 44 
	datadep: 
	instructions:
		 0: %v_13[23.1,] 
BB 25
	outgoing: 26 27 
	datadep: 
	instructions:
		 0: COPY TYPE_Nil def_%v_10 
		 1: 
		 2: %v_8[17.2,] 
BB 26
	outgoing: 28 
	datadep: 
	instructions:
		 0: 
BB 27
	outgoing: 44 
	datadep: 
	instructions:
		 0: def_%v_15 
		 1: def_%v_16 %v_15[27.0,] %v_8[17.2,] 
		 2: %v_15[27.0,] 
BB 28
	outgoing: 29 30 
	datadep: 
	instructions:
		 0: COPY TYPE_PASS def_blob %v_10[20.3,25.0,] 
		 1: 
		 2: BRANCH %v_10[20.3,25.0,] 
BB 29
	outgoing: 32 33 
	datadep: 
	instructions:
		 0: COPY TYPE_Nil def_%v_17 
		 1: 
		 2: %self->on_top_of_branch? def_%v_18 %self[2.0,] project[3.1,2.5,] ref[5.1,4.0,] 	 SYMBOL:	 ARGS:project,ref,
		 3: %v_18->! def_%v_19 %v_18[29.2,] 	 SYMBOL:	 ARGS:
		 4: BRANCH %v_19[29.3,] 
BB 30
	outgoing: 44 
	datadep: 
	instructions:
		 0: RETURN %self[2.0,] 
BB 32
	outgoing: 44 
	datadep: 
	instructions:
		 0: 
		 1: COPY TYPE_StringLiteral "btn btn-" def_%v_20 
		 2: COPY TYPE_StringLiteral " disabled has-tooltip" def_%v_21 
		 3: BUILDSTRING def_%v_22 %v_20[32.1,] btn_class[12.0,] %v_21[32.2,] 
		 4: COPY TYPE_StringLiteral "You can only " def_%v_23 
		 5: COPY TYPE_StringLiteral " files when you are on a branch" def_%v_24 
		 6: BUILDSTRING def_%v_25 %v_23[32.4,] action[10.0,] %v_24[32.5,] 
		 7: COPY TYPE_StringLiteral "body" def_%v_26 
		 8: HASH-container- def_%v_27 %v_26[32.7,] 
		 9: HASH-class-title-data- def_%v_28 %v_22[32.3,] %v_25[32.6,] %v_27[32.8,] 
		 10: %self->button_tag def_%v_29 %self[2.0,] label[8.0,] %v_28[32.9,] 	 SYMBOL:	 ARGS:label,%v_28,
		 11: RETURN %v_29[32.10,] %self[32.10,2.0,] 
BB 33
	outgoing: 34 35 
	datadep: 
	instructions:
		 0: 
		 1: blob->lfs_pointer? def_%v_30 blob[28.0,] 	 SYMBOL:	 ARGS:
		 2: BRANCH %v_30[33.1,] 
BB 34
	outgoing: 42 
	datadep: 
	instructions:
		 0: 
		 1: COPY TYPE_StringLiteral "btn btn-" def_%v_31 
		 2: COPY TYPE_StringLiteral " disabled has-tooltip" def_%v_32 
		 3: BUILDSTRING def_%v_33 %v_31[34.1,] btn_class[12.0,] %v_32[34.2,] 
		 4: COPY TYPE_StringLiteral "It is not possible to " def_%v_34 
		 5: COPY TYPE_StringLiteral " files that are stored in LFS using the web interface" def_%v_35 
		 6: BUILDSTRING def_%v_36 %v_34[34.4,] action[10.0,] %v_35[34.5,] 
		 7: COPY TYPE_StringLiteral "body" def_%v_37 
		 8: HASH-container- def_%v_38 %v_37[34.7,] 
		 9: HASH-class-title-data- def_%v_39 %v_33[34.3,] %v_36[34.6,] %v_38[34.8,] 
		 10: %self->button_tag def_%v_40 %self[2.0,] label[8.0,] %v_39[34.9,] 	 SYMBOL:	 ARGS:label,%v_39,
		 11: 
BB 35
	outgoing: 36 37 
	datadep: 
	instructions:
		 0: 
		 1: %self->can_edit_blob? def_%v_41 %self[2.0,] blob[28.0,] project[3.1,2.5,] ref[5.1,4.0,] 	 SYMBOL:	 ARGS:blob,project,ref,
		 2: BRANCH %v_41[35.1,] 
BB 36
	outgoing: 41 
	datadep: 
	instructions:
		 0: 
		 1: COPY TYPE_StringLiteral "btn btn-" def_%v_42 
		 2: BUILDSTRING def_%v_43 %v_42[36.1,] btn_class[12.0,] 
		 3: COPY TYPE_StringLiteral "data-target" def_%v_44 
		 4: COPY TYPE_StringLiteral "#modal-" def_%v_45 
		 5: COPY TYPE_StringLiteral "-blob" def_%v_46 
		 6: BUILDSTRING def_%v_47 %v_45[36.4,] modal_type[14.0,] %v_46[36.5,] 
		 7: COPY TYPE_StringLiteral "data-toggle" def_%v_48 
		 8: COPY TYPE_StringLiteral "modal" def_%v_49 
		 9: HASH-class- def_%v_50 %v_43[36.2,] %v_44[36.3,] %v_47[36.6,] %v_48[36.7,] %v_49[36.8,] 
		 10: %self->button_tag def_%v_51 %self[2.0,] label[8.0,] %v_50[36.9,] 	 SYMBOL:	 ARGS:label,%v_50,
		 11: 
BB 37
	outgoing: 38 39 
	datadep: 
	instructions:
		 0: 
		 1: %self->current_user def_%v_52 %self[2.0,] 	 SYMBOL:	 ARGS:
		 2: %self->can? def_%v_53 %self[37.1,2.0,] %v_52[37.1,] project[3.1,2.5,] 	 SYMBOL:fork_project,	 ARGS:%v_52,Symbol,project,
		 3: BRANCH %v_53[37.2,] 
BB 38
	outgoing: 40 
	datadep: 
	instructions:
		 0: 
		 1: %self->request def_%v_54 %self[2.0,] 	 SYMBOL:	 ARGS:
		 2: %v_54->fullpath def_%v_55 %v_54[38.1,] 	 SYMBOL:	 ARGS:
		 3: %self->edit_in_new_fork_notice def_%v_56 %self[38.1,2.0,] 	 SYMBOL:	 ARGS:
		 4: COPY TYPE_StringLiteral " Try to " def_%v_57 
		 5: 
		 6: COPY TYPE_StringLiteral " this file again." def_%v_58 
		 7: BUILDSTRING def_%v_59 %v_57[38.4,] action[10.0,] %v_58[38.6,] 
		 8: %v_56->+ def_%v_60 %v_56[38.3,] %v_59[38.7,] 	 SYMBOL:	 ARGS:%v_59,
		 9: %self->edit_in_new_fork_notice_now def_%v_61 %self[38.1,38.3,2.0,] 	 SYMBOL:	 ARGS:
		 10: HASH-to-notice-notice_now- def_%v_62 %v_55[38.2,] %v_60[38.8,] %v_61[38.9,] 
		 11: COPY TYPE_PASS def_continue_params %v_62[38.10,] 
		 12: 
		 13: project->namespace def_%v_63 project[3.1,2.5,] 	 SYMBOL:	 ARGS:
		 14: %self->current_user def_%v_64 %self[38.1,38.3,38.9,2.0,] 	 SYMBOL:	 ARGS:
		 15: %v_64->namespace def_%v_65 %v_64[38.14,] 	 SYMBOL:	 ARGS:
		 16: %v_65->id def_%v_66 %v_65[38.15,] 	 SYMBOL:	 ARGS:
		 17: HASH-namespace_key-continue- def_%v_67 %v_66[38.16,] continue_params[38.11,] 
		 18: %self->namespace_project_forks_path def_%v_68 %self[38.1,38.3,38.9,38.14,2.0,] %v_63[38.13,] project[38.13,3.1,2.5,] %v_67[38.17,] 	 SYMBOL:	 ARGS:%v_63,project,%v_67,
		 19: COPY TYPE_PASS def_fork_path %v_68[38.18,] 
		 20: 
		 21: COPY TYPE_StringLiteral "btn btn-" def_%v_69 
		 22: BUILDSTRING def_%v_70 %v_69[38.21,] btn_class[12.0,] 
		 23: HASH-class-method- def_%v_71 %v_70[38.22,] 
		 24: %self->link_to def_%v_72 %self[38.1,38.3,38.9,38.14,38.18,2.0,] label[8.0,] %v_68[38.18,] %v_71[38.23,] 	 SYMBOL:	 ARGS:label,fork_path,%v_71,
		 25: 
BB 39
	outgoing: 40 
	datadep: 
	instructions:
		 0: COPY TYPE_Nil def_%v_72 
BB 40
	outgoing: 41 
	datadep: 
	instructions:
		 0: COPY TYPE_PASS def_%v_51 %v_72[39.0,38.24,] 
BB 41
	outgoing: 42 
	datadep: 
	instructions:
		 0: COPY TYPE_PASS def_%v_40 %v_51[40.0,36.10,] 
BB 42
	outgoing: 44 
	datadep: 
	instructions:
		 0: RETURN %v_40[41.0,34.10,] %self[2.0,] 
BB 44
	outgoing: 
	datadep: 
	instructions:

SET IRMethod, name = replace_blob_link instanceMethod = true
BB 1
	outgoing: 9 2 
	datadep: 
	instructions:
BB 2
	outgoing: 3 4 
	datadep: 
	instructions:
		 0: def_%self 
		 1: def_%v_0 
		 2: COPY TYPE_CurrentScope def_%current_scope 
		 3: COPY TYPE_ScopeModule def_%current_module 
		 4: 
		 5: RECEIVECONSTARG def_project 
		 6: project[2.5,] 
BB 3
	outgoing: 4 
	datadep: 
	instructions:
		 0: GETFIELD %self->project def_%v_3 %self[2.0,] 
		 1: COPY TYPE_PASS def_project %v_3[3.0,] 
BB 4
	outgoing: 5 6 
	datadep: 
	instructions:
		 0: RECEIVECONSTARG def_ref 
		 1: ref[4.0,] 
BB 5
	outgoing: 6 
	datadep: 
	instructions:
		 0: GETFIELD %self->ref def_%v_4 %self[2.0,] 
		 1: COPY TYPE_PASS def_ref %v_4[5.0,] 
BB 6
	outgoing: 7 8 
	datadep: 
	instructions:
		 0: RECEIVECONSTARG def_path 
		 1: path[6.0,] 
BB 7
	outgoing: 8 
	datadep: 
	instructions:
		 0: GETFIELD %self->path def_%v_5 %self[2.0,] 
		 1: COPY TYPE_PASS def_path %v_5[7.0,] 
BB 8
	outgoing: 9 
	datadep: 
	instructions:
		 0: 
		 1: COPY TYPE_StringLiteral "Replace" def_%v_6 
		 2: COPY TYPE_StringLiteral "replace" def_%v_7 
		 3: COPY TYPE_StringLiteral "default" def_%v_8 
		 4: COPY TYPE_StringLiteral "upload" def_%v_9 
		 5: HASH-label-action-btn_class-modal_type- def_%v_10 %v_6[8.1,] %v_7[8.2,] %v_8[8.3,] %v_9[8.4,] 
		 6: %self->modify_file_link def_%v_11 %self[2.0,] project[3.1,2.5,] ref[5.1,4.0,] path[7.1,6.0,] %v_10[8.5,] 	 SYMBOL:	 ARGS:project,ref,path,%v_10,
		 7: RETURN %v_11[8.6,] %self[8.6,2.0,] 
BB 9
	outgoing: 
	datadep: 
	instructions:

SET IRMethod, name = delete_blob_link instanceMethod = true
BB 1
	outgoing: 9 2 
	datadep: 
	instructions:
BB 2
	outgoing: 3 4 
	datadep: 
	instructions:
		 0: def_%self 
		 1: def_%v_0 
		 2: COPY TYPE_CurrentScope def_%current_scope 
		 3: COPY TYPE_ScopeModule def_%current_module 
		 4: 
		 5: RECEIVECONSTARG def_project 
		 6: project[2.5,] 
BB 3
	outgoing: 4 
	datadep: 
	instructions:
		 0: GETFIELD %self->project def_%v_3 %self[2.0,] 
		 1: COPY TYPE_PASS def_project %v_3[3.0,] 
BB 4
	outgoing: 5 6 
	datadep: 
	instructions:
		 0: RECEIVECONSTARG def_ref 
		 1: ref[4.0,] 
BB 5
	outgoing: 6 
	datadep: 
	instructions:
		 0: GETFIELD %self->ref def_%v_4 %self[2.0,] 
		 1: COPY TYPE_PASS def_ref %v_4[5.0,] 
BB 6
	outgoing: 7 8 
	datadep: 
	instructions:
		 0: RECEIVECONSTARG def_path 
		 1: path[6.0,] 
BB 7
	outgoing: 8 
	datadep: 
	instructions:
		 0: GETFIELD %self->path def_%v_5 %self[2.0,] 
		 1: COPY TYPE_PASS def_path %v_5[7.0,] 
BB 8
	outgoing: 9 
	datadep: 
	instructions:
		 0: 
		 1: COPY TYPE_StringLiteral "Delete" def_%v_6 
		 2: COPY TYPE_StringLiteral "delete" def_%v_7 
		 3: COPY TYPE_StringLiteral "remove" def_%v_8 
		 4: COPY TYPE_StringLiteral "remove" def_%v_9 
		 5: HASH-label-action-btn_class-modal_type- def_%v_10 %v_6[8.1,] %v_7[8.2,] %v_8[8.3,] %v_9[8.4,] 
		 6: %self->modify_file_link def_%v_11 %self[2.0,] project[3.1,2.5,] ref[5.1,4.0,] path[7.1,6.0,] %v_10[8.5,] 	 SYMBOL:	 ARGS:project,ref,path,%v_10,
		 7: RETURN %v_11[8.6,] %self[8.6,2.0,] 
BB 9
	outgoing: 
	datadep: 
	instructions:

SET IRMethod, name = can_edit_blob? instanceMethod = true
BB 1
	outgoing: 9 2 
	datadep: 
	instructions:
BB 2
	outgoing: 3 4 
	datadep: 
	instructions:
		 0: def_%self 
		 1: def_%v_0 
		 2: COPY TYPE_CurrentScope def_%current_scope 
		 3: COPY TYPE_ScopeModule def_%current_module 
		 4: 
		 5: RECEIVEARG def_blob 
		 6: RECEIVECONSTARG def_project 
		 7: project[2.6,] 
BB 3
	outgoing: 4 
	datadep: 
	instructions:
		 0: GETFIELD %self->project def_%v_3 %self[2.0,] 
		 1: COPY TYPE_PASS def_project %v_3[3.0,] 
BB 4
	outgoing: 5 6 
	datadep: 
	instructions:
		 0: RECEIVECONSTARG def_ref 
		 1: ref[4.0,] 
BB 5
	outgoing: 6 
	datadep: 
	instructions:
		 0: GETFIELD %self->ref def_%v_4 %self[2.0,] 
		 1: COPY TYPE_PASS def_ref %v_4[5.0,] 
BB 6
	outgoing: 7 8 
	datadep: 
	instructions:
		 0: 
		 1: blob->lfs_pointer? def_%v_5 blob[2.5,] 	 SYMBOL:	 ARGS:
		 2: %v_5->! def_%v_6 %v_5[6.1,] 	 SYMBOL:	 ARGS:
		 3: BRANCH %v_6[6.2,] 
BB 7
	outgoing: 9 
	datadep: 
	instructions:
		 0: %self->can_edit_tree? def_%v_7 %self[2.0,] project[3.1,2.6,] ref[5.1,4.0,] 	 SYMBOL:	 ARGS:project,ref,
		 1: RETURN %v_7[7.0,] %self[7.0,2.0,] 
BB 8
	outgoing: 9 
	datadep: 
	instructions:
		 0: RETURN %v_6[6.2,] %self[2.0,] 
BB 9
	outgoing: 
	datadep: 
	instructions:

SET IRMethod, name = leave_edit_message instanceMethod = true
BB 1
	outgoing: 3 2 
	datadep: 
	instructions:
BB 2
	outgoing: 3 
	datadep: 
	instructions:
		 0: def_%self 
		 1: def_%v_0 
		 2: COPY TYPE_CurrentScope def_%current_scope 
		 3: COPY TYPE_ScopeModule def_%current_module 
		 4: 
		 5: 
		 6: COPY TYPE_StringLiteral "Leave edit mode?
All unsaved changes will be lost." def_%v_3 
		 7: RETURN %v_3[2.6,] %self[2.0,] 
BB 3
	outgoing: 
	datadep: 
	instructions:

SET IRMethod, name = editing_preview_title instanceMethod = true
BB 1
	outgoing: 8 2 
	datadep: 
	instructions:
BB 2
	outgoing: 3 4 
	datadep: 
	instructions:
		 0: def_%self 
		 1: def_%v_0 
		 2: COPY TYPE_CurrentScope def_%current_scope 
		 3: COPY TYPE_ScopeModule def_%current_module 
		 4: 
		 5: RECEIVEARG def_filename 
		 6: 
		 7: (Gitlab) def_%v_3 
		 8: (inherit MarkupHelper) def_%v_4 %v_3[2.7,] 
		 9: %v_4[2.8,] 
BB 3
	outgoing: 4 
	datadep: 
	instructions:
		 0: %v_3->const_missing def_%v_4 %v_3[2.7,] 	 SYMBOL:MarkupHelper,	 ARGS:Symbol,
BB 4
	outgoing: 5 6 
	datadep: 
	instructions:
		 0: %v_4->previewable? def_%v_5 %v_4[3.0,2.8,] filename[2.5,] 	 SYMBOL:	 ARGS:filename,
		 1: BRANCH %v_5[4.0,] 
BB 5
	outgoing: 8 
	datadep: 
	instructions:
		 0: 
		 1: COPY TYPE_StringLiteral "Preview" def_%v_6 
		 2: RETURN %self[2.0,] 
BB 6
	outgoing: 8 
	datadep: 
	instructions:
		 0: 
		 1: COPY TYPE_StringLiteral "Preview Changes" def_%v_7 
		 2: RETURN %v_7[6.1,] %self[2.0,] 
BB 8
	outgoing: 
	datadep: 
	instructions:

SET IRMethod, name = blob_icon instanceMethod = true
BB 1
	outgoing: 3 2 
	datadep: 
	instructions:
BB 2
	outgoing: 3 
	datadep: 
	instructions:
		 0: def_%self 
		 1: def_%v_0 
		 2: COPY TYPE_CurrentScope def_%current_scope 
		 3: COPY TYPE_ScopeModule def_%current_module 
		 4: 
		 5: RECEIVEARG def_mode 
		 6: RECEIVEARG def_name 
		 7: 
		 8: COPY TYPE_StringLiteral "file" def_%v_3 
		 9: %self->file_type_icon_class def_%v_4 %self[2.0,] %v_3[2.8,] mode[2.5,] name[2.6,] 	 SYMBOL:	 ARGS:%v_3,mode,name,
		 10: COPY TYPE_StringLiteral " fw" def_%v_5 
		 11: BUILDSTRING def_%v_6 %v_4[2.9,] %v_5[2.10,] 
		 12: %self->icon def_%v_7 %self[2.0,2.9,] %v_6[2.11,] 	 SYMBOL:	 ARGS:%v_6,
		 13: RETURN %v_7[2.12,] %self[2.0,2.9,2.12,] 
BB 3
	outgoing: 
	datadep: 
	instructions:

SET IRMethod, name = blob_text_viewable? instanceMethod = true
BB 1
	outgoing: 7 2 
	datadep: 
	instructions:
BB 2
	outgoing: 3 4 
	datadep: 
	instructions:
		 0: def_%self 
		 1: def_%v_0 
		 2: COPY TYPE_CurrentScope def_%current_scope 
		 3: COPY TYPE_ScopeModule def_%current_module 
		 4: 
		 5: RECEIVEARG def_blob 
		 6: 
		 7: COPY TYPE_PASS def_%v_3 blob[2.5,] 
		 8: BRANCH blob[2.5,] 
BB 3
	outgoing: 4 
	datadep: 
	instructions:
		 0: blob->text? def_%v_4 blob[2.5,] 	 SYMBOL:	 ARGS:
		 1: COPY TYPE_PASS def_%v_3 %v_4[3.0,] 
BB 4
	outgoing: 5 6 
	datadep: 
	instructions:
		 0: BRANCH %v_3[3.1,2.7,] 
BB 5
	outgoing: 7 
	datadep: 
	instructions:
		 0: blob->lfs_pointer? def_%v_5 blob[2.5,] 	 SYMBOL:	 ARGS:
		 1: %v_5->! def_%v_6 %v_5[5.0,] 	 SYMBOL:	 ARGS:
		 2: RETURN %v_6[5.1,] %self[2.0,] 
BB 6
	outgoing: 7 
	datadep: 
	instructions:
		 0: RETURN %v_3[3.1,2.7,] %self[2.0,] 
BB 7
	outgoing: 
	datadep: 
	instructions:

SET IRMethod, name = blob_size instanceMethod = true
BB 1
	outgoing: 6 2 
	datadep: 
	instructions:
BB 2
	outgoing: 3 4 
	datadep: 
	instructions:
		 0: def_%self 
		 1: def_%v_0 
		 2: COPY TYPE_CurrentScope def_%current_scope 
		 3: COPY TYPE_ScopeModule def_%current_module 
		 4: 
		 5: RECEIVEARG def_blob 
		 6: 
		 7: blob->lfs_pointer? def_%v_3 blob[2.5,] 	 SYMBOL:	 ARGS:
		 8: BRANCH %v_3[2.7,] 
BB 3
	outgoing: 6 
	datadep: 
	instructions:
		 0: 
		 1: blob->lfs_size def_%v_4 blob[2.5,] 	 SYMBOL:	 ARGS:
		 2: RETURN %v_4[3.1,] %self[2.0,] 
BB 4
	outgoing: 6 
	datadep: 
	instructions:
		 0: 
		 1: blob->size def_%v_5 blob[2.5,] 	 SYMBOL:	 ARGS:
		 2: RETURN %v_5[4.1,] %self[2.0,] 
BB 6
	outgoing: 
	datadep: 
	instructions:

SET IRMethod, name = sanitize_svg instanceMethod = true
BB 1
	outgoing: 7 2 
	datadep: 
	instructions:
BB 2
	outgoing: 3 4 
	datadep: 
	instructions:
		 0: def_%self 
		 1: def_%v_0 
		 2: COPY TYPE_CurrentScope def_%current_scope 
		 3: COPY TYPE_ScopeModule def_%current_module 
		 4: 
		 5: RECEIVEARG def_blob 
		 6: 
		 7: (Gitlab) def_%v_3 
		 8: (inherit Sanitizers) def_%v_4 %v_3[2.7,] 
		 9: %v_4[2.8,] 
BB 3
	outgoing: 4 
	datadep: 
	instructions:
		 0: %v_3->const_missing def_%v_4 %v_3[2.7,] 	 SYMBOL:Sanitizers,	 ARGS:Symbol,
BB 4
	outgoing: 5 6 
	datadep: 
	instructions:
		 0: (inherit SVG) def_%v_5 %v_4[3.0,2.8,] 
		 1: %v_5[4.0,] 
BB 5
	outgoing: 6 
	datadep: 
	instructions:
		 0: %v_4->const_missing def_%v_5 %v_4[3.0,2.8,] 	 SYMBOL:SVG,	 ARGS:Symbol,
BB 6
	outgoing: 7 
	datadep: 
	instructions:
		 0: blob->data def_%v_6 blob[2.5,] 	 SYMBOL:	 ARGS:
		 1: %v_5->clean def_%v_7 %v_5[5.0,4.0,] %v_6[6.0,] 	 SYMBOL:	 ARGS:%v_6,
		 2: ATTRASSIGN blob->data %v_7[6.1,] 
		 3: 
		 4: RETURN blob[6.0,6.2,2.5,] %self[2.0,] 
BB 7
	outgoing: 
	datadep: 
	instructions:

SET IRMethod, name = safe_content_type instanceMethod = true
BB 1
	outgoing: 9 2 
	datadep: 
	instructions:
BB 2
	outgoing: 3 4 
	datadep: 
	instructions:
		 0: def_%self 
		 1: def_%v_0 
		 2: COPY TYPE_CurrentScope def_%current_scope 
		 3: COPY TYPE_ScopeModule def_%current_module 
		 4: 
		 5: RECEIVEARG def_blob 
		 6: 
		 7: blob->text? def_%v_3 blob[2.5,] 	 SYMBOL:	 ARGS:
		 8: BRANCH %v_3[2.7,] 
BB 3
	outgoing: 9 
	datadep: 
	instructions:
		 0: 
		 1: COPY TYPE_StringLiteral "text/plain; charset=utf-8" def_%v_4 
		 2: RETURN %self[2.0,] 
BB 4
	outgoing: 5 6 
	datadep: 
	instructions:
		 0: 
		 1: blob->image? def_%v_5 blob[2.5,] 	 SYMBOL:	 ARGS:
		 2: BRANCH %v_5[4.1,] 
BB 5
	outgoing: 7 
	datadep: 
	instructions:
		 0: 
		 1: blob->content_type def_%v_6 blob[2.5,] 	 SYMBOL:	 ARGS:
		 2: 
BB 6
	outgoing: 7 
	datadep: 
	instructions:
		 0: 
		 1: COPY TYPE_StringLiteral "application/octet-stream" def_%v_7 
		 2: COPY TYPE_PASS def_%v_6 %v_7[6.1,] 
BB 7
	outgoing: 9 
	datadep: 
	instructions:
		 0: RETURN %v_6[6.2,5.1,] %self[2.0,] 
BB 9
	outgoing: 
	datadep: 
	instructions:

SET IRMethod, name = cached_blob? instanceMethod = true
BB 1
	outgoing: 14 2 
	datadep: 
	instructions:
BB 2
	outgoing: 3 4 
	datadep: 
	instructions:
		 0: def_%self 
		 1: def_%v_0 
		 2: COPY TYPE_CurrentScope def_%current_scope 
		 3: COPY TYPE_ScopeModule def_%current_module 
		 4: 
		 5: 
		 6: GETFIELD %self->blob def_%v_3 %self[2.0,] 
		 7: %v_3->id def_%v_4 %v_3[2.6,] 	 SYMBOL:	 ARGS:
		 8: HASH-etag- def_%v_5 %v_4[2.7,] 
		 9: %self->stale? def_%v_6 %self[2.0,] %v_5[2.8,] 	 SYMBOL:	 ARGS:%v_5,
		 10: COPY TYPE_PASS def_stale %v_6[2.9,] 
		 11: 
		 12: %self->response def_%v_7 %self[2.0,2.9,] 	 SYMBOL:	 ARGS:
		 13: %v_7->cache_control def_%v_8 %v_7[2.12,] 	 SYMBOL:	 ARGS:
		 14: GETFIELD %self->project def_%v_9 %self[2.0,2.9,2.12,] 
		 15: %v_9->public? def_%v_10 %v_9[2.14,] 	 SYMBOL:	 ARGS:
		 16: ATTRASSIGN %v_8->[] %v_10[2.15,] 
		 17: 
		 18: GETFIELD %self->ref def_%v_11 %self[2.0,2.9,2.12,] 
		 19: BRANCH %v_11[2.18,] 
BB 3
	outgoing: 4 
	datadep: 
	instructions:
		 0: GETFIELD %self->commit def_%v_12 %self[2.0,] 
		 1: COPY TYPE_PASS def_%v_11 %v_12[3.0,] 
BB 4
	outgoing: 5 6 
	datadep: 
	instructions:
		 0: BRANCH %v_11[3.1,2.18,] 
BB 5
	outgoing: 6 
	datadep: 
	instructions:
		 0: GETFIELD %self->ref def_%v_13 %self[2.0,] 
		 1: GETFIELD %self->commit def_%v_14 %self[2.0,] 
		 2: %v_14->id def_%v_15 %v_14[5.1,] 	 SYMBOL:	 ARGS:
		 3: %v_13->== def_%v_16 %v_13[5.0,] %v_15[5.2,] 	 SYMBOL:	 ARGS:%v_15,
		 4: COPY TYPE_PASS def_%v_11 %v_16[5.3,] 
BB 6
	outgoing: 7 10 
	datadep: 
	instructions:
		 0: BRANCH %v_11[5.4,3.1,2.18,] 
BB 7
	outgoing: 8 9 
	datadep: 
	instructions:
		 0: 
		 1: %self->response def_%v_17 %self[2.0,] 	 SYMBOL:	 ARGS:
		 2: %v_17->cache_control def_%v_18 %v_17[7.1,] 	 SYMBOL:	 ARGS:
		 3: (Blob) def_%v_19 
		 4: (inherit CACHE_TIME_IMMUTABLE) def_%v_20 %v_19[7.3,] 
		 5: %v_20[7.4,] 
BB 8
	outgoing: 9 
	datadep: 
	instructions:
		 0: %v_19->const_missing def_%v_20 %v_19[7.3,] 	 SYMBOL:CACHE_TIME_IMMUTABLE,	 ARGS:Symbol,
BB 9
	outgoing: 13 
	datadep: 
	instructions:
		 0: ATTRASSIGN %v_18->[] %v_20[8.0,7.4,] 
		 1: 
BB 10
	outgoing: 11 12 
	datadep: 
	instructions:
		 0: 
		 1: %self->response def_%v_21 %self[2.0,] 	 SYMBOL:	 ARGS:
		 2: %v_21->cache_control def_%v_22 %v_21[10.1,] 	 SYMBOL:	 ARGS:
		 3: (Blob) def_%v_23 
		 4: (inherit CACHE_TIME) def_%v_24 %v_23[10.3,] 
		 5: %v_24[10.4,] 
BB 11
	outgoing: 12 
	datadep: 
	instructions:
		 0: %v_23->const_missing def_%v_24 %v_23[10.3,] 	 SYMBOL:CACHE_TIME,	 ARGS:Symbol,
BB 12
	outgoing: 13 
	datadep: 
	instructions:
		 0: ATTRASSIGN %v_22->[] %v_24[11.0,10.4,] 
		 1: COPY TYPE_PASS def_%v_20 %v_24[11.0,10.4,] 
BB 13
	outgoing: 14 
	datadep: 
	instructions:
		 0: 
		 1: %self->response def_%v_25 %self[2.0,] 	 SYMBOL:	 ARGS:
		 2: GETFIELD %self->blob def_%v_26 %self[13.1,2.0,] 
		 3: %v_26->id def_%v_27 %v_26[13.2,] 	 SYMBOL:	 ARGS:
		 4: ATTRASSIGN %v_25->etag %v_27[13.3,] 
		 5: 
		 6: stale->! def_%v_28 stale[2.10,] 	 SYMBOL:	 ARGS:
		 7: RETURN %v_28[13.6,] %self[13.1,2.0,] 
BB 14
	outgoing: 
	datadep: 
	instructions:

SET IRMethod, name = licenses_for_select instanceMethod = true
BB 1
	outgoing: 8 2 
	datadep: 
	instructions:
BB 2
	outgoing: 3 4 
	datadep: 
	instructions:
		 0: def_%self 
		 1: def_%v_0 
		 2: COPY TYPE_CurrentScope def_%current_scope 
		 3: COPY TYPE_ScopeModule def_%current_module 
		 4: 
		 5: 
		 6: def_%v_3 %self[2.0,] 
		 7: BRANCH %v_3[2.6,] 
BB 3
	outgoing: 8 
	datadep: 
	instructions:
		 0: GETFIELD %self->licenses_for_select def_%v_4 %self[2.0,] 
		 1: RETURN %v_4[3.0,] %self[2.0,] 
BB 4
	outgoing: 6 7 
	datadep: 
	instructions:
		 0: COPY TYPE_Nil def_%v_5 
		 1: 
		 2: (Licensee) def_%v_6 
		 3: (inherit License) def_%v_7 %v_6[4.2,] 
		 4: %v_7[4.3,] 
BB 6
	outgoing: 7 
	datadep: 
	instructions:
		 0: %v_6->const_missing def_%v_7 %v_6[4.2,] 	 SYMBOL:License,	 ARGS:Symbol,
BB 7
	outgoing: 8 
	datadep: 
	instructions:
		 0: %v_7->all def_%v_8 %v_7[6.0,4.3,] 	 SYMBOL:	 ARGS:
		 1: COPY TYPE_PASS def_licenses %v_8[7.0,] 
		 2: 
		 3: %v_8->select def_%v_9 %v_8[7.0,] 	 SYMBOL:featured,	 ARGS:
		 4: %v_9->map def_%v_10 %v_9[7.3,] %self[2.0,] 	 SYMBOL:	 ARGS:%v_9,
CLOSURE BEGIN: license[] 
BB 1
	outgoing: 6 2 
	datadep: 
	instructions:
BB 2
	outgoing: 3 
	datadep: 
	instructions:
		 0: def_%self 
		 1: def_%cl_1_0 
		 2: RECEIVEARG def_license 
		 3: COPY TYPE_CurrentScope def_%current_scope 
		 4: COPY TYPE_ScopeModule def_%current_module 
BB 3
	outgoing: 4 6 
	datadep: 
	instructions:
		 0: 
		 1: license->name def_%cl_1_3 license[2.2,] 	 SYMBOL:	 ARGS:
		 2: license->key def_%cl_1_4 license[3.1,2.2,] 	 SYMBOL:	 ARGS:
		 3: COPY TYPE_Array def_%cl_1_5 %cl_1_3[3.1,] %cl_1_4[3.2,] 
		 4: RETURN %cl_1_5[3.3,] %self[2.0,] 
BB 4
	outgoing: 6 
	datadep: 
	instructions:
		 0: def_%cl_1_6 
		 1: def_%cl_1_7 %cl_1_6[4.0,] 
		 2: RETURN %cl_1_7[4.1,] %self[2.0,] 
BB 6
	outgoing: 
	datadep: 
	instructions:
CLOSURE END: 
		 5: licenses->reject def_%v_11 licenses[7.1,] 	 SYMBOL:featured,	 ARGS:
		 6: %v_11->map def_%v_12 %v_11[7.5,] %self[2.0,] 	 SYMBOL:	 ARGS:%v_11,
CLOSURE BEGIN: license[7.4,] 
BB 1
	outgoing: 6 2 
	datadep: 
	instructions:
BB 2
	outgoing: 3 
	datadep: 
	instructions:
		 0: def_%self 
		 1: def_%cl_2_0 
		 2: RECEIVEARG def_license 
		 3: COPY TYPE_CurrentScope def_%current_scope 
		 4: COPY TYPE_ScopeModule def_%current_module 
BB 3
	outgoing: 4 6 
	datadep: 
	instructions:
		 0: 
		 1: license->name def_%cl_2_3 license[2.2,] 	 SYMBOL:	 ARGS:
		 2: license->key def_%cl_2_4 license[3.1,2.2,] 	 SYMBOL:	 ARGS:
		 3: COPY TYPE_Array def_%cl_2_5 %cl_2_3[3.1,] %cl_2_4[3.2,] 
		 4: RETURN %cl_2_5[3.3,] %self[2.0,] 
BB 4
	outgoing: 6 
	datadep: 
	instructions:
		 0: def_%cl_2_6 
		 1: def_%cl_2_7 %cl_2_6[4.0,] 
		 2: RETURN %cl_2_7[4.1,] %self[2.0,] 
BB 6
	outgoing: 
	datadep: 
	instructions:
CLOSURE END: 
		 7: HASH-Popular-Other- def_%v_13 %v_10[7.4,] %v_12[7.6,] 
		 8: ATTRASSIGN %self->licenses_for_select %v_13[7.7,] 
		 9: RETURN %v_13[7.7,] %self[7.8,2.0,] 
BB 8
	outgoing: 
	datadep: 
	instructions:

