SET IRMethod, name = dropdown_tag instanceMethod = true
BB 1
	outgoing: 5 2 
	datadep: 
	instructions:
BB 2
	outgoing: 3 4 
	datadep: 
	instructions:
		 0: def_%self 
		 1: def_%v_0 
		 2: COPY TYPE_CurrentScope def_%current_scope 
		 3: COPY TYPE_ScopeModule def_%current_module 
		 4: 
		 5: RECEIVEARG def_toggle_text 
		 6: def_options 
		 7: options[2.6,] 
BB 3
	outgoing: 4 
	datadep: 
	instructions:
		 0: HASH- def_%v_3 
		 1: COPY TYPE_PASS def_options %v_3[3.0,] 
BB 4
	outgoing: 5 
	datadep: 
	instructions:
		 0: def_%v_4 
		 1: def_block %v_4[4.0,] 
		 2: 
		 3: COPY TYPE_StringLiteral "dropdown" def_%v_5 
		 4: HASH-class- def_%v_6 %v_5[4.3,] 
		 5: %self->content_tag def_%v_7 %self[2.0,] %v_6[4.4,] %self[2.0,] 	 SYMBOL:div,	 ARGS:Symbol,%v_6,%self,
CLOSURE BEGIN: options[3.1,2.6,] data_attr[] %self[2.0,] toggle_text[2.5,] output[] block[4.1,] dropdown_output[] 
BB 1
	outgoing: 12 2 
	datadep: 
	instructions:
BB 2
	outgoing: 3 
	datadep: 
	instructions:
		 0: def_%self 
		 1: def_%cl_1_0 
		 2: COPY TYPE_CurrentScope def_%current_scope 
		 3: COPY TYPE_ScopeModule def_%current_module 
BB 3
	outgoing: 4 5 10 
	datadep: 
	instructions:
		 0: 
		 1: COPY TYPE_StringLiteral "dropdown" def_%cl_1_3 
		 2: HASH-toggle- def_%cl_1_4 %cl_1_3[3.1,] 
		 3: COPY TYPE_PASS def_data_attr %cl_1_4[3.2,] 
		 4: 
		 5: options->has_key? def_%cl_1_5 options[] 	 SYMBOL:data,	 ARGS:Symbol,
		 6: BRANCH %cl_1_5[3.5,] 
BB 4
	outgoing: 6 10 
	datadep: 
	instructions:
		 0: 
		 1: options->[] def_%cl_1_6 options[] 	 SYMBOL:data,	 ARGS:Symbol,
		 2: %cl_1_6->merge def_%cl_1_7 %cl_1_6[4.1,] data_attr[3.3,] 	 SYMBOL:	 ARGS:data_attr,
		 3: COPY TYPE_PASS def_data_attr %cl_1_7[4.2,] 
		 4: 
BB 5
	outgoing: 6 
	datadep: 
	instructions:
		 0: COPY TYPE_Nil def_%cl_1_7 
BB 6
	outgoing: 7 8 10 
	datadep: 
	instructions:
		 0: 
		 1: %self->dropdown_toggle def_%cl_1_8 %self[2.0,] toggle_text[] data_attr[4.3,3.3,] options[] 	 SYMBOL:	 ARGS:toggle_text,data_attr,options,
		 2: COPY TYPE_PASS def_dropdown_output %cl_1_8[6.1,] 
		 3: 
		 4: COPY TYPE_StringLiteral "dropdown-menu dropdown-select " def_%cl_1_9 
		 5: options->has_key? def_%cl_1_10 options[] 	 SYMBOL:dropdown_class,	 ARGS:Symbol,
		 6: BRANCH %cl_1_10[6.5,] 
BB 7
	outgoing: 9 10 
	datadep: 
	instructions:
		 0: options->[] def_%cl_1_11 options[] 	 SYMBOL:dropdown_class,	 ARGS:Symbol,
		 1: 
BB 8
	outgoing: 9 
	datadep: 
	instructions:
		 0: COPY TYPE_Nil def_%cl_1_11 
BB 9
	outgoing: 10 12 
	datadep: 
	instructions:
		 0: BUILDSTRING def_%cl_1_12 %cl_1_9[6.4,] %cl_1_11[8.0,7.0,] 
		 1: HASH-class- def_%cl_1_13 %cl_1_12[9.0,] 
		 2: %self->content_tag def_%cl_1_14 %self[2.0,] %cl_1_13[9.1,] %self[2.0,] 	 SYMBOL:div,	 ARGS:Symbol,%cl_1_13,%self,
CLOSURE BEGIN: options[] %self[2.0,] output[] block[] 
BB 1
	outgoing: 17 2 
	datadep: 
	instructions:
BB 2
	outgoing: 3 
	datadep: 
	instructions:
		 0: def_%self 
		 1: def_%cl_2_0 
		 2: COPY TYPE_CurrentScope def_%current_scope 
		 3: COPY TYPE_ScopeModule def_%current_module 
BB 3
	outgoing: 4 5 15 
	datadep: 
	instructions:
		 0: 
		 1: COPY TYPE_StringLiteral "" def_%cl_2_3 
		 2: COPY TYPE_PASS def_output %cl_2_3[3.1,] 
		 3: 
		 4: options->has_key? def_%cl_2_4 options[] 	 SYMBOL:title,	 ARGS:Symbol,
		 5: BRANCH %cl_2_4[3.4,] 
BB 4
	outgoing: 6 15 
	datadep: 
	instructions:
		 0: 
		 1: options->[] def_%cl_2_5 options[] 	 SYMBOL:title,	 ARGS:Symbol,
		 2: %self->dropdown_title def_%cl_2_6 %self[2.0,] %cl_2_5[4.1,] 	 SYMBOL:	 ARGS:%cl_2_5,
		 3: output-><< def_%cl_2_7 output[3.2,] %cl_2_6[4.2,] 	 SYMBOL:	 ARGS:%cl_2_6,
		 4: 
BB 5
	outgoing: 6 
	datadep: 
	instructions:
		 0: COPY TYPE_Nil def_%cl_2_7 
BB 6
	outgoing: 7 8 15 
	datadep: 
	instructions:
		 0: 
		 1: options->has_key? def_%cl_2_8 options[] 	 SYMBOL:filter,	 ARGS:Symbol,
		 2: BRANCH %cl_2_8[6.1,] 
BB 7
	outgoing: 9 15 
	datadep: 
	instructions:
		 0: 
		 1: options->[] def_%cl_2_9 options[] 	 SYMBOL:placeholder,	 ARGS:Symbol,
		 2: %self->dropdown_filter def_%cl_2_10 %self[2.0,] %cl_2_9[7.1,] 	 SYMBOL:	 ARGS:%cl_2_9,
		 3: output-><< def_%cl_2_11 output[3.2,] %cl_2_10[7.2,] 	 SYMBOL:	 ARGS:%cl_2_10,
		 4: 
BB 8
	outgoing: 9 
	datadep: 
	instructions:
		 0: COPY TYPE_Nil def_%cl_2_11 
BB 9
	outgoing: 10 11 15 
	datadep: 
	instructions:
		 0: 
		 1: COPY TYPE_StringLiteral "dropdown-content" def_%cl_2_12 
		 2: HASH-class- def_%cl_2_13 %cl_2_12[9.1,] 
		 3: %self->content_tag def_%cl_2_14 %self[2.0,] %cl_2_13[9.2,] %self[2.0,] 	 SYMBOL:div,	 ARGS:Symbol,%cl_2_13,%self,
CLOSURE BEGIN: block[] options[] %self[2.0,] 
BB 1
	outgoing: 11 2 
	datadep: 
	instructions:
BB 2
	outgoing: 4 5 
	datadep: 
	instructions:
		 0: def_%self 
		 1: def_%cl_3_0 
		 2: COPY TYPE_CurrentScope def_%current_scope 
		 3: COPY TYPE_ScopeModule def_%current_module 
		 4: 
		 5: COPY TYPE_PASS def_%cl_3_3 block[] 
		 6: BRANCH block[] 
BB 4
	outgoing: 5 9 
	datadep: 
	instructions:
		 0: options->has_key? def_%cl_3_4 options[] 	 SYMBOL:footer_content,	 ARGS:Symbol,
		 1: %cl_3_4->! def_%cl_3_5 %cl_3_4[4.0,] 	 SYMBOL:	 ARGS:
		 2: COPY TYPE_PASS def_%cl_3_3 %cl_3_5[4.1,] 
BB 5
	outgoing: 6 7 
	datadep: 
	instructions:
		 0: BRANCH %cl_3_3[4.2,2.5,] 
BB 6
	outgoing: 8 9 
	datadep: 
	instructions:
		 0: %self->capture def_%cl_3_6 %self[2.0,] block[] 	 SYMBOL:	 ARGS:
		 1: 
BB 7
	outgoing: 11 
	datadep: 
	instructions:
		 0: RETURN %self[2.0,] 
BB 8
	outgoing: 11 
	datadep: 
	instructions:
		 0: RETURN %cl_3_6[6.0,] %self[2.0,] 
BB 9
	outgoing: 11 
	datadep: 
	instructions:
		 0: def_%cl_3_7 
		 1: def_%cl_3_8 %cl_3_7[9.0,] 
		 2: RETURN %cl_3_8[9.1,] %self[2.0,] 
BB 11
	outgoing: 
	datadep: 
	instructions:
CLOSURE END: 
		 4: output-><< def_%cl_2_15 output[3.2,] %cl_2_14[9.3,] 	 SYMBOL:	 ARGS:%cl_2_14,
		 5: 
		 6: COPY TYPE_PASS def_%cl_2_16 block[] 
		 7: BRANCH block[] 
BB 10
	outgoing: 11 15 
	datadep: 
	instructions:
		 0: options->[] def_%cl_2_17 options[] 	 SYMBOL:footer_content,	 ARGS:Symbol,
		 1: COPY TYPE_PASS def_%cl_2_16 %cl_2_17[10.0,] 
BB 11
	outgoing: 12 13 
	datadep: 
	instructions:
		 0: BRANCH %cl_2_16[10.1,9.6,] 
BB 12
	outgoing: 14 15 
	datadep: 
	instructions:
		 0: 
		 1: COPY TYPE_StringLiteral "dropdown-footer" def_%cl_2_18 
		 2: HASH-class- def_%cl_2_19 %cl_2_18[12.1,] 
		 3: %self->content_tag def_%cl_2_20 %self[2.0,] %cl_2_19[12.2,] %self[2.0,] 	 SYMBOL:div,	 ARGS:Symbol,%cl_2_19,%self,
CLOSURE BEGIN: %self[2.0,] block[] 
BB 1
	outgoing: 6 2 
	datadep: 
	instructions:
BB 2
	outgoing: 3 
	datadep: 
	instructions:
		 0: def_%self 
		 1: def_%cl_4_0 
		 2: COPY TYPE_CurrentScope def_%current_scope 
		 3: COPY TYPE_ScopeModule def_%current_module 
BB 3
	outgoing: 4 6 
	datadep: 
	instructions:
		 0: 
		 1: %self->capture def_%cl_4_3 %self[2.0,] block[] 	 SYMBOL:	 ARGS:
		 2: RETURN %cl_4_3[3.1,] %self[3.1,2.0,] 
BB 4
	outgoing: 6 
	datadep: 
	instructions:
		 0: def_%cl_4_4 
		 1: def_%cl_4_5 %cl_4_4[4.0,] 
		 2: RETURN %cl_4_5[4.1,] %self[2.0,] 
BB 6
	outgoing: 
	datadep: 
	instructions:
CLOSURE END: 
		 4: output-><< def_%cl_2_21 output[3.2,] %cl_2_20[12.3,] 	 SYMBOL:	 ARGS:%cl_2_20,
		 5: 
BB 13
	outgoing: 14 
	datadep: 
	instructions:
		 0: COPY TYPE_Nil def_%cl_2_21 
BB 14
	outgoing: 15 17 
	datadep: 
	instructions:
		 0: 
		 1: %self->dropdown_loading def_%cl_2_22 %self[2.0,] 	 SYMBOL:	 ARGS:
		 2: output-><< def_%cl_2_23 output[3.2,] %cl_2_22[14.1,] 	 SYMBOL:	 ARGS:%cl_2_22,
		 3: 
		 4: output->html_safe def_%cl_2_24 output[14.2,3.2,] 	 SYMBOL:	 ARGS:
		 5: RETURN %cl_2_24[14.4,] %self[14.1,2.0,] 
BB 15
	outgoing: 17 
	datadep: 
	instructions:
		 0: def_%cl_2_25 
		 1: def_%cl_2_26 %cl_2_25[15.0,] 
		 2: RETURN %cl_2_26[15.1,] %self[2.0,] 
BB 17
	outgoing: 
	datadep: 
	instructions:
CLOSURE END: 
		 3: dropdown_output-><< def_%cl_1_15 dropdown_output[6.2,] %cl_1_14[9.2,] 	 SYMBOL:	 ARGS:%cl_1_14,
		 4: 
		 5: dropdown_output->html_safe def_%cl_1_16 dropdown_output[9.3,6.2,] 	 SYMBOL:	 ARGS:
		 6: RETURN %cl_1_16[9.5,] %self[9.2,2.0,] 
BB 10
	outgoing: 12 
	datadep: 
	instructions:
		 0: def_%cl_1_17 
		 1: def_%cl_1_18 %cl_1_17[10.0,] 
		 2: RETURN %cl_1_18[10.1,] %self[2.0,] 
BB 12
	outgoing: 
	datadep: 
	instructions:
CLOSURE END: dropdown_output[6.2,] 
		 6: RETURN %v_7[4.5,] %self[4.5,2.0,] 
BB 5
	outgoing: 
	datadep: 
	instructions:

SET IRMethod, name = dropdown_toggle instanceMethod = true
BB 1
	outgoing: 9 2 
	datadep: 
	instructions:
BB 2
	outgoing: 3 4 
	datadep: 
	instructions:
		 0: def_%self 
		 1: def_%v_0 
		 2: COPY TYPE_CurrentScope def_%current_scope 
		 3: COPY TYPE_ScopeModule def_%current_module 
		 4: 
		 5: RECEIVEARG def_toggle_text 
		 6: RECEIVEARG def_data_attr 
		 7: RECEIVEARG def_options 
		 8: 
		 9: COPY TYPE_StringLiteral "dropdown-menu-toggle " def_%v_3 
		 10: options->has_key? def_%v_4 options[2.7,] 	 SYMBOL:toggle_class,	 ARGS:Symbol,
		 11: BRANCH %v_4[2.10,] 
BB 3
	outgoing: 5 
	datadep: 
	instructions:
		 0: options->[] def_%v_5 options[2.7,] 	 SYMBOL:toggle_class,	 ARGS:Symbol,
		 1: 
BB 4
	outgoing: 5 
	datadep: 
	instructions:
		 0: COPY TYPE_Nil def_%v_5 
BB 5
	outgoing: 6 7 
	datadep: 
	instructions:
		 0: BUILDSTRING def_%v_6 %v_3[2.9,] %v_5[4.0,3.0,] 
		 1: options->has_key? def_%v_7 options[2.7,] 	 SYMBOL:id,	 ARGS:Symbol,
		 2: BRANCH %v_7[5.1,] 
BB 6
	outgoing: 8 
	datadep: 
	instructions:
		 0: options->[] def_%v_8 options[2.7,] 	 SYMBOL:id,	 ARGS:Symbol,
		 1: 
BB 7
	outgoing: 8 
	datadep: 
	instructions:
		 0: COPY TYPE_Nil def_%v_8 
BB 8
	outgoing: 9 
	datadep: 
	instructions:
		 0: COPY TYPE_StringLiteral "button" def_%v_9 
		 1: HASH-class-id-type-data- def_%v_10 %v_6[5.0,] %v_8[7.0,6.0,] %v_9[8.0,] data_attr[2.6,] 
		 2: %self->content_tag def_%v_11 %self[2.0,] %v_10[8.1,] %self[2.0,] 	 SYMBOL:button,	 ARGS:Symbol,%v_10,%self,
CLOSURE BEGIN: %self[2.0,] toggle_text[2.5,] output[] 
BB 1
	outgoing: 6 2 
	datadep: 
	instructions:
BB 2
	outgoing: 3 
	datadep: 
	instructions:
		 0: def_%self 
		 1: def_%cl_1_0 
		 2: COPY TYPE_CurrentScope def_%current_scope 
		 3: COPY TYPE_ScopeModule def_%current_module 
BB 3
	outgoing: 4 6 
	datadep: 
	instructions:
		 0: 
		 1: COPY TYPE_StringLiteral "dropdown-toggle-text" def_%cl_1_3 
		 2: HASH-class- def_%cl_1_4 %cl_1_3[3.1,] 
		 3: %self->content_tag def_%cl_1_5 %self[2.0,] toggle_text[] %cl_1_4[3.2,] 	 SYMBOL:span,	 ARGS:Symbol,toggle_text,%cl_1_4,
		 4: COPY TYPE_PASS def_output %cl_1_5[3.3,] 
		 5: 
		 6: COPY TYPE_StringLiteral "chevron-down" def_%cl_1_6 
		 7: %self->icon def_%cl_1_7 %self[3.3,2.0,] %cl_1_6[3.6,] 	 SYMBOL:	 ARGS:%cl_1_6,
		 8: output-><< def_%cl_1_8 output[3.4,] %cl_1_7[3.7,] 	 SYMBOL:	 ARGS:%cl_1_7,
		 9: 
		 10: output->html_safe def_%cl_1_9 output[3.4,3.8,] 	 SYMBOL:	 ARGS:
		 11: RETURN %cl_1_9[3.10,] %self[3.3,3.7,2.0,] 
BB 4
	outgoing: 6 
	datadep: 
	instructions:
		 0: def_%cl_1_10 
		 1: def_%cl_1_11 %cl_1_10[4.0,] 
		 2: RETURN %cl_1_11[4.1,] %self[2.0,] 
BB 6
	outgoing: 
	datadep: 
	instructions:
CLOSURE END: 
		 3: RETURN %v_11[8.2,] %self[8.2,2.0,] 
BB 9
	outgoing: 
	datadep: 
	instructions:

SET IRMethod, name = dropdown_title instanceMethod = true
BB 1
	outgoing: 5 2 
	datadep: 
	instructions:
BB 2
	outgoing: 3 4 
	datadep: 
	instructions:
		 0: def_%self 
		 1: def_%v_0 
		 2: COPY TYPE_CurrentScope def_%current_scope 
		 3: COPY TYPE_ScopeModule def_%current_module 
		 4: 
		 5: RECEIVEARG def_title 
		 6: def_back 
		 7: back[2.6,] 
BB 3
	outgoing: 4 
	datadep: 
	instructions:
		 0: COPY TYPE_Boolean def_back 
BB 4
	outgoing: 5 
	datadep: 
	instructions:
		 0: 
		 1: COPY TYPE_StringLiteral "dropdown-title" def_%v_3 
		 2: HASH-class- def_%v_4 %v_3[4.1,] 
		 3: %self->content_tag def_%v_5 %self[2.0,] %v_4[4.2,] %self[2.0,] 	 SYMBOL:div,	 ARGS:Symbol,%v_4,%self,
CLOSURE BEGIN: back[3.0,2.6,] %self[2.0,] title_output[] title[2.5,] 
BB 1
	outgoing: 9 2 
	datadep: 
	instructions:
BB 2
	outgoing: 4 5 
	datadep: 
	instructions:
		 0: def_%self 
		 1: def_%cl_1_0 
		 2: COPY TYPE_CurrentScope def_%current_scope 
		 3: COPY TYPE_ScopeModule def_%current_module 
		 4: 
		 5: COPY TYPE_StringLiteral "" def_%cl_1_3 
		 6: COPY TYPE_PASS def_title_output %cl_1_3[2.5,] 
		 7: 
		 8: BRANCH back[] 
BB 4
	outgoing: 6 7 
	datadep: 
	instructions:
		 0: 
		 1: COPY TYPE_StringLiteral "dropdown-title-button dropdown-menu-back" def_%cl_1_4 
		 2: COPY TYPE_StringLiteral "Go back" def_%cl_1_5 
		 3: HASH-label- def_%cl_1_6 %cl_1_5[4.2,] 
		 4: COPY TYPE_StringLiteral "button" def_%cl_1_7 
		 5: HASH-class-aria-type- def_%cl_1_8 %cl_1_4[4.1,] %cl_1_6[4.3,] %cl_1_7[4.4,] 
		 6: %self->content_tag def_%cl_1_9 %self[2.0,] %cl_1_8[4.5,] %self[2.0,] 	 SYMBOL:button,	 ARGS:Symbol,%cl_1_8,%self,
CLOSURE BEGIN: %self[2.0,] 
BB 1
	outgoing: 6 2 
	datadep: 
	instructions:
BB 2
	outgoing: 3 
	datadep: 
	instructions:
		 0: def_%self 
		 1: def_%cl_2_0 
		 2: COPY TYPE_CurrentScope def_%current_scope 
		 3: COPY TYPE_ScopeModule def_%current_module 
BB 3
	outgoing: 4 6 
	datadep: 
	instructions:
		 0: 
		 1: COPY TYPE_StringLiteral "arrow-left" def_%cl_2_3 
		 2: %self->icon def_%cl_2_4 %self[2.0,] %cl_2_3[3.1,] 	 SYMBOL:	 ARGS:%cl_2_3,
		 3: RETURN %cl_2_4[3.2,] %self[3.2,2.0,] 
BB 4
	outgoing: 6 
	datadep: 
	instructions:
		 0: def_%cl_2_5 
		 1: def_%cl_2_6 %cl_2_5[4.0,] 
		 2: RETURN %cl_2_6[4.1,] %self[2.0,] 
BB 6
	outgoing: 
	datadep: 
	instructions:
CLOSURE END: 
		 7: title_output-><< def_%cl_1_10 title_output[2.6,] %cl_1_9[4.6,] 	 SYMBOL:	 ARGS:%cl_1_9,
		 8: 
BB 5
	outgoing: 6 
	datadep: 
	instructions:
		 0: COPY TYPE_Nil def_%cl_1_10 
BB 6
	outgoing: 7 9 
	datadep: 
	instructions:
		 0: 
		 1: %self->content_tag def_%cl_1_11 %self[2.0,] title[] 	 SYMBOL:span,	 ARGS:Symbol,title,
		 2: title_output-><< def_%cl_1_12 title_output[2.6,] %cl_1_11[6.1,] 	 SYMBOL:	 ARGS:%cl_1_11,
		 3: 
		 4: COPY TYPE_StringLiteral "dropdown-title-button dropdown-menu-close" def_%cl_1_13 
		 5: COPY TYPE_StringLiteral "Close" def_%cl_1_14 
		 6: HASH-label- def_%cl_1_15 %cl_1_14[6.5,] 
		 7: COPY TYPE_StringLiteral "button" def_%cl_1_16 
		 8: HASH-class-aria-type- def_%cl_1_17 %cl_1_13[6.4,] %cl_1_15[6.6,] %cl_1_16[6.7,] 
		 9: %self->content_tag def_%cl_1_18 %self[6.1,2.0,] %cl_1_17[6.8,] %self[6.1,2.0,] 	 SYMBOL:button,	 ARGS:Symbol,%cl_1_17,%self,
CLOSURE BEGIN: %self[6.1,2.0,] 
BB 1
	outgoing: 6 2 
	datadep: 
	instructions:
BB 2
	outgoing: 3 
	datadep: 
	instructions:
		 0: def_%self 
		 1: def_%cl_3_0 
		 2: COPY TYPE_CurrentScope def_%current_scope 
		 3: COPY TYPE_ScopeModule def_%current_module 
BB 3
	outgoing: 4 6 
	datadep: 
	instructions:
		 0: 
		 1: COPY TYPE_StringLiteral "times" def_%cl_3_3 
		 2: COPY TYPE_StringLiteral "dropdown-menu-close-icon" def_%cl_3_4 
		 3: HASH-class- def_%cl_3_5 %cl_3_4[3.2,] 
		 4: %self->icon def_%cl_3_6 %self[2.0,] %cl_3_3[3.1,] %cl_3_5[3.3,] 	 SYMBOL:	 ARGS:%cl_3_3,%cl_3_5,
		 5: RETURN %cl_3_6[3.4,] %self[3.4,2.0,] 
BB 4
	outgoing: 6 
	datadep: 
	instructions:
		 0: def_%cl_3_7 
		 1: def_%cl_3_8 %cl_3_7[4.0,] 
		 2: RETURN %cl_3_8[4.1,] %self[2.0,] 
BB 6
	outgoing: 
	datadep: 
	instructions:
CLOSURE END: 
		 10: title_output-><< def_%cl_1_19 title_output[6.2,2.6,] %cl_1_18[6.9,] 	 SYMBOL:	 ARGS:%cl_1_18,
		 11: 
		 12: title_output->html_safe def_%cl_1_20 title_output[6.2,6.10,2.6,] 	 SYMBOL:	 ARGS:
		 13: RETURN %cl_1_20[6.12,] %self[6.1,6.9,2.0,] 
BB 7
	outgoing: 9 
	datadep: 
	instructions:
		 0: def_%cl_1_21 
		 1: def_%cl_1_22 %cl_1_21[7.0,] 
		 2: RETURN %cl_1_22[7.1,] %self[2.0,] 
BB 9
	outgoing: 
	datadep: 
	instructions:
CLOSURE END: 
		 4: RETURN %v_5[4.3,] %self[4.3,2.0,] 
BB 5
	outgoing: 
	datadep: 
	instructions:

SET IRMethod, name = dropdown_filter instanceMethod = true
BB 1
	outgoing: 3 2 
	datadep: 
	instructions:
BB 2
	outgoing: 3 
	datadep: 
	instructions:
		 0: def_%self 
		 1: def_%v_0 
		 2: COPY TYPE_CurrentScope def_%current_scope 
		 3: COPY TYPE_ScopeModule def_%current_module 
		 4: 
		 5: RECEIVEARG def_placeholder 
		 6: 
		 7: COPY TYPE_StringLiteral "dropdown-input" def_%v_3 
		 8: HASH-class- def_%v_4 %v_3[2.7,] 
		 9: %self->content_tag def_%v_5 %self[2.0,] %v_4[2.8,] %self[2.0,] 	 SYMBOL:div,	 ARGS:Symbol,%v_4,%self,
CLOSURE BEGIN: placeholder[2.5,] %self[2.0,] filter_output[] 
BB 1
	outgoing: 6 2 
	datadep: 
	instructions:
BB 2
	outgoing: 3 
	datadep: 
	instructions:
		 0: def_%self 
		 1: def_%cl_1_0 
		 2: COPY TYPE_CurrentScope def_%current_scope 
		 3: COPY TYPE_ScopeModule def_%current_module 
BB 3
	outgoing: 4 6 
	datadep: 
	instructions:
		 0: 
		 1: COPY TYPE_StringLiteral "dropdown-input-field" def_%cl_1_3 
		 2: HASH-class-placeholder- def_%cl_1_4 %cl_1_3[3.1,] placeholder[] 
		 3: %self->search_field_tag def_%cl_1_5 %self[2.0,] %cl_1_4[3.2,] 	 SYMBOL:	 ARGS:Nil,Nil,%cl_1_4,
		 4: COPY TYPE_PASS def_filter_output %cl_1_5[3.3,] 
		 5: 
		 6: COPY TYPE_StringLiteral "search" def_%cl_1_6 
		 7: COPY TYPE_StringLiteral "dropdown-input-search" def_%cl_1_7 
		 8: HASH-class- def_%cl_1_8 %cl_1_7[3.7,] 
		 9: %self->icon def_%cl_1_9 %self[3.3,2.0,] %cl_1_6[3.6,] %cl_1_8[3.8,] 	 SYMBOL:	 ARGS:%cl_1_6,%cl_1_8,
		 10: filter_output-><< def_%cl_1_10 filter_output[3.4,] %cl_1_9[3.9,] 	 SYMBOL:	 ARGS:%cl_1_9,
		 11: 
		 12: COPY TYPE_StringLiteral "times" def_%cl_1_11 
		 13: COPY TYPE_StringLiteral "dropdown-input-clear js-dropdown-input-clear" def_%cl_1_12 
		 14: COPY TYPE_StringLiteral "button" def_%cl_1_13 
		 15: HASH-class-role- def_%cl_1_14 %cl_1_12[3.13,] %cl_1_13[3.14,] 
		 16: %self->icon def_%cl_1_15 %self[3.3,3.9,2.0,] %cl_1_11[3.12,] %cl_1_14[3.15,] 	 SYMBOL:	 ARGS:%cl_1_11,%cl_1_14,
		 17: filter_output-><< def_%cl_1_16 filter_output[3.4,3.10,] %cl_1_15[3.16,] 	 SYMBOL:	 ARGS:%cl_1_15,
		 18: 
		 19: filter_output->html_safe def_%cl_1_17 filter_output[3.4,3.10,3.17,] 	 SYMBOL:	 ARGS:
		 20: RETURN %cl_1_17[3.19,] %self[3.3,3.9,3.16,2.0,] 
BB 4
	outgoing: 6 
	datadep: 
	instructions:
		 0: def_%cl_1_18 
		 1: def_%cl_1_19 %cl_1_18[4.0,] 
		 2: RETURN %cl_1_19[4.1,] %self[2.0,] 
BB 6
	outgoing: 
	datadep: 
	instructions:
CLOSURE END: 
		 10: RETURN %v_5[2.9,] %self[2.0,2.9,] 
BB 3
	outgoing: 
	datadep: 
	instructions:

SET IRMethod, name = dropdown_content instanceMethod = true
BB 1
	outgoing: 3 2 
	datadep: 
	instructions:
BB 2
	outgoing: 3 
	datadep: 
	instructions:
		 0: def_%self 
		 1: def_%v_0 
		 2: COPY TYPE_CurrentScope def_%current_scope 
		 3: COPY TYPE_ScopeModule def_%current_module 
		 4: 
		 5: def_%v_3 
		 6: def_block %v_3[2.5,] 
		 7: 
		 8: COPY TYPE_StringLiteral "dropdown-content" def_%v_4 
		 9: HASH-class- def_%v_5 %v_4[2.8,] 
		 10: %self->content_tag def_%v_6 %self[2.0,] %v_5[2.9,] %self[2.0,] 	 SYMBOL:div,	 ARGS:Symbol,%v_5,%self,
CLOSURE BEGIN: block[2.6,] %self[2.0,] 
BB 1
	outgoing: 9 2 
	datadep: 
	instructions:
BB 2
	outgoing: 4 5 
	datadep: 
	instructions:
		 0: def_%self 
		 1: def_%cl_1_0 
		 2: COPY TYPE_CurrentScope def_%current_scope 
		 3: COPY TYPE_ScopeModule def_%current_module 
		 4: 
		 5: BRANCH block[] 
BB 4
	outgoing: 6 7 
	datadep: 
	instructions:
		 0: 
		 1: %self->capture def_%cl_1_3 %self[2.0,] block[] 	 SYMBOL:	 ARGS:
		 2: 
BB 5
	outgoing: 9 
	datadep: 
	instructions:
		 0: RETURN %self[2.0,] 
BB 6
	outgoing: 9 
	datadep: 
	instructions:
		 0: RETURN %cl_1_3[4.1,] %self[2.0,] 
BB 7
	outgoing: 9 
	datadep: 
	instructions:
		 0: def_%cl_1_4 
		 1: def_%cl_1_5 %cl_1_4[7.0,] 
		 2: RETURN %cl_1_5[7.1,] %self[2.0,] 
BB 9
	outgoing: 
	datadep: 
	instructions:
CLOSURE END: 
		 11: RETURN %v_6[2.10,] %self[2.0,2.10,] 
BB 3
	outgoing: 
	datadep: 
	instructions:

SET IRMethod, name = dropdown_footer instanceMethod = true
BB 1
	outgoing: 3 2 
	datadep: 
	instructions:
BB 2
	outgoing: 3 
	datadep: 
	instructions:
		 0: def_%self 
		 1: def_%v_0 
		 2: COPY TYPE_CurrentScope def_%current_scope 
		 3: COPY TYPE_ScopeModule def_%current_module 
		 4: 
		 5: def_%v_3 
		 6: def_block %v_3[2.5,] 
		 7: 
		 8: COPY TYPE_StringLiteral "dropdown-footer" def_%v_4 
		 9: HASH-class- def_%v_5 %v_4[2.8,] 
		 10: %self->content_tag def_%v_6 %self[2.0,] %v_5[2.9,] %self[2.0,] 	 SYMBOL:div,	 ARGS:Symbol,%v_5,%self,
CLOSURE BEGIN: block[2.6,] %self[2.0,] 
BB 1
	outgoing: 9 2 
	datadep: 
	instructions:
BB 2
	outgoing: 4 5 
	datadep: 
	instructions:
		 0: def_%self 
		 1: def_%cl_1_0 
		 2: COPY TYPE_CurrentScope def_%current_scope 
		 3: COPY TYPE_ScopeModule def_%current_module 
		 4: 
		 5: BRANCH block[] 
BB 4
	outgoing: 6 7 
	datadep: 
	instructions:
		 0: 
		 1: %self->capture def_%cl_1_3 %self[2.0,] block[] 	 SYMBOL:	 ARGS:
		 2: 
BB 5
	outgoing: 9 
	datadep: 
	instructions:
		 0: RETURN %self[2.0,] 
BB 6
	outgoing: 9 
	datadep: 
	instructions:
		 0: RETURN %cl_1_3[4.1,] %self[2.0,] 
BB 7
	outgoing: 9 
	datadep: 
	instructions:
		 0: def_%cl_1_4 
		 1: def_%cl_1_5 %cl_1_4[7.0,] 
		 2: RETURN %cl_1_5[7.1,] %self[2.0,] 
BB 9
	outgoing: 
	datadep: 
	instructions:
CLOSURE END: 
		 11: RETURN %v_6[2.10,] %self[2.0,2.10,] 
BB 3
	outgoing: 
	datadep: 
	instructions:

SET IRMethod, name = dropdown_loading instanceMethod = true
BB 1
	outgoing: 3 2 
	datadep: 
	instructions:
BB 2
	outgoing: 3 
	datadep: 
	instructions:
		 0: def_%self 
		 1: def_%v_0 
		 2: COPY TYPE_CurrentScope def_%current_scope 
		 3: COPY TYPE_ScopeModule def_%current_module 
		 4: 
		 5: 
		 6: COPY TYPE_StringLiteral "dropdown-loading" def_%v_3 
		 7: HASH-class- def_%v_4 %v_3[2.6,] 
		 8: %self->content_tag def_%v_5 %self[2.0,] %v_4[2.7,] %self[2.0,] 	 SYMBOL:div,	 ARGS:Symbol,%v_4,%self,
CLOSURE BEGIN: %self[2.0,] 
BB 1
	outgoing: 6 2 
	datadep: 
	instructions:
BB 2
	outgoing: 3 
	datadep: 
	instructions:
		 0: def_%self 
		 1: def_%cl_1_0 
		 2: COPY TYPE_CurrentScope def_%current_scope 
		 3: COPY TYPE_ScopeModule def_%current_module 
BB 3
	outgoing: 4 6 
	datadep: 
	instructions:
		 0: 
		 1: COPY TYPE_StringLiteral "spinner spin" def_%cl_1_3 
		 2: %self->icon def_%cl_1_4 %self[2.0,] %cl_1_3[3.1,] 	 SYMBOL:	 ARGS:%cl_1_3,
		 3: RETURN %cl_1_4[3.2,] %self[3.2,2.0,] 
BB 4
	outgoing: 6 
	datadep: 
	instructions:
		 0: def_%cl_1_5 
		 1: def_%cl_1_6 %cl_1_5[4.0,] 
		 2: RETURN %cl_1_6[4.1,] %self[2.0,] 
BB 6
	outgoing: 
	datadep: 
	instructions:
CLOSURE END: 
		 9: RETURN %v_5[2.8,] %self[2.0,2.8,] 
BB 3
	outgoing: 
	datadep: 
	instructions:

