SET IRMethod, name = form_errors instanceMethod = true
BB 1
	outgoing: 6 2 
	datadep: 
	instructions:
BB 2
	outgoing: 3 4 
	datadep: 
	instructions:
		 0: def_%self 
		 1: def_%v_0 
		 2: COPY TYPE_CurrentScope def_%current_scope 
		 3: COPY TYPE_ScopeModule def_%current_module 
		 4: 
		 5: RECEIVEARG def_model 
		 6: 
		 7: model->errors def_%v_3 model[2.5,] 	 SYMBOL:	 ARGS:
		 8: %v_3->any? def_%v_4 %v_3[2.7,] 	 SYMBOL:	 ARGS:
		 9: BRANCH %v_4[2.8,] 
BB 3
	outgoing: 6 
	datadep: 
	instructions:
		 0: COPY TYPE_Nil def_%v_5 
		 1: 
		 2: COPY TYPE_StringLiteral "error" def_%v_6 
		 3: model->errors def_%v_7 model[2.5,] 	 SYMBOL:	 ARGS:
		 4: %v_7->count def_%v_8 %v_7[3.3,] 	 SYMBOL:	 ARGS:
		 5: %v_6->pluralize def_%v_9 %v_6[3.2,] %v_8[3.4,] 	 SYMBOL:	 ARGS:%v_8,
		 6: COPY TYPE_PASS def_pluralized %v_9[3.5,] 
		 7: 
		 8: COPY TYPE_StringLiteral "The form contains the following " def_%v_10 
		 9: COPY TYPE_StringLiteral ":" def_%v_11 
		 10: BUILDSTRING def_%v_12 %v_10[3.8,] %v_9[3.5,] %v_11[3.9,] 
		 11: COPY TYPE_PASS def_headline %v_12[3.10,] 
		 12: 
		 13: COPY TYPE_StringLiteral "alert alert-danger" def_%v_13 
		 14: COPY TYPE_StringLiteral "error_explanation" def_%v_14 
		 15: HASH-class-id- def_%v_15 %v_13[3.13,] %v_14[3.14,] 
		 16: %self->content_tag def_%v_16 %self[2.0,] %v_15[3.15,] %self[2.0,] 	 SYMBOL:div,	 ARGS:Symbol,%v_15,%self,
CLOSURE BEGIN: %self[2.0,] headline[3.11,] model[3.3,2.5,] msg[] 
BB 1
	outgoing: 6 2 
	datadep: 
	instructions:
BB 2
	outgoing: 3 
	datadep: 
	instructions:
		 0: def_%self 
		 1: def_%cl_1_0 
		 2: COPY TYPE_CurrentScope def_%current_scope 
		 3: COPY TYPE_ScopeModule def_%current_module 
BB 3
	outgoing: 4 6 
	datadep: 
	instructions:
		 0: 
		 1: %self->content_tag def_%cl_1_3 %self[2.0,] headline[] 	 SYMBOL:h4,	 ARGS:Symbol,headline,
		 2: %self->content_tag def_%cl_1_4 %self[3.1,2.0,] %self[3.1,2.0,] 	 SYMBOL:ul,	 ARGS:Symbol,%self,
CLOSURE BEGIN: model[] %self[3.1,2.0,] msg[] 
BB 1
	outgoing: 6 2 
	datadep: 
	instructions:
BB 2
	outgoing: 3 
	datadep: 
	instructions:
		 0: def_%self 
		 1: def_%cl_2_0 
		 2: COPY TYPE_CurrentScope def_%current_scope 
		 3: COPY TYPE_ScopeModule def_%current_module 
BB 3
	outgoing: 4 6 
	datadep: 
	instructions:
		 0: 
		 1: model->errors def_%cl_2_3 model[] 	 SYMBOL:	 ARGS:
		 2: %cl_2_3->full_messages def_%cl_2_4 %cl_2_3[3.1,] 	 SYMBOL:	 ARGS:
		 3: %cl_2_4->map def_%cl_2_5 %cl_2_4[3.2,] %self[2.0,] 	 SYMBOL:	 ARGS:%cl_2_4,
CLOSURE BEGIN: %self[2.0,] msg[] 
BB 1
	outgoing: 6 2 
	datadep: 
	instructions:
BB 2
	outgoing: 3 
	datadep: 
	instructions:
		 0: def_%self 
		 1: def_%cl_3_0 
		 2: RECEIVEARG def_msg 
		 3: COPY TYPE_CurrentScope def_%current_scope 
		 4: COPY TYPE_ScopeModule def_%current_module 
BB 3
	outgoing: 4 6 
	datadep: 
	instructions:
		 0: 
		 1: %self->content_tag def_%cl_3_3 %self[2.0,] msg[2.2,] 	 SYMBOL:li,	 ARGS:Symbol,msg,
		 2: RETURN %cl_3_3[3.1,] %self[3.1,2.0,] 
BB 4
	outgoing: 6 
	datadep: 
	instructions:
		 0: def_%cl_3_4 
		 1: def_%cl_3_5 %cl_3_4[4.0,] 
		 2: RETURN %cl_3_5[4.1,] %self[2.0,] 
BB 6
	outgoing: 
	datadep: 
	instructions:
CLOSURE END: 
		 4: %cl_2_5->join def_%cl_2_6 %cl_2_5[3.3,] 	 SYMBOL:	 ARGS:
		 5: %cl_2_6->html_safe def_%cl_2_7 %cl_2_6[3.4,] 	 SYMBOL:	 ARGS:
		 6: RETURN %cl_2_7[3.5,] %self[2.0,] 
BB 4
	outgoing: 6 
	datadep: 
	instructions:
		 0: def_%cl_2_8 
		 1: def_%cl_2_9 %cl_2_8[4.0,] 
		 2: RETURN %cl_2_9[4.1,] %self[2.0,] 
BB 6
	outgoing: 
	datadep: 
	instructions:
CLOSURE END: 
		 3: %cl_1_3-><< def_%cl_1_5 %cl_1_3[3.1,] %cl_1_4[3.2,] 	 SYMBOL:	 ARGS:%cl_1_4,
		 4: RETURN %cl_1_5[3.3,] %self[3.1,3.2,2.0,] 
BB 4
	outgoing: 6 
	datadep: 
	instructions:
		 0: def_%cl_1_6 
		 1: def_%cl_1_7 %cl_1_6[4.0,] 
		 2: RETURN %cl_1_7[4.1,] %self[2.0,] 
BB 6
	outgoing: 
	datadep: 
	instructions:
CLOSURE END: 
		 17: RETURN %v_16[3.16,] %self[3.16,2.0,] 
BB 4
	outgoing: 6 
	datadep: 
	instructions:
		 0: RETURN %self[2.0,] 
BB 6
	outgoing: 
	datadep: 
	instructions:

