SET IRMethod, name = strip_gpg_signature instanceMethod = true
BB 1
	outgoing: 3 2 
	datadep: 
	instructions:
BB 2
	outgoing: 3 
	datadep: 
	instructions:
		 0: def_%self 
		 1: def_%v_0 
		 2: COPY TYPE_CurrentScope def_%current_scope 
		 3: COPY TYPE_ScopeModule def_%current_module 
		 4: 
		 5: RECEIVEARG def_text 
		 6: 
		 7: COPY TYPE_Regexp def_%v_3 
		 8: COPY TYPE_StringLiteral "" def_%v_4 
		 9: text->gsub def_%v_5 text[2.5,] %v_4[2.8,] 	 SYMBOL:	 ARGS:%v_3,%v_4,
		 10: RETURN %v_5[2.9,] %self[2.0,] 
BB 3
	outgoing: 
	datadep: 
	instructions:

