SET IRMethod, name = sort_options_hash instanceMethod = true
BB 1
	outgoing: 3 2 
	datadep: 
	instructions:
BB 2
	outgoing: 3 
	datadep: 
	instructions:
		 0: def_%self 
		 1: def_%v_0 
		 2: COPY TYPE_CurrentScope def_%current_scope 
		 3: COPY TYPE_ScopeModule def_%current_module 
		 4: 
		 5: 
		 6: %self->sort_value_name def_%v_3 %self[2.0,] 	 SYMBOL:	 ARGS:
		 7: %self->sort_title_name def_%v_4 %self[2.0,2.6,] 	 SYMBOL:	 ARGS:
		 8: %self->sort_value_recently_updated def_%v_5 %self[2.0,2.6,2.7,] 	 SYMBOL:	 ARGS:
		 9: %self->sort_title_recently_updated def_%v_6 %self[2.0,2.6,2.7,2.8,] 	 SYMBOL:	 ARGS:
		 10: %self->sort_value_oldest_updated def_%v_7 %self[2.0,2.6,2.7,2.8,2.9,] 	 SYMBOL:	 ARGS:
		 11: %self->sort_title_oldest_updated def_%v_8 %self[2.0,2.6,2.7,2.8,2.9,2.10,] 	 SYMBOL:	 ARGS:
		 12: %self->sort_value_recently_created def_%v_9 %self[2.0,2.6,2.7,2.8,2.9,2.10,2.11,] 	 SYMBOL:	 ARGS:
		 13: %self->sort_title_recently_created def_%v_10 %self[2.0,2.6,2.7,2.8,2.9,2.10,2.11,2.12,] 	 SYMBOL:	 ARGS:
		 14: %self->sort_value_oldest_created def_%v_11 %self[2.0,2.6,2.7,2.8,2.9,2.10,2.11,2.12,2.13,] 	 SYMBOL:	 ARGS:
		 15: %self->sort_title_oldest_created def_%v_12 %self[2.0,2.6,2.7,2.8,2.9,2.10,2.11,2.12,2.13,2.14,] 	 SYMBOL:	 ARGS:
		 16: %self->sort_value_milestone_soon def_%v_13 %self[2.0,2.6,2.7,2.8,2.9,2.10,2.11,2.12,2.13,2.14,2.15,] 	 SYMBOL:	 ARGS:
		 17: %self->sort_title_milestone_soon def_%v_14 %self[2.0,2.6,2.7,2.8,2.9,2.10,2.11,2.12,2.13,2.14,2.15,2.16,] 	 SYMBOL:	 ARGS:
		 18: %self->sort_value_milestone_later def_%v_15 %self[2.0,2.6,2.7,2.8,2.9,2.10,2.11,2.12,2.13,2.14,2.15,2.16,2.17,] 	 SYMBOL:	 ARGS:
		 19: %self->sort_title_milestone_later def_%v_16 %self[2.0,2.6,2.7,2.8,2.9,2.10,2.11,2.12,2.13,2.14,2.15,2.16,2.17,2.18,] 	 SYMBOL:	 ARGS:
		 20: %self->sort_value_due_date_soon def_%v_17 %self[2.0,2.6,2.7,2.8,2.9,2.10,2.11,2.12,2.13,2.14,2.15,2.16,2.17,2.18,2.19,] 	 SYMBOL:	 ARGS:
		 21: %self->sort_title_due_date_soon def_%v_18 %self[2.0,2.6,2.7,2.8,2.9,2.10,2.11,2.12,2.13,2.14,2.15,2.16,2.17,2.18,2.19,2.20,] 	 SYMBOL:	 ARGS:
		 22: %self->sort_value_due_date_later def_%v_19 %self[2.0,2.6,2.7,2.8,2.9,2.10,2.11,2.12,2.13,2.14,2.15,2.16,2.17,2.18,2.19,2.20,2.21,] 	 SYMBOL:	 ARGS:
		 23: %self->sort_title_due_date_later def_%v_20 %self[2.0,2.6,2.7,2.8,2.9,2.10,2.11,2.12,2.13,2.14,2.15,2.16,2.17,2.18,2.19,2.20,2.21,2.22,] 	 SYMBOL:	 ARGS:
		 24: %self->sort_value_largest_repo def_%v_21 %self[2.0,2.6,2.7,2.8,2.9,2.10,2.11,2.12,2.13,2.14,2.15,2.16,2.17,2.18,2.19,2.20,2.21,2.22,2.23,] 	 SYMBOL:	 ARGS:
		 25: %self->sort_title_largest_repo def_%v_22 %self[2.0,2.6,2.7,2.8,2.9,2.10,2.11,2.12,2.13,2.14,2.15,2.16,2.17,2.18,2.19,2.20,2.21,2.22,2.23,2.24,] 	 SYMBOL:	 ARGS:
		 26: %self->sort_value_recently_signin def_%v_23 %self[2.0,2.6,2.7,2.8,2.9,2.10,2.11,2.12,2.13,2.14,2.15,2.16,2.17,2.18,2.19,2.20,2.21,2.22,2.23,2.24,2.25,] 	 SYMBOL:	 ARGS:
		 27: %self->sort_title_recently_signin def_%v_24 %self[2.0,2.6,2.7,2.8,2.9,2.10,2.11,2.12,2.13,2.14,2.15,2.16,2.17,2.18,2.19,2.20,2.21,2.22,2.23,2.24,2.25,2.26,] 	 SYMBOL:	 ARGS:
		 28: %self->sort_value_oldest_signin def_%v_25 %self[2.0,2.6,2.7,2.8,2.9,2.10,2.11,2.12,2.13,2.14,2.15,2.16,2.17,2.18,2.19,2.20,2.21,2.22,2.23,2.24,2.25,2.26,2.27,] 	 SYMBOL:	 ARGS:
		 29: %self->sort_title_oldest_signin def_%v_26 %self[2.0,2.6,2.7,2.8,2.9,2.10,2.11,2.12,2.13,2.14,2.15,2.16,2.17,2.18,2.19,2.20,2.21,2.22,2.23,2.24,2.25,2.26,2.27,2.28,] 	 SYMBOL:	 ARGS:
		 30: %self->sort_value_downvotes def_%v_27 %self[2.0,2.6,2.7,2.8,2.9,2.10,2.11,2.12,2.13,2.14,2.15,2.16,2.17,2.18,2.19,2.20,2.21,2.22,2.23,2.24,2.25,2.26,2.27,2.28,2.29,] 	 SYMBOL:	 ARGS:
		 31: %self->sort_title_downvotes def_%v_28 %self[2.0,2.6,2.7,2.8,2.9,2.10,2.11,2.12,2.13,2.14,2.15,2.16,2.17,2.18,2.19,2.20,2.21,2.22,2.23,2.24,2.25,2.26,2.27,2.28,2.29,2.30,] 	 SYMBOL:	 ARGS:
		 32: %self->sort_value_upvotes def_%v_29 %self[2.0,2.6,2.7,2.8,2.9,2.10,2.11,2.12,2.13,2.14,2.15,2.16,2.17,2.18,2.19,2.20,2.21,2.22,2.23,2.24,2.25,2.26,2.27,2.28,2.29,2.30,2.31,] 	 SYMBOL:	 ARGS:
		 33: %self->sort_title_upvotes def_%v_30 %self[2.0,2.6,2.7,2.8,2.9,2.10,2.11,2.12,2.13,2.14,2.15,2.16,2.17,2.18,2.19,2.20,2.21,2.22,2.23,2.24,2.25,2.26,2.27,2.28,2.29,2.30,2.31,2.32,] 	 SYMBOL:	 ARGS:
		 34: HASH- def_%v_31 %v_3[2.6,] %v_4[2.7,] %v_5[2.8,] %v_6[2.9,] %v_7[2.10,] %v_8[2.11,] %v_9[2.12,] %v_10[2.13,] %v_11[2.14,] %v_12[2.15,] %v_13[2.16,] %v_14[2.17,] %v_15[2.18,] %v_16[2.19,] %v_17[2.20,] %v_18[2.21,] %v_19[2.22,] %v_20[2.23,] %v_21[2.24,] %v_22[2.25,] %v_23[2.26,] %v_24[2.27,] %v_25[2.28,] %v_26[2.29,] %v_27[2.30,] %v_28[2.31,] %v_29[2.32,] %v_30[2.33,] 
		 35: RETURN %v_31[2.34,] %self[2.0,2.6,2.7,2.8,2.9,2.10,2.11,2.12,2.13,2.14,2.15,2.16,2.17,2.18,2.19,2.20,2.21,2.22,2.23,2.24,2.25,2.26,2.27,2.28,2.29,2.30,2.31,2.32,2.33,] 
BB 3
	outgoing: 
	datadep: 
	instructions:

SET IRMethod, name = projects_sort_options_hash instanceMethod = true
BB 1
	outgoing: 3 2 
	datadep: 
	instructions:
BB 2
	outgoing: 3 
	datadep: 
	instructions:
		 0: def_%self 
		 1: def_%v_0 
		 2: COPY TYPE_CurrentScope def_%current_scope 
		 3: COPY TYPE_ScopeModule def_%current_module 
		 4: 
		 5: 
		 6: %self->sort_value_name def_%v_3 %self[2.0,] 	 SYMBOL:	 ARGS:
		 7: %self->sort_title_name def_%v_4 %self[2.0,2.6,] 	 SYMBOL:	 ARGS:
		 8: %self->sort_value_recently_updated def_%v_5 %self[2.0,2.6,2.7,] 	 SYMBOL:	 ARGS:
		 9: %self->sort_title_recently_updated def_%v_6 %self[2.0,2.6,2.7,2.8,] 	 SYMBOL:	 ARGS:
		 10: %self->sort_value_oldest_updated def_%v_7 %self[2.0,2.6,2.7,2.8,2.9,] 	 SYMBOL:	 ARGS:
		 11: %self->sort_title_oldest_updated def_%v_8 %self[2.0,2.6,2.7,2.8,2.9,2.10,] 	 SYMBOL:	 ARGS:
		 12: %self->sort_value_recently_created def_%v_9 %self[2.0,2.6,2.7,2.8,2.9,2.10,2.11,] 	 SYMBOL:	 ARGS:
		 13: %self->sort_title_recently_created def_%v_10 %self[2.0,2.6,2.7,2.8,2.9,2.10,2.11,2.12,] 	 SYMBOL:	 ARGS:
		 14: %self->sort_value_oldest_created def_%v_11 %self[2.0,2.6,2.7,2.8,2.9,2.10,2.11,2.12,2.13,] 	 SYMBOL:	 ARGS:
		 15: %self->sort_title_oldest_created def_%v_12 %self[2.0,2.6,2.7,2.8,2.9,2.10,2.11,2.12,2.13,2.14,] 	 SYMBOL:	 ARGS:
		 16: HASH- def_%v_13 %v_3[2.6,] %v_4[2.7,] %v_5[2.8,] %v_6[2.9,] %v_7[2.10,] %v_8[2.11,] %v_9[2.12,] %v_10[2.13,] %v_11[2.14,] %v_12[2.15,] 
		 17: RETURN %v_13[2.16,] %self[2.0,2.6,2.7,2.8,2.9,2.10,2.11,2.12,2.13,2.14,2.15,] 
BB 3
	outgoing: 
	datadep: 
	instructions:

SET IRMethod, name = sort_title_oldest_updated instanceMethod = true
BB 1
	outgoing: 3 2 
	datadep: 
	instructions:
BB 2
	outgoing: 3 
	datadep: 
	instructions:
		 0: def_%self 
		 1: def_%v_0 
		 2: COPY TYPE_CurrentScope def_%current_scope 
		 3: COPY TYPE_ScopeModule def_%current_module 
		 4: 
		 5: 
		 6: COPY TYPE_StringLiteral "Oldest updated" def_%v_3 
		 7: RETURN %v_3[2.6,] %self[2.0,] 
BB 3
	outgoing: 
	datadep: 
	instructions:

SET IRMethod, name = sort_title_recently_updated instanceMethod = true
BB 1
	outgoing: 3 2 
	datadep: 
	instructions:
BB 2
	outgoing: 3 
	datadep: 
	instructions:
		 0: def_%self 
		 1: def_%v_0 
		 2: COPY TYPE_CurrentScope def_%current_scope 
		 3: COPY TYPE_ScopeModule def_%current_module 
		 4: 
		 5: 
		 6: COPY TYPE_StringLiteral "Last updated" def_%v_3 
		 7: RETURN %v_3[2.6,] %self[2.0,] 
BB 3
	outgoing: 
	datadep: 
	instructions:

SET IRMethod, name = sort_title_oldest_created instanceMethod = true
BB 1
	outgoing: 3 2 
	datadep: 
	instructions:
BB 2
	outgoing: 3 
	datadep: 
	instructions:
		 0: def_%self 
		 1: def_%v_0 
		 2: COPY TYPE_CurrentScope def_%current_scope 
		 3: COPY TYPE_ScopeModule def_%current_module 
		 4: 
		 5: 
		 6: COPY TYPE_StringLiteral "Oldest created" def_%v_3 
		 7: RETURN %v_3[2.6,] %self[2.0,] 
BB 3
	outgoing: 
	datadep: 
	instructions:

SET IRMethod, name = sort_title_recently_created instanceMethod = true
BB 1
	outgoing: 3 2 
	datadep: 
	instructions:
BB 2
	outgoing: 3 
	datadep: 
	instructions:
		 0: def_%self 
		 1: def_%v_0 
		 2: COPY TYPE_CurrentScope def_%current_scope 
		 3: COPY TYPE_ScopeModule def_%current_module 
		 4: 
		 5: 
		 6: COPY TYPE_StringLiteral "Last created" def_%v_3 
		 7: RETURN %v_3[2.6,] %self[2.0,] 
BB 3
	outgoing: 
	datadep: 
	instructions:

SET IRMethod, name = sort_title_milestone_soon instanceMethod = true
BB 1
	outgoing: 3 2 
	datadep: 
	instructions:
BB 2
	outgoing: 3 
	datadep: 
	instructions:
		 0: def_%self 
		 1: def_%v_0 
		 2: COPY TYPE_CurrentScope def_%current_scope 
		 3: COPY TYPE_ScopeModule def_%current_module 
		 4: 
		 5: 
		 6: COPY TYPE_StringLiteral "Milestone due soon" def_%v_3 
		 7: RETURN %v_3[2.6,] %self[2.0,] 
BB 3
	outgoing: 
	datadep: 
	instructions:

SET IRMethod, name = sort_title_milestone_later instanceMethod = true
BB 1
	outgoing: 3 2 
	datadep: 
	instructions:
BB 2
	outgoing: 3 
	datadep: 
	instructions:
		 0: def_%self 
		 1: def_%v_0 
		 2: COPY TYPE_CurrentScope def_%current_scope 
		 3: COPY TYPE_ScopeModule def_%current_module 
		 4: 
		 5: 
		 6: COPY TYPE_StringLiteral "Milestone due later" def_%v_3 
		 7: RETURN %v_3[2.6,] %self[2.0,] 
BB 3
	outgoing: 
	datadep: 
	instructions:

SET IRMethod, name = sort_title_due_date_soon instanceMethod = true
BB 1
	outgoing: 3 2 
	datadep: 
	instructions:
BB 2
	outgoing: 3 
	datadep: 
	instructions:
		 0: def_%self 
		 1: def_%v_0 
		 2: COPY TYPE_CurrentScope def_%current_scope 
		 3: COPY TYPE_ScopeModule def_%current_module 
		 4: 
		 5: 
		 6: COPY TYPE_StringLiteral "Due soon" def_%v_3 
		 7: RETURN %v_3[2.6,] %self[2.0,] 
BB 3
	outgoing: 
	datadep: 
	instructions:

SET IRMethod, name = sort_title_due_date_later instanceMethod = true
BB 1
	outgoing: 3 2 
	datadep: 
	instructions:
BB 2
	outgoing: 3 
	datadep: 
	instructions:
		 0: def_%self 
		 1: def_%v_0 
		 2: COPY TYPE_CurrentScope def_%current_scope 
		 3: COPY TYPE_ScopeModule def_%current_module 
		 4: 
		 5: 
		 6: COPY TYPE_StringLiteral "Due later" def_%v_3 
		 7: RETURN %v_3[2.6,] %self[2.0,] 
BB 3
	outgoing: 
	datadep: 
	instructions:

SET IRMethod, name = sort_title_name instanceMethod = true
BB 1
	outgoing: 3 2 
	datadep: 
	instructions:
BB 2
	outgoing: 3 
	datadep: 
	instructions:
		 0: def_%self 
		 1: def_%v_0 
		 2: COPY TYPE_CurrentScope def_%current_scope 
		 3: COPY TYPE_ScopeModule def_%current_module 
		 4: 
		 5: 
		 6: COPY TYPE_StringLiteral "Name" def_%v_3 
		 7: RETURN %v_3[2.6,] %self[2.0,] 
BB 3
	outgoing: 
	datadep: 
	instructions:

SET IRMethod, name = sort_title_largest_repo instanceMethod = true
BB 1
	outgoing: 3 2 
	datadep: 
	instructions:
BB 2
	outgoing: 3 
	datadep: 
	instructions:
		 0: def_%self 
		 1: def_%v_0 
		 2: COPY TYPE_CurrentScope def_%current_scope 
		 3: COPY TYPE_ScopeModule def_%current_module 
		 4: 
		 5: 
		 6: COPY TYPE_StringLiteral "Largest repository" def_%v_3 
		 7: RETURN %v_3[2.6,] %self[2.0,] 
BB 3
	outgoing: 
	datadep: 
	instructions:

SET IRMethod, name = sort_title_recently_signin instanceMethod = true
BB 1
	outgoing: 3 2 
	datadep: 
	instructions:
BB 2
	outgoing: 3 
	datadep: 
	instructions:
		 0: def_%self 
		 1: def_%v_0 
		 2: COPY TYPE_CurrentScope def_%current_scope 
		 3: COPY TYPE_ScopeModule def_%current_module 
		 4: 
		 5: 
		 6: COPY TYPE_StringLiteral "Recent sign in" def_%v_3 
		 7: RETURN %v_3[2.6,] %self[2.0,] 
BB 3
	outgoing: 
	datadep: 
	instructions:

SET IRMethod, name = sort_title_oldest_signin instanceMethod = true
BB 1
	outgoing: 3 2 
	datadep: 
	instructions:
BB 2
	outgoing: 3 
	datadep: 
	instructions:
		 0: def_%self 
		 1: def_%v_0 
		 2: COPY TYPE_CurrentScope def_%current_scope 
		 3: COPY TYPE_ScopeModule def_%current_module 
		 4: 
		 5: 
		 6: COPY TYPE_StringLiteral "Oldest sign in" def_%v_3 
		 7: RETURN %v_3[2.6,] %self[2.0,] 
BB 3
	outgoing: 
	datadep: 
	instructions:

SET IRMethod, name = sort_title_downvotes instanceMethod = true
BB 1
	outgoing: 3 2 
	datadep: 
	instructions:
BB 2
	outgoing: 3 
	datadep: 
	instructions:
		 0: def_%self 
		 1: def_%v_0 
		 2: COPY TYPE_CurrentScope def_%current_scope 
		 3: COPY TYPE_ScopeModule def_%current_module 
		 4: 
		 5: 
		 6: COPY TYPE_StringLiteral "Least popular" def_%v_3 
		 7: RETURN %v_3[2.6,] %self[2.0,] 
BB 3
	outgoing: 
	datadep: 
	instructions:

SET IRMethod, name = sort_title_upvotes instanceMethod = true
BB 1
	outgoing: 3 2 
	datadep: 
	instructions:
BB 2
	outgoing: 3 
	datadep: 
	instructions:
		 0: def_%self 
		 1: def_%v_0 
		 2: COPY TYPE_CurrentScope def_%current_scope 
		 3: COPY TYPE_ScopeModule def_%current_module 
		 4: 
		 5: 
		 6: COPY TYPE_StringLiteral "Most popular" def_%v_3 
		 7: RETURN %v_3[2.6,] %self[2.0,] 
BB 3
	outgoing: 
	datadep: 
	instructions:

SET IRMethod, name = sort_value_oldest_updated instanceMethod = true
BB 1
	outgoing: 3 2 
	datadep: 
	instructions:
BB 2
	outgoing: 3 
	datadep: 
	instructions:
		 0: def_%self 
		 1: def_%v_0 
		 2: COPY TYPE_CurrentScope def_%current_scope 
		 3: COPY TYPE_ScopeModule def_%current_module 
		 4: 
		 5: 
		 6: COPY TYPE_StringLiteral "updated_asc" def_%v_3 
		 7: RETURN %v_3[2.6,] %self[2.0,] 
BB 3
	outgoing: 
	datadep: 
	instructions:

SET IRMethod, name = sort_value_recently_updated instanceMethod = true
BB 1
	outgoing: 3 2 
	datadep: 
	instructions:
BB 2
	outgoing: 3 
	datadep: 
	instructions:
		 0: def_%self 
		 1: def_%v_0 
		 2: COPY TYPE_CurrentScope def_%current_scope 
		 3: COPY TYPE_ScopeModule def_%current_module 
		 4: 
		 5: 
		 6: COPY TYPE_StringLiteral "updated_desc" def_%v_3 
		 7: RETURN %v_3[2.6,] %self[2.0,] 
BB 3
	outgoing: 
	datadep: 
	instructions:

SET IRMethod, name = sort_value_oldest_created instanceMethod = true
BB 1
	outgoing: 3 2 
	datadep: 
	instructions:
BB 2
	outgoing: 3 
	datadep: 
	instructions:
		 0: def_%self 
		 1: def_%v_0 
		 2: COPY TYPE_CurrentScope def_%current_scope 
		 3: COPY TYPE_ScopeModule def_%current_module 
		 4: 
		 5: 
		 6: COPY TYPE_StringLiteral "id_asc" def_%v_3 
		 7: RETURN %v_3[2.6,] %self[2.0,] 
BB 3
	outgoing: 
	datadep: 
	instructions:

SET IRMethod, name = sort_value_recently_created instanceMethod = true
BB 1
	outgoing: 3 2 
	datadep: 
	instructions:
BB 2
	outgoing: 3 
	datadep: 
	instructions:
		 0: def_%self 
		 1: def_%v_0 
		 2: COPY TYPE_CurrentScope def_%current_scope 
		 3: COPY TYPE_ScopeModule def_%current_module 
		 4: 
		 5: 
		 6: COPY TYPE_StringLiteral "id_desc" def_%v_3 
		 7: RETURN %v_3[2.6,] %self[2.0,] 
BB 3
	outgoing: 
	datadep: 
	instructions:

SET IRMethod, name = sort_value_milestone_soon instanceMethod = true
BB 1
	outgoing: 3 2 
	datadep: 
	instructions:
BB 2
	outgoing: 3 
	datadep: 
	instructions:
		 0: def_%self 
		 1: def_%v_0 
		 2: COPY TYPE_CurrentScope def_%current_scope 
		 3: COPY TYPE_ScopeModule def_%current_module 
		 4: 
		 5: 
		 6: COPY TYPE_StringLiteral "milestone_due_asc" def_%v_3 
		 7: RETURN %v_3[2.6,] %self[2.0,] 
BB 3
	outgoing: 
	datadep: 
	instructions:

SET IRMethod, name = sort_value_milestone_later instanceMethod = true
BB 1
	outgoing: 3 2 
	datadep: 
	instructions:
BB 2
	outgoing: 3 
	datadep: 
	instructions:
		 0: def_%self 
		 1: def_%v_0 
		 2: COPY TYPE_CurrentScope def_%current_scope 
		 3: COPY TYPE_ScopeModule def_%current_module 
		 4: 
		 5: 
		 6: COPY TYPE_StringLiteral "milestone_due_desc" def_%v_3 
		 7: RETURN %v_3[2.6,] %self[2.0,] 
BB 3
	outgoing: 
	datadep: 
	instructions:

SET IRMethod, name = sort_value_due_date_soon instanceMethod = true
BB 1
	outgoing: 3 2 
	datadep: 
	instructions:
BB 2
	outgoing: 3 
	datadep: 
	instructions:
		 0: def_%self 
		 1: def_%v_0 
		 2: COPY TYPE_CurrentScope def_%current_scope 
		 3: COPY TYPE_ScopeModule def_%current_module 
		 4: 
		 5: 
		 6: COPY TYPE_StringLiteral "due_date_asc" def_%v_3 
		 7: RETURN %v_3[2.6,] %self[2.0,] 
BB 3
	outgoing: 
	datadep: 
	instructions:

SET IRMethod, name = sort_value_due_date_later instanceMethod = true
BB 1
	outgoing: 3 2 
	datadep: 
	instructions:
BB 2
	outgoing: 3 
	datadep: 
	instructions:
		 0: def_%self 
		 1: def_%v_0 
		 2: COPY TYPE_CurrentScope def_%current_scope 
		 3: COPY TYPE_ScopeModule def_%current_module 
		 4: 
		 5: 
		 6: COPY TYPE_StringLiteral "due_date_desc" def_%v_3 
		 7: RETURN %v_3[2.6,] %self[2.0,] 
BB 3
	outgoing: 
	datadep: 
	instructions:

SET IRMethod, name = sort_value_name instanceMethod = true
BB 1
	outgoing: 3 2 
	datadep: 
	instructions:
BB 2
	outgoing: 3 
	datadep: 
	instructions:
		 0: def_%self 
		 1: def_%v_0 
		 2: COPY TYPE_CurrentScope def_%current_scope 
		 3: COPY TYPE_ScopeModule def_%current_module 
		 4: 
		 5: 
		 6: COPY TYPE_StringLiteral "name_asc" def_%v_3 
		 7: RETURN %v_3[2.6,] %self[2.0,] 
BB 3
	outgoing: 
	datadep: 
	instructions:

SET IRMethod, name = sort_value_largest_repo instanceMethod = true
BB 1
	outgoing: 3 2 
	datadep: 
	instructions:
BB 2
	outgoing: 3 
	datadep: 
	instructions:
		 0: def_%self 
		 1: def_%v_0 
		 2: COPY TYPE_CurrentScope def_%current_scope 
		 3: COPY TYPE_ScopeModule def_%current_module 
		 4: 
		 5: 
		 6: COPY TYPE_StringLiteral "repository_size_desc" def_%v_3 
		 7: RETURN %v_3[2.6,] %self[2.0,] 
BB 3
	outgoing: 
	datadep: 
	instructions:

SET IRMethod, name = sort_value_recently_signin instanceMethod = true
BB 1
	outgoing: 3 2 
	datadep: 
	instructions:
BB 2
	outgoing: 3 
	datadep: 
	instructions:
		 0: def_%self 
		 1: def_%v_0 
		 2: COPY TYPE_CurrentScope def_%current_scope 
		 3: COPY TYPE_ScopeModule def_%current_module 
		 4: 
		 5: 
		 6: COPY TYPE_StringLiteral "recent_sign_in" def_%v_3 
		 7: RETURN %v_3[2.6,] %self[2.0,] 
BB 3
	outgoing: 
	datadep: 
	instructions:

SET IRMethod, name = sort_value_oldest_signin instanceMethod = true
BB 1
	outgoing: 3 2 
	datadep: 
	instructions:
BB 2
	outgoing: 3 
	datadep: 
	instructions:
		 0: def_%self 
		 1: def_%v_0 
		 2: COPY TYPE_CurrentScope def_%current_scope 
		 3: COPY TYPE_ScopeModule def_%current_module 
		 4: 
		 5: 
		 6: COPY TYPE_StringLiteral "oldest_sign_in" def_%v_3 
		 7: RETURN %v_3[2.6,] %self[2.0,] 
BB 3
	outgoing: 
	datadep: 
	instructions:

SET IRMethod, name = sort_value_downvotes instanceMethod = true
BB 1
	outgoing: 3 2 
	datadep: 
	instructions:
BB 2
	outgoing: 3 
	datadep: 
	instructions:
		 0: def_%self 
		 1: def_%v_0 
		 2: COPY TYPE_CurrentScope def_%current_scope 
		 3: COPY TYPE_ScopeModule def_%current_module 
		 4: 
		 5: 
		 6: COPY TYPE_StringLiteral "downvotes_desc" def_%v_3 
		 7: RETURN %v_3[2.6,] %self[2.0,] 
BB 3
	outgoing: 
	datadep: 
	instructions:

SET IRMethod, name = sort_value_upvotes instanceMethod = true
BB 1
	outgoing: 3 2 
	datadep: 
	instructions:
BB 2
	outgoing: 3 
	datadep: 
	instructions:
		 0: def_%self 
		 1: def_%v_0 
		 2: COPY TYPE_CurrentScope def_%current_scope 
		 3: COPY TYPE_ScopeModule def_%current_module 
		 4: 
		 5: 
		 6: COPY TYPE_StringLiteral "upvotes_desc" def_%v_3 
		 7: RETURN %v_3[2.6,] %self[2.0,] 
BB 3
	outgoing: 
	datadep: 
	instructions:

