SET IRMethod, name = viewed_at instanceMethod = true
BB 1
	outgoing: 3 2 
	datadep: 
	instructions:
BB 2
	outgoing: 3 
	datadep: 
	instructions:
		 0: def_%self 
		 1: def_%v_0 
		 2: COPY TYPE_CurrentScope def_%current_scope 
		 3: COPY TYPE_ScopeModule def_%current_module 
		 4: 
		 5: 
		 6: %self->updated_at def_%v_3 %self[2.0,] 	 SYMBOL:	 ARGS:
		 7: RETURN %v_3[2.6,] %self[2.0,2.6,] 
BB 3
	outgoing: 
	datadep: 
	instructions:

SET IRMethod, name = set_viewed_at_to_now instanceMethod = true
BB 1
	outgoing: 3 2 
	datadep: 
	instructions:
BB 2
	outgoing: 3 
	datadep: 
	instructions:
		 0: def_%self 
		 1: def_%v_0 
		 2: COPY TYPE_CurrentScope def_%current_scope 
		 3: COPY TYPE_ScopeModule def_%current_module 
		 4: 
		 5: 
		 6: (Time) def_%v_3 
		 7: %v_3->now def_%v_4 %v_3[2.6,] 	 SYMBOL:	 ARGS:
		 8: ATTRASSIGN %self->current_viewed_at %v_4[2.7,] 
		 9: 
		 10: %self->current_viewed_at def_%v_5 %self[2.0,2.8,] 	 SYMBOL:	 ARGS:
		 11: ATTRASSIGN %self->past_viewed_at %v_5[2.10,] 
		 12: RETURN %v_5[2.10,] %self[2.0,2.8,2.10,2.11,] 
BB 3
	outgoing: 
	datadep: 
	instructions:

