SET IRMethod, name = base_dir instanceMethod = true
BB 1
	outgoing: 3 2 
	datadep: 
	instructions:
BB 2
	outgoing: 3 
	datadep: 
	instructions:
		 0: def_%self 
		 1: def_%v_0 
		 2: COPY TYPE_CurrentScope def_%current_scope 
		 3: COPY TYPE_ScopeModule def_%current_module 
		 4: 
		 5: 
		 6: (Rails) def_%v_3 
		 7: %v_3->root def_%v_4 %v_3[2.6,] 	 SYMBOL:	 ARGS:
		 8: COPY TYPE_StringLiteral "uploads" def_%v_5 
		 9: %v_4->join def_%v_6 %v_4[2.7,] %v_5[2.8,] 	 SYMBOL:	 ARGS:%v_5,
		 10: RETURN %v_6[2.9,] %self[2.0,] 
BB 3
	outgoing: 
	datadep: 
	instructions:

SET IRMethod, name = url instanceMethod = true
BB 1
	outgoing: 3 2 
	datadep: 
	instructions:
BB 2
	outgoing: 3 
	datadep: 
	instructions:
		 0: def_%self 
		 1: def_%v_0 
		 2: COPY TYPE_CurrentScope def_%current_scope 
		 3: COPY TYPE_ScopeModule def_%current_module 
		 4: 
		 5: 
		 6: %self->super def_%v_3 %v_0[2.1,] 	 SYMBOL:	 ARGS:
		 7: %self->base_dir def_%v_4 %self[2.0,] 	 SYMBOL:	 ARGS:
		 8: %v_4->to_s def_%v_5 %v_4[2.7,] 	 SYMBOL:	 ARGS:
		 9: COPY TYPE_StringLiteral "//" def_%v_6 
		 10: (IMG_DOMAIN) def_%v_7 
		 11: BUILDSTRING def_%v_8 %v_6[2.9,] %v_7[2.10,] 
		 12: %v_3->sub def_%v_9 %v_3[2.6,] %v_5[2.8,] %v_8[2.11,] 	 SYMBOL:	 ARGS:%v_5,%v_8,
		 13: RETURN %v_9[2.12,] %self[2.0,2.7,] 
BB 3
	outgoing: 
	datadep: 
	instructions:

SET IRMethod, name = store_dir instanceMethod = true
BB 1
	outgoing: 3 2 
	datadep: 
	instructions:
BB 2
	outgoing: 3 
	datadep: 
	instructions:
		 0: def_%self 
		 1: def_%v_0 
		 2: COPY TYPE_CurrentScope def_%current_scope 
		 3: COPY TYPE_ScopeModule def_%current_module 
		 4: 
		 5: 
		 6: COPY TYPE_StringLiteral "%09d" def_%v_3 
		 7: %self->model def_%v_4 %self[2.0,] 	 SYMBOL:	 ARGS:
		 8: %v_4->id def_%v_5 %v_4[2.7,] 	 SYMBOL:	 ARGS:
		 9: %v_3->% def_%v_6 %v_3[2.6,] %v_5[2.8,] 	 SYMBOL:	 ARGS:%v_5,
		 10: COPY TYPE_Regexp def_%v_7 
		 11: %v_6->scan def_%v_8 %v_6[2.9,] 	 SYMBOL:	 ARGS:%v_7,
		 12: %v_8->reverse def_%v_9 %v_8[2.11,] 	 SYMBOL:	 ARGS:
		 13: COPY TYPE_StringLiteral "/" def_%v_10 
		 14: %v_9->join def_%v_11 %v_9[2.12,] %v_10[2.13,] 	 SYMBOL:	 ARGS:%v_10,
		 15: COPY TYPE_PASS def_partition %v_11[2.14,] 
		 16: 
		 17: %self->base_dir def_%v_12 %self[2.0,2.7,] 	 SYMBOL:	 ARGS:
		 18: COPY TYPE_StringLiteral "stylesheets/" def_%v_13 
		 19: BUILDSTRING def_%v_14 %v_13[2.18,] partition[2.15,] 
		 20: %v_12->join def_%v_15 %v_12[2.17,] %v_14[2.19,] 	 SYMBOL:	 ARGS:%v_14,
		 21: RETURN %v_15[2.20,] %self[2.0,2.7,2.17,] 
BB 3
	outgoing: 
	datadep: 
	instructions:

SET IRMethod, name = extension_white_list instanceMethod = true
BB 1
	outgoing: 3 2 
	datadep: 
	instructions:
BB 2
	outgoing: 3 
	datadep: 
	instructions:
		 0: def_%self 
		 1: def_%v_0 
		 2: COPY TYPE_CurrentScope def_%current_scope 
		 3: COPY TYPE_ScopeModule def_%current_module 
		 4: 
		 5: 
		 6: COPY TYPE_StringLiteral "css" def_%v_3 
		 7: COPY TYPE_Array def_%v_4 %v_3[2.6,] 
		 8: RETURN %v_4[2.7,] %self[2.0,] 
BB 3
	outgoing: 
	datadep: 
	instructions:

