SET IRMethod, name = initialize_properties instanceMethod = true
BB 1
	outgoing: 6 2 
	datadep: 
	instructions:
BB 2
	outgoing: 3 4 
	datadep: 
	instructions:
		 0: def_%self 
		 1: def_%v_0 
		 2: COPY TYPE_CurrentScope def_%current_scope 
		 3: COPY TYPE_ScopeModule def_%current_module 
		 4: 
		 5: 
		 6: %self->properties def_%v_3 %self[2.0,] 	 SYMBOL:	 ARGS:
		 7: %v_3->nil? def_%v_4 %v_3[2.6,] 	 SYMBOL:	 ARGS:
		 8: BRANCH %v_4[2.7,] 
BB 3
	outgoing: 6 
	datadep: 
	instructions:
		 0: 
		 1: HASH- def_%v_5 
		 2: ATTRASSIGN %self->properties %v_5[3.1,] 
		 3: 
		 4: ATTRASSIGN %self->notify_only_broken_builds 
		 5: COPY TYPE_Boolean def_%v_6 
		 6: RETURN %self[3.2,3.4,2.0,] 
BB 4
	outgoing: 6 
	datadep: 
	instructions:
		 0: RETURN %self[2.0,] 
BB 6
	outgoing: 
	datadep: 
	instructions:

SET IRMethod, name = title instanceMethod = true
BB 1
	outgoing: 3 2 
	datadep: 
	instructions:
BB 2
	outgoing: 3 
	datadep: 
	instructions:
		 0: def_%self 
		 1: def_%v_0 
		 2: COPY TYPE_CurrentScope def_%current_scope 
		 3: COPY TYPE_ScopeModule def_%current_module 
		 4: 
		 5: 
		 6: COPY TYPE_StringLiteral "HipChat" def_%v_3 
		 7: RETURN %v_3[2.6,] %self[2.0,] 
BB 3
	outgoing: 
	datadep: 
	instructions:

SET IRMethod, name = description instanceMethod = true
BB 1
	outgoing: 3 2 
	datadep: 
	instructions:
BB 2
	outgoing: 3 
	datadep: 
	instructions:
		 0: def_%self 
		 1: def_%v_0 
		 2: COPY TYPE_CurrentScope def_%current_scope 
		 3: COPY TYPE_ScopeModule def_%current_module 
		 4: 
		 5: 
		 6: COPY TYPE_StringLiteral "Private group chat and IM" def_%v_3 
		 7: RETURN %v_3[2.6,] %self[2.0,] 
BB 3
	outgoing: 
	datadep: 
	instructions:

SET IRMethod, name = to_param instanceMethod = true
BB 1
	outgoing: 3 2 
	datadep: 
	instructions:
BB 2
	outgoing: 3 
	datadep: 
	instructions:
		 0: def_%self 
		 1: def_%v_0 
		 2: COPY TYPE_CurrentScope def_%current_scope 
		 3: COPY TYPE_ScopeModule def_%current_module 
		 4: 
		 5: 
		 6: COPY TYPE_StringLiteral "hipchat" def_%v_3 
		 7: RETURN %v_3[2.6,] %self[2.0,] 
BB 3
	outgoing: 
	datadep: 
	instructions:

SET IRMethod, name = fields instanceMethod = true
BB 1
	outgoing: 3 2 
	datadep: 
	instructions:
BB 2
	outgoing: 3 
	datadep: 
	instructions:
		 0: def_%self 
		 1: def_%v_0 
		 2: COPY TYPE_CurrentScope def_%current_scope 
		 3: COPY TYPE_ScopeModule def_%current_module 
		 4: 
		 5: 
		 6: COPY TYPE_StringLiteral "text" def_%v_3 
		 7: COPY TYPE_StringLiteral "token" def_%v_4 
		 8: COPY TYPE_StringLiteral "Room token" def_%v_5 
		 9: HASH-type-name-placeholder- def_%v_6 %v_3[2.6,] %v_4[2.7,] %v_5[2.8,] 
		 10: COPY TYPE_StringLiteral "text" def_%v_7 
		 11: COPY TYPE_StringLiteral "room" def_%v_8 
		 12: COPY TYPE_StringLiteral "Room name or ID" def_%v_9 
		 13: HASH-type-name-placeholder- def_%v_10 %v_7[2.10,] %v_8[2.11,] %v_9[2.12,] 
		 14: COPY TYPE_StringLiteral "checkbox" def_%v_11 
		 15: COPY TYPE_StringLiteral "notify" def_%v_12 
		 16: HASH-type-name- def_%v_13 %v_11[2.14,] %v_12[2.15,] 
		 17: COPY TYPE_StringLiteral "select" def_%v_14 
		 18: COPY TYPE_StringLiteral "color" def_%v_15 
		 19: COPY TYPE_StringLiteral "yellow" def_%v_16 
		 20: COPY TYPE_StringLiteral "red" def_%v_17 
		 21: COPY TYPE_StringLiteral "green" def_%v_18 
		 22: COPY TYPE_StringLiteral "purple" def_%v_19 
		 23: COPY TYPE_StringLiteral "gray" def_%v_20 
		 24: COPY TYPE_StringLiteral "random" def_%v_21 
		 25: COPY TYPE_Array def_%v_22 %v_16[2.19,] %v_17[2.20,] %v_18[2.21,] %v_19[2.22,] %v_20[2.23,] %v_21[2.24,] 
		 26: HASH-type-name-choices- def_%v_23 %v_14[2.17,] %v_15[2.18,] %v_22[2.25,] 
		 27: COPY TYPE_StringLiteral "text" def_%v_24 
		 28: COPY TYPE_StringLiteral "api_version" def_%v_25 
		 29: COPY TYPE_StringLiteral "Leave blank for default (v2)" def_%v_26 
		 30: HASH-type-name-placeholder- def_%v_27 %v_24[2.27,] %v_25[2.28,] %v_26[2.29,] 
		 31: COPY TYPE_StringLiteral "text" def_%v_28 
		 32: COPY TYPE_StringLiteral "server" def_%v_29 
		 33: COPY TYPE_StringLiteral "Leave blank for default. https://hipchat.example.com" def_%v_30 
		 34: HASH-type-name-placeholder- def_%v_31 %v_28[2.31,] %v_29[2.32,] %v_30[2.33,] 
		 35: COPY TYPE_StringLiteral "checkbox" def_%v_32 
		 36: COPY TYPE_StringLiteral "notify_only_broken_builds" def_%v_33 
		 37: HASH-type-name- def_%v_34 %v_32[2.35,] %v_33[2.36,] 
		 38: COPY TYPE_Array def_%v_35 %v_6[2.9,] %v_10[2.13,] %v_13[2.16,] %v_23[2.26,] %v_27[2.30,] %v_31[2.34,] %v_34[2.37,] 
		 39: RETURN %v_35[2.38,] %self[2.0,] 
BB 3
	outgoing: 
	datadep: 
	instructions:

SET IRMethod, name = supported_events instanceMethod = true
BB 1
	outgoing: 3 2 
	datadep: 
	instructions:
BB 2
	outgoing: 3 
	datadep: 
	instructions:
		 0: def_%self 
		 1: def_%v_0 
		 2: COPY TYPE_CurrentScope def_%current_scope 
		 3: COPY TYPE_ScopeModule def_%current_module 
		 4: 
		 5: 
		 6: COPY TYPE_StringLiteral "push" def_%v_3 
		 7: COPY TYPE_StringLiteral "issue" def_%v_4 
		 8: COPY TYPE_StringLiteral "merge_request" def_%v_5 
		 9: COPY TYPE_StringLiteral "note" def_%v_6 
		 10: COPY TYPE_StringLiteral "tag_push" def_%v_7 
		 11: COPY TYPE_StringLiteral "build" def_%v_8 
		 12: COPY TYPE_Array def_%v_9 %v_3[2.6,] %v_4[2.7,] %v_5[2.8,] %v_6[2.9,] %v_7[2.10,] %v_8[2.11,] 
		 13: RETURN %v_9[2.12,] %self[2.0,] 
BB 3
	outgoing: 
	datadep: 
	instructions:

SET IRMethod, name = execute instanceMethod = true
BB 1
	outgoing: 9 2 
	datadep: 
	instructions:
BB 2
	outgoing: 3 4 
	datadep: 
	instructions:
		 0: def_%self 
		 1: def_%v_0 
		 2: COPY TYPE_CurrentScope def_%current_scope 
		 3: COPY TYPE_ScopeModule def_%current_module 
		 4: 
		 5: RECEIVEARG def_data 
		 6: 
		 7: %self->supported_events def_%v_3 %self[2.0,] 	 SYMBOL:	 ARGS:
		 8: data->[] def_%v_4 data[2.5,] 	 SYMBOL:object_kind,	 ARGS:Symbol,
		 9: %v_3->include? def_%v_5 %v_3[2.7,] %v_4[2.8,] 	 SYMBOL:	 ARGS:%v_4,
		 10: BRANCH %v_5[2.9,] 
BB 3
	outgoing: 6 7 
	datadep: 
	instructions:
		 0: COPY TYPE_Nil def_%v_6 
		 1: 
		 2: %self->create_message def_%v_7 %self[2.0,] data[2.5,] 	 SYMBOL:	 ARGS:data,
		 3: COPY TYPE_PASS def_message %v_7[3.2,] 
		 4: 
		 5: %v_7->present? def_%v_8 %v_7[3.2,] 	 SYMBOL:	 ARGS:
		 6: BRANCH %v_8[3.5,] 
BB 4
	outgoing: 9 
	datadep: 
	instructions:
		 0: RETURN %self[2.0,] 
BB 6
	outgoing: 9 
	datadep: 
	instructions:
		 0: COPY TYPE_Nil def_%v_9 
		 1: 
		 2: %self->gate def_%v_10 %self[2.0,] 	 SYMBOL:	 ARGS:
		 3: %self->room def_%v_11 %self[6.2,2.0,] 	 SYMBOL:	 ARGS:
		 4: %v_10->[] def_%v_12 %v_10[6.2,] %v_11[6.3,] 	 SYMBOL:	 ARGS:%v_11,
		 5: COPY TYPE_StringLiteral "GitLab" def_%v_13 
		 6: %self->message_options def_%v_14 %self[6.2,6.3,2.0,] 	 SYMBOL:	 ARGS:
		 7: %v_12->send def_%v_15 %v_12[6.4,] %v_13[6.5,] message[3.3,] %v_14[6.6,] 	 SYMBOL:	 ARGS:%v_13,message,%v_14,
		 8: RETURN %v_15[6.7,] %self[6.2,6.3,6.6,2.0,] 
BB 7
	outgoing: 9 
	datadep: 
	instructions:
		 0: RETURN %self[2.0,] 
BB 9
	outgoing: 
	datadep: 
	instructions:

SET IRMethod, name = test instanceMethod = true
BB 1
	outgoing: 12 2 
	datadep: 
	instructions:
BB 2
	outgoing: 4 
	datadep: 
	instructions:
		 0: def_%self 
		 1: def_%v_0 
		 2: COPY TYPE_CurrentScope def_%current_scope 
		 3: COPY TYPE_ScopeModule def_%current_module 
		 4: 
		 5: RECEIVEARG def_data 
		 6: 
		 7: GLOBALVAR $! def_%v_3 
BB 4
	outgoing: 5 6 
	datadep: 
	instructions:
		 0: 
		 1: 
		 2: %self->execute def_%v_6 %self[2.0,] data[2.5,] 	 SYMBOL:	 ARGS:data,
		 3: COPY TYPE_PASS def_result %v_6[4.2,] 
		 4: COPY TYPE_PASS def_%v_5 %v_6[4.2,] 
		 5: %v_3[2.7,] 
BB 5
	outgoing: 12 
	datadep: 
	instructions:
		 0: 
		 1: HASH-success-result- def_%v_15 result[4.3,] 
		 2: RETURN %v_15[5.1,] %self[2.0,] 
BB 6
	outgoing: 7 8 10 
	datadep: 
	instructions:
		 0: def_%v_7 
		 1: (StandardError) def_%v_8 
		 2: def_%v_9 %v_8[6.1,] %v_7[6.0,] 
		 3: BRANCH %v_9[6.2,] 
BB 7
	outgoing: 10 12 
	datadep: 
	instructions:
		 0: %v_7[6.0,] 
BB 8
	outgoing: 9 10 
	datadep: 
	instructions:
		 0: GLOBALVAR $! def_%v_10 
		 1: COPY TYPE_PASS def_error %v_10[8.0,] 
		 2: 
		 3: HASH-success-result- def_%v_11 %v_10[8.0,] 
		 4: COPY TYPE_PASS def_%v_12 %v_11[8.3,] 
		 5: %v_3[2.7,] 
BB 9
	outgoing: 12 
	datadep: 
	instructions:
		 0: RETURN %v_12[8.4,] %self[2.0,] 
BB 10
	outgoing: 12 
	datadep: 
	instructions:
		 0: def_%v_13 
		 1: def_%v_14 %v_13[10.0,] %v_3[2.7,] 
		 2: %v_13[10.0,] 
BB 12
	outgoing: 
	datadep: 
	instructions:

SET IRMethod, name = gate instanceMethod = true
BB 1
	outgoing: 15 2 
	datadep: 
	instructions:
BB 2
	outgoing: 3 4 
	datadep: 
	instructions:
		 0: def_%self 
		 1: def_%v_0 
		 2: COPY TYPE_CurrentScope def_%current_scope 
		 3: COPY TYPE_ScopeModule def_%current_module 
		 4: 
		 5: 
		 6: %self->api_version def_%v_3 %self[2.0,] 	 SYMBOL:	 ARGS:
		 7: %v_3->present? def_%v_4 %v_3[2.6,] 	 SYMBOL:	 ARGS:
		 8: BRANCH %v_4[2.7,] 
BB 3
	outgoing: 5 
	datadep: 
	instructions:
		 0: %self->api_version def_%v_5 %self[2.0,] 	 SYMBOL:	 ARGS:
		 1: 
BB 4
	outgoing: 5 
	datadep: 
	instructions:
		 0: COPY TYPE_StringLiteral "v2" def_%v_6 
		 1: COPY TYPE_PASS def_%v_5 %v_6[4.0,] 
BB 5
	outgoing: 6 7 
	datadep: 
	instructions:
		 0: HASH-api_version- def_%v_7 %v_5[4.1,3.0,] 
		 1: COPY TYPE_PASS def_options %v_7[5.0,] 
		 2: 
		 3: %self->server def_%v_8 %self[2.0,] 	 SYMBOL:	 ARGS:
		 4: %v_8->blank? def_%v_9 %v_8[5.3,] 	 SYMBOL:	 ARGS:
		 5: BRANCH %v_9[5.4,] 
BB 6
	outgoing: 8 
	datadep: 
	instructions:
		 0: COPY TYPE_Nil def_%v_10 
		 1: 
BB 7
	outgoing: 8 
	datadep: 
	instructions:
		 0: %self->server def_%v_11 %self[2.0,] 	 SYMBOL:	 ARGS:
		 1: ATTRASSIGN options->[] %v_11[7.0,] 
		 2: COPY TYPE_PASS def_%v_10 %v_11[7.0,] 
BB 8
	outgoing: 9 10 
	datadep: 
	instructions:
		 0: 
		 1: def_%v_13 %self[2.0,] 
		 2: COPY TYPE_PASS def_%v_12 %v_13[8.1,] 
		 3: %v_13[8.1,] 
BB 9
	outgoing: 10 
	datadep: 
	instructions:
		 0: GETFIELD %self->gate def_%v_14 %self[2.0,] 
		 1: COPY TYPE_PASS def_%v_12 %v_14[9.0,] 
BB 10
	outgoing: 11 14 
	datadep: 
	instructions:
		 0: BRANCH %v_12[9.1,8.2,] 
BB 11
	outgoing: 12 13 
	datadep: 
	instructions:
		 0: (HipChat) def_%v_15 
		 1: (inherit Client) def_%v_16 %v_15[11.0,] 
		 2: %v_16[11.1,] 
BB 12
	outgoing: 13 
	datadep: 
	instructions:
		 0: %v_15->const_missing def_%v_16 %v_15[11.0,] 	 SYMBOL:Client,	 ARGS:Symbol,
BB 13
	outgoing: 15 
	datadep: 
	instructions:
		 0: %self->token def_%v_17 %self[2.0,] 	 SYMBOL:	 ARGS:
		 1: %v_16->new def_%v_18 %v_16[12.0,11.1,] %v_17[13.0,] options[7.1,5.1,] 	 SYMBOL:	 ARGS:%v_17,options,
		 2: ATTRASSIGN %self->gate %v_18[13.1,] 
		 3: RETURN %v_18[13.1,] %self[13.0,13.2,2.0,] 
BB 14
	outgoing: 15 
	datadep: 
	instructions:
		 0: RETURN %v_14[9.0,] %self[2.0,] 
BB 15
	outgoing: 
	datadep: 
	instructions:

SET IRMethod, name = message_options instanceMethod = true
BB 1
	outgoing: 7 2 
	datadep: 
	instructions:
BB 2
	outgoing: 3 4 
	datadep: 
	instructions:
		 0: def_%self 
		 1: def_%v_0 
		 2: COPY TYPE_CurrentScope def_%current_scope 
		 3: COPY TYPE_ScopeModule def_%current_module 
		 4: 
		 5: 
		 6: %self->notify def_%v_3 %self[2.0,] 	 SYMBOL:	 ARGS:
		 7: %v_3->present? def_%v_4 %v_3[2.6,] 	 SYMBOL:	 ARGS:
		 8: BRANCH %v_4[2.7,] 
BB 3
	outgoing: 4 
	datadep: 
	instructions:
		 0: %self->notify def_%v_5 %self[2.0,] 	 SYMBOL:	 ARGS:
		 1: COPY TYPE_StringLiteral "1" def_%v_6 
		 2: %v_5->== def_%v_7 %v_5[3.0,] %v_6[3.1,] 	 SYMBOL:	 ARGS:%v_6,
		 3: COPY TYPE_PASS def_%v_4 %v_7[3.2,] 
BB 4
	outgoing: 5 6 
	datadep: 
	instructions:
		 0: %self->color def_%v_8 %self[2.0,] 	 SYMBOL:	 ARGS:
		 1: BRANCH %v_8[4.0,] 
BB 5
	outgoing: 6 
	datadep: 
	instructions:
		 0: COPY TYPE_StringLiteral "yellow" def_%v_9 
		 1: COPY TYPE_PASS def_%v_8 %v_9[5.0,] 
BB 6
	outgoing: 7 
	datadep: 
	instructions:
		 0: HASH-notify-color- def_%v_10 %v_4[3.3,2.7,] %v_8[5.1,4.0,] 
		 1: RETURN %v_10[6.0,] %self[2.0,] 
BB 7
	outgoing: 
	datadep: 
	instructions:

SET IRMethod, name = create_message instanceMethod = true
BB 1
	outgoing: 26 2 
	datadep: 
	instructions:
BB 2
	outgoing: 3 9 
	datadep: 
	instructions:
		 0: def_%self 
		 1: def_%v_0 
		 2: COPY TYPE_CurrentScope def_%current_scope 
		 3: COPY TYPE_ScopeModule def_%current_module 
		 4: 
		 5: RECEIVEARG def_data 
		 6: 
		 7: data->[] def_%v_3 data[2.5,] 	 SYMBOL:object_kind,	 ARGS:Symbol,
		 8: COPY TYPE_PASS def_object_kind %v_3[2.7,] 
		 9: 
		 10: COPY TYPE_StringLiteral "push" def_%v_6 
		 11: def_%v_5 %v_6[2.10,] %v_3[2.7,] 
		 12: BRANCH %v_5[2.11,] 
BB 3
	outgoing: 4 10 
	datadep: 
	instructions:
		 0: COPY TYPE_StringLiteral "tag_push" def_%v_8 
		 1: def_%v_7 %v_8[3.0,] object_kind[2.8,] 
		 2: BRANCH %v_7[3.1,] 
BB 4
	outgoing: 5 11 
	datadep: 
	instructions:
		 0: COPY TYPE_StringLiteral "issue" def_%v_10 
		 1: def_%v_9 %v_10[4.0,] object_kind[2.8,] 
		 2: BRANCH %v_9[4.1,] 
BB 5
	outgoing: 6 15 
	datadep: 
	instructions:
		 0: COPY TYPE_StringLiteral "merge_request" def_%v_12 
		 1: def_%v_11 %v_12[5.0,] object_kind[2.8,] 
		 2: BRANCH %v_11[5.1,] 
BB 6
	outgoing: 7 19 
	datadep: 
	instructions:
		 0: COPY TYPE_StringLiteral "note" def_%v_14 
		 1: def_%v_13 %v_14[6.0,] object_kind[2.8,] 
		 2: BRANCH %v_13[6.1,] 
BB 7
	outgoing: 8 20 
	datadep: 
	instructions:
		 0: COPY TYPE_StringLiteral "build" def_%v_16 
		 1: def_%v_15 %v_16[7.0,] object_kind[2.8,] 
		 2: BRANCH %v_15[7.1,] 
BB 8
	outgoing: 25 
	datadep: 
	instructions:
		 0: COPY TYPE_Nil def_%v_4 
		 1: 
BB 9
	outgoing: 26 
	datadep: 
	instructions:
		 0: 
		 1: %self->create_push_message def_%v_17 %self[2.0,] data[2.5,] 	 SYMBOL:	 ARGS:data,
		 2: COPY TYPE_PASS def_%v_4 %v_17[9.1,] 
		 3: RETURN %v_17[9.1,] %self[9.1,2.0,] 
BB 10
	outgoing: 26 
	datadep: 
	instructions:
		 0: %self->create_push_message def_%v_18 %self[2.0,] data[2.5,] 	 SYMBOL:	 ARGS:data,
		 1: COPY TYPE_PASS def_%v_4 %v_18[10.0,] 
		 2: RETURN %v_18[10.0,] %self[10.0,2.0,] 
BB 11
	outgoing: 12 13 
	datadep: 
	instructions:
		 0: 
		 1: %self->is_update? def_%v_19 %self[2.0,] data[2.5,] 	 SYMBOL:	 ARGS:data,
		 2: BRANCH %v_19[11.1,] 
BB 12
	outgoing: 14 
	datadep: 
	instructions:
		 0: COPY TYPE_Nil def_%v_20 
		 1: 
BB 13
	outgoing: 14 
	datadep: 
	instructions:
		 0: %self->create_issue_message def_%v_21 %self[2.0,] data[2.5,] 	 SYMBOL:	 ARGS:data,
		 1: COPY TYPE_PASS def_%v_20 %v_21[13.0,] 
BB 14
	outgoing: 25 
	datadep: 
	instructions:
		 0: COPY TYPE_PASS def_%v_4 %v_20[13.1,12.0,] 
		 1: 
BB 15
	outgoing: 16 17 
	datadep: 
	instructions:
		 0: 
		 1: %self->is_update? def_%v_22 %self[2.0,] data[2.5,] 	 SYMBOL:	 ARGS:data,
		 2: BRANCH %v_22[15.1,] 
BB 16
	outgoing: 18 
	datadep: 
	instructions:
		 0: COPY TYPE_Nil def_%v_23 
		 1: 
BB 17
	outgoing: 18 
	datadep: 
	instructions:
		 0: %self->create_merge_request_message def_%v_24 %self[2.0,] data[2.5,] 	 SYMBOL:	 ARGS:data,
		 1: COPY TYPE_PASS def_%v_23 %v_24[17.0,] 
BB 18
	outgoing: 25 
	datadep: 
	instructions:
		 0: COPY TYPE_PASS def_%v_4 %v_23[17.1,16.0,] 
		 1: 
BB 19
	outgoing: 26 
	datadep: 
	instructions:
		 0: 
		 1: %self->create_note_message def_%v_25 %self[2.0,] data[2.5,] 	 SYMBOL:	 ARGS:data,
		 2: COPY TYPE_PASS def_%v_4 %v_25[19.1,] 
		 3: RETURN %v_25[19.1,] %self[19.1,2.0,] 
BB 20
	outgoing: 21 22 
	datadep: 
	instructions:
		 0: 
		 1: %self->should_build_be_notified? def_%v_26 %self[2.0,] data[2.5,] 	 SYMBOL:	 ARGS:data,
		 2: BRANCH %v_26[20.1,] 
BB 21
	outgoing: 23 
	datadep: 
	instructions:
		 0: %self->create_build_message def_%v_27 %self[2.0,] data[2.5,] 	 SYMBOL:	 ARGS:data,
		 1: 
BB 22
	outgoing: 23 
	datadep: 
	instructions:
		 0: COPY TYPE_Nil def_%v_27 
BB 23
	outgoing: 25 
	datadep: 
	instructions:
		 0: COPY TYPE_PASS def_%v_4 %v_27[22.0,21.0,] 
		 1: 
BB 25
	outgoing: 26 
	datadep: 
	instructions:
		 0: RETURN %v_4[14.0,18.0,23.0,8.0,] %self[2.0,] 
BB 26
	outgoing: 
	datadep: 
	instructions:

SET IRMethod, name = create_push_message instanceMethod = true
BB 1
	outgoing: 23 2 
	datadep: 
	instructions:
BB 2
	outgoing: 3 4 
	datadep: 
	instructions:
		 0: def_%self 
		 1: def_%v_0 
		 2: COPY TYPE_CurrentScope def_%current_scope 
		 3: COPY TYPE_ScopeModule def_%current_module 
		 4: 
		 5: RECEIVEARG def_push 
		 6: 
		 7: (Gitlab) def_%v_3 
		 8: (inherit Git) def_%v_4 %v_3[2.7,] 
		 9: %v_4[2.8,] 
BB 3
	outgoing: 4 
	datadep: 
	instructions:
		 0: %v_3->const_missing def_%v_4 %v_3[2.7,] 	 SYMBOL:Git,	 ARGS:Symbol,
BB 4
	outgoing: 5 6 
	datadep: 
	instructions:
		 0: push->[] def_%v_5 push[2.5,] 	 SYMBOL:ref,	 ARGS:Symbol,
		 1: %v_4->tag_ref? def_%v_6 %v_4[3.0,2.8,] %v_5[4.0,] 	 SYMBOL:	 ARGS:%v_5,
		 2: BRANCH %v_6[4.1,] 
BB 5
	outgoing: 7 
	datadep: 
	instructions:
		 0: COPY TYPE_StringLiteral "tag" def_%v_7 
		 1: 
BB 6
	outgoing: 7 
	datadep: 
	instructions:
		 0: COPY TYPE_StringLiteral "branch" def_%v_8 
		 1: COPY TYPE_PASS def_%v_7 %v_8[6.0,] 
BB 7
	outgoing: 8 9 
	datadep: 
	instructions:
		 0: COPY TYPE_PASS def_ref_type %v_7[6.1,5.0,] 
		 1: 
		 2: (Gitlab) def_%v_9 
		 3: (inherit Git) def_%v_10 %v_9[7.2,] 
		 4: %v_10[7.3,] 
BB 8
	outgoing: 9 
	datadep: 
	instructions:
		 0: %v_9->const_missing def_%v_10 %v_9[7.2,] 	 SYMBOL:Git,	 ARGS:Symbol,
BB 9
	outgoing: 10 11 
	datadep: 
	instructions:
		 0: push->[] def_%v_11 push[2.5,] 	 SYMBOL:ref,	 ARGS:Symbol,
		 1: %v_10->ref_name def_%v_12 %v_10[8.0,7.3,] %v_11[9.0,] 	 SYMBOL:	 ARGS:%v_11,
		 2: COPY TYPE_PASS def_ref %v_12[9.1,] 
		 3: 
		 4: push->[] def_%v_13 push[9.0,2.5,] 	 SYMBOL:before,	 ARGS:Symbol,
		 5: COPY TYPE_PASS def_before %v_13[9.4,] 
		 6: 
		 7: push->[] def_%v_14 push[9.0,9.4,2.5,] 	 SYMBOL:after,	 ARGS:Symbol,
		 8: COPY TYPE_PASS def_after %v_14[9.7,] 
		 9: 
		 10: COPY TYPE_StringLiteral "" def_%v_15 
		 11: COPY TYPE_PASS def_message %v_15[9.10,] 
		 12: 
		 13: push->[] def_%v_16 push[9.0,9.4,9.7,2.5,] 	 SYMBOL:user_name,	 ARGS:Symbol,
		 14: COPY TYPE_StringLiteral " " def_%v_17 
		 15: BUILDSTRING def_%v_18 %v_16[9.13,] %v_17[9.14,] 
		 16: message-><< def_%v_19 message[9.11,] %v_18[9.15,] 	 SYMBOL:	 ARGS:%v_18,
		 17: 
		 18: (Gitlab) def_%v_20 
		 19: (inherit Git) def_%v_21 %v_20[9.18,] 
		 20: %v_21[9.19,] 
BB 10
	outgoing: 11 
	datadep: 
	instructions:
		 0: %v_20->const_missing def_%v_21 %v_20[9.18,] 	 SYMBOL:Git,	 ARGS:Symbol,
BB 11
	outgoing: 12 13 
	datadep: 
	instructions:
		 0: %v_21->blank_ref? def_%v_22 %v_21[10.0,9.19,] before[9.5,] 	 SYMBOL:	 ARGS:before,
		 1: BRANCH %v_22[11.0,] 
BB 12
	outgoing: 22 
	datadep: 
	instructions:
		 0: 
		 1: COPY TYPE_StringLiteral "pushed new " def_%v_23 
		 2: COPY TYPE_StringLiteral " <a href="" def_%v_24 
		 3: 
		 4: %self->project_url def_%v_25 %self[2.0,] 	 SYMBOL:	 ARGS:
		 5: COPY TYPE_StringLiteral "/commits/" def_%v_26 
		 6: (CGI) def_%v_27 
		 7: %v_27->escape def_%v_28 %v_27[12.6,] ref[9.2,] 	 SYMBOL:	 ARGS:ref,
		 8: COPY TYPE_StringLiteral "">" def_%v_29 
		 9: COPY TYPE_StringLiteral "</a>" def_%v_30 
		 10: BUILDSTRING def_%v_31 %v_25[12.4,] %v_26[12.5,] %v_28[12.7,] %v_29[12.8,] ref[9.2,] %v_30[12.9,] 
		 11: COPY TYPE_StringLiteral " to " def_%v_32 
		 12: 
		 13: %self->project_link def_%v_33 %self[12.4,2.0,] 	 SYMBOL:	 ARGS:
		 14: COPY TYPE_StringLiteral "
" def_%v_34 
		 15: BUILDSTRING def_%v_35 %v_32[12.11,] %v_33[12.13,] %v_34[12.14,] 
		 16: BUILDSTRING def_%v_36 %v_23[12.1,] ref_type[7.0,] %v_24[12.2,] %v_31[12.10,] %v_35[12.15,] 
		 17: message-><< def_%v_37 message[9.11,] %v_36[12.16,] 	 SYMBOL:	 ARGS:%v_36,
		 18: 
BB 13
	outgoing: 14 15 
	datadep: 
	instructions:
		 0: 
		 1: (Gitlab) def_%v_38 
		 2: (inherit Git) def_%v_39 %v_38[13.1,] 
		 3: %v_39[13.2,] 
BB 14
	outgoing: 15 
	datadep: 
	instructions:
		 0: %v_38->const_missing def_%v_39 %v_38[13.1,] 	 SYMBOL:Git,	 ARGS:Symbol,
BB 15
	outgoing: 16 17 
	datadep: 
	instructions:
		 0: %v_39->blank_ref? def_%v_40 %v_39[14.0,13.2,] after[9.8,] 	 SYMBOL:	 ARGS:after,
		 1: BRANCH %v_40[15.0,] 
BB 16
	outgoing: 21 
	datadep: 
	instructions:
		 0: 
		 1: COPY TYPE_StringLiteral "removed " def_%v_41 
		 2: COPY TYPE_StringLiteral " <b>" def_%v_42 
		 3: COPY TYPE_StringLiteral "</b> from <a href="" def_%v_43 
		 4: %self->project def_%v_44 %self[2.0,] 	 SYMBOL:	 ARGS:
		 5: %v_44->web_url def_%v_45 %v_44[16.4,] 	 SYMBOL:	 ARGS:
		 6: COPY TYPE_StringLiteral "">" def_%v_46 
		 7: %self->project_name def_%v_47 %self[16.4,2.0,] 	 SYMBOL:	 ARGS:
		 8: COPY TYPE_StringLiteral "</a> 
" def_%v_48 
		 9: BUILDSTRING def_%v_49 %v_41[16.1,] ref_type[7.0,] %v_42[16.2,] ref[9.2,] %v_43[16.3,] %v_45[16.5,] %v_46[16.6,] %v_47[16.7,] %v_48[16.8,] 
		 10: message-><< def_%v_50 message[9.11,] %v_49[16.9,] 	 SYMBOL:	 ARGS:%v_49,
		 11: 
BB 17
	outgoing: 18 19 
	datadep: 
	instructions:
		 0: 
		 1: COPY TYPE_StringLiteral "pushed to " def_%v_51 
		 2: COPY TYPE_StringLiteral " <a href="" def_%v_52 
		 3: 
		 4: %self->project def_%v_53 %self[2.0,] 	 SYMBOL:	 ARGS:
		 5: %v_53->web_url def_%v_54 %v_53[17.4,] 	 SYMBOL:	 ARGS:
		 6: COPY TYPE_StringLiteral "/commits/" def_%v_55 
		 7: (CGI) def_%v_56 
		 8: %v_56->escape def_%v_57 %v_56[17.7,] ref[9.2,] 	 SYMBOL:	 ARGS:ref,
		 9: COPY TYPE_StringLiteral "">" def_%v_58 
		 10: COPY TYPE_StringLiteral "</a> " def_%v_59 
		 11: BUILDSTRING def_%v_60 %v_54[17.5,] %v_55[17.6,] %v_57[17.8,] %v_58[17.9,] ref[9.2,] %v_59[17.10,] 
		 12: BUILDSTRING def_%v_61 %v_51[17.1,] ref_type[7.0,] %v_52[17.2,] %v_60[17.11,] 
		 13: message-><< def_%v_62 message[9.11,] %v_61[17.12,] 	 SYMBOL:	 ARGS:%v_61,
		 14: 
		 15: COPY TYPE_StringLiteral "of <a href="" def_%v_63 
		 16: %self->project def_%v_64 %self[17.4,2.0,] 	 SYMBOL:	 ARGS:
		 17: %v_64->web_url def_%v_65 %v_64[17.16,] 	 SYMBOL:	 ARGS:
		 18: COPY TYPE_StringLiteral "">" def_%v_66 
		 19: %self->project def_%v_67 %self[17.4,17.16,2.0,] 	 SYMBOL:	 ARGS:
		 20: %v_67->name_with_namespace def_%v_68 %v_67[17.19,] 	 SYMBOL:	 ARGS:
		 21: COPY TYPE_Regexp def_%v_69 
		 22: COPY TYPE_StringLiteral "" def_%v_70 
		 23: %v_68->gsub! def_%v_71 %v_68[17.20,] %v_70[17.22,] 	 SYMBOL:	 ARGS:%v_69,%v_70,
		 24: COPY TYPE_StringLiteral "</a> " def_%v_72 
		 25: BUILDSTRING def_%v_73 %v_63[17.15,] %v_65[17.17,] %v_66[17.18,] %v_71[17.23,] %v_72[17.24,] 
		 26: message-><< def_%v_74 message[17.13,9.11,] %v_73[17.25,] 	 SYMBOL:	 ARGS:%v_73,
		 27: 
		 28: COPY TYPE_StringLiteral "(<a href="" def_%v_75 
		 29: %self->project def_%v_76 %self[17.4,17.16,17.19,2.0,] 	 SYMBOL:	 ARGS:
		 30: %v_76->web_url def_%v_77 %v_76[17.29,] 	 SYMBOL:	 ARGS:
		 31: COPY TYPE_StringLiteral "/compare/" def_%v_78 
		 32: COPY TYPE_StringLiteral "..." def_%v_79 
		 33: COPY TYPE_StringLiteral "">Compare changes</a>)" def_%v_80 
		 34: BUILDSTRING def_%v_81 %v_75[17.28,] %v_77[17.30,] %v_78[17.31,] before[9.5,] %v_79[17.32,] after[9.8,] %v_80[17.33,] 
		 35: message-><< def_%v_82 message[17.13,17.26,9.11,] %v_81[17.34,] 	 SYMBOL:	 ARGS:%v_81,
		 36: 
		 37: push->[] def_%v_83 push[2.5,] 	 SYMBOL:commits,	 ARGS:Symbol,
		 38: (MAX_COMMITS) def_%v_84 
		 39: %v_83->take def_%v_85 %v_83[17.37,] %v_84[17.38,] 	 SYMBOL:	 ARGS:%v_84,
		 40: %v_85->each def_%v_86 %v_85[17.39,] %self[17.4,17.16,17.19,17.29,2.0,] 	 SYMBOL:	 ARGS:%v_85,
CLOSURE BEGIN: commit[] message[17.13,17.26,17.35,9.11,] 
BB 1
	outgoing: 6 2 
	datadep: 
	instructions:
BB 2
	outgoing: 3 
	datadep: 
	instructions:
		 0: def_%self 
		 1: def_%cl_1_0 
		 2: RECEIVEARG def_commit 
		 3: COPY TYPE_CurrentScope def_%current_scope 
		 4: COPY TYPE_ScopeModule def_%current_module 
BB 3
	outgoing: 4 6 
	datadep: 
	instructions:
		 0: 
		 1: COPY TYPE_StringLiteral "<br /> - " def_%cl_1_3 
		 2: commit->[] def_%cl_1_4 commit[2.2,] 	 SYMBOL:message,	 ARGS:Symbol,
		 3: %cl_1_4->lines def_%cl_1_5 %cl_1_4[3.2,] 	 SYMBOL:	 ARGS:
		 4: %cl_1_5->first def_%cl_1_6 %cl_1_5[3.3,] 	 SYMBOL:	 ARGS:
		 5: COPY TYPE_StringLiteral " (<a href="" def_%cl_1_7 
		 6: commit->[] def_%cl_1_8 commit[3.2,2.2,] 	 SYMBOL:url,	 ARGS:Symbol,
		 7: COPY TYPE_StringLiteral "">" def_%cl_1_9 
		 8: commit->[] def_%cl_1_10 commit[3.2,3.6,2.2,] 	 SYMBOL:id,	 ARGS:Symbol,
		 9: CONSTANT def_%cl_1_11 
		 10: %cl_1_10->[] def_%cl_1_12 %cl_1_10[3.8,] %cl_1_11[3.9,] 	 SYMBOL:	 ARGS:%cl_1_11,
		 11: COPY TYPE_StringLiteral "</a>)" def_%cl_1_13 
		 12: BUILDSTRING def_%cl_1_14 %cl_1_3[3.1,] %cl_1_6[3.4,] %cl_1_7[3.5,] %cl_1_8[3.6,] %cl_1_9[3.7,] %cl_1_12[3.10,] %cl_1_13[3.11,] 
		 13: message-><< def_%cl_1_15 message[] %cl_1_14[3.12,] 	 SYMBOL:	 ARGS:%cl_1_14,
		 14: RETURN %cl_1_15[3.13,] %self[2.0,] 
BB 4
	outgoing: 6 
	datadep: 
	instructions:
		 0: def_%cl_1_16 
		 1: def_%cl_1_17 %cl_1_16[4.0,] 
		 2: RETURN %cl_1_17[4.1,] %self[2.0,] 
BB 6
	outgoing: 
	datadep: 
	instructions:
CLOSURE END: 
		 41: 
		 42: push->[] def_%v_87 push[17.37,2.5,] 	 SYMBOL:commits,	 ARGS:Symbol,
		 43: %v_87->count def_%v_88 %v_87[17.42,] 	 SYMBOL:	 ARGS:
		 44: (MAX_COMMITS) def_%v_89 
		 45: %v_88->> def_%v_90 %v_88[17.43,] %v_89[17.44,] 	 SYMBOL:	 ARGS:%v_89,
		 46: BRANCH %v_90[17.45,] 
BB 18
	outgoing: 20 
	datadep: 
	instructions:
		 0: 
		 1: COPY TYPE_StringLiteral "<br />... " def_%v_91 
		 2: push->[] def_%v_92 push[2.5,] 	 SYMBOL:commits,	 ARGS:Symbol,
		 3: %v_92->count def_%v_93 %v_92[18.2,] 	 SYMBOL:	 ARGS:
		 4: (MAX_COMMITS) def_%v_94 
		 5: %v_93->- def_%v_95 %v_93[18.3,] %v_94[18.4,] 	 SYMBOL:	 ARGS:%v_94,
		 6: COPY TYPE_StringLiteral " more commits" def_%v_96 
		 7: BUILDSTRING def_%v_97 %v_91[18.1,] %v_95[18.5,] %v_96[18.6,] 
		 8: message-><< def_%v_98 message[9.11,] %v_97[18.7,] 	 SYMBOL:	 ARGS:%v_97,
		 9: 
BB 19
	outgoing: 20 
	datadep: 
	instructions:
		 0: COPY TYPE_Nil def_%v_98 
BB 20
	outgoing: 21 
	datadep: 
	instructions:
		 0: COPY TYPE_PASS def_%v_50 %v_98[19.0,18.8,] 
BB 21
	outgoing: 22 
	datadep: 
	instructions:
		 0: COPY TYPE_PASS def_%v_37 %v_50[20.0,16.10,] 
BB 22
	outgoing: 23 
	datadep: 
	instructions:
		 0: 
		 1: RETURN message[9.11,] %self[2.0,] 
BB 23
	outgoing: 
	datadep: 
	instructions:

SET IRMethod, name = format_body instanceMethod = true
BB 1
	outgoing: 6 2 
	datadep: 
	instructions:
BB 2
	outgoing: 3 4 
	datadep: 
	instructions:
		 0: def_%self 
		 1: def_%v_0 
		 2: COPY TYPE_CurrentScope def_%current_scope 
		 3: COPY TYPE_ScopeModule def_%current_module 
		 4: 
		 5: RECEIVEARG def_body 
		 6: 
		 7: BRANCH body[2.5,] 
BB 3
	outgoing: 5 
	datadep: 
	instructions:
		 0: 
		 1: COPY TYPE_StringLiteral " " def_%v_3 
		 2: COPY TYPE_StringLiteral "..." def_%v_4 
		 3: HASH-separator-omission- def_%v_5 %v_3[3.1,] %v_4[3.2,] 
		 4: body->truncate def_%v_6 body[2.5,] %v_5[3.3,] 	 SYMBOL:	 ARGS:Fixnum,%v_5,
		 5: COPY TYPE_PASS def_body %v_6[3.4,] 
		 6: 
BB 4
	outgoing: 5 
	datadep: 
	instructions:
		 0: COPY TYPE_Nil def_%v_6 
BB 5
	outgoing: 6 
	datadep: 
	instructions:
		 0: 
		 1: COPY TYPE_StringLiteral "<pre>" def_%v_7 
		 2: COPY TYPE_StringLiteral "</pre>" def_%v_8 
		 3: BUILDSTRING def_%v_9 %v_7[5.1,] body[3.5,2.5,] %v_8[5.2,] 
		 4: RETURN %v_9[5.3,] %self[2.0,] 
BB 6
	outgoing: 
	datadep: 
	instructions:

SET IRMethod, name = create_issue_message instanceMethod = true
BB 1
	outgoing: 6 2 
	datadep: 
	instructions:
BB 2
	outgoing: 3 4 
	datadep: 
	instructions:
		 0: def_%self 
		 1: def_%v_0 
		 2: COPY TYPE_CurrentScope def_%current_scope 
		 3: COPY TYPE_ScopeModule def_%current_module 
		 4: 
		 5: RECEIVEARG def_data 
		 6: 
		 7: data->[] def_%v_3 data[2.5,] 	 SYMBOL:user,	 ARGS:Symbol,
		 8: %v_3->[] def_%v_4 %v_3[2.7,] 	 SYMBOL:name,	 ARGS:Symbol,
		 9: COPY TYPE_PASS def_user_name %v_4[2.8,] 
		 10: 
		 11: data->[] def_%v_5 data[2.5,2.7,] 	 SYMBOL:object_attributes,	 ARGS:Symbol,
		 12: COPY TYPE_PASS def_obj_attr %v_5[2.11,] 
		 13: 
		 14: (HashWithIndifferentAccess) def_%v_6 
		 15: %v_6->new def_%v_7 %v_6[2.14,] %v_5[2.11,] 	 SYMBOL:	 ARGS:obj_attr,
		 16: COPY TYPE_PASS def_obj_attr %v_7[2.15,] 
		 17: 
		 18: %v_7->[] def_%v_8 %v_7[2.15,] 	 SYMBOL:title,	 ARGS:Symbol,
		 19: COPY TYPE_PASS def_title %v_8[2.18,] 
		 20: 
		 21: obj_attr->[] def_%v_9 obj_attr[2.12,2.16,] 	 SYMBOL:state,	 ARGS:Symbol,
		 22: COPY TYPE_PASS def_state %v_9[2.21,] 
		 23: 
		 24: obj_attr->[] def_%v_10 obj_attr[2.12,2.16,2.21,] 	 SYMBOL:iid,	 ARGS:Symbol,
		 25: COPY TYPE_PASS def_issue_iid %v_10[2.24,] 
		 26: 
		 27: obj_attr->[] def_%v_11 obj_attr[2.12,2.16,2.21,2.24,] 	 SYMBOL:url,	 ARGS:Symbol,
		 28: COPY TYPE_PASS def_issue_url %v_11[2.27,] 
		 29: 
		 30: obj_attr->[] def_%v_12 obj_attr[2.12,2.16,2.21,2.24,2.27,] 	 SYMBOL:description,	 ARGS:Symbol,
		 31: COPY TYPE_PASS def_description %v_12[2.30,] 
		 32: 
		 33: COPY TYPE_StringLiteral "<a href="" def_%v_13 
		 34: COPY TYPE_StringLiteral "">issue #" def_%v_14 
		 35: COPY TYPE_StringLiteral "</a>" def_%v_15 
		 36: BUILDSTRING def_%v_16 %v_13[2.33,] issue_url[2.28,] %v_14[2.34,] issue_iid[2.25,] %v_15[2.35,] 
		 37: COPY TYPE_PASS def_issue_link %v_16[2.36,] 
		 38: 
		 39: COPY TYPE_StringLiteral " " def_%v_17 
		 40: COPY TYPE_StringLiteral " " def_%v_18 
		 41: COPY TYPE_StringLiteral " in " def_%v_19 
		 42: %self->project_link def_%v_20 %self[2.0,] 	 SYMBOL:	 ARGS:
		 43: COPY TYPE_StringLiteral ": <b>" def_%v_21 
		 44: COPY TYPE_StringLiteral "</b>" def_%v_22 
		 45: BUILDSTRING def_%v_23 user_name[2.9,] %v_17[2.39,] state[2.22,] %v_18[2.40,] issue_link[2.37,] %v_19[2.41,] %v_20[2.42,] %v_21[2.43,] title[2.19,] %v_22[2.44,] 
		 46: COPY TYPE_PASS def_message %v_23[2.45,] 
		 47: 
		 48: BRANCH description[2.31,] 
BB 3
	outgoing: 5 
	datadep: 
	instructions:
		 0: 
		 1: %self->format_body def_%v_24 %self[2.0,] description[2.31,] 	 SYMBOL:	 ARGS:description,
		 2: COPY TYPE_PASS def_description %v_24[3.1,] 
		 3: 
		 4: message-><< def_%v_25 message[2.46,] %v_24[3.1,] 	 SYMBOL:	 ARGS:description,
		 5: 
BB 4
	outgoing: 5 
	datadep: 
	instructions:
		 0: COPY TYPE_Nil def_%v_25 
BB 5
	outgoing: 6 
	datadep: 
	instructions:
		 0: 
		 1: RETURN message[2.46,] %self[2.0,] 
BB 6
	outgoing: 
	datadep: 
	instructions:

SET IRMethod, name = create_merge_request_message instanceMethod = true
BB 1
	outgoing: 6 2 
	datadep: 
	instructions:
BB 2
	outgoing: 3 4 
	datadep: 
	instructions:
		 0: def_%self 
		 1: def_%v_0 
		 2: COPY TYPE_CurrentScope def_%current_scope 
		 3: COPY TYPE_ScopeModule def_%current_module 
		 4: 
		 5: RECEIVEARG def_data 
		 6: 
		 7: data->[] def_%v_3 data[2.5,] 	 SYMBOL:user,	 ARGS:Symbol,
		 8: %v_3->[] def_%v_4 %v_3[2.7,] 	 SYMBOL:name,	 ARGS:Symbol,
		 9: COPY TYPE_PASS def_user_name %v_4[2.8,] 
		 10: 
		 11: data->[] def_%v_5 data[2.5,2.7,] 	 SYMBOL:object_attributes,	 ARGS:Symbol,
		 12: COPY TYPE_PASS def_obj_attr %v_5[2.11,] 
		 13: 
		 14: (HashWithIndifferentAccess) def_%v_6 
		 15: %v_6->new def_%v_7 %v_6[2.14,] %v_5[2.11,] 	 SYMBOL:	 ARGS:obj_attr,
		 16: COPY TYPE_PASS def_obj_attr %v_7[2.15,] 
		 17: 
		 18: %v_7->[] def_%v_8 %v_7[2.15,] 	 SYMBOL:iid,	 ARGS:Symbol,
		 19: COPY TYPE_PASS def_merge_request_id %v_8[2.18,] 
		 20: 
		 21: obj_attr->[] def_%v_9 obj_attr[2.12,2.16,] 	 SYMBOL:state,	 ARGS:Symbol,
		 22: COPY TYPE_PASS def_state %v_9[2.21,] 
		 23: 
		 24: obj_attr->[] def_%v_10 obj_attr[2.12,2.16,2.21,] 	 SYMBOL:description,	 ARGS:Symbol,
		 25: COPY TYPE_PASS def_description %v_10[2.24,] 
		 26: 
		 27: obj_attr->[] def_%v_11 obj_attr[2.12,2.16,2.21,2.24,] 	 SYMBOL:title,	 ARGS:Symbol,
		 28: COPY TYPE_PASS def_title %v_11[2.27,] 
		 29: 
		 30: %self->project_url def_%v_12 %self[2.0,] 	 SYMBOL:	 ARGS:
		 31: COPY TYPE_StringLiteral "/merge_requests/" def_%v_13 
		 32: BUILDSTRING def_%v_14 %v_12[2.30,] %v_13[2.31,] merge_request_id[2.19,] 
		 33: COPY TYPE_PASS def_merge_request_url %v_14[2.32,] 
		 34: 
		 35: COPY TYPE_StringLiteral "<a href="" def_%v_15 
		 36: COPY TYPE_StringLiteral "">merge request !" def_%v_16 
		 37: COPY TYPE_StringLiteral "</a>" def_%v_17 
		 38: BUILDSTRING def_%v_18 %v_15[2.35,] %v_14[2.32,] %v_16[2.36,] merge_request_id[2.19,] %v_17[2.37,] 
		 39: COPY TYPE_PASS def_merge_request_link %v_18[2.38,] 
		 40: 
		 41: COPY TYPE_StringLiteral " " def_%v_19 
		 42: COPY TYPE_StringLiteral " " def_%v_20 
		 43: COPY TYPE_StringLiteral " in " def_%v_21 
		 44: 
		 45: %self->project_link def_%v_22 %self[2.0,2.30,] 	 SYMBOL:	 ARGS:
		 46: COPY TYPE_StringLiteral ": <b>" def_%v_23 
		 47: COPY TYPE_StringLiteral "</b>" def_%v_24 
		 48: BUILDSTRING def_%v_25 %v_22[2.45,] %v_23[2.46,] title[2.28,] %v_24[2.47,] 
		 49: BUILDSTRING def_%v_26 user_name[2.9,] %v_19[2.41,] state[2.22,] %v_20[2.42,] merge_request_link[2.39,] %v_21[2.43,] %v_25[2.48,] 
		 50: COPY TYPE_PASS def_message %v_26[2.49,] 
		 51: 
		 52: BRANCH description[2.25,] 
BB 3
	outgoing: 5 
	datadep: 
	instructions:
		 0: 
		 1: %self->format_body def_%v_27 %self[2.0,] description[2.25,] 	 SYMBOL:	 ARGS:description,
		 2: COPY TYPE_PASS def_description %v_27[3.1,] 
		 3: 
		 4: message-><< def_%v_28 message[2.50,] %v_27[3.1,] 	 SYMBOL:	 ARGS:description,
		 5: 
BB 4
	outgoing: 5 
	datadep: 
	instructions:
		 0: COPY TYPE_Nil def_%v_28 
BB 5
	outgoing: 6 
	datadep: 
	instructions:
		 0: 
		 1: RETURN message[2.50,] %self[2.0,] 
BB 6
	outgoing: 
	datadep: 
	instructions:

SET IRMethod, name = format_title instanceMethod = true
BB 1
	outgoing: 3 2 
	datadep: 
	instructions:
BB 2
	outgoing: 3 
	datadep: 
	instructions:
		 0: def_%self 
		 1: def_%v_0 
		 2: COPY TYPE_CurrentScope def_%current_scope 
		 3: COPY TYPE_ScopeModule def_%current_module 
		 4: 
		 5: RECEIVEARG def_title 
		 6: 
		 7: COPY TYPE_StringLiteral "<b>" def_%v_3 
		 8: title->lines def_%v_4 title[2.5,] 	 SYMBOL:	 ARGS:
		 9: %v_4->first def_%v_5 %v_4[2.8,] 	 SYMBOL:	 ARGS:
		 10: %v_5->chomp def_%v_6 %v_5[2.9,] 	 SYMBOL:	 ARGS:
		 11: %v_3->+ def_%v_7 %v_3[2.7,] %v_6[2.10,] 	 SYMBOL:	 ARGS:%v_6,
		 12: COPY TYPE_StringLiteral "</b>" def_%v_8 
		 13: %v_7->+ def_%v_9 %v_7[2.11,] %v_8[2.12,] 	 SYMBOL:	 ARGS:%v_8,
		 14: RETURN %v_9[2.13,] %self[2.0,] 
BB 3
	outgoing: 
	datadep: 
	instructions:

SET IRMethod, name = create_note_message instanceMethod = true
BB 1
	outgoing: 16 2 
	datadep: 
	instructions:
BB 2
	outgoing: 3 7 
	datadep: 
	instructions:
		 0: def_%self 
		 1: def_%v_0 
		 2: COPY TYPE_CurrentScope def_%current_scope 
		 3: COPY TYPE_ScopeModule def_%current_module 
		 4: 
		 5: RECEIVEARG def_data 
		 6: 
		 7: (HashWithIndifferentAccess) def_%v_3 
		 8: %v_3->new def_%v_4 %v_3[2.7,] data[2.5,] 	 SYMBOL:	 ARGS:data,
		 9: COPY TYPE_PASS def_data %v_4[2.8,] 
		 10: 
		 11: %v_4->[] def_%v_5 %v_4[2.8,] 	 SYMBOL:user,	 ARGS:Symbol,
		 12: %v_5->[] def_%v_6 %v_5[2.11,] 	 SYMBOL:name,	 ARGS:Symbol,
		 13: COPY TYPE_PASS def_user_name %v_6[2.12,] 
		 14: 
		 15: (HashWithIndifferentAccess) def_%v_7 
		 16: data->[] def_%v_8 data[2.5,2.9,] 	 SYMBOL:object_attributes,	 ARGS:Symbol,
		 17: %v_7->new def_%v_9 %v_7[2.15,] %v_8[2.16,] 	 SYMBOL:	 ARGS:%v_8,
		 18: COPY TYPE_PASS def_obj_attr %v_9[2.17,] 
		 19: 
		 20: %v_9->[] def_%v_10 %v_9[2.17,] 	 SYMBOL:note,	 ARGS:Symbol,
		 21: COPY TYPE_PASS def_note %v_10[2.20,] 
		 22: 
		 23: obj_attr->[] def_%v_11 obj_attr[2.18,] 	 SYMBOL:url,	 ARGS:Symbol,
		 24: COPY TYPE_PASS def_note_url %v_11[2.23,] 
		 25: 
		 26: obj_attr->[] def_%v_12 obj_attr[2.18,2.23,] 	 SYMBOL:noteable_type,	 ARGS:Symbol,
		 27: COPY TYPE_PASS def_noteable_type %v_12[2.26,] 
		 28: 
		 29: COPY TYPE_StringLiteral "Commit" def_%v_15 
		 30: def_%v_14 %v_15[2.29,] %v_12[2.26,] 
		 31: BRANCH %v_14[2.30,] 
BB 3
	outgoing: 4 8 
	datadep: 
	instructions:
		 0: COPY TYPE_StringLiteral "Issue" def_%v_17 
		 1: def_%v_16 %v_17[3.0,] noteable_type[2.27,] 
		 2: BRANCH %v_16[3.1,] 
BB 4
	outgoing: 5 9 
	datadep: 
	instructions:
		 0: COPY TYPE_StringLiteral "MergeRequest" def_%v_19 
		 1: def_%v_18 %v_19[4.0,] noteable_type[2.27,] 
		 2: BRANCH %v_18[4.1,] 
BB 5
	outgoing: 6 10 
	datadep: 
	instructions:
		 0: COPY TYPE_StringLiteral "Snippet" def_%v_21 
		 1: def_%v_20 %v_21[5.0,] noteable_type[2.27,] 
		 2: BRANCH %v_20[5.1,] 
BB 6
	outgoing: 12 
	datadep: 
	instructions:
		 0: COPY TYPE_Nil def_%v_13 
		 1: 
BB 7
	outgoing: 12 
	datadep: 
	instructions:
		 0: 
		 1: (HashWithIndifferentAccess) def_%v_22 
		 2: data->[] def_%v_23 data[2.5,2.9,] 	 SYMBOL:commit,	 ARGS:Symbol,
		 3: %v_22->new def_%v_24 %v_22[7.1,] %v_23[7.2,] 	 SYMBOL:	 ARGS:%v_23,
		 4: COPY TYPE_PASS def_commit_attr %v_24[7.3,] 
		 5: 
		 6: %v_24->[] def_%v_25 %v_24[7.3,] 	 SYMBOL:id,	 ARGS:Symbol,
		 7: COPY TYPE_PASS def_subject_desc %v_25[7.6,] 
		 8: 
		 9: (Commit) def_%v_26 
		 10: %v_26->truncate_sha def_%v_27 %v_26[7.9,] %v_25[7.6,] 	 SYMBOL:	 ARGS:subject_desc,
		 11: COPY TYPE_PASS def_subject_desc %v_27[7.10,] 
		 12: 
		 13: COPY TYPE_StringLiteral "commit" def_%v_28 
		 14: COPY TYPE_PASS def_subject_type %v_28[7.13,] 
		 15: 
		 16: commit_attr->[] def_%v_29 commit_attr[7.4,] 	 SYMBOL:message,	 ARGS:Symbol,
		 17: %self->format_title def_%v_30 %self[2.0,] %v_29[7.16,] 	 SYMBOL:	 ARGS:%v_29,
		 18: COPY TYPE_PASS def_title %v_30[7.17,] 
		 19: COPY TYPE_PASS def_%v_13 %v_30[7.17,] 
		 20: 
BB 8
	outgoing: 12 
	datadep: 
	instructions:
		 0: 
		 1: (HashWithIndifferentAccess) def_%v_31 
		 2: data->[] def_%v_32 data[2.5,2.9,] 	 SYMBOL:issue,	 ARGS:Symbol,
		 3: %v_31->new def_%v_33 %v_31[8.1,] %v_32[8.2,] 	 SYMBOL:	 ARGS:%v_32,
		 4: COPY TYPE_PASS def_subj_attr %v_33[8.3,] 
		 5: 
		 6: %v_33->[] def_%v_34 %v_33[8.3,] 	 SYMBOL:iid,	 ARGS:Symbol,
		 7: COPY TYPE_PASS def_subject_id %v_34[8.6,] 
		 8: 
		 9: COPY TYPE_StringLiteral "#" def_%v_35 
		 10: BUILDSTRING def_%v_36 %v_35[8.9,] %v_34[8.6,] 
		 11: COPY TYPE_PASS def_subject_desc %v_36[8.10,] 
		 12: 
		 13: COPY TYPE_StringLiteral "issue" def_%v_37 
		 14: COPY TYPE_PASS def_subject_type %v_37[8.13,] 
		 15: 
		 16: subj_attr->[] def_%v_38 subj_attr[8.4,] 	 SYMBOL:title,	 ARGS:Symbol,
		 17: %self->format_title def_%v_39 %self[2.0,] %v_38[8.16,] 	 SYMBOL:	 ARGS:%v_38,
		 18: COPY TYPE_PASS def_title %v_39[8.17,] 
		 19: COPY TYPE_PASS def_%v_13 %v_39[8.17,] 
		 20: 
BB 9
	outgoing: 12 
	datadep: 
	instructions:
		 0: 
		 1: (HashWithIndifferentAccess) def_%v_40 
		 2: data->[] def_%v_41 data[2.5,2.9,] 	 SYMBOL:merge_request,	 ARGS:Symbol,
		 3: %v_40->new def_%v_42 %v_40[9.1,] %v_41[9.2,] 	 SYMBOL:	 ARGS:%v_41,
		 4: COPY TYPE_PASS def_subj_attr %v_42[9.3,] 
		 5: 
		 6: %v_42->[] def_%v_43 %v_42[9.3,] 	 SYMBOL:iid,	 ARGS:Symbol,
		 7: COPY TYPE_PASS def_subject_id %v_43[9.6,] 
		 8: 
		 9: COPY TYPE_StringLiteral "!" def_%v_44 
		 10: BUILDSTRING def_%v_45 %v_44[9.9,] %v_43[9.6,] 
		 11: COPY TYPE_PASS def_subject_desc %v_45[9.10,] 
		 12: 
		 13: COPY TYPE_StringLiteral "merge request" def_%v_46 
		 14: COPY TYPE_PASS def_subject_type %v_46[9.13,] 
		 15: 
		 16: subj_attr->[] def_%v_47 subj_attr[9.4,] 	 SYMBOL:title,	 ARGS:Symbol,
		 17: %self->format_title def_%v_48 %self[2.0,] %v_47[9.16,] 	 SYMBOL:	 ARGS:%v_47,
		 18: COPY TYPE_PASS def_title %v_48[9.17,] 
		 19: COPY TYPE_PASS def_%v_13 %v_48[9.17,] 
		 20: 
BB 10
	outgoing: 12 
	datadep: 
	instructions:
		 0: 
		 1: (HashWithIndifferentAccess) def_%v_49 
		 2: data->[] def_%v_50 data[2.5,2.9,] 	 SYMBOL:snippet,	 ARGS:Symbol,
		 3: %v_49->new def_%v_51 %v_49[10.1,] %v_50[10.2,] 	 SYMBOL:	 ARGS:%v_50,
		 4: COPY TYPE_PASS def_subj_attr %v_51[10.3,] 
		 5: 
		 6: %v_51->[] def_%v_52 %v_51[10.3,] 	 SYMBOL:id,	 ARGS:Symbol,
		 7: COPY TYPE_PASS def_subject_id %v_52[10.6,] 
		 8: 
		 9: COPY TYPE_StringLiteral "#" def_%v_53 
		 10: BUILDSTRING def_%v_54 %v_53[10.9,] %v_52[10.6,] 
		 11: COPY TYPE_PASS def_subject_desc %v_54[10.10,] 
		 12: 
		 13: COPY TYPE_StringLiteral "snippet" def_%v_55 
		 14: COPY TYPE_PASS def_subject_type %v_55[10.13,] 
		 15: 
		 16: subj_attr->[] def_%v_56 subj_attr[10.4,] 	 SYMBOL:title,	 ARGS:Symbol,
		 17: %self->format_title def_%v_57 %self[2.0,] %v_56[10.16,] 	 SYMBOL:	 ARGS:%v_56,
		 18: COPY TYPE_PASS def_title %v_57[10.17,] 
		 19: COPY TYPE_PASS def_%v_13 %v_57[10.17,] 
		 20: 
BB 12
	outgoing: 13 14 
	datadep: 
	instructions:
		 0: 
		 1: COPY TYPE_StringLiteral "<a href="" def_%v_58 
		 2: COPY TYPE_StringLiteral "">" def_%v_59 
		 3: COPY TYPE_StringLiteral " " def_%v_60 
		 4: COPY TYPE_StringLiteral "</a>" def_%v_61 
		 5: BUILDSTRING def_%v_62 %v_58[12.1,] note_url[2.24,] %v_59[12.2,] subject_type[7.14,8.14,9.14,10.14,] %v_60[12.3,] subject_desc[7.7,7.11,8.11,9.11,10.11,] %v_61[12.4,] 
		 6: COPY TYPE_PASS def_subject_html %v_62[12.5,] 
		 7: 
		 8: COPY TYPE_StringLiteral " commented on " def_%v_63 
		 9: COPY TYPE_StringLiteral " in " def_%v_64 
		 10: %self->project_link def_%v_65 %self[2.0,] 	 SYMBOL:	 ARGS:
		 11: COPY TYPE_StringLiteral ": " def_%v_66 
		 12: BUILDSTRING def_%v_67 user_name[2.13,] %v_63[12.8,] subject_html[12.6,] %v_64[12.9,] %v_65[12.10,] %v_66[12.11,] 
		 13: COPY TYPE_PASS def_message %v_67[12.12,] 
		 14: 
		 15: %v_67-><< def_%v_68 %v_67[12.12,] title[7.18,8.18,9.18,10.18,] 	 SYMBOL:	 ARGS:title,
		 16: 
		 17: BRANCH note[2.21,] 
BB 13
	outgoing: 15 
	datadep: 
	instructions:
		 0: 
		 1: %self->format_body def_%v_69 %self[2.0,] note[2.21,] 	 SYMBOL:	 ARGS:note,
		 2: COPY TYPE_PASS def_note %v_69[13.1,] 
		 3: 
		 4: message-><< def_%v_70 message[12.13,] %v_69[13.1,] 	 SYMBOL:	 ARGS:note,
		 5: 
BB 14
	outgoing: 15 
	datadep: 
	instructions:
		 0: COPY TYPE_Nil def_%v_70 
BB 15
	outgoing: 16 
	datadep: 
	instructions:
		 0: 
		 1: RETURN message[12.13,] %self[2.0,] 
BB 16
	outgoing: 
	datadep: 
	instructions:

SET IRMethod, name = create_build_message instanceMethod = true
BB 1
	outgoing: 6 2 
	datadep: 
	instructions:
BB 2
	outgoing: 3 4 
	datadep: 
	instructions:
		 0: def_%self 
		 1: def_%v_0 
		 2: COPY TYPE_CurrentScope def_%current_scope 
		 3: COPY TYPE_ScopeModule def_%current_module 
		 4: 
		 5: RECEIVEARG def_data 
		 6: 
		 7: data->[] def_%v_3 data[2.5,] 	 SYMBOL:tag,	 ARGS:Symbol,
		 8: BRANCH %v_3[2.7,] 
BB 3
	outgoing: 5 
	datadep: 
	instructions:
		 0: COPY TYPE_StringLiteral "tag" def_%v_4 
		 1: 
BB 4
	outgoing: 5 
	datadep: 
	instructions:
		 0: COPY TYPE_StringLiteral "branch" def_%v_5 
		 1: COPY TYPE_PASS def_%v_4 %v_5[4.0,] 
BB 5
	outgoing: 6 
	datadep: 
	instructions:
		 0: COPY TYPE_PASS def_ref_type %v_4[4.1,3.0,] 
		 1: 
		 2: data->[] def_%v_6 data[2.5,] 	 SYMBOL:ref,	 ARGS:Symbol,
		 3: COPY TYPE_PASS def_ref %v_6[5.2,] 
		 4: 
		 5: data->[] def_%v_7 data[5.2,2.5,] 	 SYMBOL:sha,	 ARGS:Symbol,
		 6: COPY TYPE_PASS def_sha %v_7[5.5,] 
		 7: 
		 8: data->[] def_%v_8 data[5.2,5.5,2.5,] 	 SYMBOL:commit,	 ARGS:Symbol,
		 9: %v_8->[] def_%v_9 %v_8[5.8,] 	 SYMBOL:author_name,	 ARGS:Symbol,
		 10: COPY TYPE_PASS def_user_name %v_9[5.9,] 
		 11: 
		 12: data->[] def_%v_10 data[5.2,5.5,5.8,2.5,] 	 SYMBOL:commit,	 ARGS:Symbol,
		 13: %v_10->[] def_%v_11 %v_10[5.12,] 	 SYMBOL:status,	 ARGS:Symbol,
		 14: COPY TYPE_PASS def_status %v_11[5.13,] 
		 15: 
		 16: data->[] def_%v_12 data[5.2,5.5,5.8,5.12,2.5,] 	 SYMBOL:commit,	 ARGS:Symbol,
		 17: %v_12->[] def_%v_13 %v_12[5.16,] 	 SYMBOL:duration,	 ARGS:Symbol,
		 18: COPY TYPE_PASS def_duration %v_13[5.17,] 
		 19: 
		 20: COPY TYPE_StringLiteral "<a href="" def_%v_14 
		 21: %self->project_url def_%v_15 %self[2.0,] 	 SYMBOL:	 ARGS:
		 22: COPY TYPE_StringLiteral "/commits/" def_%v_16 
		 23: (CGI) def_%v_17 
		 24: %v_17->escape def_%v_18 %v_17[5.23,] ref[5.3,] 	 SYMBOL:	 ARGS:ref,
		 25: COPY TYPE_StringLiteral "">" def_%v_19 
		 26: COPY TYPE_StringLiteral "</a>" def_%v_20 
		 27: BUILDSTRING def_%v_21 %v_14[5.20,] %v_15[5.21,] %v_16[5.22,] %v_18[5.24,] %v_19[5.25,] ref[5.3,] %v_20[5.26,] 
		 28: COPY TYPE_PASS def_branch_link %v_21[5.27,] 
		 29: 
		 30: COPY TYPE_StringLiteral "<a href="" def_%v_22 
		 31: %self->project_url def_%v_23 %self[5.21,2.0,] 	 SYMBOL:	 ARGS:
		 32: COPY TYPE_StringLiteral "/commit/" def_%v_24 
		 33: (CGI) def_%v_25 
		 34: %v_25->escape def_%v_26 %v_25[5.33,] sha[5.6,] 	 SYMBOL:	 ARGS:sha,
		 35: COPY TYPE_StringLiteral "/builds">" def_%v_27 
		 36: (Commit) def_%v_28 
		 37: %v_28->truncate_sha def_%v_29 %v_28[5.36,] sha[5.6,] 	 SYMBOL:	 ARGS:sha,
		 38: COPY TYPE_StringLiteral "</a>" def_%v_30 
		 39: BUILDSTRING def_%v_31 %v_22[5.30,] %v_23[5.31,] %v_24[5.32,] %v_26[5.34,] %v_27[5.35,] %v_29[5.37,] %v_30[5.38,] 
		 40: COPY TYPE_PASS def_commit_link %v_31[5.39,] 
		 41: 
		 42: %self->project_link def_%v_32 %self[5.21,5.31,2.0,] 	 SYMBOL:	 ARGS:
		 43: COPY TYPE_StringLiteral ": Commit " def_%v_33 
		 44: COPY TYPE_StringLiteral " of " def_%v_34 
		 45: COPY TYPE_StringLiteral " " def_%v_35 
		 46: COPY TYPE_StringLiteral " by " def_%v_36 
		 47: COPY TYPE_StringLiteral " " def_%v_37 
		 48: %self->humanized_status def_%v_38 %self[5.21,5.31,5.42,2.0,] status[5.14,] 	 SYMBOL:	 ARGS:status,
		 49: COPY TYPE_StringLiteral " in " def_%v_39 
		 50: COPY TYPE_StringLiteral " second(s)" def_%v_40 
		 51: BUILDSTRING def_%v_41 %v_32[5.42,] %v_33[5.43,] commit_link[5.40,] %v_34[5.44,] branch_link[5.28,] %v_35[5.45,] ref_type[5.0,] %v_36[5.46,] user_name[5.10,] %v_37[5.47,] %v_38[5.48,] %v_39[5.49,] duration[5.18,] %v_40[5.50,] 
		 52: RETURN %v_41[5.51,] %self[5.21,5.31,5.42,5.48,2.0,] 
BB 6
	outgoing: 
	datadep: 
	instructions:

SET IRMethod, name = project_name instanceMethod = true
BB 1
	outgoing: 3 2 
	datadep: 
	instructions:
BB 2
	outgoing: 3 
	datadep: 
	instructions:
		 0: def_%self 
		 1: def_%v_0 
		 2: COPY TYPE_CurrentScope def_%current_scope 
		 3: COPY TYPE_ScopeModule def_%current_module 
		 4: 
		 5: 
		 6: %self->project def_%v_3 %self[2.0,] 	 SYMBOL:	 ARGS:
		 7: %v_3->name_with_namespace def_%v_4 %v_3[2.6,] 	 SYMBOL:	 ARGS:
		 8: COPY TYPE_Regexp def_%v_5 
		 9: COPY TYPE_StringLiteral "" def_%v_6 
		 10: %v_4->gsub def_%v_7 %v_4[2.7,] %v_6[2.9,] 	 SYMBOL:	 ARGS:%v_5,%v_6,
		 11: RETURN %v_7[2.10,] %self[2.0,2.6,] 
BB 3
	outgoing: 
	datadep: 
	instructions:

SET IRMethod, name = project_url instanceMethod = true
BB 1
	outgoing: 3 2 
	datadep: 
	instructions:
BB 2
	outgoing: 3 
	datadep: 
	instructions:
		 0: def_%self 
		 1: def_%v_0 
		 2: COPY TYPE_CurrentScope def_%current_scope 
		 3: COPY TYPE_ScopeModule def_%current_module 
		 4: 
		 5: 
		 6: %self->project def_%v_3 %self[2.0,] 	 SYMBOL:	 ARGS:
		 7: %v_3->web_url def_%v_4 %v_3[2.6,] 	 SYMBOL:	 ARGS:
		 8: RETURN %v_4[2.7,] %self[2.0,2.6,] 
BB 3
	outgoing: 
	datadep: 
	instructions:

SET IRMethod, name = project_link instanceMethod = true
BB 1
	outgoing: 3 2 
	datadep: 
	instructions:
BB 2
	outgoing: 3 
	datadep: 
	instructions:
		 0: def_%self 
		 1: def_%v_0 
		 2: COPY TYPE_CurrentScope def_%current_scope 
		 3: COPY TYPE_ScopeModule def_%current_module 
		 4: 
		 5: 
		 6: COPY TYPE_StringLiteral "<a href="" def_%v_3 
		 7: %self->project_url def_%v_4 %self[2.0,] 	 SYMBOL:	 ARGS:
		 8: COPY TYPE_StringLiteral "">" def_%v_5 
		 9: %self->project_name def_%v_6 %self[2.0,2.7,] 	 SYMBOL:	 ARGS:
		 10: COPY TYPE_StringLiteral "</a>" def_%v_7 
		 11: BUILDSTRING def_%v_8 %v_3[2.6,] %v_4[2.7,] %v_5[2.8,] %v_6[2.9,] %v_7[2.10,] 
		 12: RETURN %v_8[2.11,] %self[2.0,2.7,2.9,] 
BB 3
	outgoing: 
	datadep: 
	instructions:

SET IRMethod, name = is_update? instanceMethod = true
BB 1
	outgoing: 3 2 
	datadep: 
	instructions:
BB 2
	outgoing: 3 
	datadep: 
	instructions:
		 0: def_%self 
		 1: def_%v_0 
		 2: COPY TYPE_CurrentScope def_%current_scope 
		 3: COPY TYPE_ScopeModule def_%current_module 
		 4: 
		 5: RECEIVEARG def_data 
		 6: 
		 7: data->[] def_%v_3 data[2.5,] 	 SYMBOL:object_attributes,	 ARGS:Symbol,
		 8: %v_3->[] def_%v_4 %v_3[2.7,] 	 SYMBOL:action,	 ARGS:Symbol,
		 9: COPY TYPE_StringLiteral "update" def_%v_5 
		 10: %v_4->== def_%v_6 %v_4[2.8,] %v_5[2.9,] 	 SYMBOL:	 ARGS:%v_5,
		 11: RETURN %v_6[2.10,] %self[2.0,] 
BB 3
	outgoing: 
	datadep: 
	instructions:

SET IRMethod, name = humanized_status instanceMethod = true
BB 1
	outgoing: 7 2 
	datadep: 
	instructions:
BB 2
	outgoing: 3 4 
	datadep: 
	instructions:
		 0: def_%self 
		 1: def_%v_0 
		 2: COPY TYPE_CurrentScope def_%current_scope 
		 3: COPY TYPE_ScopeModule def_%current_module 
		 4: 
		 5: RECEIVEARG def_status 
		 6: 
		 7: COPY TYPE_StringLiteral "success" def_%v_5 
		 8: def_%v_4 %v_5[2.7,] status[2.5,] 
		 9: BRANCH %v_4[2.8,] 
BB 3
	outgoing: 7 
	datadep: 
	instructions:
		 0: 
		 1: COPY TYPE_PASS def_%v_3 status[2.5,] 
		 2: RETURN status[2.5,] %self[2.0,] 
BB 4
	outgoing: 7 
	datadep: 
	instructions:
		 0: 
		 1: COPY TYPE_StringLiteral "passed" def_%v_6 
		 2: COPY TYPE_PASS def_%v_3 %v_6[4.1,] 
		 3: RETURN %v_6[4.1,] %self[2.0,] 
BB 7
	outgoing: 
	datadep: 
	instructions:

SET IRMethod, name = should_build_be_notified? instanceMethod = true
BB 1
	outgoing: 9 2 
	datadep: 
	instructions:
BB 2
	outgoing: 3 5 
	datadep: 
	instructions:
		 0: def_%self 
		 1: def_%v_0 
		 2: COPY TYPE_CurrentScope def_%current_scope 
		 3: COPY TYPE_ScopeModule def_%current_module 
		 4: 
		 5: RECEIVEARG def_data 
		 6: 
		 7: data->[] def_%v_3 data[2.5,] 	 SYMBOL:commit,	 ARGS:Symbol,
		 8: %v_3->[] def_%v_4 %v_3[2.7,] 	 SYMBOL:status,	 ARGS:Symbol,
		 9: COPY TYPE_StringLiteral "success" def_%v_7 
		 10: def_%v_6 %v_7[2.9,] %v_4[2.8,] 
		 11: BRANCH %v_6[2.10,] 
BB 3
	outgoing: 4 6 
	datadep: 
	instructions:
		 0: COPY TYPE_StringLiteral "failed" def_%v_9 
		 1: def_%v_8 %v_9[3.0,] %v_4[2.8,] 
		 2: BRANCH %v_8[3.1,] 
BB 4
	outgoing: 9 
	datadep: 
	instructions:
		 0: 
		 1: COPY TYPE_Boolean def_%v_5 
		 2: RETURN %self[2.0,] 
BB 5
	outgoing: 9 
	datadep: 
	instructions:
		 0: 
		 1: %self->notify_only_broken_builds? def_%v_10 %self[2.0,] 	 SYMBOL:	 ARGS:
		 2: %v_10->! def_%v_11 %v_10[5.1,] 	 SYMBOL:	 ARGS:
		 3: COPY TYPE_PASS def_%v_5 %v_11[5.2,] 
		 4: RETURN %v_11[5.2,] %self[5.1,2.0,] 
BB 6
	outgoing: 9 
	datadep: 
	instructions:
		 0: 
		 1: COPY TYPE_Boolean def_%v_5 
		 2: RETURN %self[2.0,] 
BB 9
	outgoing: 
	datadep: 
	instructions:

