SET IRMethod, name = title instanceMethod = true
BB 1
	outgoing: 8 2 
	datadep: 
	instructions:
BB 2
	outgoing: 3 4 
	datadep: 
	instructions:
		 0: def_%self 
		 1: def_%v_0 
		 2: COPY TYPE_CurrentScope def_%current_scope 
		 3: COPY TYPE_ScopeModule def_%current_module 
		 4: 
		 5: 
		 6: %self->properties def_%v_3 %self[2.0,] 	 SYMBOL:	 ARGS:
		 7: BRANCH %v_3[2.6,] 
BB 3
	outgoing: 4 
	datadep: 
	instructions:
		 0: %self->properties def_%v_4 %self[2.0,] 	 SYMBOL:	 ARGS:
		 1: COPY TYPE_StringLiteral "title" def_%v_5 
		 2: %v_4->[] def_%v_6 %v_4[3.0,] %v_5[3.1,] 	 SYMBOL:	 ARGS:%v_5,
		 3: %v_6->present? def_%v_7 %v_6[3.2,] 	 SYMBOL:	 ARGS:
		 4: COPY TYPE_PASS def_%v_3 %v_7[3.3,] 
BB 4
	outgoing: 5 6 
	datadep: 
	instructions:
		 0: BRANCH %v_3[3.4,2.6,] 
BB 5
	outgoing: 8 
	datadep: 
	instructions:
		 0: 
		 1: %self->properties def_%v_8 %self[2.0,] 	 SYMBOL:	 ARGS:
		 2: COPY TYPE_StringLiteral "title" def_%v_9 
		 3: %v_8->[] def_%v_10 %v_8[5.1,] %v_9[5.2,] 	 SYMBOL:	 ARGS:%v_9,
		 4: RETURN %v_10[5.3,] %self[5.1,2.0,] 
BB 6
	outgoing: 8 
	datadep: 
	instructions:
		 0: 
		 1: COPY TYPE_StringLiteral "Redmine" def_%v_11 
		 2: RETURN %v_11[6.1,] %self[2.0,] 
BB 8
	outgoing: 
	datadep: 
	instructions:

SET IRMethod, name = description instanceMethod = true
BB 1
	outgoing: 8 2 
	datadep: 
	instructions:
BB 2
	outgoing: 3 4 
	datadep: 
	instructions:
		 0: def_%self 
		 1: def_%v_0 
		 2: COPY TYPE_CurrentScope def_%current_scope 
		 3: COPY TYPE_ScopeModule def_%current_module 
		 4: 
		 5: 
		 6: %self->properties def_%v_3 %self[2.0,] 	 SYMBOL:	 ARGS:
		 7: BRANCH %v_3[2.6,] 
BB 3
	outgoing: 4 
	datadep: 
	instructions:
		 0: %self->properties def_%v_4 %self[2.0,] 	 SYMBOL:	 ARGS:
		 1: COPY TYPE_StringLiteral "description" def_%v_5 
		 2: %v_4->[] def_%v_6 %v_4[3.0,] %v_5[3.1,] 	 SYMBOL:	 ARGS:%v_5,
		 3: %v_6->present? def_%v_7 %v_6[3.2,] 	 SYMBOL:	 ARGS:
		 4: COPY TYPE_PASS def_%v_3 %v_7[3.3,] 
BB 4
	outgoing: 5 6 
	datadep: 
	instructions:
		 0: BRANCH %v_3[3.4,2.6,] 
BB 5
	outgoing: 8 
	datadep: 
	instructions:
		 0: 
		 1: %self->properties def_%v_8 %self[2.0,] 	 SYMBOL:	 ARGS:
		 2: COPY TYPE_StringLiteral "description" def_%v_9 
		 3: %v_8->[] def_%v_10 %v_8[5.1,] %v_9[5.2,] 	 SYMBOL:	 ARGS:%v_9,
		 4: RETURN %v_10[5.3,] %self[5.1,2.0,] 
BB 6
	outgoing: 8 
	datadep: 
	instructions:
		 0: 
		 1: COPY TYPE_StringLiteral "Redmine issue tracker" def_%v_11 
		 2: RETURN %v_11[6.1,] %self[2.0,] 
BB 8
	outgoing: 
	datadep: 
	instructions:

SET IRMethod, name = to_param instanceMethod = true
BB 1
	outgoing: 3 2 
	datadep: 
	instructions:
BB 2
	outgoing: 3 
	datadep: 
	instructions:
		 0: def_%self 
		 1: def_%v_0 
		 2: COPY TYPE_CurrentScope def_%current_scope 
		 3: COPY TYPE_ScopeModule def_%current_module 
		 4: 
		 5: 
		 6: COPY TYPE_StringLiteral "redmine" def_%v_3 
		 7: RETURN %v_3[2.6,] %self[2.0,] 
BB 3
	outgoing: 
	datadep: 
	instructions:

