SET IRMethod, name = exec_sql instanceMethod = false
BB 1
	outgoing: 7 2 
	datadep: 
	instructions:
BB 2
	outgoing: 3 4 
	datadep: 
	instructions:
		 0: def_%self 
		 1: def_%v_0 
		 2: COPY TYPE_CurrentScope def_%current_scope 
		 3: COPY TYPE_ScopeModule def_%current_module 
		 4: 
		 5: RECEIVEARG def_args 
		 6: 
		 7: (ActiveRecord) def_%v_3 
		 8: (inherit Base) def_%v_4 %v_3[2.7,] 
		 9: %v_4[2.8,] 
BB 3
	outgoing: 4 
	datadep: 
	instructions:
		 0: %v_3->const_missing def_%v_4 %v_3[2.7,] 	 SYMBOL:Base,	 ARGS:Symbol,
BB 4
	outgoing: 5 6 
	datadep: 
	instructions:
		 0: %v_4->connection def_%v_5 %v_4[3.0,2.8,] 	 SYMBOL:	 ARGS:
		 1: COPY TYPE_PASS def_conn %v_5[4.0,] 
		 2: 
		 3: (ActiveRecord) def_%v_6 
		 4: (inherit Base) def_%v_7 %v_6[4.3,] 
		 5: %v_7[4.4,] 
BB 5
	outgoing: 6 
	datadep: 
	instructions:
		 0: %v_6->const_missing def_%v_7 %v_6[4.3,] 	 SYMBOL:Base,	 ARGS:Symbol,
BB 6
	outgoing: 7 
	datadep: 
	instructions:
		 0: %v_7->send def_%v_8 %v_7[5.0,4.4,] args[2.5,] 	 SYMBOL:sanitize_sql_array,	 ARGS:Symbol,args,
		 1: COPY TYPE_PASS def_sql %v_8[6.0,] 
		 2: 
		 3: conn->raw_connection def_%v_9 conn[4.1,] 	 SYMBOL:	 ARGS:
		 4: %v_9->exec def_%v_10 %v_9[6.3,] sql[6.1,] 	 SYMBOL:	 ARGS:sql,
		 5: RETURN %v_10[6.4,] %self[2.0,] 
BB 7
	outgoing: 
	datadep: 
	instructions:

SET IRMethod, name = exec_sql_row_count instanceMethod = false
BB 1
	outgoing: 3 2 
	datadep: 
	instructions:
BB 2
	outgoing: 3 
	datadep: 
	instructions:
		 0: def_%self 
		 1: def_%v_0 
		 2: COPY TYPE_CurrentScope def_%current_scope 
		 3: COPY TYPE_ScopeModule def_%current_module 
		 4: 
		 5: RECEIVEARG def_args 
		 6: 
		 7: def_%v_3 args[2.5,] 
		 8: %self->exec_sql def_%v_4 %self[2.0,] %v_3[2.7,] 	 SYMBOL:	 ARGS:Splat,
		 9: %v_4->cmd_tuples def_%v_5 %v_4[2.8,] 	 SYMBOL:	 ARGS:
		 10: RETURN %v_5[2.9,] %self[2.0,2.8,] 
BB 3
	outgoing: 
	datadep: 
	instructions:

SET IRMethod, name = sql_fragment instanceMethod = false
BB 1
	outgoing: 5 2 
	datadep: 
	instructions:
BB 2
	outgoing: 3 4 
	datadep: 
	instructions:
		 0: def_%self 
		 1: def_%v_0 
		 2: COPY TYPE_CurrentScope def_%current_scope 
		 3: COPY TYPE_ScopeModule def_%current_module 
		 4: 
		 5: RECEIVEARG def_sql_array 
		 6: 
		 7: (ActiveRecord) def_%v_3 
		 8: (inherit Base) def_%v_4 %v_3[2.7,] 
		 9: %v_4[2.8,] 
BB 3
	outgoing: 4 
	datadep: 
	instructions:
		 0: %v_3->const_missing def_%v_4 %v_3[2.7,] 	 SYMBOL:Base,	 ARGS:Symbol,
BB 4
	outgoing: 5 
	datadep: 
	instructions:
		 0: %v_4->send def_%v_5 %v_4[3.0,2.8,] sql_array[2.5,] 	 SYMBOL:sanitize_sql_array,	 ARGS:Symbol,sql_array,
		 1: RETURN %v_5[4.0,] %self[2.0,] 
BB 5
	outgoing: 
	datadep: 
	instructions:

SET IRMethod, name = exec_sql instanceMethod = true
BB 1
	outgoing: 5 2 
	datadep: 
	instructions:
BB 2
	outgoing: 3 4 
	datadep: 
	instructions:
		 0: def_%self 
		 1: def_%v_0 
		 2: COPY TYPE_CurrentScope def_%current_scope 
		 3: COPY TYPE_ScopeModule def_%current_module 
		 4: 
		 5: RECEIVEARG def_args 
		 6: 
		 7: (ActiveRecord) def_%v_3 
		 8: (inherit Base) def_%v_4 %v_3[2.7,] 
		 9: %v_4[2.8,] 
BB 3
	outgoing: 4 
	datadep: 
	instructions:
		 0: %v_3->const_missing def_%v_4 %v_3[2.7,] 	 SYMBOL:Base,	 ARGS:Symbol,
BB 4
	outgoing: 5 
	datadep: 
	instructions:
		 0: def_%v_5 args[2.5,] 
		 1: %v_4->exec_sql def_%v_6 %v_4[3.0,2.8,] %v_5[4.0,] 	 SYMBOL:	 ARGS:Splat,
		 2: RETURN %v_6[4.1,] %self[2.0,] 
BB 5
	outgoing: 
	datadep: 
	instructions:

SET IRMethod, name = retry_lock_error instanceMethod = false
BB 1
	outgoing: 26 2 
	datadep: 
	instructions:
BB 2
	outgoing: 3 4 
	datadep: 
	instructions:
		 0: def_%self 
		 1: def_%v_0 
		 2: COPY TYPE_CurrentScope def_%current_scope 
		 3: COPY TYPE_ScopeModule def_%current_module 
		 4: 
		 5: RECEIVECONSTARG def_retries 
		 6: retries[2.5,] 
BB 3
	outgoing: 4 
	datadep: 
	instructions:
		 0: COPY TYPE_Fixnum def_retries 
BB 4
	outgoing: 6 
	datadep: 
	instructions:
		 0: def_%v_3 
		 1: COPY TYPE_PASS def_block %v_3[4.0,] 
		 2: 
		 3: GLOBALVAR $! def_%v_4 
BB 6
	outgoing: 7 8 
	datadep: 
	instructions:
		 0: 
		 1: 
		 2: def_%v_7 %v_0[2.1,] 
		 3: COPY TYPE_PASS def_%v_6 %v_7[6.2,] 
		 4: %v_4[4.3,] 
BB 7
	outgoing: 25 
	datadep: 
	instructions:
		 0: 
BB 8
	outgoing: 9 10 24 
	datadep: 
	instructions:
		 0: def_%v_8 
		 1: (ActiveRecord) def_%v_9 
		 2: (inherit StatementInvalid) def_%v_10 %v_9[8.1,] 
		 3: %v_10[8.2,] 
BB 9
	outgoing: 10 24 
	datadep: 
	instructions:
		 0: %v_9->const_missing def_%v_10 %v_9[8.1,] 	 SYMBOL:StatementInvalid,	 ARGS:Symbol,
BB 10
	outgoing: 11 12 24 
	datadep: 
	instructions:
		 0: def_%v_11 %v_10[9.0,8.2,] %v_8[8.0,] 
		 1: BRANCH %v_11[10.0,] 
BB 11
	outgoing: 24 26 
	datadep: 
	instructions:
		 0: %v_8[8.0,] 
BB 12
	outgoing: 13 16 24 
	datadep: 
	instructions:
		 0: GLOBALVAR $! def_%v_12 
		 1: COPY TYPE_PASS def_e %v_12[12.0,] 
		 2: 
		 3: %v_12->message def_%v_13 %v_12[12.0,] 	 SYMBOL:	 ARGS:
		 4: COPY TYPE_Regexp def_%v_14 
		 5: %v_13->=~ def_%v_15 %v_13[12.3,] 	 SYMBOL:	 ARGS:%v_14,
		 6: BRANCH %v_15[12.5,] 
BB 13
	outgoing: 14 15 24 
	datadep: 
	instructions:
		 0: retries->nil? def_%v_16 retries[3.0,2.5,] 	 SYMBOL:	 ARGS:
		 1: BRANCH %v_16[13.0,] 
BB 14
	outgoing: 15 24 
	datadep: 
	instructions:
		 0: retries->> def_%v_17 retries[3.0,2.5,] 	 SYMBOL:	 ARGS:Fixnum,
		 1: COPY TYPE_PASS def_%v_16 %v_17[14.0,] 
BB 15
	outgoing: 16 
	datadep: 
	instructions:
		 0: COPY TYPE_PASS def_%v_15 %v_16[14.1,13.0,] 
BB 16
	outgoing: 17 21 
	datadep: 
	instructions:
		 0: BRANCH %v_15[15.0,12.5,] 
BB 17
	outgoing: 18 19 
	datadep: 
	instructions:
		 0: 
		 1: BRANCH retries[3.0,2.5,] 
BB 18
	outgoing: 20 24 
	datadep: 
	instructions:
		 0: retries->- def_%v_18 retries[3.0,2.5,] 	 SYMBOL:	 ARGS:Fixnum,
		 1: 
BB 19
	outgoing: 20 
	datadep: 
	instructions:
		 0: COPY TYPE_Nil def_%v_18 
BB 20
	outgoing: 22 24 
	datadep: 
	instructions:
		 0: %self->retry_lock_error def_%v_19 %self[2.0,] %v_18[19.0,18.0,] block[4.1,] 	 SYMBOL:	 ARGS:%v_18,
		 1: 
BB 21
	outgoing: 22 24 
	datadep: 
	instructions:
		 0: 
		 1: %self->raise def_%v_20 %self[2.0,] e[12.1,] 	 SYMBOL:	 ARGS:e,
		 2: COPY TYPE_PASS def_%v_19 %v_20[21.1,] 
BB 22
	outgoing: 23 24 
	datadep: 
	instructions:
		 0: COPY TYPE_PASS def_%v_6 %v_19[21.2,20.0,] 
		 1: %v_4[4.3,] 
BB 23
	outgoing: 25 
	datadep: 
	instructions:
		 0: 
BB 24
	outgoing: 26 
	datadep: 
	instructions:
		 0: def_%v_21 
		 1: def_%v_22 %v_21[24.0,] %v_4[4.3,] 
		 2: %v_21[24.0,] 
BB 25
	outgoing: 26 
	datadep: 
	instructions:
		 0: RETURN %v_6[6.3,22.0,] %self[2.0,] 
BB 26
	outgoing: 
	datadep: 
	instructions:

SET IRMethod, name = exec_sql_row_count instanceMethod = true
BB 1
	outgoing: 3 2 
	datadep: 
	instructions:
BB 2
	outgoing: 3 
	datadep: 
	instructions:
		 0: def_%self 
		 1: def_%v_0 
		 2: COPY TYPE_CurrentScope def_%current_scope 
		 3: COPY TYPE_ScopeModule def_%current_module 
		 4: 
		 5: RECEIVEARG def_args 
		 6: 
		 7: def_%v_3 args[2.5,] 
		 8: %self->exec_sql def_%v_4 %self[2.0,] %v_3[2.7,] 	 SYMBOL:	 ARGS:Splat,
		 9: %v_4->cmd_tuples def_%v_5 %v_4[2.8,] 	 SYMBOL:	 ARGS:
		 10: RETURN %v_5[2.9,] %self[2.0,2.8,] 
BB 3
	outgoing: 
	datadep: 
	instructions:

