SET IRMethod, name = digest_body instanceMethod = true
BB 1
	outgoing: 8 2 
	datadep: 
	instructions:
BB 2
	outgoing: 3 6 
	datadep: 
	instructions:
		 0: def_%self 
		 1: def_%v_0 
		 2: COPY TYPE_CurrentScope def_%current_scope 
		 3: COPY TYPE_ScopeModule def_%current_module 
		 4: 
		 5: RECEIVEARG def_body 
		 6: 
		 7: COPY TYPE_Array def_%v_3 
		 8: COPY TYPE_PASS def_parts %v_3[2.7,] 
		 9: 
		 10: COPY TYPE_Boolean def_has_body 
		 11: 
		 12: body->each def_%v_4 body[2.5,] %self[2.0,] 	 SYMBOL:	 ARGS:body,
CLOSURE BEGIN: parts[2.8,] part[] has_body[2.10,] 
BB 1
	outgoing: 8 2 
	datadep: 
	instructions:
BB 2
	outgoing: 3 
	datadep: 
	instructions:
		 0: def_%self 
		 1: def_%cl_1_0 
		 2: RECEIVEARG def_part 
		 3: COPY TYPE_CurrentScope def_%current_scope 
		 4: COPY TYPE_ScopeModule def_%current_module 
BB 3
	outgoing: 4 5 6 
	datadep: 
	instructions:
		 0: 
		 1: parts-><< def_%cl_1_3 parts[] part[2.2,] 	 SYMBOL:	 ARGS:part,
		 2: 
		 3: COPY TYPE_PASS def_%cl_1_4 has_body[] 
		 4: COPY TYPE_PASS def_%cl_1_5 has_body[] 
		 5: BRANCH has_body[] 
BB 4
	outgoing: 6 8 
	datadep: 
	instructions:
		 0: part->length def_%cl_1_6 part[2.2,] 	 SYMBOL:	 ARGS:
		 1: %cl_1_6->> def_%cl_1_7 %cl_1_6[4.0,] 	 SYMBOL:	 ARGS:Fixnum,
		 2: COPY TYPE_PASS def_has_body %cl_1_7[4.1,] 
		 3: RETURN %cl_1_7[4.1,] %self[2.0,] 
BB 5
	outgoing: 8 
	datadep: 
	instructions:
		 0: RETURN %cl_1_5[3.4,] %self[2.0,] 
BB 6
	outgoing: 8 
	datadep: 
	instructions:
		 0: def_%cl_1_8 
		 1: def_%cl_1_9 %cl_1_8[6.0,] 
		 2: RETURN %cl_1_9[6.1,] %self[2.0,] 
BB 8
	outgoing: 
	datadep: 
	instructions:
CLOSURE END: has_body[4.2,] 
		 13: 
		 14: 
		 15: BRANCH has_body[2.10,2.12,] 
BB 3
	outgoing: 4 5 
	datadep: 
	instructions:
		 0: 
		 1: (Digest) def_%v_5 
		 2: (inherit MD5) def_%v_6 %v_5[3.1,] 
		 3: %v_6[3.2,] 
BB 4
	outgoing: 5 
	datadep: 
	instructions:
		 0: %v_5->const_missing def_%v_6 %v_5[3.1,] 	 SYMBOL:MD5,	 ARGS:Symbol,
BB 5
	outgoing: 7 
	datadep: 
	instructions:
		 0: %v_6->new def_%v_7 %v_6[4.0,3.2,] 	 SYMBOL:	 ARGS:
		 1: COPY TYPE_PASS def_digest %v_7[5.0,] 
		 2: 
		 3: parts->each def_%v_8 parts[2.8,] %self[2.0,] 	 SYMBOL:	 ARGS:parts,
CLOSURE BEGIN: digest[5.1,] part[2.12,] 
BB 1
	outgoing: 6 2 
	datadep: 
	instructions:
BB 2
	outgoing: 3 
	datadep: 
	instructions:
		 0: def_%self 
		 1: def_%cl_2_0 
		 2: RECEIVEARG def_part 
		 3: COPY TYPE_CurrentScope def_%current_scope 
		 4: COPY TYPE_ScopeModule def_%current_module 
BB 3
	outgoing: 4 6 
	datadep: 
	instructions:
		 0: 
		 1: digest-><< def_%cl_2_3 digest[] part[2.2,] 	 SYMBOL:	 ARGS:part,
		 2: RETURN %cl_2_3[3.1,] %self[2.0,] 
BB 4
	outgoing: 6 
	datadep: 
	instructions:
		 0: def_%cl_2_4 
		 1: def_%cl_2_5 %cl_2_4[4.0,] 
		 2: RETURN %cl_2_5[4.1,] %self[2.0,] 
BB 6
	outgoing: 
	datadep: 
	instructions:
CLOSURE END: 
		 4: 
		 5: digest->hexdigest def_%v_9 digest[5.1,] 	 SYMBOL:	 ARGS:
		 6: 
BB 6
	outgoing: 7 
	datadep: 
	instructions:
		 0: COPY TYPE_Nil def_%v_9 
BB 7
	outgoing: 8 
	datadep: 
	instructions:
		 0: COPY TYPE_PASS def_hexdigest %v_9[6.0,5.5,] 
		 1: 
		 2: COPY TYPE_Array def_%v_10 %v_9[6.0,5.5,] parts[2.8,] 
		 3: RETURN %v_10[7.2,] %self[2.0,] 
BB 8
	outgoing: 
	datadep: 
	instructions:

SET IRMethod, name = to_rfc2822 instanceMethod = true
BB 1
	outgoing: 17 2 
	datadep: 
	instructions:
BB 2
	outgoing: 3 4 
	datadep: 
	instructions:
		 0: def_%self 
		 1: def_%v_0 
		 2: COPY TYPE_CurrentScope def_%current_scope 
		 3: COPY TYPE_ScopeModule def_%current_module 
		 4: 
		 5: RECEIVEARG def_since 
		 6: 
		 7: COPY TYPE_PASS def_%v_3 since[2.5,] 
		 8: BRANCH since[2.5,] 
BB 3
	outgoing: 4 
	datadep: 
	instructions:
		 0: since->length def_%v_4 since[2.5,] 	 SYMBOL:	 ARGS:
		 1: %v_4->>= def_%v_5 %v_4[3.0,] 	 SYMBOL:	 ARGS:Fixnum,
		 2: COPY TYPE_PASS def_%v_3 %v_5[3.1,] 
BB 4
	outgoing: 5 15 
	datadep: 
	instructions:
		 0: BRANCH %v_3[3.2,2.7,] 
BB 5
	outgoing: 7 
	datadep: 
	instructions:
		 0: 
		 1: GLOBALVAR $! def_%v_6 
BB 7
	outgoing: 8 9 
	datadep: 
	instructions:
		 0: 
		 1: (Time) def_%v_9 
		 2: %v_9->rfc2822 def_%v_10 %v_9[7.1,] since[2.5,] 	 SYMBOL:	 ARGS:since,
		 3: COPY TYPE_PASS def_%v_8 %v_10[7.2,] 
		 4: 
		 5: %v_6[5.1,] 
BB 8
	outgoing: 14 
	datadep: 
	instructions:
		 0: 
BB 9
	outgoing: 10 11 13 
	datadep: 
	instructions:
		 0: 
		 1: def_%v_11 
		 2: def_%v_12 %v_11[9.1,] 
		 3: BRANCH %v_12[9.2,] 
BB 10
	outgoing: 13 17 
	datadep: 
	instructions:
		 0: %v_11[9.1,] 
BB 11
	outgoing: 12 13 
	datadep: 
	instructions:
		 0: COPY TYPE_Nil def_%v_8 
		 1: 
		 2: %v_6[5.1,] 
BB 12
	outgoing: 14 
	datadep: 
	instructions:
		 0: 
BB 13
	outgoing: 17 
	datadep: 
	instructions:
		 0: def_%v_13 
		 1: def_%v_14 %v_13[13.0,] %v_6[5.1,] 
		 2: %v_13[13.0,] 
BB 14
	outgoing: 17 
	datadep: 
	instructions:
		 0: RETURN %v_8[7.3,11.0,] %self[2.0,] 
BB 15
	outgoing: 17 
	datadep: 
	instructions:
		 0: 
		 1: RETURN %self[2.0,] 
BB 17
	outgoing: 
	datadep: 
	instructions:

