SET IRMethod, name = category_tree instanceMethod = true
BB 1
	outgoing: 11 2 
	datadep: 
	instructions:
BB 2
	outgoing: 3 4 
	datadep: 
	instructions:
		 0: def_%self 
		 1: def_%v_0 
		 2: COPY TYPE_CurrentScope def_%current_scope 
		 3: COPY TYPE_ScopeModule def_%current_module 
		 4: 
		 5: def_categories 
		 6: categories[2.5,] 
BB 3
	outgoing: 4 
	datadep: 
	instructions:
		 0: COPY TYPE_PASS def_categories categories[2.5,] 
BB 4
	outgoing: 5 6 
	datadep: 
	instructions:
		 0: def_shapes 
		 1: shapes[4.0,] 
BB 5
	outgoing: 6 
	datadep: 
	instructions:
		 0: COPY TYPE_PASS def_shapes shapes[4.0,] 
BB 6
	outgoing: 7 8 
	datadep: 
	instructions:
		 0: def_locale 
		 1: locale[6.0,] 
BB 7
	outgoing: 8 
	datadep: 
	instructions:
		 0: 
BB 8
	outgoing: 9 10 
	datadep: 
	instructions:
		 0: def_all_locales 
		 1: all_locales[8.0,] 
BB 9
	outgoing: 10 
	datadep: 
	instructions:
		 0: 
BB 10
	outgoing: 11 
	datadep: 
	instructions:
		 0: 
		 1: categories->map def_%v_3 categories[3.0,2.5,] %self[2.0,] 	 SYMBOL:	 ARGS:categories,
CLOSURE BEGIN: c[] %self[2.0,] locale[6.0,] all_locales[8.0,] shapes[5.0,4.0,] 
BB 1
	outgoing: 6 2 
	datadep: 
	instructions:
BB 2
	outgoing: 3 
	datadep: 
	instructions:
		 0: def_%self 
		 1: def_%cl_1_0 
		 2: RECEIVEARG def_c 
		 3: COPY TYPE_CurrentScope def_%current_scope 
		 4: COPY TYPE_ScopeModule def_%current_module 
BB 3
	outgoing: 4 6 
	datadep: 
	instructions:
		 0: 
		 1: c->[] def_%cl_1_3 c[2.2,] 	 SYMBOL:id,	 ARGS:Symbol,
		 2: c->[] def_%cl_1_4 c[3.1,2.2,] 	 SYMBOL:translations,	 ARGS:Symbol,
		 3: %self->pick_category_translation def_%cl_1_5 %self[2.0,] %cl_1_4[3.2,] locale[] all_locales[] 	 SYMBOL:	 ARGS:%cl_1_4,locale,all_locales,
		 4: c->[] def_%cl_1_6 c[3.1,3.2,2.2,] 	 SYMBOL:listing_shape_ids,	 ARGS:Symbol,
		 5: %self->embed_shape def_%cl_1_7 %self[3.3,2.0,] %cl_1_6[3.4,] shapes[] 	 SYMBOL:	 ARGS:%cl_1_6,shapes,
		 6: c->[] def_%cl_1_8 c[3.1,3.2,3.4,2.2,] 	 SYMBOL:children,	 ARGS:Symbol,
		 7: HASH-categories-shapes-locale-all_locales- def_%cl_1_9 %cl_1_8[3.6,] shapes[] locale[] all_locales[] 
		 8: %self->category_tree def_%cl_1_10 %self[3.3,3.5,2.0,] %cl_1_9[3.7,] 	 SYMBOL:	 ARGS:%cl_1_9,
		 9: HASH-id-label-listing_shapes-subcategories- def_%cl_1_11 %cl_1_3[3.1,] %cl_1_5[3.3,] %cl_1_7[3.5,] %cl_1_10[3.8,] 
		 10: RETURN %cl_1_11[3.9,] %self[3.3,3.5,3.8,2.0,] 
BB 4
	outgoing: 6 
	datadep: 
	instructions:
		 0: def_%cl_1_12 
		 1: def_%cl_1_13 %cl_1_12[4.0,] 
		 2: RETURN %cl_1_13[4.1,] %self[2.0,] 
BB 6
	outgoing: 
	datadep: 
	instructions:
CLOSURE END: 
		 2: RETURN %v_3[10.1,] %self[2.0,] 
BB 11
	outgoing: 
	datadep: 
	instructions:

SET IRMethod, name = embed_shape instanceMethod = true
BB 1
	outgoing: 3 2 
	datadep: 
	instructions:
BB 2
	outgoing: 3 
	datadep: 
	instructions:
		 0: def_%self 
		 1: def_%v_0 
		 2: COPY TYPE_CurrentScope def_%current_scope 
		 3: COPY TYPE_ScopeModule def_%current_module 
		 4: 
		 5: RECEIVEARG def_ids 
		 6: RECEIVEARG def_shapes 
		 7: 
		 8: shapes->select def_%v_3 shapes[2.6,] %self[2.0,] 	 SYMBOL:	 ARGS:shapes,
CLOSURE BEGIN: s[] ids[2.5,] 
BB 1
	outgoing: 6 2 
	datadep: 
	instructions:
BB 2
	outgoing: 3 
	datadep: 
	instructions:
		 0: def_%self 
		 1: def_%cl_1_0 
		 2: RECEIVEARG def_s 
		 3: COPY TYPE_CurrentScope def_%current_scope 
		 4: COPY TYPE_ScopeModule def_%current_module 
BB 3
	outgoing: 4 6 
	datadep: 
	instructions:
		 0: 
		 1: s->[] def_%cl_1_3 s[2.2,] 	 SYMBOL:id,	 ARGS:Symbol,
		 2: ids->include? def_%cl_1_4 ids[] %cl_1_3[3.1,] 	 SYMBOL:	 ARGS:%cl_1_3,
		 3: RETURN %cl_1_4[3.2,] %self[2.0,] 
BB 4
	outgoing: 6 
	datadep: 
	instructions:
		 0: def_%cl_1_5 
		 1: def_%cl_1_6 %cl_1_5[4.0,] 
		 2: RETURN %cl_1_6[4.1,] %self[2.0,] 
BB 6
	outgoing: 
	datadep: 
	instructions:
CLOSURE END: 
		 9: %v_3->map def_%v_4 %v_3[2.8,] %self[2.0,] 	 SYMBOL:	 ARGS:%v_3,
CLOSURE BEGIN: s[2.8,] 
BB 1
	outgoing: 6 2 
	datadep: 
	instructions:
BB 2
	outgoing: 3 
	datadep: 
	instructions:
		 0: def_%self 
		 1: def_%cl_2_0 
		 2: RECEIVEARG def_s 
		 3: COPY TYPE_CurrentScope def_%current_scope 
		 4: COPY TYPE_ScopeModule def_%current_module 
BB 3
	outgoing: 4 6 
	datadep: 
	instructions:
		 0: 
		 1: s->[] def_%cl_2_3 s[2.2,] 	 SYMBOL:id,	 ARGS:Symbol,
		 2: (I18n) def_%cl_2_4 
		 3: s->[] def_%cl_2_5 s[3.1,2.2,] 	 SYMBOL:name_tr_key,	 ARGS:Symbol,
		 4: %cl_2_4->translate def_%cl_2_6 %cl_2_4[3.2,] %cl_2_5[3.3,] 	 SYMBOL:	 ARGS:%cl_2_5,
		 5: HASH-id-label- def_%cl_2_7 %cl_2_3[3.1,] %cl_2_6[3.4,] 
		 6: RETURN %cl_2_7[3.5,] %self[2.0,] 
BB 4
	outgoing: 6 
	datadep: 
	instructions:
		 0: def_%cl_2_8 
		 1: def_%cl_2_9 %cl_2_8[4.0,] 
		 2: RETURN %cl_2_9[4.1,] %self[2.0,] 
BB 6
	outgoing: 
	datadep: 
	instructions:
CLOSURE END: 
		 10: RETURN %v_4[2.9,] %self[2.0,] 
BB 3
	outgoing: 
	datadep: 
	instructions:

SET IRMethod, name = pick_category_translation instanceMethod = true
BB 1
	outgoing: 3 2 
	datadep: 
	instructions:
BB 2
	outgoing: 3 
	datadep: 
	instructions:
		 0: def_%self 
		 1: def_%v_0 
		 2: COPY TYPE_CurrentScope def_%current_scope 
		 3: COPY TYPE_ScopeModule def_%current_module 
		 4: 
		 5: RECEIVEARG def_category_translations 
		 6: RECEIVEARG def_locale 
		 7: RECEIVEARG def_all_locales 
		 8: 
		 9: %self->translation_preferences def_%v_3 %self[2.0,] locale[2.6,] all_locales[2.7,] 	 SYMBOL:	 ARGS:locale,all_locales,
		 10: COPY TYPE_PASS def_prio %v_3[2.9,] 
		 11: 
		 12: category_translations->sort def_%v_4 category_translations[2.5,] %self[2.0,2.9,] 	 SYMBOL:	 ARGS:category_translations,
CLOSURE BEGIN: a[] prio[2.10,] b[] %self[2.0,2.9,] a_prio[] 
BB 1
	outgoing: 6 2 
	datadep: 
	instructions:
BB 2
	outgoing: 3 
	datadep: 
	instructions:
		 0: def_%self 
		 1: def_%cl_1_0 
		 2: RECEIVEARG def_a 
		 3: RECEIVEARG def_b 
		 4: COPY TYPE_CurrentScope def_%current_scope 
		 5: COPY TYPE_ScopeModule def_%current_module 
BB 3
	outgoing: 4 6 
	datadep: 
	instructions:
		 0: 
		 1: a->[] def_%cl_1_3 a[2.2,] 	 SYMBOL:locale,	 ARGS:Symbol,
		 2: prio->[] def_%cl_1_4 prio[] %cl_1_3[3.1,] 	 SYMBOL:	 ARGS:%cl_1_3,
		 3: COPY TYPE_PASS def_a_prio %cl_1_4[3.2,] 
		 4: 
		 5: b->[] def_%cl_1_5 b[2.3,] 	 SYMBOL:locale,	 ARGS:Symbol,
		 6: prio->[] def_%cl_1_6 prio[3.2,] %cl_1_5[3.5,] 	 SYMBOL:	 ARGS:%cl_1_5,
		 7: COPY TYPE_PASS def_b_prio %cl_1_6[3.6,] 
		 8: 
		 9: %self->sort_num_or_nil def_%cl_1_7 %self[2.0,] a_prio[3.3,] %cl_1_6[3.6,] 	 SYMBOL:	 ARGS:a_prio,b_prio,
		 10: RETURN %cl_1_7[3.9,] %self[3.9,2.0,] 
BB 4
	outgoing: 6 
	datadep: 
	instructions:
		 0: def_%cl_1_8 
		 1: def_%cl_1_9 %cl_1_8[4.0,] 
		 2: RETURN %cl_1_9[4.1,] %self[2.0,] 
BB 6
	outgoing: 
	datadep: 
	instructions:
CLOSURE END: b[2.3,] a_prio[3.3,] b_prio[3.7,] 
		 13: %v_4->first def_%v_5 %v_4[2.12,] 	 SYMBOL:	 ARGS:
		 14: %v_5->[] def_%v_6 %v_5[2.13,] 	 SYMBOL:name,	 ARGS:Symbol,
		 15: RETURN %v_6[2.14,] %self[2.0,2.9,] 
BB 3
	outgoing: 
	datadep: 
	instructions:

SET IRMethod, name = translation_preferences instanceMethod = true
BB 1
	outgoing: 3 2 
	datadep: 
	instructions:
BB 2
	outgoing: 3 
	datadep: 
	instructions:
		 0: def_%self 
		 1: def_%v_0 
		 2: COPY TYPE_CurrentScope def_%current_scope 
		 3: COPY TYPE_ScopeModule def_%current_module 
		 4: 
		 5: RECEIVEARG def_preferred 
		 6: RECEIVEARG def_all 
		 7: 
		 8: COPY TYPE_Array def_%v_3 preferred[2.5,] 
		 9: %v_3->concat def_%v_4 %v_3[2.8,] all[2.6,] 	 SYMBOL:	 ARGS:all,
		 10: %v_4->map def_%v_5 %v_4[2.9,] 	 SYMBOL:to_s,	 ARGS:
		 11: %v_5->uniq def_%v_6 %v_5[2.10,] 	 SYMBOL:	 ARGS:
		 12: %v_6->each_with_index def_%v_7 %v_6[2.11,] 	 SYMBOL:	 ARGS:
		 13: %v_7->map def_%v_8 %v_7[2.12,] %self[2.0,] 	 SYMBOL:	 ARGS:%v_7,
CLOSURE BEGIN: l[] index[] 
BB 1
	outgoing: 6 2 
	datadep: 
	instructions:
BB 2
	outgoing: 6 
	datadep: 
	instructions:
		 0: def_%self 
		 1: def_%cl_1_0 
		 2: RECEIVEARG def_l 
		 3: RECEIVEARG def_index 
		 4: COPY TYPE_CurrentScope def_%current_scope 
		 5: COPY TYPE_ScopeModule def_%current_module 
		 6: 
		 7: COPY TYPE_Array def_%cl_1_3 l[2.2,] index[2.3,] 
		 8: RETURN %cl_1_3[2.7,] %self[2.0,] 
BB 6
	outgoing: 
	datadep: 
	instructions:
CLOSURE END: index[2.3,] 
		 14: %v_8->to_h def_%v_9 %v_8[2.13,] 	 SYMBOL:	 ARGS:
		 15: RETURN %v_9[2.14,] %self[2.0,] 
BB 3
	outgoing: 
	datadep: 
	instructions:

SET IRMethod, name = sort_num_or_nil instanceMethod = true
BB 1
	outgoing: 9 2 
	datadep: 
	instructions:
BB 2
	outgoing: 3 4 
	datadep: 
	instructions:
		 0: def_%self 
		 1: def_%v_0 
		 2: COPY TYPE_CurrentScope def_%current_scope 
		 3: COPY TYPE_ScopeModule def_%current_module 
		 4: 
		 5: RECEIVEARG def_a 
		 6: RECEIVEARG def_b 
		 7: 
		 8: a->nil? def_%v_3 a[2.5,] 	 SYMBOL:	 ARGS:
		 9: BRANCH %v_3[2.8,] 
BB 3
	outgoing: 9 
	datadep: 
	instructions:
		 0: 
		 1: COPY TYPE_Fixnum def_%v_4 
		 2: RETURN %self[2.0,] 
BB 4
	outgoing: 5 6 
	datadep: 
	instructions:
		 0: 
		 1: b->nil? def_%v_5 b[2.6,] 	 SYMBOL:	 ARGS:
		 2: BRANCH %v_5[4.1,] 
BB 5
	outgoing: 7 
	datadep: 
	instructions:
		 0: 
		 1: COPY TYPE_Fixnum def_%v_6 
		 2: 
BB 6
	outgoing: 7 
	datadep: 
	instructions:
		 0: 
		 1: a-><=> def_%v_7 a[2.5,] b[2.6,] 	 SYMBOL:	 ARGS:b,
		 2: COPY TYPE_PASS def_%v_6 %v_7[6.1,] 
BB 7
	outgoing: 9 
	datadep: 
	instructions:
		 0: RETURN %v_6[6.2,5.1,] %self[2.0,] 
BB 9
	outgoing: 
	datadep: 
	instructions:

