SET IRMethod, name = facebook_locale_code instanceMethod = true
BB 1
	outgoing: 10 2 
	datadep: 
	instructions:
BB 2
	outgoing: 3 4 
	datadep: 
	instructions:
		 0: def_%self 
		 1: def_%v_0 
		 2: COPY TYPE_CurrentScope def_%current_scope 
		 3: COPY TYPE_ScopeModule def_%current_module 
		 4: 
		 5: RECEIVEARG def_all_locales 
		 6: RECEIVEARG def_current_locale_code 
		 7: 
		 8: current_locale_code->to_s def_%v_3 current_locale_code[2.6,] 	 SYMBOL:	 ARGS:
		 9: COPY TYPE_PASS def_locale_code_string %v_3[2.8,] 
		 10: 
		 11: all_locales->find def_%v_4 all_locales[2.5,] %self[2.0,] 	 SYMBOL:	 ARGS:all_locales,
CLOSURE BEGIN: l[] locale_code_string[2.9,] 
BB 1
	outgoing: 6 2 
	datadep: 
	instructions:
BB 2
	outgoing: 3 
	datadep: 
	instructions:
		 0: def_%self 
		 1: def_%cl_1_0 
		 2: RECEIVEARG def_l 
		 3: COPY TYPE_CurrentScope def_%current_scope 
		 4: COPY TYPE_ScopeModule def_%current_module 
BB 3
	outgoing: 4 6 
	datadep: 
	instructions:
		 0: 
		 1: l->[] def_%cl_1_3 l[2.2,] 	 SYMBOL:ident,	 ARGS:Symbol,
		 2: %cl_1_3->== def_%cl_1_4 %cl_1_3[3.1,] locale_code_string[] 	 SYMBOL:	 ARGS:locale_code_string,
		 3: RETURN %cl_1_4[3.2,] %self[2.0,] 
BB 4
	outgoing: 6 
	datadep: 
	instructions:
		 0: def_%cl_1_5 
		 1: def_%cl_1_6 %cl_1_5[4.0,] 
		 2: RETURN %cl_1_6[4.1,] %self[2.0,] 
BB 6
	outgoing: 
	datadep: 
	instructions:
CLOSURE END: 
		 12: COPY TYPE_PASS def_locale %v_4[2.11,] 
		 13: 
		 14: COPY TYPE_PASS def_%v_5 %v_4[2.11,] 
		 15: BRANCH %v_4[2.11,] 
BB 3
	outgoing: 4 
	datadep: 
	instructions:
		 0: locale->[] def_%v_6 locale[2.12,] 	 SYMBOL:language,	 ARGS:Symbol,
		 1: %v_6->present? def_%v_7 %v_6[3.0,] 	 SYMBOL:	 ARGS:
		 2: COPY TYPE_PASS def_%v_5 %v_7[3.1,] 
BB 4
	outgoing: 5 6 
	datadep: 
	instructions:
		 0: BRANCH %v_5[3.2,2.14,] 
BB 5
	outgoing: 6 
	datadep: 
	instructions:
		 0: locale->[] def_%v_8 locale[2.12,] 	 SYMBOL:region,	 ARGS:Symbol,
		 1: %v_8->present? def_%v_9 %v_8[5.0,] 	 SYMBOL:	 ARGS:
		 2: COPY TYPE_PASS def_%v_5 %v_9[5.1,] 
BB 6
	outgoing: 7 8 
	datadep: 
	instructions:
		 0: BRANCH %v_5[5.2,3.2,2.14,] 
BB 7
	outgoing: 10 
	datadep: 
	instructions:
		 0: 
		 1: locale->[] def_%v_10 locale[2.12,] 	 SYMBOL:language,	 ARGS:Symbol,
		 2: %v_10->downcase def_%v_11 %v_10[7.1,] 	 SYMBOL:	 ARGS:
		 3: COPY TYPE_StringLiteral "_" def_%v_12 
		 4: locale->[] def_%v_13 locale[7.1,2.12,] 	 SYMBOL:region,	 ARGS:Symbol,
		 5: %v_13->upcase def_%v_14 %v_13[7.4,] 	 SYMBOL:	 ARGS:
		 6: BUILDSTRING def_%v_15 %v_11[7.2,] %v_12[7.3,] %v_14[7.5,] 
		 7: RETURN %v_15[7.6,] %self[2.0,] 
BB 8
	outgoing: 10 
	datadep: 
	instructions:
		 0: 
		 1: RETURN %self[2.0,] 
BB 10
	outgoing: 
	datadep: 
	instructions:

SET IRMethod, name = select_locale instanceMethod = true
BB 1
	outgoing: 26 2 
	datadep: 
	instructions:
BB 2
	outgoing: 3 4 
	datadep: 
	instructions:
		 0: def_%self 
		 1: def_%v_0 
		 2: COPY TYPE_CurrentScope def_%current_scope 
		 3: COPY TYPE_ScopeModule def_%current_module 
		 4: 
		 5: def_user_locale 
		 6: user_locale[2.5,] 
BB 3
	outgoing: 4 
	datadep: 
	instructions:
		 0: 
BB 4
	outgoing: 5 6 
	datadep: 
	instructions:
		 0: def_param_locale 
		 1: param_locale[4.0,] 
BB 5
	outgoing: 6 
	datadep: 
	instructions:
		 0: 
BB 6
	outgoing: 7 8 
	datadep: 
	instructions:
		 0: def_community_locales 
		 1: community_locales[6.0,] 
BB 7
	outgoing: 8 
	datadep: 
	instructions:
		 0: 
BB 8
	outgoing: 9 10 
	datadep: 
	instructions:
		 0: def_community_default 
		 1: community_default[8.0,] 
BB 9
	outgoing: 10 
	datadep: 
	instructions:
		 0: 
BB 10
	outgoing: 11 12 
	datadep: 
	instructions:
		 0: def_all_locales 
		 1: all_locales[10.0,] 
BB 11
	outgoing: 12 
	datadep: 
	instructions:
		 0: 
BB 12
	outgoing: 13 14 
	datadep: 
	instructions:
		 0: 
		 1: %self->Maybe def_%v_3 %self[2.0,] user_locale[2.5,] 	 SYMBOL:	 ARGS:user_locale,
		 2: %v_3->select def_%v_4 %v_3[12.1,] %self[12.1,2.0,] 	 SYMBOL:	 ARGS:%v_3,
CLOSURE BEGIN: community_locales[6.0,] locale[] 
BB 1
	outgoing: 6 2 
	datadep: 
	instructions:
BB 2
	outgoing: 3 
	datadep: 
	instructions:
		 0: def_%self 
		 1: def_%cl_1_0 
		 2: RECEIVEARG def_locale 
		 3: COPY TYPE_CurrentScope def_%current_scope 
		 4: COPY TYPE_ScopeModule def_%current_module 
BB 3
	outgoing: 4 6 
	datadep: 
	instructions:
		 0: 
		 1: community_locales->include? def_%cl_1_3 community_locales[] locale[2.2,] 	 SYMBOL:	 ARGS:locale,
		 2: RETURN %cl_1_3[3.1,] %self[2.0,] 
BB 4
	outgoing: 6 
	datadep: 
	instructions:
		 0: def_%cl_1_4 
		 1: def_%cl_1_5 %cl_1_4[4.0,] 
		 2: RETURN %cl_1_5[4.1,] %self[2.0,] 
BB 6
	outgoing: 
	datadep: 
	instructions:
CLOSURE END: 
		 3: %v_4->or_else def_%v_5 %v_4[12.2,] 	 SYMBOL:	 ARGS:Nil,
		 4: COPY TYPE_PASS def_locale_from_user %v_5[12.3,] 
		 5: 
		 6: %v_5->present? def_%v_6 %v_5[12.3,] 	 SYMBOL:	 ARGS:
		 7: BRANCH %v_6[12.6,] 
BB 13
	outgoing: 26 
	datadep: 
	instructions:
		 0: RETURN locale_from_user[12.4,] %self[2.0,] 
BB 14
	outgoing: 16 17 
	datadep: 
	instructions:
		 0: COPY TYPE_Nil def_%v_7 
		 1: 
		 2: %self->Maybe def_%v_8 %self[2.0,] user_locale[2.5,] 	 SYMBOL:	 ARGS:user_locale,
		 3: %v_8->flat_map def_%v_9 %v_8[14.2,] %self[14.2,2.0,] 	 SYMBOL:	 ARGS:%v_8,
CLOSURE BEGIN: all_locales[10.0,] %self[14.2,2.0,] l[] locale[12.2,] 
BB 1
	outgoing: 6 2 
	datadep: 
	instructions:
BB 2
	outgoing: 3 
	datadep: 
	instructions:
		 0: def_%self 
		 1: def_%cl_2_0 
		 2: RECEIVEARG def_locale 
		 3: COPY TYPE_CurrentScope def_%current_scope 
		 4: COPY TYPE_ScopeModule def_%current_module 
BB 3
	outgoing: 4 6 
	datadep: 
	instructions:
		 0: 
		 1: all_locales->find def_%cl_2_3 all_locales[] %self[2.0,] 	 SYMBOL:	 ARGS:all_locales,
CLOSURE BEGIN: l[] locale[2.2,] 
BB 1
	outgoing: 6 2 
	datadep: 
	instructions:
BB 2
	outgoing: 3 
	datadep: 
	instructions:
		 0: def_%self 
		 1: def_%cl_3_0 
		 2: RECEIVEARG def_l 
		 3: COPY TYPE_CurrentScope def_%current_scope 
		 4: COPY TYPE_ScopeModule def_%current_module 
BB 3
	outgoing: 4 6 
	datadep: 
	instructions:
		 0: 
		 1: l->[] def_%cl_3_3 l[2.2,] 	 SYMBOL:ident,	 ARGS:Symbol,
		 2: %cl_3_3->== def_%cl_3_4 %cl_3_3[3.1,] locale[] 	 SYMBOL:	 ARGS:locale,
		 3: RETURN %cl_3_4[3.2,] %self[2.0,] 
BB 4
	outgoing: 6 
	datadep: 
	instructions:
		 0: def_%cl_3_5 
		 1: def_%cl_3_6 %cl_3_5[4.0,] 
		 2: RETURN %cl_3_6[4.1,] %self[2.0,] 
BB 6
	outgoing: 
	datadep: 
	instructions:
CLOSURE END: 
		 2: %self->Maybe def_%cl_2_4 %self[2.0,] %cl_2_3[3.1,] 	 SYMBOL:	 ARGS:%cl_2_3,
		 3: %cl_2_4->map def_%cl_2_5 %cl_2_4[3.2,] %self[3.2,2.0,] 	 SYMBOL:	 ARGS:%cl_2_4,
CLOSURE BEGIN: l[3.1,] 
BB 1
	outgoing: 6 2 
	datadep: 
	instructions:
BB 2
	outgoing: 3 
	datadep: 
	instructions:
		 0: def_%self 
		 1: def_%cl_4_0 
		 2: RECEIVEARG def_l 
		 3: COPY TYPE_CurrentScope def_%current_scope 
		 4: COPY TYPE_ScopeModule def_%current_module 
BB 3
	outgoing: 4 6 
	datadep: 
	instructions:
		 0: 
		 1: l->[] def_%cl_4_3 l[2.2,] 	 SYMBOL:fallback,	 ARGS:Symbol,
		 2: RETURN %cl_4_3[3.1,] %self[2.0,] 
BB 4
	outgoing: 6 
	datadep: 
	instructions:
		 0: def_%cl_4_4 
		 1: def_%cl_4_5 %cl_4_4[4.0,] 
		 2: RETURN %cl_4_5[4.1,] %self[2.0,] 
BB 6
	outgoing: 
	datadep: 
	instructions:
CLOSURE END: 
		 4: RETURN %cl_2_5[3.3,] %self[3.2,2.0,] 
BB 4
	outgoing: 6 
	datadep: 
	instructions:
		 0: def_%cl_2_6 
		 1: def_%cl_2_7 %cl_2_6[4.0,] 
		 2: RETURN %cl_2_7[4.1,] %self[2.0,] 
BB 6
	outgoing: 
	datadep: 
	instructions:
CLOSURE END: 
		 4: %v_9->select def_%v_10 %v_9[14.3,] %self[14.2,2.0,] 	 SYMBOL:	 ARGS:%v_9,
CLOSURE BEGIN: community_locales[6.0,] locale[14.3,] 
BB 1
	outgoing: 6 2 
	datadep: 
	instructions:
BB 2
	outgoing: 3 
	datadep: 
	instructions:
		 0: def_%self 
		 1: def_%cl_5_0 
		 2: RECEIVEARG def_locale 
		 3: COPY TYPE_CurrentScope def_%current_scope 
		 4: COPY TYPE_ScopeModule def_%current_module 
BB 3
	outgoing: 4 6 
	datadep: 
	instructions:
		 0: 
		 1: community_locales->include? def_%cl_5_3 community_locales[] locale[2.2,] 	 SYMBOL:	 ARGS:locale,
		 2: RETURN %cl_5_3[3.1,] %self[2.0,] 
BB 4
	outgoing: 6 
	datadep: 
	instructions:
		 0: def_%cl_5_4 
		 1: def_%cl_5_5 %cl_5_4[4.0,] 
		 2: RETURN %cl_5_5[4.1,] %self[2.0,] 
BB 6
	outgoing: 
	datadep: 
	instructions:
CLOSURE END: 
		 5: %v_10->or_else def_%v_11 %v_10[14.4,] 	 SYMBOL:	 ARGS:Nil,
		 6: COPY TYPE_PASS def_locale_from_user_fallback %v_11[14.5,] 
		 7: 
		 8: %v_11->present? def_%v_12 %v_11[14.5,] 	 SYMBOL:	 ARGS:
		 9: BRANCH %v_12[14.8,] 
BB 16
	outgoing: 26 
	datadep: 
	instructions:
		 0: RETURN locale_from_user_fallback[14.6,] %self[2.0,] 
BB 17
	outgoing: 19 20 
	datadep: 
	instructions:
		 0: COPY TYPE_Nil def_%v_13 
		 1: 
		 2: %self->Maybe def_%v_14 %self[2.0,] param_locale[4.0,] 	 SYMBOL:	 ARGS:param_locale,
		 3: %v_14->select def_%v_15 %v_14[17.2,] %self[17.2,2.0,] 	 SYMBOL:	 ARGS:%v_14,
CLOSURE BEGIN: community_locales[6.0,] locale[14.3,14.4,] 
BB 1
	outgoing: 6 2 
	datadep: 
	instructions:
BB 2
	outgoing: 3 
	datadep: 
	instructions:
		 0: def_%self 
		 1: def_%cl_6_0 
		 2: RECEIVEARG def_locale 
		 3: COPY TYPE_CurrentScope def_%current_scope 
		 4: COPY TYPE_ScopeModule def_%current_module 
BB 3
	outgoing: 4 6 
	datadep: 
	instructions:
		 0: 
		 1: community_locales->include? def_%cl_6_3 community_locales[] locale[2.2,] 	 SYMBOL:	 ARGS:locale,
		 2: RETURN %cl_6_3[3.1,] %self[2.0,] 
BB 4
	outgoing: 6 
	datadep: 
	instructions:
		 0: def_%cl_6_4 
		 1: def_%cl_6_5 %cl_6_4[4.0,] 
		 2: RETURN %cl_6_5[4.1,] %self[2.0,] 
BB 6
	outgoing: 
	datadep: 
	instructions:
CLOSURE END: 
		 4: %v_15->or_else def_%v_16 %v_15[17.3,] 	 SYMBOL:	 ARGS:Nil,
		 5: COPY TYPE_PASS def_locale_from_param %v_16[17.4,] 
		 6: 
		 7: %v_16->present? def_%v_17 %v_16[17.4,] 	 SYMBOL:	 ARGS:
		 8: BRANCH %v_17[17.7,] 
BB 19
	outgoing: 26 
	datadep: 
	instructions:
		 0: RETURN locale_from_param[17.5,] %self[2.0,] 
BB 20
	outgoing: 22 23 
	datadep: 
	instructions:
		 0: COPY TYPE_Nil def_%v_18 
		 1: 
		 2: %self->Maybe def_%v_19 %self[2.0,] param_locale[4.0,] 	 SYMBOL:	 ARGS:param_locale,
		 3: %v_19->flat_map def_%v_20 %v_19[20.2,] %self[20.2,2.0,] 	 SYMBOL:	 ARGS:%v_19,
CLOSURE BEGIN: all_locales[10.0,] %self[20.2,2.0,] l[] locale[17.3,] 
BB 1
	outgoing: 6 2 
	datadep: 
	instructions:
BB 2
	outgoing: 3 
	datadep: 
	instructions:
		 0: def_%self 
		 1: def_%cl_7_0 
		 2: RECEIVEARG def_locale 
		 3: COPY TYPE_CurrentScope def_%current_scope 
		 4: COPY TYPE_ScopeModule def_%current_module 
BB 3
	outgoing: 4 6 
	datadep: 
	instructions:
		 0: 
		 1: all_locales->find def_%cl_7_3 all_locales[] %self[2.0,] 	 SYMBOL:	 ARGS:all_locales,
CLOSURE BEGIN: l[] locale[2.2,] 
BB 1
	outgoing: 6 2 
	datadep: 
	instructions:
BB 2
	outgoing: 3 
	datadep: 
	instructions:
		 0: def_%self 
		 1: def_%cl_8_0 
		 2: RECEIVEARG def_l 
		 3: COPY TYPE_CurrentScope def_%current_scope 
		 4: COPY TYPE_ScopeModule def_%current_module 
BB 3
	outgoing: 4 6 
	datadep: 
	instructions:
		 0: 
		 1: l->[] def_%cl_8_3 l[2.2,] 	 SYMBOL:ident,	 ARGS:Symbol,
		 2: %cl_8_3->== def_%cl_8_4 %cl_8_3[3.1,] locale[] 	 SYMBOL:	 ARGS:locale,
		 3: RETURN %cl_8_4[3.2,] %self[2.0,] 
BB 4
	outgoing: 6 
	datadep: 
	instructions:
		 0: def_%cl_8_5 
		 1: def_%cl_8_6 %cl_8_5[4.0,] 
		 2: RETURN %cl_8_6[4.1,] %self[2.0,] 
BB 6
	outgoing: 
	datadep: 
	instructions:
CLOSURE END: 
		 2: %self->Maybe def_%cl_7_4 %self[2.0,] %cl_7_3[3.1,] 	 SYMBOL:	 ARGS:%cl_7_3,
		 3: %cl_7_4->map def_%cl_7_5 %cl_7_4[3.2,] %self[3.2,2.0,] 	 SYMBOL:	 ARGS:%cl_7_4,
CLOSURE BEGIN: l[3.1,] 
BB 1
	outgoing: 6 2 
	datadep: 
	instructions:
BB 2
	outgoing: 3 
	datadep: 
	instructions:
		 0: def_%self 
		 1: def_%cl_9_0 
		 2: RECEIVEARG def_l 
		 3: COPY TYPE_CurrentScope def_%current_scope 
		 4: COPY TYPE_ScopeModule def_%current_module 
BB 3
	outgoing: 4 6 
	datadep: 
	instructions:
		 0: 
		 1: l->[] def_%cl_9_3 l[2.2,] 	 SYMBOL:fallback,	 ARGS:Symbol,
		 2: RETURN %cl_9_3[3.1,] %self[2.0,] 
BB 4
	outgoing: 6 
	datadep: 
	instructions:
		 0: def_%cl_9_4 
		 1: def_%cl_9_5 %cl_9_4[4.0,] 
		 2: RETURN %cl_9_5[4.1,] %self[2.0,] 
BB 6
	outgoing: 
	datadep: 
	instructions:
CLOSURE END: 
		 4: RETURN %cl_7_5[3.3,] %self[3.2,2.0,] 
BB 4
	outgoing: 6 
	datadep: 
	instructions:
		 0: def_%cl_7_6 
		 1: def_%cl_7_7 %cl_7_6[4.0,] 
		 2: RETURN %cl_7_7[4.1,] %self[2.0,] 
BB 6
	outgoing: 
	datadep: 
	instructions:
CLOSURE END: 
		 4: %v_20->select def_%v_21 %v_20[20.3,] %self[20.2,2.0,] 	 SYMBOL:	 ARGS:%v_20,
CLOSURE BEGIN: community_locales[6.0,] locale[20.3,] 
BB 1
	outgoing: 6 2 
	datadep: 
	instructions:
BB 2
	outgoing: 3 
	datadep: 
	instructions:
		 0: def_%self 
		 1: def_%cl_10_0 
		 2: RECEIVEARG def_locale 
		 3: COPY TYPE_CurrentScope def_%current_scope 
		 4: COPY TYPE_ScopeModule def_%current_module 
BB 3
	outgoing: 4 6 
	datadep: 
	instructions:
		 0: 
		 1: community_locales->include? def_%cl_10_3 community_locales[] locale[2.2,] 	 SYMBOL:	 ARGS:locale,
		 2: RETURN %cl_10_3[3.1,] %self[2.0,] 
BB 4
	outgoing: 6 
	datadep: 
	instructions:
		 0: def_%cl_10_4 
		 1: def_%cl_10_5 %cl_10_4[4.0,] 
		 2: RETURN %cl_10_5[4.1,] %self[2.0,] 
BB 6
	outgoing: 
	datadep: 
	instructions:
CLOSURE END: 
		 5: %v_21->or_else def_%v_22 %v_21[20.4,] 	 SYMBOL:	 ARGS:Nil,
		 6: COPY TYPE_PASS def_locale_from_param_fallback %v_22[20.5,] 
		 7: 
		 8: %v_22->present? def_%v_23 %v_22[20.5,] 	 SYMBOL:	 ARGS:
		 9: BRANCH %v_23[20.8,] 
BB 22
	outgoing: 26 
	datadep: 
	instructions:
		 0: RETURN locale_from_param_fallback[20.6,] %self[2.0,] 
BB 23
	outgoing: 26 
	datadep: 
	instructions:
		 0: COPY TYPE_Nil def_%v_24 
		 1: 
		 2: RETURN community_default[8.0,] %self[2.0,] 
BB 26
	outgoing: 
	datadep: 
	instructions:

