SET IRMethod, name = home instanceMethod = true
BB 1
	outgoing: 5 2 
	datadep: 
	instructions:
BB 2
	outgoing: 3 4 
	datadep: 
	instructions:
		 0: def_%self 
		 1: def_%v_0 
		 2: COPY TYPE_CurrentScope def_%current_scope 
		 3: COPY TYPE_ScopeModule def_%current_module 
		 4: 
		 5: 
		 6: (Shoppe) def_%v_3 
		 7: (inherit Product) def_%v_4 %v_3[2.6,] 
		 8: %v_4[2.7,] 
BB 3
	outgoing: 4 
	datadep: 
	instructions:
		 0: %v_3->const_missing def_%v_4 %v_3[2.6,] 	 SYMBOL:Product,	 ARGS:Symbol,
BB 4
	outgoing: 5 
	datadep: 
	instructions:
		 0: %v_4->active def_%v_5 %v_4[3.0,2.7,] 	 SYMBOL:	 ARGS:
		 1: %v_5->featured def_%v_6 %v_5[4.0,] 	 SYMBOL:	 ARGS:
		 2: %v_6->includes def_%v_7 %v_6[4.1,] 	 SYMBOL:product_categories,variants,	 ARGS:Symbol,Symbol,
		 3: %v_7->root def_%v_8 %v_7[4.2,] 	 SYMBOL:	 ARGS:
		 4: ATTRASSIGN %self->products %v_8[4.3,] 
		 5: 
		 6: %self->ruby_code_from_view def_%v_9 %self[4.4,2.0,] 	 SYMBOL:	 ARGS:
		 7: %v_9->ruby_code_from_view def_%v_10 %v_9[4.6,] %self[4.4,4.6,2.0,] 	 SYMBOL:	 ARGS:%v_9,
CLOSURE BEGIN: %self[4.4,4.6,2.0,] category[] product[] 
BB 1
	outgoing: 22 2 
	datadep: 
	instructions:
BB 2
	outgoing: 3 
	datadep: 
	instructions:
		 0: def_%self 
		 1: def_%cl_1_0 
		 2: RECEIVEARG def_rb_from_view 
		 3: COPY TYPE_CurrentScope def_%current_scope 
		 4: COPY TYPE_ScopeModule def_%current_module 
BB 3
	outgoing: 4 5 20 
	datadep: 
	instructions:
		 0: 
		 1: %self->stylesheet_link_tag def_%cl_1_3 %self[2.0,] 	 SYMBOL:application,	 ARGS:Symbol,
		 2: 
		 3: %self->javascript_include_tag def_%cl_1_4 %self[3.1,2.0,] 	 SYMBOL:application,	 ARGS:Symbol,
		 4: 
		 5: %self->csrf_meta_tags def_%cl_1_5 %self[3.1,3.3,2.0,] 	 SYMBOL:	 ARGS:
		 6: 
		 7: def_%cl_1_6 %cl_1_0[2.1,] 
		 8: 
		 9: COPY TYPE_StringLiteral "Play with Shoppe Admin" def_%cl_1_7 
		 10: COPY TYPE_StringLiteral "/shoppe" def_%cl_1_8 
		 11: %self->link_to def_%cl_1_9 %self[3.1,3.3,3.5,2.0,] %cl_1_7[3.9,] %cl_1_8[3.10,] 	 SYMBOL:	 ARGS:%cl_1_7,%cl_1_8,
		 12: 
		 13: COPY TYPE_StringLiteral "Browse the code" def_%cl_1_10 
		 14: COPY TYPE_StringLiteral "http://github.com/tryshoppe/core" def_%cl_1_11 
		 15: %self->link_to def_%cl_1_12 %self[3.1,3.3,3.5,3.11,2.0,] %cl_1_10[3.13,] %cl_1_11[3.14,] 	 SYMBOL:	 ARGS:%cl_1_10,%cl_1_11,
		 16: 
		 17: %self->display_flash def_%cl_1_13 %self[3.1,3.3,3.5,3.11,3.15,2.0,] 	 SYMBOL:	 ARGS:
		 18: 
		 19: COPY TYPE_StringLiteral "Home" def_%cl_1_14 
		 20: %self->root_path def_%cl_1_15 %self[3.1,3.3,3.5,3.11,3.15,3.17,2.0,] 	 SYMBOL:	 ARGS:
		 21: HASH-nav_item- def_%cl_1_16 
		 22: %self->link_to def_%cl_1_17 %self[3.1,3.3,3.5,3.11,3.15,3.17,3.20,2.0,] %cl_1_14[3.19,] %cl_1_15[3.20,] %cl_1_16[3.21,] 	 SYMBOL:	 ARGS:%cl_1_14,%cl_1_15,%cl_1_16,
		 23: 
		 24: COPY TYPE_StringLiteral "Our catalogue" def_%cl_1_18 
		 25: %self->catalogue_path def_%cl_1_19 %self[3.1,3.3,3.5,3.11,3.15,3.17,3.20,3.22,2.0,] 	 SYMBOL:	 ARGS:
		 26: COPY TYPE_StringLiteral "noborder" def_%cl_1_20 
		 27: HASH-nav_item-class- def_%cl_1_21 %cl_1_20[3.26,] 
		 28: %self->link_to def_%cl_1_22 %self[3.1,3.3,3.5,3.11,3.15,3.17,3.20,3.22,3.25,2.0,] %cl_1_18[3.24,] %cl_1_19[3.25,] %cl_1_21[3.27,] 	 SYMBOL:	 ARGS:%cl_1_18,%cl_1_19,%cl_1_21,
		 29: 
		 30: (Shoppe) def_%cl_1_24 
		 31: (inherit ProductCategory) def_%cl_1_25 %cl_1_24[3.30,] 
		 32: %cl_1_25[3.31,] 
BB 4
	outgoing: 5 20 
	datadep: 
	instructions:
		 0: %cl_1_24->const_missing def_%cl_1_25 %cl_1_24[3.30,] 	 SYMBOL:ProductCategory,	 ARGS:Symbol,
BB 5
	outgoing: 6 7 20 
	datadep: 
	instructions:
		 0: %cl_1_25->ordered def_%cl_1_26 %cl_1_25[4.0,3.31,] 	 SYMBOL:	 ARGS:
		 1: %cl_1_26->each def_%cl_1_23 %cl_1_26[5.0,] %self[2.0,] 	 SYMBOL:	 ARGS:%cl_1_26,
CLOSURE BEGIN: category[] %self[2.0,] 
BB 1
	outgoing: 4 2 
	datadep: 
	instructions:
BB 2
	outgoing: 4 
	datadep: 
	instructions:
		 0: def_%self 
		 1: def_%cl_2_0 
		 2: RECEIVEARG def_category 
		 3: COPY TYPE_CurrentScope def_%current_scope 
		 4: COPY TYPE_ScopeModule def_%current_module 
		 5: 
		 6: category->name def_%cl_2_3 category[2.2,] 	 SYMBOL:	 ARGS:
		 7: category->permalink def_%cl_2_4 category[2.2,2.6,] 	 SYMBOL:	 ARGS:
		 8: %self->products_path def_%cl_2_5 %self[2.0,] %cl_2_4[2.7,] 	 SYMBOL:	 ARGS:%cl_2_4,
		 9: %self->link_to def_%cl_2_6 %self[2.0,2.8,] %cl_2_3[2.6,] %cl_2_5[2.8,] 	 SYMBOL:	 ARGS:%cl_2_3,%cl_2_5,
		 10: RETURN %cl_2_6[2.9,] %self[2.0,2.8,2.9,] 
BB 4
	outgoing: 
	datadep: 
	instructions:
CLOSURE END: category[2.2,] 
		 2: 
		 3: COPY TYPE_StringLiteral "Why shop with us?" def_%cl_1_27 
		 4: %self->page_path def_%cl_1_28 %self[2.0,] 	 SYMBOL:why,	 ARGS:Symbol,
		 5: HASH-nav_item- def_%cl_1_29 
		 6: %self->link_to def_%cl_1_30 %self[5.4,2.0,] %cl_1_27[5.3,] %cl_1_28[5.4,] %cl_1_29[5.5,] 	 SYMBOL:	 ARGS:%cl_1_27,%cl_1_28,%cl_1_29,
		 7: 
		 8: COPY TYPE_StringLiteral "FAQs" def_%cl_1_31 
		 9: %self->page_path def_%cl_1_32 %self[5.4,5.6,2.0,] 	 SYMBOL:faqs,	 ARGS:Symbol,
		 10: HASH-nav_item- def_%cl_1_33 
		 11: %self->link_to def_%cl_1_34 %self[5.4,5.6,5.9,2.0,] %cl_1_31[5.8,] %cl_1_32[5.9,] %cl_1_33[5.10,] 	 SYMBOL:	 ARGS:%cl_1_31,%cl_1_32,%cl_1_33,
		 12: 
		 13: COPY TYPE_StringLiteral "Get in touch" def_%cl_1_35 
		 14: %self->page_path def_%cl_1_36 %self[5.4,5.6,5.9,5.11,2.0,] 	 SYMBOL:contact,	 ARGS:Symbol,
		 15: HASH-nav_item- def_%cl_1_37 
		 16: %self->link_to def_%cl_1_38 %self[5.4,5.6,5.9,5.11,5.14,2.0,] %cl_1_35[5.13,] %cl_1_36[5.14,] %cl_1_37[5.15,] 	 SYMBOL:	 ARGS:%cl_1_35,%cl_1_36,%cl_1_37,
		 17: 
		 18: (Shoppe) def_%cl_1_39 
		 19: %cl_1_39->settings def_%cl_1_40 %cl_1_39[5.18,] 	 SYMBOL:	 ARGS:
		 20: %cl_1_40->store_name def_%cl_1_41 %cl_1_40[5.19,] 	 SYMBOL:	 ARGS:
		 21: %self->root_path def_%cl_1_42 %self[5.4,5.6,5.9,5.11,5.14,5.16,2.0,] 	 SYMBOL:	 ARGS:
		 22: %self->link_to def_%cl_1_43 %self[5.4,5.6,5.9,5.11,5.14,5.16,5.21,2.0,] %cl_1_41[5.20,] %cl_1_42[5.21,] 	 SYMBOL:	 ARGS:%cl_1_41,%cl_1_42,
		 23: 
		 24: 
		 25: GETFIELD %self->full_header def_%cl_1_44 %self[5.4,5.6,5.9,5.11,5.14,5.16,5.21,5.22,2.0,] 
		 26: BRANCH %cl_1_44[5.25,] 
BB 6
	outgoing: 8 
	datadep: 
	instructions:
		 0: COPY TYPE_Nil def_%cl_1_45 
		 1: 
BB 7
	outgoing: 8 
	datadep: 
	instructions:
		 0: COPY TYPE_Nil def_%cl_1_45 
BB 8
	outgoing: 9 10 
	datadep: 
	instructions:
		 0: 
		 1: 
		 2: GETFIELD %self->full_header def_%cl_1_46 %self[2.0,] 
		 3: BRANCH %cl_1_46[8.2,] 
BB 9
	outgoing: 11 
	datadep: 
	instructions:
		 0: COPY TYPE_Nil def_%cl_1_47 
		 1: 
BB 10
	outgoing: 11 
	datadep: 
	instructions:
		 0: COPY TYPE_Nil def_%cl_1_47 
BB 11
	outgoing: 12 13 20 
	datadep: 
	instructions:
		 0: 
		 1: %self->content_for? def_%cl_1_48 %self[2.0,] 	 SYMBOL:sidebar,	 ARGS:Symbol,
		 2: BRANCH %cl_1_48[11.1,] 
BB 12
	outgoing: 19 20 
	datadep: 
	instructions:
		 0: 
		 1: def_%cl_1_49 %cl_1_0[2.1,] 
		 2: 
BB 13
	outgoing: 14 15 20 
	datadep: 
	instructions:
		 0: 
		 1: %self->has_order? def_%cl_1_50 %self[2.0,] 	 SYMBOL:	 ARGS:
		 2: BRANCH %cl_1_50[13.1,] 
BB 14
	outgoing: 15 20 
	datadep: 
	instructions:
		 0: %self->current_order def_%cl_1_51 %self[2.0,] 	 SYMBOL:	 ARGS:
		 1: %cl_1_51->has_items? def_%cl_1_52 %cl_1_51[14.0,] 	 SYMBOL:	 ARGS:
		 2: COPY TYPE_PASS def_%cl_1_50 %cl_1_52[14.1,] 
BB 15
	outgoing: 16 17 
	datadep: 
	instructions:
		 0: BRANCH %cl_1_50[14.2,13.1,] 
BB 16
	outgoing: 18 20 
	datadep: 
	instructions:
		 0: 
		 1: COPY TYPE_StringLiteral "View my bag" def_%cl_1_53 
		 2: %self->basket_path def_%cl_1_54 %self[2.0,] 	 SYMBOL:	 ARGS:
		 3: %self->link_to def_%cl_1_55 %self[16.2,2.0,] %cl_1_53[16.1,] %cl_1_54[16.2,] 	 SYMBOL:	 ARGS:%cl_1_53,%cl_1_54,
		 4: 
		 5: COPY TYPE_StringLiteral "Checkout" def_%cl_1_56 
		 6: %self->checkout_path def_%cl_1_57 %self[16.2,16.3,2.0,] 	 SYMBOL:	 ARGS:
		 7: COPY TYPE_StringLiteral "checkout" def_%cl_1_58 
		 8: HASH-class- def_%cl_1_59 %cl_1_58[16.7,] 
		 9: %self->link_to def_%cl_1_60 %self[16.2,16.3,16.6,2.0,] %cl_1_56[16.5,] %cl_1_57[16.6,] %cl_1_59[16.8,] 	 SYMBOL:	 ARGS:%cl_1_56,%cl_1_57,%cl_1_59,
		 10: 
BB 17
	outgoing: 18 
	datadep: 
	instructions:
		 0: COPY TYPE_Nil def_%cl_1_60 
BB 18
	outgoing: 19 
	datadep: 
	instructions:
		 0: COPY TYPE_PASS def_%cl_1_49 %cl_1_60[17.0,16.9,] 
BB 19
	outgoing: 20 22 
	datadep: 
	instructions:
		 0: 
		 1: %self->active_nav_item def_%cl_1_61 %self[2.0,] 	 SYMBOL:home,	 ARGS:Symbol,
		 2: 
		 3: ATTRASSIGN %self->full_header 
		 4: 
		 5: COPY TYPE_StringLiteral "Welcome" def_%cl_1_62 
		 6: ATTRASSIGN %self->page_title %cl_1_62[19.5,] 
		 7: 
		 8: COPY TYPE_StringLiteral "Browse our whole catalogue" def_%cl_1_63 
		 9: %self->catalogue_path def_%cl_1_64 %self[19.1,19.3,19.6,2.0,] 	 SYMBOL:	 ARGS:
		 10: %self->link_to def_%cl_1_65 %self[19.1,19.3,19.6,19.9,2.0,] %cl_1_63[19.8,] %cl_1_64[19.9,] 	 SYMBOL:	 ARGS:%cl_1_63,%cl_1_64,
		 11: 
		 12: %self->products def_%cl_1_67 %self[19.1,19.3,19.6,19.9,19.10,2.0,] 	 SYMBOL:	 ARGS:
		 13: %cl_1_67->each def_%cl_1_66 %cl_1_67[19.12,] %self[19.1,19.3,19.6,19.9,19.10,19.12,2.0,] 	 SYMBOL:	 ARGS:%cl_1_67,
CLOSURE BEGIN: product[] %self[19.1,19.3,19.6,19.9,19.10,19.12,2.0,] 
BB 1
	outgoing: 7 2 
	datadep: 
	instructions:
BB 2
	outgoing: 4 5 
	datadep: 
	instructions:
		 0: def_%self 
		 1: def_%cl_3_0 
		 2: RECEIVEARG def_product 
		 3: COPY TYPE_CurrentScope def_%current_scope 
		 4: COPY TYPE_ScopeModule def_%current_module 
		 5: 
		 6: product->name def_%cl_3_3 product[2.2,] 	 SYMBOL:	 ARGS:
		 7: product->product_category def_%cl_3_4 product[2.2,2.6,] 	 SYMBOL:	 ARGS:
		 8: %cl_3_4->permalink def_%cl_3_5 %cl_3_4[2.7,] 	 SYMBOL:	 ARGS:
		 9: product->permalink def_%cl_3_6 product[2.2,2.6,2.7,] 	 SYMBOL:	 ARGS:
		 10: %self->product_path def_%cl_3_7 %self[2.0,] %cl_3_5[2.8,] %cl_3_6[2.9,] 	 SYMBOL:	 ARGS:%cl_3_5,%cl_3_6,
		 11: %self->link_to def_%cl_3_8 %self[2.0,2.10,] %cl_3_3[2.6,] %cl_3_7[2.10,] 	 SYMBOL:	 ARGS:%cl_3_3,%cl_3_7,
		 12: 
		 13: product->short_description def_%cl_3_9 product[2.2,2.6,2.7,2.9,] 	 SYMBOL:	 ARGS:
		 14: HASH-length- def_%cl_3_10 
		 15: %self->truncate def_%cl_3_11 %self[2.0,2.10,2.11,] %cl_3_9[2.13,] %cl_3_10[2.14,] 	 SYMBOL:	 ARGS:%cl_3_9,%cl_3_10,
		 16: 
		 17: COPY TYPE_StringLiteral "Info" def_%cl_3_12 
		 18: product->product_category def_%cl_3_13 product[2.2,2.6,2.7,2.9,2.13,] 	 SYMBOL:	 ARGS:
		 19: %cl_3_13->permalink def_%cl_3_14 %cl_3_13[2.18,] 	 SYMBOL:	 ARGS:
		 20: product->permalink def_%cl_3_15 product[2.2,2.6,2.7,2.9,2.13,2.18,] 	 SYMBOL:	 ARGS:
		 21: %self->product_path def_%cl_3_16 %self[2.0,2.10,2.11,2.15,] %cl_3_14[2.19,] %cl_3_15[2.20,] 	 SYMBOL:	 ARGS:%cl_3_14,%cl_3_15,
		 22: %self->link_to def_%cl_3_17 %self[2.0,2.10,2.11,2.15,2.21,] %cl_3_12[2.17,] %cl_3_16[2.21,] 	 SYMBOL:	 ARGS:%cl_3_12,%cl_3_16,
		 23: 
		 24: product->orderable? def_%cl_3_18 product[2.2,2.6,2.7,2.9,2.13,2.18,2.20,] 	 SYMBOL:	 ARGS:
		 25: BRANCH %cl_3_18[2.24,] 
BB 4
	outgoing: 6 
	datadep: 
	instructions:
		 0: 
		 1: COPY TYPE_StringLiteral "Add" def_%cl_3_19 
		 2: product->product_category def_%cl_3_20 product[2.2,] 	 SYMBOL:	 ARGS:
		 3: %cl_3_20->permalink def_%cl_3_21 %cl_3_20[4.2,] 	 SYMBOL:	 ARGS:
		 4: product->permalink def_%cl_3_22 product[4.2,2.2,] 	 SYMBOL:	 ARGS:
		 5: %self->buy_product_path def_%cl_3_23 %self[2.0,] %cl_3_21[4.3,] %cl_3_22[4.4,] 	 SYMBOL:	 ARGS:%cl_3_21,%cl_3_22,
		 6: COPY TYPE_StringLiteral "add" def_%cl_3_24 
		 7: HASH-class-method- def_%cl_3_25 %cl_3_24[4.6,] 
		 8: %self->link_to def_%cl_3_26 %self[4.5,2.0,] %cl_3_19[4.1,] %cl_3_23[4.5,] %cl_3_25[4.7,] 	 SYMBOL:	 ARGS:%cl_3_19,%cl_3_23,%cl_3_25,
		 9: 
BB 5
	outgoing: 6 
	datadep: 
	instructions:
		 0: COPY TYPE_Nil def_%cl_3_26 
BB 6
	outgoing: 7 
	datadep: 
	instructions:
		 0: 
		 1: product->price def_%cl_3_27 product[2.2,] 	 SYMBOL:	 ARGS:
		 2: %self->number_to_currency def_%cl_3_28 %self[2.0,] %cl_3_27[6.1,] 	 SYMBOL:	 ARGS:%cl_3_27,
		 3: RETURN %cl_3_28[6.2,] %self[6.2,2.0,] 
BB 7
	outgoing: 
	datadep: 
	instructions:
CLOSURE END: product[2.2,] 
		 14: 
		 15: COPY TYPE_StringLiteral "Terms & Conditions" def_%cl_1_68 
		 16: %self->page_path def_%cl_1_69 %self[19.1,19.3,19.6,19.9,19.10,19.12,2.0,] 	 SYMBOL:terms,	 ARGS:Symbol,
		 17: %self->link_to def_%cl_1_70 %self[19.1,19.3,19.6,19.9,19.10,19.12,19.16,2.0,] %cl_1_68[19.15,] %cl_1_69[19.16,] 	 SYMBOL:	 ARGS:%cl_1_68,%cl_1_69,
		 18: 
		 19: COPY TYPE_StringLiteral "Privacy policy" def_%cl_1_71 
		 20: %self->page_path def_%cl_1_72 %self[19.1,19.3,19.6,19.9,19.10,19.12,19.16,19.17,2.0,] 	 SYMBOL:privacy,	 ARGS:Symbol,
		 21: %self->link_to def_%cl_1_73 %self[19.1,19.3,19.6,19.9,19.10,19.12,19.16,19.17,19.20,2.0,] %cl_1_71[19.19,] %cl_1_72[19.20,] 	 SYMBOL:	 ARGS:%cl_1_71,%cl_1_72,
		 22: 
		 23: COPY TYPE_StringLiteral "Returns policy" def_%cl_1_74 
		 24: %self->page_path def_%cl_1_75 %self[19.1,19.3,19.6,19.9,19.10,19.12,19.16,19.17,19.20,19.21,2.0,] 	 SYMBOL:returns,	 ARGS:Symbol,
		 25: %self->link_to def_%cl_1_76 %self[19.1,19.3,19.6,19.9,19.10,19.12,19.16,19.17,19.20,19.21,19.24,2.0,] %cl_1_74[19.23,] %cl_1_75[19.24,] 	 SYMBOL:	 ARGS:%cl_1_74,%cl_1_75,
		 26: 
		 27: COPY TYPE_StringLiteral "Frequently asked questions" def_%cl_1_77 
		 28: %self->page_path def_%cl_1_78 %self[19.1,19.3,19.6,19.9,19.10,19.12,19.16,19.17,19.20,19.21,19.24,19.25,2.0,] 	 SYMBOL:faqs,	 ARGS:Symbol,
		 29: %self->link_to def_%cl_1_79 %self[19.1,19.3,19.6,19.9,19.10,19.12,19.16,19.17,19.20,19.21,19.24,19.25,19.28,2.0,] %cl_1_77[19.27,] %cl_1_78[19.28,] 	 SYMBOL:	 ARGS:%cl_1_77,%cl_1_78,
		 30: 
		 31: COPY TYPE_StringLiteral "Cookie policy" def_%cl_1_80 
		 32: %self->page_path def_%cl_1_81 %self[19.1,19.3,19.6,19.9,19.10,19.12,19.16,19.17,19.20,19.21,19.24,19.25,19.28,19.29,2.0,] 	 SYMBOL:cookies,	 ARGS:Symbol,
		 33: %self->link_to def_%cl_1_82 %self[19.1,19.3,19.6,19.9,19.10,19.12,19.16,19.17,19.20,19.21,19.24,19.25,19.28,19.29,19.32,2.0,] %cl_1_80[19.31,] %cl_1_81[19.32,] 	 SYMBOL:	 ARGS:%cl_1_80,%cl_1_81,
		 34: 
		 35: COPY TYPE_StringLiteral "Twitter" def_%cl_1_83 
		 36: COPY TYPE_StringLiteral "http://twitter.com/niftyware" def_%cl_1_84 
		 37: %self->link_to def_%cl_1_85 %self[19.1,19.3,19.6,19.9,19.10,19.12,19.16,19.17,19.20,19.21,19.24,19.25,19.28,19.29,19.32,19.33,2.0,] %cl_1_83[19.35,] %cl_1_84[19.36,] 	 SYMBOL:	 ARGS:%cl_1_83,%cl_1_84,
		 38: 
		 39: COPY TYPE_StringLiteral "Facebook" def_%cl_1_86 
		 40: COPY TYPE_StringLiteral "http://facebook.com/niftyware" def_%cl_1_87 
		 41: %self->link_to def_%cl_1_88 %self[19.1,19.3,19.6,19.9,19.10,19.12,19.16,19.17,19.20,19.21,19.24,19.25,19.28,19.29,19.32,19.33,19.37,2.0,] %cl_1_86[19.39,] %cl_1_87[19.40,] 	 SYMBOL:	 ARGS:%cl_1_86,%cl_1_87,
		 42: 
		 43: COPY TYPE_StringLiteral "Pinterest" def_%cl_1_89 
		 44: COPY TYPE_StringLiteral "http://pinterest.com" def_%cl_1_90 
		 45: %self->link_to def_%cl_1_91 %self[19.1,19.3,19.6,19.9,19.10,19.12,19.16,19.17,19.20,19.21,19.24,19.25,19.28,19.29,19.32,19.33,19.37,19.41,2.0,] %cl_1_89[19.43,] %cl_1_90[19.44,] 	 SYMBOL:	 ARGS:%cl_1_89,%cl_1_90,
		 46: 
		 47: COPY TYPE_StringLiteral "Linked In" def_%cl_1_92 
		 48: COPY TYPE_StringLiteral "http://linkedin.com" def_%cl_1_93 
		 49: %self->link_to def_%cl_1_94 %self[19.1,19.3,19.6,19.9,19.10,19.12,19.16,19.17,19.20,19.21,19.24,19.25,19.28,19.29,19.32,19.33,19.37,19.41,19.45,2.0,] %cl_1_92[19.47,] %cl_1_93[19.48,] 	 SYMBOL:	 ARGS:%cl_1_92,%cl_1_93,
		 50: 
		 51: COPY TYPE_StringLiteral "Vimeo" def_%cl_1_95 
		 52: COPY TYPE_StringLiteral "http://vimeo.com" def_%cl_1_96 
		 53: %self->link_to def_%cl_1_97 %self[19.1,19.3,19.6,19.9,19.10,19.12,19.16,19.17,19.20,19.21,19.24,19.25,19.28,19.29,19.32,19.33,19.37,19.41,19.45,19.49,2.0,] %cl_1_95[19.51,] %cl_1_96[19.52,] 	 SYMBOL:	 ARGS:%cl_1_95,%cl_1_96,
		 54: 
		 55: COPY TYPE_StringLiteral "Youtube" def_%cl_1_98 
		 56: COPY TYPE_StringLiteral "http://youtube.com" def_%cl_1_99 
		 57: %self->link_to def_%cl_1_100 %self[19.1,19.3,19.6,19.9,19.10,19.12,19.16,19.17,19.20,19.21,19.24,19.25,19.28,19.29,19.32,19.33,19.37,19.41,19.45,19.49,19.53,2.0,] %cl_1_98[19.55,] %cl_1_99[19.56,] 	 SYMBOL:	 ARGS:%cl_1_98,%cl_1_99,
		 58: RETURN %cl_1_100[19.57,] %self[19.1,19.3,19.6,19.9,19.10,19.12,19.16,19.17,19.20,19.21,19.24,19.25,19.28,19.29,19.32,19.33,19.37,19.41,19.45,19.49,19.53,19.57,2.0,] 
BB 20
	outgoing: 22 
	datadep: 
	instructions:
		 0: def_%cl_1_101 
		 1: def_%cl_1_102 %cl_1_101[20.0,] 
		 2: RETURN %cl_1_102[20.1,] %self[19.3,19.6,2.0,] 
BB 22
	outgoing: 
	datadep: 
	instructions:
CLOSURE END: 
		 8: RETURN %v_10[4.7,] %self[4.4,4.6,2.0,] 
BB 5
	outgoing: 
	datadep: 
	instructions:

