SET IRMethod, name = show instanceMethod = true
BB 1
	outgoing: 3 2 
	datadep: 
	instructions:
BB 2
	outgoing: 3 
	datadep: 
	instructions:
		 0: def_%self 
		 1: def_%v_0 
		 2: COPY TYPE_CurrentScope def_%current_scope 
		 3: COPY TYPE_ScopeModule def_%current_module 
		 4: 
		 5: 
		 6: (Board) def_%v_3 
		 7: (Board) def_%v_4 
		 8: %v_4->free def_%v_5 %v_4[2.7,] 	 SYMBOL:	 ARGS:
		 9: %v_3->all def_%v_6 %v_3[2.6,] %v_5[2.8,] 	 SYMBOL:	 ARGS:%v_5,
		 10: ATTRASSIGN %self->boards %v_6[2.9,] 
		 11: 
		 12: GETFIELD %self->boards def_%v_7 %self[2.0,2.10,] 
		 13: %self->respond_with def_%v_8 %self[2.0,2.10,] %v_7[2.12,] 	 SYMBOL:	 ARGS:%v_7,
		 14: 
		 15: %self->ruby_code_from_view def_%v_9 %self[2.0,2.10,2.13,] 	 SYMBOL:	 ARGS:
		 16: %v_9->ruby_code_from_view def_%v_10 %v_9[2.15,] %self[2.0,2.10,2.13,2.15,] 	 SYMBOL:	 ARGS:%v_9,
CLOSURE BEGIN: %self[2.0,2.10,2.13,2.15,] title[] link[] f[] news[] type[] board[] comment[] tag[] site[] 
BB 1
	outgoing: 66 2 
	datadep: 
	instructions:
BB 2
	outgoing: 3 
	datadep: 
	instructions:
		 0: def_%self 
		 1: def_%cl_1_0 
		 2: RECEIVEARG def_rb_from_view 
		 3: COPY TYPE_CurrentScope def_%current_scope 
		 4: COPY TYPE_ScopeModule def_%current_module 
BB 3
	outgoing: 4 5 64 
	datadep: 
	instructions:
		 0: 
		 1: GETFIELD %self->title def_%cl_1_3 %self[2.0,] 
		 2: COPY TYPE_StringLiteral " - " def_%cl_1_4 
		 3: %cl_1_3->join def_%cl_1_5 %cl_1_3[3.1,] %cl_1_4[3.2,] 	 SYMBOL:	 ARGS:%cl_1_4,
		 4: %cl_1_5->html_safe def_%cl_1_6 %cl_1_5[3.3,] 	 SYMBOL:	 ARGS:
		 5: 
		 6: %self->current_stylesheet def_%cl_1_7 %self[2.0,] 	 SYMBOL:	 ARGS:
		 7: BRANCH %cl_1_7[3.6,] 
BB 4
	outgoing: 9 64 
	datadep: 
	instructions:
		 0: 
		 1: %self->current_stylesheet def_%cl_1_8 %self[2.0,] 	 SYMBOL:	 ARGS:
		 2: HASH-media- def_%cl_1_9 
		 3: %self->stylesheet_link_tag def_%cl_1_10 %self[4.1,2.0,] %cl_1_8[4.1,] %cl_1_9[4.2,] 	 SYMBOL:	 ARGS:%cl_1_8,%cl_1_9,
		 4: 
BB 5
	outgoing: 6 7 64 
	datadep: 
	instructions:
		 0: 
		 1: %self->current_account def_%cl_1_11 %self[2.0,] 	 SYMBOL:	 ARGS:
		 2: BRANCH %cl_1_11[5.1,] 
BB 6
	outgoing: 8 64 
	datadep: 
	instructions:
		 0: 
		 1: %self->current_account def_%cl_1_12 %self[2.0,] 	 SYMBOL:	 ARGS:
		 2: %cl_1_12->stylesheet_url def_%cl_1_13 %cl_1_12[6.1,] 	 SYMBOL:	 ARGS:
		 3: HASH-media- def_%cl_1_14 
		 4: %self->stylesheet_link_tag def_%cl_1_15 %self[6.1,2.0,] %cl_1_13[6.2,] %cl_1_14[6.3,] 	 SYMBOL:	 ARGS:%cl_1_13,%cl_1_14,
		 5: 
BB 7
	outgoing: 8 64 
	datadep: 
	instructions:
		 0: 
		 1: COPY TYPE_StringLiteral "application" def_%cl_1_16 
		 2: HASH-media- def_%cl_1_17 
		 3: %self->stylesheet_link_tag def_%cl_1_18 %self[2.0,] %cl_1_16[7.1,] %cl_1_17[7.2,] 	 SYMBOL:	 ARGS:%cl_1_16,%cl_1_17,
		 4: COPY TYPE_PASS def_%cl_1_15 %cl_1_18[7.3,] 
BB 8
	outgoing: 9 
	datadep: 
	instructions:
		 0: COPY TYPE_PASS def_%cl_1_10 %cl_1_15[7.4,6.4,] 
BB 9
	outgoing: 10 11 
	datadep: 
	instructions:
		 0: 
		 1: 
		 2: GETFIELD %self->google_plus def_%cl_1_19 %self[2.0,] 
		 3: BRANCH %cl_1_19[9.2,] 
BB 10
	outgoing: 12 
	datadep: 
	instructions:
		 0: COPY TYPE_Nil def_%cl_1_20 
		 1: 
BB 11
	outgoing: 12 
	datadep: 
	instructions:
		 0: COPY TYPE_Nil def_%cl_1_20 
BB 12
	outgoing: 13 14 
	datadep: 
	instructions:
		 0: 
		 1: 
		 2: GETFIELD %self->author def_%cl_1_21 %self[2.0,] 
		 3: BRANCH %cl_1_21[12.2,] 
BB 13
	outgoing: 15 
	datadep: 
	instructions:
		 0: COPY TYPE_Nil def_%cl_1_22 
		 1: 
BB 14
	outgoing: 15 
	datadep: 
	instructions:
		 0: COPY TYPE_Nil def_%cl_1_22 
BB 15
	outgoing: 16 17 
	datadep: 
	instructions:
		 0: 
		 1: 
		 2: GETFIELD %self->dont_index def_%cl_1_23 %self[2.0,] 
		 3: BRANCH %cl_1_23[15.2,] 
BB 16
	outgoing: 18 
	datadep: 
	instructions:
		 0: COPY TYPE_Nil def_%cl_1_24 
		 1: 
BB 17
	outgoing: 18 
	datadep: 
	instructions:
		 0: COPY TYPE_Nil def_%cl_1_24 
BB 18
	outgoing: 19 20 64 
	datadep: 
	instructions:
		 0: 
		 1: GETFIELD %self->feeds def_%cl_1_25 %self[2.0,] 
		 2: %cl_1_25->each def_%cl_1_26 %cl_1_25[18.1,] %self[2.0,] 	 SYMBOL:	 ARGS:%cl_1_25,
CLOSURE BEGIN: title[] %self[2.0,] link[] 
BB 1
	outgoing: 6 2 
	datadep: 
	instructions:
BB 2
	outgoing: 3 
	datadep: 
	instructions:
		 0: def_%self 
		 1: def_%cl_2_0 
		 2: RECEIVEARG def_link 
		 3: RECEIVEARG def_title 
		 4: COPY TYPE_CurrentScope def_%current_scope 
		 5: COPY TYPE_ScopeModule def_%current_module 
BB 3
	outgoing: 4 6 
	datadep: 
	instructions:
		 0: 
		 1: HASH-title- def_%cl_2_3 title[2.3,] 
		 2: %self->auto_discovery_link_tag def_%cl_2_4 %self[2.0,] link[2.2,] %cl_2_3[3.1,] 	 SYMBOL:atom,	 ARGS:Symbol,link,%cl_2_3,
		 3: RETURN %cl_2_4[3.2,] %self[3.2,2.0,] 
BB 4
	outgoing: 6 
	datadep: 
	instructions:
		 0: def_%cl_2_5 
		 1: def_%cl_2_6 %cl_2_5[4.0,] 
		 2: RETURN %cl_2_6[4.1,] %self[2.0,] 
BB 6
	outgoing: 
	datadep: 
	instructions:
CLOSURE END: title[2.3,] 
		 3: 
		 4: %self->controller_name def_%cl_1_27 %self[2.0,] 	 SYMBOL:	 ARGS:
		 5: COPY TYPE_StringLiteral "home" def_%cl_1_28 
		 6: %cl_1_27->== def_%cl_1_29 %cl_1_27[18.4,] %cl_1_28[18.5,] 	 SYMBOL:	 ARGS:%cl_1_28,
		 7: BRANCH %cl_1_29[18.6,] 
BB 19
	outgoing: 21 
	datadep: 
	instructions:
		 0: COPY TYPE_StringLiteral "active" def_%cl_1_30 
		 1: 
BB 20
	outgoing: 21 
	datadep: 
	instructions:
		 0: COPY TYPE_Nil def_%cl_1_30 
BB 21
	outgoing: 22 23 64 
	datadep: 
	instructions:
		 0: 
		 1: COPY TYPE_StringLiteral "Accueil" def_%cl_1_31 
		 2: COPY TYPE_StringLiteral "/" def_%cl_1_32 
		 3: COPY TYPE_StringLiteral "Page d'accueil du site, personnalisable" def_%cl_1_33 
		 4: HASH-title- def_%cl_1_34 %cl_1_33[21.3,] 
		 5: %self->link_to def_%cl_1_35 %self[2.0,] %cl_1_31[21.1,] %cl_1_32[21.2,] %cl_1_34[21.4,] 	 SYMBOL:	 ARGS:%cl_1_31,%cl_1_32,%cl_1_34,
		 6: 
		 7: %self->controller_name def_%cl_1_36 %self[21.5,2.0,] 	 SYMBOL:	 ARGS:
		 8: COPY TYPE_StringLiteral "news" def_%cl_1_37 
		 9: %cl_1_36->== def_%cl_1_38 %cl_1_36[21.7,] %cl_1_37[21.8,] 	 SYMBOL:	 ARGS:%cl_1_37,
		 10: BRANCH %cl_1_38[21.9,] 
BB 22
	outgoing: 23 64 
	datadep: 
	instructions:
		 0: %self->controller_name def_%cl_1_39 %self[2.0,] 	 SYMBOL:	 ARGS:
		 1: COPY TYPE_StringLiteral "sections" def_%cl_1_40 
		 2: %cl_1_39->== def_%cl_1_41 %cl_1_39[22.0,] %cl_1_40[22.1,] 	 SYMBOL:	 ARGS:%cl_1_40,
		 3: COPY TYPE_PASS def_%cl_1_38 %cl_1_41[22.2,] 
BB 23
	outgoing: 24 25 
	datadep: 
	instructions:
		 0: BRANCH %cl_1_38[22.3,21.9,] 
BB 24
	outgoing: 26 
	datadep: 
	instructions:
		 0: COPY TYPE_StringLiteral "active" def_%cl_1_42 
		 1: 
BB 25
	outgoing: 26 
	datadep: 
	instructions:
		 0: COPY TYPE_Nil def_%cl_1_42 
BB 26
	outgoing: 27 28 64 
	datadep: 
	instructions:
		 0: 
		 1: COPY TYPE_StringLiteral "Dpches" def_%cl_1_43 
		 2: COPY TYPE_StringLiteral "/news" def_%cl_1_44 
		 3: COPY TYPE_StringLiteral "Actualits, vnements et autres nouveauts" def_%cl_1_45 
		 4: HASH-title- def_%cl_1_46 %cl_1_45[26.3,] 
		 5: %self->link_to def_%cl_1_47 %self[2.0,] %cl_1_43[26.1,] %cl_1_44[26.2,] %cl_1_46[26.4,] 	 SYMBOL:	 ARGS:%cl_1_43,%cl_1_44,%cl_1_46,
		 6: 
		 7: %self->controller_name def_%cl_1_48 %self[26.5,2.0,] 	 SYMBOL:	 ARGS:
		 8: COPY TYPE_StringLiteral "forums" def_%cl_1_49 
		 9: %cl_1_48->== def_%cl_1_50 %cl_1_48[26.7,] %cl_1_49[26.8,] 	 SYMBOL:	 ARGS:%cl_1_49,
		 10: BRANCH %cl_1_50[26.9,] 
BB 27
	outgoing: 28 64 
	datadep: 
	instructions:
		 0: %self->controller_name def_%cl_1_51 %self[2.0,] 	 SYMBOL:	 ARGS:
		 1: COPY TYPE_StringLiteral "posts" def_%cl_1_52 
		 2: %cl_1_51->== def_%cl_1_53 %cl_1_51[27.0,] %cl_1_52[27.1,] 	 SYMBOL:	 ARGS:%cl_1_52,
		 3: COPY TYPE_PASS def_%cl_1_50 %cl_1_53[27.2,] 
BB 28
	outgoing: 29 30 
	datadep: 
	instructions:
		 0: BRANCH %cl_1_50[27.3,26.9,] 
BB 29
	outgoing: 31 
	datadep: 
	instructions:
		 0: COPY TYPE_StringLiteral "active" def_%cl_1_54 
		 1: 
BB 30
	outgoing: 31 
	datadep: 
	instructions:
		 0: COPY TYPE_Nil def_%cl_1_54 
BB 31
	outgoing: 32 33 64 
	datadep: 
	instructions:
		 0: 
		 1: COPY TYPE_StringLiteral "Forums" def_%cl_1_55 
		 2: COPY TYPE_StringLiteral "/forums" def_%cl_1_56 
		 3: COPY TYPE_StringLiteral "Questions/rponses, petites annonces" def_%cl_1_57 
		 4: HASH-title- def_%cl_1_58 %cl_1_57[31.3,] 
		 5: %self->link_to def_%cl_1_59 %self[2.0,] %cl_1_55[31.1,] %cl_1_56[31.2,] %cl_1_58[31.4,] 	 SYMBOL:	 ARGS:%cl_1_55,%cl_1_56,%cl_1_58,
		 6: 
		 7: %self->controller_name def_%cl_1_60 %self[31.5,2.0,] 	 SYMBOL:	 ARGS:
		 8: COPY TYPE_StringLiteral "polls" def_%cl_1_61 
		 9: %cl_1_60->== def_%cl_1_62 %cl_1_60[31.7,] %cl_1_61[31.8,] 	 SYMBOL:	 ARGS:%cl_1_61,
		 10: BRANCH %cl_1_62[31.9,] 
BB 32
	outgoing: 34 
	datadep: 
	instructions:
		 0: COPY TYPE_StringLiteral "active" def_%cl_1_63 
		 1: 
BB 33
	outgoing: 34 
	datadep: 
	instructions:
		 0: COPY TYPE_Nil def_%cl_1_63 
BB 34
	outgoing: 35 36 64 
	datadep: 
	instructions:
		 0: 
		 1: COPY TYPE_StringLiteral "Sondages" def_%cl_1_64 
		 2: COPY TYPE_StringLiteral "/sondages" def_%cl_1_65 
		 3: COPY TYPE_StringLiteral "Sondages proposes aux visiteurs du site" def_%cl_1_66 
		 4: HASH-title- def_%cl_1_67 %cl_1_66[34.3,] 
		 5: %self->link_to def_%cl_1_68 %self[2.0,] %cl_1_64[34.1,] %cl_1_65[34.2,] %cl_1_67[34.4,] 	 SYMBOL:	 ARGS:%cl_1_64,%cl_1_65,%cl_1_67,
		 6: 
		 7: %self->controller_name def_%cl_1_69 %self[34.5,2.0,] 	 SYMBOL:	 ARGS:
		 8: COPY TYPE_StringLiteral "wiki_pages" def_%cl_1_70 
		 9: %cl_1_69->== def_%cl_1_71 %cl_1_69[34.7,] %cl_1_70[34.8,] 	 SYMBOL:	 ARGS:%cl_1_70,
		 10: BRANCH %cl_1_71[34.9,] 
BB 35
	outgoing: 36 64 
	datadep: 
	instructions:
		 0: %self->controller_name def_%cl_1_72 %self[2.0,] 	 SYMBOL:	 ARGS:
		 1: COPY TYPE_StringLiteral "wiki_versions" def_%cl_1_73 
		 2: %cl_1_72->== def_%cl_1_74 %cl_1_72[35.0,] %cl_1_73[35.1,] 	 SYMBOL:	 ARGS:%cl_1_73,
		 3: COPY TYPE_PASS def_%cl_1_71 %cl_1_74[35.2,] 
BB 36
	outgoing: 37 38 
	datadep: 
	instructions:
		 0: BRANCH %cl_1_71[35.3,34.9,] 
BB 37
	outgoing: 39 
	datadep: 
	instructions:
		 0: COPY TYPE_StringLiteral "active" def_%cl_1_75 
		 1: 
BB 38
	outgoing: 39 
	datadep: 
	instructions:
		 0: COPY TYPE_Nil def_%cl_1_75 
BB 39
	outgoing: 40 41 64 
	datadep: 
	instructions:
		 0: 
		 1: COPY TYPE_StringLiteral "Wiki" def_%cl_1_76 
		 2: COPY TYPE_StringLiteral "/wiki" def_%cl_1_77 
		 3: COPY TYPE_StringLiteral "Pages wiki" def_%cl_1_78 
		 4: HASH-title- def_%cl_1_79 %cl_1_78[39.3,] 
		 5: %self->link_to def_%cl_1_80 %self[2.0,] %cl_1_76[39.1,] %cl_1_77[39.2,] %cl_1_79[39.4,] 	 SYMBOL:	 ARGS:%cl_1_76,%cl_1_77,%cl_1_79,
		 6: 
		 7: %self->controller_name def_%cl_1_81 %self[39.5,2.0,] 	 SYMBOL:	 ARGS:
		 8: COPY TYPE_StringLiteral "trackers" def_%cl_1_82 
		 9: %cl_1_81->== def_%cl_1_83 %cl_1_81[39.7,] %cl_1_82[39.8,] 	 SYMBOL:	 ARGS:%cl_1_82,
		 10: BRANCH %cl_1_83[39.9,] 
BB 40
	outgoing: 42 
	datadep: 
	instructions:
		 0: COPY TYPE_StringLiteral "active" def_%cl_1_84 
		 1: 
BB 41
	outgoing: 42 
	datadep: 
	instructions:
		 0: COPY TYPE_Nil def_%cl_1_84 
BB 42
	outgoing: 43 44 64 
	datadep: 
	instructions:
		 0: 
		 1: COPY TYPE_StringLiteral "Suivi" def_%cl_1_85 
		 2: COPY TYPE_StringLiteral "/suivi" def_%cl_1_86 
		 3: COPY TYPE_StringLiteral "Suivi des suggestions et des bugs du site" def_%cl_1_87 
		 4: HASH-title- def_%cl_1_88 %cl_1_87[42.3,] 
		 5: %self->link_to def_%cl_1_89 %self[2.0,] %cl_1_85[42.1,] %cl_1_86[42.2,] %cl_1_88[42.4,] 	 SYMBOL:	 ARGS:%cl_1_85,%cl_1_86,%cl_1_88,
		 6: 
		 7: COPY TYPE_StringLiteral "/recherche" def_%cl_1_90 
		 8: HASH-method- def_%cl_1_91 
		 9: %self->form_tag def_%cl_1_92 %self[42.5,2.0,] %cl_1_90[42.7,] %cl_1_91[42.8,] %self[42.5,2.0,] 	 SYMBOL:	 ARGS:%cl_1_90,%cl_1_91,%self,
CLOSURE BEGIN: %self[42.5,2.0,] 
BB 1
	outgoing: 6 2 
	datadep: 
	instructions:
BB 2
	outgoing: 3 
	datadep: 
	instructions:
		 0: def_%self 
		 1: def_%cl_3_0 
		 2: COPY TYPE_CurrentScope def_%current_scope 
		 3: COPY TYPE_ScopeModule def_%current_module 
BB 3
	outgoing: 4 6 
	datadep: 
	instructions:
		 0: 
		 1: COPY TYPE_StringLiteral "Rechercher" def_%cl_3_3 
		 2: COPY TYPE_StringLiteral "search_submit" def_%cl_3_4 
		 3: COPY TYPE_StringLiteral "Lancer la recherche sur le site" def_%cl_3_5 
		 4: HASH-name-id-title- def_%cl_3_6 %cl_3_4[3.2,] %cl_3_5[3.3,] 
		 5: %self->submit_tag def_%cl_3_7 %self[2.0,] %cl_3_3[3.1,] %cl_3_6[3.4,] 	 SYMBOL:	 ARGS:%cl_3_3,%cl_3_6,
		 6: RETURN %cl_3_7[3.5,] %self[3.5,2.0,] 
BB 4
	outgoing: 6 
	datadep: 
	instructions:
		 0: def_%cl_3_8 
		 1: def_%cl_3_9 %cl_3_8[4.0,] 
		 2: RETURN %cl_3_9[4.1,] %self[2.0,] 
BB 6
	outgoing: 
	datadep: 
	instructions:
CLOSURE END: 
		 10: 
		 11: %self->logo def_%cl_1_93 %self[42.5,42.9,2.0,] 	 SYMBOL:	 ARGS:
		 12: 
		 13: %self->account_signed_in? def_%cl_1_94 %self[42.5,42.9,42.11,2.0,] 	 SYMBOL:	 ARGS:
		 14: BRANCH %cl_1_94[42.13,] 
BB 43
	outgoing: 45 64 
	datadep: 
	instructions:
		 0: %self->current_account def_%cl_1_95 %self[2.0,] 	 SYMBOL:	 ARGS:
		 1: %cl_1_95->login def_%cl_1_96 %cl_1_95[43.0,] 	 SYMBOL:	 ARGS:
		 2: %self->current_account def_%cl_1_97 %self[43.0,2.0,] 	 SYMBOL:	 ARGS:
		 3: %cl_1_97->user def_%cl_1_98 %cl_1_97[43.2,] 	 SYMBOL:	 ARGS:
		 4: %self->link_to def_%cl_1_99 %self[43.0,43.2,2.0,] %cl_1_96[43.1,] %cl_1_98[43.3,] 	 SYMBOL:	 ARGS:%cl_1_96,%cl_1_98,
		 5: 
BB 44
	outgoing: 45 
	datadep: 
	instructions:
		 0: COPY TYPE_StringLiteral "Se connecter" def_%cl_1_100 
		 1: COPY TYPE_PASS def_%cl_1_99 %cl_1_100[44.0,] 
BB 45
	outgoing: 46 50 64 
	datadep: 
	instructions:
		 0: 
		 1: COPY TYPE_StringLiteral "Proposer un contenu" def_%cl_1_101 
		 2: COPY TYPE_StringLiteral "/proposer-un-contenu" def_%cl_1_102 
		 3: %self->link_to def_%cl_1_103 %self[2.0,] %cl_1_101[45.1,] %cl_1_102[45.2,] 	 SYMBOL:	 ARGS:%cl_1_101,%cl_1_102,
		 4: 
		 5: %self->account_signed_in? def_%cl_1_104 %self[45.3,2.0,] 	 SYMBOL:	 ARGS:
		 6: BRANCH %cl_1_104[45.5,] 
BB 46
	outgoing: 47 48 64 
	datadep: 
	instructions:
		 0: 
		 1: %self->current_account def_%cl_1_105 %self[2.0,] 	 SYMBOL:	 ARGS:
		 2: %cl_1_105->has_answers? def_%cl_1_106 %cl_1_105[46.1,] 	 SYMBOL:	 ARGS:
		 3: BRANCH %cl_1_106[46.2,] 
BB 47
	outgoing: 49 64 
	datadep: 
	instructions:
		 0: 
		 1: COPY TYPE_StringLiteral "/images/icones/chat.svg" def_%cl_1_107 
		 2: COPY TYPE_StringLiteral "Nouveaux !" def_%cl_1_108 
		 3: COPY TYPE_StringLiteral "Vous avez reu des rponses  vos commentaires" def_%cl_1_109 
		 4: COPY TYPE_StringLiteral "16px" def_%cl_1_110 
		 5: HASH-alt-title-width- def_%cl_1_111 %cl_1_108[47.2,] %cl_1_109[47.3,] %cl_1_110[47.4,] 
		 6: %self->image_tag def_%cl_1_112 %self[2.0,] %cl_1_107[47.1,] %cl_1_111[47.5,] 	 SYMBOL:	 ARGS:%cl_1_107,%cl_1_111,
		 7: 
BB 48
	outgoing: 49 
	datadep: 
	instructions:
		 0: COPY TYPE_Nil def_%cl_1_112 
BB 49
	outgoing: 55 64 
	datadep: 
	instructions:
		 0: 
		 1: COPY TYPE_StringLiteral "Mon tableau de bord" def_%cl_1_113 
		 2: COPY TYPE_StringLiteral "/tableau-de-bord" def_%cl_1_114 
		 3: %self->link_to def_%cl_1_115 %self[2.0,] %cl_1_113[49.1,] %cl_1_114[49.2,] 	 SYMBOL:	 ARGS:%cl_1_113,%cl_1_114,
		 4: 
		 5: COPY TYPE_StringLiteral "Mes contenus taggs" def_%cl_1_116 
		 6: COPY TYPE_StringLiteral "/tags" def_%cl_1_117 
		 7: %self->link_to def_%cl_1_118 %self[49.3,2.0,] %cl_1_116[49.5,] %cl_1_117[49.6,] 	 SYMBOL:	 ARGS:%cl_1_116,%cl_1_117,
		 8: 
		 9: COPY TYPE_StringLiteral "Les contenus que j'ai lus" def_%cl_1_119 
		 10: COPY TYPE_StringLiteral "/readings" def_%cl_1_120 
		 11: %self->link_to def_%cl_1_121 %self[49.3,49.7,2.0,] %cl_1_119[49.9,] %cl_1_120[49.10,] 	 SYMBOL:	 ARGS:%cl_1_119,%cl_1_120,
		 12: 
		 13: COPY TYPE_StringLiteral "Modifier mes prfrences" def_%cl_1_122 
		 14: COPY TYPE_StringLiteral "/compte/modifier" def_%cl_1_123 
		 15: %self->link_to def_%cl_1_124 %self[49.3,49.7,49.11,2.0,] %cl_1_122[49.13,] %cl_1_123[49.14,] 	 SYMBOL:	 ARGS:%cl_1_122,%cl_1_123,
		 16: 
		 17: COPY TYPE_StringLiteral "Changer de style" def_%cl_1_125 
		 18: COPY TYPE_StringLiteral "/stylesheet/modifier" def_%cl_1_126 
		 19: %self->link_to def_%cl_1_127 %self[49.3,49.7,49.11,49.15,2.0,] %cl_1_125[49.17,] %cl_1_126[49.18,] 	 SYMBOL:	 ARGS:%cl_1_125,%cl_1_126,
		 20: 
		 21: COPY TYPE_StringLiteral "Se dconnecter" def_%cl_1_128 
		 22: COPY TYPE_StringLiteral "/compte/deconnexion" def_%cl_1_129 
		 23: COPY TYPE_StringLiteral "logout" def_%cl_1_130 
		 24: HASH-method-id- def_%cl_1_131 %cl_1_130[49.23,] 
		 25: %self->button_to def_%cl_1_132 %self[49.3,49.7,49.11,49.15,49.19,2.0,] %cl_1_128[49.21,] %cl_1_129[49.22,] %cl_1_131[49.24,] 	 SYMBOL:	 ARGS:%cl_1_128,%cl_1_129,%cl_1_131,
		 26: 
BB 50
	outgoing: 51 52 64 
	datadep: 
	instructions:
		 0: 
		 1: def_%cl_1_134 %self[2.0,] 
		 2: COPY TYPE_PASS def_%cl_1_133 %cl_1_134[50.1,] 
		 3: %cl_1_134[50.1,] 
BB 51
	outgoing: 52 
	datadep: 
	instructions:
		 0: GETFIELD %self->account def_%cl_1_135 %self[2.0,] 
		 1: COPY TYPE_PASS def_%cl_1_133 %cl_1_135[51.0,] 
BB 52
	outgoing: 53 54 
	datadep: 
	instructions:
		 0: BRANCH %cl_1_133[51.1,50.2,] 
BB 53
	outgoing: 54 64 
	datadep: 
	instructions:
		 0: (Account) def_%cl_1_136 
		 1: %cl_1_136->new def_%cl_1_137 %cl_1_136[53.0,] 	 SYMBOL:	 ARGS:
		 2: ATTRASSIGN %self->account %cl_1_137[53.1,] 
		 3: COPY TYPE_PASS def_%cl_1_135 %cl_1_137[53.1,] 
BB 54
	outgoing: 55 64 
	datadep: 
	instructions:
		 0: 
		 1: GETFIELD %self->account def_%cl_1_138 %self[53.2,2.0,] 
		 2: COPY TYPE_StringLiteral "/compte/connexion" def_%cl_1_139 
		 3: GETFIELD %self->account def_%cl_1_140 %self[53.2,2.0,] 
		 4: %self->dom_id def_%cl_1_141 %self[53.2,2.0,] %cl_1_140[54.3,] 	 SYMBOL:	 ARGS:%cl_1_140,
		 5: %self->id_suffix def_%cl_1_142 %self[54.4,53.2,2.0,] 	 SYMBOL:	 ARGS:
		 6: BUILDSTRING def_%cl_1_143 %cl_1_141[54.4,] %cl_1_142[54.5,] 
		 7: HASH-id- def_%cl_1_144 %cl_1_143[54.6,] 
		 8: HASH-url-html-authenticity_token- def_%cl_1_145 %cl_1_139[54.2,] %cl_1_144[54.7,] 
		 9: %self->form_for def_%cl_1_146 %self[54.4,54.5,53.2,2.0,] %cl_1_138[54.1,] %cl_1_145[54.8,] %self[54.4,54.5,53.2,2.0,] 	 SYMBOL:	 ARGS:%cl_1_138,%cl_1_145,%self,
CLOSURE BEGIN: %self[54.4,54.5,53.2,2.0,] f[] 
BB 1
	outgoing: 6 2 
	datadep: 
	instructions:
BB 2
	outgoing: 3 
	datadep: 
	instructions:
		 0: def_%self 
		 1: def_%cl_4_0 
		 2: RECEIVEARG def_f 
		 3: COPY TYPE_CurrentScope def_%current_scope 
		 4: COPY TYPE_ScopeModule def_%current_module 
BB 3
	outgoing: 4 6 
	datadep: 
	instructions:
		 0: 
		 1: COPY TYPE_StringLiteral "login" def_%cl_4_3 
		 2: %self->id_suffix def_%cl_4_4 %self[2.0,] 	 SYMBOL:	 ARGS:
		 3: BUILDSTRING def_%cl_4_5 %cl_4_3[3.1,] %cl_4_4[3.2,] 
		 4: COPY TYPE_StringLiteral "Identifiant" def_%cl_4_6 
		 5: f->label def_%cl_4_7 f[2.2,] %cl_4_5[3.3,] %cl_4_6[3.4,] 	 SYMBOL:	 ARGS:%cl_4_5,%cl_4_6,
		 6: 
		 7: COPY TYPE_StringLiteral "account_login" def_%cl_4_8 
		 8: %self->id_suffix def_%cl_4_9 %self[3.2,2.0,] 	 SYMBOL:	 ARGS:
		 9: BUILDSTRING def_%cl_4_10 %cl_4_8[3.7,] %cl_4_9[3.8,] 
		 10: COPY TYPE_StringLiteral "required" def_%cl_4_11 
		 11: COPY TYPE_StringLiteral "Identifiant" def_%cl_4_12 
		 12: HASH-id-required-placeholder-size- def_%cl_4_13 %cl_4_10[3.9,] %cl_4_11[3.10,] %cl_4_12[3.11,] 
		 13: f->text_field def_%cl_4_14 f[3.5,2.2,] %cl_4_13[3.12,] 	 SYMBOL:login,	 ARGS:Symbol,%cl_4_13,
		 14: 
		 15: COPY TYPE_StringLiteral "password" def_%cl_4_15 
		 16: %self->id_suffix def_%cl_4_16 %self[3.2,3.8,2.0,] 	 SYMBOL:	 ARGS:
		 17: BUILDSTRING def_%cl_4_17 %cl_4_15[3.15,] %cl_4_16[3.16,] 
		 18: COPY TYPE_StringLiteral "Mot de passe" def_%cl_4_18 
		 19: f->label def_%cl_4_19 f[3.5,3.13,2.2,] %cl_4_17[3.17,] %cl_4_18[3.18,] 	 SYMBOL:	 ARGS:%cl_4_17,%cl_4_18,
		 20: 
		 21: COPY TYPE_StringLiteral "account_password" def_%cl_4_20 
		 22: %self->id_suffix def_%cl_4_21 %self[3.2,3.8,3.16,2.0,] 	 SYMBOL:	 ARGS:
		 23: BUILDSTRING def_%cl_4_22 %cl_4_20[3.21,] %cl_4_21[3.22,] 
		 24: COPY TYPE_StringLiteral "required" def_%cl_4_23 
		 25: COPY TYPE_StringLiteral "Mot de passe" def_%cl_4_24 
		 26: HASH-id-required-placeholder-size- def_%cl_4_25 %cl_4_22[3.23,] %cl_4_23[3.24,] %cl_4_24[3.25,] 
		 27: f->password_field def_%cl_4_26 f[3.5,3.13,3.19,2.2,] %cl_4_25[3.26,] 	 SYMBOL:password,	 ARGS:Symbol,%cl_4_25,
		 28: 
		 29: COPY TYPE_StringLiteral "account_remember_me" def_%cl_4_27 
		 30: %self->id_suffix def_%cl_4_28 %self[3.2,3.8,3.16,3.22,2.0,] 	 SYMBOL:	 ARGS:
		 31: BUILDSTRING def_%cl_4_29 %cl_4_27[3.29,] %cl_4_28[3.30,] 
		 32: HASH-id- def_%cl_4_30 %cl_4_29[3.31,] 
		 33: f->check_box def_%cl_4_31 f[3.5,3.13,3.19,3.27,2.2,] %cl_4_30[3.32,] 	 SYMBOL:remember_me,	 ARGS:Symbol,%cl_4_30,
		 34: 
		 35: COPY TYPE_StringLiteral "remember_me" def_%cl_4_32 
		 36: %self->id_suffix def_%cl_4_33 %self[3.2,3.8,3.16,3.22,3.30,2.0,] 	 SYMBOL:	 ARGS:
		 37: BUILDSTRING def_%cl_4_34 %cl_4_32[3.35,] %cl_4_33[3.36,] 
		 38: COPY TYPE_StringLiteral "Connexion automatique" def_%cl_4_35 
		 39: f->label def_%cl_4_36 f[3.5,3.13,3.19,3.27,3.33,2.2,] %cl_4_34[3.37,] %cl_4_35[3.38,] 	 SYMBOL:	 ARGS:%cl_4_34,%cl_4_35,
		 40: 
		 41: COPY TYPE_StringLiteral "Se connecter" def_%cl_4_37 
		 42: COPY TYPE_StringLiteral "account_submit" def_%cl_4_38 
		 43: %self->id_suffix def_%cl_4_39 %self[3.2,3.8,3.16,3.22,3.30,3.36,2.0,] 	 SYMBOL:	 ARGS:
		 44: BUILDSTRING def_%cl_4_40 %cl_4_38[3.42,] %cl_4_39[3.43,] 
		 45: HASH-id- def_%cl_4_41 %cl_4_40[3.44,] 
		 46: f->submit def_%cl_4_42 f[3.5,3.13,3.19,3.27,3.33,3.39,2.2,] %cl_4_37[3.41,] %cl_4_41[3.45,] 	 SYMBOL:	 ARGS:%cl_4_37,%cl_4_41,
		 47: RETURN %cl_4_42[3.46,] %self[3.2,3.8,3.16,3.22,3.30,3.36,3.43,2.0,] 
BB 4
	outgoing: 6 
	datadep: 
	instructions:
		 0: def_%cl_4_43 
		 1: def_%cl_4_44 %cl_4_43[4.0,] 
		 2: RETURN %cl_4_44[4.1,] %self[2.0,] 
BB 6
	outgoing: 
	datadep: 
	instructions:
CLOSURE END: 
		 10: COPY TYPE_PASS def_%cl_1_132 %cl_1_146[54.9,] 
BB 55
	outgoing: 56 57 64 
	datadep: 
	instructions:
		 0: 
		 1: %self->current_account def_%cl_1_147 %self[53.2,2.0,] 	 SYMBOL:	 ARGS:
		 2: BRANCH %cl_1_147[55.1,] 
BB 56
	outgoing: 58 64 
	datadep: 
	instructions:
		 0: 
		 1: COPY TYPE_StringLiteral "Rdaction" def_%cl_1_148 
		 2: COPY TYPE_StringLiteral "/redaction" def_%cl_1_149 
		 3: %self->link_to def_%cl_1_150 %self[53.2,2.0,] %cl_1_148[56.1,] %cl_1_149[56.2,] 	 SYMBOL:	 ARGS:%cl_1_148,%cl_1_149,
		 4: 
		 5: COPY TYPE_StringLiteral "Tribune de rdaction" def_%cl_1_151 
		 6: COPY TYPE_StringLiteral "/redaction" def_%cl_1_152 
		 7: %self->link_to def_%cl_1_153 %self[56.3,53.2,2.0,] %cl_1_151[56.5,] %cl_1_152[56.6,] 	 SYMBOL:	 ARGS:%cl_1_151,%cl_1_152,
		 8: 
		 9: (News) def_%cl_1_154 
		 10: %cl_1_154->draft def_%cl_1_155 %cl_1_154[56.9,] 	 SYMBOL:	 ARGS:
		 11: %cl_1_155->sorted def_%cl_1_156 %cl_1_155[56.10,] 	 SYMBOL:	 ARGS:
		 12: %cl_1_156->limit def_%cl_1_157 %cl_1_156[56.11,] 	 SYMBOL:	 ARGS:Fixnum,
		 13: %self->list_of def_%cl_1_158 %self[56.3,56.7,53.2,2.0,] %cl_1_157[56.12,] %self[56.3,56.7,53.2,2.0,] 	 SYMBOL:	 ARGS:%cl_1_157,%self,
CLOSURE BEGIN: news[] %self[56.3,56.7,53.2,2.0,] 
BB 1
	outgoing: 9 2 
	datadep: 
	instructions:
BB 2
	outgoing: 3 
	datadep: 
	instructions:
		 0: def_%self 
		 1: def_%cl_5_0 
		 2: RECEIVEARG def_news 
		 3: COPY TYPE_CurrentScope def_%current_scope 
		 4: COPY TYPE_ScopeModule def_%current_module 
BB 3
	outgoing: 4 5 7 
	datadep: 
	instructions:
		 0: 
		 1: news->node def_%cl_5_3 news[2.2,] 	 SYMBOL:	 ARGS:
		 2: %self->current_account def_%cl_5_4 %self[2.0,] 	 SYMBOL:	 ARGS:
		 3: %cl_5_3->board_status def_%cl_5_5 %cl_5_3[3.1,] %cl_5_4[3.2,] 	 SYMBOL:	 ARGS:%cl_5_4,
		 4: %cl_5_5->== def_%cl_5_6 %cl_5_5[3.3,] 	 SYMBOL:new_board,	 ARGS:Symbol,
		 5: BRANCH %cl_5_6[3.4,] 
BB 4
	outgoing: 6 7 
	datadep: 
	instructions:
		 0: 
		 1: COPY TYPE_StringLiteral "/images/icones/chat.svg" def_%cl_5_7 
		 2: COPY TYPE_StringLiteral "Nouveaux !" def_%cl_5_8 
		 3: COPY TYPE_StringLiteral "Il y a de l'activit sur cette dpche" def_%cl_5_9 
		 4: COPY TYPE_StringLiteral "16px" def_%cl_5_10 
		 5: HASH-alt-title-width- def_%cl_5_11 %cl_5_8[4.2,] %cl_5_9[4.3,] %cl_5_10[4.4,] 
		 6: %self->image_tag def_%cl_5_12 %self[2.0,] %cl_5_7[4.1,] %cl_5_11[4.5,] 	 SYMBOL:	 ARGS:%cl_5_7,%cl_5_11,
		 7: 
BB 5
	outgoing: 6 
	datadep: 
	instructions:
		 0: COPY TYPE_Nil def_%cl_5_12 
BB 6
	outgoing: 7 9 
	datadep: 
	instructions:
		 0: 
		 1: news->title def_%cl_5_13 news[2.2,] 	 SYMBOL:	 ARGS:
		 2: COPY TYPE_Array def_%cl_5_14 news[6.1,2.2,] 
		 3: %self->link_to def_%cl_5_15 %self[2.0,] %cl_5_13[6.1,] %cl_5_14[6.2,] 	 SYMBOL:	 ARGS:%cl_5_13,%cl_5_14,
		 4: RETURN %cl_5_15[6.3,] %self[6.3,2.0,] 
BB 7
	outgoing: 9 
	datadep: 
	instructions:
		 0: def_%cl_5_16 
		 1: def_%cl_5_17 %cl_5_16[7.0,] 
		 2: RETURN %cl_5_17[7.1,] %self[2.0,] 
BB 9
	outgoing: 
	datadep: 
	instructions:
CLOSURE END: 
		 14: 
		 15: COPY TYPE_StringLiteral "(...)" def_%cl_1_159 
		 16: COPY TYPE_StringLiteral "/redaction#news" def_%cl_1_160 
		 17: %self->link_to def_%cl_1_161 %self[56.3,56.7,56.13,53.2,2.0,] %cl_1_159[56.15,] %cl_1_160[56.16,] 	 SYMBOL:	 ARGS:%cl_1_159,%cl_1_160,
		 18: 
BB 57
	outgoing: 58 
	datadep: 
	instructions:
		 0: COPY TYPE_Nil def_%cl_1_161 
BB 58
	outgoing: 59 60 64 
	datadep: 
	instructions:
		 0: 
		 1: def_%cl_1_162 %cl_1_0[2.1,] 
		 2: 
		 3: COPY TYPE_Array def_%cl_1_163 
		 4: %cl_1_163->each def_%cl_1_164 %cl_1_163[58.3,] %self[53.2,2.0,] 	 SYMBOL:	 ARGS:%cl_1_163,
CLOSURE BEGIN: %self[53.2,2.0,] type[] 
BB 1
	outgoing: 9 2 
	datadep: 
	instructions:
BB 2
	outgoing: 3 
	datadep: 
	instructions:
		 0: def_%self 
		 1: def_%cl_6_0 
		 2: RECEIVEARG def_type 
		 3: COPY TYPE_CurrentScope def_%current_scope 
		 4: COPY TYPE_ScopeModule def_%current_module 
BB 3
	outgoing: 4 5 7 
	datadep: 
	instructions:
		 0: 
		 1: %self->flash def_%cl_6_3 %self[2.0,] 	 SYMBOL:	 ARGS:
		 2: %cl_6_3->[] def_%cl_6_4 %cl_6_3[3.1,] type[2.2,] 	 SYMBOL:	 ARGS:type,
		 3: BRANCH %cl_6_4[3.2,] 
BB 4
	outgoing: 6 
	datadep: 
	instructions:
		 0: COPY TYPE_Nil def_%cl_6_5 
		 1: 
BB 5
	outgoing: 6 
	datadep: 
	instructions:
		 0: COPY TYPE_Nil def_%cl_6_5 
BB 6
	outgoing: 9 
	datadep: 
	instructions:
		 0: RETURN %self[2.0,] 
BB 7
	outgoing: 9 
	datadep: 
	instructions:
		 0: def_%cl_6_6 
		 1: def_%cl_6_7 %cl_6_6[7.0,] 
		 2: RETURN %cl_6_7[7.1,] %self[2.0,] 
BB 9
	outgoing: 
	datadep: 
	instructions:
CLOSURE END: 
		 5: 
		 6: COPY TYPE_StringLiteral "Tribune" def_%cl_1_165 
		 7: %self->h1 def_%cl_1_166 %self[53.2,2.0,] %cl_1_165[58.6,] 	 SYMBOL:	 ARGS:%cl_1_165,
		 8: 
		 9: COPY TYPE_StringLiteral "Version XML" def_%cl_1_167 
		 10: COPY TYPE_StringLiteral "/board/index.xml" def_%cl_1_168 
		 11: %self->link_to def_%cl_1_169 %self[58.7,53.2,2.0,] %cl_1_167[58.9,] %cl_1_168[58.10,] 	 SYMBOL:	 ARGS:%cl_1_167,%cl_1_168,
		 12: 
		 13: %self->boards def_%cl_1_170 %self[58.7,58.11,53.2,2.0,] 	 SYMBOL:	 ARGS:
		 14: %cl_1_170->build def_%cl_1_171 %cl_1_170[58.13,] 	 SYMBOL:	 ARGS:
		 15: COPY TYPE_PASS def_board %cl_1_171[58.14,] 
		 16: 
		 17: (Push) def_%cl_1_172 
		 18: %cl_1_171->meta def_%cl_1_173 %cl_1_171[58.14,] 	 SYMBOL:	 ARGS:
		 19: %cl_1_172->private_key def_%cl_1_174 %cl_1_172[58.17,] %cl_1_173[58.18,] 	 SYMBOL:	 ARGS:%cl_1_173,
		 20: 
		 21: %self->current_account def_%cl_1_175 %self[58.7,58.11,58.13,53.2,2.0,] 	 SYMBOL:	 ARGS:
		 22: BRANCH %cl_1_175[58.21,] 
BB 59
	outgoing: 60 64 
	datadep: 
	instructions:
		 0: %self->current_account def_%cl_1_176 %self[53.2,2.0,] 	 SYMBOL:	 ARGS:
		 1: %cl_1_176->can_post_on_board? def_%cl_1_177 %cl_1_176[59.0,] 	 SYMBOL:	 ARGS:
		 2: COPY TYPE_PASS def_%cl_1_175 %cl_1_177[59.1,] 
BB 60
	outgoing: 61 62 
	datadep: 
	instructions:
		 0: BRANCH %cl_1_175[59.2,58.21,] 
BB 61
	outgoing: 63 64 
	datadep: 
	instructions:
		 0: 
		 1: COPY TYPE_StringLiteral "/board" def_%cl_1_178 
		 2: COPY TYPE_StringLiteral "chat" def_%cl_1_179 
		 3: HASH-class- def_%cl_1_180 %cl_1_179[61.2,] 
		 4: %self->form_tag def_%cl_1_181 %self[53.2,2.0,] %cl_1_178[61.1,] %cl_1_180[61.3,] %self[53.2,2.0,] 	 SYMBOL:	 ARGS:%cl_1_178,%cl_1_180,%self,
CLOSURE BEGIN: %self[53.2,2.0,] 
BB 1
	outgoing: 6 2 
	datadep: 
	instructions:
BB 2
	outgoing: 3 
	datadep: 
	instructions:
		 0: def_%self 
		 1: def_%cl_7_0 
		 2: COPY TYPE_CurrentScope def_%current_scope 
		 3: COPY TYPE_ScopeModule def_%current_module 
BB 3
	outgoing: 4 6 
	datadep: 
	instructions:
		 0: 
		 1: %self->form def_%cl_7_3 %self[2.0,] 	 SYMBOL:	 ARGS:
		 2: %cl_7_3->object_type def_%cl_7_4 %cl_7_3[3.1,] 	 SYMBOL:	 ARGS:
		 3: HASH-value- def_%cl_7_5 %cl_7_4[3.2,] 
		 4: %self->hidden_field def_%cl_7_6 %self[3.1,2.0,] %cl_7_5[3.3,] 	 SYMBOL:board,object_type,	 ARGS:Symbol,Symbol,%cl_7_5,
		 5: 
		 6: %self->form def_%cl_7_7 %self[3.1,3.4,2.0,] 	 SYMBOL:	 ARGS:
		 7: %cl_7_7->object_id def_%cl_7_8 %cl_7_7[3.6,] 	 SYMBOL:	 ARGS:
		 8: HASH-value- def_%cl_7_9 %cl_7_8[3.7,] 
		 9: %self->hidden_field def_%cl_7_10 %self[3.1,3.4,3.6,2.0,] %cl_7_9[3.8,] 	 SYMBOL:board,object_id,	 ARGS:Symbol,Symbol,%cl_7_9,
		 10: 
		 11: COPY TYPE_StringLiteral "" def_%cl_7_11 
		 12: COPY TYPE_StringLiteral "off" def_%cl_7_12 
		 13: COPY TYPE_StringLiteral "required" def_%cl_7_13 
		 14: COPY TYPE_StringLiteral "true" def_%cl_7_14 
		 15: %self->form def_%cl_7_15 %self[3.1,3.4,3.6,3.9,2.0,] 	 SYMBOL:	 ARGS:
		 16: %cl_7_15->object_type def_%cl_7_16 %cl_7_15[3.15,] 	 SYMBOL:	 ARGS:
		 17: (Board) def_%cl_7_17 
		 18: %cl_7_17->free def_%cl_7_18 %cl_7_17[3.17,] 	 SYMBOL:	 ARGS:
		 19: %cl_7_16->== def_%cl_7_19 %cl_7_16[3.16,] %cl_7_18[3.18,] 	 SYMBOL:	 ARGS:%cl_7_18,
		 20: HASH-value-size-autocomplete-required-spellcheck-autofocus- def_%cl_7_20 %cl_7_11[3.11,] %cl_7_12[3.12,] %cl_7_13[3.13,] %cl_7_14[3.14,] %cl_7_19[3.19,] 
		 21: %self->text_field def_%cl_7_21 %self[3.1,3.4,3.6,3.9,3.15,2.0,] %cl_7_20[3.20,] 	 SYMBOL:board,message,	 ARGS:Symbol,Symbol,%cl_7_20,
		 22: 
		 23: COPY TYPE_StringLiteral "Envoyer" def_%cl_7_22 
		 24: COPY TYPE_StringLiteral "submit_board" def_%cl_7_23 
		 25: HASH-class- def_%cl_7_24 %cl_7_23[3.24,] 
		 26: %self->submit_tag def_%cl_7_25 %self[3.1,3.4,3.6,3.9,3.15,3.21,2.0,] %cl_7_22[3.23,] %cl_7_24[3.25,] 	 SYMBOL:	 ARGS:%cl_7_22,%cl_7_24,
		 27: RETURN %cl_7_25[3.26,] %self[3.1,3.4,3.6,3.9,3.15,3.21,3.26,2.0,] 
BB 4
	outgoing: 6 
	datadep: 
	instructions:
		 0: def_%cl_7_26 
		 1: def_%cl_7_27 %cl_7_26[4.0,] 
		 2: RETURN %cl_7_27[4.1,] %self[2.0,] 
BB 6
	outgoing: 
	datadep: 
	instructions:
CLOSURE END: 
		 5: 
BB 62
	outgoing: 63 
	datadep: 
	instructions:
		 0: COPY TYPE_Nil def_%cl_1_181 
BB 63
	outgoing: 64 66 
	datadep: 
	instructions:
		 0: 
		 1: board->id def_%cl_1_182 board[58.15,] 	 SYMBOL:	 ARGS:
		 2: 
		 3: board->user_agent def_%cl_1_183 board[63.1,58.15,] 	 SYMBOL:	 ARGS:
		 4: 
		 5: board->created_at def_%cl_1_184 board[63.1,63.3,58.15,] 	 SYMBOL:	 ARGS:
		 6: %cl_1_184->iso8601 def_%cl_1_185 %cl_1_184[63.5,] 	 SYMBOL:	 ARGS:
		 7: 
		 8: %self->box def_%cl_1_186 %self[53.2,2.0,] 	 SYMBOL:	 ARGS:
		 9: %self->norloge def_%cl_1_187 %self[63.8,53.2,2.0,] board[63.1,63.3,63.5,58.15,] %cl_1_186[63.8,] 	 SYMBOL:	 ARGS:board,%cl_1_186,
		 10: 
		 11: board->user_link def_%cl_1_188 board[63.1,63.3,63.5,58.15,] 	 SYMBOL:	 ARGS:
		 12: 
		 13: board->message def_%cl_1_189 board[63.1,63.3,63.5,63.11,58.15,] 	 SYMBOL:	 ARGS:
		 14: 
		 15: COPY TYPE_StringLiteral "Revenir en haut de page" def_%cl_1_190 
		 16: COPY TYPE_StringLiteral "#top" def_%cl_1_191 
		 17: COPY TYPE_StringLiteral "scroll" def_%cl_1_192 
		 18: HASH-class- def_%cl_1_193 %cl_1_192[63.17,] 
		 19: %self->link_to def_%cl_1_194 %self[63.8,63.9,53.2,2.0,] %cl_1_190[63.15,] %cl_1_191[63.16,] %cl_1_193[63.18,] 	 SYMBOL:	 ARGS:%cl_1_190,%cl_1_191,%cl_1_193,
		 20: 
		 21: COPY TYPE_StringLiteral "layouts/footer" def_%cl_1_195 
		 22: CONSTANT def_%cl_1_196 	 SYMBOL:	 ARGS:
		 23: HASH-expires_in- def_%cl_1_197 %cl_1_196[63.22,] 
		 24: %self->cache def_%cl_1_198 %self[63.8,63.9,63.19,53.2,2.0,] %cl_1_195[63.21,] %cl_1_197[63.23,] %self[63.8,63.9,63.19,53.2,2.0,] 	 SYMBOL:	 ARGS:%cl_1_195,%cl_1_197,%self,
CLOSURE BEGIN: %self[63.8,63.9,63.19,53.2,2.0,] comment[] tag[] site[] 
BB 1
	outgoing: 6 2 
	datadep: 
	instructions:
BB 2
	outgoing: 3 
	datadep: 
	instructions:
		 0: def_%self 
		 1: def_%cl_8_0 
		 2: COPY TYPE_CurrentScope def_%current_scope 
		 3: COPY TYPE_ScopeModule def_%current_module 
BB 3
	outgoing: 4 6 
	datadep: 
	instructions:
		 0: 
		 1: GETFIELD %self->last_comments def_%cl_8_3 %self[2.0,] 
		 2: %cl_8_3->each def_%cl_8_4 %cl_8_3[3.1,] %self[2.0,] 	 SYMBOL:	 ARGS:%cl_8_3,
CLOSURE BEGIN: comment[] %self[2.0,] 
BB 1
	outgoing: 6 2 
	datadep: 
	instructions:
BB 2
	outgoing: 3 
	datadep: 
	instructions:
		 0: def_%self 
		 1: def_%cl_9_0 
		 2: RECEIVEARG def_comment 
		 3: COPY TYPE_CurrentScope def_%current_scope 
		 4: COPY TYPE_ScopeModule def_%current_module 
BB 3
	outgoing: 4 6 
	datadep: 
	instructions:
		 0: 
		 1: comment->title def_%cl_9_3 comment[2.2,] 	 SYMBOL:	 ARGS:
		 2: comment->node def_%cl_9_4 comment[3.1,2.2,] 	 SYMBOL:	 ARGS:
		 3: %cl_9_4->content def_%cl_9_5 %cl_9_4[3.2,] 	 SYMBOL:	 ARGS:
		 4: %self->path_for_content def_%cl_9_6 %self[2.0,] %cl_9_5[3.3,] 	 SYMBOL:	 ARGS:%cl_9_5,
		 5: COPY TYPE_StringLiteral "#comment-" def_%cl_9_7 
		 6: comment->id def_%cl_9_8 comment[3.1,3.2,2.2,] 	 SYMBOL:	 ARGS:
		 7: BUILDSTRING def_%cl_9_9 %cl_9_7[3.5,] %cl_9_8[3.6,] 
		 8: %cl_9_6->+ def_%cl_9_10 %cl_9_6[3.4,] %cl_9_9[3.7,] 	 SYMBOL:	 ARGS:%cl_9_9,
		 9: %self->link_to def_%cl_9_11 %self[3.4,2.0,] %cl_9_3[3.1,] %cl_9_10[3.8,] 	 SYMBOL:	 ARGS:%cl_9_3,%cl_9_10,
		 10: RETURN %cl_9_11[3.9,] %self[3.4,3.9,2.0,] 
BB 4
	outgoing: 6 
	datadep: 
	instructions:
		 0: def_%cl_9_12 
		 1: def_%cl_9_13 %cl_9_12[4.0,] 
		 2: RETURN %cl_9_13[4.1,] %self[2.0,] 
BB 6
	outgoing: 
	datadep: 
	instructions:
CLOSURE END: 
		 3: 
		 4: GETFIELD %self->popular_tags def_%cl_8_5 %self[2.0,] 
		 5: %cl_8_5->each def_%cl_8_6 %cl_8_5[3.4,] %self[2.0,] 	 SYMBOL:	 ARGS:%cl_8_5,
CLOSURE BEGIN: tag[] %self[2.0,] 
BB 1
	outgoing: 6 2 
	datadep: 
	instructions:
BB 2
	outgoing: 3 
	datadep: 
	instructions:
		 0: def_%self 
		 1: def_%cl_10_0 
		 2: RECEIVEARG def_tag 
		 3: COPY TYPE_CurrentScope def_%current_scope 
		 4: COPY TYPE_ScopeModule def_%current_module 
BB 3
	outgoing: 4 6 
	datadep: 
	instructions:
		 0: 
		 1: tag->name def_%cl_10_3 tag[2.2,] 	 SYMBOL:	 ARGS:
		 2: COPY TYPE_StringLiteral "/tags/" def_%cl_10_4 
		 3: tag->name def_%cl_10_5 tag[3.1,2.2,] 	 SYMBOL:	 ARGS:
		 4: COPY TYPE_StringLiteral "/public" def_%cl_10_6 
		 5: BUILDSTRING def_%cl_10_7 %cl_10_4[3.2,] %cl_10_5[3.3,] %cl_10_6[3.4,] 
		 6: %self->link_to def_%cl_10_8 %self[2.0,] %cl_10_3[3.1,] %cl_10_7[3.5,] 	 SYMBOL:	 ARGS:%cl_10_3,%cl_10_7,
		 7: RETURN %cl_10_8[3.6,] %self[3.6,2.0,] 
BB 4
	outgoing: 6 
	datadep: 
	instructions:
		 0: def_%cl_10_9 
		 1: def_%cl_10_10 %cl_10_9[4.0,] 
		 2: RETURN %cl_10_10[4.1,] %self[2.0,] 
BB 6
	outgoing: 
	datadep: 
	instructions:
CLOSURE END: 
		 6: 
		 7: GETFIELD %self->friend_sites def_%cl_8_7 %self[2.0,] 
		 8: %cl_8_7->each def_%cl_8_8 %cl_8_7[3.7,] %self[2.0,] 	 SYMBOL:	 ARGS:%cl_8_7,
CLOSURE BEGIN: site[] %self[2.0,] 
BB 1
	outgoing: 6 2 
	datadep: 
	instructions:
BB 2
	outgoing: 3 
	datadep: 
	instructions:
		 0: def_%self 
		 1: def_%cl_11_0 
		 2: RECEIVEARG def_site 
		 3: COPY TYPE_CurrentScope def_%current_scope 
		 4: COPY TYPE_ScopeModule def_%current_module 
BB 3
	outgoing: 4 6 
	datadep: 
	instructions:
		 0: 
		 1: site->title def_%cl_11_3 site[2.2,] 	 SYMBOL:	 ARGS:
		 2: site->url def_%cl_11_4 site[3.1,2.2,] 	 SYMBOL:	 ARGS:
		 3: %self->link_to def_%cl_11_5 %self[2.0,] %cl_11_3[3.1,] %cl_11_4[3.2,] 	 SYMBOL:	 ARGS:%cl_11_3,%cl_11_4,
		 4: RETURN %cl_11_5[3.3,] %self[3.3,2.0,] 
BB 4
	outgoing: 6 
	datadep: 
	instructions:
		 0: def_%cl_11_6 
		 1: def_%cl_11_7 %cl_11_6[4.0,] 
		 2: RETURN %cl_11_7[4.1,] %self[2.0,] 
BB 6
	outgoing: 
	datadep: 
	instructions:
CLOSURE END: 
		 9: 
		 10: COPY TYPE_StringLiteral "Mentions lgales" def_%cl_8_9 
		 11: COPY TYPE_StringLiteral "/mentions_legales" def_%cl_8_10 
		 12: %self->link_to def_%cl_8_11 %self[2.0,] %cl_8_9[3.10,] %cl_8_10[3.11,] 	 SYMBOL:	 ARGS:%cl_8_9,%cl_8_10,
		 13: 
		 14: COPY TYPE_StringLiteral "Faire un don" def_%cl_8_12 
		 15: COPY TYPE_StringLiteral "/faire_un_don" def_%cl_8_13 
		 16: %self->link_to def_%cl_8_14 %self[3.12,2.0,] %cl_8_12[3.14,] %cl_8_13[3.15,] 	 SYMBOL:	 ARGS:%cl_8_12,%cl_8_13,
		 17: 
		 18: COPY TYPE_StringLiteral "Team LinuxFr.org" def_%cl_8_15 
		 19: COPY TYPE_StringLiteral "/team" def_%cl_8_16 
		 20: %self->link_to def_%cl_8_17 %self[3.12,3.16,2.0,] %cl_8_15[3.18,] %cl_8_16[3.19,] 	 SYMBOL:	 ARGS:%cl_8_15,%cl_8_16,
		 21: 
		 22: COPY TYPE_StringLiteral "Informations sur le site" def_%cl_8_18 
		 23: COPY TYPE_StringLiteral "/informations" def_%cl_8_19 
		 24: %self->link_to def_%cl_8_20 %self[3.12,3.16,3.20,2.0,] %cl_8_18[3.22,] %cl_8_19[3.23,] 	 SYMBOL:	 ARGS:%cl_8_18,%cl_8_19,
		 25: 
		 26: COPY TYPE_StringLiteral "Aide / Foire aux questions" def_%cl_8_21 
		 27: COPY TYPE_StringLiteral "/aide" def_%cl_8_22 
		 28: %self->link_to def_%cl_8_23 %self[3.12,3.16,3.20,3.24,2.0,] %cl_8_21[3.26,] %cl_8_22[3.27,] 	 SYMBOL:	 ARGS:%cl_8_21,%cl_8_22,
		 29: 
		 30: COPY TYPE_StringLiteral "Rgles de modration" def_%cl_8_24 
		 31: COPY TYPE_StringLiteral "/regles_de_moderation" def_%cl_8_25 
		 32: %self->link_to def_%cl_8_26 %self[3.12,3.16,3.20,3.24,3.28,2.0,] %cl_8_24[3.30,] %cl_8_25[3.31,] 	 SYMBOL:	 ARGS:%cl_8_24,%cl_8_25,
		 33: 
		 34: COPY TYPE_StringLiteral "Statistiques" def_%cl_8_27 
		 35: COPY TYPE_StringLiteral "/statistiques" def_%cl_8_28 
		 36: %self->link_to def_%cl_8_29 %self[3.12,3.16,3.20,3.24,3.28,3.32,2.0,] %cl_8_27[3.34,] %cl_8_28[3.35,] 	 SYMBOL:	 ARGS:%cl_8_27,%cl_8_28,
		 37: 
		 38: COPY TYPE_StringLiteral "API pour les dveloppeurs" def_%cl_8_30 
		 39: COPY TYPE_StringLiteral "/developpeur" def_%cl_8_31 
		 40: %self->link_to def_%cl_8_32 %self[3.12,3.16,3.20,3.24,3.28,3.32,3.36,2.0,] %cl_8_30[3.38,] %cl_8_31[3.39,] 	 SYMBOL:	 ARGS:%cl_8_30,%cl_8_31,
		 41: 
		 42: COPY TYPE_StringLiteral "Code source du site" def_%cl_8_33 
		 43: COPY TYPE_StringLiteral "/code_source_du_site" def_%cl_8_34 
		 44: %self->link_to def_%cl_8_35 %self[3.12,3.16,3.20,3.24,3.28,3.32,3.36,3.40,2.0,] %cl_8_33[3.42,] %cl_8_34[3.43,] 	 SYMBOL:	 ARGS:%cl_8_33,%cl_8_34,
		 45: 
		 46: COPY TYPE_StringLiteral "Plan du site" def_%cl_8_36 
		 47: COPY TYPE_StringLiteral "/plan" def_%cl_8_37 
		 48: %self->link_to def_%cl_8_38 %self[3.12,3.16,3.20,3.24,3.28,3.32,3.36,3.40,3.44,2.0,] %cl_8_36[3.46,] %cl_8_37[3.47,] 	 SYMBOL:	 ARGS:%cl_8_36,%cl_8_37,
		 49: RETURN %cl_8_38[3.48,] %self[3.12,3.16,3.20,3.24,3.28,3.32,3.36,3.40,3.44,3.48,2.0,] 
BB 4
	outgoing: 6 
	datadep: 
	instructions:
		 0: def_%cl_8_39 
		 1: def_%cl_8_40 %cl_8_39[4.0,] 
		 2: RETURN %cl_8_40[4.1,] %self[2.0,] 
BB 6
	outgoing: 
	datadep: 
	instructions:
CLOSURE END: 
		 25: 
		 26: COPY TYPE_StringLiteral "application" def_%cl_1_199 
		 27: %self->javascript_include_tag def_%cl_1_200 %self[63.8,63.9,63.19,63.24,53.2,2.0,] %cl_1_199[63.26,] 	 SYMBOL:	 ARGS:%cl_1_199,
		 28: RETURN %cl_1_200[63.27,] %self[63.8,63.9,63.19,63.24,63.27,53.2,2.0,] 
BB 64
	outgoing: 66 
	datadep: 
	instructions:
		 0: def_%cl_1_201 
		 1: def_%cl_1_202 %cl_1_201[64.0,] 
		 2: RETURN %cl_1_202[64.1,] %self[53.2,2.0,] 
BB 66
	outgoing: 
	datadep: 
	instructions:
CLOSURE END: board[58.15,] 
		 17: RETURN %v_10[2.16,] %self[2.0,2.10,2.13,2.15,] 
BB 3
	outgoing: 
	datadep: 
	instructions:

SET IRMethod, name = create instanceMethod = true
BB 1
	outgoing: 3 2 
	datadep: 
	instructions:
BB 2
	outgoing: 3 
	datadep: 
	instructions:
		 0: def_%self 
		 1: def_%v_0 
		 2: COPY TYPE_CurrentScope def_%current_scope 
		 3: COPY TYPE_ScopeModule def_%current_module 
		 4: 
		 5: 
		 6: (Board) def_%v_3 
		 7: %self->board_params def_%v_4 %self[2.0,] 	 SYMBOL:	 ARGS:
		 8: %v_3->new def_%v_5 %v_3[2.6,] %v_4[2.7,] 	 SYMBOL:	 ARGS:%v_4,
		 9: COPY TYPE_PASS def_board %v_5[2.8,] 
		 10: 
		 11: %self->current_account def_%v_6 %self[2.0,2.7,] 	 SYMBOL:	 ARGS:
		 12: %v_6->user def_%v_7 %v_6[2.11,] 	 SYMBOL:	 ARGS:
		 13: ATTRASSIGN board->user %v_7[2.12,] 
		 14: 
		 15: %self->enforce_create_permission def_%v_8 %self[2.0,2.7,2.11,] board[2.9,2.13,] 	 SYMBOL:	 ARGS:board,
		 16: 
		 17: %self->request def_%v_9 %self[2.0,2.7,2.11,2.15,] 	 SYMBOL:	 ARGS:
		 18: %v_9->user_agent def_%v_10 %v_9[2.17,] 	 SYMBOL:	 ARGS:
		 19: ATTRASSIGN board->user_agent %v_10[2.18,] 
		 20: 
		 21: board->save def_%v_11 board[2.9,2.13,2.19,] 	 SYMBOL:	 ARGS:
		 22: 
		 23: board->news def_%v_12 board[2.9,2.13,2.19,2.21,] 	 SYMBOL:	 ARGS:
		 24: %v_12->tap def_%v_13 %v_12[2.23,] %self[2.0,2.7,2.11,2.15,2.17,] 	 SYMBOL:	 ARGS:%v_12,
CLOSURE BEGIN: news[] %self[2.0,2.7,2.11,2.15,2.17,] 
BB 1
	outgoing: 9 2 
	datadep: 
	instructions:
BB 2
	outgoing: 4 5 
	datadep: 
	instructions:
		 0: def_%self 
		 1: def_%cl_1_0 
		 2: RECEIVEARG def_news 
		 3: COPY TYPE_CurrentScope def_%current_scope 
		 4: COPY TYPE_ScopeModule def_%current_module 
		 5: 
		 6: BRANCH news[2.2,] 
BB 4
	outgoing: 6 7 
	datadep: 
	instructions:
		 0: news->node def_%cl_1_3 news[2.2,] 	 SYMBOL:	 ARGS:
		 1: %self->current_account def_%cl_1_4 %self[2.0,] 	 SYMBOL:	 ARGS:
		 2: %cl_1_4->id def_%cl_1_5 %cl_1_4[4.1,] 	 SYMBOL:	 ARGS:
		 3: %cl_1_3->read_by def_%cl_1_6 %cl_1_3[4.0,] %cl_1_5[4.2,] 	 SYMBOL:	 ARGS:%cl_1_5,
		 4: 
BB 5
	outgoing: 9 
	datadep: 
	instructions:
		 0: RETURN %self[2.0,] 
BB 6
	outgoing: 9 
	datadep: 
	instructions:
		 0: RETURN %cl_1_6[4.3,] %self[2.0,] 
BB 7
	outgoing: 9 
	datadep: 
	instructions:
		 0: def_%cl_1_7 
		 1: def_%cl_1_8 %cl_1_7[7.0,] 
		 2: RETURN %cl_1_8[7.1,] %self[2.0,] 
BB 9
	outgoing: 
	datadep: 
	instructions:
CLOSURE END: 
		 25: 
		 26: %self->respond_to def_%v_14 %self[2.0,2.7,2.11,2.15,2.17,] %self[2.0,2.7,2.11,2.15,2.17,] 	 SYMBOL:	 ARGS:%self,
CLOSURE BEGIN: wants[] %self[2.0,2.7,2.11,2.15,2.17,] 
BB 1
	outgoing: 6 2 
	datadep: 
	instructions:
BB 2
	outgoing: 3 
	datadep: 
	instructions:
		 0: def_%self 
		 1: def_%cl_2_0 
		 2: RECEIVEARG def_wants 
		 3: COPY TYPE_CurrentScope def_%current_scope 
		 4: COPY TYPE_ScopeModule def_%current_module 
BB 3
	outgoing: 4 6 
	datadep: 
	instructions:
		 0: 
		 1: wants->html def_%cl_2_3 wants[2.2,] %self[2.0,] 	 SYMBOL:	 ARGS:wants,
CLOSURE BEGIN: %self[2.0,] 
BB 1
	outgoing: 15 2 
	datadep: 
	instructions:
BB 2
	outgoing: 4 
	datadep: 
	instructions:
		 0: def_%self 
		 1: def_%cl_3_0 
		 2: COPY TYPE_CurrentScope def_%current_scope 
		 3: COPY TYPE_ScopeModule def_%current_module 
		 4: 
		 5: GLOBALVAR $! def_%cl_3_3 
BB 4
	outgoing: 6 7 
	datadep: 
	instructions:
		 0: 
		 1: %self->redirect_to def_%cl_3_6 %self[2.0,] 	 SYMBOL:back,	 ARGS:Symbol,
		 2: COPY TYPE_PASS def_%cl_3_5 %cl_3_6[4.1,] 
		 3: %cl_3_3[2.5,] 
BB 6
	outgoing: 12 
	datadep: 
	instructions:
		 0: 
BB 7
	outgoing: 8 9 11 
	datadep: 
	instructions:
		 0: def_%cl_3_7 
		 1: def_%cl_3_8 %cl_3_7[7.0,] 
		 2: BRANCH %cl_3_8[7.1,] 
BB 8
	outgoing: 11 15 
	datadep: 
	instructions:
		 0: %cl_3_7[7.0,] 
BB 9
	outgoing: 10 11 
	datadep: 
	instructions:
		 0: %self->root_url def_%cl_3_9 %self[2.0,] 	 SYMBOL:	 ARGS:
		 1: %self->redirect_to def_%cl_3_10 %self[9.0,2.0,] %cl_3_9[9.0,] 	 SYMBOL:	 ARGS:%cl_3_9,
		 2: COPY TYPE_PASS def_%cl_3_5 %cl_3_10[9.1,] 
		 3: %cl_3_3[2.5,] 
BB 10
	outgoing: 12 
	datadep: 
	instructions:
		 0: 
BB 11
	outgoing: 13 15 
	datadep: 
	instructions:
		 0: def_%cl_3_11 
		 1: def_%cl_3_12 %cl_3_11[11.0,] %cl_3_3[2.5,] 
		 2: %cl_3_11[11.0,] 
BB 12
	outgoing: 15 
	datadep: 
	instructions:
		 0: RETURN %cl_3_5[4.2,9.2,] %self[2.0,] 
BB 13
	outgoing: 15 
	datadep: 
	instructions:
		 0: def_%cl_3_13 
		 1: def_%cl_3_14 %cl_3_13[13.0,] 
		 2: RETURN %cl_3_14[13.1,] %self[2.0,] 
BB 15
	outgoing: 
	datadep: 
	instructions:
CLOSURE END: 
		 2: 
		 3: wants->js def_%cl_2_4 wants[3.1,2.2,] %self[2.0,] 	 SYMBOL:	 ARGS:wants,
CLOSURE BEGIN: %self[2.0,] 
BB 1
	outgoing: 6 2 
	datadep: 
	instructions:
BB 2
	outgoing: 3 
	datadep: 
	instructions:
		 0: def_%self 
		 1: def_%cl_4_0 
		 2: COPY TYPE_CurrentScope def_%current_scope 
		 3: COPY TYPE_ScopeModule def_%current_module 
BB 3
	outgoing: 4 6 
	datadep: 
	instructions:
		 0: 
		 1: HASH-nothing- def_%cl_4_3 
		 2: %self->render def_%cl_4_4 %self[2.0,] %cl_4_3[3.1,] 	 SYMBOL:	 ARGS:%cl_4_3,
		 3: RETURN %cl_4_4[3.2,] %self[3.2,2.0,] 
BB 4
	outgoing: 6 
	datadep: 
	instructions:
		 0: def_%cl_4_5 
		 1: def_%cl_4_6 %cl_4_5[4.0,] 
		 2: RETURN %cl_4_6[4.1,] %self[2.0,] 
BB 6
	outgoing: 
	datadep: 
	instructions:
CLOSURE END: 
		 4: 
		 5: wants->xml def_%cl_2_5 wants[3.1,3.3,2.2,] %self[2.0,] 	 SYMBOL:	 ARGS:wants,
CLOSURE BEGIN: %self[2.0,] 
BB 1
	outgoing: 6 2 
	datadep: 
	instructions:
BB 2
	outgoing: 3 
	datadep: 
	instructions:
		 0: def_%self 
		 1: def_%cl_5_0 
		 2: COPY TYPE_CurrentScope def_%current_scope 
		 3: COPY TYPE_ScopeModule def_%current_module 
BB 3
	outgoing: 4 6 
	datadep: 
	instructions:
		 0: 
		 1: HASH-nothing- def_%cl_5_3 
		 2: %self->render def_%cl_5_4 %self[2.0,] %cl_5_3[3.1,] 	 SYMBOL:	 ARGS:%cl_5_3,
		 3: RETURN %cl_5_4[3.2,] %self[3.2,2.0,] 
BB 4
	outgoing: 6 
	datadep: 
	instructions:
		 0: def_%cl_5_5 
		 1: def_%cl_5_6 %cl_5_5[4.0,] 
		 2: RETURN %cl_5_6[4.1,] %self[2.0,] 
BB 6
	outgoing: 
	datadep: 
	instructions:
CLOSURE END: 
		 6: RETURN %cl_2_5[3.5,] %self[2.0,] 
BB 4
	outgoing: 6 
	datadep: 
	instructions:
		 0: def_%cl_2_6 
		 1: def_%cl_2_7 %cl_2_6[4.0,] 
		 2: RETURN %cl_2_7[4.1,] %self[2.0,] 
BB 6
	outgoing: 
	datadep: 
	instructions:
CLOSURE END: 
		 27: RETURN %v_14[2.26,] %self[2.0,2.7,2.11,2.15,2.17,2.26,] 
BB 3
	outgoing: 
	datadep: 
	instructions:

SET IRMethod, name = board_params instanceMethod = true
BB 1
	outgoing: 3 2 
	datadep: 
	instructions:
BB 2
	outgoing: 3 
	datadep: 
	instructions:
		 0: def_%self 
		 1: def_%v_0 
		 2: COPY TYPE_CurrentScope def_%current_scope 
		 3: COPY TYPE_ScopeModule def_%current_module 
		 4: 
		 5: 
		 6: %self->params def_%v_3 %self[2.0,] 	 SYMBOL:	 ARGS:
		 7: %v_3->require def_%v_4 %v_3[2.6,] 	 SYMBOL:board,	 ARGS:Symbol,
		 8: %v_4->permit def_%v_5 %v_4[2.7,] 	 SYMBOL:object_type,object_id,message,	 ARGS:Symbol,Symbol,Symbol,
		 9: RETURN %v_5[2.8,] %self[2.0,2.6,] 
BB 3
	outgoing: 
	datadep: 
	instructions:

SET IRMethod, name = expire_cache instanceMethod = true
BB 1
	outgoing: 3 2 
	datadep: 
	instructions:
BB 2
	outgoing: 3 
	datadep: 
	instructions:
		 0: def_%self 
		 1: def_%v_0 
		 2: COPY TYPE_CurrentScope def_%current_scope 
		 3: COPY TYPE_ScopeModule def_%current_module 
		 4: 
		 5: 
		 6: HASH-action-format- def_%v_3 
		 7: %self->expire_page def_%v_4 %self[2.0,] %v_3[2.6,] 	 SYMBOL:	 ARGS:%v_3,
		 8: RETURN %v_4[2.7,] %self[2.0,2.7,] 
BB 3
	outgoing: 
	datadep: 
	instructions:

