SET IRMethod, name = index instanceMethod = true
BB 1
	outgoing: 3 2 
	datadep: 
	instructions:
BB 2
	outgoing: 3 
	datadep: 
	instructions:
		 0: def_%self 
		 1: def_%v_0 
		 2: COPY TYPE_CurrentScope def_%current_scope 
		 3: COPY TYPE_ScopeModule def_%current_module 
		 4: 
		 5: 
		 6: COPY TYPE_StringLiteral "https://duckduckgo.com/?" def_%v_3 
		 7: %self->params def_%v_4 %self[2.0,] 	 SYMBOL:	 ARGS:
		 8: %v_4->slice def_%v_5 %v_4[2.7,] 	 SYMBOL:q,	 ARGS:Symbol,
		 9: %v_5->to_query def_%v_6 %v_5[2.8,] 	 SYMBOL:	 ARGS:
		 10: COPY TYPE_StringLiteral "+site%3Alinuxfr.org" def_%v_7 
		 11: BUILDSTRING def_%v_8 %v_3[2.6,] %v_6[2.9,] %v_7[2.10,] 
		 12: %self->redirect_to def_%v_9 %self[2.0,2.7,] %v_8[2.11,] 	 SYMBOL:	 ARGS:%v_8,
		 13: RETURN %v_9[2.12,] %self[2.0,2.7,2.12,] 
BB 3
	outgoing: 
	datadep: 
	instructions:

