SET IRMethod, name = index instanceMethod = true
BB 1
	outgoing: 3 2 
	datadep: 
	instructions:
BB 2
	outgoing: 3 
	datadep: 
	instructions:
		 0: def_%self 
		 1: def_%v_0 
		 2: COPY TYPE_CurrentScope def_%current_scope 
		 3: COPY TYPE_ScopeModule def_%current_module 
		 4: 
		 5: 
		 6: %self->respond_to def_%v_3 %self[2.0,] %self[2.0,] 	 SYMBOL:	 ARGS:%self,
CLOSURE BEGIN: format[] %self[2.0,] f[] 
BB 1
	outgoing: 6 2 
	datadep: 
	instructions:
BB 2
	outgoing: 3 
	datadep: 
	instructions:
		 0: def_%self 
		 1: def_%cl_1_0 
		 2: RECEIVEARG def_format 
		 3: COPY TYPE_CurrentScope def_%current_scope 
		 4: COPY TYPE_ScopeModule def_%current_module 
BB 3
	outgoing: 4 6 
	datadep: 
	instructions:
		 0: 
		 1: format->html def_%cl_1_3 format[2.2,] %self[2.0,] 	 SYMBOL:	 ARGS:format,
CLOSURE BEGIN: %self[2.0,] f[] 
BB 1
	outgoing: 6 2 
	datadep: 
	instructions:
BB 2
	outgoing: 3 
	datadep: 
	instructions:
		 0: def_%self 
		 1: def_%cl_2_0 
		 2: COPY TYPE_CurrentScope def_%current_scope 
		 3: COPY TYPE_ScopeModule def_%current_module 
BB 3
	outgoing: 4 6 
	datadep: 
	instructions:
		 0: 
		 1: (CustomField) def_%cl_2_3 
		 2: %cl_2_3->all def_%cl_2_4 %cl_2_3[3.1,] 	 SYMBOL:	 ARGS:
		 3: %cl_2_4->group_by def_%cl_2_5 %cl_2_4[3.2,] %self[2.0,] 	 SYMBOL:	 ARGS:%cl_2_4,
CLOSURE BEGIN: f[] 
BB 1
	outgoing: 6 2 
	datadep: 
	instructions:
BB 2
	outgoing: 3 
	datadep: 
	instructions:
		 0: def_%self 
		 1: def_%cl_3_0 
		 2: RECEIVEARG def_f 
		 3: COPY TYPE_CurrentScope def_%current_scope 
		 4: COPY TYPE_ScopeModule def_%current_module 
BB 3
	outgoing: 4 6 
	datadep: 
	instructions:
		 0: 
		 1: f->class def_%cl_3_3 f[2.2,] 	 SYMBOL:	 ARGS:
		 2: %cl_3_3->name def_%cl_3_4 %cl_3_3[3.1,] 	 SYMBOL:	 ARGS:
		 3: RETURN %cl_3_4[3.2,] %self[2.0,] 
BB 4
	outgoing: 6 
	datadep: 
	instructions:
		 0: def_%cl_3_5 
		 1: def_%cl_3_6 %cl_3_5[4.0,] 
		 2: RETURN %cl_3_6[4.1,] %self[2.0,] 
BB 6
	outgoing: 
	datadep: 
	instructions:
CLOSURE END: 
		 4: ATTRASSIGN %self->custom_fields_by_type %cl_2_5[3.3,] 
		 5: RETURN %cl_2_5[3.3,] %self[3.4,2.0,] 
BB 4
	outgoing: 6 
	datadep: 
	instructions:
		 0: def_%cl_2_6 
		 1: def_%cl_2_7 %cl_2_6[4.0,] 
		 2: RETURN %cl_2_7[4.1,] %self[3.4,2.0,] 
BB 6
	outgoing: 
	datadep: 
	instructions:
CLOSURE END: 
		 2: 
		 3: format->api def_%cl_1_4 format[3.1,2.2,] %self[2.0,] 	 SYMBOL:	 ARGS:format,
CLOSURE BEGIN: %self[2.0,] 
BB 1
	outgoing: 6 2 
	datadep: 
	instructions:
BB 2
	outgoing: 3 
	datadep: 
	instructions:
		 0: def_%self 
		 1: def_%cl_4_0 
		 2: COPY TYPE_CurrentScope def_%current_scope 
		 3: COPY TYPE_ScopeModule def_%current_module 
BB 3
	outgoing: 4 6 
	datadep: 
	instructions:
		 0: 
		 1: (CustomField) def_%cl_4_3 
		 2: %cl_4_3->all def_%cl_4_4 %cl_4_3[3.1,] 	 SYMBOL:	 ARGS:
		 3: ATTRASSIGN %self->custom_fields %cl_4_4[3.2,] 
		 4: RETURN %cl_4_4[3.2,] %self[3.3,2.0,] 
BB 4
	outgoing: 6 
	datadep: 
	instructions:
		 0: def_%cl_4_5 
		 1: def_%cl_4_6 %cl_4_5[4.0,] 
		 2: RETURN %cl_4_6[4.1,] %self[3.3,2.0,] 
BB 6
	outgoing: 
	datadep: 
	instructions:
CLOSURE END: 
		 4: RETURN %cl_1_4[3.3,] %self[2.0,] 
BB 4
	outgoing: 6 
	datadep: 
	instructions:
		 0: def_%cl_1_5 
		 1: def_%cl_1_6 %cl_1_5[4.0,] 
		 2: RETURN %cl_1_6[4.1,] %self[2.0,] 
BB 6
	outgoing: 
	datadep: 
	instructions:
CLOSURE END: 
		 7: RETURN %v_3[2.6,] %self[2.0,2.6,] 
BB 3
	outgoing: 
	datadep: 
	instructions:

SET IRMethod, name = new instanceMethod = true
BB 1
	outgoing: 6 2 
	datadep: 
	instructions:
BB 2
	outgoing: 3 4 
	datadep: 
	instructions:
		 0: def_%self 
		 1: def_%v_0 
		 2: COPY TYPE_CurrentScope def_%current_scope 
		 3: COPY TYPE_ScopeModule def_%current_module 
		 4: 
		 5: 
		 6: GETFIELD %self->custom_field def_%v_3 %self[2.0,] 
		 7: %v_3->field_format def_%v_4 %v_3[2.6,] 	 SYMBOL:	 ARGS:
		 8: %v_4->blank? def_%v_5 %v_4[2.7,] 	 SYMBOL:	 ARGS:
		 9: BRANCH %v_5[2.8,] 
BB 3
	outgoing: 5 
	datadep: 
	instructions:
		 0: GETFIELD %self->custom_field def_%v_6 %self[2.0,] 
		 1: COPY TYPE_StringLiteral "string" def_%v_7 
		 2: ATTRASSIGN %v_6->field_format %v_7[3.1,] 
		 3: 
BB 4
	outgoing: 5 
	datadep: 
	instructions:
		 0: COPY TYPE_Nil def_%v_7 
BB 5
	outgoing: 6 
	datadep: 
	instructions:
		 0: 
		 1: GETFIELD %self->custom_field def_%v_8 %self[2.0,] 
		 2: ATTRASSIGN %v_8->default_value 
		 3: RETURN %self[2.0,] 
BB 6
	outgoing: 
	datadep: 
	instructions:

SET IRMethod, name = create instanceMethod = true
BB 1
	outgoing: 6 2 
	datadep: 
	instructions:
BB 2
	outgoing: 3 4 
	datadep: 
	instructions:
		 0: def_%self 
		 1: def_%v_0 
		 2: COPY TYPE_CurrentScope def_%current_scope 
		 3: COPY TYPE_ScopeModule def_%current_module 
		 4: 
		 5: 
		 6: GETFIELD %self->custom_field def_%v_3 %self[2.0,] 
		 7: %v_3->save def_%v_4 %v_3[2.6,] 	 SYMBOL:	 ARGS:
		 8: BRANCH %v_4[2.7,] 
BB 3
	outgoing: 6 
	datadep: 
	instructions:
		 0: 
		 1: %self->flash def_%v_5 %self[2.0,] 	 SYMBOL:	 ARGS:
		 2: %self->l def_%v_6 %self[3.1,2.0,] 	 SYMBOL:notice_successful_create,	 ARGS:Symbol,
		 3: ATTRASSIGN %v_5->[] %v_6[3.2,] 
		 4: 
		 5: %self->params def_%v_7 %self[3.1,3.2,2.0,] 	 SYMBOL:	 ARGS:
		 6: GETFIELD %self->custom_field def_%v_8 %self[3.1,3.2,3.5,2.0,] 
		 7: HASH-params-custom_field- def_%v_9 %v_7[3.5,] %v_8[3.6,] 
		 8: %self->call_hook def_%v_10 %self[3.1,3.2,3.5,2.0,] %v_9[3.7,] 	 SYMBOL:controller_custom_fields_new_after_save,	 ARGS:Symbol,%v_9,
		 9: 
		 10: GETFIELD %self->custom_field def_%v_11 %self[3.1,3.2,3.5,3.8,2.0,] 
		 11: %self->edit_custom_field_path def_%v_12 %self[3.1,3.2,3.5,3.8,2.0,] %v_11[3.10,] 	 SYMBOL:	 ARGS:%v_11,
		 12: %self->redirect_to def_%v_13 %self[3.1,3.2,3.5,3.8,3.11,2.0,] %v_12[3.11,] 	 SYMBOL:	 ARGS:%v_12,
		 13: RETURN %v_13[3.12,] %self[3.1,3.2,3.5,3.8,3.11,3.12,2.0,] 
BB 4
	outgoing: 6 
	datadep: 
	instructions:
		 0: 
		 1: COPY TYPE_StringLiteral "new" def_%v_14 
		 2: HASH-action- def_%v_15 %v_14[4.1,] 
		 3: %self->render def_%v_16 %self[2.0,] %v_15[4.2,] 	 SYMBOL:	 ARGS:%v_15,
		 4: RETURN %v_16[4.3,] %self[4.3,2.0,] 
BB 6
	outgoing: 
	datadep: 
	instructions:

SET IRMethod, name = edit instanceMethod = true
BB 1
	outgoing: 3 2 
	datadep: 
	instructions:
BB 2
	outgoing: 3 
	datadep: 
	instructions:
		 0: def_%self 
		 1: def_%v_0 
		 2: COPY TYPE_CurrentScope def_%current_scope 
		 3: COPY TYPE_ScopeModule def_%current_module 
		 4: 
		 5: RETURN %self[2.0,] 
BB 3
	outgoing: 
	datadep: 
	instructions:

SET IRMethod, name = update instanceMethod = true
BB 1
	outgoing: 6 2 
	datadep: 
	instructions:
BB 2
	outgoing: 3 4 
	datadep: 
	instructions:
		 0: def_%self 
		 1: def_%v_0 
		 2: COPY TYPE_CurrentScope def_%current_scope 
		 3: COPY TYPE_ScopeModule def_%current_module 
		 4: 
		 5: 
		 6: GETFIELD %self->custom_field def_%v_3 %self[2.0,] 
		 7: %self->params def_%v_4 %self[2.0,] 	 SYMBOL:	 ARGS:
		 8: %v_4->[] def_%v_5 %v_4[2.7,] 	 SYMBOL:custom_field,	 ARGS:Symbol,
		 9: ATTRASSIGN %v_3->safe_attributes %v_5[2.8,] 
		 10: 
		 11: GETFIELD %self->custom_field def_%v_6 %self[2.0,2.7,] 
		 12: %v_6->save def_%v_7 %v_6[2.11,] 	 SYMBOL:	 ARGS:
		 13: BRANCH %v_7[2.12,] 
BB 3
	outgoing: 6 
	datadep: 
	instructions:
		 0: 
		 1: %self->params def_%v_8 %self[2.0,] 	 SYMBOL:	 ARGS:
		 2: GETFIELD %self->custom_field def_%v_9 %self[3.1,2.0,] 
		 3: HASH-params-custom_field- def_%v_10 %v_8[3.1,] %v_9[3.2,] 
		 4: %self->call_hook def_%v_11 %self[3.1,2.0,] %v_10[3.3,] 	 SYMBOL:controller_custom_fields_edit_after_save,	 ARGS:Symbol,%v_10,
		 5: 
		 6: %self->respond_to def_%v_12 %self[3.1,3.4,2.0,] %self[3.1,3.4,2.0,] 	 SYMBOL:	 ARGS:%self,
CLOSURE BEGIN: format[] %self[3.1,3.4,2.0,] 
BB 1
	outgoing: 6 2 
	datadep: 
	instructions:
BB 2
	outgoing: 3 
	datadep: 
	instructions:
		 0: def_%self 
		 1: def_%cl_1_0 
		 2: RECEIVEARG def_format 
		 3: COPY TYPE_CurrentScope def_%current_scope 
		 4: COPY TYPE_ScopeModule def_%current_module 
BB 3
	outgoing: 4 6 
	datadep: 
	instructions:
		 0: 
		 1: format->html def_%cl_1_3 format[2.2,] %self[2.0,] 	 SYMBOL:	 ARGS:format,
CLOSURE BEGIN: %self[2.0,] 
BB 1
	outgoing: 6 2 
	datadep: 
	instructions:
BB 2
	outgoing: 3 
	datadep: 
	instructions:
		 0: def_%self 
		 1: def_%cl_2_0 
		 2: COPY TYPE_CurrentScope def_%current_scope 
		 3: COPY TYPE_ScopeModule def_%current_module 
BB 3
	outgoing: 4 6 
	datadep: 
	instructions:
		 0: 
		 1: %self->flash def_%cl_2_3 %self[2.0,] 	 SYMBOL:	 ARGS:
		 2: %self->l def_%cl_2_4 %self[3.1,2.0,] 	 SYMBOL:notice_successful_update,	 ARGS:Symbol,
		 3: ATTRASSIGN %cl_2_3->[] %cl_2_4[3.2,] 
		 4: 
		 5: GETFIELD %self->custom_field def_%cl_2_5 %self[3.1,3.2,2.0,] 
		 6: %self->edit_custom_field_path def_%cl_2_6 %self[3.1,3.2,2.0,] %cl_2_5[3.5,] 	 SYMBOL:	 ARGS:%cl_2_5,
		 7: %self->redirect_back_or_default def_%cl_2_7 %self[3.1,3.2,3.6,2.0,] %cl_2_6[3.6,] 	 SYMBOL:	 ARGS:%cl_2_6,
		 8: RETURN %cl_2_7[3.7,] %self[3.1,3.2,3.6,3.7,2.0,] 
BB 4
	outgoing: 6 
	datadep: 
	instructions:
		 0: def_%cl_2_8 
		 1: def_%cl_2_9 %cl_2_8[4.0,] 
		 2: RETURN %cl_2_9[4.1,] %self[2.0,] 
BB 6
	outgoing: 
	datadep: 
	instructions:
CLOSURE END: 
		 2: 
		 3: format->js def_%cl_1_4 format[3.1,2.2,] %self[2.0,] 	 SYMBOL:	 ARGS:format,
CLOSURE BEGIN: %self[2.0,] 
BB 1
	outgoing: 6 2 
	datadep: 
	instructions:
BB 2
	outgoing: 3 
	datadep: 
	instructions:
		 0: def_%self 
		 1: def_%cl_3_0 
		 2: COPY TYPE_CurrentScope def_%current_scope 
		 3: COPY TYPE_ScopeModule def_%current_module 
BB 3
	outgoing: 4 6 
	datadep: 
	instructions:
		 0: 
		 1: %self->head def_%cl_3_3 %self[2.0,] 	 SYMBOL:	 ARGS:Fixnum,
		 2: RETURN %cl_3_3[3.1,] %self[3.1,2.0,] 
BB 4
	outgoing: 6 
	datadep: 
	instructions:
		 0: def_%cl_3_4 
		 1: def_%cl_3_5 %cl_3_4[4.0,] 
		 2: RETURN %cl_3_5[4.1,] %self[2.0,] 
BB 6
	outgoing: 
	datadep: 
	instructions:
CLOSURE END: 
		 4: RETURN %cl_1_4[3.3,] %self[2.0,] 
BB 4
	outgoing: 6 
	datadep: 
	instructions:
		 0: def_%cl_1_5 
		 1: def_%cl_1_6 %cl_1_5[4.0,] 
		 2: RETURN %cl_1_6[4.1,] %self[2.0,] 
BB 6
	outgoing: 
	datadep: 
	instructions:
CLOSURE END: 
		 7: RETURN %v_12[3.6,] %self[3.1,3.4,3.6,2.0,] 
BB 4
	outgoing: 6 
	datadep: 
	instructions:
		 0: 
		 1: %self->respond_to def_%v_13 %self[2.0,] %self[2.0,] 	 SYMBOL:	 ARGS:%self,
CLOSURE BEGIN: format[] %self[2.0,] 
BB 1
	outgoing: 6 2 
	datadep: 
	instructions:
BB 2
	outgoing: 3 
	datadep: 
	instructions:
		 0: def_%self 
		 1: def_%cl_4_0 
		 2: RECEIVEARG def_format 
		 3: COPY TYPE_CurrentScope def_%current_scope 
		 4: COPY TYPE_ScopeModule def_%current_module 
BB 3
	outgoing: 4 6 
	datadep: 
	instructions:
		 0: 
		 1: format->html def_%cl_4_3 format[2.2,] %self[2.0,] 	 SYMBOL:	 ARGS:format,
CLOSURE BEGIN: %self[2.0,] 
BB 1
	outgoing: 6 2 
	datadep: 
	instructions:
BB 2
	outgoing: 3 
	datadep: 
	instructions:
		 0: def_%self 
		 1: def_%cl_5_0 
		 2: COPY TYPE_CurrentScope def_%current_scope 
		 3: COPY TYPE_ScopeModule def_%current_module 
BB 3
	outgoing: 4 6 
	datadep: 
	instructions:
		 0: 
		 1: COPY TYPE_StringLiteral "edit" def_%cl_5_3 
		 2: HASH-action- def_%cl_5_4 %cl_5_3[3.1,] 
		 3: %self->render def_%cl_5_5 %self[2.0,] %cl_5_4[3.2,] 	 SYMBOL:	 ARGS:%cl_5_4,
		 4: RETURN %cl_5_5[3.3,] %self[3.3,2.0,] 
BB 4
	outgoing: 6 
	datadep: 
	instructions:
		 0: def_%cl_5_6 
		 1: def_%cl_5_7 %cl_5_6[4.0,] 
		 2: RETURN %cl_5_7[4.1,] %self[2.0,] 
BB 6
	outgoing: 
	datadep: 
	instructions:
CLOSURE END: 
		 2: 
		 3: format->js def_%cl_4_4 format[3.1,2.2,] %self[2.0,] 	 SYMBOL:	 ARGS:format,
CLOSURE BEGIN: %self[2.0,] 
BB 1
	outgoing: 6 2 
	datadep: 
	instructions:
BB 2
	outgoing: 3 
	datadep: 
	instructions:
		 0: def_%self 
		 1: def_%cl_6_0 
		 2: COPY TYPE_CurrentScope def_%current_scope 
		 3: COPY TYPE_ScopeModule def_%current_module 
BB 3
	outgoing: 4 6 
	datadep: 
	instructions:
		 0: 
		 1: %self->head def_%cl_6_3 %self[2.0,] 	 SYMBOL:	 ARGS:Fixnum,
		 2: RETURN %cl_6_3[3.1,] %self[3.1,2.0,] 
BB 4
	outgoing: 6 
	datadep: 
	instructions:
		 0: def_%cl_6_4 
		 1: def_%cl_6_5 %cl_6_4[4.0,] 
		 2: RETURN %cl_6_5[4.1,] %self[2.0,] 
BB 6
	outgoing: 
	datadep: 
	instructions:
CLOSURE END: 
		 4: RETURN %cl_4_4[3.3,] %self[2.0,] 
BB 4
	outgoing: 6 
	datadep: 
	instructions:
		 0: def_%cl_4_5 
		 1: def_%cl_4_6 %cl_4_5[4.0,] 
		 2: RETURN %cl_4_6[4.1,] %self[2.0,] 
BB 6
	outgoing: 
	datadep: 
	instructions:
CLOSURE END: 
		 2: RETURN %v_13[4.1,] %self[4.1,2.0,] 
BB 6
	outgoing: 
	datadep: 
	instructions:

SET IRMethod, name = destroy instanceMethod = true
BB 1
	outgoing: 12 2 
	datadep: 
	instructions:
BB 2
	outgoing: 4 
	datadep: 
	instructions:
		 0: def_%self 
		 1: def_%v_0 
		 2: COPY TYPE_CurrentScope def_%current_scope 
		 3: COPY TYPE_ScopeModule def_%current_module 
		 4: 
		 5: 
		 6: GLOBALVAR $! def_%v_3 
BB 4
	outgoing: 5 6 
	datadep: 
	instructions:
		 0: 
		 1: 
		 2: GETFIELD %self->custom_field def_%v_6 %self[2.0,] 
		 3: %v_6->destroy def_%v_7 %v_6[4.2,] 	 SYMBOL:	 ARGS:
		 4: COPY TYPE_PASS def_%v_5 %v_7[4.3,] 
		 5: %v_3[2.6,] 
BB 5
	outgoing: 11 
	datadep: 
	instructions:
		 0: 
BB 6
	outgoing: 7 8 10 
	datadep: 
	instructions:
		 0: def_%v_8 
		 1: def_%v_9 %v_8[6.0,] 
		 2: BRANCH %v_9[6.1,] 
BB 7
	outgoing: 10 12 
	datadep: 
	instructions:
		 0: %v_8[6.0,] 
BB 8
	outgoing: 9 10 
	datadep: 
	instructions:
		 0: 
		 1: %self->flash def_%v_10 %self[2.0,] 	 SYMBOL:	 ARGS:
		 2: %self->l def_%v_11 %self[8.1,2.0,] 	 SYMBOL:error_can_not_delete_custom_field,	 ARGS:Symbol,
		 3: ATTRASSIGN %v_10->[] %v_11[8.2,] 
		 4: COPY TYPE_PASS def_%v_5 %v_11[8.2,] 
		 5: %v_3[2.6,] 
BB 9
	outgoing: 11 
	datadep: 
	instructions:
		 0: 
BB 10
	outgoing: 12 
	datadep: 
	instructions:
		 0: def_%v_12 
		 1: def_%v_13 %v_12[10.0,] %v_3[2.6,] 
		 2: %v_12[10.0,] 
BB 11
	outgoing: 12 
	datadep: 
	instructions:
		 0: 
		 1: GETFIELD %self->custom_field def_%v_14 %self[2.0,] 
		 2: %v_14->class def_%v_15 %v_14[11.1,] 	 SYMBOL:	 ARGS:
		 3: %v_15->name def_%v_16 %v_15[11.2,] 	 SYMBOL:	 ARGS:
		 4: HASH-tab- def_%v_17 %v_16[11.3,] 
		 5: %self->custom_fields_path def_%v_18 %self[2.0,] %v_17[11.4,] 	 SYMBOL:	 ARGS:%v_17,
		 6: %self->redirect_to def_%v_19 %self[11.5,2.0,] %v_18[11.5,] 	 SYMBOL:	 ARGS:%v_18,
		 7: RETURN %v_19[11.6,] %self[11.5,11.6,2.0,] 
BB 12
	outgoing: 
	datadep: 
	instructions:

SET IRMethod, name = build_new_custom_field instanceMethod = true
BB 1
	outgoing: 6 2 
	datadep: 
	instructions:
BB 2
	outgoing: 3 4 
	datadep: 
	instructions:
		 0: def_%self 
		 1: def_%v_0 
		 2: COPY TYPE_CurrentScope def_%current_scope 
		 3: COPY TYPE_ScopeModule def_%current_module 
		 4: 
		 5: 
		 6: (CustomField) def_%v_3 
		 7: %self->params def_%v_4 %self[2.0,] 	 SYMBOL:	 ARGS:
		 8: %v_4->[] def_%v_5 %v_4[2.7,] 	 SYMBOL:type,	 ARGS:Symbol,
		 9: %v_3->new_subclass_instance def_%v_6 %v_3[2.6,] %v_5[2.8,] 	 SYMBOL:	 ARGS:%v_5,
		 10: ATTRASSIGN %self->custom_field %v_6[2.9,] 
		 11: 
		 12: GETFIELD %self->custom_field def_%v_7 %self[2.0,2.7,2.10,] 
		 13: %v_7->nil? def_%v_8 %v_7[2.12,] 	 SYMBOL:	 ARGS:
		 14: BRANCH %v_8[2.13,] 
BB 3
	outgoing: 6 
	datadep: 
	instructions:
		 0: 
		 1: COPY TYPE_StringLiteral "select_type" def_%v_9 
		 2: HASH-action- def_%v_10 %v_9[3.1,] 
		 3: %self->render def_%v_11 %self[2.0,2.10,] %v_10[3.2,] 	 SYMBOL:	 ARGS:%v_10,
		 4: RETURN %v_11[3.3,] %self[3.3,2.0,2.10,] 
BB 4
	outgoing: 6 
	datadep: 
	instructions:
		 0: 
		 1: GETFIELD %self->custom_field def_%v_12 %self[2.0,2.10,] 
		 2: %self->params def_%v_13 %self[2.0,2.10,] 	 SYMBOL:	 ARGS:
		 3: %v_13->[] def_%v_14 %v_13[4.2,] 	 SYMBOL:custom_field,	 ARGS:Symbol,
		 4: ATTRASSIGN %v_12->safe_attributes %v_14[4.3,] 
		 5: RETURN %v_14[4.3,] %self[4.2,2.0,2.10,] 
BB 6
	outgoing: 
	datadep: 
	instructions:

SET IRMethod, name = find_custom_field instanceMethod = true
BB 1
	outgoing: 14 2 
	datadep: 
	instructions:
BB 2
	outgoing: 4 
	datadep: 
	instructions:
		 0: def_%self 
		 1: def_%v_0 
		 2: COPY TYPE_CurrentScope def_%current_scope 
		 3: COPY TYPE_ScopeModule def_%current_module 
		 4: 
		 5: GLOBALVAR $! def_%v_3 
BB 4
	outgoing: 5 6 
	datadep: 
	instructions:
		 0: 
		 1: 
		 2: (CustomField) def_%v_6 
		 3: %self->params def_%v_7 %self[2.0,] 	 SYMBOL:	 ARGS:
		 4: %v_7->[] def_%v_8 %v_7[4.3,] 	 SYMBOL:id,	 ARGS:Symbol,
		 5: %v_6->find def_%v_9 %v_6[4.2,] %v_8[4.4,] 	 SYMBOL:	 ARGS:%v_8,
		 6: ATTRASSIGN %self->custom_field %v_9[4.5,] 
		 7: COPY TYPE_PASS def_%v_5 %v_9[4.5,] 
		 8: %v_3[2.5,] 
BB 5
	outgoing: 13 
	datadep: 
	instructions:
		 0: 
BB 6
	outgoing: 7 8 12 
	datadep: 
	instructions:
		 0: def_%v_10 
		 1: (ActiveRecord) def_%v_11 
		 2: (inherit RecordNotFound) def_%v_12 %v_11[6.1,] 
		 3: %v_12[6.2,] 
BB 7
	outgoing: 8 12 
	datadep: 
	instructions:
		 0: %v_11->const_missing def_%v_12 %v_11[6.1,] 	 SYMBOL:RecordNotFound,	 ARGS:Symbol,
BB 8
	outgoing: 9 10 12 
	datadep: 
	instructions:
		 0: def_%v_13 %v_12[7.0,6.2,] %v_10[6.0,] 
		 1: BRANCH %v_13[8.0,] 
BB 9
	outgoing: 12 14 
	datadep: 
	instructions:
		 0: %v_10[6.0,] 
BB 10
	outgoing: 11 12 
	datadep: 
	instructions:
		 0: 
		 1: %self->render_404 def_%v_14 %self[4.6,2.0,] 	 SYMBOL:	 ARGS:
		 2: COPY TYPE_PASS def_%v_5 %v_14[10.1,] 
		 3: %v_3[2.5,] 
BB 11
	outgoing: 13 
	datadep: 
	instructions:
		 0: 
BB 12
	outgoing: 14 
	datadep: 
	instructions:
		 0: def_%v_15 
		 1: def_%v_16 %v_15[12.0,] %v_3[2.5,] 
		 2: %v_15[12.0,] 
BB 13
	outgoing: 14 
	datadep: 
	instructions:
		 0: RETURN %v_5[4.7,10.2,] %self[4.6,2.0,] 
BB 14
	outgoing: 
	datadep: 
	instructions:

