SET IRMethod, name = index instanceMethod = true
BB 1
	outgoing: 3 2 
	datadep: 
	instructions:
BB 2
	outgoing: 3 
	datadep: 
	instructions:
		 0: def_%self 
		 1: def_%v_0 
		 2: COPY TYPE_CurrentScope def_%current_scope 
		 3: COPY TYPE_ScopeModule def_%current_module 
		 4: 
		 5: 
		 6: (Project) def_%v_3 
		 7: %v_3->visible def_%v_4 %v_3[2.6,] 	 SYMBOL:	 ARGS:
		 8: %v_4->sorted def_%v_5 %v_4[2.7,] 	 SYMBOL:	 ARGS:
		 9: COPY TYPE_PASS def_scope %v_5[2.8,] 
		 10: 
		 11: %self->respond_to def_%v_6 %self[2.0,] %self[2.0,] 	 SYMBOL:	 ARGS:%self,
CLOSURE BEGIN: format[] %self[2.0,] scope[2.9,] projects[] 
BB 1
	outgoing: 6 2 
	datadep: 
	instructions:
BB 2
	outgoing: 3 
	datadep: 
	instructions:
		 0: def_%self 
		 1: def_%cl_1_0 
		 2: RECEIVEARG def_format 
		 3: COPY TYPE_CurrentScope def_%current_scope 
		 4: COPY TYPE_ScopeModule def_%current_module 
BB 3
	outgoing: 4 6 
	datadep: 
	instructions:
		 0: 
		 1: format->html def_%cl_1_3 format[2.2,] %self[2.0,] 	 SYMBOL:	 ARGS:format,
CLOSURE BEGIN: %self[2.0,] scope[] 
BB 1
	outgoing: 9 2 
	datadep: 
	instructions:
BB 2
	outgoing: 3 
	datadep: 
	instructions:
		 0: def_%self 
		 1: def_%cl_2_0 
		 2: COPY TYPE_CurrentScope def_%current_scope 
		 3: COPY TYPE_ScopeModule def_%current_module 
BB 3
	outgoing: 4 5 7 
	datadep: 
	instructions:
		 0: 
		 1: %self->params def_%cl_2_3 %self[2.0,] 	 SYMBOL:	 ARGS:
		 2: %cl_2_3->[] def_%cl_2_4 %cl_2_3[3.1,] 	 SYMBOL:closed,	 ARGS:Symbol,
		 3: BRANCH %cl_2_4[3.2,] 
BB 4
	outgoing: 6 
	datadep: 
	instructions:
		 0: COPY TYPE_Nil def_%cl_2_5 
		 1: 
BB 5
	outgoing: 6 7 
	datadep: 
	instructions:
		 0: 
		 1: scope->active def_%cl_2_6 scope[] 	 SYMBOL:	 ARGS:
		 2: COPY TYPE_PASS def_scope %cl_2_6[5.1,] 
		 3: COPY TYPE_PASS def_%cl_2_5 %cl_2_6[5.1,] 
BB 6
	outgoing: 7 9 
	datadep: 
	instructions:
		 0: 
		 1: scope->to_a def_%cl_2_7 scope[5.2,] 	 SYMBOL:	 ARGS:
		 2: ATTRASSIGN %self->projects %cl_2_7[6.1,] 
		 3: RETURN %cl_2_7[6.1,] %self[6.2,2.0,] 
BB 7
	outgoing: 9 
	datadep: 
	instructions:
		 0: def_%cl_2_8 
		 1: def_%cl_2_9 %cl_2_8[7.0,] 
		 2: RETURN %cl_2_9[7.1,] %self[6.2,2.0,] 
BB 9
	outgoing: 
	datadep: 
	instructions:
CLOSURE END: scope[5.2,] 
		 2: 
		 3: format->api def_%cl_1_4 format[3.1,2.2,] %self[2.0,] 	 SYMBOL:	 ARGS:format,
CLOSURE BEGIN: %self[2.0,] scope[3.1,] 
BB 1
	outgoing: 6 2 
	datadep: 
	instructions:
BB 2
	outgoing: 3 
	datadep: 
	instructions:
		 0: def_%self 
		 1: def_%cl_3_0 
		 2: COPY TYPE_CurrentScope def_%current_scope 
		 3: COPY TYPE_ScopeModule def_%current_module 
BB 3
	outgoing: 4 6 
	datadep: 
	instructions:
		 0: 
		 1: %self->api_offset_and_limit def_%cl_3_3 %self[2.0,] 	 SYMBOL:	 ARGS:
		 2: def_%cl_3_4 %cl_3_3[3.1,] 
		 3: def_%cl_3_5 %cl_3_4[3.2,] 
		 4: def_%cl_3_6 %cl_3_4[3.2,] 
		 5: ATTRASSIGN %self->offset %cl_3_5[3.3,] 
		 6: ATTRASSIGN %self->limit %cl_3_6[3.4,] 
		 7: 
		 8: scope->count def_%cl_3_7 scope[] 	 SYMBOL:	 ARGS:
		 9: ATTRASSIGN %self->project_count %cl_3_7[3.8,] 
		 10: 
		 11: GETFIELD %self->offset def_%cl_3_8 %self[3.1,3.5,2.0,] 
		 12: scope->offset def_%cl_3_9 scope[3.8,] %cl_3_8[3.11,] 	 SYMBOL:	 ARGS:%cl_3_8,
		 13: GETFIELD %self->limit def_%cl_3_10 %self[3.1,3.6,2.0,] 
		 14: %cl_3_9->limit def_%cl_3_11 %cl_3_9[3.12,] %cl_3_10[3.13,] 	 SYMBOL:	 ARGS:%cl_3_10,
		 15: %cl_3_11->to_a def_%cl_3_12 %cl_3_11[3.14,] 	 SYMBOL:	 ARGS:
		 16: ATTRASSIGN %self->projects %cl_3_12[3.15,] 
		 17: RETURN %cl_3_12[3.15,] %self[3.1,3.5,3.6,3.9,3.16,2.0,] 
BB 4
	outgoing: 6 
	datadep: 
	instructions:
		 0: def_%cl_3_13 
		 1: def_%cl_3_14 %cl_3_13[4.0,] 
		 2: RETURN %cl_3_14[4.1,] %self[3.5,3.6,3.9,3.16,2.0,] 
BB 6
	outgoing: 
	datadep: 
	instructions:
CLOSURE END: 
		 4: 
		 5: format->atom def_%cl_1_5 format[3.1,3.3,2.2,] %self[2.0,] 	 SYMBOL:	 ARGS:format,
CLOSURE BEGIN: scope[3.1,] %self[2.0,] projects[] 
BB 1
	outgoing: 6 2 
	datadep: 
	instructions:
BB 2
	outgoing: 3 
	datadep: 
	instructions:
		 0: def_%self 
		 1: def_%cl_4_0 
		 2: COPY TYPE_CurrentScope def_%current_scope 
		 3: COPY TYPE_ScopeModule def_%current_module 
BB 3
	outgoing: 4 6 
	datadep: 
	instructions:
		 0: 
		 1: HASH-created_on- def_%cl_4_3 
		 2: scope->reorder def_%cl_4_4 scope[] %cl_4_3[3.1,] 	 SYMBOL:	 ARGS:%cl_4_3,
		 3: (Setting) def_%cl_4_5 
		 4: %cl_4_5->feeds_limit def_%cl_4_6 %cl_4_5[3.3,] 	 SYMBOL:	 ARGS:
		 5: %cl_4_6->to_i def_%cl_4_7 %cl_4_6[3.4,] 	 SYMBOL:	 ARGS:
		 6: %cl_4_4->limit def_%cl_4_8 %cl_4_4[3.2,] %cl_4_7[3.5,] 	 SYMBOL:	 ARGS:%cl_4_7,
		 7: %cl_4_8->to_a def_%cl_4_9 %cl_4_8[3.6,] 	 SYMBOL:	 ARGS:
		 8: COPY TYPE_PASS def_projects %cl_4_9[3.7,] 
		 9: 
		 10: (Setting) def_%cl_4_10 
		 11: %cl_4_10->app_title def_%cl_4_11 %cl_4_10[3.10,] 	 SYMBOL:	 ARGS:
		 12: COPY TYPE_StringLiteral ": " def_%cl_4_12 
		 13: %self->l def_%cl_4_13 %self[2.0,] 	 SYMBOL:label_project_latest,	 ARGS:Symbol,
		 14: BUILDSTRING def_%cl_4_14 %cl_4_11[3.11,] %cl_4_12[3.12,] %cl_4_13[3.13,] 
		 15: HASH-title- def_%cl_4_15 %cl_4_14[3.14,] 
		 16: %self->render_feed def_%cl_4_16 %self[3.13,2.0,] projects[3.8,] %cl_4_15[3.15,] 	 SYMBOL:	 ARGS:projects,%cl_4_15,
		 17: RETURN %cl_4_16[3.16,] %self[3.13,3.16,2.0,] 
BB 4
	outgoing: 6 
	datadep: 
	instructions:
		 0: def_%cl_4_17 
		 1: def_%cl_4_18 %cl_4_17[4.0,] 
		 2: RETURN %cl_4_18[4.1,] %self[2.0,] 
BB 6
	outgoing: 
	datadep: 
	instructions:
CLOSURE END: 
		 6: RETURN %cl_1_5[3.5,] %self[2.0,] 
BB 4
	outgoing: 6 
	datadep: 
	instructions:
		 0: def_%cl_1_6 
		 1: def_%cl_1_7 %cl_1_6[4.0,] 
		 2: RETURN %cl_1_7[4.1,] %self[2.0,] 
BB 6
	outgoing: 
	datadep: 
	instructions:
CLOSURE END: 
		 12: RETURN %v_6[2.11,] %self[2.0,2.11,] 
BB 3
	outgoing: 
	datadep: 
	instructions:

SET IRMethod, name = new instanceMethod = true
BB 1
	outgoing: 3 2 
	datadep: 
	instructions:
BB 2
	outgoing: 3 
	datadep: 
	instructions:
		 0: def_%self 
		 1: def_%v_0 
		 2: COPY TYPE_CurrentScope def_%current_scope 
		 3: COPY TYPE_ScopeModule def_%current_module 
		 4: 
		 5: 
		 6: (IssueCustomField) def_%v_3 
		 7: %v_3->sorted def_%v_4 %v_3[2.6,] 	 SYMBOL:	 ARGS:
		 8: %v_4->to_a def_%v_5 %v_4[2.7,] 	 SYMBOL:	 ARGS:
		 9: ATTRASSIGN %self->issue_custom_fields %v_5[2.8,] 
		 10: 
		 11: (Tracker) def_%v_6 
		 12: %v_6->sorted def_%v_7 %v_6[2.11,] 	 SYMBOL:	 ARGS:
		 13: %v_7->to_a def_%v_8 %v_7[2.12,] 	 SYMBOL:	 ARGS:
		 14: ATTRASSIGN %self->trackers %v_8[2.13,] 
		 15: 
		 16: (Project) def_%v_9 
		 17: %v_9->new def_%v_10 %v_9[2.16,] 	 SYMBOL:	 ARGS:
		 18: ATTRASSIGN %self->project %v_10[2.17,] 
		 19: 
		 20: GETFIELD %self->project def_%v_11 %self[2.0,2.18,] 
		 21: %self->params def_%v_12 %self[2.0,2.9,2.14,2.18,] 	 SYMBOL:	 ARGS:
		 22: %v_12->[] def_%v_13 %v_12[2.21,] 	 SYMBOL:project,	 ARGS:Symbol,
		 23: ATTRASSIGN %v_11->safe_attributes %v_13[2.22,] 
		 24: RETURN %v_13[2.22,] %self[2.0,2.9,2.14,2.18,2.21,] 
BB 3
	outgoing: 
	datadep: 
	instructions:

SET IRMethod, name = create instanceMethod = true
BB 1
	outgoing: 9 2 
	datadep: 
	instructions:
BB 2
	outgoing: 3 7 
	datadep: 
	instructions:
		 0: def_%self 
		 1: def_%v_0 
		 2: COPY TYPE_CurrentScope def_%current_scope 
		 3: COPY TYPE_ScopeModule def_%current_module 
		 4: 
		 5: 
		 6: (IssueCustomField) def_%v_3 
		 7: %v_3->sorted def_%v_4 %v_3[2.6,] 	 SYMBOL:	 ARGS:
		 8: %v_4->to_a def_%v_5 %v_4[2.7,] 	 SYMBOL:	 ARGS:
		 9: ATTRASSIGN %self->issue_custom_fields %v_5[2.8,] 
		 10: 
		 11: (Tracker) def_%v_6 
		 12: %v_6->sorted def_%v_7 %v_6[2.11,] 	 SYMBOL:	 ARGS:
		 13: %v_7->to_a def_%v_8 %v_7[2.12,] 	 SYMBOL:	 ARGS:
		 14: ATTRASSIGN %self->trackers %v_8[2.13,] 
		 15: 
		 16: (Project) def_%v_9 
		 17: %v_9->new def_%v_10 %v_9[2.16,] 	 SYMBOL:	 ARGS:
		 18: ATTRASSIGN %self->project %v_10[2.17,] 
		 19: 
		 20: GETFIELD %self->project def_%v_11 %self[2.0,2.18,] 
		 21: %self->params def_%v_12 %self[2.0,2.9,2.14,2.18,] 	 SYMBOL:	 ARGS:
		 22: %v_12->[] def_%v_13 %v_12[2.21,] 	 SYMBOL:project,	 ARGS:Symbol,
		 23: ATTRASSIGN %v_11->safe_attributes %v_13[2.22,] 
		 24: 
		 25: GETFIELD %self->project def_%v_14 %self[2.0,2.18,2.21,] 
		 26: %v_14->save def_%v_15 %v_14[2.25,] 	 SYMBOL:	 ARGS:
		 27: BRANCH %v_15[2.26,] 
BB 3
	outgoing: 4 5 
	datadep: 
	instructions:
		 0: 
		 1: (User) def_%v_16 
		 2: %v_16->current def_%v_17 %v_16[3.1,] 	 SYMBOL:	 ARGS:
		 3: %v_17->admin? def_%v_18 %v_17[3.2,] 	 SYMBOL:	 ARGS:
		 4: BRANCH %v_18[3.3,] 
BB 4
	outgoing: 6 
	datadep: 
	instructions:
		 0: COPY TYPE_Nil def_%v_19 
		 1: 
BB 5
	outgoing: 6 
	datadep: 
	instructions:
		 0: 
		 1: GETFIELD %self->project def_%v_20 %self[2.0,2.18,] 
		 2: (User) def_%v_21 
		 3: %v_21->current def_%v_22 %v_21[5.2,] 	 SYMBOL:	 ARGS:
		 4: %v_20->add_default_member def_%v_23 %v_20[5.1,] %v_22[5.3,] 	 SYMBOL:	 ARGS:%v_22,
		 5: COPY TYPE_PASS def_%v_19 %v_23[5.4,] 
BB 6
	outgoing: 9 
	datadep: 
	instructions:
		 0: 
		 1: %self->respond_to def_%v_24 %self[2.0,2.9,2.14,2.18,] %self[2.0,2.9,2.14,2.18,] 	 SYMBOL:	 ARGS:%self,
CLOSURE BEGIN: format[] %self[2.0,2.9,2.14,2.18,] v[] 
BB 1
	outgoing: 6 2 
	datadep: 
	instructions:
BB 2
	outgoing: 3 
	datadep: 
	instructions:
		 0: def_%self 
		 1: def_%cl_1_0 
		 2: RECEIVEARG def_format 
		 3: COPY TYPE_CurrentScope def_%current_scope 
		 4: COPY TYPE_ScopeModule def_%current_module 
BB 3
	outgoing: 4 6 
	datadep: 
	instructions:
		 0: 
		 1: format->html def_%cl_1_3 format[2.2,] %self[2.0,] 	 SYMBOL:	 ARGS:format,
CLOSURE BEGIN: %self[2.0,] v[] 
BB 1
	outgoing: 9 2 
	datadep: 
	instructions:
BB 2
	outgoing: 3 
	datadep: 
	instructions:
		 0: def_%self 
		 1: def_%cl_2_0 
		 2: COPY TYPE_CurrentScope def_%current_scope 
		 3: COPY TYPE_ScopeModule def_%current_module 
BB 3
	outgoing: 4 5 7 
	datadep: 
	instructions:
		 0: 
		 1: %self->flash def_%cl_2_3 %self[2.0,] 	 SYMBOL:	 ARGS:
		 2: %self->l def_%cl_2_4 %self[3.1,2.0,] 	 SYMBOL:notice_successful_create,	 ARGS:Symbol,
		 3: ATTRASSIGN %cl_2_3->[] %cl_2_4[3.2,] 
		 4: 
		 5: %self->params def_%cl_2_5 %self[3.1,3.2,2.0,] 	 SYMBOL:	 ARGS:
		 6: %cl_2_5->[] def_%cl_2_6 %cl_2_5[3.5,] 	 SYMBOL:continue,	 ARGS:Symbol,
		 7: BRANCH %cl_2_6[3.6,] 
BB 4
	outgoing: 6 7 
	datadep: 
	instructions:
		 0: 
		 1: GETFIELD %self->project def_%cl_2_7 %self[2.0,] 
		 2: %cl_2_7->parent_id def_%cl_2_8 %cl_2_7[4.1,] 	 SYMBOL:	 ARGS:
		 3: HASH-parent_id- def_%cl_2_9 %cl_2_8[4.2,] 
		 4: %cl_2_9->reject def_%cl_2_10 %cl_2_9[4.3,] %self[2.0,] 	 SYMBOL:	 ARGS:%cl_2_9,
CLOSURE BEGIN: v[] 
BB 1
	outgoing: 6 2 
	datadep: 
	instructions:
BB 2
	outgoing: 3 
	datadep: 
	instructions:
		 0: def_%self 
		 1: def_%cl_3_0 
		 2: RECEIVEARG def_k 
		 3: RECEIVEARG def_v 
		 4: COPY TYPE_CurrentScope def_%current_scope 
		 5: COPY TYPE_ScopeModule def_%current_module 
BB 3
	outgoing: 4 6 
	datadep: 
	instructions:
		 0: 
		 1: v->nil? def_%cl_3_3 v[2.3,] 	 SYMBOL:	 ARGS:
		 2: RETURN %cl_3_3[3.1,] %self[2.0,] 
BB 4
	outgoing: 6 
	datadep: 
	instructions:
		 0: def_%cl_3_4 
		 1: def_%cl_3_5 %cl_3_4[4.0,] 
		 2: RETURN %cl_3_5[4.1,] %self[2.0,] 
BB 6
	outgoing: 
	datadep: 
	instructions:
CLOSURE END: v[2.3,] 
		 5: COPY TYPE_PASS def_attrs %cl_2_10[4.4,] 
		 6: 
		 7: %self->new_project_path def_%cl_2_11 %self[2.0,] %cl_2_10[4.4,] 	 SYMBOL:	 ARGS:attrs,
		 8: %self->redirect_to def_%cl_2_12 %self[4.7,2.0,] %cl_2_11[4.7,] 	 SYMBOL:	 ARGS:%cl_2_11,
		 9: 
BB 5
	outgoing: 7 9 
	datadep: 
	instructions:
		 0: 
		 1: GETFIELD %self->project def_%cl_2_13 %self[2.0,] 
		 2: %self->settings_project_path def_%cl_2_14 %self[2.0,] %cl_2_13[5.1,] 	 SYMBOL:	 ARGS:%cl_2_13,
		 3: %self->redirect_to def_%cl_2_15 %self[5.2,2.0,] %cl_2_14[5.2,] 	 SYMBOL:	 ARGS:%cl_2_14,
		 4: RETURN %cl_2_15[5.3,] %self[5.2,5.3,2.0,] 
BB 6
	outgoing: 9 
	datadep: 
	instructions:
		 0: RETURN %cl_2_12[4.8,] %self[2.0,] 
BB 7
	outgoing: 9 
	datadep: 
	instructions:
		 0: def_%cl_2_16 
		 1: def_%cl_2_17 %cl_2_16[7.0,] 
		 2: RETURN %cl_2_17[7.1,] %self[2.0,] 
BB 9
	outgoing: 
	datadep: 
	instructions:
CLOSURE END: 
		 2: 
		 3: format->api def_%cl_1_4 format[3.1,2.2,] %self[2.0,] 	 SYMBOL:	 ARGS:format,
CLOSURE BEGIN: %self[2.0,] 
BB 1
	outgoing: 6 2 
	datadep: 
	instructions:
BB 2
	outgoing: 3 
	datadep: 
	instructions:
		 0: def_%self 
		 1: def_%cl_4_0 
		 2: COPY TYPE_CurrentScope def_%current_scope 
		 3: COPY TYPE_ScopeModule def_%current_module 
BB 3
	outgoing: 4 6 
	datadep: 
	instructions:
		 0: 
		 1: COPY TYPE_StringLiteral "show" def_%cl_4_3 
		 2: COPY TYPE_StringLiteral "projects" def_%cl_4_4 
		 3: COPY TYPE_StringLiteral "show" def_%cl_4_5 
		 4: GETFIELD %self->project def_%cl_4_6 %self[2.0,] 
		 5: %cl_4_6->id def_%cl_4_7 %cl_4_6[3.4,] 	 SYMBOL:	 ARGS:
		 6: HASH-controller-action-id- def_%cl_4_8 %cl_4_4[3.2,] %cl_4_5[3.3,] %cl_4_7[3.5,] 
		 7: %self->url_for def_%cl_4_9 %self[2.0,] %cl_4_8[3.6,] 	 SYMBOL:	 ARGS:%cl_4_8,
		 8: HASH-action-status-location- def_%cl_4_10 %cl_4_3[3.1,] %cl_4_9[3.7,] 
		 9: %self->render def_%cl_4_11 %self[3.7,2.0,] %cl_4_10[3.8,] 	 SYMBOL:	 ARGS:%cl_4_10,
		 10: RETURN %cl_4_11[3.9,] %self[3.7,3.9,2.0,] 
BB 4
	outgoing: 6 
	datadep: 
	instructions:
		 0: def_%cl_4_12 
		 1: def_%cl_4_13 %cl_4_12[4.0,] 
		 2: RETURN %cl_4_13[4.1,] %self[2.0,] 
BB 6
	outgoing: 
	datadep: 
	instructions:
CLOSURE END: 
		 4: RETURN %cl_1_4[3.3,] %self[2.0,] 
BB 4
	outgoing: 6 
	datadep: 
	instructions:
		 0: def_%cl_1_5 
		 1: def_%cl_1_6 %cl_1_5[4.0,] 
		 2: RETURN %cl_1_6[4.1,] %self[2.0,] 
BB 6
	outgoing: 
	datadep: 
	instructions:
CLOSURE END: 
		 2: RETURN %v_24[6.1,] %self[6.1,2.0,2.9,2.14,2.18,] 
BB 7
	outgoing: 9 
	datadep: 
	instructions:
		 0: 
		 1: %self->respond_to def_%v_25 %self[2.0,2.9,2.14,2.18,] %self[2.0,2.9,2.14,2.18,] 	 SYMBOL:	 ARGS:%self,
CLOSURE BEGIN: format[] %self[2.0,2.9,2.14,2.18,] 
BB 1
	outgoing: 6 2 
	datadep: 
	instructions:
BB 2
	outgoing: 3 
	datadep: 
	instructions:
		 0: def_%self 
		 1: def_%cl_5_0 
		 2: RECEIVEARG def_format 
		 3: COPY TYPE_CurrentScope def_%current_scope 
		 4: COPY TYPE_ScopeModule def_%current_module 
BB 3
	outgoing: 4 6 
	datadep: 
	instructions:
		 0: 
		 1: format->html def_%cl_5_3 format[2.2,] %self[2.0,] 	 SYMBOL:	 ARGS:format,
CLOSURE BEGIN: %self[2.0,] 
BB 1
	outgoing: 6 2 
	datadep: 
	instructions:
BB 2
	outgoing: 3 
	datadep: 
	instructions:
		 0: def_%self 
		 1: def_%cl_6_0 
		 2: COPY TYPE_CurrentScope def_%current_scope 
		 3: COPY TYPE_ScopeModule def_%current_module 
BB 3
	outgoing: 4 6 
	datadep: 
	instructions:
		 0: 
		 1: COPY TYPE_StringLiteral "new" def_%cl_6_3 
		 2: HASH-action- def_%cl_6_4 %cl_6_3[3.1,] 
		 3: %self->render def_%cl_6_5 %self[2.0,] %cl_6_4[3.2,] 	 SYMBOL:	 ARGS:%cl_6_4,
		 4: RETURN %cl_6_5[3.3,] %self[3.3,2.0,] 
BB 4
	outgoing: 6 
	datadep: 
	instructions:
		 0: def_%cl_6_6 
		 1: def_%cl_6_7 %cl_6_6[4.0,] 
		 2: RETURN %cl_6_7[4.1,] %self[2.0,] 
BB 6
	outgoing: 
	datadep: 
	instructions:
CLOSURE END: 
		 2: 
		 3: format->api def_%cl_5_4 format[3.1,2.2,] %self[2.0,] 	 SYMBOL:	 ARGS:format,
CLOSURE BEGIN: %self[2.0,] 
BB 1
	outgoing: 6 2 
	datadep: 
	instructions:
BB 2
	outgoing: 3 
	datadep: 
	instructions:
		 0: def_%self 
		 1: def_%cl_7_0 
		 2: COPY TYPE_CurrentScope def_%current_scope 
		 3: COPY TYPE_ScopeModule def_%current_module 
BB 3
	outgoing: 4 6 
	datadep: 
	instructions:
		 0: 
		 1: GETFIELD %self->project def_%cl_7_3 %self[2.0,] 
		 2: %self->render_validation_errors def_%cl_7_4 %self[2.0,] %cl_7_3[3.1,] 	 SYMBOL:	 ARGS:%cl_7_3,
		 3: RETURN %cl_7_4[3.2,] %self[3.2,2.0,] 
BB 4
	outgoing: 6 
	datadep: 
	instructions:
		 0: def_%cl_7_5 
		 1: def_%cl_7_6 %cl_7_5[4.0,] 
		 2: RETURN %cl_7_6[4.1,] %self[2.0,] 
BB 6
	outgoing: 
	datadep: 
	instructions:
CLOSURE END: 
		 4: RETURN %cl_5_4[3.3,] %self[2.0,] 
BB 4
	outgoing: 6 
	datadep: 
	instructions:
		 0: def_%cl_5_5 
		 1: def_%cl_5_6 %cl_5_5[4.0,] 
		 2: RETURN %cl_5_6[4.1,] %self[2.0,] 
BB 6
	outgoing: 
	datadep: 
	instructions:
CLOSURE END: 
		 2: RETURN %v_25[7.1,] %self[7.1,2.0,2.9,2.14,2.18,] 
BB 9
	outgoing: 
	datadep: 
	instructions:

SET IRMethod, name = copy instanceMethod = true
BB 1
	outgoing: 20 2 
	datadep: 
	instructions:
BB 2
	outgoing: 4 
	datadep: 
	instructions:
		 0: def_%self 
		 1: def_%v_0 
		 2: COPY TYPE_CurrentScope def_%current_scope 
		 3: COPY TYPE_ScopeModule def_%current_module 
		 4: 
		 5: GLOBALVAR $! def_%v_3 
BB 4
	outgoing: 5 9 12 
	datadep: 
	instructions:
		 0: 
		 1: 
		 2: (IssueCustomField) def_%v_6 
		 3: %v_6->sorted def_%v_7 %v_6[4.2,] 	 SYMBOL:	 ARGS:
		 4: %v_7->to_a def_%v_8 %v_7[4.3,] 	 SYMBOL:	 ARGS:
		 5: ATTRASSIGN %self->issue_custom_fields %v_8[4.4,] 
		 6: 
		 7: (Tracker) def_%v_9 
		 8: %v_9->sorted def_%v_10 %v_9[4.7,] 	 SYMBOL:	 ARGS:
		 9: %v_10->to_a def_%v_11 %v_10[4.8,] 	 SYMBOL:	 ARGS:
		 10: ATTRASSIGN %self->trackers %v_11[4.9,] 
		 11: 
		 12: (Project) def_%v_12 
		 13: %self->params def_%v_13 %self[4.5,4.10,2.0,] 	 SYMBOL:	 ARGS:
		 14: %v_13->[] def_%v_14 %v_13[4.13,] 	 SYMBOL:id,	 ARGS:Symbol,
		 15: %v_12->find def_%v_15 %v_12[4.12,] %v_14[4.14,] 	 SYMBOL:	 ARGS:%v_14,
		 16: ATTRASSIGN %self->source_project %v_15[4.15,] 
		 17: 
		 18: %self->request def_%v_16 %self[4.5,4.10,4.13,4.16,2.0,] 	 SYMBOL:	 ARGS:
		 19: %v_16->get? def_%v_17 %v_16[4.18,] 	 SYMBOL:	 ARGS:
		 20: BRANCH %v_17[4.19,] 
BB 5
	outgoing: 6 7 12 
	datadep: 
	instructions:
		 0: 
		 1: (Project) def_%v_18 
		 2: GETFIELD %self->source_project def_%v_19 %self[4.16,2.0,] 
		 3: %v_18->copy_from def_%v_20 %v_18[5.1,] %v_19[5.2,] 	 SYMBOL:	 ARGS:%v_19,
		 4: ATTRASSIGN %self->project %v_20[5.3,] 
		 5: 
		 6: (Setting) def_%v_21 
		 7: %v_21->sequential_project_identifiers? def_%v_22 %v_21[5.6,] 	 SYMBOL:	 ARGS:
		 8: BRANCH %v_22[5.7,] 
BB 6
	outgoing: 8 12 
	datadep: 
	instructions:
		 0: GETFIELD %self->project def_%v_23 %self[5.4,2.0,] 
		 1: (Project) def_%v_24 
		 2: %v_24->next_identifier def_%v_25 %v_24[6.1,] 	 SYMBOL:	 ARGS:
		 3: ATTRASSIGN %v_23->identifier %v_25[6.2,] 
		 4: 
BB 7
	outgoing: 8 
	datadep: 
	instructions:
		 0: COPY TYPE_Nil def_%v_25 
BB 8
	outgoing: 10 
	datadep: 
	instructions:
		 0: 
BB 9
	outgoing: 10 12 
	datadep: 
	instructions:
		 0: 
		 1: (Mailer) def_%v_26 
		 2: %self->params def_%v_27 %self[4.5,4.10,4.16,2.0,] 	 SYMBOL:	 ARGS:
		 3: %v_27->[] def_%v_28 %v_27[9.2,] 	 SYMBOL:notifications,	 ARGS:Symbol,
		 4: COPY TYPE_StringLiteral "1" def_%v_29 
		 5: %v_28->== def_%v_30 %v_28[9.3,] %v_29[9.4,] 	 SYMBOL:	 ARGS:%v_29,
		 6: %v_26->with_deliveries def_%v_31 %v_26[9.1,] %v_30[9.5,] %self[9.2,4.5,4.10,4.16,2.0,] 	 SYMBOL:	 ARGS:%v_30,%v_26,
CLOSURE BEGIN: %self[9.2,4.5,4.10,4.16,2.0,] 
BB 1
	outgoing: 12 2 
	datadep: 
	instructions:
BB 2
	outgoing: 3 
	datadep: 
	instructions:
		 0: def_%self 
		 1: def_%cl_1_0 
		 2: COPY TYPE_CurrentScope def_%current_scope 
		 3: COPY TYPE_ScopeModule def_%current_module 
BB 3
	outgoing: 4 5 10 
	datadep: 
	instructions:
		 0: 
		 1: (Project) def_%cl_1_3 
		 2: %cl_1_3->new def_%cl_1_4 %cl_1_3[3.1,] 	 SYMBOL:	 ARGS:
		 3: ATTRASSIGN %self->project %cl_1_4[3.2,] 
		 4: 
		 5: GETFIELD %self->project def_%cl_1_5 %self[3.3,2.0,] 
		 6: %self->params def_%cl_1_6 %self[3.3,2.0,] 	 SYMBOL:	 ARGS:
		 7: %cl_1_6->[] def_%cl_1_7 %cl_1_6[3.6,] 	 SYMBOL:project,	 ARGS:Symbol,
		 8: ATTRASSIGN %cl_1_5->safe_attributes %cl_1_7[3.7,] 
		 9: 
		 10: GETFIELD %self->project def_%cl_1_8 %self[3.3,3.6,2.0,] 
		 11: GETFIELD %self->source_project def_%cl_1_9 %self[3.6,2.0,] 
		 12: %self->params def_%cl_1_10 %self[3.3,3.6,2.0,] 	 SYMBOL:	 ARGS:
		 13: %cl_1_10->[] def_%cl_1_11 %cl_1_10[3.12,] 	 SYMBOL:only,	 ARGS:Symbol,
		 14: HASH-only- def_%cl_1_12 %cl_1_11[3.13,] 
		 15: %cl_1_8->copy def_%cl_1_13 %cl_1_8[3.10,] %cl_1_9[3.11,] %cl_1_12[3.14,] 	 SYMBOL:	 ARGS:%cl_1_9,%cl_1_12,
		 16: BRANCH %cl_1_13[3.15,] 
BB 4
	outgoing: 9 10 
	datadep: 
	instructions:
		 0: 
		 1: %self->flash def_%cl_1_14 %self[3.3,2.0,] 	 SYMBOL:	 ARGS:
		 2: %self->l def_%cl_1_15 %self[4.1,3.3,2.0,] 	 SYMBOL:notice_successful_create,	 ARGS:Symbol,
		 3: ATTRASSIGN %cl_1_14->[] %cl_1_15[4.2,] 
		 4: 
		 5: GETFIELD %self->project def_%cl_1_16 %self[4.1,4.2,3.3,2.0,] 
		 6: %self->settings_project_path def_%cl_1_17 %self[4.1,4.2,3.3,2.0,] %cl_1_16[4.5,] 	 SYMBOL:	 ARGS:%cl_1_16,
		 7: %self->redirect_to def_%cl_1_18 %self[4.1,4.2,4.6,3.3,2.0,] %cl_1_17[4.6,] 	 SYMBOL:	 ARGS:%cl_1_17,
		 8: 
BB 5
	outgoing: 6 7 10 
	datadep: 
	instructions:
		 0: 
		 1: GETFIELD %self->project def_%cl_1_19 %self[3.3,2.0,] 
		 2: %cl_1_19->new_record? def_%cl_1_20 %cl_1_19[5.1,] 	 SYMBOL:	 ARGS:
		 3: %cl_1_20->! def_%cl_1_21 %cl_1_20[5.2,] 	 SYMBOL:	 ARGS:
		 4: BRANCH %cl_1_21[5.3,] 
BB 6
	outgoing: 8 10 
	datadep: 
	instructions:
		 0: 
		 1: GETFIELD %self->project def_%cl_1_22 %self[3.3,2.0,] 
		 2: %self->settings_project_path def_%cl_1_23 %self[3.3,2.0,] %cl_1_22[6.1,] 	 SYMBOL:	 ARGS:%cl_1_22,
		 3: %self->redirect_to def_%cl_1_24 %self[6.2,3.3,2.0,] %cl_1_23[6.2,] 	 SYMBOL:	 ARGS:%cl_1_23,
		 4: 
BB 7
	outgoing: 8 
	datadep: 
	instructions:
		 0: COPY TYPE_Nil def_%cl_1_24 
BB 8
	outgoing: 12 
	datadep: 
	instructions:
		 0: RETURN %cl_1_24[7.0,6.3,] %self[3.3,2.0,] 
BB 9
	outgoing: 12 
	datadep: 
	instructions:
		 0: RETURN %cl_1_18[4.7,] %self[3.3,2.0,] 
BB 10
	outgoing: 12 
	datadep: 
	instructions:
		 0: def_%cl_1_25 
		 1: def_%cl_1_26 %cl_1_25[10.0,] 
		 2: RETURN %cl_1_26[10.1,] %self[3.3,2.0,] 
BB 12
	outgoing: 
	datadep: 
	instructions:
CLOSURE END: 
		 7: COPY TYPE_PASS def_%v_25 %v_31[9.6,] 
BB 10
	outgoing: 11 12 
	datadep: 
	instructions:
		 0: COPY TYPE_PASS def_%v_5 %v_25[9.7,7.0,6.2,] 
		 1: %v_3[2.5,] 
BB 11
	outgoing: 19 
	datadep: 
	instructions:
		 0: 
BB 12
	outgoing: 13 14 18 
	datadep: 
	instructions:
		 0: def_%v_32 
		 1: (ActiveRecord) def_%v_33 
		 2: (inherit RecordNotFound) def_%v_34 %v_33[12.1,] 
		 3: %v_34[12.2,] 
BB 13
	outgoing: 14 18 
	datadep: 
	instructions:
		 0: %v_33->const_missing def_%v_34 %v_33[12.1,] 	 SYMBOL:RecordNotFound,	 ARGS:Symbol,
BB 14
	outgoing: 15 16 18 
	datadep: 
	instructions:
		 0: def_%v_35 %v_34[13.0,12.2,] %v_32[12.0,] 
		 1: BRANCH %v_35[14.0,] 
BB 15
	outgoing: 18 20 
	datadep: 
	instructions:
		 0: %v_32[12.0,] 
BB 16
	outgoing: 17 18 
	datadep: 
	instructions:
		 0: 
		 1: %self->render_404 def_%v_36 %self[4.5,4.10,4.16,5.4,2.0,] 	 SYMBOL:	 ARGS:
		 2: COPY TYPE_PASS def_%v_5 %v_36[16.1,] 
		 3: %v_3[2.5,] 
BB 17
	outgoing: 19 
	datadep: 
	instructions:
		 0: 
BB 18
	outgoing: 20 
	datadep: 
	instructions:
		 0: def_%v_37 
		 1: def_%v_38 %v_37[18.0,] %v_3[2.5,] 
		 2: %v_37[18.0,] 
BB 19
	outgoing: 20 
	datadep: 
	instructions:
		 0: RETURN %v_5[10.0,16.2,] %self[4.5,4.10,4.16,2.0,5.4,] 
BB 20
	outgoing: 
	datadep: 
	instructions:

SET IRMethod, name = show instanceMethod = true
BB 1
	outgoing: 11 2 
	datadep: 
	instructions:
BB 2
	outgoing: 3 4 
	datadep: 
	instructions:
		 0: def_%self 
		 1: def_%v_0 
		 2: COPY TYPE_CurrentScope def_%current_scope 
		 3: COPY TYPE_ScopeModule def_%current_module 
		 4: 
		 5: 
		 6: %self->params def_%v_3 %self[2.0,] 	 SYMBOL:	 ARGS:
		 7: %v_3->[] def_%v_4 %v_3[2.6,] 	 SYMBOL:jump,	 ARGS:Symbol,
		 8: BRANCH %v_4[2.7,] 
BB 3
	outgoing: 4 
	datadep: 
	instructions:
		 0: GETFIELD %self->project def_%v_5 %self[2.0,] 
		 1: %self->params def_%v_6 %self[2.0,] 	 SYMBOL:	 ARGS:
		 2: %v_6->[] def_%v_7 %v_6[3.1,] 	 SYMBOL:jump,	 ARGS:Symbol,
		 3: %self->redirect_to_project_menu_item def_%v_8 %self[3.1,2.0,] %v_5[3.0,] %v_7[3.2,] 	 SYMBOL:	 ARGS:%v_5,%v_7,
		 4: COPY TYPE_PASS def_%v_4 %v_8[3.3,] 
BB 4
	outgoing: 5 6 
	datadep: 
	instructions:
		 0: BRANCH %v_4[3.4,2.7,] 
BB 5
	outgoing: 11 
	datadep: 
	instructions:
		 0: 
		 1: RETURN %self[2.0,] 
BB 6
	outgoing: 8 9 
	datadep: 
	instructions:
		 0: COPY TYPE_Nil def_%v_9 
		 1: 
		 2: GETFIELD %self->project def_%v_10 %self[2.0,] 
		 3: %v_10->users_by_role def_%v_11 %v_10[6.2,] 	 SYMBOL:	 ARGS:
		 4: ATTRASSIGN %self->users_by_role %v_11[6.3,] 
		 5: 
		 6: GETFIELD %self->project def_%v_12 %self[2.0,] 
		 7: %v_12->children def_%v_13 %v_12[6.6,] 	 SYMBOL:	 ARGS:
		 8: %v_13->visible def_%v_14 %v_13[6.7,] 	 SYMBOL:	 ARGS:
		 9: %v_14->to_a def_%v_15 %v_14[6.8,] 	 SYMBOL:	 ARGS:
		 10: ATTRASSIGN %self->subprojects %v_15[6.9,] 
		 11: 
		 12: GETFIELD %self->project def_%v_16 %self[2.0,] 
		 13: %v_16->news def_%v_17 %v_16[6.12,] 	 SYMBOL:	 ARGS:
		 14: %v_17->limit def_%v_18 %v_17[6.13,] 	 SYMBOL:	 ARGS:Fixnum,
		 15: %v_18->includes def_%v_19 %v_18[6.14,] 	 SYMBOL:author,project,	 ARGS:Symbol,Symbol,
		 16: (News) def_%v_20 
		 17: %v_20->table_name def_%v_21 %v_20[6.16,] 	 SYMBOL:	 ARGS:
		 18: COPY TYPE_StringLiteral ".created_on DESC" def_%v_22 
		 19: BUILDSTRING def_%v_23 %v_21[6.17,] %v_22[6.18,] 
		 20: %v_19->reorder def_%v_24 %v_19[6.15,] %v_23[6.19,] 	 SYMBOL:	 ARGS:%v_23,
		 21: %v_24->to_a def_%v_25 %v_24[6.20,] 	 SYMBOL:	 ARGS:
		 22: ATTRASSIGN %self->news %v_25[6.21,] 
		 23: 
		 24: GETFIELD %self->project def_%v_26 %self[2.0,] 
		 25: %v_26->rolled_up_trackers def_%v_27 %v_26[6.24,] 	 SYMBOL:	 ARGS:
		 26: %v_27->visible def_%v_28 %v_27[6.25,] 	 SYMBOL:	 ARGS:
		 27: ATTRASSIGN %self->trackers %v_28[6.26,] 
		 28: 
		 29: GETFIELD %self->project def_%v_29 %self[2.0,] 
		 30: (Setting) def_%v_30 
		 31: %v_30->display_subprojects_issues? def_%v_31 %v_30[6.30,] 	 SYMBOL:	 ARGS:
		 32: %v_29->project_condition def_%v_32 %v_29[6.29,] %v_31[6.31,] 	 SYMBOL:	 ARGS:%v_31,
		 33: COPY TYPE_PASS def_cond %v_32[6.32,] 
		 34: 
		 35: (Issue) def_%v_33 
		 36: %v_33->visible def_%v_34 %v_33[6.35,] 	 SYMBOL:	 ARGS:
		 37: %v_34->open def_%v_35 %v_34[6.36,] 	 SYMBOL:	 ARGS:
		 38: %v_35->where def_%v_36 %v_35[6.37,] cond[6.33,] 	 SYMBOL:	 ARGS:cond,
		 39: %v_36->group def_%v_37 %v_36[6.38,] 	 SYMBOL:tracker,	 ARGS:Symbol,
		 40: %v_37->count def_%v_38 %v_37[6.39,] 	 SYMBOL:	 ARGS:
		 41: ATTRASSIGN %self->open_issues_by_tracker %v_38[6.40,] 
		 42: 
		 43: (Issue) def_%v_39 
		 44: %v_39->visible def_%v_40 %v_39[6.43,] 	 SYMBOL:	 ARGS:
		 45: %v_40->where def_%v_41 %v_40[6.44,] cond[6.33,] 	 SYMBOL:	 ARGS:cond,
		 46: %v_41->group def_%v_42 %v_41[6.45,] 	 SYMBOL:tracker,	 ARGS:Symbol,
		 47: %v_42->count def_%v_43 %v_42[6.46,] 	 SYMBOL:	 ARGS:
		 48: ATTRASSIGN %self->total_issues_by_tracker %v_43[6.47,] 
		 49: 
		 50: (User) def_%v_44 
		 51: %v_44->current def_%v_45 %v_44[6.50,] 	 SYMBOL:	 ARGS:
		 52: GETFIELD %self->project def_%v_46 %self[2.0,] 
		 53: %v_45->allowed_to_view_all_time_entries? def_%v_47 %v_45[6.51,] %v_46[6.52,] 	 SYMBOL:	 ARGS:%v_46,
		 54: BRANCH %v_47[6.53,] 
BB 8
	outgoing: 10 
	datadep: 
	instructions:
		 0: 
		 1: (TimeEntry) def_%v_48 
		 2: %v_48->visible def_%v_49 %v_48[8.1,] 	 SYMBOL:	 ARGS:
		 3: %v_49->where def_%v_50 %v_49[8.2,] cond[6.33,] 	 SYMBOL:	 ARGS:cond,
		 4: %v_50->sum def_%v_51 %v_50[8.3,] 	 SYMBOL:hours,	 ARGS:Symbol,
		 5: %v_51->to_f def_%v_52 %v_51[8.4,] 	 SYMBOL:	 ARGS:
		 6: ATTRASSIGN %self->total_hours %v_52[8.5,] 
		 7: 
BB 9
	outgoing: 10 
	datadep: 
	instructions:
		 0: COPY TYPE_Nil def_%v_52 
BB 10
	outgoing: 11 
	datadep: 
	instructions:
		 0: 
		 1: (User) def_%v_53 
		 2: %v_53->current def_%v_54 %v_53[10.1,] 	 SYMBOL:	 ARGS:
		 3: %v_54->rss_key def_%v_55 %v_54[10.2,] 	 SYMBOL:	 ARGS:
		 4: ATTRASSIGN %self->key %v_55[10.3,] 
		 5: 
		 6: %self->respond_to def_%v_56 %self[10.4,8.6,6.4,6.10,6.22,6.27,6.41,6.48,2.0,] %self[10.4,8.6,6.4,6.10,6.22,6.27,6.41,6.48,2.0,] 	 SYMBOL:	 ARGS:%self,
CLOSURE BEGIN: format[] 
BB 1
	outgoing: 6 2 
	datadep: 
	instructions:
BB 2
	outgoing: 3 
	datadep: 
	instructions:
		 0: def_%self 
		 1: def_%cl_1_0 
		 2: RECEIVEARG def_format 
		 3: COPY TYPE_CurrentScope def_%current_scope 
		 4: COPY TYPE_ScopeModule def_%current_module 
BB 3
	outgoing: 4 6 
	datadep: 
	instructions:
		 0: 
		 1: format->html def_%cl_1_3 format[2.2,] 	 SYMBOL:	 ARGS:
		 2: 
		 3: format->api def_%cl_1_4 format[3.1,2.2,] 	 SYMBOL:	 ARGS:
		 4: RETURN %cl_1_4[3.3,] %self[2.0,] 
BB 4
	outgoing: 6 
	datadep: 
	instructions:
		 0: def_%cl_1_5 
		 1: def_%cl_1_6 %cl_1_5[4.0,] 
		 2: RETURN %cl_1_6[4.1,] %self[2.0,] 
BB 6
	outgoing: 
	datadep: 
	instructions:
CLOSURE END: 
		 7: RETURN %v_56[10.6,] %self[10.4,10.6,8.6,6.4,6.10,6.22,6.27,6.41,6.48,2.0,] 
BB 11
	outgoing: 
	datadep: 
	instructions:

SET IRMethod, name = settings instanceMethod = true
BB 1
	outgoing: 17 2 
	datadep: 
	instructions:
BB 2
	outgoing: 3 4 
	datadep: 
	instructions:
		 0: def_%self 
		 1: def_%v_0 
		 2: COPY TYPE_CurrentScope def_%current_scope 
		 3: COPY TYPE_ScopeModule def_%current_module 
		 4: 
		 5: 
		 6: (IssueCustomField) def_%v_3 
		 7: %v_3->sorted def_%v_4 %v_3[2.6,] 	 SYMBOL:	 ARGS:
		 8: %v_4->to_a def_%v_5 %v_4[2.7,] 	 SYMBOL:	 ARGS:
		 9: ATTRASSIGN %self->issue_custom_fields %v_5[2.8,] 
		 10: 
		 11: def_%v_7 %self[2.0,2.9,] 
		 12: COPY TYPE_PASS def_%v_6 %v_7[2.11,] 
		 13: %v_7[2.11,] 
BB 3
	outgoing: 4 
	datadep: 
	instructions:
		 0: GETFIELD %self->issue_category def_%v_8 %self[2.0,] 
		 1: COPY TYPE_PASS def_%v_6 %v_8[3.0,] 
BB 4
	outgoing: 5 6 
	datadep: 
	instructions:
		 0: BRANCH %v_6[3.1,2.12,] 
BB 5
	outgoing: 6 
	datadep: 
	instructions:
		 0: (IssueCategory) def_%v_9 
		 1: %v_9->new def_%v_10 %v_9[5.0,] 	 SYMBOL:	 ARGS:
		 2: ATTRASSIGN %self->issue_category %v_10[5.1,] 
		 3: COPY TYPE_PASS def_%v_8 %v_10[5.1,] 
BB 6
	outgoing: 7 8 
	datadep: 
	instructions:
		 0: 
		 1: def_%v_12 %self[5.2,2.0,2.9,] 
		 2: COPY TYPE_PASS def_%v_11 %v_12[6.1,] 
		 3: %v_12[6.1,] 
BB 7
	outgoing: 8 
	datadep: 
	instructions:
		 0: GETFIELD %self->member def_%v_13 %self[2.0,] 
		 1: COPY TYPE_PASS def_%v_11 %v_13[7.0,] 
BB 8
	outgoing: 9 10 
	datadep: 
	instructions:
		 0: BRANCH %v_11[7.1,6.2,] 
BB 9
	outgoing: 10 
	datadep: 
	instructions:
		 0: GETFIELD %self->project def_%v_14 %self[2.0,] 
		 1: %v_14->members def_%v_15 %v_14[9.0,] 	 SYMBOL:	 ARGS:
		 2: %v_15->new def_%v_16 %v_15[9.1,] 	 SYMBOL:	 ARGS:
		 3: ATTRASSIGN %self->member %v_16[9.2,] 
		 4: COPY TYPE_PASS def_%v_13 %v_16[9.2,] 
BB 10
	outgoing: 11 12 
	datadep: 
	instructions:
		 0: 
		 1: (Tracker) def_%v_17 
		 2: %v_17->sorted def_%v_18 %v_17[10.1,] 	 SYMBOL:	 ARGS:
		 3: %v_18->to_a def_%v_19 %v_18[10.2,] 	 SYMBOL:	 ARGS:
		 4: ATTRASSIGN %self->trackers %v_19[10.3,] 
		 5: 
		 6: def_%v_21 %self[10.4,9.3,5.2,2.0,2.9,] 
		 7: COPY TYPE_PASS def_%v_20 %v_21[10.6,] 
		 8: %v_21[10.6,] 
BB 11
	outgoing: 12 
	datadep: 
	instructions:
		 0: GETFIELD %self->wiki def_%v_22 %self[2.0,] 
		 1: COPY TYPE_PASS def_%v_20 %v_22[11.0,] 
BB 12
	outgoing: 13 16 
	datadep: 
	instructions:
		 0: BRANCH %v_20[11.1,10.7,] 
BB 13
	outgoing: 14 15 
	datadep: 
	instructions:
		 0: GETFIELD %self->project def_%v_23 %self[2.0,] 
		 1: %v_23->wiki def_%v_24 %v_23[13.0,] 	 SYMBOL:	 ARGS:
		 2: BRANCH %v_24[13.1,] 
BB 14
	outgoing: 15 
	datadep: 
	instructions:
		 0: (Wiki) def_%v_25 
		 1: GETFIELD %self->project def_%v_26 %self[2.0,] 
		 2: HASH-project- def_%v_27 %v_26[14.1,] 
		 3: %v_25->new def_%v_28 %v_25[14.0,] %v_27[14.2,] 	 SYMBOL:	 ARGS:%v_27,
		 4: COPY TYPE_PASS def_%v_24 %v_28[14.3,] 
BB 15
	outgoing: 17 
	datadep: 
	instructions:
		 0: ATTRASSIGN %self->wiki %v_24[14.4,13.1,] 
		 1: RETURN %v_24[14.4,13.1,] %self[15.0,10.4,9.3,5.2,2.0,2.9,] 
BB 16
	outgoing: 17 
	datadep: 
	instructions:
		 0: RETURN %v_22[11.0,] %self[10.4,9.3,5.2,2.0,2.9,] 
BB 17
	outgoing: 
	datadep: 
	instructions:

SET IRMethod, name = edit instanceMethod = true
BB 1
	outgoing: 3 2 
	datadep: 
	instructions:
BB 2
	outgoing: 3 
	datadep: 
	instructions:
		 0: def_%self 
		 1: def_%v_0 
		 2: COPY TYPE_CurrentScope def_%current_scope 
		 3: COPY TYPE_ScopeModule def_%current_module 
		 4: 
		 5: RETURN %self[2.0,] 
BB 3
	outgoing: 
	datadep: 
	instructions:

SET IRMethod, name = update instanceMethod = true
BB 1
	outgoing: 6 2 
	datadep: 
	instructions:
BB 2
	outgoing: 3 4 
	datadep: 
	instructions:
		 0: def_%self 
		 1: def_%v_0 
		 2: COPY TYPE_CurrentScope def_%current_scope 
		 3: COPY TYPE_ScopeModule def_%current_module 
		 4: 
		 5: 
		 6: GETFIELD %self->project def_%v_3 %self[2.0,] 
		 7: %self->params def_%v_4 %self[2.0,] 	 SYMBOL:	 ARGS:
		 8: %v_4->[] def_%v_5 %v_4[2.7,] 	 SYMBOL:project,	 ARGS:Symbol,
		 9: ATTRASSIGN %v_3->safe_attributes %v_5[2.8,] 
		 10: 
		 11: GETFIELD %self->project def_%v_6 %self[2.0,2.7,] 
		 12: %v_6->save def_%v_7 %v_6[2.11,] 	 SYMBOL:	 ARGS:
		 13: BRANCH %v_7[2.12,] 
BB 3
	outgoing: 6 
	datadep: 
	instructions:
		 0: 
		 1: %self->respond_to def_%v_8 %self[2.0,] %self[2.0,] 	 SYMBOL:	 ARGS:%self,
CLOSURE BEGIN: format[] %self[2.0,] 
BB 1
	outgoing: 6 2 
	datadep: 
	instructions:
BB 2
	outgoing: 3 
	datadep: 
	instructions:
		 0: def_%self 
		 1: def_%cl_1_0 
		 2: RECEIVEARG def_format 
		 3: COPY TYPE_CurrentScope def_%current_scope 
		 4: COPY TYPE_ScopeModule def_%current_module 
BB 3
	outgoing: 4 6 
	datadep: 
	instructions:
		 0: 
		 1: format->html def_%cl_1_3 format[2.2,] %self[2.0,] 	 SYMBOL:	 ARGS:format,
CLOSURE BEGIN: %self[2.0,] 
BB 1
	outgoing: 6 2 
	datadep: 
	instructions:
BB 2
	outgoing: 3 
	datadep: 
	instructions:
		 0: def_%self 
		 1: def_%cl_2_0 
		 2: COPY TYPE_CurrentScope def_%current_scope 
		 3: COPY TYPE_ScopeModule def_%current_module 
BB 3
	outgoing: 4 6 
	datadep: 
	instructions:
		 0: 
		 1: %self->flash def_%cl_2_3 %self[2.0,] 	 SYMBOL:	 ARGS:
		 2: %self->l def_%cl_2_4 %self[3.1,2.0,] 	 SYMBOL:notice_successful_update,	 ARGS:Symbol,
		 3: ATTRASSIGN %cl_2_3->[] %cl_2_4[3.2,] 
		 4: 
		 5: GETFIELD %self->project def_%cl_2_5 %self[3.1,3.2,2.0,] 
		 6: %self->settings_project_path def_%cl_2_6 %self[3.1,3.2,2.0,] %cl_2_5[3.5,] 	 SYMBOL:	 ARGS:%cl_2_5,
		 7: %self->redirect_to def_%cl_2_7 %self[3.1,3.2,3.6,2.0,] %cl_2_6[3.6,] 	 SYMBOL:	 ARGS:%cl_2_6,
		 8: RETURN %cl_2_7[3.7,] %self[3.1,3.2,3.6,3.7,2.0,] 
BB 4
	outgoing: 6 
	datadep: 
	instructions:
		 0: def_%cl_2_8 
		 1: def_%cl_2_9 %cl_2_8[4.0,] 
		 2: RETURN %cl_2_9[4.1,] %self[2.0,] 
BB 6
	outgoing: 
	datadep: 
	instructions:
CLOSURE END: 
		 2: 
		 3: format->api def_%cl_1_4 format[3.1,2.2,] %self[2.0,] 	 SYMBOL:	 ARGS:format,
CLOSURE BEGIN: %self[2.0,] 
BB 1
	outgoing: 6 2 
	datadep: 
	instructions:
BB 2
	outgoing: 3 
	datadep: 
	instructions:
		 0: def_%self 
		 1: def_%cl_3_0 
		 2: COPY TYPE_CurrentScope def_%current_scope 
		 3: COPY TYPE_ScopeModule def_%current_module 
BB 3
	outgoing: 4 6 
	datadep: 
	instructions:
		 0: 
		 1: %self->render_api_ok def_%cl_3_3 %self[2.0,] 	 SYMBOL:	 ARGS:
		 2: RETURN %cl_3_3[3.1,] %self[3.1,2.0,] 
BB 4
	outgoing: 6 
	datadep: 
	instructions:
		 0: def_%cl_3_4 
		 1: def_%cl_3_5 %cl_3_4[4.0,] 
		 2: RETURN %cl_3_5[4.1,] %self[2.0,] 
BB 6
	outgoing: 
	datadep: 
	instructions:
CLOSURE END: 
		 4: RETURN %cl_1_4[3.3,] %self[2.0,] 
BB 4
	outgoing: 6 
	datadep: 
	instructions:
		 0: def_%cl_1_5 
		 1: def_%cl_1_6 %cl_1_5[4.0,] 
		 2: RETURN %cl_1_6[4.1,] %self[2.0,] 
BB 6
	outgoing: 
	datadep: 
	instructions:
CLOSURE END: 
		 2: RETURN %v_8[3.1,] %self[3.1,2.0,] 
BB 4
	outgoing: 6 
	datadep: 
	instructions:
		 0: 
		 1: %self->respond_to def_%v_9 %self[2.0,] %self[2.0,] 	 SYMBOL:	 ARGS:%self,
CLOSURE BEGIN: format[] %self[2.0,] 
BB 1
	outgoing: 6 2 
	datadep: 
	instructions:
BB 2
	outgoing: 3 
	datadep: 
	instructions:
		 0: def_%self 
		 1: def_%cl_4_0 
		 2: RECEIVEARG def_format 
		 3: COPY TYPE_CurrentScope def_%current_scope 
		 4: COPY TYPE_ScopeModule def_%current_module 
BB 3
	outgoing: 4 6 
	datadep: 
	instructions:
		 0: 
		 1: format->html def_%cl_4_3 format[2.2,] %self[2.0,] 	 SYMBOL:	 ARGS:format,
CLOSURE BEGIN: %self[2.0,] 
BB 1
	outgoing: 6 2 
	datadep: 
	instructions:
BB 2
	outgoing: 3 
	datadep: 
	instructions:
		 0: def_%self 
		 1: def_%cl_5_0 
		 2: COPY TYPE_CurrentScope def_%current_scope 
		 3: COPY TYPE_ScopeModule def_%current_module 
BB 3
	outgoing: 4 6 
	datadep: 
	instructions:
		 0: 
		 1: %self->settings def_%cl_5_3 %self[2.0,] 	 SYMBOL:	 ARGS:
		 2: 
		 3: COPY TYPE_StringLiteral "settings" def_%cl_5_4 
		 4: HASH-action- def_%cl_5_5 %cl_5_4[3.3,] 
		 5: %self->render def_%cl_5_6 %self[3.1,2.0,] %cl_5_5[3.4,] 	 SYMBOL:	 ARGS:%cl_5_5,
		 6: RETURN %cl_5_6[3.5,] %self[3.1,3.5,2.0,] 
BB 4
	outgoing: 6 
	datadep: 
	instructions:
		 0: def_%cl_5_7 
		 1: def_%cl_5_8 %cl_5_7[4.0,] 
		 2: RETURN %cl_5_8[4.1,] %self[2.0,] 
BB 6
	outgoing: 
	datadep: 
	instructions:
CLOSURE END: 
		 2: 
		 3: format->api def_%cl_4_4 format[3.1,2.2,] %self[2.0,] 	 SYMBOL:	 ARGS:format,
CLOSURE BEGIN: %self[2.0,] 
BB 1
	outgoing: 6 2 
	datadep: 
	instructions:
BB 2
	outgoing: 3 
	datadep: 
	instructions:
		 0: def_%self 
		 1: def_%cl_6_0 
		 2: COPY TYPE_CurrentScope def_%current_scope 
		 3: COPY TYPE_ScopeModule def_%current_module 
BB 3
	outgoing: 4 6 
	datadep: 
	instructions:
		 0: 
		 1: GETFIELD %self->project def_%cl_6_3 %self[2.0,] 
		 2: %self->render_validation_errors def_%cl_6_4 %self[2.0,] %cl_6_3[3.1,] 	 SYMBOL:	 ARGS:%cl_6_3,
		 3: RETURN %cl_6_4[3.2,] %self[3.2,2.0,] 
BB 4
	outgoing: 6 
	datadep: 
	instructions:
		 0: def_%cl_6_5 
		 1: def_%cl_6_6 %cl_6_5[4.0,] 
		 2: RETURN %cl_6_6[4.1,] %self[2.0,] 
BB 6
	outgoing: 
	datadep: 
	instructions:
CLOSURE END: 
		 4: RETURN %cl_4_4[3.3,] %self[2.0,] 
BB 4
	outgoing: 6 
	datadep: 
	instructions:
		 0: def_%cl_4_5 
		 1: def_%cl_4_6 %cl_4_5[4.0,] 
		 2: RETURN %cl_4_6[4.1,] %self[2.0,] 
BB 6
	outgoing: 
	datadep: 
	instructions:
CLOSURE END: 
		 2: RETURN %v_9[4.1,] %self[4.1,2.0,] 
BB 6
	outgoing: 
	datadep: 
	instructions:

SET IRMethod, name = modules instanceMethod = true
BB 1
	outgoing: 3 2 
	datadep: 
	instructions:
BB 2
	outgoing: 3 
	datadep: 
	instructions:
		 0: def_%self 
		 1: def_%v_0 
		 2: COPY TYPE_CurrentScope def_%current_scope 
		 3: COPY TYPE_ScopeModule def_%current_module 
		 4: 
		 5: 
		 6: GETFIELD %self->project def_%v_3 %self[2.0,] 
		 7: %self->params def_%v_4 %self[2.0,] 	 SYMBOL:	 ARGS:
		 8: %v_4->[] def_%v_5 %v_4[2.7,] 	 SYMBOL:enabled_module_names,	 ARGS:Symbol,
		 9: ATTRASSIGN %v_3->enabled_module_names %v_5[2.8,] 
		 10: 
		 11: %self->flash def_%v_6 %self[2.0,2.7,] 	 SYMBOL:	 ARGS:
		 12: %self->l def_%v_7 %self[2.0,2.7,2.11,] 	 SYMBOL:notice_successful_update,	 ARGS:Symbol,
		 13: ATTRASSIGN %v_6->[] %v_7[2.12,] 
		 14: 
		 15: GETFIELD %self->project def_%v_8 %self[2.0,2.7,2.11,2.12,] 
		 16: COPY TYPE_StringLiteral "modules" def_%v_9 
		 17: HASH-tab- def_%v_10 %v_9[2.16,] 
		 18: %self->settings_project_path def_%v_11 %self[2.0,2.7,2.11,2.12,] %v_8[2.15,] %v_10[2.17,] 	 SYMBOL:	 ARGS:%v_8,%v_10,
		 19: %self->redirect_to def_%v_12 %self[2.0,2.7,2.11,2.12,2.18,] %v_11[2.18,] 	 SYMBOL:	 ARGS:%v_11,
		 20: RETURN %v_12[2.19,] %self[2.0,2.7,2.11,2.12,2.18,2.19,] 
BB 3
	outgoing: 
	datadep: 
	instructions:

SET IRMethod, name = archive instanceMethod = true
BB 1
	outgoing: 6 2 
	datadep: 
	instructions:
BB 2
	outgoing: 3 4 
	datadep: 
	instructions:
		 0: def_%self 
		 1: def_%v_0 
		 2: COPY TYPE_CurrentScope def_%current_scope 
		 3: COPY TYPE_ScopeModule def_%current_module 
		 4: 
		 5: 
		 6: GETFIELD %self->project def_%v_3 %self[2.0,] 
		 7: %v_3->archive def_%v_4 %v_3[2.6,] 	 SYMBOL:	 ARGS:
		 8: BRANCH %v_4[2.7,] 
BB 3
	outgoing: 5 
	datadep: 
	instructions:
		 0: COPY TYPE_Nil def_%v_5 
		 1: 
BB 4
	outgoing: 5 
	datadep: 
	instructions:
		 0: 
		 1: %self->flash def_%v_6 %self[2.0,] 	 SYMBOL:	 ARGS:
		 2: %self->l def_%v_7 %self[4.1,2.0,] 	 SYMBOL:error_can_not_archive_project,	 ARGS:Symbol,
		 3: ATTRASSIGN %v_6->[] %v_7[4.2,] 
		 4: COPY TYPE_PASS def_%v_5 %v_7[4.2,] 
BB 5
	outgoing: 6 
	datadep: 
	instructions:
		 0: 
		 1: %self->params def_%v_8 %self[2.0,] 	 SYMBOL:	 ARGS:
		 2: %v_8->[] def_%v_9 %v_8[5.1,] 	 SYMBOL:status,	 ARGS:Symbol,
		 3: HASH-status- def_%v_10 %v_9[5.2,] 
		 4: %self->admin_projects_path def_%v_11 %self[5.1,2.0,] %v_10[5.3,] 	 SYMBOL:	 ARGS:%v_10,
		 5: %self->redirect_to def_%v_12 %self[5.1,5.4,2.0,] %v_11[5.4,] 	 SYMBOL:	 ARGS:%v_11,
		 6: RETURN %v_12[5.5,] %self[5.1,5.4,5.5,2.0,] 
BB 6
	outgoing: 
	datadep: 
	instructions:

SET IRMethod, name = unarchive instanceMethod = true
BB 1
	outgoing: 6 2 
	datadep: 
	instructions:
BB 2
	outgoing: 3 4 
	datadep: 
	instructions:
		 0: def_%self 
		 1: def_%v_0 
		 2: COPY TYPE_CurrentScope def_%current_scope 
		 3: COPY TYPE_ScopeModule def_%current_module 
		 4: 
		 5: 
		 6: GETFIELD %self->project def_%v_3 %self[2.0,] 
		 7: %v_3->active? def_%v_4 %v_3[2.6,] 	 SYMBOL:	 ARGS:
		 8: BRANCH %v_4[2.7,] 
BB 3
	outgoing: 5 
	datadep: 
	instructions:
		 0: COPY TYPE_Nil def_%v_5 
		 1: 
BB 4
	outgoing: 5 
	datadep: 
	instructions:
		 0: 
		 1: GETFIELD %self->project def_%v_6 %self[2.0,] 
		 2: %v_6->unarchive def_%v_7 %v_6[4.1,] 	 SYMBOL:	 ARGS:
		 3: COPY TYPE_PASS def_%v_5 %v_7[4.2,] 
BB 5
	outgoing: 6 
	datadep: 
	instructions:
		 0: 
		 1: %self->params def_%v_8 %self[2.0,] 	 SYMBOL:	 ARGS:
		 2: %v_8->[] def_%v_9 %v_8[5.1,] 	 SYMBOL:status,	 ARGS:Symbol,
		 3: HASH-status- def_%v_10 %v_9[5.2,] 
		 4: %self->admin_projects_path def_%v_11 %self[5.1,2.0,] %v_10[5.3,] 	 SYMBOL:	 ARGS:%v_10,
		 5: %self->redirect_to def_%v_12 %self[5.1,5.4,2.0,] %v_11[5.4,] 	 SYMBOL:	 ARGS:%v_11,
		 6: RETURN %v_12[5.5,] %self[5.1,5.4,5.5,2.0,] 
BB 6
	outgoing: 
	datadep: 
	instructions:

SET IRMethod, name = close instanceMethod = true
BB 1
	outgoing: 3 2 
	datadep: 
	instructions:
BB 2
	outgoing: 3 
	datadep: 
	instructions:
		 0: def_%self 
		 1: def_%v_0 
		 2: COPY TYPE_CurrentScope def_%current_scope 
		 3: COPY TYPE_ScopeModule def_%current_module 
		 4: 
		 5: 
		 6: GETFIELD %self->project def_%v_3 %self[2.0,] 
		 7: %v_3->close def_%v_4 %v_3[2.6,] 	 SYMBOL:	 ARGS:
		 8: 
		 9: GETFIELD %self->project def_%v_5 %self[2.0,] 
		 10: %self->project_path def_%v_6 %self[2.0,] %v_5[2.9,] 	 SYMBOL:	 ARGS:%v_5,
		 11: %self->redirect_to def_%v_7 %self[2.0,2.10,] %v_6[2.10,] 	 SYMBOL:	 ARGS:%v_6,
		 12: RETURN %v_7[2.11,] %self[2.0,2.10,2.11,] 
BB 3
	outgoing: 
	datadep: 
	instructions:

SET IRMethod, name = reopen instanceMethod = true
BB 1
	outgoing: 3 2 
	datadep: 
	instructions:
BB 2
	outgoing: 3 
	datadep: 
	instructions:
		 0: def_%self 
		 1: def_%v_0 
		 2: COPY TYPE_CurrentScope def_%current_scope 
		 3: COPY TYPE_ScopeModule def_%current_module 
		 4: 
		 5: 
		 6: GETFIELD %self->project def_%v_3 %self[2.0,] 
		 7: %v_3->reopen def_%v_4 %v_3[2.6,] 	 SYMBOL:	 ARGS:
		 8: 
		 9: GETFIELD %self->project def_%v_5 %self[2.0,] 
		 10: %self->project_path def_%v_6 %self[2.0,] %v_5[2.9,] 	 SYMBOL:	 ARGS:%v_5,
		 11: %self->redirect_to def_%v_7 %self[2.0,2.10,] %v_6[2.10,] 	 SYMBOL:	 ARGS:%v_6,
		 12: RETURN %v_7[2.11,] %self[2.0,2.10,2.11,] 
BB 3
	outgoing: 
	datadep: 
	instructions:

SET IRMethod, name = destroy instanceMethod = true
BB 1
	outgoing: 8 2 
	datadep: 
	instructions:
BB 2
	outgoing: 3 4 
	datadep: 
	instructions:
		 0: def_%self 
		 1: def_%v_0 
		 2: COPY TYPE_CurrentScope def_%current_scope 
		 3: COPY TYPE_ScopeModule def_%current_module 
		 4: 
		 5: 
		 6: GETFIELD %self->project def_%v_3 %self[2.0,] 
		 7: ATTRASSIGN %self->project_to_destroy %v_3[2.6,] 
		 8: 
		 9: %self->api_request? def_%v_4 %self[2.0,2.7,] 	 SYMBOL:	 ARGS:
		 10: BRANCH %v_4[2.9,] 
BB 3
	outgoing: 4 
	datadep: 
	instructions:
		 0: %self->params def_%v_5 %self[2.0,2.7,] 	 SYMBOL:	 ARGS:
		 1: %v_5->[] def_%v_6 %v_5[3.0,] 	 SYMBOL:confirm,	 ARGS:Symbol,
		 2: COPY TYPE_PASS def_%v_4 %v_6[3.1,] 
BB 4
	outgoing: 5 6 
	datadep: 
	instructions:
		 0: BRANCH %v_4[3.2,2.9,] 
BB 5
	outgoing: 7 
	datadep: 
	instructions:
		 0: 
		 1: GETFIELD %self->project_to_destroy def_%v_7 %self[2.0,2.7,] 
		 2: %v_7->destroy def_%v_8 %v_7[5.1,] 	 SYMBOL:	 ARGS:
		 3: 
		 4: %self->respond_to def_%v_9 %self[2.0,2.7,] %self[2.0,2.7,] 	 SYMBOL:	 ARGS:%self,
CLOSURE BEGIN: format[] %self[2.0,2.7,] 
BB 1
	outgoing: 6 2 
	datadep: 
	instructions:
BB 2
	outgoing: 3 
	datadep: 
	instructions:
		 0: def_%self 
		 1: def_%cl_1_0 
		 2: RECEIVEARG def_format 
		 3: COPY TYPE_CurrentScope def_%current_scope 
		 4: COPY TYPE_ScopeModule def_%current_module 
BB 3
	outgoing: 4 6 
	datadep: 
	instructions:
		 0: 
		 1: format->html def_%cl_1_3 format[2.2,] %self[2.0,] 	 SYMBOL:	 ARGS:format,
CLOSURE BEGIN: %self[2.0,] 
BB 1
	outgoing: 6 2 
	datadep: 
	instructions:
BB 2
	outgoing: 3 
	datadep: 
	instructions:
		 0: def_%self 
		 1: def_%cl_2_0 
		 2: COPY TYPE_CurrentScope def_%current_scope 
		 3: COPY TYPE_ScopeModule def_%current_module 
BB 3
	outgoing: 4 6 
	datadep: 
	instructions:
		 0: 
		 1: %self->admin_projects_path def_%cl_2_3 %self[2.0,] 	 SYMBOL:	 ARGS:
		 2: %self->redirect_to def_%cl_2_4 %self[3.1,2.0,] %cl_2_3[3.1,] 	 SYMBOL:	 ARGS:%cl_2_3,
		 3: RETURN %cl_2_4[3.2,] %self[3.1,3.2,2.0,] 
BB 4
	outgoing: 6 
	datadep: 
	instructions:
		 0: def_%cl_2_5 
		 1: def_%cl_2_6 %cl_2_5[4.0,] 
		 2: RETURN %cl_2_6[4.1,] %self[2.0,] 
BB 6
	outgoing: 
	datadep: 
	instructions:
CLOSURE END: 
		 2: 
		 3: format->api def_%cl_1_4 format[3.1,2.2,] %self[2.0,] 	 SYMBOL:	 ARGS:format,
CLOSURE BEGIN: %self[2.0,] 
BB 1
	outgoing: 6 2 
	datadep: 
	instructions:
BB 2
	outgoing: 3 
	datadep: 
	instructions:
		 0: def_%self 
		 1: def_%cl_3_0 
		 2: COPY TYPE_CurrentScope def_%current_scope 
		 3: COPY TYPE_ScopeModule def_%current_module 
BB 3
	outgoing: 4 6 
	datadep: 
	instructions:
		 0: 
		 1: %self->render_api_ok def_%cl_3_3 %self[2.0,] 	 SYMBOL:	 ARGS:
		 2: RETURN %cl_3_3[3.1,] %self[3.1,2.0,] 
BB 4
	outgoing: 6 
	datadep: 
	instructions:
		 0: def_%cl_3_4 
		 1: def_%cl_3_5 %cl_3_4[4.0,] 
		 2: RETURN %cl_3_5[4.1,] %self[2.0,] 
BB 6
	outgoing: 
	datadep: 
	instructions:
CLOSURE END: 
		 4: RETURN %cl_1_4[3.3,] %self[2.0,] 
BB 4
	outgoing: 6 
	datadep: 
	instructions:
		 0: def_%cl_1_5 
		 1: def_%cl_1_6 %cl_1_5[4.0,] 
		 2: RETURN %cl_1_6[4.1,] %self[2.0,] 
BB 6
	outgoing: 
	datadep: 
	instructions:
CLOSURE END: 
		 5: 
BB 6
	outgoing: 7 
	datadep: 
	instructions:
		 0: COPY TYPE_Nil def_%v_9 
BB 7
	outgoing: 8 
	datadep: 
	instructions:
		 0: 
		 1: ATTRASSIGN %self->project 
		 2: RETURN %self[7.1,2.0,2.7,] 
BB 8
	outgoing: 
	datadep: 
	instructions:

