SET IRMethod, name = watch instanceMethod = true
BB 1
	outgoing: 3 2 
	datadep: 
	instructions:
BB 2
	outgoing: 3 
	datadep: 
	instructions:
		 0: def_%self 
		 1: def_%v_0 
		 2: COPY TYPE_CurrentScope def_%current_scope 
		 3: COPY TYPE_ScopeModule def_%current_module 
		 4: 
		 5: 
		 6: GETFIELD %self->watchables def_%v_3 %self[2.0,] 
		 7: (User) def_%v_4 
		 8: %v_4->current def_%v_5 %v_4[2.7,] 	 SYMBOL:	 ARGS:
		 9: %self->set_watcher def_%v_6 %self[2.0,] %v_3[2.6,] %v_5[2.8,] 	 SYMBOL:	 ARGS:%v_3,%v_5,Boolean,
		 10: RETURN %v_6[2.9,] %self[2.0,2.9,] 
BB 3
	outgoing: 
	datadep: 
	instructions:

SET IRMethod, name = unwatch instanceMethod = true
BB 1
	outgoing: 3 2 
	datadep: 
	instructions:
BB 2
	outgoing: 3 
	datadep: 
	instructions:
		 0: def_%self 
		 1: def_%v_0 
		 2: COPY TYPE_CurrentScope def_%current_scope 
		 3: COPY TYPE_ScopeModule def_%current_module 
		 4: 
		 5: 
		 6: GETFIELD %self->watchables def_%v_3 %self[2.0,] 
		 7: (User) def_%v_4 
		 8: %v_4->current def_%v_5 %v_4[2.7,] 	 SYMBOL:	 ARGS:
		 9: %self->set_watcher def_%v_6 %self[2.0,] %v_3[2.6,] %v_5[2.8,] 	 SYMBOL:	 ARGS:%v_3,%v_5,Boolean,
		 10: RETURN %v_6[2.9,] %self[2.0,2.9,] 
BB 3
	outgoing: 
	datadep: 
	instructions:

SET IRMethod, name = new instanceMethod = true
BB 1
	outgoing: 3 2 
	datadep: 
	instructions:
BB 2
	outgoing: 3 
	datadep: 
	instructions:
		 0: def_%self 
		 1: def_%v_0 
		 2: COPY TYPE_CurrentScope def_%current_scope 
		 3: COPY TYPE_ScopeModule def_%current_module 
		 4: 
		 5: 
		 6: %self->users_for_new_watcher def_%v_3 %self[2.0,] 	 SYMBOL:	 ARGS:
		 7: ATTRASSIGN %self->users %v_3[2.6,] 
		 8: RETURN %v_3[2.6,] %self[2.0,2.6,2.7,] 
BB 3
	outgoing: 
	datadep: 
	instructions:

SET IRMethod, name = create instanceMethod = true
BB 1
	outgoing: 8 2 
	datadep: 
	instructions:
BB 2
	outgoing: 3 6 
	datadep: 
	instructions:
		 0: def_%self 
		 1: def_%v_0 
		 2: COPY TYPE_CurrentScope def_%current_scope 
		 3: COPY TYPE_ScopeModule def_%current_module 
		 4: 
		 5: 
		 6: COPY TYPE_Array def_%v_3 
		 7: COPY TYPE_PASS def_user_ids %v_3[2.6,] 
		 8: 
		 9: %self->params def_%v_4 %self[2.0,] 	 SYMBOL:	 ARGS:
		 10: %v_4->[] def_%v_5 %v_4[2.9,] 	 SYMBOL:watcher,	 ARGS:Symbol,
		 11: BRANCH %v_5[2.10,] 
BB 3
	outgoing: 4 5 
	datadep: 
	instructions:
		 0: 
		 1: %self->params def_%v_6 %self[2.0,] 	 SYMBOL:	 ARGS:
		 2: %v_6->[] def_%v_7 %v_6[3.1,] 	 SYMBOL:watcher,	 ARGS:Symbol,
		 3: %v_7->[] def_%v_8 %v_7[3.2,] 	 SYMBOL:user_ids,	 ARGS:Symbol,
		 4: BRANCH %v_8[3.3,] 
BB 4
	outgoing: 5 
	datadep: 
	instructions:
		 0: %self->params def_%v_9 %self[2.0,] 	 SYMBOL:	 ARGS:
		 1: %v_9->[] def_%v_10 %v_9[4.0,] 	 SYMBOL:watcher,	 ARGS:Symbol,
		 2: %v_10->[] def_%v_11 %v_10[4.1,] 	 SYMBOL:user_id,	 ARGS:Symbol,
		 3: COPY TYPE_PASS def_%v_8 %v_11[4.2,] 
BB 5
	outgoing: 7 
	datadep: 
	instructions:
		 0: user_ids-><< def_%v_12 user_ids[2.7,] %v_8[4.3,3.3,] 	 SYMBOL:	 ARGS:%v_8,
		 1: 
BB 6
	outgoing: 7 
	datadep: 
	instructions:
		 0: 
		 1: %self->params def_%v_13 %self[2.0,] 	 SYMBOL:	 ARGS:
		 2: %v_13->[] def_%v_14 %v_13[6.1,] 	 SYMBOL:user_id,	 ARGS:Symbol,
		 3: user_ids-><< def_%v_15 user_ids[2.7,] %v_14[6.2,] 	 SYMBOL:	 ARGS:%v_14,
		 4: COPY TYPE_PASS def_%v_12 %v_15[6.3,] 
BB 7
	outgoing: 8 
	datadep: 
	instructions:
		 0: 
		 1: (User) def_%v_16 
		 2: %v_16->active def_%v_17 %v_16[7.1,] 	 SYMBOL:	 ARGS:
		 3: %v_17->visible def_%v_18 %v_17[7.2,] 	 SYMBOL:	 ARGS:
		 4: user_ids->flatten def_%v_19 user_ids[2.7,] 	 SYMBOL:	 ARGS:
		 5: %v_19->compact def_%v_20 %v_19[7.4,] 	 SYMBOL:	 ARGS:
		 6: %v_20->uniq def_%v_21 %v_20[7.5,] 	 SYMBOL:	 ARGS:
		 7: HASH-id- def_%v_22 %v_21[7.6,] 
		 8: %v_18->where def_%v_23 %v_18[7.3,] %v_22[7.7,] 	 SYMBOL:	 ARGS:%v_22,
		 9: COPY TYPE_PASS def_users %v_23[7.8,] 
		 10: 
		 11: %v_23->each def_%v_24 %v_23[7.8,] %self[2.0,] 	 SYMBOL:	 ARGS:%v_23,
CLOSURE BEGIN: %self[2.0,] watchable[] user[] 
BB 1
	outgoing: 6 2 
	datadep: 
	instructions:
BB 2
	outgoing: 3 
	datadep: 
	instructions:
		 0: def_%self 
		 1: def_%cl_1_0 
		 2: RECEIVEARG def_user 
		 3: COPY TYPE_CurrentScope def_%current_scope 
		 4: COPY TYPE_ScopeModule def_%current_module 
BB 3
	outgoing: 4 6 
	datadep: 
	instructions:
		 0: 
		 1: GETFIELD %self->watchables def_%cl_1_3 %self[2.0,] 
		 2: %cl_1_3->each def_%cl_1_4 %cl_1_3[3.1,] %self[2.0,] 	 SYMBOL:	 ARGS:%cl_1_3,
CLOSURE BEGIN: watchable[] user[2.2,] 
BB 1
	outgoing: 6 2 
	datadep: 
	instructions:
BB 2
	outgoing: 3 
	datadep: 
	instructions:
		 0: def_%self 
		 1: def_%cl_2_0 
		 2: RECEIVEARG def_watchable 
		 3: COPY TYPE_CurrentScope def_%current_scope 
		 4: COPY TYPE_ScopeModule def_%current_module 
BB 3
	outgoing: 4 6 
	datadep: 
	instructions:
		 0: 
		 1: (Watcher) def_%cl_2_3 
		 2: HASH-watchable-user- def_%cl_2_4 watchable[2.2,] user[] 
		 3: %cl_2_3->create def_%cl_2_5 %cl_2_3[3.1,] %cl_2_4[3.2,] 	 SYMBOL:	 ARGS:%cl_2_4,
		 4: RETURN %cl_2_5[3.3,] %self[2.0,] 
BB 4
	outgoing: 6 
	datadep: 
	instructions:
		 0: def_%cl_2_6 
		 1: def_%cl_2_7 %cl_2_6[4.0,] 
		 2: RETURN %cl_2_7[4.1,] %self[2.0,] 
BB 6
	outgoing: 
	datadep: 
	instructions:
CLOSURE END: 
		 3: RETURN %cl_1_4[3.2,] %self[2.0,] 
BB 4
	outgoing: 6 
	datadep: 
	instructions:
		 0: def_%cl_1_5 
		 1: def_%cl_1_6 %cl_1_5[4.0,] 
		 2: RETURN %cl_1_6[4.1,] %self[2.0,] 
BB 6
	outgoing: 
	datadep: 
	instructions:
CLOSURE END: 
		 12: 
		 13: %self->respond_to def_%v_25 %self[2.0,] %self[2.0,] 	 SYMBOL:	 ARGS:%self,
CLOSURE BEGIN: format[] %self[2.0,] 
BB 1
	outgoing: 6 2 
	datadep: 
	instructions:
BB 2
	outgoing: 3 
	datadep: 
	instructions:
		 0: def_%self 
		 1: def_%cl_3_0 
		 2: RECEIVEARG def_format 
		 3: COPY TYPE_CurrentScope def_%current_scope 
		 4: COPY TYPE_ScopeModule def_%current_module 
BB 3
	outgoing: 4 6 
	datadep: 
	instructions:
		 0: 
		 1: format->html def_%cl_3_3 format[2.2,] %self[2.0,] 	 SYMBOL:	 ARGS:format,
CLOSURE BEGIN: %self[2.0,] 
BB 1
	outgoing: 6 2 
	datadep: 
	instructions:
BB 2
	outgoing: 3 
	datadep: 
	instructions:
		 0: def_%self 
		 1: def_%cl_4_0 
		 2: COPY TYPE_CurrentScope def_%current_scope 
		 3: COPY TYPE_ScopeModule def_%current_module 
BB 3
	outgoing: 4 6 
	datadep: 
	instructions:
		 0: 
		 1: %self->redirect_to_referer_or def_%cl_4_3 %self[2.0,] %self[2.0,] 	 SYMBOL:	 ARGS:%self,
CLOSURE BEGIN: %self[2.0,] 
BB 1
	outgoing: 6 2 
	datadep: 
	instructions:
BB 2
	outgoing: 3 
	datadep: 
	instructions:
		 0: def_%self 
		 1: def_%cl_5_0 
		 2: COPY TYPE_CurrentScope def_%current_scope 
		 3: COPY TYPE_ScopeModule def_%current_module 
BB 3
	outgoing: 4 6 
	datadep: 
	instructions:
		 0: 
		 1: COPY TYPE_StringLiteral "Watcher added." def_%cl_5_3 
		 2: HASH-html-status-layout- def_%cl_5_4 %cl_5_3[3.1,] 
		 3: %self->render def_%cl_5_5 %self[2.0,] %cl_5_4[3.2,] 	 SYMBOL:	 ARGS:%cl_5_4,
		 4: RETURN %cl_5_5[3.3,] %self[3.3,2.0,] 
BB 4
	outgoing: 6 
	datadep: 
	instructions:
		 0: def_%cl_5_6 
		 1: def_%cl_5_7 %cl_5_6[4.0,] 
		 2: RETURN %cl_5_7[4.1,] %self[2.0,] 
BB 6
	outgoing: 
	datadep: 
	instructions:
CLOSURE END: 
		 2: RETURN %cl_4_3[3.1,] %self[3.1,2.0,] 
BB 4
	outgoing: 6 
	datadep: 
	instructions:
		 0: def_%cl_4_4 
		 1: def_%cl_4_5 %cl_4_4[4.0,] 
		 2: RETURN %cl_4_5[4.1,] %self[2.0,] 
BB 6
	outgoing: 
	datadep: 
	instructions:
CLOSURE END: 
		 2: 
		 3: format->js def_%cl_3_4 format[3.1,2.2,] %self[2.0,] 	 SYMBOL:	 ARGS:format,
CLOSURE BEGIN: %self[2.0,] 
BB 1
	outgoing: 6 2 
	datadep: 
	instructions:
BB 2
	outgoing: 3 
	datadep: 
	instructions:
		 0: def_%self 
		 1: def_%cl_6_0 
		 2: COPY TYPE_CurrentScope def_%current_scope 
		 3: COPY TYPE_ScopeModule def_%current_module 
BB 3
	outgoing: 4 6 
	datadep: 
	instructions:
		 0: 
		 1: %self->users_for_new_watcher def_%cl_6_3 %self[2.0,] 	 SYMBOL:	 ARGS:
		 2: ATTRASSIGN %self->users %cl_6_3[3.1,] 
		 3: RETURN %cl_6_3[3.1,] %self[3.1,3.2,2.0,] 
BB 4
	outgoing: 6 
	datadep: 
	instructions:
		 0: def_%cl_6_4 
		 1: def_%cl_6_5 %cl_6_4[4.0,] 
		 2: RETURN %cl_6_5[4.1,] %self[3.2,2.0,] 
BB 6
	outgoing: 
	datadep: 
	instructions:
CLOSURE END: 
		 4: 
		 5: format->api def_%cl_3_5 format[3.1,3.3,2.2,] %self[2.0,] 	 SYMBOL:	 ARGS:format,
CLOSURE BEGIN: %self[2.0,] 
BB 1
	outgoing: 6 2 
	datadep: 
	instructions:
BB 2
	outgoing: 3 
	datadep: 
	instructions:
		 0: def_%self 
		 1: def_%cl_7_0 
		 2: COPY TYPE_CurrentScope def_%current_scope 
		 3: COPY TYPE_ScopeModule def_%current_module 
BB 3
	outgoing: 4 6 
	datadep: 
	instructions:
		 0: 
		 1: %self->render_api_ok def_%cl_7_3 %self[2.0,] 	 SYMBOL:	 ARGS:
		 2: RETURN %cl_7_3[3.1,] %self[3.1,2.0,] 
BB 4
	outgoing: 6 
	datadep: 
	instructions:
		 0: def_%cl_7_4 
		 1: def_%cl_7_5 %cl_7_4[4.0,] 
		 2: RETURN %cl_7_5[4.1,] %self[2.0,] 
BB 6
	outgoing: 
	datadep: 
	instructions:
CLOSURE END: 
		 6: RETURN %cl_3_5[3.5,] %self[2.0,] 
BB 4
	outgoing: 6 
	datadep: 
	instructions:
		 0: def_%cl_3_6 
		 1: def_%cl_3_7 %cl_3_6[4.0,] 
		 2: RETURN %cl_3_7[4.1,] %self[2.0,] 
BB 6
	outgoing: 
	datadep: 
	instructions:
CLOSURE END: 
		 14: RETURN %v_25[7.13,] %self[7.13,2.0,] 
BB 8
	outgoing: 
	datadep: 
	instructions:

SET IRMethod, name = append instanceMethod = true
BB 1
	outgoing: 11 2 
	datadep: 
	instructions:
BB 2
	outgoing: 3 6 
	datadep: 
	instructions:
		 0: def_%self 
		 1: def_%v_0 
		 2: COPY TYPE_CurrentScope def_%current_scope 
		 3: COPY TYPE_ScopeModule def_%current_module 
		 4: 
		 5: 
		 6: %self->params def_%v_3 %self[2.0,] 	 SYMBOL:	 ARGS:
		 7: %v_3->[] def_%v_4 %v_3[2.6,] 	 SYMBOL:watcher,	 ARGS:Symbol,
		 8: BRANCH %v_4[2.7,] 
BB 3
	outgoing: 4 5 
	datadep: 
	instructions:
		 0: 
		 1: %self->params def_%v_5 %self[2.0,] 	 SYMBOL:	 ARGS:
		 2: %v_5->[] def_%v_6 %v_5[3.1,] 	 SYMBOL:watcher,	 ARGS:Symbol,
		 3: %v_6->[] def_%v_7 %v_6[3.2,] 	 SYMBOL:user_ids,	 ARGS:Symbol,
		 4: BRANCH %v_7[3.3,] 
BB 4
	outgoing: 5 
	datadep: 
	instructions:
		 0: %self->params def_%v_8 %self[2.0,] 	 SYMBOL:	 ARGS:
		 1: %v_8->[] def_%v_9 %v_8[4.0,] 	 SYMBOL:watcher,	 ARGS:Symbol,
		 2: %v_9->[] def_%v_10 %v_9[4.1,] 	 SYMBOL:user_id,	 ARGS:Symbol,
		 3: COPY TYPE_Array def_%v_11 %v_10[4.2,] 
		 4: COPY TYPE_PASS def_%v_7 %v_11[4.3,] 
BB 5
	outgoing: 7 
	datadep: 
	instructions:
		 0: COPY TYPE_PASS def_user_ids %v_7[4.4,3.3,] 
		 1: 
		 2: (User) def_%v_12 
		 3: %v_12->active def_%v_13 %v_12[5.2,] 	 SYMBOL:	 ARGS:
		 4: %v_13->visible def_%v_14 %v_13[5.3,] 	 SYMBOL:	 ARGS:
		 5: HASH-id- def_%v_15 user_ids[5.0,] 
		 6: %v_14->where def_%v_16 %v_14[5.4,] %v_15[5.5,] 	 SYMBOL:	 ARGS:%v_15,
		 7: %v_16->to_a def_%v_17 %v_16[5.6,] 	 SYMBOL:	 ARGS:
		 8: ATTRASSIGN %self->users %v_17[5.7,] 
		 9: 
BB 6
	outgoing: 7 
	datadep: 
	instructions:
		 0: COPY TYPE_Nil def_%v_17 
BB 7
	outgoing: 8 9 
	datadep: 
	instructions:
		 0: 
		 1: GETFIELD %self->users def_%v_18 %self[5.8,2.0,] 
		 2: %v_18->blank? def_%v_19 %v_18[7.1,] 	 SYMBOL:	 ARGS:
		 3: BRANCH %v_19[7.2,] 
BB 8
	outgoing: 11 
	datadep: 
	instructions:
		 0: 
		 1: %self->head def_%v_20 %self[5.8,2.0,] 	 SYMBOL:	 ARGS:Fixnum,
		 2: RETURN %v_20[8.1,] %self[8.1,5.8,2.0,] 
BB 9
	outgoing: 11 
	datadep: 
	instructions:
		 0: RETURN %self[5.8,2.0,] 
BB 11
	outgoing: 
	datadep: 
	instructions:

SET IRMethod, name = destroy instanceMethod = true
BB 1
	outgoing: 14 2 
	datadep: 
	instructions:
BB 2
	outgoing: 4 
	datadep: 
	instructions:
		 0: def_%self 
		 1: def_%v_0 
		 2: COPY TYPE_CurrentScope def_%current_scope 
		 3: COPY TYPE_ScopeModule def_%current_module 
		 4: 
		 5: GLOBALVAR $! def_%v_3 
BB 4
	outgoing: 5 6 
	datadep: 
	instructions:
		 0: 
		 1: 
		 2: (User) def_%v_6 
		 3: %self->params def_%v_7 %self[2.0,] 	 SYMBOL:	 ARGS:
		 4: %v_7->[] def_%v_8 %v_7[4.3,] 	 SYMBOL:user_id,	 ARGS:Symbol,
		 5: %v_6->find def_%v_9 %v_6[4.2,] %v_8[4.4,] 	 SYMBOL:	 ARGS:%v_8,
		 6: COPY TYPE_PASS def_user %v_9[4.5,] 
		 7: 
		 8: GETFIELD %self->watchables def_%v_10 %self[4.3,2.0,] 
		 9: %v_10->each def_%v_11 %v_10[4.8,] %self[4.3,2.0,] 	 SYMBOL:	 ARGS:%v_10,
CLOSURE BEGIN: watchable[] user[4.6,] 
BB 1
	outgoing: 6 2 
	datadep: 
	instructions:
BB 2
	outgoing: 3 
	datadep: 
	instructions:
		 0: def_%self 
		 1: def_%cl_1_0 
		 2: RECEIVEARG def_watchable 
		 3: COPY TYPE_CurrentScope def_%current_scope 
		 4: COPY TYPE_ScopeModule def_%current_module 
BB 3
	outgoing: 4 6 
	datadep: 
	instructions:
		 0: 
		 1: watchable->set_watcher def_%cl_1_3 watchable[2.2,] user[] 	 SYMBOL:	 ARGS:user,Boolean,
		 2: RETURN %cl_1_3[3.1,] %self[2.0,] 
BB 4
	outgoing: 6 
	datadep: 
	instructions:
		 0: def_%cl_1_4 
		 1: def_%cl_1_5 %cl_1_4[4.0,] 
		 2: RETURN %cl_1_5[4.1,] %self[2.0,] 
BB 6
	outgoing: 
	datadep: 
	instructions:
CLOSURE END: 
		 10: 
		 11: %self->respond_to def_%v_12 %self[4.3,2.0,] %self[4.3,2.0,] 	 SYMBOL:	 ARGS:%self,
CLOSURE BEGIN: format[] %self[4.3,2.0,] 
BB 1
	outgoing: 6 2 
	datadep: 
	instructions:
BB 2
	outgoing: 3 
	datadep: 
	instructions:
		 0: def_%self 
		 1: def_%cl_2_0 
		 2: RECEIVEARG def_format 
		 3: COPY TYPE_CurrentScope def_%current_scope 
		 4: COPY TYPE_ScopeModule def_%current_module 
BB 3
	outgoing: 4 6 
	datadep: 
	instructions:
		 0: 
		 1: format->html def_%cl_2_3 format[2.2,] %self[2.0,] 	 SYMBOL:	 ARGS:format,
CLOSURE BEGIN: %self[2.0,] 
BB 1
	outgoing: 6 2 
	datadep: 
	instructions:
BB 2
	outgoing: 3 
	datadep: 
	instructions:
		 0: def_%self 
		 1: def_%cl_3_0 
		 2: COPY TYPE_CurrentScope def_%current_scope 
		 3: COPY TYPE_ScopeModule def_%current_module 
BB 3
	outgoing: 4 6 
	datadep: 
	instructions:
		 0: 
		 1: %self->redirect_to_referer_or def_%cl_3_3 %self[2.0,] %self[2.0,] 	 SYMBOL:	 ARGS:%self,
CLOSURE BEGIN: %self[2.0,] 
BB 1
	outgoing: 6 2 
	datadep: 
	instructions:
BB 2
	outgoing: 3 
	datadep: 
	instructions:
		 0: def_%self 
		 1: def_%cl_4_0 
		 2: COPY TYPE_CurrentScope def_%current_scope 
		 3: COPY TYPE_ScopeModule def_%current_module 
BB 3
	outgoing: 4 6 
	datadep: 
	instructions:
		 0: 
		 1: COPY TYPE_StringLiteral "Watcher removed." def_%cl_4_3 
		 2: HASH-html-status-layout- def_%cl_4_4 %cl_4_3[3.1,] 
		 3: %self->render def_%cl_4_5 %self[2.0,] %cl_4_4[3.2,] 	 SYMBOL:	 ARGS:%cl_4_4,
		 4: RETURN %cl_4_5[3.3,] %self[3.3,2.0,] 
BB 4
	outgoing: 6 
	datadep: 
	instructions:
		 0: def_%cl_4_6 
		 1: def_%cl_4_7 %cl_4_6[4.0,] 
		 2: RETURN %cl_4_7[4.1,] %self[2.0,] 
BB 6
	outgoing: 
	datadep: 
	instructions:
CLOSURE END: 
		 2: RETURN %cl_3_3[3.1,] %self[3.1,2.0,] 
BB 4
	outgoing: 6 
	datadep: 
	instructions:
		 0: def_%cl_3_4 
		 1: def_%cl_3_5 %cl_3_4[4.0,] 
		 2: RETURN %cl_3_5[4.1,] %self[2.0,] 
BB 6
	outgoing: 
	datadep: 
	instructions:
CLOSURE END: 
		 2: 
		 3: format->js def_%cl_2_4 format[3.1,2.2,] 	 SYMBOL:	 ARGS:
		 4: 
		 5: format->api def_%cl_2_5 format[3.1,3.3,2.2,] %self[2.0,] 	 SYMBOL:	 ARGS:format,
CLOSURE BEGIN: %self[2.0,] 
BB 1
	outgoing: 6 2 
	datadep: 
	instructions:
BB 2
	outgoing: 3 
	datadep: 
	instructions:
		 0: def_%self 
		 1: def_%cl_5_0 
		 2: COPY TYPE_CurrentScope def_%current_scope 
		 3: COPY TYPE_ScopeModule def_%current_module 
BB 3
	outgoing: 4 6 
	datadep: 
	instructions:
		 0: 
		 1: %self->render_api_ok def_%cl_5_3 %self[2.0,] 	 SYMBOL:	 ARGS:
		 2: RETURN %cl_5_3[3.1,] %self[3.1,2.0,] 
BB 4
	outgoing: 6 
	datadep: 
	instructions:
		 0: def_%cl_5_4 
		 1: def_%cl_5_5 %cl_5_4[4.0,] 
		 2: RETURN %cl_5_5[4.1,] %self[2.0,] 
BB 6
	outgoing: 
	datadep: 
	instructions:
CLOSURE END: 
		 6: RETURN %cl_2_5[3.5,] %self[2.0,] 
BB 4
	outgoing: 6 
	datadep: 
	instructions:
		 0: def_%cl_2_6 
		 1: def_%cl_2_7 %cl_2_6[4.0,] 
		 2: RETURN %cl_2_7[4.1,] %self[2.0,] 
BB 6
	outgoing: 
	datadep: 
	instructions:
CLOSURE END: 
		 12: COPY TYPE_PASS def_%v_5 %v_12[4.11,] 
		 13: %v_3[2.5,] 
BB 5
	outgoing: 13 
	datadep: 
	instructions:
		 0: 
BB 6
	outgoing: 7 8 12 
	datadep: 
	instructions:
		 0: def_%v_13 
		 1: (ActiveRecord) def_%v_14 
		 2: (inherit RecordNotFound) def_%v_15 %v_14[6.1,] 
		 3: %v_15[6.2,] 
BB 7
	outgoing: 8 12 
	datadep: 
	instructions:
		 0: %v_14->const_missing def_%v_15 %v_14[6.1,] 	 SYMBOL:RecordNotFound,	 ARGS:Symbol,
BB 8
	outgoing: 9 10 12 
	datadep: 
	instructions:
		 0: def_%v_16 %v_15[7.0,6.2,] %v_13[6.0,] 
		 1: BRANCH %v_16[8.0,] 
BB 9
	outgoing: 12 14 
	datadep: 
	instructions:
		 0: %v_13[6.0,] 
BB 10
	outgoing: 11 12 
	datadep: 
	instructions:
		 0: 
		 1: %self->render_404 def_%v_17 %self[2.0,] 	 SYMBOL:	 ARGS:
		 2: COPY TYPE_PASS def_%v_5 %v_17[10.1,] 
		 3: %v_3[2.5,] 
BB 11
	outgoing: 13 
	datadep: 
	instructions:
		 0: 
BB 12
	outgoing: 14 
	datadep: 
	instructions:
		 0: def_%v_18 
		 1: def_%v_19 %v_18[12.0,] %v_3[2.5,] 
		 2: %v_18[12.0,] 
BB 13
	outgoing: 14 
	datadep: 
	instructions:
		 0: RETURN %v_5[4.12,10.2,] %self[2.0,] 
BB 14
	outgoing: 
	datadep: 
	instructions:

SET IRMethod, name = autocomplete_for_user instanceMethod = true
BB 1
	outgoing: 3 2 
	datadep: 
	instructions:
BB 2
	outgoing: 3 
	datadep: 
	instructions:
		 0: def_%self 
		 1: def_%v_0 
		 2: COPY TYPE_CurrentScope def_%current_scope 
		 3: COPY TYPE_ScopeModule def_%current_module 
		 4: 
		 5: 
		 6: %self->users_for_new_watcher def_%v_3 %self[2.0,] 	 SYMBOL:	 ARGS:
		 7: ATTRASSIGN %self->users %v_3[2.6,] 
		 8: 
		 9: HASH-layout- def_%v_4 
		 10: %self->render def_%v_5 %self[2.0,2.6,2.7,] %v_4[2.9,] 	 SYMBOL:	 ARGS:%v_4,
		 11: RETURN %v_5[2.10,] %self[2.0,2.6,2.7,2.10,] 
BB 3
	outgoing: 
	datadep: 
	instructions:

SET IRMethod, name = find_project instanceMethod = true
BB 1
	outgoing: 14 2 
	datadep: 
	instructions:
BB 2
	outgoing: 3 4 
	datadep: 
	instructions:
		 0: def_%self 
		 1: def_%v_0 
		 2: COPY TYPE_CurrentScope def_%current_scope 
		 3: COPY TYPE_ScopeModule def_%current_module 
		 4: 
		 5: 
		 6: %self->params def_%v_3 %self[2.0,] 	 SYMBOL:	 ARGS:
		 7: %v_3->[] def_%v_4 %v_3[2.6,] 	 SYMBOL:object_type,	 ARGS:Symbol,
		 8: BRANCH %v_4[2.7,] 
BB 3
	outgoing: 4 
	datadep: 
	instructions:
		 0: %self->params def_%v_5 %self[2.0,] 	 SYMBOL:	 ARGS:
		 1: %v_5->[] def_%v_6 %v_5[3.0,] 	 SYMBOL:object_id,	 ARGS:Symbol,
		 2: COPY TYPE_PASS def_%v_4 %v_6[3.1,] 
BB 4
	outgoing: 5 9 
	datadep: 
	instructions:
		 0: BRANCH %v_4[3.2,2.7,] 
BB 5
	outgoing: 6 7 
	datadep: 
	instructions:
		 0: 
		 1: %self->find_objets_from_params def_%v_7 %self[2.0,] 	 SYMBOL:	 ARGS:
		 2: ATTRASSIGN %self->watchables %v_7[5.1,] 
		 3: 
		 4: GETFIELD %self->watchables def_%v_8 %self[5.1,5.2,2.0,] 
		 5: %v_8->map def_%v_9 %v_8[5.4,] 	 SYMBOL:project,	 ARGS:
		 6: %v_9->uniq def_%v_10 %v_9[5.5,] 	 SYMBOL:	 ARGS:
		 7: ATTRASSIGN %self->projects %v_10[5.6,] 
		 8: 
		 9: GETFIELD %self->projects def_%v_11 %self[5.1,5.7,2.0,] 
		 10: %v_11->size def_%v_12 %v_11[5.9,] 	 SYMBOL:	 ARGS:
		 11: %v_12->== def_%v_13 %v_12[5.10,] 	 SYMBOL:	 ARGS:Fixnum,
		 12: BRANCH %v_13[5.11,] 
BB 6
	outgoing: 8 
	datadep: 
	instructions:
		 0: 
		 1: GETFIELD %self->projects def_%v_14 %self[5.7,2.0,] 
		 2: %v_14->first def_%v_15 %v_14[6.1,] 	 SYMBOL:	 ARGS:
		 3: ATTRASSIGN %self->project %v_15[6.2,] 
		 4: 
BB 7
	outgoing: 8 
	datadep: 
	instructions:
		 0: COPY TYPE_Nil def_%v_15 
BB 8
	outgoing: 14 
	datadep: 
	instructions:
		 0: RETURN %v_15[7.0,6.2,] %self[6.3,5.2,5.7,2.0,] 
BB 9
	outgoing: 10 11 
	datadep: 
	instructions:
		 0: 
		 1: %self->params def_%v_16 %self[2.0,] 	 SYMBOL:	 ARGS:
		 2: %v_16->[] def_%v_17 %v_16[9.1,] 	 SYMBOL:project_id,	 ARGS:Symbol,
		 3: BRANCH %v_17[9.2,] 
BB 10
	outgoing: 12 
	datadep: 
	instructions:
		 0: 
		 1: (Project) def_%v_18 
		 2: %v_18->visible def_%v_19 %v_18[10.1,] 	 SYMBOL:	 ARGS:
		 3: %self->params def_%v_20 %self[2.0,] 	 SYMBOL:	 ARGS:
		 4: %v_20->[] def_%v_21 %v_20[10.3,] 	 SYMBOL:project_id,	 ARGS:Symbol,
		 5: %v_19->find_by_param def_%v_22 %v_19[10.2,] %v_21[10.4,] 	 SYMBOL:	 ARGS:%v_21,
		 6: ATTRASSIGN %self->project %v_22[10.5,] 
		 7: 
BB 11
	outgoing: 12 
	datadep: 
	instructions:
		 0: COPY TYPE_Nil def_%v_22 
BB 12
	outgoing: 14 
	datadep: 
	instructions:
		 0: RETURN %v_22[11.0,10.5,] %self[10.6,2.0,] 
BB 14
	outgoing: 
	datadep: 
	instructions:

SET IRMethod, name = find_watchables instanceMethod = true
BB 1
	outgoing: 6 2 
	datadep: 
	instructions:
BB 2
	outgoing: 3 4 
	datadep: 
	instructions:
		 0: def_%self 
		 1: def_%v_0 
		 2: COPY TYPE_CurrentScope def_%current_scope 
		 3: COPY TYPE_ScopeModule def_%current_module 
		 4: 
		 5: 
		 6: %self->find_objets_from_params def_%v_3 %self[2.0,] 	 SYMBOL:	 ARGS:
		 7: ATTRASSIGN %self->watchables %v_3[2.6,] 
		 8: 
		 9: GETFIELD %self->watchables def_%v_4 %self[2.0,2.6,2.7,] 
		 10: %v_4->present? def_%v_5 %v_4[2.9,] 	 SYMBOL:	 ARGS:
		 11: BRANCH %v_5[2.10,] 
BB 3
	outgoing: 6 
	datadep: 
	instructions:
		 0: COPY TYPE_Nil def_%v_6 
		 1: RETURN %v_6[3.0,] %self[2.0,2.7,] 
BB 4
	outgoing: 6 
	datadep: 
	instructions:
		 0: 
		 1: %self->render_404 def_%v_7 %self[2.0,2.7,] 	 SYMBOL:	 ARGS:
		 2: RETURN %v_7[4.1,] %self[4.1,2.0,2.7,] 
BB 6
	outgoing: 
	datadep: 
	instructions:

SET IRMethod, name = set_watcher instanceMethod = true
BB 1
	outgoing: 3 2 
	datadep: 
	instructions:
BB 2
	outgoing: 3 
	datadep: 
	instructions:
		 0: def_%self 
		 1: def_%v_0 
		 2: COPY TYPE_CurrentScope def_%current_scope 
		 3: COPY TYPE_ScopeModule def_%current_module 
		 4: 
		 5: RECEIVEARG def_watchables 
		 6: RECEIVEARG def_user 
		 7: RECEIVEARG def_watching 
		 8: 
		 9: watchables->each def_%v_3 watchables[2.5,] %self[2.0,] 	 SYMBOL:	 ARGS:watchables,
CLOSURE BEGIN: watchable[] user[2.6,] watching[2.7,] 
BB 1
	outgoing: 6 2 
	datadep: 
	instructions:
BB 2
	outgoing: 3 
	datadep: 
	instructions:
		 0: def_%self 
		 1: def_%cl_1_0 
		 2: RECEIVEARG def_watchable 
		 3: COPY TYPE_CurrentScope def_%current_scope 
		 4: COPY TYPE_ScopeModule def_%current_module 
BB 3
	outgoing: 4 6 
	datadep: 
	instructions:
		 0: 
		 1: watchable->set_watcher def_%cl_1_3 watchable[2.2,] user[] watching[] 	 SYMBOL:	 ARGS:user,watching,
		 2: RETURN %cl_1_3[3.1,] %self[2.0,] 
BB 4
	outgoing: 6 
	datadep: 
	instructions:
		 0: def_%cl_1_4 
		 1: def_%cl_1_5 %cl_1_4[4.0,] 
		 2: RETURN %cl_1_5[4.1,] %self[2.0,] 
BB 6
	outgoing: 
	datadep: 
	instructions:
CLOSURE END: 
		 10: 
		 11: %self->respond_to def_%v_4 %self[2.0,] %self[2.0,] 	 SYMBOL:	 ARGS:%self,
CLOSURE BEGIN: format[] %self[2.0,] watching[2.7,] text[] user[2.6,] watchables[2.5,2.9,] 
BB 1
	outgoing: 6 2 
	datadep: 
	instructions:
BB 2
	outgoing: 3 
	datadep: 
	instructions:
		 0: def_%self 
		 1: def_%cl_2_0 
		 2: RECEIVEARG def_format 
		 3: COPY TYPE_CurrentScope def_%current_scope 
		 4: COPY TYPE_ScopeModule def_%current_module 
BB 3
	outgoing: 4 6 
	datadep: 
	instructions:
		 0: 
		 1: format->html def_%cl_2_3 format[2.2,] %self[2.0,] 	 SYMBOL:	 ARGS:format,
CLOSURE BEGIN: watching[] %self[2.0,] text[] 
BB 1
	outgoing: 9 2 
	datadep: 
	instructions:
BB 2
	outgoing: 4 5 
	datadep: 
	instructions:
		 0: def_%self 
		 1: def_%cl_3_0 
		 2: COPY TYPE_CurrentScope def_%current_scope 
		 3: COPY TYPE_ScopeModule def_%current_module 
		 4: 
		 5: BRANCH watching[] 
BB 4
	outgoing: 6 
	datadep: 
	instructions:
		 0: COPY TYPE_StringLiteral "Watcher added." def_%cl_3_3 
		 1: 
BB 5
	outgoing: 6 
	datadep: 
	instructions:
		 0: COPY TYPE_StringLiteral "Watcher removed." def_%cl_3_4 
		 1: COPY TYPE_PASS def_%cl_3_3 %cl_3_4[5.0,] 
BB 6
	outgoing: 7 9 
	datadep: 
	instructions:
		 0: COPY TYPE_PASS def_text %cl_3_3[5.1,4.0,] 
		 1: 
		 2: %self->redirect_to_referer_or def_%cl_3_5 %self[2.0,] %self[2.0,] 	 SYMBOL:	 ARGS:%self,
CLOSURE BEGIN: text[6.0,] %self[2.0,] 
BB 1
	outgoing: 6 2 
	datadep: 
	instructions:
BB 2
	outgoing: 3 
	datadep: 
	instructions:
		 0: def_%self 
		 1: def_%cl_4_0 
		 2: COPY TYPE_CurrentScope def_%current_scope 
		 3: COPY TYPE_ScopeModule def_%current_module 
BB 3
	outgoing: 4 6 
	datadep: 
	instructions:
		 0: 
		 1: HASH-html-status-layout- def_%cl_4_3 text[] 
		 2: %self->render def_%cl_4_4 %self[2.0,] %cl_4_3[3.1,] 	 SYMBOL:	 ARGS:%cl_4_3,
		 3: RETURN %cl_4_4[3.2,] %self[3.2,2.0,] 
BB 4
	outgoing: 6 
	datadep: 
	instructions:
		 0: def_%cl_4_5 
		 1: def_%cl_4_6 %cl_4_5[4.0,] 
		 2: RETURN %cl_4_6[4.1,] %self[2.0,] 
BB 6
	outgoing: 
	datadep: 
	instructions:
CLOSURE END: 
		 3: RETURN %cl_3_5[6.2,] %self[6.2,2.0,] 
BB 7
	outgoing: 9 
	datadep: 
	instructions:
		 0: def_%cl_3_6 
		 1: def_%cl_3_7 %cl_3_6[7.0,] 
		 2: RETURN %cl_3_7[7.1,] %self[2.0,] 
BB 9
	outgoing: 
	datadep: 
	instructions:
CLOSURE END: 
		 2: 
		 3: format->js def_%cl_2_4 format[3.1,2.2,] %self[2.0,] 	 SYMBOL:	 ARGS:format,
CLOSURE BEGIN: user[] watchables[] %self[2.0,] 
BB 1
	outgoing: 6 2 
	datadep: 
	instructions:
BB 2
	outgoing: 3 
	datadep: 
	instructions:
		 0: def_%self 
		 1: def_%cl_5_0 
		 2: COPY TYPE_CurrentScope def_%current_scope 
		 3: COPY TYPE_ScopeModule def_%current_module 
BB 3
	outgoing: 4 6 
	datadep: 
	instructions:
		 0: 
		 1: COPY TYPE_StringLiteral "set_watcher" def_%cl_5_3 
		 2: HASH-user-watched- def_%cl_5_4 user[] watchables[] 
		 3: HASH-partial-locals- def_%cl_5_5 %cl_5_3[3.1,] %cl_5_4[3.2,] 
		 4: %self->render def_%cl_5_6 %self[2.0,] %cl_5_5[3.3,] 	 SYMBOL:	 ARGS:%cl_5_5,
		 5: RETURN %cl_5_6[3.4,] %self[3.4,2.0,] 
BB 4
	outgoing: 6 
	datadep: 
	instructions:
		 0: def_%cl_5_7 
		 1: def_%cl_5_8 %cl_5_7[4.0,] 
		 2: RETURN %cl_5_8[4.1,] %self[2.0,] 
BB 6
	outgoing: 
	datadep: 
	instructions:
CLOSURE END: 
		 4: RETURN %cl_2_4[3.3,] %self[2.0,] 
BB 4
	outgoing: 6 
	datadep: 
	instructions:
		 0: def_%cl_2_5 
		 1: def_%cl_2_6 %cl_2_5[4.0,] 
		 2: RETURN %cl_2_6[4.1,] %self[2.0,] 
BB 6
	outgoing: 
	datadep: 
	instructions:
CLOSURE END: 
		 12: RETURN %v_4[2.11,] %self[2.0,2.11,] 
BB 3
	outgoing: 
	datadep: 
	instructions:

SET IRMethod, name = users_for_new_watcher instanceMethod = true
BB 1
	outgoing: 13 2 
	datadep: 
	instructions:
BB 2
	outgoing: 3 4 
	datadep: 
	instructions:
		 0: def_%self 
		 1: def_%v_0 
		 2: COPY TYPE_CurrentScope def_%current_scope 
		 3: COPY TYPE_ScopeModule def_%current_module 
		 4: 
		 5: 
		 6: COPY TYPE_Nil def_scope 
		 7: 
		 8: %self->params def_%v_3 %self[2.0,] 	 SYMBOL:	 ARGS:
		 9: %v_3->[] def_%v_4 %v_3[2.8,] 	 SYMBOL:q,	 ARGS:Symbol,
		 10: %v_4->blank? def_%v_5 %v_4[2.9,] 	 SYMBOL:	 ARGS:
		 11: BRANCH %v_5[2.10,] 
BB 3
	outgoing: 4 
	datadep: 
	instructions:
		 0: GETFIELD %self->project def_%v_6 %self[2.0,] 
		 1: %v_6->present? def_%v_7 %v_6[3.0,] 	 SYMBOL:	 ARGS:
		 2: COPY TYPE_PASS def_%v_5 %v_7[3.1,] 
BB 4
	outgoing: 5 6 
	datadep: 
	instructions:
		 0: BRANCH %v_5[3.2,2.10,] 
BB 5
	outgoing: 7 
	datadep: 
	instructions:
		 0: 
		 1: GETFIELD %self->project def_%v_8 %self[2.0,] 
		 2: %v_8->users def_%v_9 %v_8[5.1,] 	 SYMBOL:	 ARGS:
		 3: COPY TYPE_PASS def_scope %v_9[5.2,] 
		 4: 
BB 6
	outgoing: 7 
	datadep: 
	instructions:
		 0: 
		 1: (User) def_%v_10 
		 2: %v_10->all def_%v_11 %v_10[6.1,] 	 SYMBOL:	 ARGS:
		 3: %v_11->limit def_%v_12 %v_11[6.2,] 	 SYMBOL:	 ARGS:Fixnum,
		 4: COPY TYPE_PASS def_scope %v_12[6.3,] 
		 5: COPY TYPE_PASS def_%v_9 %v_12[6.3,] 
BB 7
	outgoing: 8 9 
	datadep: 
	instructions:
		 0: 
		 1: scope->active def_%v_13 scope[6.4,5.3,] 	 SYMBOL:	 ARGS:
		 2: %v_13->visible def_%v_14 %v_13[7.1,] 	 SYMBOL:	 ARGS:
		 3: %v_14->sorted def_%v_15 %v_14[7.2,] 	 SYMBOL:	 ARGS:
		 4: %self->params def_%v_16 %self[2.0,] 	 SYMBOL:	 ARGS:
		 5: %v_16->[] def_%v_17 %v_16[7.4,] 	 SYMBOL:q,	 ARGS:Symbol,
		 6: %v_15->like def_%v_18 %v_15[7.3,] %v_17[7.5,] 	 SYMBOL:	 ARGS:%v_17,
		 7: %v_18->to_a def_%v_19 %v_18[7.6,] 	 SYMBOL:	 ARGS:
		 8: COPY TYPE_PASS def_users %v_19[7.7,] 
		 9: 
		 10: GETFIELD %self->watchables def_%v_20 %self[7.4,2.0,] 
		 11: BRANCH %v_20[7.10,] 
BB 8
	outgoing: 9 
	datadep: 
	instructions:
		 0: GETFIELD %self->watchables def_%v_21 %self[2.0,] 
		 1: %v_21->size def_%v_22 %v_21[8.0,] 	 SYMBOL:	 ARGS:
		 2: %v_22->== def_%v_23 %v_22[8.1,] 	 SYMBOL:	 ARGS:Fixnum,
		 3: COPY TYPE_PASS def_%v_20 %v_23[8.2,] 
BB 9
	outgoing: 10 11 
	datadep: 
	instructions:
		 0: BRANCH %v_20[8.3,7.10,] 
BB 10
	outgoing: 12 
	datadep: 
	instructions:
		 0: 
		 1: GETFIELD %self->watchables def_%v_24 %self[2.0,] 
		 2: %v_24->first def_%v_25 %v_24[10.1,] 	 SYMBOL:	 ARGS:
		 3: %v_25->watcher_users def_%v_26 %v_25[10.2,] 	 SYMBOL:	 ARGS:
		 4: users->- def_%v_27 users[7.8,] %v_26[10.3,] 	 SYMBOL:	 ARGS:%v_26,
		 5: COPY TYPE_PASS def_users %v_27[10.4,] 
		 6: 
BB 11
	outgoing: 12 
	datadep: 
	instructions:
		 0: COPY TYPE_Nil def_%v_27 
BB 12
	outgoing: 13 
	datadep: 
	instructions:
		 0: 
		 1: RETURN users[10.5,7.8,] %self[2.0,] 
BB 13
	outgoing: 
	datadep: 
	instructions:

SET IRMethod, name = find_objets_from_params instanceMethod = true
BB 1
	outgoing: 23 2 
	datadep: 
	instructions:
BB 2
	outgoing: 4 
	datadep: 
	instructions:
		 0: def_%self 
		 1: def_%v_0 
		 2: COPY TYPE_CurrentScope def_%current_scope 
		 3: COPY TYPE_ScopeModule def_%current_module 
		 4: 
		 5: 
		 6: GLOBALVAR $! def_%v_3 
BB 4
	outgoing: 5 6 
	datadep: 
	instructions:
		 0: 
		 1: (Object) def_%v_6 
		 2: %self->params def_%v_7 %self[2.0,] 	 SYMBOL:	 ARGS:
		 3: %v_7->[] def_%v_8 %v_7[4.2,] 	 SYMBOL:object_type,	 ARGS:Symbol,
		 4: %v_8->camelcase def_%v_9 %v_8[4.3,] 	 SYMBOL:	 ARGS:
		 5: %v_6->const_get def_%v_10 %v_6[4.1,] %v_9[4.4,] 	 SYMBOL:	 ARGS:%v_9,
		 6: COPY TYPE_PASS def_%v_5 %v_10[4.5,] 
		 7: 
		 8: %v_3[2.6,] 
BB 5
	outgoing: 11 
	datadep: 
	instructions:
		 0: 
BB 6
	outgoing: 7 8 10 
	datadep: 
	instructions:
		 0: 
		 1: def_%v_11 
		 2: def_%v_12 %v_11[6.1,] 
		 3: BRANCH %v_12[6.2,] 
BB 7
	outgoing: 10 23 
	datadep: 
	instructions:
		 0: %v_11[6.1,] 
BB 8
	outgoing: 9 10 
	datadep: 
	instructions:
		 0: COPY TYPE_Nil def_%v_5 
		 1: 
		 2: %v_3[2.6,] 
BB 9
	outgoing: 11 
	datadep: 
	instructions:
		 0: 
BB 10
	outgoing: 23 
	datadep: 
	instructions:
		 0: def_%v_13 
		 1: def_%v_14 %v_13[10.0,] %v_3[2.6,] 
		 2: %v_13[10.0,] 
BB 11
	outgoing: 12 13 
	datadep: 
	instructions:
		 0: COPY TYPE_PASS def_klass %v_5[4.6,8.0,] 
		 1: 
		 2: COPY TYPE_PASS def_%v_15 %v_5[4.6,8.0,] 
		 3: BRANCH %v_5[4.6,8.0,] 
BB 12
	outgoing: 13 
	datadep: 
	instructions:
		 0: COPY TYPE_StringLiteral "watched_by" def_%v_16 
		 1: klass->respond_to? def_%v_17 klass[11.0,] %v_16[12.0,] 	 SYMBOL:	 ARGS:%v_16,
		 2: COPY TYPE_PASS def_%v_15 %v_17[12.1,] 
BB 13
	outgoing: 14 15 
	datadep: 
	instructions:
		 0: BRANCH %v_15[12.2,11.2,] 
BB 14
	outgoing: 17 18 
	datadep: 
	instructions:
		 0: COPY TYPE_Nil def_%v_18 
		 1: 
		 2: (Array) def_%v_19 
		 3: %self->params def_%v_20 %self[2.0,] 	 SYMBOL:	 ARGS:
		 4: %v_20->[] def_%v_21 %v_20[14.3,] 	 SYMBOL:object_id,	 ARGS:Symbol,
		 5: %v_19->wrap def_%v_22 %v_19[14.2,] %v_21[14.4,] 	 SYMBOL:	 ARGS:%v_21,
		 6: HASH-id- def_%v_23 %v_22[14.5,] 
		 7: klass->where def_%v_24 klass[11.0,] %v_23[14.6,] 	 SYMBOL:	 ARGS:%v_23,
		 8: COPY TYPE_PASS def_scope %v_24[14.7,] 
		 9: 
		 10: klass->reflect_on_association def_%v_25 klass[14.7,11.0,] 	 SYMBOL:project,	 ARGS:Symbol,
		 11: BRANCH %v_25[14.10,] 
BB 15
	outgoing: 23 
	datadep: 
	instructions:
		 0: RETURN %self[2.0,] 
BB 17
	outgoing: 19 
	datadep: 
	instructions:
		 0: 
		 1: HASH-project- def_%v_26 
		 2: scope->preload def_%v_27 scope[14.8,] %v_26[17.1,] 	 SYMBOL:	 ARGS:%v_26,
		 3: COPY TYPE_PASS def_scope %v_27[17.2,] 
		 4: 
BB 18
	outgoing: 19 
	datadep: 
	instructions:
		 0: COPY TYPE_Nil def_%v_27 
BB 19
	outgoing: 20 21 
	datadep: 
	instructions:
		 0: 
		 1: scope->to_a def_%v_28 scope[17.3,14.8,] 	 SYMBOL:	 ARGS:
		 2: COPY TYPE_PASS def_objects %v_28[19.1,] 
		 3: 
		 4: %v_28->any? def_%v_29 %v_28[19.1,] %self[2.0,] 	 SYMBOL:	 ARGS:%v_28,
CLOSURE BEGIN: w[] 
BB 1
	outgoing: 14 2 
	datadep: 
	instructions:
BB 2
	outgoing: 3 
	datadep: 
	instructions:
		 0: def_%self 
		 1: def_%cl_1_0 
		 2: RECEIVEARG def_w 
		 3: COPY TYPE_CurrentScope def_%current_scope 
		 4: COPY TYPE_ScopeModule def_%current_module 
BB 3
	outgoing: 4 5 12 
	datadep: 
	instructions:
		 0: 
		 1: w->respond_to? def_%cl_1_3 w[2.2,] 	 SYMBOL:visible?,	 ARGS:Symbol,
		 2: BRANCH %cl_1_3[3.1,] 
BB 4
	outgoing: 11 12 
	datadep: 
	instructions:
		 0: 
		 1: w->visible? def_%cl_1_4 w[2.2,] 	 SYMBOL:	 ARGS:
		 2: %cl_1_4->! def_%cl_1_5 %cl_1_4[4.1,] 	 SYMBOL:	 ARGS:
		 3: 
BB 5
	outgoing: 6 7 12 
	datadep: 
	instructions:
		 0: 
		 1: w->respond_to? def_%cl_1_6 w[2.2,] 	 SYMBOL:project,	 ARGS:Symbol,
		 2: BRANCH %cl_1_6[5.1,] 
BB 6
	outgoing: 7 12 
	datadep: 
	instructions:
		 0: w->project def_%cl_1_7 w[2.2,] 	 SYMBOL:	 ARGS:
		 1: COPY TYPE_PASS def_%cl_1_6 %cl_1_7[6.0,] 
BB 7
	outgoing: 8 9 
	datadep: 
	instructions:
		 0: BRANCH %cl_1_6[6.1,5.1,] 
BB 8
	outgoing: 10 12 
	datadep: 
	instructions:
		 0: 
		 1: w->project def_%cl_1_8 w[2.2,] 	 SYMBOL:	 ARGS:
		 2: %cl_1_8->visible? def_%cl_1_9 %cl_1_8[8.1,] 	 SYMBOL:	 ARGS:
		 3: %cl_1_9->! def_%cl_1_10 %cl_1_9[8.2,] 	 SYMBOL:	 ARGS:
		 4: 
BB 9
	outgoing: 10 
	datadep: 
	instructions:
		 0: COPY TYPE_Nil def_%cl_1_10 
BB 10
	outgoing: 14 
	datadep: 
	instructions:
		 0: RETURN %cl_1_10[9.0,8.3,] %self[2.0,] 
BB 11
	outgoing: 14 
	datadep: 
	instructions:
		 0: RETURN %cl_1_5[4.2,] %self[2.0,] 
BB 12
	outgoing: 14 
	datadep: 
	instructions:
		 0: def_%cl_1_11 
		 1: def_%cl_1_12 %cl_1_11[12.0,] 
		 2: RETURN %cl_1_12[12.1,] %self[2.0,] 
BB 14
	outgoing: 
	datadep: 
	instructions:
CLOSURE END: 
		 5: BRANCH %v_29[19.4,] 
BB 20
	outgoing: 22 
	datadep: 
	instructions:
		 0: (Unauthorized) def_%v_30 
		 1: %self->raise def_%v_31 %self[2.0,] %v_30[20.0,] 	 SYMBOL:	 ARGS:%v_30,
		 2: 
BB 21
	outgoing: 22 
	datadep: 
	instructions:
		 0: COPY TYPE_Nil def_%v_31 
BB 22
	outgoing: 23 
	datadep: 
	instructions:
		 0: 
		 1: RETURN objects[19.2,] %self[2.0,] 
BB 23
	outgoing: 
	datadep: 
	instructions:

