SET IRMethod, name = changed_in_place? instanceMethod = true
BB 1
	outgoing: 6 2 
	datadep: 
	instructions:
BB 2
	outgoing: 3 4 
	datadep: 
	instructions:
		 0: def_%self 
		 1: def_%v_0 
		 2: COPY TYPE_CurrentScope def_%current_scope 
		 3: COPY TYPE_ScopeModule def_%current_module 
		 4: 
		 5: RECEIVEARG def_raw_old_value 
		 6: RECEIVEARG def_value 
		 7: 
		 8: value->nil? def_%v_3 value[2.6,] 	 SYMBOL:	 ARGS:
		 9: BRANCH %v_3[2.8,] 
BB 3
	outgoing: 6 
	datadep: 
	instructions:
		 0: RETURN %self[2.0,] 
BB 4
	outgoing: 6 
	datadep: 
	instructions:
		 0: COPY TYPE_Nil def_%v_4 
		 1: 
		 2: %self->subtype def_%v_5 %self[2.0,] 	 SYMBOL:	 ARGS:
		 3: %self->type_cast_for_database def_%v_6 %self[4.2,2.0,] value[2.6,] 	 SYMBOL:	 ARGS:value,
		 4: %v_5->changed_in_place? def_%v_7 %v_5[4.2,] raw_old_value[2.5,] %v_6[4.3,] 	 SYMBOL:	 ARGS:raw_old_value,%v_6,
		 5: RETURN %v_7[4.4,] %self[4.2,4.3,2.0,] 
BB 6
	outgoing: 
	datadep: 
	instructions:

