SET IRMethod, name = get_all instanceMethod = true
BB 1
	outgoing: 7 2 
	datadep: 
	instructions:
BB 2
	outgoing: 3 4 
	datadep: 
	instructions:
		 0: def_%self 
		 1: def_%v_0 
		 2: COPY TYPE_CurrentScope def_%current_scope 
		 3: COPY TYPE_ScopeModule def_%current_module 
		 4: 
		 5: def_community_id 
		 6: community_id[2.5,] 
BB 3
	outgoing: 4 
	datadep: 
	instructions:
		 0: 
BB 4
	outgoing: 5 6 
	datadep: 
	instructions:
		 0: 
		 1: (Result) def_%v_3 
		 2: (inherit Success) def_%v_4 %v_3[4.1,] 
		 3: %v_4[4.2,] 
BB 5
	outgoing: 6 
	datadep: 
	instructions:
		 0: %v_3->const_missing def_%v_4 %v_3[4.1,] 	 SYMBOL:Success,	 ARGS:Symbol,
BB 6
	outgoing: 7 
	datadep: 
	instructions:
		 0: (CategoryStore) def_%v_5 
		 1: HASH-community_id- def_%v_6 community_id[2.5,] 
		 2: %v_5->get_all def_%v_7 %v_5[6.0,] %v_6[6.1,] 	 SYMBOL:	 ARGS:%v_6,
		 3: %v_4->new def_%v_8 %v_4[5.0,4.2,] %v_7[6.2,] 	 SYMBOL:	 ARGS:%v_7,
		 4: RETURN %v_8[6.3,] %self[2.0,] 
BB 7
	outgoing: 
	datadep: 
	instructions:

SET IRMethod, name = create instanceMethod = true
BB 1
	outgoing: 9 2 
	datadep: 
	instructions:
BB 2
	outgoing: 3 4 
	datadep: 
	instructions:
		 0: def_%self 
		 1: def_%v_0 
		 2: COPY TYPE_CurrentScope def_%current_scope 
		 3: COPY TYPE_ScopeModule def_%current_module 
		 4: 
		 5: def_community_id 
		 6: community_id[2.5,] 
BB 3
	outgoing: 4 
	datadep: 
	instructions:
		 0: 
BB 4
	outgoing: 5 6 
	datadep: 
	instructions:
		 0: def_opts 
		 1: opts[4.0,] 
BB 5
	outgoing: 6 
	datadep: 
	instructions:
		 0: 
BB 6
	outgoing: 7 8 
	datadep: 
	instructions:
		 0: 
		 1: (Result) def_%v_3 
		 2: (inherit Success) def_%v_4 %v_3[6.1,] 
		 3: %v_4[6.2,] 
BB 7
	outgoing: 8 
	datadep: 
	instructions:
		 0: %v_3->const_missing def_%v_4 %v_3[6.1,] 	 SYMBOL:Success,	 ARGS:Symbol,
BB 8
	outgoing: 9 
	datadep: 
	instructions:
		 0: (CategoryStore) def_%v_5 
		 1: HASH-community_id-opts- def_%v_6 community_id[2.5,] opts[4.0,] 
		 2: %v_5->create def_%v_7 %v_5[8.0,] %v_6[8.1,] 	 SYMBOL:	 ARGS:%v_6,
		 3: %v_4->new def_%v_8 %v_4[7.0,6.2,] %v_7[8.2,] 	 SYMBOL:	 ARGS:%v_7,
		 4: RETURN %v_8[8.3,] %self[2.0,] 
BB 9
	outgoing: 
	datadep: 
	instructions:

