SET IRMethod, name = get instanceMethod = true
BB 1
	outgoing: 11 2 
	datadep: 
	instructions:
BB 2
	outgoing: 3 4 
	datadep: 
	instructions:
		 0: def_%self 
		 1: def_%v_0 
		 2: COPY TYPE_CurrentScope def_%current_scope 
		 3: COPY TYPE_ScopeModule def_%current_module 
		 4: 
		 5: def_community_id 
		 6: community_id[2.5,] 
BB 3
	outgoing: 4 
	datadep: 
	instructions:
		 0: 
BB 4
	outgoing: 5 6 
	datadep: 
	instructions:
		 0: def_listing_shape_id 
		 1: listing_shape_id[4.0,] 
BB 5
	outgoing: 6 
	datadep: 
	instructions:
		 0: COPY TYPE_Nil def_listing_shape_id 
BB 6
	outgoing: 7 8 
	datadep: 
	instructions:
		 0: def_name 
		 1: name[6.0,] 
BB 7
	outgoing: 8 
	datadep: 
	instructions:
		 0: COPY TYPE_Nil def_name 
BB 8
	outgoing: 9 10 
	datadep: 
	instructions:
		 0: def_include_categories 
		 1: include_categories[8.0,] 
BB 9
	outgoing: 10 
	datadep: 
	instructions:
		 0: COPY TYPE_Boolean def_include_categories 
BB 10
	outgoing: 11 
	datadep: 
	instructions:
		 0: 
		 1: HASH-community_id-listing_shape_id-name-include_categories- def_%v_3 community_id[2.5,] listing_shape_id[5.0,4.0,] name[7.0,6.0,] include_categories[9.0,8.0,] 
		 2: COPY TYPE_PASS def_find_opts %v_3[10.1,] 
		 3: 
		 4: HASH-unique_result_required- def_%v_4 
		 5: %self->validate_find_opts def_%v_5 %self[2.0,] %v_3[10.1,] %v_4[10.4,] 	 SYMBOL:	 ARGS:find_opts,%v_4,
		 6: %v_5->and_then def_%v_6 %v_5[10.5,] %self[10.5,2.0,] 	 SYMBOL:	 ARGS:%v_5,
CLOSURE BEGIN: find_opts[10.2,] %self[10.5,2.0,] shape[] community_id[2.5,] include_categories[9.0,8.0,] 
BB 1
	outgoing: 13 2 
	datadep: 
	instructions:
BB 2
	outgoing: 3 
	datadep: 
	instructions:
		 0: def_%self 
		 1: def_%cl_1_0 
		 2: RECEIVEARG def_find_opts 
		 3: COPY TYPE_CurrentScope def_%current_scope 
		 4: COPY TYPE_ScopeModule def_%current_module 
BB 3
	outgoing: 4 5 11 
	datadep: 
	instructions:
		 0: 
		 1: find_opts->[] def_%cl_1_3 find_opts[2.2,] 	 SYMBOL:listing_shape_id,	 ARGS:Symbol,
		 2: BRANCH %cl_1_3[3.1,] 
BB 4
	outgoing: 5 11 
	datadep: 
	instructions:
		 0: find_opts->[] def_%cl_1_4 find_opts[2.2,] 	 SYMBOL:name,	 ARGS:Symbol,
		 1: COPY TYPE_PASS def_%cl_1_3 %cl_1_4[4.0,] 
BB 5
	outgoing: 6 7 
	datadep: 
	instructions:
		 0: BRANCH %cl_1_3[4.1,3.1,] 
BB 6
	outgoing: 10 11 
	datadep: 
	instructions:
		 0: 
		 1: (ShapeStore) def_%cl_1_5 
		 2: %cl_1_5->get def_%cl_1_6 %cl_1_5[6.1,] find_opts[2.2,] 	 SYMBOL:	 ARGS:find_opts,
		 3: %self->Maybe def_%cl_1_7 %self[2.0,] %cl_1_6[6.2,] 	 SYMBOL:	 ARGS:%cl_1_6,
		 4: %cl_1_7->map def_%cl_1_8 %cl_1_7[6.3,] %self[6.3,2.0,] 	 SYMBOL:	 ARGS:%cl_1_7,
CLOSURE BEGIN: shape[] 
BB 1
	outgoing: 8 2 
	datadep: 
	instructions:
BB 2
	outgoing: 3 
	datadep: 
	instructions:
		 0: def_%self 
		 1: def_%cl_2_0 
		 2: RECEIVEARG def_shape 
		 3: COPY TYPE_CurrentScope def_%current_scope 
		 4: COPY TYPE_ScopeModule def_%current_module 
BB 3
	outgoing: 4 5 6 
	datadep: 
	instructions:
		 0: 
		 1: (Result) def_%cl_2_3 
		 2: (inherit Success) def_%cl_2_4 %cl_2_3[3.1,] 
		 3: %cl_2_4[3.2,] 
BB 4
	outgoing: 5 6 
	datadep: 
	instructions:
		 0: %cl_2_3->const_missing def_%cl_2_4 %cl_2_3[3.1,] 	 SYMBOL:Success,	 ARGS:Symbol,
BB 5
	outgoing: 6 8 
	datadep: 
	instructions:
		 0: %cl_2_4->new def_%cl_2_5 %cl_2_4[4.0,3.2,] shape[2.2,] 	 SYMBOL:	 ARGS:shape,
		 1: RETURN %cl_2_5[5.0,] %self[2.0,] 
BB 6
	outgoing: 8 
	datadep: 
	instructions:
		 0: def_%cl_2_6 
		 1: def_%cl_2_7 %cl_2_6[6.0,] 
		 2: RETURN %cl_2_7[6.1,] %self[2.0,] 
BB 8
	outgoing: 
	datadep: 
	instructions:
CLOSURE END: 
		 5: %cl_1_8->or_else def_%cl_1_9 %cl_1_8[6.4,] %self[6.3,2.0,] 	 SYMBOL:	 ARGS:%cl_1_8,
CLOSURE BEGIN: find_opts[2.2,] 
BB 1
	outgoing: 8 2 
	datadep: 
	instructions:
BB 2
	outgoing: 3 
	datadep: 
	instructions:
		 0: def_%self 
		 1: def_%cl_3_0 
		 2: COPY TYPE_CurrentScope def_%current_scope 
		 3: COPY TYPE_ScopeModule def_%current_module 
BB 3
	outgoing: 4 5 6 
	datadep: 
	instructions:
		 0: 
		 1: (Result) def_%cl_3_3 
		 2: (inherit Error) def_%cl_3_4 %cl_3_3[3.1,] 
		 3: %cl_3_4[3.2,] 
BB 4
	outgoing: 5 6 
	datadep: 
	instructions:
		 0: %cl_3_3->const_missing def_%cl_3_4 %cl_3_3[3.1,] 	 SYMBOL:Error,	 ARGS:Symbol,
BB 5
	outgoing: 6 8 
	datadep: 
	instructions:
		 0: COPY TYPE_StringLiteral "Cannot find listing shape for " def_%cl_3_5 
		 1: BUILDSTRING def_%cl_3_6 %cl_3_5[5.0,] find_opts[] 
		 2: %cl_3_4->new def_%cl_3_7 %cl_3_4[4.0,3.2,] %cl_3_6[5.1,] 	 SYMBOL:	 ARGS:%cl_3_6,
		 3: RETURN %cl_3_7[5.2,] %self[2.0,] 
BB 6
	outgoing: 8 
	datadep: 
	instructions:
		 0: def_%cl_3_8 
		 1: def_%cl_3_9 %cl_3_8[6.0,] 
		 2: RETURN %cl_3_9[6.1,] %self[2.0,] 
BB 8
	outgoing: 
	datadep: 
	instructions:
CLOSURE END: 
		 6: 
BB 7
	outgoing: 8 9 11 
	datadep: 
	instructions:
		 0: 
		 1: (Result) def_%cl_1_10 
		 2: (inherit Success) def_%cl_1_11 %cl_1_10[7.1,] 
		 3: %cl_1_11[7.2,] 
BB 8
	outgoing: 9 11 
	datadep: 
	instructions:
		 0: %cl_1_10->const_missing def_%cl_1_11 %cl_1_10[7.1,] 	 SYMBOL:Success,	 ARGS:Symbol,
BB 9
	outgoing: 11 13 
	datadep: 
	instructions:
		 0: (ShapeStore) def_%cl_1_12 
		 1: HASH-community_id-include_categories- def_%cl_1_13 community_id[] include_categories[] 
		 2: %cl_1_12->get_all def_%cl_1_14 %cl_1_12[9.0,] %cl_1_13[9.1,] 	 SYMBOL:	 ARGS:%cl_1_13,
		 3: %cl_1_11->new def_%cl_1_15 %cl_1_11[8.0,7.2,] %cl_1_14[9.2,] 	 SYMBOL:	 ARGS:%cl_1_14,
		 4: RETURN %cl_1_15[9.3,] %self[2.0,] 
BB 10
	outgoing: 13 
	datadep: 
	instructions:
		 0: RETURN %cl_1_9[6.5,] %self[2.0,] 
BB 11
	outgoing: 13 
	datadep: 
	instructions:
		 0: def_%cl_1_16 
		 1: def_%cl_1_17 %cl_1_16[11.0,] 
		 2: RETURN %cl_1_17[11.1,] %self[2.0,] 
BB 13
	outgoing: 
	datadep: 
	instructions:
CLOSURE END: 
		 7: RETURN %v_6[10.6,] %self[10.5,2.0,] 
BB 11
	outgoing: 
	datadep: 
	instructions:

SET IRMethod, name = create instanceMethod = true
BB 1
	outgoing: 9 2 
	datadep: 
	instructions:
BB 2
	outgoing: 3 4 
	datadep: 
	instructions:
		 0: def_%self 
		 1: def_%v_0 
		 2: COPY TYPE_CurrentScope def_%current_scope 
		 3: COPY TYPE_ScopeModule def_%current_module 
		 4: 
		 5: def_community_id 
		 6: community_id[2.5,] 
BB 3
	outgoing: 4 
	datadep: 
	instructions:
		 0: 
BB 4
	outgoing: 5 6 
	datadep: 
	instructions:
		 0: def_opts 
		 1: opts[4.0,] 
BB 5
	outgoing: 6 
	datadep: 
	instructions:
		 0: 
BB 6
	outgoing: 7 8 
	datadep: 
	instructions:
		 0: 
		 1: (Result) def_%v_3 
		 2: (inherit Success) def_%v_4 %v_3[6.1,] 
		 3: %v_4[6.2,] 
BB 7
	outgoing: 8 
	datadep: 
	instructions:
		 0: %v_3->const_missing def_%v_4 %v_3[6.1,] 	 SYMBOL:Success,	 ARGS:Symbol,
BB 8
	outgoing: 9 
	datadep: 
	instructions:
		 0: (ShapeStore) def_%v_5 
		 1: HASH-community_id-opts- def_%v_6 community_id[2.5,] opts[4.0,] 
		 2: %v_5->create def_%v_7 %v_5[8.0,] %v_6[8.1,] 	 SYMBOL:	 ARGS:%v_6,
		 3: %v_4->new def_%v_8 %v_4[7.0,6.2,] %v_7[8.2,] 	 SYMBOL:	 ARGS:%v_7,
		 4: RETURN %v_8[8.3,] %self[2.0,] 
BB 9
	outgoing: 
	datadep: 
	instructions:

SET IRMethod, name = update instanceMethod = true
BB 1
	outgoing: 11 2 
	datadep: 
	instructions:
BB 2
	outgoing: 3 4 
	datadep: 
	instructions:
		 0: def_%self 
		 1: def_%v_0 
		 2: COPY TYPE_CurrentScope def_%current_scope 
		 3: COPY TYPE_ScopeModule def_%current_module 
		 4: 
		 5: def_community_id 
		 6: community_id[2.5,] 
BB 3
	outgoing: 4 
	datadep: 
	instructions:
		 0: 
BB 4
	outgoing: 5 6 
	datadep: 
	instructions:
		 0: def_listing_shape_id 
		 1: listing_shape_id[4.0,] 
BB 5
	outgoing: 6 
	datadep: 
	instructions:
		 0: COPY TYPE_Nil def_listing_shape_id 
BB 6
	outgoing: 7 8 
	datadep: 
	instructions:
		 0: def_name 
		 1: name[6.0,] 
BB 7
	outgoing: 8 
	datadep: 
	instructions:
		 0: COPY TYPE_Nil def_name 
BB 8
	outgoing: 9 10 
	datadep: 
	instructions:
		 0: def_opts 
		 1: opts[8.0,] 
BB 9
	outgoing: 10 
	datadep: 
	instructions:
		 0: 
BB 10
	outgoing: 11 
	datadep: 
	instructions:
		 0: 
		 1: HASH-community_id-listing_shape_id-name- def_%v_3 community_id[2.5,] listing_shape_id[5.0,4.0,] name[7.0,6.0,] 
		 2: COPY TYPE_PASS def_find_opts %v_3[10.1,] 
		 3: 
		 4: HASH-unique_result_required- def_%v_4 
		 5: %self->validate_find_opts def_%v_5 %self[2.0,] %v_3[10.1,] %v_4[10.4,] 	 SYMBOL:	 ARGS:find_opts,%v_4,
		 6: %v_5->and_then def_%v_6 %v_5[10.5,] %self[10.5,2.0,] 	 SYMBOL:	 ARGS:%v_5,
CLOSURE BEGIN: opts[8.0,] find_opts[10.2,] %self[10.5,2.0,] shape[] 
BB 1
	outgoing: 6 2 
	datadep: 
	instructions:
BB 2
	outgoing: 3 
	datadep: 
	instructions:
		 0: def_%self 
		 1: def_%cl_1_0 
		 2: RECEIVEARG def_find_opts 
		 3: COPY TYPE_CurrentScope def_%current_scope 
		 4: COPY TYPE_ScopeModule def_%current_module 
BB 3
	outgoing: 4 6 
	datadep: 
	instructions:
		 0: 
		 1: (ShapeStore) def_%cl_1_3 
		 2: HASH-opts- def_%cl_1_4 opts[] 
		 3: find_opts->merge def_%cl_1_5 find_opts[2.2,] %cl_1_4[3.2,] 	 SYMBOL:	 ARGS:%cl_1_4,
		 4: %cl_1_3->update def_%cl_1_6 %cl_1_3[3.1,] %cl_1_5[3.3,] 	 SYMBOL:	 ARGS:%cl_1_5,
		 5: %self->Maybe def_%cl_1_7 %self[2.0,] %cl_1_6[3.4,] 	 SYMBOL:	 ARGS:%cl_1_6,
		 6: %cl_1_7->map def_%cl_1_8 %cl_1_7[3.5,] %self[3.5,2.0,] 	 SYMBOL:	 ARGS:%cl_1_7,
CLOSURE BEGIN: shape[] 
BB 1
	outgoing: 8 2 
	datadep: 
	instructions:
BB 2
	outgoing: 3 
	datadep: 
	instructions:
		 0: def_%self 
		 1: def_%cl_2_0 
		 2: RECEIVEARG def_shape 
		 3: COPY TYPE_CurrentScope def_%current_scope 
		 4: COPY TYPE_ScopeModule def_%current_module 
BB 3
	outgoing: 4 5 6 
	datadep: 
	instructions:
		 0: 
		 1: (Result) def_%cl_2_3 
		 2: (inherit Success) def_%cl_2_4 %cl_2_3[3.1,] 
		 3: %cl_2_4[3.2,] 
BB 4
	outgoing: 5 6 
	datadep: 
	instructions:
		 0: %cl_2_3->const_missing def_%cl_2_4 %cl_2_3[3.1,] 	 SYMBOL:Success,	 ARGS:Symbol,
BB 5
	outgoing: 6 8 
	datadep: 
	instructions:
		 0: %cl_2_4->new def_%cl_2_5 %cl_2_4[4.0,3.2,] shape[2.2,] 	 SYMBOL:	 ARGS:shape,
		 1: RETURN %cl_2_5[5.0,] %self[2.0,] 
BB 6
	outgoing: 8 
	datadep: 
	instructions:
		 0: def_%cl_2_6 
		 1: def_%cl_2_7 %cl_2_6[6.0,] 
		 2: RETURN %cl_2_7[6.1,] %self[2.0,] 
BB 8
	outgoing: 
	datadep: 
	instructions:
CLOSURE END: 
		 7: %cl_1_8->or_else def_%cl_1_9 %cl_1_8[3.6,] %self[3.5,2.0,] 	 SYMBOL:	 ARGS:%cl_1_8,
CLOSURE BEGIN: find_opts[3.3,2.2,] 
BB 1
	outgoing: 8 2 
	datadep: 
	instructions:
BB 2
	outgoing: 3 
	datadep: 
	instructions:
		 0: def_%self 
		 1: def_%cl_3_0 
		 2: COPY TYPE_CurrentScope def_%current_scope 
		 3: COPY TYPE_ScopeModule def_%current_module 
BB 3
	outgoing: 4 5 6 
	datadep: 
	instructions:
		 0: 
		 1: (Result) def_%cl_3_3 
		 2: (inherit Error) def_%cl_3_4 %cl_3_3[3.1,] 
		 3: %cl_3_4[3.2,] 
BB 4
	outgoing: 5 6 
	datadep: 
	instructions:
		 0: %cl_3_3->const_missing def_%cl_3_4 %cl_3_3[3.1,] 	 SYMBOL:Error,	 ARGS:Symbol,
BB 5
	outgoing: 6 8 
	datadep: 
	instructions:
		 0: COPY TYPE_StringLiteral "Cannot find listing shape for " def_%cl_3_5 
		 1: BUILDSTRING def_%cl_3_6 %cl_3_5[5.0,] find_opts[] 
		 2: %cl_3_4->new def_%cl_3_7 %cl_3_4[4.0,3.2,] %cl_3_6[5.1,] 	 SYMBOL:	 ARGS:%cl_3_6,
		 3: RETURN %cl_3_7[5.2,] %self[2.0,] 
BB 6
	outgoing: 8 
	datadep: 
	instructions:
		 0: def_%cl_3_8 
		 1: def_%cl_3_9 %cl_3_8[6.0,] 
		 2: RETURN %cl_3_9[6.1,] %self[2.0,] 
BB 8
	outgoing: 
	datadep: 
	instructions:
CLOSURE END: 
		 8: RETURN %cl_1_9[3.7,] %self[3.5,2.0,] 
BB 4
	outgoing: 6 
	datadep: 
	instructions:
		 0: def_%cl_1_10 
		 1: def_%cl_1_11 %cl_1_10[4.0,] 
		 2: RETURN %cl_1_11[4.1,] %self[2.0,] 
BB 6
	outgoing: 
	datadep: 
	instructions:
CLOSURE END: 
		 7: RETURN %v_6[10.6,] %self[10.5,2.0,] 
BB 11
	outgoing: 
	datadep: 
	instructions:

SET IRMethod, name = delete instanceMethod = true
BB 1
	outgoing: 9 2 
	datadep: 
	instructions:
BB 2
	outgoing: 3 4 
	datadep: 
	instructions:
		 0: def_%self 
		 1: def_%v_0 
		 2: COPY TYPE_CurrentScope def_%current_scope 
		 3: COPY TYPE_ScopeModule def_%current_module 
		 4: 
		 5: def_community_id 
		 6: community_id[2.5,] 
BB 3
	outgoing: 4 
	datadep: 
	instructions:
		 0: 
BB 4
	outgoing: 5 6 
	datadep: 
	instructions:
		 0: def_listing_shape_id 
		 1: listing_shape_id[4.0,] 
BB 5
	outgoing: 6 
	datadep: 
	instructions:
		 0: COPY TYPE_Nil def_listing_shape_id 
BB 6
	outgoing: 7 8 
	datadep: 
	instructions:
		 0: def_name 
		 1: name[6.0,] 
BB 7
	outgoing: 8 
	datadep: 
	instructions:
		 0: COPY TYPE_Nil def_name 
BB 8
	outgoing: 9 
	datadep: 
	instructions:
		 0: 
		 1: HASH-community_id-listing_shape_id-name- def_%v_3 community_id[2.5,] listing_shape_id[5.0,4.0,] name[7.0,6.0,] 
		 2: COPY TYPE_PASS def_find_opts %v_3[8.1,] 
		 3: 
		 4: HASH-unique_result_required- def_%v_4 
		 5: %self->validate_find_opts def_%v_5 %self[2.0,] %v_3[8.1,] %v_4[8.4,] 	 SYMBOL:	 ARGS:find_opts,%v_4,
		 6: %v_5->and_then def_%v_6 %v_5[8.5,] %self[8.5,2.0,] 	 SYMBOL:	 ARGS:%v_5,
CLOSURE BEGIN: find_opts[8.2,] %self[8.5,2.0,] shape[] 
BB 1
	outgoing: 6 2 
	datadep: 
	instructions:
BB 2
	outgoing: 3 
	datadep: 
	instructions:
		 0: def_%self 
		 1: def_%cl_1_0 
		 2: RECEIVEARG def_find_opts 
		 3: COPY TYPE_CurrentScope def_%current_scope 
		 4: COPY TYPE_ScopeModule def_%current_module 
BB 3
	outgoing: 4 6 
	datadep: 
	instructions:
		 0: 
		 1: (ShapeStore) def_%cl_1_3 
		 2: %cl_1_3->delete def_%cl_1_4 %cl_1_3[3.1,] find_opts[2.2,] 	 SYMBOL:	 ARGS:find_opts,
		 3: %self->Maybe def_%cl_1_5 %self[2.0,] %cl_1_4[3.2,] 	 SYMBOL:	 ARGS:%cl_1_4,
		 4: %cl_1_5->map def_%cl_1_6 %cl_1_5[3.3,] %self[3.3,2.0,] 	 SYMBOL:	 ARGS:%cl_1_5,
CLOSURE BEGIN: shape[] 
BB 1
	outgoing: 8 2 
	datadep: 
	instructions:
BB 2
	outgoing: 3 
	datadep: 
	instructions:
		 0: def_%self 
		 1: def_%cl_2_0 
		 2: RECEIVEARG def_shape 
		 3: COPY TYPE_CurrentScope def_%current_scope 
		 4: COPY TYPE_ScopeModule def_%current_module 
BB 3
	outgoing: 4 5 6 
	datadep: 
	instructions:
		 0: 
		 1: (Result) def_%cl_2_3 
		 2: (inherit Success) def_%cl_2_4 %cl_2_3[3.1,] 
		 3: %cl_2_4[3.2,] 
BB 4
	outgoing: 5 6 
	datadep: 
	instructions:
		 0: %cl_2_3->const_missing def_%cl_2_4 %cl_2_3[3.1,] 	 SYMBOL:Success,	 ARGS:Symbol,
BB 5
	outgoing: 6 8 
	datadep: 
	instructions:
		 0: %cl_2_4->new def_%cl_2_5 %cl_2_4[4.0,3.2,] shape[2.2,] 	 SYMBOL:	 ARGS:shape,
		 1: RETURN %cl_2_5[5.0,] %self[2.0,] 
BB 6
	outgoing: 8 
	datadep: 
	instructions:
		 0: def_%cl_2_6 
		 1: def_%cl_2_7 %cl_2_6[6.0,] 
		 2: RETURN %cl_2_7[6.1,] %self[2.0,] 
BB 8
	outgoing: 
	datadep: 
	instructions:
CLOSURE END: 
		 5: %cl_1_6->or_else def_%cl_1_7 %cl_1_6[3.4,] %self[3.3,2.0,] 	 SYMBOL:	 ARGS:%cl_1_6,
CLOSURE BEGIN: find_opts[2.2,] 
BB 1
	outgoing: 8 2 
	datadep: 
	instructions:
BB 2
	outgoing: 3 
	datadep: 
	instructions:
		 0: def_%self 
		 1: def_%cl_3_0 
		 2: COPY TYPE_CurrentScope def_%current_scope 
		 3: COPY TYPE_ScopeModule def_%current_module 
BB 3
	outgoing: 4 5 6 
	datadep: 
	instructions:
		 0: 
		 1: (Result) def_%cl_3_3 
		 2: (inherit Error) def_%cl_3_4 %cl_3_3[3.1,] 
		 3: %cl_3_4[3.2,] 
BB 4
	outgoing: 5 6 
	datadep: 
	instructions:
		 0: %cl_3_3->const_missing def_%cl_3_4 %cl_3_3[3.1,] 	 SYMBOL:Error,	 ARGS:Symbol,
BB 5
	outgoing: 6 8 
	datadep: 
	instructions:
		 0: COPY TYPE_StringLiteral "Cannot find listing shape for " def_%cl_3_5 
		 1: BUILDSTRING def_%cl_3_6 %cl_3_5[5.0,] find_opts[] 
		 2: %cl_3_4->new def_%cl_3_7 %cl_3_4[4.0,3.2,] %cl_3_6[5.1,] 	 SYMBOL:	 ARGS:%cl_3_6,
		 3: RETURN %cl_3_7[5.2,] %self[2.0,] 
BB 6
	outgoing: 8 
	datadep: 
	instructions:
		 0: def_%cl_3_8 
		 1: def_%cl_3_9 %cl_3_8[6.0,] 
		 2: RETURN %cl_3_9[6.1,] %self[2.0,] 
BB 8
	outgoing: 
	datadep: 
	instructions:
CLOSURE END: 
		 6: RETURN %cl_1_7[3.5,] %self[3.3,2.0,] 
BB 4
	outgoing: 6 
	datadep: 
	instructions:
		 0: def_%cl_1_8 
		 1: def_%cl_1_9 %cl_1_8[4.0,] 
		 2: RETURN %cl_1_9[4.1,] %self[2.0,] 
BB 6
	outgoing: 
	datadep: 
	instructions:
CLOSURE END: 
		 7: RETURN %v_6[8.6,] %self[8.5,2.0,] 
BB 9
	outgoing: 
	datadep: 
	instructions:

SET IRMethod, name = validate_find_opts instanceMethod = true
BB 1
	outgoing: 23 2 
	datadep: 
	instructions:
BB 2
	outgoing: 3 4 
	datadep: 
	instructions:
		 0: def_%self 
		 1: def_%v_0 
		 2: COPY TYPE_CurrentScope def_%current_scope 
		 3: COPY TYPE_ScopeModule def_%current_module 
		 4: 
		 5: RECEIVEARG def_opts 
		 6: def_unique_result_required 
		 7: unique_result_required[2.6,] 
BB 3
	outgoing: 4 
	datadep: 
	instructions:
		 0: 
BB 4
	outgoing: 5 6 
	datadep: 
	instructions:
		 0: 
		 1: opts->[] def_%v_3 opts[2.5,] 	 SYMBOL:listing_shape_id,	 ARGS:Symbol,
		 2: %v_3->present? def_%v_4 %v_3[4.1,] 	 SYMBOL:	 ARGS:
		 3: BRANCH %v_4[4.2,] 
BB 5
	outgoing: 6 
	datadep: 
	instructions:
		 0: opts->[] def_%v_5 opts[2.5,] 	 SYMBOL:name,	 ARGS:Symbol,
		 1: %v_5->present? def_%v_6 %v_5[5.0,] 	 SYMBOL:	 ARGS:
		 2: COPY TYPE_PASS def_%v_4 %v_6[5.1,] 
BB 6
	outgoing: 7 10 
	datadep: 
	instructions:
		 0: BRANCH %v_4[5.2,4.2,] 
BB 7
	outgoing: 8 9 
	datadep: 
	instructions:
		 0: 
		 1: (Result) def_%v_7 
		 2: (inherit Error) def_%v_8 %v_7[7.1,] 
		 3: %v_8[7.2,] 
BB 8
	outgoing: 9 
	datadep: 
	instructions:
		 0: %v_7->const_missing def_%v_8 %v_7[7.1,] 	 SYMBOL:Error,	 ARGS:Symbol,
BB 9
	outgoing: 23 
	datadep: 
	instructions:
		 0: COPY TYPE_StringLiteral "Cannot have both listing shape id (" def_%v_9 
		 1: opts->[] def_%v_10 opts[2.5,] 	 SYMBOL:listing_shape_id,	 ARGS:Symbol,
		 2: COPY TYPE_StringLiteral ") and name (" def_%v_11 
		 3: opts->[] def_%v_12 opts[9.1,2.5,] 	 SYMBOL:name,	 ARGS:Symbol,
		 4: COPY TYPE_StringLiteral ") present." def_%v_13 
		 5: BUILDSTRING def_%v_14 %v_9[9.0,] %v_10[9.1,] %v_11[9.2,] %v_12[9.3,] %v_13[9.4,] 
		 6: %v_8->new def_%v_15 %v_8[8.0,7.2,] %v_14[9.5,] 	 SYMBOL:	 ARGS:%v_14,
		 7: RETURN %v_15[9.6,] %self[2.0,] 
BB 10
	outgoing: 11 12 
	datadep: 
	instructions:
		 0: 
		 1: COPY TYPE_PASS def_%v_17 unique_result_required[2.6,] 
		 2: BRANCH unique_result_required[2.6,] 
BB 11
	outgoing: 12 
	datadep: 
	instructions:
		 0: opts->[] def_%v_18 opts[2.5,] 	 SYMBOL:listing_shape_id,	 ARGS:Symbol,
		 1: %v_18->nil? def_%v_19 %v_18[11.0,] 	 SYMBOL:	 ARGS:
		 2: COPY TYPE_PASS def_%v_17 %v_19[11.1,] 
BB 12
	outgoing: 13 14 
	datadep: 
	instructions:
		 0: BRANCH %v_17[11.2,10.1,] 
BB 13
	outgoing: 14 
	datadep: 
	instructions:
		 0: opts->[] def_%v_20 opts[2.5,] 	 SYMBOL:name,	 ARGS:Symbol,
		 1: %v_20->nil? def_%v_21 %v_20[13.0,] 	 SYMBOL:	 ARGS:
		 2: COPY TYPE_PASS def_%v_17 %v_21[13.1,] 
BB 14
	outgoing: 15 18 
	datadep: 
	instructions:
		 0: BRANCH %v_17[13.2,11.2,10.1,] 
BB 15
	outgoing: 16 17 
	datadep: 
	instructions:
		 0: 
		 1: (Result) def_%v_22 
		 2: (inherit Error) def_%v_23 %v_22[15.1,] 
		 3: %v_23[15.2,] 
BB 16
	outgoing: 17 
	datadep: 
	instructions:
		 0: %v_22->const_missing def_%v_23 %v_22[15.1,] 	 SYMBOL:Error,	 ARGS:Symbol,
BB 17
	outgoing: 23 
	datadep: 
	instructions:
		 0: COPY TYPE_StringLiteral "Must have either id or name present." def_%v_24 
		 1: %v_23->new def_%v_25 %v_23[16.0,15.2,] %v_24[17.0,] 	 SYMBOL:	 ARGS:%v_24,
		 2: RETURN %v_25[17.1,] %self[2.0,] 
BB 18
	outgoing: 19 20 
	datadep: 
	instructions:
		 0: 
		 1: (Result) def_%v_27 
		 2: (inherit Success) def_%v_28 %v_27[18.1,] 
		 3: %v_28[18.2,] 
BB 19
	outgoing: 20 
	datadep: 
	instructions:
		 0: %v_27->const_missing def_%v_28 %v_27[18.1,] 	 SYMBOL:Success,	 ARGS:Symbol,
BB 20
	outgoing: 23 
	datadep: 
	instructions:
		 0: %v_28->new def_%v_29 %v_28[19.0,18.2,] opts[2.5,] 	 SYMBOL:	 ARGS:opts,
		 1: COPY TYPE_PASS def_%v_26 %v_29[20.0,] 
		 2: RETURN %v_26[20.1,] %self[2.0,] 
BB 23
	outgoing: 
	datadep: 
	instructions:

