SET IRMethod, name = index instanceMethod = true
BB 1
	outgoing: 3 2 
	datadep: 
	instructions:
BB 2
	outgoing: 3 
	datadep: 
	instructions:
		 0: def_%self 
		 1: def_%v_0 
		 2: COPY TYPE_CurrentScope def_%current_scope 
		 3: COPY TYPE_ScopeModule def_%current_module 
		 4: 
		 5: 
		 6: (Comment) def_%v_3 
		 7: %self->params def_%v_4 %self[2.0,] 	 SYMBOL:	 ARGS:
		 8: %v_4->[] def_%v_5 %v_4[2.7,] 	 SYMBOL:page,	 ARGS:Symbol,
		 9: HASH-page- def_%v_6 %v_5[2.8,] 
		 10: %v_3->paginate def_%v_7 %v_3[2.6,] %v_6[2.9,] 	 SYMBOL:	 ARGS:%v_6,
		 11: %v_7->includes def_%v_8 %v_7[2.10,] 	 SYMBOL:post,	 ARGS:Symbol,
		 12: COPY TYPE_StringLiteral "created_at DESC" def_%v_9 
		 13: %v_8->order def_%v_10 %v_8[2.11,] %v_9[2.12,] 	 SYMBOL:	 ARGS:%v_9,
		 14: ATTRASSIGN %self->comments %v_10[2.13,] 
		 15: 
		 16: %self->ruby_code_from_view def_%v_11 %self[2.0,2.7,2.14,] 	 SYMBOL:	 ARGS:
		 17: %v_11->ruby_code_from_view def_%v_12 %v_11[2.16,] %self[2.0,2.7,2.14,2.16,] 	 SYMBOL:	 ARGS:%v_11,
CLOSURE BEGIN: %self[2.0,2.7,2.14,2.16,] 
BB 1
	outgoing: 15 2 
	datadep: 
	instructions:
BB 2
	outgoing: 3 
	datadep: 
	instructions:
		 0: def_%self 
		 1: def_%cl_1_0 
		 2: RECEIVEARG def_rb_from_view 
		 3: COPY TYPE_CurrentScope def_%current_scope 
		 4: COPY TYPE_ScopeModule def_%current_module 
BB 3
	outgoing: 4 5 13 
	datadep: 
	instructions:
		 0: 
		 1: %self->enki_config def_%cl_1_3 %self[2.0,] 	 SYMBOL:	 ARGS:
		 2: %cl_1_3->[] def_%cl_1_4 %cl_1_3[3.1,] 	 SYMBOL:title,	 ARGS:Symbol,
		 3: 
		 4: %self->csrf_meta_tag def_%cl_1_5 %self[3.1,2.0,] 	 SYMBOL:	 ARGS:
		 5: 
		 6: COPY TYPE_StringLiteral "admin" def_%cl_1_6 
		 7: %self->javascript_include_tag def_%cl_1_7 %self[3.1,3.4,2.0,] %cl_1_6[3.6,] 	 SYMBOL:	 ARGS:%cl_1_6,
		 8: 
		 9: COPY TYPE_StringLiteral "admin" def_%cl_1_8 
		 10: %self->stylesheet_link_tag def_%cl_1_9 %self[3.1,3.4,3.7,2.0,] %cl_1_8[3.9,] 	 SYMBOL:	 ARGS:%cl_1_8,
		 11: 
		 12: def_%cl_1_10 %cl_1_0[2.1,] 
		 13: 
		 14: %self->flash def_%cl_1_11 %self[3.1,3.4,3.7,3.10,2.0,] 	 SYMBOL:	 ARGS:
		 15: %cl_1_11->[] def_%cl_1_12 %cl_1_11[3.14,] 	 SYMBOL:notice,	 ARGS:Symbol,
		 16: BRANCH %cl_1_12[3.15,] 
BB 4
	outgoing: 6 13 
	datadep: 
	instructions:
		 0: 
		 1: %self->javascript_tag def_%cl_1_13 %self[2.0,] %self[2.0,] 	 SYMBOL:	 ARGS:%self,
CLOSURE BEGIN: %self[2.0,] 
BB 1
	outgoing: 6 2 
	datadep: 
	instructions:
BB 2
	outgoing: 3 
	datadep: 
	instructions:
		 0: def_%self 
		 1: def_%cl_2_0 
		 2: COPY TYPE_CurrentScope def_%current_scope 
		 3: COPY TYPE_ScopeModule def_%current_module 
BB 3
	outgoing: 4 6 
	datadep: 
	instructions:
		 0: 
		 1: %self->flash def_%cl_2_3 %self[2.0,] 	 SYMBOL:	 ARGS:
		 2: %cl_2_3->[] def_%cl_2_4 %cl_2_3[3.1,] 	 SYMBOL:notice,	 ARGS:Symbol,
		 3: %self->escape_javascript def_%cl_2_5 %self[3.1,2.0,] %cl_2_4[3.2,] 	 SYMBOL:	 ARGS:%cl_2_4,
		 4: RETURN %cl_2_5[3.3,] %self[3.1,3.3,2.0,] 
BB 4
	outgoing: 6 
	datadep: 
	instructions:
		 0: def_%cl_2_6 
		 1: def_%cl_2_7 %cl_2_6[4.0,] 
		 2: RETURN %cl_2_7[4.1,] %self[2.0,] 
BB 6
	outgoing: 
	datadep: 
	instructions:
CLOSURE END: 
		 2: 
BB 5
	outgoing: 6 
	datadep: 
	instructions:
		 0: COPY TYPE_Nil def_%cl_1_13 
BB 6
	outgoing: 7 8 13 
	datadep: 
	instructions:
		 0: 
		 1: GETFIELD %self->comments def_%cl_1_14 %self[2.0,] 
		 2: %cl_1_14->empty? def_%cl_1_15 %cl_1_14[6.1,] 	 SYMBOL:	 ARGS:
		 3: BRANCH %cl_1_15[6.2,] 
BB 7
	outgoing: 9 
	datadep: 
	instructions:
		 0: COPY TYPE_Nil def_%cl_1_16 
		 1: 
BB 8
	outgoing: 9 13 
	datadep: 
	instructions:
		 0: 
		 1: %self->comment def_%cl_1_17 %self[2.0,] 	 SYMBOL:	 ARGS:
		 2: %cl_1_17->id def_%cl_1_18 %cl_1_17[8.1,] 	 SYMBOL:	 ARGS:
		 3: 
		 4: COPY TYPE_StringLiteral "" def_%cl_1_19 
		 5: COPY TYPE_StringLiteral "alt" def_%cl_1_20 
		 6: %self->cycle def_%cl_1_21 %self[8.1,2.0,] %cl_1_19[8.4,] %cl_1_20[8.5,] 	 SYMBOL:	 ARGS:%cl_1_19,%cl_1_20,
		 7: 
		 8: %self->comment def_%cl_1_22 %self[8.1,8.6,2.0,] 	 SYMBOL:	 ARGS:
		 9: %cl_1_22->created_at def_%cl_1_23 %cl_1_22[8.8,] 	 SYMBOL:	 ARGS:
		 10: COPY TYPE_StringLiteral "%d %b, %Y" def_%cl_1_24 
		 11: %cl_1_23->strftime def_%cl_1_25 %cl_1_23[8.9,] %cl_1_24[8.10,] 	 SYMBOL:	 ARGS:%cl_1_24,
		 12: 
		 13: %self->comment def_%cl_1_26 %self[8.1,8.6,8.8,2.0,] 	 SYMBOL:	 ARGS:
		 14: %cl_1_26->author def_%cl_1_27 %cl_1_26[8.13,] 	 SYMBOL:	 ARGS:
		 15: %self->comment def_%cl_1_28 %self[8.1,8.6,8.8,8.13,2.0,] 	 SYMBOL:	 ARGS:
		 16: %self->admin_comment_path def_%cl_1_29 %self[8.1,8.6,8.8,8.13,8.15,2.0,] %cl_1_28[8.15,] 	 SYMBOL:	 ARGS:%cl_1_28,
		 17: %self->link_to def_%cl_1_30 %self[8.1,8.6,8.8,8.13,8.15,8.16,2.0,] %cl_1_27[8.14,] %cl_1_29[8.16,] 	 SYMBOL:	 ARGS:%cl_1_27,%cl_1_29,
		 18: 
		 19: %self->comment def_%cl_1_31 %self[8.1,8.6,8.8,8.13,8.15,8.16,8.17,2.0,] 	 SYMBOL:	 ARGS:
		 20: %cl_1_31->body def_%cl_1_32 %cl_1_31[8.19,] 	 SYMBOL:	 ARGS:
		 21: HASH-length- def_%cl_1_33 
		 22: %self->truncate def_%cl_1_34 %self[8.1,8.6,8.8,8.13,8.15,8.16,8.17,8.19,2.0,] %cl_1_32[8.20,] %cl_1_33[8.21,] 	 SYMBOL:	 ARGS:%cl_1_32,%cl_1_33,
		 23: 
		 24: %self->comment def_%cl_1_35 %self[8.1,8.6,8.8,8.13,8.15,8.16,8.17,8.19,8.22,2.0,] 	 SYMBOL:	 ARGS:
		 25: %cl_1_35->post_title def_%cl_1_36 %cl_1_35[8.24,] 	 SYMBOL:	 ARGS:
		 26: %self->comment def_%cl_1_37 %self[8.1,8.6,8.8,8.13,8.15,8.16,8.17,8.19,8.22,8.24,2.0,] 	 SYMBOL:	 ARGS:
		 27: %cl_1_37->post def_%cl_1_38 %cl_1_37[8.26,] 	 SYMBOL:	 ARGS:
		 28: %self->admin_post_path def_%cl_1_39 %self[8.1,8.6,8.8,8.13,8.15,8.16,8.17,8.19,8.22,8.24,8.26,2.0,] %cl_1_38[8.27,] 	 SYMBOL:	 ARGS:%cl_1_38,
		 29: %self->link_to def_%cl_1_40 %self[8.1,8.6,8.8,8.13,8.15,8.16,8.17,8.19,8.22,8.24,8.26,8.28,2.0,] %cl_1_36[8.25,] %cl_1_39[8.28,] 	 SYMBOL:	 ARGS:%cl_1_36,%cl_1_39,
		 30: 
		 31: COPY TYPE_StringLiteral "silk/pencil.png" def_%cl_1_41 
		 32: COPY TYPE_StringLiteral "edit" def_%cl_1_42 
		 33: HASH-alt- def_%cl_1_43 %cl_1_42[8.32,] 
		 34: %self->image_tag def_%cl_1_44 %self[8.1,8.6,8.8,8.13,8.15,8.16,8.17,8.19,8.22,8.24,8.26,8.28,8.29,2.0,] %cl_1_41[8.31,] %cl_1_43[8.33,] 	 SYMBOL:	 ARGS:%cl_1_41,%cl_1_43,
		 35: %self->comment def_%cl_1_45 %self[8.1,8.6,8.8,8.13,8.15,8.16,8.17,8.19,8.22,8.24,8.26,8.28,8.29,8.34,2.0,] 	 SYMBOL:	 ARGS:
		 36: %self->admin_comment_path def_%cl_1_46 %self[8.1,8.6,8.8,8.13,8.15,8.16,8.17,8.19,8.22,8.24,8.26,8.28,8.29,8.34,8.35,2.0,] %cl_1_45[8.35,] 	 SYMBOL:	 ARGS:%cl_1_45,
		 37: %self->link_to def_%cl_1_47 %self[8.1,8.6,8.8,8.13,8.15,8.16,8.17,8.19,8.22,8.24,8.26,8.28,8.29,8.34,8.35,8.36,2.0,] %cl_1_44[8.34,] %cl_1_46[8.36,] 	 SYMBOL:	 ARGS:%cl_1_44,%cl_1_46,
		 38: 
		 39: %self->comment def_%cl_1_48 %self[8.1,8.6,8.8,8.13,8.15,8.16,8.17,8.19,8.22,8.24,8.26,8.28,8.29,8.34,8.35,8.36,8.37,2.0,] 	 SYMBOL:	 ARGS:
		 40: %self->comment def_%cl_1_49 %self[8.1,8.6,8.8,8.13,8.15,8.16,8.17,8.19,8.22,8.24,8.26,8.28,8.29,8.34,8.35,8.36,8.37,8.39,2.0,] 	 SYMBOL:	 ARGS:
		 41: %self->admin_comment_path def_%cl_1_50 %self[8.1,8.6,8.8,8.13,8.15,8.16,8.17,8.19,8.22,8.24,8.26,8.28,8.29,8.34,8.35,8.36,8.37,8.39,8.40,2.0,] %cl_1_49[8.40,] 	 SYMBOL:	 ARGS:%cl_1_49,
		 42: COPY TYPE_StringLiteral "delete-item" def_%cl_1_51 
		 43: HASH-class-method- def_%cl_1_52 %cl_1_51[8.42,] 
		 44: HASH-as-url-html- def_%cl_1_53 %cl_1_50[8.41,] %cl_1_52[8.43,] 
		 45: %self->form_for def_%cl_1_54 %self[8.1,8.6,8.8,8.13,8.15,8.16,8.17,8.19,8.22,8.24,8.26,8.28,8.29,8.34,8.35,8.36,8.37,8.39,8.40,8.41,2.0,] %cl_1_48[8.39,] %cl_1_53[8.44,] %self[8.1,8.6,8.8,8.13,8.15,8.16,8.17,8.19,8.22,8.24,8.26,8.28,8.29,8.34,8.35,8.36,8.37,8.39,8.40,8.41,2.0,] 	 SYMBOL:	 ARGS:%cl_1_48,%cl_1_53,%self,
CLOSURE BEGIN: %self[8.1,8.6,8.8,8.13,8.15,8.16,8.17,8.19,8.22,8.24,8.26,8.28,8.29,8.34,8.35,8.36,8.37,8.39,8.40,8.41,2.0,] 
BB 1
	outgoing: 6 2 
	datadep: 
	instructions:
BB 2
	outgoing: 3 
	datadep: 
	instructions:
		 0: def_%self 
		 1: def_%cl_3_0 
		 2: RECEIVEARG def_form 
		 3: COPY TYPE_CurrentScope def_%current_scope 
		 4: COPY TYPE_ScopeModule def_%current_module 
BB 3
	outgoing: 4 6 
	datadep: 
	instructions:
		 0: 
		 1: COPY TYPE_StringLiteral "silk/delete.png" def_%cl_3_3 
		 2: COPY TYPE_StringLiteral "Delete Comment" def_%cl_3_4 
		 3: HASH-alt- def_%cl_3_5 %cl_3_4[3.2,] 
		 4: %self->image_submit_tag def_%cl_3_6 %self[2.0,] %cl_3_3[3.1,] %cl_3_5[3.3,] 	 SYMBOL:	 ARGS:%cl_3_3,%cl_3_5,
		 5: RETURN %cl_3_6[3.4,] %self[3.4,2.0,] 
BB 4
	outgoing: 6 
	datadep: 
	instructions:
		 0: def_%cl_3_7 
		 1: def_%cl_3_8 %cl_3_7[4.0,] 
		 2: RETURN %cl_3_8[4.1,] %self[2.0,] 
BB 6
	outgoing: 
	datadep: 
	instructions:
CLOSURE END: 
		 46: COPY TYPE_PASS def_%cl_1_16 %cl_1_54[8.45,] 
BB 9
	outgoing: 10 11 13 
	datadep: 
	instructions:
		 0: 
		 1: GETFIELD %self->comments def_%cl_1_55 %self[2.0,] 
		 2: %cl_1_55->total_pages def_%cl_1_56 %cl_1_55[9.1,] 	 SYMBOL:	 ARGS:
		 3: %cl_1_56->> def_%cl_1_57 %cl_1_56[9.2,] 	 SYMBOL:	 ARGS:Fixnum,
		 4: BRANCH %cl_1_57[9.3,] 
BB 10
	outgoing: 12 13 
	datadep: 
	instructions:
		 0: 
		 1: GETFIELD %self->comments def_%cl_1_58 %self[2.0,] 
		 2: COPY TYPE_StringLiteral "« Newer" def_%cl_1_59 
		 3: COPY TYPE_StringLiteral "Older »" def_%cl_1_60 
		 4: HASH-previous_label-next_label- def_%cl_1_61 %cl_1_59[10.2,] %cl_1_60[10.3,] 
		 5: %self->will_paginate def_%cl_1_62 %self[2.0,] %cl_1_58[10.1,] %cl_1_61[10.4,] 	 SYMBOL:	 ARGS:%cl_1_58,%cl_1_61,
		 6: 
BB 11
	outgoing: 12 
	datadep: 
	instructions:
		 0: COPY TYPE_Nil def_%cl_1_62 
BB 12
	outgoing: 13 15 
	datadep: 
	instructions:
		 0: 
		 1: COPY TYPE_StringLiteral "Dashboard" def_%cl_1_63 
		 2: %self->admin_root_path def_%cl_1_64 %self[2.0,] 	 SYMBOL:	 ARGS:
		 3: COPY TYPE_StringLiteral "1" def_%cl_1_65 
		 4: HASH-accesskey- def_%cl_1_66 %cl_1_65[12.3,] 
		 5: %self->nav_link_to def_%cl_1_67 %self[12.2,2.0,] %cl_1_63[12.1,] %cl_1_64[12.2,] %cl_1_66[12.4,] 	 SYMBOL:	 ARGS:%cl_1_63,%cl_1_64,%cl_1_66,
		 6: 
		 7: COPY TYPE_StringLiteral "Posts" def_%cl_1_68 
		 8: %self->admin_posts_path def_%cl_1_69 %self[12.2,12.5,2.0,] 	 SYMBOL:	 ARGS:
		 9: COPY TYPE_StringLiteral "2" def_%cl_1_70 
		 10: HASH-accesskey- def_%cl_1_71 %cl_1_70[12.9,] 
		 11: %self->nav_link_to def_%cl_1_72 %self[12.2,12.5,12.8,2.0,] %cl_1_68[12.7,] %cl_1_69[12.8,] %cl_1_71[12.10,] 	 SYMBOL:	 ARGS:%cl_1_68,%cl_1_69,%cl_1_71,
		 12: 
		 13: COPY TYPE_StringLiteral "(+)" def_%cl_1_73 
		 14: %self->new_admin_post_path def_%cl_1_74 %self[12.2,12.5,12.8,12.11,2.0,] 	 SYMBOL:	 ARGS:
		 15: COPY TYPE_StringLiteral "n" def_%cl_1_75 
		 16: HASH-accesskey- def_%cl_1_76 %cl_1_75[12.15,] 
		 17: %self->nav_link_to def_%cl_1_77 %self[12.2,12.5,12.8,12.11,12.14,2.0,] %cl_1_73[12.13,] %cl_1_74[12.14,] %cl_1_76[12.16,] 	 SYMBOL:	 ARGS:%cl_1_73,%cl_1_74,%cl_1_76,
		 18: 
		 19: COPY TYPE_StringLiteral "Pages" def_%cl_1_78 
		 20: %self->admin_pages_path def_%cl_1_79 %self[12.2,12.5,12.8,12.11,12.14,12.17,2.0,] 	 SYMBOL:	 ARGS:
		 21: COPY TYPE_StringLiteral "3" def_%cl_1_80 
		 22: HASH-accesskey- def_%cl_1_81 %cl_1_80[12.21,] 
		 23: %self->nav_link_to def_%cl_1_82 %self[12.2,12.5,12.8,12.11,12.14,12.17,12.20,2.0,] %cl_1_78[12.19,] %cl_1_79[12.20,] %cl_1_81[12.22,] 	 SYMBOL:	 ARGS:%cl_1_78,%cl_1_79,%cl_1_81,
		 24: 
		 25: COPY TYPE_StringLiteral "(+)" def_%cl_1_83 
		 26: %self->new_admin_page_path def_%cl_1_84 %self[12.2,12.5,12.8,12.11,12.14,12.17,12.20,12.23,2.0,] 	 SYMBOL:	 ARGS:
		 27: COPY TYPE_StringLiteral "p" def_%cl_1_85 
		 28: HASH-accesskey- def_%cl_1_86 %cl_1_85[12.27,] 
		 29: %self->nav_link_to def_%cl_1_87 %self[12.2,12.5,12.8,12.11,12.14,12.17,12.20,12.23,12.26,2.0,] %cl_1_83[12.25,] %cl_1_84[12.26,] %cl_1_86[12.28,] 	 SYMBOL:	 ARGS:%cl_1_83,%cl_1_84,%cl_1_86,
		 30: 
		 31: COPY TYPE_StringLiteral "Comments" def_%cl_1_88 
		 32: %self->admin_comments_path def_%cl_1_89 %self[12.2,12.5,12.8,12.11,12.14,12.17,12.20,12.23,12.26,12.29,2.0,] 	 SYMBOL:	 ARGS:
		 33: COPY TYPE_StringLiteral "4" def_%cl_1_90 
		 34: HASH-accesskey- def_%cl_1_91 %cl_1_90[12.33,] 
		 35: %self->nav_link_to def_%cl_1_92 %self[12.2,12.5,12.8,12.11,12.14,12.17,12.20,12.23,12.26,12.29,12.32,2.0,] %cl_1_88[12.31,] %cl_1_89[12.32,] %cl_1_91[12.34,] 	 SYMBOL:	 ARGS:%cl_1_88,%cl_1_89,%cl_1_91,
		 36: 
		 37: COPY TYPE_StringLiteral "Actions" def_%cl_1_93 
		 38: %self->admin_undo_items_path def_%cl_1_94 %self[12.2,12.5,12.8,12.11,12.14,12.17,12.20,12.23,12.26,12.29,12.32,12.35,2.0,] 	 SYMBOL:	 ARGS:
		 39: COPY TYPE_StringLiteral "5" def_%cl_1_95 
		 40: HASH-accesskey- def_%cl_1_96 %cl_1_95[12.39,] 
		 41: %self->nav_link_to def_%cl_1_97 %self[12.2,12.5,12.8,12.11,12.14,12.17,12.20,12.23,12.26,12.29,12.32,12.35,12.38,2.0,] %cl_1_93[12.37,] %cl_1_94[12.38,] %cl_1_96[12.40,] 	 SYMBOL:	 ARGS:%cl_1_93,%cl_1_94,%cl_1_96,
		 42: 
		 43: COPY TYPE_StringLiteral "Health" def_%cl_1_98 
		 44: %self->admin_health_path def_%cl_1_99 %self[12.2,12.5,12.8,12.11,12.14,12.17,12.20,12.23,12.26,12.29,12.32,12.35,12.38,12.41,2.0,] 	 SYMBOL:	 ARGS:
		 45: COPY TYPE_StringLiteral "6" def_%cl_1_100 
		 46: HASH-accesskey- def_%cl_1_101 %cl_1_100[12.45,] 
		 47: %self->nav_link_to def_%cl_1_102 %self[12.2,12.5,12.8,12.11,12.14,12.17,12.20,12.23,12.26,12.29,12.32,12.35,12.38,12.41,12.44,2.0,] %cl_1_98[12.43,] %cl_1_99[12.44,] %cl_1_101[12.46,] 	 SYMBOL:	 ARGS:%cl_1_98,%cl_1_99,%cl_1_101,
		 48: 
		 49: COPY TYPE_StringLiteral "Logout" def_%cl_1_103 
		 50: %self->admin_session_path def_%cl_1_104 %self[12.2,12.5,12.8,12.11,12.14,12.17,12.20,12.23,12.26,12.29,12.32,12.35,12.38,12.41,12.44,12.47,2.0,] 	 SYMBOL:	 ARGS:
		 51: COPY TYPE_StringLiteral "l" def_%cl_1_105 
		 52: HASH-accesskey-method- def_%cl_1_106 %cl_1_105[12.51,] 
		 53: %self->link_to def_%cl_1_107 %self[12.2,12.5,12.8,12.11,12.14,12.17,12.20,12.23,12.26,12.29,12.32,12.35,12.38,12.41,12.44,12.47,12.50,2.0,] %cl_1_103[12.49,] %cl_1_104[12.50,] %cl_1_106[12.52,] 	 SYMBOL:	 ARGS:%cl_1_103,%cl_1_104,%cl_1_106,
		 54: 
		 55: COPY TYPE_StringLiteral "View Site" def_%cl_1_108 
		 56: %self->root_path def_%cl_1_109 %self[12.2,12.5,12.8,12.11,12.14,12.17,12.20,12.23,12.26,12.29,12.32,12.35,12.38,12.41,12.44,12.47,12.50,12.53,2.0,] 	 SYMBOL:	 ARGS:
		 57: COPY TYPE_StringLiteral "v" def_%cl_1_110 
		 58: COPY TYPE_StringLiteral "View Site" def_%cl_1_111 
		 59: HASH-accesskey-title- def_%cl_1_112 %cl_1_110[12.57,] %cl_1_111[12.58,] 
		 60: %self->link_to def_%cl_1_113 %self[12.2,12.5,12.8,12.11,12.14,12.17,12.20,12.23,12.26,12.29,12.32,12.35,12.38,12.41,12.44,12.47,12.50,12.53,12.56,2.0,] %cl_1_108[12.55,] %cl_1_109[12.56,] %cl_1_112[12.59,] 	 SYMBOL:	 ARGS:%cl_1_108,%cl_1_109,%cl_1_112,
		 61: RETURN %cl_1_113[12.60,] %self[12.2,12.5,12.8,12.11,12.14,12.17,12.20,12.23,12.26,12.29,12.32,12.35,12.38,12.41,12.44,12.47,12.50,12.53,12.56,12.60,2.0,] 
BB 13
	outgoing: 15 
	datadep: 
	instructions:
		 0: def_%cl_1_114 
		 1: def_%cl_1_115 %cl_1_114[13.0,] 
		 2: RETURN %cl_1_115[13.1,] %self[2.0,] 
BB 15
	outgoing: 
	datadep: 
	instructions:
CLOSURE END: 
		 18: RETURN %v_12[2.17,] %self[2.0,2.7,2.14,2.16,] 
BB 3
	outgoing: 
	datadep: 
	instructions:

SET IRMethod, name = show instanceMethod = true
BB 1
	outgoing: 3 2 
	datadep: 
	instructions:
BB 2
	outgoing: 3 
	datadep: 
	instructions:
		 0: def_%self 
		 1: def_%v_0 
		 2: COPY TYPE_CurrentScope def_%current_scope 
		 3: COPY TYPE_ScopeModule def_%current_module 
		 4: 
		 5: 
		 6: %self->respond_to def_%v_3 %self[2.0,] %self[2.0,] 	 SYMBOL:	 ARGS:%self,
CLOSURE BEGIN: format[] %self[2.0,] 
BB 1
	outgoing: 6 2 
	datadep: 
	instructions:
BB 2
	outgoing: 3 
	datadep: 
	instructions:
		 0: def_%self 
		 1: def_%cl_1_0 
		 2: RECEIVEARG def_format 
		 3: COPY TYPE_CurrentScope def_%current_scope 
		 4: COPY TYPE_ScopeModule def_%current_module 
BB 3
	outgoing: 4 6 
	datadep: 
	instructions:
		 0: 
		 1: format->html def_%cl_1_3 format[2.2,] %self[2.0,] 	 SYMBOL:	 ARGS:format,
CLOSURE BEGIN: %self[2.0,] 
BB 1
	outgoing: 6 2 
	datadep: 
	instructions:
BB 2
	outgoing: 3 
	datadep: 
	instructions:
		 0: def_%self 
		 1: def_%cl_2_0 
		 2: COPY TYPE_CurrentScope def_%current_scope 
		 3: COPY TYPE_ScopeModule def_%current_module 
BB 3
	outgoing: 4 6 
	datadep: 
	instructions:
		 0: 
		 1: %self->ruby_code_from_view def_%cl_2_3 %self[2.0,] 	 SYMBOL:	 ARGS:
		 2: %cl_2_3->ruby_code_from_view def_%cl_2_4 %cl_2_3[3.1,] %self[3.1,2.0,] 	 SYMBOL:	 ARGS:%cl_2_3,
CLOSURE BEGIN: %self[3.1,2.0,] 
BB 1
	outgoing: 9 2 
	datadep: 
	instructions:
BB 2
	outgoing: 3 
	datadep: 
	instructions:
		 0: def_%self 
		 1: def_%cl_3_0 
		 2: RECEIVEARG def_rb_from_view 
		 3: COPY TYPE_CurrentScope def_%current_scope 
		 4: COPY TYPE_ScopeModule def_%current_module 
BB 3
	outgoing: 4 5 7 
	datadep: 
	instructions:
		 0: 
		 1: %self->enki_config def_%cl_3_3 %self[2.0,] 	 SYMBOL:	 ARGS:
		 2: %cl_3_3->[] def_%cl_3_4 %cl_3_3[3.1,] 	 SYMBOL:title,	 ARGS:Symbol,
		 3: 
		 4: %self->csrf_meta_tag def_%cl_3_5 %self[3.1,2.0,] 	 SYMBOL:	 ARGS:
		 5: 
		 6: COPY TYPE_StringLiteral "admin" def_%cl_3_6 
		 7: %self->javascript_include_tag def_%cl_3_7 %self[3.1,3.4,2.0,] %cl_3_6[3.6,] 	 SYMBOL:	 ARGS:%cl_3_6,
		 8: 
		 9: COPY TYPE_StringLiteral "admin" def_%cl_3_8 
		 10: %self->stylesheet_link_tag def_%cl_3_9 %self[3.1,3.4,3.7,2.0,] %cl_3_8[3.9,] 	 SYMBOL:	 ARGS:%cl_3_8,
		 11: 
		 12: def_%cl_3_10 %cl_3_0[2.1,] 
		 13: 
		 14: %self->flash def_%cl_3_11 %self[3.1,3.4,3.7,3.10,2.0,] 	 SYMBOL:	 ARGS:
		 15: %cl_3_11->[] def_%cl_3_12 %cl_3_11[3.14,] 	 SYMBOL:notice,	 ARGS:Symbol,
		 16: BRANCH %cl_3_12[3.15,] 
BB 4
	outgoing: 6 7 
	datadep: 
	instructions:
		 0: 
		 1: %self->javascript_tag def_%cl_3_13 %self[2.0,] %self[2.0,] 	 SYMBOL:	 ARGS:%self,
CLOSURE BEGIN: %self[2.0,] 
BB 1
	outgoing: 6 2 
	datadep: 
	instructions:
BB 2
	outgoing: 3 
	datadep: 
	instructions:
		 0: def_%self 
		 1: def_%cl_4_0 
		 2: COPY TYPE_CurrentScope def_%current_scope 
		 3: COPY TYPE_ScopeModule def_%current_module 
BB 3
	outgoing: 4 6 
	datadep: 
	instructions:
		 0: 
		 1: %self->flash def_%cl_4_3 %self[2.0,] 	 SYMBOL:	 ARGS:
		 2: %cl_4_3->[] def_%cl_4_4 %cl_4_3[3.1,] 	 SYMBOL:notice,	 ARGS:Symbol,
		 3: %self->escape_javascript def_%cl_4_5 %self[3.1,2.0,] %cl_4_4[3.2,] 	 SYMBOL:	 ARGS:%cl_4_4,
		 4: RETURN %cl_4_5[3.3,] %self[3.1,3.3,2.0,] 
BB 4
	outgoing: 6 
	datadep: 
	instructions:
		 0: def_%cl_4_6 
		 1: def_%cl_4_7 %cl_4_6[4.0,] 
		 2: RETURN %cl_4_7[4.1,] %self[2.0,] 
BB 6
	outgoing: 
	datadep: 
	instructions:
CLOSURE END: 
		 2: 
BB 5
	outgoing: 6 
	datadep: 
	instructions:
		 0: COPY TYPE_Nil def_%cl_3_13 
BB 6
	outgoing: 7 9 
	datadep: 
	instructions:
		 0: 
		 1: %self->comment def_%cl_3_14 %self[2.0,] 	 SYMBOL:	 ARGS:
		 2: %cl_3_14->id def_%cl_3_15 %cl_3_14[6.1,] 	 SYMBOL:	 ARGS:
		 3: 
		 4: COPY TYPE_StringLiteral "" def_%cl_3_16 
		 5: COPY TYPE_StringLiteral "alt" def_%cl_3_17 
		 6: %self->cycle def_%cl_3_18 %self[6.1,2.0,] %cl_3_16[6.4,] %cl_3_17[6.5,] 	 SYMBOL:	 ARGS:%cl_3_16,%cl_3_17,
		 7: 
		 8: %self->comment def_%cl_3_19 %self[6.1,6.6,2.0,] 	 SYMBOL:	 ARGS:
		 9: %cl_3_19->created_at def_%cl_3_20 %cl_3_19[6.8,] 	 SYMBOL:	 ARGS:
		 10: COPY TYPE_StringLiteral "%d %b, %Y" def_%cl_3_21 
		 11: %cl_3_20->strftime def_%cl_3_22 %cl_3_20[6.9,] %cl_3_21[6.10,] 	 SYMBOL:	 ARGS:%cl_3_21,
		 12: 
		 13: %self->comment def_%cl_3_23 %self[6.1,6.6,6.8,2.0,] 	 SYMBOL:	 ARGS:
		 14: %cl_3_23->author def_%cl_3_24 %cl_3_23[6.13,] 	 SYMBOL:	 ARGS:
		 15: %self->comment def_%cl_3_25 %self[6.1,6.6,6.8,6.13,2.0,] 	 SYMBOL:	 ARGS:
		 16: %self->admin_comment_path def_%cl_3_26 %self[6.1,6.6,6.8,6.13,6.15,2.0,] %cl_3_25[6.15,] 	 SYMBOL:	 ARGS:%cl_3_25,
		 17: %self->link_to def_%cl_3_27 %self[6.1,6.6,6.8,6.13,6.15,6.16,2.0,] %cl_3_24[6.14,] %cl_3_26[6.16,] 	 SYMBOL:	 ARGS:%cl_3_24,%cl_3_26,
		 18: 
		 19: %self->comment def_%cl_3_28 %self[6.1,6.6,6.8,6.13,6.15,6.16,6.17,2.0,] 	 SYMBOL:	 ARGS:
		 20: %cl_3_28->body def_%cl_3_29 %cl_3_28[6.19,] 	 SYMBOL:	 ARGS:
		 21: HASH-length- def_%cl_3_30 
		 22: %self->truncate def_%cl_3_31 %self[6.1,6.6,6.8,6.13,6.15,6.16,6.17,6.19,2.0,] %cl_3_29[6.20,] %cl_3_30[6.21,] 	 SYMBOL:	 ARGS:%cl_3_29,%cl_3_30,
		 23: 
		 24: %self->comment def_%cl_3_32 %self[6.1,6.6,6.8,6.13,6.15,6.16,6.17,6.19,6.22,2.0,] 	 SYMBOL:	 ARGS:
		 25: %cl_3_32->post_title def_%cl_3_33 %cl_3_32[6.24,] 	 SYMBOL:	 ARGS:
		 26: %self->comment def_%cl_3_34 %self[6.1,6.6,6.8,6.13,6.15,6.16,6.17,6.19,6.22,6.24,2.0,] 	 SYMBOL:	 ARGS:
		 27: %cl_3_34->post def_%cl_3_35 %cl_3_34[6.26,] 	 SYMBOL:	 ARGS:
		 28: %self->admin_post_path def_%cl_3_36 %self[6.1,6.6,6.8,6.13,6.15,6.16,6.17,6.19,6.22,6.24,6.26,2.0,] %cl_3_35[6.27,] 	 SYMBOL:	 ARGS:%cl_3_35,
		 29: %self->link_to def_%cl_3_37 %self[6.1,6.6,6.8,6.13,6.15,6.16,6.17,6.19,6.22,6.24,6.26,6.28,2.0,] %cl_3_33[6.25,] %cl_3_36[6.28,] 	 SYMBOL:	 ARGS:%cl_3_33,%cl_3_36,
		 30: 
		 31: COPY TYPE_StringLiteral "silk/pencil.png" def_%cl_3_38 
		 32: COPY TYPE_StringLiteral "edit" def_%cl_3_39 
		 33: HASH-alt- def_%cl_3_40 %cl_3_39[6.32,] 
		 34: %self->image_tag def_%cl_3_41 %self[6.1,6.6,6.8,6.13,6.15,6.16,6.17,6.19,6.22,6.24,6.26,6.28,6.29,2.0,] %cl_3_38[6.31,] %cl_3_40[6.33,] 	 SYMBOL:	 ARGS:%cl_3_38,%cl_3_40,
		 35: %self->comment def_%cl_3_42 %self[6.1,6.6,6.8,6.13,6.15,6.16,6.17,6.19,6.22,6.24,6.26,6.28,6.29,6.34,2.0,] 	 SYMBOL:	 ARGS:
		 36: %self->admin_comment_path def_%cl_3_43 %self[6.1,6.6,6.8,6.13,6.15,6.16,6.17,6.19,6.22,6.24,6.26,6.28,6.29,6.34,6.35,2.0,] %cl_3_42[6.35,] 	 SYMBOL:	 ARGS:%cl_3_42,
		 37: %self->link_to def_%cl_3_44 %self[6.1,6.6,6.8,6.13,6.15,6.16,6.17,6.19,6.22,6.24,6.26,6.28,6.29,6.34,6.35,6.36,2.0,] %cl_3_41[6.34,] %cl_3_43[6.36,] 	 SYMBOL:	 ARGS:%cl_3_41,%cl_3_43,
		 38: 
		 39: %self->comment def_%cl_3_45 %self[6.1,6.6,6.8,6.13,6.15,6.16,6.17,6.19,6.22,6.24,6.26,6.28,6.29,6.34,6.35,6.36,6.37,2.0,] 	 SYMBOL:	 ARGS:
		 40: %self->comment def_%cl_3_46 %self[6.1,6.6,6.8,6.13,6.15,6.16,6.17,6.19,6.22,6.24,6.26,6.28,6.29,6.34,6.35,6.36,6.37,6.39,2.0,] 	 SYMBOL:	 ARGS:
		 41: %self->admin_comment_path def_%cl_3_47 %self[6.1,6.6,6.8,6.13,6.15,6.16,6.17,6.19,6.22,6.24,6.26,6.28,6.29,6.34,6.35,6.36,6.37,6.39,6.40,2.0,] %cl_3_46[6.40,] 	 SYMBOL:	 ARGS:%cl_3_46,
		 42: COPY TYPE_StringLiteral "delete-item" def_%cl_3_48 
		 43: HASH-class-method- def_%cl_3_49 %cl_3_48[6.42,] 
		 44: HASH-as-url-html- def_%cl_3_50 %cl_3_47[6.41,] %cl_3_49[6.43,] 
		 45: %self->form_for def_%cl_3_51 %self[6.1,6.6,6.8,6.13,6.15,6.16,6.17,6.19,6.22,6.24,6.26,6.28,6.29,6.34,6.35,6.36,6.37,6.39,6.40,6.41,2.0,] %cl_3_45[6.39,] %cl_3_50[6.44,] %self[6.1,6.6,6.8,6.13,6.15,6.16,6.17,6.19,6.22,6.24,6.26,6.28,6.29,6.34,6.35,6.36,6.37,6.39,6.40,6.41,2.0,] 	 SYMBOL:	 ARGS:%cl_3_45,%cl_3_50,%self,
CLOSURE BEGIN: %self[6.1,6.6,6.8,6.13,6.15,6.16,6.17,6.19,6.22,6.24,6.26,6.28,6.29,6.34,6.35,6.36,6.37,6.39,6.40,6.41,2.0,] 
BB 1
	outgoing: 6 2 
	datadep: 
	instructions:
BB 2
	outgoing: 3 
	datadep: 
	instructions:
		 0: def_%self 
		 1: def_%cl_5_0 
		 2: RECEIVEARG def_form 
		 3: COPY TYPE_CurrentScope def_%current_scope 
		 4: COPY TYPE_ScopeModule def_%current_module 
BB 3
	outgoing: 4 6 
	datadep: 
	instructions:
		 0: 
		 1: COPY TYPE_StringLiteral "silk/delete.png" def_%cl_5_3 
		 2: COPY TYPE_StringLiteral "Delete Comment" def_%cl_5_4 
		 3: HASH-alt- def_%cl_5_5 %cl_5_4[3.2,] 
		 4: %self->image_submit_tag def_%cl_5_6 %self[2.0,] %cl_5_3[3.1,] %cl_5_5[3.3,] 	 SYMBOL:	 ARGS:%cl_5_3,%cl_5_5,
		 5: RETURN %cl_5_6[3.4,] %self[3.4,2.0,] 
BB 4
	outgoing: 6 
	datadep: 
	instructions:
		 0: def_%cl_5_7 
		 1: def_%cl_5_8 %cl_5_7[4.0,] 
		 2: RETURN %cl_5_8[4.1,] %self[2.0,] 
BB 6
	outgoing: 
	datadep: 
	instructions:
CLOSURE END: 
		 46: 
		 47: COPY TYPE_StringLiteral "Dashboard" def_%cl_3_52 
		 48: %self->admin_root_path def_%cl_3_53 %self[6.1,6.6,6.8,6.13,6.15,6.16,6.17,6.19,6.22,6.24,6.26,6.28,6.29,6.34,6.35,6.36,6.37,6.39,6.40,6.41,6.45,2.0,] 	 SYMBOL:	 ARGS:
		 49: COPY TYPE_StringLiteral "1" def_%cl_3_54 
		 50: HASH-accesskey- def_%cl_3_55 %cl_3_54[6.49,] 
		 51: %self->nav_link_to def_%cl_3_56 %self[6.1,6.6,6.8,6.13,6.15,6.16,6.17,6.19,6.22,6.24,6.26,6.28,6.29,6.34,6.35,6.36,6.37,6.39,6.40,6.41,6.45,6.48,2.0,] %cl_3_52[6.47,] %cl_3_53[6.48,] %cl_3_55[6.50,] 	 SYMBOL:	 ARGS:%cl_3_52,%cl_3_53,%cl_3_55,
		 52: 
		 53: COPY TYPE_StringLiteral "Posts" def_%cl_3_57 
		 54: %self->admin_posts_path def_%cl_3_58 %self[6.1,6.6,6.8,6.13,6.15,6.16,6.17,6.19,6.22,6.24,6.26,6.28,6.29,6.34,6.35,6.36,6.37,6.39,6.40,6.41,6.45,6.48,6.51,2.0,] 	 SYMBOL:	 ARGS:
		 55: COPY TYPE_StringLiteral "2" def_%cl_3_59 
		 56: HASH-accesskey- def_%cl_3_60 %cl_3_59[6.55,] 
		 57: %self->nav_link_to def_%cl_3_61 %self[6.1,6.6,6.8,6.13,6.15,6.16,6.17,6.19,6.22,6.24,6.26,6.28,6.29,6.34,6.35,6.36,6.37,6.39,6.40,6.41,6.45,6.48,6.51,6.54,2.0,] %cl_3_57[6.53,] %cl_3_58[6.54,] %cl_3_60[6.56,] 	 SYMBOL:	 ARGS:%cl_3_57,%cl_3_58,%cl_3_60,
		 58: 
		 59: COPY TYPE_StringLiteral "(+)" def_%cl_3_62 
		 60: %self->new_admin_post_path def_%cl_3_63 %self[6.1,6.6,6.8,6.13,6.15,6.16,6.17,6.19,6.22,6.24,6.26,6.28,6.29,6.34,6.35,6.36,6.37,6.39,6.40,6.41,6.45,6.48,6.51,6.54,6.57,2.0,] 	 SYMBOL:	 ARGS:
		 61: COPY TYPE_StringLiteral "n" def_%cl_3_64 
		 62: HASH-accesskey- def_%cl_3_65 %cl_3_64[6.61,] 
		 63: %self->nav_link_to def_%cl_3_66 %self[6.1,6.6,6.8,6.13,6.15,6.16,6.17,6.19,6.22,6.24,6.26,6.28,6.29,6.34,6.35,6.36,6.37,6.39,6.40,6.41,6.45,6.48,6.51,6.54,6.57,6.60,2.0,] %cl_3_62[6.59,] %cl_3_63[6.60,] %cl_3_65[6.62,] 	 SYMBOL:	 ARGS:%cl_3_62,%cl_3_63,%cl_3_65,
		 64: 
		 65: COPY TYPE_StringLiteral "Pages" def_%cl_3_67 
		 66: %self->admin_pages_path def_%cl_3_68 %self[6.1,6.6,6.8,6.13,6.15,6.16,6.17,6.19,6.22,6.24,6.26,6.28,6.29,6.34,6.35,6.36,6.37,6.39,6.40,6.41,6.45,6.48,6.51,6.54,6.57,6.60,6.63,2.0,] 	 SYMBOL:	 ARGS:
		 67: COPY TYPE_StringLiteral "3" def_%cl_3_69 
		 68: HASH-accesskey- def_%cl_3_70 %cl_3_69[6.67,] 
		 69: %self->nav_link_to def_%cl_3_71 %self[6.1,6.6,6.8,6.13,6.15,6.16,6.17,6.19,6.22,6.24,6.26,6.28,6.29,6.34,6.35,6.36,6.37,6.39,6.40,6.41,6.45,6.48,6.51,6.54,6.57,6.60,6.63,6.66,2.0,] %cl_3_67[6.65,] %cl_3_68[6.66,] %cl_3_70[6.68,] 	 SYMBOL:	 ARGS:%cl_3_67,%cl_3_68,%cl_3_70,
		 70: 
		 71: COPY TYPE_StringLiteral "(+)" def_%cl_3_72 
		 72: %self->new_admin_page_path def_%cl_3_73 %self[6.1,6.6,6.8,6.13,6.15,6.16,6.17,6.19,6.22,6.24,6.26,6.28,6.29,6.34,6.35,6.36,6.37,6.39,6.40,6.41,6.45,6.48,6.51,6.54,6.57,6.60,6.63,6.66,6.69,2.0,] 	 SYMBOL:	 ARGS:
		 73: COPY TYPE_StringLiteral "p" def_%cl_3_74 
		 74: HASH-accesskey- def_%cl_3_75 %cl_3_74[6.73,] 
		 75: %self->nav_link_to def_%cl_3_76 %self[6.1,6.6,6.8,6.13,6.15,6.16,6.17,6.19,6.22,6.24,6.26,6.28,6.29,6.34,6.35,6.36,6.37,6.39,6.40,6.41,6.45,6.48,6.51,6.54,6.57,6.60,6.63,6.66,6.69,6.72,2.0,] %cl_3_72[6.71,] %cl_3_73[6.72,] %cl_3_75[6.74,] 	 SYMBOL:	 ARGS:%cl_3_72,%cl_3_73,%cl_3_75,
		 76: 
		 77: COPY TYPE_StringLiteral "Comments" def_%cl_3_77 
		 78: %self->admin_comments_path def_%cl_3_78 %self[6.1,6.6,6.8,6.13,6.15,6.16,6.17,6.19,6.22,6.24,6.26,6.28,6.29,6.34,6.35,6.36,6.37,6.39,6.40,6.41,6.45,6.48,6.51,6.54,6.57,6.60,6.63,6.66,6.69,6.72,6.75,2.0,] 	 SYMBOL:	 ARGS:
		 79: COPY TYPE_StringLiteral "4" def_%cl_3_79 
		 80: HASH-accesskey- def_%cl_3_80 %cl_3_79[6.79,] 
		 81: %self->nav_link_to def_%cl_3_81 %self[6.1,6.6,6.8,6.13,6.15,6.16,6.17,6.19,6.22,6.24,6.26,6.28,6.29,6.34,6.35,6.36,6.37,6.39,6.40,6.41,6.45,6.48,6.51,6.54,6.57,6.60,6.63,6.66,6.69,6.72,6.75,6.78,2.0,] %cl_3_77[6.77,] %cl_3_78[6.78,] %cl_3_80[6.80,] 	 SYMBOL:	 ARGS:%cl_3_77,%cl_3_78,%cl_3_80,
		 82: 
		 83: COPY TYPE_StringLiteral "Actions" def_%cl_3_82 
		 84: %self->admin_undo_items_path def_%cl_3_83 %self[6.1,6.6,6.8,6.13,6.15,6.16,6.17,6.19,6.22,6.24,6.26,6.28,6.29,6.34,6.35,6.36,6.37,6.39,6.40,6.41,6.45,6.48,6.51,6.54,6.57,6.60,6.63,6.66,6.69,6.72,6.75,6.78,6.81,2.0,] 	 SYMBOL:	 ARGS:
		 85: COPY TYPE_StringLiteral "5" def_%cl_3_84 
		 86: HASH-accesskey- def_%cl_3_85 %cl_3_84[6.85,] 
		 87: %self->nav_link_to def_%cl_3_86 %self[6.1,6.6,6.8,6.13,6.15,6.16,6.17,6.19,6.22,6.24,6.26,6.28,6.29,6.34,6.35,6.36,6.37,6.39,6.40,6.41,6.45,6.48,6.51,6.54,6.57,6.60,6.63,6.66,6.69,6.72,6.75,6.78,6.81,6.84,2.0,] %cl_3_82[6.83,] %cl_3_83[6.84,] %cl_3_85[6.86,] 	 SYMBOL:	 ARGS:%cl_3_82,%cl_3_83,%cl_3_85,
		 88: 
		 89: COPY TYPE_StringLiteral "Health" def_%cl_3_87 
		 90: %self->admin_health_path def_%cl_3_88 %self[6.1,6.6,6.8,6.13,6.15,6.16,6.17,6.19,6.22,6.24,6.26,6.28,6.29,6.34,6.35,6.36,6.37,6.39,6.40,6.41,6.45,6.48,6.51,6.54,6.57,6.60,6.63,6.66,6.69,6.72,6.75,6.78,6.81,6.84,6.87,2.0,] 	 SYMBOL:	 ARGS:
		 91: COPY TYPE_StringLiteral "6" def_%cl_3_89 
		 92: HASH-accesskey- def_%cl_3_90 %cl_3_89[6.91,] 
		 93: %self->nav_link_to def_%cl_3_91 %self[6.1,6.6,6.8,6.13,6.15,6.16,6.17,6.19,6.22,6.24,6.26,6.28,6.29,6.34,6.35,6.36,6.37,6.39,6.40,6.41,6.45,6.48,6.51,6.54,6.57,6.60,6.63,6.66,6.69,6.72,6.75,6.78,6.81,6.84,6.87,6.90,2.0,] %cl_3_87[6.89,] %cl_3_88[6.90,] %cl_3_90[6.92,] 	 SYMBOL:	 ARGS:%cl_3_87,%cl_3_88,%cl_3_90,
		 94: 
		 95: COPY TYPE_StringLiteral "Logout" def_%cl_3_92 
		 96: %self->admin_session_path def_%cl_3_93 %self[6.1,6.6,6.8,6.13,6.15,6.16,6.17,6.19,6.22,6.24,6.26,6.28,6.29,6.34,6.35,6.36,6.37,6.39,6.40,6.41,6.45,6.48,6.51,6.54,6.57,6.60,6.63,6.66,6.69,6.72,6.75,6.78,6.81,6.84,6.87,6.90,6.93,2.0,] 	 SYMBOL:	 ARGS:
		 97: COPY TYPE_StringLiteral "l" def_%cl_3_94 
		 98: HASH-accesskey-method- def_%cl_3_95 %cl_3_94[6.97,] 
		 99: %self->link_to def_%cl_3_96 %self[6.1,6.6,6.8,6.13,6.15,6.16,6.17,6.19,6.22,6.24,6.26,6.28,6.29,6.34,6.35,6.36,6.37,6.39,6.40,6.41,6.45,6.48,6.51,6.54,6.57,6.60,6.63,6.66,6.69,6.72,6.75,6.78,6.81,6.84,6.87,6.90,6.93,6.96,2.0,] %cl_3_92[6.95,] %cl_3_93[6.96,] %cl_3_95[6.98,] 	 SYMBOL:	 ARGS:%cl_3_92,%cl_3_93,%cl_3_95,
		 100: 
		 101: COPY TYPE_StringLiteral "View Site" def_%cl_3_97 
		 102: %self->root_path def_%cl_3_98 %self[6.1,6.6,6.8,6.13,6.15,6.16,6.17,6.19,6.22,6.24,6.26,6.28,6.29,6.34,6.35,6.36,6.37,6.39,6.40,6.41,6.45,6.48,6.51,6.54,6.57,6.60,6.63,6.66,6.69,6.72,6.75,6.78,6.81,6.84,6.87,6.90,6.93,6.96,6.99,2.0,] 	 SYMBOL:	 ARGS:
		 103: COPY TYPE_StringLiteral "v" def_%cl_3_99 
		 104: COPY TYPE_StringLiteral "View Site" def_%cl_3_100 
		 105: HASH-accesskey-title- def_%cl_3_101 %cl_3_99[6.103,] %cl_3_100[6.104,] 
		 106: %self->link_to def_%cl_3_102 %self[6.1,6.6,6.8,6.13,6.15,6.16,6.17,6.19,6.22,6.24,6.26,6.28,6.29,6.34,6.35,6.36,6.37,6.39,6.40,6.41,6.45,6.48,6.51,6.54,6.57,6.60,6.63,6.66,6.69,6.72,6.75,6.78,6.81,6.84,6.87,6.90,6.93,6.96,6.99,6.102,2.0,] %cl_3_97[6.101,] %cl_3_98[6.102,] %cl_3_101[6.105,] 	 SYMBOL:	 ARGS:%cl_3_97,%cl_3_98,%cl_3_101,
		 107: RETURN %cl_3_102[6.106,] %self[6.1,6.6,6.8,6.13,6.15,6.16,6.17,6.19,6.22,6.24,6.26,6.28,6.29,6.34,6.35,6.36,6.37,6.39,6.40,6.41,6.45,6.48,6.51,6.54,6.57,6.60,6.63,6.66,6.69,6.72,6.75,6.78,6.81,6.84,6.87,6.90,6.93,6.96,6.99,6.102,6.106,2.0,] 
BB 7
	outgoing: 9 
	datadep: 
	instructions:
		 0: def_%cl_3_103 
		 1: def_%cl_3_104 %cl_3_103[7.0,] 
		 2: RETURN %cl_3_104[7.1,] %self[2.0,] 
BB 9
	outgoing: 
	datadep: 
	instructions:
CLOSURE END: 
		 3: RETURN %cl_2_4[3.2,] %self[3.1,2.0,] 
BB 4
	outgoing: 6 
	datadep: 
	instructions:
		 0: def_%cl_2_5 
		 1: def_%cl_2_6 %cl_2_5[4.0,] 
		 2: RETURN %cl_2_6[4.1,] %self[2.0,] 
BB 6
	outgoing: 
	datadep: 
	instructions:
CLOSURE END: 
		 2: RETURN %cl_1_3[3.1,] %self[2.0,] 
BB 4
	outgoing: 6 
	datadep: 
	instructions:
		 0: def_%cl_1_4 
		 1: def_%cl_1_5 %cl_1_4[4.0,] 
		 2: RETURN %cl_1_5[4.1,] %self[2.0,] 
BB 6
	outgoing: 
	datadep: 
	instructions:
CLOSURE END: 
		 7: 
		 8: %self->ruby_code_from_view def_%v_4 %self[2.0,2.6,] 	 SYMBOL:	 ARGS:
		 9: %v_4->ruby_code_from_view def_%v_5 %v_4[2.8,] %self[2.0,2.6,2.8,] 	 SYMBOL:	 ARGS:%v_4,
CLOSURE BEGIN: %self[2.0,2.6,2.8,] form[] 
BB 1
	outgoing: 9 2 
	datadep: 
	instructions:
BB 2
	outgoing: 3 
	datadep: 
	instructions:
		 0: def_%self 
		 1: def_%cl_6_0 
		 2: RECEIVEARG def_rb_from_view 
		 3: COPY TYPE_CurrentScope def_%current_scope 
		 4: COPY TYPE_ScopeModule def_%current_module 
BB 3
	outgoing: 4 5 7 
	datadep: 
	instructions:
		 0: 
		 1: %self->enki_config def_%cl_6_3 %self[2.0,] 	 SYMBOL:	 ARGS:
		 2: %cl_6_3->[] def_%cl_6_4 %cl_6_3[3.1,] 	 SYMBOL:title,	 ARGS:Symbol,
		 3: 
		 4: %self->csrf_meta_tag def_%cl_6_5 %self[3.1,2.0,] 	 SYMBOL:	 ARGS:
		 5: 
		 6: COPY TYPE_StringLiteral "admin" def_%cl_6_6 
		 7: %self->javascript_include_tag def_%cl_6_7 %self[3.1,3.4,2.0,] %cl_6_6[3.6,] 	 SYMBOL:	 ARGS:%cl_6_6,
		 8: 
		 9: COPY TYPE_StringLiteral "admin" def_%cl_6_8 
		 10: %self->stylesheet_link_tag def_%cl_6_9 %self[3.1,3.4,3.7,2.0,] %cl_6_8[3.9,] 	 SYMBOL:	 ARGS:%cl_6_8,
		 11: 
		 12: def_%cl_6_10 %cl_6_0[2.1,] 
		 13: 
		 14: %self->flash def_%cl_6_11 %self[3.1,3.4,3.7,3.10,2.0,] 	 SYMBOL:	 ARGS:
		 15: %cl_6_11->[] def_%cl_6_12 %cl_6_11[3.14,] 	 SYMBOL:notice,	 ARGS:Symbol,
		 16: BRANCH %cl_6_12[3.15,] 
BB 4
	outgoing: 6 7 
	datadep: 
	instructions:
		 0: 
		 1: %self->javascript_tag def_%cl_6_13 %self[2.0,] %self[2.0,] 	 SYMBOL:	 ARGS:%self,
CLOSURE BEGIN: %self[2.0,] 
BB 1
	outgoing: 6 2 
	datadep: 
	instructions:
BB 2
	outgoing: 3 
	datadep: 
	instructions:
		 0: def_%self 
		 1: def_%cl_7_0 
		 2: COPY TYPE_CurrentScope def_%current_scope 
		 3: COPY TYPE_ScopeModule def_%current_module 
BB 3
	outgoing: 4 6 
	datadep: 
	instructions:
		 0: 
		 1: %self->flash def_%cl_7_3 %self[2.0,] 	 SYMBOL:	 ARGS:
		 2: %cl_7_3->[] def_%cl_7_4 %cl_7_3[3.1,] 	 SYMBOL:notice,	 ARGS:Symbol,
		 3: %self->escape_javascript def_%cl_7_5 %self[3.1,2.0,] %cl_7_4[3.2,] 	 SYMBOL:	 ARGS:%cl_7_4,
		 4: RETURN %cl_7_5[3.3,] %self[3.1,3.3,2.0,] 
BB 4
	outgoing: 6 
	datadep: 
	instructions:
		 0: def_%cl_7_6 
		 1: def_%cl_7_7 %cl_7_6[4.0,] 
		 2: RETURN %cl_7_7[4.1,] %self[2.0,] 
BB 6
	outgoing: 
	datadep: 
	instructions:
CLOSURE END: 
		 2: 
BB 5
	outgoing: 6 
	datadep: 
	instructions:
		 0: COPY TYPE_Nil def_%cl_6_13 
BB 6
	outgoing: 7 9 
	datadep: 
	instructions:
		 0: 
		 1: GETFIELD %self->comment def_%cl_6_14 %self[2.0,] 
		 2: %cl_6_14->author def_%cl_6_15 %cl_6_14[6.1,] 	 SYMBOL:	 ARGS:
		 3: 
		 4: GETFIELD %self->comment def_%cl_6_16 %self[2.0,] 
		 5: COPY TYPE_Array def_%cl_6_17 %cl_6_16[6.4,] 
		 6: %self->semantic_form_for def_%cl_6_18 %self[2.0,] %cl_6_17[6.5,] %self[2.0,] 	 SYMBOL:	 ARGS:%cl_6_17,%self,
CLOSURE BEGIN: form[] %self[2.0,] 
BB 1
	outgoing: 6 2 
	datadep: 
	instructions:
BB 2
	outgoing: 3 
	datadep: 
	instructions:
		 0: def_%self 
		 1: def_%cl_8_0 
		 2: RECEIVEARG def_form 
		 3: COPY TYPE_CurrentScope def_%current_scope 
		 4: COPY TYPE_ScopeModule def_%current_module 
BB 3
	outgoing: 4 6 
	datadep: 
	instructions:
		 0: 
		 1: form->inputs def_%cl_8_3 form[2.2,] %self[2.0,] 	 SYMBOL:	 ARGS:form,
CLOSURE BEGIN: form[2.2,] 
BB 1
	outgoing: 6 2 
	datadep: 
	instructions:
BB 2
	outgoing: 3 
	datadep: 
	instructions:
		 0: def_%self 
		 1: def_%cl_9_0 
		 2: COPY TYPE_CurrentScope def_%current_scope 
		 3: COPY TYPE_ScopeModule def_%current_module 
BB 3
	outgoing: 4 6 
	datadep: 
	instructions:
		 0: 
		 1: form->input def_%cl_9_3 form[] 	 SYMBOL:author,	 ARGS:Symbol,
		 2: 
		 3: HASH-required- def_%cl_9_4 
		 4: form->input def_%cl_9_5 form[3.1,] %cl_9_4[3.3,] 	 SYMBOL:author_url,	 ARGS:Symbol,%cl_9_4,
		 5: 
		 6: HASH-required- def_%cl_9_6 
		 7: form->input def_%cl_9_7 form[3.1,3.4,] %cl_9_6[3.6,] 	 SYMBOL:author_email,	 ARGS:Symbol,%cl_9_6,
		 8: 
		 9: COPY TYPE_StringLiteral "<a href='http://lesstile.rubyforge.org'>Lesstile enabled</a>." def_%cl_9_8 
		 10: %cl_9_8->html_safe def_%cl_9_9 %cl_9_8[3.9,] 	 SYMBOL:	 ARGS:
		 11: HASH-hint- def_%cl_9_10 %cl_9_9[3.10,] 
		 12: form->input def_%cl_9_11 form[3.1,3.4,3.7,] %cl_9_10[3.11,] 	 SYMBOL:body,	 ARGS:Symbol,%cl_9_10,
		 13: RETURN %cl_9_11[3.12,] %self[2.0,] 
BB 4
	outgoing: 6 
	datadep: 
	instructions:
		 0: def_%cl_9_12 
		 1: def_%cl_9_13 %cl_9_12[4.0,] 
		 2: RETURN %cl_9_13[4.1,] %self[2.0,] 
BB 6
	outgoing: 
	datadep: 
	instructions:
CLOSURE END: 
		 2: 
		 3: form->actions def_%cl_8_4 form[3.1,2.2,] %self[2.0,] 	 SYMBOL:	 ARGS:form,
CLOSURE BEGIN: form[3.1,2.2,] 
BB 1
	outgoing: 6 2 
	datadep: 
	instructions:
BB 2
	outgoing: 3 
	datadep: 
	instructions:
		 0: def_%self 
		 1: def_%cl_10_0 
		 2: COPY TYPE_CurrentScope def_%current_scope 
		 3: COPY TYPE_ScopeModule def_%current_module 
BB 3
	outgoing: 4 6 
	datadep: 
	instructions:
		 0: 
		 1: HASH-as- def_%cl_10_3 
		 2: form->action def_%cl_10_4 form[] %cl_10_3[3.1,] 	 SYMBOL:submit,	 ARGS:Symbol,%cl_10_3,
		 3: RETURN %cl_10_4[3.2,] %self[2.0,] 
BB 4
	outgoing: 6 
	datadep: 
	instructions:
		 0: def_%cl_10_5 
		 1: def_%cl_10_6 %cl_10_5[4.0,] 
		 2: RETURN %cl_10_6[4.1,] %self[2.0,] 
BB 6
	outgoing: 
	datadep: 
	instructions:
CLOSURE END: 
		 4: RETURN %cl_8_4[3.3,] %self[2.0,] 
BB 4
	outgoing: 6 
	datadep: 
	instructions:
		 0: def_%cl_8_5 
		 1: def_%cl_8_6 %cl_8_5[4.0,] 
		 2: RETURN %cl_8_6[4.1,] %self[2.0,] 
BB 6
	outgoing: 
	datadep: 
	instructions:
CLOSURE END: 
		 7: 
		 8: COPY TYPE_StringLiteral "Dashboard" def_%cl_6_19 
		 9: %self->admin_root_path def_%cl_6_20 %self[6.6,2.0,] 	 SYMBOL:	 ARGS:
		 10: COPY TYPE_StringLiteral "1" def_%cl_6_21 
		 11: HASH-accesskey- def_%cl_6_22 %cl_6_21[6.10,] 
		 12: %self->nav_link_to def_%cl_6_23 %self[6.6,6.9,2.0,] %cl_6_19[6.8,] %cl_6_20[6.9,] %cl_6_22[6.11,] 	 SYMBOL:	 ARGS:%cl_6_19,%cl_6_20,%cl_6_22,
		 13: 
		 14: COPY TYPE_StringLiteral "Posts" def_%cl_6_24 
		 15: %self->admin_posts_path def_%cl_6_25 %self[6.6,6.9,6.12,2.0,] 	 SYMBOL:	 ARGS:
		 16: COPY TYPE_StringLiteral "2" def_%cl_6_26 
		 17: HASH-accesskey- def_%cl_6_27 %cl_6_26[6.16,] 
		 18: %self->nav_link_to def_%cl_6_28 %self[6.6,6.9,6.12,6.15,2.0,] %cl_6_24[6.14,] %cl_6_25[6.15,] %cl_6_27[6.17,] 	 SYMBOL:	 ARGS:%cl_6_24,%cl_6_25,%cl_6_27,
		 19: 
		 20: COPY TYPE_StringLiteral "(+)" def_%cl_6_29 
		 21: %self->new_admin_post_path def_%cl_6_30 %self[6.6,6.9,6.12,6.15,6.18,2.0,] 	 SYMBOL:	 ARGS:
		 22: COPY TYPE_StringLiteral "n" def_%cl_6_31 
		 23: HASH-accesskey- def_%cl_6_32 %cl_6_31[6.22,] 
		 24: %self->nav_link_to def_%cl_6_33 %self[6.6,6.9,6.12,6.15,6.18,6.21,2.0,] %cl_6_29[6.20,] %cl_6_30[6.21,] %cl_6_32[6.23,] 	 SYMBOL:	 ARGS:%cl_6_29,%cl_6_30,%cl_6_32,
		 25: 
		 26: COPY TYPE_StringLiteral "Pages" def_%cl_6_34 
		 27: %self->admin_pages_path def_%cl_6_35 %self[6.6,6.9,6.12,6.15,6.18,6.21,6.24,2.0,] 	 SYMBOL:	 ARGS:
		 28: COPY TYPE_StringLiteral "3" def_%cl_6_36 
		 29: HASH-accesskey- def_%cl_6_37 %cl_6_36[6.28,] 
		 30: %self->nav_link_to def_%cl_6_38 %self[6.6,6.9,6.12,6.15,6.18,6.21,6.24,6.27,2.0,] %cl_6_34[6.26,] %cl_6_35[6.27,] %cl_6_37[6.29,] 	 SYMBOL:	 ARGS:%cl_6_34,%cl_6_35,%cl_6_37,
		 31: 
		 32: COPY TYPE_StringLiteral "(+)" def_%cl_6_39 
		 33: %self->new_admin_page_path def_%cl_6_40 %self[6.6,6.9,6.12,6.15,6.18,6.21,6.24,6.27,6.30,2.0,] 	 SYMBOL:	 ARGS:
		 34: COPY TYPE_StringLiteral "p" def_%cl_6_41 
		 35: HASH-accesskey- def_%cl_6_42 %cl_6_41[6.34,] 
		 36: %self->nav_link_to def_%cl_6_43 %self[6.6,6.9,6.12,6.15,6.18,6.21,6.24,6.27,6.30,6.33,2.0,] %cl_6_39[6.32,] %cl_6_40[6.33,] %cl_6_42[6.35,] 	 SYMBOL:	 ARGS:%cl_6_39,%cl_6_40,%cl_6_42,
		 37: 
		 38: COPY TYPE_StringLiteral "Comments" def_%cl_6_44 
		 39: %self->admin_comments_path def_%cl_6_45 %self[6.6,6.9,6.12,6.15,6.18,6.21,6.24,6.27,6.30,6.33,6.36,2.0,] 	 SYMBOL:	 ARGS:
		 40: COPY TYPE_StringLiteral "4" def_%cl_6_46 
		 41: HASH-accesskey- def_%cl_6_47 %cl_6_46[6.40,] 
		 42: %self->nav_link_to def_%cl_6_48 %self[6.6,6.9,6.12,6.15,6.18,6.21,6.24,6.27,6.30,6.33,6.36,6.39,2.0,] %cl_6_44[6.38,] %cl_6_45[6.39,] %cl_6_47[6.41,] 	 SYMBOL:	 ARGS:%cl_6_44,%cl_6_45,%cl_6_47,
		 43: 
		 44: COPY TYPE_StringLiteral "Actions" def_%cl_6_49 
		 45: %self->admin_undo_items_path def_%cl_6_50 %self[6.6,6.9,6.12,6.15,6.18,6.21,6.24,6.27,6.30,6.33,6.36,6.39,6.42,2.0,] 	 SYMBOL:	 ARGS:
		 46: COPY TYPE_StringLiteral "5" def_%cl_6_51 
		 47: HASH-accesskey- def_%cl_6_52 %cl_6_51[6.46,] 
		 48: %self->nav_link_to def_%cl_6_53 %self[6.6,6.9,6.12,6.15,6.18,6.21,6.24,6.27,6.30,6.33,6.36,6.39,6.42,6.45,2.0,] %cl_6_49[6.44,] %cl_6_50[6.45,] %cl_6_52[6.47,] 	 SYMBOL:	 ARGS:%cl_6_49,%cl_6_50,%cl_6_52,
		 49: 
		 50: COPY TYPE_StringLiteral "Health" def_%cl_6_54 
		 51: %self->admin_health_path def_%cl_6_55 %self[6.6,6.9,6.12,6.15,6.18,6.21,6.24,6.27,6.30,6.33,6.36,6.39,6.42,6.45,6.48,2.0,] 	 SYMBOL:	 ARGS:
		 52: COPY TYPE_StringLiteral "6" def_%cl_6_56 
		 53: HASH-accesskey- def_%cl_6_57 %cl_6_56[6.52,] 
		 54: %self->nav_link_to def_%cl_6_58 %self[6.6,6.9,6.12,6.15,6.18,6.21,6.24,6.27,6.30,6.33,6.36,6.39,6.42,6.45,6.48,6.51,2.0,] %cl_6_54[6.50,] %cl_6_55[6.51,] %cl_6_57[6.53,] 	 SYMBOL:	 ARGS:%cl_6_54,%cl_6_55,%cl_6_57,
		 55: 
		 56: COPY TYPE_StringLiteral "Logout" def_%cl_6_59 
		 57: %self->admin_session_path def_%cl_6_60 %self[6.6,6.9,6.12,6.15,6.18,6.21,6.24,6.27,6.30,6.33,6.36,6.39,6.42,6.45,6.48,6.51,6.54,2.0,] 	 SYMBOL:	 ARGS:
		 58: COPY TYPE_StringLiteral "l" def_%cl_6_61 
		 59: HASH-accesskey-method- def_%cl_6_62 %cl_6_61[6.58,] 
		 60: %self->link_to def_%cl_6_63 %self[6.6,6.9,6.12,6.15,6.18,6.21,6.24,6.27,6.30,6.33,6.36,6.39,6.42,6.45,6.48,6.51,6.54,6.57,2.0,] %cl_6_59[6.56,] %cl_6_60[6.57,] %cl_6_62[6.59,] 	 SYMBOL:	 ARGS:%cl_6_59,%cl_6_60,%cl_6_62,
		 61: 
		 62: COPY TYPE_StringLiteral "View Site" def_%cl_6_64 
		 63: %self->root_path def_%cl_6_65 %self[6.6,6.9,6.12,6.15,6.18,6.21,6.24,6.27,6.30,6.33,6.36,6.39,6.42,6.45,6.48,6.51,6.54,6.57,6.60,2.0,] 	 SYMBOL:	 ARGS:
		 64: COPY TYPE_StringLiteral "v" def_%cl_6_66 
		 65: COPY TYPE_StringLiteral "View Site" def_%cl_6_67 
		 66: HASH-accesskey-title- def_%cl_6_68 %cl_6_66[6.64,] %cl_6_67[6.65,] 
		 67: %self->link_to def_%cl_6_69 %self[6.6,6.9,6.12,6.15,6.18,6.21,6.24,6.27,6.30,6.33,6.36,6.39,6.42,6.45,6.48,6.51,6.54,6.57,6.60,6.63,2.0,] %cl_6_64[6.62,] %cl_6_65[6.63,] %cl_6_68[6.66,] 	 SYMBOL:	 ARGS:%cl_6_64,%cl_6_65,%cl_6_68,
		 68: RETURN %cl_6_69[6.67,] %self[6.6,6.9,6.12,6.15,6.18,6.21,6.24,6.27,6.30,6.33,6.36,6.39,6.42,6.45,6.48,6.51,6.54,6.57,6.60,6.63,6.67,2.0,] 
BB 7
	outgoing: 9 
	datadep: 
	instructions:
		 0: def_%cl_6_70 
		 1: def_%cl_6_71 %cl_6_70[7.0,] 
		 2: RETURN %cl_6_71[7.1,] %self[2.0,] 
BB 9
	outgoing: 
	datadep: 
	instructions:
CLOSURE END: 
		 10: RETURN %v_5[2.9,] %self[2.0,2.6,2.8,] 
BB 3
	outgoing: 
	datadep: 
	instructions:

SET IRMethod, name = update instanceMethod = true
BB 1
	outgoing: 6 2 
	datadep: 
	instructions:
BB 2
	outgoing: 3 4 
	datadep: 
	instructions:
		 0: def_%self 
		 1: def_%v_0 
		 2: COPY TYPE_CurrentScope def_%current_scope 
		 3: COPY TYPE_ScopeModule def_%current_module 
		 4: 
		 5: 
		 6: GETFIELD %self->comment def_%v_3 %self[2.0,] 
		 7: %self->comment_params def_%v_4 %self[2.0,] 	 SYMBOL:	 ARGS:
		 8: %v_3->update_attributes def_%v_5 %v_3[2.6,] %v_4[2.7,] 	 SYMBOL:	 ARGS:%v_4,
		 9: BRANCH %v_5[2.8,] 
BB 3
	outgoing: 6 
	datadep: 
	instructions:
		 0: 
		 1: %self->flash def_%v_6 %self[2.0,] 	 SYMBOL:	 ARGS:
		 2: COPY TYPE_StringLiteral "Updated comment by " def_%v_7 
		 3: GETFIELD %self->comment def_%v_8 %self[3.1,2.0,] 
		 4: %v_8->author def_%v_9 %v_8[3.3,] 	 SYMBOL:	 ARGS:
		 5: BUILDSTRING def_%v_10 %v_7[3.2,] %v_9[3.4,] 
		 6: ATTRASSIGN %v_6->[] %v_10[3.5,] 
		 7: 
		 8: COPY TYPE_StringLiteral "index" def_%v_11 
		 9: HASH-action- def_%v_12 %v_11[3.8,] 
		 10: %self->redirect_to def_%v_13 %self[3.1,2.0,] %v_12[3.9,] 	 SYMBOL:	 ARGS:%v_12,
		 11: RETURN %v_13[3.10,] %self[3.1,3.10,2.0,] 
BB 4
	outgoing: 6 
	datadep: 
	instructions:
		 0: 
		 1: %self->ruby_code_from_view def_%v_14 %self[2.0,] 	 SYMBOL:	 ARGS:
		 2: %v_14->ruby_code_from_view def_%v_15 %v_14[4.1,] %self[4.1,2.0,] 	 SYMBOL:	 ARGS:%v_14,
CLOSURE BEGIN: %self[4.1,2.0,] form[] 
BB 1
	outgoing: 9 2 
	datadep: 
	instructions:
BB 2
	outgoing: 3 
	datadep: 
	instructions:
		 0: def_%self 
		 1: def_%cl_1_0 
		 2: RECEIVEARG def_rb_from_view 
		 3: COPY TYPE_CurrentScope def_%current_scope 
		 4: COPY TYPE_ScopeModule def_%current_module 
BB 3
	outgoing: 4 5 7 
	datadep: 
	instructions:
		 0: 
		 1: %self->enki_config def_%cl_1_3 %self[2.0,] 	 SYMBOL:	 ARGS:
		 2: %cl_1_3->[] def_%cl_1_4 %cl_1_3[3.1,] 	 SYMBOL:title,	 ARGS:Symbol,
		 3: 
		 4: %self->csrf_meta_tag def_%cl_1_5 %self[3.1,2.0,] 	 SYMBOL:	 ARGS:
		 5: 
		 6: COPY TYPE_StringLiteral "admin" def_%cl_1_6 
		 7: %self->javascript_include_tag def_%cl_1_7 %self[3.1,3.4,2.0,] %cl_1_6[3.6,] 	 SYMBOL:	 ARGS:%cl_1_6,
		 8: 
		 9: COPY TYPE_StringLiteral "admin" def_%cl_1_8 
		 10: %self->stylesheet_link_tag def_%cl_1_9 %self[3.1,3.4,3.7,2.0,] %cl_1_8[3.9,] 	 SYMBOL:	 ARGS:%cl_1_8,
		 11: 
		 12: def_%cl_1_10 %cl_1_0[2.1,] 
		 13: 
		 14: %self->flash def_%cl_1_11 %self[3.1,3.4,3.7,3.10,2.0,] 	 SYMBOL:	 ARGS:
		 15: %cl_1_11->[] def_%cl_1_12 %cl_1_11[3.14,] 	 SYMBOL:notice,	 ARGS:Symbol,
		 16: BRANCH %cl_1_12[3.15,] 
BB 4
	outgoing: 6 7 
	datadep: 
	instructions:
		 0: 
		 1: %self->javascript_tag def_%cl_1_13 %self[2.0,] %self[2.0,] 	 SYMBOL:	 ARGS:%self,
CLOSURE BEGIN: %self[2.0,] 
BB 1
	outgoing: 6 2 
	datadep: 
	instructions:
BB 2
	outgoing: 3 
	datadep: 
	instructions:
		 0: def_%self 
		 1: def_%cl_2_0 
		 2: COPY TYPE_CurrentScope def_%current_scope 
		 3: COPY TYPE_ScopeModule def_%current_module 
BB 3
	outgoing: 4 6 
	datadep: 
	instructions:
		 0: 
		 1: %self->flash def_%cl_2_3 %self[2.0,] 	 SYMBOL:	 ARGS:
		 2: %cl_2_3->[] def_%cl_2_4 %cl_2_3[3.1,] 	 SYMBOL:notice,	 ARGS:Symbol,
		 3: %self->escape_javascript def_%cl_2_5 %self[3.1,2.0,] %cl_2_4[3.2,] 	 SYMBOL:	 ARGS:%cl_2_4,
		 4: RETURN %cl_2_5[3.3,] %self[3.1,3.3,2.0,] 
BB 4
	outgoing: 6 
	datadep: 
	instructions:
		 0: def_%cl_2_6 
		 1: def_%cl_2_7 %cl_2_6[4.0,] 
		 2: RETURN %cl_2_7[4.1,] %self[2.0,] 
BB 6
	outgoing: 
	datadep: 
	instructions:
CLOSURE END: 
		 2: 
BB 5
	outgoing: 6 
	datadep: 
	instructions:
		 0: COPY TYPE_Nil def_%cl_1_13 
BB 6
	outgoing: 7 9 
	datadep: 
	instructions:
		 0: 
		 1: GETFIELD %self->comment def_%cl_1_14 %self[2.0,] 
		 2: %cl_1_14->author def_%cl_1_15 %cl_1_14[6.1,] 	 SYMBOL:	 ARGS:
		 3: 
		 4: GETFIELD %self->comment def_%cl_1_16 %self[2.0,] 
		 5: COPY TYPE_Array def_%cl_1_17 %cl_1_16[6.4,] 
		 6: %self->semantic_form_for def_%cl_1_18 %self[2.0,] %cl_1_17[6.5,] %self[2.0,] 	 SYMBOL:	 ARGS:%cl_1_17,%self,
CLOSURE BEGIN: form[] %self[2.0,] 
BB 1
	outgoing: 6 2 
	datadep: 
	instructions:
BB 2
	outgoing: 3 
	datadep: 
	instructions:
		 0: def_%self 
		 1: def_%cl_3_0 
		 2: RECEIVEARG def_form 
		 3: COPY TYPE_CurrentScope def_%current_scope 
		 4: COPY TYPE_ScopeModule def_%current_module 
BB 3
	outgoing: 4 6 
	datadep: 
	instructions:
		 0: 
		 1: form->inputs def_%cl_3_3 form[2.2,] %self[2.0,] 	 SYMBOL:	 ARGS:form,
CLOSURE BEGIN: form[2.2,] 
BB 1
	outgoing: 6 2 
	datadep: 
	instructions:
BB 2
	outgoing: 3 
	datadep: 
	instructions:
		 0: def_%self 
		 1: def_%cl_4_0 
		 2: COPY TYPE_CurrentScope def_%current_scope 
		 3: COPY TYPE_ScopeModule def_%current_module 
BB 3
	outgoing: 4 6 
	datadep: 
	instructions:
		 0: 
		 1: form->input def_%cl_4_3 form[] 	 SYMBOL:author,	 ARGS:Symbol,
		 2: 
		 3: HASH-required- def_%cl_4_4 
		 4: form->input def_%cl_4_5 form[3.1,] %cl_4_4[3.3,] 	 SYMBOL:author_url,	 ARGS:Symbol,%cl_4_4,
		 5: 
		 6: HASH-required- def_%cl_4_6 
		 7: form->input def_%cl_4_7 form[3.1,3.4,] %cl_4_6[3.6,] 	 SYMBOL:author_email,	 ARGS:Symbol,%cl_4_6,
		 8: 
		 9: COPY TYPE_StringLiteral "<a href='http://lesstile.rubyforge.org'>Lesstile enabled</a>." def_%cl_4_8 
		 10: %cl_4_8->html_safe def_%cl_4_9 %cl_4_8[3.9,] 	 SYMBOL:	 ARGS:
		 11: HASH-hint- def_%cl_4_10 %cl_4_9[3.10,] 
		 12: form->input def_%cl_4_11 form[3.1,3.4,3.7,] %cl_4_10[3.11,] 	 SYMBOL:body,	 ARGS:Symbol,%cl_4_10,
		 13: RETURN %cl_4_11[3.12,] %self[2.0,] 
BB 4
	outgoing: 6 
	datadep: 
	instructions:
		 0: def_%cl_4_12 
		 1: def_%cl_4_13 %cl_4_12[4.0,] 
		 2: RETURN %cl_4_13[4.1,] %self[2.0,] 
BB 6
	outgoing: 
	datadep: 
	instructions:
CLOSURE END: 
		 2: 
		 3: form->actions def_%cl_3_4 form[3.1,2.2,] %self[2.0,] 	 SYMBOL:	 ARGS:form,
CLOSURE BEGIN: form[3.1,2.2,] 
BB 1
	outgoing: 6 2 
	datadep: 
	instructions:
BB 2
	outgoing: 3 
	datadep: 
	instructions:
		 0: def_%self 
		 1: def_%cl_5_0 
		 2: COPY TYPE_CurrentScope def_%current_scope 
		 3: COPY TYPE_ScopeModule def_%current_module 
BB 3
	outgoing: 4 6 
	datadep: 
	instructions:
		 0: 
		 1: HASH-as- def_%cl_5_3 
		 2: form->action def_%cl_5_4 form[] %cl_5_3[3.1,] 	 SYMBOL:submit,	 ARGS:Symbol,%cl_5_3,
		 3: RETURN %cl_5_4[3.2,] %self[2.0,] 
BB 4
	outgoing: 6 
	datadep: 
	instructions:
		 0: def_%cl_5_5 
		 1: def_%cl_5_6 %cl_5_5[4.0,] 
		 2: RETURN %cl_5_6[4.1,] %self[2.0,] 
BB 6
	outgoing: 
	datadep: 
	instructions:
CLOSURE END: 
		 4: RETURN %cl_3_4[3.3,] %self[2.0,] 
BB 4
	outgoing: 6 
	datadep: 
	instructions:
		 0: def_%cl_3_5 
		 1: def_%cl_3_6 %cl_3_5[4.0,] 
		 2: RETURN %cl_3_6[4.1,] %self[2.0,] 
BB 6
	outgoing: 
	datadep: 
	instructions:
CLOSURE END: 
		 7: 
		 8: COPY TYPE_StringLiteral "Dashboard" def_%cl_1_19 
		 9: %self->admin_root_path def_%cl_1_20 %self[6.6,2.0,] 	 SYMBOL:	 ARGS:
		 10: COPY TYPE_StringLiteral "1" def_%cl_1_21 
		 11: HASH-accesskey- def_%cl_1_22 %cl_1_21[6.10,] 
		 12: %self->nav_link_to def_%cl_1_23 %self[6.6,6.9,2.0,] %cl_1_19[6.8,] %cl_1_20[6.9,] %cl_1_22[6.11,] 	 SYMBOL:	 ARGS:%cl_1_19,%cl_1_20,%cl_1_22,
		 13: 
		 14: COPY TYPE_StringLiteral "Posts" def_%cl_1_24 
		 15: %self->admin_posts_path def_%cl_1_25 %self[6.6,6.9,6.12,2.0,] 	 SYMBOL:	 ARGS:
		 16: COPY TYPE_StringLiteral "2" def_%cl_1_26 
		 17: HASH-accesskey- def_%cl_1_27 %cl_1_26[6.16,] 
		 18: %self->nav_link_to def_%cl_1_28 %self[6.6,6.9,6.12,6.15,2.0,] %cl_1_24[6.14,] %cl_1_25[6.15,] %cl_1_27[6.17,] 	 SYMBOL:	 ARGS:%cl_1_24,%cl_1_25,%cl_1_27,
		 19: 
		 20: COPY TYPE_StringLiteral "(+)" def_%cl_1_29 
		 21: %self->new_admin_post_path def_%cl_1_30 %self[6.6,6.9,6.12,6.15,6.18,2.0,] 	 SYMBOL:	 ARGS:
		 22: COPY TYPE_StringLiteral "n" def_%cl_1_31 
		 23: HASH-accesskey- def_%cl_1_32 %cl_1_31[6.22,] 
		 24: %self->nav_link_to def_%cl_1_33 %self[6.6,6.9,6.12,6.15,6.18,6.21,2.0,] %cl_1_29[6.20,] %cl_1_30[6.21,] %cl_1_32[6.23,] 	 SYMBOL:	 ARGS:%cl_1_29,%cl_1_30,%cl_1_32,
		 25: 
		 26: COPY TYPE_StringLiteral "Pages" def_%cl_1_34 
		 27: %self->admin_pages_path def_%cl_1_35 %self[6.6,6.9,6.12,6.15,6.18,6.21,6.24,2.0,] 	 SYMBOL:	 ARGS:
		 28: COPY TYPE_StringLiteral "3" def_%cl_1_36 
		 29: HASH-accesskey- def_%cl_1_37 %cl_1_36[6.28,] 
		 30: %self->nav_link_to def_%cl_1_38 %self[6.6,6.9,6.12,6.15,6.18,6.21,6.24,6.27,2.0,] %cl_1_34[6.26,] %cl_1_35[6.27,] %cl_1_37[6.29,] 	 SYMBOL:	 ARGS:%cl_1_34,%cl_1_35,%cl_1_37,
		 31: 
		 32: COPY TYPE_StringLiteral "(+)" def_%cl_1_39 
		 33: %self->new_admin_page_path def_%cl_1_40 %self[6.6,6.9,6.12,6.15,6.18,6.21,6.24,6.27,6.30,2.0,] 	 SYMBOL:	 ARGS:
		 34: COPY TYPE_StringLiteral "p" def_%cl_1_41 
		 35: HASH-accesskey- def_%cl_1_42 %cl_1_41[6.34,] 
		 36: %self->nav_link_to def_%cl_1_43 %self[6.6,6.9,6.12,6.15,6.18,6.21,6.24,6.27,6.30,6.33,2.0,] %cl_1_39[6.32,] %cl_1_40[6.33,] %cl_1_42[6.35,] 	 SYMBOL:	 ARGS:%cl_1_39,%cl_1_40,%cl_1_42,
		 37: 
		 38: COPY TYPE_StringLiteral "Comments" def_%cl_1_44 
		 39: %self->admin_comments_path def_%cl_1_45 %self[6.6,6.9,6.12,6.15,6.18,6.21,6.24,6.27,6.30,6.33,6.36,2.0,] 	 SYMBOL:	 ARGS:
		 40: COPY TYPE_StringLiteral "4" def_%cl_1_46 
		 41: HASH-accesskey- def_%cl_1_47 %cl_1_46[6.40,] 
		 42: %self->nav_link_to def_%cl_1_48 %self[6.6,6.9,6.12,6.15,6.18,6.21,6.24,6.27,6.30,6.33,6.36,6.39,2.0,] %cl_1_44[6.38,] %cl_1_45[6.39,] %cl_1_47[6.41,] 	 SYMBOL:	 ARGS:%cl_1_44,%cl_1_45,%cl_1_47,
		 43: 
		 44: COPY TYPE_StringLiteral "Actions" def_%cl_1_49 
		 45: %self->admin_undo_items_path def_%cl_1_50 %self[6.6,6.9,6.12,6.15,6.18,6.21,6.24,6.27,6.30,6.33,6.36,6.39,6.42,2.0,] 	 SYMBOL:	 ARGS:
		 46: COPY TYPE_StringLiteral "5" def_%cl_1_51 
		 47: HASH-accesskey- def_%cl_1_52 %cl_1_51[6.46,] 
		 48: %self->nav_link_to def_%cl_1_53 %self[6.6,6.9,6.12,6.15,6.18,6.21,6.24,6.27,6.30,6.33,6.36,6.39,6.42,6.45,2.0,] %cl_1_49[6.44,] %cl_1_50[6.45,] %cl_1_52[6.47,] 	 SYMBOL:	 ARGS:%cl_1_49,%cl_1_50,%cl_1_52,
		 49: 
		 50: COPY TYPE_StringLiteral "Health" def_%cl_1_54 
		 51: %self->admin_health_path def_%cl_1_55 %self[6.6,6.9,6.12,6.15,6.18,6.21,6.24,6.27,6.30,6.33,6.36,6.39,6.42,6.45,6.48,2.0,] 	 SYMBOL:	 ARGS:
		 52: COPY TYPE_StringLiteral "6" def_%cl_1_56 
		 53: HASH-accesskey- def_%cl_1_57 %cl_1_56[6.52,] 
		 54: %self->nav_link_to def_%cl_1_58 %self[6.6,6.9,6.12,6.15,6.18,6.21,6.24,6.27,6.30,6.33,6.36,6.39,6.42,6.45,6.48,6.51,2.0,] %cl_1_54[6.50,] %cl_1_55[6.51,] %cl_1_57[6.53,] 	 SYMBOL:	 ARGS:%cl_1_54,%cl_1_55,%cl_1_57,
		 55: 
		 56: COPY TYPE_StringLiteral "Logout" def_%cl_1_59 
		 57: %self->admin_session_path def_%cl_1_60 %self[6.6,6.9,6.12,6.15,6.18,6.21,6.24,6.27,6.30,6.33,6.36,6.39,6.42,6.45,6.48,6.51,6.54,2.0,] 	 SYMBOL:	 ARGS:
		 58: COPY TYPE_StringLiteral "l" def_%cl_1_61 
		 59: HASH-accesskey-method- def_%cl_1_62 %cl_1_61[6.58,] 
		 60: %self->link_to def_%cl_1_63 %self[6.6,6.9,6.12,6.15,6.18,6.21,6.24,6.27,6.30,6.33,6.36,6.39,6.42,6.45,6.48,6.51,6.54,6.57,2.0,] %cl_1_59[6.56,] %cl_1_60[6.57,] %cl_1_62[6.59,] 	 SYMBOL:	 ARGS:%cl_1_59,%cl_1_60,%cl_1_62,
		 61: 
		 62: COPY TYPE_StringLiteral "View Site" def_%cl_1_64 
		 63: %self->root_path def_%cl_1_65 %self[6.6,6.9,6.12,6.15,6.18,6.21,6.24,6.27,6.30,6.33,6.36,6.39,6.42,6.45,6.48,6.51,6.54,6.57,6.60,2.0,] 	 SYMBOL:	 ARGS:
		 64: COPY TYPE_StringLiteral "v" def_%cl_1_66 
		 65: COPY TYPE_StringLiteral "View Site" def_%cl_1_67 
		 66: HASH-accesskey-title- def_%cl_1_68 %cl_1_66[6.64,] %cl_1_67[6.65,] 
		 67: %self->link_to def_%cl_1_69 %self[6.6,6.9,6.12,6.15,6.18,6.21,6.24,6.27,6.30,6.33,6.36,6.39,6.42,6.45,6.48,6.51,6.54,6.57,6.60,6.63,2.0,] %cl_1_64[6.62,] %cl_1_65[6.63,] %cl_1_68[6.66,] 	 SYMBOL:	 ARGS:%cl_1_64,%cl_1_65,%cl_1_68,
		 68: RETURN %cl_1_69[6.67,] %self[6.6,6.9,6.12,6.15,6.18,6.21,6.24,6.27,6.30,6.33,6.36,6.39,6.42,6.45,6.48,6.51,6.54,6.57,6.60,6.63,6.67,2.0,] 
BB 7
	outgoing: 9 
	datadep: 
	instructions:
		 0: def_%cl_1_70 
		 1: def_%cl_1_71 %cl_1_70[7.0,] 
		 2: RETURN %cl_1_71[7.1,] %self[2.0,] 
BB 9
	outgoing: 
	datadep: 
	instructions:
CLOSURE END: 
		 3: RETURN %v_15[4.2,] %self[4.1,2.0,] 
BB 6
	outgoing: 
	datadep: 
	instructions:

SET IRMethod, name = destroy instanceMethod = true
BB 1
	outgoing: 3 2 
	datadep: 
	instructions:
BB 2
	outgoing: 3 
	datadep: 
	instructions:
		 0: def_%self 
		 1: def_%v_0 
		 2: COPY TYPE_CurrentScope def_%current_scope 
		 3: COPY TYPE_ScopeModule def_%current_module 
		 4: 
		 5: 
		 6: GETFIELD %self->comment def_%v_3 %self[2.0,] 
		 7: %v_3->destroy_with_undo def_%v_4 %v_3[2.6,] 	 SYMBOL:	 ARGS:
		 8: COPY TYPE_PASS def_undo_item %v_4[2.7,] 
		 9: 
		 10: %self->respond_to def_%v_5 %self[2.0,] %self[2.0,] 	 SYMBOL:	 ARGS:%self,
CLOSURE BEGIN: format[] %self[2.0,] undo_item[2.8,] 
BB 1
	outgoing: 6 2 
	datadep: 
	instructions:
BB 2
	outgoing: 3 
	datadep: 
	instructions:
		 0: def_%self 
		 1: def_%cl_1_0 
		 2: RECEIVEARG def_format 
		 3: COPY TYPE_CurrentScope def_%current_scope 
		 4: COPY TYPE_ScopeModule def_%current_module 
BB 3
	outgoing: 4 6 
	datadep: 
	instructions:
		 0: 
		 1: format->html def_%cl_1_3 format[2.2,] %self[2.0,] 	 SYMBOL:	 ARGS:format,
CLOSURE BEGIN: %self[2.0,] 
BB 1
	outgoing: 6 2 
	datadep: 
	instructions:
BB 2
	outgoing: 3 
	datadep: 
	instructions:
		 0: def_%self 
		 1: def_%cl_2_0 
		 2: COPY TYPE_CurrentScope def_%current_scope 
		 3: COPY TYPE_ScopeModule def_%current_module 
BB 3
	outgoing: 4 6 
	datadep: 
	instructions:
		 0: 
		 1: %self->flash def_%cl_2_3 %self[2.0,] 	 SYMBOL:	 ARGS:
		 2: COPY TYPE_StringLiteral "Deleted comment by " def_%cl_2_4 
		 3: GETFIELD %self->comment def_%cl_2_5 %self[3.1,2.0,] 
		 4: %cl_2_5->author def_%cl_2_6 %cl_2_5[3.3,] 	 SYMBOL:	 ARGS:
		 5: BUILDSTRING def_%cl_2_7 %cl_2_4[3.2,] %cl_2_6[3.4,] 
		 6: ATTRASSIGN %cl_2_3->[] %cl_2_7[3.5,] 
		 7: 
		 8: COPY TYPE_StringLiteral "index" def_%cl_2_8 
		 9: HASH-action- def_%cl_2_9 %cl_2_8[3.8,] 
		 10: %self->redirect_to def_%cl_2_10 %self[3.1,2.0,] %cl_2_9[3.9,] 	 SYMBOL:	 ARGS:%cl_2_9,
		 11: RETURN %cl_2_10[3.10,] %self[3.1,3.10,2.0,] 
BB 4
	outgoing: 6 
	datadep: 
	instructions:
		 0: def_%cl_2_11 
		 1: def_%cl_2_12 %cl_2_11[4.0,] 
		 2: RETURN %cl_2_12[4.1,] %self[2.0,] 
BB 6
	outgoing: 
	datadep: 
	instructions:
CLOSURE END: 
		 2: 
		 3: format->json def_%cl_1_4 format[3.1,2.2,] %self[2.0,] 	 SYMBOL:	 ARGS:format,
CLOSURE BEGIN: %self[2.0,] undo_item[] 
BB 1
	outgoing: 6 2 
	datadep: 
	instructions:
BB 2
	outgoing: 3 
	datadep: 
	instructions:
		 0: def_%self 
		 1: def_%cl_3_0 
		 2: COPY TYPE_CurrentScope def_%current_scope 
		 3: COPY TYPE_ScopeModule def_%current_module 
BB 3
	outgoing: 4 6 
	datadep: 
	instructions:
		 0: 
		 1: %self->undo_admin_undo_item_path def_%cl_3_3 %self[2.0,] undo_item[] 	 SYMBOL:	 ARGS:undo_item,
		 2: undo_item->description def_%cl_3_4 undo_item[] 	 SYMBOL:	 ARGS:
		 3: GETFIELD %self->comment def_%cl_3_5 %self[3.1,2.0,] 
		 4: %cl_3_5->attributes def_%cl_3_6 %cl_3_5[3.3,] 	 SYMBOL:	 ARGS:
		 5: HASH-undo_path-undo_message-comment- def_%cl_3_7 %cl_3_3[3.1,] %cl_3_4[3.2,] %cl_3_6[3.4,] 
		 6: %cl_3_7->to_json def_%cl_3_8 %cl_3_7[3.5,] 	 SYMBOL:	 ARGS:
		 7: HASH-json- def_%cl_3_9 %cl_3_8[3.6,] 
		 8: %self->render def_%cl_3_10 %self[3.1,2.0,] %cl_3_9[3.7,] 	 SYMBOL:	 ARGS:%cl_3_9,
		 9: RETURN %cl_3_10[3.8,] %self[3.1,3.8,2.0,] 
BB 4
	outgoing: 6 
	datadep: 
	instructions:
		 0: def_%cl_3_11 
		 1: def_%cl_3_12 %cl_3_11[4.0,] 
		 2: RETURN %cl_3_12[4.1,] %self[2.0,] 
BB 6
	outgoing: 
	datadep: 
	instructions:
CLOSURE END: 
		 4: RETURN %cl_1_4[3.3,] %self[2.0,] 
BB 4
	outgoing: 6 
	datadep: 
	instructions:
		 0: def_%cl_1_5 
		 1: def_%cl_1_6 %cl_1_5[4.0,] 
		 2: RETURN %cl_1_6[4.1,] %self[2.0,] 
BB 6
	outgoing: 
	datadep: 
	instructions:
CLOSURE END: 
		 11: RETURN %v_5[2.10,] %self[2.0,2.10,] 
BB 3
	outgoing: 
	datadep: 
	instructions:

SET IRMethod, name = comment_params instanceMethod = true
BB 1
	outgoing: 3 2 
	datadep: 
	instructions:
BB 2
	outgoing: 3 
	datadep: 
	instructions:
		 0: def_%self 
		 1: def_%v_0 
		 2: COPY TYPE_CurrentScope def_%current_scope 
		 3: COPY TYPE_ScopeModule def_%current_module 
		 4: 
		 5: 
		 6: %self->params def_%v_3 %self[2.0,] 	 SYMBOL:	 ARGS:
		 7: %v_3->require def_%v_4 %v_3[2.6,] 	 SYMBOL:comment,	 ARGS:Symbol,
		 8: %v_4->permit def_%v_5 %v_4[2.7,] 	 SYMBOL:author,author_url,author_email,body,	 ARGS:Symbol,Symbol,Symbol,Symbol,
		 9: RETURN %v_5[2.8,] %self[2.0,2.6,] 
BB 3
	outgoing: 
	datadep: 
	instructions:

SET IRMethod, name = find_comment instanceMethod = true
BB 1
	outgoing: 3 2 
	datadep: 
	instructions:
BB 2
	outgoing: 3 
	datadep: 
	instructions:
		 0: def_%self 
		 1: def_%v_0 
		 2: COPY TYPE_CurrentScope def_%current_scope 
		 3: COPY TYPE_ScopeModule def_%current_module 
		 4: 
		 5: 
		 6: (Comment) def_%v_3 
		 7: %self->params def_%v_4 %self[2.0,] 	 SYMBOL:	 ARGS:
		 8: %v_4->[] def_%v_5 %v_4[2.7,] 	 SYMBOL:id,	 ARGS:Symbol,
		 9: %v_3->find def_%v_6 %v_3[2.6,] %v_5[2.8,] 	 SYMBOL:	 ARGS:%v_5,
		 10: ATTRASSIGN %self->comment %v_6[2.9,] 
		 11: RETURN %v_6[2.9,] %self[2.0,2.7,2.10,] 
BB 3
	outgoing: 
	datadep: 
	instructions:

