SET IRMethod, name = author instanceMethod = true
BB 1
	outgoing: 3 2 
	datadep: 
	instructions:
BB 2
	outgoing: 3 
	datadep: 
	instructions:
		 0: def_%self 
		 1: def_%v_0 
		 2: COPY TYPE_CurrentScope def_%current_scope 
		 3: COPY TYPE_ScopeModule def_%current_module 
		 4: 
		 5: 
		 6: (Struct) def_%v_3 
		 7: %v_3->new def_%v_4 %v_3[2.6,] 	 SYMBOL:name,email,	 ARGS:Symbol,Symbol,
		 8: %self->enki_config def_%v_5 %self[2.0,] 	 SYMBOL:	 ARGS:
		 9: %v_5->[] def_%v_6 %v_5[2.8,] 	 SYMBOL:author,	 ARGS:Symbol,
		 10: %v_6->[] def_%v_7 %v_6[2.9,] 	 SYMBOL:name,	 ARGS:Symbol,
		 11: %self->enki_config def_%v_8 %self[2.0,2.8,] 	 SYMBOL:	 ARGS:
		 12: %v_8->[] def_%v_9 %v_8[2.11,] 	 SYMBOL:author,	 ARGS:Symbol,
		 13: %v_9->[] def_%v_10 %v_9[2.12,] 	 SYMBOL:email,	 ARGS:Symbol,
		 14: %v_4->new def_%v_11 %v_4[2.7,] %v_7[2.10,] %v_10[2.13,] 	 SYMBOL:	 ARGS:%v_7,%v_10,
		 15: RETURN %v_11[2.14,] %self[2.0,2.8,2.11,] 
BB 3
	outgoing: 
	datadep: 
	instructions:

SET IRMethod, name = open_id_delegation_link_tags instanceMethod = true
BB 1
	outgoing: 3 2 
	datadep: 
	instructions:
BB 2
	outgoing: 3 
	datadep: 
	instructions:
		 0: def_%self 
		 1: def_%v_0 
		 2: COPY TYPE_CurrentScope def_%current_scope 
		 3: COPY TYPE_ScopeModule def_%current_module 
		 4: 
		 5: RECEIVEARG def_server 
		 6: RECEIVEARG def_delegate 
		 7: 
		 8: COPY TYPE_StringLiteral "      <link rel="openid.server" href="" def_%v_3 
		 9: 
		 10: COPY TYPE_StringLiteral "">
      <link rel="openid.delegate" href="" def_%v_4 
		 11: 
		 12: COPY TYPE_StringLiteral "">
" def_%v_5 
		 13: BUILDSTRING def_%v_6 %v_3[2.8,] server[2.5,] %v_4[2.10,] delegate[2.6,] %v_5[2.12,] 
		 14: COPY TYPE_PASS def_links %v_6[2.13,] 
		 15: COPY TYPE_PASS def_%v_7 %v_6[2.13,] 
		 16: %self->raw def_%v_8 %self[2.0,] %v_6[2.13,] 	 SYMBOL:	 ARGS:%v_7,
		 17: RETURN %v_8[2.16,] %self[2.0,2.16,] 
BB 3
	outgoing: 
	datadep: 
	instructions:

SET IRMethod, name = format_comment_error instanceMethod = true
BB 1
	outgoing: 3 2 
	datadep: 
	instructions:
BB 2
	outgoing: 3 
	datadep: 
	instructions:
		 0: def_%self 
		 1: def_%v_0 
		 2: COPY TYPE_CurrentScope def_%current_scope 
		 3: COPY TYPE_ScopeModule def_%current_module 
		 4: 
		 5: RECEIVEARG def_error 
		 6: 
		 7: COPY TYPE_StringLiteral "body" def_%v_3 
		 8: COPY TYPE_StringLiteral "Please comment" def_%v_4 
		 9: COPY TYPE_StringLiteral "author" def_%v_5 
		 10: COPY TYPE_StringLiteral "Please provide your name or OpenID identity URL" def_%v_6 
		 11: COPY TYPE_StringLiteral "base" def_%v_7 
		 12: error->last def_%v_8 error[2.5,] 	 SYMBOL:	 ARGS:
		 13: HASH- def_%v_9 %v_3[2.7,] %v_4[2.8,] %v_5[2.9,] %v_6[2.10,] %v_7[2.11,] %v_8[2.12,] 
		 14: error->first def_%v_10 error[2.5,2.12,] 	 SYMBOL:	 ARGS:
		 15: %v_10->to_s def_%v_11 %v_10[2.14,] 	 SYMBOL:	 ARGS:
		 16: %v_9->[] def_%v_12 %v_9[2.13,] %v_11[2.15,] 	 SYMBOL:	 ARGS:%v_11,
		 17: RETURN %v_12[2.16,] %self[2.0,] 
BB 3
	outgoing: 
	datadep: 
	instructions:

