SET IRMethod, name = posts_title instanceMethod = true
BB 1
	outgoing: 5 2 
	datadep: 
	instructions:
BB 2
	outgoing: 3 4 
	datadep: 
	instructions:
		 0: def_%self 
		 1: def_%v_0 
		 2: COPY TYPE_CurrentScope def_%current_scope 
		 3: COPY TYPE_ScopeModule def_%current_module 
		 4: 
		 5: RECEIVEARG def_tag 
		 6: 
		 7: COPY TYPE_PASS def_%v_3 tag[2.5,] 
		 8: BRANCH tag[2.5,] 
BB 3
	outgoing: 4 
	datadep: 
	instructions:
		 0: COPY TYPE_StringLiteral "" def_%v_4 
		 1: COPY TYPE_PASS def_%v_3 %v_4[3.0,] 
BB 4
	outgoing: 5 
	datadep: 
	instructions:
		 0: %v_3->to_s def_%v_5 %v_3[3.1,2.7,] 	 SYMBOL:	 ARGS:
		 1: %v_5->titleize def_%v_6 %v_5[4.0,] 	 SYMBOL:	 ARGS:
		 2: %self->compose_title def_%v_7 %self[2.0,] %v_6[4.1,] 	 SYMBOL:	 ARGS:%v_6,
		 3: RETURN %v_7[4.2,] %self[4.2,2.0,] 
BB 5
	outgoing: 
	datadep: 
	instructions:

SET IRMethod, name = post_title instanceMethod = true
BB 1
	outgoing: 3 2 
	datadep: 
	instructions:
BB 2
	outgoing: 3 
	datadep: 
	instructions:
		 0: def_%self 
		 1: def_%v_0 
		 2: COPY TYPE_CurrentScope def_%current_scope 
		 3: COPY TYPE_ScopeModule def_%current_module 
		 4: 
		 5: RECEIVEARG def_post 
		 6: 
		 7: post->title def_%v_3 post[2.5,] 	 SYMBOL:	 ARGS:
		 8: %self->compose_title def_%v_4 %self[2.0,] %v_3[2.7,] 	 SYMBOL:	 ARGS:%v_3,
		 9: RETURN %v_4[2.8,] %self[2.0,2.8,] 
BB 3
	outgoing: 
	datadep: 
	instructions:

SET IRMethod, name = archives_title instanceMethod = true
BB 1
	outgoing: 3 2 
	datadep: 
	instructions:
BB 2
	outgoing: 3 
	datadep: 
	instructions:
		 0: def_%self 
		 1: def_%v_0 
		 2: COPY TYPE_CurrentScope def_%current_scope 
		 3: COPY TYPE_ScopeModule def_%current_module 
		 4: 
		 5: 
		 6: COPY TYPE_StringLiteral "Archives" def_%v_3 
		 7: %self->compose_title def_%v_4 %self[2.0,] %v_3[2.6,] 	 SYMBOL:	 ARGS:%v_3,
		 8: RETURN %v_4[2.7,] %self[2.0,2.7,] 
BB 3
	outgoing: 
	datadep: 
	instructions:

SET IRMethod, name = page_title instanceMethod = true
BB 1
	outgoing: 3 2 
	datadep: 
	instructions:
BB 2
	outgoing: 3 
	datadep: 
	instructions:
		 0: def_%self 
		 1: def_%v_0 
		 2: COPY TYPE_CurrentScope def_%current_scope 
		 3: COPY TYPE_ScopeModule def_%current_module 
		 4: 
		 5: RECEIVEARG def_page 
		 6: 
		 7: page->title def_%v_3 page[2.5,] 	 SYMBOL:	 ARGS:
		 8: %self->compose_title def_%v_4 %self[2.0,] %v_3[2.7,] 	 SYMBOL:	 ARGS:%v_3,
		 9: RETURN %v_4[2.8,] %self[2.0,2.8,] 
BB 3
	outgoing: 
	datadep: 
	instructions:

SET IRMethod, name = html_title instanceMethod = true
BB 1
	outgoing: 6 2 
	datadep: 
	instructions:
BB 2
	outgoing: 3 4 
	datadep: 
	instructions:
		 0: def_%self 
		 1: def_%v_0 
		 2: COPY TYPE_CurrentScope def_%current_scope 
		 3: COPY TYPE_ScopeModule def_%current_module 
		 4: 
		 5: RECEIVEARG def_content 
		 6: 
		 7: content->present? def_%v_3 content[2.5,] 	 SYMBOL:	 ARGS:
		 8: BRANCH %v_3[2.7,] 
BB 3
	outgoing: 6 
	datadep: 
	instructions:
		 0: 
		 1: COPY TYPE_PASS def_%v_4 content[2.5,] 
		 2: RETURN content[2.5,] %self[2.0,] 
BB 4
	outgoing: 6 
	datadep: 
	instructions:
		 0: 
		 1: %self->enki_config def_%v_5 %self[2.0,] 	 SYMBOL:	 ARGS:
		 2: %v_5->[] def_%v_6 %v_5[4.1,] 	 SYMBOL:title,	 ARGS:Symbol,
		 3: RETURN %v_6[4.2,] %self[4.1,2.0,] 
BB 6
	outgoing: 
	datadep: 
	instructions:

SET IRMethod, name = compose_title instanceMethod = true
BB 1
	outgoing: 3 2 
	datadep: 
	instructions:
BB 2
	outgoing: 3 
	datadep: 
	instructions:
		 0: def_%self 
		 1: def_%v_0 
		 2: COPY TYPE_CurrentScope def_%current_scope 
		 3: COPY TYPE_ScopeModule def_%current_module 
		 4: 
		 5: RECEIVEARG def_parts 
		 6: 
		 7: %self->enki_config def_%v_3 %self[2.0,] 	 SYMBOL:	 ARGS:
		 8: %v_3->[] def_%v_4 %v_3[2.7,] 	 SYMBOL:title,	 ARGS:Symbol,
		 9: parts-><< def_%v_5 parts[2.5,] %v_4[2.8,] 	 SYMBOL:	 ARGS:%v_4,
		 10: %v_5->reject def_%v_6 %v_5[2.9,] 	 SYMBOL:blank?,	 ARGS:
		 11: COPY TYPE_StringLiteral " - " def_%v_7 
		 12: %v_6->join def_%v_8 %v_6[2.10,] %v_7[2.11,] 	 SYMBOL:	 ARGS:%v_7,
		 13: RETURN %v_8[2.12,] %self[2.0,2.7,] 
BB 3
	outgoing: 
	datadep: 
	instructions:

