SET IRMethod, name = unhidden_discussions instanceMethod = true
BB 1
	outgoing: 3 2 
	datadep: 
	instructions:
BB 2
	outgoing: 3 
	datadep: 
	instructions:
		 0: def_%self 
		 1: def_%v_0 
		 2: COPY TYPE_CurrentScope def_%current_scope 
		 3: COPY TYPE_ScopeModule def_%current_module 
		 4: 
		 5: 
		 6: (Discussion) def_%v_3 
		 7: (Discussion) def_%v_4 
		 8: %v_4->arel_table def_%v_5 %v_4[2.7,] 	 SYMBOL:	 ARGS:
		 9: %v_5->[] def_%v_6 %v_5[2.8,] 	 SYMBOL:id,	 ARGS:Symbol,
		 10: %self->hidden_discussions def_%v_7 %self[2.0,] 	 SYMBOL:	 ARGS:
		 11: %v_7->map def_%v_8 %v_7[2.10,] 	 SYMBOL:id,	 ARGS:
		 12: %v_6->in def_%v_9 %v_6[2.9,] %v_8[2.11,] 	 SYMBOL:	 ARGS:%v_8,
		 13: %v_9->not def_%v_10 %v_9[2.12,] 	 SYMBOL:	 ARGS:
		 14: %v_3->where def_%v_11 %v_3[2.6,] %v_10[2.13,] 	 SYMBOL:	 ARGS:%v_10,
		 15: RETURN %v_11[2.14,] %self[2.0,2.10,] 
BB 3
	outgoing: 
	datadep: 
	instructions:

SET IRMethod, name = mark_exchange_viewed instanceMethod = true
BB 1
	outgoing: 9 2 
	datadep: 
	instructions:
BB 2
	outgoing: 3 7 
	datadep: 
	instructions:
		 0: def_%self 
		 1: def_%v_0 
		 2: COPY TYPE_CurrentScope def_%current_scope 
		 3: COPY TYPE_ScopeModule def_%current_module 
		 4: 
		 5: RECEIVEARG def_exchange 
		 6: RECEIVEARG def_post 
		 7: RECEIVEARG def_index 
		 8: 
		 9: (ExchangeView) def_%v_3 
		 10: %self->id def_%v_4 %self[2.0,] 	 SYMBOL:	 ARGS:
		 11: exchange->id def_%v_5 exchange[2.5,] 	 SYMBOL:	 ARGS:
		 12: HASH-user_id-exchange_id- def_%v_6 %v_4[2.10,] %v_5[2.11,] 
		 13: %v_3->where def_%v_7 %v_3[2.9,] %v_6[2.12,] 	 SYMBOL:	 ARGS:%v_6,
		 14: %v_7->first def_%v_8 %v_7[2.13,] 	 SYMBOL:	 ARGS:
		 15: COPY TYPE_PASS def_exchange_view %v_8[2.14,] 
		 16: BRANCH %v_8[2.14,] 
BB 3
	outgoing: 4 5 
	datadep: 
	instructions:
		 0: 
		 1: exchange_view->post_index def_%v_9 exchange_view[2.15,] 	 SYMBOL:	 ARGS:
		 2: %v_9->< def_%v_10 %v_9[3.1,] index[2.7,] 	 SYMBOL:	 ARGS:index,
		 3: BRANCH %v_10[3.2,] 
BB 4
	outgoing: 6 
	datadep: 
	instructions:
		 0: 
		 1: post->id def_%v_11 post[2.6,] 	 SYMBOL:	 ARGS:
		 2: HASH-post_index-post_id- def_%v_12 index[2.7,] %v_11[4.1,] 
		 3: exchange_view->update_attributes def_%v_13 exchange_view[2.15,] %v_12[4.2,] 	 SYMBOL:	 ARGS:%v_12,
		 4: 
BB 5
	outgoing: 6 
	datadep: 
	instructions:
		 0: COPY TYPE_Nil def_%v_13 
BB 6
	outgoing: 9 
	datadep: 
	instructions:
		 0: RETURN %v_13[5.0,4.3,] %self[2.0,] 
BB 7
	outgoing: 9 
	datadep: 
	instructions:
		 0: 
		 1: (ExchangeView) def_%v_14 
		 2: exchange->id def_%v_15 exchange[2.5,] 	 SYMBOL:	 ARGS:
		 3: %self->id def_%v_16 %self[2.0,] 	 SYMBOL:	 ARGS:
		 4: post->id def_%v_17 post[2.6,] 	 SYMBOL:	 ARGS:
		 5: HASH-exchange_id-user_id-post_index-post_id- def_%v_18 %v_15[7.2,] %v_16[7.3,] index[2.7,] %v_17[7.4,] 
		 6: %v_14->create def_%v_19 %v_14[7.1,] %v_18[7.5,] 	 SYMBOL:	 ARGS:%v_18,
		 7: RETURN %v_19[7.6,] %self[7.3,2.0,] 
BB 9
	outgoing: 
	datadep: 
	instructions:

SET IRMethod, name = mark_conversation_viewed instanceMethod = true
BB 1
	outgoing: 3 2 
	datadep: 
	instructions:
BB 2
	outgoing: 3 
	datadep: 
	instructions:
		 0: def_%self 
		 1: def_%v_0 
		 2: COPY TYPE_CurrentScope def_%current_scope 
		 3: COPY TYPE_ScopeModule def_%current_module 
		 4: 
		 5: RECEIVEARG def_conversation 
		 6: 
		 7: %self->conversation_relationships def_%v_3 %self[2.0,] 	 SYMBOL:	 ARGS:
		 8: HASH-conversation_id- def_%v_4 conversation[2.5,] 
		 9: %v_3->where def_%v_5 %v_3[2.7,] %v_4[2.8,] 	 SYMBOL:	 ARGS:%v_4,
		 10: %v_5->first def_%v_6 %v_5[2.9,] 	 SYMBOL:	 ARGS:
		 11: HASH-new_posts- def_%v_7 
		 12: %v_6->update_attributes def_%v_8 %v_6[2.10,] %v_7[2.11,] 	 SYMBOL:	 ARGS:%v_7,
		 13: RETURN %v_8[2.12,] %self[2.0,2.7,] 
BB 3
	outgoing: 
	datadep: 
	instructions:

SET IRMethod, name = posts_per_day instanceMethod = true
BB 1
	outgoing: 3 2 
	datadep: 
	instructions:
BB 2
	outgoing: 3 
	datadep: 
	instructions:
		 0: def_%self 
		 1: def_%v_0 
		 2: COPY TYPE_CurrentScope def_%current_scope 
		 3: COPY TYPE_ScopeModule def_%current_module 
		 4: 
		 5: 
		 6: %self->public_posts_count def_%v_3 %self[2.0,] 	 SYMBOL:	 ARGS:
		 7: %v_3->to_f def_%v_4 %v_3[2.6,] 	 SYMBOL:	 ARGS:
		 8: (Time) def_%v_5 
		 9: %v_5->now def_%v_6 %v_5[2.8,] 	 SYMBOL:	 ARGS:
		 10: %self->created_at def_%v_7 %self[2.0,2.6,] 	 SYMBOL:	 ARGS:
		 11: %v_6->- def_%v_8 %v_6[2.9,] %v_7[2.10,] 	 SYMBOL:	 ARGS:%v_7,
		 12: %v_8->to_f def_%v_9 %v_8[2.11,] 	 SYMBOL:	 ARGS:
		 13: CONSTANT def_%v_10 	 SYMBOL:	 ARGS:
		 14: %v_9->/ def_%v_11 %v_9[2.12,] %v_10[2.13,] 	 SYMBOL:	 ARGS:%v_10,
		 15: %v_4->/ def_%v_12 %v_4[2.7,] %v_11[2.14,] 	 SYMBOL:	 ARGS:%v_11,
		 16: RETURN %v_12[2.15,] %self[2.0,2.6,2.10,] 
BB 3
	outgoing: 
	datadep: 
	instructions:

SET IRMethod, name = unread_conversations_count instanceMethod = true
BB 1
	outgoing: 3 2 
	datadep: 
	instructions:
BB 2
	outgoing: 3 
	datadep: 
	instructions:
		 0: def_%self 
		 1: def_%v_0 
		 2: COPY TYPE_CurrentScope def_%current_scope 
		 3: COPY TYPE_ScopeModule def_%current_module 
		 4: 
		 5: 
		 6: %self->conversation_relationships def_%v_3 %self[2.0,] 	 SYMBOL:	 ARGS:
		 7: HASH-new_posts- def_%v_4 
		 8: %v_3->where def_%v_5 %v_3[2.6,] %v_4[2.7,] 	 SYMBOL:	 ARGS:%v_4,
		 9: %v_5->count def_%v_6 %v_5[2.8,] 	 SYMBOL:	 ARGS:
		 10: RETURN %v_6[2.9,] %self[2.0,2.6,] 
BB 3
	outgoing: 
	datadep: 
	instructions:

SET IRMethod, name = unread_conversations? instanceMethod = true
BB 1
	outgoing: 3 2 
	datadep: 
	instructions:
BB 2
	outgoing: 3 
	datadep: 
	instructions:
		 0: def_%self 
		 1: def_%v_0 
		 2: COPY TYPE_CurrentScope def_%current_scope 
		 3: COPY TYPE_ScopeModule def_%current_module 
		 4: 
		 5: 
		 6: %self->unread_conversations_count def_%v_3 %self[2.0,] 	 SYMBOL:	 ARGS:
		 7: %v_3->> def_%v_4 %v_3[2.6,] 	 SYMBOL:	 ARGS:Fixnum,
		 8: RETURN %v_4[2.7,] %self[2.0,2.6,] 
BB 3
	outgoing: 
	datadep: 
	instructions:

SET IRMethod, name = muted_conversation? instanceMethod = true
BB 1
	outgoing: 3 2 
	datadep: 
	instructions:
BB 2
	outgoing: 3 
	datadep: 
	instructions:
		 0: def_%self 
		 1: def_%v_0 
		 2: COPY TYPE_CurrentScope def_%current_scope 
		 3: COPY TYPE_ScopeModule def_%current_module 
		 4: 
		 5: RECEIVEARG def_conversation 
		 6: 
		 7: %self->conversation_relationships def_%v_3 %self[2.0,] 	 SYMBOL:	 ARGS:
		 8: HASH-notifications-conversation- def_%v_4 conversation[2.5,] 
		 9: %v_3->where def_%v_5 %v_3[2.7,] %v_4[2.8,] 	 SYMBOL:	 ARGS:%v_4,
		 10: %v_5->any? def_%v_6 %v_5[2.9,] 	 SYMBOL:	 ARGS:
		 11: %v_6->! def_%v_7 %v_6[2.10,] 	 SYMBOL:	 ARGS:
		 12: RETURN %v_7[2.11,] %self[2.0,2.7,] 
BB 3
	outgoing: 
	datadep: 
	instructions:

SET IRMethod, name = discussion_relationship_with instanceMethod = true
BB 1
	outgoing: 3 2 
	datadep: 
	instructions:
BB 2
	outgoing: 3 
	datadep: 
	instructions:
		 0: def_%self 
		 1: def_%v_0 
		 2: COPY TYPE_CurrentScope def_%current_scope 
		 3: COPY TYPE_ScopeModule def_%current_module 
		 4: 
		 5: RECEIVEARG def_discussion 
		 6: 
		 7: %self->discussion_relationships def_%v_3 %self[2.0,] 	 SYMBOL:	 ARGS:
		 8: discussion->id def_%v_4 discussion[2.5,] 	 SYMBOL:	 ARGS:
		 9: HASH-discussion_id- def_%v_5 %v_4[2.8,] 
		 10: %v_3->where def_%v_6 %v_3[2.7,] %v_5[2.9,] 	 SYMBOL:	 ARGS:%v_5,
		 11: %v_6->first def_%v_7 %v_6[2.10,] 	 SYMBOL:	 ARGS:
		 12: RETURN %v_7[2.11,] %self[2.0,2.7,] 
BB 3
	outgoing: 
	datadep: 
	instructions:

SET IRMethod, name = following? instanceMethod = true
BB 1
	outgoing: 8 2 
	datadep: 
	instructions:
BB 2
	outgoing: 3 4 
	datadep: 
	instructions:
		 0: def_%self 
		 1: def_%v_0 
		 2: COPY TYPE_CurrentScope def_%current_scope 
		 3: COPY TYPE_ScopeModule def_%current_module 
		 4: 
		 5: RECEIVEARG def_discussion 
		 6: 
		 7: %self->discussion_relationship_with def_%v_3 %self[2.0,] discussion[2.5,] 	 SYMBOL:	 ARGS:discussion,
		 8: BRANCH %v_3[2.7,] 
BB 3
	outgoing: 4 
	datadep: 
	instructions:
		 0: %self->discussion_relationship_with def_%v_4 %self[2.0,] discussion[2.5,] 	 SYMBOL:	 ARGS:discussion,
		 1: %v_4->following? def_%v_5 %v_4[3.0,] 	 SYMBOL:	 ARGS:
		 2: COPY TYPE_PASS def_%v_3 %v_5[3.1,] 
BB 4
	outgoing: 5 6 
	datadep: 
	instructions:
		 0: BRANCH %v_3[3.2,2.7,] 
BB 5
	outgoing: 8 
	datadep: 
	instructions:
		 0: 
		 1: COPY TYPE_Boolean def_%v_6 
		 2: RETURN %self[2.0,] 
BB 6
	outgoing: 8 
	datadep: 
	instructions:
		 0: 
		 1: RETURN %self[2.0,] 
BB 8
	outgoing: 
	datadep: 
	instructions:

SET IRMethod, name = favorite? instanceMethod = true
BB 1
	outgoing: 8 2 
	datadep: 
	instructions:
BB 2
	outgoing: 3 4 
	datadep: 
	instructions:
		 0: def_%self 
		 1: def_%v_0 
		 2: COPY TYPE_CurrentScope def_%current_scope 
		 3: COPY TYPE_ScopeModule def_%current_module 
		 4: 
		 5: RECEIVEARG def_discussion 
		 6: 
		 7: %self->discussion_relationship_with def_%v_3 %self[2.0,] discussion[2.5,] 	 SYMBOL:	 ARGS:discussion,
		 8: BRANCH %v_3[2.7,] 
BB 3
	outgoing: 4 
	datadep: 
	instructions:
		 0: %self->discussion_relationship_with def_%v_4 %self[2.0,] discussion[2.5,] 	 SYMBOL:	 ARGS:discussion,
		 1: %v_4->favorite? def_%v_5 %v_4[3.0,] 	 SYMBOL:	 ARGS:
		 2: COPY TYPE_PASS def_%v_3 %v_5[3.1,] 
BB 4
	outgoing: 5 6 
	datadep: 
	instructions:
		 0: BRANCH %v_3[3.2,2.7,] 
BB 5
	outgoing: 8 
	datadep: 
	instructions:
		 0: 
		 1: COPY TYPE_Boolean def_%v_6 
		 2: RETURN %self[2.0,] 
BB 6
	outgoing: 8 
	datadep: 
	instructions:
		 0: 
		 1: RETURN %self[2.0,] 
BB 8
	outgoing: 
	datadep: 
	instructions:

SET IRMethod, name = hidden? instanceMethod = true
BB 1
	outgoing: 8 2 
	datadep: 
	instructions:
BB 2
	outgoing: 3 4 
	datadep: 
	instructions:
		 0: def_%self 
		 1: def_%v_0 
		 2: COPY TYPE_CurrentScope def_%current_scope 
		 3: COPY TYPE_ScopeModule def_%current_module 
		 4: 
		 5: RECEIVEARG def_discussion 
		 6: 
		 7: %self->discussion_relationship_with def_%v_3 %self[2.0,] discussion[2.5,] 	 SYMBOL:	 ARGS:discussion,
		 8: BRANCH %v_3[2.7,] 
BB 3
	outgoing: 4 
	datadep: 
	instructions:
		 0: %self->discussion_relationship_with def_%v_4 %self[2.0,] discussion[2.5,] 	 SYMBOL:	 ARGS:discussion,
		 1: %v_4->hidden? def_%v_5 %v_4[3.0,] 	 SYMBOL:	 ARGS:
		 2: COPY TYPE_PASS def_%v_3 %v_5[3.1,] 
BB 4
	outgoing: 5 6 
	datadep: 
	instructions:
		 0: BRANCH %v_3[3.2,2.7,] 
BB 5
	outgoing: 8 
	datadep: 
	instructions:
		 0: 
		 1: COPY TYPE_Boolean def_%v_6 
		 2: RETURN %self[2.0,] 
BB 6
	outgoing: 8 
	datadep: 
	instructions:
		 0: 
		 1: RETURN %self[2.0,] 
BB 8
	outgoing: 
	datadep: 
	instructions:

