SET IRMethod, name = search_results instanceMethod = true
BB 1
	outgoing: 5 2 
	datadep: 
	instructions:
BB 2
	outgoing: 3 4 
	datadep: 
	instructions:
		 0: def_%self 
		 1: def_%v_0 
		 2: COPY TYPE_CurrentScope def_%current_scope 
		 3: COPY TYPE_ScopeModule def_%current_module 
		 4: 
		 5: RECEIVEARG def_query 
		 6: RECEIVECONSTARG def_options 
		 7: options[2.6,] 
BB 3
	outgoing: 4 
	datadep: 
	instructions:
		 0: HASH- def_%v_3 
		 1: COPY TYPE_PASS def_options %v_3[3.0,] 
BB 4
	outgoing: 5 
	datadep: 
	instructions:
		 0: 
		 1: (Discussion) def_%v_4 
		 2: %v_4->search def_%v_5 %v_4[4.1,] %self[2.0,] 	 SYMBOL:	 ARGS:%v_4,
CLOSURE BEGIN: %self[2.0,] query[2.5,] options[3.1,2.6,] 
BB 1
	outgoing: 11 2 
	datadep: 
	instructions:
BB 2
	outgoing: 3 
	datadep: 
	instructions:
		 0: def_%self 
		 1: def_%cl_1_0 
		 2: COPY TYPE_CurrentScope def_%current_scope 
		 3: COPY TYPE_ScopeModule def_%current_module 
BB 3
	outgoing: 4 5 9 
	datadep: 
	instructions:
		 0: 
		 1: %self->fulltext def_%cl_1_3 %self[2.0,] query[] 	 SYMBOL:	 ARGS:query,
		 2: 
		 3: options->[] def_%cl_1_4 options[] 	 SYMBOL:user,	 ARGS:Symbol,
		 4: BRANCH %cl_1_4[3.3,] 
BB 4
	outgoing: 5 9 
	datadep: 
	instructions:
		 0: options->[] def_%cl_1_5 options[] 	 SYMBOL:user,	 ARGS:Symbol,
		 1: %cl_1_5->trusted? def_%cl_1_6 %cl_1_5[4.0,] 	 SYMBOL:	 ARGS:
		 2: COPY TYPE_PASS def_%cl_1_4 %cl_1_6[4.1,] 
BB 5
	outgoing: 6 7 
	datadep: 
	instructions:
		 0: BRANCH %cl_1_4[4.2,3.3,] 
BB 6
	outgoing: 8 
	datadep: 
	instructions:
		 0: COPY TYPE_Nil def_%cl_1_7 
		 1: 
BB 7
	outgoing: 8 9 
	datadep: 
	instructions:
		 0: %self->with def_%cl_1_8 %self[2.0,] 	 SYMBOL:trusted,	 ARGS:Symbol,Boolean,
		 1: COPY TYPE_PASS def_%cl_1_7 %cl_1_8[7.0,] 
BB 8
	outgoing: 9 11 
	datadep: 
	instructions:
		 0: 
		 1: %self->order_by def_%cl_1_9 %self[2.0,] 	 SYMBOL:last_post_at,desc,	 ARGS:Symbol,Symbol,
		 2: 
		 3: options->[] def_%cl_1_10 options[] 	 SYMBOL:page,	 ARGS:Symbol,
		 4: (Exchange) def_%cl_1_11 
		 5: %cl_1_11->per_page def_%cl_1_12 %cl_1_11[8.4,] 	 SYMBOL:	 ARGS:
		 6: HASH-page-per_page- def_%cl_1_13 %cl_1_10[8.3,] %cl_1_12[8.5,] 
		 7: %self->paginate def_%cl_1_14 %self[8.1,2.0,] %cl_1_13[8.6,] 	 SYMBOL:	 ARGS:%cl_1_13,
		 8: RETURN %cl_1_14[8.7,] %self[8.1,8.7,2.0,] 
BB 9
	outgoing: 11 
	datadep: 
	instructions:
		 0: def_%cl_1_15 
		 1: def_%cl_1_16 %cl_1_15[9.0,] 
		 2: RETURN %cl_1_16[9.1,] %self[2.0,] 
BB 11
	outgoing: 
	datadep: 
	instructions:
CLOSURE END: 
		 3: COPY TYPE_PASS def_search %v_5[4.2,] 
		 4: 
		 5: RETURN %v_5[4.2,] %self[2.0,] 
BB 5
	outgoing: 
	datadep: 
	instructions:

