SET IRMethod, name = mail_job instanceMethod = true
BB 1
	outgoing: 7 2 
	datadep: 
	instructions:
BB 2
	outgoing: 3 4 
	datadep: 
	instructions:
		 0: def_%self 
		 1: def_%v_0 
		 2: COPY TYPE_CurrentScope def_%current_scope 
		 3: COPY TYPE_ScopeModule def_%current_module 
		 4: 
		 5: 
		 6: (Workers) def_%v_3 
		 7: (inherit Mail) def_%v_4 %v_3[2.6,] 
		 8: %v_4[2.7,] 
BB 3
	outgoing: 4 
	datadep: 
	instructions:
		 0: %v_3->const_missing def_%v_4 %v_3[2.6,] 	 SYMBOL:Mail,	 ARGS:Symbol,
BB 4
	outgoing: 5 6 
	datadep: 
	instructions:
		 0: (inherit StartedSharing) def_%v_5 %v_4[3.0,2.7,] 
		 1: %v_5[4.0,] 
BB 5
	outgoing: 6 
	datadep: 
	instructions:
		 0: %v_4->const_missing def_%v_5 %v_4[3.0,2.7,] 	 SYMBOL:StartedSharing,	 ARGS:Symbol,
BB 6
	outgoing: 7 
	datadep: 
	instructions:
		 0: RETURN %v_5[5.0,4.0,] %self[2.0,] 
BB 7
	outgoing: 
	datadep: 
	instructions:

SET IRMethod, name = popup_translation_key instanceMethod = true
BB 1
	outgoing: 3 2 
	datadep: 
	instructions:
BB 2
	outgoing: 3 
	datadep: 
	instructions:
		 0: def_%self 
		 1: def_%v_0 
		 2: COPY TYPE_CurrentScope def_%current_scope 
		 3: COPY TYPE_ScopeModule def_%current_module 
		 4: 
		 5: 
		 6: COPY TYPE_StringLiteral "notifications.started_sharing" def_%v_3 
		 7: RETURN %v_3[2.6,] %self[2.0,] 
BB 3
	outgoing: 
	datadep: 
	instructions:

SET IRMethod, name = email_the_user instanceMethod = true
BB 1
	outgoing: 3 2 
	datadep: 
	instructions:
BB 2
	outgoing: 3 
	datadep: 
	instructions:
		 0: def_%self 
		 1: def_%v_0 
		 2: COPY TYPE_CurrentScope def_%current_scope 
		 3: COPY TYPE_ScopeModule def_%current_module 
		 4: 
		 5: RECEIVEARG def_target 
		 6: RECEIVEARG def_actor 
		 7: 
		 8: target->sender def_%v_3 target[2.5,] 	 SYMBOL:	 ARGS:
		 9: %self->super def_%v_4 %current_module[2.3,] %v_3[2.8,] actor[2.6,] %v_0[2.1,] 	 SYMBOL:	 ARGS:%v_3,actor,
		 10: RETURN %v_4[2.9,] %self[2.0,] 
BB 3
	outgoing: 
	datadep: 
	instructions:

SET IRMethod, name = make_notification instanceMethod = false
BB 1
	outgoing: 3 2 
	datadep: 
	instructions:
BB 2
	outgoing: 3 
	datadep: 
	instructions:
		 0: def_%self 
		 1: def_%v_0 
		 2: COPY TYPE_CurrentScope def_%current_scope 
		 3: COPY TYPE_ScopeModule def_%current_module 
		 4: 
		 5: RECEIVEARG def_recipient 
		 6: RECEIVEARG def_target 
		 7: RECEIVEARG def_actor 
		 8: RECEIVEARG def_notification_type 
		 9: 
		 10: target->sender def_%v_3 target[2.6,] 	 SYMBOL:	 ARGS:
		 11: %self->super def_%v_4 %current_module[2.3,] recipient[2.5,] %v_3[2.10,] actor[2.7,] notification_type[2.8,] %v_0[2.1,] 	 SYMBOL:	 ARGS:recipient,%v_3,actor,notification_type,
		 12: RETURN %v_4[2.11,] %self[2.0,] 
BB 3
	outgoing: 
	datadep: 
	instructions:

