SET IRMethod, name = current instanceMethod = false
BB 1
	outgoing: 3 2 
	datadep: 
	instructions:
BB 2
	outgoing: 3 
	datadep: 
	instructions:
		 0: def_%self 
		 1: def_%v_0 
		 2: COPY TYPE_CurrentScope def_%current_scope 
		 3: COPY TYPE_ScopeModule def_%current_module 
		 4: 
		 5: 
		 6: (Rails) def_%v_3 
		 7: %v_3->cache def_%v_4 %v_3[2.6,] 	 SYMBOL:	 ARGS:
		 8: (CACHE_KEY) def_%v_5 
		 9: %v_4->fetch def_%v_6 %v_4[2.7,] %v_5[2.8,] %self[2.0,] 	 SYMBOL:	 ARGS:%v_5,%v_4,
CLOSURE BEGIN: 
BB 1
	outgoing: 6 2 
	datadep: 
	instructions:
BB 2
	outgoing: 3 
	datadep: 
	instructions:
		 0: def_%self 
		 1: def_%cl_1_0 
		 2: COPY TYPE_CurrentScope def_%current_scope 
		 3: COPY TYPE_ScopeModule def_%current_module 
BB 3
	outgoing: 4 6 
	datadep: 
	instructions:
		 0: 
		 1: (ApplicationSetting) def_%cl_1_3 
		 2: %cl_1_3->last def_%cl_1_4 %cl_1_3[3.1,] 	 SYMBOL:	 ARGS:
		 3: RETURN %cl_1_4[3.2,] %self[2.0,] 
BB 4
	outgoing: 6 
	datadep: 
	instructions:
		 0: def_%cl_1_5 
		 1: def_%cl_1_6 %cl_1_5[4.0,] 
		 2: RETURN %cl_1_6[4.1,] %self[2.0,] 
BB 6
	outgoing: 
	datadep: 
	instructions:
CLOSURE END: 
		 10: RETURN %v_6[2.9,] %self[2.0,] 
BB 3
	outgoing: 
	datadep: 
	instructions:

SET IRMethod, name = expire instanceMethod = false
BB 1
	outgoing: 3 2 
	datadep: 
	instructions:
BB 2
	outgoing: 3 
	datadep: 
	instructions:
		 0: def_%self 
		 1: def_%v_0 
		 2: COPY TYPE_CurrentScope def_%current_scope 
		 3: COPY TYPE_ScopeModule def_%current_module 
		 4: 
		 5: 
		 6: (Rails) def_%v_3 
		 7: %v_3->cache def_%v_4 %v_3[2.6,] 	 SYMBOL:	 ARGS:
		 8: (CACHE_KEY) def_%v_5 
		 9: %v_4->delete def_%v_6 %v_4[2.7,] %v_5[2.8,] 	 SYMBOL:	 ARGS:%v_5,
		 10: RETURN %v_6[2.9,] %self[2.0,] 
BB 3
	outgoing: 
	datadep: 
	instructions:

SET IRMethod, name = create_from_defaults instanceMethod = false
BB 1
	outgoing: 3 2 
	datadep: 
	instructions:
BB 2
	outgoing: 3 
	datadep: 
	instructions:
		 0: def_%self 
		 1: def_%v_0 
		 2: COPY TYPE_CurrentScope def_%current_scope 
		 3: COPY TYPE_ScopeModule def_%current_module 
		 4: 
		 5: 
		 6: (Settings) def_%v_3 
		 7: %v_3->gitlab def_%v_4 %v_3[2.6,] 	 SYMBOL:	 ARGS:
		 8: COPY TYPE_StringLiteral "default_projects_limit" def_%v_5 
		 9: %v_4->[] def_%v_6 %v_4[2.7,] %v_5[2.8,] 	 SYMBOL:	 ARGS:%v_5,
		 10: (Settings) def_%v_7 
		 11: %v_7->gitlab def_%v_8 %v_7[2.10,] 	 SYMBOL:	 ARGS:
		 12: COPY TYPE_StringLiteral "default_branch_protection" def_%v_9 
		 13: %v_8->[] def_%v_10 %v_8[2.11,] %v_9[2.12,] 	 SYMBOL:	 ARGS:%v_9,
		 14: (Settings) def_%v_11 
		 15: %v_11->gitlab def_%v_12 %v_11[2.14,] 	 SYMBOL:	 ARGS:
		 16: COPY TYPE_StringLiteral "signup_enabled" def_%v_13 
		 17: %v_12->[] def_%v_14 %v_12[2.15,] %v_13[2.16,] 	 SYMBOL:	 ARGS:%v_13,
		 18: (Settings) def_%v_15 
		 19: %v_15->gitlab def_%v_16 %v_15[2.18,] 	 SYMBOL:	 ARGS:
		 20: COPY TYPE_StringLiteral "signin_enabled" def_%v_17 
		 21: %v_16->[] def_%v_18 %v_16[2.19,] %v_17[2.20,] 	 SYMBOL:	 ARGS:%v_17,
		 22: (Settings) def_%v_19 
		 23: %v_19->gravatar def_%v_20 %v_19[2.22,] 	 SYMBOL:	 ARGS:
		 24: COPY TYPE_StringLiteral "enabled" def_%v_21 
		 25: %v_20->[] def_%v_22 %v_20[2.23,] %v_21[2.24,] 	 SYMBOL:	 ARGS:%v_21,
		 26: (Settings) def_%v_23 
		 27: %v_23->extra def_%v_24 %v_23[2.26,] 	 SYMBOL:	 ARGS:
		 28: COPY TYPE_StringLiteral "sign_in_text" def_%v_25 
		 29: %v_24->[] def_%v_26 %v_24[2.27,] %v_25[2.28,] 	 SYMBOL:	 ARGS:%v_25,
		 30: (Settings) def_%v_27 
		 31: %v_27->gitlab def_%v_28 %v_27[2.30,] 	 SYMBOL:	 ARGS:
		 32: COPY TYPE_StringLiteral "restricted_visibility_levels" def_%v_29 
		 33: %v_28->[] def_%v_30 %v_28[2.31,] %v_29[2.32,] 	 SYMBOL:	 ARGS:%v_29,
		 34: (Settings) def_%v_31 
		 35: %v_31->gitlab def_%v_32 %v_31[2.34,] 	 SYMBOL:	 ARGS:
		 36: COPY TYPE_StringLiteral "max_attachment_size" def_%v_33 
		 37: %v_32->[] def_%v_34 %v_32[2.35,] %v_33[2.36,] 	 SYMBOL:	 ARGS:%v_33,
		 38: (Settings) def_%v_35 
		 39: %v_35->gitlab def_%v_36 %v_35[2.38,] 	 SYMBOL:	 ARGS:
		 40: COPY TYPE_StringLiteral "session_expire_delay" def_%v_37 
		 41: %v_36->[] def_%v_38 %v_36[2.39,] %v_37[2.40,] 	 SYMBOL:	 ARGS:%v_37,
		 42: (Settings) def_%v_39 
		 43: %v_39->gitlab def_%v_40 %v_39[2.42,] 	 SYMBOL:	 ARGS:
		 44: %v_40->default_projects_features def_%v_41 %v_40[2.43,] 	 SYMBOL:	 ARGS:
		 45: COPY TYPE_StringLiteral "visibility_level" def_%v_42 
		 46: %v_41->[] def_%v_43 %v_41[2.44,] %v_42[2.45,] 	 SYMBOL:	 ARGS:%v_42,
		 47: (Settings) def_%v_44 
		 48: %v_44->gitlab def_%v_45 %v_44[2.47,] 	 SYMBOL:	 ARGS:
		 49: %v_45->default_projects_features def_%v_46 %v_45[2.48,] 	 SYMBOL:	 ARGS:
		 50: COPY TYPE_StringLiteral "visibility_level" def_%v_47 
		 51: %v_46->[] def_%v_48 %v_46[2.49,] %v_47[2.50,] 	 SYMBOL:	 ARGS:%v_47,
		 52: (Settings) def_%v_49 
		 53: %v_49->gitlab def_%v_50 %v_49[2.52,] 	 SYMBOL:	 ARGS:
		 54: COPY TYPE_StringLiteral "restricted_signup_domains" def_%v_51 
		 55: %v_50->[] def_%v_52 %v_50[2.53,] %v_51[2.54,] 	 SYMBOL:	 ARGS:%v_51,
		 56: COPY TYPE_StringLiteral "github" def_%v_53 
		 57: COPY TYPE_StringLiteral "bitbucket" def_%v_54 
		 58: COPY TYPE_StringLiteral "gitlab" def_%v_55 
		 59: COPY TYPE_StringLiteral "gitorious" def_%v_56 
		 60: COPY TYPE_StringLiteral "google_code" def_%v_57 
		 61: COPY TYPE_StringLiteral "fogbugz" def_%v_58 
		 62: COPY TYPE_StringLiteral "git" def_%v_59 
		 63: COPY TYPE_Array def_%v_60 %v_53[2.56,] %v_54[2.57,] %v_55[2.58,] %v_56[2.59,] %v_57[2.60,] %v_58[2.61,] %v_59[2.62,] 
		 64: (Settings) def_%v_61 
		 65: %v_61->gitlab_ci def_%v_62 %v_61[2.64,] 	 SYMBOL:	 ARGS:
		 66: COPY TYPE_StringLiteral "shared_runners_enabled" def_%v_63 
		 67: %v_62->[] def_%v_64 %v_62[2.65,] %v_63[2.66,] 	 SYMBOL:	 ARGS:%v_63,
		 68: (Settings) def_%v_65 
		 69: %v_65->artifacts def_%v_66 %v_65[2.68,] 	 SYMBOL:	 ARGS:
		 70: COPY TYPE_StringLiteral "max_size" def_%v_67 
		 71: %v_66->[] def_%v_68 %v_66[2.69,] %v_67[2.70,] 	 SYMBOL:	 ARGS:%v_67,
		 72: COPY TYPE_Array def_%v_69 
		 73: HASH-default_projects_limit-default_branch_protection-signup_enabled-signin_enabled-gravatar_enabled-sign_in_text-restricted_visibility_levels-max_attachment_size-session_expire_delay-default_project_visibility-default_snippet_visibility-restricted_signup_domains-import_sources-shared_runners_enabled-max_artifacts_size-require_two_factor_authentication-two_factor_grace_period-recaptcha_enabled-akismet_enabled-repository_checks_enabled-disabled_oauth_sign_in_sources-send_user_confirmation_email- def_%v_70 %v_6[2.9,] %v_10[2.13,] %v_14[2.17,] %v_18[2.21,] %v_22[2.25,] %v_26[2.29,] %v_30[2.33,] %v_34[2.37,] %v_38[2.41,] %v_43[2.46,] %v_48[2.51,] %v_52[2.55,] %v_60[2.63,] %v_64[2.67,] %v_68[2.71,] %v_69[2.72,] 
		 74: %self->create def_%v_71 %self[2.0,] %v_70[2.73,] 	 SYMBOL:	 ARGS:%v_70,
		 75: RETURN %v_71[2.74,] %self[2.0,2.74,] 
BB 3
	outgoing: 
	datadep: 
	instructions:

SET IRMethod, name = home_page_url_column_exist instanceMethod = true
BB 1
	outgoing: 5 2 
	datadep: 
	instructions:
BB 2
	outgoing: 3 4 
	datadep: 
	instructions:
		 0: def_%self 
		 1: def_%v_0 
		 2: COPY TYPE_CurrentScope def_%current_scope 
		 3: COPY TYPE_ScopeModule def_%current_module 
		 4: 
		 5: 
		 6: (ActiveRecord) def_%v_3 
		 7: (inherit Base) def_%v_4 %v_3[2.6,] 
		 8: %v_4[2.7,] 
BB 3
	outgoing: 4 
	datadep: 
	instructions:
		 0: %v_3->const_missing def_%v_4 %v_3[2.6,] 	 SYMBOL:Base,	 ARGS:Symbol,
BB 4
	outgoing: 5 
	datadep: 
	instructions:
		 0: %v_4->connection def_%v_5 %v_4[3.0,2.7,] 	 SYMBOL:	 ARGS:
		 1: %v_5->column_exists? def_%v_6 %v_5[4.0,] 	 SYMBOL:application_settings,home_page_url,	 ARGS:Symbol,Symbol,
		 2: RETURN %v_6[4.1,] %self[2.0,] 
BB 5
	outgoing: 
	datadep: 
	instructions:

SET IRMethod, name = restricted_signup_domains_raw instanceMethod = true
BB 1
	outgoing: 6 2 
	datadep: 
	instructions:
BB 2
	outgoing: 3 4 
	datadep: 
	instructions:
		 0: def_%self 
		 1: def_%v_0 
		 2: COPY TYPE_CurrentScope def_%current_scope 
		 3: COPY TYPE_ScopeModule def_%current_module 
		 4: 
		 5: 
		 6: %self->restricted_signup_domains def_%v_3 %self[2.0,] 	 SYMBOL:	 ARGS:
		 7: %v_3->nil? def_%v_4 %v_3[2.6,] 	 SYMBOL:	 ARGS:
		 8: BRANCH %v_4[2.7,] 
BB 3
	outgoing: 6 
	datadep: 
	instructions:
		 0: COPY TYPE_Nil def_%v_5 
		 1: RETURN %v_5[3.0,] %self[2.0,] 
BB 4
	outgoing: 6 
	datadep: 
	instructions:
		 0: %self->restricted_signup_domains def_%v_6 %self[2.0,] 	 SYMBOL:	 ARGS:
		 1: COPY TYPE_StringLiteral "
" def_%v_7 
		 2: %v_6->join def_%v_8 %v_6[4.0,] %v_7[4.1,] 	 SYMBOL:	 ARGS:%v_7,
		 3: RETURN %v_8[4.2,] %self[4.0,2.0,] 
BB 6
	outgoing: 
	datadep: 
	instructions:

SET IRMethod, name = restricted_signup_domains_raw= instanceMethod = true
BB 1
	outgoing: 3 2 
	datadep: 
	instructions:
BB 2
	outgoing: 3 
	datadep: 
	instructions:
		 0: def_%self 
		 1: def_%v_0 
		 2: COPY TYPE_CurrentScope def_%current_scope 
		 3: COPY TYPE_ScopeModule def_%current_module 
		 4: 
		 5: RECEIVEARG def_values 
		 6: 
		 7: COPY TYPE_Array def_%v_3 
		 8: ATTRASSIGN %self->restricted_signup_domains %v_3[2.7,] 
		 9: 
		 10: COPY TYPE_Regexp def_%v_4 
		 11: values->split def_%v_5 values[2.5,] 	 SYMBOL:	 ARGS:%v_4,
		 12: ATTRASSIGN %self->restricted_signup_domains %v_5[2.11,] 
		 13: 
		 14: %self->restricted_signup_domains def_%v_6 %self[2.0,2.8,2.12,] 	 SYMBOL:	 ARGS:
		 15: %v_6->reject! def_%v_7 %v_6[2.14,] %self[2.0,2.8,2.12,2.14,] 	 SYMBOL:	 ARGS:%v_6,
CLOSURE BEGIN: d[] 
BB 1
	outgoing: 6 2 
	datadep: 
	instructions:
BB 2
	outgoing: 3 
	datadep: 
	instructions:
		 0: def_%self 
		 1: def_%cl_1_0 
		 2: RECEIVEARG def_d 
		 3: COPY TYPE_CurrentScope def_%current_scope 
		 4: COPY TYPE_ScopeModule def_%current_module 
BB 3
	outgoing: 4 6 
	datadep: 
	instructions:
		 0: 
		 1: d->empty? def_%cl_1_3 d[2.2,] 	 SYMBOL:	 ARGS:
		 2: RETURN %cl_1_3[3.1,] %self[2.0,] 
BB 4
	outgoing: 6 
	datadep: 
	instructions:
		 0: def_%cl_1_4 
		 1: def_%cl_1_5 %cl_1_4[4.0,] 
		 2: RETURN %cl_1_5[4.1,] %self[2.0,] 
BB 6
	outgoing: 
	datadep: 
	instructions:
CLOSURE END: 
		 16: RETURN %v_7[2.15,] %self[2.0,2.8,2.12,2.14,] 
BB 3
	outgoing: 
	datadep: 
	instructions:

SET IRMethod, name = runners_registration_token instanceMethod = true
BB 1
	outgoing: 3 2 
	datadep: 
	instructions:
BB 2
	outgoing: 3 
	datadep: 
	instructions:
		 0: def_%self 
		 1: def_%v_0 
		 2: COPY TYPE_CurrentScope def_%current_scope 
		 3: COPY TYPE_ScopeModule def_%current_module 
		 4: 
		 5: 
		 6: %self->ensure_runners_registration_token! def_%v_3 %self[2.0,] 	 SYMBOL:	 ARGS:
		 7: RETURN %v_3[2.6,] %self[2.0,2.6,] 
BB 3
	outgoing: 
	datadep: 
	instructions:

SET IRMethod, name = health_check_access_token instanceMethod = true
BB 1
	outgoing: 3 2 
	datadep: 
	instructions:
BB 2
	outgoing: 3 
	datadep: 
	instructions:
		 0: def_%self 
		 1: def_%v_0 
		 2: COPY TYPE_CurrentScope def_%current_scope 
		 3: COPY TYPE_ScopeModule def_%current_module 
		 4: 
		 5: 
		 6: %self->ensure_health_check_access_token! def_%v_3 %self[2.0,] 	 SYMBOL:	 ARGS:
		 7: RETURN %v_3[2.6,] %self[2.0,2.6,] 
BB 3
	outgoing: 
	datadep: 
	instructions:

