SET IRMethod, name = reload_content instanceMethod = true
BB 1
	outgoing: 3 2 
	datadep: 
	instructions:
BB 2
	outgoing: 3 
	datadep: 
	instructions:
		 0: def_%self 
		 1: def_%v_0 
		 2: COPY TYPE_CurrentScope def_%current_scope 
		 3: COPY TYPE_ScopeModule def_%current_module 
		 4: 
		 5: 
		 6: %self->reload_commits def_%v_3 %self[2.0,] 	 SYMBOL:	 ARGS:
		 7: 
		 8: %self->reload_diffs def_%v_4 %self[2.0,2.6,] 	 SYMBOL:	 ARGS:
		 9: RETURN %v_4[2.8,] %self[2.0,2.6,2.8,] 
BB 3
	outgoing: 
	datadep: 
	instructions:

SET IRMethod, name = size instanceMethod = true
BB 1
	outgoing: 5 2 
	datadep: 
	instructions:
BB 2
	outgoing: 3 4 
	datadep: 
	instructions:
		 0: def_%self 
		 1: def_%v_0 
		 2: COPY TYPE_CurrentScope def_%current_scope 
		 3: COPY TYPE_ScopeModule def_%current_module 
		 4: 
		 5: 
		 6: %self->real_size def_%v_3 %self[2.0,] 	 SYMBOL:	 ARGS:
		 7: %v_3->presence def_%v_4 %v_3[2.6,] 	 SYMBOL:	 ARGS:
		 8: BRANCH %v_4[2.7,] 
BB 3
	outgoing: 5 
	datadep: 
	instructions:
		 0: %self->diffs def_%v_5 %self[2.0,] 	 SYMBOL:	 ARGS:
		 1: %v_5->size def_%v_6 %v_5[3.0,] 	 SYMBOL:	 ARGS:
		 2: RETURN %v_6[3.1,] %self[3.0,2.0,] 
BB 4
	outgoing: 5 
	datadep: 
	instructions:
		 0: RETURN %v_4[2.7,] %self[2.0,] 
BB 5
	outgoing: 
	datadep: 
	instructions:

SET IRMethod, name = diffs instanceMethod = true
BB 1
	outgoing: 20 2 
	datadep: 
	instructions:
BB 2
	outgoing: 3 4 
	datadep: 
	instructions:
		 0: def_%self 
		 1: def_%v_0 
		 2: COPY TYPE_CurrentScope def_%current_scope 
		 3: COPY TYPE_ScopeModule def_%current_module 
		 4: 
		 5: RECEIVECONSTARG def_options 
		 6: options[2.5,] 
BB 3
	outgoing: 4 
	datadep: 
	instructions:
		 0: HASH- def_%v_3 
		 1: COPY TYPE_PASS def_options %v_3[3.0,] 
BB 4
	outgoing: 5 14 
	datadep: 
	instructions:
		 0: 
		 1: options->[] def_%v_4 options[3.1,2.5,] 	 SYMBOL:ignore_whitespace_change,	 ARGS:Symbol,
		 2: BRANCH %v_4[4.1,] 
BB 5
	outgoing: 6 7 
	datadep: 
	instructions:
		 0: 
		 1: def_%v_6 %self[2.0,] 
		 2: COPY TYPE_PASS def_%v_5 %v_6[5.1,] 
		 3: %v_6[5.1,] 
BB 6
	outgoing: 7 
	datadep: 
	instructions:
		 0: GETFIELD %self->diffs_no_whitespace def_%v_7 %self[2.0,] 
		 1: COPY TYPE_PASS def_%v_5 %v_7[6.0,] 
BB 7
	outgoing: 8 13 
	datadep: 
	instructions:
		 0: BRANCH %v_5[6.1,5.2,] 
BB 8
	outgoing: 9 10 
	datadep: 
	instructions:
		 0: 
		 1: (Gitlab) def_%v_8 
		 2: (inherit Git) def_%v_9 %v_8[8.1,] 
		 3: %v_9[8.2,] 
BB 9
	outgoing: 10 
	datadep: 
	instructions:
		 0: %v_8->const_missing def_%v_9 %v_8[8.1,] 	 SYMBOL:Git,	 ARGS:Symbol,
BB 10
	outgoing: 11 12 
	datadep: 
	instructions:
		 0: (inherit Compare) def_%v_10 %v_9[9.0,8.2,] 
		 1: %v_10[10.0,] 
BB 11
	outgoing: 12 
	datadep: 
	instructions:
		 0: %v_9->const_missing def_%v_10 %v_9[9.0,8.2,] 	 SYMBOL:Compare,	 ARGS:Symbol,
BB 12
	outgoing: 13 
	datadep: 
	instructions:
		 0: %self->repository def_%v_11 %self[2.0,] 	 SYMBOL:	 ARGS:
		 1: %v_11->raw_repository def_%v_12 %v_11[12.0,] 	 SYMBOL:	 ARGS:
		 2: %self->base def_%v_13 %self[12.0,2.0,] 	 SYMBOL:	 ARGS:
		 3: %self->head def_%v_14 %self[12.0,12.2,2.0,] 	 SYMBOL:	 ARGS:
		 4: %v_10->new def_%v_15 %v_10[11.0,10.0,] %v_12[12.1,] %v_13[12.2,] %v_14[12.3,] 	 SYMBOL:	 ARGS:%v_12,%v_13,%v_14,
		 5: COPY TYPE_PASS def_compare %v_15[12.4,] 
		 6: 
		 7: %v_15->diffs def_%v_16 %v_15[12.4,] options[3.1,2.5,] 	 SYMBOL:	 ARGS:options,
		 8: ATTRASSIGN %self->diffs_no_whitespace %v_16[12.7,] 
		 9: COPY TYPE_PASS def_%v_7 %v_16[12.7,] 
BB 13
	outgoing: 20 
	datadep: 
	instructions:
		 0: RETURN %v_7[12.9,6.0,] %self[12.8,2.0,] 
BB 14
	outgoing: 15 16 
	datadep: 
	instructions:
		 0: 
		 1: def_%v_18 %self[2.0,] 
		 2: COPY TYPE_PASS def_%v_17 %v_18[14.1,] 
		 3: %v_18[14.1,] 
BB 15
	outgoing: 16 
	datadep: 
	instructions:
		 0: GETFIELD %self->diffs def_%v_19 %self[2.0,] 
		 1: COPY TYPE_PASS def_%v_17 %v_19[15.0,] 
BB 16
	outgoing: 17 18 
	datadep: 
	instructions:
		 0: BRANCH %v_17[15.1,14.2,] 
BB 17
	outgoing: 18 
	datadep: 
	instructions:
		 0: %self->st_diffs def_%v_20 %self[2.0,] 	 SYMBOL:	 ARGS:
		 1: %self->load_diffs def_%v_21 %self[17.0,2.0,] %v_20[17.0,] options[3.1,2.5,] 	 SYMBOL:	 ARGS:%v_20,options,
		 2: ATTRASSIGN %self->diffs %v_21[17.1,] 
		 3: COPY TYPE_PASS def_%v_19 %v_21[17.1,] 
BB 18
	outgoing: 20 
	datadep: 
	instructions:
		 0: RETURN %v_19[17.3,15.0,] %self[17.2,2.0,] 
BB 20
	outgoing: 
	datadep: 
	instructions:

SET IRMethod, name = commits instanceMethod = true
BB 1
	outgoing: 9 2 
	datadep: 
	instructions:
BB 2
	outgoing: 3 4 
	datadep: 
	instructions:
		 0: def_%self 
		 1: def_%v_0 
		 2: COPY TYPE_CurrentScope def_%current_scope 
		 3: COPY TYPE_ScopeModule def_%current_module 
		 4: 
		 5: 
		 6: def_%v_4 %self[2.0,] 
		 7: COPY TYPE_PASS def_%v_3 %v_4[2.6,] 
		 8: %v_4[2.6,] 
BB 3
	outgoing: 4 
	datadep: 
	instructions:
		 0: GETFIELD %self->commits def_%v_5 %self[2.0,] 
		 1: COPY TYPE_PASS def_%v_3 %v_5[3.0,] 
BB 4
	outgoing: 5 8 
	datadep: 
	instructions:
		 0: BRANCH %v_3[3.1,2.7,] 
BB 5
	outgoing: 6 7 
	datadep: 
	instructions:
		 0: %self->st_commits def_%v_6 %self[2.0,] 	 SYMBOL:	 ARGS:
		 1: BRANCH %v_6[5.0,] 
BB 6
	outgoing: 7 
	datadep: 
	instructions:
		 0: COPY TYPE_Array def_%v_7 
		 1: COPY TYPE_PASS def_%v_6 %v_7[6.0,] 
BB 7
	outgoing: 9 
	datadep: 
	instructions:
		 0: %self->load_commits def_%v_8 %self[2.0,] %v_6[6.1,5.0,] 	 SYMBOL:	 ARGS:%v_6,
		 1: ATTRASSIGN %self->commits %v_8[7.0,] 
		 2: RETURN %v_8[7.0,] %self[7.0,7.1,2.0,] 
BB 8
	outgoing: 9 
	datadep: 
	instructions:
		 0: RETURN %v_5[3.0,] %self[2.0,] 
BB 9
	outgoing: 
	datadep: 
	instructions:

SET IRMethod, name = last_commit instanceMethod = true
BB 1
	outgoing: 3 2 
	datadep: 
	instructions:
BB 2
	outgoing: 3 
	datadep: 
	instructions:
		 0: def_%self 
		 1: def_%v_0 
		 2: COPY TYPE_CurrentScope def_%current_scope 
		 3: COPY TYPE_ScopeModule def_%current_module 
		 4: 
		 5: 
		 6: %self->commits def_%v_3 %self[2.0,] 	 SYMBOL:	 ARGS:
		 7: %v_3->first def_%v_4 %v_3[2.6,] 	 SYMBOL:	 ARGS:
		 8: RETURN %v_4[2.7,] %self[2.0,2.6,] 
BB 3
	outgoing: 
	datadep: 
	instructions:

SET IRMethod, name = first_commit instanceMethod = true
BB 1
	outgoing: 3 2 
	datadep: 
	instructions:
BB 2
	outgoing: 3 
	datadep: 
	instructions:
		 0: def_%self 
		 1: def_%v_0 
		 2: COPY TYPE_CurrentScope def_%current_scope 
		 3: COPY TYPE_ScopeModule def_%current_module 
		 4: 
		 5: 
		 6: %self->commits def_%v_3 %self[2.0,] 	 SYMBOL:	 ARGS:
		 7: %v_3->last def_%v_4 %v_3[2.6,] 	 SYMBOL:	 ARGS:
		 8: RETURN %v_4[2.7,] %self[2.0,2.6,] 
BB 3
	outgoing: 
	datadep: 
	instructions:

SET IRMethod, name = base_commit instanceMethod = true
BB 1
	outgoing: 6 2 
	datadep: 
	instructions:
BB 2
	outgoing: 3 4 
	datadep: 
	instructions:
		 0: def_%self 
		 1: def_%v_0 
		 2: COPY TYPE_CurrentScope def_%current_scope 
		 3: COPY TYPE_ScopeModule def_%current_module 
		 4: 
		 5: 
		 6: %self->base_commit_sha def_%v_3 %self[2.0,] 	 SYMBOL:	 ARGS:
		 7: BRANCH %v_3[2.6,] 
BB 3
	outgoing: 6 
	datadep: 
	instructions:
		 0: COPY TYPE_Nil def_%v_4 
		 1: 
		 2: %self->merge_request def_%v_5 %self[2.0,] 	 SYMBOL:	 ARGS:
		 3: %v_5->target_project def_%v_6 %v_5[3.2,] 	 SYMBOL:	 ARGS:
		 4: %self->base_commit_sha def_%v_7 %self[3.2,2.0,] 	 SYMBOL:	 ARGS:
		 5: %v_6->commit def_%v_8 %v_6[3.3,] %v_7[3.4,] 	 SYMBOL:	 ARGS:%v_7,
		 6: RETURN %v_8[3.5,] %self[3.2,3.4,2.0,] 
BB 4
	outgoing: 6 
	datadep: 
	instructions:
		 0: RETURN %self[2.0,] 
BB 6
	outgoing: 
	datadep: 
	instructions:

SET IRMethod, name = last_commit_short_sha instanceMethod = true
BB 1
	outgoing: 7 2 
	datadep: 
	instructions:
BB 2
	outgoing: 3 4 
	datadep: 
	instructions:
		 0: def_%self 
		 1: def_%v_0 
		 2: COPY TYPE_CurrentScope def_%current_scope 
		 3: COPY TYPE_ScopeModule def_%current_module 
		 4: 
		 5: 
		 6: def_%v_4 %self[2.0,] 
		 7: COPY TYPE_PASS def_%v_3 %v_4[2.6,] 
		 8: %v_4[2.6,] 
BB 3
	outgoing: 4 
	datadep: 
	instructions:
		 0: GETFIELD %self->last_commit_short_sha def_%v_5 %self[2.0,] 
		 1: COPY TYPE_PASS def_%v_3 %v_5[3.0,] 
BB 4
	outgoing: 5 6 
	datadep: 
	instructions:
		 0: BRANCH %v_3[3.1,2.7,] 
BB 5
	outgoing: 7 
	datadep: 
	instructions:
		 0: %self->last_commit def_%v_6 %self[2.0,] 	 SYMBOL:	 ARGS:
		 1: %v_6->short_id def_%v_7 %v_6[5.0,] 	 SYMBOL:	 ARGS:
		 2: ATTRASSIGN %self->last_commit_short_sha %v_7[5.1,] 
		 3: RETURN %v_7[5.1,] %self[5.0,5.2,2.0,] 
BB 6
	outgoing: 7 
	datadep: 
	instructions:
		 0: RETURN %v_5[3.0,] %self[2.0,] 
BB 7
	outgoing: 
	datadep: 
	instructions:

SET IRMethod, name = dump_commits instanceMethod = true
BB 1
	outgoing: 3 2 
	datadep: 
	instructions:
BB 2
	outgoing: 3 
	datadep: 
	instructions:
		 0: def_%self 
		 1: def_%v_0 
		 2: COPY TYPE_CurrentScope def_%current_scope 
		 3: COPY TYPE_ScopeModule def_%current_module 
		 4: 
		 5: RECEIVEARG def_commits 
		 6: 
		 7: commits->map def_%v_3 commits[2.5,] 	 SYMBOL:to_hash,	 ARGS:
		 8: RETURN %v_3[2.7,] %self[2.0,] 
BB 3
	outgoing: 
	datadep: 
	instructions:

SET IRMethod, name = load_commits instanceMethod = true
BB 1
	outgoing: 3 2 
	datadep: 
	instructions:
BB 2
	outgoing: 3 
	datadep: 
	instructions:
		 0: def_%self 
		 1: def_%v_0 
		 2: COPY TYPE_CurrentScope def_%current_scope 
		 3: COPY TYPE_ScopeModule def_%current_module 
		 4: 
		 5: RECEIVEARG def_array 
		 6: 
		 7: array->map def_%v_3 array[2.5,] %self[2.0,] 	 SYMBOL:	 ARGS:array,
CLOSURE BEGIN: hash[] %self[2.0,] 
BB 1
	outgoing: 10 2 
	datadep: 
	instructions:
BB 2
	outgoing: 3 
	datadep: 
	instructions:
		 0: def_%self 
		 1: def_%cl_1_0 
		 2: RECEIVEARG def_hash 
		 3: COPY TYPE_CurrentScope def_%current_scope 
		 4: COPY TYPE_ScopeModule def_%current_module 
BB 3
	outgoing: 4 5 8 
	datadep: 
	instructions:
		 0: 
		 1: (Commit) def_%cl_1_3 
		 2: (Gitlab) def_%cl_1_4 
		 3: (inherit Git) def_%cl_1_5 %cl_1_4[3.2,] 
		 4: %cl_1_5[3.3,] 
BB 4
	outgoing: 5 8 
	datadep: 
	instructions:
		 0: %cl_1_4->const_missing def_%cl_1_5 %cl_1_4[3.2,] 	 SYMBOL:Git,	 ARGS:Symbol,
BB 5
	outgoing: 6 7 8 
	datadep: 
	instructions:
		 0: (inherit Commit) def_%cl_1_6 %cl_1_5[4.0,3.3,] 
		 1: %cl_1_6[5.0,] 
BB 6
	outgoing: 7 8 
	datadep: 
	instructions:
		 0: %cl_1_5->const_missing def_%cl_1_6 %cl_1_5[4.0,3.3,] 	 SYMBOL:Commit,	 ARGS:Symbol,
BB 7
	outgoing: 8 10 
	datadep: 
	instructions:
		 0: %cl_1_6->new def_%cl_1_7 %cl_1_6[6.0,5.0,] hash[2.2,] 	 SYMBOL:	 ARGS:hash,
		 1: %self->merge_request def_%cl_1_8 %self[2.0,] 	 SYMBOL:	 ARGS:
		 2: %cl_1_8->source_project def_%cl_1_9 %cl_1_8[7.1,] 	 SYMBOL:	 ARGS:
		 3: %cl_1_3->new def_%cl_1_10 %cl_1_3[3.1,] %cl_1_7[7.0,] %cl_1_9[7.2,] 	 SYMBOL:	 ARGS:%cl_1_7,%cl_1_9,
		 4: RETURN %cl_1_10[7.3,] %self[7.1,2.0,] 
BB 8
	outgoing: 10 
	datadep: 
	instructions:
		 0: def_%cl_1_11 
		 1: def_%cl_1_12 %cl_1_11[8.0,] 
		 2: RETURN %cl_1_12[8.1,] %self[2.0,] 
BB 10
	outgoing: 
	datadep: 
	instructions:
CLOSURE END: 
		 8: RETURN %v_3[2.7,] %self[2.0,] 
BB 3
	outgoing: 
	datadep: 
	instructions:

SET IRMethod, name = dump_diffs instanceMethod = true
BB 1
	outgoing: 6 2 
	datadep: 
	instructions:
BB 2
	outgoing: 3 4 
	datadep: 
	instructions:
		 0: def_%self 
		 1: def_%v_0 
		 2: COPY TYPE_CurrentScope def_%current_scope 
		 3: COPY TYPE_ScopeModule def_%current_module 
		 4: 
		 5: RECEIVEARG def_diffs 
		 6: 
		 7: diffs->respond_to? def_%v_3 diffs[2.5,] 	 SYMBOL:map,	 ARGS:Symbol,
		 8: BRANCH %v_3[2.7,] 
BB 3
	outgoing: 6 
	datadep: 
	instructions:
		 0: 
		 1: diffs->map def_%v_4 diffs[2.5,] 	 SYMBOL:to_hash,	 ARGS:
		 2: RETURN %v_4[3.1,] %self[2.0,] 
BB 4
	outgoing: 6 
	datadep: 
	instructions:
		 0: RETURN %self[2.0,] 
BB 6
	outgoing: 
	datadep: 
	instructions:

SET IRMethod, name = load_diffs instanceMethod = true
BB 1
	outgoing: 14 2 
	datadep: 
	instructions:
BB 2
	outgoing: 3 8 
	datadep: 
	instructions:
		 0: def_%self 
		 1: def_%v_0 
		 2: COPY TYPE_CurrentScope def_%current_scope 
		 3: COPY TYPE_ScopeModule def_%current_module 
		 4: 
		 5: RECEIVEARG def_raw 
		 6: RECEIVEARG def_options 
		 7: 
		 8: raw->respond_to? def_%v_3 raw[2.5,] 	 SYMBOL:each,	 ARGS:Symbol,
		 9: BRANCH %v_3[2.8,] 
BB 3
	outgoing: 4 5 
	datadep: 
	instructions:
		 0: 
		 1: (Gitlab) def_%v_4 
		 2: (inherit Git) def_%v_5 %v_4[3.1,] 
		 3: %v_5[3.2,] 
BB 4
	outgoing: 5 
	datadep: 
	instructions:
		 0: %v_4->const_missing def_%v_5 %v_4[3.1,] 	 SYMBOL:Git,	 ARGS:Symbol,
BB 5
	outgoing: 6 7 
	datadep: 
	instructions:
		 0: (inherit DiffCollection) def_%v_6 %v_5[4.0,3.2,] 
		 1: %v_6[5.0,] 
BB 6
	outgoing: 7 
	datadep: 
	instructions:
		 0: %v_5->const_missing def_%v_6 %v_5[4.0,3.2,] 	 SYMBOL:DiffCollection,	 ARGS:Symbol,
BB 7
	outgoing: 14 
	datadep: 
	instructions:
		 0: %v_6->new def_%v_7 %v_6[6.0,5.0,] raw[2.5,] options[2.6,] 	 SYMBOL:	 ARGS:raw,options,
		 1: RETURN %v_7[7.0,] %self[2.0,] 
BB 8
	outgoing: 9 10 
	datadep: 
	instructions:
		 0: 
		 1: (Gitlab) def_%v_8 
		 2: (inherit Git) def_%v_9 %v_8[8.1,] 
		 3: %v_9[8.2,] 
BB 9
	outgoing: 10 
	datadep: 
	instructions:
		 0: %v_8->const_missing def_%v_9 %v_8[8.1,] 	 SYMBOL:Git,	 ARGS:Symbol,
BB 10
	outgoing: 11 12 
	datadep: 
	instructions:
		 0: (inherit DiffCollection) def_%v_10 %v_9[9.0,8.2,] 
		 1: %v_10[10.0,] 
BB 11
	outgoing: 12 
	datadep: 
	instructions:
		 0: %v_9->const_missing def_%v_10 %v_9[9.0,8.2,] 	 SYMBOL:DiffCollection,	 ARGS:Symbol,
BB 12
	outgoing: 14 
	datadep: 
	instructions:
		 0: COPY TYPE_Array def_%v_11 
		 1: %v_10->new def_%v_12 %v_10[11.0,10.0,] %v_11[12.0,] 	 SYMBOL:	 ARGS:%v_11,
		 2: RETURN %v_12[12.1,] %self[2.0,] 
BB 14
	outgoing: 
	datadep: 
	instructions:

SET IRMethod, name = unmerged_commits instanceMethod = true
BB 1
	outgoing: 6 2 
	datadep: 
	instructions:
BB 2
	outgoing: 3 4 
	datadep: 
	instructions:
		 0: def_%self 
		 1: def_%v_0 
		 2: COPY TYPE_CurrentScope def_%current_scope 
		 3: COPY TYPE_ScopeModule def_%current_module 
		 4: 
		 5: 
		 6: %self->compare def_%v_3 %self[2.0,] 	 SYMBOL:	 ARGS:
		 7: %v_3->commits def_%v_4 %v_3[2.6,] 	 SYMBOL:	 ARGS:
		 8: COPY TYPE_PASS def_commits %v_4[2.7,] 
		 9: 
		 10: %v_4->present? def_%v_5 %v_4[2.7,] 	 SYMBOL:	 ARGS:
		 11: BRANCH %v_5[2.10,] 
BB 3
	outgoing: 5 
	datadep: 
	instructions:
		 0: 
		 1: (Commit) def_%v_6 
		 2: %self->merge_request def_%v_7 %self[2.0,] 	 SYMBOL:	 ARGS:
		 3: %v_7->source_project def_%v_8 %v_7[3.2,] 	 SYMBOL:	 ARGS:
		 4: %v_6->decorate def_%v_9 %v_6[3.1,] commits[2.8,] %v_8[3.3,] 	 SYMBOL:	 ARGS:commits,%v_8,
		 5: %v_9->sort_by def_%v_10 %v_9[3.4,] 	 SYMBOL:created_at,	 ARGS:
		 6: %v_10->reverse def_%v_11 %v_10[3.5,] 	 SYMBOL:	 ARGS:
		 7: COPY TYPE_PASS def_commits %v_11[3.6,] 
		 8: 
BB 4
	outgoing: 5 
	datadep: 
	instructions:
		 0: COPY TYPE_Nil def_%v_11 
BB 5
	outgoing: 6 
	datadep: 
	instructions:
		 0: 
		 1: RETURN commits[3.7,2.8,] %self[2.0,] 
BB 6
	outgoing: 
	datadep: 
	instructions:

SET IRMethod, name = reload_commits instanceMethod = true
BB 1
	outgoing: 6 2 
	datadep: 
	instructions:
BB 2
	outgoing: 3 4 
	datadep: 
	instructions:
		 0: def_%self 
		 1: def_%v_0 
		 2: COPY TYPE_CurrentScope def_%current_scope 
		 3: COPY TYPE_ScopeModule def_%current_module 
		 4: 
		 5: 
		 6: %self->unmerged_commits def_%v_3 %self[2.0,] 	 SYMBOL:	 ARGS:
		 7: COPY TYPE_PASS def_commit_objects %v_3[2.6,] 
		 8: 
		 9: %v_3->present? def_%v_4 %v_3[2.6,] 	 SYMBOL:	 ARGS:
		 10: BRANCH %v_4[2.9,] 
BB 3
	outgoing: 5 
	datadep: 
	instructions:
		 0: 
		 1: %self->dump_commits def_%v_5 %self[2.0,] commit_objects[2.7,] 	 SYMBOL:	 ARGS:commit_objects,
		 2: ATTRASSIGN %self->st_commits %v_5[3.1,] 
		 3: 
BB 4
	outgoing: 5 
	datadep: 
	instructions:
		 0: COPY TYPE_Nil def_%v_5 
BB 5
	outgoing: 6 
	datadep: 
	instructions:
		 0: 
		 1: %self->save def_%v_6 %self[3.2,2.0,] 	 SYMBOL:	 ARGS:
		 2: RETURN %v_6[5.1,] %self[5.1,3.2,2.0,] 
BB 6
	outgoing: 
	datadep: 
	instructions:

SET IRMethod, name = reload_diffs instanceMethod = true
BB 1
	outgoing: 12 2 
	datadep: 
	instructions:
BB 2
	outgoing: 3 4 
	datadep: 
	instructions:
		 0: def_%self 
		 1: def_%v_0 
		 2: COPY TYPE_CurrentScope def_%current_scope 
		 3: COPY TYPE_ScopeModule def_%current_module 
		 4: 
		 5: 
		 6: COPY TYPE_Array def_%v_3 
		 7: COPY TYPE_PASS def_new_diffs %v_3[2.6,] 
		 8: 
		 9: %self->commits def_%v_4 %self[2.0,] 	 SYMBOL:	 ARGS:
		 10: %v_4->size def_%v_5 %v_4[2.9,] 	 SYMBOL:	 ARGS:
		 11: %v_5->zero? def_%v_6 %v_5[2.10,] 	 SYMBOL:	 ARGS:
		 12: BRANCH %v_6[2.11,] 
BB 3
	outgoing: 11 
	datadep: 
	instructions:
		 0: 
		 1: ATTRASSIGN %self->state 
		 2: COPY TYPE_Symbol def_%v_7 
		 3: 
BB 4
	outgoing: 5 6 
	datadep: 
	instructions:
		 0: 
		 1: %self->unmerged_diffs def_%v_8 %self[2.0,] 	 SYMBOL:	 ARGS:
		 2: COPY TYPE_PASS def_diff_collection %v_8[4.1,] 
		 3: 
		 4: %v_8->overflow? def_%v_9 %v_8[4.1,] 	 SYMBOL:	 ARGS:
		 5: BRANCH %v_9[4.4,] 
BB 5
	outgoing: 7 
	datadep: 
	instructions:
		 0: 
		 1: ATTRASSIGN %self->state 
		 2: COPY TYPE_Symbol def_%v_10 
		 3: 
BB 6
	outgoing: 7 
	datadep: 
	instructions:
		 0: COPY TYPE_Nil def_%v_10 
BB 7
	outgoing: 8 9 
	datadep: 
	instructions:
		 0: 
		 1: diff_collection->real_size def_%v_11 diff_collection[4.2,] 	 SYMBOL:	 ARGS:
		 2: ATTRASSIGN %self->real_size %v_11[7.1,] 
		 3: 
		 4: diff_collection->any? def_%v_12 diff_collection[7.1,4.2,] 	 SYMBOL:	 ARGS:
		 5: BRANCH %v_12[7.4,] 
BB 8
	outgoing: 10 
	datadep: 
	instructions:
		 0: 
		 1: %self->dump_diffs def_%v_13 %self[7.2,5.1,2.0,] diff_collection[4.2,] 	 SYMBOL:	 ARGS:diff_collection,
		 2: COPY TYPE_PASS def_new_diffs %v_13[8.1,] 
		 3: 
		 4: ATTRASSIGN %self->state 
		 5: COPY TYPE_Symbol def_%v_14 
		 6: 
BB 9
	outgoing: 10 
	datadep: 
	instructions:
		 0: COPY TYPE_Nil def_%v_14 
BB 10
	outgoing: 11 
	datadep: 
	instructions:
		 0: COPY TYPE_PASS def_%v_7 %v_14[9.0,8.5,] 
BB 11
	outgoing: 12 
	datadep: 
	instructions:
		 0: 
		 1: ATTRASSIGN %self->st_diffs new_diffs[8.2,2.7,] 
		 2: 
		 3: %self->repository def_%v_15 %self[11.1,3.1,8.4,2.0,7.2,5.1,] 	 SYMBOL:	 ARGS:
		 4: %self->head def_%v_16 %self[11.1,11.3,3.1,8.4,2.0,7.2,5.1,] 	 SYMBOL:	 ARGS:
		 5: %self->base def_%v_17 %self[11.1,11.3,11.4,3.1,8.4,2.0,7.2,5.1,] 	 SYMBOL:	 ARGS:
		 6: %v_15->merge_base def_%v_18 %v_15[11.3,] %v_16[11.4,] %v_17[11.5,] 	 SYMBOL:	 ARGS:%v_16,%v_17,
		 7: ATTRASSIGN %self->base_commit_sha %v_18[11.6,] 
		 8: 
		 9: %self->save def_%v_19 %self[11.1,11.3,11.4,11.5,11.7,3.1,8.4,2.0,7.2,5.1,] 	 SYMBOL:	 ARGS:
		 10: RETURN %v_19[11.9,] %self[11.1,11.3,11.4,11.5,11.7,11.9,3.1,8.4,2.0,7.2,5.1,] 
BB 12
	outgoing: 
	datadep: 
	instructions:

SET IRMethod, name = unmerged_diffs instanceMethod = true
BB 1
	outgoing: 3 2 
	datadep: 
	instructions:
BB 2
	outgoing: 3 
	datadep: 
	instructions:
		 0: def_%self 
		 1: def_%v_0 
		 2: COPY TYPE_CurrentScope def_%current_scope 
		 3: COPY TYPE_ScopeModule def_%current_module 
		 4: 
		 5: 
		 6: %self->compare def_%v_3 %self[2.0,] 	 SYMBOL:	 ARGS:
		 7: (Commit) def_%v_4 
		 8: %v_4->max_diff_options def_%v_5 %v_4[2.7,] 	 SYMBOL:	 ARGS:
		 9: %v_3->diffs def_%v_6 %v_3[2.6,] %v_5[2.8,] 	 SYMBOL:	 ARGS:%v_5,
		 10: RETURN %v_6[2.9,] %self[2.0,2.6,] 
BB 3
	outgoing: 
	datadep: 
	instructions:

SET IRMethod, name = repository instanceMethod = true
BB 1
	outgoing: 3 2 
	datadep: 
	instructions:
BB 2
	outgoing: 3 
	datadep: 
	instructions:
		 0: def_%self 
		 1: def_%v_0 
		 2: COPY TYPE_CurrentScope def_%current_scope 
		 3: COPY TYPE_ScopeModule def_%current_module 
		 4: 
		 5: 
		 6: %self->merge_request def_%v_3 %self[2.0,] 	 SYMBOL:	 ARGS:
		 7: %v_3->target_project def_%v_4 %v_3[2.6,] 	 SYMBOL:	 ARGS:
		 8: %v_4->repository def_%v_5 %v_4[2.7,] 	 SYMBOL:	 ARGS:
		 9: RETURN %v_5[2.8,] %self[2.0,2.6,] 
BB 3
	outgoing: 
	datadep: 
	instructions:

SET IRMethod, name = source_sha instanceMethod = true
BB 1
	outgoing: 6 2 
	datadep: 
	instructions:
BB 2
	outgoing: 3 4 
	datadep: 
	instructions:
		 0: def_%self 
		 1: def_%v_0 
		 2: COPY TYPE_CurrentScope def_%current_scope 
		 3: COPY TYPE_ScopeModule def_%current_module 
		 4: 
		 5: 
		 6: %self->head_source_sha def_%v_3 %self[2.0,] 	 SYMBOL:	 ARGS:
		 7: %v_3->present? def_%v_4 %v_3[2.6,] 	 SYMBOL:	 ARGS:
		 8: BRANCH %v_4[2.7,] 
BB 3
	outgoing: 6 
	datadep: 
	instructions:
		 0: %self->head_source_sha def_%v_5 %self[2.0,] 	 SYMBOL:	 ARGS:
		 1: RETURN %v_5[3.0,] %self[3.0,2.0,] 
BB 4
	outgoing: 6 
	datadep: 
	instructions:
		 0: COPY TYPE_Nil def_%v_6 
		 1: 
		 2: %self->merge_request def_%v_7 %self[2.0,] 	 SYMBOL:	 ARGS:
		 3: %v_7->source_project def_%v_8 %v_7[4.2,] 	 SYMBOL:	 ARGS:
		 4: %self->source_branch def_%v_9 %self[4.2,2.0,] 	 SYMBOL:	 ARGS:
		 5: %v_8->commit def_%v_10 %v_8[4.3,] %v_9[4.4,] 	 SYMBOL:	 ARGS:%v_9,
		 6: COPY TYPE_PASS def_source_commit %v_10[4.5,] 
		 7: 
		 8: %v_10->try def_%v_11 %v_10[4.5,] 	 SYMBOL:sha,	 ARGS:Symbol,
		 9: RETURN %v_11[4.8,] %self[4.2,4.4,2.0,] 
BB 6
	outgoing: 
	datadep: 
	instructions:

SET IRMethod, name = target_sha instanceMethod = true
BB 1
	outgoing: 3 2 
	datadep: 
	instructions:
BB 2
	outgoing: 3 
	datadep: 
	instructions:
		 0: def_%self 
		 1: def_%v_0 
		 2: COPY TYPE_CurrentScope def_%current_scope 
		 3: COPY TYPE_ScopeModule def_%current_module 
		 4: 
		 5: 
		 6: %self->merge_request def_%v_3 %self[2.0,] 	 SYMBOL:	 ARGS:
		 7: %v_3->target_sha def_%v_4 %v_3[2.6,] 	 SYMBOL:	 ARGS:
		 8: RETURN %v_4[2.7,] %self[2.0,2.6,] 
BB 3
	outgoing: 
	datadep: 
	instructions:

SET IRMethod, name = base instanceMethod = true
BB 1
	outgoing: 5 2 
	datadep: 
	instructions:
BB 2
	outgoing: 3 4 
	datadep: 
	instructions:
		 0: def_%self 
		 1: def_%v_0 
		 2: COPY TYPE_CurrentScope def_%current_scope 
		 3: COPY TYPE_ScopeModule def_%current_module 
		 4: 
		 5: 
		 6: %self->target_sha def_%v_3 %self[2.0,] 	 SYMBOL:	 ARGS:
		 7: BRANCH %v_3[2.6,] 
BB 3
	outgoing: 5 
	datadep: 
	instructions:
		 0: %self->target_branch def_%v_4 %self[2.0,] 	 SYMBOL:	 ARGS:
		 1: RETURN %v_4[3.0,] %self[3.0,2.0,] 
BB 4
	outgoing: 5 
	datadep: 
	instructions:
		 0: RETURN %v_3[2.6,] %self[2.0,] 
BB 5
	outgoing: 
	datadep: 
	instructions:

SET IRMethod, name = head instanceMethod = true
BB 1
	outgoing: 3 2 
	datadep: 
	instructions:
BB 2
	outgoing: 3 
	datadep: 
	instructions:
		 0: def_%self 
		 1: def_%v_0 
		 2: COPY TYPE_CurrentScope def_%current_scope 
		 3: COPY TYPE_ScopeModule def_%current_module 
		 4: 
		 5: 
		 6: %self->source_sha def_%v_3 %self[2.0,] 	 SYMBOL:	 ARGS:
		 7: RETURN %v_3[2.6,] %self[2.0,2.6,] 
BB 3
	outgoing: 
	datadep: 
	instructions:

SET IRMethod, name = compare instanceMethod = true
BB 1
	outgoing: 11 2 
	datadep: 
	instructions:
BB 2
	outgoing: 3 4 
	datadep: 
	instructions:
		 0: def_%self 
		 1: def_%v_0 
		 2: COPY TYPE_CurrentScope def_%current_scope 
		 3: COPY TYPE_ScopeModule def_%current_module 
		 4: 
		 5: 
		 6: def_%v_4 %self[2.0,] 
		 7: COPY TYPE_PASS def_%v_3 %v_4[2.6,] 
		 8: %v_4[2.6,] 
BB 3
	outgoing: 4 
	datadep: 
	instructions:
		 0: GETFIELD %self->compare def_%v_5 %self[2.0,] 
		 1: COPY TYPE_PASS def_%v_3 %v_5[3.0,] 
BB 4
	outgoing: 5 10 
	datadep: 
	instructions:
		 0: BRANCH %v_3[3.1,2.7,] 
BB 5
	outgoing: 6 7 
	datadep: 
	instructions:
		 0: 
		 1: %self->merge_request def_%v_6 %self[2.0,] 	 SYMBOL:	 ARGS:
		 2: %v_6->fetch_ref def_%v_7 %v_6[5.1,] 	 SYMBOL:	 ARGS:
		 3: 
		 4: (Gitlab) def_%v_8 
		 5: (inherit Git) def_%v_9 %v_8[5.4,] 
		 6: %v_9[5.5,] 
BB 6
	outgoing: 7 
	datadep: 
	instructions:
		 0: %v_8->const_missing def_%v_9 %v_8[5.4,] 	 SYMBOL:Git,	 ARGS:Symbol,
BB 7
	outgoing: 8 9 
	datadep: 
	instructions:
		 0: (inherit Compare) def_%v_10 %v_9[6.0,5.5,] 
		 1: %v_10[7.0,] 
BB 8
	outgoing: 9 
	datadep: 
	instructions:
		 0: %v_9->const_missing def_%v_10 %v_9[6.0,5.5,] 	 SYMBOL:Compare,	 ARGS:Symbol,
BB 9
	outgoing: 11 
	datadep: 
	instructions:
		 0: %self->repository def_%v_11 %self[2.0,] 	 SYMBOL:	 ARGS:
		 1: %v_11->raw_repository def_%v_12 %v_11[9.0,] 	 SYMBOL:	 ARGS:
		 2: %self->base def_%v_13 %self[9.0,2.0,] 	 SYMBOL:	 ARGS:
		 3: %self->head def_%v_14 %self[9.0,9.2,2.0,] 	 SYMBOL:	 ARGS:
		 4: %v_10->new def_%v_15 %v_10[8.0,7.0,] %v_12[9.1,] %v_13[9.2,] %v_14[9.3,] 	 SYMBOL:	 ARGS:%v_12,%v_13,%v_14,
		 5: ATTRASSIGN %self->compare %v_15[9.4,] 
		 6: RETURN %v_15[9.4,] %self[9.0,9.2,9.3,9.5,2.0,] 
BB 10
	outgoing: 11 
	datadep: 
	instructions:
		 0: RETURN %v_5[3.0,] %self[2.0,] 
BB 11
	outgoing: 
	datadep: 
	instructions:

