SET IRMethod, name = primary_key instanceMethod = false
BB 1
	outgoing: 3 2 
	datadep: 
	instructions:
BB 2
	outgoing: 3 
	datadep: 
	instructions:
		 0: def_%self 
		 1: def_%v_0 
		 2: COPY TYPE_CurrentScope def_%current_scope 
		 3: COPY TYPE_ScopeModule def_%current_module 
		 4: 
		 5: 
		 6: COPY TYPE_StringLiteral "slug" def_%v_3 
		 7: RETURN %v_3[2.6,] %self[2.0,] 
BB 3
	outgoing: 
	datadep: 
	instructions:

SET IRMethod, name = model_name instanceMethod = false
BB 1
	outgoing: 5 2 
	datadep: 
	instructions:
BB 2
	outgoing: 3 4 
	datadep: 
	instructions:
		 0: def_%self 
		 1: def_%v_0 
		 2: COPY TYPE_CurrentScope def_%current_scope 
		 3: COPY TYPE_ScopeModule def_%current_module 
		 4: 
		 5: 
		 6: (ActiveModel) def_%v_3 
		 7: (inherit Name) def_%v_4 %v_3[2.6,] 
		 8: %v_4[2.7,] 
BB 3
	outgoing: 4 
	datadep: 
	instructions:
		 0: %v_3->const_missing def_%v_4 %v_3[2.6,] 	 SYMBOL:Name,	 ARGS:Symbol,
BB 4
	outgoing: 5 
	datadep: 
	instructions:
		 0: COPY TYPE_StringLiteral "wiki" def_%v_5 
		 1: %v_4->new def_%v_6 %v_4[3.0,2.7,] %self[2.0,] %v_5[4.0,] 	 SYMBOL:	 ARGS:%self,Nil,%v_5,
		 2: RETURN %v_6[4.1,] %self[2.0,] 
BB 5
	outgoing: 
	datadep: 
	instructions:

SET IRMethod, name = to_key instanceMethod = true
BB 1
	outgoing: 3 2 
	datadep: 
	instructions:
BB 2
	outgoing: 3 
	datadep: 
	instructions:
		 0: def_%self 
		 1: def_%v_0 
		 2: COPY TYPE_CurrentScope def_%current_scope 
		 3: COPY TYPE_ScopeModule def_%current_module 
		 4: 
		 5: 
		 6: COPY TYPE_Array def_%v_3 
		 7: RETURN %v_3[2.6,] %self[2.0,] 
BB 3
	outgoing: 
	datadep: 
	instructions:

SET IRMethod, name = hook_attrs instanceMethod = true
BB 1
	outgoing: 3 2 
	datadep: 
	instructions:
BB 2
	outgoing: 3 
	datadep: 
	instructions:
		 0: def_%self 
		 1: def_%v_0 
		 2: COPY TYPE_CurrentScope def_%current_scope 
		 3: COPY TYPE_ScopeModule def_%current_module 
		 4: 
		 5: 
		 6: %self->attributes def_%v_3 %self[2.0,] 	 SYMBOL:	 ARGS:
		 7: RETURN %v_3[2.6,] %self[2.0,2.6,] 
BB 3
	outgoing: 
	datadep: 
	instructions:

SET IRMethod, name = initialize instanceMethod = true
BB 1
	outgoing: 10 2 
	datadep: 
	instructions:
BB 2
	outgoing: 3 4 
	datadep: 
	instructions:
		 0: def_%self 
		 1: def_%v_0 
		 2: COPY TYPE_CurrentScope def_%current_scope 
		 3: COPY TYPE_ScopeModule def_%current_module 
		 4: 
		 5: RECEIVEARG def_wiki 
		 6: RECEIVECONSTARG def_page 
		 7: page[2.6,] 
BB 3
	outgoing: 4 
	datadep: 
	instructions:
		 0: COPY TYPE_Nil def_page 
BB 4
	outgoing: 5 6 
	datadep: 
	instructions:
		 0: RECEIVECONSTARG def_persisted 
		 1: persisted[4.0,] 
BB 5
	outgoing: 6 
	datadep: 
	instructions:
		 0: COPY TYPE_Boolean def_persisted 
BB 6
	outgoing: 7 8 
	datadep: 
	instructions:
		 0: 
		 1: ATTRASSIGN %self->wiki wiki[2.5,] 
		 2: 
		 3: ATTRASSIGN %self->page page[3.0,2.6,] 
		 4: 
		 5: ATTRASSIGN %self->persisted persisted[5.0,4.0,] 
		 6: 
		 7: HASH- def_%v_3 
		 8: %v_3->with_indifferent_access def_%v_4 %v_3[6.7,] 	 SYMBOL:	 ARGS:
		 9: ATTRASSIGN %self->attributes %v_4[6.8,] 
		 10: 
		 11: %self->persisted? def_%v_5 %self[6.1,6.3,6.5,6.9,2.0,] 	 SYMBOL:	 ARGS:
		 12: BRANCH %v_5[6.11,] 
BB 7
	outgoing: 10 
	datadep: 
	instructions:
		 0: %self->set_attributes def_%v_6 %self[6.1,6.3,6.5,6.9,2.0,] 	 SYMBOL:	 ARGS:
		 1: RETURN %v_6[7.0,] %self[7.0,6.1,6.3,6.5,6.9,2.0,] 
BB 8
	outgoing: 10 
	datadep: 
	instructions:
		 0: RETURN %self[6.1,6.3,6.5,6.9,2.0,] 
BB 10
	outgoing: 
	datadep: 
	instructions:

SET IRMethod, name = slug instanceMethod = true
BB 1
	outgoing: 3 2 
	datadep: 
	instructions:
BB 2
	outgoing: 3 
	datadep: 
	instructions:
		 0: def_%self 
		 1: def_%v_0 
		 2: COPY TYPE_CurrentScope def_%current_scope 
		 3: COPY TYPE_ScopeModule def_%current_module 
		 4: 
		 5: 
		 6: GETFIELD %self->attributes def_%v_3 %self[2.0,] 
		 7: %v_3->[] def_%v_4 %v_3[2.6,] 	 SYMBOL:slug,	 ARGS:Symbol,
		 8: RETURN %v_4[2.7,] %self[2.0,] 
BB 3
	outgoing: 
	datadep: 
	instructions:

SET IRMethod, name = title instanceMethod = true
BB 1
	outgoing: 6 2 
	datadep: 
	instructions:
BB 2
	outgoing: 3 4 
	datadep: 
	instructions:
		 0: def_%self 
		 1: def_%v_0 
		 2: COPY TYPE_CurrentScope def_%current_scope 
		 3: COPY TYPE_ScopeModule def_%current_module 
		 4: 
		 5: 
		 6: GETFIELD %self->attributes def_%v_3 %self[2.0,] 
		 7: %v_3->[] def_%v_4 %v_3[2.6,] 	 SYMBOL:title,	 ARGS:Symbol,
		 8: BRANCH %v_4[2.7,] 
BB 3
	outgoing: 6 
	datadep: 
	instructions:
		 0: 
		 1: GETFIELD %self->attributes def_%v_5 %self[2.0,] 
		 2: %v_5->[] def_%v_6 %v_5[3.1,] 	 SYMBOL:title,	 ARGS:Symbol,
		 3: COPY TYPE_Regexp def_%v_7 
		 4: COPY TYPE_StringLiteral " " def_%v_8 
		 5: %v_6->gsub def_%v_9 %v_6[3.2,] %v_8[3.4,] 	 SYMBOL:	 ARGS:%v_7,%v_8,
		 6: RETURN %v_9[3.5,] %self[2.0,] 
BB 4
	outgoing: 6 
	datadep: 
	instructions:
		 0: 
		 1: COPY TYPE_StringLiteral "" def_%v_10 
		 2: RETURN %v_10[4.1,] %self[2.0,] 
BB 6
	outgoing: 
	datadep: 
	instructions:

SET IRMethod, name = title= instanceMethod = true
BB 1
	outgoing: 3 2 
	datadep: 
	instructions:
BB 2
	outgoing: 3 
	datadep: 
	instructions:
		 0: def_%self 
		 1: def_%v_0 
		 2: COPY TYPE_CurrentScope def_%current_scope 
		 3: COPY TYPE_ScopeModule def_%current_module 
		 4: 
		 5: RECEIVEARG def_new_title 
		 6: 
		 7: GETFIELD %self->attributes def_%v_3 %self[2.0,] 
		 8: ATTRASSIGN %v_3->[] new_title[2.5,] 
		 9: RETURN new_title[2.5,] %self[2.0,] 
BB 3
	outgoing: 
	datadep: 
	instructions:

SET IRMethod, name = content instanceMethod = true
BB 1
	outgoing: 8 2 
	datadep: 
	instructions:
BB 2
	outgoing: 3 7 
	datadep: 
	instructions:
		 0: def_%self 
		 1: def_%v_0 
		 2: COPY TYPE_CurrentScope def_%current_scope 
		 3: COPY TYPE_ScopeModule def_%current_module 
		 4: 
		 5: 
		 6: GETFIELD %self->attributes def_%v_3 %self[2.0,] 
		 7: %v_3->[] def_%v_4 %v_3[2.6,] 	 SYMBOL:content,	 ARGS:Symbol,
		 8: BRANCH %v_4[2.7,] 
BB 3
	outgoing: 4 5 
	datadep: 
	instructions:
		 0: 
		 1: GETFIELD %self->page def_%v_5 %self[2.0,] 
		 2: BRANCH %v_5[3.1,] 
BB 4
	outgoing: 6 
	datadep: 
	instructions:
		 0: GETFIELD %self->page def_%v_6 %self[2.0,] 
		 1: %v_6->text_data def_%v_7 %v_6[4.0,] 	 SYMBOL:	 ARGS:
		 2: 
BB 5
	outgoing: 6 
	datadep: 
	instructions:
		 0: COPY TYPE_Nil def_%v_7 
BB 6
	outgoing: 8 
	datadep: 
	instructions:
		 0: %v_3->[]= def_%v_4 %v_3[2.6,] %v_7[5.0,4.1,] 	 SYMBOL:content,	 ARGS:Symbol,%v_7,
		 1: RETURN %v_7[5.0,4.1,] %self[2.0,] 
BB 7
	outgoing: 8 
	datadep: 
	instructions:
		 0: RETURN %v_4[2.7,] %self[2.0,] 
BB 8
	outgoing: 
	datadep: 
	instructions:

SET IRMethod, name = formatted_content instanceMethod = true
BB 1
	outgoing: 8 2 
	datadep: 
	instructions:
BB 2
	outgoing: 3 7 
	datadep: 
	instructions:
		 0: def_%self 
		 1: def_%v_0 
		 2: COPY TYPE_CurrentScope def_%current_scope 
		 3: COPY TYPE_ScopeModule def_%current_module 
		 4: 
		 5: 
		 6: GETFIELD %self->attributes def_%v_3 %self[2.0,] 
		 7: %v_3->[] def_%v_4 %v_3[2.6,] 	 SYMBOL:formatted_content,	 ARGS:Symbol,
		 8: BRANCH %v_4[2.7,] 
BB 3
	outgoing: 4 5 
	datadep: 
	instructions:
		 0: 
		 1: GETFIELD %self->page def_%v_5 %self[2.0,] 
		 2: BRANCH %v_5[3.1,] 
BB 4
	outgoing: 6 
	datadep: 
	instructions:
		 0: GETFIELD %self->page def_%v_6 %self[2.0,] 
		 1: %v_6->formatted_data def_%v_7 %v_6[4.0,] 	 SYMBOL:	 ARGS:
		 2: 
BB 5
	outgoing: 6 
	datadep: 
	instructions:
		 0: COPY TYPE_Nil def_%v_7 
BB 6
	outgoing: 8 
	datadep: 
	instructions:
		 0: %v_3->[]= def_%v_4 %v_3[2.6,] %v_7[5.0,4.1,] 	 SYMBOL:formatted_content,	 ARGS:Symbol,%v_7,
		 1: RETURN %v_7[5.0,4.1,] %self[2.0,] 
BB 7
	outgoing: 8 
	datadep: 
	instructions:
		 0: RETURN %v_4[2.7,] %self[2.0,] 
BB 8
	outgoing: 
	datadep: 
	instructions:

SET IRMethod, name = format instanceMethod = true
BB 1
	outgoing: 5 2 
	datadep: 
	instructions:
BB 2
	outgoing: 3 4 
	datadep: 
	instructions:
		 0: def_%self 
		 1: def_%v_0 
		 2: COPY TYPE_CurrentScope def_%current_scope 
		 3: COPY TYPE_ScopeModule def_%current_module 
		 4: 
		 5: 
		 6: GETFIELD %self->attributes def_%v_3 %self[2.0,] 
		 7: %v_3->[] def_%v_4 %v_3[2.6,] 	 SYMBOL:format,	 ARGS:Symbol,
		 8: BRANCH %v_4[2.7,] 
BB 3
	outgoing: 5 
	datadep: 
	instructions:
		 0: RETURN %self[2.0,] 
BB 4
	outgoing: 5 
	datadep: 
	instructions:
		 0: RETURN %v_4[2.7,] %self[2.0,] 
BB 5
	outgoing: 
	datadep: 
	instructions:

SET IRMethod, name = message instanceMethod = true
BB 1
	outgoing: 3 2 
	datadep: 
	instructions:
BB 2
	outgoing: 3 
	datadep: 
	instructions:
		 0: def_%self 
		 1: def_%v_0 
		 2: COPY TYPE_CurrentScope def_%current_scope 
		 3: COPY TYPE_ScopeModule def_%current_module 
		 4: 
		 5: 
		 6: %self->version def_%v_3 %self[2.0,] 	 SYMBOL:	 ARGS:
		 7: %v_3->try def_%v_4 %v_3[2.6,] 	 SYMBOL:message,	 ARGS:Symbol,
		 8: RETURN %v_4[2.7,] %self[2.0,2.6,] 
BB 3
	outgoing: 
	datadep: 
	instructions:

SET IRMethod, name = version instanceMethod = true
BB 1
	outgoing: 10 2 
	datadep: 
	instructions:
BB 2
	outgoing: 3 4 
	datadep: 
	instructions:
		 0: def_%self 
		 1: def_%v_0 
		 2: COPY TYPE_CurrentScope def_%current_scope 
		 3: COPY TYPE_ScopeModule def_%current_module 
		 4: 
		 5: 
		 6: %self->persisted? def_%v_3 %self[2.0,] 	 SYMBOL:	 ARGS:
		 7: BRANCH %v_3[2.6,] 
BB 3
	outgoing: 6 7 
	datadep: 
	instructions:
		 0: COPY TYPE_Nil def_%v_4 
		 1: 
		 2: def_%v_6 %self[2.0,] 
		 3: COPY TYPE_PASS def_%v_5 %v_6[3.2,] 
		 4: %v_6[3.2,] 
BB 4
	outgoing: 10 
	datadep: 
	instructions:
		 0: RETURN %self[2.0,] 
BB 6
	outgoing: 7 
	datadep: 
	instructions:
		 0: GETFIELD %self->version def_%v_7 %self[2.0,] 
		 1: COPY TYPE_PASS def_%v_5 %v_7[6.0,] 
BB 7
	outgoing: 8 9 
	datadep: 
	instructions:
		 0: BRANCH %v_5[6.1,3.3,] 
BB 8
	outgoing: 10 
	datadep: 
	instructions:
		 0: GETFIELD %self->page def_%v_8 %self[2.0,] 
		 1: %v_8->version def_%v_9 %v_8[8.0,] 	 SYMBOL:	 ARGS:
		 2: ATTRASSIGN %self->version %v_9[8.1,] 
		 3: RETURN %v_9[8.1,] %self[8.2,2.0,] 
BB 9
	outgoing: 10 
	datadep: 
	instructions:
		 0: RETURN %v_7[6.0,] %self[2.0,] 
BB 10
	outgoing: 
	datadep: 
	instructions:

SET IRMethod, name = versions instanceMethod = true
BB 1
	outgoing: 6 2 
	datadep: 
	instructions:
BB 2
	outgoing: 3 4 
	datadep: 
	instructions:
		 0: def_%self 
		 1: def_%v_0 
		 2: COPY TYPE_CurrentScope def_%current_scope 
		 3: COPY TYPE_ScopeModule def_%current_module 
		 4: 
		 5: 
		 6: %self->persisted? def_%v_3 %self[2.0,] 	 SYMBOL:	 ARGS:
		 7: BRANCH %v_3[2.6,] 
BB 3
	outgoing: 6 
	datadep: 
	instructions:
		 0: COPY TYPE_Nil def_%v_4 
		 1: 
		 2: GETFIELD %self->page def_%v_6 %self[2.0,] 
		 3: %v_6->versions def_%v_7 %v_6[3.2,] 	 SYMBOL:	 ARGS:
		 4: RETURN %v_7[3.3,] %self[2.0,] 
BB 4
	outgoing: 6 
	datadep: 
	instructions:
		 0: COPY TYPE_Array def_%v_5 
		 1: RETURN %v_5[4.0,] %self[2.0,] 
BB 6
	outgoing: 
	datadep: 
	instructions:

SET IRMethod, name = commit instanceMethod = true
BB 1
	outgoing: 3 2 
	datadep: 
	instructions:
BB 2
	outgoing: 3 
	datadep: 
	instructions:
		 0: def_%self 
		 1: def_%v_0 
		 2: COPY TYPE_CurrentScope def_%current_scope 
		 3: COPY TYPE_ScopeModule def_%current_module 
		 4: 
		 5: 
		 6: %self->versions def_%v_3 %self[2.0,] 	 SYMBOL:	 ARGS:
		 7: %v_3->first def_%v_4 %v_3[2.6,] 	 SYMBOL:	 ARGS:
		 8: RETURN %v_4[2.7,] %self[2.0,2.6,] 
BB 3
	outgoing: 
	datadep: 
	instructions:

SET IRMethod, name = created_at instanceMethod = true
BB 1
	outgoing: 3 2 
	datadep: 
	instructions:
BB 2
	outgoing: 3 
	datadep: 
	instructions:
		 0: def_%self 
		 1: def_%v_0 
		 2: COPY TYPE_CurrentScope def_%current_scope 
		 3: COPY TYPE_ScopeModule def_%current_module 
		 4: 
		 5: 
		 6: GETFIELD %self->page def_%v_3 %self[2.0,] 
		 7: %v_3->version def_%v_4 %v_3[2.6,] 	 SYMBOL:	 ARGS:
		 8: %v_4->date def_%v_5 %v_4[2.7,] 	 SYMBOL:	 ARGS:
		 9: RETURN %v_5[2.8,] %self[2.0,] 
BB 3
	outgoing: 
	datadep: 
	instructions:

SET IRMethod, name = historical? instanceMethod = true
BB 1
	outgoing: 5 2 
	datadep: 
	instructions:
BB 2
	outgoing: 3 4 
	datadep: 
	instructions:
		 0: def_%self 
		 1: def_%v_0 
		 2: COPY TYPE_CurrentScope def_%current_scope 
		 3: COPY TYPE_ScopeModule def_%current_module 
		 4: 
		 5: 
		 6: GETFIELD %self->page def_%v_3 %self[2.0,] 
		 7: %v_3->historical? def_%v_4 %v_3[2.6,] 	 SYMBOL:	 ARGS:
		 8: BRANCH %v_4[2.7,] 
BB 3
	outgoing: 5 
	datadep: 
	instructions:
		 0: %self->versions def_%v_5 %self[2.0,] 	 SYMBOL:	 ARGS:
		 1: %v_5->first def_%v_6 %v_5[3.0,] 	 SYMBOL:	 ARGS:
		 2: %v_6->sha def_%v_7 %v_6[3.1,] 	 SYMBOL:	 ARGS:
		 3: %self->version def_%v_8 %self[3.0,2.0,] 	 SYMBOL:	 ARGS:
		 4: %v_8->sha def_%v_9 %v_8[3.3,] 	 SYMBOL:	 ARGS:
		 5: %v_7->!= def_%v_10 %v_7[3.2,] %v_9[3.4,] 	 SYMBOL:	 ARGS:%v_9,
		 6: RETURN %v_10[3.5,] %self[3.0,3.3,2.0,] 
BB 4
	outgoing: 5 
	datadep: 
	instructions:
		 0: RETURN %v_4[2.7,] %self[2.0,] 
BB 5
	outgoing: 
	datadep: 
	instructions:

SET IRMethod, name = persisted? instanceMethod = true
BB 1
	outgoing: 3 2 
	datadep: 
	instructions:
BB 2
	outgoing: 3 
	datadep: 
	instructions:
		 0: def_%self 
		 1: def_%v_0 
		 2: COPY TYPE_CurrentScope def_%current_scope 
		 3: COPY TYPE_ScopeModule def_%current_module 
		 4: 
		 5: 
		 6: GETFIELD %self->persisted def_%v_3 %self[2.0,] 
		 7: %v_3->== def_%v_4 %v_3[2.6,] 	 SYMBOL:	 ARGS:Boolean,
		 8: RETURN %v_4[2.7,] %self[2.0,] 
BB 3
	outgoing: 
	datadep: 
	instructions:

SET IRMethod, name = create instanceMethod = true
BB 1
	outgoing: 5 2 
	datadep: 
	instructions:
BB 2
	outgoing: 3 4 
	datadep: 
	instructions:
		 0: def_%self 
		 1: def_%v_0 
		 2: COPY TYPE_CurrentScope def_%current_scope 
		 3: COPY TYPE_ScopeModule def_%current_module 
		 4: 
		 5: RECEIVECONSTARG def_attr 
		 6: attr[2.5,] 
BB 3
	outgoing: 4 
	datadep: 
	instructions:
		 0: HASH- def_%v_3 
		 1: COPY TYPE_PASS def_attr %v_3[3.0,] 
BB 4
	outgoing: 5 
	datadep: 
	instructions:
		 0: 
		 1: GETFIELD %self->attributes def_%v_4 %self[2.0,] 
		 2: %v_4->merge! def_%v_5 %v_4[4.1,] attr[3.1,2.5,] 	 SYMBOL:	 ARGS:attr,
		 3: 
		 4: %self->title def_%v_6 %self[2.0,] 	 SYMBOL:	 ARGS:
		 5: %self->content def_%v_7 %self[4.4,2.0,] 	 SYMBOL:	 ARGS:
		 6: %self->format def_%v_8 %self[4.4,4.5,2.0,] 	 SYMBOL:	 ARGS:
		 7: %self->message def_%v_9 %self[4.4,4.5,4.6,2.0,] 	 SYMBOL:	 ARGS:
		 8: %self->save def_%v_10 %self[4.4,4.5,4.6,4.7,2.0,] %v_6[4.4,] %v_7[4.5,] %v_8[4.6,] %v_9[4.7,] 	 SYMBOL:create_page,	 ARGS:Symbol,%v_6,%v_7,%v_8,%v_9,
		 9: RETURN %v_10[4.8,] %self[4.4,4.5,4.6,4.7,4.8,2.0,] 
BB 5
	outgoing: 
	datadep: 
	instructions:

SET IRMethod, name = update instanceMethod = true
BB 1
	outgoing: 9 2 
	datadep: 
	instructions:
BB 2
	outgoing: 3 4 
	datadep: 
	instructions:
		 0: def_%self 
		 1: def_%v_0 
		 2: COPY TYPE_CurrentScope def_%current_scope 
		 3: COPY TYPE_ScopeModule def_%current_module 
		 4: 
		 5: RECEIVECONSTARG def_new_content 
		 6: new_content[2.5,] 
BB 3
	outgoing: 4 
	datadep: 
	instructions:
		 0: COPY TYPE_StringLiteral "" def_%v_3 
		 1: COPY TYPE_PASS def_new_content %v_3[3.0,] 
BB 4
	outgoing: 5 6 
	datadep: 
	instructions:
		 0: RECEIVECONSTARG def_format 
		 1: format[4.0,] 
BB 5
	outgoing: 6 
	datadep: 
	instructions:
		 0: COPY TYPE_Symbol def_format 
BB 6
	outgoing: 7 8 
	datadep: 
	instructions:
		 0: RECEIVECONSTARG def_message 
		 1: message[6.0,] 
BB 7
	outgoing: 8 
	datadep: 
	instructions:
		 0: COPY TYPE_Nil def_message 
BB 8
	outgoing: 9 
	datadep: 
	instructions:
		 0: 
		 1: GETFIELD %self->attributes def_%v_4 %self[2.0,] 
		 2: ATTRASSIGN %v_4->[] new_content[3.1,2.5,] 
		 3: 
		 4: GETFIELD %self->attributes def_%v_5 %self[2.0,] 
		 5: ATTRASSIGN %v_5->[] format[5.0,4.0,] 
		 6: 
		 7: GETFIELD %self->page def_%v_6 %self[2.0,] 
		 8: %self->content def_%v_7 %self[2.0,] 	 SYMBOL:	 ARGS:
		 9: %self->save def_%v_8 %self[8.8,2.0,] %v_6[8.7,] %v_7[8.8,] format[5.0,4.0,] message[7.0,6.0,] 	 SYMBOL:update_page,	 ARGS:Symbol,%v_6,%v_7,format,message,
		 10: RETURN %v_8[8.9,] %self[8.8,8.9,2.0,] 
BB 9
	outgoing: 
	datadep: 
	instructions:

SET IRMethod, name = delete instanceMethod = true
BB 1
	outgoing: 6 2 
	datadep: 
	instructions:
BB 2
	outgoing: 3 4 
	datadep: 
	instructions:
		 0: def_%self 
		 1: def_%v_0 
		 2: COPY TYPE_CurrentScope def_%current_scope 
		 3: COPY TYPE_ScopeModule def_%current_module 
		 4: 
		 5: 
		 6: %self->wiki def_%v_3 %self[2.0,] 	 SYMBOL:	 ARGS:
		 7: GETFIELD %self->page def_%v_4 %self[2.0,2.6,] 
		 8: %v_3->delete_page def_%v_5 %v_3[2.6,] %v_4[2.7,] 	 SYMBOL:	 ARGS:%v_4,
		 9: BRANCH %v_5[2.8,] 
BB 3
	outgoing: 6 
	datadep: 
	instructions:
		 0: 
		 1: COPY TYPE_Boolean def_%v_6 
		 2: RETURN %self[2.0,] 
BB 4
	outgoing: 6 
	datadep: 
	instructions:
		 0: 
		 1: RETURN %self[2.0,] 
BB 6
	outgoing: 
	datadep: 
	instructions:

SET IRMethod, name = set_attributes instanceMethod = true
BB 1
	outgoing: 3 2 
	datadep: 
	instructions:
BB 2
	outgoing: 3 
	datadep: 
	instructions:
		 0: def_%self 
		 1: def_%v_0 
		 2: COPY TYPE_CurrentScope def_%current_scope 
		 3: COPY TYPE_ScopeModule def_%current_module 
		 4: 
		 5: 
		 6: %self->attributes def_%v_3 %self[2.0,] 	 SYMBOL:	 ARGS:
		 7: GETFIELD %self->page def_%v_4 %self[2.0,2.6,] 
		 8: %v_4->url_path def_%v_5 %v_4[2.7,] 	 SYMBOL:	 ARGS:
		 9: ATTRASSIGN %v_3->[] %v_5[2.8,] 
		 10: 
		 11: %self->attributes def_%v_6 %self[2.0,2.6,] 	 SYMBOL:	 ARGS:
		 12: GETFIELD %self->page def_%v_7 %self[2.0,2.6,2.11,] 
		 13: %v_7->title def_%v_8 %v_7[2.12,] 	 SYMBOL:	 ARGS:
		 14: ATTRASSIGN %v_6->[] %v_8[2.13,] 
		 15: 
		 16: %self->attributes def_%v_9 %self[2.0,2.6,2.11,] 	 SYMBOL:	 ARGS:
		 17: GETFIELD %self->page def_%v_10 %self[2.0,2.6,2.11,2.16,] 
		 18: %v_10->format def_%v_11 %v_10[2.17,] 	 SYMBOL:	 ARGS:
		 19: ATTRASSIGN %v_9->[] %v_11[2.18,] 
		 20: RETURN %v_11[2.18,] %self[2.0,2.6,2.11,2.16,] 
BB 3
	outgoing: 
	datadep: 
	instructions:

SET IRMethod, name = save instanceMethod = true
BB 1
	outgoing: 14 2 
	datadep: 
	instructions:
BB 2
	outgoing: 3 4 
	datadep: 
	instructions:
		 0: def_%self 
		 1: def_%v_0 
		 2: COPY TYPE_CurrentScope def_%current_scope 
		 3: COPY TYPE_ScopeModule def_%current_module 
		 4: 
		 5: RECEIVEARG def_method 
		 6: RECEIVEARG def_args 
		 7: 
		 8: %self->wiki def_%v_3 %self[2.0,] 	 SYMBOL:	 ARGS:
		 9: COPY TYPE_PASS def_project_wiki %v_3[2.8,] 
		 10: 
		 11: %self->valid? def_%v_4 %self[2.0,2.8,] 	 SYMBOL:	 ARGS:
		 12: BRANCH %v_4[2.11,] 
BB 3
	outgoing: 4 
	datadep: 
	instructions:
		 0: COPY TYPE_Array def_%v_5 method[2.5,] 
		 1: def_%v_6 %v_5[3.0,] args[2.6,] 
		 2: project_wiki->send def_%v_7 project_wiki[2.9,] %v_6[3.1,] 	 SYMBOL:	 ARGS:Splat,
		 3: COPY TYPE_PASS def_%v_4 %v_7[3.2,] 
BB 4
	outgoing: 5 9 
	datadep: 
	instructions:
		 0: BRANCH %v_4[3.3,2.11,] 
BB 5
	outgoing: 6 7 
	datadep: 
	instructions:
		 0: 
		 1: method->== def_%v_8 method[2.5,] 	 SYMBOL:update_page,	 ARGS:Symbol,
		 2: BRANCH %v_8[5.1,] 
BB 6
	outgoing: 8 
	datadep: 
	instructions:
		 0: 
		 1: GETFIELD %self->page def_%v_9 %self[2.0,] 
		 2: %v_9->url_path def_%v_10 %v_9[6.1,] 	 SYMBOL:	 ARGS:
		 3: 
BB 7
	outgoing: 8 
	datadep: 
	instructions:
		 0: 
		 1: %self->title def_%v_11 %self[2.0,] 	 SYMBOL:	 ARGS:
		 2: COPY TYPE_PASS def_%v_10 %v_11[7.1,] 
BB 8
	outgoing: 13 
	datadep: 
	instructions:
		 0: COPY TYPE_PASS def_page_details %v_10[7.2,6.2,] 
		 1: 
		 2: project_wiki->page_title_and_dir def_%v_12 project_wiki[2.9,] %v_10[7.2,6.2,] 	 SYMBOL:	 ARGS:page_details,
		 3: def_%v_13 %v_12[8.2,] 
		 4: def_%v_14 %v_13[8.3,] 
		 5: def_%v_15 %v_13[8.3,] 
		 6: COPY TYPE_PASS def_page_title %v_14[8.4,] 
		 7: COPY TYPE_PASS def_page_dir %v_15[8.5,] 
		 8: 
		 9: project_wiki->wiki def_%v_16 project_wiki[8.2,2.9,] 	 SYMBOL:	 ARGS:
		 10: COPY TYPE_PASS def_gollum_wiki %v_16[8.9,] 
		 11: 
		 12: %v_16->paged def_%v_17 %v_16[8.9,] page_title[8.6,] page_dir[8.7,] 	 SYMBOL:	 ARGS:page_title,page_dir,
		 13: ATTRASSIGN %self->page %v_17[8.12,] 
		 14: 
		 15: %self->set_attributes def_%v_18 %self[8.13,2.0,] 	 SYMBOL:	 ARGS:
		 16: 
		 17: ATTRASSIGN %self->persisted 
		 18: COPY TYPE_Boolean def_%v_19 
		 19: 
BB 9
	outgoing: 10 11 
	datadep: 
	instructions:
		 0: 
		 1: project_wiki->error_message def_%v_20 project_wiki[2.9,] 	 SYMBOL:	 ARGS:
		 2: BRANCH %v_20[9.1,] 
BB 10
	outgoing: 12 
	datadep: 
	instructions:
		 0: %self->errors def_%v_21 %self[2.0,] 	 SYMBOL:	 ARGS:
		 1: project_wiki->error_message def_%v_22 project_wiki[2.9,] 	 SYMBOL:	 ARGS:
		 2: %v_21->add def_%v_23 %v_21[10.0,] %v_22[10.1,] 	 SYMBOL:base,	 ARGS:Symbol,%v_22,
		 3: 
BB 11
	outgoing: 12 
	datadep: 
	instructions:
		 0: COPY TYPE_Nil def_%v_23 
BB 12
	outgoing: 13 
	datadep: 
	instructions:
		 0: 
		 1: ATTRASSIGN %self->persisted 
		 2: COPY TYPE_Boolean def_%v_19 
BB 13
	outgoing: 14 
	datadep: 
	instructions:
		 0: 
		 1: GETFIELD %self->persisted def_%v_24 %self[12.1,8.17,2.0,] 
		 2: RETURN %v_24[13.1,] %self[12.1,8.13,8.17,2.0,] 
BB 14
	outgoing: 
	datadep: 
	instructions:

