SET IRMethod, name = initialize instanceMethod = true
BB 1
	outgoing: 7 2 
	datadep: 
	instructions:
BB 2
	outgoing: 3 4 
	datadep: 
	instructions:
		 0: def_%self 
		 1: def_%v_0 
		 2: COPY TYPE_CurrentScope def_%current_scope 
		 3: COPY TYPE_ScopeModule def_%current_module 
		 4: 
		 5: RECEIVECONSTARG def_cookie 
		 6: cookie[2.5,] 
BB 3
	outgoing: 4 
	datadep: 
	instructions:
		 0: COPY TYPE_StringLiteral "" def_%v_3 
		 1: COPY TYPE_PASS def_cookie %v_3[3.0,] 
BB 4
	outgoing: 5 6 
	datadep: 
	instructions:
		 0: 
		 1: COPY TYPE_Array def_%v_4 
		 2: ATTRASSIGN %self->sellables %v_4[4.1,] 
		 3: 
		 4: COPY TYPE_Array def_%v_5 
		 5: ATTRASSIGN %self->errors %v_5[4.4,] 
		 6: 
		 7: COPY TYPE_PASS def_%v_6 cookie[3.1,2.5,] 
		 8: COPY TYPE_PASS def_%v_7 cookie[3.1,2.5,] 
		 9: BRANCH cookie[3.1,2.5,] 
BB 5
	outgoing: 6 
	datadep: 
	instructions:
		 0: COPY TYPE_StringLiteral "" def_%v_8 
		 1: COPY TYPE_PASS def_cookie %v_8[5.0,] 
		 2: COPY TYPE_PASS def_%v_7 %v_8[5.0,] 
BB 6
	outgoing: 7 
	datadep: 
	instructions:
		 0: 
		 1: COPY TYPE_StringLiteral ";" def_%v_9 
		 2: cookie->split def_%v_10 cookie[5.1,3.1,2.5,] %v_9[6.1,] 	 SYMBOL:	 ARGS:%v_9,
		 3: %v_10->each def_%v_11 %v_10[6.2,] %self[4.2,4.5,2.0,] 	 SYMBOL:	 ARGS:%v_10,
CLOSURE BEGIN: item[] %self[4.2,4.5,2.0,] item_sellable[] 
BB 1
	outgoing: 9 2 
	datadep: 
	instructions:
BB 2
	outgoing: 3 
	datadep: 
	instructions:
		 0: def_%self 
		 1: def_%cl_1_0 
		 2: RECEIVEARG def_item 
		 3: COPY TYPE_CurrentScope def_%current_scope 
		 4: COPY TYPE_ScopeModule def_%current_module 
BB 3
	outgoing: 4 5 7 
	datadep: 
	instructions:
		 0: 
		 1: (Sellable) def_%cl_1_3 
		 2: COPY TYPE_StringLiteral ":" def_%cl_1_4 
		 3: item->split def_%cl_1_5 item[2.2,] %cl_1_4[3.2,] 	 SYMBOL:	 ARGS:%cl_1_4,
		 4: %cl_1_5->[] def_%cl_1_6 %cl_1_5[3.3,] 	 SYMBOL:	 ARGS:Fixnum,
		 5: HASH-id- def_%cl_1_7 %cl_1_6[3.4,] 
		 6: %cl_1_3->where def_%cl_1_8 %cl_1_3[3.1,] %cl_1_7[3.5,] 	 SYMBOL:	 ARGS:%cl_1_7,
		 7: %cl_1_8->first def_%cl_1_9 %cl_1_8[3.6,] 	 SYMBOL:	 ARGS:
		 8: COPY TYPE_PASS def_item_sellable %cl_1_9[3.7,] 
		 9: 
		 10: %cl_1_9->present? def_%cl_1_10 %cl_1_9[3.7,] 	 SYMBOL:	 ARGS:
		 11: BRANCH %cl_1_10[3.10,] 
BB 4
	outgoing: 6 7 
	datadep: 
	instructions:
		 0: 
		 1: %self->sellables def_%cl_1_11 %self[2.0,] 	 SYMBOL:	 ARGS:
		 2: COPY TYPE_StringLiteral ":" def_%cl_1_12 
		 3: item->split def_%cl_1_13 item[2.2,] %cl_1_12[4.2,] 	 SYMBOL:	 ARGS:%cl_1_12,
		 4: %cl_1_13->[] def_%cl_1_14 %cl_1_13[4.3,] 	 SYMBOL:	 ARGS:Fixnum,
		 5: %cl_1_14->to_i def_%cl_1_15 %cl_1_14[4.4,] 	 SYMBOL:	 ARGS:
		 6: HASH-sellable-quantity- def_%cl_1_16 item_sellable[3.8,] %cl_1_15[4.5,] 
		 7: %cl_1_11-><< def_%cl_1_17 %cl_1_11[4.1,] %cl_1_16[4.6,] 	 SYMBOL:	 ARGS:%cl_1_16,
		 8: 
BB 5
	outgoing: 9 
	datadep: 
	instructions:
		 0: RETURN %self[2.0,] 
BB 6
	outgoing: 9 
	datadep: 
	instructions:
		 0: RETURN %cl_1_17[4.7,] %self[2.0,] 
BB 7
	outgoing: 9 
	datadep: 
	instructions:
		 0: def_%cl_1_18 
		 1: def_%cl_1_19 %cl_1_18[7.0,] 
		 2: RETURN %cl_1_19[7.1,] %self[2.0,] 
BB 9
	outgoing: 
	datadep: 
	instructions:
CLOSURE END: item_sellable[3.8,] 
		 4: 
		 5: %self->sellables def_%v_12 %self[4.2,4.5,2.0,] 	 SYMBOL:	 ARGS:
		 6: %v_12->sum def_%v_13 %v_12[6.5,] %self[6.5,4.2,4.5,2.0,] 	 SYMBOL:	 ARGS:%v_12,
CLOSURE BEGIN: item[6.3,] 
BB 1
	outgoing: 6 2 
	datadep: 
	instructions:
BB 2
	outgoing: 3 
	datadep: 
	instructions:
		 0: def_%self 
		 1: def_%cl_2_0 
		 2: RECEIVEARG def_item 
		 3: COPY TYPE_CurrentScope def_%current_scope 
		 4: COPY TYPE_ScopeModule def_%current_module 
BB 3
	outgoing: 4 6 
	datadep: 
	instructions:
		 0: 
		 1: item->[] def_%cl_2_3 item[2.2,] 	 SYMBOL:quantity,	 ARGS:Symbol,
		 2: item->[] def_%cl_2_4 item[3.1,2.2,] 	 SYMBOL:sellable,	 ARGS:Symbol,
		 3: %cl_2_4->price def_%cl_2_5 %cl_2_4[3.2,] 	 SYMBOL:	 ARGS:
		 4: %cl_2_3->* def_%cl_2_6 %cl_2_3[3.1,] %cl_2_5[3.3,] 	 SYMBOL:	 ARGS:%cl_2_5,
		 5: RETURN %cl_2_6[3.4,] %self[2.0,] 
BB 4
	outgoing: 6 
	datadep: 
	instructions:
		 0: def_%cl_2_7 
		 1: def_%cl_2_8 %cl_2_7[4.0,] 
		 2: RETURN %cl_2_8[4.1,] %self[2.0,] 
BB 6
	outgoing: 
	datadep: 
	instructions:
CLOSURE END: 
		 7: ATTRASSIGN %self->total %v_13[6.6,] 
		 8: 
		 9: HASH- def_%v_14 
		 10: ATTRASSIGN %self->extra_data %v_14[6.9,] 
		 11: RETURN %v_14[6.9,] %self[6.5,6.7,6.10,4.2,4.5,2.0,] 
BB 7
	outgoing: 
	datadep: 
	instructions:

SET IRMethod, name = to_hash instanceMethod = false
BB 1
	outgoing: 5 2 
	datadep: 
	instructions:
BB 2
	outgoing: 3 4 
	datadep: 
	instructions:
		 0: def_%self 
		 1: def_%v_0 
		 2: COPY TYPE_CurrentScope def_%current_scope 
		 3: COPY TYPE_ScopeModule def_%current_module 
		 4: 
		 5: RECEIVEARG def_cookie 
		 6: 
		 7: COPY TYPE_PASS def_%v_3 cookie[2.5,] 
		 8: COPY TYPE_PASS def_%v_4 cookie[2.5,] 
		 9: BRANCH cookie[2.5,] 
BB 3
	outgoing: 4 
	datadep: 
	instructions:
		 0: COPY TYPE_StringLiteral "" def_%v_5 
		 1: COPY TYPE_PASS def_cookie %v_5[3.0,] 
		 2: COPY TYPE_PASS def_%v_4 %v_5[3.0,] 
BB 4
	outgoing: 5 
	datadep: 
	instructions:
		 0: 
		 1: COPY TYPE_StringLiteral ";" def_%v_6 
		 2: cookie->split def_%v_7 cookie[3.1,2.5,] %v_6[4.1,] 	 SYMBOL:	 ARGS:%v_6,
		 3: HASH- def_%v_8 
		 4: %v_7->inject def_%v_9 %v_7[4.2,] %v_8[4.3,] %self[2.0,] 	 SYMBOL:	 ARGS:%v_8,%v_7,
CLOSURE BEGIN: item[] hash[] 
BB 1
	outgoing: 6 2 
	datadep: 
	instructions:
BB 2
	outgoing: 3 
	datadep: 
	instructions:
		 0: def_%self 
		 1: def_%cl_1_0 
		 2: RECEIVEARG def_hash 
		 3: RECEIVEARG def_item 
		 4: COPY TYPE_CurrentScope def_%current_scope 
		 5: COPY TYPE_ScopeModule def_%current_module 
BB 3
	outgoing: 4 6 
	datadep: 
	instructions:
		 0: 
		 1: COPY TYPE_StringLiteral ":" def_%cl_1_3 
		 2: item->split def_%cl_1_4 item[2.3,] %cl_1_3[3.1,] 	 SYMBOL:	 ARGS:%cl_1_3,
		 3: %cl_1_4->[] def_%cl_1_5 %cl_1_4[3.2,] 	 SYMBOL:	 ARGS:Fixnum,
		 4: COPY TYPE_StringLiteral ":" def_%cl_1_6 
		 5: item->split def_%cl_1_7 item[3.2,2.3,] %cl_1_6[3.4,] 	 SYMBOL:	 ARGS:%cl_1_6,
		 6: %cl_1_7->[] def_%cl_1_8 %cl_1_7[3.5,] 	 SYMBOL:	 ARGS:Fixnum,
		 7: %cl_1_8->to_i def_%cl_1_9 %cl_1_8[3.6,] 	 SYMBOL:	 ARGS:
		 8: ATTRASSIGN hash->[] %cl_1_5[3.3,] %cl_1_9[3.7,] 
		 9: 
		 10: RETURN hash[3.8,2.2,] %self[2.0,] 
BB 4
	outgoing: 6 
	datadep: 
	instructions:
		 0: def_%cl_1_10 
		 1: def_%cl_1_11 %cl_1_10[4.0,] 
		 2: RETURN %cl_1_11[4.1,] %self[2.0,] 
BB 6
	outgoing: 
	datadep: 
	instructions:
CLOSURE END: item[2.3,] 
		 5: RETURN %v_9[4.4,] %self[2.0,] 
BB 5
	outgoing: 
	datadep: 
	instructions:

SET IRMethod, name = to_string instanceMethod = false
BB 1
	outgoing: 3 2 
	datadep: 
	instructions:
BB 2
	outgoing: 3 
	datadep: 
	instructions:
		 0: def_%self 
		 1: def_%v_0 
		 2: COPY TYPE_CurrentScope def_%current_scope 
		 3: COPY TYPE_ScopeModule def_%current_module 
		 4: 
		 5: RECEIVEARG def_cart 
		 6: 
		 7: COPY TYPE_StringLiteral "" def_%v_3 
		 8: COPY TYPE_PASS def_cookie %v_3[2.7,] 
		 9: 
		 10: cart->each def_%v_4 cart[2.5,] %self[2.0,] 	 SYMBOL:	 ARGS:cart,
CLOSURE BEGIN: v[] k[] cookie[2.8,] 
BB 1
	outgoing: 9 2 
	datadep: 
	instructions:
BB 2
	outgoing: 3 
	datadep: 
	instructions:
		 0: def_%self 
		 1: def_%cl_1_0 
		 2: RECEIVEARG def_k 
		 3: RECEIVEARG def_v 
		 4: COPY TYPE_CurrentScope def_%current_scope 
		 5: COPY TYPE_ScopeModule def_%current_module 
BB 3
	outgoing: 4 5 7 
	datadep: 
	instructions:
		 0: 
		 1: v->to_i def_%cl_1_3 v[2.3,] 	 SYMBOL:	 ARGS:
		 2: %cl_1_3->> def_%cl_1_4 %cl_1_3[3.1,] 	 SYMBOL:	 ARGS:Fixnum,
		 3: BRANCH %cl_1_4[3.2,] 
BB 4
	outgoing: 6 7 
	datadep: 
	instructions:
		 0: k->to_s def_%cl_1_5 k[2.2,] 	 SYMBOL:	 ARGS:
		 1: COPY TYPE_StringLiteral ":" def_%cl_1_6 
		 2: v->to_s def_%cl_1_7 v[2.3,] 	 SYMBOL:	 ARGS:
		 3: COPY TYPE_StringLiteral ";" def_%cl_1_8 
		 4: BUILDSTRING def_%cl_1_9 %cl_1_5[4.0,] %cl_1_6[4.1,] %cl_1_7[4.2,] %cl_1_8[4.3,] 
		 5: cookie->+ def_%cl_1_10 cookie[] %cl_1_9[4.4,] 	 SYMBOL:	 ARGS:%cl_1_9,
		 6: COPY TYPE_PASS def_cookie %cl_1_10[4.5,] 
		 7: 
BB 5
	outgoing: 9 
	datadep: 
	instructions:
		 0: RETURN %self[2.0,] 
BB 6
	outgoing: 9 
	datadep: 
	instructions:
		 0: RETURN %cl_1_10[4.5,] %self[2.0,] 
BB 7
	outgoing: 9 
	datadep: 
	instructions:
		 0: def_%cl_1_11 
		 1: def_%cl_1_12 %cl_1_11[7.0,] 
		 2: RETURN %cl_1_12[7.1,] %self[2.0,] 
BB 9
	outgoing: 
	datadep: 
	instructions:
CLOSURE END: cookie[4.6,] v[2.3,] 
		 11: 
		 12: RETURN cookie[2.8,2.10,] %self[2.0,] 
BB 3
	outgoing: 
	datadep: 
	instructions:

SET IRMethod, name = add instanceMethod = false
BB 1
	outgoing: 5 2 
	datadep: 
	instructions:
BB 2
	outgoing: 3 4 
	datadep: 
	instructions:
		 0: def_%self 
		 1: def_%v_0 
		 2: COPY TYPE_CurrentScope def_%current_scope 
		 3: COPY TYPE_ScopeModule def_%current_module 
		 4: 
		 5: RECEIVEARG def_cookie 
		 6: RECEIVEARG def_params 
		 7: 
		 8: %self->to_hash def_%v_3 %self[2.0,] cookie[2.5,] 	 SYMBOL:	 ARGS:cookie,
		 9: COPY TYPE_PASS def_cart %v_3[2.8,] 
		 10: 
		 11: params->[] def_%v_5 params[2.6,] 	 SYMBOL:sellable_id,	 ARGS:Symbol,
		 12: BUILDSTRING def_%v_6 %v_5[2.11,] 
		 13: cart->[] def_%v_4 cart[2.9,] %v_6[2.12,] 	 SYMBOL:	 ARGS:%v_6,
		 14: BRANCH %v_4[2.13,] 
BB 3
	outgoing: 4 
	datadep: 
	instructions:
		 0: cart->[]= def_%v_4 cart[2.9,] %v_6[2.12,] 	 SYMBOL:	 ARGS:%v_6,Fixnum,
		 1: COPY TYPE_Fixnum def_%v_4 
BB 4
	outgoing: 5 
	datadep: 
	instructions:
		 0: 
		 1: params->[] def_%v_7 params[2.6,] 	 SYMBOL:sellable_id,	 ARGS:Symbol,
		 2: BUILDSTRING def_%v_8 %v_7[4.1,] 
		 3: cart->[] def_%v_9 cart[3.0,2.9,] %v_8[4.2,] 	 SYMBOL:	 ARGS:%v_8,
		 4: params->[] def_%v_10 params[4.1,2.6,] 	 SYMBOL:quantity,	 ARGS:Symbol,
		 5: %v_10->to_i def_%v_11 %v_10[4.4,] 	 SYMBOL:	 ARGS:
		 6: %v_9->+ def_%v_9 %v_9[4.3,] %v_11[4.5,] 	 SYMBOL:	 ARGS:%v_11,
		 7: cart->[]= def_%v_12 cart[4.3,3.0,2.9,] %v_8[4.2,] %v_9[4.3,4.6,] 	 SYMBOL:	 ARGS:%v_8,%v_9,
		 8: 
		 9: %self->to_string def_%v_13 %self[2.0,] cart[4.3,4.7,] 	 SYMBOL:	 ARGS:cart,
		 10: RETURN %v_13[4.9,] %self[4.9,2.0,] 
BB 5
	outgoing: 
	datadep: 
	instructions:

SET IRMethod, name = remove instanceMethod = false
BB 1
	outgoing: 3 2 
	datadep: 
	instructions:
BB 2
	outgoing: 3 
	datadep: 
	instructions:
		 0: def_%self 
		 1: def_%v_0 
		 2: COPY TYPE_CurrentScope def_%current_scope 
		 3: COPY TYPE_ScopeModule def_%current_module 
		 4: 
		 5: RECEIVEARG def_cookie 
		 6: RECEIVEARG def_sellable_id 
		 7: 
		 8: %self->to_hash def_%v_3 %self[2.0,] cookie[2.5,] 	 SYMBOL:	 ARGS:cookie,
		 9: COPY TYPE_PASS def_cart %v_3[2.8,] 
		 10: 
		 11: ATTRASSIGN %v_3->[] sellable_id[2.6,] 
		 12: 
		 13: %self->to_string def_%v_4 %self[2.0,2.8,] cart[2.9,] 	 SYMBOL:	 ARGS:cart,
		 14: RETURN %v_4[2.13,] %self[2.0,2.8,2.13,] 
BB 3
	outgoing: 
	datadep: 
	instructions:

SET IRMethod, name = update instanceMethod = false
BB 1
	outgoing: 3 2 
	datadep: 
	instructions:
BB 2
	outgoing: 3 
	datadep: 
	instructions:
		 0: def_%self 
		 1: def_%v_0 
		 2: COPY TYPE_CurrentScope def_%current_scope 
		 3: COPY TYPE_ScopeModule def_%current_module 
		 4: 
		 5: RECEIVEARG def_cookie 
		 6: RECEIVEARG def_params 
		 7: 
		 8: %self->to_hash def_%v_3 %self[2.0,] cookie[2.5,] 	 SYMBOL:	 ARGS:cookie,
		 9: COPY TYPE_PASS def_cart %v_3[2.8,] 
		 10: 
		 11: %v_3->each def_%v_4 %v_3[2.8,] %self[2.0,2.8,] 	 SYMBOL:	 ARGS:%v_3,
CLOSURE BEGIN: params[2.6,] k[] cart[2.9,] 
BB 1
	outgoing: 6 2 
	datadep: 
	instructions:
BB 2
	outgoing: 3 
	datadep: 
	instructions:
		 0: def_%self 
		 1: def_%cl_1_0 
		 2: RECEIVEARG def_k 
		 3: RECEIVEARG def_v 
		 4: COPY TYPE_CurrentScope def_%current_scope 
		 5: COPY TYPE_ScopeModule def_%current_module 
BB 3
	outgoing: 4 6 
	datadep: 
	instructions:
		 0: 
		 1: params->[] def_%cl_1_3 params[] 	 SYMBOL:quantity,	 ARGS:Symbol,
		 2: %cl_1_3->[] def_%cl_1_4 %cl_1_3[3.1,] k[2.2,] 	 SYMBOL:	 ARGS:k,
		 3: %cl_1_4->to_i def_%cl_1_5 %cl_1_4[3.2,] 	 SYMBOL:	 ARGS:
		 4: ATTRASSIGN cart->[] k[2.2,] %cl_1_5[3.3,] 
		 5: RETURN %cl_1_5[3.3,] %self[2.0,] 
BB 4
	outgoing: 6 
	datadep: 
	instructions:
		 0: def_%cl_1_6 
		 1: def_%cl_1_7 %cl_1_6[4.0,] 
		 2: RETURN %cl_1_7[4.1,] %self[2.0,] 
BB 6
	outgoing: 
	datadep: 
	instructions:
CLOSURE END: v[2.3,] 
		 12: 
		 13: %self->to_string def_%v_5 %self[2.0,2.8,] cart[2.9,] 	 SYMBOL:	 ARGS:cart,
		 14: RETURN %v_5[2.13,] %self[2.0,2.8,2.13,] 
BB 3
	outgoing: 
	datadep: 
	instructions:

SET IRMethod, name = to_cookie instanceMethod = true
BB 1
	outgoing: 3 2 
	datadep: 
	instructions:
BB 2
	outgoing: 3 
	datadep: 
	instructions:
		 0: def_%self 
		 1: def_%v_0 
		 2: COPY TYPE_CurrentScope def_%current_scope 
		 3: COPY TYPE_ScopeModule def_%current_module 
		 4: 
		 5: 
		 6: COPY TYPE_StringLiteral "" def_%v_3 
		 7: COPY TYPE_PASS def_cookie %v_3[2.6,] 
		 8: 
		 9: %self->sellables def_%v_4 %self[2.0,] 	 SYMBOL:	 ARGS:
		 10: %v_4->each def_%v_5 %v_4[2.9,] %self[2.0,2.9,] 	 SYMBOL:	 ARGS:%v_4,
CLOSURE BEGIN: item[] cookie[2.7,] 
BB 1
	outgoing: 9 2 
	datadep: 
	instructions:
BB 2
	outgoing: 3 
	datadep: 
	instructions:
		 0: def_%self 
		 1: def_%cl_1_0 
		 2: RECEIVEARG def_item 
		 3: COPY TYPE_CurrentScope def_%current_scope 
		 4: COPY TYPE_ScopeModule def_%current_module 
BB 3
	outgoing: 4 5 7 
	datadep: 
	instructions:
		 0: 
		 1: item->[] def_%cl_1_3 item[2.2,] 	 SYMBOL:quantity,	 ARGS:Symbol,
		 2: %cl_1_3->to_i def_%cl_1_4 %cl_1_3[3.1,] 	 SYMBOL:	 ARGS:
		 3: %cl_1_4->> def_%cl_1_5 %cl_1_4[3.2,] 	 SYMBOL:	 ARGS:Fixnum,
		 4: BRANCH %cl_1_5[3.3,] 
BB 4
	outgoing: 6 7 
	datadep: 
	instructions:
		 0: item->[] def_%cl_1_6 item[2.2,] 	 SYMBOL:sellable,	 ARGS:Symbol,
		 1: %cl_1_6->id def_%cl_1_7 %cl_1_6[4.0,] 	 SYMBOL:	 ARGS:
		 2: %cl_1_7->to_s def_%cl_1_8 %cl_1_7[4.1,] 	 SYMBOL:	 ARGS:
		 3: COPY TYPE_StringLiteral ":" def_%cl_1_9 
		 4: item->[] def_%cl_1_10 item[4.0,2.2,] 	 SYMBOL:quantity,	 ARGS:Symbol,
		 5: %cl_1_10->to_s def_%cl_1_11 %cl_1_10[4.4,] 	 SYMBOL:	 ARGS:
		 6: COPY TYPE_StringLiteral ";" def_%cl_1_12 
		 7: BUILDSTRING def_%cl_1_13 %cl_1_8[4.2,] %cl_1_9[4.3,] %cl_1_11[4.5,] %cl_1_12[4.6,] 
		 8: cookie->+ def_%cl_1_14 cookie[] %cl_1_13[4.7,] 	 SYMBOL:	 ARGS:%cl_1_13,
		 9: COPY TYPE_PASS def_cookie %cl_1_14[4.8,] 
		 10: 
BB 5
	outgoing: 9 
	datadep: 
	instructions:
		 0: RETURN %self[2.0,] 
BB 6
	outgoing: 9 
	datadep: 
	instructions:
		 0: RETURN %cl_1_14[4.8,] %self[2.0,] 
BB 7
	outgoing: 9 
	datadep: 
	instructions:
		 0: def_%cl_1_15 
		 1: def_%cl_1_16 %cl_1_15[7.0,] 
		 2: RETURN %cl_1_16[7.1,] %self[2.0,] 
BB 9
	outgoing: 
	datadep: 
	instructions:
CLOSURE END: cookie[4.9,] 
		 11: 
		 12: RETURN cookie[2.7,2.10,] %self[2.0,2.9,] 
BB 3
	outgoing: 
	datadep: 
	instructions:

SET IRMethod, name = update_quantities instanceMethod = true
BB 1
	outgoing: 3 2 
	datadep: 
	instructions:
BB 2
	outgoing: 3 
	datadep: 
	instructions:
		 0: def_%self 
		 1: def_%v_0 
		 2: COPY TYPE_CurrentScope def_%current_scope 
		 3: COPY TYPE_ScopeModule def_%current_module 
		 4: 
		 5: 
		 6: COPY TYPE_Array def_%v_3 
		 7: ATTRASSIGN %self->errors %v_3[2.6,] 
		 8: 
		 9: COPY TYPE_Array def_%v_4 
		 10: COPY TYPE_PASS def_new_sellables %v_4[2.9,] 
		 11: 
		 12: %self->sellables def_%v_5 %self[2.0,2.7,] 	 SYMBOL:	 ARGS:
		 13: %v_5->each def_%v_6 %v_5[2.12,] %self[2.0,2.7,2.12,] 	 SYMBOL:	 ARGS:%v_5,
CLOSURE BEGIN: item[] %self[2.0,2.7,2.12,] new_sellables[2.10,] 
BB 1
	outgoing: 20 2 
	datadep: 
	instructions:
BB 2
	outgoing: 3 
	datadep: 
	instructions:
		 0: def_%self 
		 1: def_%cl_1_0 
		 2: RECEIVEARG def_item 
		 3: COPY TYPE_CurrentScope def_%current_scope 
		 4: COPY TYPE_ScopeModule def_%current_module 
BB 3
	outgoing: 4 5 18 
	datadep: 
	instructions:
		 0: 
		 1: item->[] def_%cl_1_3 item[2.2,] 	 SYMBOL:sellable,	 ARGS:Symbol,
		 2: %cl_1_3->active def_%cl_1_4 %cl_1_3[3.1,] 	 SYMBOL:	 ARGS:
		 3: %cl_1_4->! def_%cl_1_5 %cl_1_4[3.2,] 	 SYMBOL:	 ARGS:
		 4: BRANCH %cl_1_5[3.3,] 
BB 4
	outgoing: 17 18 
	datadep: 
	instructions:
		 0: 
		 1: %self->errors def_%cl_1_6 %self[2.0,] 	 SYMBOL:	 ARGS:
		 2: COPY TYPE_StringLiteral "Sorry, " def_%cl_1_7 
		 3: item->[] def_%cl_1_8 item[2.2,] 	 SYMBOL:sellable,	 ARGS:Symbol,
		 4: %cl_1_8->description def_%cl_1_9 %cl_1_8[4.3,] 	 SYMBOL:	 ARGS:
		 5: COPY TYPE_StringLiteral " is no longer for sale" def_%cl_1_10 
		 6: BUILDSTRING def_%cl_1_11 %cl_1_7[4.2,] %cl_1_9[4.4,] %cl_1_10[4.5,] 
		 7: COPY TYPE_Array def_%cl_1_12 %cl_1_11[4.6,] 
		 8: %cl_1_6-><< def_%cl_1_13 %cl_1_6[4.1,] %cl_1_12[4.7,] 	 SYMBOL:	 ARGS:%cl_1_12,
		 9: 
BB 5
	outgoing: 6 7 18 
	datadep: 
	instructions:
		 0: 
		 1: item->[] def_%cl_1_14 item[2.2,] 	 SYMBOL:sellable,	 ARGS:Symbol,
		 2: %cl_1_14->unlimited_inventory def_%cl_1_15 %cl_1_14[5.1,] 	 SYMBOL:	 ARGS:
		 3: BRANCH %cl_1_15[5.2,] 
BB 6
	outgoing: 7 18 
	datadep: 
	instructions:
		 0: item->[] def_%cl_1_16 item[2.2,] 	 SYMBOL:sellable,	 ARGS:Symbol,
		 1: %cl_1_16->quantity def_%cl_1_17 %cl_1_16[6.0,] 	 SYMBOL:	 ARGS:
		 2: item->[] def_%cl_1_18 item[6.0,2.2,] 	 SYMBOL:quantity,	 ARGS:Symbol,
		 3: %cl_1_17->>= def_%cl_1_19 %cl_1_17[6.1,] %cl_1_18[6.2,] 	 SYMBOL:	 ARGS:%cl_1_18,
		 4: COPY TYPE_PASS def_%cl_1_15 %cl_1_19[6.3,] 
BB 7
	outgoing: 8 9 
	datadep: 
	instructions:
		 0: BRANCH %cl_1_15[6.4,5.2,] 
BB 8
	outgoing: 16 18 
	datadep: 
	instructions:
		 0: 
		 1: new_sellables-><< def_%cl_1_20 new_sellables[] item[2.2,] 	 SYMBOL:	 ARGS:item,
		 2: 
BB 9
	outgoing: 10 11 18 
	datadep: 
	instructions:
		 0: 
		 1: item->[] def_%cl_1_21 item[2.2,] 	 SYMBOL:sellable,	 ARGS:Symbol,
		 2: %cl_1_21->quantity def_%cl_1_22 %cl_1_21[9.1,] 	 SYMBOL:	 ARGS:
		 3: %cl_1_22->== def_%cl_1_23 %cl_1_22[9.2,] 	 SYMBOL:	 ARGS:Fixnum,
		 4: BRANCH %cl_1_23[9.3,] 
BB 10
	outgoing: 15 18 
	datadep: 
	instructions:
		 0: 
		 1: %self->errors def_%cl_1_24 %self[2.0,] 	 SYMBOL:	 ARGS:
		 2: COPY TYPE_StringLiteral "Sorry, " def_%cl_1_25 
		 3: item->[] def_%cl_1_26 item[2.2,] 	 SYMBOL:sellable,	 ARGS:Symbol,
		 4: %cl_1_26->description def_%cl_1_27 %cl_1_26[10.3,] 	 SYMBOL:	 ARGS:
		 5: COPY TYPE_StringLiteral " is no longer available" def_%cl_1_28 
		 6: BUILDSTRING def_%cl_1_29 %cl_1_25[10.2,] %cl_1_27[10.4,] %cl_1_28[10.5,] 
		 7: COPY TYPE_Array def_%cl_1_30 %cl_1_29[10.6,] 
		 8: %cl_1_24-><< def_%cl_1_31 %cl_1_24[10.1,] %cl_1_30[10.7,] 	 SYMBOL:	 ARGS:%cl_1_30,
		 9: 
BB 11
	outgoing: 12 13 18 
	datadep: 
	instructions:
		 0: 
		 1: %self->errors def_%cl_1_32 %self[2.0,] 	 SYMBOL:	 ARGS:
		 2: COPY TYPE_StringLiteral "Sorry, only " def_%cl_1_33 
		 3: item->[] def_%cl_1_34 item[2.2,] 	 SYMBOL:sellable,	 ARGS:Symbol,
		 4: %cl_1_34->quantity def_%cl_1_35 %cl_1_34[11.3,] 	 SYMBOL:	 ARGS:
		 5: COPY TYPE_StringLiteral " available for " def_%cl_1_36 
		 6: item->[] def_%cl_1_37 item[11.3,2.2,] 	 SYMBOL:sellable,	 ARGS:Symbol,
		 7: %cl_1_37->description def_%cl_1_38 %cl_1_37[11.6,] 	 SYMBOL:	 ARGS:
		 8: BUILDSTRING def_%cl_1_39 %cl_1_33[11.2,] %cl_1_35[11.4,] %cl_1_36[11.5,] %cl_1_38[11.7,] 
		 9: COPY TYPE_Array def_%cl_1_40 %cl_1_39[11.8,] 
		 10: %cl_1_32-><< def_%cl_1_41 %cl_1_32[11.1,] %cl_1_40[11.9,] 	 SYMBOL:	 ARGS:%cl_1_40,
		 11: 
		 12: item->[] def_%cl_1_42 item[11.3,11.6,2.2,] 	 SYMBOL:sellable,	 ARGS:Symbol,
		 13: %cl_1_42->quantity def_%cl_1_43 %cl_1_42[11.12,] 	 SYMBOL:	 ARGS:
		 14: ATTRASSIGN item->[] %cl_1_43[11.13,] 
		 15: 
		 16: item->[] def_%cl_1_44 item[11.3,11.6,11.12,11.14,2.2,] 	 SYMBOL:quantity,	 ARGS:Symbol,
		 17: %cl_1_44->> def_%cl_1_45 %cl_1_44[11.16,] 	 SYMBOL:	 ARGS:Fixnum,
		 18: BRANCH %cl_1_45[11.17,] 
BB 12
	outgoing: 14 18 
	datadep: 
	instructions:
		 0: new_sellables-><< def_%cl_1_46 new_sellables[] item[11.14,2.2,] 	 SYMBOL:	 ARGS:item,
		 1: 
BB 13
	outgoing: 14 
	datadep: 
	instructions:
		 0: COPY TYPE_Nil def_%cl_1_46 
BB 14
	outgoing: 15 
	datadep: 
	instructions:
		 0: COPY TYPE_PASS def_%cl_1_31 %cl_1_46[13.0,12.0,] 
BB 15
	outgoing: 16 
	datadep: 
	instructions:
		 0: COPY TYPE_PASS def_%cl_1_20 %cl_1_31[14.0,10.8,] 
BB 16
	outgoing: 20 
	datadep: 
	instructions:
		 0: RETURN %cl_1_20[15.0,8.1,] %self[2.0,] 
BB 17
	outgoing: 20 
	datadep: 
	instructions:
		 0: RETURN %cl_1_13[4.8,] %self[2.0,] 
BB 18
	outgoing: 20 
	datadep: 
	instructions:
		 0: def_%cl_1_47 
		 1: def_%cl_1_48 %cl_1_47[18.0,] 
		 2: RETURN %cl_1_48[18.1,] %self[2.0,] 
BB 20
	outgoing: 
	datadep: 
	instructions:
CLOSURE END: 
		 14: 
		 15: ATTRASSIGN %self->sellables new_sellables[2.10,] 
		 16: 
		 17: %self->sellables def_%v_7 %self[2.0,2.7,2.12,2.15,] 	 SYMBOL:	 ARGS:
		 18: %v_7->sum def_%v_8 %v_7[2.17,] %self[2.0,2.7,2.12,2.15,2.17,] 	 SYMBOL:	 ARGS:%v_7,
CLOSURE BEGIN: item[2.13,] 
BB 1
	outgoing: 6 2 
	datadep: 
	instructions:
BB 2
	outgoing: 3 
	datadep: 
	instructions:
		 0: def_%self 
		 1: def_%cl_2_0 
		 2: RECEIVEARG def_item 
		 3: COPY TYPE_CurrentScope def_%current_scope 
		 4: COPY TYPE_ScopeModule def_%current_module 
BB 3
	outgoing: 4 6 
	datadep: 
	instructions:
		 0: 
		 1: item->[] def_%cl_2_3 item[2.2,] 	 SYMBOL:quantity,	 ARGS:Symbol,
		 2: item->[] def_%cl_2_4 item[3.1,2.2,] 	 SYMBOL:sellable,	 ARGS:Symbol,
		 3: %cl_2_4->price def_%cl_2_5 %cl_2_4[3.2,] 	 SYMBOL:	 ARGS:
		 4: %cl_2_3->* def_%cl_2_6 %cl_2_3[3.1,] %cl_2_5[3.3,] 	 SYMBOL:	 ARGS:%cl_2_5,
		 5: RETURN %cl_2_6[3.4,] %self[2.0,] 
BB 4
	outgoing: 6 
	datadep: 
	instructions:
		 0: def_%cl_2_7 
		 1: def_%cl_2_8 %cl_2_7[4.0,] 
		 2: RETURN %cl_2_8[4.1,] %self[2.0,] 
BB 6
	outgoing: 
	datadep: 
	instructions:
CLOSURE END: 
		 19: ATTRASSIGN %self->total %v_8[2.18,] 
		 20: RETURN %v_8[2.18,] %self[2.0,2.7,2.12,2.15,2.17,2.19,] 
BB 3
	outgoing: 
	datadep: 
	instructions:

SET IRMethod, name = set_extra_data instanceMethod = true
BB 1
	outgoing: 3 2 
	datadep: 
	instructions:
BB 2
	outgoing: 3 
	datadep: 
	instructions:
		 0: def_%self 
		 1: def_%v_0 
		 2: COPY TYPE_CurrentScope def_%current_scope 
		 3: COPY TYPE_ScopeModule def_%current_module 
		 4: 
		 5: RECEIVEARG def_form_params 
		 6: 
		 7: form_params->each def_%v_3 form_params[2.5,] %self[2.0,] 	 SYMBOL:	 ARGS:form_params,
CLOSURE BEGIN: k[] %self[2.0,] v[] 
BB 1
	outgoing: 9 2 
	datadep: 
	instructions:
BB 2
	outgoing: 3 
	datadep: 
	instructions:
		 0: def_%self 
		 1: def_%cl_1_0 
		 2: RECEIVEARG def_k 
		 3: RECEIVEARG def_v 
		 4: COPY TYPE_CurrentScope def_%current_scope 
		 5: COPY TYPE_ScopeModule def_%current_module 
BB 3
	outgoing: 4 5 7 
	datadep: 
	instructions:
		 0: 
		 1: COPY TYPE_Array def_%cl_1_3 
		 2: %cl_1_3->include? def_%cl_1_4 %cl_1_3[3.1,] k[2.2,] 	 SYMBOL:	 ARGS:k,
		 3: %cl_1_4->! def_%cl_1_5 %cl_1_4[3.2,] 	 SYMBOL:	 ARGS:
		 4: BRANCH %cl_1_5[3.3,] 
BB 4
	outgoing: 7 9 
	datadep: 
	instructions:
		 0: %self->extra_data def_%cl_1_6 %self[2.0,] 	 SYMBOL:	 ARGS:
		 1: k->to_sym def_%cl_1_7 k[2.2,] 	 SYMBOL:	 ARGS:
		 2: ATTRASSIGN %cl_1_6->[] %cl_1_7[4.1,] v[2.3,] 
		 3: COPY TYPE_PASS def_%cl_1_8 v[2.3,] 
		 4: RETURN v[2.3,] %self[4.0,2.0,] 
BB 5
	outgoing: 9 
	datadep: 
	instructions:
		 0: RETURN %self[2.0,] 
BB 7
	outgoing: 9 
	datadep: 
	instructions:
		 0: def_%cl_1_9 
		 1: def_%cl_1_10 %cl_1_9[7.0,] 
		 2: RETURN %cl_1_10[7.1,] %self[2.0,] 
BB 9
	outgoing: 
	datadep: 
	instructions:
CLOSURE END: v[2.3,] 
		 8: RETURN %v_3[2.7,] %self[2.0,] 
BB 3
	outgoing: 
	datadep: 
	instructions:

SET IRMethod, name = empty? instanceMethod = true
BB 1
	outgoing: 3 2 
	datadep: 
	instructions:
BB 2
	outgoing: 3 
	datadep: 
	instructions:
		 0: def_%self 
		 1: def_%v_0 
		 2: COPY TYPE_CurrentScope def_%current_scope 
		 3: COPY TYPE_ScopeModule def_%current_module 
		 4: 
		 5: 
		 6: %self->sellables def_%v_3 %self[2.0,] 	 SYMBOL:	 ARGS:
		 7: %v_3->inject def_%v_4 %v_3[2.6,] %self[2.0,2.6,] 	 SYMBOL:	 ARGS:Fixnum,%v_3,
CLOSURE BEGIN: item[] nitems[] 
BB 1
	outgoing: 6 2 
	datadep: 
	instructions:
BB 2
	outgoing: 3 
	datadep: 
	instructions:
		 0: def_%self 
		 1: def_%cl_1_0 
		 2: RECEIVEARG def_nitems 
		 3: RECEIVEARG def_item 
		 4: COPY TYPE_CurrentScope def_%current_scope 
		 5: COPY TYPE_ScopeModule def_%current_module 
BB 3
	outgoing: 4 6 
	datadep: 
	instructions:
		 0: 
		 1: item->[] def_%cl_1_3 item[2.3,] 	 SYMBOL:quantity,	 ARGS:Symbol,
		 2: nitems->+ def_%cl_1_4 nitems[2.2,] %cl_1_3[3.1,] 	 SYMBOL:	 ARGS:%cl_1_3,
		 3: RETURN %cl_1_4[3.2,] %self[2.0,] 
BB 4
	outgoing: 6 
	datadep: 
	instructions:
		 0: def_%cl_1_5 
		 1: def_%cl_1_6 %cl_1_5[4.0,] 
		 2: RETURN %cl_1_6[4.1,] %self[2.0,] 
BB 6
	outgoing: 
	datadep: 
	instructions:
CLOSURE END: item[2.3,] 
		 8: %v_4->== def_%v_5 %v_4[2.7,] 	 SYMBOL:	 ARGS:Fixnum,
		 9: RETURN %v_5[2.8,] %self[2.0,2.6,] 
BB 3
	outgoing: 
	datadep: 
	instructions:

