SET IRMethod, name = modules instanceMethod = true
BB 1
	outgoing: 5 2 
	datadep: 
	instructions:
BB 2
	outgoing: 3 4 
	datadep: 
	instructions:
		 0: def_%self 
		 1: def_%v_0 
		 2: COPY TYPE_CurrentScope def_%current_scope 
		 3: COPY TYPE_ScopeModule def_%current_module 
		 4: 
		 5: 
		 6: %self->modules def_%v_3 %self[2.0,] 	 SYMBOL:	 ARGS:
		 7: BRANCH %v_3[2.6,] 
BB 3
	outgoing: 5 
	datadep: 
	instructions:
		 0: COPY TYPE_Array def_%v_4 
		 1: RETURN %v_4[3.0,] %self[2.0,] 
BB 4
	outgoing: 5 
	datadep: 
	instructions:
		 0: RETURN %v_3[2.6,] %self[2.0,] 
BB 5
	outgoing: 
	datadep: 
	instructions:

SET IRMethod, name = modules= instanceMethod = true
BB 1
	outgoing: 6 2 
	datadep: 
	instructions:
BB 2
	outgoing: 3 4 
	datadep: 
	instructions:
		 0: def_%self 
		 1: def_%v_0 
		 2: COPY TYPE_CurrentScope def_%current_scope 
		 3: COPY TYPE_ScopeModule def_%current_module 
		 4: 
		 5: RECEIVEARG def_perms 
		 6: 
		 7: BRANCH perms[2.5,] 
BB 3
	outgoing: 5 
	datadep: 
	instructions:
		 0: perms->map def_%v_3 perms[2.5,] %self[2.0,] 	 SYMBOL:	 ARGS:perms,
CLOSURE BEGIN: p[] 
BB 1
	outgoing: 9 2 
	datadep: 
	instructions:
BB 2
	outgoing: 3 
	datadep: 
	instructions:
		 0: def_%self 
		 1: def_%cl_1_0 
		 2: RECEIVEARG def_p 
		 3: COPY TYPE_CurrentScope def_%current_scope 
		 4: COPY TYPE_ScopeModule def_%current_module 
BB 3
	outgoing: 4 5 7 
	datadep: 
	instructions:
		 0: 
		 1: p->blank? def_%cl_1_3 p[2.2,] 	 SYMBOL:	 ARGS:
		 2: BRANCH %cl_1_3[3.1,] 
BB 4
	outgoing: 9 
	datadep: 
	instructions:
		 0: COPY TYPE_Nil def_%cl_1_4 
		 1: RETURN %cl_1_4[4.0,] %self[2.0,] 
BB 5
	outgoing: 7 9 
	datadep: 
	instructions:
		 0: p->to_sym def_%cl_1_5 p[2.2,] 	 SYMBOL:	 ARGS:
		 1: RETURN %cl_1_5[5.0,] %self[2.0,] 
BB 7
	outgoing: 9 
	datadep: 
	instructions:
		 0: def_%cl_1_6 
		 1: def_%cl_1_7 %cl_1_6[7.0,] 
		 2: RETURN %cl_1_7[7.1,] %self[2.0,] 
BB 9
	outgoing: 
	datadep: 
	instructions:
CLOSURE END: 
		 1: %v_3->compact def_%v_4 %v_3[3.0,] 	 SYMBOL:	 ARGS:
		 2: COPY TYPE_PASS def_perms %v_4[3.1,] 
		 3: 
BB 4
	outgoing: 5 
	datadep: 
	instructions:
		 0: COPY TYPE_Nil def_%v_4 
BB 5
	outgoing: 6 
	datadep: 
	instructions:
		 0: 
		 1: ATTRASSIGN %self->modules perms[3.2,2.5,] 
		 2: RETURN perms[3.2,2.5,] %self[5.1,2.0,] 
BB 6
	outgoing: 
	datadep: 
	instructions:

SET IRMethod, name = project_modules instanceMethod = true
BB 1
	outgoing: 3 2 
	datadep: 
	instructions:
BB 2
	outgoing: 3 
	datadep: 
	instructions:
		 0: def_%self 
		 1: def_%v_0 
		 2: COPY TYPE_CurrentScope def_%current_scope 
		 3: COPY TYPE_ScopeModule def_%current_module 
		 4: 
		 5: 
		 6: %self->modules def_%v_3 %self[2.0,] 	 SYMBOL:	 ARGS:
		 7: %v_3->map def_%v_4 %v_3[2.6,] %self[2.0,2.6,] 	 SYMBOL:	 ARGS:%v_3,
CLOSURE BEGIN: %self[2.0,2.6,] mod[] 
BB 1
	outgoing: 6 2 
	datadep: 
	instructions:
BB 2
	outgoing: 3 
	datadep: 
	instructions:
		 0: def_%self 
		 1: def_%cl_1_0 
		 2: RECEIVEARG def_mod 
		 3: COPY TYPE_CurrentScope def_%current_scope 
		 4: COPY TYPE_ScopeModule def_%current_module 
BB 3
	outgoing: 4 6 
	datadep: 
	instructions:
		 0: 
		 1: (AccessControl) def_%cl_1_3 
		 2: %self->label def_%cl_1_4 %self[2.0,] 	 SYMBOL:	 ARGS:
		 3: %cl_1_3->project_module def_%cl_1_5 %cl_1_3[3.1,] %cl_1_4[3.2,] mod[2.2,] 	 SYMBOL:	 ARGS:%cl_1_4,mod,
		 4: RETURN %cl_1_5[3.3,] %self[3.2,2.0,] 
BB 4
	outgoing: 6 
	datadep: 
	instructions:
		 0: def_%cl_1_6 
		 1: def_%cl_1_7 %cl_1_6[4.0,] 
		 2: RETURN %cl_1_7[4.1,] %self[2.0,] 
BB 6
	outgoing: 
	datadep: 
	instructions:
CLOSURE END: 
		 8: %v_4->uniq def_%v_5 %v_4[2.7,] 	 SYMBOL:	 ARGS:
		 9: %v_5->compact def_%v_6 %v_5[2.8,] 	 SYMBOL:	 ARGS:
		 10: RETURN %v_6[2.9,] %self[2.0,2.6,] 
BB 3
	outgoing: 
	datadep: 
	instructions:

