SET IRMethod, name = find_event instanceMethod = true
BB 1
	outgoing: 12 2 
	datadep: 
	instructions:
BB 2
	outgoing: 4 
	datadep: 
	instructions:
		 0: def_%self 
		 1: def_%v_0 
		 2: COPY TYPE_CurrentScope def_%current_scope 
		 3: COPY TYPE_ScopeModule def_%current_module 
		 4: 
		 5: GLOBALVAR $! def_%v_3 
BB 4
	outgoing: 5 6 
	datadep: 
	instructions:
		 0: 
		 1: 
		 2: (Event) def_%v_6 
		 3: %self->params def_%v_7 %self[2.0,] 	 SYMBOL:	 ARGS:
		 4: %v_7->[] def_%v_8 %v_7[4.3,] 	 SYMBOL:event_id,	 ARGS:Symbol,
		 5: %v_6->find def_%v_9 %v_6[4.2,] %v_8[4.4,] 	 SYMBOL:	 ARGS:%v_8,
		 6: ATTRASSIGN %self->event %v_9[4.5,] 
		 7: COPY TYPE_PASS def_%v_5 %v_9[4.5,] 
		 8: %v_3[2.5,] 
BB 5
	outgoing: 11 
	datadep: 
	instructions:
		 0: 
BB 6
	outgoing: 7 8 10 
	datadep: 
	instructions:
		 0: def_%v_10 
		 1: def_%v_11 %v_10[6.0,] 
		 2: BRANCH %v_11[6.1,] 
BB 7
	outgoing: 10 12 
	datadep: 
	instructions:
		 0: %v_10[6.0,] 
BB 8
	outgoing: 9 10 
	datadep: 
	instructions:
		 0: 
		 1: %self->events_url def_%v_12 %self[4.6,2.0,] 	 SYMBOL:	 ARGS:
		 2: %self->redirect_to def_%v_13 %self[8.1,4.6,2.0,] %v_12[8.1,] 	 SYMBOL:	 ARGS:%v_12,
		 3: COPY TYPE_PASS def_%v_5 %v_13[8.2,] 
		 4: %v_3[2.5,] 
BB 9
	outgoing: 11 
	datadep: 
	instructions:
		 0: 
BB 10
	outgoing: 12 
	datadep: 
	instructions:
		 0: def_%v_14 
		 1: def_%v_15 %v_14[10.0,] %v_3[2.5,] 
		 2: %v_14[10.0,] 
BB 11
	outgoing: 12 
	datadep: 
	instructions:
		 0: RETURN %v_5[4.7,8.3,] %self[4.6,2.0,] 
BB 12
	outgoing: 
	datadep: 
	instructions:

SET IRMethod, name = new instanceMethod = true
BB 1
	outgoing: 3 2 
	datadep: 
	instructions:
BB 2
	outgoing: 3 
	datadep: 
	instructions:
		 0: def_%self 
		 1: def_%v_0 
		 2: COPY TYPE_CurrentScope def_%current_scope 
		 3: COPY TYPE_ScopeModule def_%current_module 
		 4: 
		 5: 
		 6: GETFIELD %self->event def_%v_3 %self[2.0,] 
		 7: %v_3->rsvps def_%v_4 %v_3[2.6,] 	 SYMBOL:	 ARGS:
		 8: %v_4->new def_%v_5 %v_4[2.7,] 	 SYMBOL:	 ARGS:
		 9: ATTRASSIGN %self->rsvp %v_5[2.8,] 
		 10: 
		 11: %self->ruby_code_from_view def_%v_6 %self[2.0,2.9,] 	 SYMBOL:	 ARGS:
		 12: %v_6->ruby_code_from_view def_%v_7 %v_6[2.11,] %self[2.0,2.9,2.11,] 	 SYMBOL:	 ARGS:%v_6,
CLOSURE BEGIN: %self[2.0,2.9,2.11,] key[] feed[] tab[] f[] 
BB 1
	outgoing: 62 2 
	datadep: 
	instructions:
BB 2
	outgoing: 3 
	datadep: 
	instructions:
		 0: def_%self 
		 1: def_%cl_1_0 
		 2: RECEIVEARG def_rb_from_view 
		 3: COPY TYPE_CurrentScope def_%current_scope 
		 4: COPY TYPE_ScopeModule def_%current_module 
BB 3
	outgoing: 4 5 60 
	datadep: 
	instructions:
		 0: 
		 1: %self->home_url def_%cl_1_3 %self[2.0,] 	 SYMBOL:	 ARGS:
		 2: 
		 3: %self->csrf_meta_tag def_%cl_1_4 %self[3.1,2.0,] 	 SYMBOL:	 ARGS:
		 4: 
		 5: %self->page_title def_%cl_1_5 %self[3.1,3.3,2.0,] 	 SYMBOL:	 ARGS:
		 6: 
		 7: 
		 8: GETFIELD %self->meta def_%cl_1_6 %self[3.1,3.3,3.5,2.0,] 
		 9: BRANCH %cl_1_6[3.8,] 
BB 4
	outgoing: 6 60 
	datadep: 
	instructions:
		 0: GETFIELD %self->meta def_%cl_1_7 %self[2.0,] 
		 1: %cl_1_7->each def_%cl_1_8 %cl_1_7[4.0,] %self[2.0,] 	 SYMBOL:	 ARGS:%cl_1_7,
CLOSURE BEGIN: key[] 
BB 1
	outgoing: 6 2 
	datadep: 
	instructions:
BB 2
	outgoing: 3 
	datadep: 
	instructions:
		 0: def_%self 
		 1: def_%cl_2_0 
		 2: RECEIVEARG def_key 
		 3: COPY TYPE_CurrentScope def_%current_scope 
		 4: COPY TYPE_ScopeModule def_%current_module 
BB 3
	outgoing: 4 6 
	datadep: 
	instructions:
		 0: 
		 1: key->[] def_%cl_2_3 key[2.2,] 	 SYMBOL:	 ARGS:Fixnum,
		 2: 
		 3: key->[] def_%cl_2_4 key[3.1,2.2,] 	 SYMBOL:	 ARGS:Fixnum,
		 4: RETURN %cl_2_4[3.3,] %self[2.0,] 
BB 4
	outgoing: 6 
	datadep: 
	instructions:
		 0: def_%cl_2_5 
		 1: def_%cl_2_6 %cl_2_5[4.0,] 
		 2: RETURN %cl_2_6[4.1,] %self[2.0,] 
BB 6
	outgoing: 
	datadep: 
	instructions:
CLOSURE END: 
		 2: 
BB 5
	outgoing: 6 
	datadep: 
	instructions:
		 0: COPY TYPE_Nil def_%cl_1_8 
BB 6
	outgoing: 7 8 
	datadep: 
	instructions:
		 0: 
		 1: GETFIELD %self->rss_title def_%cl_1_9 %self[2.0,] 
		 2: BRANCH %cl_1_9[6.1,] 
BB 7
	outgoing: 8 
	datadep: 
	instructions:
		 0: GETFIELD %self->rss_url def_%cl_1_10 %self[2.0,] 
		 1: COPY TYPE_PASS def_%cl_1_9 %cl_1_10[7.0,] 
BB 8
	outgoing: 9 10 
	datadep: 
	instructions:
		 0: BRANCH %cl_1_9[7.1,6.1,] 
BB 9
	outgoing: 11 60 
	datadep: 
	instructions:
		 0: 
		 1: GETFIELD %self->rss_url def_%cl_1_11 %self[2.0,] 
		 2: GETFIELD %self->rss_title def_%cl_1_12 %self[2.0,] 
		 3: HASH-title- def_%cl_1_13 %cl_1_12[9.2,] 
		 4: %self->auto_discovery_link_tag def_%cl_1_14 %self[2.0,] %cl_1_11[9.1,] %cl_1_13[9.3,] 	 SYMBOL:rss,	 ARGS:Symbol,%cl_1_11,%cl_1_13,
		 5: 
BB 10
	outgoing: 11 
	datadep: 
	instructions:
		 0: COPY TYPE_Nil def_%cl_1_14 
BB 11
	outgoing: 12 16 60 
	datadep: 
	instructions:
		 0: 
		 1: COPY TYPE_StringLiteral "community_engine" def_%cl_1_15 
		 2: %self->stylesheet_link_tag def_%cl_1_16 %self[2.0,] %cl_1_15[11.1,] 	 SYMBOL:	 ARGS:%cl_1_15,
		 3: 
		 4: %self->forum_page? def_%cl_1_17 %self[11.2,2.0,] 	 SYMBOL:	 ARGS:
		 5: BRANCH %cl_1_17[11.4,] 
BB 12
	outgoing: 13 14 60 
	datadep: 
	instructions:
		 0: 
		 1: GETFIELD %self->feed_icons def_%cl_1_18 %self[2.0,] 
		 2: %cl_1_18->blank? def_%cl_1_19 %cl_1_18[12.1,] 	 SYMBOL:	 ARGS:
		 3: BRANCH %cl_1_19[12.2,] 
BB 13
	outgoing: 15 
	datadep: 
	instructions:
		 0: COPY TYPE_Nil def_%cl_1_20 
		 1: 
BB 14
	outgoing: 15 60 
	datadep: 
	instructions:
		 0: 
		 1: GETFIELD %self->feed_icons def_%cl_1_21 %self[2.0,] 
		 2: %cl_1_21->each def_%cl_1_22 %cl_1_21[14.1,] %self[2.0,] 	 SYMBOL:	 ARGS:%cl_1_21,
CLOSURE BEGIN: feed[] %self[2.0,] 
BB 1
	outgoing: 6 2 
	datadep: 
	instructions:
BB 2
	outgoing: 3 
	datadep: 
	instructions:
		 0: def_%self 
		 1: def_%cl_3_0 
		 2: RECEIVEARG def_feed 
		 3: COPY TYPE_CurrentScope def_%current_scope 
		 4: COPY TYPE_ScopeModule def_%current_module 
BB 3
	outgoing: 4 6 
	datadep: 
	instructions:
		 0: 
		 1: feed->[] def_%cl_3_3 feed[2.2,] 	 SYMBOL:url,	 ARGS:Symbol,
		 2: COPY TYPE_StringLiteral "Subscribe to '" def_%cl_3_4 
		 3: feed->[] def_%cl_3_5 feed[3.1,2.2,] 	 SYMBOL:title,	 ARGS:Symbol,
		 4: COPY TYPE_StringLiteral "'" def_%cl_3_6 
		 5: BUILDSTRING def_%cl_3_7 %cl_3_4[3.2,] %cl_3_5[3.3,] %cl_3_6[3.4,] 
		 6: HASH-title- def_%cl_3_8 %cl_3_7[3.5,] 
		 7: %self->auto_discovery_link_tag def_%cl_3_9 %self[2.0,] %cl_3_3[3.1,] %cl_3_8[3.6,] 	 SYMBOL:rss,	 ARGS:Symbol,%cl_3_3,%cl_3_8,
		 8: RETURN %cl_3_9[3.7,] %self[3.7,2.0,] 
BB 4
	outgoing: 6 
	datadep: 
	instructions:
		 0: def_%cl_3_10 
		 1: def_%cl_3_11 %cl_3_10[4.0,] 
		 2: RETURN %cl_3_11[4.1,] %self[2.0,] 
BB 6
	outgoing: 
	datadep: 
	instructions:
CLOSURE END: 
		 3: COPY TYPE_PASS def_%cl_1_20 %cl_1_22[14.2,] 
BB 15
	outgoing: 17 
	datadep: 
	instructions:
		 0: 
BB 16
	outgoing: 17 
	datadep: 
	instructions:
		 0: COPY TYPE_Nil def_%cl_1_20 
BB 17
	outgoing: 18 19 60 
	datadep: 
	instructions:
		 0: 
		 1: def_%cl_1_23 %cl_1_0[2.1,] 
		 2: 
		 3: %self->configatron def_%cl_1_24 %self[2.0,] 	 SYMBOL:	 ARGS:
		 4: %cl_1_24->auth_providers def_%cl_1_25 %cl_1_24[17.3,] 	 SYMBOL:	 ARGS:
		 5: %cl_1_25->facebook def_%cl_1_26 %cl_1_25[17.4,] 	 SYMBOL:	 ARGS:
		 6: %cl_1_26->key def_%cl_1_27 %cl_1_26[17.5,] 	 SYMBOL:	 ARGS:
		 7: %cl_1_27->blank? def_%cl_1_28 %cl_1_27[17.6,] 	 SYMBOL:	 ARGS:
		 8: BRANCH %cl_1_28[17.7,] 
BB 18
	outgoing: 20 
	datadep: 
	instructions:
		 0: COPY TYPE_Nil def_%cl_1_29 
		 1: 
BB 19
	outgoing: 20 
	datadep: 
	instructions:
		 0: COPY TYPE_Nil def_%cl_1_29 
BB 20
	outgoing: 21 22 60 
	datadep: 
	instructions:
		 0: 
		 1: %self->configatron def_%cl_1_30 %self[2.0,] 	 SYMBOL:	 ARGS:
		 2: %cl_1_30->community_name def_%cl_1_31 %cl_1_30[20.1,] 	 SYMBOL:	 ARGS:
		 3: %self->home_path def_%cl_1_32 %self[20.1,2.0,] 	 SYMBOL:	 ARGS:
		 4: COPY TYPE_StringLiteral "navbar-brand" def_%cl_1_33 
		 5: HASH-class- def_%cl_1_34 %cl_1_33[20.4,] 
		 6: %self->link_to def_%cl_1_35 %self[20.1,20.3,2.0,] %cl_1_31[20.2,] %cl_1_32[20.3,] %cl_1_34[20.5,] 	 SYMBOL:	 ARGS:%cl_1_31,%cl_1_32,%cl_1_34,
		 7: 
		 8: %self->site_clippings_path def_%cl_1_36 %self[20.1,20.3,20.6,2.0,] 	 SYMBOL:	 ARGS:
		 9: %self->current_page? def_%cl_1_37 %self[20.1,20.3,20.6,20.8,2.0,] %cl_1_36[20.8,] 	 SYMBOL:	 ARGS:%cl_1_36,
		 10: BRANCH %cl_1_37[20.9,] 
BB 21
	outgoing: 23 
	datadep: 
	instructions:
		 0: 
		 1: COPY TYPE_StringLiteral "active" def_%cl_1_38 
		 2: COPY TYPE_PASS def_css_class %cl_1_38[21.1,] 
		 3: 
BB 22
	outgoing: 23 
	datadep: 
	instructions:
		 0: 
		 1: COPY TYPE_StringLiteral "inactive" def_%cl_1_39 
		 2: COPY TYPE_PASS def_css_class %cl_1_39[22.1,] 
		 3: COPY TYPE_PASS def_%cl_1_38 %cl_1_39[22.1,] 
BB 23
	outgoing: 24 25 60 
	datadep: 
	instructions:
		 0: 
		 1: 
		 2: CONSTANT def_%cl_1_40 	 SYMBOL:clippings,	 ARGS:
		 3: %self->site_clippings_path def_%cl_1_41 %self[2.0,] 	 SYMBOL:	 ARGS:
		 4: %self->link_to def_%cl_1_42 %self[23.3,2.0,] %cl_1_40[23.2,] %cl_1_41[23.3,] 	 SYMBOL:	 ARGS:%cl_1_40,%cl_1_41,
		 5: 
		 6: %self->params def_%cl_1_43 %self[23.3,23.4,2.0,] 	 SYMBOL:	 ARGS:
		 7: %cl_1_43->[] def_%cl_1_44 %cl_1_43[23.6,] 	 SYMBOL:controller,	 ARGS:Symbol,
		 8: COPY TYPE_StringLiteral "events" def_%cl_1_45 
		 9: %cl_1_44->== def_%cl_1_46 %cl_1_44[23.7,] %cl_1_45[23.8,] 	 SYMBOL:	 ARGS:%cl_1_45,
		 10: BRANCH %cl_1_46[23.9,] 
BB 24
	outgoing: 26 
	datadep: 
	instructions:
		 0: 
		 1: COPY TYPE_StringLiteral "active" def_%cl_1_47 
		 2: COPY TYPE_PASS def_css_class %cl_1_47[24.1,] 
		 3: 
BB 25
	outgoing: 26 
	datadep: 
	instructions:
		 0: 
		 1: COPY TYPE_StringLiteral "inactive" def_%cl_1_48 
		 2: COPY TYPE_PASS def_css_class %cl_1_48[25.1,] 
		 3: COPY TYPE_PASS def_%cl_1_47 %cl_1_48[25.1,] 
BB 26
	outgoing: 27 28 60 
	datadep: 
	instructions:
		 0: 
		 1: 
		 2: CONSTANT def_%cl_1_49 	 SYMBOL:events,	 ARGS:
		 3: %self->events_path def_%cl_1_50 %self[2.0,] 	 SYMBOL:	 ARGS:
		 4: %self->link_to def_%cl_1_51 %self[26.3,2.0,] %cl_1_49[26.2,] %cl_1_50[26.3,] 	 SYMBOL:	 ARGS:%cl_1_49,%cl_1_50,
		 5: 
		 6: %self->params def_%cl_1_52 %self[26.3,26.4,2.0,] 	 SYMBOL:	 ARGS:
		 7: %cl_1_52->[] def_%cl_1_53 %cl_1_52[26.6,] 	 SYMBOL:controller,	 ARGS:Symbol,
		 8: COPY TYPE_StringLiteral "forums" def_%cl_1_54 
		 9: %cl_1_53->== def_%cl_1_55 %cl_1_53[26.7,] %cl_1_54[26.8,] 	 SYMBOL:	 ARGS:%cl_1_54,
		 10: BRANCH %cl_1_55[26.9,] 
BB 27
	outgoing: 29 
	datadep: 
	instructions:
		 0: 
		 1: COPY TYPE_StringLiteral "active" def_%cl_1_56 
		 2: COPY TYPE_PASS def_css_class %cl_1_56[27.1,] 
		 3: 
BB 28
	outgoing: 29 
	datadep: 
	instructions:
		 0: 
		 1: COPY TYPE_StringLiteral "inactive" def_%cl_1_57 
		 2: COPY TYPE_PASS def_css_class %cl_1_57[28.1,] 
		 3: COPY TYPE_PASS def_%cl_1_56 %cl_1_57[28.1,] 
BB 29
	outgoing: 30 31 60 
	datadep: 
	instructions:
		 0: 
		 1: 
		 2: CONSTANT def_%cl_1_58 	 SYMBOL:forums,	 ARGS:
		 3: %self->forums_path def_%cl_1_59 %self[2.0,] 	 SYMBOL:	 ARGS:
		 4: %self->link_to def_%cl_1_60 %self[29.3,2.0,] %cl_1_58[29.2,] %cl_1_59[29.3,] 	 SYMBOL:	 ARGS:%cl_1_58,%cl_1_59,
		 5: 
		 6: %self->popular_path def_%cl_1_61 %self[29.3,29.4,2.0,] 	 SYMBOL:	 ARGS:
		 7: %self->current_page? def_%cl_1_62 %self[29.3,29.4,29.6,2.0,] %cl_1_61[29.6,] 	 SYMBOL:	 ARGS:%cl_1_61,
		 8: BRANCH %cl_1_62[29.7,] 
BB 30
	outgoing: 32 
	datadep: 
	instructions:
		 0: 
		 1: COPY TYPE_StringLiteral "active" def_%cl_1_63 
		 2: COPY TYPE_PASS def_css_class %cl_1_63[30.1,] 
		 3: 
BB 31
	outgoing: 32 
	datadep: 
	instructions:
		 0: 
		 1: COPY TYPE_StringLiteral "inactive" def_%cl_1_64 
		 2: COPY TYPE_PASS def_css_class %cl_1_64[31.1,] 
		 3: COPY TYPE_PASS def_%cl_1_63 %cl_1_64[31.1,] 
BB 32
	outgoing: 33 38 60 
	datadep: 
	instructions:
		 0: 
		 1: 
		 2: CONSTANT def_%cl_1_65 	 SYMBOL:popular,	 ARGS:
		 3: %self->popular_path def_%cl_1_66 %self[2.0,] 	 SYMBOL:	 ARGS:
		 4: %self->link_to def_%cl_1_67 %self[32.3,2.0,] %cl_1_65[32.2,] %cl_1_66[32.3,] 	 SYMBOL:	 ARGS:%cl_1_65,%cl_1_66,
		 5: 
		 6: %self->users_path def_%cl_1_68 %self[32.3,32.4,2.0,] 	 SYMBOL:	 ARGS:
		 7: %self->current_page? def_%cl_1_69 %self[32.3,32.4,32.6,2.0,] %cl_1_68[32.6,] 	 SYMBOL:	 ARGS:%cl_1_68,
		 8: BRANCH %cl_1_69[32.7,] 
BB 33
	outgoing: 34 35 60 
	datadep: 
	instructions:
		 0: %self->params def_%cl_1_70 %self[2.0,] 	 SYMBOL:	 ARGS:
		 1: %cl_1_70->[] def_%cl_1_71 %cl_1_70[33.0,] 	 SYMBOL:controller,	 ARGS:Symbol,
		 2: COPY TYPE_StringLiteral "users" def_%cl_1_72 
		 3: %cl_1_71->== def_%cl_1_73 %cl_1_71[33.1,] %cl_1_72[33.2,] 	 SYMBOL:	 ARGS:%cl_1_72,
		 4: BRANCH %cl_1_73[33.3,] 
BB 34
	outgoing: 35 60 
	datadep: 
	instructions:
		 0: GETFIELD %self->user def_%cl_1_74 %self[2.0,] 
		 1: %cl_1_74->nil? def_%cl_1_75 %cl_1_74[34.0,] 	 SYMBOL:	 ARGS:
		 2: %cl_1_75->! def_%cl_1_76 %cl_1_75[34.1,] 	 SYMBOL:	 ARGS:
		 3: COPY TYPE_PASS def_%cl_1_73 %cl_1_76[34.2,] 
BB 35
	outgoing: 36 37 
	datadep: 
	instructions:
		 0: BRANCH %cl_1_73[34.3,33.3,] 
BB 36
	outgoing: 37 60 
	datadep: 
	instructions:
		 0: GETFIELD %self->user def_%cl_1_77 %self[2.0,] 
		 1: %self->current_user def_%cl_1_78 %self[2.0,] 	 SYMBOL:	 ARGS:
		 2: %cl_1_77->!= def_%cl_1_79 %cl_1_77[36.0,] %cl_1_78[36.1,] 	 SYMBOL:	 ARGS:%cl_1_78,
		 3: COPY TYPE_PASS def_%cl_1_73 %cl_1_79[36.2,] 
BB 37
	outgoing: 38 
	datadep: 
	instructions:
		 0: COPY TYPE_PASS def_%cl_1_69 %cl_1_73[36.3,34.3,33.3,] 
BB 38
	outgoing: 39 40 
	datadep: 
	instructions:
		 0: BRANCH %cl_1_69[37.0,32.7,] 
BB 39
	outgoing: 41 
	datadep: 
	instructions:
		 0: 
		 1: COPY TYPE_StringLiteral "active" def_%cl_1_80 
		 2: COPY TYPE_PASS def_css_class %cl_1_80[39.1,] 
		 3: 
BB 40
	outgoing: 41 
	datadep: 
	instructions:
		 0: 
		 1: COPY TYPE_StringLiteral "inactive" def_%cl_1_81 
		 2: COPY TYPE_PASS def_css_class %cl_1_81[40.1,] 
		 3: COPY TYPE_PASS def_%cl_1_80 %cl_1_81[40.1,] 
BB 41
	outgoing: 42 43 60 
	datadep: 
	instructions:
		 0: 
		 1: 
		 2: CONSTANT def_%cl_1_82 	 SYMBOL:people,	 ARGS:
		 3: %self->users_path def_%cl_1_83 %self[2.0,] 	 SYMBOL:	 ARGS:
		 4: %self->link_to def_%cl_1_84 %self[41.3,2.0,] %cl_1_82[41.2,] %cl_1_83[41.3,] 	 SYMBOL:	 ARGS:%cl_1_82,%cl_1_83,
		 5: 
		 6: GETFIELD %self->header_tabs def_%cl_1_85 %self[41.3,41.4,2.0,] 
		 7: %cl_1_85->any? def_%cl_1_86 %cl_1_85[41.6,] 	 SYMBOL:	 ARGS:
		 8: BRANCH %cl_1_86[41.7,] 
BB 42
	outgoing: 44 60 
	datadep: 
	instructions:
		 0: 
		 1: GETFIELD %self->header_tabs def_%cl_1_88 %self[2.0,] 
		 2: %cl_1_88->each def_%cl_1_87 %cl_1_88[42.1,] %self[2.0,] 	 SYMBOL:	 ARGS:%cl_1_88,
CLOSURE BEGIN: tab[] %self[2.0,] 
BB 1
	outgoing: 4 2 
	datadep: 
	instructions:
BB 2
	outgoing: 4 
	datadep: 
	instructions:
		 0: def_%self 
		 1: def_%cl_4_0 
		 2: RECEIVEARG def_tab 
		 3: COPY TYPE_CurrentScope def_%current_scope 
		 4: COPY TYPE_ScopeModule def_%current_module 
		 5: 
		 6: tab->name def_%cl_4_3 tab[2.2,] 	 SYMBOL:	 ARGS:
		 7: tab->url def_%cl_4_4 tab[2.2,2.6,] 	 SYMBOL:	 ARGS:
		 8: %self->link_to def_%cl_4_5 %self[2.0,] %cl_4_3[2.6,] %cl_4_4[2.7,] 	 SYMBOL:	 ARGS:%cl_4_3,%cl_4_4,
		 9: RETURN %cl_4_5[2.8,] %self[2.0,2.8,] 
BB 4
	outgoing: 
	datadep: 
	instructions:
CLOSURE END: tab[2.2,] 
		 3: 
BB 43
	outgoing: 44 
	datadep: 
	instructions:
		 0: COPY TYPE_Nil def_%cl_1_87 
BB 44
	outgoing: 45 52 60 
	datadep: 
	instructions:
		 0: 
		 1: %self->logged_in? def_%cl_1_89 %self[2.0,] 	 SYMBOL:	 ARGS:
		 2: BRANCH %cl_1_89[44.1,] 
BB 45
	outgoing: 46 50 60 
	datadep: 
	instructions:
		 0: 
		 1: %self->current_user def_%cl_1_90 %self[2.0,] 	 SYMBOL:	 ARGS:
		 2: %cl_1_90->unread_messages? def_%cl_1_91 %cl_1_90[45.1,] 	 SYMBOL:	 ARGS:
		 3: BRANCH %cl_1_91[45.2,] 
BB 46
	outgoing: 47 48 60 
	datadep: 
	instructions:
		 0: 
		 1: %self->params def_%cl_1_92 %self[2.0,] 	 SYMBOL:	 ARGS:
		 2: %cl_1_92->[] def_%cl_1_93 %cl_1_92[46.1,] 	 SYMBOL:controller,	 ARGS:Symbol,
		 3: COPY TYPE_StringLiteral "messages" def_%cl_1_94 
		 4: %cl_1_93->== def_%cl_1_95 %cl_1_93[46.2,] %cl_1_94[46.3,] 	 SYMBOL:	 ARGS:%cl_1_94,
		 5: BRANCH %cl_1_95[46.4,] 
BB 47
	outgoing: 49 
	datadep: 
	instructions:
		 0: 
		 1: COPY TYPE_StringLiteral "active" def_%cl_1_96 
		 2: COPY TYPE_PASS def_css_class %cl_1_96[47.1,] 
		 3: 
BB 48
	outgoing: 49 
	datadep: 
	instructions:
		 0: 
		 1: COPY TYPE_StringLiteral "inactive" def_%cl_1_97 
		 2: COPY TYPE_PASS def_css_class %cl_1_97[48.1,] 
		 3: COPY TYPE_PASS def_%cl_1_96 %cl_1_97[48.1,] 
BB 49
	outgoing: 51 60 
	datadep: 
	instructions:
		 0: 
		 1: 
		 2: %self->current_user def_%cl_1_98 %self[2.0,] 	 SYMBOL:	 ARGS:
		 3: %self->user_messages_path def_%cl_1_99 %self[49.2,2.0,] %cl_1_98[49.2,] 	 SYMBOL:	 ARGS:%cl_1_98,
		 4: 
		 5: %self->current_user def_%cl_1_100 %self[49.2,49.3,2.0,] 	 SYMBOL:	 ARGS:
		 6: %cl_1_100->unread_message_count def_%cl_1_101 %cl_1_100[49.5,] 	 SYMBOL:	 ARGS:
		 7: 
		 8: COPY TYPE_StringLiteral "envelope inverse" def_%cl_1_102 
		 9: %self->fa_icon def_%cl_1_103 %self[49.2,49.3,49.5,2.0,] %cl_1_102[49.8,] 	 SYMBOL:	 ARGS:%cl_1_102,
		 10: 
BB 50
	outgoing: 51 
	datadep: 
	instructions:
		 0: COPY TYPE_Nil def_%cl_1_103 
BB 51
	outgoing: 53 
	datadep: 
	instructions:
		 0: 
BB 52
	outgoing: 53 
	datadep: 
	instructions:
		 0: COPY TYPE_Nil def_%cl_1_103 
BB 53
	outgoing: 54 55 60 
	datadep: 
	instructions:
		 0: 
		 1: %self->render_jumbotron def_%cl_1_104 %self[2.0,] 	 SYMBOL:	 ARGS:
		 2: 
		 3: %self->container_title def_%cl_1_105 %self[53.1,2.0,] 	 SYMBOL:	 ARGS:
		 4: 
		 5: CONSTANT def_%cl_1_106 	 SYMBOL:rsvp_for,	 ARGS:
		 6: COPY TYPE_StringLiteral " " def_%cl_1_107 
		 7: %cl_1_106->+ def_%cl_1_108 %cl_1_106[53.5,] %cl_1_107[53.6,] 	 SYMBOL:	 ARGS:%cl_1_107,
		 8: GETFIELD %self->event def_%cl_1_109 %self[53.1,53.3,2.0,] 
		 9: %cl_1_109->name def_%cl_1_110 %cl_1_109[53.8,] 	 SYMBOL:	 ARGS:
		 10: %cl_1_108->+ def_%cl_1_111 %cl_1_108[53.7,] %cl_1_110[53.9,] 	 SYMBOL:	 ARGS:%cl_1_110,
		 11: ATTRASSIGN %self->page_title %cl_1_111[53.10,] 
		 12: 
		 13: GETFIELD %self->event def_%cl_1_112 %self[53.1,53.3,2.0,] 
		 14: GETFIELD %self->rsvp def_%cl_1_113 %self[53.1,53.3,2.0,] 
		 15: COPY TYPE_Array def_%cl_1_114 %cl_1_112[53.13,] %cl_1_113[53.14,] 
		 16: HASH-layout- def_%cl_1_115 
		 17: %self->bootstrap_form_for def_%cl_1_116 %self[53.1,53.3,53.11,2.0,] %cl_1_114[53.15,] %cl_1_115[53.16,] %self[53.1,53.3,53.11,2.0,] 	 SYMBOL:	 ARGS:%cl_1_114,%cl_1_115,%self,
CLOSURE BEGIN: f[] 
BB 1
	outgoing: 6 2 
	datadep: 
	instructions:
BB 2
	outgoing: 3 
	datadep: 
	instructions:
		 0: def_%self 
		 1: def_%cl_5_0 
		 2: RECEIVEARG def_f 
		 3: COPY TYPE_CurrentScope def_%current_scope 
		 4: COPY TYPE_ScopeModule def_%current_module 
BB 3
	outgoing: 4 6 
	datadep: 
	instructions:
		 0: 
		 1: CONSTANT def_%cl_5_3 	 SYMBOL:number_of_attendees,	 ARGS:
		 2: HASH-label- def_%cl_5_4 %cl_5_3[3.1,] 
		 3: f->text_field def_%cl_5_5 f[2.2,] %cl_5_4[3.2,] 	 SYMBOL:attendees_count,	 ARGS:Symbol,%cl_5_4,
		 4: 
		 5: CONSTANT def_%cl_5_6 	 SYMBOL:update,	 ARGS:
		 6: f->primary def_%cl_5_7 f[3.3,2.2,] %cl_5_6[3.5,] 	 SYMBOL:	 ARGS:%cl_5_6,
		 7: RETURN %cl_5_7[3.6,] %self[2.0,] 
BB 4
	outgoing: 6 
	datadep: 
	instructions:
		 0: def_%cl_5_8 
		 1: def_%cl_5_9 %cl_5_8[4.0,] 
		 2: RETURN %cl_5_9[4.1,] %self[2.0,] 
BB 6
	outgoing: 
	datadep: 
	instructions:
CLOSURE END: 
		 18: 
		 19: %self->render_widgets def_%cl_1_117 %self[53.1,53.3,53.11,53.17,2.0,] 	 SYMBOL:	 ARGS:
		 20: 
		 21: %self->show_footer_content? def_%cl_1_118 %self[53.1,53.3,53.11,53.17,53.19,2.0,] 	 SYMBOL:	 ARGS:
		 22: BRANCH %cl_1_118[53.21,] 
BB 54
	outgoing: 56 60 
	datadep: 
	instructions:
		 0: 
		 1: COPY TYPE_StringLiteral "spinner.gif" def_%cl_1_119 
		 2: COPY TYPE_StringLiteral "community_engine" def_%cl_1_120 
		 3: HASH-plugin- def_%cl_1_121 %cl_1_120[54.2,] 
		 4: %self->image_tag def_%cl_1_122 %self[53.11,2.0,] %cl_1_119[54.1,] %cl_1_121[54.3,] 	 SYMBOL:	 ARGS:%cl_1_119,%cl_1_121,
		 5: 
		 6: CONSTANT def_%cl_1_123 	 SYMBOL:loading_recent_content,	 ARGS:
		 7: 
BB 55
	outgoing: 56 
	datadep: 
	instructions:
		 0: COPY TYPE_Nil def_%cl_1_123 
BB 56
	outgoing: 57 58 60 
	datadep: 
	instructions:
		 0: 
		 1: CONSTANT def_%cl_1_124 	 SYMBOL:community_tagline,	 ARGS:
		 2: 
		 3: COPY TYPE_StringLiteral "community_engine" def_%cl_1_125 
		 4: %self->javascript_include_tag def_%cl_1_126 %self[53.11,2.0,] %cl_1_125[56.3,] 	 SYMBOL:	 ARGS:%cl_1_125,
		 5: 
		 6: %self->tiny_mce_init_if_needed def_%cl_1_127 %self[56.4,53.11,2.0,] 	 SYMBOL:	 ARGS:
		 7: 
		 8: %self->show_footer_content? def_%cl_1_128 %self[56.4,56.6,53.11,2.0,] 	 SYMBOL:	 ARGS:
		 9: BRANCH %cl_1_128[56.8,] 
BB 57
	outgoing: 59 
	datadep: 
	instructions:
		 0: COPY TYPE_Nil def_%cl_1_129 
		 1: 
BB 58
	outgoing: 59 
	datadep: 
	instructions:
		 0: COPY TYPE_Nil def_%cl_1_129 
BB 59
	outgoing: 60 62 
	datadep: 
	instructions:
		 0: 
		 1: def_%cl_1_130 %cl_1_0[2.1,] 
		 2: RETURN %cl_1_130[59.1,] %self[53.11,2.0,] 
BB 60
	outgoing: 62 
	datadep: 
	instructions:
		 0: def_%cl_1_131 
		 1: def_%cl_1_132 %cl_1_131[60.0,] 
		 2: RETURN %cl_1_132[60.1,] %self[53.11,2.0,] 
BB 62
	outgoing: 
	datadep: 
	instructions:
CLOSURE END: css_class[22.2,21.2,25.2,24.2,28.2,27.2,31.2,30.2,40.2,39.2,48.2,47.2,] 
		 13: RETURN %v_7[2.12,] %self[2.0,2.9,2.11,] 
BB 3
	outgoing: 
	datadep: 
	instructions:

SET IRMethod, name = edit instanceMethod = true
BB 1
	outgoing: 3 2 
	datadep: 
	instructions:
BB 2
	outgoing: 3 
	datadep: 
	instructions:
		 0: def_%self 
		 1: def_%v_0 
		 2: COPY TYPE_CurrentScope def_%current_scope 
		 3: COPY TYPE_ScopeModule def_%current_module 
		 4: 
		 5: 
		 6: %self->ruby_code_from_view def_%v_3 %self[2.0,] 	 SYMBOL:	 ARGS:
		 7: %v_3->ruby_code_from_view def_%v_4 %v_3[2.6,] %self[2.0,2.6,] 	 SYMBOL:	 ARGS:%v_3,
CLOSURE BEGIN: %self[2.0,2.6,] key[] feed[] tab[] f[] 
BB 1
	outgoing: 62 2 
	datadep: 
	instructions:
BB 2
	outgoing: 3 
	datadep: 
	instructions:
		 0: def_%self 
		 1: def_%cl_1_0 
		 2: RECEIVEARG def_rb_from_view 
		 3: COPY TYPE_CurrentScope def_%current_scope 
		 4: COPY TYPE_ScopeModule def_%current_module 
BB 3
	outgoing: 4 5 60 
	datadep: 
	instructions:
		 0: 
		 1: %self->home_url def_%cl_1_3 %self[2.0,] 	 SYMBOL:	 ARGS:
		 2: 
		 3: %self->csrf_meta_tag def_%cl_1_4 %self[3.1,2.0,] 	 SYMBOL:	 ARGS:
		 4: 
		 5: %self->page_title def_%cl_1_5 %self[3.1,3.3,2.0,] 	 SYMBOL:	 ARGS:
		 6: 
		 7: 
		 8: GETFIELD %self->meta def_%cl_1_6 %self[3.1,3.3,3.5,2.0,] 
		 9: BRANCH %cl_1_6[3.8,] 
BB 4
	outgoing: 6 60 
	datadep: 
	instructions:
		 0: GETFIELD %self->meta def_%cl_1_7 %self[2.0,] 
		 1: %cl_1_7->each def_%cl_1_8 %cl_1_7[4.0,] %self[2.0,] 	 SYMBOL:	 ARGS:%cl_1_7,
CLOSURE BEGIN: key[] 
BB 1
	outgoing: 6 2 
	datadep: 
	instructions:
BB 2
	outgoing: 3 
	datadep: 
	instructions:
		 0: def_%self 
		 1: def_%cl_2_0 
		 2: RECEIVEARG def_key 
		 3: COPY TYPE_CurrentScope def_%current_scope 
		 4: COPY TYPE_ScopeModule def_%current_module 
BB 3
	outgoing: 4 6 
	datadep: 
	instructions:
		 0: 
		 1: key->[] def_%cl_2_3 key[2.2,] 	 SYMBOL:	 ARGS:Fixnum,
		 2: 
		 3: key->[] def_%cl_2_4 key[3.1,2.2,] 	 SYMBOL:	 ARGS:Fixnum,
		 4: RETURN %cl_2_4[3.3,] %self[2.0,] 
BB 4
	outgoing: 6 
	datadep: 
	instructions:
		 0: def_%cl_2_5 
		 1: def_%cl_2_6 %cl_2_5[4.0,] 
		 2: RETURN %cl_2_6[4.1,] %self[2.0,] 
BB 6
	outgoing: 
	datadep: 
	instructions:
CLOSURE END: 
		 2: 
BB 5
	outgoing: 6 
	datadep: 
	instructions:
		 0: COPY TYPE_Nil def_%cl_1_8 
BB 6
	outgoing: 7 8 
	datadep: 
	instructions:
		 0: 
		 1: GETFIELD %self->rss_title def_%cl_1_9 %self[2.0,] 
		 2: BRANCH %cl_1_9[6.1,] 
BB 7
	outgoing: 8 
	datadep: 
	instructions:
		 0: GETFIELD %self->rss_url def_%cl_1_10 %self[2.0,] 
		 1: COPY TYPE_PASS def_%cl_1_9 %cl_1_10[7.0,] 
BB 8
	outgoing: 9 10 
	datadep: 
	instructions:
		 0: BRANCH %cl_1_9[7.1,6.1,] 
BB 9
	outgoing: 11 60 
	datadep: 
	instructions:
		 0: 
		 1: GETFIELD %self->rss_url def_%cl_1_11 %self[2.0,] 
		 2: GETFIELD %self->rss_title def_%cl_1_12 %self[2.0,] 
		 3: HASH-title- def_%cl_1_13 %cl_1_12[9.2,] 
		 4: %self->auto_discovery_link_tag def_%cl_1_14 %self[2.0,] %cl_1_11[9.1,] %cl_1_13[9.3,] 	 SYMBOL:rss,	 ARGS:Symbol,%cl_1_11,%cl_1_13,
		 5: 
BB 10
	outgoing: 11 
	datadep: 
	instructions:
		 0: COPY TYPE_Nil def_%cl_1_14 
BB 11
	outgoing: 12 16 60 
	datadep: 
	instructions:
		 0: 
		 1: COPY TYPE_StringLiteral "community_engine" def_%cl_1_15 
		 2: %self->stylesheet_link_tag def_%cl_1_16 %self[2.0,] %cl_1_15[11.1,] 	 SYMBOL:	 ARGS:%cl_1_15,
		 3: 
		 4: %self->forum_page? def_%cl_1_17 %self[11.2,2.0,] 	 SYMBOL:	 ARGS:
		 5: BRANCH %cl_1_17[11.4,] 
BB 12
	outgoing: 13 14 60 
	datadep: 
	instructions:
		 0: 
		 1: GETFIELD %self->feed_icons def_%cl_1_18 %self[2.0,] 
		 2: %cl_1_18->blank? def_%cl_1_19 %cl_1_18[12.1,] 	 SYMBOL:	 ARGS:
		 3: BRANCH %cl_1_19[12.2,] 
BB 13
	outgoing: 15 
	datadep: 
	instructions:
		 0: COPY TYPE_Nil def_%cl_1_20 
		 1: 
BB 14
	outgoing: 15 60 
	datadep: 
	instructions:
		 0: 
		 1: GETFIELD %self->feed_icons def_%cl_1_21 %self[2.0,] 
		 2: %cl_1_21->each def_%cl_1_22 %cl_1_21[14.1,] %self[2.0,] 	 SYMBOL:	 ARGS:%cl_1_21,
CLOSURE BEGIN: feed[] %self[2.0,] 
BB 1
	outgoing: 6 2 
	datadep: 
	instructions:
BB 2
	outgoing: 3 
	datadep: 
	instructions:
		 0: def_%self 
		 1: def_%cl_3_0 
		 2: RECEIVEARG def_feed 
		 3: COPY TYPE_CurrentScope def_%current_scope 
		 4: COPY TYPE_ScopeModule def_%current_module 
BB 3
	outgoing: 4 6 
	datadep: 
	instructions:
		 0: 
		 1: feed->[] def_%cl_3_3 feed[2.2,] 	 SYMBOL:url,	 ARGS:Symbol,
		 2: COPY TYPE_StringLiteral "Subscribe to '" def_%cl_3_4 
		 3: feed->[] def_%cl_3_5 feed[3.1,2.2,] 	 SYMBOL:title,	 ARGS:Symbol,
		 4: COPY TYPE_StringLiteral "'" def_%cl_3_6 
		 5: BUILDSTRING def_%cl_3_7 %cl_3_4[3.2,] %cl_3_5[3.3,] %cl_3_6[3.4,] 
		 6: HASH-title- def_%cl_3_8 %cl_3_7[3.5,] 
		 7: %self->auto_discovery_link_tag def_%cl_3_9 %self[2.0,] %cl_3_3[3.1,] %cl_3_8[3.6,] 	 SYMBOL:rss,	 ARGS:Symbol,%cl_3_3,%cl_3_8,
		 8: RETURN %cl_3_9[3.7,] %self[3.7,2.0,] 
BB 4
	outgoing: 6 
	datadep: 
	instructions:
		 0: def_%cl_3_10 
		 1: def_%cl_3_11 %cl_3_10[4.0,] 
		 2: RETURN %cl_3_11[4.1,] %self[2.0,] 
BB 6
	outgoing: 
	datadep: 
	instructions:
CLOSURE END: 
		 3: COPY TYPE_PASS def_%cl_1_20 %cl_1_22[14.2,] 
BB 15
	outgoing: 17 
	datadep: 
	instructions:
		 0: 
BB 16
	outgoing: 17 
	datadep: 
	instructions:
		 0: COPY TYPE_Nil def_%cl_1_20 
BB 17
	outgoing: 18 19 60 
	datadep: 
	instructions:
		 0: 
		 1: def_%cl_1_23 %cl_1_0[2.1,] 
		 2: 
		 3: %self->configatron def_%cl_1_24 %self[2.0,] 	 SYMBOL:	 ARGS:
		 4: %cl_1_24->auth_providers def_%cl_1_25 %cl_1_24[17.3,] 	 SYMBOL:	 ARGS:
		 5: %cl_1_25->facebook def_%cl_1_26 %cl_1_25[17.4,] 	 SYMBOL:	 ARGS:
		 6: %cl_1_26->key def_%cl_1_27 %cl_1_26[17.5,] 	 SYMBOL:	 ARGS:
		 7: %cl_1_27->blank? def_%cl_1_28 %cl_1_27[17.6,] 	 SYMBOL:	 ARGS:
		 8: BRANCH %cl_1_28[17.7,] 
BB 18
	outgoing: 20 
	datadep: 
	instructions:
		 0: COPY TYPE_Nil def_%cl_1_29 
		 1: 
BB 19
	outgoing: 20 
	datadep: 
	instructions:
		 0: COPY TYPE_Nil def_%cl_1_29 
BB 20
	outgoing: 21 22 60 
	datadep: 
	instructions:
		 0: 
		 1: %self->configatron def_%cl_1_30 %self[2.0,] 	 SYMBOL:	 ARGS:
		 2: %cl_1_30->community_name def_%cl_1_31 %cl_1_30[20.1,] 	 SYMBOL:	 ARGS:
		 3: %self->home_path def_%cl_1_32 %self[20.1,2.0,] 	 SYMBOL:	 ARGS:
		 4: COPY TYPE_StringLiteral "navbar-brand" def_%cl_1_33 
		 5: HASH-class- def_%cl_1_34 %cl_1_33[20.4,] 
		 6: %self->link_to def_%cl_1_35 %self[20.1,20.3,2.0,] %cl_1_31[20.2,] %cl_1_32[20.3,] %cl_1_34[20.5,] 	 SYMBOL:	 ARGS:%cl_1_31,%cl_1_32,%cl_1_34,
		 7: 
		 8: %self->site_clippings_path def_%cl_1_36 %self[20.1,20.3,20.6,2.0,] 	 SYMBOL:	 ARGS:
		 9: %self->current_page? def_%cl_1_37 %self[20.1,20.3,20.6,20.8,2.0,] %cl_1_36[20.8,] 	 SYMBOL:	 ARGS:%cl_1_36,
		 10: BRANCH %cl_1_37[20.9,] 
BB 21
	outgoing: 23 
	datadep: 
	instructions:
		 0: 
		 1: COPY TYPE_StringLiteral "active" def_%cl_1_38 
		 2: COPY TYPE_PASS def_css_class %cl_1_38[21.1,] 
		 3: 
BB 22
	outgoing: 23 
	datadep: 
	instructions:
		 0: 
		 1: COPY TYPE_StringLiteral "inactive" def_%cl_1_39 
		 2: COPY TYPE_PASS def_css_class %cl_1_39[22.1,] 
		 3: COPY TYPE_PASS def_%cl_1_38 %cl_1_39[22.1,] 
BB 23
	outgoing: 24 25 60 
	datadep: 
	instructions:
		 0: 
		 1: 
		 2: CONSTANT def_%cl_1_40 	 SYMBOL:clippings,	 ARGS:
		 3: %self->site_clippings_path def_%cl_1_41 %self[2.0,] 	 SYMBOL:	 ARGS:
		 4: %self->link_to def_%cl_1_42 %self[23.3,2.0,] %cl_1_40[23.2,] %cl_1_41[23.3,] 	 SYMBOL:	 ARGS:%cl_1_40,%cl_1_41,
		 5: 
		 6: %self->params def_%cl_1_43 %self[23.3,23.4,2.0,] 	 SYMBOL:	 ARGS:
		 7: %cl_1_43->[] def_%cl_1_44 %cl_1_43[23.6,] 	 SYMBOL:controller,	 ARGS:Symbol,
		 8: COPY TYPE_StringLiteral "events" def_%cl_1_45 
		 9: %cl_1_44->== def_%cl_1_46 %cl_1_44[23.7,] %cl_1_45[23.8,] 	 SYMBOL:	 ARGS:%cl_1_45,
		 10: BRANCH %cl_1_46[23.9,] 
BB 24
	outgoing: 26 
	datadep: 
	instructions:
		 0: 
		 1: COPY TYPE_StringLiteral "active" def_%cl_1_47 
		 2: COPY TYPE_PASS def_css_class %cl_1_47[24.1,] 
		 3: 
BB 25
	outgoing: 26 
	datadep: 
	instructions:
		 0: 
		 1: COPY TYPE_StringLiteral "inactive" def_%cl_1_48 
		 2: COPY TYPE_PASS def_css_class %cl_1_48[25.1,] 
		 3: COPY TYPE_PASS def_%cl_1_47 %cl_1_48[25.1,] 
BB 26
	outgoing: 27 28 60 
	datadep: 
	instructions:
		 0: 
		 1: 
		 2: CONSTANT def_%cl_1_49 	 SYMBOL:events,	 ARGS:
		 3: %self->events_path def_%cl_1_50 %self[2.0,] 	 SYMBOL:	 ARGS:
		 4: %self->link_to def_%cl_1_51 %self[26.3,2.0,] %cl_1_49[26.2,] %cl_1_50[26.3,] 	 SYMBOL:	 ARGS:%cl_1_49,%cl_1_50,
		 5: 
		 6: %self->params def_%cl_1_52 %self[26.3,26.4,2.0,] 	 SYMBOL:	 ARGS:
		 7: %cl_1_52->[] def_%cl_1_53 %cl_1_52[26.6,] 	 SYMBOL:controller,	 ARGS:Symbol,
		 8: COPY TYPE_StringLiteral "forums" def_%cl_1_54 
		 9: %cl_1_53->== def_%cl_1_55 %cl_1_53[26.7,] %cl_1_54[26.8,] 	 SYMBOL:	 ARGS:%cl_1_54,
		 10: BRANCH %cl_1_55[26.9,] 
BB 27
	outgoing: 29 
	datadep: 
	instructions:
		 0: 
		 1: COPY TYPE_StringLiteral "active" def_%cl_1_56 
		 2: COPY TYPE_PASS def_css_class %cl_1_56[27.1,] 
		 3: 
BB 28
	outgoing: 29 
	datadep: 
	instructions:
		 0: 
		 1: COPY TYPE_StringLiteral "inactive" def_%cl_1_57 
		 2: COPY TYPE_PASS def_css_class %cl_1_57[28.1,] 
		 3: COPY TYPE_PASS def_%cl_1_56 %cl_1_57[28.1,] 
BB 29
	outgoing: 30 31 60 
	datadep: 
	instructions:
		 0: 
		 1: 
		 2: CONSTANT def_%cl_1_58 	 SYMBOL:forums,	 ARGS:
		 3: %self->forums_path def_%cl_1_59 %self[2.0,] 	 SYMBOL:	 ARGS:
		 4: %self->link_to def_%cl_1_60 %self[29.3,2.0,] %cl_1_58[29.2,] %cl_1_59[29.3,] 	 SYMBOL:	 ARGS:%cl_1_58,%cl_1_59,
		 5: 
		 6: %self->popular_path def_%cl_1_61 %self[29.3,29.4,2.0,] 	 SYMBOL:	 ARGS:
		 7: %self->current_page? def_%cl_1_62 %self[29.3,29.4,29.6,2.0,] %cl_1_61[29.6,] 	 SYMBOL:	 ARGS:%cl_1_61,
		 8: BRANCH %cl_1_62[29.7,] 
BB 30
	outgoing: 32 
	datadep: 
	instructions:
		 0: 
		 1: COPY TYPE_StringLiteral "active" def_%cl_1_63 
		 2: COPY TYPE_PASS def_css_class %cl_1_63[30.1,] 
		 3: 
BB 31
	outgoing: 32 
	datadep: 
	instructions:
		 0: 
		 1: COPY TYPE_StringLiteral "inactive" def_%cl_1_64 
		 2: COPY TYPE_PASS def_css_class %cl_1_64[31.1,] 
		 3: COPY TYPE_PASS def_%cl_1_63 %cl_1_64[31.1,] 
BB 32
	outgoing: 33 38 60 
	datadep: 
	instructions:
		 0: 
		 1: 
		 2: CONSTANT def_%cl_1_65 	 SYMBOL:popular,	 ARGS:
		 3: %self->popular_path def_%cl_1_66 %self[2.0,] 	 SYMBOL:	 ARGS:
		 4: %self->link_to def_%cl_1_67 %self[32.3,2.0,] %cl_1_65[32.2,] %cl_1_66[32.3,] 	 SYMBOL:	 ARGS:%cl_1_65,%cl_1_66,
		 5: 
		 6: %self->users_path def_%cl_1_68 %self[32.3,32.4,2.0,] 	 SYMBOL:	 ARGS:
		 7: %self->current_page? def_%cl_1_69 %self[32.3,32.4,32.6,2.0,] %cl_1_68[32.6,] 	 SYMBOL:	 ARGS:%cl_1_68,
		 8: BRANCH %cl_1_69[32.7,] 
BB 33
	outgoing: 34 35 60 
	datadep: 
	instructions:
		 0: %self->params def_%cl_1_70 %self[2.0,] 	 SYMBOL:	 ARGS:
		 1: %cl_1_70->[] def_%cl_1_71 %cl_1_70[33.0,] 	 SYMBOL:controller,	 ARGS:Symbol,
		 2: COPY TYPE_StringLiteral "users" def_%cl_1_72 
		 3: %cl_1_71->== def_%cl_1_73 %cl_1_71[33.1,] %cl_1_72[33.2,] 	 SYMBOL:	 ARGS:%cl_1_72,
		 4: BRANCH %cl_1_73[33.3,] 
BB 34
	outgoing: 35 60 
	datadep: 
	instructions:
		 0: GETFIELD %self->user def_%cl_1_74 %self[2.0,] 
		 1: %cl_1_74->nil? def_%cl_1_75 %cl_1_74[34.0,] 	 SYMBOL:	 ARGS:
		 2: %cl_1_75->! def_%cl_1_76 %cl_1_75[34.1,] 	 SYMBOL:	 ARGS:
		 3: COPY TYPE_PASS def_%cl_1_73 %cl_1_76[34.2,] 
BB 35
	outgoing: 36 37 
	datadep: 
	instructions:
		 0: BRANCH %cl_1_73[34.3,33.3,] 
BB 36
	outgoing: 37 60 
	datadep: 
	instructions:
		 0: GETFIELD %self->user def_%cl_1_77 %self[2.0,] 
		 1: %self->current_user def_%cl_1_78 %self[2.0,] 	 SYMBOL:	 ARGS:
		 2: %cl_1_77->!= def_%cl_1_79 %cl_1_77[36.0,] %cl_1_78[36.1,] 	 SYMBOL:	 ARGS:%cl_1_78,
		 3: COPY TYPE_PASS def_%cl_1_73 %cl_1_79[36.2,] 
BB 37
	outgoing: 38 
	datadep: 
	instructions:
		 0: COPY TYPE_PASS def_%cl_1_69 %cl_1_73[36.3,34.3,33.3,] 
BB 38
	outgoing: 39 40 
	datadep: 
	instructions:
		 0: BRANCH %cl_1_69[37.0,32.7,] 
BB 39
	outgoing: 41 
	datadep: 
	instructions:
		 0: 
		 1: COPY TYPE_StringLiteral "active" def_%cl_1_80 
		 2: COPY TYPE_PASS def_css_class %cl_1_80[39.1,] 
		 3: 
BB 40
	outgoing: 41 
	datadep: 
	instructions:
		 0: 
		 1: COPY TYPE_StringLiteral "inactive" def_%cl_1_81 
		 2: COPY TYPE_PASS def_css_class %cl_1_81[40.1,] 
		 3: COPY TYPE_PASS def_%cl_1_80 %cl_1_81[40.1,] 
BB 41
	outgoing: 42 43 60 
	datadep: 
	instructions:
		 0: 
		 1: 
		 2: CONSTANT def_%cl_1_82 	 SYMBOL:people,	 ARGS:
		 3: %self->users_path def_%cl_1_83 %self[2.0,] 	 SYMBOL:	 ARGS:
		 4: %self->link_to def_%cl_1_84 %self[41.3,2.0,] %cl_1_82[41.2,] %cl_1_83[41.3,] 	 SYMBOL:	 ARGS:%cl_1_82,%cl_1_83,
		 5: 
		 6: GETFIELD %self->header_tabs def_%cl_1_85 %self[41.3,41.4,2.0,] 
		 7: %cl_1_85->any? def_%cl_1_86 %cl_1_85[41.6,] 	 SYMBOL:	 ARGS:
		 8: BRANCH %cl_1_86[41.7,] 
BB 42
	outgoing: 44 60 
	datadep: 
	instructions:
		 0: 
		 1: GETFIELD %self->header_tabs def_%cl_1_88 %self[2.0,] 
		 2: %cl_1_88->each def_%cl_1_87 %cl_1_88[42.1,] %self[2.0,] 	 SYMBOL:	 ARGS:%cl_1_88,
CLOSURE BEGIN: tab[] %self[2.0,] 
BB 1
	outgoing: 4 2 
	datadep: 
	instructions:
BB 2
	outgoing: 4 
	datadep: 
	instructions:
		 0: def_%self 
		 1: def_%cl_4_0 
		 2: RECEIVEARG def_tab 
		 3: COPY TYPE_CurrentScope def_%current_scope 
		 4: COPY TYPE_ScopeModule def_%current_module 
		 5: 
		 6: tab->name def_%cl_4_3 tab[2.2,] 	 SYMBOL:	 ARGS:
		 7: tab->url def_%cl_4_4 tab[2.2,2.6,] 	 SYMBOL:	 ARGS:
		 8: %self->link_to def_%cl_4_5 %self[2.0,] %cl_4_3[2.6,] %cl_4_4[2.7,] 	 SYMBOL:	 ARGS:%cl_4_3,%cl_4_4,
		 9: RETURN %cl_4_5[2.8,] %self[2.0,2.8,] 
BB 4
	outgoing: 
	datadep: 
	instructions:
CLOSURE END: tab[2.2,] 
		 3: 
BB 43
	outgoing: 44 
	datadep: 
	instructions:
		 0: COPY TYPE_Nil def_%cl_1_87 
BB 44
	outgoing: 45 52 60 
	datadep: 
	instructions:
		 0: 
		 1: %self->logged_in? def_%cl_1_89 %self[2.0,] 	 SYMBOL:	 ARGS:
		 2: BRANCH %cl_1_89[44.1,] 
BB 45
	outgoing: 46 50 60 
	datadep: 
	instructions:
		 0: 
		 1: %self->current_user def_%cl_1_90 %self[2.0,] 	 SYMBOL:	 ARGS:
		 2: %cl_1_90->unread_messages? def_%cl_1_91 %cl_1_90[45.1,] 	 SYMBOL:	 ARGS:
		 3: BRANCH %cl_1_91[45.2,] 
BB 46
	outgoing: 47 48 60 
	datadep: 
	instructions:
		 0: 
		 1: %self->params def_%cl_1_92 %self[2.0,] 	 SYMBOL:	 ARGS:
		 2: %cl_1_92->[] def_%cl_1_93 %cl_1_92[46.1,] 	 SYMBOL:controller,	 ARGS:Symbol,
		 3: COPY TYPE_StringLiteral "messages" def_%cl_1_94 
		 4: %cl_1_93->== def_%cl_1_95 %cl_1_93[46.2,] %cl_1_94[46.3,] 	 SYMBOL:	 ARGS:%cl_1_94,
		 5: BRANCH %cl_1_95[46.4,] 
BB 47
	outgoing: 49 
	datadep: 
	instructions:
		 0: 
		 1: COPY TYPE_StringLiteral "active" def_%cl_1_96 
		 2: COPY TYPE_PASS def_css_class %cl_1_96[47.1,] 
		 3: 
BB 48
	outgoing: 49 
	datadep: 
	instructions:
		 0: 
		 1: COPY TYPE_StringLiteral "inactive" def_%cl_1_97 
		 2: COPY TYPE_PASS def_css_class %cl_1_97[48.1,] 
		 3: COPY TYPE_PASS def_%cl_1_96 %cl_1_97[48.1,] 
BB 49
	outgoing: 51 60 
	datadep: 
	instructions:
		 0: 
		 1: 
		 2: %self->current_user def_%cl_1_98 %self[2.0,] 	 SYMBOL:	 ARGS:
		 3: %self->user_messages_path def_%cl_1_99 %self[49.2,2.0,] %cl_1_98[49.2,] 	 SYMBOL:	 ARGS:%cl_1_98,
		 4: 
		 5: %self->current_user def_%cl_1_100 %self[49.2,49.3,2.0,] 	 SYMBOL:	 ARGS:
		 6: %cl_1_100->unread_message_count def_%cl_1_101 %cl_1_100[49.5,] 	 SYMBOL:	 ARGS:
		 7: 
		 8: COPY TYPE_StringLiteral "envelope inverse" def_%cl_1_102 
		 9: %self->fa_icon def_%cl_1_103 %self[49.2,49.3,49.5,2.0,] %cl_1_102[49.8,] 	 SYMBOL:	 ARGS:%cl_1_102,
		 10: 
BB 50
	outgoing: 51 
	datadep: 
	instructions:
		 0: COPY TYPE_Nil def_%cl_1_103 
BB 51
	outgoing: 53 
	datadep: 
	instructions:
		 0: 
BB 52
	outgoing: 53 
	datadep: 
	instructions:
		 0: COPY TYPE_Nil def_%cl_1_103 
BB 53
	outgoing: 54 55 60 
	datadep: 
	instructions:
		 0: 
		 1: %self->render_jumbotron def_%cl_1_104 %self[2.0,] 	 SYMBOL:	 ARGS:
		 2: 
		 3: %self->container_title def_%cl_1_105 %self[53.1,2.0,] 	 SYMBOL:	 ARGS:
		 4: 
		 5: CONSTANT def_%cl_1_106 	 SYMBOL:edit_rsvp_for,	 ARGS:
		 6: COPY TYPE_StringLiteral " " def_%cl_1_107 
		 7: %cl_1_106->+ def_%cl_1_108 %cl_1_106[53.5,] %cl_1_107[53.6,] 	 SYMBOL:	 ARGS:%cl_1_107,
		 8: GETFIELD %self->event def_%cl_1_109 %self[53.1,53.3,2.0,] 
		 9: %cl_1_109->name def_%cl_1_110 %cl_1_109[53.8,] 	 SYMBOL:	 ARGS:
		 10: %cl_1_108->+ def_%cl_1_111 %cl_1_108[53.7,] %cl_1_110[53.9,] 	 SYMBOL:	 ARGS:%cl_1_110,
		 11: ATTRASSIGN %self->page_title %cl_1_111[53.10,] 
		 12: 
		 13: GETFIELD %self->event def_%cl_1_112 %self[53.1,53.3,2.0,] 
		 14: GETFIELD %self->rsvp def_%cl_1_113 %self[53.1,53.3,2.0,] 
		 15: COPY TYPE_Array def_%cl_1_114 %cl_1_112[53.13,] %cl_1_113[53.14,] 
		 16: HASH-layout- def_%cl_1_115 
		 17: %self->bootstrap_form_for def_%cl_1_116 %self[53.1,53.3,53.11,2.0,] %cl_1_114[53.15,] %cl_1_115[53.16,] %self[53.1,53.3,53.11,2.0,] 	 SYMBOL:	 ARGS:%cl_1_114,%cl_1_115,%self,
CLOSURE BEGIN: f[] 
BB 1
	outgoing: 6 2 
	datadep: 
	instructions:
BB 2
	outgoing: 3 
	datadep: 
	instructions:
		 0: def_%self 
		 1: def_%cl_5_0 
		 2: RECEIVEARG def_f 
		 3: COPY TYPE_CurrentScope def_%current_scope 
		 4: COPY TYPE_ScopeModule def_%current_module 
BB 3
	outgoing: 4 6 
	datadep: 
	instructions:
		 0: 
		 1: CONSTANT def_%cl_5_3 	 SYMBOL:number_of_attendees,	 ARGS:
		 2: HASH-label- def_%cl_5_4 %cl_5_3[3.1,] 
		 3: f->text_field def_%cl_5_5 f[2.2,] %cl_5_4[3.2,] 	 SYMBOL:attendees_count,	 ARGS:Symbol,%cl_5_4,
		 4: 
		 5: CONSTANT def_%cl_5_6 	 SYMBOL:update,	 ARGS:
		 6: f->primary def_%cl_5_7 f[3.3,2.2,] %cl_5_6[3.5,] 	 SYMBOL:	 ARGS:%cl_5_6,
		 7: RETURN %cl_5_7[3.6,] %self[2.0,] 
BB 4
	outgoing: 6 
	datadep: 
	instructions:
		 0: def_%cl_5_8 
		 1: def_%cl_5_9 %cl_5_8[4.0,] 
		 2: RETURN %cl_5_9[4.1,] %self[2.0,] 
BB 6
	outgoing: 
	datadep: 
	instructions:
CLOSURE END: 
		 18: 
		 19: %self->render_widgets def_%cl_1_117 %self[53.1,53.3,53.11,53.17,2.0,] 	 SYMBOL:	 ARGS:
		 20: 
		 21: %self->show_footer_content? def_%cl_1_118 %self[53.1,53.3,53.11,53.17,53.19,2.0,] 	 SYMBOL:	 ARGS:
		 22: BRANCH %cl_1_118[53.21,] 
BB 54
	outgoing: 56 60 
	datadep: 
	instructions:
		 0: 
		 1: COPY TYPE_StringLiteral "spinner.gif" def_%cl_1_119 
		 2: COPY TYPE_StringLiteral "community_engine" def_%cl_1_120 
		 3: HASH-plugin- def_%cl_1_121 %cl_1_120[54.2,] 
		 4: %self->image_tag def_%cl_1_122 %self[53.11,2.0,] %cl_1_119[54.1,] %cl_1_121[54.3,] 	 SYMBOL:	 ARGS:%cl_1_119,%cl_1_121,
		 5: 
		 6: CONSTANT def_%cl_1_123 	 SYMBOL:loading_recent_content,	 ARGS:
		 7: 
BB 55
	outgoing: 56 
	datadep: 
	instructions:
		 0: COPY TYPE_Nil def_%cl_1_123 
BB 56
	outgoing: 57 58 60 
	datadep: 
	instructions:
		 0: 
		 1: CONSTANT def_%cl_1_124 	 SYMBOL:community_tagline,	 ARGS:
		 2: 
		 3: COPY TYPE_StringLiteral "community_engine" def_%cl_1_125 
		 4: %self->javascript_include_tag def_%cl_1_126 %self[53.11,2.0,] %cl_1_125[56.3,] 	 SYMBOL:	 ARGS:%cl_1_125,
		 5: 
		 6: %self->tiny_mce_init_if_needed def_%cl_1_127 %self[56.4,53.11,2.0,] 	 SYMBOL:	 ARGS:
		 7: 
		 8: %self->show_footer_content? def_%cl_1_128 %self[56.4,56.6,53.11,2.0,] 	 SYMBOL:	 ARGS:
		 9: BRANCH %cl_1_128[56.8,] 
BB 57
	outgoing: 59 
	datadep: 
	instructions:
		 0: COPY TYPE_Nil def_%cl_1_129 
		 1: 
BB 58
	outgoing: 59 
	datadep: 
	instructions:
		 0: COPY TYPE_Nil def_%cl_1_129 
BB 59
	outgoing: 60 62 
	datadep: 
	instructions:
		 0: 
		 1: def_%cl_1_130 %cl_1_0[2.1,] 
		 2: RETURN %cl_1_130[59.1,] %self[53.11,2.0,] 
BB 60
	outgoing: 62 
	datadep: 
	instructions:
		 0: def_%cl_1_131 
		 1: def_%cl_1_132 %cl_1_131[60.0,] 
		 2: RETURN %cl_1_132[60.1,] %self[53.11,2.0,] 
BB 62
	outgoing: 
	datadep: 
	instructions:
CLOSURE END: css_class[22.2,21.2,25.2,24.2,28.2,27.2,31.2,30.2,40.2,39.2,48.2,47.2,] 
		 8: RETURN %v_4[2.7,] %self[2.0,2.6,] 
BB 3
	outgoing: 
	datadep: 
	instructions:

SET IRMethod, name = create instanceMethod = true
BB 1
	outgoing: 3 2 
	datadep: 
	instructions:
BB 2
	outgoing: 3 
	datadep: 
	instructions:
		 0: def_%self 
		 1: def_%v_0 
		 2: COPY TYPE_CurrentScope def_%current_scope 
		 3: COPY TYPE_ScopeModule def_%current_module 
		 4: 
		 5: 
		 6: GETFIELD %self->event def_%v_3 %self[2.0,] 
		 7: %v_3->rsvps def_%v_4 %v_3[2.6,] 	 SYMBOL:	 ARGS:
		 8: %self->rsvp_params def_%v_5 %self[2.0,] 	 SYMBOL:	 ARGS:
		 9: %v_4->new def_%v_6 %v_4[2.7,] %v_5[2.8,] 	 SYMBOL:	 ARGS:%v_5,
		 10: ATTRASSIGN %self->rsvp %v_6[2.9,] 
		 11: 
		 12: GETFIELD %self->rsvp def_%v_7 %self[2.0,2.8,2.10,] 
		 13: %self->current_user def_%v_8 %self[2.0,2.8,2.10,] 	 SYMBOL:	 ARGS:
		 14: ATTRASSIGN %v_7->user %v_8[2.13,] 
		 15: 
		 16: %self->respond_to def_%v_9 %self[2.0,2.8,2.10,2.13,] %self[2.0,2.8,2.10,2.13,] 	 SYMBOL:	 ARGS:%self,
CLOSURE BEGIN: %self[2.0,2.8,2.10,2.13,] format[] key[] feed[] tab[] f[] 
BB 1
	outgoing: 9 2 
	datadep: 
	instructions:
BB 2
	outgoing: 3 
	datadep: 
	instructions:
		 0: def_%self 
		 1: def_%cl_1_0 
		 2: RECEIVEARG def_format 
		 3: COPY TYPE_CurrentScope def_%current_scope 
		 4: COPY TYPE_ScopeModule def_%current_module 
BB 3
	outgoing: 4 5 7 
	datadep: 
	instructions:
		 0: 
		 1: GETFIELD %self->rsvp def_%cl_1_3 %self[2.0,] 
		 2: %cl_1_3->save def_%cl_1_4 %cl_1_3[3.1,] 	 SYMBOL:	 ARGS:
		 3: BRANCH %cl_1_4[3.2,] 
BB 4
	outgoing: 6 7 
	datadep: 
	instructions:
		 0: 
		 1: %self->flash def_%cl_1_5 %self[2.0,] 	 SYMBOL:	 ARGS:
		 2: CONSTANT def_%cl_1_6 	 SYMBOL:your_rsvp_was_successfully_created,	 ARGS:
		 3: ATTRASSIGN %cl_1_5->[] %cl_1_6[4.2,] 
		 4: 
		 5: format->html def_%cl_1_7 format[2.2,] %self[4.1,2.0,] 	 SYMBOL:	 ARGS:format,
CLOSURE BEGIN: %self[4.1,2.0,] 
BB 1
	outgoing: 6 2 
	datadep: 
	instructions:
BB 2
	outgoing: 3 
	datadep: 
	instructions:
		 0: def_%self 
		 1: def_%cl_2_0 
		 2: COPY TYPE_CurrentScope def_%current_scope 
		 3: COPY TYPE_ScopeModule def_%current_module 
BB 3
	outgoing: 4 6 
	datadep: 
	instructions:
		 0: 
		 1: GETFIELD %self->event def_%cl_2_3 %self[2.0,] 
		 2: COPY TYPE_Array def_%cl_2_4 %cl_2_3[3.1,] 
		 3: %self->redirect_to def_%cl_2_5 %self[2.0,] %cl_2_4[3.2,] 	 SYMBOL:	 ARGS:%cl_2_4,
		 4: RETURN %cl_2_5[3.3,] %self[3.3,2.0,] 
BB 4
	outgoing: 6 
	datadep: 
	instructions:
		 0: def_%cl_2_6 
		 1: def_%cl_2_7 %cl_2_6[4.0,] 
		 2: RETURN %cl_2_7[4.1,] %self[2.0,] 
BB 6
	outgoing: 
	datadep: 
	instructions:
CLOSURE END: 
		 6: 
		 7: format->js def_%cl_1_8 format[4.5,2.2,] 	 SYMBOL:	 ARGS:
		 8: 
BB 5
	outgoing: 7 9 
	datadep: 
	instructions:
		 0: 
		 1: format->html def_%cl_1_9 format[2.2,] %self[2.0,] 	 SYMBOL:	 ARGS:format,
CLOSURE BEGIN: %self[2.0,] key[] feed[] tab[] f[] 
BB 1
	outgoing: 6 2 
	datadep: 
	instructions:
BB 2
	outgoing: 3 
	datadep: 
	instructions:
		 0: def_%self 
		 1: def_%cl_3_0 
		 2: COPY TYPE_CurrentScope def_%current_scope 
		 3: COPY TYPE_ScopeModule def_%current_module 
BB 3
	outgoing: 4 6 
	datadep: 
	instructions:
		 0: 
		 1: %self->ruby_code_from_view def_%cl_3_3 %self[2.0,] 	 SYMBOL:	 ARGS:
		 2: %cl_3_3->ruby_code_from_view def_%cl_3_4 %cl_3_3[3.1,] %self[3.1,2.0,] 	 SYMBOL:	 ARGS:%cl_3_3,
CLOSURE BEGIN: %self[3.1,2.0,] key[] feed[] tab[] f[] 
BB 1
	outgoing: 62 2 
	datadep: 
	instructions:
BB 2
	outgoing: 3 
	datadep: 
	instructions:
		 0: def_%self 
		 1: def_%cl_4_0 
		 2: RECEIVEARG def_rb_from_view 
		 3: COPY TYPE_CurrentScope def_%current_scope 
		 4: COPY TYPE_ScopeModule def_%current_module 
BB 3
	outgoing: 4 5 60 
	datadep: 
	instructions:
		 0: 
		 1: %self->home_url def_%cl_4_3 %self[2.0,] 	 SYMBOL:	 ARGS:
		 2: 
		 3: %self->csrf_meta_tag def_%cl_4_4 %self[3.1,2.0,] 	 SYMBOL:	 ARGS:
		 4: 
		 5: %self->page_title def_%cl_4_5 %self[3.1,3.3,2.0,] 	 SYMBOL:	 ARGS:
		 6: 
		 7: 
		 8: GETFIELD %self->meta def_%cl_4_6 %self[3.1,3.3,3.5,2.0,] 
		 9: BRANCH %cl_4_6[3.8,] 
BB 4
	outgoing: 6 60 
	datadep: 
	instructions:
		 0: GETFIELD %self->meta def_%cl_4_7 %self[2.0,] 
		 1: %cl_4_7->each def_%cl_4_8 %cl_4_7[4.0,] %self[2.0,] 	 SYMBOL:	 ARGS:%cl_4_7,
CLOSURE BEGIN: key[] 
BB 1
	outgoing: 6 2 
	datadep: 
	instructions:
BB 2
	outgoing: 3 
	datadep: 
	instructions:
		 0: def_%self 
		 1: def_%cl_5_0 
		 2: RECEIVEARG def_key 
		 3: COPY TYPE_CurrentScope def_%current_scope 
		 4: COPY TYPE_ScopeModule def_%current_module 
BB 3
	outgoing: 4 6 
	datadep: 
	instructions:
		 0: 
		 1: key->[] def_%cl_5_3 key[2.2,] 	 SYMBOL:	 ARGS:Fixnum,
		 2: 
		 3: key->[] def_%cl_5_4 key[3.1,2.2,] 	 SYMBOL:	 ARGS:Fixnum,
		 4: RETURN %cl_5_4[3.3,] %self[2.0,] 
BB 4
	outgoing: 6 
	datadep: 
	instructions:
		 0: def_%cl_5_5 
		 1: def_%cl_5_6 %cl_5_5[4.0,] 
		 2: RETURN %cl_5_6[4.1,] %self[2.0,] 
BB 6
	outgoing: 
	datadep: 
	instructions:
CLOSURE END: 
		 2: 
BB 5
	outgoing: 6 
	datadep: 
	instructions:
		 0: COPY TYPE_Nil def_%cl_4_8 
BB 6
	outgoing: 7 8 
	datadep: 
	instructions:
		 0: 
		 1: GETFIELD %self->rss_title def_%cl_4_9 %self[2.0,] 
		 2: BRANCH %cl_4_9[6.1,] 
BB 7
	outgoing: 8 
	datadep: 
	instructions:
		 0: GETFIELD %self->rss_url def_%cl_4_10 %self[2.0,] 
		 1: COPY TYPE_PASS def_%cl_4_9 %cl_4_10[7.0,] 
BB 8
	outgoing: 9 10 
	datadep: 
	instructions:
		 0: BRANCH %cl_4_9[7.1,6.1,] 
BB 9
	outgoing: 11 60 
	datadep: 
	instructions:
		 0: 
		 1: GETFIELD %self->rss_url def_%cl_4_11 %self[2.0,] 
		 2: GETFIELD %self->rss_title def_%cl_4_12 %self[2.0,] 
		 3: HASH-title- def_%cl_4_13 %cl_4_12[9.2,] 
		 4: %self->auto_discovery_link_tag def_%cl_4_14 %self[2.0,] %cl_4_11[9.1,] %cl_4_13[9.3,] 	 SYMBOL:rss,	 ARGS:Symbol,%cl_4_11,%cl_4_13,
		 5: 
BB 10
	outgoing: 11 
	datadep: 
	instructions:
		 0: COPY TYPE_Nil def_%cl_4_14 
BB 11
	outgoing: 12 16 60 
	datadep: 
	instructions:
		 0: 
		 1: COPY TYPE_StringLiteral "community_engine" def_%cl_4_15 
		 2: %self->stylesheet_link_tag def_%cl_4_16 %self[2.0,] %cl_4_15[11.1,] 	 SYMBOL:	 ARGS:%cl_4_15,
		 3: 
		 4: %self->forum_page? def_%cl_4_17 %self[11.2,2.0,] 	 SYMBOL:	 ARGS:
		 5: BRANCH %cl_4_17[11.4,] 
BB 12
	outgoing: 13 14 60 
	datadep: 
	instructions:
		 0: 
		 1: GETFIELD %self->feed_icons def_%cl_4_18 %self[2.0,] 
		 2: %cl_4_18->blank? def_%cl_4_19 %cl_4_18[12.1,] 	 SYMBOL:	 ARGS:
		 3: BRANCH %cl_4_19[12.2,] 
BB 13
	outgoing: 15 
	datadep: 
	instructions:
		 0: COPY TYPE_Nil def_%cl_4_20 
		 1: 
BB 14
	outgoing: 15 60 
	datadep: 
	instructions:
		 0: 
		 1: GETFIELD %self->feed_icons def_%cl_4_21 %self[2.0,] 
		 2: %cl_4_21->each def_%cl_4_22 %cl_4_21[14.1,] %self[2.0,] 	 SYMBOL:	 ARGS:%cl_4_21,
CLOSURE BEGIN: feed[] %self[2.0,] 
BB 1
	outgoing: 6 2 
	datadep: 
	instructions:
BB 2
	outgoing: 3 
	datadep: 
	instructions:
		 0: def_%self 
		 1: def_%cl_6_0 
		 2: RECEIVEARG def_feed 
		 3: COPY TYPE_CurrentScope def_%current_scope 
		 4: COPY TYPE_ScopeModule def_%current_module 
BB 3
	outgoing: 4 6 
	datadep: 
	instructions:
		 0: 
		 1: feed->[] def_%cl_6_3 feed[2.2,] 	 SYMBOL:url,	 ARGS:Symbol,
		 2: COPY TYPE_StringLiteral "Subscribe to '" def_%cl_6_4 
		 3: feed->[] def_%cl_6_5 feed[3.1,2.2,] 	 SYMBOL:title,	 ARGS:Symbol,
		 4: COPY TYPE_StringLiteral "'" def_%cl_6_6 
		 5: BUILDSTRING def_%cl_6_7 %cl_6_4[3.2,] %cl_6_5[3.3,] %cl_6_6[3.4,] 
		 6: HASH-title- def_%cl_6_8 %cl_6_7[3.5,] 
		 7: %self->auto_discovery_link_tag def_%cl_6_9 %self[2.0,] %cl_6_3[3.1,] %cl_6_8[3.6,] 	 SYMBOL:rss,	 ARGS:Symbol,%cl_6_3,%cl_6_8,
		 8: RETURN %cl_6_9[3.7,] %self[3.7,2.0,] 
BB 4
	outgoing: 6 
	datadep: 
	instructions:
		 0: def_%cl_6_10 
		 1: def_%cl_6_11 %cl_6_10[4.0,] 
		 2: RETURN %cl_6_11[4.1,] %self[2.0,] 
BB 6
	outgoing: 
	datadep: 
	instructions:
CLOSURE END: 
		 3: COPY TYPE_PASS def_%cl_4_20 %cl_4_22[14.2,] 
BB 15
	outgoing: 17 
	datadep: 
	instructions:
		 0: 
BB 16
	outgoing: 17 
	datadep: 
	instructions:
		 0: COPY TYPE_Nil def_%cl_4_20 
BB 17
	outgoing: 18 19 60 
	datadep: 
	instructions:
		 0: 
		 1: def_%cl_4_23 %cl_4_0[2.1,] 
		 2: 
		 3: %self->configatron def_%cl_4_24 %self[2.0,] 	 SYMBOL:	 ARGS:
		 4: %cl_4_24->auth_providers def_%cl_4_25 %cl_4_24[17.3,] 	 SYMBOL:	 ARGS:
		 5: %cl_4_25->facebook def_%cl_4_26 %cl_4_25[17.4,] 	 SYMBOL:	 ARGS:
		 6: %cl_4_26->key def_%cl_4_27 %cl_4_26[17.5,] 	 SYMBOL:	 ARGS:
		 7: %cl_4_27->blank? def_%cl_4_28 %cl_4_27[17.6,] 	 SYMBOL:	 ARGS:
		 8: BRANCH %cl_4_28[17.7,] 
BB 18
	outgoing: 20 
	datadep: 
	instructions:
		 0: COPY TYPE_Nil def_%cl_4_29 
		 1: 
BB 19
	outgoing: 20 
	datadep: 
	instructions:
		 0: COPY TYPE_Nil def_%cl_4_29 
BB 20
	outgoing: 21 22 60 
	datadep: 
	instructions:
		 0: 
		 1: %self->configatron def_%cl_4_30 %self[2.0,] 	 SYMBOL:	 ARGS:
		 2: %cl_4_30->community_name def_%cl_4_31 %cl_4_30[20.1,] 	 SYMBOL:	 ARGS:
		 3: %self->home_path def_%cl_4_32 %self[20.1,2.0,] 	 SYMBOL:	 ARGS:
		 4: COPY TYPE_StringLiteral "navbar-brand" def_%cl_4_33 
		 5: HASH-class- def_%cl_4_34 %cl_4_33[20.4,] 
		 6: %self->link_to def_%cl_4_35 %self[20.1,20.3,2.0,] %cl_4_31[20.2,] %cl_4_32[20.3,] %cl_4_34[20.5,] 	 SYMBOL:	 ARGS:%cl_4_31,%cl_4_32,%cl_4_34,
		 7: 
		 8: %self->site_clippings_path def_%cl_4_36 %self[20.1,20.3,20.6,2.0,] 	 SYMBOL:	 ARGS:
		 9: %self->current_page? def_%cl_4_37 %self[20.1,20.3,20.6,20.8,2.0,] %cl_4_36[20.8,] 	 SYMBOL:	 ARGS:%cl_4_36,
		 10: BRANCH %cl_4_37[20.9,] 
BB 21
	outgoing: 23 
	datadep: 
	instructions:
		 0: 
		 1: COPY TYPE_StringLiteral "active" def_%cl_4_38 
		 2: COPY TYPE_PASS def_css_class %cl_4_38[21.1,] 
		 3: 
BB 22
	outgoing: 23 
	datadep: 
	instructions:
		 0: 
		 1: COPY TYPE_StringLiteral "inactive" def_%cl_4_39 
		 2: COPY TYPE_PASS def_css_class %cl_4_39[22.1,] 
		 3: COPY TYPE_PASS def_%cl_4_38 %cl_4_39[22.1,] 
BB 23
	outgoing: 24 25 60 
	datadep: 
	instructions:
		 0: 
		 1: 
		 2: CONSTANT def_%cl_4_40 	 SYMBOL:clippings,	 ARGS:
		 3: %self->site_clippings_path def_%cl_4_41 %self[2.0,] 	 SYMBOL:	 ARGS:
		 4: %self->link_to def_%cl_4_42 %self[23.3,2.0,] %cl_4_40[23.2,] %cl_4_41[23.3,] 	 SYMBOL:	 ARGS:%cl_4_40,%cl_4_41,
		 5: 
		 6: %self->params def_%cl_4_43 %self[23.3,23.4,2.0,] 	 SYMBOL:	 ARGS:
		 7: %cl_4_43->[] def_%cl_4_44 %cl_4_43[23.6,] 	 SYMBOL:controller,	 ARGS:Symbol,
		 8: COPY TYPE_StringLiteral "events" def_%cl_4_45 
		 9: %cl_4_44->== def_%cl_4_46 %cl_4_44[23.7,] %cl_4_45[23.8,] 	 SYMBOL:	 ARGS:%cl_4_45,
		 10: BRANCH %cl_4_46[23.9,] 
BB 24
	outgoing: 26 
	datadep: 
	instructions:
		 0: 
		 1: COPY TYPE_StringLiteral "active" def_%cl_4_47 
		 2: COPY TYPE_PASS def_css_class %cl_4_47[24.1,] 
		 3: 
BB 25
	outgoing: 26 
	datadep: 
	instructions:
		 0: 
		 1: COPY TYPE_StringLiteral "inactive" def_%cl_4_48 
		 2: COPY TYPE_PASS def_css_class %cl_4_48[25.1,] 
		 3: COPY TYPE_PASS def_%cl_4_47 %cl_4_48[25.1,] 
BB 26
	outgoing: 27 28 60 
	datadep: 
	instructions:
		 0: 
		 1: 
		 2: CONSTANT def_%cl_4_49 	 SYMBOL:events,	 ARGS:
		 3: %self->events_path def_%cl_4_50 %self[2.0,] 	 SYMBOL:	 ARGS:
		 4: %self->link_to def_%cl_4_51 %self[26.3,2.0,] %cl_4_49[26.2,] %cl_4_50[26.3,] 	 SYMBOL:	 ARGS:%cl_4_49,%cl_4_50,
		 5: 
		 6: %self->params def_%cl_4_52 %self[26.3,26.4,2.0,] 	 SYMBOL:	 ARGS:
		 7: %cl_4_52->[] def_%cl_4_53 %cl_4_52[26.6,] 	 SYMBOL:controller,	 ARGS:Symbol,
		 8: COPY TYPE_StringLiteral "forums" def_%cl_4_54 
		 9: %cl_4_53->== def_%cl_4_55 %cl_4_53[26.7,] %cl_4_54[26.8,] 	 SYMBOL:	 ARGS:%cl_4_54,
		 10: BRANCH %cl_4_55[26.9,] 
BB 27
	outgoing: 29 
	datadep: 
	instructions:
		 0: 
		 1: COPY TYPE_StringLiteral "active" def_%cl_4_56 
		 2: COPY TYPE_PASS def_css_class %cl_4_56[27.1,] 
		 3: 
BB 28
	outgoing: 29 
	datadep: 
	instructions:
		 0: 
		 1: COPY TYPE_StringLiteral "inactive" def_%cl_4_57 
		 2: COPY TYPE_PASS def_css_class %cl_4_57[28.1,] 
		 3: COPY TYPE_PASS def_%cl_4_56 %cl_4_57[28.1,] 
BB 29
	outgoing: 30 31 60 
	datadep: 
	instructions:
		 0: 
		 1: 
		 2: CONSTANT def_%cl_4_58 	 SYMBOL:forums,	 ARGS:
		 3: %self->forums_path def_%cl_4_59 %self[2.0,] 	 SYMBOL:	 ARGS:
		 4: %self->link_to def_%cl_4_60 %self[29.3,2.0,] %cl_4_58[29.2,] %cl_4_59[29.3,] 	 SYMBOL:	 ARGS:%cl_4_58,%cl_4_59,
		 5: 
		 6: %self->popular_path def_%cl_4_61 %self[29.3,29.4,2.0,] 	 SYMBOL:	 ARGS:
		 7: %self->current_page? def_%cl_4_62 %self[29.3,29.4,29.6,2.0,] %cl_4_61[29.6,] 	 SYMBOL:	 ARGS:%cl_4_61,
		 8: BRANCH %cl_4_62[29.7,] 
BB 30
	outgoing: 32 
	datadep: 
	instructions:
		 0: 
		 1: COPY TYPE_StringLiteral "active" def_%cl_4_63 
		 2: COPY TYPE_PASS def_css_class %cl_4_63[30.1,] 
		 3: 
BB 31
	outgoing: 32 
	datadep: 
	instructions:
		 0: 
		 1: COPY TYPE_StringLiteral "inactive" def_%cl_4_64 
		 2: COPY TYPE_PASS def_css_class %cl_4_64[31.1,] 
		 3: COPY TYPE_PASS def_%cl_4_63 %cl_4_64[31.1,] 
BB 32
	outgoing: 33 38 60 
	datadep: 
	instructions:
		 0: 
		 1: 
		 2: CONSTANT def_%cl_4_65 	 SYMBOL:popular,	 ARGS:
		 3: %self->popular_path def_%cl_4_66 %self[2.0,] 	 SYMBOL:	 ARGS:
		 4: %self->link_to def_%cl_4_67 %self[32.3,2.0,] %cl_4_65[32.2,] %cl_4_66[32.3,] 	 SYMBOL:	 ARGS:%cl_4_65,%cl_4_66,
		 5: 
		 6: %self->users_path def_%cl_4_68 %self[32.3,32.4,2.0,] 	 SYMBOL:	 ARGS:
		 7: %self->current_page? def_%cl_4_69 %self[32.3,32.4,32.6,2.0,] %cl_4_68[32.6,] 	 SYMBOL:	 ARGS:%cl_4_68,
		 8: BRANCH %cl_4_69[32.7,] 
BB 33
	outgoing: 34 35 60 
	datadep: 
	instructions:
		 0: %self->params def_%cl_4_70 %self[2.0,] 	 SYMBOL:	 ARGS:
		 1: %cl_4_70->[] def_%cl_4_71 %cl_4_70[33.0,] 	 SYMBOL:controller,	 ARGS:Symbol,
		 2: COPY TYPE_StringLiteral "users" def_%cl_4_72 
		 3: %cl_4_71->== def_%cl_4_73 %cl_4_71[33.1,] %cl_4_72[33.2,] 	 SYMBOL:	 ARGS:%cl_4_72,
		 4: BRANCH %cl_4_73[33.3,] 
BB 34
	outgoing: 35 60 
	datadep: 
	instructions:
		 0: GETFIELD %self->user def_%cl_4_74 %self[2.0,] 
		 1: %cl_4_74->nil? def_%cl_4_75 %cl_4_74[34.0,] 	 SYMBOL:	 ARGS:
		 2: %cl_4_75->! def_%cl_4_76 %cl_4_75[34.1,] 	 SYMBOL:	 ARGS:
		 3: COPY TYPE_PASS def_%cl_4_73 %cl_4_76[34.2,] 
BB 35
	outgoing: 36 37 
	datadep: 
	instructions:
		 0: BRANCH %cl_4_73[34.3,33.3,] 
BB 36
	outgoing: 37 60 
	datadep: 
	instructions:
		 0: GETFIELD %self->user def_%cl_4_77 %self[2.0,] 
		 1: %self->current_user def_%cl_4_78 %self[2.0,] 	 SYMBOL:	 ARGS:
		 2: %cl_4_77->!= def_%cl_4_79 %cl_4_77[36.0,] %cl_4_78[36.1,] 	 SYMBOL:	 ARGS:%cl_4_78,
		 3: COPY TYPE_PASS def_%cl_4_73 %cl_4_79[36.2,] 
BB 37
	outgoing: 38 
	datadep: 
	instructions:
		 0: COPY TYPE_PASS def_%cl_4_69 %cl_4_73[36.3,34.3,33.3,] 
BB 38
	outgoing: 39 40 
	datadep: 
	instructions:
		 0: BRANCH %cl_4_69[37.0,32.7,] 
BB 39
	outgoing: 41 
	datadep: 
	instructions:
		 0: 
		 1: COPY TYPE_StringLiteral "active" def_%cl_4_80 
		 2: COPY TYPE_PASS def_css_class %cl_4_80[39.1,] 
		 3: 
BB 40
	outgoing: 41 
	datadep: 
	instructions:
		 0: 
		 1: COPY TYPE_StringLiteral "inactive" def_%cl_4_81 
		 2: COPY TYPE_PASS def_css_class %cl_4_81[40.1,] 
		 3: COPY TYPE_PASS def_%cl_4_80 %cl_4_81[40.1,] 
BB 41
	outgoing: 42 43 60 
	datadep: 
	instructions:
		 0: 
		 1: 
		 2: CONSTANT def_%cl_4_82 	 SYMBOL:people,	 ARGS:
		 3: %self->users_path def_%cl_4_83 %self[2.0,] 	 SYMBOL:	 ARGS:
		 4: %self->link_to def_%cl_4_84 %self[41.3,2.0,] %cl_4_82[41.2,] %cl_4_83[41.3,] 	 SYMBOL:	 ARGS:%cl_4_82,%cl_4_83,
		 5: 
		 6: GETFIELD %self->header_tabs def_%cl_4_85 %self[41.3,41.4,2.0,] 
		 7: %cl_4_85->any? def_%cl_4_86 %cl_4_85[41.6,] 	 SYMBOL:	 ARGS:
		 8: BRANCH %cl_4_86[41.7,] 
BB 42
	outgoing: 44 60 
	datadep: 
	instructions:
		 0: 
		 1: GETFIELD %self->header_tabs def_%cl_4_88 %self[2.0,] 
		 2: %cl_4_88->each def_%cl_4_87 %cl_4_88[42.1,] %self[2.0,] 	 SYMBOL:	 ARGS:%cl_4_88,
CLOSURE BEGIN: tab[] %self[2.0,] 
BB 1
	outgoing: 4 2 
	datadep: 
	instructions:
BB 2
	outgoing: 4 
	datadep: 
	instructions:
		 0: def_%self 
		 1: def_%cl_7_0 
		 2: RECEIVEARG def_tab 
		 3: COPY TYPE_CurrentScope def_%current_scope 
		 4: COPY TYPE_ScopeModule def_%current_module 
		 5: 
		 6: tab->name def_%cl_7_3 tab[2.2,] 	 SYMBOL:	 ARGS:
		 7: tab->url def_%cl_7_4 tab[2.2,2.6,] 	 SYMBOL:	 ARGS:
		 8: %self->link_to def_%cl_7_5 %self[2.0,] %cl_7_3[2.6,] %cl_7_4[2.7,] 	 SYMBOL:	 ARGS:%cl_7_3,%cl_7_4,
		 9: RETURN %cl_7_5[2.8,] %self[2.0,2.8,] 
BB 4
	outgoing: 
	datadep: 
	instructions:
CLOSURE END: tab[2.2,] 
		 3: 
BB 43
	outgoing: 44 
	datadep: 
	instructions:
		 0: COPY TYPE_Nil def_%cl_4_87 
BB 44
	outgoing: 45 52 60 
	datadep: 
	instructions:
		 0: 
		 1: %self->logged_in? def_%cl_4_89 %self[2.0,] 	 SYMBOL:	 ARGS:
		 2: BRANCH %cl_4_89[44.1,] 
BB 45
	outgoing: 46 50 60 
	datadep: 
	instructions:
		 0: 
		 1: %self->current_user def_%cl_4_90 %self[2.0,] 	 SYMBOL:	 ARGS:
		 2: %cl_4_90->unread_messages? def_%cl_4_91 %cl_4_90[45.1,] 	 SYMBOL:	 ARGS:
		 3: BRANCH %cl_4_91[45.2,] 
BB 46
	outgoing: 47 48 60 
	datadep: 
	instructions:
		 0: 
		 1: %self->params def_%cl_4_92 %self[2.0,] 	 SYMBOL:	 ARGS:
		 2: %cl_4_92->[] def_%cl_4_93 %cl_4_92[46.1,] 	 SYMBOL:controller,	 ARGS:Symbol,
		 3: COPY TYPE_StringLiteral "messages" def_%cl_4_94 
		 4: %cl_4_93->== def_%cl_4_95 %cl_4_93[46.2,] %cl_4_94[46.3,] 	 SYMBOL:	 ARGS:%cl_4_94,
		 5: BRANCH %cl_4_95[46.4,] 
BB 47
	outgoing: 49 
	datadep: 
	instructions:
		 0: 
		 1: COPY TYPE_StringLiteral "active" def_%cl_4_96 
		 2: COPY TYPE_PASS def_css_class %cl_4_96[47.1,] 
		 3: 
BB 48
	outgoing: 49 
	datadep: 
	instructions:
		 0: 
		 1: COPY TYPE_StringLiteral "inactive" def_%cl_4_97 
		 2: COPY TYPE_PASS def_css_class %cl_4_97[48.1,] 
		 3: COPY TYPE_PASS def_%cl_4_96 %cl_4_97[48.1,] 
BB 49
	outgoing: 51 60 
	datadep: 
	instructions:
		 0: 
		 1: 
		 2: %self->current_user def_%cl_4_98 %self[2.0,] 	 SYMBOL:	 ARGS:
		 3: %self->user_messages_path def_%cl_4_99 %self[49.2,2.0,] %cl_4_98[49.2,] 	 SYMBOL:	 ARGS:%cl_4_98,
		 4: 
		 5: %self->current_user def_%cl_4_100 %self[49.2,49.3,2.0,] 	 SYMBOL:	 ARGS:
		 6: %cl_4_100->unread_message_count def_%cl_4_101 %cl_4_100[49.5,] 	 SYMBOL:	 ARGS:
		 7: 
		 8: COPY TYPE_StringLiteral "envelope inverse" def_%cl_4_102 
		 9: %self->fa_icon def_%cl_4_103 %self[49.2,49.3,49.5,2.0,] %cl_4_102[49.8,] 	 SYMBOL:	 ARGS:%cl_4_102,
		 10: 
BB 50
	outgoing: 51 
	datadep: 
	instructions:
		 0: COPY TYPE_Nil def_%cl_4_103 
BB 51
	outgoing: 53 
	datadep: 
	instructions:
		 0: 
BB 52
	outgoing: 53 
	datadep: 
	instructions:
		 0: COPY TYPE_Nil def_%cl_4_103 
BB 53
	outgoing: 54 55 60 
	datadep: 
	instructions:
		 0: 
		 1: %self->render_jumbotron def_%cl_4_104 %self[2.0,] 	 SYMBOL:	 ARGS:
		 2: 
		 3: %self->container_title def_%cl_4_105 %self[53.1,2.0,] 	 SYMBOL:	 ARGS:
		 4: 
		 5: CONSTANT def_%cl_4_106 	 SYMBOL:rsvp_for,	 ARGS:
		 6: COPY TYPE_StringLiteral " " def_%cl_4_107 
		 7: %cl_4_106->+ def_%cl_4_108 %cl_4_106[53.5,] %cl_4_107[53.6,] 	 SYMBOL:	 ARGS:%cl_4_107,
		 8: GETFIELD %self->event def_%cl_4_109 %self[53.1,53.3,2.0,] 
		 9: %cl_4_109->name def_%cl_4_110 %cl_4_109[53.8,] 	 SYMBOL:	 ARGS:
		 10: %cl_4_108->+ def_%cl_4_111 %cl_4_108[53.7,] %cl_4_110[53.9,] 	 SYMBOL:	 ARGS:%cl_4_110,
		 11: ATTRASSIGN %self->page_title %cl_4_111[53.10,] 
		 12: 
		 13: GETFIELD %self->event def_%cl_4_112 %self[53.1,53.3,2.0,] 
		 14: GETFIELD %self->rsvp def_%cl_4_113 %self[53.1,53.3,2.0,] 
		 15: COPY TYPE_Array def_%cl_4_114 %cl_4_112[53.13,] %cl_4_113[53.14,] 
		 16: HASH-layout- def_%cl_4_115 
		 17: %self->bootstrap_form_for def_%cl_4_116 %self[53.1,53.3,53.11,2.0,] %cl_4_114[53.15,] %cl_4_115[53.16,] %self[53.1,53.3,53.11,2.0,] 	 SYMBOL:	 ARGS:%cl_4_114,%cl_4_115,%self,
CLOSURE BEGIN: f[] 
BB 1
	outgoing: 6 2 
	datadep: 
	instructions:
BB 2
	outgoing: 3 
	datadep: 
	instructions:
		 0: def_%self 
		 1: def_%cl_8_0 
		 2: RECEIVEARG def_f 
		 3: COPY TYPE_CurrentScope def_%current_scope 
		 4: COPY TYPE_ScopeModule def_%current_module 
BB 3
	outgoing: 4 6 
	datadep: 
	instructions:
		 0: 
		 1: CONSTANT def_%cl_8_3 	 SYMBOL:number_of_attendees,	 ARGS:
		 2: HASH-label- def_%cl_8_4 %cl_8_3[3.1,] 
		 3: f->text_field def_%cl_8_5 f[2.2,] %cl_8_4[3.2,] 	 SYMBOL:attendees_count,	 ARGS:Symbol,%cl_8_4,
		 4: 
		 5: CONSTANT def_%cl_8_6 	 SYMBOL:update,	 ARGS:
		 6: f->primary def_%cl_8_7 f[3.3,2.2,] %cl_8_6[3.5,] 	 SYMBOL:	 ARGS:%cl_8_6,
		 7: RETURN %cl_8_7[3.6,] %self[2.0,] 
BB 4
	outgoing: 6 
	datadep: 
	instructions:
		 0: def_%cl_8_8 
		 1: def_%cl_8_9 %cl_8_8[4.0,] 
		 2: RETURN %cl_8_9[4.1,] %self[2.0,] 
BB 6
	outgoing: 
	datadep: 
	instructions:
CLOSURE END: 
		 18: 
		 19: %self->render_widgets def_%cl_4_117 %self[53.1,53.3,53.11,53.17,2.0,] 	 SYMBOL:	 ARGS:
		 20: 
		 21: %self->show_footer_content? def_%cl_4_118 %self[53.1,53.3,53.11,53.17,53.19,2.0,] 	 SYMBOL:	 ARGS:
		 22: BRANCH %cl_4_118[53.21,] 
BB 54
	outgoing: 56 60 
	datadep: 
	instructions:
		 0: 
		 1: COPY TYPE_StringLiteral "spinner.gif" def_%cl_4_119 
		 2: COPY TYPE_StringLiteral "community_engine" def_%cl_4_120 
		 3: HASH-plugin- def_%cl_4_121 %cl_4_120[54.2,] 
		 4: %self->image_tag def_%cl_4_122 %self[53.11,2.0,] %cl_4_119[54.1,] %cl_4_121[54.3,] 	 SYMBOL:	 ARGS:%cl_4_119,%cl_4_121,
		 5: 
		 6: CONSTANT def_%cl_4_123 	 SYMBOL:loading_recent_content,	 ARGS:
		 7: 
BB 55
	outgoing: 56 
	datadep: 
	instructions:
		 0: COPY TYPE_Nil def_%cl_4_123 
BB 56
	outgoing: 57 58 60 
	datadep: 
	instructions:
		 0: 
		 1: CONSTANT def_%cl_4_124 	 SYMBOL:community_tagline,	 ARGS:
		 2: 
		 3: COPY TYPE_StringLiteral "community_engine" def_%cl_4_125 
		 4: %self->javascript_include_tag def_%cl_4_126 %self[53.11,2.0,] %cl_4_125[56.3,] 	 SYMBOL:	 ARGS:%cl_4_125,
		 5: 
		 6: %self->tiny_mce_init_if_needed def_%cl_4_127 %self[56.4,53.11,2.0,] 	 SYMBOL:	 ARGS:
		 7: 
		 8: %self->show_footer_content? def_%cl_4_128 %self[56.4,56.6,53.11,2.0,] 	 SYMBOL:	 ARGS:
		 9: BRANCH %cl_4_128[56.8,] 
BB 57
	outgoing: 59 
	datadep: 
	instructions:
		 0: COPY TYPE_Nil def_%cl_4_129 
		 1: 
BB 58
	outgoing: 59 
	datadep: 
	instructions:
		 0: COPY TYPE_Nil def_%cl_4_129 
BB 59
	outgoing: 60 62 
	datadep: 
	instructions:
		 0: 
		 1: def_%cl_4_130 %cl_4_0[2.1,] 
		 2: RETURN %cl_4_130[59.1,] %self[53.11,2.0,] 
BB 60
	outgoing: 62 
	datadep: 
	instructions:
		 0: def_%cl_4_131 
		 1: def_%cl_4_132 %cl_4_131[60.0,] 
		 2: RETURN %cl_4_132[60.1,] %self[53.11,2.0,] 
BB 62
	outgoing: 
	datadep: 
	instructions:
CLOSURE END: css_class[22.2,21.2,25.2,24.2,28.2,27.2,31.2,30.2,40.2,39.2,48.2,47.2,] 
		 3: RETURN %cl_3_4[3.2,] %self[3.1,2.0,] 
BB 4
	outgoing: 6 
	datadep: 
	instructions:
		 0: def_%cl_3_5 
		 1: def_%cl_3_6 %cl_3_5[4.0,] 
		 2: RETURN %cl_3_6[4.1,] %self[2.0,] 
BB 6
	outgoing: 
	datadep: 
	instructions:
CLOSURE END: 
		 2: 
		 3: format->js def_%cl_1_10 format[5.1,2.2,] 	 SYMBOL:	 ARGS:
		 4: RETURN %cl_1_10[5.3,] %self[2.0,] 
BB 6
	outgoing: 9 
	datadep: 
	instructions:
		 0: RETURN %cl_1_8[4.7,] %self[2.0,] 
BB 7
	outgoing: 9 
	datadep: 
	instructions:
		 0: def_%cl_1_11 
		 1: def_%cl_1_12 %cl_1_11[7.0,] 
		 2: RETURN %cl_1_12[7.1,] %self[2.0,] 
BB 9
	outgoing: 
	datadep: 
	instructions:
CLOSURE END: 
		 17: RETURN %v_9[2.16,] %self[2.0,2.8,2.10,2.13,2.16,] 
BB 3
	outgoing: 
	datadep: 
	instructions:

SET IRMethod, name = update instanceMethod = true
BB 1
	outgoing: 3 2 
	datadep: 
	instructions:
BB 2
	outgoing: 3 
	datadep: 
	instructions:
		 0: def_%self 
		 1: def_%v_0 
		 2: COPY TYPE_CurrentScope def_%current_scope 
		 3: COPY TYPE_ScopeModule def_%current_module 
		 4: 
		 5: 
		 6: GETFIELD %self->rsvp def_%v_3 %self[2.0,] 
		 7: %self->rsvp_params def_%v_4 %self[2.0,] 	 SYMBOL:	 ARGS:
		 8: %v_4->[] def_%v_5 %v_4[2.7,] 	 SYMBOL:attendees_count,	 ARGS:Symbol,
		 9: ATTRASSIGN %v_3->attendees_count %v_5[2.8,] 
		 10: 
		 11: %self->respond_to def_%v_6 %self[2.0,2.7,] %self[2.0,2.7,] 	 SYMBOL:	 ARGS:%self,
CLOSURE BEGIN: %self[2.0,2.7,] format[] key[] feed[] tab[] f[] 
BB 1
	outgoing: 9 2 
	datadep: 
	instructions:
BB 2
	outgoing: 3 
	datadep: 
	instructions:
		 0: def_%self 
		 1: def_%cl_1_0 
		 2: RECEIVEARG def_format 
		 3: COPY TYPE_CurrentScope def_%current_scope 
		 4: COPY TYPE_ScopeModule def_%current_module 
BB 3
	outgoing: 4 5 7 
	datadep: 
	instructions:
		 0: 
		 1: GETFIELD %self->rsvp def_%cl_1_3 %self[2.0,] 
		 2: %cl_1_3->save def_%cl_1_4 %cl_1_3[3.1,] 	 SYMBOL:	 ARGS:
		 3: BRANCH %cl_1_4[3.2,] 
BB 4
	outgoing: 6 7 
	datadep: 
	instructions:
		 0: 
		 1: %self->flash def_%cl_1_5 %self[2.0,] 	 SYMBOL:	 ARGS:
		 2: CONSTANT def_%cl_1_6 	 SYMBOL:your_rsvp_was_successfully_updated,	 ARGS:
		 3: ATTRASSIGN %cl_1_5->[] %cl_1_6[4.2,] 
		 4: 
		 5: format->html def_%cl_1_7 format[2.2,] %self[4.1,2.0,] 	 SYMBOL:	 ARGS:format,
CLOSURE BEGIN: %self[4.1,2.0,] 
BB 1
	outgoing: 6 2 
	datadep: 
	instructions:
BB 2
	outgoing: 3 
	datadep: 
	instructions:
		 0: def_%self 
		 1: def_%cl_2_0 
		 2: COPY TYPE_CurrentScope def_%current_scope 
		 3: COPY TYPE_ScopeModule def_%current_module 
BB 3
	outgoing: 4 6 
	datadep: 
	instructions:
		 0: 
		 1: GETFIELD %self->event def_%cl_2_3 %self[2.0,] 
		 2: COPY TYPE_Array def_%cl_2_4 %cl_2_3[3.1,] 
		 3: %self->redirect_to def_%cl_2_5 %self[2.0,] %cl_2_4[3.2,] 	 SYMBOL:	 ARGS:%cl_2_4,
		 4: RETURN %cl_2_5[3.3,] %self[3.3,2.0,] 
BB 4
	outgoing: 6 
	datadep: 
	instructions:
		 0: def_%cl_2_6 
		 1: def_%cl_2_7 %cl_2_6[4.0,] 
		 2: RETURN %cl_2_7[4.1,] %self[2.0,] 
BB 6
	outgoing: 
	datadep: 
	instructions:
CLOSURE END: 
		 6: 
BB 5
	outgoing: 7 9 
	datadep: 
	instructions:
		 0: 
		 1: format->html def_%cl_1_8 format[2.2,] %self[2.0,] 	 SYMBOL:	 ARGS:format,
CLOSURE BEGIN: %self[2.0,] key[] feed[] tab[] f[] 
BB 1
	outgoing: 6 2 
	datadep: 
	instructions:
BB 2
	outgoing: 3 
	datadep: 
	instructions:
		 0: def_%self 
		 1: def_%cl_3_0 
		 2: COPY TYPE_CurrentScope def_%current_scope 
		 3: COPY TYPE_ScopeModule def_%current_module 
BB 3
	outgoing: 4 6 
	datadep: 
	instructions:
		 0: 
		 1: %self->ruby_code_from_view def_%cl_3_3 %self[2.0,] 	 SYMBOL:	 ARGS:
		 2: %cl_3_3->ruby_code_from_view def_%cl_3_4 %cl_3_3[3.1,] %self[3.1,2.0,] 	 SYMBOL:	 ARGS:%cl_3_3,
CLOSURE BEGIN: %self[3.1,2.0,] key[] feed[] tab[] f[] 
BB 1
	outgoing: 62 2 
	datadep: 
	instructions:
BB 2
	outgoing: 3 
	datadep: 
	instructions:
		 0: def_%self 
		 1: def_%cl_4_0 
		 2: RECEIVEARG def_rb_from_view 
		 3: COPY TYPE_CurrentScope def_%current_scope 
		 4: COPY TYPE_ScopeModule def_%current_module 
BB 3
	outgoing: 4 5 60 
	datadep: 
	instructions:
		 0: 
		 1: %self->home_url def_%cl_4_3 %self[2.0,] 	 SYMBOL:	 ARGS:
		 2: 
		 3: %self->csrf_meta_tag def_%cl_4_4 %self[3.1,2.0,] 	 SYMBOL:	 ARGS:
		 4: 
		 5: %self->page_title def_%cl_4_5 %self[3.1,3.3,2.0,] 	 SYMBOL:	 ARGS:
		 6: 
		 7: 
		 8: GETFIELD %self->meta def_%cl_4_6 %self[3.1,3.3,3.5,2.0,] 
		 9: BRANCH %cl_4_6[3.8,] 
BB 4
	outgoing: 6 60 
	datadep: 
	instructions:
		 0: GETFIELD %self->meta def_%cl_4_7 %self[2.0,] 
		 1: %cl_4_7->each def_%cl_4_8 %cl_4_7[4.0,] %self[2.0,] 	 SYMBOL:	 ARGS:%cl_4_7,
CLOSURE BEGIN: key[] 
BB 1
	outgoing: 6 2 
	datadep: 
	instructions:
BB 2
	outgoing: 3 
	datadep: 
	instructions:
		 0: def_%self 
		 1: def_%cl_5_0 
		 2: RECEIVEARG def_key 
		 3: COPY TYPE_CurrentScope def_%current_scope 
		 4: COPY TYPE_ScopeModule def_%current_module 
BB 3
	outgoing: 4 6 
	datadep: 
	instructions:
		 0: 
		 1: key->[] def_%cl_5_3 key[2.2,] 	 SYMBOL:	 ARGS:Fixnum,
		 2: 
		 3: key->[] def_%cl_5_4 key[3.1,2.2,] 	 SYMBOL:	 ARGS:Fixnum,
		 4: RETURN %cl_5_4[3.3,] %self[2.0,] 
BB 4
	outgoing: 6 
	datadep: 
	instructions:
		 0: def_%cl_5_5 
		 1: def_%cl_5_6 %cl_5_5[4.0,] 
		 2: RETURN %cl_5_6[4.1,] %self[2.0,] 
BB 6
	outgoing: 
	datadep: 
	instructions:
CLOSURE END: 
		 2: 
BB 5
	outgoing: 6 
	datadep: 
	instructions:
		 0: COPY TYPE_Nil def_%cl_4_8 
BB 6
	outgoing: 7 8 
	datadep: 
	instructions:
		 0: 
		 1: GETFIELD %self->rss_title def_%cl_4_9 %self[2.0,] 
		 2: BRANCH %cl_4_9[6.1,] 
BB 7
	outgoing: 8 
	datadep: 
	instructions:
		 0: GETFIELD %self->rss_url def_%cl_4_10 %self[2.0,] 
		 1: COPY TYPE_PASS def_%cl_4_9 %cl_4_10[7.0,] 
BB 8
	outgoing: 9 10 
	datadep: 
	instructions:
		 0: BRANCH %cl_4_9[7.1,6.1,] 
BB 9
	outgoing: 11 60 
	datadep: 
	instructions:
		 0: 
		 1: GETFIELD %self->rss_url def_%cl_4_11 %self[2.0,] 
		 2: GETFIELD %self->rss_title def_%cl_4_12 %self[2.0,] 
		 3: HASH-title- def_%cl_4_13 %cl_4_12[9.2,] 
		 4: %self->auto_discovery_link_tag def_%cl_4_14 %self[2.0,] %cl_4_11[9.1,] %cl_4_13[9.3,] 	 SYMBOL:rss,	 ARGS:Symbol,%cl_4_11,%cl_4_13,
		 5: 
BB 10
	outgoing: 11 
	datadep: 
	instructions:
		 0: COPY TYPE_Nil def_%cl_4_14 
BB 11
	outgoing: 12 16 60 
	datadep: 
	instructions:
		 0: 
		 1: COPY TYPE_StringLiteral "community_engine" def_%cl_4_15 
		 2: %self->stylesheet_link_tag def_%cl_4_16 %self[2.0,] %cl_4_15[11.1,] 	 SYMBOL:	 ARGS:%cl_4_15,
		 3: 
		 4: %self->forum_page? def_%cl_4_17 %self[11.2,2.0,] 	 SYMBOL:	 ARGS:
		 5: BRANCH %cl_4_17[11.4,] 
BB 12
	outgoing: 13 14 60 
	datadep: 
	instructions:
		 0: 
		 1: GETFIELD %self->feed_icons def_%cl_4_18 %self[2.0,] 
		 2: %cl_4_18->blank? def_%cl_4_19 %cl_4_18[12.1,] 	 SYMBOL:	 ARGS:
		 3: BRANCH %cl_4_19[12.2,] 
BB 13
	outgoing: 15 
	datadep: 
	instructions:
		 0: COPY TYPE_Nil def_%cl_4_20 
		 1: 
BB 14
	outgoing: 15 60 
	datadep: 
	instructions:
		 0: 
		 1: GETFIELD %self->feed_icons def_%cl_4_21 %self[2.0,] 
		 2: %cl_4_21->each def_%cl_4_22 %cl_4_21[14.1,] %self[2.0,] 	 SYMBOL:	 ARGS:%cl_4_21,
CLOSURE BEGIN: feed[] %self[2.0,] 
BB 1
	outgoing: 6 2 
	datadep: 
	instructions:
BB 2
	outgoing: 3 
	datadep: 
	instructions:
		 0: def_%self 
		 1: def_%cl_6_0 
		 2: RECEIVEARG def_feed 
		 3: COPY TYPE_CurrentScope def_%current_scope 
		 4: COPY TYPE_ScopeModule def_%current_module 
BB 3
	outgoing: 4 6 
	datadep: 
	instructions:
		 0: 
		 1: feed->[] def_%cl_6_3 feed[2.2,] 	 SYMBOL:url,	 ARGS:Symbol,
		 2: COPY TYPE_StringLiteral "Subscribe to '" def_%cl_6_4 
		 3: feed->[] def_%cl_6_5 feed[3.1,2.2,] 	 SYMBOL:title,	 ARGS:Symbol,
		 4: COPY TYPE_StringLiteral "'" def_%cl_6_6 
		 5: BUILDSTRING def_%cl_6_7 %cl_6_4[3.2,] %cl_6_5[3.3,] %cl_6_6[3.4,] 
		 6: HASH-title- def_%cl_6_8 %cl_6_7[3.5,] 
		 7: %self->auto_discovery_link_tag def_%cl_6_9 %self[2.0,] %cl_6_3[3.1,] %cl_6_8[3.6,] 	 SYMBOL:rss,	 ARGS:Symbol,%cl_6_3,%cl_6_8,
		 8: RETURN %cl_6_9[3.7,] %self[3.7,2.0,] 
BB 4
	outgoing: 6 
	datadep: 
	instructions:
		 0: def_%cl_6_10 
		 1: def_%cl_6_11 %cl_6_10[4.0,] 
		 2: RETURN %cl_6_11[4.1,] %self[2.0,] 
BB 6
	outgoing: 
	datadep: 
	instructions:
CLOSURE END: 
		 3: COPY TYPE_PASS def_%cl_4_20 %cl_4_22[14.2,] 
BB 15
	outgoing: 17 
	datadep: 
	instructions:
		 0: 
BB 16
	outgoing: 17 
	datadep: 
	instructions:
		 0: COPY TYPE_Nil def_%cl_4_20 
BB 17
	outgoing: 18 19 60 
	datadep: 
	instructions:
		 0: 
		 1: def_%cl_4_23 %cl_4_0[2.1,] 
		 2: 
		 3: %self->configatron def_%cl_4_24 %self[2.0,] 	 SYMBOL:	 ARGS:
		 4: %cl_4_24->auth_providers def_%cl_4_25 %cl_4_24[17.3,] 	 SYMBOL:	 ARGS:
		 5: %cl_4_25->facebook def_%cl_4_26 %cl_4_25[17.4,] 	 SYMBOL:	 ARGS:
		 6: %cl_4_26->key def_%cl_4_27 %cl_4_26[17.5,] 	 SYMBOL:	 ARGS:
		 7: %cl_4_27->blank? def_%cl_4_28 %cl_4_27[17.6,] 	 SYMBOL:	 ARGS:
		 8: BRANCH %cl_4_28[17.7,] 
BB 18
	outgoing: 20 
	datadep: 
	instructions:
		 0: COPY TYPE_Nil def_%cl_4_29 
		 1: 
BB 19
	outgoing: 20 
	datadep: 
	instructions:
		 0: COPY TYPE_Nil def_%cl_4_29 
BB 20
	outgoing: 21 22 60 
	datadep: 
	instructions:
		 0: 
		 1: %self->configatron def_%cl_4_30 %self[2.0,] 	 SYMBOL:	 ARGS:
		 2: %cl_4_30->community_name def_%cl_4_31 %cl_4_30[20.1,] 	 SYMBOL:	 ARGS:
		 3: %self->home_path def_%cl_4_32 %self[20.1,2.0,] 	 SYMBOL:	 ARGS:
		 4: COPY TYPE_StringLiteral "navbar-brand" def_%cl_4_33 
		 5: HASH-class- def_%cl_4_34 %cl_4_33[20.4,] 
		 6: %self->link_to def_%cl_4_35 %self[20.1,20.3,2.0,] %cl_4_31[20.2,] %cl_4_32[20.3,] %cl_4_34[20.5,] 	 SYMBOL:	 ARGS:%cl_4_31,%cl_4_32,%cl_4_34,
		 7: 
		 8: %self->site_clippings_path def_%cl_4_36 %self[20.1,20.3,20.6,2.0,] 	 SYMBOL:	 ARGS:
		 9: %self->current_page? def_%cl_4_37 %self[20.1,20.3,20.6,20.8,2.0,] %cl_4_36[20.8,] 	 SYMBOL:	 ARGS:%cl_4_36,
		 10: BRANCH %cl_4_37[20.9,] 
BB 21
	outgoing: 23 
	datadep: 
	instructions:
		 0: 
		 1: COPY TYPE_StringLiteral "active" def_%cl_4_38 
		 2: COPY TYPE_PASS def_css_class %cl_4_38[21.1,] 
		 3: 
BB 22
	outgoing: 23 
	datadep: 
	instructions:
		 0: 
		 1: COPY TYPE_StringLiteral "inactive" def_%cl_4_39 
		 2: COPY TYPE_PASS def_css_class %cl_4_39[22.1,] 
		 3: COPY TYPE_PASS def_%cl_4_38 %cl_4_39[22.1,] 
BB 23
	outgoing: 24 25 60 
	datadep: 
	instructions:
		 0: 
		 1: 
		 2: CONSTANT def_%cl_4_40 	 SYMBOL:clippings,	 ARGS:
		 3: %self->site_clippings_path def_%cl_4_41 %self[2.0,] 	 SYMBOL:	 ARGS:
		 4: %self->link_to def_%cl_4_42 %self[23.3,2.0,] %cl_4_40[23.2,] %cl_4_41[23.3,] 	 SYMBOL:	 ARGS:%cl_4_40,%cl_4_41,
		 5: 
		 6: %self->params def_%cl_4_43 %self[23.3,23.4,2.0,] 	 SYMBOL:	 ARGS:
		 7: %cl_4_43->[] def_%cl_4_44 %cl_4_43[23.6,] 	 SYMBOL:controller,	 ARGS:Symbol,
		 8: COPY TYPE_StringLiteral "events" def_%cl_4_45 
		 9: %cl_4_44->== def_%cl_4_46 %cl_4_44[23.7,] %cl_4_45[23.8,] 	 SYMBOL:	 ARGS:%cl_4_45,
		 10: BRANCH %cl_4_46[23.9,] 
BB 24
	outgoing: 26 
	datadep: 
	instructions:
		 0: 
		 1: COPY TYPE_StringLiteral "active" def_%cl_4_47 
		 2: COPY TYPE_PASS def_css_class %cl_4_47[24.1,] 
		 3: 
BB 25
	outgoing: 26 
	datadep: 
	instructions:
		 0: 
		 1: COPY TYPE_StringLiteral "inactive" def_%cl_4_48 
		 2: COPY TYPE_PASS def_css_class %cl_4_48[25.1,] 
		 3: COPY TYPE_PASS def_%cl_4_47 %cl_4_48[25.1,] 
BB 26
	outgoing: 27 28 60 
	datadep: 
	instructions:
		 0: 
		 1: 
		 2: CONSTANT def_%cl_4_49 	 SYMBOL:events,	 ARGS:
		 3: %self->events_path def_%cl_4_50 %self[2.0,] 	 SYMBOL:	 ARGS:
		 4: %self->link_to def_%cl_4_51 %self[26.3,2.0,] %cl_4_49[26.2,] %cl_4_50[26.3,] 	 SYMBOL:	 ARGS:%cl_4_49,%cl_4_50,
		 5: 
		 6: %self->params def_%cl_4_52 %self[26.3,26.4,2.0,] 	 SYMBOL:	 ARGS:
		 7: %cl_4_52->[] def_%cl_4_53 %cl_4_52[26.6,] 	 SYMBOL:controller,	 ARGS:Symbol,
		 8: COPY TYPE_StringLiteral "forums" def_%cl_4_54 
		 9: %cl_4_53->== def_%cl_4_55 %cl_4_53[26.7,] %cl_4_54[26.8,] 	 SYMBOL:	 ARGS:%cl_4_54,
		 10: BRANCH %cl_4_55[26.9,] 
BB 27
	outgoing: 29 
	datadep: 
	instructions:
		 0: 
		 1: COPY TYPE_StringLiteral "active" def_%cl_4_56 
		 2: COPY TYPE_PASS def_css_class %cl_4_56[27.1,] 
		 3: 
BB 28
	outgoing: 29 
	datadep: 
	instructions:
		 0: 
		 1: COPY TYPE_StringLiteral "inactive" def_%cl_4_57 
		 2: COPY TYPE_PASS def_css_class %cl_4_57[28.1,] 
		 3: COPY TYPE_PASS def_%cl_4_56 %cl_4_57[28.1,] 
BB 29
	outgoing: 30 31 60 
	datadep: 
	instructions:
		 0: 
		 1: 
		 2: CONSTANT def_%cl_4_58 	 SYMBOL:forums,	 ARGS:
		 3: %self->forums_path def_%cl_4_59 %self[2.0,] 	 SYMBOL:	 ARGS:
		 4: %self->link_to def_%cl_4_60 %self[29.3,2.0,] %cl_4_58[29.2,] %cl_4_59[29.3,] 	 SYMBOL:	 ARGS:%cl_4_58,%cl_4_59,
		 5: 
		 6: %self->popular_path def_%cl_4_61 %self[29.3,29.4,2.0,] 	 SYMBOL:	 ARGS:
		 7: %self->current_page? def_%cl_4_62 %self[29.3,29.4,29.6,2.0,] %cl_4_61[29.6,] 	 SYMBOL:	 ARGS:%cl_4_61,
		 8: BRANCH %cl_4_62[29.7,] 
BB 30
	outgoing: 32 
	datadep: 
	instructions:
		 0: 
		 1: COPY TYPE_StringLiteral "active" def_%cl_4_63 
		 2: COPY TYPE_PASS def_css_class %cl_4_63[30.1,] 
		 3: 
BB 31
	outgoing: 32 
	datadep: 
	instructions:
		 0: 
		 1: COPY TYPE_StringLiteral "inactive" def_%cl_4_64 
		 2: COPY TYPE_PASS def_css_class %cl_4_64[31.1,] 
		 3: COPY TYPE_PASS def_%cl_4_63 %cl_4_64[31.1,] 
BB 32
	outgoing: 33 38 60 
	datadep: 
	instructions:
		 0: 
		 1: 
		 2: CONSTANT def_%cl_4_65 	 SYMBOL:popular,	 ARGS:
		 3: %self->popular_path def_%cl_4_66 %self[2.0,] 	 SYMBOL:	 ARGS:
		 4: %self->link_to def_%cl_4_67 %self[32.3,2.0,] %cl_4_65[32.2,] %cl_4_66[32.3,] 	 SYMBOL:	 ARGS:%cl_4_65,%cl_4_66,
		 5: 
		 6: %self->users_path def_%cl_4_68 %self[32.3,32.4,2.0,] 	 SYMBOL:	 ARGS:
		 7: %self->current_page? def_%cl_4_69 %self[32.3,32.4,32.6,2.0,] %cl_4_68[32.6,] 	 SYMBOL:	 ARGS:%cl_4_68,
		 8: BRANCH %cl_4_69[32.7,] 
BB 33
	outgoing: 34 35 60 
	datadep: 
	instructions:
		 0: %self->params def_%cl_4_70 %self[2.0,] 	 SYMBOL:	 ARGS:
		 1: %cl_4_70->[] def_%cl_4_71 %cl_4_70[33.0,] 	 SYMBOL:controller,	 ARGS:Symbol,
		 2: COPY TYPE_StringLiteral "users" def_%cl_4_72 
		 3: %cl_4_71->== def_%cl_4_73 %cl_4_71[33.1,] %cl_4_72[33.2,] 	 SYMBOL:	 ARGS:%cl_4_72,
		 4: BRANCH %cl_4_73[33.3,] 
BB 34
	outgoing: 35 60 
	datadep: 
	instructions:
		 0: GETFIELD %self->user def_%cl_4_74 %self[2.0,] 
		 1: %cl_4_74->nil? def_%cl_4_75 %cl_4_74[34.0,] 	 SYMBOL:	 ARGS:
		 2: %cl_4_75->! def_%cl_4_76 %cl_4_75[34.1,] 	 SYMBOL:	 ARGS:
		 3: COPY TYPE_PASS def_%cl_4_73 %cl_4_76[34.2,] 
BB 35
	outgoing: 36 37 
	datadep: 
	instructions:
		 0: BRANCH %cl_4_73[34.3,33.3,] 
BB 36
	outgoing: 37 60 
	datadep: 
	instructions:
		 0: GETFIELD %self->user def_%cl_4_77 %self[2.0,] 
		 1: %self->current_user def_%cl_4_78 %self[2.0,] 	 SYMBOL:	 ARGS:
		 2: %cl_4_77->!= def_%cl_4_79 %cl_4_77[36.0,] %cl_4_78[36.1,] 	 SYMBOL:	 ARGS:%cl_4_78,
		 3: COPY TYPE_PASS def_%cl_4_73 %cl_4_79[36.2,] 
BB 37
	outgoing: 38 
	datadep: 
	instructions:
		 0: COPY TYPE_PASS def_%cl_4_69 %cl_4_73[36.3,34.3,33.3,] 
BB 38
	outgoing: 39 40 
	datadep: 
	instructions:
		 0: BRANCH %cl_4_69[37.0,32.7,] 
BB 39
	outgoing: 41 
	datadep: 
	instructions:
		 0: 
		 1: COPY TYPE_StringLiteral "active" def_%cl_4_80 
		 2: COPY TYPE_PASS def_css_class %cl_4_80[39.1,] 
		 3: 
BB 40
	outgoing: 41 
	datadep: 
	instructions:
		 0: 
		 1: COPY TYPE_StringLiteral "inactive" def_%cl_4_81 
		 2: COPY TYPE_PASS def_css_class %cl_4_81[40.1,] 
		 3: COPY TYPE_PASS def_%cl_4_80 %cl_4_81[40.1,] 
BB 41
	outgoing: 42 43 60 
	datadep: 
	instructions:
		 0: 
		 1: 
		 2: CONSTANT def_%cl_4_82 	 SYMBOL:people,	 ARGS:
		 3: %self->users_path def_%cl_4_83 %self[2.0,] 	 SYMBOL:	 ARGS:
		 4: %self->link_to def_%cl_4_84 %self[41.3,2.0,] %cl_4_82[41.2,] %cl_4_83[41.3,] 	 SYMBOL:	 ARGS:%cl_4_82,%cl_4_83,
		 5: 
		 6: GETFIELD %self->header_tabs def_%cl_4_85 %self[41.3,41.4,2.0,] 
		 7: %cl_4_85->any? def_%cl_4_86 %cl_4_85[41.6,] 	 SYMBOL:	 ARGS:
		 8: BRANCH %cl_4_86[41.7,] 
BB 42
	outgoing: 44 60 
	datadep: 
	instructions:
		 0: 
		 1: GETFIELD %self->header_tabs def_%cl_4_88 %self[2.0,] 
		 2: %cl_4_88->each def_%cl_4_87 %cl_4_88[42.1,] %self[2.0,] 	 SYMBOL:	 ARGS:%cl_4_88,
CLOSURE BEGIN: tab[] %self[2.0,] 
BB 1
	outgoing: 4 2 
	datadep: 
	instructions:
BB 2
	outgoing: 4 
	datadep: 
	instructions:
		 0: def_%self 
		 1: def_%cl_7_0 
		 2: RECEIVEARG def_tab 
		 3: COPY TYPE_CurrentScope def_%current_scope 
		 4: COPY TYPE_ScopeModule def_%current_module 
		 5: 
		 6: tab->name def_%cl_7_3 tab[2.2,] 	 SYMBOL:	 ARGS:
		 7: tab->url def_%cl_7_4 tab[2.2,2.6,] 	 SYMBOL:	 ARGS:
		 8: %self->link_to def_%cl_7_5 %self[2.0,] %cl_7_3[2.6,] %cl_7_4[2.7,] 	 SYMBOL:	 ARGS:%cl_7_3,%cl_7_4,
		 9: RETURN %cl_7_5[2.8,] %self[2.0,2.8,] 
BB 4
	outgoing: 
	datadep: 
	instructions:
CLOSURE END: tab[2.2,] 
		 3: 
BB 43
	outgoing: 44 
	datadep: 
	instructions:
		 0: COPY TYPE_Nil def_%cl_4_87 
BB 44
	outgoing: 45 52 60 
	datadep: 
	instructions:
		 0: 
		 1: %self->logged_in? def_%cl_4_89 %self[2.0,] 	 SYMBOL:	 ARGS:
		 2: BRANCH %cl_4_89[44.1,] 
BB 45
	outgoing: 46 50 60 
	datadep: 
	instructions:
		 0: 
		 1: %self->current_user def_%cl_4_90 %self[2.0,] 	 SYMBOL:	 ARGS:
		 2: %cl_4_90->unread_messages? def_%cl_4_91 %cl_4_90[45.1,] 	 SYMBOL:	 ARGS:
		 3: BRANCH %cl_4_91[45.2,] 
BB 46
	outgoing: 47 48 60 
	datadep: 
	instructions:
		 0: 
		 1: %self->params def_%cl_4_92 %self[2.0,] 	 SYMBOL:	 ARGS:
		 2: %cl_4_92->[] def_%cl_4_93 %cl_4_92[46.1,] 	 SYMBOL:controller,	 ARGS:Symbol,
		 3: COPY TYPE_StringLiteral "messages" def_%cl_4_94 
		 4: %cl_4_93->== def_%cl_4_95 %cl_4_93[46.2,] %cl_4_94[46.3,] 	 SYMBOL:	 ARGS:%cl_4_94,
		 5: BRANCH %cl_4_95[46.4,] 
BB 47
	outgoing: 49 
	datadep: 
	instructions:
		 0: 
		 1: COPY TYPE_StringLiteral "active" def_%cl_4_96 
		 2: COPY TYPE_PASS def_css_class %cl_4_96[47.1,] 
		 3: 
BB 48
	outgoing: 49 
	datadep: 
	instructions:
		 0: 
		 1: COPY TYPE_StringLiteral "inactive" def_%cl_4_97 
		 2: COPY TYPE_PASS def_css_class %cl_4_97[48.1,] 
		 3: COPY TYPE_PASS def_%cl_4_96 %cl_4_97[48.1,] 
BB 49
	outgoing: 51 60 
	datadep: 
	instructions:
		 0: 
		 1: 
		 2: %self->current_user def_%cl_4_98 %self[2.0,] 	 SYMBOL:	 ARGS:
		 3: %self->user_messages_path def_%cl_4_99 %self[49.2,2.0,] %cl_4_98[49.2,] 	 SYMBOL:	 ARGS:%cl_4_98,
		 4: 
		 5: %self->current_user def_%cl_4_100 %self[49.2,49.3,2.0,] 	 SYMBOL:	 ARGS:
		 6: %cl_4_100->unread_message_count def_%cl_4_101 %cl_4_100[49.5,] 	 SYMBOL:	 ARGS:
		 7: 
		 8: COPY TYPE_StringLiteral "envelope inverse" def_%cl_4_102 
		 9: %self->fa_icon def_%cl_4_103 %self[49.2,49.3,49.5,2.0,] %cl_4_102[49.8,] 	 SYMBOL:	 ARGS:%cl_4_102,
		 10: 
BB 50
	outgoing: 51 
	datadep: 
	instructions:
		 0: COPY TYPE_Nil def_%cl_4_103 
BB 51
	outgoing: 53 
	datadep: 
	instructions:
		 0: 
BB 52
	outgoing: 53 
	datadep: 
	instructions:
		 0: COPY TYPE_Nil def_%cl_4_103 
BB 53
	outgoing: 54 55 60 
	datadep: 
	instructions:
		 0: 
		 1: %self->render_jumbotron def_%cl_4_104 %self[2.0,] 	 SYMBOL:	 ARGS:
		 2: 
		 3: %self->container_title def_%cl_4_105 %self[53.1,2.0,] 	 SYMBOL:	 ARGS:
		 4: 
		 5: CONSTANT def_%cl_4_106 	 SYMBOL:edit_rsvp_for,	 ARGS:
		 6: COPY TYPE_StringLiteral " " def_%cl_4_107 
		 7: %cl_4_106->+ def_%cl_4_108 %cl_4_106[53.5,] %cl_4_107[53.6,] 	 SYMBOL:	 ARGS:%cl_4_107,
		 8: GETFIELD %self->event def_%cl_4_109 %self[53.1,53.3,2.0,] 
		 9: %cl_4_109->name def_%cl_4_110 %cl_4_109[53.8,] 	 SYMBOL:	 ARGS:
		 10: %cl_4_108->+ def_%cl_4_111 %cl_4_108[53.7,] %cl_4_110[53.9,] 	 SYMBOL:	 ARGS:%cl_4_110,
		 11: ATTRASSIGN %self->page_title %cl_4_111[53.10,] 
		 12: 
		 13: GETFIELD %self->event def_%cl_4_112 %self[53.1,53.3,2.0,] 
		 14: GETFIELD %self->rsvp def_%cl_4_113 %self[53.1,53.3,2.0,] 
		 15: COPY TYPE_Array def_%cl_4_114 %cl_4_112[53.13,] %cl_4_113[53.14,] 
		 16: HASH-layout- def_%cl_4_115 
		 17: %self->bootstrap_form_for def_%cl_4_116 %self[53.1,53.3,53.11,2.0,] %cl_4_114[53.15,] %cl_4_115[53.16,] %self[53.1,53.3,53.11,2.0,] 	 SYMBOL:	 ARGS:%cl_4_114,%cl_4_115,%self,
CLOSURE BEGIN: f[] 
BB 1
	outgoing: 6 2 
	datadep: 
	instructions:
BB 2
	outgoing: 3 
	datadep: 
	instructions:
		 0: def_%self 
		 1: def_%cl_8_0 
		 2: RECEIVEARG def_f 
		 3: COPY TYPE_CurrentScope def_%current_scope 
		 4: COPY TYPE_ScopeModule def_%current_module 
BB 3
	outgoing: 4 6 
	datadep: 
	instructions:
		 0: 
		 1: CONSTANT def_%cl_8_3 	 SYMBOL:number_of_attendees,	 ARGS:
		 2: HASH-label- def_%cl_8_4 %cl_8_3[3.1,] 
		 3: f->text_field def_%cl_8_5 f[2.2,] %cl_8_4[3.2,] 	 SYMBOL:attendees_count,	 ARGS:Symbol,%cl_8_4,
		 4: 
		 5: CONSTANT def_%cl_8_6 	 SYMBOL:update,	 ARGS:
		 6: f->primary def_%cl_8_7 f[3.3,2.2,] %cl_8_6[3.5,] 	 SYMBOL:	 ARGS:%cl_8_6,
		 7: RETURN %cl_8_7[3.6,] %self[2.0,] 
BB 4
	outgoing: 6 
	datadep: 
	instructions:
		 0: def_%cl_8_8 
		 1: def_%cl_8_9 %cl_8_8[4.0,] 
		 2: RETURN %cl_8_9[4.1,] %self[2.0,] 
BB 6
	outgoing: 
	datadep: 
	instructions:
CLOSURE END: 
		 18: 
		 19: %self->render_widgets def_%cl_4_117 %self[53.1,53.3,53.11,53.17,2.0,] 	 SYMBOL:	 ARGS:
		 20: 
		 21: %self->show_footer_content? def_%cl_4_118 %self[53.1,53.3,53.11,53.17,53.19,2.0,] 	 SYMBOL:	 ARGS:
		 22: BRANCH %cl_4_118[53.21,] 
BB 54
	outgoing: 56 60 
	datadep: 
	instructions:
		 0: 
		 1: COPY TYPE_StringLiteral "spinner.gif" def_%cl_4_119 
		 2: COPY TYPE_StringLiteral "community_engine" def_%cl_4_120 
		 3: HASH-plugin- def_%cl_4_121 %cl_4_120[54.2,] 
		 4: %self->image_tag def_%cl_4_122 %self[53.11,2.0,] %cl_4_119[54.1,] %cl_4_121[54.3,] 	 SYMBOL:	 ARGS:%cl_4_119,%cl_4_121,
		 5: 
		 6: CONSTANT def_%cl_4_123 	 SYMBOL:loading_recent_content,	 ARGS:
		 7: 
BB 55
	outgoing: 56 
	datadep: 
	instructions:
		 0: COPY TYPE_Nil def_%cl_4_123 
BB 56
	outgoing: 57 58 60 
	datadep: 
	instructions:
		 0: 
		 1: CONSTANT def_%cl_4_124 	 SYMBOL:community_tagline,	 ARGS:
		 2: 
		 3: COPY TYPE_StringLiteral "community_engine" def_%cl_4_125 
		 4: %self->javascript_include_tag def_%cl_4_126 %self[53.11,2.0,] %cl_4_125[56.3,] 	 SYMBOL:	 ARGS:%cl_4_125,
		 5: 
		 6: %self->tiny_mce_init_if_needed def_%cl_4_127 %self[56.4,53.11,2.0,] 	 SYMBOL:	 ARGS:
		 7: 
		 8: %self->show_footer_content? def_%cl_4_128 %self[56.4,56.6,53.11,2.0,] 	 SYMBOL:	 ARGS:
		 9: BRANCH %cl_4_128[56.8,] 
BB 57
	outgoing: 59 
	datadep: 
	instructions:
		 0: COPY TYPE_Nil def_%cl_4_129 
		 1: 
BB 58
	outgoing: 59 
	datadep: 
	instructions:
		 0: COPY TYPE_Nil def_%cl_4_129 
BB 59
	outgoing: 60 62 
	datadep: 
	instructions:
		 0: 
		 1: def_%cl_4_130 %cl_4_0[2.1,] 
		 2: RETURN %cl_4_130[59.1,] %self[53.11,2.0,] 
BB 60
	outgoing: 62 
	datadep: 
	instructions:
		 0: def_%cl_4_131 
		 1: def_%cl_4_132 %cl_4_131[60.0,] 
		 2: RETURN %cl_4_132[60.1,] %self[53.11,2.0,] 
BB 62
	outgoing: 
	datadep: 
	instructions:
CLOSURE END: css_class[22.2,21.2,25.2,24.2,28.2,27.2,31.2,30.2,40.2,39.2,48.2,47.2,] 
		 3: RETURN %cl_3_4[3.2,] %self[3.1,2.0,] 
BB 4
	outgoing: 6 
	datadep: 
	instructions:
		 0: def_%cl_3_5 
		 1: def_%cl_3_6 %cl_3_5[4.0,] 
		 2: RETURN %cl_3_6[4.1,] %self[2.0,] 
BB 6
	outgoing: 
	datadep: 
	instructions:
CLOSURE END: 
		 2: RETURN %cl_1_8[5.1,] %self[2.0,] 
BB 6
	outgoing: 9 
	datadep: 
	instructions:
		 0: RETURN %cl_1_7[4.5,] %self[2.0,] 
BB 7
	outgoing: 9 
	datadep: 
	instructions:
		 0: def_%cl_1_9 
		 1: def_%cl_1_10 %cl_1_9[7.0,] 
		 2: RETURN %cl_1_10[7.1,] %self[2.0,] 
BB 9
	outgoing: 
	datadep: 
	instructions:
CLOSURE END: 
		 12: RETURN %v_6[2.11,] %self[2.0,2.7,2.11,] 
BB 3
	outgoing: 
	datadep: 
	instructions:

SET IRMethod, name = destroy instanceMethod = true
BB 1
	outgoing: 3 2 
	datadep: 
	instructions:
BB 2
	outgoing: 3 
	datadep: 
	instructions:
		 0: def_%self 
		 1: def_%v_0 
		 2: COPY TYPE_CurrentScope def_%current_scope 
		 3: COPY TYPE_ScopeModule def_%current_module 
		 4: 
		 5: 
		 6: GETFIELD %self->rsvp def_%v_3 %self[2.0,] 
		 7: %v_3->destroy def_%v_4 %v_3[2.6,] 	 SYMBOL:	 ARGS:
		 8: 
		 9: %self->respond_to def_%v_5 %self[2.0,] %self[2.0,] 	 SYMBOL:	 ARGS:%self,
CLOSURE BEGIN: format[] %self[2.0,] 
BB 1
	outgoing: 6 2 
	datadep: 
	instructions:
BB 2
	outgoing: 3 
	datadep: 
	instructions:
		 0: def_%self 
		 1: def_%cl_1_0 
		 2: RECEIVEARG def_format 
		 3: COPY TYPE_CurrentScope def_%current_scope 
		 4: COPY TYPE_ScopeModule def_%current_module 
BB 3
	outgoing: 4 6 
	datadep: 
	instructions:
		 0: 
		 1: format->html def_%cl_1_3 format[2.2,] %self[2.0,] 	 SYMBOL:	 ARGS:format,
CLOSURE BEGIN: %self[2.0,] 
BB 1
	outgoing: 6 2 
	datadep: 
	instructions:
BB 2
	outgoing: 3 
	datadep: 
	instructions:
		 0: def_%self 
		 1: def_%cl_2_0 
		 2: COPY TYPE_CurrentScope def_%current_scope 
		 3: COPY TYPE_ScopeModule def_%current_module 
BB 3
	outgoing: 4 6 
	datadep: 
	instructions:
		 0: 
		 1: %self->flash def_%cl_2_3 %self[2.0,] 	 SYMBOL:	 ARGS:
		 2: CONSTANT def_%cl_2_4 	 SYMBOL:your_rsvp_has_been_retracted,	 ARGS:
		 3: ATTRASSIGN %cl_2_3->[] %cl_2_4[3.2,] 
		 4: 
		 5: GETFIELD %self->event def_%cl_2_5 %self[3.1,2.0,] 
		 6: COPY TYPE_Array def_%cl_2_6 %cl_2_5[3.5,] 
		 7: %self->redirect_to def_%cl_2_7 %self[3.1,2.0,] %cl_2_6[3.6,] 	 SYMBOL:	 ARGS:%cl_2_6,
		 8: RETURN %cl_2_7[3.7,] %self[3.1,3.7,2.0,] 
BB 4
	outgoing: 6 
	datadep: 
	instructions:
		 0: def_%cl_2_8 
		 1: def_%cl_2_9 %cl_2_8[4.0,] 
		 2: RETURN %cl_2_9[4.1,] %self[2.0,] 
BB 6
	outgoing: 
	datadep: 
	instructions:
CLOSURE END: 
		 2: RETURN %cl_1_3[3.1,] %self[2.0,] 
BB 4
	outgoing: 6 
	datadep: 
	instructions:
		 0: def_%cl_1_4 
		 1: def_%cl_1_5 %cl_1_4[4.0,] 
		 2: RETURN %cl_1_5[4.1,] %self[2.0,] 
BB 6
	outgoing: 
	datadep: 
	instructions:
CLOSURE END: 
		 10: RETURN %v_5[2.9,] %self[2.0,2.9,] 
BB 3
	outgoing: 
	datadep: 
	instructions:

SET IRMethod, name = require_ownership_or_moderator instanceMethod = true
BB 1
	outgoing: 25 2 
	datadep: 
	instructions:
BB 2
	outgoing: 4 
	datadep: 
	instructions:
		 0: def_%self 
		 1: def_%v_0 
		 2: COPY TYPE_CurrentScope def_%current_scope 
		 3: COPY TYPE_ScopeModule def_%current_module 
		 4: 
		 5: GLOBALVAR $! def_%v_3 
BB 4
	outgoing: 5 6 19 
	datadep: 
	instructions:
		 0: 
		 1: 
		 2: GETFIELD %self->event def_%v_6 %self[2.0,] 
		 3: %v_6->rsvps def_%v_7 %v_6[4.2,] 	 SYMBOL:	 ARGS:
		 4: %self->params def_%v_8 %self[2.0,] 	 SYMBOL:	 ARGS:
		 5: %v_8->[] def_%v_9 %v_8[4.4,] 	 SYMBOL:id,	 ARGS:Symbol,
		 6: %v_7->find def_%v_10 %v_7[4.3,] %v_9[4.5,] 	 SYMBOL:	 ARGS:%v_9,
		 7: ATTRASSIGN %self->rsvp %v_10[4.6,] 
		 8: 
		 9: GETFIELD %self->rsvp def_%v_11 %self[4.4,4.7,2.0,] 
		 10: %v_11->user def_%v_12 %v_11[4.9,] 	 SYMBOL:	 ARGS:
		 11: ATTRASSIGN %self->user %v_12[4.10,] 
		 12: 
		 13: %self->admin? def_%v_13 %self[4.4,4.7,4.11,2.0,] 	 SYMBOL:	 ARGS:
		 14: BRANCH %v_13[4.13,] 
BB 5
	outgoing: 6 19 
	datadep: 
	instructions:
		 0: %self->moderator? def_%v_14 %self[4.7,4.11,2.0,] 	 SYMBOL:	 ARGS:
		 1: COPY TYPE_PASS def_%v_13 %v_14[5.0,] 
BB 6
	outgoing: 7 10 
	datadep: 
	instructions:
		 0: BRANCH %v_13[5.1,4.13,] 
BB 7
	outgoing: 8 9 
	datadep: 
	instructions:
		 0: GETFIELD %self->rsvp def_%v_15 %self[4.7,2.0,] 
		 1: BRANCH %v_15[7.0,] 
BB 8
	outgoing: 9 19 
	datadep: 
	instructions:
		 0: GETFIELD %self->user def_%v_16 %self[4.11,2.0,] 
		 1: %self->current_user def_%v_17 %self[4.7,4.11,2.0,] 	 SYMBOL:	 ARGS:
		 2: %v_16->eql? def_%v_18 %v_16[8.0,] %v_17[8.1,] 	 SYMBOL:	 ARGS:%v_17,
		 3: COPY TYPE_PASS def_%v_15 %v_18[8.2,] 
BB 9
	outgoing: 10 
	datadep: 
	instructions:
		 0: COPY TYPE_PASS def_%v_13 %v_15[8.3,7.0,] 
BB 10
	outgoing: 11 12 
	datadep: 
	instructions:
		 0: BRANCH %v_13[9.0,5.1,4.13,] 
BB 11
	outgoing: 17 
	datadep: 
	instructions:
		 0: COPY TYPE_Nil def_%v_19 
		 1: 
BB 12
	outgoing: 13 16 19 
	datadep: 
	instructions:
		 0: 
		 1: GETFIELD %self->event def_%v_20 %self[2.0,] 
		 2: COPY TYPE_Array def_%v_21 %v_20[12.1,] 
		 3: %self->redirect_to def_%v_22 %self[4.7,4.11,2.0,] %v_21[12.2,] 	 SYMBOL:	 ARGS:%v_21,
		 4: BRANCH %v_22[12.3,] 
BB 13
	outgoing: 14 19 
	datadep: 
	instructions:
		 0: COPY TYPE_Boolean def_%v_23 
		 1: %v_3[2.5,] 
BB 14
	outgoing: 25 
	datadep: 
	instructions:
		 0: RETURN %v_23[13.0,] %self[4.7,4.11,2.0,] 
BB 16
	outgoing: 17 
	datadep: 
	instructions:
		 0: COPY TYPE_PASS def_%v_19 %v_22[12.3,] 
BB 17
	outgoing: 18 19 
	datadep: 
	instructions:
		 0: COPY TYPE_PASS def_%v_5 %v_19[16.0,11.0,] 
		 1: %v_3[2.5,] 
BB 18
	outgoing: 24 
	datadep: 
	instructions:
		 0: 
BB 19
	outgoing: 20 21 23 
	datadep: 
	instructions:
		 0: def_%v_24 
		 1: def_%v_25 %v_24[19.0,] 
		 2: BRANCH %v_25[19.1,] 
BB 20
	outgoing: 23 25 
	datadep: 
	instructions:
		 0: %v_24[19.0,] 
BB 21
	outgoing: 22 23 
	datadep: 
	instructions:
		 0: 
		 1: GETFIELD %self->event def_%v_26 %self[2.0,] 
		 2: COPY TYPE_Array def_%v_27 %v_26[21.1,] 
		 3: %self->redirect_to def_%v_28 %self[4.7,4.11,2.0,] %v_27[21.2,] 	 SYMBOL:	 ARGS:%v_27,
		 4: COPY TYPE_PASS def_%v_5 %v_28[21.3,] 
		 5: %v_3[2.5,] 
BB 22
	outgoing: 24 
	datadep: 
	instructions:
		 0: 
BB 23
	outgoing: 25 
	datadep: 
	instructions:
		 0: def_%v_29 
		 1: def_%v_30 %v_29[23.0,] %v_3[2.5,] 
		 2: %v_29[23.0,] 
BB 24
	outgoing: 25 
	datadep: 
	instructions:
		 0: RETURN %v_5[17.0,21.4,] %self[4.7,4.11,2.0,] 
BB 25
	outgoing: 
	datadep: 
	instructions:

SET IRMethod, name = rsvp_params instanceMethod = true
BB 1
	outgoing: 3 2 
	datadep: 
	instructions:
BB 2
	outgoing: 3 
	datadep: 
	instructions:
		 0: def_%self 
		 1: def_%v_0 
		 2: COPY TYPE_CurrentScope def_%current_scope 
		 3: COPY TYPE_ScopeModule def_%current_module 
		 4: 
		 5: 
		 6: %self->params def_%v_3 %self[2.0,] 	 SYMBOL:	 ARGS:
		 7: %v_3->[] def_%v_4 %v_3[2.6,] 	 SYMBOL:rsvp,	 ARGS:Symbol,
		 8: %v_4->permit def_%v_5 %v_4[2.7,] 	 SYMBOL:attendees_count,	 ARGS:Symbol,
		 9: RETURN %v_5[2.8,] %self[2.0,2.6,] 
BB 3
	outgoing: 
	datadep: 
	instructions:

