SET IRMethod, name = new instanceMethod = true
BB 1
	outgoing: 3 2 
	datadep: 
	instructions:
BB 2
	outgoing: 3 
	datadep: 
	instructions:
		 0: def_%self 
		 1: def_%v_0 
		 2: COPY TYPE_CurrentScope def_%current_scope 
		 3: COPY TYPE_ScopeModule def_%current_module 
		 4: 
		 5: 
		 6: (Post) def_%v_3 
		 7: %self->params def_%v_4 %self[2.0,] 	 SYMBOL:	 ARGS:
		 8: %v_4->[] def_%v_5 %v_4[2.7,] 	 SYMBOL:post_id,	 ARGS:Symbol,
		 9: %v_3->find def_%v_6 %v_3[2.6,] %v_5[2.8,] 	 SYMBOL:	 ARGS:%v_5,
		 10: ATTRASSIGN %self->post %v_6[2.9,] 
		 11: 
		 12: GETFIELD %self->post def_%v_7 %self[2.0,2.7,2.10,] 
		 13: %v_7->user def_%v_8 %v_7[2.12,] 	 SYMBOL:	 ARGS:
		 14: GETFIELD %self->post def_%v_9 %self[2.0,2.7,2.10,] 
		 15: %self->user_post_path def_%v_10 %self[2.0,2.7,2.10,] %v_8[2.13,] %v_9[2.14,] 	 SYMBOL:	 ARGS:%v_8,%v_9,
		 16: %self->redirect_to def_%v_11 %self[2.0,2.7,2.10,2.15,] %v_10[2.15,] 	 SYMBOL:	 ARGS:%v_10,
		 17: RETURN %v_11[2.16,] %self[2.0,2.7,2.10,2.15,2.16,] 
BB 3
	outgoing: 
	datadep: 
	instructions:

SET IRMethod, name = create instanceMethod = true
BB 1
	outgoing: 3 2 
	datadep: 
	instructions:
BB 2
	outgoing: 3 
	datadep: 
	instructions:
		 0: def_%self 
		 1: def_%v_0 
		 2: COPY TYPE_CurrentScope def_%current_scope 
		 3: COPY TYPE_ScopeModule def_%current_module 
		 4: 
		 5: 
		 6: GETFIELD %self->choice def_%v_3 %self[2.0,] 
		 7: %v_3->votes def_%v_4 %v_3[2.6,] 	 SYMBOL:	 ARGS:
		 8: %self->current_user def_%v_5 %self[2.0,] 	 SYMBOL:	 ARGS:
		 9: GETFIELD %self->choice def_%v_6 %self[2.0,2.8,] 
		 10: %v_6->poll def_%v_7 %v_6[2.9,] 	 SYMBOL:	 ARGS:
		 11: HASH-user-poll- def_%v_8 %v_5[2.8,] %v_7[2.10,] 
		 12: %v_4->new def_%v_9 %v_4[2.7,] %v_8[2.11,] 	 SYMBOL:	 ARGS:%v_8,
		 13: ATTRASSIGN %self->vote %v_9[2.12,] 
		 14: 
		 15: GETFIELD %self->vote def_%v_10 %self[2.0,2.8,2.13,] 
		 16: %v_10->save def_%v_11 %v_10[2.15,] 	 SYMBOL:	 ARGS:
		 17: 
		 18: %self->respond_to def_%v_12 %self[2.0,2.8,2.13,] %self[2.0,2.8,2.13,] 	 SYMBOL:	 ARGS:%self,
CLOSURE BEGIN: format[] 
BB 1
	outgoing: 6 2 
	datadep: 
	instructions:
BB 2
	outgoing: 3 
	datadep: 
	instructions:
		 0: def_%self 
		 1: def_%cl_1_0 
		 2: RECEIVEARG def_format 
		 3: COPY TYPE_CurrentScope def_%current_scope 
		 4: COPY TYPE_ScopeModule def_%current_module 
BB 3
	outgoing: 4 6 
	datadep: 
	instructions:
		 0: 
		 1: format->js def_%cl_1_3 format[2.2,] 	 SYMBOL:	 ARGS:
		 2: RETURN %cl_1_3[3.1,] %self[2.0,] 
BB 4
	outgoing: 6 
	datadep: 
	instructions:
		 0: def_%cl_1_4 
		 1: def_%cl_1_5 %cl_1_4[4.0,] 
		 2: RETURN %cl_1_5[4.1,] %self[2.0,] 
BB 6
	outgoing: 
	datadep: 
	instructions:
CLOSURE END: 
		 19: 
		 20: %self->ruby_code_from_view def_%v_13 %self[2.0,2.8,2.13,2.18,] 	 SYMBOL:	 ARGS:
		 21: %v_13->ruby_code_from_view def_%v_14 %v_13[2.20,] %self[2.0,2.8,2.13,2.18,2.20,] 	 SYMBOL:	 ARGS:%v_13,
CLOSURE BEGIN: %self[2.0,2.8,2.13,2.18,2.20,] key[] feed[] tab[] has_voted[] choice[] 
BB 1
	outgoing: 73 2 
	datadep: 
	instructions:
BB 2
	outgoing: 3 
	datadep: 
	instructions:
		 0: def_%self 
		 1: def_%cl_2_0 
		 2: RECEIVEARG def_rb_from_view 
		 3: COPY TYPE_CurrentScope def_%current_scope 
		 4: COPY TYPE_ScopeModule def_%current_module 
BB 3
	outgoing: 4 5 71 
	datadep: 
	instructions:
		 0: 
		 1: %self->home_url def_%cl_2_3 %self[2.0,] 	 SYMBOL:	 ARGS:
		 2: 
		 3: %self->csrf_meta_tag def_%cl_2_4 %self[3.1,2.0,] 	 SYMBOL:	 ARGS:
		 4: 
		 5: %self->page_title def_%cl_2_5 %self[3.1,3.3,2.0,] 	 SYMBOL:	 ARGS:
		 6: 
		 7: 
		 8: GETFIELD %self->meta def_%cl_2_6 %self[3.1,3.3,3.5,2.0,] 
		 9: BRANCH %cl_2_6[3.8,] 
BB 4
	outgoing: 6 71 
	datadep: 
	instructions:
		 0: GETFIELD %self->meta def_%cl_2_7 %self[2.0,] 
		 1: %cl_2_7->each def_%cl_2_8 %cl_2_7[4.0,] %self[2.0,] 	 SYMBOL:	 ARGS:%cl_2_7,
CLOSURE BEGIN: key[] 
BB 1
	outgoing: 6 2 
	datadep: 
	instructions:
BB 2
	outgoing: 3 
	datadep: 
	instructions:
		 0: def_%self 
		 1: def_%cl_3_0 
		 2: RECEIVEARG def_key 
		 3: COPY TYPE_CurrentScope def_%current_scope 
		 4: COPY TYPE_ScopeModule def_%current_module 
BB 3
	outgoing: 4 6 
	datadep: 
	instructions:
		 0: 
		 1: key->[] def_%cl_3_3 key[2.2,] 	 SYMBOL:	 ARGS:Fixnum,
		 2: 
		 3: key->[] def_%cl_3_4 key[3.1,2.2,] 	 SYMBOL:	 ARGS:Fixnum,
		 4: RETURN %cl_3_4[3.3,] %self[2.0,] 
BB 4
	outgoing: 6 
	datadep: 
	instructions:
		 0: def_%cl_3_5 
		 1: def_%cl_3_6 %cl_3_5[4.0,] 
		 2: RETURN %cl_3_6[4.1,] %self[2.0,] 
BB 6
	outgoing: 
	datadep: 
	instructions:
CLOSURE END: 
		 2: 
BB 5
	outgoing: 6 
	datadep: 
	instructions:
		 0: COPY TYPE_Nil def_%cl_2_8 
BB 6
	outgoing: 7 8 
	datadep: 
	instructions:
		 0: 
		 1: GETFIELD %self->rss_title def_%cl_2_9 %self[2.0,] 
		 2: BRANCH %cl_2_9[6.1,] 
BB 7
	outgoing: 8 
	datadep: 
	instructions:
		 0: GETFIELD %self->rss_url def_%cl_2_10 %self[2.0,] 
		 1: COPY TYPE_PASS def_%cl_2_9 %cl_2_10[7.0,] 
BB 8
	outgoing: 9 10 
	datadep: 
	instructions:
		 0: BRANCH %cl_2_9[7.1,6.1,] 
BB 9
	outgoing: 11 71 
	datadep: 
	instructions:
		 0: 
		 1: GETFIELD %self->rss_url def_%cl_2_11 %self[2.0,] 
		 2: GETFIELD %self->rss_title def_%cl_2_12 %self[2.0,] 
		 3: HASH-title- def_%cl_2_13 %cl_2_12[9.2,] 
		 4: %self->auto_discovery_link_tag def_%cl_2_14 %self[2.0,] %cl_2_11[9.1,] %cl_2_13[9.3,] 	 SYMBOL:rss,	 ARGS:Symbol,%cl_2_11,%cl_2_13,
		 5: 
BB 10
	outgoing: 11 
	datadep: 
	instructions:
		 0: COPY TYPE_Nil def_%cl_2_14 
BB 11
	outgoing: 12 16 71 
	datadep: 
	instructions:
		 0: 
		 1: COPY TYPE_StringLiteral "community_engine" def_%cl_2_15 
		 2: %self->stylesheet_link_tag def_%cl_2_16 %self[2.0,] %cl_2_15[11.1,] 	 SYMBOL:	 ARGS:%cl_2_15,
		 3: 
		 4: %self->forum_page? def_%cl_2_17 %self[11.2,2.0,] 	 SYMBOL:	 ARGS:
		 5: BRANCH %cl_2_17[11.4,] 
BB 12
	outgoing: 13 14 71 
	datadep: 
	instructions:
		 0: 
		 1: GETFIELD %self->feed_icons def_%cl_2_18 %self[2.0,] 
		 2: %cl_2_18->blank? def_%cl_2_19 %cl_2_18[12.1,] 	 SYMBOL:	 ARGS:
		 3: BRANCH %cl_2_19[12.2,] 
BB 13
	outgoing: 15 
	datadep: 
	instructions:
		 0: COPY TYPE_Nil def_%cl_2_20 
		 1: 
BB 14
	outgoing: 15 71 
	datadep: 
	instructions:
		 0: 
		 1: GETFIELD %self->feed_icons def_%cl_2_21 %self[2.0,] 
		 2: %cl_2_21->each def_%cl_2_22 %cl_2_21[14.1,] %self[2.0,] 	 SYMBOL:	 ARGS:%cl_2_21,
CLOSURE BEGIN: feed[] %self[2.0,] 
BB 1
	outgoing: 6 2 
	datadep: 
	instructions:
BB 2
	outgoing: 3 
	datadep: 
	instructions:
		 0: def_%self 
		 1: def_%cl_4_0 
		 2: RECEIVEARG def_feed 
		 3: COPY TYPE_CurrentScope def_%current_scope 
		 4: COPY TYPE_ScopeModule def_%current_module 
BB 3
	outgoing: 4 6 
	datadep: 
	instructions:
		 0: 
		 1: feed->[] def_%cl_4_3 feed[2.2,] 	 SYMBOL:url,	 ARGS:Symbol,
		 2: COPY TYPE_StringLiteral "Subscribe to '" def_%cl_4_4 
		 3: feed->[] def_%cl_4_5 feed[3.1,2.2,] 	 SYMBOL:title,	 ARGS:Symbol,
		 4: COPY TYPE_StringLiteral "'" def_%cl_4_6 
		 5: BUILDSTRING def_%cl_4_7 %cl_4_4[3.2,] %cl_4_5[3.3,] %cl_4_6[3.4,] 
		 6: HASH-title- def_%cl_4_8 %cl_4_7[3.5,] 
		 7: %self->auto_discovery_link_tag def_%cl_4_9 %self[2.0,] %cl_4_3[3.1,] %cl_4_8[3.6,] 	 SYMBOL:rss,	 ARGS:Symbol,%cl_4_3,%cl_4_8,
		 8: RETURN %cl_4_9[3.7,] %self[3.7,2.0,] 
BB 4
	outgoing: 6 
	datadep: 
	instructions:
		 0: def_%cl_4_10 
		 1: def_%cl_4_11 %cl_4_10[4.0,] 
		 2: RETURN %cl_4_11[4.1,] %self[2.0,] 
BB 6
	outgoing: 
	datadep: 
	instructions:
CLOSURE END: 
		 3: COPY TYPE_PASS def_%cl_2_20 %cl_2_22[14.2,] 
BB 15
	outgoing: 17 
	datadep: 
	instructions:
		 0: 
BB 16
	outgoing: 17 
	datadep: 
	instructions:
		 0: COPY TYPE_Nil def_%cl_2_20 
BB 17
	outgoing: 18 19 71 
	datadep: 
	instructions:
		 0: 
		 1: def_%cl_2_23 %cl_2_0[2.1,] 
		 2: 
		 3: %self->configatron def_%cl_2_24 %self[2.0,] 	 SYMBOL:	 ARGS:
		 4: %cl_2_24->auth_providers def_%cl_2_25 %cl_2_24[17.3,] 	 SYMBOL:	 ARGS:
		 5: %cl_2_25->facebook def_%cl_2_26 %cl_2_25[17.4,] 	 SYMBOL:	 ARGS:
		 6: %cl_2_26->key def_%cl_2_27 %cl_2_26[17.5,] 	 SYMBOL:	 ARGS:
		 7: %cl_2_27->blank? def_%cl_2_28 %cl_2_27[17.6,] 	 SYMBOL:	 ARGS:
		 8: BRANCH %cl_2_28[17.7,] 
BB 18
	outgoing: 20 
	datadep: 
	instructions:
		 0: COPY TYPE_Nil def_%cl_2_29 
		 1: 
BB 19
	outgoing: 20 
	datadep: 
	instructions:
		 0: COPY TYPE_Nil def_%cl_2_29 
BB 20
	outgoing: 21 22 71 
	datadep: 
	instructions:
		 0: 
		 1: %self->configatron def_%cl_2_30 %self[2.0,] 	 SYMBOL:	 ARGS:
		 2: %cl_2_30->community_name def_%cl_2_31 %cl_2_30[20.1,] 	 SYMBOL:	 ARGS:
		 3: %self->home_path def_%cl_2_32 %self[20.1,2.0,] 	 SYMBOL:	 ARGS:
		 4: COPY TYPE_StringLiteral "navbar-brand" def_%cl_2_33 
		 5: HASH-class- def_%cl_2_34 %cl_2_33[20.4,] 
		 6: %self->link_to def_%cl_2_35 %self[20.1,20.3,2.0,] %cl_2_31[20.2,] %cl_2_32[20.3,] %cl_2_34[20.5,] 	 SYMBOL:	 ARGS:%cl_2_31,%cl_2_32,%cl_2_34,
		 7: 
		 8: %self->site_clippings_path def_%cl_2_36 %self[20.1,20.3,20.6,2.0,] 	 SYMBOL:	 ARGS:
		 9: %self->current_page? def_%cl_2_37 %self[20.1,20.3,20.6,20.8,2.0,] %cl_2_36[20.8,] 	 SYMBOL:	 ARGS:%cl_2_36,
		 10: BRANCH %cl_2_37[20.9,] 
BB 21
	outgoing: 23 
	datadep: 
	instructions:
		 0: 
		 1: COPY TYPE_StringLiteral "active" def_%cl_2_38 
		 2: COPY TYPE_PASS def_css_class %cl_2_38[21.1,] 
		 3: 
BB 22
	outgoing: 23 
	datadep: 
	instructions:
		 0: 
		 1: COPY TYPE_StringLiteral "inactive" def_%cl_2_39 
		 2: COPY TYPE_PASS def_css_class %cl_2_39[22.1,] 
		 3: COPY TYPE_PASS def_%cl_2_38 %cl_2_39[22.1,] 
BB 23
	outgoing: 24 25 71 
	datadep: 
	instructions:
		 0: 
		 1: 
		 2: CONSTANT def_%cl_2_40 	 SYMBOL:clippings,	 ARGS:
		 3: %self->site_clippings_path def_%cl_2_41 %self[2.0,] 	 SYMBOL:	 ARGS:
		 4: %self->link_to def_%cl_2_42 %self[23.3,2.0,] %cl_2_40[23.2,] %cl_2_41[23.3,] 	 SYMBOL:	 ARGS:%cl_2_40,%cl_2_41,
		 5: 
		 6: %self->params def_%cl_2_43 %self[23.3,23.4,2.0,] 	 SYMBOL:	 ARGS:
		 7: %cl_2_43->[] def_%cl_2_44 %cl_2_43[23.6,] 	 SYMBOL:controller,	 ARGS:Symbol,
		 8: COPY TYPE_StringLiteral "events" def_%cl_2_45 
		 9: %cl_2_44->== def_%cl_2_46 %cl_2_44[23.7,] %cl_2_45[23.8,] 	 SYMBOL:	 ARGS:%cl_2_45,
		 10: BRANCH %cl_2_46[23.9,] 
BB 24
	outgoing: 26 
	datadep: 
	instructions:
		 0: 
		 1: COPY TYPE_StringLiteral "active" def_%cl_2_47 
		 2: COPY TYPE_PASS def_css_class %cl_2_47[24.1,] 
		 3: 
BB 25
	outgoing: 26 
	datadep: 
	instructions:
		 0: 
		 1: COPY TYPE_StringLiteral "inactive" def_%cl_2_48 
		 2: COPY TYPE_PASS def_css_class %cl_2_48[25.1,] 
		 3: COPY TYPE_PASS def_%cl_2_47 %cl_2_48[25.1,] 
BB 26
	outgoing: 27 28 71 
	datadep: 
	instructions:
		 0: 
		 1: 
		 2: CONSTANT def_%cl_2_49 	 SYMBOL:events,	 ARGS:
		 3: %self->events_path def_%cl_2_50 %self[2.0,] 	 SYMBOL:	 ARGS:
		 4: %self->link_to def_%cl_2_51 %self[26.3,2.0,] %cl_2_49[26.2,] %cl_2_50[26.3,] 	 SYMBOL:	 ARGS:%cl_2_49,%cl_2_50,
		 5: 
		 6: %self->params def_%cl_2_52 %self[26.3,26.4,2.0,] 	 SYMBOL:	 ARGS:
		 7: %cl_2_52->[] def_%cl_2_53 %cl_2_52[26.6,] 	 SYMBOL:controller,	 ARGS:Symbol,
		 8: COPY TYPE_StringLiteral "forums" def_%cl_2_54 
		 9: %cl_2_53->== def_%cl_2_55 %cl_2_53[26.7,] %cl_2_54[26.8,] 	 SYMBOL:	 ARGS:%cl_2_54,
		 10: BRANCH %cl_2_55[26.9,] 
BB 27
	outgoing: 29 
	datadep: 
	instructions:
		 0: 
		 1: COPY TYPE_StringLiteral "active" def_%cl_2_56 
		 2: COPY TYPE_PASS def_css_class %cl_2_56[27.1,] 
		 3: 
BB 28
	outgoing: 29 
	datadep: 
	instructions:
		 0: 
		 1: COPY TYPE_StringLiteral "inactive" def_%cl_2_57 
		 2: COPY TYPE_PASS def_css_class %cl_2_57[28.1,] 
		 3: COPY TYPE_PASS def_%cl_2_56 %cl_2_57[28.1,] 
BB 29
	outgoing: 30 31 71 
	datadep: 
	instructions:
		 0: 
		 1: 
		 2: CONSTANT def_%cl_2_58 	 SYMBOL:forums,	 ARGS:
		 3: %self->forums_path def_%cl_2_59 %self[2.0,] 	 SYMBOL:	 ARGS:
		 4: %self->link_to def_%cl_2_60 %self[29.3,2.0,] %cl_2_58[29.2,] %cl_2_59[29.3,] 	 SYMBOL:	 ARGS:%cl_2_58,%cl_2_59,
		 5: 
		 6: %self->popular_path def_%cl_2_61 %self[29.3,29.4,2.0,] 	 SYMBOL:	 ARGS:
		 7: %self->current_page? def_%cl_2_62 %self[29.3,29.4,29.6,2.0,] %cl_2_61[29.6,] 	 SYMBOL:	 ARGS:%cl_2_61,
		 8: BRANCH %cl_2_62[29.7,] 
BB 30
	outgoing: 32 
	datadep: 
	instructions:
		 0: 
		 1: COPY TYPE_StringLiteral "active" def_%cl_2_63 
		 2: COPY TYPE_PASS def_css_class %cl_2_63[30.1,] 
		 3: 
BB 31
	outgoing: 32 
	datadep: 
	instructions:
		 0: 
		 1: COPY TYPE_StringLiteral "inactive" def_%cl_2_64 
		 2: COPY TYPE_PASS def_css_class %cl_2_64[31.1,] 
		 3: COPY TYPE_PASS def_%cl_2_63 %cl_2_64[31.1,] 
BB 32
	outgoing: 33 38 71 
	datadep: 
	instructions:
		 0: 
		 1: 
		 2: CONSTANT def_%cl_2_65 	 SYMBOL:popular,	 ARGS:
		 3: %self->popular_path def_%cl_2_66 %self[2.0,] 	 SYMBOL:	 ARGS:
		 4: %self->link_to def_%cl_2_67 %self[32.3,2.0,] %cl_2_65[32.2,] %cl_2_66[32.3,] 	 SYMBOL:	 ARGS:%cl_2_65,%cl_2_66,
		 5: 
		 6: %self->users_path def_%cl_2_68 %self[32.3,32.4,2.0,] 	 SYMBOL:	 ARGS:
		 7: %self->current_page? def_%cl_2_69 %self[32.3,32.4,32.6,2.0,] %cl_2_68[32.6,] 	 SYMBOL:	 ARGS:%cl_2_68,
		 8: BRANCH %cl_2_69[32.7,] 
BB 33
	outgoing: 34 35 71 
	datadep: 
	instructions:
		 0: %self->params def_%cl_2_70 %self[2.0,] 	 SYMBOL:	 ARGS:
		 1: %cl_2_70->[] def_%cl_2_71 %cl_2_70[33.0,] 	 SYMBOL:controller,	 ARGS:Symbol,
		 2: COPY TYPE_StringLiteral "users" def_%cl_2_72 
		 3: %cl_2_71->== def_%cl_2_73 %cl_2_71[33.1,] %cl_2_72[33.2,] 	 SYMBOL:	 ARGS:%cl_2_72,
		 4: BRANCH %cl_2_73[33.3,] 
BB 34
	outgoing: 35 71 
	datadep: 
	instructions:
		 0: GETFIELD %self->user def_%cl_2_74 %self[2.0,] 
		 1: %cl_2_74->nil? def_%cl_2_75 %cl_2_74[34.0,] 	 SYMBOL:	 ARGS:
		 2: %cl_2_75->! def_%cl_2_76 %cl_2_75[34.1,] 	 SYMBOL:	 ARGS:
		 3: COPY TYPE_PASS def_%cl_2_73 %cl_2_76[34.2,] 
BB 35
	outgoing: 36 37 
	datadep: 
	instructions:
		 0: BRANCH %cl_2_73[34.3,33.3,] 
BB 36
	outgoing: 37 71 
	datadep: 
	instructions:
		 0: GETFIELD %self->user def_%cl_2_77 %self[2.0,] 
		 1: %self->current_user def_%cl_2_78 %self[2.0,] 	 SYMBOL:	 ARGS:
		 2: %cl_2_77->!= def_%cl_2_79 %cl_2_77[36.0,] %cl_2_78[36.1,] 	 SYMBOL:	 ARGS:%cl_2_78,
		 3: COPY TYPE_PASS def_%cl_2_73 %cl_2_79[36.2,] 
BB 37
	outgoing: 38 
	datadep: 
	instructions:
		 0: COPY TYPE_PASS def_%cl_2_69 %cl_2_73[36.3,34.3,33.3,] 
BB 38
	outgoing: 39 40 
	datadep: 
	instructions:
		 0: BRANCH %cl_2_69[37.0,32.7,] 
BB 39
	outgoing: 41 
	datadep: 
	instructions:
		 0: 
		 1: COPY TYPE_StringLiteral "active" def_%cl_2_80 
		 2: COPY TYPE_PASS def_css_class %cl_2_80[39.1,] 
		 3: 
BB 40
	outgoing: 41 
	datadep: 
	instructions:
		 0: 
		 1: COPY TYPE_StringLiteral "inactive" def_%cl_2_81 
		 2: COPY TYPE_PASS def_css_class %cl_2_81[40.1,] 
		 3: COPY TYPE_PASS def_%cl_2_80 %cl_2_81[40.1,] 
BB 41
	outgoing: 42 43 71 
	datadep: 
	instructions:
		 0: 
		 1: 
		 2: CONSTANT def_%cl_2_82 	 SYMBOL:people,	 ARGS:
		 3: %self->users_path def_%cl_2_83 %self[2.0,] 	 SYMBOL:	 ARGS:
		 4: %self->link_to def_%cl_2_84 %self[41.3,2.0,] %cl_2_82[41.2,] %cl_2_83[41.3,] 	 SYMBOL:	 ARGS:%cl_2_82,%cl_2_83,
		 5: 
		 6: GETFIELD %self->header_tabs def_%cl_2_85 %self[41.3,41.4,2.0,] 
		 7: %cl_2_85->any? def_%cl_2_86 %cl_2_85[41.6,] 	 SYMBOL:	 ARGS:
		 8: BRANCH %cl_2_86[41.7,] 
BB 42
	outgoing: 44 71 
	datadep: 
	instructions:
		 0: 
		 1: GETFIELD %self->header_tabs def_%cl_2_88 %self[2.0,] 
		 2: %cl_2_88->each def_%cl_2_87 %cl_2_88[42.1,] %self[2.0,] 	 SYMBOL:	 ARGS:%cl_2_88,
CLOSURE BEGIN: tab[] %self[2.0,] 
BB 1
	outgoing: 4 2 
	datadep: 
	instructions:
BB 2
	outgoing: 4 
	datadep: 
	instructions:
		 0: def_%self 
		 1: def_%cl_5_0 
		 2: RECEIVEARG def_tab 
		 3: COPY TYPE_CurrentScope def_%current_scope 
		 4: COPY TYPE_ScopeModule def_%current_module 
		 5: 
		 6: tab->name def_%cl_5_3 tab[2.2,] 	 SYMBOL:	 ARGS:
		 7: tab->url def_%cl_5_4 tab[2.2,2.6,] 	 SYMBOL:	 ARGS:
		 8: %self->link_to def_%cl_5_5 %self[2.0,] %cl_5_3[2.6,] %cl_5_4[2.7,] 	 SYMBOL:	 ARGS:%cl_5_3,%cl_5_4,
		 9: RETURN %cl_5_5[2.8,] %self[2.0,2.8,] 
BB 4
	outgoing: 
	datadep: 
	instructions:
CLOSURE END: tab[2.2,] 
		 3: 
BB 43
	outgoing: 44 
	datadep: 
	instructions:
		 0: COPY TYPE_Nil def_%cl_2_87 
BB 44
	outgoing: 45 52 71 
	datadep: 
	instructions:
		 0: 
		 1: %self->logged_in? def_%cl_2_89 %self[2.0,] 	 SYMBOL:	 ARGS:
		 2: BRANCH %cl_2_89[44.1,] 
BB 45
	outgoing: 46 50 71 
	datadep: 
	instructions:
		 0: 
		 1: %self->current_user def_%cl_2_90 %self[2.0,] 	 SYMBOL:	 ARGS:
		 2: %cl_2_90->unread_messages? def_%cl_2_91 %cl_2_90[45.1,] 	 SYMBOL:	 ARGS:
		 3: BRANCH %cl_2_91[45.2,] 
BB 46
	outgoing: 47 48 71 
	datadep: 
	instructions:
		 0: 
		 1: %self->params def_%cl_2_92 %self[2.0,] 	 SYMBOL:	 ARGS:
		 2: %cl_2_92->[] def_%cl_2_93 %cl_2_92[46.1,] 	 SYMBOL:controller,	 ARGS:Symbol,
		 3: COPY TYPE_StringLiteral "messages" def_%cl_2_94 
		 4: %cl_2_93->== def_%cl_2_95 %cl_2_93[46.2,] %cl_2_94[46.3,] 	 SYMBOL:	 ARGS:%cl_2_94,
		 5: BRANCH %cl_2_95[46.4,] 
BB 47
	outgoing: 49 
	datadep: 
	instructions:
		 0: 
		 1: COPY TYPE_StringLiteral "active" def_%cl_2_96 
		 2: COPY TYPE_PASS def_css_class %cl_2_96[47.1,] 
		 3: 
BB 48
	outgoing: 49 
	datadep: 
	instructions:
		 0: 
		 1: COPY TYPE_StringLiteral "inactive" def_%cl_2_97 
		 2: COPY TYPE_PASS def_css_class %cl_2_97[48.1,] 
		 3: COPY TYPE_PASS def_%cl_2_96 %cl_2_97[48.1,] 
BB 49
	outgoing: 51 71 
	datadep: 
	instructions:
		 0: 
		 1: 
		 2: %self->current_user def_%cl_2_98 %self[2.0,] 	 SYMBOL:	 ARGS:
		 3: %self->user_messages_path def_%cl_2_99 %self[49.2,2.0,] %cl_2_98[49.2,] 	 SYMBOL:	 ARGS:%cl_2_98,
		 4: 
		 5: %self->current_user def_%cl_2_100 %self[49.2,49.3,2.0,] 	 SYMBOL:	 ARGS:
		 6: %cl_2_100->unread_message_count def_%cl_2_101 %cl_2_100[49.5,] 	 SYMBOL:	 ARGS:
		 7: 
		 8: COPY TYPE_StringLiteral "envelope inverse" def_%cl_2_102 
		 9: %self->fa_icon def_%cl_2_103 %self[49.2,49.3,49.5,2.0,] %cl_2_102[49.8,] 	 SYMBOL:	 ARGS:%cl_2_102,
		 10: 
BB 50
	outgoing: 51 
	datadep: 
	instructions:
		 0: COPY TYPE_Nil def_%cl_2_103 
BB 51
	outgoing: 53 
	datadep: 
	instructions:
		 0: 
BB 52
	outgoing: 53 
	datadep: 
	instructions:
		 0: COPY TYPE_Nil def_%cl_2_103 
BB 53
	outgoing: 54 63 71 
	datadep: 
	instructions:
		 0: 
		 1: %self->render_jumbotron def_%cl_2_104 %self[2.0,] 	 SYMBOL:	 ARGS:
		 2: 
		 3: %self->container_title def_%cl_2_105 %self[53.1,2.0,] 	 SYMBOL:	 ARGS:
		 4: 
		 5: GETFIELD %self->vote def_%cl_2_106 %self[53.1,53.3,2.0,] 
		 6: %cl_2_106->valid? def_%cl_2_107 %cl_2_106[53.5,] 	 SYMBOL:	 ARGS:
		 7: BRANCH %cl_2_107[53.6,] 
BB 54
	outgoing: 55 56 71 
	datadep: 
	instructions:
		 0: 
		 1: GETFIELD %self->choice def_%cl_2_108 %self[2.0,] 
		 2: %cl_2_108->poll def_%cl_2_109 %cl_2_108[54.1,] 	 SYMBOL:	 ARGS:
		 3: %cl_2_109->id def_%cl_2_110 %cl_2_109[54.2,] 	 SYMBOL:	 ARGS:
		 4: %cl_2_110->to_s def_%cl_2_111 %cl_2_110[54.3,] 	 SYMBOL:	 ARGS:
		 5: 
		 6: %self->logged_in? def_%cl_2_112 %self[2.0,] 	 SYMBOL:	 ARGS:
		 7: BRANCH %cl_2_112[54.6,] 
BB 55
	outgoing: 56 71 
	datadep: 
	instructions:
		 0: %self->poll def_%cl_2_113 %self[2.0,] 	 SYMBOL:	 ARGS:
		 1: %self->current_user def_%cl_2_114 %self[55.0,2.0,] 	 SYMBOL:	 ARGS:
		 2: %cl_2_113->voted? def_%cl_2_115 %cl_2_113[55.0,] %cl_2_114[55.1,] 	 SYMBOL:	 ARGS:%cl_2_114,
		 3: COPY TYPE_PASS def_%cl_2_112 %cl_2_115[55.2,] 
BB 56
	outgoing: 57 58 71 
	datadep: 
	instructions:
		 0: COPY TYPE_PASS def_has_voted %cl_2_112[55.3,54.6,] 
		 1: 
		 2: %self->poll def_%cl_2_116 %self[2.0,] 	 SYMBOL:	 ARGS:
		 3: %cl_2_116->question def_%cl_2_117 %cl_2_116[56.2,] 	 SYMBOL:	 ARGS:
		 4: 
		 5: CONSTANT def_%cl_2_118 	 SYMBOL:total_votes,	 ARGS:
		 6: 
		 7: %self->poll def_%cl_2_119 %self[56.2,2.0,] 	 SYMBOL:	 ARGS:
		 8: %cl_2_119->votes def_%cl_2_120 %cl_2_119[56.7,] 	 SYMBOL:	 ARGS:
		 9: %cl_2_120->size def_%cl_2_121 %cl_2_120[56.8,] 	 SYMBOL:	 ARGS:
		 10: 
		 11: %self->poll def_%cl_2_122 %self[56.2,56.7,2.0,] 	 SYMBOL:	 ARGS:
		 12: %cl_2_122->choices def_%cl_2_123 %cl_2_122[56.11,] 	 SYMBOL:	 ARGS:
		 13: %cl_2_123->each def_%cl_2_124 %cl_2_123[56.12,] %self[56.2,56.7,56.11,2.0,] 	 SYMBOL:	 ARGS:%cl_2_123,
CLOSURE BEGIN: %self[56.2,56.7,56.11,2.0,] has_voted[56.0,] choice[] 
BB 1
	outgoing: 19 2 
	datadep: 
	instructions:
BB 2
	outgoing: 4 5 
	datadep: 
	instructions:
		 0: def_%self 
		 1: def_%cl_6_0 
		 2: RECEIVEARG def_choice 
		 3: COPY TYPE_CurrentScope def_%current_scope 
		 4: COPY TYPE_ScopeModule def_%current_module 
		 5: 
		 6: GETFIELD %self->is_current_user def_%cl_6_3 %self[2.0,] 
		 7: BRANCH %cl_6_3[2.6,] 
BB 4
	outgoing: 5 
	datadep: 
	instructions:
		 0: COPY TYPE_PASS def_%cl_6_3 has_voted[] 
BB 5
	outgoing: 6 7 
	datadep: 
	instructions:
		 0: BRANCH %cl_6_3[4.0,2.6,] 
BB 6
	outgoing: 16 17 
	datadep: 
	instructions:
		 0: 
		 1: choice->votes_percentage def_%cl_6_4 choice[2.2,] 	 SYMBOL:	 ARGS:
		 2: 
		 3: choice->votes_percentage def_%cl_6_5 choice[6.1,2.2,] 	 SYMBOL:	 ARGS:
		 4: 
BB 7
	outgoing: 8 9 17 
	datadep: 
	instructions:
		 0: 
		 1: %self->logged_in? def_%cl_6_6 %self[2.0,] 	 SYMBOL:	 ARGS:
		 2: BRANCH %cl_6_6[7.1,] 
BB 8
	outgoing: 9 17 
	datadep: 
	instructions:
		 0: has_voted->! def_%cl_6_7 has_voted[] 	 SYMBOL:	 ARGS:
		 1: COPY TYPE_PASS def_%cl_6_6 %cl_6_7[8.0,] 
BB 9
	outgoing: 10 11 
	datadep: 
	instructions:
		 0: BRANCH %cl_6_6[8.1,7.1,] 
BB 10
	outgoing: 15 17 
	datadep: 
	instructions:
		 0: 
		 1: CONSTANT def_%cl_6_8 	 SYMBOL:vote,	 ARGS:
		 2: HASH-choice_id- def_%cl_6_9 choice[2.2,] 
		 3: %self->votes_path def_%cl_6_10 %self[2.0,] %cl_6_9[10.2,] 	 SYMBOL:	 ARGS:%cl_6_9,
		 4: COPY TYPE_StringLiteral "act-via-ajax" def_%cl_6_11 
		 5: HASH-method-class- def_%cl_6_12 %cl_6_11[10.4,] 
		 6: %self->link_to def_%cl_6_13 %self[10.3,2.0,] %cl_6_8[10.1,] %cl_6_10[10.3,] %cl_6_12[10.5,] 	 SYMBOL:	 ARGS:%cl_6_8,%cl_6_10,%cl_6_12,
		 7: 
BB 11
	outgoing: 12 13 17 
	datadep: 
	instructions:
		 0: 
		 1: %self->logged_in? def_%cl_6_14 %self[2.0,] 	 SYMBOL:	 ARGS:
		 2: %cl_6_14->! def_%cl_6_15 %cl_6_14[11.1,] 	 SYMBOL:	 ARGS:
		 3: BRANCH %cl_6_15[11.2,] 
BB 12
	outgoing: 14 17 
	datadep: 
	instructions:
		 0: 
		 1: CONSTANT def_%cl_6_16 	 SYMBOL:vote,	 ARGS:
		 2: %self->poll def_%cl_6_17 %self[2.0,] 	 SYMBOL:	 ARGS:
		 3: %cl_6_17->post def_%cl_6_18 %cl_6_17[12.2,] 	 SYMBOL:	 ARGS:
		 4: %cl_6_18->id def_%cl_6_19 %cl_6_18[12.3,] 	 SYMBOL:	 ARGS:
		 5: HASH-post_id- def_%cl_6_20 %cl_6_19[12.4,] 
		 6: %self->new_vote_path def_%cl_6_21 %self[12.2,2.0,] %cl_6_20[12.5,] 	 SYMBOL:	 ARGS:%cl_6_20,
		 7: CONSTANT def_%cl_6_22 	 SYMBOL:log_in_to_vote,	 ARGS:
		 8: COPY TYPE_StringLiteral "vote" def_%cl_6_23 
		 9: HASH-title-class- def_%cl_6_24 %cl_6_22[12.7,] %cl_6_23[12.8,] 
		 10: %self->link_to def_%cl_6_25 %self[12.2,12.6,2.0,] %cl_6_16[12.1,] %cl_6_21[12.6,] %cl_6_24[12.9,] 	 SYMBOL:	 ARGS:%cl_6_16,%cl_6_21,%cl_6_24,
		 11: 
BB 13
	outgoing: 14 
	datadep: 
	instructions:
		 0: COPY TYPE_Nil def_%cl_6_25 
BB 14
	outgoing: 15 
	datadep: 
	instructions:
		 0: COPY TYPE_PASS def_%cl_6_13 %cl_6_25[13.0,12.10,] 
BB 15
	outgoing: 16 
	datadep: 
	instructions:
		 0: COPY TYPE_PASS def_%cl_6_5 %cl_6_13[14.0,10.6,] 
BB 16
	outgoing: 17 19 
	datadep: 
	instructions:
		 0: 
		 1: choice->description def_%cl_6_26 choice[2.2,] 	 SYMBOL:	 ARGS:
		 2: RETURN %cl_6_26[16.1,] %self[2.0,] 
BB 17
	outgoing: 19 
	datadep: 
	instructions:
		 0: def_%cl_6_27 
		 1: def_%cl_6_28 %cl_6_27[17.0,] 
		 2: RETURN %cl_6_28[17.1,] %self[2.0,] 
BB 19
	outgoing: 
	datadep: 
	instructions:
CLOSURE END: 
		 14: 
		 15: has_voted->! def_%cl_2_125 has_voted[56.0,] 	 SYMBOL:	 ARGS:
		 16: BRANCH %cl_2_125[56.15,] 
BB 57
	outgoing: 62 71 
	datadep: 
	instructions:
		 0: 
		 1: CONSTANT def_%cl_2_126 	 SYMBOL:you_must_vote_to_see_the_results,	 ARGS:
		 2: 
BB 58
	outgoing: 59 60 71 
	datadep: 
	instructions:
		 0: 
		 1: %self->logged_in? def_%cl_2_127 %self[2.0,] 	 SYMBOL:	 ARGS:
		 2: BRANCH %cl_2_127[58.1,] 
BB 59
	outgoing: 61 71 
	datadep: 
	instructions:
		 0: 
		 1: CONSTANT def_%cl_2_128 	 SYMBOL:you_have_already_voted,	 ARGS:
		 2: 
BB 60
	outgoing: 61 
	datadep: 
	instructions:
		 0: COPY TYPE_Nil def_%cl_2_128 
BB 61
	outgoing: 62 
	datadep: 
	instructions:
		 0: COPY TYPE_PASS def_%cl_2_126 %cl_2_128[60.0,59.1,] 
BB 62
	outgoing: 64 71 
	datadep: 
	instructions:
		 0: COPY TYPE_PASS def_%cl_2_129 %cl_2_126[61.0,57.1,] 
		 1: COPY TYPE_StringLiteral """ def_%cl_2_130 
		 2: COPY TYPE_StringLiteral "\"" def_%cl_2_131 
		 3: %cl_2_126->gsub def_%cl_2_132 %cl_2_126[61.0,57.1,] %cl_2_130[62.1,] %cl_2_131[62.2,] 	 SYMBOL:	 ARGS:%cl_2_130,%cl_2_131,
		 4: COPY TYPE_PASS def_%cl_2_133 %cl_2_132[62.3,] 
		 5: COPY TYPE_StringLiteral "
" def_%cl_2_134 
		 6: COPY TYPE_StringLiteral "" def_%cl_2_135 
		 7: %cl_2_132->gsub def_%cl_2_136 %cl_2_132[62.3,] %cl_2_134[62.5,] %cl_2_135[62.6,] 	 SYMBOL:	 ARGS:%cl_2_134,%cl_2_135,
		 8: COPY TYPE_PASS def_%cl_2_137 %cl_2_136[62.7,] 
		 9: %cl_2_136->html_safe def_%cl_2_138 %cl_2_136[62.7,] 	 SYMBOL:	 ARGS:
		 10: 
BB 63
	outgoing: 64 71 
	datadep: 
	instructions:
		 0: 
		 1: GETFIELD %self->vote def_%cl_2_139 %self[2.0,] 
		 2: %cl_2_139->errors def_%cl_2_140 %cl_2_139[63.1,] 	 SYMBOL:	 ARGS:
		 3: %cl_2_140->full_messages def_%cl_2_141 %cl_2_140[63.2,] 	 SYMBOL:	 ARGS:
		 4: COPY TYPE_StringLiteral ", " def_%cl_2_142 
		 5: %cl_2_141->join def_%cl_2_143 %cl_2_141[63.3,] %cl_2_142[63.4,] 	 SYMBOL:	 ARGS:%cl_2_142,
		 6: COPY TYPE_PASS def_%cl_2_138 %cl_2_143[63.5,] 
BB 64
	outgoing: 65 66 71 
	datadep: 
	instructions:
		 0: 
		 1: %self->render_widgets def_%cl_2_144 %self[2.0,] 	 SYMBOL:	 ARGS:
		 2: 
		 3: %self->show_footer_content? def_%cl_2_145 %self[64.1,2.0,] 	 SYMBOL:	 ARGS:
		 4: BRANCH %cl_2_145[64.3,] 
BB 65
	outgoing: 67 71 
	datadep: 
	instructions:
		 0: 
		 1: COPY TYPE_StringLiteral "spinner.gif" def_%cl_2_146 
		 2: COPY TYPE_StringLiteral "community_engine" def_%cl_2_147 
		 3: HASH-plugin- def_%cl_2_148 %cl_2_147[65.2,] 
		 4: %self->image_tag def_%cl_2_149 %self[2.0,] %cl_2_146[65.1,] %cl_2_148[65.3,] 	 SYMBOL:	 ARGS:%cl_2_146,%cl_2_148,
		 5: 
		 6: CONSTANT def_%cl_2_150 	 SYMBOL:loading_recent_content,	 ARGS:
		 7: 
BB 66
	outgoing: 67 
	datadep: 
	instructions:
		 0: COPY TYPE_Nil def_%cl_2_150 
BB 67
	outgoing: 68 69 71 
	datadep: 
	instructions:
		 0: 
		 1: CONSTANT def_%cl_2_151 	 SYMBOL:community_tagline,	 ARGS:
		 2: 
		 3: COPY TYPE_StringLiteral "community_engine" def_%cl_2_152 
		 4: %self->javascript_include_tag def_%cl_2_153 %self[2.0,] %cl_2_152[67.3,] 	 SYMBOL:	 ARGS:%cl_2_152,
		 5: 
		 6: %self->tiny_mce_init_if_needed def_%cl_2_154 %self[67.4,2.0,] 	 SYMBOL:	 ARGS:
		 7: 
		 8: %self->show_footer_content? def_%cl_2_155 %self[67.4,67.6,2.0,] 	 SYMBOL:	 ARGS:
		 9: BRANCH %cl_2_155[67.8,] 
BB 68
	outgoing: 70 
	datadep: 
	instructions:
		 0: COPY TYPE_Nil def_%cl_2_156 
		 1: 
BB 69
	outgoing: 70 
	datadep: 
	instructions:
		 0: COPY TYPE_Nil def_%cl_2_156 
BB 70
	outgoing: 71 73 
	datadep: 
	instructions:
		 0: 
		 1: def_%cl_2_157 %cl_2_0[2.1,] 
		 2: RETURN %cl_2_157[70.1,] %self[2.0,] 
BB 71
	outgoing: 73 
	datadep: 
	instructions:
		 0: def_%cl_2_158 
		 1: def_%cl_2_159 %cl_2_158[71.0,] 
		 2: RETURN %cl_2_159[71.1,] %self[2.0,] 
BB 73
	outgoing: 
	datadep: 
	instructions:
CLOSURE END: css_class[22.2,21.2,25.2,24.2,28.2,27.2,31.2,30.2,40.2,39.2,48.2,47.2,] has_voted[56.0,] 
		 22: RETURN %v_14[2.21,] %self[2.0,2.8,2.13,2.18,2.20,] 
BB 3
	outgoing: 
	datadep: 
	instructions:

SET IRMethod, name = find_choice instanceMethod = true
BB 1
	outgoing: 3 2 
	datadep: 
	instructions:
BB 2
	outgoing: 3 
	datadep: 
	instructions:
		 0: def_%self 
		 1: def_%v_0 
		 2: COPY TYPE_CurrentScope def_%current_scope 
		 3: COPY TYPE_ScopeModule def_%current_module 
		 4: 
		 5: 
		 6: (Choice) def_%v_3 
		 7: %self->params def_%v_4 %self[2.0,] 	 SYMBOL:	 ARGS:
		 8: %v_4->[] def_%v_5 %v_4[2.7,] 	 SYMBOL:choice_id,	 ARGS:Symbol,
		 9: %v_3->find def_%v_6 %v_3[2.6,] %v_5[2.8,] 	 SYMBOL:	 ARGS:%v_5,
		 10: ATTRASSIGN %self->choice %v_6[2.9,] 
		 11: RETURN %v_6[2.9,] %self[2.0,2.7,2.10,] 
BB 3
	outgoing: 
	datadep: 
	instructions:

