SET IRMethod, name = index instanceMethod = true
BB 1
	outgoing: 3 2 
	datadep: 
	instructions:
BB 2
	outgoing: 3 
	datadep: 
	instructions:
		 0: def_%self 
		 1: def_%v_0 
		 2: COPY TYPE_CurrentScope def_%current_scope 
		 3: COPY TYPE_ScopeModule def_%current_module 
		 4: 
		 5: 
		 6: (PodPresenter) def_%v_3 
		 7: (Pod) def_%v_4 
		 8: %v_4->all def_%v_5 %v_4[2.7,] 	 SYMBOL:	 ARGS:
		 9: %v_3->as_collection def_%v_6 %v_3[2.6,] %v_5[2.8,] 	 SYMBOL:	 ARGS:%v_5,
		 10: COPY TYPE_PASS def_pods_json %v_6[2.9,] 
		 11: 
		 12: %self->respond_with def_%v_7 %self[2.0,] %self[2.0,] 	 SYMBOL:	 ARGS:%self,
CLOSURE BEGIN: format[] %self[2.0,] pods_json[2.10,] 
BB 1
	outgoing: 6 2 
	datadep: 
	instructions:
BB 2
	outgoing: 3 
	datadep: 
	instructions:
		 0: def_%self 
		 1: def_%cl_1_0 
		 2: RECEIVEARG def_format 
		 3: COPY TYPE_CurrentScope def_%current_scope 
		 4: COPY TYPE_ScopeModule def_%current_module 
BB 3
	outgoing: 4 6 
	datadep: 
	instructions:
		 0: 
		 1: format->html def_%cl_1_3 format[2.2,] %self[2.0,] 	 SYMBOL:	 ARGS:format,
CLOSURE BEGIN: %self[2.0,] pods_json[] 
BB 1
	outgoing: 6 2 
	datadep: 
	instructions:
BB 2
	outgoing: 3 
	datadep: 
	instructions:
		 0: def_%self 
		 1: def_%cl_2_0 
		 2: COPY TYPE_CurrentScope def_%current_scope 
		 3: COPY TYPE_ScopeModule def_%current_module 
BB 3
	outgoing: 4 6 
	datadep: 
	instructions:
		 0: 
		 1: %self->gon def_%cl_2_3 %self[2.0,] 	 SYMBOL:	 ARGS:
		 2: %cl_2_3->preloads def_%cl_2_4 %cl_2_3[3.1,] 	 SYMBOL:	 ARGS:
		 3: ATTRASSIGN %cl_2_4->[] pods_json[] 
		 4: 
		 5: %self->gon def_%cl_2_5 %self[3.1,2.0,] 	 SYMBOL:	 ARGS:
		 6: (Pod) def_%cl_2_6 
		 7: %cl_2_6->unchecked def_%cl_2_7 %cl_2_6[3.6,] 	 SYMBOL:	 ARGS:
		 8: %cl_2_7->count def_%cl_2_8 %cl_2_7[3.7,] 	 SYMBOL:	 ARGS:
		 9: ATTRASSIGN %cl_2_5->unchecked_count %cl_2_8[3.8,] 
		 10: 
		 11: %self->gon def_%cl_2_9 %self[3.1,3.5,2.0,] 	 SYMBOL:	 ARGS:
		 12: (Pod) def_%cl_2_10 
		 13: %cl_2_10->check_failed def_%cl_2_11 %cl_2_10[3.12,] 	 SYMBOL:	 ARGS:
		 14: %cl_2_11->count def_%cl_2_12 %cl_2_11[3.13,] 	 SYMBOL:	 ARGS:
		 15: ATTRASSIGN %cl_2_9->error_count %cl_2_12[3.14,] 
		 16: 
		 17: %self->ruby_code_from_view def_%cl_2_13 %self[3.1,3.5,3.11,2.0,] 	 SYMBOL:	 ARGS:
		 18: %cl_2_13->ruby_code_from_view def_%cl_2_14 %cl_2_13[3.17,] %self[3.1,3.5,3.11,3.17,2.0,] 	 SYMBOL:	 ARGS:%cl_2_13,
CLOSURE BEGIN: %self[3.1,3.5,3.11,3.17,2.0,] 
BB 1
	outgoing: 6 2 
	datadep: 
	instructions:
BB 2
	outgoing: 3 
	datadep: 
	instructions:
		 0: def_%self 
		 1: def_%cl_3_0 
		 2: RECEIVEARG def_rb_from_view 
		 3: COPY TYPE_CurrentScope def_%current_scope 
		 4: COPY TYPE_ScopeModule def_%current_module 
BB 3
	outgoing: 4 6 
	datadep: 
	instructions:
		 0: 
		 1: %self->content_for def_%cl_3_3 %self[2.0,] %self[2.0,] 	 SYMBOL:head,	 ARGS:Symbol,%self,
CLOSURE BEGIN: %self[2.0,] 
BB 1
	outgoing: 6 2 
	datadep: 
	instructions:
BB 2
	outgoing: 3 
	datadep: 
	instructions:
		 0: def_%self 
		 1: def_%cl_4_0 
		 2: COPY TYPE_CurrentScope def_%current_scope 
		 3: COPY TYPE_ScopeModule def_%current_module 
BB 3
	outgoing: 4 6 
	datadep: 
	instructions:
		 0: 
		 1: %self->stylesheet_link_tag def_%cl_4_3 %self[2.0,] 	 SYMBOL:admin,	 ARGS:Symbol,
		 2: RETURN %cl_4_3[3.1,] %self[3.1,2.0,] 
BB 4
	outgoing: 6 
	datadep: 
	instructions:
		 0: def_%cl_4_4 
		 1: def_%cl_4_5 %cl_4_4[4.0,] 
		 2: RETURN %cl_4_5[4.1,] %self[2.0,] 
BB 6
	outgoing: 
	datadep: 
	instructions:
CLOSURE END: 
		 2: 
		 3: COPY TYPE_StringLiteral ".pages" def_%cl_3_4 
		 4: %self->t def_%cl_3_5 %self[3.1,2.0,] %cl_3_4[3.3,] 	 SYMBOL:	 ARGS:%cl_3_4,
		 5: 
		 6: %self->admin_dashboard_path def_%cl_3_6 %self[3.1,3.4,2.0,] 	 SYMBOL:	 ARGS:
		 7: %self->current_page? def_%cl_3_7 %self[3.1,3.4,3.6,2.0,] %cl_3_6[3.6,] 	 SYMBOL:	 ARGS:%cl_3_6,
		 8: 
		 9: COPY TYPE_StringLiteral ".dashboard" def_%cl_3_8 
		 10: %self->t def_%cl_3_9 %self[3.1,3.4,3.6,3.7,2.0,] %cl_3_8[3.9,] 	 SYMBOL:	 ARGS:%cl_3_8,
		 11: %self->admin_dashboard_path def_%cl_3_10 %self[3.1,3.4,3.6,3.7,3.10,2.0,] 	 SYMBOL:	 ARGS:
		 12: %self->link_to def_%cl_3_11 %self[3.1,3.4,3.6,3.7,3.10,3.11,2.0,] %cl_3_9[3.10,] %cl_3_10[3.11,] 	 SYMBOL:	 ARGS:%cl_3_9,%cl_3_10,
		 13: 
		 14: %self->user_search_path def_%cl_3_12 %self[3.1,3.4,3.6,3.7,3.10,3.11,3.12,2.0,] 	 SYMBOL:	 ARGS:
		 15: %self->current_page? def_%cl_3_13 %self[3.1,3.4,3.6,3.7,3.10,3.11,3.12,3.14,2.0,] %cl_3_12[3.14,] 	 SYMBOL:	 ARGS:%cl_3_12,
		 16: 
		 17: COPY TYPE_StringLiteral ".user_search" def_%cl_3_14 
		 18: %self->t def_%cl_3_15 %self[3.1,3.4,3.6,3.7,3.10,3.11,3.12,3.14,3.15,2.0,] %cl_3_14[3.17,] 	 SYMBOL:	 ARGS:%cl_3_14,
		 19: %self->user_search_path def_%cl_3_16 %self[3.1,3.4,3.6,3.7,3.10,3.11,3.12,3.14,3.15,3.18,2.0,] 	 SYMBOL:	 ARGS:
		 20: %self->link_to def_%cl_3_17 %self[3.1,3.4,3.6,3.7,3.10,3.11,3.12,3.14,3.15,3.18,3.19,2.0,] %cl_3_15[3.18,] %cl_3_16[3.19,] 	 SYMBOL:	 ARGS:%cl_3_15,%cl_3_16,
		 21: 
		 22: %self->weekly_user_stats_path def_%cl_3_18 %self[3.1,3.4,3.6,3.7,3.10,3.11,3.12,3.14,3.15,3.18,3.19,3.20,2.0,] 	 SYMBOL:	 ARGS:
		 23: %self->current_page? def_%cl_3_19 %self[3.1,3.4,3.6,3.7,3.10,3.11,3.12,3.14,3.15,3.18,3.19,3.20,3.22,2.0,] %cl_3_18[3.22,] 	 SYMBOL:	 ARGS:%cl_3_18,
		 24: 
		 25: COPY TYPE_StringLiteral ".weekly_user_stats" def_%cl_3_20 
		 26: %self->t def_%cl_3_21 %self[3.1,3.4,3.6,3.7,3.10,3.11,3.12,3.14,3.15,3.18,3.19,3.20,3.22,3.23,2.0,] %cl_3_20[3.25,] 	 SYMBOL:	 ARGS:%cl_3_20,
		 27: %self->weekly_user_stats_path def_%cl_3_22 %self[3.1,3.4,3.6,3.7,3.10,3.11,3.12,3.14,3.15,3.18,3.19,3.20,3.22,3.23,3.26,2.0,] 	 SYMBOL:	 ARGS:
		 28: %self->link_to def_%cl_3_23 %self[3.1,3.4,3.6,3.7,3.10,3.11,3.12,3.14,3.15,3.18,3.19,3.20,3.22,3.23,3.26,3.27,2.0,] %cl_3_21[3.26,] %cl_3_22[3.27,] 	 SYMBOL:	 ARGS:%cl_3_21,%cl_3_22,
		 29: 
		 30: %self->pod_stats_path def_%cl_3_24 %self[3.1,3.4,3.6,3.7,3.10,3.11,3.12,3.14,3.15,3.18,3.19,3.20,3.22,3.23,3.26,3.27,3.28,2.0,] 	 SYMBOL:	 ARGS:
		 31: %self->current_page? def_%cl_3_25 %self[3.1,3.4,3.6,3.7,3.10,3.11,3.12,3.14,3.15,3.18,3.19,3.20,3.22,3.23,3.26,3.27,3.28,3.30,2.0,] %cl_3_24[3.30,] 	 SYMBOL:	 ARGS:%cl_3_24,
		 32: 
		 33: COPY TYPE_StringLiteral ".pod_stats" def_%cl_3_26 
		 34: %self->t def_%cl_3_27 %self[3.1,3.4,3.6,3.7,3.10,3.11,3.12,3.14,3.15,3.18,3.19,3.20,3.22,3.23,3.26,3.27,3.28,3.30,3.31,2.0,] %cl_3_26[3.33,] 	 SYMBOL:	 ARGS:%cl_3_26,
		 35: %self->pod_stats_path def_%cl_3_28 %self[3.1,3.4,3.6,3.7,3.10,3.11,3.12,3.14,3.15,3.18,3.19,3.20,3.22,3.23,3.26,3.27,3.28,3.30,3.31,3.34,2.0,] 	 SYMBOL:	 ARGS:
		 36: %self->link_to def_%cl_3_29 %self[3.1,3.4,3.6,3.7,3.10,3.11,3.12,3.14,3.15,3.18,3.19,3.20,3.22,3.23,3.26,3.27,3.28,3.30,3.31,3.34,3.35,2.0,] %cl_3_27[3.34,] %cl_3_28[3.35,] 	 SYMBOL:	 ARGS:%cl_3_27,%cl_3_28,
		 37: 
		 38: %self->report_index_path def_%cl_3_30 %self[3.1,3.4,3.6,3.7,3.10,3.11,3.12,3.14,3.15,3.18,3.19,3.20,3.22,3.23,3.26,3.27,3.28,3.30,3.31,3.34,3.35,3.36,2.0,] 	 SYMBOL:	 ARGS:
		 39: %self->current_page? def_%cl_3_31 %self[3.1,3.4,3.6,3.7,3.10,3.11,3.12,3.14,3.15,3.18,3.19,3.20,3.22,3.23,3.26,3.27,3.28,3.30,3.31,3.34,3.35,3.36,3.38,2.0,] %cl_3_30[3.38,] 	 SYMBOL:	 ARGS:%cl_3_30,
		 40: 
		 41: COPY TYPE_StringLiteral ".report" def_%cl_3_32 
		 42: %self->t def_%cl_3_33 %self[3.1,3.4,3.6,3.7,3.10,3.11,3.12,3.14,3.15,3.18,3.19,3.20,3.22,3.23,3.26,3.27,3.28,3.30,3.31,3.34,3.35,3.36,3.38,3.39,2.0,] %cl_3_32[3.41,] 	 SYMBOL:	 ARGS:%cl_3_32,
		 43: %self->report_index_path def_%cl_3_34 %self[3.1,3.4,3.6,3.7,3.10,3.11,3.12,3.14,3.15,3.18,3.19,3.20,3.22,3.23,3.26,3.27,3.28,3.30,3.31,3.34,3.35,3.36,3.38,3.39,3.42,2.0,] 	 SYMBOL:	 ARGS:
		 44: %self->link_to def_%cl_3_35 %self[3.1,3.4,3.6,3.7,3.10,3.11,3.12,3.14,3.15,3.18,3.19,3.20,3.22,3.23,3.26,3.27,3.28,3.30,3.31,3.34,3.35,3.36,3.38,3.39,3.42,3.43,2.0,] %cl_3_33[3.42,] %cl_3_34[3.43,] 	 SYMBOL:	 ARGS:%cl_3_33,%cl_3_34,
		 45: 
		 46: %self->admin_pods_path def_%cl_3_36 %self[3.1,3.4,3.6,3.7,3.10,3.11,3.12,3.14,3.15,3.18,3.19,3.20,3.22,3.23,3.26,3.27,3.28,3.30,3.31,3.34,3.35,3.36,3.38,3.39,3.42,3.43,3.44,2.0,] 	 SYMBOL:	 ARGS:
		 47: %self->current_page? def_%cl_3_37 %self[3.1,3.4,3.6,3.7,3.10,3.11,3.12,3.14,3.15,3.18,3.19,3.20,3.22,3.23,3.26,3.27,3.28,3.30,3.31,3.34,3.35,3.36,3.38,3.39,3.42,3.43,3.44,3.46,2.0,] %cl_3_36[3.46,] 	 SYMBOL:	 ARGS:%cl_3_36,
		 48: 
		 49: COPY TYPE_StringLiteral ".pod_network" def_%cl_3_38 
		 50: %self->t def_%cl_3_39 %self[3.1,3.4,3.6,3.7,3.10,3.11,3.12,3.14,3.15,3.18,3.19,3.20,3.22,3.23,3.26,3.27,3.28,3.30,3.31,3.34,3.35,3.36,3.38,3.39,3.42,3.43,3.44,3.46,3.47,2.0,] %cl_3_38[3.49,] 	 SYMBOL:	 ARGS:%cl_3_38,
		 51: %self->admin_pods_path def_%cl_3_40 %self[3.1,3.4,3.6,3.7,3.10,3.11,3.12,3.14,3.15,3.18,3.19,3.20,3.22,3.23,3.26,3.27,3.28,3.30,3.31,3.34,3.35,3.36,3.38,3.39,3.42,3.43,3.44,3.46,3.47,3.50,2.0,] 	 SYMBOL:	 ARGS:
		 52: %self->link_to def_%cl_3_41 %self[3.1,3.4,3.6,3.7,3.10,3.11,3.12,3.14,3.15,3.18,3.19,3.20,3.22,3.23,3.26,3.27,3.28,3.30,3.31,3.34,3.35,3.36,3.38,3.39,3.42,3.43,3.44,3.46,3.47,3.50,3.51,2.0,] %cl_3_39[3.50,] %cl_3_40[3.51,] 	 SYMBOL:	 ARGS:%cl_3_39,%cl_3_40,
		 53: 
		 54: %self->sidekiq_path def_%cl_3_42 %self[3.1,3.4,3.6,3.7,3.10,3.11,3.12,3.14,3.15,3.18,3.19,3.20,3.22,3.23,3.26,3.27,3.28,3.30,3.31,3.34,3.35,3.36,3.38,3.39,3.42,3.43,3.44,3.46,3.47,3.50,3.51,3.52,2.0,] 	 SYMBOL:	 ARGS:
		 55: %self->current_page? def_%cl_3_43 %self[3.1,3.4,3.6,3.7,3.10,3.11,3.12,3.14,3.15,3.18,3.19,3.20,3.22,3.23,3.26,3.27,3.28,3.30,3.31,3.34,3.35,3.36,3.38,3.39,3.42,3.43,3.44,3.46,3.47,3.50,3.51,3.52,3.54,2.0,] %cl_3_42[3.54,] 	 SYMBOL:	 ARGS:%cl_3_42,
		 56: 
		 57: COPY TYPE_StringLiteral ".sidekiq_monitor" def_%cl_3_44 
		 58: %self->t def_%cl_3_45 %self[3.1,3.4,3.6,3.7,3.10,3.11,3.12,3.14,3.15,3.18,3.19,3.20,3.22,3.23,3.26,3.27,3.28,3.30,3.31,3.34,3.35,3.36,3.38,3.39,3.42,3.43,3.44,3.46,3.47,3.50,3.51,3.52,3.54,3.55,2.0,] %cl_3_44[3.57,] 	 SYMBOL:	 ARGS:%cl_3_44,
		 59: %self->sidekiq_path def_%cl_3_46 %self[3.1,3.4,3.6,3.7,3.10,3.11,3.12,3.14,3.15,3.18,3.19,3.20,3.22,3.23,3.26,3.27,3.28,3.30,3.31,3.34,3.35,3.36,3.38,3.39,3.42,3.43,3.44,3.46,3.47,3.50,3.51,3.52,3.54,3.55,3.58,2.0,] 	 SYMBOL:	 ARGS:
		 60: %self->link_to def_%cl_3_47 %self[3.1,3.4,3.6,3.7,3.10,3.11,3.12,3.14,3.15,3.18,3.19,3.20,3.22,3.23,3.26,3.27,3.28,3.30,3.31,3.34,3.35,3.36,3.38,3.39,3.42,3.43,3.44,3.46,3.47,3.50,3.51,3.52,3.54,3.55,3.58,3.59,2.0,] %cl_3_45[3.58,] %cl_3_46[3.59,] 	 SYMBOL:	 ARGS:%cl_3_45,%cl_3_46,
		 61: 
		 62: COPY TYPE_StringLiteral ".pod_network" def_%cl_3_48 
		 63: %self->t def_%cl_3_49 %self[3.1,3.4,3.6,3.7,3.10,3.11,3.12,3.14,3.15,3.18,3.19,3.20,3.22,3.23,3.26,3.27,3.28,3.30,3.31,3.34,3.35,3.36,3.38,3.39,3.42,3.43,3.44,3.46,3.47,3.50,3.51,3.52,3.54,3.55,3.58,3.59,3.60,2.0,] %cl_3_48[3.62,] 	 SYMBOL:	 ARGS:%cl_3_48,
		 64: RETURN %cl_3_49[3.63,] %self[3.1,3.4,3.6,3.7,3.10,3.11,3.12,3.14,3.15,3.18,3.19,3.20,3.22,3.23,3.26,3.27,3.28,3.30,3.31,3.34,3.35,3.36,3.38,3.39,3.42,3.43,3.44,3.46,3.47,3.50,3.51,3.52,3.54,3.55,3.58,3.59,3.60,3.63,2.0,] 
BB 4
	outgoing: 6 
	datadep: 
	instructions:
		 0: def_%cl_3_50 
		 1: def_%cl_3_51 %cl_3_50[4.0,] 
		 2: RETURN %cl_3_51[4.1,] %self[2.0,] 
BB 6
	outgoing: 
	datadep: 
	instructions:
CLOSURE END: 
		 19: RETURN %cl_2_14[3.18,] %self[3.1,3.5,3.11,3.17,2.0,] 
BB 4
	outgoing: 6 
	datadep: 
	instructions:
		 0: def_%cl_2_15 
		 1: def_%cl_2_16 %cl_2_15[4.0,] 
		 2: RETURN %cl_2_16[4.1,] %self[2.0,] 
BB 6
	outgoing: 
	datadep: 
	instructions:
CLOSURE END: 
		 2: 
		 3: format->json def_%cl_1_4 format[3.1,2.2,] %self[2.0,] 	 SYMBOL:	 ARGS:format,
CLOSURE BEGIN: pods_json[] %self[2.0,] 
BB 1
	outgoing: 6 2 
	datadep: 
	instructions:
BB 2
	outgoing: 3 
	datadep: 
	instructions:
		 0: def_%self 
		 1: def_%cl_5_0 
		 2: COPY TYPE_CurrentScope def_%current_scope 
		 3: COPY TYPE_ScopeModule def_%current_module 
BB 3
	outgoing: 4 6 
	datadep: 
	instructions:
		 0: 
		 1: HASH-json- def_%cl_5_3 pods_json[] 
		 2: %self->render def_%cl_5_4 %self[2.0,] %cl_5_3[3.1,] 	 SYMBOL:	 ARGS:%cl_5_3,
		 3: RETURN %cl_5_4[3.2,] %self[3.2,2.0,] 
BB 4
	outgoing: 6 
	datadep: 
	instructions:
		 0: def_%cl_5_5 
		 1: def_%cl_5_6 %cl_5_5[4.0,] 
		 2: RETURN %cl_5_6[4.1,] %self[2.0,] 
BB 6
	outgoing: 
	datadep: 
	instructions:
CLOSURE END: 
		 4: RETURN %cl_1_4[3.3,] %self[2.0,] 
BB 4
	outgoing: 6 
	datadep: 
	instructions:
		 0: def_%cl_1_5 
		 1: def_%cl_1_6 %cl_1_5[4.0,] 
		 2: RETURN %cl_1_6[4.1,] %self[2.0,] 
BB 6
	outgoing: 
	datadep: 
	instructions:
CLOSURE END: 
		 13: RETURN %v_7[2.12,] %self[2.0,2.12,] 
BB 3
	outgoing: 
	datadep: 
	instructions:

SET IRMethod, name = recheck instanceMethod = true
BB 1
	outgoing: 3 2 
	datadep: 
	instructions:
BB 2
	outgoing: 3 
	datadep: 
	instructions:
		 0: def_%self 
		 1: def_%v_0 
		 2: COPY TYPE_CurrentScope def_%current_scope 
		 3: COPY TYPE_ScopeModule def_%current_module 
		 4: 
		 5: 
		 6: (Pod) def_%v_3 
		 7: %self->params def_%v_4 %self[2.0,] 	 SYMBOL:	 ARGS:
		 8: %v_4->[] def_%v_5 %v_4[2.7,] 	 SYMBOL:pod_id,	 ARGS:Symbol,
		 9: %v_3->find def_%v_6 %v_3[2.6,] %v_5[2.8,] 	 SYMBOL:	 ARGS:%v_5,
		 10: COPY TYPE_PASS def_pod %v_6[2.9,] 
		 11: 
		 12: %v_6->test_connection! def_%v_7 %v_6[2.9,] 	 SYMBOL:	 ARGS:
		 13: 
		 14: %self->respond_with def_%v_8 %self[2.0,2.7,] %self[2.0,2.7,] 	 SYMBOL:	 ARGS:%self,
CLOSURE BEGIN: format[] %self[2.0,2.7,] pod[2.10,] 
BB 1
	outgoing: 6 2 
	datadep: 
	instructions:
BB 2
	outgoing: 3 
	datadep: 
	instructions:
		 0: def_%self 
		 1: def_%cl_1_0 
		 2: RECEIVEARG def_format 
		 3: COPY TYPE_CurrentScope def_%current_scope 
		 4: COPY TYPE_ScopeModule def_%current_module 
BB 3
	outgoing: 4 6 
	datadep: 
	instructions:
		 0: 
		 1: format->html def_%cl_1_3 format[2.2,] %self[2.0,] 	 SYMBOL:	 ARGS:format,
CLOSURE BEGIN: %self[2.0,] 
BB 1
	outgoing: 6 2 
	datadep: 
	instructions:
BB 2
	outgoing: 3 
	datadep: 
	instructions:
		 0: def_%self 
		 1: def_%cl_2_0 
		 2: COPY TYPE_CurrentScope def_%current_scope 
		 3: COPY TYPE_ScopeModule def_%current_module 
BB 3
	outgoing: 4 6 
	datadep: 
	instructions:
		 0: 
		 1: %self->admin_pods_path def_%cl_2_3 %self[2.0,] 	 SYMBOL:	 ARGS:
		 2: %self->redirect_to def_%cl_2_4 %self[3.1,2.0,] %cl_2_3[3.1,] 	 SYMBOL:	 ARGS:%cl_2_3,
		 3: RETURN %cl_2_4[3.2,] %self[3.1,3.2,2.0,] 
BB 4
	outgoing: 6 
	datadep: 
	instructions:
		 0: def_%cl_2_5 
		 1: def_%cl_2_6 %cl_2_5[4.0,] 
		 2: RETURN %cl_2_6[4.1,] %self[2.0,] 
BB 6
	outgoing: 
	datadep: 
	instructions:
CLOSURE END: 
		 2: 
		 3: format->json def_%cl_1_4 format[3.1,2.2,] %self[2.0,] 	 SYMBOL:	 ARGS:format,
CLOSURE BEGIN: pod[] %self[2.0,] 
BB 1
	outgoing: 6 2 
	datadep: 
	instructions:
BB 2
	outgoing: 3 
	datadep: 
	instructions:
		 0: def_%self 
		 1: def_%cl_3_0 
		 2: COPY TYPE_CurrentScope def_%current_scope 
		 3: COPY TYPE_ScopeModule def_%current_module 
BB 3
	outgoing: 4 6 
	datadep: 
	instructions:
		 0: 
		 1: (PodPresenter) def_%cl_3_3 
		 2: %cl_3_3->new def_%cl_3_4 %cl_3_3[3.1,] pod[] 	 SYMBOL:	 ARGS:pod,
		 3: %cl_3_4->as_json def_%cl_3_5 %cl_3_4[3.2,] 	 SYMBOL:	 ARGS:
		 4: HASH-json- def_%cl_3_6 %cl_3_5[3.3,] 
		 5: %self->render def_%cl_3_7 %self[2.0,] %cl_3_6[3.4,] 	 SYMBOL:	 ARGS:%cl_3_6,
		 6: RETURN %cl_3_7[3.5,] %self[3.5,2.0,] 
BB 4
	outgoing: 6 
	datadep: 
	instructions:
		 0: def_%cl_3_8 
		 1: def_%cl_3_9 %cl_3_8[4.0,] 
		 2: RETURN %cl_3_9[4.1,] %self[2.0,] 
BB 6
	outgoing: 
	datadep: 
	instructions:
CLOSURE END: 
		 4: RETURN %cl_1_4[3.3,] %self[2.0,] 
BB 4
	outgoing: 6 
	datadep: 
	instructions:
		 0: def_%cl_1_5 
		 1: def_%cl_1_6 %cl_1_5[4.0,] 
		 2: RETURN %cl_1_6[4.1,] %self[2.0,] 
BB 6
	outgoing: 
	datadep: 
	instructions:
CLOSURE END: 
		 15: RETURN %v_8[2.14,] %self[2.0,2.7,2.14,] 
BB 3
	outgoing: 
	datadep: 
	instructions:

