SET IRMethod, name = mailgun instanceMethod = true
BB 1
	outgoing: 9 2 
	datadep: 
	instructions:
BB 2
	outgoing: 3 4 
	datadep: 
	instructions:
		 0: def_%self 
		 1: def_%v_0 
		 2: COPY TYPE_CurrentScope def_%current_scope 
		 3: COPY TYPE_ScopeModule def_%current_module 
		 4: 
		 5: 
		 6: %self->params def_%v_3 %self[2.0,] 	 SYMBOL:	 ARGS:
		 7: COPY TYPE_StringLiteral "body-mime" def_%v_4 
		 8: %v_3->include? def_%v_5 %v_3[2.6,] %v_4[2.7,] 	 SYMBOL:	 ARGS:%v_4,
		 9: BRANCH %v_5[2.8,] 
BB 3
	outgoing: 6 7 
	datadep: 
	instructions:
		 0: COPY TYPE_Nil def_%v_6 
		 1: 
		 2: (MessageGateway) def_%v_13 
		 3: %self->params def_%v_14 %self[2.0,] 	 SYMBOL:	 ARGS:
		 4: COPY TYPE_StringLiteral "body-mime" def_%v_15 
		 5: %v_14->[] def_%v_16 %v_14[3.3,] %v_15[3.4,] 	 SYMBOL:	 ARGS:%v_15,
		 6: %v_13->receive def_%v_17 %v_13[3.2,] %v_16[3.5,] 	 SYMBOL:	 ARGS:%v_16,
		 7: COPY TYPE_PASS def_todo %v_17[3.6,] 
		 8: 
		 9: BRANCH %v_17[3.6,] 
BB 4
	outgoing: 9 
	datadep: 
	instructions:
		 0: 
		 1: (Rails) def_%v_7 
		 2: %v_7->logger def_%v_8 %v_7[4.1,] 	 SYMBOL:	 ARGS:
		 3: COPY TYPE_StringLiteral "Cannot process Mailgun request, no body-mime sent" def_%v_9 
		 4: %v_8->info def_%v_10 %v_8[4.2,] %v_9[4.3,] 	 SYMBOL:	 ARGS:%v_9,
		 5: 
		 6: COPY TYPE_StringLiteral "Unacceptable body-mime" def_%v_11 
		 7: %self->render_failure def_%v_12 %self[2.0,] %v_11[4.6,] 	 SYMBOL:	 ARGS:%v_11,Fixnum,
		 8: 
		 9: RETURN %self[4.7,2.0,] 
BB 6
	outgoing: 9 
	datadep: 
	instructions:
		 0: 
		 1: %self->todo_xml_params def_%v_19 %self[2.0,] 	 SYMBOL:	 ARGS:
		 2: def_%v_18 %v_19[6.1,] 
		 3: todo->to_xml def_%v_20 todo[3.7,] %v_18[6.2,] 	 SYMBOL:	 ARGS:Splat,
		 4: HASH-xml- def_%v_21 %v_20[6.3,] 
		 5: %self->render def_%v_22 %self[6.1,2.0,] %v_21[6.4,] 	 SYMBOL:	 ARGS:%v_21,
		 6: RETURN %v_22[6.5,] %self[6.1,6.5,2.0,] 
BB 7
	outgoing: 9 
	datadep: 
	instructions:
		 0: 
		 1: COPY TYPE_StringLiteral "Todo not saved" def_%v_23 
		 2: %self->render_failure def_%v_24 %self[2.0,] %v_23[7.1,] 	 SYMBOL:	 ARGS:%v_23,Fixnum,
		 3: RETURN %v_24[7.2,] %self[7.2,2.0,] 
BB 9
	outgoing: 
	datadep: 
	instructions:

SET IRMethod, name = verify instanceMethod = true
BB 1
	outgoing: 10 2 
	datadep: 
	instructions:
BB 2
	outgoing: 3 4 
	datadep: 
	instructions:
		 0: def_%self 
		 1: def_%v_0 
		 2: COPY TYPE_CurrentScope def_%current_scope 
		 3: COPY TYPE_ScopeModule def_%current_module 
		 4: 
		 5: 
		 6: %self->params def_%v_3 %self[2.0,] 	 SYMBOL:	 ARGS:
		 7: COPY TYPE_StringLiteral "signature" def_%v_4 
		 8: %v_3->[] def_%v_5 %v_3[2.6,] %v_4[2.7,] 	 SYMBOL:	 ARGS:%v_4,
		 9: (OpenSSL) def_%v_6 
		 10: (inherit HMAC) def_%v_7 %v_6[2.9,] 
		 11: %v_7[2.10,] 
BB 3
	outgoing: 4 
	datadep: 
	instructions:
		 0: %v_6->const_missing def_%v_7 %v_6[2.9,] 	 SYMBOL:HMAC,	 ARGS:Symbol,
BB 4
	outgoing: 5 6 
	datadep: 
	instructions:
		 0: (OpenSSL) def_%v_8 
		 1: (inherit Digest) def_%v_9 %v_8[4.0,] 
		 2: %v_9[4.1,] 
BB 5
	outgoing: 6 
	datadep: 
	instructions:
		 0: %v_8->const_missing def_%v_9 %v_8[4.0,] 	 SYMBOL:Digest,	 ARGS:Symbol,
BB 6
	outgoing: 7 8 
	datadep: 
	instructions:
		 0: COPY TYPE_StringLiteral "sha256" def_%v_10 
		 1: %v_9->new def_%v_11 %v_9[5.0,4.1,] %v_10[6.0,] 	 SYMBOL:	 ARGS:%v_10,
		 2: (SITE_CONFIG) def_%v_12 
		 3: COPY TYPE_StringLiteral "mailgun_api_key" def_%v_13 
		 4: %v_12->[] def_%v_14 %v_12[6.2,] %v_13[6.3,] 	 SYMBOL:	 ARGS:%v_13,
		 5: COPY TYPE_StringLiteral "%s%s" def_%v_15 
		 6: %self->params def_%v_16 %self[2.0,] 	 SYMBOL:	 ARGS:
		 7: COPY TYPE_StringLiteral "timestamp" def_%v_17 
		 8: %v_16->[] def_%v_18 %v_16[6.6,] %v_17[6.7,] 	 SYMBOL:	 ARGS:%v_17,
		 9: %self->params def_%v_19 %self[6.6,2.0,] 	 SYMBOL:	 ARGS:
		 10: COPY TYPE_StringLiteral "token" def_%v_20 
		 11: %v_19->[] def_%v_21 %v_19[6.9,] %v_20[6.10,] 	 SYMBOL:	 ARGS:%v_20,
		 12: COPY TYPE_Array def_%v_22 %v_18[6.8,] %v_21[6.11,] 
		 13: %v_15->% def_%v_23 %v_15[6.5,] %v_22[6.12,] 	 SYMBOL:	 ARGS:%v_22,
		 14: %v_7->hexdigest def_%v_24 %v_7[3.0,2.10,] %v_11[6.1,] %v_14[6.4,] %v_23[6.13,] 	 SYMBOL:	 ARGS:%v_11,%v_14,%v_23,
		 15: %v_5->== def_%v_25 %v_5[2.8,] %v_24[6.14,] 	 SYMBOL:	 ARGS:%v_24,
		 16: BRANCH %v_25[6.15,] 
BB 7
	outgoing: 10 
	datadep: 
	instructions:
		 0: COPY TYPE_Nil def_%v_26 
		 1: RETURN %v_26[7.0,] %self[2.0,] 
BB 8
	outgoing: 10 
	datadep: 
	instructions:
		 0: 
		 1: (Rails) def_%v_27 
		 2: %v_27->logger def_%v_28 %v_27[8.1,] 	 SYMBOL:	 ARGS:
		 3: COPY TYPE_StringLiteral "Cannot verify Mailgun signature" def_%v_29 
		 4: %v_28->info def_%v_30 %v_28[8.2,] %v_29[8.3,] 	 SYMBOL:	 ARGS:%v_29,
		 5: 
		 6: COPY TYPE_StringLiteral "Access denied" def_%v_31 
		 7: %self->render_failure def_%v_32 %self[2.0,] %v_31[8.6,] 	 SYMBOL:	 ARGS:%v_31,Fixnum,
		 8: 
		 9: RETURN %self[8.7,2.0,] 
BB 10
	outgoing: 
	datadep: 
	instructions:

