SET IRMethod, name = staff? instanceMethod = true
BB 1
	outgoing: 5 2 
	datadep: 
	instructions:
BB 2
	outgoing: 3 4 
	datadep: 
	instructions:
		 0: def_%self 
		 1: def_%v_0 
		 2: COPY TYPE_CurrentScope def_%current_scope 
		 3: COPY TYPE_ScopeModule def_%current_module 
		 4: 
		 5: 
		 6: %self->admin def_%v_3 %self[2.0,] 	 SYMBOL:	 ARGS:
		 7: BRANCH %v_3[2.6,] 
BB 3
	outgoing: 5 
	datadep: 
	instructions:
		 0: %self->moderator def_%v_4 %self[2.0,] 	 SYMBOL:	 ARGS:
		 1: RETURN %v_4[3.0,] %self[3.0,2.0,] 
BB 4
	outgoing: 5 
	datadep: 
	instructions:
		 0: RETURN %v_3[2.6,] %self[2.0,] 
BB 5
	outgoing: 
	datadep: 
	instructions:

SET IRMethod, name = regular? instanceMethod = true
BB 1
	outgoing: 3 2 
	datadep: 
	instructions:
BB 2
	outgoing: 3 
	datadep: 
	instructions:
		 0: def_%self 
		 1: def_%v_0 
		 2: COPY TYPE_CurrentScope def_%current_scope 
		 3: COPY TYPE_ScopeModule def_%current_module 
		 4: 
		 5: 
		 6: %self->staff? def_%v_3 %self[2.0,] 	 SYMBOL:	 ARGS:
		 7: %v_3->! def_%v_4 %v_3[2.6,] 	 SYMBOL:	 ARGS:
		 8: RETURN %v_4[2.7,] %self[2.0,2.6,] 
BB 3
	outgoing: 
	datadep: 
	instructions:

SET IRMethod, name = grant_moderation! instanceMethod = true
BB 1
	outgoing: 3 2 
	datadep: 
	instructions:
BB 2
	outgoing: 3 
	datadep: 
	instructions:
		 0: def_%self 
		 1: def_%v_0 
		 2: COPY TYPE_CurrentScope def_%current_scope 
		 3: COPY TYPE_ScopeModule def_%current_module 
		 4: 
		 5: 
		 6: COPY TYPE_StringLiteral "moderator" def_%v_3 
		 7: %self->set_permission def_%v_4 %self[2.0,] %v_3[2.6,] 	 SYMBOL:	 ARGS:%v_3,Boolean,
		 8: RETURN %v_4[2.7,] %self[2.0,2.7,] 
BB 3
	outgoing: 
	datadep: 
	instructions:

SET IRMethod, name = revoke_moderation! instanceMethod = true
BB 1
	outgoing: 3 2 
	datadep: 
	instructions:
BB 2
	outgoing: 3 
	datadep: 
	instructions:
		 0: def_%self 
		 1: def_%v_0 
		 2: COPY TYPE_CurrentScope def_%current_scope 
		 3: COPY TYPE_ScopeModule def_%current_module 
		 4: 
		 5: 
		 6: COPY TYPE_StringLiteral "moderator" def_%v_3 
		 7: %self->set_permission def_%v_4 %self[2.0,] %v_3[2.6,] 	 SYMBOL:	 ARGS:%v_3,Boolean,
		 8: RETURN %v_4[2.7,] %self[2.0,2.7,] 
BB 3
	outgoing: 
	datadep: 
	instructions:

SET IRMethod, name = grant_admin! instanceMethod = true
BB 1
	outgoing: 3 2 
	datadep: 
	instructions:
BB 2
	outgoing: 3 
	datadep: 
	instructions:
		 0: def_%self 
		 1: def_%v_0 
		 2: COPY TYPE_CurrentScope def_%current_scope 
		 3: COPY TYPE_ScopeModule def_%current_module 
		 4: 
		 5: 
		 6: COPY TYPE_StringLiteral "admin" def_%v_3 
		 7: %self->set_permission def_%v_4 %self[2.0,] %v_3[2.6,] 	 SYMBOL:	 ARGS:%v_3,Boolean,
		 8: RETURN %v_4[2.7,] %self[2.0,2.7,] 
BB 3
	outgoing: 
	datadep: 
	instructions:

SET IRMethod, name = revoke_admin! instanceMethod = true
BB 1
	outgoing: 3 2 
	datadep: 
	instructions:
BB 2
	outgoing: 3 
	datadep: 
	instructions:
		 0: def_%self 
		 1: def_%v_0 
		 2: COPY TYPE_CurrentScope def_%current_scope 
		 3: COPY TYPE_ScopeModule def_%current_module 
		 4: 
		 5: 
		 6: COPY TYPE_StringLiteral "admin" def_%v_3 
		 7: %self->set_permission def_%v_4 %self[2.0,] %v_3[2.6,] 	 SYMBOL:	 ARGS:%v_3,Boolean,
		 8: RETURN %v_4[2.7,] %self[2.0,2.7,] 
BB 3
	outgoing: 
	datadep: 
	instructions:

SET IRMethod, name = save_and_refresh_staff_groups! instanceMethod = true
BB 1
	outgoing: 3 2 
	datadep: 
	instructions:
BB 2
	outgoing: 3 
	datadep: 
	instructions:
		 0: def_%self 
		 1: def_%v_0 
		 2: COPY TYPE_CurrentScope def_%current_scope 
		 3: COPY TYPE_ScopeModule def_%current_module 
		 4: 
		 5: 
		 6: %self->transaction def_%v_3 %self[2.0,] %self[2.0,] 	 SYMBOL:	 ARGS:%self,
CLOSURE BEGIN: %self[2.0,] 
BB 1
	outgoing: 6 2 
	datadep: 
	instructions:
BB 2
	outgoing: 3 
	datadep: 
	instructions:
		 0: def_%self 
		 1: def_%cl_1_0 
		 2: COPY TYPE_CurrentScope def_%current_scope 
		 3: COPY TYPE_ScopeModule def_%current_module 
BB 3
	outgoing: 4 6 
	datadep: 
	instructions:
		 0: 
		 1: %self->save! def_%cl_1_3 %self[2.0,] 	 SYMBOL:	 ARGS:
		 2: 
		 3: (Group) def_%cl_1_4 
		 4: %cl_1_4->refresh_automatic_groups! def_%cl_1_5 %cl_1_4[3.3,] 	 SYMBOL:admins,moderators,staff,	 ARGS:Symbol,Symbol,Symbol,
		 5: RETURN %cl_1_5[3.4,] %self[3.1,2.0,] 
BB 4
	outgoing: 6 
	datadep: 
	instructions:
		 0: def_%cl_1_6 
		 1: def_%cl_1_7 %cl_1_6[4.0,] 
		 2: RETURN %cl_1_7[4.1,] %self[2.0,] 
BB 6
	outgoing: 
	datadep: 
	instructions:
CLOSURE END: 
		 7: RETURN %v_3[2.6,] %self[2.0,2.6,] 
BB 3
	outgoing: 
	datadep: 
	instructions:

SET IRMethod, name = set_permission instanceMethod = true
BB 1
	outgoing: 3 2 
	datadep: 
	instructions:
BB 2
	outgoing: 3 
	datadep: 
	instructions:
		 0: def_%self 
		 1: def_%v_0 
		 2: COPY TYPE_CurrentScope def_%current_scope 
		 3: COPY TYPE_ScopeModule def_%current_module 
		 4: 
		 5: RECEIVEARG def_permission_name 
		 6: RECEIVEARG def_value 
		 7: 
		 8: COPY TYPE_StringLiteral "=" def_%v_3 
		 9: BUILDSTRING def_%v_4 permission_name[2.5,] %v_3[2.8,] 
		 10: %self->send def_%v_5 %self[2.0,] %v_4[2.9,] value[2.6,] 	 SYMBOL:	 ARGS:%v_4,value,
		 11: 
		 12: %self->save_and_refresh_staff_groups! def_%v_6 %self[2.0,2.10,] 	 SYMBOL:	 ARGS:
		 13: RETURN %v_6[2.12,] %self[2.0,2.10,2.12,] 
BB 3
	outgoing: 
	datadep: 
	instructions:

