SET IRMethod, name = export_category instanceMethod = false
BB 1
	outgoing: 7 2 
	datadep: 
	instructions:
BB 2
	outgoing: 3 4 
	datadep: 
	instructions:
		 0: def_%self 
		 1: def_%v_0 
		 2: COPY TYPE_CurrentScope def_%current_scope 
		 3: COPY TYPE_ScopeModule def_%current_module 
		 4: 
		 5: RECEIVEARG def_category_id 
		 6: RECEIVECONSTARG def_filename 
		 7: filename[2.6,] 
BB 3
	outgoing: 4 
	datadep: 
	instructions:
		 0: COPY TYPE_Nil def_filename 
BB 4
	outgoing: 5 6 
	datadep: 
	instructions:
		 0: 
		 1: (ImportExport) def_%v_3 
		 2: (inherit CategoryExporter) def_%v_4 %v_3[4.1,] 
		 3: %v_4[4.2,] 
BB 5
	outgoing: 6 
	datadep: 
	instructions:
		 0: %v_3->const_missing def_%v_4 %v_3[4.1,] 	 SYMBOL:CategoryExporter,	 ARGS:Symbol,
BB 6
	outgoing: 7 
	datadep: 
	instructions:
		 0: %v_4->new def_%v_5 %v_4[5.0,4.2,] category_id[2.5,] 	 SYMBOL:	 ARGS:category_id,
		 1: %v_5->perform def_%v_6 %v_5[6.0,] 	 SYMBOL:	 ARGS:
		 2: %v_6->save_to_file def_%v_7 %v_6[6.1,] filename[3.0,2.6,] 	 SYMBOL:	 ARGS:filename,
		 3: RETURN %v_7[6.2,] %self[2.0,] 
BB 7
	outgoing: 
	datadep: 
	instructions:

SET IRMethod, name = import_category instanceMethod = false
BB 1
	outgoing: 7 2 
	datadep: 
	instructions:
BB 2
	outgoing: 3 4 
	datadep: 
	instructions:
		 0: def_%self 
		 1: def_%v_0 
		 2: COPY TYPE_CurrentScope def_%current_scope 
		 3: COPY TYPE_ScopeModule def_%current_module 
		 4: 
		 5: RECEIVEARG def_filename 
		 6: 
		 7: (ActiveSupport) def_%v_3 
		 8: (inherit HashWithIndifferentAccess) def_%v_4 %v_3[2.7,] 
		 9: %v_4[2.8,] 
BB 3
	outgoing: 4 
	datadep: 
	instructions:
		 0: %v_3->const_missing def_%v_4 %v_3[2.7,] 	 SYMBOL:HashWithIndifferentAccess,	 ARGS:Symbol,
BB 4
	outgoing: 5 6 
	datadep: 
	instructions:
		 0: (File) def_%v_5 
		 1: COPY TYPE_StringLiteral "r:UTF-8" def_%v_6 
		 2: %v_5->open def_%v_7 %v_5[4.0,] filename[2.5,] %v_6[4.1,] %self[2.0,] 	 SYMBOL:	 ARGS:filename,%v_6,%v_5,
CLOSURE BEGIN: f[] 
BB 1
	outgoing: 6 2 
	datadep: 
	instructions:
BB 2
	outgoing: 3 
	datadep: 
	instructions:
		 0: def_%self 
		 1: def_%cl_1_0 
		 2: RECEIVEARG def_f 
		 3: COPY TYPE_CurrentScope def_%current_scope 
		 4: COPY TYPE_ScopeModule def_%current_module 
BB 3
	outgoing: 4 6 
	datadep: 
	instructions:
		 0: 
		 1: (JSON) def_%cl_1_3 
		 2: f->read def_%cl_1_4 f[2.2,] 	 SYMBOL:	 ARGS:
		 3: %cl_1_3->parse def_%cl_1_5 %cl_1_3[3.1,] %cl_1_4[3.2,] 	 SYMBOL:	 ARGS:%cl_1_4,
		 4: RETURN %cl_1_5[3.3,] %self[2.0,] 
BB 4
	outgoing: 6 
	datadep: 
	instructions:
		 0: def_%cl_1_6 
		 1: def_%cl_1_7 %cl_1_6[4.0,] 
		 2: RETURN %cl_1_7[4.1,] %self[2.0,] 
BB 6
	outgoing: 
	datadep: 
	instructions:
CLOSURE END: 
		 3: %v_4->new def_%v_8 %v_4[3.0,2.8,] %v_7[4.2,] 	 SYMBOL:	 ARGS:%v_7,
		 4: COPY TYPE_PASS def_export_data %v_8[4.3,] 
		 5: 
		 6: (ImportExport) def_%v_9 
		 7: (inherit CategoryImporter) def_%v_10 %v_9[4.6,] 
		 8: %v_10[4.7,] 
BB 5
	outgoing: 6 
	datadep: 
	instructions:
		 0: %v_9->const_missing def_%v_10 %v_9[4.6,] 	 SYMBOL:CategoryImporter,	 ARGS:Symbol,
BB 6
	outgoing: 7 
	datadep: 
	instructions:
		 0: %v_10->new def_%v_11 %v_10[5.0,4.7,] export_data[4.4,] 	 SYMBOL:	 ARGS:export_data,
		 1: %v_11->perform def_%v_12 %v_11[6.0,] 	 SYMBOL:	 ARGS:
		 2: RETURN %v_12[6.1,] %self[2.0,] 
BB 7
	outgoing: 
	datadep: 
	instructions:

SET IRMethod, name = export_topics instanceMethod = false
BB 1
	outgoing: 5 2 
	datadep: 
	instructions:
BB 2
	outgoing: 3 4 
	datadep: 
	instructions:
		 0: def_%self 
		 1: def_%v_0 
		 2: COPY TYPE_CurrentScope def_%current_scope 
		 3: COPY TYPE_ScopeModule def_%current_module 
		 4: 
		 5: RECEIVEARG def_topic_ids 
		 6: 
		 7: (ImportExport) def_%v_3 
		 8: (inherit TopicExporter) def_%v_4 %v_3[2.7,] 
		 9: %v_4[2.8,] 
BB 3
	outgoing: 4 
	datadep: 
	instructions:
		 0: %v_3->const_missing def_%v_4 %v_3[2.7,] 	 SYMBOL:TopicExporter,	 ARGS:Symbol,
BB 4
	outgoing: 5 
	datadep: 
	instructions:
		 0: %v_4->new def_%v_5 %v_4[3.0,2.8,] topic_ids[2.5,] 	 SYMBOL:	 ARGS:topic_ids,
		 1: %v_5->perform def_%v_6 %v_5[4.0,] 	 SYMBOL:	 ARGS:
		 2: %v_6->save_to_file def_%v_7 %v_6[4.1,] 	 SYMBOL:	 ARGS:
		 3: RETURN %v_7[4.2,] %self[2.0,] 
BB 5
	outgoing: 
	datadep: 
	instructions:

SET IRMethod, name = import_topics instanceMethod = false
BB 1
	outgoing: 7 2 
	datadep: 
	instructions:
BB 2
	outgoing: 3 4 
	datadep: 
	instructions:
		 0: def_%self 
		 1: def_%v_0 
		 2: COPY TYPE_CurrentScope def_%current_scope 
		 3: COPY TYPE_ScopeModule def_%current_module 
		 4: 
		 5: RECEIVEARG def_filename 
		 6: 
		 7: (ActiveSupport) def_%v_3 
		 8: (inherit HashWithIndifferentAccess) def_%v_4 %v_3[2.7,] 
		 9: %v_4[2.8,] 
BB 3
	outgoing: 4 
	datadep: 
	instructions:
		 0: %v_3->const_missing def_%v_4 %v_3[2.7,] 	 SYMBOL:HashWithIndifferentAccess,	 ARGS:Symbol,
BB 4
	outgoing: 5 6 
	datadep: 
	instructions:
		 0: (File) def_%v_5 
		 1: COPY TYPE_StringLiteral "r:UTF-8" def_%v_6 
		 2: %v_5->open def_%v_7 %v_5[4.0,] filename[2.5,] %v_6[4.1,] %self[2.0,] 	 SYMBOL:	 ARGS:filename,%v_6,%v_5,
CLOSURE BEGIN: f[] 
BB 1
	outgoing: 6 2 
	datadep: 
	instructions:
BB 2
	outgoing: 3 
	datadep: 
	instructions:
		 0: def_%self 
		 1: def_%cl_1_0 
		 2: RECEIVEARG def_f 
		 3: COPY TYPE_CurrentScope def_%current_scope 
		 4: COPY TYPE_ScopeModule def_%current_module 
BB 3
	outgoing: 4 6 
	datadep: 
	instructions:
		 0: 
		 1: (JSON) def_%cl_1_3 
		 2: f->read def_%cl_1_4 f[2.2,] 	 SYMBOL:	 ARGS:
		 3: %cl_1_3->parse def_%cl_1_5 %cl_1_3[3.1,] %cl_1_4[3.2,] 	 SYMBOL:	 ARGS:%cl_1_4,
		 4: RETURN %cl_1_5[3.3,] %self[2.0,] 
BB 4
	outgoing: 6 
	datadep: 
	instructions:
		 0: def_%cl_1_6 
		 1: def_%cl_1_7 %cl_1_6[4.0,] 
		 2: RETURN %cl_1_7[4.1,] %self[2.0,] 
BB 6
	outgoing: 
	datadep: 
	instructions:
CLOSURE END: 
		 3: %v_4->new def_%v_8 %v_4[3.0,2.8,] %v_7[4.2,] 	 SYMBOL:	 ARGS:%v_7,
		 4: COPY TYPE_PASS def_export_data %v_8[4.3,] 
		 5: 
		 6: (ImportExport) def_%v_9 
		 7: (inherit TopicImporter) def_%v_10 %v_9[4.6,] 
		 8: %v_10[4.7,] 
BB 5
	outgoing: 6 
	datadep: 
	instructions:
		 0: %v_9->const_missing def_%v_10 %v_9[4.6,] 	 SYMBOL:TopicImporter,	 ARGS:Symbol,
BB 6
	outgoing: 7 
	datadep: 
	instructions:
		 0: %v_10->new def_%v_11 %v_10[5.0,4.7,] export_data[4.4,] 	 SYMBOL:	 ARGS:export_data,
		 1: %v_11->perform def_%v_12 %v_11[6.0,] 	 SYMBOL:	 ARGS:
		 2: RETURN %v_12[6.1,] %self[2.0,] 
BB 7
	outgoing: 
	datadep: 
	instructions:

