SET IRMethod, name = execute instanceMethod = true
BB 1
	outgoing: 25 2 
	datadep: 
	instructions:
BB 2
	outgoing: 3 4 
	datadep: 
	instructions:
		 0: def_%self 
		 1: def_%v_0 
		 2: COPY TYPE_CurrentScope def_%current_scope 
		 3: COPY TYPE_ScopeModule def_%current_module 
		 4: 
		 5: RECEIVEARG def_issue 
		 6: def_commit 
		 7: commit[2.6,] 
BB 3
	outgoing: 4 
	datadep: 
	instructions:
		 0: COPY TYPE_Nil def_commit 
BB 4
	outgoing: 5 6 
	datadep: 
	instructions:
		 0: def_notifications 
		 1: notifications[4.0,] 
BB 5
	outgoing: 6 
	datadep: 
	instructions:
		 0: COPY TYPE_Boolean def_notifications 
BB 6
	outgoing: 7 8 
	datadep: 
	instructions:
		 0: def_system_note 
		 1: system_note[6.0,] 
BB 7
	outgoing: 8 
	datadep: 
	instructions:
		 0: COPY TYPE_Boolean def_system_note 
BB 8
	outgoing: 9 10 
	datadep: 
	instructions:
		 0: 
		 1: %self->project def_%v_3 %self[2.0,] 	 SYMBOL:	 ARGS:
		 2: %v_3->jira_tracker? def_%v_4 %v_3[8.1,] 	 SYMBOL:	 ARGS:
		 3: BRANCH %v_4[8.2,] 
BB 9
	outgoing: 10 
	datadep: 
	instructions:
		 0: %self->project def_%v_5 %self[2.0,] 	 SYMBOL:	 ARGS:
		 1: %v_5->jira_service def_%v_6 %v_5[9.0,] 	 SYMBOL:	 ARGS:
		 2: %v_6->active def_%v_7 %v_6[9.1,] 	 SYMBOL:	 ARGS:
		 3: COPY TYPE_PASS def_%v_4 %v_7[9.2,] 
BB 10
	outgoing: 11 12 
	datadep: 
	instructions:
		 0: BRANCH %v_4[9.3,8.2,] 
BB 11
	outgoing: 25 
	datadep: 
	instructions:
		 0: 
		 1: %self->project def_%v_8 %self[2.0,] 	 SYMBOL:	 ARGS:
		 2: %v_8->jira_service def_%v_9 %v_8[11.1,] 	 SYMBOL:	 ARGS:
		 3: %v_9->execute def_%v_10 %v_9[11.2,] commit[3.0,2.6,] issue[2.5,] 	 SYMBOL:	 ARGS:commit,issue,
		 4: 
		 5: %self->todo_service def_%v_11 %self[11.1,2.0,] 	 SYMBOL:	 ARGS:
		 6: %self->current_user def_%v_12 %self[11.1,11.5,2.0,] 	 SYMBOL:	 ARGS:
		 7: %v_11->close_issue def_%v_13 %v_11[11.5,] issue[2.5,] %v_12[11.6,] 	 SYMBOL:	 ARGS:issue,%v_12,
		 8: 
		 9: RETURN issue[2.5,] %self[11.1,11.5,11.6,2.0,] 
BB 12
	outgoing: 14 15 
	datadep: 
	instructions:
		 0: COPY TYPE_Nil def_%v_14 
		 1: 
		 2: %self->project def_%v_15 %self[2.0,] 	 SYMBOL:	 ARGS:
		 3: %v_15->default_issues_tracker? def_%v_16 %v_15[12.2,] 	 SYMBOL:	 ARGS:
		 4: BRANCH %v_16[12.3,] 
BB 14
	outgoing: 15 
	datadep: 
	instructions:
		 0: issue->close def_%v_17 issue[2.5,] 	 SYMBOL:	 ARGS:
		 1: COPY TYPE_PASS def_%v_16 %v_17[14.0,] 
BB 15
	outgoing: 16 23 
	datadep: 
	instructions:
		 0: BRANCH %v_16[14.1,12.3,] 
BB 16
	outgoing: 17 18 
	datadep: 
	instructions:
		 0: 
		 1: %self->event_service def_%v_18 %self[2.0,] 	 SYMBOL:	 ARGS:
		 2: %self->current_user def_%v_19 %self[16.1,2.0,] 	 SYMBOL:	 ARGS:
		 3: %v_18->close_issue def_%v_20 %v_18[16.1,] issue[2.5,] %v_19[16.2,] 	 SYMBOL:	 ARGS:issue,%v_19,
		 4: 
		 5: BRANCH system_note[7.0,6.0,] 
BB 17
	outgoing: 19 
	datadep: 
	instructions:
		 0: %self->create_note def_%v_21 %self[2.0,] issue[2.5,] commit[3.0,2.6,] 	 SYMBOL:	 ARGS:issue,commit,
		 1: 
BB 18
	outgoing: 19 
	datadep: 
	instructions:
		 0: COPY TYPE_Nil def_%v_21 
BB 19
	outgoing: 20 21 
	datadep: 
	instructions:
		 0: 
		 1: BRANCH notifications[5.0,4.0,] 
BB 20
	outgoing: 22 
	datadep: 
	instructions:
		 0: %self->notification_service def_%v_22 %self[2.0,] 	 SYMBOL:	 ARGS:
		 1: %self->current_user def_%v_23 %self[20.0,2.0,] 	 SYMBOL:	 ARGS:
		 2: %v_22->close_issue def_%v_24 %v_22[20.0,] issue[2.5,] %v_23[20.1,] 	 SYMBOL:	 ARGS:issue,%v_23,
		 3: 
BB 21
	outgoing: 22 
	datadep: 
	instructions:
		 0: COPY TYPE_Nil def_%v_24 
BB 22
	outgoing: 24 
	datadep: 
	instructions:
		 0: 
		 1: %self->todo_service def_%v_25 %self[2.0,] 	 SYMBOL:	 ARGS:
		 2: %self->current_user def_%v_26 %self[22.1,2.0,] 	 SYMBOL:	 ARGS:
		 3: %v_25->close_issue def_%v_27 %v_25[22.1,] issue[2.5,] %v_26[22.2,] 	 SYMBOL:	 ARGS:issue,%v_26,
		 4: 
		 5: COPY TYPE_StringLiteral "close" def_%v_28 
		 6: %self->execute_hooks def_%v_29 %self[22.1,22.2,2.0,] issue[2.5,] %v_28[22.5,] 	 SYMBOL:	 ARGS:issue,%v_28,
		 7: 
BB 23
	outgoing: 24 
	datadep: 
	instructions:
		 0: COPY TYPE_Nil def_%v_29 
BB 24
	outgoing: 25 
	datadep: 
	instructions:
		 0: 
		 1: RETURN issue[2.5,] %self[2.0,] 
BB 25
	outgoing: 
	datadep: 
	instructions:

SET IRMethod, name = create_note instanceMethod = true
BB 1
	outgoing: 3 2 
	datadep: 
	instructions:
BB 2
	outgoing: 3 
	datadep: 
	instructions:
		 0: def_%self 
		 1: def_%v_0 
		 2: COPY TYPE_CurrentScope def_%current_scope 
		 3: COPY TYPE_ScopeModule def_%current_module 
		 4: 
		 5: RECEIVEARG def_issue 
		 6: RECEIVEARG def_current_commit 
		 7: 
		 8: (SystemNoteService) def_%v_3 
		 9: issue->project def_%v_4 issue[2.5,] 	 SYMBOL:	 ARGS:
		 10: %self->current_user def_%v_5 %self[2.0,] 	 SYMBOL:	 ARGS:
		 11: issue->state def_%v_6 issue[2.5,2.9,] 	 SYMBOL:	 ARGS:
		 12: %v_3->change_status def_%v_7 %v_3[2.8,] issue[2.5,2.9,2.11,] %v_4[2.9,] %v_5[2.10,] %v_6[2.11,] current_commit[2.6,] 	 SYMBOL:	 ARGS:issue,%v_4,%v_5,%v_6,current_commit,
		 13: RETURN %v_7[2.12,] %self[2.0,2.10,] 
BB 3
	outgoing: 
	datadep: 
	instructions:

