SET IRMethod, name = name instanceMethod = true
BB 1
	outgoing: 3 2 
	datadep: 
	instructions:
BB 2
	outgoing: 3 
	datadep: 
	instructions:
		 0: def_%self 
		 1: def_%v_0 
		 2: COPY TYPE_CurrentScope def_%current_scope 
		 3: COPY TYPE_ScopeModule def_%current_module 
		 4: 
		 5: 
		 6: COPY TYPE_StringLiteral "github" def_%v_3 
		 7: RETURN %v_3[2.6,] %self[2.0,] 
BB 3
	outgoing: 
	datadep: 
	instructions:

SET IRMethod, name = after_authenticate instanceMethod = true
BB 1
	outgoing: 13 2 
	datadep: 
	instructions:
BB 2
	outgoing: 3 4 
	datadep: 
	instructions:
		 0: def_%self 
		 1: def_%v_0 
		 2: COPY TYPE_CurrentScope def_%current_scope 
		 3: COPY TYPE_ScopeModule def_%current_module 
		 4: 
		 5: RECEIVEARG def_auth_token 
		 6: 
		 7: (Auth) def_%v_3 
		 8: (inherit Result) def_%v_4 %v_3[2.7,] 
		 9: %v_4[2.8,] 
BB 3
	outgoing: 4 
	datadep: 
	instructions:
		 0: %v_3->const_missing def_%v_4 %v_3[2.7,] 	 SYMBOL:Result,	 ARGS:Symbol,
BB 4
	outgoing: 5 6 
	datadep: 
	instructions:
		 0: %v_4->new def_%v_5 %v_4[3.0,2.8,] 	 SYMBOL:	 ARGS:
		 1: COPY TYPE_PASS def_result %v_5[4.0,] 
		 2: 
		 3: auth_token->[] def_%v_6 auth_token[2.5,] 	 SYMBOL:info,	 ARGS:Symbol,
		 4: COPY TYPE_PASS def_data %v_6[4.3,] 
		 5: 
		 6: COPY TYPE_StringLiteral "nickname" def_%v_7 
		 7: %v_6->[] def_%v_8 %v_6[4.3,] %v_7[4.6,] 	 SYMBOL:	 ARGS:%v_7,
		 8: COPY TYPE_PASS def_screen_name %v_8[4.7,] 
		 9: ATTRASSIGN result->username %v_8[4.7,] 
		 10: 
		 11: COPY TYPE_StringLiteral "email" def_%v_9 
		 12: data->[] def_%v_10 data[4.4,] %v_9[4.11,] 	 SYMBOL:	 ARGS:%v_9,
		 13: COPY TYPE_PASS def_email %v_10[4.12,] 
		 14: ATTRASSIGN result->email %v_10[4.12,] 
		 15: 
		 16: COPY TYPE_StringLiteral "uid" def_%v_11 
		 17: auth_token->[] def_%v_12 auth_token[4.3,2.5,] %v_11[4.16,] 	 SYMBOL:	 ARGS:%v_11,
		 18: COPY TYPE_PASS def_github_user_id %v_12[4.17,] 
		 19: 
		 20: HASH-github_user_id-github_screen_name- def_%v_13 %v_12[4.17,] screen_name[4.8,] 
		 21: ATTRASSIGN result->extra_data %v_13[4.20,] 
		 22: 
		 23: (GithubUserInfo) def_%v_14 
		 24: HASH-github_user_id- def_%v_15 github_user_id[4.18,] 
		 25: %v_14->find_by def_%v_16 %v_14[4.23,] %v_15[4.24,] 	 SYMBOL:	 ARGS:%v_15,
		 26: COPY TYPE_PASS def_user_info %v_16[4.25,] 
		 27: 
		 28: COPY TYPE_StringLiteral "email_verified" def_%v_17 
		 29: data->[] def_%v_18 data[4.4,4.12,] %v_17[4.28,] 	 SYMBOL:	 ARGS:%v_17,
		 30: %v_18->! def_%v_19 %v_18[4.29,] 	 SYMBOL:	 ARGS:
		 31: %v_19->! def_%v_20 %v_19[4.30,] 	 SYMBOL:	 ARGS:
		 32: ATTRASSIGN result->email_valid %v_20[4.31,] 
		 33: 
		 34: BRANCH user_info[4.26,] 
BB 5
	outgoing: 12 
	datadep: 
	instructions:
		 0: 
		 1: user_info->user def_%v_21 user_info[4.26,] 	 SYMBOL:	 ARGS:
		 2: COPY TYPE_PASS def_user %v_21[5.1,] 
		 3: 
BB 6
	outgoing: 7 8 
	datadep: 
	instructions:
		 0: 
		 1: result->email_valid def_%v_22 result[4.1,4.9,4.14,4.21,4.32,] 	 SYMBOL:	 ARGS:
		 2: BRANCH %v_22[6.1,] 
BB 7
	outgoing: 8 
	datadep: 
	instructions:
		 0: (User) def_%v_23 
		 1: %v_23->find_by_email def_%v_24 %v_23[7.0,] email[4.13,] 	 SYMBOL:	 ARGS:email,
		 2: COPY TYPE_PASS def_user %v_24[7.1,] 
		 3: COPY TYPE_PASS def_%v_22 %v_24[7.1,] 
BB 8
	outgoing: 9 10 
	datadep: 
	instructions:
		 0: BRANCH %v_22[7.3,6.1,] 
BB 9
	outgoing: 11 
	datadep: 
	instructions:
		 0: 
		 1: (GithubUserInfo) def_%v_25 
		 2: user->id def_%v_26 user[7.2,] 	 SYMBOL:	 ARGS:
		 3: HASH-user_id-screen_name-github_user_id- def_%v_27 %v_26[9.2,] screen_name[4.8,] github_user_id[4.18,] 
		 4: %v_25->create def_%v_28 %v_25[9.1,] %v_27[9.3,] 	 SYMBOL:	 ARGS:%v_27,
		 5: COPY TYPE_PASS def_user_info %v_28[9.4,] 
		 6: 
BB 10
	outgoing: 11 
	datadep: 
	instructions:
		 0: COPY TYPE_Nil def_%v_28 
BB 11
	outgoing: 12 
	datadep: 
	instructions:
		 0: COPY TYPE_PASS def_%v_21 %v_28[10.0,9.4,] 
BB 12
	outgoing: 13 
	datadep: 
	instructions:
		 0: 
		 1: ATTRASSIGN result->user user[5.2,7.2,] 
		 2: 
		 3: RETURN result[12.1,4.1,4.9,4.14,4.21,4.32,] %self[2.0,] 
BB 13
	outgoing: 
	datadep: 
	instructions:

SET IRMethod, name = after_create_account instanceMethod = true
BB 1
	outgoing: 3 2 
	datadep: 
	instructions:
BB 2
	outgoing: 3 
	datadep: 
	instructions:
		 0: def_%self 
		 1: def_%v_0 
		 2: COPY TYPE_CurrentScope def_%current_scope 
		 3: COPY TYPE_ScopeModule def_%current_module 
		 4: 
		 5: RECEIVEARG def_user 
		 6: RECEIVEARG def_auth 
		 7: 
		 8: auth->[] def_%v_3 auth[2.6,] 	 SYMBOL:extra_data,	 ARGS:Symbol,
		 9: COPY TYPE_PASS def_data %v_3[2.8,] 
		 10: 
		 11: (GithubUserInfo) def_%v_4 
		 12: user->id def_%v_5 user[2.5,] 	 SYMBOL:	 ARGS:
		 13: data->[] def_%v_6 data[2.9,] 	 SYMBOL:github_screen_name,	 ARGS:Symbol,
		 14: data->[] def_%v_7 data[2.9,2.13,] 	 SYMBOL:github_user_id,	 ARGS:Symbol,
		 15: HASH-user_id-screen_name-github_user_id- def_%v_8 %v_5[2.12,] %v_6[2.13,] %v_7[2.14,] 
		 16: %v_4->create def_%v_9 %v_4[2.11,] %v_8[2.15,] 	 SYMBOL:	 ARGS:%v_8,
		 17: RETURN %v_9[2.16,] %self[2.0,] 
BB 3
	outgoing: 
	datadep: 
	instructions:

SET IRMethod, name = register_middleware instanceMethod = true
BB 1
	outgoing: 3 2 
	datadep: 
	instructions:
BB 2
	outgoing: 3 
	datadep: 
	instructions:
		 0: def_%self 
		 1: def_%v_0 
		 2: COPY TYPE_CurrentScope def_%current_scope 
		 3: COPY TYPE_ScopeModule def_%current_module 
		 4: 
		 5: RECEIVEARG def_omniauth 
		 6: 
		 7: %self->lambda def_%v_3 %self[2.0,] %self[2.0,] 	 SYMBOL:	 ARGS:%self,
CLOSURE BEGIN: env[] strategy[] 
BB 1
	outgoing: 6 2 
	datadep: 
	instructions:
BB 2
	outgoing: 3 
	datadep: 
	instructions:
		 0: def_%self 
		 1: def_%cl_1_0 
		 2: RECEIVEARG def_env 
		 3: COPY TYPE_CurrentScope def_%current_scope 
		 4: COPY TYPE_ScopeModule def_%current_module 
BB 3
	outgoing: 4 6 
	datadep: 
	instructions:
		 0: 
		 1: COPY TYPE_StringLiteral "omniauth.strategy" def_%cl_1_3 
		 2: env->[] def_%cl_1_4 env[2.2,] %cl_1_3[3.1,] 	 SYMBOL:	 ARGS:%cl_1_3,
		 3: COPY TYPE_PASS def_strategy %cl_1_4[3.2,] 
		 4: 
		 5: %cl_1_4->options def_%cl_1_5 %cl_1_4[3.2,] 	 SYMBOL:	 ARGS:
		 6: (SiteSetting) def_%cl_1_6 
		 7: %cl_1_6->github_client_id def_%cl_1_7 %cl_1_6[3.6,] 	 SYMBOL:	 ARGS:
		 8: ATTRASSIGN %cl_1_5->[] %cl_1_7[3.7,] 
		 9: 
		 10: strategy->options def_%cl_1_8 strategy[3.3,] 	 SYMBOL:	 ARGS:
		 11: (SiteSetting) def_%cl_1_9 
		 12: %cl_1_9->github_client_secret def_%cl_1_10 %cl_1_9[3.11,] 	 SYMBOL:	 ARGS:
		 13: ATTRASSIGN %cl_1_8->[] %cl_1_10[3.12,] 
		 14: RETURN %cl_1_10[3.12,] %self[2.0,] 
BB 4
	outgoing: 6 
	datadep: 
	instructions:
		 0: def_%cl_1_11 
		 1: def_%cl_1_12 %cl_1_11[4.0,] 
		 2: RETURN %cl_1_12[4.1,] %self[2.0,] 
BB 6
	outgoing: 
	datadep: 
	instructions:
CLOSURE END: strategy[3.3,] 
		 8: COPY TYPE_StringLiteral "user:email" def_%v_4 
		 9: HASH-setup-scope- def_%v_5 %v_3[2.7,] %v_4[2.8,] 
		 10: omniauth->provider def_%v_6 omniauth[2.5,] %v_5[2.9,] 	 SYMBOL:github,	 ARGS:Symbol,%v_5,
		 11: RETURN %v_6[2.10,] %self[2.0,2.7,] 
BB 3
	outgoing: 
	datadep: 
	instructions:

