SET IRMethod, name = process_create instanceMethod = true
BB 1
	outgoing: 6 2 
	datadep: 
	instructions:
BB 2
	outgoing: 3 4 
	datadep: 
	instructions:
		 0: def_%self 
		 1: def_%v_0 
		 2: COPY TYPE_CurrentScope def_%current_scope 
		 3: COPY TYPE_ScopeModule def_%current_module 
		 4: 
		 5: 
		 6: GETFIELD %self->created_by def_%v_3 %self[2.0,] 
		 7: %v_3->nil? def_%v_4 %v_3[2.6,] 	 SYMBOL:	 ARGS:
		 8: BRANCH %v_4[2.7,] 
BB 3
	outgoing: 6 
	datadep: 
	instructions:
		 0: COPY TYPE_Nil def_%v_5 
		 1: RETURN %v_5[3.0,] %self[2.0,] 
BB 4
	outgoing: 6 
	datadep: 
	instructions:
		 0: (Activity) def_%v_6 
		 1: GETFIELD %self->created_by def_%v_7 %self[2.0,] 
		 2: %v_6->new_log def_%v_8 %v_6[4.0,] %self[2.0,] %v_7[4.1,] 	 SYMBOL:add,	 ARGS:%self,%v_7,Symbol,Boolean,
		 3: RETURN %v_8[4.2,] %self[2.0,] 
BB 6
	outgoing: 
	datadep: 
	instructions:

SET IRMethod, name = process_update_params instanceMethod = true
BB 1
	outgoing: 6 2 
	datadep: 
	instructions:
BB 2
	outgoing: 3 4 
	datadep: 
	instructions:
		 0: def_%self 
		 1: def_%v_0 
		 2: COPY TYPE_CurrentScope def_%current_scope 
		 3: COPY TYPE_ScopeModule def_%current_module 
		 4: 
		 5: 
		 6: GETFIELD %self->updated_by def_%v_3 %self[2.0,] 
		 7: %v_3->nil? def_%v_4 %v_3[2.6,] 	 SYMBOL:	 ARGS:
		 8: BRANCH %v_4[2.7,] 
BB 3
	outgoing: 6 
	datadep: 
	instructions:
		 0: COPY TYPE_Nil def_%v_5 
		 1: RETURN %v_5[3.0,] %self[2.0,] 
BB 4
	outgoing: 6 
	datadep: 
	instructions:
		 0: (Activity) def_%v_6 
		 1: GETFIELD %self->updated_by def_%v_7 %self[2.0,] 
		 2: %v_6->new_log def_%v_8 %v_6[4.0,] %self[2.0,] %v_7[4.1,] 	 SYMBOL:edit,	 ARGS:%self,%v_7,Symbol,Boolean,
		 3: RETURN %v_8[4.2,] %self[2.0,] 
BB 6
	outgoing: 
	datadep: 
	instructions:

SET IRMethod, name = process_destroy instanceMethod = true
BB 1
	outgoing: 6 2 
	datadep: 
	instructions:
BB 2
	outgoing: 3 4 
	datadep: 
	instructions:
		 0: def_%self 
		 1: def_%v_0 
		 2: COPY TYPE_CurrentScope def_%current_scope 
		 3: COPY TYPE_ScopeModule def_%current_module 
		 4: 
		 5: 
		 6: GETFIELD %self->updated_by def_%v_3 %self[2.0,] 
		 7: %v_3->nil? def_%v_4 %v_3[2.6,] 	 SYMBOL:	 ARGS:
		 8: BRANCH %v_4[2.7,] 
BB 3
	outgoing: 6 
	datadep: 
	instructions:
		 0: COPY TYPE_Nil def_%v_5 
		 1: RETURN %v_5[3.0,] %self[2.0,] 
BB 4
	outgoing: 6 
	datadep: 
	instructions:
		 0: (Activity) def_%v_6 
		 1: GETFIELD %self->updated_by def_%v_7 %self[2.0,] 
		 2: %v_6->new_log def_%v_8 %v_6[4.0,] %self[2.0,] %v_7[4.1,] 	 SYMBOL:delete,	 ARGS:%self,%v_7,Symbol,Boolean,
		 3: RETURN %v_8[4.2,] %self[2.0,] 
BB 6
	outgoing: 
	datadep: 
	instructions:

SET IRMethod, name = created_by= instanceMethod = true
BB 1
	outgoing: 3 2 
	datadep: 
	instructions:
BB 2
	outgoing: 3 
	datadep: 
	instructions:
		 0: def_%self 
		 1: def_%v_0 
		 2: COPY TYPE_CurrentScope def_%current_scope 
		 3: COPY TYPE_ScopeModule def_%current_module 
		 4: 
		 5: RECEIVEARG def_user 
		 6: 
		 7: ATTRASSIGN %self->created_by user[2.5,] 
		 8: RETURN user[2.5,] %self[2.0,2.7,] 
BB 3
	outgoing: 
	datadep: 
	instructions:

SET IRMethod, name = updated_by= instanceMethod = true
BB 1
	outgoing: 3 2 
	datadep: 
	instructions:
BB 2
	outgoing: 3 
	datadep: 
	instructions:
		 0: def_%self 
		 1: def_%v_0 
		 2: COPY TYPE_CurrentScope def_%current_scope 
		 3: COPY TYPE_ScopeModule def_%current_module 
		 4: 
		 5: RECEIVEARG def_user 
		 6: 
		 7: ATTRASSIGN %self->updated_by user[2.5,] 
		 8: RETURN user[2.5,] %self[2.0,2.7,] 
BB 3
	outgoing: 
	datadep: 
	instructions:

SET IRMethod, name = object_name instanceMethod = true
BB 1
	outgoing: 3 2 
	datadep: 
	instructions:
BB 2
	outgoing: 3 
	datadep: 
	instructions:
		 0: def_%self 
		 1: def_%v_0 
		 2: COPY TYPE_CurrentScope def_%current_scope 
		 3: COPY TYPE_ScopeModule def_%current_module 
		 4: 
		 5: 
		 6: %self->name def_%v_3 %self[2.0,] 	 SYMBOL:	 ARGS:
		 7: RETURN %v_3[2.6,] %self[2.0,2.6,] 
BB 3
	outgoing: 
	datadep: 
	instructions:

SET IRMethod, name = object_url instanceMethod = true
BB 1
	outgoing: 5 2 
	datadep: 
	instructions:
BB 2
	outgoing: 3 4 
	datadep: 
	instructions:
		 0: def_%self 
		 1: def_%v_0 
		 2: COPY TYPE_CurrentScope def_%current_scope 
		 3: COPY TYPE_ScopeModule def_%current_module 
		 4: 
		 5: RECEIVECONSTARG def_host 
		 6: host[2.5,] 
BB 3
	outgoing: 4 
	datadep: 
	instructions:
		 0: COPY TYPE_Nil def_host 
BB 4
	outgoing: 5 
	datadep: 
	instructions:
		 0: 
		 1: host->nil? def_%v_3 host[3.0,2.5,] 	 SYMBOL:	 ARGS:
		 2: COPY TYPE_StringLiteral "folders" def_%v_4 
		 3: COPY TYPE_StringLiteral "files" def_%v_5 
		 4: %self->id def_%v_6 %self[2.0,] 	 SYMBOL:	 ARGS:
		 5: %self->project_id def_%v_7 %self[4.4,2.0,] 	 SYMBOL:	 ARGS:
		 6: HASH-only_path-host-controller-action-id-active_project- def_%v_8 %v_3[4.1,] host[4.1,3.0,2.5,] %v_4[4.2,] %v_5[4.3,] %v_6[4.4,] %v_7[4.5,] 
		 7: %self->url_for def_%v_9 %self[4.4,4.5,2.0,] %v_8[4.6,] 	 SYMBOL:	 ARGS:%v_8,
		 8: RETURN %v_9[4.7,] %self[4.4,4.5,4.7,2.0,] 
BB 5
	outgoing: 
	datadep: 
	instructions:

SET IRMethod, name = select_list instanceMethod = false
BB 1
	outgoing: 3 2 
	datadep: 
	instructions:
BB 2
	outgoing: 3 
	datadep: 
	instructions:
		 0: def_%self 
		 1: def_%v_0 
		 2: COPY TYPE_CurrentScope def_%current_scope 
		 3: COPY TYPE_ScopeModule def_%current_module 
		 4: 
		 5: RECEIVEARG def_project 
		 6: 
		 7: COPY TYPE_StringLiteral "None" def_%v_3 
		 8: COPY TYPE_Array def_%v_4 %v_3[2.7,] 
		 9: COPY TYPE_Array def_%v_5 %v_4[2.8,] 
		 10: (Folder) def_%v_6 
		 11: project->id def_%v_7 project[2.5,] 	 SYMBOL:	 ARGS:
		 12: HASH-project_id- def_%v_8 %v_7[2.11,] 
		 13: %v_6->where def_%v_9 %v_6[2.10,] %v_8[2.12,] 	 SYMBOL:	 ARGS:%v_8,
		 14: COPY TYPE_StringLiteral "id, name" def_%v_10 
		 15: %v_9->select def_%v_11 %v_9[2.13,] %v_10[2.14,] 	 SYMBOL:	 ARGS:%v_10,
		 16: %v_11->collect def_%v_12 %v_11[2.15,] %self[2.0,] 	 SYMBOL:	 ARGS:%v_11,
CLOSURE BEGIN: folder[] 
BB 1
	outgoing: 6 2 
	datadep: 
	instructions:
BB 2
	outgoing: 3 
	datadep: 
	instructions:
		 0: def_%self 
		 1: def_%cl_1_0 
		 2: RECEIVEARG def_folder 
		 3: COPY TYPE_CurrentScope def_%current_scope 
		 4: COPY TYPE_ScopeModule def_%current_module 
BB 3
	outgoing: 4 6 
	datadep: 
	instructions:
		 0: 
		 1: folder->name def_%cl_1_3 folder[2.2,] 	 SYMBOL:	 ARGS:
		 2: folder->id def_%cl_1_4 folder[3.1,2.2,] 	 SYMBOL:	 ARGS:
		 3: COPY TYPE_Array def_%cl_1_5 %cl_1_3[3.1,] %cl_1_4[3.2,] 
		 4: RETURN %cl_1_5[3.3,] %self[2.0,] 
BB 4
	outgoing: 6 
	datadep: 
	instructions:
		 0: def_%cl_1_6 
		 1: def_%cl_1_7 %cl_1_6[4.0,] 
		 2: RETURN %cl_1_7[4.1,] %self[2.0,] 
BB 6
	outgoing: 
	datadep: 
	instructions:
CLOSURE END: 
		 17: %v_5->+ def_%v_13 %v_5[2.9,] %v_12[2.16,] 	 SYMBOL:	 ARGS:%v_12,
		 18: RETURN %v_13[2.17,] %self[2.0,] 
BB 3
	outgoing: 
	datadep: 
	instructions:

