SET IRMethod, name = process_params instanceMethod = true
BB 1
	outgoing: 3 2 
	datadep: 
	instructions:
BB 2
	outgoing: 3 
	datadep: 
	instructions:
		 0: def_%self 
		 1: def_%v_0 
		 2: COPY TYPE_CurrentScope def_%current_scope 
		 3: COPY TYPE_ScopeModule def_%current_module 
		 4: 
		 5: RETURN %self[2.0,] 
BB 3
	outgoing: 
	datadep: 
	instructions:

SET IRMethod, name = objects instanceMethod = true
BB 1
	outgoing: 4 2 
	datadep: 
	instructions:
BB 2
	outgoing: 4 
	datadep: 
	instructions:
		 0: def_%self 
		 1: def_%v_0 
		 2: COPY TYPE_CurrentScope def_%current_scope 
		 3: COPY TYPE_ScopeModule def_%current_module 
		 4: 
		 5: 
		 6: (Tag) def_%v_3 
		 7: %self->name def_%v_4 %self[2.0,] 	 SYMBOL:	 ARGS:
		 8: %v_3->find_objects def_%v_5 %v_3[2.6,] %v_4[2.7,] 	 SYMBOL:	 ARGS:%v_4,
		 9: RETURN %v_5[2.8,] %self[2.0,2.7,] 
BB 4
	outgoing: 
	datadep: 
	instructions:

SET IRMethod, name = object_name instanceMethod = true
BB 1
	outgoing: 3 2 
	datadep: 
	instructions:
BB 2
	outgoing: 3 
	datadep: 
	instructions:
		 0: def_%self 
		 1: def_%v_0 
		 2: COPY TYPE_CurrentScope def_%current_scope 
		 3: COPY TYPE_ScopeModule def_%current_module 
		 4: 
		 5: 
		 6: %self->tag def_%v_3 %self[2.0,] 	 SYMBOL:	 ARGS:
		 7: RETURN %v_3[2.6,] %self[2.0,2.6,] 
BB 3
	outgoing: 
	datadep: 
	instructions:

SET IRMethod, name = object_url instanceMethod = true
BB 1
	outgoing: 5 2 
	datadep: 
	instructions:
BB 2
	outgoing: 3 4 
	datadep: 
	instructions:
		 0: def_%self 
		 1: def_%v_0 
		 2: COPY TYPE_CurrentScope def_%current_scope 
		 3: COPY TYPE_ScopeModule def_%current_module 
		 4: 
		 5: RECEIVECONSTARG def_host 
		 6: host[2.5,] 
BB 3
	outgoing: 4 
	datadep: 
	instructions:
		 0: COPY TYPE_Nil def_host 
BB 4
	outgoing: 5 
	datadep: 
	instructions:
		 0: 
		 1: host->nil? def_%v_3 host[3.0,2.5,] 	 SYMBOL:	 ARGS:
		 2: COPY TYPE_StringLiteral "projects" def_%v_4 
		 3: COPY TYPE_StringLiteral "tags" def_%v_5 
		 4: %self->tag def_%v_6 %self[2.0,] 	 SYMBOL:	 ARGS:
		 5: %self->project_id def_%v_7 %self[4.4,2.0,] 	 SYMBOL:	 ARGS:
		 6: HASH-only_path-host-controller-action-id-active_project- def_%v_8 %v_3[4.1,] host[4.1,3.0,2.5,] %v_4[4.2,] %v_5[4.3,] %v_6[4.4,] %v_7[4.5,] 
		 7: %self->url_for def_%v_9 %self[4.4,4.5,2.0,] %v_8[4.6,] 	 SYMBOL:	 ARGS:%v_8,
		 8: RETURN %v_9[4.7,] %self[4.4,4.5,4.7,2.0,] 
BB 5
	outgoing: 
	datadep: 
	instructions:

SET IRMethod, name = find_objects instanceMethod = false
BB 1
	outgoing: 6 2 
	datadep: 
	instructions:
BB 2
	outgoing: 3 4 
	datadep: 
	instructions:
		 0: def_%self 
		 1: def_%v_0 
		 2: COPY TYPE_CurrentScope def_%current_scope 
		 3: COPY TYPE_ScopeModule def_%current_module 
		 4: 
		 5: RECEIVEARG def_tag_name 
		 6: RECEIVEARG def_project 
		 7: RECEIVEARG def_is_public 
		 8: 
		 9: BRANCH is_public[2.7,] 
BB 3
	outgoing: 5 
	datadep: 
	instructions:
		 0: COPY TYPE_StringLiteral "project_id = ? AND tag = ? AND is_private = ?" def_%v_3 
		 1: project->id def_%v_4 project[2.6,] 	 SYMBOL:	 ARGS:
		 2: COPY TYPE_Array def_%v_5 %v_3[3.0,] %v_4[3.1,] tag_name[2.5,] 
		 3: 
BB 4
	outgoing: 5 
	datadep: 
	instructions:
		 0: COPY TYPE_StringLiteral "project_id = ? AND tag = ?" def_%v_6 
		 1: project->id def_%v_7 project[2.6,] 	 SYMBOL:	 ARGS:
		 2: COPY TYPE_Array def_%v_8 %v_6[4.0,] %v_7[4.1,] tag_name[2.5,] 
		 3: COPY TYPE_PASS def_%v_5 %v_8[4.2,] 
BB 5
	outgoing: 6 
	datadep: 
	instructions:
		 0: COPY TYPE_PASS def_tag_conditions %v_5[4.3,3.2,] 
		 1: 
		 2: (Tag) def_%v_9 
		 3: %v_9->where def_%v_10 %v_9[5.2,] %v_5[4.3,3.2,] 	 SYMBOL:	 ARGS:tag_conditions,
		 4: %v_10->collect def_%v_11 %v_10[5.3,] %self[2.0,] 	 SYMBOL:	 ARGS:%v_10,
CLOSURE BEGIN: tag[] 
BB 1
	outgoing: 6 2 
	datadep: 
	instructions:
BB 2
	outgoing: 3 
	datadep: 
	instructions:
		 0: def_%self 
		 1: def_%cl_1_0 
		 2: RECEIVEARG def_tag 
		 3: COPY TYPE_CurrentScope def_%current_scope 
		 4: COPY TYPE_ScopeModule def_%current_module 
BB 3
	outgoing: 4 6 
	datadep: 
	instructions:
		 0: 
		 1: tag->rel_object def_%cl_1_3 tag[2.2,] 	 SYMBOL:	 ARGS:
		 2: RETURN %cl_1_3[3.1,] %self[2.0,] 
BB 4
	outgoing: 6 
	datadep: 
	instructions:
		 0: def_%cl_1_4 
		 1: def_%cl_1_5 %cl_1_4[4.0,] 
		 2: RETURN %cl_1_5[4.1,] %self[2.0,] 
BB 6
	outgoing: 
	datadep: 
	instructions:
CLOSURE END: 
		 5: RETURN %v_11[5.4,] %self[2.0,] 
BB 6
	outgoing: 
	datadep: 
	instructions:

SET IRMethod, name = clear_by_object instanceMethod = false
BB 1
	outgoing: 3 2 
	datadep: 
	instructions:
BB 2
	outgoing: 3 
	datadep: 
	instructions:
		 0: def_%self 
		 1: def_%v_0 
		 2: COPY TYPE_CurrentScope def_%current_scope 
		 3: COPY TYPE_ScopeModule def_%current_module 
		 4: 
		 5: RECEIVEARG def_object 
		 6: 
		 7: (Tag) def_%v_3 
		 8: COPY TYPE_StringLiteral "project_id = ? AND rel_object_type = ? AND rel_object_id = ?" def_%v_4 
		 9: object->project_id def_%v_5 object[2.5,] 	 SYMBOL:	 ARGS:
		 10: object->class def_%v_6 object[2.5,2.9,] 	 SYMBOL:	 ARGS:
		 11: %v_6->to_s def_%v_7 %v_6[2.10,] 	 SYMBOL:	 ARGS:
		 12: object->id def_%v_8 object[2.5,2.9,2.10,] 	 SYMBOL:	 ARGS:
		 13: COPY TYPE_Array def_%v_9 %v_4[2.8,] %v_5[2.9,] %v_7[2.11,] %v_8[2.12,] 
		 14: %v_3->delete_all def_%v_10 %v_3[2.7,] %v_9[2.13,] 	 SYMBOL:	 ARGS:%v_9,
		 15: RETURN %v_10[2.14,] %self[2.0,] 
BB 3
	outgoing: 
	datadep: 
	instructions:

SET IRMethod, name = set_to_object instanceMethod = false
BB 1
	outgoing: 14 2 
	datadep: 
	instructions:
BB 2
	outgoing: 3 4 
	datadep: 
	instructions:
		 0: def_%self 
		 1: def_%v_0 
		 2: COPY TYPE_CurrentScope def_%current_scope 
		 3: COPY TYPE_ScopeModule def_%current_module 
		 4: 
		 5: RECEIVEARG def_object 
		 6: RECEIVEARG def_taglist 
		 7: RECEIVECONSTARG def_force_user 
		 8: force_user[2.7,] 
BB 3
	outgoing: 4 
	datadep: 
	instructions:
		 0: COPY TYPE_Fixnum def_force_user 
BB 4
	outgoing: 5 6 
	datadep: 
	instructions:
		 0: 
		 1: %self->clear_by_object def_%v_3 %self[2.0,] object[2.5,] 	 SYMBOL:	 ARGS:object,
		 2: 
		 3: object->is_private def_%v_4 object[2.5,] 	 SYMBOL:	 ARGS:
		 4: %v_4->nil? def_%v_5 %v_4[4.3,] 	 SYMBOL:	 ARGS:
		 5: BRANCH %v_5[4.4,] 
BB 5
	outgoing: 7 
	datadep: 
	instructions:
		 0: COPY TYPE_Boolean def_%v_6 
		 1: 
BB 6
	outgoing: 7 
	datadep: 
	instructions:
		 0: object->is_private def_%v_7 object[2.5,] 	 SYMBOL:	 ARGS:
		 1: COPY TYPE_PASS def_%v_6 %v_7[6.0,] 
BB 7
	outgoing: 8 12 
	datadep: 
	instructions:
		 0: COPY TYPE_PASS def_set_private %v_6[6.1,5.0,] 
		 1: 
		 2: force_user->== def_%v_8 force_user[3.0,2.7,] 	 SYMBOL:	 ARGS:Fixnum,
		 3: BRANCH %v_8[7.2,] 
BB 8
	outgoing: 9 10 
	datadep: 
	instructions:
		 0: object->updated_by def_%v_9 object[2.5,] 	 SYMBOL:	 ARGS:
		 1: %v_9->nil? def_%v_10 %v_9[8.0,] 	 SYMBOL:	 ARGS:
		 2: BRANCH %v_10[8.1,] 
BB 9
	outgoing: 11 
	datadep: 
	instructions:
		 0: object->created_by def_%v_11 object[2.5,] 	 SYMBOL:	 ARGS:
		 1: 
BB 10
	outgoing: 11 
	datadep: 
	instructions:
		 0: object->updated_by def_%v_12 object[2.5,] 	 SYMBOL:	 ARGS:
		 1: COPY TYPE_PASS def_%v_11 %v_12[10.0,] 
BB 11
	outgoing: 13 
	datadep: 
	instructions:
		 0: 
BB 12
	outgoing: 13 
	datadep: 
	instructions:
		 0: COPY TYPE_PASS def_%v_11 force_user[3.0,2.7,] 
BB 13
	outgoing: 14 
	datadep: 
	instructions:
		 0: COPY TYPE_PASS def_set_user %v_11[12.0,10.1,9.0,] 
		 1: 
		 2: (Tag) def_%v_13 
		 3: %v_13->transaction def_%v_14 %v_13[13.2,] %self[2.0,] 	 SYMBOL:	 ARGS:%v_13,
CLOSURE BEGIN: taglist[2.6,] %self[2.0,] tag_name[] t[] object[2.5,] set_user[13.0,] set_private[7.0,] 
BB 1
	outgoing: 6 2 
	datadep: 
	instructions:
BB 2
	outgoing: 3 
	datadep: 
	instructions:
		 0: def_%self 
		 1: def_%cl_1_0 
		 2: COPY TYPE_CurrentScope def_%current_scope 
		 3: COPY TYPE_ScopeModule def_%current_module 
BB 3
	outgoing: 4 6 
	datadep: 
	instructions:
		 0: 
		 1: taglist->each def_%cl_1_3 taglist[] %self[2.0,] 	 SYMBOL:	 ARGS:taglist,
CLOSURE BEGIN: tag_name[] t[] object[] set_user[] set_private[] 
BB 1
	outgoing: 6 2 
	datadep: 
	instructions:
BB 2
	outgoing: 3 
	datadep: 
	instructions:
		 0: def_%self 
		 1: def_%cl_2_0 
		 2: RECEIVEARG def_tag_name 
		 3: COPY TYPE_CurrentScope def_%current_scope 
		 4: COPY TYPE_ScopeModule def_%current_module 
BB 3
	outgoing: 4 6 
	datadep: 
	instructions:
		 0: 
		 1: (Tag) def_%cl_2_3 
		 2: %cl_2_3->new def_%cl_2_4 %cl_2_3[3.1,] 	 SYMBOL:	 ARGS:
		 3: COPY TYPE_PASS def_t %cl_2_4[3.2,] 
		 4: 
		 5: tag_name->strip def_%cl_2_5 tag_name[2.2,] 	 SYMBOL:	 ARGS:
		 6: ATTRASSIGN t->tag %cl_2_5[3.5,] 
		 7: 
		 8: object->project def_%cl_2_6 object[] 	 SYMBOL:	 ARGS:
		 9: ATTRASSIGN t->project %cl_2_6[3.8,] 
		 10: 
		 11: ATTRASSIGN t->rel_object object[3.8,] 
		 12: 
		 13: ATTRASSIGN t->created_by set_user[] 
		 14: 
		 15: ATTRASSIGN t->is_private set_private[] 
		 16: 
		 17: t->save def_%cl_2_7 t[3.3,3.6,3.9,3.11,3.13,3.15,] 	 SYMBOL:	 ARGS:
		 18: RETURN %cl_2_7[3.17,] %self[2.0,] 
BB 4
	outgoing: 6 
	datadep: 
	instructions:
		 0: def_%cl_2_8 
		 1: def_%cl_2_9 %cl_2_8[4.0,] 
		 2: RETURN %cl_2_9[4.1,] %self[2.0,] 
BB 6
	outgoing: 
	datadep: 
	instructions:
CLOSURE END: t[3.3,3.6,3.9,3.11,3.13,3.15,] 
		 2: RETURN %cl_1_3[3.1,] %self[2.0,] 
BB 4
	outgoing: 6 
	datadep: 
	instructions:
		 0: def_%cl_1_4 
		 1: def_%cl_1_5 %cl_1_4[4.0,] 
		 2: RETURN %cl_1_5[4.1,] %self[2.0,] 
BB 6
	outgoing: 
	datadep: 
	instructions:
CLOSURE END: 
		 4: RETURN %v_14[13.3,] %self[2.0,] 
BB 14
	outgoing: 
	datadep: 
	instructions:

SET IRMethod, name = list_by_object instanceMethod = false
BB 1
	outgoing: 3 2 
	datadep: 
	instructions:
BB 2
	outgoing: 3 
	datadep: 
	instructions:
		 0: def_%self 
		 1: def_%v_0 
		 2: COPY TYPE_CurrentScope def_%current_scope 
		 3: COPY TYPE_ScopeModule def_%current_module 
		 4: 
		 5: RECEIVEARG def_object 
		 6: 
		 7: (Tag) def_%v_3 
		 8: COPY TYPE_StringLiteral "rel_object_type = ? AND rel_object_id = ?" def_%v_4 
		 9: object->class def_%v_5 object[2.5,] 	 SYMBOL:	 ARGS:
		 10: %v_5->to_s def_%v_6 %v_5[2.9,] 	 SYMBOL:	 ARGS:
		 11: object->id def_%v_7 object[2.5,2.9,] 	 SYMBOL:	 ARGS:
		 12: COPY TYPE_Array def_%v_8 %v_4[2.8,] %v_6[2.10,] %v_7[2.11,] 
		 13: %v_3->where def_%v_9 %v_3[2.7,] %v_8[2.12,] 	 SYMBOL:	 ARGS:%v_8,
		 14: COPY TYPE_PASS def_tags %v_9[2.13,] 
		 15: 
		 16: %v_9->collect def_%v_10 %v_9[2.13,] %self[2.0,] 	 SYMBOL:	 ARGS:%v_9,
CLOSURE BEGIN: tag[] 
BB 1
	outgoing: 6 2 
	datadep: 
	instructions:
BB 2
	outgoing: 3 
	datadep: 
	instructions:
		 0: def_%self 
		 1: def_%cl_1_0 
		 2: RECEIVEARG def_tag 
		 3: COPY TYPE_CurrentScope def_%current_scope 
		 4: COPY TYPE_ScopeModule def_%current_module 
BB 3
	outgoing: 4 6 
	datadep: 
	instructions:
		 0: 
		 1: tag->tag def_%cl_1_3 tag[2.2,] 	 SYMBOL:	 ARGS:
		 2: RETURN %cl_1_3[3.1,] %self[2.0,] 
BB 4
	outgoing: 6 
	datadep: 
	instructions:
		 0: def_%cl_1_4 
		 1: def_%cl_1_5 %cl_1_4[4.0,] 
		 2: RETURN %cl_1_5[4.1,] %self[2.0,] 
BB 6
	outgoing: 
	datadep: 
	instructions:
CLOSURE END: 
		 17: RETURN %v_10[2.16,] %self[2.0,] 
BB 3
	outgoing: 
	datadep: 
	instructions:

SET IRMethod, name = list_by_project instanceMethod = false
BB 1
	outgoing: 11 2 
	datadep: 
	instructions:
BB 2
	outgoing: 3 4 
	datadep: 
	instructions:
		 0: def_%self 
		 1: def_%v_0 
		 2: COPY TYPE_CurrentScope def_%current_scope 
		 3: COPY TYPE_ScopeModule def_%current_module 
		 4: 
		 5: RECEIVEARG def_project 
		 6: RECEIVEARG def_is_public 
		 7: RECEIVECONSTARG def_to_text 
		 8: to_text[2.7,] 
BB 3
	outgoing: 4 
	datadep: 
	instructions:
		 0: COPY TYPE_Boolean def_to_text 
BB 4
	outgoing: 5 6 
	datadep: 
	instructions:
		 0: 
		 1: BRANCH is_public[2.6,] 
BB 5
	outgoing: 7 
	datadep: 
	instructions:
		 0: COPY TYPE_StringLiteral "project_id = ? AND is_private = ?" def_%v_3 
		 1: project->id def_%v_4 project[2.5,] 	 SYMBOL:	 ARGS:
		 2: COPY TYPE_Array def_%v_5 %v_3[5.0,] %v_4[5.1,] 
		 3: 
BB 6
	outgoing: 7 
	datadep: 
	instructions:
		 0: COPY TYPE_StringLiteral "project_id = ?" def_%v_6 
		 1: project->id def_%v_7 project[2.5,] 	 SYMBOL:	 ARGS:
		 2: COPY TYPE_Array def_%v_8 %v_6[6.0,] %v_7[6.1,] 
		 3: COPY TYPE_PASS def_%v_5 %v_8[6.2,] 
BB 7
	outgoing: 8 9 
	datadep: 
	instructions:
		 0: COPY TYPE_PASS def_tag_conditions %v_5[6.3,5.2,] 
		 1: 
		 2: (Tag) def_%v_9 
		 3: %v_9->where def_%v_10 %v_9[7.2,] %v_5[6.3,5.2,] 	 SYMBOL:	 ARGS:tag_conditions,
		 4: COPY TYPE_StringLiteral "tag" def_%v_11 
		 5: %v_10->group def_%v_12 %v_10[7.3,] %v_11[7.4,] 	 SYMBOL:	 ARGS:%v_11,
		 6: COPY TYPE_StringLiteral "tag ASC" def_%v_13 
		 7: %v_12->order def_%v_14 %v_12[7.5,] %v_13[7.6,] 	 SYMBOL:	 ARGS:%v_13,
		 8: COPY TYPE_StringLiteral "tag" def_%v_15 
		 9: %v_14->select def_%v_16 %v_14[7.7,] %v_15[7.8,] 	 SYMBOL:	 ARGS:%v_15,
		 10: COPY TYPE_PASS def_tags %v_16[7.9,] 
		 11: 
		 12: BRANCH to_text[3.0,2.7,] 
BB 8
	outgoing: 11 
	datadep: 
	instructions:
		 0: tags->collect def_%v_17 tags[7.10,] %self[2.0,] 	 SYMBOL:	 ARGS:tags,
CLOSURE BEGIN: tag[] 
BB 1
	outgoing: 6 2 
	datadep: 
	instructions:
BB 2
	outgoing: 3 
	datadep: 
	instructions:
		 0: def_%self 
		 1: def_%cl_1_0 
		 2: RECEIVEARG def_tag 
		 3: COPY TYPE_CurrentScope def_%current_scope 
		 4: COPY TYPE_ScopeModule def_%current_module 
BB 3
	outgoing: 4 6 
	datadep: 
	instructions:
		 0: 
		 1: tag->tag def_%cl_1_3 tag[2.2,] 	 SYMBOL:	 ARGS:
		 2: RETURN %cl_1_3[3.1,] %self[2.0,] 
BB 4
	outgoing: 6 
	datadep: 
	instructions:
		 0: def_%cl_1_4 
		 1: def_%cl_1_5 %cl_1_4[4.0,] 
		 2: RETURN %cl_1_5[4.1,] %self[2.0,] 
BB 6
	outgoing: 
	datadep: 
	instructions:
CLOSURE END: 
		 1: RETURN %v_17[8.0,] %self[2.0,] 
BB 9
	outgoing: 11 
	datadep: 
	instructions:
		 0: RETURN tags[7.10,] %self[2.0,] 
BB 11
	outgoing: 
	datadep: 
	instructions:

SET IRMethod, name = count_by instanceMethod = false
BB 1
	outgoing: 6 2 
	datadep: 
	instructions:
BB 2
	outgoing: 3 4 
	datadep: 
	instructions:
		 0: def_%self 
		 1: def_%v_0 
		 2: COPY TYPE_CurrentScope def_%current_scope 
		 3: COPY TYPE_ScopeModule def_%current_module 
		 4: 
		 5: RECEIVEARG def_tag_name 
		 6: RECEIVEARG def_project 
		 7: RECEIVEARG def_is_public 
		 8: 
		 9: BRANCH is_public[2.7,] 
BB 3
	outgoing: 5 
	datadep: 
	instructions:
		 0: COPY TYPE_StringLiteral "project_id = ? AND is_private = ? AND tag = ?" def_%v_3 
		 1: project->id def_%v_4 project[2.6,] 	 SYMBOL:	 ARGS:
		 2: COPY TYPE_Array def_%v_5 %v_3[3.0,] %v_4[3.1,] tag_name[2.5,] 
		 3: 
BB 4
	outgoing: 5 
	datadep: 
	instructions:
		 0: COPY TYPE_StringLiteral "project_id = ? AND tag = ?" def_%v_6 
		 1: project->id def_%v_7 project[2.6,] 	 SYMBOL:	 ARGS:
		 2: COPY TYPE_Array def_%v_8 %v_6[4.0,] %v_7[4.1,] tag_name[2.5,] 
		 3: COPY TYPE_PASS def_%v_5 %v_8[4.2,] 
BB 5
	outgoing: 6 
	datadep: 
	instructions:
		 0: COPY TYPE_PASS def_tag_conditions %v_5[4.3,3.2,] 
		 1: 
		 2: (Tag) def_%v_9 
		 3: %v_9->where def_%v_10 %v_9[5.2,] %v_5[4.3,3.2,] 	 SYMBOL:	 ARGS:tag_conditions,
		 4: COPY TYPE_StringLiteral "id" def_%v_11 
		 5: %v_10->select def_%v_12 %v_10[5.3,] %v_11[5.4,] 	 SYMBOL:	 ARGS:%v_11,
		 6: COPY TYPE_PASS def_tags %v_12[5.5,] 
		 7: 
		 8: %v_12->length def_%v_13 %v_12[5.5,] 	 SYMBOL:	 ARGS:
		 9: RETURN %v_13[5.8,] %self[2.0,] 
BB 6
	outgoing: 
	datadep: 
	instructions:

