SET IRMethod, name = main instanceMethod = false
BB 1
	outgoing: 3 2 
	datadep: 
	instructions:
BB 2
	outgoing: 3 
	datadep: 
	instructions:
		 0: def_%self 
		 1: def_%v_0 
		 2: COPY TYPE_CurrentScope def_%current_scope 
		 3: COPY TYPE_ScopeModule def_%current_module 
		 4: 
		 5: 
		 6: %self->lambda def_%v_3 %self[2.0,] %self[2.0,] 	 SYMBOL:	 ARGS:%self,
CLOSURE BEGIN: project[] %self[2.0,] 
BB 1
	outgoing: 6 2 
	datadep: 
	instructions:
BB 2
	outgoing: 3 
	datadep: 
	instructions:
		 0: def_%self 
		 1: def_%cl_1_0 
		 2: RECEIVEARG def_project 
		 3: COPY TYPE_CurrentScope def_%current_scope 
		 4: COPY TYPE_ScopeModule def_%current_module 
BB 3
	outgoing: 4 6 
	datadep: 
	instructions:
		 0: 
		 1: project->id def_%cl_1_3 project[2.2,] 	 SYMBOL:	 ARGS:
		 2: HASH-main-project_id- def_%cl_1_4 %cl_1_3[3.1,] 
		 3: %self->where def_%cl_1_5 %self[2.0,] %cl_1_4[3.2,] 	 SYMBOL:	 ARGS:%cl_1_4,
		 4: RETURN %cl_1_5[3.3,] %self[3.3,2.0,] 
BB 4
	outgoing: 6 
	datadep: 
	instructions:
		 0: def_%cl_1_6 
		 1: def_%cl_1_7 %cl_1_6[4.0,] 
		 2: RETURN %cl_1_7[4.1,] %self[2.0,] 
BB 6
	outgoing: 
	datadep: 
	instructions:
CLOSURE END: 
		 7: RETURN %v_3[2.6,] %self[2.0,2.6,] 
BB 3
	outgoing: 
	datadep: 
	instructions:

SET IRMethod, name = main instanceMethod = false
BB 1
	outgoing: 3 2 
	datadep: 
	instructions:
BB 2
	outgoing: 3 
	datadep: 
	instructions:
		 0: def_%self 
		 1: def_%v_0 
		 2: COPY TYPE_CurrentScope def_%current_scope 
		 3: COPY TYPE_ScopeModule def_%current_module 
		 4: 
		 5: 
		 6: %self->lambda def_%v_3 %self[2.0,] %self[2.0,] 	 SYMBOL:	 ARGS:%self,
CLOSURE BEGIN: project[] %self[2.0,] 
BB 1
	outgoing: 6 2 
	datadep: 
	instructions:
BB 2
	outgoing: 3 
	datadep: 
	instructions:
		 0: def_%self 
		 1: def_%cl_1_0 
		 2: RECEIVEARG def_project 
		 3: COPY TYPE_CurrentScope def_%current_scope 
		 4: COPY TYPE_ScopeModule def_%current_module 
BB 3
	outgoing: 4 6 
	datadep: 
	instructions:
		 0: 
		 1: project->id def_%cl_1_3 project[2.2,] 	 SYMBOL:	 ARGS:
		 2: HASH-main-project_id- def_%cl_1_4 %cl_1_3[3.1,] 
		 3: %self->where def_%cl_1_5 %self[2.0,] %cl_1_4[3.2,] 	 SYMBOL:	 ARGS:%cl_1_4,
		 4: RETURN %cl_1_5[3.3,] %self[3.3,2.0,] 
BB 4
	outgoing: 6 
	datadep: 
	instructions:
		 0: def_%cl_1_6 
		 1: def_%cl_1_7 %cl_1_6[4.0,] 
		 2: RETURN %cl_1_7[4.1,] %self[2.0,] 
BB 6
	outgoing: 
	datadep: 
	instructions:
CLOSURE END: 
		 7: RETURN %v_3[2.6,] %self[2.0,2.6,] 
BB 3
	outgoing: 
	datadep: 
	instructions:

SET IRMethod, name = main instanceMethod = false
BB 1
	outgoing: 3 2 
	datadep: 
	instructions:
BB 2
	outgoing: 3 
	datadep: 
	instructions:
		 0: def_%self 
		 1: def_%v_0 
		 2: COPY TYPE_CurrentScope def_%current_scope 
		 3: COPY TYPE_ScopeModule def_%current_module 
		 4: 
		 5: 
		 6: %self->lambda def_%v_3 %self[2.0,] %self[2.0,] 	 SYMBOL:	 ARGS:%self,
CLOSURE BEGIN: project[] %self[2.0,] 
BB 1
	outgoing: 6 2 
	datadep: 
	instructions:
BB 2
	outgoing: 3 
	datadep: 
	instructions:
		 0: def_%self 
		 1: def_%cl_1_0 
		 2: RECEIVEARG def_project 
		 3: COPY TYPE_CurrentScope def_%current_scope 
		 4: COPY TYPE_ScopeModule def_%current_module 
BB 3
	outgoing: 4 6 
	datadep: 
	instructions:
		 0: 
		 1: project->id def_%cl_1_3 project[2.2,] 	 SYMBOL:	 ARGS:
		 2: HASH-main-project_id- def_%cl_1_4 %cl_1_3[3.1,] 
		 3: %self->where def_%cl_1_5 %self[2.0,] %cl_1_4[3.2,] 	 SYMBOL:	 ARGS:%cl_1_4,
		 4: RETURN %cl_1_5[3.3,] %self[3.3,2.0,] 
BB 4
	outgoing: 6 
	datadep: 
	instructions:
		 0: def_%cl_1_6 
		 1: def_%cl_1_7 %cl_1_6[4.0,] 
		 2: RETURN %cl_1_7[4.1,] %self[2.0,] 
BB 6
	outgoing: 
	datadep: 
	instructions:
CLOSURE END: 
		 7: RETURN %v_3[2.6,] %self[2.0,2.6,] 
BB 3
	outgoing: 
	datadep: 
	instructions:

SET IRMethod, name = title_from_id= instanceMethod = true
BB 1
	outgoing: 6 2 
	datadep: 
	instructions:
BB 2
	outgoing: 3 4 
	datadep: 
	instructions:
		 0: def_%self 
		 1: def_%v_0 
		 2: COPY TYPE_CurrentScope def_%current_scope 
		 3: COPY TYPE_ScopeModule def_%current_module 
		 4: 
		 5: RECEIVEARG def_id 
		 6: 
		 7: BRANCH id[2.5,] 
BB 3
	outgoing: 6 
	datadep: 
	instructions:
		 0: id->to_s def_%v_3 id[2.5,] 	 SYMBOL:	 ARGS:
		 1: %v_3->underscore def_%v_4 %v_3[3.0,] 	 SYMBOL:	 ARGS:
		 2: %v_4->humanize def_%v_5 %v_4[3.1,] 	 SYMBOL:	 ARGS:
		 3: ATTRASSIGN %self->title %v_5[3.2,] 
		 4: RETURN %v_5[3.2,] %self[3.3,2.0,] 
BB 4
	outgoing: 6 
	datadep: 
	instructions:
		 0: RETURN %self[2.0,] 
BB 6
	outgoing: 
	datadep: 
	instructions:

SET IRMethod, name = scope_value instanceMethod = true
BB 1
	outgoing: 3 2 
	datadep: 
	instructions:
BB 2
	outgoing: 3 
	datadep: 
	instructions:
		 0: def_%self 
		 1: def_%v_0 
		 2: COPY TYPE_CurrentScope def_%current_scope 
		 3: COPY TYPE_ScopeModule def_%current_module 
		 4: 
		 5: 
		 6: %self->project def_%v_3 %self[2.0,] 	 SYMBOL:	 ARGS:
		 7: %v_3->id def_%v_4 %v_3[2.6,] 	 SYMBOL:	 ARGS:
		 8: %v_4->to_s def_%v_5 %v_4[2.7,] 	 SYMBOL:	 ARGS:
		 9: RETURN %v_5[2.8,] %self[2.0,2.6,] 
BB 3
	outgoing: 
	datadep: 
	instructions:

SET IRMethod, name = process_create instanceMethod = true
BB 1
	outgoing: 3 2 
	datadep: 
	instructions:
BB 2
	outgoing: 3 
	datadep: 
	instructions:
		 0: def_%self 
		 1: def_%v_0 
		 2: COPY TYPE_CurrentScope def_%current_scope 
		 3: COPY TYPE_ScopeModule def_%current_module 
		 4: 
		 5: 
		 6: (Activity) def_%v_3 
		 7: %self->created_by def_%v_4 %self[2.0,] 	 SYMBOL:	 ARGS:
		 8: %v_3->new_log def_%v_5 %v_3[2.6,] %self[2.0,2.7,] %v_4[2.7,] 	 SYMBOL:add,	 ARGS:%self,%v_4,Symbol,
		 9: RETURN %v_5[2.8,] %self[2.0,2.7,] 
BB 3
	outgoing: 
	datadep: 
	instructions:

SET IRMethod, name = process_update_params instanceMethod = true
BB 1
	outgoing: 3 2 
	datadep: 
	instructions:
BB 2
	outgoing: 3 
	datadep: 
	instructions:
		 0: def_%self 
		 1: def_%v_0 
		 2: COPY TYPE_CurrentScope def_%current_scope 
		 3: COPY TYPE_ScopeModule def_%current_module 
		 4: 
		 5: 
		 6: (Activity) def_%v_3 
		 7: %self->created_by def_%v_4 %self[2.0,] 	 SYMBOL:	 ARGS:
		 8: %v_3->new_log def_%v_5 %v_3[2.6,] %self[2.0,2.7,] %v_4[2.7,] 	 SYMBOL:edit,	 ARGS:%self,%v_4,Symbol,
		 9: RETURN %v_5[2.8,] %self[2.0,2.7,] 
BB 3
	outgoing: 
	datadep: 
	instructions:

SET IRMethod, name = process_destroy instanceMethod = true
BB 1
	outgoing: 3 2 
	datadep: 
	instructions:
BB 2
	outgoing: 3 
	datadep: 
	instructions:
		 0: def_%self 
		 1: def_%v_0 
		 2: COPY TYPE_CurrentScope def_%current_scope 
		 3: COPY TYPE_ScopeModule def_%current_module 
		 4: 
		 5: 
		 6: (Activity) def_%v_3 
		 7: %self->created_by def_%v_4 %self[2.0,] 	 SYMBOL:	 ARGS:
		 8: %v_3->new_log def_%v_5 %v_3[2.6,] %self[2.0,2.7,] %v_4[2.7,] 	 SYMBOL:delete,	 ARGS:%self,%v_4,Symbol,
		 9: RETURN %v_5[2.8,] %self[2.0,2.7,] 
BB 3
	outgoing: 
	datadep: 
	instructions:

SET IRMethod, name = object_name instanceMethod = true
BB 1
	outgoing: 3 2 
	datadep: 
	instructions:
BB 2
	outgoing: 3 
	datadep: 
	instructions:
		 0: def_%self 
		 1: def_%v_0 
		 2: COPY TYPE_CurrentScope def_%current_scope 
		 3: COPY TYPE_ScopeModule def_%current_module 
		 4: 
		 5: 
		 6: %self->title def_%v_3 %self[2.0,] 	 SYMBOL:	 ARGS:
		 7: RETURN %v_3[2.6,] %self[2.0,2.6,] 
BB 3
	outgoing: 
	datadep: 
	instructions:

SET IRMethod, name = object_url instanceMethod = true
BB 1
	outgoing: 5 2 
	datadep: 
	instructions:
BB 2
	outgoing: 3 4 
	datadep: 
	instructions:
		 0: def_%self 
		 1: def_%v_0 
		 2: COPY TYPE_CurrentScope def_%current_scope 
		 3: COPY TYPE_ScopeModule def_%current_module 
		 4: 
		 5: RECEIVECONSTARG def_host 
		 6: host[2.5,] 
BB 3
	outgoing: 4 
	datadep: 
	instructions:
		 0: COPY TYPE_Nil def_host 
BB 4
	outgoing: 5 
	datadep: 
	instructions:
		 0: 
		 1: host->nil? def_%v_3 host[3.0,2.5,] 	 SYMBOL:	 ARGS:
		 2: COPY TYPE_StringLiteral "wiki_pages" def_%v_4 
		 3: COPY TYPE_StringLiteral "show" def_%v_5 
		 4: %self->project_id def_%v_6 %self[2.0,] 	 SYMBOL:	 ARGS:
		 5: HASH-only_path-host-controller-action-id-active_project- def_%v_7 %v_3[4.1,] host[4.1,3.0,2.5,] %v_4[4.2,] %v_5[4.3,] %self[4.4,2.0,] %v_6[4.4,] 
		 6: %self->url_for def_%v_8 %self[4.4,2.0,] %v_7[4.5,] 	 SYMBOL:	 ARGS:%v_7,
		 7: RETURN %v_8[4.6,] %self[4.4,4.6,2.0,] 
BB 5
	outgoing: 
	datadep: 
	instructions:

SET IRMethod, name = main_page instanceMethod = true
BB 1
	outgoing: 7 2 
	datadep: 
	instructions:
BB 2
	outgoing: 3 4 
	datadep: 
	instructions:
		 0: def_%self 
		 1: def_%v_0 
		 2: COPY TYPE_CurrentScope def_%current_scope 
		 3: COPY TYPE_ScopeModule def_%current_module 
		 4: 
		 5: 
		 6: def_%v_4 %self[2.0,] 
		 7: COPY TYPE_PASS def_%v_3 %v_4[2.6,] 
		 8: %v_4[2.6,] 
BB 3
	outgoing: 4 
	datadep: 
	instructions:
		 0: GETFIELD %self->main_page def_%v_5 %self[2.0,] 
		 1: COPY TYPE_PASS def_%v_3 %v_5[3.0,] 
BB 4
	outgoing: 5 6 
	datadep: 
	instructions:
		 0: BRANCH %v_3[3.1,2.7,] 
BB 5
	outgoing: 7 
	datadep: 
	instructions:
		 0: (WikiPage) def_%v_6 
		 1: %self->project def_%v_7 %self[2.0,] 	 SYMBOL:	 ARGS:
		 2: %v_6->main def_%v_8 %v_6[5.0,] %v_7[5.1,] 	 SYMBOL:	 ARGS:%v_7,
		 3: %v_8->first def_%v_9 %v_8[5.2,] 	 SYMBOL:	 ARGS:
		 4: ATTRASSIGN %self->main_page %v_9[5.3,] 
		 5: RETURN %v_9[5.3,] %self[5.1,5.4,2.0,] 
BB 6
	outgoing: 7 
	datadep: 
	instructions:
		 0: RETURN %v_5[3.0,] %self[2.0,] 
BB 7
	outgoing: 
	datadep: 
	instructions:

SET IRMethod, name = set_main_page instanceMethod = true
BB 1
	outgoing: 10 2 
	datadep: 
	instructions:
BB 2
	outgoing: 3 4 
	datadep: 
	instructions:
		 0: def_%self 
		 1: def_%v_0 
		 2: COPY TYPE_CurrentScope def_%current_scope 
		 3: COPY TYPE_ScopeModule def_%current_module 
		 4: 
		 5: 
		 6: %self->main def_%v_3 %self[2.0,] 	 SYMBOL:	 ARGS:
		 7: BRANCH %v_3[2.6,] 
BB 3
	outgoing: 4 
	datadep: 
	instructions:
		 0: %self->main_was def_%v_4 %self[2.0,] 	 SYMBOL:	 ARGS:
		 1: %v_4->! def_%v_5 %v_4[3.0,] 	 SYMBOL:	 ARGS:
		 2: COPY TYPE_PASS def_%v_3 %v_5[3.1,] 
BB 4
	outgoing: 5 6 
	datadep: 
	instructions:
		 0: BRANCH %v_3[3.2,2.6,] 
BB 5
	outgoing: 6 
	datadep: 
	instructions:
		 0: %self->main_page def_%v_6 %self[2.0,] 	 SYMBOL:	 ARGS:
		 1: COPY TYPE_PASS def_%v_3 %v_6[5.0,] 
BB 6
	outgoing: 7 8 
	datadep: 
	instructions:
		 0: BRANCH %v_3[5.1,3.2,2.6,] 
BB 7
	outgoing: 9 
	datadep: 
	instructions:
		 0: %self->main_page def_%v_7 %self[2.0,] 	 SYMBOL:	 ARGS:
		 1: %v_7->update_attribute def_%v_8 %v_7[7.0,] 	 SYMBOL:main,	 ARGS:Symbol,Boolean,
		 2: 
BB 8
	outgoing: 9 
	datadep: 
	instructions:
		 0: COPY TYPE_Nil def_%v_8 
BB 9
	outgoing: 10 
	datadep: 
	instructions:
		 0: 
		 1: RETURN %self[2.0,] 
BB 10
	outgoing: 
	datadep: 
	instructions:

