SET IRMethod, name = new instanceMethod = true
BB 1
	outgoing: 5 2 
	datadep: 
	instructions:
BB 2
	outgoing: 3 4 
	datadep: 
	instructions:
		 0: def_%self 
		 1: def_%v_0 
		 2: COPY TYPE_CurrentScope def_%current_scope 
		 3: COPY TYPE_ScopeModule def_%current_module 
		 4: 
		 5: 
		 6: (Shoppe) def_%v_3 
		 7: (inherit Address) def_%v_4 %v_3[2.6,] 
		 8: %v_4[2.7,] 
BB 3
	outgoing: 4 
	datadep: 
	instructions:
		 0: %v_3->const_missing def_%v_4 %v_3[2.6,] 	 SYMBOL:Address,	 ARGS:Symbol,
BB 4
	outgoing: 5 
	datadep: 
	instructions:
		 0: %v_4->new def_%v_5 %v_4[3.0,2.7,] 	 SYMBOL:	 ARGS:
		 1: ATTRASSIGN %self->address %v_5[4.0,] 
		 2: 
		 3: %self->ruby_code_from_view def_%v_6 %self[4.1,2.0,] 	 SYMBOL:	 ARGS:
		 4: %v_6->ruby_code_from_view def_%v_7 %v_6[4.3,] %self[4.1,4.3,2.0,] 	 SYMBOL:	 ARGS:%v_6,
CLOSURE BEGIN: %self[4.1,4.3,2.0,] item[] f[] 
BB 1
	outgoing: 8 2 
	datadep: 
	instructions:
BB 2
	outgoing: 3 
	datadep: 
	instructions:
		 0: def_%self 
		 1: def_%cl_1_0 
		 2: RECEIVEARG def_rb_from_view 
		 3: COPY TYPE_CurrentScope def_%current_scope 
		 4: COPY TYPE_ScopeModule def_%current_module 
BB 3
	outgoing: 4 5 6 
	datadep: 
	instructions:
		 0: 
		 1: COPY TYPE_StringLiteral "shoppe/application" def_%cl_1_3 
		 2: %self->stylesheet_link_tag def_%cl_1_4 %self[2.0,] %cl_1_3[3.1,] 	 SYMBOL:	 ARGS:%cl_1_3,
		 3: 
		 4: COPY TYPE_StringLiteral "shoppe/application" def_%cl_1_5 
		 5: %self->javascript_include_tag def_%cl_1_6 %self[3.2,2.0,] %cl_1_5[3.4,] 	 SYMBOL:	 ARGS:%cl_1_5,
		 6: 
		 7: %self->csrf_meta_tags def_%cl_1_7 %self[3.2,3.5,2.0,] 	 SYMBOL:	 ARGS:
		 8: 
		 9: COPY TYPE_StringLiteral "Shoppe" def_%cl_1_8 
		 10: %self->root_path def_%cl_1_9 %self[3.2,3.5,3.7,2.0,] 	 SYMBOL:	 ARGS:
		 11: %self->link_to def_%cl_1_10 %self[3.2,3.5,3.7,3.10,2.0,] %cl_1_8[3.9,] %cl_1_9[3.10,] 	 SYMBOL:	 ARGS:%cl_1_8,%cl_1_9,
		 12: 
		 13: COPY TYPE_StringLiteral ".logged_in_as" def_%cl_1_11 
		 14: %self->current_user def_%cl_1_12 %self[3.2,3.5,3.7,3.10,3.11,2.0,] 	 SYMBOL:	 ARGS:
		 15: %cl_1_12->full_name def_%cl_1_13 %cl_1_12[3.14,] 	 SYMBOL:	 ARGS:
		 16: HASH-user_name- def_%cl_1_14 %cl_1_13[3.15,] 
		 17: %self->t def_%cl_1_15 %self[3.2,3.5,3.7,3.10,3.11,3.14,2.0,] %cl_1_11[3.13,] %cl_1_14[3.16,] 	 SYMBOL:	 ARGS:%cl_1_11,%cl_1_14,
		 18: 
		 19: (Shoppe) def_%cl_1_17 
		 20: (inherit NavigationManager) def_%cl_1_18 %cl_1_17[3.19,] 
		 21: %cl_1_18[3.20,] 
BB 4
	outgoing: 5 6 
	datadep: 
	instructions:
		 0: %cl_1_17->const_missing def_%cl_1_18 %cl_1_17[3.19,] 	 SYMBOL:NavigationManager,	 ARGS:Symbol,
BB 5
	outgoing: 6 8 
	datadep: 
	instructions:
		 0: %cl_1_18->find def_%cl_1_19 %cl_1_18[4.0,3.20,] 	 SYMBOL:admin_primary,	 ARGS:Symbol,
		 1: %cl_1_19->items def_%cl_1_20 %cl_1_19[5.0,] 	 SYMBOL:	 ARGS:
		 2: %cl_1_20->each def_%cl_1_16 %cl_1_20[5.1,] %self[2.0,] 	 SYMBOL:	 ARGS:%cl_1_20,
CLOSURE BEGIN: %self[2.0,] item[] 
BB 1
	outgoing: 4 2 
	datadep: 
	instructions:
BB 2
	outgoing: 4 
	datadep: 
	instructions:
		 0: def_%self 
		 1: def_%cl_2_0 
		 2: RECEIVEARG def_item 
		 3: COPY TYPE_CurrentScope def_%current_scope 
		 4: COPY TYPE_ScopeModule def_%current_module 
		 5: 
		 6: %self->navigation_manager_link def_%cl_2_3 %self[2.0,] item[2.2,] 	 SYMBOL:	 ARGS:item,
		 7: RETURN %cl_2_3[2.6,] %self[2.0,2.6,] 
BB 4
	outgoing: 
	datadep: 
	instructions:
CLOSURE END: item[2.2,] 
		 3: 
		 4: COPY TYPE_StringLiteral ".logout" def_%cl_1_21 
		 5: %self->t def_%cl_1_22 %self[2.0,] %cl_1_21[5.4,] 	 SYMBOL:	 ARGS:%cl_1_21,
		 6: COPY TYPE_Array def_%cl_1_23 
		 7: HASH-method- def_%cl_1_24 
		 8: %self->link_to def_%cl_1_25 %self[5.5,2.0,] %cl_1_22[5.5,] %cl_1_23[5.6,] %cl_1_24[5.7,] 	 SYMBOL:	 ARGS:%cl_1_22,%cl_1_23,%cl_1_24,
		 9: 
		 10: COPY TYPE_StringLiteral "Back to customer" def_%cl_1_26 
		 11: GETFIELD %self->customer def_%cl_1_27 %self[5.5,5.8,2.0,] 
		 12: COPY TYPE_StringLiteral "button" def_%cl_1_28 
		 13: HASH-class- def_%cl_1_29 %cl_1_28[5.12,] 
		 14: %self->link_to def_%cl_1_30 %self[5.5,5.8,2.0,] %cl_1_26[5.10,] %cl_1_27[5.11,] %cl_1_29[5.13,] 	 SYMBOL:	 ARGS:%cl_1_26,%cl_1_27,%cl_1_29,
		 15: 
		 16: %self->display_flash def_%cl_1_31 %self[5.5,5.8,5.14,2.0,] 	 SYMBOL:	 ARGS:
		 17: 
		 18: COPY TYPE_StringLiteral "New Address for " def_%cl_1_32 
		 19: GETFIELD %self->customer def_%cl_1_33 %self[5.5,5.8,5.14,5.16,2.0,] 
		 20: %cl_1_33->name def_%cl_1_34 %cl_1_33[5.19,] 	 SYMBOL:	 ARGS:
		 21: BUILDSTRING def_%cl_1_35 %cl_1_32[5.18,] %cl_1_34[5.20,] 
		 22: ATTRASSIGN %self->page_title %cl_1_35[5.21,] 
		 23: 
		 24: GETFIELD %self->address def_%cl_1_36 %self[5.5,5.8,5.14,5.16,2.0,] 
		 25: GETFIELD %self->customer def_%cl_1_37 %self[5.5,5.8,5.14,5.16,2.0,] 
		 26: GETFIELD %self->address def_%cl_1_38 %self[5.5,5.8,5.14,5.16,2.0,] 
		 27: COPY TYPE_Array def_%cl_1_39 %cl_1_37[5.25,] %cl_1_38[5.26,] 
		 28: HASH-url- def_%cl_1_40 %cl_1_39[5.27,] 
		 29: %self->form_for def_%cl_1_41 %self[5.5,5.8,5.14,5.16,5.22,2.0,] %cl_1_36[5.24,] %cl_1_40[5.28,] %self[5.5,5.8,5.14,5.16,5.22,2.0,] 	 SYMBOL:	 ARGS:%cl_1_36,%cl_1_40,%self,
CLOSURE BEGIN: f[] %self[5.5,5.8,5.14,5.16,5.22,2.0,] 
BB 1
	outgoing: 6 2 
	datadep: 
	instructions:
BB 2
	outgoing: 3 
	datadep: 
	instructions:
		 0: def_%self 
		 1: def_%cl_3_0 
		 2: RECEIVEARG def_f 
		 3: COPY TYPE_CurrentScope def_%current_scope 
		 4: COPY TYPE_ScopeModule def_%current_module 
BB 3
	outgoing: 4 6 
	datadep: 
	instructions:
		 0: 
		 1: f->error_messages def_%cl_3_3 f[2.2,] 	 SYMBOL:	 ARGS:
		 2: 
		 3: COPY TYPE_StringLiteral "Address Information" def_%cl_3_4 
		 4: %self->field_set_tag def_%cl_3_5 %self[2.0,] %cl_3_4[3.3,] %self[2.0,] 	 SYMBOL:	 ARGS:%cl_3_4,%self,
CLOSURE BEGIN: f[3.1,2.2,] %self[2.0,] 
BB 1
	outgoing: 18 2 
	datadep: 
	instructions:
BB 2
	outgoing: 3 
	datadep: 
	instructions:
		 0: def_%self 
		 1: def_%cl_4_0 
		 2: COPY TYPE_CurrentScope def_%current_scope 
		 3: COPY TYPE_ScopeModule def_%current_module 
BB 3
	outgoing: 4 5 16 
	datadep: 
	instructions:
		 0: 
		 1: f->label def_%cl_4_3 f[] 	 SYMBOL:address_type,	 ARGS:Symbol,
		 2: 
		 3: (Shoppe) def_%cl_4_4 
		 4: (inherit Address) def_%cl_4_5 %cl_4_4[3.3,] 
		 5: %cl_4_5[3.4,] 
BB 4
	outgoing: 5 16 
	datadep: 
	instructions:
		 0: %cl_4_4->const_missing def_%cl_4_5 %cl_4_4[3.3,] 	 SYMBOL:Address,	 ARGS:Symbol,
BB 5
	outgoing: 6 7 16 
	datadep: 
	instructions:
		 0: (inherit TYPES) def_%cl_4_6 %cl_4_5[4.0,3.4,] 
		 1: %cl_4_6[5.0,] 
BB 6
	outgoing: 7 16 
	datadep: 
	instructions:
		 0: %cl_4_5->const_missing def_%cl_4_6 %cl_4_5[4.0,3.4,] 	 SYMBOL:TYPES,	 ARGS:Symbol,
BB 7
	outgoing: 8 9 16 
	datadep: 
	instructions:
		 0: HASH- def_%cl_4_7 
		 1: COPY TYPE_StringLiteral "chosen" def_%cl_4_8 
		 2: HASH-class- def_%cl_4_9 %cl_4_8[7.1,] 
		 3: f->select def_%cl_4_10 f[] %cl_4_6[6.0,5.0,] %cl_4_7[7.0,] %cl_4_9[7.2,] 	 SYMBOL:address_type,	 ARGS:Symbol,%cl_4_6,%cl_4_7,%cl_4_9,
		 4: 
		 5: f->label def_%cl_4_11 f[7.3,] 	 SYMBOL:address1,	 ARGS:Symbol,
		 6: 
		 7: COPY TYPE_StringLiteral "text" def_%cl_4_12 
		 8: HASH-class- def_%cl_4_13 %cl_4_12[7.7,] 
		 9: f->text_field def_%cl_4_14 f[7.3,7.5,] %cl_4_13[7.8,] 	 SYMBOL:address1,	 ARGS:Symbol,%cl_4_13,
		 10: 
		 11: f->label def_%cl_4_15 f[7.3,7.5,7.9,] 	 SYMBOL:address2,	 ARGS:Symbol,
		 12: 
		 13: COPY TYPE_StringLiteral "text" def_%cl_4_16 
		 14: HASH-class- def_%cl_4_17 %cl_4_16[7.13,] 
		 15: f->text_field def_%cl_4_18 f[7.3,7.5,7.9,7.11,] %cl_4_17[7.14,] 	 SYMBOL:address2,	 ARGS:Symbol,%cl_4_17,
		 16: 
		 17: f->label def_%cl_4_19 f[7.3,7.5,7.9,7.11,7.15,] 	 SYMBOL:address3,	 ARGS:Symbol,
		 18: 
		 19: COPY TYPE_StringLiteral "text" def_%cl_4_20 
		 20: HASH-class- def_%cl_4_21 %cl_4_20[7.19,] 
		 21: f->text_field def_%cl_4_22 f[7.3,7.5,7.9,7.11,7.15,7.17,] %cl_4_21[7.20,] 	 SYMBOL:address3,	 ARGS:Symbol,%cl_4_21,
		 22: 
		 23: f->label def_%cl_4_23 f[7.3,7.5,7.9,7.11,7.15,7.17,7.21,] 	 SYMBOL:address4,	 ARGS:Symbol,
		 24: 
		 25: COPY TYPE_StringLiteral "text" def_%cl_4_24 
		 26: HASH-class- def_%cl_4_25 %cl_4_24[7.25,] 
		 27: f->text_field def_%cl_4_26 f[7.3,7.5,7.9,7.11,7.15,7.17,7.21,7.23,] %cl_4_25[7.26,] 	 SYMBOL:address4,	 ARGS:Symbol,%cl_4_25,
		 28: 
		 29: f->label def_%cl_4_27 f[7.3,7.5,7.9,7.11,7.15,7.17,7.21,7.23,7.27,] 	 SYMBOL:postcode,	 ARGS:Symbol,
		 30: 
		 31: COPY TYPE_StringLiteral "text" def_%cl_4_28 
		 32: HASH-class- def_%cl_4_29 %cl_4_28[7.31,] 
		 33: f->text_field def_%cl_4_30 f[7.3,7.5,7.9,7.11,7.15,7.17,7.21,7.23,7.27,7.29,] %cl_4_29[7.32,] 	 SYMBOL:postcode,	 ARGS:Symbol,%cl_4_29,
		 34: 
		 35: f->label def_%cl_4_31 f[7.3,7.5,7.9,7.11,7.15,7.17,7.21,7.23,7.27,7.29,7.33,] 	 SYMBOL:country_id,	 ARGS:Symbol,
		 36: 
		 37: (Shoppe) def_%cl_4_32 
		 38: (inherit Country) def_%cl_4_33 %cl_4_32[7.37,] 
		 39: %cl_4_33[7.38,] 
BB 8
	outgoing: 9 16 
	datadep: 
	instructions:
		 0: %cl_4_32->const_missing def_%cl_4_33 %cl_4_32[7.37,] 	 SYMBOL:Country,	 ARGS:Symbol,
BB 9
	outgoing: 10 11 16 
	datadep: 
	instructions:
		 0: %cl_4_33->ordered def_%cl_4_34 %cl_4_33[8.0,7.38,] 	 SYMBOL:	 ARGS:
		 1: f->collection_select def_%cl_4_35 f[] %cl_4_34[9.0,] 	 SYMBOL:country_id,id,name,	 ARGS:Symbol,%cl_4_34,Symbol,Symbol,
		 2: 
		 3: GETFIELD %self->address def_%cl_4_36 %self[2.0,] 
		 4: %cl_4_36->new_record? def_%cl_4_37 %cl_4_36[9.3,] 	 SYMBOL:	 ARGS:
		 5: BRANCH %cl_4_37[9.4,] 
BB 10
	outgoing: 12 
	datadep: 
	instructions:
		 0: COPY TYPE_Nil def_%cl_4_38 
		 1: 
BB 11
	outgoing: 12 16 
	datadep: 
	instructions:
		 0: 
		 1: COPY TYPE_StringLiteral "shoppe.delete" def_%cl_4_39 
		 2: %self->t def_%cl_4_40 %self[2.0,] %cl_4_39[11.1,] 	 SYMBOL:	 ARGS:%cl_4_39,
		 3: GETFIELD %self->customer def_%cl_4_41 %self[11.2,2.0,] 
		 4: GETFIELD %self->address def_%cl_4_42 %self[11.2,2.0,] 
		 5: COPY TYPE_Array def_%cl_4_43 %cl_4_41[11.3,] %cl_4_42[11.4,] 
		 6: COPY TYPE_StringLiteral "button purple" def_%cl_4_44 
		 7: COPY TYPE_StringLiteral "Are you sure you wish to remove this address?" def_%cl_4_45 
		 8: HASH-confirm- def_%cl_4_46 %cl_4_45[11.7,] 
		 9: HASH-class-method-data- def_%cl_4_47 %cl_4_44[11.6,] %cl_4_46[11.8,] 
		 10: %self->link_to def_%cl_4_48 %self[11.2,2.0,] %cl_4_40[11.2,] %cl_4_43[11.5,] %cl_4_47[11.9,] 	 SYMBOL:	 ARGS:%cl_4_40,%cl_4_43,%cl_4_47,
		 11: COPY TYPE_PASS def_%cl_4_38 %cl_4_48[11.10,] 
BB 12
	outgoing: 13 14 16 
	datadep: 
	instructions:
		 0: 
		 1: COPY TYPE_StringLiteral "button green" def_%cl_4_49 
		 2: GETFIELD %self->address def_%cl_4_50 %self[2.0,] 
		 3: %cl_4_50->new_record? def_%cl_4_51 %cl_4_50[12.2,] 	 SYMBOL:	 ARGS:
		 4: BRANCH %cl_4_51[12.3,] 
BB 13
	outgoing: 15 
	datadep: 
	instructions:
		 0: COPY TYPE_StringLiteral "Creating Address..." def_%cl_4_52 
		 1: 
BB 14
	outgoing: 15 
	datadep: 
	instructions:
		 0: COPY TYPE_StringLiteral "Updating Address..." def_%cl_4_53 
		 1: COPY TYPE_PASS def_%cl_4_52 %cl_4_53[14.0,] 
BB 15
	outgoing: 16 18 
	datadep: 
	instructions:
		 0: HASH-disable_with- def_%cl_4_54 %cl_4_52[14.1,13.0,] 
		 1: HASH-class-data- def_%cl_4_55 %cl_4_49[12.1,] %cl_4_54[15.0,] 
		 2: f->submit def_%cl_4_56 f[] %cl_4_55[15.1,] 	 SYMBOL:	 ARGS:%cl_4_55,
		 3: 
		 4: COPY TYPE_StringLiteral "shoppe.cancel" def_%cl_4_57 
		 5: %self->t def_%cl_4_58 %self[2.0,] %cl_4_57[15.4,] 	 SYMBOL:	 ARGS:%cl_4_57,
		 6: COPY TYPE_StringLiteral "button" def_%cl_4_59 
		 7: HASH-class- def_%cl_4_60 %cl_4_59[15.6,] 
		 8: %self->link_to def_%cl_4_61 %self[15.5,2.0,] %cl_4_58[15.5,] %cl_4_60[15.7,] 	 SYMBOL:customers,	 ARGS:%cl_4_58,Symbol,%cl_4_60,
		 9: RETURN %cl_4_61[15.8,] %self[15.5,15.8,2.0,] 
BB 16
	outgoing: 18 
	datadep: 
	instructions:
		 0: def_%cl_4_62 
		 1: def_%cl_4_63 %cl_4_62[16.0,] 
		 2: RETURN %cl_4_63[16.1,] %self[2.0,] 
BB 18
	outgoing: 
	datadep: 
	instructions:
CLOSURE END: 
		 5: RETURN %cl_3_5[3.4,] %self[3.4,2.0,] 
BB 4
	outgoing: 6 
	datadep: 
	instructions:
		 0: def_%cl_3_6 
		 1: def_%cl_3_7 %cl_3_6[4.0,] 
		 2: RETURN %cl_3_7[4.1,] %self[2.0,] 
BB 6
	outgoing: 
	datadep: 
	instructions:
CLOSURE END: 
		 30: 
		 31: COPY TYPE_StringLiteral "&larr; " def_%cl_1_42 
		 32: COPY TYPE_StringLiteral ".goto" def_%cl_1_43 
		 33: %self->t def_%cl_1_44 %self[5.5,5.8,5.14,5.16,5.22,5.29,2.0,] %cl_1_43[5.32,] 	 SYMBOL:	 ARGS:%cl_1_43,
		 34: COPY TYPE_StringLiteral " " def_%cl_1_45 
		 35: (Shoppe) def_%cl_1_46 
		 36: %cl_1_46->settings def_%cl_1_47 %cl_1_46[5.35,] 	 SYMBOL:	 ARGS:
		 37: %cl_1_47->store_name def_%cl_1_48 %cl_1_47[5.36,] 	 SYMBOL:	 ARGS:
		 38: BUILDSTRING def_%cl_1_49 %cl_1_42[5.31,] %cl_1_44[5.33,] %cl_1_45[5.34,] %cl_1_48[5.37,] 
		 39: %cl_1_49->html_safe def_%cl_1_50 %cl_1_49[5.38,] 	 SYMBOL:	 ARGS:
		 40: COPY TYPE_StringLiteral "/" def_%cl_1_51 
		 41: %self->link_to def_%cl_1_52 %self[5.5,5.8,5.14,5.16,5.22,5.29,5.33,2.0,] %cl_1_50[5.39,] %cl_1_51[5.40,] 	 SYMBOL:	 ARGS:%cl_1_50,%cl_1_51,
		 42: RETURN %cl_1_52[5.41,] %self[5.5,5.8,5.14,5.16,5.22,5.29,5.33,5.41,2.0,] 
BB 6
	outgoing: 8 
	datadep: 
	instructions:
		 0: def_%cl_1_53 
		 1: def_%cl_1_54 %cl_1_53[6.0,] 
		 2: RETURN %cl_1_54[6.1,] %self[5.22,2.0,] 
BB 8
	outgoing: 
	datadep: 
	instructions:
CLOSURE END: 
		 5: RETURN %v_7[4.4,] %self[4.1,4.3,2.0,] 
BB 5
	outgoing: 
	datadep: 
	instructions:

SET IRMethod, name = edit instanceMethod = true
BB 1
	outgoing: 3 2 
	datadep: 
	instructions:
BB 2
	outgoing: 3 
	datadep: 
	instructions:
		 0: def_%self 
		 1: def_%v_0 
		 2: COPY TYPE_CurrentScope def_%current_scope 
		 3: COPY TYPE_ScopeModule def_%current_module 
		 4: 
		 5: 
		 6: %self->ruby_code_from_view def_%v_3 %self[2.0,] 	 SYMBOL:	 ARGS:
		 7: %v_3->ruby_code_from_view def_%v_4 %v_3[2.6,] %self[2.0,2.6,] 	 SYMBOL:	 ARGS:%v_3,
CLOSURE BEGIN: %self[2.0,2.6,] item[] f[] 
BB 1
	outgoing: 8 2 
	datadep: 
	instructions:
BB 2
	outgoing: 3 
	datadep: 
	instructions:
		 0: def_%self 
		 1: def_%cl_1_0 
		 2: RECEIVEARG def_rb_from_view 
		 3: COPY TYPE_CurrentScope def_%current_scope 
		 4: COPY TYPE_ScopeModule def_%current_module 
BB 3
	outgoing: 4 5 6 
	datadep: 
	instructions:
		 0: 
		 1: COPY TYPE_StringLiteral "shoppe/application" def_%cl_1_3 
		 2: %self->stylesheet_link_tag def_%cl_1_4 %self[2.0,] %cl_1_3[3.1,] 	 SYMBOL:	 ARGS:%cl_1_3,
		 3: 
		 4: COPY TYPE_StringLiteral "shoppe/application" def_%cl_1_5 
		 5: %self->javascript_include_tag def_%cl_1_6 %self[3.2,2.0,] %cl_1_5[3.4,] 	 SYMBOL:	 ARGS:%cl_1_5,
		 6: 
		 7: %self->csrf_meta_tags def_%cl_1_7 %self[3.2,3.5,2.0,] 	 SYMBOL:	 ARGS:
		 8: 
		 9: COPY TYPE_StringLiteral "Shoppe" def_%cl_1_8 
		 10: %self->root_path def_%cl_1_9 %self[3.2,3.5,3.7,2.0,] 	 SYMBOL:	 ARGS:
		 11: %self->link_to def_%cl_1_10 %self[3.2,3.5,3.7,3.10,2.0,] %cl_1_8[3.9,] %cl_1_9[3.10,] 	 SYMBOL:	 ARGS:%cl_1_8,%cl_1_9,
		 12: 
		 13: COPY TYPE_StringLiteral ".logged_in_as" def_%cl_1_11 
		 14: %self->current_user def_%cl_1_12 %self[3.2,3.5,3.7,3.10,3.11,2.0,] 	 SYMBOL:	 ARGS:
		 15: %cl_1_12->full_name def_%cl_1_13 %cl_1_12[3.14,] 	 SYMBOL:	 ARGS:
		 16: HASH-user_name- def_%cl_1_14 %cl_1_13[3.15,] 
		 17: %self->t def_%cl_1_15 %self[3.2,3.5,3.7,3.10,3.11,3.14,2.0,] %cl_1_11[3.13,] %cl_1_14[3.16,] 	 SYMBOL:	 ARGS:%cl_1_11,%cl_1_14,
		 18: 
		 19: (Shoppe) def_%cl_1_17 
		 20: (inherit NavigationManager) def_%cl_1_18 %cl_1_17[3.19,] 
		 21: %cl_1_18[3.20,] 
BB 4
	outgoing: 5 6 
	datadep: 
	instructions:
		 0: %cl_1_17->const_missing def_%cl_1_18 %cl_1_17[3.19,] 	 SYMBOL:NavigationManager,	 ARGS:Symbol,
BB 5
	outgoing: 6 8 
	datadep: 
	instructions:
		 0: %cl_1_18->find def_%cl_1_19 %cl_1_18[4.0,3.20,] 	 SYMBOL:admin_primary,	 ARGS:Symbol,
		 1: %cl_1_19->items def_%cl_1_20 %cl_1_19[5.0,] 	 SYMBOL:	 ARGS:
		 2: %cl_1_20->each def_%cl_1_16 %cl_1_20[5.1,] %self[2.0,] 	 SYMBOL:	 ARGS:%cl_1_20,
CLOSURE BEGIN: %self[2.0,] item[] 
BB 1
	outgoing: 4 2 
	datadep: 
	instructions:
BB 2
	outgoing: 4 
	datadep: 
	instructions:
		 0: def_%self 
		 1: def_%cl_2_0 
		 2: RECEIVEARG def_item 
		 3: COPY TYPE_CurrentScope def_%current_scope 
		 4: COPY TYPE_ScopeModule def_%current_module 
		 5: 
		 6: %self->navigation_manager_link def_%cl_2_3 %self[2.0,] item[2.2,] 	 SYMBOL:	 ARGS:item,
		 7: RETURN %cl_2_3[2.6,] %self[2.0,2.6,] 
BB 4
	outgoing: 
	datadep: 
	instructions:
CLOSURE END: item[2.2,] 
		 3: 
		 4: COPY TYPE_StringLiteral ".logout" def_%cl_1_21 
		 5: %self->t def_%cl_1_22 %self[2.0,] %cl_1_21[5.4,] 	 SYMBOL:	 ARGS:%cl_1_21,
		 6: COPY TYPE_Array def_%cl_1_23 
		 7: HASH-method- def_%cl_1_24 
		 8: %self->link_to def_%cl_1_25 %self[5.5,2.0,] %cl_1_22[5.5,] %cl_1_23[5.6,] %cl_1_24[5.7,] 	 SYMBOL:	 ARGS:%cl_1_22,%cl_1_23,%cl_1_24,
		 9: 
		 10: COPY TYPE_StringLiteral "Back to customer" def_%cl_1_26 
		 11: GETFIELD %self->customer def_%cl_1_27 %self[5.5,5.8,2.0,] 
		 12: COPY TYPE_StringLiteral "button" def_%cl_1_28 
		 13: HASH-class- def_%cl_1_29 %cl_1_28[5.12,] 
		 14: %self->link_to def_%cl_1_30 %self[5.5,5.8,2.0,] %cl_1_26[5.10,] %cl_1_27[5.11,] %cl_1_29[5.13,] 	 SYMBOL:	 ARGS:%cl_1_26,%cl_1_27,%cl_1_29,
		 15: 
		 16: %self->display_flash def_%cl_1_31 %self[5.5,5.8,5.14,2.0,] 	 SYMBOL:	 ARGS:
		 17: 
		 18: COPY TYPE_StringLiteral "Edit Address" def_%cl_1_32 
		 19: ATTRASSIGN %self->page_title %cl_1_32[5.18,] 
		 20: 
		 21: GETFIELD %self->address def_%cl_1_33 %self[5.5,5.8,5.14,5.16,2.0,] 
		 22: GETFIELD %self->customer def_%cl_1_34 %self[5.5,5.8,5.14,5.16,2.0,] 
		 23: GETFIELD %self->address def_%cl_1_35 %self[5.5,5.8,5.14,5.16,2.0,] 
		 24: COPY TYPE_Array def_%cl_1_36 %cl_1_34[5.22,] %cl_1_35[5.23,] 
		 25: HASH-url- def_%cl_1_37 %cl_1_36[5.24,] 
		 26: %self->form_for def_%cl_1_38 %self[5.5,5.8,5.14,5.16,5.19,2.0,] %cl_1_33[5.21,] %cl_1_37[5.25,] %self[5.5,5.8,5.14,5.16,5.19,2.0,] 	 SYMBOL:	 ARGS:%cl_1_33,%cl_1_37,%self,
CLOSURE BEGIN: f[] %self[5.5,5.8,5.14,5.16,5.19,2.0,] 
BB 1
	outgoing: 6 2 
	datadep: 
	instructions:
BB 2
	outgoing: 3 
	datadep: 
	instructions:
		 0: def_%self 
		 1: def_%cl_3_0 
		 2: RECEIVEARG def_f 
		 3: COPY TYPE_CurrentScope def_%current_scope 
		 4: COPY TYPE_ScopeModule def_%current_module 
BB 3
	outgoing: 4 6 
	datadep: 
	instructions:
		 0: 
		 1: f->error_messages def_%cl_3_3 f[2.2,] 	 SYMBOL:	 ARGS:
		 2: 
		 3: COPY TYPE_StringLiteral "Address Information" def_%cl_3_4 
		 4: %self->field_set_tag def_%cl_3_5 %self[2.0,] %cl_3_4[3.3,] %self[2.0,] 	 SYMBOL:	 ARGS:%cl_3_4,%self,
CLOSURE BEGIN: f[3.1,2.2,] %self[2.0,] 
BB 1
	outgoing: 18 2 
	datadep: 
	instructions:
BB 2
	outgoing: 3 
	datadep: 
	instructions:
		 0: def_%self 
		 1: def_%cl_4_0 
		 2: COPY TYPE_CurrentScope def_%current_scope 
		 3: COPY TYPE_ScopeModule def_%current_module 
BB 3
	outgoing: 4 5 16 
	datadep: 
	instructions:
		 0: 
		 1: f->label def_%cl_4_3 f[] 	 SYMBOL:address_type,	 ARGS:Symbol,
		 2: 
		 3: (Shoppe) def_%cl_4_4 
		 4: (inherit Address) def_%cl_4_5 %cl_4_4[3.3,] 
		 5: %cl_4_5[3.4,] 
BB 4
	outgoing: 5 16 
	datadep: 
	instructions:
		 0: %cl_4_4->const_missing def_%cl_4_5 %cl_4_4[3.3,] 	 SYMBOL:Address,	 ARGS:Symbol,
BB 5
	outgoing: 6 7 16 
	datadep: 
	instructions:
		 0: (inherit TYPES) def_%cl_4_6 %cl_4_5[4.0,3.4,] 
		 1: %cl_4_6[5.0,] 
BB 6
	outgoing: 7 16 
	datadep: 
	instructions:
		 0: %cl_4_5->const_missing def_%cl_4_6 %cl_4_5[4.0,3.4,] 	 SYMBOL:TYPES,	 ARGS:Symbol,
BB 7
	outgoing: 8 9 16 
	datadep: 
	instructions:
		 0: HASH- def_%cl_4_7 
		 1: COPY TYPE_StringLiteral "chosen" def_%cl_4_8 
		 2: HASH-class- def_%cl_4_9 %cl_4_8[7.1,] 
		 3: f->select def_%cl_4_10 f[] %cl_4_6[6.0,5.0,] %cl_4_7[7.0,] %cl_4_9[7.2,] 	 SYMBOL:address_type,	 ARGS:Symbol,%cl_4_6,%cl_4_7,%cl_4_9,
		 4: 
		 5: f->label def_%cl_4_11 f[7.3,] 	 SYMBOL:address1,	 ARGS:Symbol,
		 6: 
		 7: COPY TYPE_StringLiteral "text" def_%cl_4_12 
		 8: HASH-class- def_%cl_4_13 %cl_4_12[7.7,] 
		 9: f->text_field def_%cl_4_14 f[7.3,7.5,] %cl_4_13[7.8,] 	 SYMBOL:address1,	 ARGS:Symbol,%cl_4_13,
		 10: 
		 11: f->label def_%cl_4_15 f[7.3,7.5,7.9,] 	 SYMBOL:address2,	 ARGS:Symbol,
		 12: 
		 13: COPY TYPE_StringLiteral "text" def_%cl_4_16 
		 14: HASH-class- def_%cl_4_17 %cl_4_16[7.13,] 
		 15: f->text_field def_%cl_4_18 f[7.3,7.5,7.9,7.11,] %cl_4_17[7.14,] 	 SYMBOL:address2,	 ARGS:Symbol,%cl_4_17,
		 16: 
		 17: f->label def_%cl_4_19 f[7.3,7.5,7.9,7.11,7.15,] 	 SYMBOL:address3,	 ARGS:Symbol,
		 18: 
		 19: COPY TYPE_StringLiteral "text" def_%cl_4_20 
		 20: HASH-class- def_%cl_4_21 %cl_4_20[7.19,] 
		 21: f->text_field def_%cl_4_22 f[7.3,7.5,7.9,7.11,7.15,7.17,] %cl_4_21[7.20,] 	 SYMBOL:address3,	 ARGS:Symbol,%cl_4_21,
		 22: 
		 23: f->label def_%cl_4_23 f[7.3,7.5,7.9,7.11,7.15,7.17,7.21,] 	 SYMBOL:address4,	 ARGS:Symbol,
		 24: 
		 25: COPY TYPE_StringLiteral "text" def_%cl_4_24 
		 26: HASH-class- def_%cl_4_25 %cl_4_24[7.25,] 
		 27: f->text_field def_%cl_4_26 f[7.3,7.5,7.9,7.11,7.15,7.17,7.21,7.23,] %cl_4_25[7.26,] 	 SYMBOL:address4,	 ARGS:Symbol,%cl_4_25,
		 28: 
		 29: f->label def_%cl_4_27 f[7.3,7.5,7.9,7.11,7.15,7.17,7.21,7.23,7.27,] 	 SYMBOL:postcode,	 ARGS:Symbol,
		 30: 
		 31: COPY TYPE_StringLiteral "text" def_%cl_4_28 
		 32: HASH-class- def_%cl_4_29 %cl_4_28[7.31,] 
		 33: f->text_field def_%cl_4_30 f[7.3,7.5,7.9,7.11,7.15,7.17,7.21,7.23,7.27,7.29,] %cl_4_29[7.32,] 	 SYMBOL:postcode,	 ARGS:Symbol,%cl_4_29,
		 34: 
		 35: f->label def_%cl_4_31 f[7.3,7.5,7.9,7.11,7.15,7.17,7.21,7.23,7.27,7.29,7.33,] 	 SYMBOL:country_id,	 ARGS:Symbol,
		 36: 
		 37: (Shoppe) def_%cl_4_32 
		 38: (inherit Country) def_%cl_4_33 %cl_4_32[7.37,] 
		 39: %cl_4_33[7.38,] 
BB 8
	outgoing: 9 16 
	datadep: 
	instructions:
		 0: %cl_4_32->const_missing def_%cl_4_33 %cl_4_32[7.37,] 	 SYMBOL:Country,	 ARGS:Symbol,
BB 9
	outgoing: 10 11 16 
	datadep: 
	instructions:
		 0: %cl_4_33->ordered def_%cl_4_34 %cl_4_33[8.0,7.38,] 	 SYMBOL:	 ARGS:
		 1: f->collection_select def_%cl_4_35 f[] %cl_4_34[9.0,] 	 SYMBOL:country_id,id,name,	 ARGS:Symbol,%cl_4_34,Symbol,Symbol,
		 2: 
		 3: GETFIELD %self->address def_%cl_4_36 %self[2.0,] 
		 4: %cl_4_36->new_record? def_%cl_4_37 %cl_4_36[9.3,] 	 SYMBOL:	 ARGS:
		 5: BRANCH %cl_4_37[9.4,] 
BB 10
	outgoing: 12 
	datadep: 
	instructions:
		 0: COPY TYPE_Nil def_%cl_4_38 
		 1: 
BB 11
	outgoing: 12 16 
	datadep: 
	instructions:
		 0: 
		 1: COPY TYPE_StringLiteral "shoppe.delete" def_%cl_4_39 
		 2: %self->t def_%cl_4_40 %self[2.0,] %cl_4_39[11.1,] 	 SYMBOL:	 ARGS:%cl_4_39,
		 3: GETFIELD %self->customer def_%cl_4_41 %self[11.2,2.0,] 
		 4: GETFIELD %self->address def_%cl_4_42 %self[11.2,2.0,] 
		 5: COPY TYPE_Array def_%cl_4_43 %cl_4_41[11.3,] %cl_4_42[11.4,] 
		 6: COPY TYPE_StringLiteral "button purple" def_%cl_4_44 
		 7: COPY TYPE_StringLiteral "Are you sure you wish to remove this address?" def_%cl_4_45 
		 8: HASH-confirm- def_%cl_4_46 %cl_4_45[11.7,] 
		 9: HASH-class-method-data- def_%cl_4_47 %cl_4_44[11.6,] %cl_4_46[11.8,] 
		 10: %self->link_to def_%cl_4_48 %self[11.2,2.0,] %cl_4_40[11.2,] %cl_4_43[11.5,] %cl_4_47[11.9,] 	 SYMBOL:	 ARGS:%cl_4_40,%cl_4_43,%cl_4_47,
		 11: COPY TYPE_PASS def_%cl_4_38 %cl_4_48[11.10,] 
BB 12
	outgoing: 13 14 16 
	datadep: 
	instructions:
		 0: 
		 1: COPY TYPE_StringLiteral "button green" def_%cl_4_49 
		 2: GETFIELD %self->address def_%cl_4_50 %self[2.0,] 
		 3: %cl_4_50->new_record? def_%cl_4_51 %cl_4_50[12.2,] 	 SYMBOL:	 ARGS:
		 4: BRANCH %cl_4_51[12.3,] 
BB 13
	outgoing: 15 
	datadep: 
	instructions:
		 0: COPY TYPE_StringLiteral "Creating Address..." def_%cl_4_52 
		 1: 
BB 14
	outgoing: 15 
	datadep: 
	instructions:
		 0: COPY TYPE_StringLiteral "Updating Address..." def_%cl_4_53 
		 1: COPY TYPE_PASS def_%cl_4_52 %cl_4_53[14.0,] 
BB 15
	outgoing: 16 18 
	datadep: 
	instructions:
		 0: HASH-disable_with- def_%cl_4_54 %cl_4_52[14.1,13.0,] 
		 1: HASH-class-data- def_%cl_4_55 %cl_4_49[12.1,] %cl_4_54[15.0,] 
		 2: f->submit def_%cl_4_56 f[] %cl_4_55[15.1,] 	 SYMBOL:	 ARGS:%cl_4_55,
		 3: 
		 4: COPY TYPE_StringLiteral "shoppe.cancel" def_%cl_4_57 
		 5: %self->t def_%cl_4_58 %self[2.0,] %cl_4_57[15.4,] 	 SYMBOL:	 ARGS:%cl_4_57,
		 6: COPY TYPE_StringLiteral "button" def_%cl_4_59 
		 7: HASH-class- def_%cl_4_60 %cl_4_59[15.6,] 
		 8: %self->link_to def_%cl_4_61 %self[15.5,2.0,] %cl_4_58[15.5,] %cl_4_60[15.7,] 	 SYMBOL:customers,	 ARGS:%cl_4_58,Symbol,%cl_4_60,
		 9: RETURN %cl_4_61[15.8,] %self[15.5,15.8,2.0,] 
BB 16
	outgoing: 18 
	datadep: 
	instructions:
		 0: def_%cl_4_62 
		 1: def_%cl_4_63 %cl_4_62[16.0,] 
		 2: RETURN %cl_4_63[16.1,] %self[2.0,] 
BB 18
	outgoing: 
	datadep: 
	instructions:
CLOSURE END: 
		 5: RETURN %cl_3_5[3.4,] %self[3.4,2.0,] 
BB 4
	outgoing: 6 
	datadep: 
	instructions:
		 0: def_%cl_3_6 
		 1: def_%cl_3_7 %cl_3_6[4.0,] 
		 2: RETURN %cl_3_7[4.1,] %self[2.0,] 
BB 6
	outgoing: 
	datadep: 
	instructions:
CLOSURE END: 
		 27: 
		 28: COPY TYPE_StringLiteral "&larr; " def_%cl_1_39 
		 29: COPY TYPE_StringLiteral ".goto" def_%cl_1_40 
		 30: %self->t def_%cl_1_41 %self[5.5,5.8,5.14,5.16,5.19,5.26,2.0,] %cl_1_40[5.29,] 	 SYMBOL:	 ARGS:%cl_1_40,
		 31: COPY TYPE_StringLiteral " " def_%cl_1_42 
		 32: (Shoppe) def_%cl_1_43 
		 33: %cl_1_43->settings def_%cl_1_44 %cl_1_43[5.32,] 	 SYMBOL:	 ARGS:
		 34: %cl_1_44->store_name def_%cl_1_45 %cl_1_44[5.33,] 	 SYMBOL:	 ARGS:
		 35: BUILDSTRING def_%cl_1_46 %cl_1_39[5.28,] %cl_1_41[5.30,] %cl_1_42[5.31,] %cl_1_45[5.34,] 
		 36: %cl_1_46->html_safe def_%cl_1_47 %cl_1_46[5.35,] 	 SYMBOL:	 ARGS:
		 37: COPY TYPE_StringLiteral "/" def_%cl_1_48 
		 38: %self->link_to def_%cl_1_49 %self[5.5,5.8,5.14,5.16,5.19,5.26,5.30,2.0,] %cl_1_47[5.36,] %cl_1_48[5.37,] 	 SYMBOL:	 ARGS:%cl_1_47,%cl_1_48,
		 39: RETURN %cl_1_49[5.38,] %self[5.5,5.8,5.14,5.16,5.19,5.26,5.30,5.38,2.0,] 
BB 6
	outgoing: 8 
	datadep: 
	instructions:
		 0: def_%cl_1_50 
		 1: def_%cl_1_51 %cl_1_50[6.0,] 
		 2: RETURN %cl_1_51[6.1,] %self[5.19,2.0,] 
BB 8
	outgoing: 
	datadep: 
	instructions:
CLOSURE END: 
		 8: RETURN %v_4[2.7,] %self[2.0,2.6,] 
BB 3
	outgoing: 
	datadep: 
	instructions:

SET IRMethod, name = create instanceMethod = true
BB 1
	outgoing: 9 2 
	datadep: 
	instructions:
BB 2
	outgoing: 3 4 
	datadep: 
	instructions:
		 0: def_%self 
		 1: def_%v_0 
		 2: COPY TYPE_CurrentScope def_%current_scope 
		 3: COPY TYPE_ScopeModule def_%current_module 
		 4: 
		 5: 
		 6: GETFIELD %self->customer def_%v_3 %self[2.0,] 
		 7: %v_3->addresses def_%v_4 %v_3[2.6,] 	 SYMBOL:	 ARGS:
		 8: %self->safe_params def_%v_5 %self[2.0,] 	 SYMBOL:	 ARGS:
		 9: %v_4->build def_%v_6 %v_4[2.7,] %v_5[2.8,] 	 SYMBOL:	 ARGS:%v_5,
		 10: ATTRASSIGN %self->address %v_6[2.9,] 
		 11: 
		 12: GETFIELD %self->customer def_%v_7 %self[2.0,2.8,] 
		 13: %v_7->addresses def_%v_8 %v_7[2.12,] 	 SYMBOL:	 ARGS:
		 14: %v_8->count def_%v_9 %v_8[2.13,] 	 SYMBOL:	 ARGS:
		 15: %v_9->== def_%v_10 %v_9[2.14,] 	 SYMBOL:	 ARGS:Fixnum,
		 16: BRANCH %v_10[2.15,] 
BB 3
	outgoing: 5 
	datadep: 
	instructions:
		 0: GETFIELD %self->address def_%v_11 %self[2.0,2.10,] 
		 1: ATTRASSIGN %v_11->default 
		 2: COPY TYPE_Boolean def_%v_12 
		 3: 
BB 4
	outgoing: 5 
	datadep: 
	instructions:
		 0: COPY TYPE_Nil def_%v_12 
BB 5
	outgoing: 6 7 
	datadep: 
	instructions:
		 0: 
		 1: GETFIELD %self->customer def_%v_13 %self[2.0,] 
		 2: %v_13->save def_%v_14 %v_13[5.1,] 	 SYMBOL:	 ARGS:
		 3: BRANCH %v_14[5.2,] 
BB 6
	outgoing: 9 
	datadep: 
	instructions:
		 0: 
		 1: GETFIELD %self->customer def_%v_15 %self[2.0,] 
		 2: COPY TYPE_StringLiteral "shoppe.addresses.created_successfully" def_%v_16 
		 3: %self->t def_%v_17 %self[2.0,2.10,] %v_16[6.2,] 	 SYMBOL:	 ARGS:%v_16,
		 4: HASH-notice- def_%v_18 %v_17[6.3,] 
		 5: HASH-flash- def_%v_19 %v_18[6.4,] 
		 6: %self->redirect_to def_%v_20 %self[6.3,2.0,2.10,] %v_15[6.1,] %v_19[6.5,] 	 SYMBOL:	 ARGS:%v_15,%v_19,
		 7: RETURN %v_20[6.6,] %self[6.3,6.6,2.0,2.10,] 
BB 7
	outgoing: 9 
	datadep: 
	instructions:
		 0: 
		 1: %self->ruby_code_from_view def_%v_21 %self[2.0,2.10,] 	 SYMBOL:	 ARGS:
		 2: %v_21->ruby_code_from_view def_%v_22 %v_21[7.1,] %self[7.1,2.0,2.10,] 	 SYMBOL:	 ARGS:%v_21,
CLOSURE BEGIN: %self[7.1,2.0,2.10,] item[] f[] 
BB 1
	outgoing: 8 2 
	datadep: 
	instructions:
BB 2
	outgoing: 3 
	datadep: 
	instructions:
		 0: def_%self 
		 1: def_%cl_1_0 
		 2: RECEIVEARG def_rb_from_view 
		 3: COPY TYPE_CurrentScope def_%current_scope 
		 4: COPY TYPE_ScopeModule def_%current_module 
BB 3
	outgoing: 4 5 6 
	datadep: 
	instructions:
		 0: 
		 1: COPY TYPE_StringLiteral "shoppe/application" def_%cl_1_3 
		 2: %self->stylesheet_link_tag def_%cl_1_4 %self[2.0,] %cl_1_3[3.1,] 	 SYMBOL:	 ARGS:%cl_1_3,
		 3: 
		 4: COPY TYPE_StringLiteral "shoppe/application" def_%cl_1_5 
		 5: %self->javascript_include_tag def_%cl_1_6 %self[3.2,2.0,] %cl_1_5[3.4,] 	 SYMBOL:	 ARGS:%cl_1_5,
		 6: 
		 7: %self->csrf_meta_tags def_%cl_1_7 %self[3.2,3.5,2.0,] 	 SYMBOL:	 ARGS:
		 8: 
		 9: COPY TYPE_StringLiteral "Shoppe" def_%cl_1_8 
		 10: %self->root_path def_%cl_1_9 %self[3.2,3.5,3.7,2.0,] 	 SYMBOL:	 ARGS:
		 11: %self->link_to def_%cl_1_10 %self[3.2,3.5,3.7,3.10,2.0,] %cl_1_8[3.9,] %cl_1_9[3.10,] 	 SYMBOL:	 ARGS:%cl_1_8,%cl_1_9,
		 12: 
		 13: COPY TYPE_StringLiteral ".logged_in_as" def_%cl_1_11 
		 14: %self->current_user def_%cl_1_12 %self[3.2,3.5,3.7,3.10,3.11,2.0,] 	 SYMBOL:	 ARGS:
		 15: %cl_1_12->full_name def_%cl_1_13 %cl_1_12[3.14,] 	 SYMBOL:	 ARGS:
		 16: HASH-user_name- def_%cl_1_14 %cl_1_13[3.15,] 
		 17: %self->t def_%cl_1_15 %self[3.2,3.5,3.7,3.10,3.11,3.14,2.0,] %cl_1_11[3.13,] %cl_1_14[3.16,] 	 SYMBOL:	 ARGS:%cl_1_11,%cl_1_14,
		 18: 
		 19: (Shoppe) def_%cl_1_17 
		 20: (inherit NavigationManager) def_%cl_1_18 %cl_1_17[3.19,] 
		 21: %cl_1_18[3.20,] 
BB 4
	outgoing: 5 6 
	datadep: 
	instructions:
		 0: %cl_1_17->const_missing def_%cl_1_18 %cl_1_17[3.19,] 	 SYMBOL:NavigationManager,	 ARGS:Symbol,
BB 5
	outgoing: 6 8 
	datadep: 
	instructions:
		 0: %cl_1_18->find def_%cl_1_19 %cl_1_18[4.0,3.20,] 	 SYMBOL:admin_primary,	 ARGS:Symbol,
		 1: %cl_1_19->items def_%cl_1_20 %cl_1_19[5.0,] 	 SYMBOL:	 ARGS:
		 2: %cl_1_20->each def_%cl_1_16 %cl_1_20[5.1,] %self[2.0,] 	 SYMBOL:	 ARGS:%cl_1_20,
CLOSURE BEGIN: %self[2.0,] item[] 
BB 1
	outgoing: 4 2 
	datadep: 
	instructions:
BB 2
	outgoing: 4 
	datadep: 
	instructions:
		 0: def_%self 
		 1: def_%cl_2_0 
		 2: RECEIVEARG def_item 
		 3: COPY TYPE_CurrentScope def_%current_scope 
		 4: COPY TYPE_ScopeModule def_%current_module 
		 5: 
		 6: %self->navigation_manager_link def_%cl_2_3 %self[2.0,] item[2.2,] 	 SYMBOL:	 ARGS:item,
		 7: RETURN %cl_2_3[2.6,] %self[2.0,2.6,] 
BB 4
	outgoing: 
	datadep: 
	instructions:
CLOSURE END: item[2.2,] 
		 3: 
		 4: COPY TYPE_StringLiteral ".logout" def_%cl_1_21 
		 5: %self->t def_%cl_1_22 %self[2.0,] %cl_1_21[5.4,] 	 SYMBOL:	 ARGS:%cl_1_21,
		 6: COPY TYPE_Array def_%cl_1_23 
		 7: HASH-method- def_%cl_1_24 
		 8: %self->link_to def_%cl_1_25 %self[5.5,2.0,] %cl_1_22[5.5,] %cl_1_23[5.6,] %cl_1_24[5.7,] 	 SYMBOL:	 ARGS:%cl_1_22,%cl_1_23,%cl_1_24,
		 9: 
		 10: COPY TYPE_StringLiteral "Back to customer" def_%cl_1_26 
		 11: GETFIELD %self->customer def_%cl_1_27 %self[5.5,5.8,2.0,] 
		 12: COPY TYPE_StringLiteral "button" def_%cl_1_28 
		 13: HASH-class- def_%cl_1_29 %cl_1_28[5.12,] 
		 14: %self->link_to def_%cl_1_30 %self[5.5,5.8,2.0,] %cl_1_26[5.10,] %cl_1_27[5.11,] %cl_1_29[5.13,] 	 SYMBOL:	 ARGS:%cl_1_26,%cl_1_27,%cl_1_29,
		 15: 
		 16: %self->display_flash def_%cl_1_31 %self[5.5,5.8,5.14,2.0,] 	 SYMBOL:	 ARGS:
		 17: 
		 18: COPY TYPE_StringLiteral "New Address for " def_%cl_1_32 
		 19: GETFIELD %self->customer def_%cl_1_33 %self[5.5,5.8,5.14,5.16,2.0,] 
		 20: %cl_1_33->name def_%cl_1_34 %cl_1_33[5.19,] 	 SYMBOL:	 ARGS:
		 21: BUILDSTRING def_%cl_1_35 %cl_1_32[5.18,] %cl_1_34[5.20,] 
		 22: ATTRASSIGN %self->page_title %cl_1_35[5.21,] 
		 23: 
		 24: GETFIELD %self->address def_%cl_1_36 %self[5.5,5.8,5.14,5.16,2.0,] 
		 25: GETFIELD %self->customer def_%cl_1_37 %self[5.5,5.8,5.14,5.16,2.0,] 
		 26: GETFIELD %self->address def_%cl_1_38 %self[5.5,5.8,5.14,5.16,2.0,] 
		 27: COPY TYPE_Array def_%cl_1_39 %cl_1_37[5.25,] %cl_1_38[5.26,] 
		 28: HASH-url- def_%cl_1_40 %cl_1_39[5.27,] 
		 29: %self->form_for def_%cl_1_41 %self[5.5,5.8,5.14,5.16,5.22,2.0,] %cl_1_36[5.24,] %cl_1_40[5.28,] %self[5.5,5.8,5.14,5.16,5.22,2.0,] 	 SYMBOL:	 ARGS:%cl_1_36,%cl_1_40,%self,
CLOSURE BEGIN: f[] %self[5.5,5.8,5.14,5.16,5.22,2.0,] 
BB 1
	outgoing: 6 2 
	datadep: 
	instructions:
BB 2
	outgoing: 3 
	datadep: 
	instructions:
		 0: def_%self 
		 1: def_%cl_3_0 
		 2: RECEIVEARG def_f 
		 3: COPY TYPE_CurrentScope def_%current_scope 
		 4: COPY TYPE_ScopeModule def_%current_module 
BB 3
	outgoing: 4 6 
	datadep: 
	instructions:
		 0: 
		 1: f->error_messages def_%cl_3_3 f[2.2,] 	 SYMBOL:	 ARGS:
		 2: 
		 3: COPY TYPE_StringLiteral "Address Information" def_%cl_3_4 
		 4: %self->field_set_tag def_%cl_3_5 %self[2.0,] %cl_3_4[3.3,] %self[2.0,] 	 SYMBOL:	 ARGS:%cl_3_4,%self,
CLOSURE BEGIN: f[3.1,2.2,] %self[2.0,] 
BB 1
	outgoing: 18 2 
	datadep: 
	instructions:
BB 2
	outgoing: 3 
	datadep: 
	instructions:
		 0: def_%self 
		 1: def_%cl_4_0 
		 2: COPY TYPE_CurrentScope def_%current_scope 
		 3: COPY TYPE_ScopeModule def_%current_module 
BB 3
	outgoing: 4 5 16 
	datadep: 
	instructions:
		 0: 
		 1: f->label def_%cl_4_3 f[] 	 SYMBOL:address_type,	 ARGS:Symbol,
		 2: 
		 3: (Shoppe) def_%cl_4_4 
		 4: (inherit Address) def_%cl_4_5 %cl_4_4[3.3,] 
		 5: %cl_4_5[3.4,] 
BB 4
	outgoing: 5 16 
	datadep: 
	instructions:
		 0: %cl_4_4->const_missing def_%cl_4_5 %cl_4_4[3.3,] 	 SYMBOL:Address,	 ARGS:Symbol,
BB 5
	outgoing: 6 7 16 
	datadep: 
	instructions:
		 0: (inherit TYPES) def_%cl_4_6 %cl_4_5[4.0,3.4,] 
		 1: %cl_4_6[5.0,] 
BB 6
	outgoing: 7 16 
	datadep: 
	instructions:
		 0: %cl_4_5->const_missing def_%cl_4_6 %cl_4_5[4.0,3.4,] 	 SYMBOL:TYPES,	 ARGS:Symbol,
BB 7
	outgoing: 8 9 16 
	datadep: 
	instructions:
		 0: HASH- def_%cl_4_7 
		 1: COPY TYPE_StringLiteral "chosen" def_%cl_4_8 
		 2: HASH-class- def_%cl_4_9 %cl_4_8[7.1,] 
		 3: f->select def_%cl_4_10 f[] %cl_4_6[6.0,5.0,] %cl_4_7[7.0,] %cl_4_9[7.2,] 	 SYMBOL:address_type,	 ARGS:Symbol,%cl_4_6,%cl_4_7,%cl_4_9,
		 4: 
		 5: f->label def_%cl_4_11 f[7.3,] 	 SYMBOL:address1,	 ARGS:Symbol,
		 6: 
		 7: COPY TYPE_StringLiteral "text" def_%cl_4_12 
		 8: HASH-class- def_%cl_4_13 %cl_4_12[7.7,] 
		 9: f->text_field def_%cl_4_14 f[7.3,7.5,] %cl_4_13[7.8,] 	 SYMBOL:address1,	 ARGS:Symbol,%cl_4_13,
		 10: 
		 11: f->label def_%cl_4_15 f[7.3,7.5,7.9,] 	 SYMBOL:address2,	 ARGS:Symbol,
		 12: 
		 13: COPY TYPE_StringLiteral "text" def_%cl_4_16 
		 14: HASH-class- def_%cl_4_17 %cl_4_16[7.13,] 
		 15: f->text_field def_%cl_4_18 f[7.3,7.5,7.9,7.11,] %cl_4_17[7.14,] 	 SYMBOL:address2,	 ARGS:Symbol,%cl_4_17,
		 16: 
		 17: f->label def_%cl_4_19 f[7.3,7.5,7.9,7.11,7.15,] 	 SYMBOL:address3,	 ARGS:Symbol,
		 18: 
		 19: COPY TYPE_StringLiteral "text" def_%cl_4_20 
		 20: HASH-class- def_%cl_4_21 %cl_4_20[7.19,] 
		 21: f->text_field def_%cl_4_22 f[7.3,7.5,7.9,7.11,7.15,7.17,] %cl_4_21[7.20,] 	 SYMBOL:address3,	 ARGS:Symbol,%cl_4_21,
		 22: 
		 23: f->label def_%cl_4_23 f[7.3,7.5,7.9,7.11,7.15,7.17,7.21,] 	 SYMBOL:address4,	 ARGS:Symbol,
		 24: 
		 25: COPY TYPE_StringLiteral "text" def_%cl_4_24 
		 26: HASH-class- def_%cl_4_25 %cl_4_24[7.25,] 
		 27: f->text_field def_%cl_4_26 f[7.3,7.5,7.9,7.11,7.15,7.17,7.21,7.23,] %cl_4_25[7.26,] 	 SYMBOL:address4,	 ARGS:Symbol,%cl_4_25,
		 28: 
		 29: f->label def_%cl_4_27 f[7.3,7.5,7.9,7.11,7.15,7.17,7.21,7.23,7.27,] 	 SYMBOL:postcode,	 ARGS:Symbol,
		 30: 
		 31: COPY TYPE_StringLiteral "text" def_%cl_4_28 
		 32: HASH-class- def_%cl_4_29 %cl_4_28[7.31,] 
		 33: f->text_field def_%cl_4_30 f[7.3,7.5,7.9,7.11,7.15,7.17,7.21,7.23,7.27,7.29,] %cl_4_29[7.32,] 	 SYMBOL:postcode,	 ARGS:Symbol,%cl_4_29,
		 34: 
		 35: f->label def_%cl_4_31 f[7.3,7.5,7.9,7.11,7.15,7.17,7.21,7.23,7.27,7.29,7.33,] 	 SYMBOL:country_id,	 ARGS:Symbol,
		 36: 
		 37: (Shoppe) def_%cl_4_32 
		 38: (inherit Country) def_%cl_4_33 %cl_4_32[7.37,] 
		 39: %cl_4_33[7.38,] 
BB 8
	outgoing: 9 16 
	datadep: 
	instructions:
		 0: %cl_4_32->const_missing def_%cl_4_33 %cl_4_32[7.37,] 	 SYMBOL:Country,	 ARGS:Symbol,
BB 9
	outgoing: 10 11 16 
	datadep: 
	instructions:
		 0: %cl_4_33->ordered def_%cl_4_34 %cl_4_33[8.0,7.38,] 	 SYMBOL:	 ARGS:
		 1: f->collection_select def_%cl_4_35 f[] %cl_4_34[9.0,] 	 SYMBOL:country_id,id,name,	 ARGS:Symbol,%cl_4_34,Symbol,Symbol,
		 2: 
		 3: GETFIELD %self->address def_%cl_4_36 %self[2.0,] 
		 4: %cl_4_36->new_record? def_%cl_4_37 %cl_4_36[9.3,] 	 SYMBOL:	 ARGS:
		 5: BRANCH %cl_4_37[9.4,] 
BB 10
	outgoing: 12 
	datadep: 
	instructions:
		 0: COPY TYPE_Nil def_%cl_4_38 
		 1: 
BB 11
	outgoing: 12 16 
	datadep: 
	instructions:
		 0: 
		 1: COPY TYPE_StringLiteral "shoppe.delete" def_%cl_4_39 
		 2: %self->t def_%cl_4_40 %self[2.0,] %cl_4_39[11.1,] 	 SYMBOL:	 ARGS:%cl_4_39,
		 3: GETFIELD %self->customer def_%cl_4_41 %self[11.2,2.0,] 
		 4: GETFIELD %self->address def_%cl_4_42 %self[11.2,2.0,] 
		 5: COPY TYPE_Array def_%cl_4_43 %cl_4_41[11.3,] %cl_4_42[11.4,] 
		 6: COPY TYPE_StringLiteral "button purple" def_%cl_4_44 
		 7: COPY TYPE_StringLiteral "Are you sure you wish to remove this address?" def_%cl_4_45 
		 8: HASH-confirm- def_%cl_4_46 %cl_4_45[11.7,] 
		 9: HASH-class-method-data- def_%cl_4_47 %cl_4_44[11.6,] %cl_4_46[11.8,] 
		 10: %self->link_to def_%cl_4_48 %self[11.2,2.0,] %cl_4_40[11.2,] %cl_4_43[11.5,] %cl_4_47[11.9,] 	 SYMBOL:	 ARGS:%cl_4_40,%cl_4_43,%cl_4_47,
		 11: COPY TYPE_PASS def_%cl_4_38 %cl_4_48[11.10,] 
BB 12
	outgoing: 13 14 16 
	datadep: 
	instructions:
		 0: 
		 1: COPY TYPE_StringLiteral "button green" def_%cl_4_49 
		 2: GETFIELD %self->address def_%cl_4_50 %self[2.0,] 
		 3: %cl_4_50->new_record? def_%cl_4_51 %cl_4_50[12.2,] 	 SYMBOL:	 ARGS:
		 4: BRANCH %cl_4_51[12.3,] 
BB 13
	outgoing: 15 
	datadep: 
	instructions:
		 0: COPY TYPE_StringLiteral "Creating Address..." def_%cl_4_52 
		 1: 
BB 14
	outgoing: 15 
	datadep: 
	instructions:
		 0: COPY TYPE_StringLiteral "Updating Address..." def_%cl_4_53 
		 1: COPY TYPE_PASS def_%cl_4_52 %cl_4_53[14.0,] 
BB 15
	outgoing: 16 18 
	datadep: 
	instructions:
		 0: HASH-disable_with- def_%cl_4_54 %cl_4_52[14.1,13.0,] 
		 1: HASH-class-data- def_%cl_4_55 %cl_4_49[12.1,] %cl_4_54[15.0,] 
		 2: f->submit def_%cl_4_56 f[] %cl_4_55[15.1,] 	 SYMBOL:	 ARGS:%cl_4_55,
		 3: 
		 4: COPY TYPE_StringLiteral "shoppe.cancel" def_%cl_4_57 
		 5: %self->t def_%cl_4_58 %self[2.0,] %cl_4_57[15.4,] 	 SYMBOL:	 ARGS:%cl_4_57,
		 6: COPY TYPE_StringLiteral "button" def_%cl_4_59 
		 7: HASH-class- def_%cl_4_60 %cl_4_59[15.6,] 
		 8: %self->link_to def_%cl_4_61 %self[15.5,2.0,] %cl_4_58[15.5,] %cl_4_60[15.7,] 	 SYMBOL:customers,	 ARGS:%cl_4_58,Symbol,%cl_4_60,
		 9: RETURN %cl_4_61[15.8,] %self[15.5,15.8,2.0,] 
BB 16
	outgoing: 18 
	datadep: 
	instructions:
		 0: def_%cl_4_62 
		 1: def_%cl_4_63 %cl_4_62[16.0,] 
		 2: RETURN %cl_4_63[16.1,] %self[2.0,] 
BB 18
	outgoing: 
	datadep: 
	instructions:
CLOSURE END: 
		 5: RETURN %cl_3_5[3.4,] %self[3.4,2.0,] 
BB 4
	outgoing: 6 
	datadep: 
	instructions:
		 0: def_%cl_3_6 
		 1: def_%cl_3_7 %cl_3_6[4.0,] 
		 2: RETURN %cl_3_7[4.1,] %self[2.0,] 
BB 6
	outgoing: 
	datadep: 
	instructions:
CLOSURE END: 
		 30: 
		 31: COPY TYPE_StringLiteral "&larr; " def_%cl_1_42 
		 32: COPY TYPE_StringLiteral ".goto" def_%cl_1_43 
		 33: %self->t def_%cl_1_44 %self[5.5,5.8,5.14,5.16,5.22,5.29,2.0,] %cl_1_43[5.32,] 	 SYMBOL:	 ARGS:%cl_1_43,
		 34: COPY TYPE_StringLiteral " " def_%cl_1_45 
		 35: (Shoppe) def_%cl_1_46 
		 36: %cl_1_46->settings def_%cl_1_47 %cl_1_46[5.35,] 	 SYMBOL:	 ARGS:
		 37: %cl_1_47->store_name def_%cl_1_48 %cl_1_47[5.36,] 	 SYMBOL:	 ARGS:
		 38: BUILDSTRING def_%cl_1_49 %cl_1_42[5.31,] %cl_1_44[5.33,] %cl_1_45[5.34,] %cl_1_48[5.37,] 
		 39: %cl_1_49->html_safe def_%cl_1_50 %cl_1_49[5.38,] 	 SYMBOL:	 ARGS:
		 40: COPY TYPE_StringLiteral "/" def_%cl_1_51 
		 41: %self->link_to def_%cl_1_52 %self[5.5,5.8,5.14,5.16,5.22,5.29,5.33,2.0,] %cl_1_50[5.39,] %cl_1_51[5.40,] 	 SYMBOL:	 ARGS:%cl_1_50,%cl_1_51,
		 42: RETURN %cl_1_52[5.41,] %self[5.5,5.8,5.14,5.16,5.22,5.29,5.33,5.41,2.0,] 
BB 6
	outgoing: 8 
	datadep: 
	instructions:
		 0: def_%cl_1_53 
		 1: def_%cl_1_54 %cl_1_53[6.0,] 
		 2: RETURN %cl_1_54[6.1,] %self[5.22,2.0,] 
BB 8
	outgoing: 
	datadep: 
	instructions:
CLOSURE END: 
		 3: RETURN %v_22[7.2,] %self[7.1,2.0,2.10,] 
BB 9
	outgoing: 
	datadep: 
	instructions:

SET IRMethod, name = update instanceMethod = true
BB 1
	outgoing: 6 2 
	datadep: 
	instructions:
BB 2
	outgoing: 3 4 
	datadep: 
	instructions:
		 0: def_%self 
		 1: def_%v_0 
		 2: COPY TYPE_CurrentScope def_%current_scope 
		 3: COPY TYPE_ScopeModule def_%current_module 
		 4: 
		 5: 
		 6: GETFIELD %self->address def_%v_3 %self[2.0,] 
		 7: %self->safe_params def_%v_4 %self[2.0,] 	 SYMBOL:	 ARGS:
		 8: %v_3->update def_%v_5 %v_3[2.6,] %v_4[2.7,] 	 SYMBOL:	 ARGS:%v_4,
		 9: BRANCH %v_5[2.8,] 
BB 3
	outgoing: 6 
	datadep: 
	instructions:
		 0: 
		 1: GETFIELD %self->customer def_%v_6 %self[2.0,] 
		 2: COPY TYPE_StringLiteral "shoppe.addresses.updated_successfully" def_%v_7 
		 3: %self->t def_%v_8 %self[2.0,] %v_7[3.2,] 	 SYMBOL:	 ARGS:%v_7,
		 4: HASH-notice- def_%v_9 %v_8[3.3,] 
		 5: HASH-flash- def_%v_10 %v_9[3.4,] 
		 6: %self->redirect_to def_%v_11 %self[3.3,2.0,] %v_6[3.1,] %v_10[3.5,] 	 SYMBOL:	 ARGS:%v_6,%v_10,
		 7: RETURN %v_11[3.6,] %self[3.3,3.6,2.0,] 
BB 4
	outgoing: 6 
	datadep: 
	instructions:
		 0: 
		 1: %self->ruby_code_from_view def_%v_12 %self[2.0,] 	 SYMBOL:	 ARGS:
		 2: %v_12->ruby_code_from_view def_%v_13 %v_12[4.1,] %self[4.1,2.0,] 	 SYMBOL:	 ARGS:%v_12,
CLOSURE BEGIN: %self[4.1,2.0,] item[] f[] 
BB 1
	outgoing: 8 2 
	datadep: 
	instructions:
BB 2
	outgoing: 3 
	datadep: 
	instructions:
		 0: def_%self 
		 1: def_%cl_1_0 
		 2: RECEIVEARG def_rb_from_view 
		 3: COPY TYPE_CurrentScope def_%current_scope 
		 4: COPY TYPE_ScopeModule def_%current_module 
BB 3
	outgoing: 4 5 6 
	datadep: 
	instructions:
		 0: 
		 1: COPY TYPE_StringLiteral "shoppe/application" def_%cl_1_3 
		 2: %self->stylesheet_link_tag def_%cl_1_4 %self[2.0,] %cl_1_3[3.1,] 	 SYMBOL:	 ARGS:%cl_1_3,
		 3: 
		 4: COPY TYPE_StringLiteral "shoppe/application" def_%cl_1_5 
		 5: %self->javascript_include_tag def_%cl_1_6 %self[3.2,2.0,] %cl_1_5[3.4,] 	 SYMBOL:	 ARGS:%cl_1_5,
		 6: 
		 7: %self->csrf_meta_tags def_%cl_1_7 %self[3.2,3.5,2.0,] 	 SYMBOL:	 ARGS:
		 8: 
		 9: COPY TYPE_StringLiteral "Shoppe" def_%cl_1_8 
		 10: %self->root_path def_%cl_1_9 %self[3.2,3.5,3.7,2.0,] 	 SYMBOL:	 ARGS:
		 11: %self->link_to def_%cl_1_10 %self[3.2,3.5,3.7,3.10,2.0,] %cl_1_8[3.9,] %cl_1_9[3.10,] 	 SYMBOL:	 ARGS:%cl_1_8,%cl_1_9,
		 12: 
		 13: COPY TYPE_StringLiteral ".logged_in_as" def_%cl_1_11 
		 14: %self->current_user def_%cl_1_12 %self[3.2,3.5,3.7,3.10,3.11,2.0,] 	 SYMBOL:	 ARGS:
		 15: %cl_1_12->full_name def_%cl_1_13 %cl_1_12[3.14,] 	 SYMBOL:	 ARGS:
		 16: HASH-user_name- def_%cl_1_14 %cl_1_13[3.15,] 
		 17: %self->t def_%cl_1_15 %self[3.2,3.5,3.7,3.10,3.11,3.14,2.0,] %cl_1_11[3.13,] %cl_1_14[3.16,] 	 SYMBOL:	 ARGS:%cl_1_11,%cl_1_14,
		 18: 
		 19: (Shoppe) def_%cl_1_17 
		 20: (inherit NavigationManager) def_%cl_1_18 %cl_1_17[3.19,] 
		 21: %cl_1_18[3.20,] 
BB 4
	outgoing: 5 6 
	datadep: 
	instructions:
		 0: %cl_1_17->const_missing def_%cl_1_18 %cl_1_17[3.19,] 	 SYMBOL:NavigationManager,	 ARGS:Symbol,
BB 5
	outgoing: 6 8 
	datadep: 
	instructions:
		 0: %cl_1_18->find def_%cl_1_19 %cl_1_18[4.0,3.20,] 	 SYMBOL:admin_primary,	 ARGS:Symbol,
		 1: %cl_1_19->items def_%cl_1_20 %cl_1_19[5.0,] 	 SYMBOL:	 ARGS:
		 2: %cl_1_20->each def_%cl_1_16 %cl_1_20[5.1,] %self[2.0,] 	 SYMBOL:	 ARGS:%cl_1_20,
CLOSURE BEGIN: %self[2.0,] item[] 
BB 1
	outgoing: 4 2 
	datadep: 
	instructions:
BB 2
	outgoing: 4 
	datadep: 
	instructions:
		 0: def_%self 
		 1: def_%cl_2_0 
		 2: RECEIVEARG def_item 
		 3: COPY TYPE_CurrentScope def_%current_scope 
		 4: COPY TYPE_ScopeModule def_%current_module 
		 5: 
		 6: %self->navigation_manager_link def_%cl_2_3 %self[2.0,] item[2.2,] 	 SYMBOL:	 ARGS:item,
		 7: RETURN %cl_2_3[2.6,] %self[2.0,2.6,] 
BB 4
	outgoing: 
	datadep: 
	instructions:
CLOSURE END: item[2.2,] 
		 3: 
		 4: COPY TYPE_StringLiteral ".logout" def_%cl_1_21 
		 5: %self->t def_%cl_1_22 %self[2.0,] %cl_1_21[5.4,] 	 SYMBOL:	 ARGS:%cl_1_21,
		 6: COPY TYPE_Array def_%cl_1_23 
		 7: HASH-method- def_%cl_1_24 
		 8: %self->link_to def_%cl_1_25 %self[5.5,2.0,] %cl_1_22[5.5,] %cl_1_23[5.6,] %cl_1_24[5.7,] 	 SYMBOL:	 ARGS:%cl_1_22,%cl_1_23,%cl_1_24,
		 9: 
		 10: COPY TYPE_StringLiteral "Back to customer" def_%cl_1_26 
		 11: GETFIELD %self->customer def_%cl_1_27 %self[5.5,5.8,2.0,] 
		 12: COPY TYPE_StringLiteral "button" def_%cl_1_28 
		 13: HASH-class- def_%cl_1_29 %cl_1_28[5.12,] 
		 14: %self->link_to def_%cl_1_30 %self[5.5,5.8,2.0,] %cl_1_26[5.10,] %cl_1_27[5.11,] %cl_1_29[5.13,] 	 SYMBOL:	 ARGS:%cl_1_26,%cl_1_27,%cl_1_29,
		 15: 
		 16: %self->display_flash def_%cl_1_31 %self[5.5,5.8,5.14,2.0,] 	 SYMBOL:	 ARGS:
		 17: 
		 18: COPY TYPE_StringLiteral "Edit Address" def_%cl_1_32 
		 19: ATTRASSIGN %self->page_title %cl_1_32[5.18,] 
		 20: 
		 21: GETFIELD %self->address def_%cl_1_33 %self[5.5,5.8,5.14,5.16,2.0,] 
		 22: GETFIELD %self->customer def_%cl_1_34 %self[5.5,5.8,5.14,5.16,2.0,] 
		 23: GETFIELD %self->address def_%cl_1_35 %self[5.5,5.8,5.14,5.16,2.0,] 
		 24: COPY TYPE_Array def_%cl_1_36 %cl_1_34[5.22,] %cl_1_35[5.23,] 
		 25: HASH-url- def_%cl_1_37 %cl_1_36[5.24,] 
		 26: %self->form_for def_%cl_1_38 %self[5.5,5.8,5.14,5.16,5.19,2.0,] %cl_1_33[5.21,] %cl_1_37[5.25,] %self[5.5,5.8,5.14,5.16,5.19,2.0,] 	 SYMBOL:	 ARGS:%cl_1_33,%cl_1_37,%self,
CLOSURE BEGIN: f[] %self[5.5,5.8,5.14,5.16,5.19,2.0,] 
BB 1
	outgoing: 6 2 
	datadep: 
	instructions:
BB 2
	outgoing: 3 
	datadep: 
	instructions:
		 0: def_%self 
		 1: def_%cl_3_0 
		 2: RECEIVEARG def_f 
		 3: COPY TYPE_CurrentScope def_%current_scope 
		 4: COPY TYPE_ScopeModule def_%current_module 
BB 3
	outgoing: 4 6 
	datadep: 
	instructions:
		 0: 
		 1: f->error_messages def_%cl_3_3 f[2.2,] 	 SYMBOL:	 ARGS:
		 2: 
		 3: COPY TYPE_StringLiteral "Address Information" def_%cl_3_4 
		 4: %self->field_set_tag def_%cl_3_5 %self[2.0,] %cl_3_4[3.3,] %self[2.0,] 	 SYMBOL:	 ARGS:%cl_3_4,%self,
CLOSURE BEGIN: f[3.1,2.2,] %self[2.0,] 
BB 1
	outgoing: 18 2 
	datadep: 
	instructions:
BB 2
	outgoing: 3 
	datadep: 
	instructions:
		 0: def_%self 
		 1: def_%cl_4_0 
		 2: COPY TYPE_CurrentScope def_%current_scope 
		 3: COPY TYPE_ScopeModule def_%current_module 
BB 3
	outgoing: 4 5 16 
	datadep: 
	instructions:
		 0: 
		 1: f->label def_%cl_4_3 f[] 	 SYMBOL:address_type,	 ARGS:Symbol,
		 2: 
		 3: (Shoppe) def_%cl_4_4 
		 4: (inherit Address) def_%cl_4_5 %cl_4_4[3.3,] 
		 5: %cl_4_5[3.4,] 
BB 4
	outgoing: 5 16 
	datadep: 
	instructions:
		 0: %cl_4_4->const_missing def_%cl_4_5 %cl_4_4[3.3,] 	 SYMBOL:Address,	 ARGS:Symbol,
BB 5
	outgoing: 6 7 16 
	datadep: 
	instructions:
		 0: (inherit TYPES) def_%cl_4_6 %cl_4_5[4.0,3.4,] 
		 1: %cl_4_6[5.0,] 
BB 6
	outgoing: 7 16 
	datadep: 
	instructions:
		 0: %cl_4_5->const_missing def_%cl_4_6 %cl_4_5[4.0,3.4,] 	 SYMBOL:TYPES,	 ARGS:Symbol,
BB 7
	outgoing: 8 9 16 
	datadep: 
	instructions:
		 0: HASH- def_%cl_4_7 
		 1: COPY TYPE_StringLiteral "chosen" def_%cl_4_8 
		 2: HASH-class- def_%cl_4_9 %cl_4_8[7.1,] 
		 3: f->select def_%cl_4_10 f[] %cl_4_6[6.0,5.0,] %cl_4_7[7.0,] %cl_4_9[7.2,] 	 SYMBOL:address_type,	 ARGS:Symbol,%cl_4_6,%cl_4_7,%cl_4_9,
		 4: 
		 5: f->label def_%cl_4_11 f[7.3,] 	 SYMBOL:address1,	 ARGS:Symbol,
		 6: 
		 7: COPY TYPE_StringLiteral "text" def_%cl_4_12 
		 8: HASH-class- def_%cl_4_13 %cl_4_12[7.7,] 
		 9: f->text_field def_%cl_4_14 f[7.3,7.5,] %cl_4_13[7.8,] 	 SYMBOL:address1,	 ARGS:Symbol,%cl_4_13,
		 10: 
		 11: f->label def_%cl_4_15 f[7.3,7.5,7.9,] 	 SYMBOL:address2,	 ARGS:Symbol,
		 12: 
		 13: COPY TYPE_StringLiteral "text" def_%cl_4_16 
		 14: HASH-class- def_%cl_4_17 %cl_4_16[7.13,] 
		 15: f->text_field def_%cl_4_18 f[7.3,7.5,7.9,7.11,] %cl_4_17[7.14,] 	 SYMBOL:address2,	 ARGS:Symbol,%cl_4_17,
		 16: 
		 17: f->label def_%cl_4_19 f[7.3,7.5,7.9,7.11,7.15,] 	 SYMBOL:address3,	 ARGS:Symbol,
		 18: 
		 19: COPY TYPE_StringLiteral "text" def_%cl_4_20 
		 20: HASH-class- def_%cl_4_21 %cl_4_20[7.19,] 
		 21: f->text_field def_%cl_4_22 f[7.3,7.5,7.9,7.11,7.15,7.17,] %cl_4_21[7.20,] 	 SYMBOL:address3,	 ARGS:Symbol,%cl_4_21,
		 22: 
		 23: f->label def_%cl_4_23 f[7.3,7.5,7.9,7.11,7.15,7.17,7.21,] 	 SYMBOL:address4,	 ARGS:Symbol,
		 24: 
		 25: COPY TYPE_StringLiteral "text" def_%cl_4_24 
		 26: HASH-class- def_%cl_4_25 %cl_4_24[7.25,] 
		 27: f->text_field def_%cl_4_26 f[7.3,7.5,7.9,7.11,7.15,7.17,7.21,7.23,] %cl_4_25[7.26,] 	 SYMBOL:address4,	 ARGS:Symbol,%cl_4_25,
		 28: 
		 29: f->label def_%cl_4_27 f[7.3,7.5,7.9,7.11,7.15,7.17,7.21,7.23,7.27,] 	 SYMBOL:postcode,	 ARGS:Symbol,
		 30: 
		 31: COPY TYPE_StringLiteral "text" def_%cl_4_28 
		 32: HASH-class- def_%cl_4_29 %cl_4_28[7.31,] 
		 33: f->text_field def_%cl_4_30 f[7.3,7.5,7.9,7.11,7.15,7.17,7.21,7.23,7.27,7.29,] %cl_4_29[7.32,] 	 SYMBOL:postcode,	 ARGS:Symbol,%cl_4_29,
		 34: 
		 35: f->label def_%cl_4_31 f[7.3,7.5,7.9,7.11,7.15,7.17,7.21,7.23,7.27,7.29,7.33,] 	 SYMBOL:country_id,	 ARGS:Symbol,
		 36: 
		 37: (Shoppe) def_%cl_4_32 
		 38: (inherit Country) def_%cl_4_33 %cl_4_32[7.37,] 
		 39: %cl_4_33[7.38,] 
BB 8
	outgoing: 9 16 
	datadep: 
	instructions:
		 0: %cl_4_32->const_missing def_%cl_4_33 %cl_4_32[7.37,] 	 SYMBOL:Country,	 ARGS:Symbol,
BB 9
	outgoing: 10 11 16 
	datadep: 
	instructions:
		 0: %cl_4_33->ordered def_%cl_4_34 %cl_4_33[8.0,7.38,] 	 SYMBOL:	 ARGS:
		 1: f->collection_select def_%cl_4_35 f[] %cl_4_34[9.0,] 	 SYMBOL:country_id,id,name,	 ARGS:Symbol,%cl_4_34,Symbol,Symbol,
		 2: 
		 3: GETFIELD %self->address def_%cl_4_36 %self[2.0,] 
		 4: %cl_4_36->new_record? def_%cl_4_37 %cl_4_36[9.3,] 	 SYMBOL:	 ARGS:
		 5: BRANCH %cl_4_37[9.4,] 
BB 10
	outgoing: 12 
	datadep: 
	instructions:
		 0: COPY TYPE_Nil def_%cl_4_38 
		 1: 
BB 11
	outgoing: 12 16 
	datadep: 
	instructions:
		 0: 
		 1: COPY TYPE_StringLiteral "shoppe.delete" def_%cl_4_39 
		 2: %self->t def_%cl_4_40 %self[2.0,] %cl_4_39[11.1,] 	 SYMBOL:	 ARGS:%cl_4_39,
		 3: GETFIELD %self->customer def_%cl_4_41 %self[11.2,2.0,] 
		 4: GETFIELD %self->address def_%cl_4_42 %self[11.2,2.0,] 
		 5: COPY TYPE_Array def_%cl_4_43 %cl_4_41[11.3,] %cl_4_42[11.4,] 
		 6: COPY TYPE_StringLiteral "button purple" def_%cl_4_44 
		 7: COPY TYPE_StringLiteral "Are you sure you wish to remove this address?" def_%cl_4_45 
		 8: HASH-confirm- def_%cl_4_46 %cl_4_45[11.7,] 
		 9: HASH-class-method-data- def_%cl_4_47 %cl_4_44[11.6,] %cl_4_46[11.8,] 
		 10: %self->link_to def_%cl_4_48 %self[11.2,2.0,] %cl_4_40[11.2,] %cl_4_43[11.5,] %cl_4_47[11.9,] 	 SYMBOL:	 ARGS:%cl_4_40,%cl_4_43,%cl_4_47,
		 11: COPY TYPE_PASS def_%cl_4_38 %cl_4_48[11.10,] 
BB 12
	outgoing: 13 14 16 
	datadep: 
	instructions:
		 0: 
		 1: COPY TYPE_StringLiteral "button green" def_%cl_4_49 
		 2: GETFIELD %self->address def_%cl_4_50 %self[2.0,] 
		 3: %cl_4_50->new_record? def_%cl_4_51 %cl_4_50[12.2,] 	 SYMBOL:	 ARGS:
		 4: BRANCH %cl_4_51[12.3,] 
BB 13
	outgoing: 15 
	datadep: 
	instructions:
		 0: COPY TYPE_StringLiteral "Creating Address..." def_%cl_4_52 
		 1: 
BB 14
	outgoing: 15 
	datadep: 
	instructions:
		 0: COPY TYPE_StringLiteral "Updating Address..." def_%cl_4_53 
		 1: COPY TYPE_PASS def_%cl_4_52 %cl_4_53[14.0,] 
BB 15
	outgoing: 16 18 
	datadep: 
	instructions:
		 0: HASH-disable_with- def_%cl_4_54 %cl_4_52[14.1,13.0,] 
		 1: HASH-class-data- def_%cl_4_55 %cl_4_49[12.1,] %cl_4_54[15.0,] 
		 2: f->submit def_%cl_4_56 f[] %cl_4_55[15.1,] 	 SYMBOL:	 ARGS:%cl_4_55,
		 3: 
		 4: COPY TYPE_StringLiteral "shoppe.cancel" def_%cl_4_57 
		 5: %self->t def_%cl_4_58 %self[2.0,] %cl_4_57[15.4,] 	 SYMBOL:	 ARGS:%cl_4_57,
		 6: COPY TYPE_StringLiteral "button" def_%cl_4_59 
		 7: HASH-class- def_%cl_4_60 %cl_4_59[15.6,] 
		 8: %self->link_to def_%cl_4_61 %self[15.5,2.0,] %cl_4_58[15.5,] %cl_4_60[15.7,] 	 SYMBOL:customers,	 ARGS:%cl_4_58,Symbol,%cl_4_60,
		 9: RETURN %cl_4_61[15.8,] %self[15.5,15.8,2.0,] 
BB 16
	outgoing: 18 
	datadep: 
	instructions:
		 0: def_%cl_4_62 
		 1: def_%cl_4_63 %cl_4_62[16.0,] 
		 2: RETURN %cl_4_63[16.1,] %self[2.0,] 
BB 18
	outgoing: 
	datadep: 
	instructions:
CLOSURE END: 
		 5: RETURN %cl_3_5[3.4,] %self[3.4,2.0,] 
BB 4
	outgoing: 6 
	datadep: 
	instructions:
		 0: def_%cl_3_6 
		 1: def_%cl_3_7 %cl_3_6[4.0,] 
		 2: RETURN %cl_3_7[4.1,] %self[2.0,] 
BB 6
	outgoing: 
	datadep: 
	instructions:
CLOSURE END: 
		 27: 
		 28: COPY TYPE_StringLiteral "&larr; " def_%cl_1_39 
		 29: COPY TYPE_StringLiteral ".goto" def_%cl_1_40 
		 30: %self->t def_%cl_1_41 %self[5.5,5.8,5.14,5.16,5.19,5.26,2.0,] %cl_1_40[5.29,] 	 SYMBOL:	 ARGS:%cl_1_40,
		 31: COPY TYPE_StringLiteral " " def_%cl_1_42 
		 32: (Shoppe) def_%cl_1_43 
		 33: %cl_1_43->settings def_%cl_1_44 %cl_1_43[5.32,] 	 SYMBOL:	 ARGS:
		 34: %cl_1_44->store_name def_%cl_1_45 %cl_1_44[5.33,] 	 SYMBOL:	 ARGS:
		 35: BUILDSTRING def_%cl_1_46 %cl_1_39[5.28,] %cl_1_41[5.30,] %cl_1_42[5.31,] %cl_1_45[5.34,] 
		 36: %cl_1_46->html_safe def_%cl_1_47 %cl_1_46[5.35,] 	 SYMBOL:	 ARGS:
		 37: COPY TYPE_StringLiteral "/" def_%cl_1_48 
		 38: %self->link_to def_%cl_1_49 %self[5.5,5.8,5.14,5.16,5.19,5.26,5.30,2.0,] %cl_1_47[5.36,] %cl_1_48[5.37,] 	 SYMBOL:	 ARGS:%cl_1_47,%cl_1_48,
		 39: RETURN %cl_1_49[5.38,] %self[5.5,5.8,5.14,5.16,5.19,5.26,5.30,5.38,2.0,] 
BB 6
	outgoing: 8 
	datadep: 
	instructions:
		 0: def_%cl_1_50 
		 1: def_%cl_1_51 %cl_1_50[6.0,] 
		 2: RETURN %cl_1_51[6.1,] %self[5.19,2.0,] 
BB 8
	outgoing: 
	datadep: 
	instructions:
CLOSURE END: 
		 3: RETURN %v_13[4.2,] %self[4.1,2.0,] 
BB 6
	outgoing: 
	datadep: 
	instructions:

SET IRMethod, name = destroy instanceMethod = true
BB 1
	outgoing: 3 2 
	datadep: 
	instructions:
BB 2
	outgoing: 3 
	datadep: 
	instructions:
		 0: def_%self 
		 1: def_%v_0 
		 2: COPY TYPE_CurrentScope def_%current_scope 
		 3: COPY TYPE_ScopeModule def_%current_module 
		 4: 
		 5: 
		 6: GETFIELD %self->address def_%v_3 %self[2.0,] 
		 7: %v_3->destroy def_%v_4 %v_3[2.6,] 	 SYMBOL:	 ARGS:
		 8: 
		 9: GETFIELD %self->customer def_%v_5 %self[2.0,] 
		 10: COPY TYPE_StringLiteral "shoppe.addresses.deleted_successfully" def_%v_6 
		 11: %self->t def_%v_7 %self[2.0,] %v_6[2.10,] 	 SYMBOL:	 ARGS:%v_6,
		 12: HASH-notice- def_%v_8 %v_7[2.11,] 
		 13: HASH-flash- def_%v_9 %v_8[2.12,] 
		 14: %self->redirect_to def_%v_10 %self[2.0,2.11,] %v_5[2.9,] %v_9[2.13,] 	 SYMBOL:	 ARGS:%v_5,%v_9,
		 15: RETURN %v_10[2.14,] %self[2.0,2.11,2.14,] 
BB 3
	outgoing: 
	datadep: 
	instructions:

SET IRMethod, name = safe_params instanceMethod = true
BB 1
	outgoing: 3 2 
	datadep: 
	instructions:
BB 2
	outgoing: 3 
	datadep: 
	instructions:
		 0: def_%self 
		 1: def_%v_0 
		 2: COPY TYPE_CurrentScope def_%current_scope 
		 3: COPY TYPE_ScopeModule def_%current_module 
		 4: 
		 5: 
		 6: %self->params def_%v_3 %self[2.0,] 	 SYMBOL:	 ARGS:
		 7: %v_3->[] def_%v_4 %v_3[2.6,] 	 SYMBOL:address,	 ARGS:Symbol,
		 8: %v_4->permit def_%v_5 %v_4[2.7,] 	 SYMBOL:address_type,address1,address2,address3,address4,postcode,country_id,	 ARGS:Symbol,Symbol,Symbol,Symbol,Symbol,Symbol,Symbol,
		 9: RETURN %v_5[2.8,] %self[2.0,2.6,] 
BB 3
	outgoing: 
	datadep: 
	instructions:

