SET IRMethod, name = index instanceMethod = true
BB 1
	outgoing: 3 2 
	datadep: 
	instructions:
BB 2
	outgoing: 3 
	datadep: 
	instructions:
		 0: def_%self 
		 1: def_%v_0 
		 2: COPY TYPE_CurrentScope def_%current_scope 
		 3: COPY TYPE_ScopeModule def_%current_module 
		 4: 
		 5: 
		 6: GETFIELD %self->delivery_service def_%v_3 %self[2.0,] 
		 7: %v_3->delivery_service_prices def_%v_4 %v_3[2.6,] 	 SYMBOL:	 ARGS:
		 8: %v_4->ordered def_%v_5 %v_4[2.7,] 	 SYMBOL:	 ARGS:
		 9: ATTRASSIGN %self->delivery_service_prices %v_5[2.8,] 
		 10: 
		 11: %self->ruby_code_from_view def_%v_6 %self[2.0,2.9,] 	 SYMBOL:	 ARGS:
		 12: %v_6->ruby_code_from_view def_%v_7 %v_6[2.11,] %self[2.0,2.9,2.11,] 	 SYMBOL:	 ARGS:%v_6,
CLOSURE BEGIN: %self[2.0,2.9,2.11,] item[] price[] 
BB 1
	outgoing: 8 2 
	datadep: 
	instructions:
BB 2
	outgoing: 3 
	datadep: 
	instructions:
		 0: def_%self 
		 1: def_%cl_1_0 
		 2: RECEIVEARG def_rb_from_view 
		 3: COPY TYPE_CurrentScope def_%current_scope 
		 4: COPY TYPE_ScopeModule def_%current_module 
BB 3
	outgoing: 4 5 6 
	datadep: 
	instructions:
		 0: 
		 1: COPY TYPE_StringLiteral "shoppe/application" def_%cl_1_3 
		 2: %self->stylesheet_link_tag def_%cl_1_4 %self[2.0,] %cl_1_3[3.1,] 	 SYMBOL:	 ARGS:%cl_1_3,
		 3: 
		 4: COPY TYPE_StringLiteral "shoppe/application" def_%cl_1_5 
		 5: %self->javascript_include_tag def_%cl_1_6 %self[3.2,2.0,] %cl_1_5[3.4,] 	 SYMBOL:	 ARGS:%cl_1_5,
		 6: 
		 7: %self->csrf_meta_tags def_%cl_1_7 %self[3.2,3.5,2.0,] 	 SYMBOL:	 ARGS:
		 8: 
		 9: COPY TYPE_StringLiteral "Shoppe" def_%cl_1_8 
		 10: %self->root_path def_%cl_1_9 %self[3.2,3.5,3.7,2.0,] 	 SYMBOL:	 ARGS:
		 11: %self->link_to def_%cl_1_10 %self[3.2,3.5,3.7,3.10,2.0,] %cl_1_8[3.9,] %cl_1_9[3.10,] 	 SYMBOL:	 ARGS:%cl_1_8,%cl_1_9,
		 12: 
		 13: COPY TYPE_StringLiteral ".logged_in_as" def_%cl_1_11 
		 14: %self->current_user def_%cl_1_12 %self[3.2,3.5,3.7,3.10,3.11,2.0,] 	 SYMBOL:	 ARGS:
		 15: %cl_1_12->full_name def_%cl_1_13 %cl_1_12[3.14,] 	 SYMBOL:	 ARGS:
		 16: HASH-user_name- def_%cl_1_14 %cl_1_13[3.15,] 
		 17: %self->t def_%cl_1_15 %self[3.2,3.5,3.7,3.10,3.11,3.14,2.0,] %cl_1_11[3.13,] %cl_1_14[3.16,] 	 SYMBOL:	 ARGS:%cl_1_11,%cl_1_14,
		 18: 
		 19: (Shoppe) def_%cl_1_17 
		 20: (inherit NavigationManager) def_%cl_1_18 %cl_1_17[3.19,] 
		 21: %cl_1_18[3.20,] 
BB 4
	outgoing: 5 6 
	datadep: 
	instructions:
		 0: %cl_1_17->const_missing def_%cl_1_18 %cl_1_17[3.19,] 	 SYMBOL:NavigationManager,	 ARGS:Symbol,
BB 5
	outgoing: 6 8 
	datadep: 
	instructions:
		 0: %cl_1_18->find def_%cl_1_19 %cl_1_18[4.0,3.20,] 	 SYMBOL:admin_primary,	 ARGS:Symbol,
		 1: %cl_1_19->items def_%cl_1_20 %cl_1_19[5.0,] 	 SYMBOL:	 ARGS:
		 2: %cl_1_20->each def_%cl_1_16 %cl_1_20[5.1,] %self[2.0,] 	 SYMBOL:	 ARGS:%cl_1_20,
CLOSURE BEGIN: %self[2.0,] item[] 
BB 1
	outgoing: 4 2 
	datadep: 
	instructions:
BB 2
	outgoing: 4 
	datadep: 
	instructions:
		 0: def_%self 
		 1: def_%cl_2_0 
		 2: RECEIVEARG def_item 
		 3: COPY TYPE_CurrentScope def_%current_scope 
		 4: COPY TYPE_ScopeModule def_%current_module 
		 5: 
		 6: %self->navigation_manager_link def_%cl_2_3 %self[2.0,] item[2.2,] 	 SYMBOL:	 ARGS:item,
		 7: RETURN %cl_2_3[2.6,] %self[2.0,2.6,] 
BB 4
	outgoing: 
	datadep: 
	instructions:
CLOSURE END: item[2.2,] 
		 3: 
		 4: COPY TYPE_StringLiteral ".logout" def_%cl_1_21 
		 5: %self->t def_%cl_1_22 %self[2.0,] %cl_1_21[5.4,] 	 SYMBOL:	 ARGS:%cl_1_21,
		 6: COPY TYPE_Array def_%cl_1_23 
		 7: HASH-method- def_%cl_1_24 
		 8: %self->link_to def_%cl_1_25 %self[5.5,2.0,] %cl_1_22[5.5,] %cl_1_23[5.6,] %cl_1_24[5.7,] 	 SYMBOL:	 ARGS:%cl_1_22,%cl_1_23,%cl_1_24,
		 9: 
		 10: COPY TYPE_StringLiteral "shoppe.delivery_service_prices.new_price" def_%cl_1_26 
		 11: %self->t def_%cl_1_27 %self[5.5,5.8,2.0,] %cl_1_26[5.10,] 	 SYMBOL:	 ARGS:%cl_1_26,
		 12: GETFIELD %self->delivery_service def_%cl_1_28 %self[5.5,5.8,5.11,2.0,] 
		 13: COPY TYPE_Array def_%cl_1_29 %cl_1_28[5.12,] 
		 14: COPY TYPE_StringLiteral "button green" def_%cl_1_30 
		 15: HASH-class- def_%cl_1_31 %cl_1_30[5.14,] 
		 16: %self->link_to def_%cl_1_32 %self[5.5,5.8,5.11,2.0,] %cl_1_27[5.11,] %cl_1_29[5.13,] %cl_1_31[5.15,] 	 SYMBOL:	 ARGS:%cl_1_27,%cl_1_29,%cl_1_31,
		 17: 
		 18: COPY TYPE_StringLiteral "shoppe.delivery_service_prices.back_to_delivery_services" def_%cl_1_33 
		 19: %self->t def_%cl_1_34 %self[5.5,5.8,5.11,5.16,2.0,] %cl_1_33[5.18,] 	 SYMBOL:	 ARGS:%cl_1_33,
		 20: COPY TYPE_StringLiteral "button" def_%cl_1_35 
		 21: HASH-class- def_%cl_1_36 %cl_1_35[5.20,] 
		 22: %self->link_to def_%cl_1_37 %self[5.5,5.8,5.11,5.16,5.19,2.0,] %cl_1_34[5.19,] %cl_1_36[5.21,] 	 SYMBOL:delivery_services,	 ARGS:%cl_1_34,Symbol,%cl_1_36,
		 23: 
		 24: COPY TYPE_StringLiteral "shoppe.delivery_service_prices.pricing_for" def_%cl_1_38 
		 25: GETFIELD %self->delivery_service def_%cl_1_39 %self[5.5,5.8,5.11,5.16,5.19,5.22,2.0,] 
		 26: %cl_1_39->name def_%cl_1_40 %cl_1_39[5.25,] 	 SYMBOL:	 ARGS:
		 27: HASH-delivery_name- def_%cl_1_41 %cl_1_40[5.26,] 
		 28: %self->t def_%cl_1_42 %self[5.5,5.8,5.11,5.16,5.19,5.22,2.0,] %cl_1_38[5.24,] %cl_1_41[5.27,] 	 SYMBOL:	 ARGS:%cl_1_38,%cl_1_41,
		 29: 
		 30: %self->display_flash def_%cl_1_43 %self[5.5,5.8,5.11,5.16,5.19,5.22,5.28,2.0,] 	 SYMBOL:	 ARGS:
		 31: 
		 32: COPY TYPE_StringLiteral "shoppe.delivery_service_prices.delivery_services" def_%cl_1_44 
		 33: %self->t def_%cl_1_45 %self[5.5,5.8,5.11,5.16,5.19,5.22,5.28,5.30,2.0,] %cl_1_44[5.32,] 	 SYMBOL:	 ARGS:%cl_1_44,
		 34: ATTRASSIGN %self->page_title %cl_1_45[5.33,] 
		 35: 
		 36: COPY TYPE_StringLiteral "shoppe.delivery_service_prices.code" def_%cl_1_46 
		 37: %self->t def_%cl_1_47 %self[5.5,5.8,5.11,5.16,5.19,5.22,5.28,5.30,5.33,5.34,2.0,] %cl_1_46[5.36,] 	 SYMBOL:	 ARGS:%cl_1_46,
		 38: 
		 39: COPY TYPE_StringLiteral "shoppe.delivery_service_prices.weight_allowance" def_%cl_1_48 
		 40: %self->t def_%cl_1_49 %self[5.5,5.8,5.11,5.16,5.19,5.22,5.28,5.30,5.33,5.34,5.37,2.0,] %cl_1_48[5.39,] 	 SYMBOL:	 ARGS:%cl_1_48,
		 41: 
		 42: COPY TYPE_StringLiteral "shoppe.delivery_service_prices.price" def_%cl_1_50 
		 43: %self->t def_%cl_1_51 %self[5.5,5.8,5.11,5.16,5.19,5.22,5.28,5.30,5.33,5.34,5.37,5.40,2.0,] %cl_1_50[5.42,] 	 SYMBOL:	 ARGS:%cl_1_50,
		 44: 
		 45: COPY TYPE_StringLiteral "shoppe.delivery_service_prices.cost" def_%cl_1_52 
		 46: %self->t def_%cl_1_53 %self[5.5,5.8,5.11,5.16,5.19,5.22,5.28,5.30,5.33,5.34,5.37,5.40,5.43,2.0,] %cl_1_52[5.45,] 	 SYMBOL:	 ARGS:%cl_1_52,
		 47: 
		 48: GETFIELD %self->delivery_service_prices def_%cl_1_55 %self[5.5,5.8,5.11,5.16,5.19,5.22,5.28,5.30,5.33,5.37,5.40,5.43,5.46,2.0,] 
		 49: %cl_1_55->each def_%cl_1_54 %cl_1_55[5.48,] %self[5.5,5.8,5.11,5.16,5.19,5.22,5.28,5.30,5.33,5.34,5.37,5.40,5.43,5.46,2.0,] 	 SYMBOL:	 ARGS:%cl_1_55,
CLOSURE BEGIN: price[] %self[5.5,5.8,5.11,5.16,5.19,5.22,5.28,5.30,5.33,5.34,5.37,5.40,5.43,5.46,2.0,] 
BB 1
	outgoing: 4 2 
	datadep: 
	instructions:
BB 2
	outgoing: 4 
	datadep: 
	instructions:
		 0: def_%self 
		 1: def_%cl_3_0 
		 2: RECEIVEARG def_price 
		 3: COPY TYPE_CurrentScope def_%current_scope 
		 4: COPY TYPE_ScopeModule def_%current_module 
		 5: 
		 6: price->code def_%cl_3_3 price[2.2,] 	 SYMBOL:	 ARGS:
		 7: GETFIELD %self->delivery_service def_%cl_3_4 %self[2.0,] 
		 8: COPY TYPE_Array def_%cl_3_5 %cl_3_4[2.7,] price[2.2,2.6,] 
		 9: %self->link_to def_%cl_3_6 %self[2.0,] %cl_3_3[2.6,] %cl_3_5[2.8,] 	 SYMBOL:	 ARGS:%cl_3_3,%cl_3_5,
		 10: 
		 11: price->price def_%cl_3_7 price[2.2,2.6,] 	 SYMBOL:	 ARGS:
		 12: %self->number_to_currency def_%cl_3_8 %self[2.0,2.9,] %cl_3_7[2.11,] 	 SYMBOL:	 ARGS:%cl_3_7,
		 13: 
		 14: price->cost_price def_%cl_3_9 price[2.2,2.6,2.11,] 	 SYMBOL:	 ARGS:
		 15: %self->number_to_currency def_%cl_3_10 %self[2.0,2.9,2.12,] %cl_3_9[2.14,] 	 SYMBOL:	 ARGS:%cl_3_9,
		 16: RETURN %cl_3_10[2.15,] %self[2.0,2.9,2.12,2.15,] 
BB 4
	outgoing: 
	datadep: 
	instructions:
CLOSURE END: price[2.2,] 
		 50: 
		 51: COPY TYPE_StringLiteral "&larr; " def_%cl_1_56 
		 52: COPY TYPE_StringLiteral ".goto" def_%cl_1_57 
		 53: %self->t def_%cl_1_58 %self[5.5,5.8,5.11,5.16,5.19,5.22,5.28,5.30,5.33,5.34,5.37,5.40,5.43,5.46,2.0,] %cl_1_57[5.52,] 	 SYMBOL:	 ARGS:%cl_1_57,
		 54: COPY TYPE_StringLiteral " " def_%cl_1_59 
		 55: (Shoppe) def_%cl_1_60 
		 56: %cl_1_60->settings def_%cl_1_61 %cl_1_60[5.55,] 	 SYMBOL:	 ARGS:
		 57: %cl_1_61->store_name def_%cl_1_62 %cl_1_61[5.56,] 	 SYMBOL:	 ARGS:
		 58: BUILDSTRING def_%cl_1_63 %cl_1_56[5.51,] %cl_1_58[5.53,] %cl_1_59[5.54,] %cl_1_62[5.57,] 
		 59: %cl_1_63->html_safe def_%cl_1_64 %cl_1_63[5.58,] 	 SYMBOL:	 ARGS:
		 60: COPY TYPE_StringLiteral "/" def_%cl_1_65 
		 61: %self->link_to def_%cl_1_66 %self[5.5,5.8,5.11,5.16,5.19,5.22,5.28,5.30,5.33,5.34,5.37,5.40,5.43,5.46,5.53,2.0,] %cl_1_64[5.59,] %cl_1_65[5.60,] 	 SYMBOL:	 ARGS:%cl_1_64,%cl_1_65,
		 62: RETURN %cl_1_66[5.61,] %self[5.5,5.8,5.11,5.16,5.19,5.22,5.28,5.30,5.33,5.34,5.37,5.40,5.43,5.46,5.53,5.61,2.0,] 
BB 6
	outgoing: 8 
	datadep: 
	instructions:
		 0: def_%cl_1_67 
		 1: def_%cl_1_68 %cl_1_67[6.0,] 
		 2: RETURN %cl_1_68[6.1,] %self[5.34,2.0,] 
BB 8
	outgoing: 
	datadep: 
	instructions:
CLOSURE END: 
		 13: RETURN %v_7[2.12,] %self[2.0,2.9,2.11,] 
BB 3
	outgoing: 
	datadep: 
	instructions:

SET IRMethod, name = new instanceMethod = true
BB 1
	outgoing: 3 2 
	datadep: 
	instructions:
BB 2
	outgoing: 3 
	datadep: 
	instructions:
		 0: def_%self 
		 1: def_%v_0 
		 2: COPY TYPE_CurrentScope def_%current_scope 
		 3: COPY TYPE_ScopeModule def_%current_module 
		 4: 
		 5: 
		 6: GETFIELD %self->delivery_service def_%v_3 %self[2.0,] 
		 7: %v_3->delivery_service_prices def_%v_4 %v_3[2.6,] 	 SYMBOL:	 ARGS:
		 8: %v_4->build def_%v_5 %v_4[2.7,] 	 SYMBOL:	 ARGS:
		 9: ATTRASSIGN %self->delivery_service_price %v_5[2.8,] 
		 10: 
		 11: %self->ruby_code_from_view def_%v_6 %self[2.0,2.9,] 	 SYMBOL:	 ARGS:
		 12: %v_6->ruby_code_from_view def_%v_7 %v_6[2.11,] %self[2.0,2.9,2.11,] 	 SYMBOL:	 ARGS:%v_6,
CLOSURE BEGIN: %self[2.0,2.9,2.11,] item[] f[] 
BB 1
	outgoing: 8 2 
	datadep: 
	instructions:
BB 2
	outgoing: 3 
	datadep: 
	instructions:
		 0: def_%self 
		 1: def_%cl_1_0 
		 2: RECEIVEARG def_rb_from_view 
		 3: COPY TYPE_CurrentScope def_%current_scope 
		 4: COPY TYPE_ScopeModule def_%current_module 
BB 3
	outgoing: 4 5 6 
	datadep: 
	instructions:
		 0: 
		 1: COPY TYPE_StringLiteral "shoppe/application" def_%cl_1_3 
		 2: %self->stylesheet_link_tag def_%cl_1_4 %self[2.0,] %cl_1_3[3.1,] 	 SYMBOL:	 ARGS:%cl_1_3,
		 3: 
		 4: COPY TYPE_StringLiteral "shoppe/application" def_%cl_1_5 
		 5: %self->javascript_include_tag def_%cl_1_6 %self[3.2,2.0,] %cl_1_5[3.4,] 	 SYMBOL:	 ARGS:%cl_1_5,
		 6: 
		 7: %self->csrf_meta_tags def_%cl_1_7 %self[3.2,3.5,2.0,] 	 SYMBOL:	 ARGS:
		 8: 
		 9: COPY TYPE_StringLiteral "Shoppe" def_%cl_1_8 
		 10: %self->root_path def_%cl_1_9 %self[3.2,3.5,3.7,2.0,] 	 SYMBOL:	 ARGS:
		 11: %self->link_to def_%cl_1_10 %self[3.2,3.5,3.7,3.10,2.0,] %cl_1_8[3.9,] %cl_1_9[3.10,] 	 SYMBOL:	 ARGS:%cl_1_8,%cl_1_9,
		 12: 
		 13: COPY TYPE_StringLiteral ".logged_in_as" def_%cl_1_11 
		 14: %self->current_user def_%cl_1_12 %self[3.2,3.5,3.7,3.10,3.11,2.0,] 	 SYMBOL:	 ARGS:
		 15: %cl_1_12->full_name def_%cl_1_13 %cl_1_12[3.14,] 	 SYMBOL:	 ARGS:
		 16: HASH-user_name- def_%cl_1_14 %cl_1_13[3.15,] 
		 17: %self->t def_%cl_1_15 %self[3.2,3.5,3.7,3.10,3.11,3.14,2.0,] %cl_1_11[3.13,] %cl_1_14[3.16,] 	 SYMBOL:	 ARGS:%cl_1_11,%cl_1_14,
		 18: 
		 19: (Shoppe) def_%cl_1_17 
		 20: (inherit NavigationManager) def_%cl_1_18 %cl_1_17[3.19,] 
		 21: %cl_1_18[3.20,] 
BB 4
	outgoing: 5 6 
	datadep: 
	instructions:
		 0: %cl_1_17->const_missing def_%cl_1_18 %cl_1_17[3.19,] 	 SYMBOL:NavigationManager,	 ARGS:Symbol,
BB 5
	outgoing: 6 8 
	datadep: 
	instructions:
		 0: %cl_1_18->find def_%cl_1_19 %cl_1_18[4.0,3.20,] 	 SYMBOL:admin_primary,	 ARGS:Symbol,
		 1: %cl_1_19->items def_%cl_1_20 %cl_1_19[5.0,] 	 SYMBOL:	 ARGS:
		 2: %cl_1_20->each def_%cl_1_16 %cl_1_20[5.1,] %self[2.0,] 	 SYMBOL:	 ARGS:%cl_1_20,
CLOSURE BEGIN: %self[2.0,] item[] 
BB 1
	outgoing: 4 2 
	datadep: 
	instructions:
BB 2
	outgoing: 4 
	datadep: 
	instructions:
		 0: def_%self 
		 1: def_%cl_2_0 
		 2: RECEIVEARG def_item 
		 3: COPY TYPE_CurrentScope def_%current_scope 
		 4: COPY TYPE_ScopeModule def_%current_module 
		 5: 
		 6: %self->navigation_manager_link def_%cl_2_3 %self[2.0,] item[2.2,] 	 SYMBOL:	 ARGS:item,
		 7: RETURN %cl_2_3[2.6,] %self[2.0,2.6,] 
BB 4
	outgoing: 
	datadep: 
	instructions:
CLOSURE END: item[2.2,] 
		 3: 
		 4: COPY TYPE_StringLiteral ".logout" def_%cl_1_21 
		 5: %self->t def_%cl_1_22 %self[2.0,] %cl_1_21[5.4,] 	 SYMBOL:	 ARGS:%cl_1_21,
		 6: COPY TYPE_Array def_%cl_1_23 
		 7: HASH-method- def_%cl_1_24 
		 8: %self->link_to def_%cl_1_25 %self[5.5,2.0,] %cl_1_22[5.5,] %cl_1_23[5.6,] %cl_1_24[5.7,] 	 SYMBOL:	 ARGS:%cl_1_22,%cl_1_23,%cl_1_24,
		 9: 
		 10: COPY TYPE_StringLiteral "shoppe.delivery_service_prices.back" def_%cl_1_26 
		 11: %self->t def_%cl_1_27 %self[5.5,5.8,2.0,] %cl_1_26[5.10,] 	 SYMBOL:	 ARGS:%cl_1_26,
		 12: GETFIELD %self->delivery_service def_%cl_1_28 %self[5.5,5.8,5.11,2.0,] 
		 13: COPY TYPE_Array def_%cl_1_29 %cl_1_28[5.12,] 
		 14: COPY TYPE_StringLiteral "button" def_%cl_1_30 
		 15: HASH-class- def_%cl_1_31 %cl_1_30[5.14,] 
		 16: %self->link_to def_%cl_1_32 %self[5.5,5.8,5.11,2.0,] %cl_1_27[5.11,] %cl_1_29[5.13,] %cl_1_31[5.15,] 	 SYMBOL:	 ARGS:%cl_1_27,%cl_1_29,%cl_1_31,
		 17: 
		 18: COPY TYPE_StringLiteral "shoppe.delivery_service_prices.delivery_services" def_%cl_1_33 
		 19: %self->t def_%cl_1_34 %self[5.5,5.8,5.11,5.16,2.0,] %cl_1_33[5.18,] 	 SYMBOL:	 ARGS:%cl_1_33,
		 20: 
		 21: %self->display_flash def_%cl_1_35 %self[5.5,5.8,5.11,5.16,5.19,2.0,] 	 SYMBOL:	 ARGS:
		 22: 
		 23: COPY TYPE_StringLiteral "shoppe.delivery_service_prices.delivery_services" def_%cl_1_36 
		 24: %self->t def_%cl_1_37 %self[5.5,5.8,5.11,5.16,5.19,5.21,2.0,] %cl_1_36[5.23,] 	 SYMBOL:	 ARGS:%cl_1_36,
		 25: ATTRASSIGN %self->page_title %cl_1_37[5.24,] 
		 26: 
		 27: GETFIELD %self->delivery_service def_%cl_1_38 %self[5.5,5.8,5.11,5.16,5.19,5.21,5.24,2.0,] 
		 28: GETFIELD %self->delivery_service_price def_%cl_1_39 %self[5.5,5.8,5.11,5.16,5.19,5.21,5.24,2.0,] 
		 29: COPY TYPE_Array def_%cl_1_40 %cl_1_38[5.27,] %cl_1_39[5.28,] 
		 30: %self->form_for def_%cl_1_41 %self[5.5,5.8,5.11,5.16,5.19,5.21,5.24,5.25,2.0,] %cl_1_40[5.29,] %self[5.5,5.8,5.11,5.16,5.19,5.21,5.24,5.25,2.0,] 	 SYMBOL:	 ARGS:%cl_1_40,%self,
CLOSURE BEGIN: f[] %self[5.5,5.8,5.11,5.16,5.19,5.21,5.24,5.25,2.0,] 
BB 1
	outgoing: 6 2 
	datadep: 
	instructions:
BB 2
	outgoing: 3 
	datadep: 
	instructions:
		 0: def_%self 
		 1: def_%cl_3_0 
		 2: RECEIVEARG def_f 
		 3: COPY TYPE_CurrentScope def_%current_scope 
		 4: COPY TYPE_ScopeModule def_%current_module 
BB 3
	outgoing: 4 6 
	datadep: 
	instructions:
		 0: 
		 1: f->error_messages def_%cl_3_3 f[2.2,] 	 SYMBOL:	 ARGS:
		 2: 
		 3: COPY TYPE_StringLiteral "shoppe.delivery_service_prices.identification_weight" def_%cl_3_4 
		 4: %self->t def_%cl_3_5 %self[2.0,] %cl_3_4[3.3,] 	 SYMBOL:	 ARGS:%cl_3_4,
		 5: %self->field_set_tag def_%cl_3_6 %self[3.4,2.0,] %cl_3_5[3.4,] %self[3.4,2.0,] 	 SYMBOL:	 ARGS:%cl_3_5,%self,
CLOSURE BEGIN: %self[3.4,2.0,] f[3.1,2.2,] 
BB 1
	outgoing: 6 2 
	datadep: 
	instructions:
BB 2
	outgoing: 3 
	datadep: 
	instructions:
		 0: def_%self 
		 1: def_%cl_4_0 
		 2: COPY TYPE_CurrentScope def_%current_scope 
		 3: COPY TYPE_ScopeModule def_%current_module 
BB 3
	outgoing: 4 6 
	datadep: 
	instructions:
		 0: 
		 1: COPY TYPE_StringLiteral "shoppe.delivery_service_prices.code" def_%cl_4_3 
		 2: %self->t def_%cl_4_4 %self[2.0,] %cl_4_3[3.1,] 	 SYMBOL:	 ARGS:%cl_4_3,
		 3: f->label def_%cl_4_5 f[] %cl_4_4[3.2,] 	 SYMBOL:code,	 ARGS:Symbol,%cl_4_4,
		 4: 
		 5: COPY TYPE_StringLiteral "focus text" def_%cl_4_6 
		 6: HASH-class- def_%cl_4_7 %cl_4_6[3.5,] 
		 7: f->text_field def_%cl_4_8 f[3.3,] %cl_4_7[3.6,] 	 SYMBOL:code,	 ARGS:Symbol,%cl_4_7,
		 8: 
		 9: COPY TYPE_StringLiteral "shoppe.delivery_service_prices.min_weight" def_%cl_4_9 
		 10: %self->t def_%cl_4_10 %self[3.2,2.0,] %cl_4_9[3.9,] 	 SYMBOL:	 ARGS:%cl_4_9,
		 11: f->label def_%cl_4_11 f[3.3,3.7,] %cl_4_10[3.10,] 	 SYMBOL:min_weight,	 ARGS:Symbol,%cl_4_10,
		 12: 
		 13: COPY TYPE_StringLiteral "text" def_%cl_4_12 
		 14: HASH-class- def_%cl_4_13 %cl_4_12[3.13,] 
		 15: f->text_field def_%cl_4_14 f[3.3,3.7,3.11,] %cl_4_13[3.14,] 	 SYMBOL:min_weight,	 ARGS:Symbol,%cl_4_13,
		 16: 
		 17: COPY TYPE_StringLiteral "shoppe.delivery_service_prices.max_weight" def_%cl_4_15 
		 18: %self->t def_%cl_4_16 %self[3.2,3.10,2.0,] %cl_4_15[3.17,] 	 SYMBOL:	 ARGS:%cl_4_15,
		 19: f->label def_%cl_4_17 f[3.3,3.7,3.11,3.15,] %cl_4_16[3.18,] 	 SYMBOL:max_weight,	 ARGS:Symbol,%cl_4_16,
		 20: 
		 21: COPY TYPE_StringLiteral "text" def_%cl_4_18 
		 22: HASH-class- def_%cl_4_19 %cl_4_18[3.21,] 
		 23: f->text_field def_%cl_4_20 f[3.3,3.7,3.11,3.15,3.19,] %cl_4_19[3.22,] 	 SYMBOL:max_weight,	 ARGS:Symbol,%cl_4_19,
		 24: RETURN %cl_4_20[3.23,] %self[3.2,3.10,3.18,2.0,] 
BB 4
	outgoing: 6 
	datadep: 
	instructions:
		 0: def_%cl_4_21 
		 1: def_%cl_4_22 %cl_4_21[4.0,] 
		 2: RETURN %cl_4_22[4.1,] %self[2.0,] 
BB 6
	outgoing: 
	datadep: 
	instructions:
CLOSURE END: 
		 6: 
		 7: COPY TYPE_StringLiteral "shoppe.delivery_service_prices.pricing" def_%cl_3_7 
		 8: %self->t def_%cl_3_8 %self[3.4,3.5,2.0,] %cl_3_7[3.7,] 	 SYMBOL:	 ARGS:%cl_3_7,
		 9: %self->field_set_tag def_%cl_3_9 %self[3.4,3.5,3.8,2.0,] %cl_3_8[3.8,] %self[3.4,3.5,3.8,2.0,] 	 SYMBOL:	 ARGS:%cl_3_8,%self,
CLOSURE BEGIN: %self[3.4,3.5,3.8,2.0,] f[3.1,2.2,] 
BB 1
	outgoing: 11 2 
	datadep: 
	instructions:
BB 2
	outgoing: 3 
	datadep: 
	instructions:
		 0: def_%self 
		 1: def_%cl_5_0 
		 2: COPY TYPE_CurrentScope def_%current_scope 
		 3: COPY TYPE_ScopeModule def_%current_module 
BB 3
	outgoing: 4 5 9 
	datadep: 
	instructions:
		 0: 
		 1: COPY TYPE_StringLiteral "shoppe.delivery_service_prices.price" def_%cl_5_3 
		 2: %self->t def_%cl_5_4 %self[2.0,] %cl_5_3[3.1,] 	 SYMBOL:	 ARGS:%cl_5_3,
		 3: f->label def_%cl_5_5 f[] %cl_5_4[3.2,] 	 SYMBOL:price,	 ARGS:Symbol,%cl_5_4,
		 4: 
		 5: (Shoppe) def_%cl_5_6 
		 6: %cl_5_6->settings def_%cl_5_7 %cl_5_6[3.5,] 	 SYMBOL:	 ARGS:
		 7: %cl_5_7->currency_unit def_%cl_5_8 %cl_5_7[3.6,] 	 SYMBOL:	 ARGS:
		 8: %cl_5_8->html_safe def_%cl_5_9 %cl_5_8[3.7,] 	 SYMBOL:	 ARGS:
		 9: 
		 10: COPY TYPE_StringLiteral "text" def_%cl_5_10 
		 11: HASH-class- def_%cl_5_11 %cl_5_10[3.10,] 
		 12: f->text_field def_%cl_5_12 f[3.3,] %cl_5_11[3.11,] 	 SYMBOL:price,	 ARGS:Symbol,%cl_5_11,
		 13: 
		 14: COPY TYPE_StringLiteral "shoppe.delivery_service_prices.cost_price" def_%cl_5_13 
		 15: %self->t def_%cl_5_14 %self[3.2,2.0,] %cl_5_13[3.14,] 	 SYMBOL:	 ARGS:%cl_5_13,
		 16: f->label def_%cl_5_15 f[3.3,3.12,] %cl_5_14[3.15,] 	 SYMBOL:cost_price,	 ARGS:Symbol,%cl_5_14,
		 17: 
		 18: (Shoppe) def_%cl_5_16 
		 19: %cl_5_16->settings def_%cl_5_17 %cl_5_16[3.18,] 	 SYMBOL:	 ARGS:
		 20: %cl_5_17->currency_unit def_%cl_5_18 %cl_5_17[3.19,] 	 SYMBOL:	 ARGS:
		 21: %cl_5_18->html_safe def_%cl_5_19 %cl_5_18[3.20,] 	 SYMBOL:	 ARGS:
		 22: 
		 23: COPY TYPE_StringLiteral "text" def_%cl_5_20 
		 24: HASH-class- def_%cl_5_21 %cl_5_20[3.23,] 
		 25: f->text_field def_%cl_5_22 f[3.3,3.12,3.16,] %cl_5_21[3.24,] 	 SYMBOL:cost_price,	 ARGS:Symbol,%cl_5_21,
		 26: 
		 27: COPY TYPE_StringLiteral "shoppe.delivery_service_prices.tax_rate" def_%cl_5_23 
		 28: %self->t def_%cl_5_24 %self[3.2,3.15,2.0,] %cl_5_23[3.27,] 	 SYMBOL:	 ARGS:%cl_5_23,
		 29: f->label def_%cl_5_25 f[3.3,3.12,3.16,3.25,] %cl_5_24[3.28,] 	 SYMBOL:tax_rate_id,	 ARGS:Symbol,%cl_5_24,
		 30: 
		 31: (Shoppe) def_%cl_5_26 
		 32: (inherit TaxRate) def_%cl_5_27 %cl_5_26[3.31,] 
		 33: %cl_5_27[3.32,] 
BB 4
	outgoing: 5 9 
	datadep: 
	instructions:
		 0: %cl_5_26->const_missing def_%cl_5_27 %cl_5_26[3.31,] 	 SYMBOL:TaxRate,	 ARGS:Symbol,
BB 5
	outgoing: 6 7 9 
	datadep: 
	instructions:
		 0: %cl_5_27->ordered def_%cl_5_28 %cl_5_27[4.0,3.32,] 	 SYMBOL:	 ARGS:
		 1: COPY TYPE_StringLiteral "shoppe.delivery_service_prices.countries" def_%cl_5_29 
		 2: %self->t def_%cl_5_30 %self[2.0,] %cl_5_29[5.1,] 	 SYMBOL:	 ARGS:%cl_5_29,
		 3: f->collection_select def_%cl_5_31 f[] %cl_5_28[5.0,] %cl_5_30[5.2,] %self[5.2,2.0,] 	 SYMBOL:tax_rate_id,id,description,	 ARGS:Symbol,%cl_5_28,Symbol,Symbol,%cl_5_30,f,
CLOSURE BEGIN: %self[5.2,2.0,] f[] 
BB 1
	outgoing: 8 2 
	datadep: 
	instructions:
BB 2
	outgoing: 3 
	datadep: 
	instructions:
		 0: def_%self 
		 1: def_%cl_6_0 
		 2: COPY TYPE_CurrentScope def_%current_scope 
		 3: COPY TYPE_ScopeModule def_%current_module 
BB 3
	outgoing: 4 5 6 
	datadep: 
	instructions:
		 0: 
		 1: (Shoppe) def_%cl_6_3 
		 2: (inherit Country) def_%cl_6_4 %cl_6_3[3.1,] 
		 3: %cl_6_4[3.2,] 
BB 4
	outgoing: 5 6 
	datadep: 
	instructions:
		 0: %cl_6_3->const_missing def_%cl_6_4 %cl_6_3[3.1,] 	 SYMBOL:Country,	 ARGS:Symbol,
BB 5
	outgoing: 6 8 
	datadep: 
	instructions:
		 0: %cl_6_4->ordered def_%cl_6_5 %cl_6_4[4.0,3.2,] 	 SYMBOL:	 ARGS:
		 1: COPY TYPE_StringLiteral "shoppe.delivery_service_prices.help.countries" def_%cl_6_6 
		 2: %self->t def_%cl_6_7 %self[2.0,] %cl_6_6[5.1,] 	 SYMBOL:	 ARGS:%cl_6_6,
		 3: f->collection_select def_%cl_6_8 f[] %cl_6_5[5.0,] %cl_6_7[5.2,] 	 SYMBOL:country_ids,id,name,	 ARGS:Symbol,%cl_6_5,Symbol,Symbol,%cl_6_7,
		 4: RETURN %cl_6_8[5.3,] %self[5.2,2.0,] 
BB 6
	outgoing: 8 
	datadep: 
	instructions:
		 0: def_%cl_6_9 
		 1: def_%cl_6_10 %cl_6_9[6.0,] 
		 2: RETURN %cl_6_10[6.1,] %self[2.0,] 
BB 8
	outgoing: 
	datadep: 
	instructions:
CLOSURE END: 
		 4: 
		 5: GETFIELD %self->delivery_service_price def_%cl_5_32 %self[5.2,2.0,] 
		 6: %cl_5_32->new_record? def_%cl_5_33 %cl_5_32[5.5,] 	 SYMBOL:	 ARGS:
		 7: BRANCH %cl_5_33[5.6,] 
BB 6
	outgoing: 8 
	datadep: 
	instructions:
		 0: COPY TYPE_Nil def_%cl_5_34 
		 1: 
BB 7
	outgoing: 8 9 
	datadep: 
	instructions:
		 0: 
		 1: COPY TYPE_StringLiteral "shoppe.delete" def_%cl_5_35 
		 2: %self->t def_%cl_5_36 %self[2.0,] %cl_5_35[7.1,] 	 SYMBOL:	 ARGS:%cl_5_35,
		 3: GETFIELD %self->delivery_service def_%cl_5_37 %self[7.2,2.0,] 
		 4: GETFIELD %self->delivery_service_price def_%cl_5_38 %self[7.2,2.0,] 
		 5: COPY TYPE_Array def_%cl_5_39 %cl_5_37[7.3,] %cl_5_38[7.4,] 
		 6: COPY TYPE_StringLiteral "button purple" def_%cl_5_40 
		 7: COPY TYPE_StringLiteral "Are you sure you wish to remove this price?" def_%cl_5_41 
		 8: HASH-confirm- def_%cl_5_42 %cl_5_41[7.7,] 
		 9: HASH-class-method-data- def_%cl_5_43 %cl_5_40[7.6,] %cl_5_42[7.8,] 
		 10: %self->link_to def_%cl_5_44 %self[7.2,2.0,] %cl_5_36[7.2,] %cl_5_39[7.5,] %cl_5_43[7.9,] 	 SYMBOL:	 ARGS:%cl_5_36,%cl_5_39,%cl_5_43,
		 11: COPY TYPE_PASS def_%cl_5_34 %cl_5_44[7.10,] 
BB 8
	outgoing: 9 11 
	datadep: 
	instructions:
		 0: 
		 1: COPY TYPE_StringLiteral "shoppe.submit" def_%cl_5_45 
		 2: %self->t def_%cl_5_46 %self[2.0,] %cl_5_45[8.1,] 	 SYMBOL:	 ARGS:%cl_5_45,
		 3: COPY TYPE_StringLiteral "button green" def_%cl_5_47 
		 4: HASH-class- def_%cl_5_48 %cl_5_47[8.3,] 
		 5: f->submit def_%cl_5_49 f[] %cl_5_46[8.2,] %cl_5_48[8.4,] 	 SYMBOL:	 ARGS:%cl_5_46,%cl_5_48,
		 6: 
		 7: COPY TYPE_StringLiteral "shoppe.cancel" def_%cl_5_50 
		 8: %self->t def_%cl_5_51 %self[8.2,2.0,] %cl_5_50[8.7,] 	 SYMBOL:	 ARGS:%cl_5_50,
		 9: GETFIELD %self->delivery_service def_%cl_5_52 %self[8.2,8.8,2.0,] 
		 10: COPY TYPE_Array def_%cl_5_53 %cl_5_52[8.9,] 
		 11: COPY TYPE_StringLiteral "button" def_%cl_5_54 
		 12: HASH-class- def_%cl_5_55 %cl_5_54[8.11,] 
		 13: %self->link_to def_%cl_5_56 %self[8.2,8.8,2.0,] %cl_5_51[8.8,] %cl_5_53[8.10,] %cl_5_55[8.12,] 	 SYMBOL:	 ARGS:%cl_5_51,%cl_5_53,%cl_5_55,
		 14: RETURN %cl_5_56[8.13,] %self[8.2,8.8,8.13,2.0,] 
BB 9
	outgoing: 11 
	datadep: 
	instructions:
		 0: def_%cl_5_57 
		 1: def_%cl_5_58 %cl_5_57[9.0,] 
		 2: RETURN %cl_5_58[9.1,] %self[2.0,] 
BB 11
	outgoing: 
	datadep: 
	instructions:
CLOSURE END: 
		 10: RETURN %cl_3_9[3.9,] %self[3.4,3.5,3.8,3.9,2.0,] 
BB 4
	outgoing: 6 
	datadep: 
	instructions:
		 0: def_%cl_3_10 
		 1: def_%cl_3_11 %cl_3_10[4.0,] 
		 2: RETURN %cl_3_11[4.1,] %self[2.0,] 
BB 6
	outgoing: 
	datadep: 
	instructions:
CLOSURE END: 
		 31: 
		 32: COPY TYPE_StringLiteral "&larr; " def_%cl_1_42 
		 33: COPY TYPE_StringLiteral ".goto" def_%cl_1_43 
		 34: %self->t def_%cl_1_44 %self[5.5,5.8,5.11,5.16,5.19,5.21,5.24,5.25,5.30,2.0,] %cl_1_43[5.33,] 	 SYMBOL:	 ARGS:%cl_1_43,
		 35: COPY TYPE_StringLiteral " " def_%cl_1_45 
		 36: (Shoppe) def_%cl_1_46 
		 37: %cl_1_46->settings def_%cl_1_47 %cl_1_46[5.36,] 	 SYMBOL:	 ARGS:
		 38: %cl_1_47->store_name def_%cl_1_48 %cl_1_47[5.37,] 	 SYMBOL:	 ARGS:
		 39: BUILDSTRING def_%cl_1_49 %cl_1_42[5.32,] %cl_1_44[5.34,] %cl_1_45[5.35,] %cl_1_48[5.38,] 
		 40: %cl_1_49->html_safe def_%cl_1_50 %cl_1_49[5.39,] 	 SYMBOL:	 ARGS:
		 41: COPY TYPE_StringLiteral "/" def_%cl_1_51 
		 42: %self->link_to def_%cl_1_52 %self[5.5,5.8,5.11,5.16,5.19,5.21,5.24,5.25,5.30,5.34,2.0,] %cl_1_50[5.40,] %cl_1_51[5.41,] 	 SYMBOL:	 ARGS:%cl_1_50,%cl_1_51,
		 43: RETURN %cl_1_52[5.42,] %self[5.5,5.8,5.11,5.16,5.19,5.21,5.24,5.25,5.30,5.34,5.42,2.0,] 
BB 6
	outgoing: 8 
	datadep: 
	instructions:
		 0: def_%cl_1_53 
		 1: def_%cl_1_54 %cl_1_53[6.0,] 
		 2: RETURN %cl_1_54[6.1,] %self[5.25,2.0,] 
BB 8
	outgoing: 
	datadep: 
	instructions:
CLOSURE END: 
		 13: RETURN %v_7[2.12,] %self[2.0,2.9,2.11,] 
BB 3
	outgoing: 
	datadep: 
	instructions:

SET IRMethod, name = create instanceMethod = true
BB 1
	outgoing: 6 2 
	datadep: 
	instructions:
BB 2
	outgoing: 3 4 
	datadep: 
	instructions:
		 0: def_%self 
		 1: def_%v_0 
		 2: COPY TYPE_CurrentScope def_%current_scope 
		 3: COPY TYPE_ScopeModule def_%current_module 
		 4: 
		 5: 
		 6: GETFIELD %self->delivery_service def_%v_3 %self[2.0,] 
		 7: %v_3->delivery_service_prices def_%v_4 %v_3[2.6,] 	 SYMBOL:	 ARGS:
		 8: %self->safe_params def_%v_5 %self[2.0,] 	 SYMBOL:	 ARGS:
		 9: %v_4->build def_%v_6 %v_4[2.7,] %v_5[2.8,] 	 SYMBOL:	 ARGS:%v_5,
		 10: ATTRASSIGN %self->delivery_service_price %v_6[2.9,] 
		 11: 
		 12: GETFIELD %self->delivery_service_price def_%v_7 %self[2.0,2.8,2.10,] 
		 13: %v_7->save def_%v_8 %v_7[2.12,] 	 SYMBOL:	 ARGS:
		 14: BRANCH %v_8[2.13,] 
BB 3
	outgoing: 6 
	datadep: 
	instructions:
		 0: 
		 1: GETFIELD %self->delivery_service def_%v_9 %self[2.0,] 
		 2: COPY TYPE_Array def_%v_10 %v_9[3.1,] 
		 3: COPY TYPE_StringLiteral "shoppe.delivery_service_prices.create_notice" def_%v_11 
		 4: %self->t def_%v_12 %self[2.0,2.10,] %v_11[3.3,] 	 SYMBOL:	 ARGS:%v_11,
		 5: HASH-notice- def_%v_13 %v_12[3.4,] 
		 6: %self->redirect_to def_%v_14 %self[3.4,2.0,2.10,] %v_10[3.2,] %v_13[3.5,] 	 SYMBOL:	 ARGS:%v_10,%v_13,
		 7: RETURN %v_14[3.6,] %self[3.4,3.6,2.0,2.10,] 
BB 4
	outgoing: 6 
	datadep: 
	instructions:
		 0: 
		 1: %self->ruby_code_from_view def_%v_15 %self[2.0,2.10,] 	 SYMBOL:	 ARGS:
		 2: %v_15->ruby_code_from_view def_%v_16 %v_15[4.1,] %self[4.1,2.0,2.10,] 	 SYMBOL:	 ARGS:%v_15,
CLOSURE BEGIN: %self[4.1,2.0,2.10,] item[] f[] 
BB 1
	outgoing: 8 2 
	datadep: 
	instructions:
BB 2
	outgoing: 3 
	datadep: 
	instructions:
		 0: def_%self 
		 1: def_%cl_1_0 
		 2: RECEIVEARG def_rb_from_view 
		 3: COPY TYPE_CurrentScope def_%current_scope 
		 4: COPY TYPE_ScopeModule def_%current_module 
BB 3
	outgoing: 4 5 6 
	datadep: 
	instructions:
		 0: 
		 1: COPY TYPE_StringLiteral "shoppe/application" def_%cl_1_3 
		 2: %self->stylesheet_link_tag def_%cl_1_4 %self[2.0,] %cl_1_3[3.1,] 	 SYMBOL:	 ARGS:%cl_1_3,
		 3: 
		 4: COPY TYPE_StringLiteral "shoppe/application" def_%cl_1_5 
		 5: %self->javascript_include_tag def_%cl_1_6 %self[3.2,2.0,] %cl_1_5[3.4,] 	 SYMBOL:	 ARGS:%cl_1_5,
		 6: 
		 7: %self->csrf_meta_tags def_%cl_1_7 %self[3.2,3.5,2.0,] 	 SYMBOL:	 ARGS:
		 8: 
		 9: COPY TYPE_StringLiteral "Shoppe" def_%cl_1_8 
		 10: %self->root_path def_%cl_1_9 %self[3.2,3.5,3.7,2.0,] 	 SYMBOL:	 ARGS:
		 11: %self->link_to def_%cl_1_10 %self[3.2,3.5,3.7,3.10,2.0,] %cl_1_8[3.9,] %cl_1_9[3.10,] 	 SYMBOL:	 ARGS:%cl_1_8,%cl_1_9,
		 12: 
		 13: COPY TYPE_StringLiteral ".logged_in_as" def_%cl_1_11 
		 14: %self->current_user def_%cl_1_12 %self[3.2,3.5,3.7,3.10,3.11,2.0,] 	 SYMBOL:	 ARGS:
		 15: %cl_1_12->full_name def_%cl_1_13 %cl_1_12[3.14,] 	 SYMBOL:	 ARGS:
		 16: HASH-user_name- def_%cl_1_14 %cl_1_13[3.15,] 
		 17: %self->t def_%cl_1_15 %self[3.2,3.5,3.7,3.10,3.11,3.14,2.0,] %cl_1_11[3.13,] %cl_1_14[3.16,] 	 SYMBOL:	 ARGS:%cl_1_11,%cl_1_14,
		 18: 
		 19: (Shoppe) def_%cl_1_17 
		 20: (inherit NavigationManager) def_%cl_1_18 %cl_1_17[3.19,] 
		 21: %cl_1_18[3.20,] 
BB 4
	outgoing: 5 6 
	datadep: 
	instructions:
		 0: %cl_1_17->const_missing def_%cl_1_18 %cl_1_17[3.19,] 	 SYMBOL:NavigationManager,	 ARGS:Symbol,
BB 5
	outgoing: 6 8 
	datadep: 
	instructions:
		 0: %cl_1_18->find def_%cl_1_19 %cl_1_18[4.0,3.20,] 	 SYMBOL:admin_primary,	 ARGS:Symbol,
		 1: %cl_1_19->items def_%cl_1_20 %cl_1_19[5.0,] 	 SYMBOL:	 ARGS:
		 2: %cl_1_20->each def_%cl_1_16 %cl_1_20[5.1,] %self[2.0,] 	 SYMBOL:	 ARGS:%cl_1_20,
CLOSURE BEGIN: %self[2.0,] item[] 
BB 1
	outgoing: 4 2 
	datadep: 
	instructions:
BB 2
	outgoing: 4 
	datadep: 
	instructions:
		 0: def_%self 
		 1: def_%cl_2_0 
		 2: RECEIVEARG def_item 
		 3: COPY TYPE_CurrentScope def_%current_scope 
		 4: COPY TYPE_ScopeModule def_%current_module 
		 5: 
		 6: %self->navigation_manager_link def_%cl_2_3 %self[2.0,] item[2.2,] 	 SYMBOL:	 ARGS:item,
		 7: RETURN %cl_2_3[2.6,] %self[2.0,2.6,] 
BB 4
	outgoing: 
	datadep: 
	instructions:
CLOSURE END: item[2.2,] 
		 3: 
		 4: COPY TYPE_StringLiteral ".logout" def_%cl_1_21 
		 5: %self->t def_%cl_1_22 %self[2.0,] %cl_1_21[5.4,] 	 SYMBOL:	 ARGS:%cl_1_21,
		 6: COPY TYPE_Array def_%cl_1_23 
		 7: HASH-method- def_%cl_1_24 
		 8: %self->link_to def_%cl_1_25 %self[5.5,2.0,] %cl_1_22[5.5,] %cl_1_23[5.6,] %cl_1_24[5.7,] 	 SYMBOL:	 ARGS:%cl_1_22,%cl_1_23,%cl_1_24,
		 9: 
		 10: COPY TYPE_StringLiteral "shoppe.delivery_service_prices.back" def_%cl_1_26 
		 11: %self->t def_%cl_1_27 %self[5.5,5.8,2.0,] %cl_1_26[5.10,] 	 SYMBOL:	 ARGS:%cl_1_26,
		 12: GETFIELD %self->delivery_service def_%cl_1_28 %self[5.5,5.8,5.11,2.0,] 
		 13: COPY TYPE_Array def_%cl_1_29 %cl_1_28[5.12,] 
		 14: COPY TYPE_StringLiteral "button" def_%cl_1_30 
		 15: HASH-class- def_%cl_1_31 %cl_1_30[5.14,] 
		 16: %self->link_to def_%cl_1_32 %self[5.5,5.8,5.11,2.0,] %cl_1_27[5.11,] %cl_1_29[5.13,] %cl_1_31[5.15,] 	 SYMBOL:	 ARGS:%cl_1_27,%cl_1_29,%cl_1_31,
		 17: 
		 18: COPY TYPE_StringLiteral "shoppe.delivery_service_prices.delivery_services" def_%cl_1_33 
		 19: %self->t def_%cl_1_34 %self[5.5,5.8,5.11,5.16,2.0,] %cl_1_33[5.18,] 	 SYMBOL:	 ARGS:%cl_1_33,
		 20: 
		 21: %self->display_flash def_%cl_1_35 %self[5.5,5.8,5.11,5.16,5.19,2.0,] 	 SYMBOL:	 ARGS:
		 22: 
		 23: COPY TYPE_StringLiteral "shoppe.delivery_service_prices.delivery_services" def_%cl_1_36 
		 24: %self->t def_%cl_1_37 %self[5.5,5.8,5.11,5.16,5.19,5.21,2.0,] %cl_1_36[5.23,] 	 SYMBOL:	 ARGS:%cl_1_36,
		 25: ATTRASSIGN %self->page_title %cl_1_37[5.24,] 
		 26: 
		 27: GETFIELD %self->delivery_service def_%cl_1_38 %self[5.5,5.8,5.11,5.16,5.19,5.21,5.24,2.0,] 
		 28: GETFIELD %self->delivery_service_price def_%cl_1_39 %self[5.5,5.8,5.11,5.16,5.19,5.21,5.24,2.0,] 
		 29: COPY TYPE_Array def_%cl_1_40 %cl_1_38[5.27,] %cl_1_39[5.28,] 
		 30: %self->form_for def_%cl_1_41 %self[5.5,5.8,5.11,5.16,5.19,5.21,5.24,5.25,2.0,] %cl_1_40[5.29,] %self[5.5,5.8,5.11,5.16,5.19,5.21,5.24,5.25,2.0,] 	 SYMBOL:	 ARGS:%cl_1_40,%self,
CLOSURE BEGIN: f[] %self[5.5,5.8,5.11,5.16,5.19,5.21,5.24,5.25,2.0,] 
BB 1
	outgoing: 6 2 
	datadep: 
	instructions:
BB 2
	outgoing: 3 
	datadep: 
	instructions:
		 0: def_%self 
		 1: def_%cl_3_0 
		 2: RECEIVEARG def_f 
		 3: COPY TYPE_CurrentScope def_%current_scope 
		 4: COPY TYPE_ScopeModule def_%current_module 
BB 3
	outgoing: 4 6 
	datadep: 
	instructions:
		 0: 
		 1: f->error_messages def_%cl_3_3 f[2.2,] 	 SYMBOL:	 ARGS:
		 2: 
		 3: COPY TYPE_StringLiteral "shoppe.delivery_service_prices.identification_weight" def_%cl_3_4 
		 4: %self->t def_%cl_3_5 %self[2.0,] %cl_3_4[3.3,] 	 SYMBOL:	 ARGS:%cl_3_4,
		 5: %self->field_set_tag def_%cl_3_6 %self[3.4,2.0,] %cl_3_5[3.4,] %self[3.4,2.0,] 	 SYMBOL:	 ARGS:%cl_3_5,%self,
CLOSURE BEGIN: %self[3.4,2.0,] f[3.1,2.2,] 
BB 1
	outgoing: 6 2 
	datadep: 
	instructions:
BB 2
	outgoing: 3 
	datadep: 
	instructions:
		 0: def_%self 
		 1: def_%cl_4_0 
		 2: COPY TYPE_CurrentScope def_%current_scope 
		 3: COPY TYPE_ScopeModule def_%current_module 
BB 3
	outgoing: 4 6 
	datadep: 
	instructions:
		 0: 
		 1: COPY TYPE_StringLiteral "shoppe.delivery_service_prices.code" def_%cl_4_3 
		 2: %self->t def_%cl_4_4 %self[2.0,] %cl_4_3[3.1,] 	 SYMBOL:	 ARGS:%cl_4_3,
		 3: f->label def_%cl_4_5 f[] %cl_4_4[3.2,] 	 SYMBOL:code,	 ARGS:Symbol,%cl_4_4,
		 4: 
		 5: COPY TYPE_StringLiteral "focus text" def_%cl_4_6 
		 6: HASH-class- def_%cl_4_7 %cl_4_6[3.5,] 
		 7: f->text_field def_%cl_4_8 f[3.3,] %cl_4_7[3.6,] 	 SYMBOL:code,	 ARGS:Symbol,%cl_4_7,
		 8: 
		 9: COPY TYPE_StringLiteral "shoppe.delivery_service_prices.min_weight" def_%cl_4_9 
		 10: %self->t def_%cl_4_10 %self[3.2,2.0,] %cl_4_9[3.9,] 	 SYMBOL:	 ARGS:%cl_4_9,
		 11: f->label def_%cl_4_11 f[3.3,3.7,] %cl_4_10[3.10,] 	 SYMBOL:min_weight,	 ARGS:Symbol,%cl_4_10,
		 12: 
		 13: COPY TYPE_StringLiteral "text" def_%cl_4_12 
		 14: HASH-class- def_%cl_4_13 %cl_4_12[3.13,] 
		 15: f->text_field def_%cl_4_14 f[3.3,3.7,3.11,] %cl_4_13[3.14,] 	 SYMBOL:min_weight,	 ARGS:Symbol,%cl_4_13,
		 16: 
		 17: COPY TYPE_StringLiteral "shoppe.delivery_service_prices.max_weight" def_%cl_4_15 
		 18: %self->t def_%cl_4_16 %self[3.2,3.10,2.0,] %cl_4_15[3.17,] 	 SYMBOL:	 ARGS:%cl_4_15,
		 19: f->label def_%cl_4_17 f[3.3,3.7,3.11,3.15,] %cl_4_16[3.18,] 	 SYMBOL:max_weight,	 ARGS:Symbol,%cl_4_16,
		 20: 
		 21: COPY TYPE_StringLiteral "text" def_%cl_4_18 
		 22: HASH-class- def_%cl_4_19 %cl_4_18[3.21,] 
		 23: f->text_field def_%cl_4_20 f[3.3,3.7,3.11,3.15,3.19,] %cl_4_19[3.22,] 	 SYMBOL:max_weight,	 ARGS:Symbol,%cl_4_19,
		 24: RETURN %cl_4_20[3.23,] %self[3.2,3.10,3.18,2.0,] 
BB 4
	outgoing: 6 
	datadep: 
	instructions:
		 0: def_%cl_4_21 
		 1: def_%cl_4_22 %cl_4_21[4.0,] 
		 2: RETURN %cl_4_22[4.1,] %self[2.0,] 
BB 6
	outgoing: 
	datadep: 
	instructions:
CLOSURE END: 
		 6: 
		 7: COPY TYPE_StringLiteral "shoppe.delivery_service_prices.pricing" def_%cl_3_7 
		 8: %self->t def_%cl_3_8 %self[3.4,3.5,2.0,] %cl_3_7[3.7,] 	 SYMBOL:	 ARGS:%cl_3_7,
		 9: %self->field_set_tag def_%cl_3_9 %self[3.4,3.5,3.8,2.0,] %cl_3_8[3.8,] %self[3.4,3.5,3.8,2.0,] 	 SYMBOL:	 ARGS:%cl_3_8,%self,
CLOSURE BEGIN: %self[3.4,3.5,3.8,2.0,] f[3.1,2.2,] 
BB 1
	outgoing: 11 2 
	datadep: 
	instructions:
BB 2
	outgoing: 3 
	datadep: 
	instructions:
		 0: def_%self 
		 1: def_%cl_5_0 
		 2: COPY TYPE_CurrentScope def_%current_scope 
		 3: COPY TYPE_ScopeModule def_%current_module 
BB 3
	outgoing: 4 5 9 
	datadep: 
	instructions:
		 0: 
		 1: COPY TYPE_StringLiteral "shoppe.delivery_service_prices.price" def_%cl_5_3 
		 2: %self->t def_%cl_5_4 %self[2.0,] %cl_5_3[3.1,] 	 SYMBOL:	 ARGS:%cl_5_3,
		 3: f->label def_%cl_5_5 f[] %cl_5_4[3.2,] 	 SYMBOL:price,	 ARGS:Symbol,%cl_5_4,
		 4: 
		 5: (Shoppe) def_%cl_5_6 
		 6: %cl_5_6->settings def_%cl_5_7 %cl_5_6[3.5,] 	 SYMBOL:	 ARGS:
		 7: %cl_5_7->currency_unit def_%cl_5_8 %cl_5_7[3.6,] 	 SYMBOL:	 ARGS:
		 8: %cl_5_8->html_safe def_%cl_5_9 %cl_5_8[3.7,] 	 SYMBOL:	 ARGS:
		 9: 
		 10: COPY TYPE_StringLiteral "text" def_%cl_5_10 
		 11: HASH-class- def_%cl_5_11 %cl_5_10[3.10,] 
		 12: f->text_field def_%cl_5_12 f[3.3,] %cl_5_11[3.11,] 	 SYMBOL:price,	 ARGS:Symbol,%cl_5_11,
		 13: 
		 14: COPY TYPE_StringLiteral "shoppe.delivery_service_prices.cost_price" def_%cl_5_13 
		 15: %self->t def_%cl_5_14 %self[3.2,2.0,] %cl_5_13[3.14,] 	 SYMBOL:	 ARGS:%cl_5_13,
		 16: f->label def_%cl_5_15 f[3.3,3.12,] %cl_5_14[3.15,] 	 SYMBOL:cost_price,	 ARGS:Symbol,%cl_5_14,
		 17: 
		 18: (Shoppe) def_%cl_5_16 
		 19: %cl_5_16->settings def_%cl_5_17 %cl_5_16[3.18,] 	 SYMBOL:	 ARGS:
		 20: %cl_5_17->currency_unit def_%cl_5_18 %cl_5_17[3.19,] 	 SYMBOL:	 ARGS:
		 21: %cl_5_18->html_safe def_%cl_5_19 %cl_5_18[3.20,] 	 SYMBOL:	 ARGS:
		 22: 
		 23: COPY TYPE_StringLiteral "text" def_%cl_5_20 
		 24: HASH-class- def_%cl_5_21 %cl_5_20[3.23,] 
		 25: f->text_field def_%cl_5_22 f[3.3,3.12,3.16,] %cl_5_21[3.24,] 	 SYMBOL:cost_price,	 ARGS:Symbol,%cl_5_21,
		 26: 
		 27: COPY TYPE_StringLiteral "shoppe.delivery_service_prices.tax_rate" def_%cl_5_23 
		 28: %self->t def_%cl_5_24 %self[3.2,3.15,2.0,] %cl_5_23[3.27,] 	 SYMBOL:	 ARGS:%cl_5_23,
		 29: f->label def_%cl_5_25 f[3.3,3.12,3.16,3.25,] %cl_5_24[3.28,] 	 SYMBOL:tax_rate_id,	 ARGS:Symbol,%cl_5_24,
		 30: 
		 31: (Shoppe) def_%cl_5_26 
		 32: (inherit TaxRate) def_%cl_5_27 %cl_5_26[3.31,] 
		 33: %cl_5_27[3.32,] 
BB 4
	outgoing: 5 9 
	datadep: 
	instructions:
		 0: %cl_5_26->const_missing def_%cl_5_27 %cl_5_26[3.31,] 	 SYMBOL:TaxRate,	 ARGS:Symbol,
BB 5
	outgoing: 6 7 9 
	datadep: 
	instructions:
		 0: %cl_5_27->ordered def_%cl_5_28 %cl_5_27[4.0,3.32,] 	 SYMBOL:	 ARGS:
		 1: COPY TYPE_StringLiteral "shoppe.delivery_service_prices.countries" def_%cl_5_29 
		 2: %self->t def_%cl_5_30 %self[2.0,] %cl_5_29[5.1,] 	 SYMBOL:	 ARGS:%cl_5_29,
		 3: f->collection_select def_%cl_5_31 f[] %cl_5_28[5.0,] %cl_5_30[5.2,] %self[5.2,2.0,] 	 SYMBOL:tax_rate_id,id,description,	 ARGS:Symbol,%cl_5_28,Symbol,Symbol,%cl_5_30,f,
CLOSURE BEGIN: %self[5.2,2.0,] f[] 
BB 1
	outgoing: 8 2 
	datadep: 
	instructions:
BB 2
	outgoing: 3 
	datadep: 
	instructions:
		 0: def_%self 
		 1: def_%cl_6_0 
		 2: COPY TYPE_CurrentScope def_%current_scope 
		 3: COPY TYPE_ScopeModule def_%current_module 
BB 3
	outgoing: 4 5 6 
	datadep: 
	instructions:
		 0: 
		 1: (Shoppe) def_%cl_6_3 
		 2: (inherit Country) def_%cl_6_4 %cl_6_3[3.1,] 
		 3: %cl_6_4[3.2,] 
BB 4
	outgoing: 5 6 
	datadep: 
	instructions:
		 0: %cl_6_3->const_missing def_%cl_6_4 %cl_6_3[3.1,] 	 SYMBOL:Country,	 ARGS:Symbol,
BB 5
	outgoing: 6 8 
	datadep: 
	instructions:
		 0: %cl_6_4->ordered def_%cl_6_5 %cl_6_4[4.0,3.2,] 	 SYMBOL:	 ARGS:
		 1: COPY TYPE_StringLiteral "shoppe.delivery_service_prices.help.countries" def_%cl_6_6 
		 2: %self->t def_%cl_6_7 %self[2.0,] %cl_6_6[5.1,] 	 SYMBOL:	 ARGS:%cl_6_6,
		 3: f->collection_select def_%cl_6_8 f[] %cl_6_5[5.0,] %cl_6_7[5.2,] 	 SYMBOL:country_ids,id,name,	 ARGS:Symbol,%cl_6_5,Symbol,Symbol,%cl_6_7,
		 4: RETURN %cl_6_8[5.3,] %self[5.2,2.0,] 
BB 6
	outgoing: 8 
	datadep: 
	instructions:
		 0: def_%cl_6_9 
		 1: def_%cl_6_10 %cl_6_9[6.0,] 
		 2: RETURN %cl_6_10[6.1,] %self[2.0,] 
BB 8
	outgoing: 
	datadep: 
	instructions:
CLOSURE END: 
		 4: 
		 5: GETFIELD %self->delivery_service_price def_%cl_5_32 %self[5.2,2.0,] 
		 6: %cl_5_32->new_record? def_%cl_5_33 %cl_5_32[5.5,] 	 SYMBOL:	 ARGS:
		 7: BRANCH %cl_5_33[5.6,] 
BB 6
	outgoing: 8 
	datadep: 
	instructions:
		 0: COPY TYPE_Nil def_%cl_5_34 
		 1: 
BB 7
	outgoing: 8 9 
	datadep: 
	instructions:
		 0: 
		 1: COPY TYPE_StringLiteral "shoppe.delete" def_%cl_5_35 
		 2: %self->t def_%cl_5_36 %self[2.0,] %cl_5_35[7.1,] 	 SYMBOL:	 ARGS:%cl_5_35,
		 3: GETFIELD %self->delivery_service def_%cl_5_37 %self[7.2,2.0,] 
		 4: GETFIELD %self->delivery_service_price def_%cl_5_38 %self[7.2,2.0,] 
		 5: COPY TYPE_Array def_%cl_5_39 %cl_5_37[7.3,] %cl_5_38[7.4,] 
		 6: COPY TYPE_StringLiteral "button purple" def_%cl_5_40 
		 7: COPY TYPE_StringLiteral "Are you sure you wish to remove this price?" def_%cl_5_41 
		 8: HASH-confirm- def_%cl_5_42 %cl_5_41[7.7,] 
		 9: HASH-class-method-data- def_%cl_5_43 %cl_5_40[7.6,] %cl_5_42[7.8,] 
		 10: %self->link_to def_%cl_5_44 %self[7.2,2.0,] %cl_5_36[7.2,] %cl_5_39[7.5,] %cl_5_43[7.9,] 	 SYMBOL:	 ARGS:%cl_5_36,%cl_5_39,%cl_5_43,
		 11: COPY TYPE_PASS def_%cl_5_34 %cl_5_44[7.10,] 
BB 8
	outgoing: 9 11 
	datadep: 
	instructions:
		 0: 
		 1: COPY TYPE_StringLiteral "shoppe.submit" def_%cl_5_45 
		 2: %self->t def_%cl_5_46 %self[2.0,] %cl_5_45[8.1,] 	 SYMBOL:	 ARGS:%cl_5_45,
		 3: COPY TYPE_StringLiteral "button green" def_%cl_5_47 
		 4: HASH-class- def_%cl_5_48 %cl_5_47[8.3,] 
		 5: f->submit def_%cl_5_49 f[] %cl_5_46[8.2,] %cl_5_48[8.4,] 	 SYMBOL:	 ARGS:%cl_5_46,%cl_5_48,
		 6: 
		 7: COPY TYPE_StringLiteral "shoppe.cancel" def_%cl_5_50 
		 8: %self->t def_%cl_5_51 %self[8.2,2.0,] %cl_5_50[8.7,] 	 SYMBOL:	 ARGS:%cl_5_50,
		 9: GETFIELD %self->delivery_service def_%cl_5_52 %self[8.2,8.8,2.0,] 
		 10: COPY TYPE_Array def_%cl_5_53 %cl_5_52[8.9,] 
		 11: COPY TYPE_StringLiteral "button" def_%cl_5_54 
		 12: HASH-class- def_%cl_5_55 %cl_5_54[8.11,] 
		 13: %self->link_to def_%cl_5_56 %self[8.2,8.8,2.0,] %cl_5_51[8.8,] %cl_5_53[8.10,] %cl_5_55[8.12,] 	 SYMBOL:	 ARGS:%cl_5_51,%cl_5_53,%cl_5_55,
		 14: RETURN %cl_5_56[8.13,] %self[8.2,8.8,8.13,2.0,] 
BB 9
	outgoing: 11 
	datadep: 
	instructions:
		 0: def_%cl_5_57 
		 1: def_%cl_5_58 %cl_5_57[9.0,] 
		 2: RETURN %cl_5_58[9.1,] %self[2.0,] 
BB 11
	outgoing: 
	datadep: 
	instructions:
CLOSURE END: 
		 10: RETURN %cl_3_9[3.9,] %self[3.4,3.5,3.8,3.9,2.0,] 
BB 4
	outgoing: 6 
	datadep: 
	instructions:
		 0: def_%cl_3_10 
		 1: def_%cl_3_11 %cl_3_10[4.0,] 
		 2: RETURN %cl_3_11[4.1,] %self[2.0,] 
BB 6
	outgoing: 
	datadep: 
	instructions:
CLOSURE END: 
		 31: 
		 32: COPY TYPE_StringLiteral "&larr; " def_%cl_1_42 
		 33: COPY TYPE_StringLiteral ".goto" def_%cl_1_43 
		 34: %self->t def_%cl_1_44 %self[5.5,5.8,5.11,5.16,5.19,5.21,5.24,5.25,5.30,2.0,] %cl_1_43[5.33,] 	 SYMBOL:	 ARGS:%cl_1_43,
		 35: COPY TYPE_StringLiteral " " def_%cl_1_45 
		 36: (Shoppe) def_%cl_1_46 
		 37: %cl_1_46->settings def_%cl_1_47 %cl_1_46[5.36,] 	 SYMBOL:	 ARGS:
		 38: %cl_1_47->store_name def_%cl_1_48 %cl_1_47[5.37,] 	 SYMBOL:	 ARGS:
		 39: BUILDSTRING def_%cl_1_49 %cl_1_42[5.32,] %cl_1_44[5.34,] %cl_1_45[5.35,] %cl_1_48[5.38,] 
		 40: %cl_1_49->html_safe def_%cl_1_50 %cl_1_49[5.39,] 	 SYMBOL:	 ARGS:
		 41: COPY TYPE_StringLiteral "/" def_%cl_1_51 
		 42: %self->link_to def_%cl_1_52 %self[5.5,5.8,5.11,5.16,5.19,5.21,5.24,5.25,5.30,5.34,2.0,] %cl_1_50[5.40,] %cl_1_51[5.41,] 	 SYMBOL:	 ARGS:%cl_1_50,%cl_1_51,
		 43: RETURN %cl_1_52[5.42,] %self[5.5,5.8,5.11,5.16,5.19,5.21,5.24,5.25,5.30,5.34,5.42,2.0,] 
BB 6
	outgoing: 8 
	datadep: 
	instructions:
		 0: def_%cl_1_53 
		 1: def_%cl_1_54 %cl_1_53[6.0,] 
		 2: RETURN %cl_1_54[6.1,] %self[5.25,2.0,] 
BB 8
	outgoing: 
	datadep: 
	instructions:
CLOSURE END: 
		 3: RETURN %v_16[4.2,] %self[4.1,2.0,2.10,] 
BB 6
	outgoing: 
	datadep: 
	instructions:

SET IRMethod, name = update instanceMethod = true
BB 1
	outgoing: 6 2 
	datadep: 
	instructions:
BB 2
	outgoing: 3 4 
	datadep: 
	instructions:
		 0: def_%self 
		 1: def_%v_0 
		 2: COPY TYPE_CurrentScope def_%current_scope 
		 3: COPY TYPE_ScopeModule def_%current_module 
		 4: 
		 5: 
		 6: GETFIELD %self->delivery_service_price def_%v_3 %self[2.0,] 
		 7: %self->safe_params def_%v_4 %self[2.0,] 	 SYMBOL:	 ARGS:
		 8: %v_3->update def_%v_5 %v_3[2.6,] %v_4[2.7,] 	 SYMBOL:	 ARGS:%v_4,
		 9: BRANCH %v_5[2.8,] 
BB 3
	outgoing: 6 
	datadep: 
	instructions:
		 0: 
		 1: GETFIELD %self->delivery_service def_%v_6 %self[2.0,] 
		 2: COPY TYPE_Array def_%v_7 %v_6[3.1,] 
		 3: COPY TYPE_StringLiteral "shoppe.delivery_service_prices.update_notice" def_%v_8 
		 4: %self->t def_%v_9 %self[2.0,] %v_8[3.3,] 	 SYMBOL:	 ARGS:%v_8,
		 5: HASH-notice- def_%v_10 %v_9[3.4,] 
		 6: %self->redirect_to def_%v_11 %self[3.4,2.0,] %v_7[3.2,] %v_10[3.5,] 	 SYMBOL:	 ARGS:%v_7,%v_10,
		 7: RETURN %v_11[3.6,] %self[3.4,3.6,2.0,] 
BB 4
	outgoing: 6 
	datadep: 
	instructions:
		 0: 
		 1: %self->ruby_code_from_view def_%v_12 %self[2.0,] 	 SYMBOL:	 ARGS:
		 2: %v_12->ruby_code_from_view def_%v_13 %v_12[4.1,] %self[4.1,2.0,] 	 SYMBOL:	 ARGS:%v_12,
CLOSURE BEGIN: %self[4.1,2.0,] item[] f[] 
BB 1
	outgoing: 8 2 
	datadep: 
	instructions:
BB 2
	outgoing: 3 
	datadep: 
	instructions:
		 0: def_%self 
		 1: def_%cl_1_0 
		 2: RECEIVEARG def_rb_from_view 
		 3: COPY TYPE_CurrentScope def_%current_scope 
		 4: COPY TYPE_ScopeModule def_%current_module 
BB 3
	outgoing: 4 5 6 
	datadep: 
	instructions:
		 0: 
		 1: COPY TYPE_StringLiteral "shoppe/application" def_%cl_1_3 
		 2: %self->stylesheet_link_tag def_%cl_1_4 %self[2.0,] %cl_1_3[3.1,] 	 SYMBOL:	 ARGS:%cl_1_3,
		 3: 
		 4: COPY TYPE_StringLiteral "shoppe/application" def_%cl_1_5 
		 5: %self->javascript_include_tag def_%cl_1_6 %self[3.2,2.0,] %cl_1_5[3.4,] 	 SYMBOL:	 ARGS:%cl_1_5,
		 6: 
		 7: %self->csrf_meta_tags def_%cl_1_7 %self[3.2,3.5,2.0,] 	 SYMBOL:	 ARGS:
		 8: 
		 9: COPY TYPE_StringLiteral "Shoppe" def_%cl_1_8 
		 10: %self->root_path def_%cl_1_9 %self[3.2,3.5,3.7,2.0,] 	 SYMBOL:	 ARGS:
		 11: %self->link_to def_%cl_1_10 %self[3.2,3.5,3.7,3.10,2.0,] %cl_1_8[3.9,] %cl_1_9[3.10,] 	 SYMBOL:	 ARGS:%cl_1_8,%cl_1_9,
		 12: 
		 13: COPY TYPE_StringLiteral ".logged_in_as" def_%cl_1_11 
		 14: %self->current_user def_%cl_1_12 %self[3.2,3.5,3.7,3.10,3.11,2.0,] 	 SYMBOL:	 ARGS:
		 15: %cl_1_12->full_name def_%cl_1_13 %cl_1_12[3.14,] 	 SYMBOL:	 ARGS:
		 16: HASH-user_name- def_%cl_1_14 %cl_1_13[3.15,] 
		 17: %self->t def_%cl_1_15 %self[3.2,3.5,3.7,3.10,3.11,3.14,2.0,] %cl_1_11[3.13,] %cl_1_14[3.16,] 	 SYMBOL:	 ARGS:%cl_1_11,%cl_1_14,
		 18: 
		 19: (Shoppe) def_%cl_1_17 
		 20: (inherit NavigationManager) def_%cl_1_18 %cl_1_17[3.19,] 
		 21: %cl_1_18[3.20,] 
BB 4
	outgoing: 5 6 
	datadep: 
	instructions:
		 0: %cl_1_17->const_missing def_%cl_1_18 %cl_1_17[3.19,] 	 SYMBOL:NavigationManager,	 ARGS:Symbol,
BB 5
	outgoing: 6 8 
	datadep: 
	instructions:
		 0: %cl_1_18->find def_%cl_1_19 %cl_1_18[4.0,3.20,] 	 SYMBOL:admin_primary,	 ARGS:Symbol,
		 1: %cl_1_19->items def_%cl_1_20 %cl_1_19[5.0,] 	 SYMBOL:	 ARGS:
		 2: %cl_1_20->each def_%cl_1_16 %cl_1_20[5.1,] %self[2.0,] 	 SYMBOL:	 ARGS:%cl_1_20,
CLOSURE BEGIN: %self[2.0,] item[] 
BB 1
	outgoing: 4 2 
	datadep: 
	instructions:
BB 2
	outgoing: 4 
	datadep: 
	instructions:
		 0: def_%self 
		 1: def_%cl_2_0 
		 2: RECEIVEARG def_item 
		 3: COPY TYPE_CurrentScope def_%current_scope 
		 4: COPY TYPE_ScopeModule def_%current_module 
		 5: 
		 6: %self->navigation_manager_link def_%cl_2_3 %self[2.0,] item[2.2,] 	 SYMBOL:	 ARGS:item,
		 7: RETURN %cl_2_3[2.6,] %self[2.0,2.6,] 
BB 4
	outgoing: 
	datadep: 
	instructions:
CLOSURE END: item[2.2,] 
		 3: 
		 4: COPY TYPE_StringLiteral ".logout" def_%cl_1_21 
		 5: %self->t def_%cl_1_22 %self[2.0,] %cl_1_21[5.4,] 	 SYMBOL:	 ARGS:%cl_1_21,
		 6: COPY TYPE_Array def_%cl_1_23 
		 7: HASH-method- def_%cl_1_24 
		 8: %self->link_to def_%cl_1_25 %self[5.5,2.0,] %cl_1_22[5.5,] %cl_1_23[5.6,] %cl_1_24[5.7,] 	 SYMBOL:	 ARGS:%cl_1_22,%cl_1_23,%cl_1_24,
		 9: 
		 10: COPY TYPE_StringLiteral "shoppe.delivery_service_prices.back" def_%cl_1_26 
		 11: %self->t def_%cl_1_27 %self[5.5,5.8,2.0,] %cl_1_26[5.10,] 	 SYMBOL:	 ARGS:%cl_1_26,
		 12: GETFIELD %self->delivery_service def_%cl_1_28 %self[5.5,5.8,5.11,2.0,] 
		 13: COPY TYPE_Array def_%cl_1_29 %cl_1_28[5.12,] 
		 14: COPY TYPE_StringLiteral "button" def_%cl_1_30 
		 15: HASH-class- def_%cl_1_31 %cl_1_30[5.14,] 
		 16: %self->link_to def_%cl_1_32 %self[5.5,5.8,5.11,2.0,] %cl_1_27[5.11,] %cl_1_29[5.13,] %cl_1_31[5.15,] 	 SYMBOL:	 ARGS:%cl_1_27,%cl_1_29,%cl_1_31,
		 17: 
		 18: COPY TYPE_StringLiteral "shoppe.delivery_service_prices.delivery_services" def_%cl_1_33 
		 19: %self->t def_%cl_1_34 %self[5.5,5.8,5.11,5.16,2.0,] %cl_1_33[5.18,] 	 SYMBOL:	 ARGS:%cl_1_33,
		 20: 
		 21: %self->display_flash def_%cl_1_35 %self[5.5,5.8,5.11,5.16,5.19,2.0,] 	 SYMBOL:	 ARGS:
		 22: 
		 23: COPY TYPE_StringLiteral "shoppe.delivery_service_prices.delivery_services" def_%cl_1_36 
		 24: %self->t def_%cl_1_37 %self[5.5,5.8,5.11,5.16,5.19,5.21,2.0,] %cl_1_36[5.23,] 	 SYMBOL:	 ARGS:%cl_1_36,
		 25: ATTRASSIGN %self->page_title %cl_1_37[5.24,] 
		 26: 
		 27: GETFIELD %self->delivery_service def_%cl_1_38 %self[5.5,5.8,5.11,5.16,5.19,5.21,5.24,2.0,] 
		 28: GETFIELD %self->delivery_service_price def_%cl_1_39 %self[5.5,5.8,5.11,5.16,5.19,5.21,5.24,2.0,] 
		 29: COPY TYPE_Array def_%cl_1_40 %cl_1_38[5.27,] %cl_1_39[5.28,] 
		 30: %self->form_for def_%cl_1_41 %self[5.5,5.8,5.11,5.16,5.19,5.21,5.24,5.25,2.0,] %cl_1_40[5.29,] %self[5.5,5.8,5.11,5.16,5.19,5.21,5.24,5.25,2.0,] 	 SYMBOL:	 ARGS:%cl_1_40,%self,
CLOSURE BEGIN: f[] %self[5.5,5.8,5.11,5.16,5.19,5.21,5.24,5.25,2.0,] 
BB 1
	outgoing: 6 2 
	datadep: 
	instructions:
BB 2
	outgoing: 3 
	datadep: 
	instructions:
		 0: def_%self 
		 1: def_%cl_3_0 
		 2: RECEIVEARG def_f 
		 3: COPY TYPE_CurrentScope def_%current_scope 
		 4: COPY TYPE_ScopeModule def_%current_module 
BB 3
	outgoing: 4 6 
	datadep: 
	instructions:
		 0: 
		 1: f->error_messages def_%cl_3_3 f[2.2,] 	 SYMBOL:	 ARGS:
		 2: 
		 3: COPY TYPE_StringLiteral "shoppe.delivery_service_prices.identification_weight" def_%cl_3_4 
		 4: %self->t def_%cl_3_5 %self[2.0,] %cl_3_4[3.3,] 	 SYMBOL:	 ARGS:%cl_3_4,
		 5: %self->field_set_tag def_%cl_3_6 %self[3.4,2.0,] %cl_3_5[3.4,] %self[3.4,2.0,] 	 SYMBOL:	 ARGS:%cl_3_5,%self,
CLOSURE BEGIN: %self[3.4,2.0,] f[3.1,2.2,] 
BB 1
	outgoing: 6 2 
	datadep: 
	instructions:
BB 2
	outgoing: 3 
	datadep: 
	instructions:
		 0: def_%self 
		 1: def_%cl_4_0 
		 2: COPY TYPE_CurrentScope def_%current_scope 
		 3: COPY TYPE_ScopeModule def_%current_module 
BB 3
	outgoing: 4 6 
	datadep: 
	instructions:
		 0: 
		 1: COPY TYPE_StringLiteral "shoppe.delivery_service_prices.code" def_%cl_4_3 
		 2: %self->t def_%cl_4_4 %self[2.0,] %cl_4_3[3.1,] 	 SYMBOL:	 ARGS:%cl_4_3,
		 3: f->label def_%cl_4_5 f[] %cl_4_4[3.2,] 	 SYMBOL:code,	 ARGS:Symbol,%cl_4_4,
		 4: 
		 5: COPY TYPE_StringLiteral "focus text" def_%cl_4_6 
		 6: HASH-class- def_%cl_4_7 %cl_4_6[3.5,] 
		 7: f->text_field def_%cl_4_8 f[3.3,] %cl_4_7[3.6,] 	 SYMBOL:code,	 ARGS:Symbol,%cl_4_7,
		 8: 
		 9: COPY TYPE_StringLiteral "shoppe.delivery_service_prices.min_weight" def_%cl_4_9 
		 10: %self->t def_%cl_4_10 %self[3.2,2.0,] %cl_4_9[3.9,] 	 SYMBOL:	 ARGS:%cl_4_9,
		 11: f->label def_%cl_4_11 f[3.3,3.7,] %cl_4_10[3.10,] 	 SYMBOL:min_weight,	 ARGS:Symbol,%cl_4_10,
		 12: 
		 13: COPY TYPE_StringLiteral "text" def_%cl_4_12 
		 14: HASH-class- def_%cl_4_13 %cl_4_12[3.13,] 
		 15: f->text_field def_%cl_4_14 f[3.3,3.7,3.11,] %cl_4_13[3.14,] 	 SYMBOL:min_weight,	 ARGS:Symbol,%cl_4_13,
		 16: 
		 17: COPY TYPE_StringLiteral "shoppe.delivery_service_prices.max_weight" def_%cl_4_15 
		 18: %self->t def_%cl_4_16 %self[3.2,3.10,2.0,] %cl_4_15[3.17,] 	 SYMBOL:	 ARGS:%cl_4_15,
		 19: f->label def_%cl_4_17 f[3.3,3.7,3.11,3.15,] %cl_4_16[3.18,] 	 SYMBOL:max_weight,	 ARGS:Symbol,%cl_4_16,
		 20: 
		 21: COPY TYPE_StringLiteral "text" def_%cl_4_18 
		 22: HASH-class- def_%cl_4_19 %cl_4_18[3.21,] 
		 23: f->text_field def_%cl_4_20 f[3.3,3.7,3.11,3.15,3.19,] %cl_4_19[3.22,] 	 SYMBOL:max_weight,	 ARGS:Symbol,%cl_4_19,
		 24: RETURN %cl_4_20[3.23,] %self[3.2,3.10,3.18,2.0,] 
BB 4
	outgoing: 6 
	datadep: 
	instructions:
		 0: def_%cl_4_21 
		 1: def_%cl_4_22 %cl_4_21[4.0,] 
		 2: RETURN %cl_4_22[4.1,] %self[2.0,] 
BB 6
	outgoing: 
	datadep: 
	instructions:
CLOSURE END: 
		 6: 
		 7: COPY TYPE_StringLiteral "shoppe.delivery_service_prices.pricing" def_%cl_3_7 
		 8: %self->t def_%cl_3_8 %self[3.4,3.5,2.0,] %cl_3_7[3.7,] 	 SYMBOL:	 ARGS:%cl_3_7,
		 9: %self->field_set_tag def_%cl_3_9 %self[3.4,3.5,3.8,2.0,] %cl_3_8[3.8,] %self[3.4,3.5,3.8,2.0,] 	 SYMBOL:	 ARGS:%cl_3_8,%self,
CLOSURE BEGIN: %self[3.4,3.5,3.8,2.0,] f[3.1,2.2,] 
BB 1
	outgoing: 11 2 
	datadep: 
	instructions:
BB 2
	outgoing: 3 
	datadep: 
	instructions:
		 0: def_%self 
		 1: def_%cl_5_0 
		 2: COPY TYPE_CurrentScope def_%current_scope 
		 3: COPY TYPE_ScopeModule def_%current_module 
BB 3
	outgoing: 4 5 9 
	datadep: 
	instructions:
		 0: 
		 1: COPY TYPE_StringLiteral "shoppe.delivery_service_prices.price" def_%cl_5_3 
		 2: %self->t def_%cl_5_4 %self[2.0,] %cl_5_3[3.1,] 	 SYMBOL:	 ARGS:%cl_5_3,
		 3: f->label def_%cl_5_5 f[] %cl_5_4[3.2,] 	 SYMBOL:price,	 ARGS:Symbol,%cl_5_4,
		 4: 
		 5: (Shoppe) def_%cl_5_6 
		 6: %cl_5_6->settings def_%cl_5_7 %cl_5_6[3.5,] 	 SYMBOL:	 ARGS:
		 7: %cl_5_7->currency_unit def_%cl_5_8 %cl_5_7[3.6,] 	 SYMBOL:	 ARGS:
		 8: %cl_5_8->html_safe def_%cl_5_9 %cl_5_8[3.7,] 	 SYMBOL:	 ARGS:
		 9: 
		 10: COPY TYPE_StringLiteral "text" def_%cl_5_10 
		 11: HASH-class- def_%cl_5_11 %cl_5_10[3.10,] 
		 12: f->text_field def_%cl_5_12 f[3.3,] %cl_5_11[3.11,] 	 SYMBOL:price,	 ARGS:Symbol,%cl_5_11,
		 13: 
		 14: COPY TYPE_StringLiteral "shoppe.delivery_service_prices.cost_price" def_%cl_5_13 
		 15: %self->t def_%cl_5_14 %self[3.2,2.0,] %cl_5_13[3.14,] 	 SYMBOL:	 ARGS:%cl_5_13,
		 16: f->label def_%cl_5_15 f[3.3,3.12,] %cl_5_14[3.15,] 	 SYMBOL:cost_price,	 ARGS:Symbol,%cl_5_14,
		 17: 
		 18: (Shoppe) def_%cl_5_16 
		 19: %cl_5_16->settings def_%cl_5_17 %cl_5_16[3.18,] 	 SYMBOL:	 ARGS:
		 20: %cl_5_17->currency_unit def_%cl_5_18 %cl_5_17[3.19,] 	 SYMBOL:	 ARGS:
		 21: %cl_5_18->html_safe def_%cl_5_19 %cl_5_18[3.20,] 	 SYMBOL:	 ARGS:
		 22: 
		 23: COPY TYPE_StringLiteral "text" def_%cl_5_20 
		 24: HASH-class- def_%cl_5_21 %cl_5_20[3.23,] 
		 25: f->text_field def_%cl_5_22 f[3.3,3.12,3.16,] %cl_5_21[3.24,] 	 SYMBOL:cost_price,	 ARGS:Symbol,%cl_5_21,
		 26: 
		 27: COPY TYPE_StringLiteral "shoppe.delivery_service_prices.tax_rate" def_%cl_5_23 
		 28: %self->t def_%cl_5_24 %self[3.2,3.15,2.0,] %cl_5_23[3.27,] 	 SYMBOL:	 ARGS:%cl_5_23,
		 29: f->label def_%cl_5_25 f[3.3,3.12,3.16,3.25,] %cl_5_24[3.28,] 	 SYMBOL:tax_rate_id,	 ARGS:Symbol,%cl_5_24,
		 30: 
		 31: (Shoppe) def_%cl_5_26 
		 32: (inherit TaxRate) def_%cl_5_27 %cl_5_26[3.31,] 
		 33: %cl_5_27[3.32,] 
BB 4
	outgoing: 5 9 
	datadep: 
	instructions:
		 0: %cl_5_26->const_missing def_%cl_5_27 %cl_5_26[3.31,] 	 SYMBOL:TaxRate,	 ARGS:Symbol,
BB 5
	outgoing: 6 7 9 
	datadep: 
	instructions:
		 0: %cl_5_27->ordered def_%cl_5_28 %cl_5_27[4.0,3.32,] 	 SYMBOL:	 ARGS:
		 1: COPY TYPE_StringLiteral "shoppe.delivery_service_prices.countries" def_%cl_5_29 
		 2: %self->t def_%cl_5_30 %self[2.0,] %cl_5_29[5.1,] 	 SYMBOL:	 ARGS:%cl_5_29,
		 3: f->collection_select def_%cl_5_31 f[] %cl_5_28[5.0,] %cl_5_30[5.2,] %self[5.2,2.0,] 	 SYMBOL:tax_rate_id,id,description,	 ARGS:Symbol,%cl_5_28,Symbol,Symbol,%cl_5_30,f,
CLOSURE BEGIN: %self[5.2,2.0,] f[] 
BB 1
	outgoing: 8 2 
	datadep: 
	instructions:
BB 2
	outgoing: 3 
	datadep: 
	instructions:
		 0: def_%self 
		 1: def_%cl_6_0 
		 2: COPY TYPE_CurrentScope def_%current_scope 
		 3: COPY TYPE_ScopeModule def_%current_module 
BB 3
	outgoing: 4 5 6 
	datadep: 
	instructions:
		 0: 
		 1: (Shoppe) def_%cl_6_3 
		 2: (inherit Country) def_%cl_6_4 %cl_6_3[3.1,] 
		 3: %cl_6_4[3.2,] 
BB 4
	outgoing: 5 6 
	datadep: 
	instructions:
		 0: %cl_6_3->const_missing def_%cl_6_4 %cl_6_3[3.1,] 	 SYMBOL:Country,	 ARGS:Symbol,
BB 5
	outgoing: 6 8 
	datadep: 
	instructions:
		 0: %cl_6_4->ordered def_%cl_6_5 %cl_6_4[4.0,3.2,] 	 SYMBOL:	 ARGS:
		 1: COPY TYPE_StringLiteral "shoppe.delivery_service_prices.help.countries" def_%cl_6_6 
		 2: %self->t def_%cl_6_7 %self[2.0,] %cl_6_6[5.1,] 	 SYMBOL:	 ARGS:%cl_6_6,
		 3: f->collection_select def_%cl_6_8 f[] %cl_6_5[5.0,] %cl_6_7[5.2,] 	 SYMBOL:country_ids,id,name,	 ARGS:Symbol,%cl_6_5,Symbol,Symbol,%cl_6_7,
		 4: RETURN %cl_6_8[5.3,] %self[5.2,2.0,] 
BB 6
	outgoing: 8 
	datadep: 
	instructions:
		 0: def_%cl_6_9 
		 1: def_%cl_6_10 %cl_6_9[6.0,] 
		 2: RETURN %cl_6_10[6.1,] %self[2.0,] 
BB 8
	outgoing: 
	datadep: 
	instructions:
CLOSURE END: 
		 4: 
		 5: GETFIELD %self->delivery_service_price def_%cl_5_32 %self[5.2,2.0,] 
		 6: %cl_5_32->new_record? def_%cl_5_33 %cl_5_32[5.5,] 	 SYMBOL:	 ARGS:
		 7: BRANCH %cl_5_33[5.6,] 
BB 6
	outgoing: 8 
	datadep: 
	instructions:
		 0: COPY TYPE_Nil def_%cl_5_34 
		 1: 
BB 7
	outgoing: 8 9 
	datadep: 
	instructions:
		 0: 
		 1: COPY TYPE_StringLiteral "shoppe.delete" def_%cl_5_35 
		 2: %self->t def_%cl_5_36 %self[2.0,] %cl_5_35[7.1,] 	 SYMBOL:	 ARGS:%cl_5_35,
		 3: GETFIELD %self->delivery_service def_%cl_5_37 %self[7.2,2.0,] 
		 4: GETFIELD %self->delivery_service_price def_%cl_5_38 %self[7.2,2.0,] 
		 5: COPY TYPE_Array def_%cl_5_39 %cl_5_37[7.3,] %cl_5_38[7.4,] 
		 6: COPY TYPE_StringLiteral "button purple" def_%cl_5_40 
		 7: COPY TYPE_StringLiteral "Are you sure you wish to remove this price?" def_%cl_5_41 
		 8: HASH-confirm- def_%cl_5_42 %cl_5_41[7.7,] 
		 9: HASH-class-method-data- def_%cl_5_43 %cl_5_40[7.6,] %cl_5_42[7.8,] 
		 10: %self->link_to def_%cl_5_44 %self[7.2,2.0,] %cl_5_36[7.2,] %cl_5_39[7.5,] %cl_5_43[7.9,] 	 SYMBOL:	 ARGS:%cl_5_36,%cl_5_39,%cl_5_43,
		 11: COPY TYPE_PASS def_%cl_5_34 %cl_5_44[7.10,] 
BB 8
	outgoing: 9 11 
	datadep: 
	instructions:
		 0: 
		 1: COPY TYPE_StringLiteral "shoppe.submit" def_%cl_5_45 
		 2: %self->t def_%cl_5_46 %self[2.0,] %cl_5_45[8.1,] 	 SYMBOL:	 ARGS:%cl_5_45,
		 3: COPY TYPE_StringLiteral "button green" def_%cl_5_47 
		 4: HASH-class- def_%cl_5_48 %cl_5_47[8.3,] 
		 5: f->submit def_%cl_5_49 f[] %cl_5_46[8.2,] %cl_5_48[8.4,] 	 SYMBOL:	 ARGS:%cl_5_46,%cl_5_48,
		 6: 
		 7: COPY TYPE_StringLiteral "shoppe.cancel" def_%cl_5_50 
		 8: %self->t def_%cl_5_51 %self[8.2,2.0,] %cl_5_50[8.7,] 	 SYMBOL:	 ARGS:%cl_5_50,
		 9: GETFIELD %self->delivery_service def_%cl_5_52 %self[8.2,8.8,2.0,] 
		 10: COPY TYPE_Array def_%cl_5_53 %cl_5_52[8.9,] 
		 11: COPY TYPE_StringLiteral "button" def_%cl_5_54 
		 12: HASH-class- def_%cl_5_55 %cl_5_54[8.11,] 
		 13: %self->link_to def_%cl_5_56 %self[8.2,8.8,2.0,] %cl_5_51[8.8,] %cl_5_53[8.10,] %cl_5_55[8.12,] 	 SYMBOL:	 ARGS:%cl_5_51,%cl_5_53,%cl_5_55,
		 14: RETURN %cl_5_56[8.13,] %self[8.2,8.8,8.13,2.0,] 
BB 9
	outgoing: 11 
	datadep: 
	instructions:
		 0: def_%cl_5_57 
		 1: def_%cl_5_58 %cl_5_57[9.0,] 
		 2: RETURN %cl_5_58[9.1,] %self[2.0,] 
BB 11
	outgoing: 
	datadep: 
	instructions:
CLOSURE END: 
		 10: RETURN %cl_3_9[3.9,] %self[3.4,3.5,3.8,3.9,2.0,] 
BB 4
	outgoing: 6 
	datadep: 
	instructions:
		 0: def_%cl_3_10 
		 1: def_%cl_3_11 %cl_3_10[4.0,] 
		 2: RETURN %cl_3_11[4.1,] %self[2.0,] 
BB 6
	outgoing: 
	datadep: 
	instructions:
CLOSURE END: 
		 31: 
		 32: COPY TYPE_StringLiteral "&larr; " def_%cl_1_42 
		 33: COPY TYPE_StringLiteral ".goto" def_%cl_1_43 
		 34: %self->t def_%cl_1_44 %self[5.5,5.8,5.11,5.16,5.19,5.21,5.24,5.25,5.30,2.0,] %cl_1_43[5.33,] 	 SYMBOL:	 ARGS:%cl_1_43,
		 35: COPY TYPE_StringLiteral " " def_%cl_1_45 
		 36: (Shoppe) def_%cl_1_46 
		 37: %cl_1_46->settings def_%cl_1_47 %cl_1_46[5.36,] 	 SYMBOL:	 ARGS:
		 38: %cl_1_47->store_name def_%cl_1_48 %cl_1_47[5.37,] 	 SYMBOL:	 ARGS:
		 39: BUILDSTRING def_%cl_1_49 %cl_1_42[5.32,] %cl_1_44[5.34,] %cl_1_45[5.35,] %cl_1_48[5.38,] 
		 40: %cl_1_49->html_safe def_%cl_1_50 %cl_1_49[5.39,] 	 SYMBOL:	 ARGS:
		 41: COPY TYPE_StringLiteral "/" def_%cl_1_51 
		 42: %self->link_to def_%cl_1_52 %self[5.5,5.8,5.11,5.16,5.19,5.21,5.24,5.25,5.30,5.34,2.0,] %cl_1_50[5.40,] %cl_1_51[5.41,] 	 SYMBOL:	 ARGS:%cl_1_50,%cl_1_51,
		 43: RETURN %cl_1_52[5.42,] %self[5.5,5.8,5.11,5.16,5.19,5.21,5.24,5.25,5.30,5.34,5.42,2.0,] 
BB 6
	outgoing: 8 
	datadep: 
	instructions:
		 0: def_%cl_1_53 
		 1: def_%cl_1_54 %cl_1_53[6.0,] 
		 2: RETURN %cl_1_54[6.1,] %self[5.25,2.0,] 
BB 8
	outgoing: 
	datadep: 
	instructions:
CLOSURE END: 
		 3: RETURN %v_13[4.2,] %self[4.1,2.0,] 
BB 6
	outgoing: 
	datadep: 
	instructions:

SET IRMethod, name = destroy instanceMethod = true
BB 1
	outgoing: 3 2 
	datadep: 
	instructions:
BB 2
	outgoing: 3 
	datadep: 
	instructions:
		 0: def_%self 
		 1: def_%v_0 
		 2: COPY TYPE_CurrentScope def_%current_scope 
		 3: COPY TYPE_ScopeModule def_%current_module 
		 4: 
		 5: 
		 6: GETFIELD %self->delivery_service_price def_%v_3 %self[2.0,] 
		 7: %v_3->destroy def_%v_4 %v_3[2.6,] 	 SYMBOL:	 ARGS:
		 8: 
		 9: GETFIELD %self->delivery_service def_%v_5 %self[2.0,] 
		 10: COPY TYPE_Array def_%v_6 %v_5[2.9,] 
		 11: COPY TYPE_StringLiteral "shoppe.delivery_service_prices.destroy_notice" def_%v_7 
		 12: %self->t def_%v_8 %self[2.0,] %v_7[2.11,] 	 SYMBOL:	 ARGS:%v_7,
		 13: HASH-notice- def_%v_9 %v_8[2.12,] 
		 14: %self->redirect_to def_%v_10 %self[2.0,2.12,] %v_6[2.10,] %v_9[2.13,] 	 SYMBOL:	 ARGS:%v_6,%v_9,
		 15: RETURN %v_10[2.14,] %self[2.0,2.12,2.14,] 
BB 3
	outgoing: 
	datadep: 
	instructions:

SET IRMethod, name = safe_params instanceMethod = true
BB 1
	outgoing: 3 2 
	datadep: 
	instructions:
BB 2
	outgoing: 3 
	datadep: 
	instructions:
		 0: def_%self 
		 1: def_%v_0 
		 2: COPY TYPE_CurrentScope def_%current_scope 
		 3: COPY TYPE_ScopeModule def_%current_module 
		 4: 
		 5: 
		 6: %self->params def_%v_3 %self[2.0,] 	 SYMBOL:	 ARGS:
		 7: %v_3->[] def_%v_4 %v_3[2.6,] 	 SYMBOL:delivery_service_price,	 ARGS:Symbol,
		 8: COPY TYPE_Array def_%v_5 
		 9: HASH-country_ids- def_%v_6 %v_5[2.8,] 
		 10: %v_4->permit def_%v_7 %v_4[2.7,] %v_6[2.9,] 	 SYMBOL:price,cost_price,tax_rate_id,min_weight,max_weight,code,	 ARGS:Symbol,Symbol,Symbol,Symbol,Symbol,Symbol,%v_6,
		 11: RETURN %v_7[2.10,] %self[2.0,2.6,] 
BB 3
	outgoing: 
	datadep: 
	instructions:

