SET IRMethod, name = create instanceMethod = true
BB 1
	outgoing: 6 2 
	datadep: 
	instructions:
BB 2
	outgoing: 3 4 
	datadep: 
	instructions:
		 0: def_%self 
		 1: def_%v_0 
		 2: COPY TYPE_CurrentScope def_%current_scope 
		 3: COPY TYPE_ScopeModule def_%current_module 
		 4: 
		 5: 
		 6: GETFIELD %self->order def_%v_3 %self[2.0,] 
		 7: %v_3->payments def_%v_4 %v_3[2.6,] 	 SYMBOL:	 ARGS:
		 8: %self->params def_%v_5 %self[2.0,] 	 SYMBOL:	 ARGS:
		 9: %v_5->[] def_%v_6 %v_5[2.8,] 	 SYMBOL:payment,	 ARGS:Symbol,
		 10: %v_6->permit def_%v_7 %v_6[2.9,] 	 SYMBOL:amount,method,reference,	 ARGS:Symbol,Symbol,Symbol,
		 11: %v_4->build def_%v_8 %v_4[2.7,] %v_7[2.10,] 	 SYMBOL:	 ARGS:%v_7,
		 12: COPY TYPE_PASS def_payment %v_8[2.11,] 
		 13: 
		 14: %v_8->save def_%v_9 %v_8[2.11,] 	 SYMBOL:	 ARGS:
		 15: BRANCH %v_9[2.14,] 
BB 3
	outgoing: 6 
	datadep: 
	instructions:
		 0: 
		 1: GETFIELD %self->order def_%v_10 %self[2.0,] 
		 2: COPY TYPE_StringLiteral "shoppe.payments.create_notice" def_%v_11 
		 3: %self->t def_%v_12 %self[2.0,] %v_11[3.2,] 	 SYMBOL:	 ARGS:%v_11,
		 4: HASH-notice- def_%v_13 %v_12[3.3,] 
		 5: HASH-flash- def_%v_14 %v_13[3.4,] 
		 6: %self->redirect_to def_%v_15 %self[3.3,2.0,] %v_10[3.1,] %v_14[3.5,] 	 SYMBOL:	 ARGS:%v_10,%v_14,
		 7: RETURN %v_15[3.6,] %self[3.3,3.6,2.0,] 
BB 4
	outgoing: 6 
	datadep: 
	instructions:
		 0: 
		 1: GETFIELD %self->order def_%v_16 %self[2.0,] 
		 2: payment->errors def_%v_17 payment[2.12,] 	 SYMBOL:	 ARGS:
		 3: %v_17->full_messages def_%v_18 %v_17[4.2,] 	 SYMBOL:	 ARGS:
		 4: %v_18->to_sentence def_%v_19 %v_18[4.3,] 	 SYMBOL:	 ARGS:
		 5: HASH-alert- def_%v_20 %v_19[4.4,] 
		 6: HASH-flash- def_%v_21 %v_20[4.5,] 
		 7: %self->redirect_to def_%v_22 %self[2.0,] %v_16[4.1,] %v_21[4.6,] 	 SYMBOL:	 ARGS:%v_16,%v_21,
		 8: RETURN %v_22[4.7,] %self[4.7,2.0,] 
BB 6
	outgoing: 
	datadep: 
	instructions:

SET IRMethod, name = destroy instanceMethod = true
BB 1
	outgoing: 3 2 
	datadep: 
	instructions:
BB 2
	outgoing: 3 
	datadep: 
	instructions:
		 0: def_%self 
		 1: def_%v_0 
		 2: COPY TYPE_CurrentScope def_%current_scope 
		 3: COPY TYPE_ScopeModule def_%current_module 
		 4: 
		 5: 
		 6: GETFIELD %self->payment def_%v_3 %self[2.0,] 
		 7: %v_3->destroy def_%v_4 %v_3[2.6,] 	 SYMBOL:	 ARGS:
		 8: 
		 9: GETFIELD %self->order def_%v_5 %self[2.0,] 
		 10: COPY TYPE_StringLiteral "shoppe.payments.destroy_notice" def_%v_6 
		 11: %self->t def_%v_7 %self[2.0,] %v_6[2.10,] 	 SYMBOL:	 ARGS:%v_6,
		 12: HASH-notice- def_%v_8 %v_7[2.11,] 
		 13: HASH-flash- def_%v_9 %v_8[2.12,] 
		 14: %self->redirect_to def_%v_10 %self[2.0,2.11,] %v_5[2.9,] %v_9[2.13,] 	 SYMBOL:	 ARGS:%v_5,%v_9,
		 15: RETURN %v_10[2.14,] %self[2.0,2.11,2.14,] 
BB 3
	outgoing: 
	datadep: 
	instructions:

SET IRMethod, name = refund instanceMethod = true
BB 1
	outgoing: 19 2 
	datadep: 
	instructions:
BB 2
	outgoing: 4 
	datadep: 
	instructions:
		 0: def_%self 
		 1: def_%v_0 
		 2: COPY TYPE_CurrentScope def_%current_scope 
		 3: COPY TYPE_ScopeModule def_%current_module 
		 4: 
		 5: GLOBALVAR $! def_%v_3 
BB 4
	outgoing: 5 6 9 
	datadep: 
	instructions:
		 0: 
		 1: 
		 2: %self->request def_%v_6 %self[2.0,] 	 SYMBOL:	 ARGS:
		 3: %v_6->post? def_%v_7 %v_6[4.2,] 	 SYMBOL:	 ARGS:
		 4: BRANCH %v_7[4.3,] 
BB 5
	outgoing: 7 9 
	datadep: 
	instructions:
		 0: 
		 1: GETFIELD %self->payment def_%v_8 %self[2.0,] 
		 2: %self->params def_%v_9 %self[2.0,] 	 SYMBOL:	 ARGS:
		 3: %v_9->[] def_%v_10 %v_9[5.2,] 	 SYMBOL:amount,	 ARGS:Symbol,
		 4: %v_8->refund! def_%v_11 %v_8[5.1,] %v_10[5.3,] 	 SYMBOL:	 ARGS:%v_10,
		 5: 
		 6: GETFIELD %self->order def_%v_12 %self[5.2,2.0,] 
		 7: COPY TYPE_StringLiteral "shoppe.payments.refund_notice" def_%v_13 
		 8: %self->t def_%v_14 %self[5.2,2.0,] %v_13[5.7,] 	 SYMBOL:	 ARGS:%v_13,
		 9: HASH-notice- def_%v_15 %v_14[5.8,] 
		 10: HASH-flash- def_%v_16 %v_15[5.9,] 
		 11: %self->redirect_to def_%v_17 %self[5.2,5.8,2.0,] %v_12[5.6,] %v_16[5.10,] 	 SYMBOL:	 ARGS:%v_12,%v_16,
		 12: 
BB 6
	outgoing: 7 9 
	datadep: 
	instructions:
		 0: 
		 1: HASH-layout- def_%v_18 
		 2: %self->render def_%v_19 %self[2.0,] %v_18[6.1,] 	 SYMBOL:	 ARGS:%v_18,
		 3: COPY TYPE_PASS def_%v_17 %v_19[6.2,] 
BB 7
	outgoing: 8 9 
	datadep: 
	instructions:
		 0: COPY TYPE_PASS def_%v_5 %v_17[6.3,5.11,] 
		 1: %v_3[2.5,] 
BB 8
	outgoing: 18 
	datadep: 
	instructions:
		 0: 
BB 9
	outgoing: 10 11 17 
	datadep: 
	instructions:
		 0: def_%v_20 
		 1: (Shoppe) def_%v_21 
		 2: (inherit Errors) def_%v_22 %v_21[9.1,] 
		 3: %v_22[9.2,] 
BB 10
	outgoing: 11 17 
	datadep: 
	instructions:
		 0: %v_21->const_missing def_%v_22 %v_21[9.1,] 	 SYMBOL:Errors,	 ARGS:Symbol,
BB 11
	outgoing: 12 13 17 
	datadep: 
	instructions:
		 0: (inherit RefundFailed) def_%v_23 %v_22[10.0,9.2,] 
		 1: %v_23[11.0,] 
BB 12
	outgoing: 13 17 
	datadep: 
	instructions:
		 0: %v_22->const_missing def_%v_23 %v_22[10.0,9.2,] 	 SYMBOL:RefundFailed,	 ARGS:Symbol,
BB 13
	outgoing: 14 15 17 
	datadep: 
	instructions:
		 0: def_%v_24 %v_23[12.0,11.0,] %v_20[9.0,] 
		 1: BRANCH %v_24[13.0,] 
BB 14
	outgoing: 17 19 
	datadep: 
	instructions:
		 0: %v_20[9.0,] 
BB 15
	outgoing: 16 17 
	datadep: 
	instructions:
		 0: GLOBALVAR $! def_%v_25 
		 1: COPY TYPE_PASS def_e %v_25[15.0,] 
		 2: 
		 3: GETFIELD %self->order def_%v_26 %self[2.0,] 
		 4: %v_25->message def_%v_27 %v_25[15.0,] 	 SYMBOL:	 ARGS:
		 5: HASH-alert- def_%v_28 %v_27[15.4,] 
		 6: HASH-flash- def_%v_29 %v_28[15.5,] 
		 7: %self->redirect_to def_%v_30 %self[2.0,] %v_26[15.3,] %v_29[15.6,] 	 SYMBOL:	 ARGS:%v_26,%v_29,
		 8: COPY TYPE_PASS def_%v_5 %v_30[15.7,] 
		 9: %v_3[2.5,] 
BB 16
	outgoing: 18 
	datadep: 
	instructions:
		 0: 
BB 17
	outgoing: 19 
	datadep: 
	instructions:
		 0: def_%v_31 
		 1: def_%v_32 %v_31[17.0,] %v_3[2.5,] 
		 2: %v_31[17.0,] 
BB 18
	outgoing: 19 
	datadep: 
	instructions:
		 0: RETURN %v_5[7.0,15.8,] %self[2.0,] 
BB 19
	outgoing: 
	datadep: 
	instructions:

