SET IRMethod, name = index instanceMethod = true
BB 1
	outgoing: 6 2 
	datadep: 
	instructions:
BB 2
	outgoing: 3 4 
	datadep: 
	instructions:
		 0: def_%self 
		 1: def_%v_0 
		 2: COPY TYPE_CurrentScope def_%current_scope 
		 3: COPY TYPE_ScopeModule def_%current_module 
		 4: 
		 5: 
		 6: GETFIELD %self->item def_%v_3 %self[2.0,] 
		 7: %v_3->stock_level_adjustments def_%v_4 %v_3[2.6,] 	 SYMBOL:	 ARGS:
		 8: %v_4->ordered def_%v_5 %v_4[2.7,] 	 SYMBOL:	 ARGS:
		 9: %self->params def_%v_6 %self[2.0,] 	 SYMBOL:	 ARGS:
		 10: %v_6->[] def_%v_7 %v_6[2.9,] 	 SYMBOL:page,	 ARGS:Symbol,
		 11: %v_5->page def_%v_8 %v_5[2.8,] %v_7[2.10,] 	 SYMBOL:	 ARGS:%v_7,
		 12: %v_8->per def_%v_9 %v_8[2.11,] 	 SYMBOL:	 ARGS:Fixnum,
		 13: ATTRASSIGN %self->stock_level_adjustments %v_9[2.12,] 
		 14: 
		 15: GETFIELD %self->new_sla def_%v_10 %self[2.0,2.9,] 
		 16: %v_10->nil? def_%v_11 %v_10[2.15,] 	 SYMBOL:	 ARGS:
		 17: BRANCH %v_11[2.16,] 
BB 3
	outgoing: 5 
	datadep: 
	instructions:
		 0: GETFIELD %self->item def_%v_12 %self[2.0,] 
		 1: %v_12->stock_level_adjustments def_%v_13 %v_12[3.0,] 	 SYMBOL:	 ARGS:
		 2: %v_13->build def_%v_14 %v_13[3.1,] 	 SYMBOL:	 ARGS:
		 3: ATTRASSIGN %self->new_sla %v_14[3.2,] 
		 4: 
BB 4
	outgoing: 5 
	datadep: 
	instructions:
		 0: COPY TYPE_Nil def_%v_14 
BB 5
	outgoing: 6 
	datadep: 
	instructions:
		 0: 
		 1: %self->ruby_code_from_view def_%v_15 %self[3.3,2.0,2.13,] 	 SYMBOL:	 ARGS:
		 2: %v_15->ruby_code_from_view def_%v_16 %v_15[5.1,] %self[5.1,3.3,2.0,2.13,] 	 SYMBOL:	 ARGS:%v_15,
CLOSURE BEGIN: %self[5.1,3.3,2.0,2.13,] f[] sla[] 
BB 1
	outgoing: 6 2 
	datadep: 
	instructions:
BB 2
	outgoing: 3 
	datadep: 
	instructions:
		 0: def_%self 
		 1: def_%cl_1_0 
		 2: RECEIVEARG def_rb_from_view 
		 3: COPY TYPE_CurrentScope def_%current_scope 
		 4: COPY TYPE_ScopeModule def_%current_module 
BB 3
	outgoing: 4 6 
	datadep: 
	instructions:
		 0: 
		 1: COPY TYPE_StringLiteral "shoppe.stock_level_adjustments.stock_levels_title" def_%cl_1_3 
		 2: GETFIELD %self->item def_%cl_1_4 %self[2.0,] 
		 3: %cl_1_4->name def_%cl_1_5 %cl_1_4[3.2,] 	 SYMBOL:	 ARGS:
		 4: HASH-item_name- def_%cl_1_6 %cl_1_5[3.3,] 
		 5: %self->t def_%cl_1_7 %self[2.0,] %cl_1_3[3.1,] %cl_1_6[3.4,] 	 SYMBOL:	 ARGS:%cl_1_3,%cl_1_6,
		 6: ATTRASSIGN %self->page_title %cl_1_7[3.5,] 
		 7: 
		 8: %self->content_for def_%cl_1_8 %self[3.5,3.6,2.0,] %self[3.5,3.6,2.0,] 	 SYMBOL:header,	 ARGS:Symbol,%self,
CLOSURE BEGIN: %self[3.5,3.6,2.0,] 
BB 1
	outgoing: 12 2 
	datadep: 
	instructions:
BB 2
	outgoing: 3 
	datadep: 
	instructions:
		 0: def_%self 
		 1: def_%cl_2_0 
		 2: COPY TYPE_CurrentScope def_%current_scope 
		 3: COPY TYPE_ScopeModule def_%current_module 
BB 3
	outgoing: 4 5 10 
	datadep: 
	instructions:
		 0: 
		 1: GETFIELD %self->item def_%cl_2_3 %self[2.0,] 
		 2: (Shoppe) def_%cl_2_6 
		 3: (inherit Product) def_%cl_2_7 %cl_2_6[3.2,] 
		 4: %cl_2_7[3.3,] 
BB 4
	outgoing: 5 10 
	datadep: 
	instructions:
		 0: %cl_2_6->const_missing def_%cl_2_7 %cl_2_6[3.2,] 	 SYMBOL:Product,	 ARGS:Symbol,
BB 5
	outgoing: 6 7 10 
	datadep: 
	instructions:
		 0: def_%cl_2_5 %cl_2_7[4.0,3.3,] %cl_2_3[3.1,] 
		 1: BRANCH %cl_2_5[5.0,] 
BB 6
	outgoing: 9 
	datadep: 
	instructions:
		 0: COPY TYPE_Nil def_%cl_2_4 
		 1: 
BB 7
	outgoing: 9 10 
	datadep: 
	instructions:
		 0: 
		 1: ATTRASSIGN %self->active_nav 
		 2: 
		 3: COPY TYPE_StringLiteral "shoppe.stock_level_adjustments.edit_product" def_%cl_2_8 
		 4: %self->t def_%cl_2_9 %self[7.1,2.0,] %cl_2_8[7.3,] 	 SYMBOL:	 ARGS:%cl_2_8,
		 5: GETFIELD %self->item def_%cl_2_10 %self[7.4,2.0,] 
		 6: COPY TYPE_Array def_%cl_2_11 %cl_2_10[7.5,] 
		 7: COPY TYPE_StringLiteral "button" def_%cl_2_12 
		 8: HASH-class- def_%cl_2_13 %cl_2_12[7.7,] 
		 9: %self->link_to def_%cl_2_14 %self[7.1,7.4,2.0,] %cl_2_9[7.4,] %cl_2_11[7.6,] %cl_2_13[7.8,] 	 SYMBOL:	 ARGS:%cl_2_9,%cl_2_11,%cl_2_13,
		 10: 
		 11: COPY TYPE_StringLiteral "shoppe.stock_level_adjustments.back_to_product" def_%cl_2_15 
		 12: %self->t def_%cl_2_16 %self[7.1,7.4,7.9,2.0,] %cl_2_15[7.11,] 	 SYMBOL:	 ARGS:%cl_2_15,
		 13: COPY TYPE_StringLiteral "button" def_%cl_2_17 
		 14: HASH-class- def_%cl_2_18 %cl_2_17[7.13,] 
		 15: %self->link_to def_%cl_2_19 %self[7.1,7.4,7.9,7.12,2.0,] %cl_2_16[7.12,] %cl_2_18[7.14,] 	 SYMBOL:products,	 ARGS:%cl_2_16,Symbol,%cl_2_18,
		 16: COPY TYPE_PASS def_%cl_2_4 %cl_2_19[7.15,] 
		 17: 
BB 9
	outgoing: 10 12 
	datadep: 
	instructions:
		 0: 
		 1: COPY TYPE_StringLiteral "shoppe.stock_level_adjustments.stock_levels_for" def_%cl_2_20 
		 2: GETFIELD %self->item def_%cl_2_21 %self[2.0,] 
		 3: %cl_2_21->name def_%cl_2_22 %cl_2_21[9.2,] 	 SYMBOL:	 ARGS:
		 4: HASH-item_name- def_%cl_2_23 %cl_2_22[9.3,] 
		 5: %self->t def_%cl_2_24 %self[7.1,2.0,] %cl_2_20[9.1,] %cl_2_23[9.4,] 	 SYMBOL:	 ARGS:%cl_2_20,%cl_2_23,
		 6: RETURN %cl_2_24[9.5,] %self[9.5,7.1,2.0,] 
BB 10
	outgoing: 12 
	datadep: 
	instructions:
		 0: def_%cl_2_25 
		 1: def_%cl_2_26 %cl_2_25[10.0,] 
		 2: RETURN %cl_2_26[10.1,] %self[7.1,2.0,] 
BB 12
	outgoing: 
	datadep: 
	instructions:
CLOSURE END: 
		 9: 
		 10: COPY TYPE_StringLiteral "shoppe.stock_level_adjustments.current_stock_level_html" def_%cl_1_9 
		 11: GETFIELD %self->item def_%cl_1_10 %self[3.5,3.8,2.0,] 
		 12: %cl_1_10->stock def_%cl_1_11 %cl_1_10[3.11,] 	 SYMBOL:	 ARGS:
		 13: HASH-item_stock- def_%cl_1_12 %cl_1_11[3.12,] 
		 14: %self->t def_%cl_1_13 %self[3.5,3.6,3.8,2.0,] %cl_1_9[3.10,] %cl_1_12[3.13,] 	 SYMBOL:	 ARGS:%cl_1_9,%cl_1_12,
		 15: %cl_1_13->html_safe def_%cl_1_14 %cl_1_13[3.14,] 	 SYMBOL:	 ARGS:
		 16: 
		 17: GETFIELD %self->stock_level_adjustments def_%cl_1_15 %self[3.5,3.8,3.14,2.0,] 
		 18: %self->page_entries_info def_%cl_1_16 %self[3.5,3.6,3.8,3.14,2.0,] %cl_1_15[3.17,] 	 SYMBOL:	 ARGS:%cl_1_15,
		 19: 
		 20: GETFIELD %self->new_sla def_%cl_1_17 %self[3.5,3.8,3.14,3.18,2.0,] 
		 21: %self->form_for def_%cl_1_18 %self[3.5,3.6,3.8,3.14,3.18,2.0,] %cl_1_17[3.20,] %self[3.5,3.6,3.8,3.14,3.18,2.0,] 	 SYMBOL:	 ARGS:%cl_1_17,%self,
CLOSURE BEGIN: %self[3.5,3.6,3.8,3.14,3.18,2.0,] f[] sla[] 
BB 1
	outgoing: 6 2 
	datadep: 
	instructions:
BB 2
	outgoing: 3 
	datadep: 
	instructions:
		 0: def_%self 
		 1: def_%cl_3_0 
		 2: RECEIVEARG def_f 
		 3: COPY TYPE_CurrentScope def_%current_scope 
		 4: COPY TYPE_ScopeModule def_%current_module 
BB 3
	outgoing: 4 6 
	datadep: 
	instructions:
		 0: 
		 1: COPY TYPE_StringLiteral "item_type" def_%cl_3_3 
		 2: %self->params def_%cl_3_4 %self[2.0,] 	 SYMBOL:	 ARGS:
		 3: %cl_3_4->[] def_%cl_3_5 %cl_3_4[3.2,] 	 SYMBOL:item_type,	 ARGS:Symbol,
		 4: %self->hidden_field_tag def_%cl_3_6 %self[3.2,2.0,] %cl_3_3[3.1,] %cl_3_5[3.3,] 	 SYMBOL:	 ARGS:%cl_3_3,%cl_3_5,
		 5: 
		 6: COPY TYPE_StringLiteral "item_id" def_%cl_3_7 
		 7: %self->params def_%cl_3_8 %self[3.2,3.4,2.0,] 	 SYMBOL:	 ARGS:
		 8: %cl_3_8->[] def_%cl_3_9 %cl_3_8[3.7,] 	 SYMBOL:item_id,	 ARGS:Symbol,
		 9: %self->hidden_field_tag def_%cl_3_10 %self[3.2,3.4,3.7,2.0,] %cl_3_7[3.6,] %cl_3_9[3.8,] 	 SYMBOL:	 ARGS:%cl_3_7,%cl_3_9,
		 10: 
		 11: COPY TYPE_StringLiteral "shoppe.stock_level_adjustments.date" def_%cl_3_11 
		 12: %self->t def_%cl_3_12 %self[3.2,3.4,3.7,3.9,2.0,] %cl_3_11[3.11,] 	 SYMBOL:	 ARGS:%cl_3_11,
		 13: 
		 14: COPY TYPE_StringLiteral "shoppe.stock_level_adjustments.description" def_%cl_3_13 
		 15: %self->t def_%cl_3_14 %self[3.2,3.4,3.7,3.9,3.12,2.0,] %cl_3_13[3.14,] 	 SYMBOL:	 ARGS:%cl_3_13,
		 16: 
		 17: COPY TYPE_StringLiteral "shoppe.stock_level_adjustments.adjustment" def_%cl_3_15 
		 18: %self->t def_%cl_3_16 %self[3.2,3.4,3.7,3.9,3.12,3.15,2.0,] %cl_3_15[3.17,] 	 SYMBOL:	 ARGS:%cl_3_15,
		 19: 
		 20: f->text_field def_%cl_3_17 f[2.2,] 	 SYMBOL:description,	 ARGS:Symbol,
		 21: 
		 22: f->text_field def_%cl_3_18 f[3.20,2.2,] 	 SYMBOL:adjustment,	 ARGS:Symbol,
		 23: 
		 24: COPY TYPE_StringLiteral "shoppe.stock_level_adjustments.add" def_%cl_3_19 
		 25: %self->t def_%cl_3_20 %self[3.2,3.4,3.7,3.9,3.12,3.15,3.18,2.0,] %cl_3_19[3.24,] 	 SYMBOL:	 ARGS:%cl_3_19,
		 26: COPY TYPE_StringLiteral "button button-mini green" def_%cl_3_21 
		 27: HASH-class- def_%cl_3_22 %cl_3_21[3.26,] 
		 28: f->submit def_%cl_3_23 f[3.20,3.22,2.2,] %cl_3_20[3.25,] %cl_3_22[3.27,] 	 SYMBOL:	 ARGS:%cl_3_20,%cl_3_22,
		 29: 
		 30: GETFIELD %self->stock_level_adjustments def_%cl_3_25 %self[3.2,3.4,3.7,3.9,3.12,3.15,3.18,3.25,2.0,] 
		 31: %cl_3_25->each def_%cl_3_24 %cl_3_25[3.30,] %self[3.2,3.4,3.7,3.9,3.12,3.15,3.18,3.25,2.0,] 	 SYMBOL:	 ARGS:%cl_3_25,
CLOSURE BEGIN: sla[] %self[3.2,3.4,3.7,3.9,3.12,3.15,3.18,3.25,2.0,] 
BB 1
	outgoing: 7 2 
	datadep: 
	instructions:
BB 2
	outgoing: 4 5 
	datadep: 
	instructions:
		 0: def_%self 
		 1: def_%cl_4_0 
		 2: RECEIVEARG def_sla 
		 3: COPY TYPE_CurrentScope def_%current_scope 
		 4: COPY TYPE_ScopeModule def_%current_module 
		 5: 
		 6: sla->created_at def_%cl_4_3 sla[2.2,] 	 SYMBOL:	 ARGS:
		 7: HASH-format- def_%cl_4_4 
		 8: %self->l def_%cl_4_5 %self[2.0,] %cl_4_3[2.6,] %cl_4_4[2.7,] 	 SYMBOL:	 ARGS:%cl_4_3,%cl_4_4,
		 9: 
		 10: sla->description def_%cl_4_6 sla[2.2,2.6,] 	 SYMBOL:	 ARGS:
		 11: 
		 12: sla->adjustment def_%cl_4_7 sla[2.2,2.6,2.10,] 	 SYMBOL:	 ARGS:
		 13: %cl_4_7->> def_%cl_4_8 %cl_4_7[2.12,] 	 SYMBOL:	 ARGS:Fixnum,
		 14: BRANCH %cl_4_8[2.13,] 
BB 4
	outgoing: 7 
	datadep: 
	instructions:
		 0: COPY TYPE_StringLiteral "+" def_%cl_4_9 
		 1: sla->adjustment def_%cl_4_10 sla[2.2,] 	 SYMBOL:	 ARGS:
		 2: BUILDSTRING def_%cl_4_11 %cl_4_9[4.0,] %cl_4_10[4.1,] 
		 3: RETURN %cl_4_11[4.2,] %self[2.0,] 
BB 5
	outgoing: 7 
	datadep: 
	instructions:
		 0: sla->adjustment def_%cl_4_12 sla[2.2,] 	 SYMBOL:	 ARGS:
		 1: RETURN %cl_4_12[5.0,] %self[2.0,] 
BB 7
	outgoing: 
	datadep: 
	instructions:
CLOSURE END: sla[2.2,] 
		 32: 
		 33: GETFIELD %self->stock_level_adjustments def_%cl_3_26 %self[3.2,3.4,3.7,3.9,3.12,3.15,3.18,3.25,2.0,] 
		 34: %self->paginate def_%cl_3_27 %self[3.2,3.4,3.7,3.9,3.12,3.15,3.18,3.25,2.0,] %cl_3_26[3.33,] 	 SYMBOL:	 ARGS:%cl_3_26,
		 35: RETURN %cl_3_27[3.34,] %self[3.2,3.4,3.7,3.9,3.12,3.15,3.18,3.25,3.34,2.0,] 
BB 4
	outgoing: 6 
	datadep: 
	instructions:
		 0: def_%cl_3_28 
		 1: def_%cl_3_29 %cl_3_28[4.0,] 
		 2: RETURN %cl_3_29[4.1,] %self[2.0,] 
BB 6
	outgoing: 
	datadep: 
	instructions:
CLOSURE END: 
		 22: RETURN %cl_1_18[3.21,] %self[3.5,3.6,3.8,3.14,3.18,3.21,2.0,] 
BB 4
	outgoing: 6 
	datadep: 
	instructions:
		 0: def_%cl_1_19 
		 1: def_%cl_1_20 %cl_1_19[4.0,] 
		 2: RETURN %cl_1_20[4.1,] %self[3.6,2.0,] 
BB 6
	outgoing: 
	datadep: 
	instructions:
CLOSURE END: 
		 3: RETURN %v_16[5.2,] %self[5.1,3.3,2.0,2.13,] 
BB 6
	outgoing: 
	datadep: 
	instructions:

SET IRMethod, name = create instanceMethod = true
BB 1
	outgoing: 12 2 
	datadep: 
	instructions:
BB 2
	outgoing: 3 7 
	datadep: 
	instructions:
		 0: def_%self 
		 1: def_%v_0 
		 2: COPY TYPE_CurrentScope def_%current_scope 
		 3: COPY TYPE_ScopeModule def_%current_module 
		 4: 
		 5: 
		 6: GETFIELD %self->item def_%v_3 %self[2.0,] 
		 7: %v_3->stock_level_adjustments def_%v_4 %v_3[2.6,] 	 SYMBOL:	 ARGS:
		 8: %self->params def_%v_5 %self[2.0,] 	 SYMBOL:	 ARGS:
		 9: %v_5->[] def_%v_6 %v_5[2.8,] 	 SYMBOL:stock_level_adjustment,	 ARGS:Symbol,
		 10: %v_6->permit def_%v_7 %v_6[2.9,] 	 SYMBOL:description,adjustment,	 ARGS:Symbol,Symbol,
		 11: %v_4->build def_%v_8 %v_4[2.7,] %v_7[2.10,] 	 SYMBOL:	 ARGS:%v_7,
		 12: ATTRASSIGN %self->new_sla %v_8[2.11,] 
		 13: 
		 14: GETFIELD %self->new_sla def_%v_9 %self[2.0,2.8,2.12,] 
		 15: %v_9->save def_%v_10 %v_9[2.14,] 	 SYMBOL:	 ARGS:
		 16: BRANCH %v_10[2.15,] 
BB 3
	outgoing: 4 5 
	datadep: 
	instructions:
		 0: 
		 1: %self->request def_%v_11 %self[2.0,2.12,] 	 SYMBOL:	 ARGS:
		 2: %v_11->xhr? def_%v_12 %v_11[3.1,] 	 SYMBOL:	 ARGS:
		 3: BRANCH %v_12[3.2,] 
BB 4
	outgoing: 6 
	datadep: 
	instructions:
		 0: 
		 1: GETFIELD %self->item def_%v_13 %self[2.0,] 
		 2: %v_13->stock_level_adjustments def_%v_14 %v_13[4.1,] 	 SYMBOL:	 ARGS:
		 3: %v_14->build def_%v_15 %v_14[4.2,] 	 SYMBOL:	 ARGS:
		 4: ATTRASSIGN %self->new_sla %v_15[4.3,] 
		 5: 
		 6: %self->index def_%v_16 %self[4.4,2.0,2.12,] 	 SYMBOL:	 ARGS:
		 7: 
BB 5
	outgoing: 6 
	datadep: 
	instructions:
		 0: 
		 1: %self->params def_%v_17 %self[2.0,2.12,] 	 SYMBOL:	 ARGS:
		 2: %v_17->[] def_%v_18 %v_17[5.1,] 	 SYMBOL:item_id,	 ARGS:Symbol,
		 3: %self->params def_%v_19 %self[5.1,2.0,2.12,] 	 SYMBOL:	 ARGS:
		 4: %v_19->[] def_%v_20 %v_19[5.3,] 	 SYMBOL:item_type,	 ARGS:Symbol,
		 5: HASH-item_id-item_type- def_%v_21 %v_18[5.2,] %v_20[5.4,] 
		 6: %self->stock_level_adjustments_path def_%v_22 %self[5.1,5.3,2.0,2.12,] %v_21[5.5,] 	 SYMBOL:	 ARGS:%v_21,
		 7: COPY TYPE_StringLiteral "shoppe.stock_level_adjustments.create_notice" def_%v_23 
		 8: %self->t def_%v_24 %self[5.1,5.3,5.6,2.0,2.12,] %v_23[5.7,] 	 SYMBOL:	 ARGS:%v_23,
		 9: HASH-notice- def_%v_25 %v_24[5.8,] 
		 10: %self->redirect_to def_%v_26 %self[5.1,5.3,5.6,5.8,2.0,2.12,] %v_22[5.6,] %v_25[5.9,] 	 SYMBOL:	 ARGS:%v_22,%v_25,
		 11: COPY TYPE_PASS def_%v_16 %v_26[5.10,] 
BB 6
	outgoing: 12 
	datadep: 
	instructions:
		 0: RETURN %v_16[5.11,4.6,] %self[4.4,2.0,2.12,] 
BB 7
	outgoing: 8 9 
	datadep: 
	instructions:
		 0: 
		 1: %self->request def_%v_27 %self[2.0,2.12,] 	 SYMBOL:	 ARGS:
		 2: %v_27->xhr? def_%v_28 %v_27[7.1,] 	 SYMBOL:	 ARGS:
		 3: BRANCH %v_28[7.2,] 
BB 8
	outgoing: 10 
	datadep: 
	instructions:
		 0: 
		 1: GETFIELD %self->new_sla def_%v_29 %self[2.0,2.12,] 
		 2: %v_29->errors def_%v_30 %v_29[8.1,] 	 SYMBOL:	 ARGS:
		 3: %v_30->full_messages def_%v_31 %v_30[8.2,] 	 SYMBOL:	 ARGS:
		 4: %v_31->to_sentence def_%v_32 %v_31[8.3,] 	 SYMBOL:	 ARGS:
		 5: HASH-text-status- def_%v_33 %v_32[8.4,] 
		 6: %self->render def_%v_34 %self[2.0,2.12,] %v_33[8.5,] 	 SYMBOL:	 ARGS:%v_33,
		 7: 
BB 9
	outgoing: 10 
	datadep: 
	instructions:
		 0: 
		 1: %self->index def_%v_35 %self[2.0,2.12,] 	 SYMBOL:	 ARGS:
		 2: 
		 3: %self->flash def_%v_36 %self[9.1,2.0,2.12,] 	 SYMBOL:	 ARGS:
		 4: %v_36->now def_%v_37 %v_36[9.3,] 	 SYMBOL:	 ARGS:
		 5: GETFIELD %self->new_sla def_%v_38 %self[9.1,9.3,2.0,2.12,] 
		 6: %v_38->errors def_%v_39 %v_38[9.5,] 	 SYMBOL:	 ARGS:
		 7: %v_39->full_messages def_%v_40 %v_39[9.6,] 	 SYMBOL:	 ARGS:
		 8: %v_40->to_sentence def_%v_41 %v_40[9.7,] 	 SYMBOL:	 ARGS:
		 9: ATTRASSIGN %v_37->[] %v_41[9.8,] 
		 10: 
		 11: %self->ruby_code_from_view def_%v_42 %self[9.1,9.3,2.0,2.12,] 	 SYMBOL:	 ARGS:
		 12: %v_42->ruby_code_from_view def_%v_43 %v_42[9.11,] %self[9.1,9.3,9.11,2.0,2.12,] 	 SYMBOL:	 ARGS:%v_42,
CLOSURE BEGIN: %self[9.1,9.3,9.11,2.0,2.12,] category[] f[] sla[] 
BB 1
	outgoing: 22 2 
	datadep: 
	instructions:
BB 2
	outgoing: 3 
	datadep: 
	instructions:
		 0: def_%self 
		 1: def_%cl_1_0 
		 2: RECEIVEARG def_rb_from_view 
		 3: COPY TYPE_CurrentScope def_%current_scope 
		 4: COPY TYPE_ScopeModule def_%current_module 
BB 3
	outgoing: 4 5 20 
	datadep: 
	instructions:
		 0: 
		 1: %self->stylesheet_link_tag def_%cl_1_3 %self[2.0,] 	 SYMBOL:application,	 ARGS:Symbol,
		 2: 
		 3: %self->javascript_include_tag def_%cl_1_4 %self[3.1,2.0,] 	 SYMBOL:application,	 ARGS:Symbol,
		 4: 
		 5: %self->csrf_meta_tags def_%cl_1_5 %self[3.1,3.3,2.0,] 	 SYMBOL:	 ARGS:
		 6: 
		 7: def_%cl_1_6 %cl_1_0[2.1,] 
		 8: 
		 9: COPY TYPE_StringLiteral "Play with Shoppe Admin" def_%cl_1_7 
		 10: COPY TYPE_StringLiteral "/shoppe" def_%cl_1_8 
		 11: %self->link_to def_%cl_1_9 %self[3.1,3.3,3.5,2.0,] %cl_1_7[3.9,] %cl_1_8[3.10,] 	 SYMBOL:	 ARGS:%cl_1_7,%cl_1_8,
		 12: 
		 13: COPY TYPE_StringLiteral "Browse the code" def_%cl_1_10 
		 14: COPY TYPE_StringLiteral "http://github.com/tryshoppe/core" def_%cl_1_11 
		 15: %self->link_to def_%cl_1_12 %self[3.1,3.3,3.5,3.11,2.0,] %cl_1_10[3.13,] %cl_1_11[3.14,] 	 SYMBOL:	 ARGS:%cl_1_10,%cl_1_11,
		 16: 
		 17: %self->display_flash def_%cl_1_13 %self[3.1,3.3,3.5,3.11,3.15,2.0,] 	 SYMBOL:	 ARGS:
		 18: 
		 19: COPY TYPE_StringLiteral "Home" def_%cl_1_14 
		 20: %self->root_path def_%cl_1_15 %self[3.1,3.3,3.5,3.11,3.15,3.17,2.0,] 	 SYMBOL:	 ARGS:
		 21: HASH-nav_item- def_%cl_1_16 
		 22: %self->link_to def_%cl_1_17 %self[3.1,3.3,3.5,3.11,3.15,3.17,3.20,2.0,] %cl_1_14[3.19,] %cl_1_15[3.20,] %cl_1_16[3.21,] 	 SYMBOL:	 ARGS:%cl_1_14,%cl_1_15,%cl_1_16,
		 23: 
		 24: COPY TYPE_StringLiteral "Our catalogue" def_%cl_1_18 
		 25: %self->catalogue_path def_%cl_1_19 %self[3.1,3.3,3.5,3.11,3.15,3.17,3.20,3.22,2.0,] 	 SYMBOL:	 ARGS:
		 26: COPY TYPE_StringLiteral "noborder" def_%cl_1_20 
		 27: HASH-nav_item-class- def_%cl_1_21 %cl_1_20[3.26,] 
		 28: %self->link_to def_%cl_1_22 %self[3.1,3.3,3.5,3.11,3.15,3.17,3.20,3.22,3.25,2.0,] %cl_1_18[3.24,] %cl_1_19[3.25,] %cl_1_21[3.27,] 	 SYMBOL:	 ARGS:%cl_1_18,%cl_1_19,%cl_1_21,
		 29: 
		 30: (Shoppe) def_%cl_1_24 
		 31: (inherit ProductCategory) def_%cl_1_25 %cl_1_24[3.30,] 
		 32: %cl_1_25[3.31,] 
BB 4
	outgoing: 5 20 
	datadep: 
	instructions:
		 0: %cl_1_24->const_missing def_%cl_1_25 %cl_1_24[3.30,] 	 SYMBOL:ProductCategory,	 ARGS:Symbol,
BB 5
	outgoing: 6 7 20 
	datadep: 
	instructions:
		 0: %cl_1_25->ordered def_%cl_1_26 %cl_1_25[4.0,3.31,] 	 SYMBOL:	 ARGS:
		 1: %cl_1_26->each def_%cl_1_23 %cl_1_26[5.0,] %self[2.0,] 	 SYMBOL:	 ARGS:%cl_1_26,
CLOSURE BEGIN: category[] %self[2.0,] 
BB 1
	outgoing: 4 2 
	datadep: 
	instructions:
BB 2
	outgoing: 4 
	datadep: 
	instructions:
		 0: def_%self 
		 1: def_%cl_2_0 
		 2: RECEIVEARG def_category 
		 3: COPY TYPE_CurrentScope def_%current_scope 
		 4: COPY TYPE_ScopeModule def_%current_module 
		 5: 
		 6: category->name def_%cl_2_3 category[2.2,] 	 SYMBOL:	 ARGS:
		 7: category->permalink def_%cl_2_4 category[2.2,2.6,] 	 SYMBOL:	 ARGS:
		 8: %self->products_path def_%cl_2_5 %self[2.0,] %cl_2_4[2.7,] 	 SYMBOL:	 ARGS:%cl_2_4,
		 9: %self->link_to def_%cl_2_6 %self[2.0,2.8,] %cl_2_3[2.6,] %cl_2_5[2.8,] 	 SYMBOL:	 ARGS:%cl_2_3,%cl_2_5,
		 10: RETURN %cl_2_6[2.9,] %self[2.0,2.8,2.9,] 
BB 4
	outgoing: 
	datadep: 
	instructions:
CLOSURE END: category[2.2,] 
		 2: 
		 3: COPY TYPE_StringLiteral "Why shop with us?" def_%cl_1_27 
		 4: %self->page_path def_%cl_1_28 %self[2.0,] 	 SYMBOL:why,	 ARGS:Symbol,
		 5: HASH-nav_item- def_%cl_1_29 
		 6: %self->link_to def_%cl_1_30 %self[5.4,2.0,] %cl_1_27[5.3,] %cl_1_28[5.4,] %cl_1_29[5.5,] 	 SYMBOL:	 ARGS:%cl_1_27,%cl_1_28,%cl_1_29,
		 7: 
		 8: COPY TYPE_StringLiteral "FAQs" def_%cl_1_31 
		 9: %self->page_path def_%cl_1_32 %self[5.4,5.6,2.0,] 	 SYMBOL:faqs,	 ARGS:Symbol,
		 10: HASH-nav_item- def_%cl_1_33 
		 11: %self->link_to def_%cl_1_34 %self[5.4,5.6,5.9,2.0,] %cl_1_31[5.8,] %cl_1_32[5.9,] %cl_1_33[5.10,] 	 SYMBOL:	 ARGS:%cl_1_31,%cl_1_32,%cl_1_33,
		 12: 
		 13: COPY TYPE_StringLiteral "Get in touch" def_%cl_1_35 
		 14: %self->page_path def_%cl_1_36 %self[5.4,5.6,5.9,5.11,2.0,] 	 SYMBOL:contact,	 ARGS:Symbol,
		 15: HASH-nav_item- def_%cl_1_37 
		 16: %self->link_to def_%cl_1_38 %self[5.4,5.6,5.9,5.11,5.14,2.0,] %cl_1_35[5.13,] %cl_1_36[5.14,] %cl_1_37[5.15,] 	 SYMBOL:	 ARGS:%cl_1_35,%cl_1_36,%cl_1_37,
		 17: 
		 18: (Shoppe) def_%cl_1_39 
		 19: %cl_1_39->settings def_%cl_1_40 %cl_1_39[5.18,] 	 SYMBOL:	 ARGS:
		 20: %cl_1_40->store_name def_%cl_1_41 %cl_1_40[5.19,] 	 SYMBOL:	 ARGS:
		 21: %self->root_path def_%cl_1_42 %self[5.4,5.6,5.9,5.11,5.14,5.16,2.0,] 	 SYMBOL:	 ARGS:
		 22: %self->link_to def_%cl_1_43 %self[5.4,5.6,5.9,5.11,5.14,5.16,5.21,2.0,] %cl_1_41[5.20,] %cl_1_42[5.21,] 	 SYMBOL:	 ARGS:%cl_1_41,%cl_1_42,
		 23: 
		 24: 
		 25: GETFIELD %self->full_header def_%cl_1_44 %self[5.4,5.6,5.9,5.11,5.14,5.16,5.21,5.22,2.0,] 
		 26: BRANCH %cl_1_44[5.25,] 
BB 6
	outgoing: 8 
	datadep: 
	instructions:
		 0: COPY TYPE_Nil def_%cl_1_45 
		 1: 
BB 7
	outgoing: 8 
	datadep: 
	instructions:
		 0: COPY TYPE_Nil def_%cl_1_45 
BB 8
	outgoing: 9 10 
	datadep: 
	instructions:
		 0: 
		 1: 
		 2: GETFIELD %self->full_header def_%cl_1_46 %self[2.0,] 
		 3: BRANCH %cl_1_46[8.2,] 
BB 9
	outgoing: 11 
	datadep: 
	instructions:
		 0: COPY TYPE_Nil def_%cl_1_47 
		 1: 
BB 10
	outgoing: 11 
	datadep: 
	instructions:
		 0: COPY TYPE_Nil def_%cl_1_47 
BB 11
	outgoing: 12 13 20 
	datadep: 
	instructions:
		 0: 
		 1: %self->content_for? def_%cl_1_48 %self[2.0,] 	 SYMBOL:sidebar,	 ARGS:Symbol,
		 2: BRANCH %cl_1_48[11.1,] 
BB 12
	outgoing: 19 20 
	datadep: 
	instructions:
		 0: 
		 1: def_%cl_1_49 %cl_1_0[2.1,] 
		 2: 
BB 13
	outgoing: 14 15 20 
	datadep: 
	instructions:
		 0: 
		 1: %self->has_order? def_%cl_1_50 %self[2.0,] 	 SYMBOL:	 ARGS:
		 2: BRANCH %cl_1_50[13.1,] 
BB 14
	outgoing: 15 20 
	datadep: 
	instructions:
		 0: %self->current_order def_%cl_1_51 %self[2.0,] 	 SYMBOL:	 ARGS:
		 1: %cl_1_51->has_items? def_%cl_1_52 %cl_1_51[14.0,] 	 SYMBOL:	 ARGS:
		 2: COPY TYPE_PASS def_%cl_1_50 %cl_1_52[14.1,] 
BB 15
	outgoing: 16 17 
	datadep: 
	instructions:
		 0: BRANCH %cl_1_50[14.2,13.1,] 
BB 16
	outgoing: 18 20 
	datadep: 
	instructions:
		 0: 
		 1: COPY TYPE_StringLiteral "View my bag" def_%cl_1_53 
		 2: %self->basket_path def_%cl_1_54 %self[2.0,] 	 SYMBOL:	 ARGS:
		 3: %self->link_to def_%cl_1_55 %self[16.2,2.0,] %cl_1_53[16.1,] %cl_1_54[16.2,] 	 SYMBOL:	 ARGS:%cl_1_53,%cl_1_54,
		 4: 
		 5: COPY TYPE_StringLiteral "Checkout" def_%cl_1_56 
		 6: %self->checkout_path def_%cl_1_57 %self[16.2,16.3,2.0,] 	 SYMBOL:	 ARGS:
		 7: COPY TYPE_StringLiteral "checkout" def_%cl_1_58 
		 8: HASH-class- def_%cl_1_59 %cl_1_58[16.7,] 
		 9: %self->link_to def_%cl_1_60 %self[16.2,16.3,16.6,2.0,] %cl_1_56[16.5,] %cl_1_57[16.6,] %cl_1_59[16.8,] 	 SYMBOL:	 ARGS:%cl_1_56,%cl_1_57,%cl_1_59,
		 10: 
BB 17
	outgoing: 18 
	datadep: 
	instructions:
		 0: COPY TYPE_Nil def_%cl_1_60 
BB 18
	outgoing: 19 
	datadep: 
	instructions:
		 0: COPY TYPE_PASS def_%cl_1_49 %cl_1_60[17.0,16.9,] 
BB 19
	outgoing: 20 22 
	datadep: 
	instructions:
		 0: 
		 1: COPY TYPE_StringLiteral "shoppe.stock_level_adjustments.stock_levels_title" def_%cl_1_61 
		 2: GETFIELD %self->item def_%cl_1_62 %self[2.0,] 
		 3: %cl_1_62->name def_%cl_1_63 %cl_1_62[19.2,] 	 SYMBOL:	 ARGS:
		 4: HASH-item_name- def_%cl_1_64 %cl_1_63[19.3,] 
		 5: %self->t def_%cl_1_65 %self[2.0,] %cl_1_61[19.1,] %cl_1_64[19.4,] 	 SYMBOL:	 ARGS:%cl_1_61,%cl_1_64,
		 6: ATTRASSIGN %self->page_title %cl_1_65[19.5,] 
		 7: 
		 8: %self->content_for def_%cl_1_66 %self[19.5,19.6,2.0,] %self[19.5,19.6,2.0,] 	 SYMBOL:header,	 ARGS:Symbol,%self,
CLOSURE BEGIN: %self[19.5,19.6,2.0,] 
BB 1
	outgoing: 12 2 
	datadep: 
	instructions:
BB 2
	outgoing: 3 
	datadep: 
	instructions:
		 0: def_%self 
		 1: def_%cl_3_0 
		 2: COPY TYPE_CurrentScope def_%current_scope 
		 3: COPY TYPE_ScopeModule def_%current_module 
BB 3
	outgoing: 4 5 10 
	datadep: 
	instructions:
		 0: 
		 1: GETFIELD %self->item def_%cl_3_3 %self[2.0,] 
		 2: (Shoppe) def_%cl_3_6 
		 3: (inherit Product) def_%cl_3_7 %cl_3_6[3.2,] 
		 4: %cl_3_7[3.3,] 
BB 4
	outgoing: 5 10 
	datadep: 
	instructions:
		 0: %cl_3_6->const_missing def_%cl_3_7 %cl_3_6[3.2,] 	 SYMBOL:Product,	 ARGS:Symbol,
BB 5
	outgoing: 6 7 10 
	datadep: 
	instructions:
		 0: def_%cl_3_5 %cl_3_7[4.0,3.3,] %cl_3_3[3.1,] 
		 1: BRANCH %cl_3_5[5.0,] 
BB 6
	outgoing: 9 
	datadep: 
	instructions:
		 0: COPY TYPE_Nil def_%cl_3_4 
		 1: 
BB 7
	outgoing: 9 10 
	datadep: 
	instructions:
		 0: 
		 1: ATTRASSIGN %self->active_nav 
		 2: 
		 3: COPY TYPE_StringLiteral "shoppe.stock_level_adjustments.edit_product" def_%cl_3_8 
		 4: %self->t def_%cl_3_9 %self[7.1,2.0,] %cl_3_8[7.3,] 	 SYMBOL:	 ARGS:%cl_3_8,
		 5: GETFIELD %self->item def_%cl_3_10 %self[7.4,2.0,] 
		 6: COPY TYPE_Array def_%cl_3_11 %cl_3_10[7.5,] 
		 7: COPY TYPE_StringLiteral "button" def_%cl_3_12 
		 8: HASH-class- def_%cl_3_13 %cl_3_12[7.7,] 
		 9: %self->link_to def_%cl_3_14 %self[7.1,7.4,2.0,] %cl_3_9[7.4,] %cl_3_11[7.6,] %cl_3_13[7.8,] 	 SYMBOL:	 ARGS:%cl_3_9,%cl_3_11,%cl_3_13,
		 10: 
		 11: COPY TYPE_StringLiteral "shoppe.stock_level_adjustments.back_to_product" def_%cl_3_15 
		 12: %self->t def_%cl_3_16 %self[7.1,7.4,7.9,2.0,] %cl_3_15[7.11,] 	 SYMBOL:	 ARGS:%cl_3_15,
		 13: COPY TYPE_StringLiteral "button" def_%cl_3_17 
		 14: HASH-class- def_%cl_3_18 %cl_3_17[7.13,] 
		 15: %self->link_to def_%cl_3_19 %self[7.1,7.4,7.9,7.12,2.0,] %cl_3_16[7.12,] %cl_3_18[7.14,] 	 SYMBOL:products,	 ARGS:%cl_3_16,Symbol,%cl_3_18,
		 16: COPY TYPE_PASS def_%cl_3_4 %cl_3_19[7.15,] 
		 17: 
BB 9
	outgoing: 10 12 
	datadep: 
	instructions:
		 0: 
		 1: COPY TYPE_StringLiteral "shoppe.stock_level_adjustments.stock_levels_for" def_%cl_3_20 
		 2: GETFIELD %self->item def_%cl_3_21 %self[2.0,] 
		 3: %cl_3_21->name def_%cl_3_22 %cl_3_21[9.2,] 	 SYMBOL:	 ARGS:
		 4: HASH-item_name- def_%cl_3_23 %cl_3_22[9.3,] 
		 5: %self->t def_%cl_3_24 %self[7.1,2.0,] %cl_3_20[9.1,] %cl_3_23[9.4,] 	 SYMBOL:	 ARGS:%cl_3_20,%cl_3_23,
		 6: RETURN %cl_3_24[9.5,] %self[9.5,7.1,2.0,] 
BB 10
	outgoing: 12 
	datadep: 
	instructions:
		 0: def_%cl_3_25 
		 1: def_%cl_3_26 %cl_3_25[10.0,] 
		 2: RETURN %cl_3_26[10.1,] %self[7.1,2.0,] 
BB 12
	outgoing: 
	datadep: 
	instructions:
CLOSURE END: 
		 9: 
		 10: COPY TYPE_StringLiteral "shoppe.stock_level_adjustments.current_stock_level_html" def_%cl_1_67 
		 11: GETFIELD %self->item def_%cl_1_68 %self[19.5,19.8,2.0,] 
		 12: %cl_1_68->stock def_%cl_1_69 %cl_1_68[19.11,] 	 SYMBOL:	 ARGS:
		 13: HASH-item_stock- def_%cl_1_70 %cl_1_69[19.12,] 
		 14: %self->t def_%cl_1_71 %self[19.5,19.6,19.8,2.0,] %cl_1_67[19.10,] %cl_1_70[19.13,] 	 SYMBOL:	 ARGS:%cl_1_67,%cl_1_70,
		 15: %cl_1_71->html_safe def_%cl_1_72 %cl_1_71[19.14,] 	 SYMBOL:	 ARGS:
		 16: 
		 17: GETFIELD %self->stock_level_adjustments def_%cl_1_73 %self[19.5,19.8,19.14,2.0,] 
		 18: %self->page_entries_info def_%cl_1_74 %self[19.5,19.6,19.8,19.14,2.0,] %cl_1_73[19.17,] 	 SYMBOL:	 ARGS:%cl_1_73,
		 19: 
		 20: GETFIELD %self->new_sla def_%cl_1_75 %self[19.5,19.8,19.14,19.18,2.0,] 
		 21: %self->form_for def_%cl_1_76 %self[19.5,19.6,19.8,19.14,19.18,2.0,] %cl_1_75[19.20,] %self[19.5,19.6,19.8,19.14,19.18,2.0,] 	 SYMBOL:	 ARGS:%cl_1_75,%self,
CLOSURE BEGIN: %self[19.5,19.6,19.8,19.14,19.18,2.0,] f[] sla[] 
BB 1
	outgoing: 6 2 
	datadep: 
	instructions:
BB 2
	outgoing: 3 
	datadep: 
	instructions:
		 0: def_%self 
		 1: def_%cl_4_0 
		 2: RECEIVEARG def_f 
		 3: COPY TYPE_CurrentScope def_%current_scope 
		 4: COPY TYPE_ScopeModule def_%current_module 
BB 3
	outgoing: 4 6 
	datadep: 
	instructions:
		 0: 
		 1: COPY TYPE_StringLiteral "item_type" def_%cl_4_3 
		 2: %self->params def_%cl_4_4 %self[2.0,] 	 SYMBOL:	 ARGS:
		 3: %cl_4_4->[] def_%cl_4_5 %cl_4_4[3.2,] 	 SYMBOL:item_type,	 ARGS:Symbol,
		 4: %self->hidden_field_tag def_%cl_4_6 %self[3.2,2.0,] %cl_4_3[3.1,] %cl_4_5[3.3,] 	 SYMBOL:	 ARGS:%cl_4_3,%cl_4_5,
		 5: 
		 6: COPY TYPE_StringLiteral "item_id" def_%cl_4_7 
		 7: %self->params def_%cl_4_8 %self[3.2,3.4,2.0,] 	 SYMBOL:	 ARGS:
		 8: %cl_4_8->[] def_%cl_4_9 %cl_4_8[3.7,] 	 SYMBOL:item_id,	 ARGS:Symbol,
		 9: %self->hidden_field_tag def_%cl_4_10 %self[3.2,3.4,3.7,2.0,] %cl_4_7[3.6,] %cl_4_9[3.8,] 	 SYMBOL:	 ARGS:%cl_4_7,%cl_4_9,
		 10: 
		 11: COPY TYPE_StringLiteral "shoppe.stock_level_adjustments.date" def_%cl_4_11 
		 12: %self->t def_%cl_4_12 %self[3.2,3.4,3.7,3.9,2.0,] %cl_4_11[3.11,] 	 SYMBOL:	 ARGS:%cl_4_11,
		 13: 
		 14: COPY TYPE_StringLiteral "shoppe.stock_level_adjustments.description" def_%cl_4_13 
		 15: %self->t def_%cl_4_14 %self[3.2,3.4,3.7,3.9,3.12,2.0,] %cl_4_13[3.14,] 	 SYMBOL:	 ARGS:%cl_4_13,
		 16: 
		 17: COPY TYPE_StringLiteral "shoppe.stock_level_adjustments.adjustment" def_%cl_4_15 
		 18: %self->t def_%cl_4_16 %self[3.2,3.4,3.7,3.9,3.12,3.15,2.0,] %cl_4_15[3.17,] 	 SYMBOL:	 ARGS:%cl_4_15,
		 19: 
		 20: f->text_field def_%cl_4_17 f[2.2,] 	 SYMBOL:description,	 ARGS:Symbol,
		 21: 
		 22: f->text_field def_%cl_4_18 f[3.20,2.2,] 	 SYMBOL:adjustment,	 ARGS:Symbol,
		 23: 
		 24: COPY TYPE_StringLiteral "shoppe.stock_level_adjustments.add" def_%cl_4_19 
		 25: %self->t def_%cl_4_20 %self[3.2,3.4,3.7,3.9,3.12,3.15,3.18,2.0,] %cl_4_19[3.24,] 	 SYMBOL:	 ARGS:%cl_4_19,
		 26: COPY TYPE_StringLiteral "button button-mini green" def_%cl_4_21 
		 27: HASH-class- def_%cl_4_22 %cl_4_21[3.26,] 
		 28: f->submit def_%cl_4_23 f[3.20,3.22,2.2,] %cl_4_20[3.25,] %cl_4_22[3.27,] 	 SYMBOL:	 ARGS:%cl_4_20,%cl_4_22,
		 29: 
		 30: GETFIELD %self->stock_level_adjustments def_%cl_4_25 %self[3.2,3.4,3.7,3.9,3.12,3.15,3.18,3.25,2.0,] 
		 31: %cl_4_25->each def_%cl_4_24 %cl_4_25[3.30,] %self[3.2,3.4,3.7,3.9,3.12,3.15,3.18,3.25,2.0,] 	 SYMBOL:	 ARGS:%cl_4_25,
CLOSURE BEGIN: sla[] %self[3.2,3.4,3.7,3.9,3.12,3.15,3.18,3.25,2.0,] 
BB 1
	outgoing: 7 2 
	datadep: 
	instructions:
BB 2
	outgoing: 4 5 
	datadep: 
	instructions:
		 0: def_%self 
		 1: def_%cl_5_0 
		 2: RECEIVEARG def_sla 
		 3: COPY TYPE_CurrentScope def_%current_scope 
		 4: COPY TYPE_ScopeModule def_%current_module 
		 5: 
		 6: sla->created_at def_%cl_5_3 sla[2.2,] 	 SYMBOL:	 ARGS:
		 7: HASH-format- def_%cl_5_4 
		 8: %self->l def_%cl_5_5 %self[2.0,] %cl_5_3[2.6,] %cl_5_4[2.7,] 	 SYMBOL:	 ARGS:%cl_5_3,%cl_5_4,
		 9: 
		 10: sla->description def_%cl_5_6 sla[2.2,2.6,] 	 SYMBOL:	 ARGS:
		 11: 
		 12: sla->adjustment def_%cl_5_7 sla[2.2,2.6,2.10,] 	 SYMBOL:	 ARGS:
		 13: %cl_5_7->> def_%cl_5_8 %cl_5_7[2.12,] 	 SYMBOL:	 ARGS:Fixnum,
		 14: BRANCH %cl_5_8[2.13,] 
BB 4
	outgoing: 7 
	datadep: 
	instructions:
		 0: COPY TYPE_StringLiteral "+" def_%cl_5_9 
		 1: sla->adjustment def_%cl_5_10 sla[2.2,] 	 SYMBOL:	 ARGS:
		 2: BUILDSTRING def_%cl_5_11 %cl_5_9[4.0,] %cl_5_10[4.1,] 
		 3: RETURN %cl_5_11[4.2,] %self[2.0,] 
BB 5
	outgoing: 7 
	datadep: 
	instructions:
		 0: sla->adjustment def_%cl_5_12 sla[2.2,] 	 SYMBOL:	 ARGS:
		 1: RETURN %cl_5_12[5.0,] %self[2.0,] 
BB 7
	outgoing: 
	datadep: 
	instructions:
CLOSURE END: sla[2.2,] 
		 32: 
		 33: GETFIELD %self->stock_level_adjustments def_%cl_4_26 %self[3.2,3.4,3.7,3.9,3.12,3.15,3.18,3.25,2.0,] 
		 34: %self->paginate def_%cl_4_27 %self[3.2,3.4,3.7,3.9,3.12,3.15,3.18,3.25,2.0,] %cl_4_26[3.33,] 	 SYMBOL:	 ARGS:%cl_4_26,
		 35: RETURN %cl_4_27[3.34,] %self[3.2,3.4,3.7,3.9,3.12,3.15,3.18,3.25,3.34,2.0,] 
BB 4
	outgoing: 6 
	datadep: 
	instructions:
		 0: def_%cl_4_28 
		 1: def_%cl_4_29 %cl_4_28[4.0,] 
		 2: RETURN %cl_4_29[4.1,] %self[2.0,] 
BB 6
	outgoing: 
	datadep: 
	instructions:
CLOSURE END: 
		 22: 
		 23: COPY TYPE_StringLiteral "Terms & Conditions" def_%cl_1_77 
		 24: %self->page_path def_%cl_1_78 %self[19.5,19.6,19.8,19.14,19.18,19.21,2.0,] 	 SYMBOL:terms,	 ARGS:Symbol,
		 25: %self->link_to def_%cl_1_79 %self[19.5,19.6,19.8,19.14,19.18,19.21,19.24,2.0,] %cl_1_77[19.23,] %cl_1_78[19.24,] 	 SYMBOL:	 ARGS:%cl_1_77,%cl_1_78,
		 26: 
		 27: COPY TYPE_StringLiteral "Privacy policy" def_%cl_1_80 
		 28: %self->page_path def_%cl_1_81 %self[19.5,19.6,19.8,19.14,19.18,19.21,19.24,19.25,2.0,] 	 SYMBOL:privacy,	 ARGS:Symbol,
		 29: %self->link_to def_%cl_1_82 %self[19.5,19.6,19.8,19.14,19.18,19.21,19.24,19.25,19.28,2.0,] %cl_1_80[19.27,] %cl_1_81[19.28,] 	 SYMBOL:	 ARGS:%cl_1_80,%cl_1_81,
		 30: 
		 31: COPY TYPE_StringLiteral "Returns policy" def_%cl_1_83 
		 32: %self->page_path def_%cl_1_84 %self[19.5,19.6,19.8,19.14,19.18,19.21,19.24,19.25,19.28,19.29,2.0,] 	 SYMBOL:returns,	 ARGS:Symbol,
		 33: %self->link_to def_%cl_1_85 %self[19.5,19.6,19.8,19.14,19.18,19.21,19.24,19.25,19.28,19.29,19.32,2.0,] %cl_1_83[19.31,] %cl_1_84[19.32,] 	 SYMBOL:	 ARGS:%cl_1_83,%cl_1_84,
		 34: 
		 35: COPY TYPE_StringLiteral "Frequently asked questions" def_%cl_1_86 
		 36: %self->page_path def_%cl_1_87 %self[19.5,19.6,19.8,19.14,19.18,19.21,19.24,19.25,19.28,19.29,19.32,19.33,2.0,] 	 SYMBOL:faqs,	 ARGS:Symbol,
		 37: %self->link_to def_%cl_1_88 %self[19.5,19.6,19.8,19.14,19.18,19.21,19.24,19.25,19.28,19.29,19.32,19.33,19.36,2.0,] %cl_1_86[19.35,] %cl_1_87[19.36,] 	 SYMBOL:	 ARGS:%cl_1_86,%cl_1_87,
		 38: 
		 39: COPY TYPE_StringLiteral "Cookie policy" def_%cl_1_89 
		 40: %self->page_path def_%cl_1_90 %self[19.5,19.6,19.8,19.14,19.18,19.21,19.24,19.25,19.28,19.29,19.32,19.33,19.36,19.37,2.0,] 	 SYMBOL:cookies,	 ARGS:Symbol,
		 41: %self->link_to def_%cl_1_91 %self[19.5,19.6,19.8,19.14,19.18,19.21,19.24,19.25,19.28,19.29,19.32,19.33,19.36,19.37,19.40,2.0,] %cl_1_89[19.39,] %cl_1_90[19.40,] 	 SYMBOL:	 ARGS:%cl_1_89,%cl_1_90,
		 42: 
		 43: COPY TYPE_StringLiteral "Twitter" def_%cl_1_92 
		 44: COPY TYPE_StringLiteral "http://twitter.com/niftyware" def_%cl_1_93 
		 45: %self->link_to def_%cl_1_94 %self[19.5,19.6,19.8,19.14,19.18,19.21,19.24,19.25,19.28,19.29,19.32,19.33,19.36,19.37,19.40,19.41,2.0,] %cl_1_92[19.43,] %cl_1_93[19.44,] 	 SYMBOL:	 ARGS:%cl_1_92,%cl_1_93,
		 46: 
		 47: COPY TYPE_StringLiteral "Facebook" def_%cl_1_95 
		 48: COPY TYPE_StringLiteral "http://facebook.com/niftyware" def_%cl_1_96 
		 49: %self->link_to def_%cl_1_97 %self[19.5,19.6,19.8,19.14,19.18,19.21,19.24,19.25,19.28,19.29,19.32,19.33,19.36,19.37,19.40,19.41,19.45,2.0,] %cl_1_95[19.47,] %cl_1_96[19.48,] 	 SYMBOL:	 ARGS:%cl_1_95,%cl_1_96,
		 50: 
		 51: COPY TYPE_StringLiteral "Pinterest" def_%cl_1_98 
		 52: COPY TYPE_StringLiteral "http://pinterest.com" def_%cl_1_99 
		 53: %self->link_to def_%cl_1_100 %self[19.5,19.6,19.8,19.14,19.18,19.21,19.24,19.25,19.28,19.29,19.32,19.33,19.36,19.37,19.40,19.41,19.45,19.49,2.0,] %cl_1_98[19.51,] %cl_1_99[19.52,] 	 SYMBOL:	 ARGS:%cl_1_98,%cl_1_99,
		 54: 
		 55: COPY TYPE_StringLiteral "Linked In" def_%cl_1_101 
		 56: COPY TYPE_StringLiteral "http://linkedin.com" def_%cl_1_102 
		 57: %self->link_to def_%cl_1_103 %self[19.5,19.6,19.8,19.14,19.18,19.21,19.24,19.25,19.28,19.29,19.32,19.33,19.36,19.37,19.40,19.41,19.45,19.49,19.53,2.0,] %cl_1_101[19.55,] %cl_1_102[19.56,] 	 SYMBOL:	 ARGS:%cl_1_101,%cl_1_102,
		 58: 
		 59: COPY TYPE_StringLiteral "Vimeo" def_%cl_1_104 
		 60: COPY TYPE_StringLiteral "http://vimeo.com" def_%cl_1_105 
		 61: %self->link_to def_%cl_1_106 %self[19.5,19.6,19.8,19.14,19.18,19.21,19.24,19.25,19.28,19.29,19.32,19.33,19.36,19.37,19.40,19.41,19.45,19.49,19.53,19.57,2.0,] %cl_1_104[19.59,] %cl_1_105[19.60,] 	 SYMBOL:	 ARGS:%cl_1_104,%cl_1_105,
		 62: 
		 63: COPY TYPE_StringLiteral "Youtube" def_%cl_1_107 
		 64: COPY TYPE_StringLiteral "http://youtube.com" def_%cl_1_108 
		 65: %self->link_to def_%cl_1_109 %self[19.5,19.6,19.8,19.14,19.18,19.21,19.24,19.25,19.28,19.29,19.32,19.33,19.36,19.37,19.40,19.41,19.45,19.49,19.53,19.57,19.61,2.0,] %cl_1_107[19.63,] %cl_1_108[19.64,] 	 SYMBOL:	 ARGS:%cl_1_107,%cl_1_108,
		 66: RETURN %cl_1_109[19.65,] %self[19.5,19.6,19.8,19.14,19.18,19.21,19.24,19.25,19.28,19.29,19.32,19.33,19.36,19.37,19.40,19.41,19.45,19.49,19.53,19.57,19.61,19.65,2.0,] 
BB 20
	outgoing: 22 
	datadep: 
	instructions:
		 0: def_%cl_1_110 
		 1: def_%cl_1_111 %cl_1_110[20.0,] 
		 2: RETURN %cl_1_111[20.1,] %self[19.6,2.0,] 
BB 22
	outgoing: 
	datadep: 
	instructions:
CLOSURE END: 
		 13: COPY TYPE_PASS def_%v_34 %v_43[9.12,] 
BB 10
	outgoing: 12 
	datadep: 
	instructions:
		 0: RETURN %v_34[9.13,8.6,] %self[2.0,2.12,] 
BB 12
	outgoing: 
	datadep: 
	instructions:

