SET IRMethod, name = types instanceMethod = false
BB 1
	outgoing: 7 2 
	datadep: 
	instructions:
BB 2
	outgoing: 3 4 
	datadep: 
	instructions:
		 0: def_%self 
		 1: def_%v_0 
		 2: COPY TYPE_CurrentScope def_%current_scope 
		 3: COPY TYPE_ScopeModule def_%current_module 
		 4: 
		 5: 
		 6: def_%v_4 %self[2.0,] 
		 7: COPY TYPE_PASS def_%v_3 %v_4[2.6,] 
		 8: %v_4[2.6,] 
BB 3
	outgoing: 4 
	datadep: 
	instructions:
		 0: GETFIELD %self->types def_%v_5 %self[2.0,] 
		 1: COPY TYPE_PASS def_%v_3 %v_5[3.0,] 
BB 4
	outgoing: 5 6 
	datadep: 
	instructions:
		 0: BRANCH %v_3[3.1,2.7,] 
BB 5
	outgoing: 7 
	datadep: 
	instructions:
		 0: (Enum) def_%v_6 
		 1: %v_6->new def_%v_7 %v_6[5.0,] 	 SYMBOL:facebook,instagram,twitter,google,yahoo,github,persona,cas,	 ARGS:Symbol,Symbol,Symbol,Symbol,Symbol,Symbol,Symbol,Symbol,
		 2: ATTRASSIGN %self->types %v_7[5.1,] 
		 3: RETURN %v_7[5.1,] %self[5.2,2.0,] 
BB 6
	outgoing: 7 
	datadep: 
	instructions:
		 0: RETURN %v_5[3.0,] %self[2.0,] 
BB 7
	outgoing: 
	datadep: 
	instructions:

SET IRMethod, name = complete instanceMethod = true
BB 1
	outgoing: 31 2 
	datadep: 
	instructions:
BB 2
	outgoing: 3 4 
	datadep: 
	instructions:
		 0: def_%self 
		 1: def_%v_0 
		 2: COPY TYPE_CurrentScope def_%current_scope 
		 3: COPY TYPE_ScopeModule def_%current_module 
		 4: 
		 5: 
		 6: %self->request def_%v_3 %self[2.0,] 	 SYMBOL:	 ARGS:
		 7: %v_3->env def_%v_4 %v_3[2.6,] 	 SYMBOL:	 ARGS:
		 8: COPY TYPE_StringLiteral "omniauth.auth" def_%v_5 
		 9: %v_4->[] def_%v_6 %v_4[2.7,] %v_5[2.8,] 	 SYMBOL:	 ARGS:%v_5,
		 10: COPY TYPE_PASS def_auth %v_6[2.9,] 
		 11: 
		 12: %self->session def_%v_7 %self[2.0,2.6,] 	 SYMBOL:	 ARGS:
		 13: ATTRASSIGN auth->[] %v_7[2.12,] 
		 14: 
		 15: %self->class def_%v_8 %self[2.0,2.6,2.12,] 	 SYMBOL:	 ARGS:
		 16: %self->params def_%v_9 %self[2.0,2.6,2.12,2.15,] 	 SYMBOL:	 ARGS:
		 17: %v_9->[] def_%v_10 %v_9[2.16,] 	 SYMBOL:provider,	 ARGS:Symbol,
		 18: %v_8->find_authenticator def_%v_11 %v_8[2.15,] %v_10[2.17,] 	 SYMBOL:	 ARGS:%v_10,
		 19: COPY TYPE_PASS def_authenticator %v_11[2.18,] 
		 20: 
		 21: (Discourse) def_%v_12 
		 22: %v_12->auth_providers def_%v_13 %v_12[2.21,] 	 SYMBOL:	 ARGS:
		 23: BRANCH %v_13[2.22,] 
BB 3
	outgoing: 4 
	datadep: 
	instructions:
		 0: (Discourse) def_%v_14 
		 1: %v_14->auth_providers def_%v_15 %v_14[3.0,] 	 SYMBOL:	 ARGS:
		 2: %v_15->find def_%v_16 %v_15[3.1,] %self[2.0,] 	 SYMBOL:	 ARGS:%v_15,
CLOSURE BEGIN: p[] %self[2.0,] 
BB 1
	outgoing: 6 2 
	datadep: 
	instructions:
BB 2
	outgoing: 3 
	datadep: 
	instructions:
		 0: def_%self 
		 1: def_%cl_1_0 
		 2: RECEIVEARG def_p 
		 3: COPY TYPE_CurrentScope def_%current_scope 
		 4: COPY TYPE_ScopeModule def_%current_module 
BB 3
	outgoing: 4 6 
	datadep: 
	instructions:
		 0: 
		 1: p->name def_%cl_1_3 p[2.2,] 	 SYMBOL:	 ARGS:
		 2: %self->params def_%cl_1_4 %self[2.0,] 	 SYMBOL:	 ARGS:
		 3: %cl_1_4->[] def_%cl_1_5 %cl_1_4[3.2,] 	 SYMBOL:provider,	 ARGS:Symbol,
		 4: %cl_1_3->== def_%cl_1_6 %cl_1_3[3.1,] %cl_1_5[3.3,] 	 SYMBOL:	 ARGS:%cl_1_5,
		 5: RETURN %cl_1_6[3.4,] %self[3.2,2.0,] 
BB 4
	outgoing: 6 
	datadep: 
	instructions:
		 0: def_%cl_1_7 
		 1: def_%cl_1_8 %cl_1_7[4.0,] 
		 2: RETURN %cl_1_8[4.1,] %self[2.0,] 
BB 6
	outgoing: 
	datadep: 
	instructions:
CLOSURE END: 
		 3: COPY TYPE_PASS def_%v_13 %v_16[3.2,] 
BB 4
	outgoing: 5 18 
	datadep: 
	instructions:
		 0: COPY TYPE_PASS def_provider %v_13[3.3,2.22,] 
		 1: 
		 2: authenticator->after_authenticate def_%v_17 authenticator[2.19,] auth[2.10,2.13,] 	 SYMBOL:	 ARGS:auth,
		 3: ATTRASSIGN %self->auth_result %v_17[4.2,] 
		 4: 
		 5: %self->request def_%v_18 %self[4.3,2.0,] 	 SYMBOL:	 ARGS:
		 6: %v_18->env def_%v_19 %v_18[4.5,] 	 SYMBOL:	 ARGS:
		 7: COPY TYPE_StringLiteral "omniauth.origin" def_%v_20 
		 8: %v_19->[] def_%v_21 %v_19[4.6,] %v_20[4.7,] 	 SYMBOL:	 ARGS:%v_20,
		 9: COPY TYPE_PASS def_origin %v_21[4.8,] 
		 10: 
		 11: %v_21->present? def_%v_22 %v_21[4.8,] 	 SYMBOL:	 ARGS:
		 12: BRANCH %v_22[4.11,] 
BB 5
	outgoing: 7 
	datadep: 
	instructions:
		 0: 
		 1: GLOBALVAR $! def_%v_23 
BB 7
	outgoing: 8 9 
	datadep: 
	instructions:
		 0: 
		 1: (URI) def_%v_26 
		 2: GETFIELD %self->origin def_%v_27 %self[2.0,] 
		 3: %v_26->parse def_%v_28 %v_26[7.1,] %v_27[7.2,] 	 SYMBOL:	 ARGS:%v_27,
		 4: COPY TYPE_PASS def_%v_25 %v_28[7.3,] 
		 5: 
		 6: %v_23[5.1,] 
BB 8
	outgoing: 14 
	datadep: 
	instructions:
		 0: 
BB 9
	outgoing: 10 11 13 
	datadep: 
	instructions:
		 0: 
		 1: def_%v_29 
		 2: def_%v_30 %v_29[9.1,] 
		 3: BRANCH %v_30[9.2,] 
BB 10
	outgoing: 13 31 
	datadep: 
	instructions:
		 0: %v_29[9.1,] 
BB 11
	outgoing: 12 13 
	datadep: 
	instructions:
		 0: COPY TYPE_Nil def_%v_25 
		 1: 
		 2: %v_23[5.1,] 
BB 12
	outgoing: 14 
	datadep: 
	instructions:
		 0: 
BB 13
	outgoing: 31 
	datadep: 
	instructions:
		 0: def_%v_31 
		 1: def_%v_32 %v_31[13.0,] %v_23[5.1,] 
		 2: %v_31[13.0,] 
BB 14
	outgoing: 15 16 
	datadep: 
	instructions:
		 0: COPY TYPE_PASS def_parsed %v_25[7.4,11.0,] 
		 1: 
		 2: BRANCH %v_25[7.4,11.0,] 
BB 15
	outgoing: 17 
	datadep: 
	instructions:
		 0: 
		 1: parsed->path def_%v_33 parsed[14.0,] 	 SYMBOL:	 ARGS:
		 2: ATTRASSIGN %self->origin %v_33[15.1,] 
		 3: 
BB 16
	outgoing: 17 
	datadep: 
	instructions:
		 0: COPY TYPE_Nil def_%v_33 
BB 17
	outgoing: 19 
	datadep: 
	instructions:
		 0: 
BB 18
	outgoing: 19 
	datadep: 
	instructions:
		 0: COPY TYPE_Nil def_%v_33 
BB 19
	outgoing: 20 21 
	datadep: 
	instructions:
		 0: 
		 1: GETFIELD %self->origin def_%v_34 %self[15.2,2.0,] 
		 2: %v_34->present? def_%v_35 %v_34[19.1,] 	 SYMBOL:	 ARGS:
		 3: BRANCH %v_35[19.2,] 
BB 20
	outgoing: 22 
	datadep: 
	instructions:
		 0: COPY TYPE_Nil def_%v_36 
		 1: 
BB 21
	outgoing: 22 
	datadep: 
	instructions:
		 0: 
		 1: (Discourse) def_%v_37 
		 2: COPY TYPE_StringLiteral "/" def_%v_38 
		 3: %v_37->base_uri def_%v_39 %v_37[21.1,] %v_38[21.2,] 	 SYMBOL:	 ARGS:%v_38,
		 4: ATTRASSIGN %self->origin %v_39[21.3,] 
		 5: COPY TYPE_PASS def_%v_36 %v_39[21.3,] 
BB 22
	outgoing: 23 24 
	datadep: 
	instructions:
		 0: 
		 1: GETFIELD %self->auth_result def_%v_40 %self[4.3,2.0,] 
		 2: %v_40->failed? def_%v_41 %v_40[22.1,] 	 SYMBOL:	 ARGS:
		 3: BRANCH %v_41[22.2,] 
BB 23
	outgoing: 30 
	datadep: 
	instructions:
		 0: 
		 1: %self->flash def_%v_42 %self[21.4,4.3,15.2,2.0,] 	 SYMBOL:	 ARGS:
		 2: GETFIELD %self->auth_result def_%v_43 %self[23.1,4.3,2.0,] 
		 3: %v_43->failed_reason def_%v_44 %v_43[23.2,] 	 SYMBOL:	 ARGS:
		 4: %v_44->html_safe def_%v_45 %v_44[23.3,] 	 SYMBOL:	 ARGS:
		 5: ATTRASSIGN %v_42->[] %v_45[23.4,] 
		 6: 
		 7: %self->ruby_code_from_view def_%v_46 %self[23.1,21.4,4.3,15.2,2.0,] 	 SYMBOL:	 ARGS:
		 8: %v_46->ruby_code_from_view def_%v_47 %v_46[23.7,] %self[23.1,23.7,21.4,4.3,15.2,2.0,] 	 SYMBOL:	 ARGS:%v_46,
CLOSURE BEGIN: %self[23.1,23.7,21.4,4.3,15.2,2.0,] 
BB 1
	outgoing: 42 2 
	datadep: 
	instructions:
BB 2
	outgoing: 3 
	datadep: 
	instructions:
		 0: def_%self 
		 1: def_%cl_2_0 
		 2: RECEIVEARG def_rb_from_view 
		 3: COPY TYPE_CurrentScope def_%current_scope 
		 4: COPY TYPE_ScopeModule def_%current_module 
BB 3
	outgoing: 4 5 40 
	datadep: 
	instructions:
		 0: 
		 1: (Discourse) def_%cl_2_3 
		 2: (inherit VERSION) def_%cl_2_4 %cl_2_3[3.1,] 
		 3: %cl_2_4[3.2,] 
BB 4
	outgoing: 5 40 
	datadep: 
	instructions:
		 0: %cl_2_3->const_missing def_%cl_2_4 %cl_2_3[3.1,] 	 SYMBOL:VERSION,	 ARGS:Symbol,
BB 5
	outgoing: 6 7 40 
	datadep: 
	instructions:
		 0: (inherit STRING) def_%cl_2_5 %cl_2_4[4.0,3.2,] 
		 1: %cl_2_5[5.0,] 
BB 6
	outgoing: 7 40 
	datadep: 
	instructions:
		 0: %cl_2_4->const_missing def_%cl_2_5 %cl_2_4[4.0,3.2,] 	 SYMBOL:STRING,	 ARGS:Symbol,
BB 7
	outgoing: 8 9 40 
	datadep: 
	instructions:
		 0: 
		 1: (Discourse) def_%cl_2_6 
		 2: %cl_2_6->git_version def_%cl_2_7 %cl_2_6[7.1,] 	 SYMBOL:	 ARGS:
		 3: 
		 4: (SiteSetting) def_%cl_2_8 
		 5: %cl_2_8->favicon_url def_%cl_2_9 %cl_2_8[7.4,] 	 SYMBOL:	 ARGS:
		 6: %cl_2_9->present? def_%cl_2_10 %cl_2_9[7.5,] 	 SYMBOL:	 ARGS:
		 7: BRANCH %cl_2_10[7.6,] 
BB 8
	outgoing: 10 40 
	datadep: 
	instructions:
		 0: 
		 1: (SiteSetting) def_%cl_2_11 
		 2: %cl_2_11->favicon_url def_%cl_2_12 %cl_2_11[8.1,] 	 SYMBOL:	 ARGS:
		 3: 
BB 9
	outgoing: 10 
	datadep: 
	instructions:
		 0: COPY TYPE_Nil def_%cl_2_12 
BB 10
	outgoing: 11 12 40 
	datadep: 
	instructions:
		 0: 
		 1: (SiteSetting) def_%cl_2_13 
		 2: %cl_2_13->apple_touch_icon_url def_%cl_2_14 %cl_2_13[10.1,] 	 SYMBOL:	 ARGS:
		 3: %cl_2_14->present? def_%cl_2_15 %cl_2_14[10.2,] 	 SYMBOL:	 ARGS:
		 4: BRANCH %cl_2_15[10.3,] 
BB 11
	outgoing: 13 40 
	datadep: 
	instructions:
		 0: 
		 1: (SiteSetting) def_%cl_2_16 
		 2: %cl_2_16->apple_touch_icon_url def_%cl_2_17 %cl_2_16[11.1,] 	 SYMBOL:	 ARGS:
		 3: 
BB 12
	outgoing: 13 
	datadep: 
	instructions:
		 0: COPY TYPE_Nil def_%cl_2_17 
BB 13
	outgoing: 14 15 40 
	datadep: 
	instructions:
		 0: 
		 1: (SiteSetting) def_%cl_2_18 
		 2: %cl_2_18->apple_touch_icon_url def_%cl_2_19 %cl_2_18[13.1,] 	 SYMBOL:	 ARGS:
		 3: COPY TYPE_StringLiteral "/images/default-apple-touch-icon.png" def_%cl_2_20 
		 4: %cl_2_19->!= def_%cl_2_21 %cl_2_19[13.2,] %cl_2_20[13.3,] 	 SYMBOL:	 ARGS:%cl_2_20,
		 5: BRANCH %cl_2_21[13.4,] 
BB 14
	outgoing: 15 40 
	datadep: 
	instructions:
		 0: (SiteSetting) def_%cl_2_22 
		 1: %cl_2_22->apple_touch_icon_url def_%cl_2_23 %cl_2_22[14.0,] 	 SYMBOL:	 ARGS:
		 2: %cl_2_23->present? def_%cl_2_24 %cl_2_23[14.1,] 	 SYMBOL:	 ARGS:
		 3: COPY TYPE_PASS def_%cl_2_21 %cl_2_24[14.2,] 
BB 15
	outgoing: 16 17 
	datadep: 
	instructions:
		 0: BRANCH %cl_2_21[14.3,13.4,] 
BB 16
	outgoing: 18 40 
	datadep: 
	instructions:
		 0: 
		 1: (SiteSetting) def_%cl_2_25 
		 2: %cl_2_25->apple_touch_icon_url def_%cl_2_26 %cl_2_25[16.1,] 	 SYMBOL:	 ARGS:
		 3: 
BB 17
	outgoing: 18 
	datadep: 
	instructions:
		 0: COPY TYPE_Nil def_%cl_2_26 
BB 18
	outgoing: 19 23 40 
	datadep: 
	instructions:
		 0: 
		 1: (ColorScheme) def_%cl_2_27 
		 2: COPY TYPE_StringLiteral "header_background" def_%cl_2_28 
		 3: %cl_2_27->hex_for_name def_%cl_2_29 %cl_2_27[18.1,] %cl_2_28[18.2,] 	 SYMBOL:	 ARGS:%cl_2_28,
		 4: 
		 5: %self->canonical_link_tag def_%cl_2_30 %self[2.0,] 	 SYMBOL:	 ARGS:
		 6: 
		 7: %self->request def_%cl_2_31 %self[18.5,2.0,] 	 SYMBOL:	 ARGS:
		 8: %cl_2_31->protocol def_%cl_2_32 %cl_2_31[18.7,] 	 SYMBOL:	 ARGS:
		 9: %self->request def_%cl_2_33 %self[18.5,18.7,2.0,] 	 SYMBOL:	 ARGS:
		 10: %cl_2_33->host_with_port def_%cl_2_34 %cl_2_33[18.9,] 	 SYMBOL:	 ARGS:
		 11: COPY TYPE_StringLiteral "&2" def_%cl_2_35 
		 12: BUILDSTRING def_%cl_2_36 %cl_2_32[18.8,] %cl_2_34[18.10,] %cl_2_35[18.11,] 
		 13: COPY TYPE_PASS def_font_domain %cl_2_36[18.12,] 
		 14: 
		 15: COPY TYPE_StringLiteral "fontawesome-webfont.eot" def_%cl_2_37 
		 16: %self->asset_path def_%cl_2_38 %self[18.5,18.7,18.9,2.0,] %cl_2_37[18.15,] 	 SYMBOL:	 ARGS:%cl_2_37,
		 17: 
		 18: 
		 19: COPY TYPE_StringLiteral "fontawesome-webfont.eot" def_%cl_2_39 
		 20: %self->asset_path def_%cl_2_40 %self[18.5,18.7,18.9,18.16,2.0,] %cl_2_39[18.19,] 	 SYMBOL:	 ARGS:%cl_2_39,
		 21: 
		 22: 
		 23: COPY TYPE_StringLiteral "fontawesome-webfont.woff2" def_%cl_2_41 
		 24: %self->asset_path def_%cl_2_42 %self[18.5,18.7,18.9,18.16,18.20,2.0,] %cl_2_41[18.23,] 	 SYMBOL:	 ARGS:%cl_2_41,
		 25: 
		 26: 
		 27: COPY TYPE_StringLiteral "fontawesome-webfont.woff" def_%cl_2_43 
		 28: %self->asset_path def_%cl_2_44 %self[18.5,18.7,18.9,18.16,18.20,18.24,2.0,] %cl_2_43[18.27,] 	 SYMBOL:	 ARGS:%cl_2_43,
		 29: 
		 30: 
		 31: COPY TYPE_StringLiteral "fontawesome-webfont.ttf" def_%cl_2_45 
		 32: %self->asset_path def_%cl_2_46 %self[18.5,18.7,18.9,18.16,18.20,18.24,18.28,2.0,] %cl_2_45[18.31,] 	 SYMBOL:	 ARGS:%cl_2_45,
		 33: 
		 34: 
		 35: %self->rtl? def_%cl_2_47 %self[18.5,18.7,18.9,18.16,18.20,18.24,18.28,18.32,2.0,] 	 SYMBOL:	 ARGS:
		 36: BRANCH %cl_2_47[18.35,] 
BB 19
	outgoing: 20 21 40 
	datadep: 
	instructions:
		 0: 
		 1: (DiscourseStylesheets) def_%cl_2_48 
		 2: %self->mobile_view? def_%cl_2_49 %self[2.0,] 	 SYMBOL:	 ARGS:
		 3: BRANCH %cl_2_49[19.2,] 
BB 20
	outgoing: 22 
	datadep: 
	instructions:
		 0: COPY TYPE_Symbol def_%cl_2_50 
		 1: 
BB 21
	outgoing: 22 
	datadep: 
	instructions:
		 0: COPY TYPE_Symbol def_%cl_2_50 
BB 22
	outgoing: 27 40 
	datadep: 
	instructions:
		 0: %cl_2_48->stylesheet_link_tag def_%cl_2_51 %cl_2_48[19.1,] %cl_2_50[21.0,20.0,] 	 SYMBOL:	 ARGS:%cl_2_50,
		 1: 
BB 23
	outgoing: 24 25 40 
	datadep: 
	instructions:
		 0: 
		 1: (DiscourseStylesheets) def_%cl_2_52 
		 2: %self->mobile_view? def_%cl_2_53 %self[2.0,] 	 SYMBOL:	 ARGS:
		 3: BRANCH %cl_2_53[23.2,] 
BB 24
	outgoing: 26 
	datadep: 
	instructions:
		 0: COPY TYPE_Symbol def_%cl_2_54 
		 1: 
BB 25
	outgoing: 26 
	datadep: 
	instructions:
		 0: COPY TYPE_Symbol def_%cl_2_54 
BB 26
	outgoing: 27 40 
	datadep: 
	instructions:
		 0: %cl_2_52->stylesheet_link_tag def_%cl_2_55 %cl_2_52[23.1,] %cl_2_54[25.0,24.0,] 	 SYMBOL:	 ARGS:%cl_2_54,
		 1: COPY TYPE_PASS def_%cl_2_51 %cl_2_55[26.0,] 
BB 27
	outgoing: 28 29 40 
	datadep: 
	instructions:
		 0: 
		 1: %self->staff? def_%cl_2_56 %self[2.0,] 	 SYMBOL:	 ARGS:
		 2: BRANCH %cl_2_56[27.1,] 
BB 28
	outgoing: 30 40 
	datadep: 
	instructions:
		 0: 
		 1: (DiscourseStylesheets) def_%cl_2_57 
		 2: %cl_2_57->stylesheet_link_tag def_%cl_2_58 %cl_2_57[28.1,] 	 SYMBOL:admin,	 ARGS:Symbol,
		 3: 
BB 29
	outgoing: 30 
	datadep: 
	instructions:
		 0: COPY TYPE_Nil def_%cl_2_58 
BB 30
	outgoing: 31 32 40 
	datadep: 
	instructions:
		 0: 
		 1: %self->customization_disabled? def_%cl_2_59 %self[2.0,] 	 SYMBOL:	 ARGS:
		 2: BRANCH %cl_2_59[30.1,] 
BB 31
	outgoing: 36 
	datadep: 
	instructions:
		 0: COPY TYPE_Nil def_%cl_2_60 
		 1: 
BB 32
	outgoing: 33 34 40 
	datadep: 
	instructions:
		 0: 
		 1: (SiteCustomization) def_%cl_2_61 
		 2: %self->session def_%cl_2_62 %self[2.0,] 	 SYMBOL:	 ARGS:
		 3: %cl_2_62->[] def_%cl_2_63 %cl_2_62[32.2,] 	 SYMBOL:preview_style,	 ARGS:Symbol,
		 4: %self->mobile_view? def_%cl_2_64 %self[32.2,2.0,] 	 SYMBOL:	 ARGS:
		 5: BRANCH %cl_2_64[32.4,] 
BB 33
	outgoing: 35 
	datadep: 
	instructions:
		 0: COPY TYPE_Symbol def_%cl_2_65 
		 1: 
BB 34
	outgoing: 35 
	datadep: 
	instructions:
		 0: COPY TYPE_Symbol def_%cl_2_65 
BB 35
	outgoing: 36 40 
	datadep: 
	instructions:
		 0: %cl_2_61->custom_stylesheet def_%cl_2_66 %cl_2_61[32.1,] %cl_2_63[32.3,] %cl_2_65[34.0,33.0,] 	 SYMBOL:	 ARGS:%cl_2_63,%cl_2_65,
		 1: COPY TYPE_PASS def_%cl_2_60 %cl_2_66[35.0,] 
BB 36
	outgoing: 37 38 40 
	datadep: 
	instructions:
		 0: 
		 1: %self->flash def_%cl_2_67 %self[2.0,] 	 SYMBOL:	 ARGS:
		 2: %cl_2_67->[] def_%cl_2_68 %cl_2_67[36.1,] 	 SYMBOL:error,	 ARGS:Symbol,
		 3: %cl_2_68->present? def_%cl_2_69 %cl_2_68[36.2,] 	 SYMBOL:	 ARGS:
		 4: BRANCH %cl_2_69[36.3,] 
BB 37
	outgoing: 39 40 
	datadep: 
	instructions:
		 0: 
		 1: %self->flash def_%cl_2_70 %self[2.0,] 	 SYMBOL:	 ARGS:
		 2: %cl_2_70->[] def_%cl_2_71 %cl_2_70[37.1,] 	 SYMBOL:error,	 ARGS:Symbol,
		 3: 
BB 38
	outgoing: 40 42 
	datadep: 
	instructions:
		 0: 
		 1: COPY TYPE_StringLiteral "login.omniauth_error_unknown" def_%cl_2_72 
		 2: %self->t def_%cl_2_73 %self[2.0,] %cl_2_72[38.1,] 	 SYMBOL:	 ARGS:%cl_2_72,
		 3: RETURN %cl_2_73[38.2,] %self[38.2,2.0,] 
BB 39
	outgoing: 42 
	datadep: 
	instructions:
		 0: RETURN %cl_2_71[37.2,] %self[2.0,] 
BB 40
	outgoing: 42 
	datadep: 
	instructions:
		 0: def_%cl_2_74 
		 1: def_%cl_2_75 %cl_2_74[40.0,] 
		 2: RETURN %cl_2_75[40.1,] %self[2.0,] 
BB 42
	outgoing: 
	datadep: 
	instructions:
CLOSURE END: font_domain[18.13,] 
		 9: 
BB 24
	outgoing: 25 26 
	datadep: 
	instructions:
		 0: 
		 1: GETFIELD %self->auth_result def_%v_48 %self[4.3,2.0,] 
		 2: authenticator->name def_%v_49 authenticator[2.19,] 	 SYMBOL:	 ARGS:
		 3: ATTRASSIGN %v_48->authenticator_name %v_49[24.2,] 
		 4: 
		 5: %self->complete_response_data def_%v_50 %self[21.4,4.3,15.2,2.0,] 	 SYMBOL:	 ARGS:
		 6: 
		 7: COPY TYPE_PASS def_%v_51 provider[4.0,] 
		 8: BRANCH provider[4.0,] 
BB 25
	outgoing: 26 
	datadep: 
	instructions:
		 0: provider->full_screen_login def_%v_52 provider[4.0,] 	 SYMBOL:	 ARGS:
		 1: COPY TYPE_PASS def_%v_51 %v_52[25.0,] 
BB 26
	outgoing: 27 28 
	datadep: 
	instructions:
		 0: BRANCH %v_51[25.1,24.7,] 
BB 27
	outgoing: 29 
	datadep: 
	instructions:
		 0: 
		 1: %self->cookies def_%v_53 %self[21.4,4.3,15.2,2.0,] 	 SYMBOL:	 ARGS:
		 2: COPY TYPE_StringLiteral "_bypass_cache" def_%v_54 
		 3: ATTRASSIGN %v_53->[] %v_54[27.2,] 
		 4: 
		 5: %self->flash def_%v_55 %self[27.1,21.4,4.3,15.2,2.0,] 	 SYMBOL:	 ARGS:
		 6: GETFIELD %self->auth_result def_%v_56 %self[27.1,27.5,4.3,2.0,] 
		 7: %v_56->to_client_hash def_%v_57 %v_56[27.6,] 	 SYMBOL:	 ARGS:
		 8: %v_57->to_json def_%v_58 %v_57[27.7,] 	 SYMBOL:	 ARGS:
		 9: ATTRASSIGN %v_55->[] %v_58[27.8,] 
		 10: 
		 11: GETFIELD %self->origin def_%v_59 %self[27.1,27.5,21.4,15.2,2.0,] 
		 12: %self->redirect_to def_%v_60 %self[27.1,27.5,21.4,4.3,15.2,2.0,] %v_59[27.11,] 	 SYMBOL:	 ARGS:%v_59,
		 13: 
BB 28
	outgoing: 29 
	datadep: 
	instructions:
		 0: 
		 1: %self->respond_to def_%v_61 %self[21.4,4.3,15.2,2.0,] %self[21.4,4.3,15.2,2.0,] 	 SYMBOL:	 ARGS:%self,
CLOSURE BEGIN: format[] %self[21.4,4.3,15.2,2.0,] 
BB 1
	outgoing: 6 2 
	datadep: 
	instructions:
BB 2
	outgoing: 3 
	datadep: 
	instructions:
		 0: def_%self 
		 1: def_%cl_3_0 
		 2: RECEIVEARG def_format 
		 3: COPY TYPE_CurrentScope def_%current_scope 
		 4: COPY TYPE_ScopeModule def_%current_module 
BB 3
	outgoing: 4 6 
	datadep: 
	instructions:
		 0: 
		 1: format->html def_%cl_3_3 format[2.2,] 	 SYMBOL:	 ARGS:
		 2: 
		 3: format->json def_%cl_3_4 format[3.1,2.2,] %self[2.0,] 	 SYMBOL:	 ARGS:format,
CLOSURE BEGIN: %self[2.0,] 
BB 1
	outgoing: 6 2 
	datadep: 
	instructions:
BB 2
	outgoing: 3 
	datadep: 
	instructions:
		 0: def_%self 
		 1: def_%cl_4_0 
		 2: COPY TYPE_CurrentScope def_%current_scope 
		 3: COPY TYPE_ScopeModule def_%current_module 
BB 3
	outgoing: 4 6 
	datadep: 
	instructions:
		 0: 
		 1: GETFIELD %self->auth_result def_%cl_4_3 %self[2.0,] 
		 2: %cl_4_3->to_client_hash def_%cl_4_4 %cl_4_3[3.1,] 	 SYMBOL:	 ARGS:
		 3: HASH-json- def_%cl_4_5 %cl_4_4[3.2,] 
		 4: %self->render def_%cl_4_6 %self[2.0,] %cl_4_5[3.3,] 	 SYMBOL:	 ARGS:%cl_4_5,
		 5: RETURN %cl_4_6[3.4,] %self[3.4,2.0,] 
BB 4
	outgoing: 6 
	datadep: 
	instructions:
		 0: def_%cl_4_7 
		 1: def_%cl_4_8 %cl_4_7[4.0,] 
		 2: RETURN %cl_4_8[4.1,] %self[2.0,] 
BB 6
	outgoing: 
	datadep: 
	instructions:
CLOSURE END: 
		 4: RETURN %cl_3_4[3.3,] %self[2.0,] 
BB 4
	outgoing: 6 
	datadep: 
	instructions:
		 0: def_%cl_3_5 
		 1: def_%cl_3_6 %cl_3_5[4.0,] 
		 2: RETURN %cl_3_6[4.1,] %self[2.0,] 
BB 6
	outgoing: 
	datadep: 
	instructions:
CLOSURE END: 
		 2: COPY TYPE_PASS def_%v_60 %v_61[28.1,] 
BB 29
	outgoing: 30 
	datadep: 
	instructions:
		 0: COPY TYPE_PASS def_%v_47 %v_60[28.2,27.12,] 
BB 30
	outgoing: 31 
	datadep: 
	instructions:
		 0: 
		 1: %self->ruby_code_from_view def_%v_62 %self[21.4,4.3,15.2,2.0,] 	 SYMBOL:	 ARGS:
		 2: %v_62->ruby_code_from_view def_%v_63 %v_62[30.1,] %self[30.1,21.4,4.3,15.2,2.0,] 	 SYMBOL:	 ARGS:%v_62,
CLOSURE BEGIN: %self[30.1,21.4,4.3,15.2,2.0,] 
BB 1
	outgoing: 6 2 
	datadep: 
	instructions:
BB 2
	outgoing: 3 
	datadep: 
	instructions:
		 0: def_%self 
		 1: def_%cl_5_0 
		 2: RECEIVEARG def_rb_from_view 
		 3: COPY TYPE_CurrentScope def_%current_scope 
		 4: COPY TYPE_ScopeModule def_%current_module 
BB 3
	outgoing: 4 6 
	datadep: 
	instructions:
		 0: 
		 1: (SiteSetting) def_%cl_5_3 
		 2: %cl_5_3->title def_%cl_5_4 %cl_5_3[3.1,] 	 SYMBOL:	 ARGS:
		 3: 
		 4: COPY TYPE_StringLiteral "login.close_window" def_%cl_5_5 
		 5: %self->t def_%cl_5_6 %self[2.0,] %cl_5_5[3.4,] 	 SYMBOL:	 ARGS:%cl_5_5,
		 6: 
		 7: GETFIELD %self->auth_result def_%cl_5_7 %self[3.5,2.0,] 
		 8: %cl_5_7->to_client_hash def_%cl_5_8 %cl_5_7[3.7,] 	 SYMBOL:	 ARGS:
		 9: %cl_5_8->to_json def_%cl_5_9 %cl_5_8[3.8,] 	 SYMBOL:	 ARGS:
		 10: %cl_5_9->html_safe def_%cl_5_10 %cl_5_9[3.9,] 	 SYMBOL:	 ARGS:
		 11: RETURN %cl_5_10[3.10,] %self[3.5,2.0,] 
BB 4
	outgoing: 6 
	datadep: 
	instructions:
		 0: def_%cl_5_11 
		 1: def_%cl_5_12 %cl_5_11[4.0,] 
		 2: RETURN %cl_5_12[4.1,] %self[2.0,] 
BB 6
	outgoing: 
	datadep: 
	instructions:
CLOSURE END: 
		 3: RETURN %v_63[30.2,] %self[30.1,21.4,4.3,15.2,2.0,] 
BB 31
	outgoing: 
	datadep: 
	instructions:

SET IRMethod, name = failure instanceMethod = true
BB 1
	outgoing: 3 2 
	datadep: 
	instructions:
BB 2
	outgoing: 3 
	datadep: 
	instructions:
		 0: def_%self 
		 1: def_%v_0 
		 2: COPY TYPE_CurrentScope def_%current_scope 
		 3: COPY TYPE_ScopeModule def_%current_module 
		 4: 
		 5: 
		 6: %self->flash def_%v_3 %self[2.0,] 	 SYMBOL:	 ARGS:
		 7: (I18n) def_%v_4 
		 8: COPY TYPE_StringLiteral "login.omniauth_error" def_%v_5 
		 9: %v_4->t def_%v_6 %v_4[2.7,] %v_5[2.8,] 	 SYMBOL:	 ARGS:%v_5,
		 10: ATTRASSIGN %v_3->[] %v_6[2.9,] 
		 11: 
		 12: COPY TYPE_StringLiteral "no_ember" def_%v_7 
		 13: HASH-layout- def_%v_8 %v_7[2.12,] 
		 14: %self->render def_%v_9 %self[2.0,2.6,] %v_8[2.13,] 	 SYMBOL:	 ARGS:%v_8,
		 15: RETURN %v_9[2.14,] %self[2.0,2.6,2.14,] 
BB 3
	outgoing: 
	datadep: 
	instructions:

SET IRMethod, name = find_authenticator instanceMethod = false
BB 1
	outgoing: 8 2 
	datadep: 
	instructions:
BB 2
	outgoing: 4 5 6 
	datadep: 
	instructions:
		 0: def_%self 
		 1: def_%v_0 
		 2: COPY TYPE_CurrentScope def_%current_scope 
		 3: COPY TYPE_ScopeModule def_%current_module 
		 4: 
		 5: RECEIVEARG def_name 
		 6: 
		 7: (BUILTIN_AUTH) def_%v_3 
		 8: %v_3->each def_%v_4 %v_3[2.7,] %self[2.0,] 	 SYMBOL:	 ARGS:%v_3,
CLOSURE BEGIN: authenticator[] name[2.5,] %self[2.0,] 
BB 1
	outgoing: 14 2 
	datadep: 
	instructions:
BB 2
	outgoing: 3 
	datadep: 
	instructions:
		 0: def_%self 
		 1: def_%cl_1_0 
		 2: RECEIVEARG def_authenticator 
		 3: COPY TYPE_CurrentScope def_%current_scope 
		 4: COPY TYPE_ScopeModule def_%current_module 
BB 3
	outgoing: 4 10 12 
	datadep: 
	instructions:
		 0: 
		 1: authenticator->name def_%cl_1_3 authenticator[2.2,] 	 SYMBOL:	 ARGS:
		 2: %cl_1_3->== def_%cl_1_4 %cl_1_3[3.1,] name[] 	 SYMBOL:	 ARGS:name,
		 3: BRANCH %cl_1_4[3.2,] 
BB 4
	outgoing: 5 6 12 
	datadep: 
	instructions:
		 0: 
		 1: (SiteSetting) def_%cl_1_5 
		 2: COPY TYPE_StringLiteral "enable_" def_%cl_1_6 
		 3: COPY TYPE_StringLiteral "_logins?" def_%cl_1_7 
		 4: BUILDSTRING def_%cl_1_8 %cl_1_6[4.2,] name[] %cl_1_7[4.3,] 
		 5: %cl_1_5->send def_%cl_1_9 %cl_1_5[4.1,] %cl_1_8[4.4,] 	 SYMBOL:	 ARGS:%cl_1_8,
		 6: BRANCH %cl_1_9[4.5,] 
BB 5
	outgoing: 9 
	datadep: 
	instructions:
		 0: COPY TYPE_Nil def_%cl_1_10 
		 1: 
BB 6
	outgoing: 7 8 12 
	datadep: 
	instructions:
		 0: (Discourse) def_%cl_1_11 
		 1: (inherit InvalidAccess) def_%cl_1_12 %cl_1_11[6.0,] 
		 2: %cl_1_12[6.1,] 
BB 7
	outgoing: 8 12 
	datadep: 
	instructions:
		 0: %cl_1_11->const_missing def_%cl_1_12 %cl_1_11[6.0,] 	 SYMBOL:InvalidAccess,	 ARGS:Symbol,
BB 8
	outgoing: 9 12 
	datadep: 
	instructions:
		 0: COPY TYPE_StringLiteral "provider is not enabled" def_%cl_1_13 
		 1: %cl_1_12->new def_%cl_1_14 %cl_1_12[7.0,6.1,] %cl_1_13[8.0,] 	 SYMBOL:	 ARGS:%cl_1_13,
		 2: %self->raise def_%cl_1_15 %self[2.0,] %cl_1_14[8.1,] 	 SYMBOL:	 ARGS:%cl_1_14,
		 3: COPY TYPE_PASS def_%cl_1_10 %cl_1_15[8.2,] 
BB 9
	outgoing: 12 14 
	datadep: 
	instructions:
		 0: 
		 1: 
		 2: RETURN authenticator[2.2,] %self[2.0,] 
BB 10
	outgoing: 14 
	datadep: 
	instructions:
		 0: RETURN %self[2.0,] 
BB 12
	outgoing: 14 
	datadep: 
	instructions:
		 0: def_%cl_1_17 
		 1: def_%cl_1_18 %cl_1_17[12.0,] 
		 2: RETURN %cl_1_18[12.1,] %self[2.0,] 
BB 14
	outgoing: 
	datadep: 
	instructions:
CLOSURE END: 
		 9: 
		 10: (Discourse) def_%v_5 
		 11: %v_5->auth_providers def_%v_6 %v_5[2.10,] 	 SYMBOL:	 ARGS:
		 12: %v_6->each def_%v_7 %v_6[2.11,] %self[2.0,] 	 SYMBOL:	 ARGS:%v_6,
CLOSURE BEGIN: provider[] name[2.5,] 
BB 1
	outgoing: 9 2 
	datadep: 
	instructions:
BB 2
	outgoing: 3 
	datadep: 
	instructions:
		 0: def_%self 
		 1: def_%cl_2_0 
		 2: RECEIVEARG def_provider 
		 3: COPY TYPE_CurrentScope def_%current_scope 
		 4: COPY TYPE_ScopeModule def_%current_module 
BB 3
	outgoing: 4 5 7 
	datadep: 
	instructions:
		 0: 
		 1: provider->name def_%cl_2_3 provider[2.2,] 	 SYMBOL:	 ARGS:
		 2: %cl_2_3->== def_%cl_2_4 %cl_2_3[3.1,] name[] 	 SYMBOL:	 ARGS:name,
		 3: BRANCH %cl_2_4[3.2,] 
BB 4
	outgoing: 7 9 
	datadep: 
	instructions:
		 0: provider->authenticator def_%cl_2_5 provider[2.2,] 	 SYMBOL:	 ARGS:
		 1: 
		 2: RETURN %cl_2_5[4.0,] %self[2.0,] 
BB 5
	outgoing: 9 
	datadep: 
	instructions:
		 0: RETURN %self[2.0,] 
BB 7
	outgoing: 9 
	datadep: 
	instructions:
		 0: def_%cl_2_7 
		 1: def_%cl_2_8 %cl_2_7[7.0,] 
		 2: RETURN %cl_2_8[7.1,] %self[2.0,] 
BB 9
	outgoing: 
	datadep: 
	instructions:
CLOSURE END: 
		 13: 
		 14: (Discourse) def_%v_8 
		 15: (inherit InvalidAccess) def_%v_9 %v_8[2.14,] 
		 16: %v_9[2.15,] 
BB 4
	outgoing: 5 6 
	datadep: 
	instructions:
		 0: %v_8->const_missing def_%v_9 %v_8[2.14,] 	 SYMBOL:InvalidAccess,	 ARGS:Symbol,
BB 5
	outgoing: 6 8 
	datadep: 
	instructions:
		 0: COPY TYPE_StringLiteral "provider is not found" def_%v_10 
		 1: %v_9->new def_%v_11 %v_9[4.0,2.15,] %v_10[5.0,] 	 SYMBOL:	 ARGS:%v_10,
		 2: %self->raise def_%v_12 %self[2.0,] %v_11[5.1,] 	 SYMBOL:	 ARGS:%v_11,
		 3: RETURN %v_12[5.2,] %self[5.2,2.0,] 
BB 6
	outgoing: 8 
	datadep: 
	instructions:
		 0: def_%v_13 
		 1: def_%v_14 %v_13[6.0,] 
		 2: RETURN %v_14[6.1,] %self[2.0,] 
BB 8
	outgoing: 
	datadep: 
	instructions:

SET IRMethod, name = complete_response_data instanceMethod = true
BB 1
	outgoing: 9 2 
	datadep: 
	instructions:
BB 2
	outgoing: 3 4 
	datadep: 
	instructions:
		 0: def_%self 
		 1: def_%v_0 
		 2: COPY TYPE_CurrentScope def_%current_scope 
		 3: COPY TYPE_ScopeModule def_%current_module 
		 4: 
		 5: 
		 6: GETFIELD %self->auth_result def_%v_3 %self[2.0,] 
		 7: %v_3->user def_%v_4 %v_3[2.6,] 	 SYMBOL:	 ARGS:
		 8: BRANCH %v_4[2.7,] 
BB 3
	outgoing: 9 
	datadep: 
	instructions:
		 0: 
		 1: GETFIELD %self->auth_result def_%v_5 %self[2.0,] 
		 2: %v_5->user def_%v_6 %v_5[3.1,] 	 SYMBOL:	 ARGS:
		 3: %self->user_found def_%v_7 %self[2.0,] %v_6[3.2,] 	 SYMBOL:	 ARGS:%v_6,
		 4: RETURN %v_7[3.3,] %self[3.3,2.0,] 
BB 4
	outgoing: 5 6 
	datadep: 
	instructions:
		 0: 
		 1: (SiteSetting) def_%v_8 
		 2: %v_8->invite_only? def_%v_9 %v_8[4.1,] 	 SYMBOL:	 ARGS:
		 3: BRANCH %v_9[4.2,] 
BB 5
	outgoing: 7 
	datadep: 
	instructions:
		 0: 
		 1: GETFIELD %self->auth_result def_%v_10 %self[2.0,] 
		 2: ATTRASSIGN %v_10->requires_invite 
		 3: COPY TYPE_Boolean def_%v_11 
		 4: 
BB 6
	outgoing: 7 
	datadep: 
	instructions:
		 0: 
		 1: %self->session def_%v_12 %self[2.0,] 	 SYMBOL:	 ARGS:
		 2: GETFIELD %self->auth_result def_%v_13 %self[6.1,2.0,] 
		 3: %v_13->session_data def_%v_14 %v_13[6.2,] 	 SYMBOL:	 ARGS:
		 4: ATTRASSIGN %v_12->[] %v_14[6.3,] 
		 5: COPY TYPE_PASS def_%v_11 %v_14[6.3,] 
BB 7
	outgoing: 9 
	datadep: 
	instructions:
		 0: RETURN %v_11[6.5,5.3,] %self[2.0,] 
BB 9
	outgoing: 
	datadep: 
	instructions:

SET IRMethod, name = user_found instanceMethod = true
BB 1
	outgoing: 24 2 
	datadep: 
	instructions:
BB 2
	outgoing: 3 4 
	datadep: 
	instructions:
		 0: def_%self 
		 1: def_%v_0 
		 2: COPY TYPE_CurrentScope def_%current_scope 
		 3: COPY TYPE_ScopeModule def_%current_module 
		 4: 
		 5: RECEIVEARG def_user 
		 6: 
		 7: user->active def_%v_3 user[2.5,] 	 SYMBOL:	 ARGS:
		 8: %v_3->! def_%v_4 %v_3[2.7,] 	 SYMBOL:	 ARGS:
		 9: BRANCH %v_4[2.8,] 
BB 3
	outgoing: 4 
	datadep: 
	instructions:
		 0: GETFIELD %self->auth_result def_%v_5 %self[2.0,] 
		 1: %v_5->email_valid def_%v_6 %v_5[3.0,] 	 SYMBOL:	 ARGS:
		 2: COPY TYPE_PASS def_%v_4 %v_6[3.1,] 
BB 4
	outgoing: 5 6 
	datadep: 
	instructions:
		 0: BRANCH %v_4[3.2,2.8,] 
BB 5
	outgoing: 7 
	datadep: 
	instructions:
		 0: 
		 1: user->toggle def_%v_7 user[2.5,] 	 SYMBOL:active,	 ARGS:Symbol,
		 2: %v_7->save def_%v_8 %v_7[5.1,] 	 SYMBOL:	 ARGS:
		 3: 
BB 6
	outgoing: 7 
	datadep: 
	instructions:
		 0: COPY TYPE_Nil def_%v_8 
BB 7
	outgoing: 8 9 
	datadep: 
	instructions:
		 0: 
		 1: (ScreenedIpAddress) def_%v_9 
		 2: %self->request def_%v_10 %self[2.0,] 	 SYMBOL:	 ARGS:
		 3: %v_10->remote_ip def_%v_11 %v_10[7.2,] 	 SYMBOL:	 ARGS:
		 4: %v_9->should_block? def_%v_12 %v_9[7.1,] %v_11[7.3,] 	 SYMBOL:	 ARGS:%v_11,
		 5: BRANCH %v_12[7.4,] 
BB 8
	outgoing: 24 
	datadep: 
	instructions:
		 0: 
		 1: GETFIELD %self->auth_result def_%v_13 %self[2.0,] 
		 2: ATTRASSIGN %v_13->not_allowed_from_ip_address 
		 3: COPY TYPE_Boolean def_%v_14 
		 4: RETURN %self[2.0,] 
BB 9
	outgoing: 10 11 
	datadep: 
	instructions:
		 0: 
		 1: (ScreenedIpAddress) def_%v_15 
		 2: %self->request def_%v_16 %self[2.0,] 	 SYMBOL:	 ARGS:
		 3: %v_16->remote_ip def_%v_17 %v_16[9.2,] 	 SYMBOL:	 ARGS:
		 4: %v_15->block_admin_login? def_%v_18 %v_15[9.1,] user[2.5,] %v_17[9.3,] 	 SYMBOL:	 ARGS:user,%v_17,
		 5: BRANCH %v_18[9.4,] 
BB 10
	outgoing: 22 
	datadep: 
	instructions:
		 0: 
		 1: GETFIELD %self->auth_result def_%v_19 %self[2.0,] 
		 2: ATTRASSIGN %v_19->admin_not_allowed_from_ip_address 
		 3: COPY TYPE_Boolean def_%v_20 
		 4: 
BB 11
	outgoing: 12 13 
	datadep: 
	instructions:
		 0: 
		 1: (Guardian) def_%v_21 
		 2: %v_21->new def_%v_22 %v_21[11.1,] user[2.5,] 	 SYMBOL:	 ARGS:user,
		 3: %v_22->can_access_forum? def_%v_23 %v_22[11.2,] 	 SYMBOL:	 ARGS:
		 4: BRANCH %v_23[11.3,] 
BB 12
	outgoing: 13 
	datadep: 
	instructions:
		 0: user->active def_%v_24 user[2.5,] 	 SYMBOL:	 ARGS:
		 1: COPY TYPE_PASS def_%v_23 %v_24[12.0,] 
BB 13
	outgoing: 14 15 
	datadep: 
	instructions:
		 0: BRANCH %v_23[12.1,11.3,] 
BB 14
	outgoing: 21 
	datadep: 
	instructions:
		 0: 
		 1: %self->log_on_user def_%v_25 %self[2.0,] user[2.5,] 	 SYMBOL:	 ARGS:user,
		 2: 
		 3: (Invite) def_%v_26 
		 4: user->email def_%v_27 user[2.5,] 	 SYMBOL:	 ARGS:
		 5: %v_26->invalidate_for_email def_%v_28 %v_26[14.3,] %v_27[14.4,] 	 SYMBOL:	 ARGS:%v_27,
		 6: 
		 7: %self->session def_%v_29 %self[14.1,2.0,] 	 SYMBOL:	 ARGS:
		 8: ATTRASSIGN %v_29->[] 
		 9: 
		 10: GETFIELD %self->auth_result def_%v_30 %self[14.1,14.7,2.0,] 
		 11: ATTRASSIGN %v_30->authenticated 
		 12: COPY TYPE_Boolean def_%v_31 
		 13: 
BB 15
	outgoing: 16 17 
	datadep: 
	instructions:
		 0: 
		 1: (SiteSetting) def_%v_32 
		 2: %v_32->must_approve_users? def_%v_33 %v_32[15.1,] 	 SYMBOL:	 ARGS:
		 3: BRANCH %v_33[15.2,] 
BB 16
	outgoing: 17 
	datadep: 
	instructions:
		 0: user->approved? def_%v_34 user[2.5,] 	 SYMBOL:	 ARGS:
		 1: %v_34->! def_%v_35 %v_34[16.0,] 	 SYMBOL:	 ARGS:
		 2: COPY TYPE_PASS def_%v_33 %v_35[16.1,] 
BB 17
	outgoing: 18 19 
	datadep: 
	instructions:
		 0: BRANCH %v_33[16.2,15.2,] 
BB 18
	outgoing: 20 
	datadep: 
	instructions:
		 0: 
		 1: GETFIELD %self->auth_result def_%v_36 %self[2.0,] 
		 2: ATTRASSIGN %v_36->awaiting_approval 
		 3: COPY TYPE_Boolean def_%v_37 
		 4: 
BB 19
	outgoing: 20 
	datadep: 
	instructions:
		 0: 
		 1: GETFIELD %self->auth_result def_%v_38 %self[2.0,] 
		 2: ATTRASSIGN %v_38->awaiting_activation 
		 3: COPY TYPE_Boolean def_%v_37 
BB 20
	outgoing: 21 
	datadep: 
	instructions:
		 0: COPY TYPE_PASS def_%v_31 %v_37[19.3,18.3,] 
BB 21
	outgoing: 22 
	datadep: 
	instructions:
		 0: COPY TYPE_PASS def_%v_20 %v_31[20.0,14.12,] 
BB 22
	outgoing: 24 
	datadep: 
	instructions:
		 0: RETURN %v_20[21.0,10.3,] %self[2.0,] 
BB 24
	outgoing: 
	datadep: 
	instructions:

