SET IRMethod, name = run instanceMethod = false
BB 1
	outgoing: 3 2 
	datadep: 
	instructions:
BB 2
	outgoing: 3 
	datadep: 
	instructions:
		 0: def_%self 
		 1: def_%v_0 
		 2: COPY TYPE_CurrentScope def_%current_scope 
		 3: COPY TYPE_ScopeModule def_%current_module 
		 4: 
		 5: 
		 6: %self->new def_%v_3 %self[2.0,] 	 SYMBOL:	 ARGS:
		 7: %v_3->execute def_%v_4 %v_3[2.6,] 	 SYMBOL:	 ARGS:Nil,
		 8: RETURN %v_4[2.7,] %self[2.0,2.6,] 
BB 3
	outgoing: 
	datadep: 
	instructions:

SET IRMethod, name = execute instanceMethod = true
BB 1
	outgoing: 6 2 
	datadep: 
	instructions:
BB 2
	outgoing: 3 4 
	datadep: 
	instructions:
		 0: def_%self 
		 1: def_%v_0 
		 2: COPY TYPE_CurrentScope def_%current_scope 
		 3: COPY TYPE_ScopeModule def_%current_module 
		 4: 
		 5: RECEIVEARG def_args 
		 6: 
		 7: (SiteSetting) def_%v_3 
		 8: %v_3->enable_badges def_%v_4 %v_3[2.7,] 	 SYMBOL:	 ARGS:
		 9: BRANCH %v_4[2.8,] 
BB 3
	outgoing: 6 
	datadep: 
	instructions:
		 0: COPY TYPE_Nil def_%v_5 
		 1: 
		 2: (Badge) def_%v_6 
		 3: %v_6->enabled def_%v_7 %v_6[3.2,] 	 SYMBOL:	 ARGS:
		 4: %v_7->find_each def_%v_8 %v_7[3.3,] %self[2.0,] 	 SYMBOL:	 ARGS:%v_7,
CLOSURE BEGIN: b[] %self[2.0,] ex[] 
BB 1
	outgoing: 15 2 
	datadep: 
	instructions:
BB 2
	outgoing: 4 
	datadep: 
	instructions:
		 0: def_%self 
		 1: def_%cl_1_0 
		 2: RECEIVEARG def_b 
		 3: COPY TYPE_CurrentScope def_%current_scope 
		 4: COPY TYPE_ScopeModule def_%current_module 
		 5: 
		 6: GLOBALVAR $! def_%cl_1_3 
BB 4
	outgoing: 6 7 
	datadep: 
	instructions:
		 0: 
		 1: 
		 2: (BadgeGranter) def_%cl_1_6 
		 3: %cl_1_6->backfill def_%cl_1_7 %cl_1_6[4.2,] b[2.2,] 	 SYMBOL:	 ARGS:b,
		 4: COPY TYPE_PASS def_%cl_1_5 %cl_1_7[4.3,] 
		 5: %cl_1_3[2.6,] 
BB 6
	outgoing: 12 
	datadep: 
	instructions:
		 0: 
BB 7
	outgoing: 8 9 11 
	datadep: 
	instructions:
		 0: def_%cl_1_8 
		 1: def_%cl_1_9 %cl_1_8[7.0,] 
		 2: BRANCH %cl_1_9[7.1,] 
BB 8
	outgoing: 11 15 
	datadep: 
	instructions:
		 0: %cl_1_8[7.0,] 
BB 9
	outgoing: 10 11 
	datadep: 
	instructions:
		 0: GLOBALVAR $! def_%cl_1_10 
		 1: COPY TYPE_PASS def_ex %cl_1_10[9.0,] 
		 2: 
		 3: (Discourse) def_%cl_1_11 
		 4: HASH- def_%cl_1_12 
		 5: COPY TYPE_StringLiteral "Exception granting badges" def_%cl_1_13 
		 6: b->id def_%cl_1_14 b[2.2,] 	 SYMBOL:	 ARGS:
		 7: HASH-badge_id- def_%cl_1_15 %cl_1_14[9.6,] 
		 8: HASH-code_desc-extra- def_%cl_1_16 %cl_1_13[9.5,] %cl_1_15[9.7,] 
		 9: %self->error_context def_%cl_1_17 %self[2.0,] %cl_1_12[9.4,] %cl_1_16[9.8,] 	 SYMBOL:	 ARGS:%cl_1_12,%cl_1_16,
		 10: %cl_1_11->handle_job_exception def_%cl_1_18 %cl_1_11[9.3,] ex[9.1,] %cl_1_17[9.9,] 	 SYMBOL:	 ARGS:ex,%cl_1_17,
		 11: COPY TYPE_PASS def_%cl_1_5 %cl_1_18[9.10,] 
		 12: %cl_1_3[2.6,] 
BB 10
	outgoing: 12 
	datadep: 
	instructions:
		 0: 
BB 11
	outgoing: 13 15 
	datadep: 
	instructions:
		 0: def_%cl_1_19 
		 1: def_%cl_1_20 %cl_1_19[11.0,] %cl_1_3[2.6,] 
		 2: %cl_1_19[11.0,] 
BB 12
	outgoing: 15 
	datadep: 
	instructions:
		 0: RETURN %cl_1_5[4.4,9.11,] %self[2.0,] 
BB 13
	outgoing: 15 
	datadep: 
	instructions:
		 0: def_%cl_1_21 
		 1: def_%cl_1_22 %cl_1_21[13.0,] 
		 2: RETURN %cl_1_22[13.1,] %self[2.0,] 
BB 15
	outgoing: 
	datadep: 
	instructions:
CLOSURE END: ex[9.1,] 
		 5: 
		 6: (BadgeGranter) def_%v_9 
		 7: %v_9->revoke_ungranted_titles! def_%v_10 %v_9[3.6,] 	 SYMBOL:	 ARGS:
		 8: RETURN %v_10[3.7,] %self[2.0,] 
BB 4
	outgoing: 6 
	datadep: 
	instructions:
		 0: RETURN %self[2.0,] 
BB 6
	outgoing: 
	datadep: 
	instructions:

