SET IRMethod, name = execute instanceMethod = true
BB 1
	outgoing: 15 2 
	datadep: 
	instructions:
BB 2
	outgoing: 3 4 
	datadep: 
	instructions:
		 0: def_%self 
		 1: def_%v_0 
		 2: COPY TYPE_CurrentScope def_%current_scope 
		 3: COPY TYPE_ScopeModule def_%current_module 
		 4: 
		 5: RECEIVEARG def_args 
		 6: 
		 7: (SiteSetting) def_%v_3 
		 8: %v_3->notify_about_queued_posts_after def_%v_4 %v_3[2.7,] 	 SYMBOL:	 ARGS:
		 9: %v_4->> def_%v_5 %v_4[2.8,] 	 SYMBOL:	 ARGS:Fixnum,
		 10: BRANCH %v_5[2.9,] 
BB 3
	outgoing: 4 
	datadep: 
	instructions:
		 0: (SiteSetting) def_%v_6 
		 1: %v_6->contact_email def_%v_7 %v_6[3.0,] 	 SYMBOL:	 ARGS:
		 2: COPY TYPE_PASS def_%v_5 %v_7[3.1,] 
BB 4
	outgoing: 5 6 
	datadep: 
	instructions:
		 0: BRANCH %v_5[3.2,2.9,] 
BB 5
	outgoing: 8 9 
	datadep: 
	instructions:
		 0: COPY TYPE_Nil def_%v_8 
		 1: 
		 2: %self->should_notify_ids def_%v_9 %self[2.0,] 	 SYMBOL:	 ARGS:
		 3: %v_9->size def_%v_10 %v_9[5.2,] 	 SYMBOL:	 ARGS:
		 4: %v_10->> def_%v_11 %v_10[5.3,] 	 SYMBOL:	 ARGS:Fixnum,
		 5: BRANCH %v_11[5.4,] 
BB 6
	outgoing: 15 
	datadep: 
	instructions:
		 0: RETURN %self[2.0,] 
BB 8
	outgoing: 9 
	datadep: 
	instructions:
		 0: %self->last_notified_id def_%v_12 %self[2.0,] 	 SYMBOL:	 ARGS:
		 1: %v_12->to_i def_%v_13 %v_12[8.0,] 	 SYMBOL:	 ARGS:
		 2: %self->should_notify_ids def_%v_14 %self[8.0,2.0,] 	 SYMBOL:	 ARGS:
		 3: %v_14->max def_%v_15 %v_14[8.2,] 	 SYMBOL:	 ARGS:
		 4: %v_13->< def_%v_16 %v_13[8.1,] %v_15[8.3,] 	 SYMBOL:	 ARGS:%v_15,
		 5: COPY TYPE_PASS def_%v_11 %v_16[8.4,] 
BB 9
	outgoing: 10 13 
	datadep: 
	instructions:
		 0: BRANCH %v_11[8.5,5.4,] 
BB 10
	outgoing: 11 12 
	datadep: 
	instructions:
		 0: 
		 1: (PendingQueuedPostsMailer) def_%v_17 
		 2: %self->should_notify_ids def_%v_18 %self[2.0,] 	 SYMBOL:	 ARGS:
		 3: %v_18->size def_%v_19 %v_18[10.2,] 	 SYMBOL:	 ARGS:
		 4: HASH-count- def_%v_20 %v_19[10.3,] 
		 5: %v_17->notify def_%v_21 %v_17[10.1,] %v_20[10.4,] 	 SYMBOL:	 ARGS:%v_20,
		 6: COPY TYPE_PASS def_message %v_21[10.5,] 
		 7: 
		 8: (Email) def_%v_22 
		 9: (inherit Sender) def_%v_23 %v_22[10.8,] 
		 10: %v_23[10.9,] 
BB 11
	outgoing: 12 
	datadep: 
	instructions:
		 0: %v_22->const_missing def_%v_23 %v_22[10.8,] 	 SYMBOL:Sender,	 ARGS:Symbol,
BB 12
	outgoing: 14 
	datadep: 
	instructions:
		 0: %v_23->new def_%v_24 %v_23[11.0,10.9,] message[10.6,] 	 SYMBOL:pending_queued_posts_reminder,	 ARGS:message,Symbol,
		 1: %v_24->send def_%v_25 %v_24[12.0,] 	 SYMBOL:	 ARGS:
		 2: 
		 3: %self->should_notify_ids def_%v_26 %self[2.0,] 	 SYMBOL:	 ARGS:
		 4: %v_26->max def_%v_27 %v_26[12.3,] 	 SYMBOL:	 ARGS:
		 5: ATTRASSIGN %self->last_notified_id %v_27[12.4,] 
		 6: 
BB 13
	outgoing: 14 
	datadep: 
	instructions:
		 0: COPY TYPE_Nil def_%v_27 
BB 14
	outgoing: 15 
	datadep: 
	instructions:
		 0: 
		 1: RETURN %self[12.5,2.0,] 
BB 15
	outgoing: 
	datadep: 
	instructions:

SET IRMethod, name = should_notify_ids instanceMethod = true
BB 1
	outgoing: 7 2 
	datadep: 
	instructions:
BB 2
	outgoing: 3 4 
	datadep: 
	instructions:
		 0: def_%self 
		 1: def_%v_0 
		 2: COPY TYPE_CurrentScope def_%current_scope 
		 3: COPY TYPE_ScopeModule def_%current_module 
		 4: 
		 5: 
		 6: def_%v_4 %self[2.0,] 
		 7: COPY TYPE_PASS def_%v_3 %v_4[2.6,] 
		 8: %v_4[2.6,] 
BB 3
	outgoing: 4 
	datadep: 
	instructions:
		 0: GETFIELD %self->_should_notify_ids def_%v_5 %self[2.0,] 
		 1: COPY TYPE_PASS def_%v_3 %v_5[3.0,] 
BB 4
	outgoing: 5 6 
	datadep: 
	instructions:
		 0: BRANCH %v_3[3.1,2.7,] 
BB 5
	outgoing: 7 
	datadep: 
	instructions:
		 0: (QueuedPost) def_%v_6 
		 1: %v_6->new_posts def_%v_7 %v_6[5.0,] 	 SYMBOL:	 ARGS:
		 2: %v_7->visible def_%v_8 %v_7[5.1,] 	 SYMBOL:	 ARGS:
		 3: COPY TYPE_StringLiteral "created_at < ?" def_%v_9 
		 4: (SiteSetting) def_%v_10 
		 5: %v_10->notify_about_queued_posts_after def_%v_11 %v_10[5.4,] 	 SYMBOL:	 ARGS:
		 6: %v_11->hours def_%v_12 %v_11[5.5,] 	 SYMBOL:	 ARGS:
		 7: %v_12->ago def_%v_13 %v_12[5.6,] 	 SYMBOL:	 ARGS:
		 8: %v_8->where def_%v_14 %v_8[5.2,] %v_9[5.3,] %v_13[5.7,] 	 SYMBOL:	 ARGS:%v_9,%v_13,
		 9: %v_14->pluck def_%v_15 %v_14[5.8,] 	 SYMBOL:id,	 ARGS:Symbol,
		 10: ATTRASSIGN %self->_should_notify_ids %v_15[5.9,] 
		 11: RETURN %v_15[5.9,] %self[5.10,2.0,] 
BB 6
	outgoing: 7 
	datadep: 
	instructions:
		 0: RETURN %v_5[3.0,] %self[2.0,] 
BB 7
	outgoing: 
	datadep: 
	instructions:

SET IRMethod, name = last_notified_id instanceMethod = true
BB 1
	outgoing: 5 2 
	datadep: 
	instructions:
BB 2
	outgoing: 3 4 
	datadep: 
	instructions:
		 0: def_%self 
		 1: def_%v_0 
		 2: COPY TYPE_CurrentScope def_%current_scope 
		 3: COPY TYPE_ScopeModule def_%current_module 
		 4: 
		 5: 
		 6: GLOBALVAR $redis def_%v_3 
		 7: %self->class def_%v_4 %self[2.0,] 	 SYMBOL:	 ARGS:
		 8: %v_4->last_notified_key def_%v_5 %v_4[2.7,] 	 SYMBOL:	 ARGS:
		 9: %v_3->get def_%v_6 %v_3[2.6,] %v_5[2.8,] 	 SYMBOL:	 ARGS:%v_5,
		 10: COPY TYPE_PASS def_i %v_6[2.9,] 
		 11: BRANCH %v_6[2.9,] 
BB 3
	outgoing: 5 
	datadep: 
	instructions:
		 0: i->to_i def_%v_7 i[2.10,] 	 SYMBOL:	 ARGS:
		 1: RETURN %v_7[3.0,] %self[2.0,] 
BB 4
	outgoing: 5 
	datadep: 
	instructions:
		 0: RETURN %v_6[2.9,] %self[2.0,] 
BB 5
	outgoing: 
	datadep: 
	instructions:

SET IRMethod, name = last_notified_id= instanceMethod = true
BB 1
	outgoing: 3 2 
	datadep: 
	instructions:
BB 2
	outgoing: 3 
	datadep: 
	instructions:
		 0: def_%self 
		 1: def_%v_0 
		 2: COPY TYPE_CurrentScope def_%current_scope 
		 3: COPY TYPE_ScopeModule def_%current_module 
		 4: 
		 5: RECEIVEARG def_arg 
		 6: 
		 7: GLOBALVAR $redis def_%v_3 
		 8: %self->class def_%v_4 %self[2.0,] 	 SYMBOL:	 ARGS:
		 9: %v_4->last_notified_key def_%v_5 %v_4[2.8,] 	 SYMBOL:	 ARGS:
		 10: %v_3->set def_%v_6 %v_3[2.7,] %v_5[2.9,] arg[2.5,] 	 SYMBOL:	 ARGS:%v_5,arg,
		 11: RETURN %v_6[2.10,] %self[2.0,2.8,] 
BB 3
	outgoing: 
	datadep: 
	instructions:

SET IRMethod, name = last_notified_key instanceMethod = false
BB 1
	outgoing: 3 2 
	datadep: 
	instructions:
BB 2
	outgoing: 3 
	datadep: 
	instructions:
		 0: def_%self 
		 1: def_%v_0 
		 2: COPY TYPE_CurrentScope def_%current_scope 
		 3: COPY TYPE_ScopeModule def_%current_module 
		 4: 
		 5: 
		 6: COPY TYPE_StringLiteral "last_notified_queued_post_id" def_%v_3 
		 7: RETURN %v_3[2.6,] %self[2.0,] 
BB 3
	outgoing: 
	datadep: 
	instructions:

