SET IRMethod, name = execute instanceMethod = true
BB 1
	outgoing: 3 2 
	datadep: 
	instructions:
BB 2
	outgoing: 3 
	datadep: 
	instructions:
		 0: def_%self 
		 1: def_%v_0 
		 2: COPY TYPE_CurrentScope def_%current_scope 
		 3: COPY TYPE_ScopeModule def_%current_module 
		 4: 
		 5: RECEIVEARG def_args 
		 6: 
		 7: (Post) def_%v_3 
		 8: %v_3->calculate_avg_time def_%v_4 %v_3[2.7,] 	 SYMBOL:	 ARGS:
		 9: 
		 10: (Topic) def_%v_5 
		 11: %v_5->calculate_avg_time def_%v_6 %v_5[2.10,] 	 SYMBOL:	 ARGS:
		 12: 
		 13: (ScoreCalculator) def_%v_7 
		 14: %v_7->new def_%v_8 %v_7[2.13,] 	 SYMBOL:	 ARGS:
		 15: %v_8->calculate def_%v_9 %v_8[2.14,] 	 SYMBOL:	 ARGS:
		 16: 
		 17: (Draft) def_%v_10 
		 18: %v_10->cleanup! def_%v_11 %v_10[2.17,] 	 SYMBOL:	 ARGS:
		 19: RETURN %v_11[2.18,] %self[2.0,] 
BB 3
	outgoing: 
	datadep: 
	instructions:

