SET IRMethod, name = votes_percentage instanceMethod = true
BB 1
	outgoing: 8 2 
	datadep: 
	instructions:
BB 2
	outgoing: 3 4 
	datadep: 
	instructions:
		 0: def_%self 
		 1: def_%v_0 
		 2: COPY TYPE_CurrentScope def_%current_scope 
		 3: COPY TYPE_ScopeModule def_%current_module 
		 4: 
		 5: RECEIVECONSTARG def_precision 
		 6: precision[2.5,] 
BB 3
	outgoing: 4 
	datadep: 
	instructions:
		 0: COPY TYPE_Fixnum def_precision 
BB 4
	outgoing: 5 6 
	datadep: 
	instructions:
		 0: 
		 1: %self->poll def_%v_3 %self[2.0,] 	 SYMBOL:	 ARGS:
		 2: %v_3->votes def_%v_4 %v_3[4.1,] 	 SYMBOL:	 ARGS:
		 3: %v_4->count def_%v_5 %v_4[4.2,] 	 SYMBOL:	 ARGS:
		 4: COPY TYPE_PASS def_total_votes %v_5[4.3,] 
		 5: 
		 6: %v_5->eql? def_%v_6 %v_5[4.3,] 	 SYMBOL:	 ARGS:Fixnum,
		 7: BRANCH %v_6[4.6,] 
BB 5
	outgoing: 7 
	datadep: 
	instructions:
		 0: COPY TYPE_Fixnum def_%v_7 
		 1: 
BB 6
	outgoing: 7 
	datadep: 
	instructions:
		 0: %self->votes def_%v_8 %self[2.0,] 	 SYMBOL:	 ARGS:
		 1: %v_8->count def_%v_9 %v_8[6.0,] 	 SYMBOL:	 ARGS:
		 2: %v_9->to_f def_%v_10 %v_9[6.1,] 	 SYMBOL:	 ARGS:
		 3: total_votes->to_f def_%v_11 total_votes[4.4,] 	 SYMBOL:	 ARGS:
		 4: %v_10->/ def_%v_12 %v_10[6.2,] %v_11[6.3,] 	 SYMBOL:	 ARGS:%v_11,
		 5: %v_12->* def_%v_13 %v_12[6.4,] 	 SYMBOL:	 ARGS:Fixnum,
		 6: COPY TYPE_PASS def_%v_7 %v_13[6.5,] 
BB 7
	outgoing: 8 
	datadep: 
	instructions:
		 0: COPY TYPE_PASS def_percentage %v_7[6.6,5.0,] 
		 1: 
		 2: COPY TYPE_StringLiteral "%01." def_%v_14 
		 3: COPY TYPE_StringLiteral "f" def_%v_15 
		 4: BUILDSTRING def_%v_16 %v_14[7.2,] precision[3.0,2.5,] %v_15[7.3,] 
		 5: %v_16->% def_%v_17 %v_16[7.4,] %v_7[6.6,5.0,] 	 SYMBOL:	 ARGS:percentage,
		 6: RETURN %v_17[7.5,] %self[2.0,] 
BB 8
	outgoing: 
	datadep: 
	instructions:

