SET IRMethod, name = event_allows_rsvp instanceMethod = true
BB 1
	outgoing: 6 2 
	datadep: 
	instructions:
BB 2
	outgoing: 3 4 
	datadep: 
	instructions:
		 0: def_%self 
		 1: def_%v_0 
		 2: COPY TYPE_CurrentScope def_%current_scope 
		 3: COPY TYPE_ScopeModule def_%current_module 
		 4: 
		 5: 
		 6: %self->event def_%v_3 %self[2.0,] 	 SYMBOL:	 ARGS:
		 7: %v_3->allow_rsvp? def_%v_4 %v_3[2.6,] 	 SYMBOL:	 ARGS:
		 8: BRANCH %v_4[2.7,] 
BB 3
	outgoing: 6 
	datadep: 
	instructions:
		 0: COPY TYPE_Nil def_%v_5 
		 1: RETURN %v_5[3.0,] %self[2.0,] 
BB 4
	outgoing: 6 
	datadep: 
	instructions:
		 0: %self->errors def_%v_6 %self[2.0,] 	 SYMBOL:	 ARGS:
		 1: CONSTANT def_%v_7 	 SYMBOL:event_does_not_allow_rsvp,	 ARGS:
		 2: %v_6->add def_%v_8 %v_6[4.0,] %v_7[4.1,] 	 SYMBOL:base,	 ARGS:Symbol,%v_7,
		 3: RETURN %v_8[4.2,] %self[4.0,2.0,] 
BB 6
	outgoing: 
	datadep: 
	instructions:

SET IRMethod, name = event_in_future instanceMethod = true
BB 1
	outgoing: 6 2 
	datadep: 
	instructions:
BB 2
	outgoing: 3 4 
	datadep: 
	instructions:
		 0: def_%self 
		 1: def_%v_0 
		 2: COPY TYPE_CurrentScope def_%current_scope 
		 3: COPY TYPE_ScopeModule def_%current_module 
		 4: 
		 5: 
		 6: %self->event def_%v_3 %self[2.0,] 	 SYMBOL:	 ARGS:
		 7: %v_3->end_time def_%v_4 %v_3[2.6,] 	 SYMBOL:	 ARGS:
		 8: (Time) def_%v_5 
		 9: %v_5->now def_%v_6 %v_5[2.8,] 	 SYMBOL:	 ARGS:
		 10: %v_4->< def_%v_7 %v_4[2.7,] %v_6[2.9,] 	 SYMBOL:	 ARGS:%v_6,
		 11: BRANCH %v_7[2.10,] 
BB 3
	outgoing: 6 
	datadep: 
	instructions:
		 0: %self->errors def_%v_8 %self[2.0,] 	 SYMBOL:	 ARGS:
		 1: CONSTANT def_%v_9 	 SYMBOL:cannot_rsvp_for_an_event_that_has_already_happened,	 ARGS:
		 2: %v_8->add def_%v_10 %v_8[3.0,] %v_9[3.1,] 	 SYMBOL:base,	 ARGS:Symbol,%v_9,
		 3: RETURN %v_10[3.2,] %self[3.0,2.0,] 
BB 4
	outgoing: 6 
	datadep: 
	instructions:
		 0: RETURN %self[2.0,] 
BB 6
	outgoing: 
	datadep: 
	instructions:

