SET IRMethod, name = pref instanceMethod = true
BB 1
	outgoing: 3 2 
	datadep: 
	instructions:
BB 2
	outgoing: 3 
	datadep: 
	instructions:
		 0: def_%self 
		 1: def_%v_0 
		 2: COPY TYPE_CurrentScope def_%current_scope 
		 3: COPY TYPE_ScopeModule def_%current_module 
		 4: 
		 5: RECEIVEARG def_model 
		 6: RECEIVEARG def_pref_name 
		 7: def_%v_3 
		 8: COPY TYPE_PASS def_block %v_3[2.7,] 
		 9: 
		 10: (Preference) def_%v_4 
		 11: %v_4->human_attribute_name def_%v_5 %v_4[2.10,] pref_name[2.6,] 	 SYMBOL:	 ARGS:pref_name,
		 12: model->+ def_%v_6 model[2.5,] pref_name[2.6,] 	 SYMBOL:	 ARGS:pref_name,
		 13: HASH-for- def_%v_7 %v_6[2.12,] 
		 14: %self->content_tag def_%v_8 %self[2.0,] %v_5[2.11,] %v_7[2.13,] 	 SYMBOL:label,	 ARGS:Symbol,%v_5,%v_7,
		 15: COPY TYPE_PASS def_s %v_8[2.14,] 
		 16: 
		 17: def_%v_9 %v_0[2.1,] 
		 18: %v_8-><< def_%v_10 %v_8[2.14,] %v_9[2.17,] 	 SYMBOL:	 ARGS:%v_9,
		 19: 
		 20: RETURN s[2.15,] %self[2.0,2.14,] 
BB 3
	outgoing: 
	datadep: 
	instructions:

SET IRMethod, name = pref_with_select_field instanceMethod = true
BB 1
	outgoing: 5 2 
	datadep: 
	instructions:
BB 2
	outgoing: 3 4 
	datadep: 
	instructions:
		 0: def_%self 
		 1: def_%v_0 
		 2: COPY TYPE_CurrentScope def_%current_scope 
		 3: COPY TYPE_ScopeModule def_%current_module 
		 4: 
		 5: RECEIVEARG def_model 
		 6: RECEIVEARG def_pref_name 
		 7: RECEIVECONSTARG def_collection 
		 8: collection[2.7,] 
BB 3
	outgoing: 4 
	datadep: 
	instructions:
		 0: COPY TYPE_StringLiteral "preferences.is_true" def_%v_3 
		 1: %self->t def_%v_4 %self[2.0,] %v_3[3.0,] 	 SYMBOL:	 ARGS:%v_3,
		 2: COPY TYPE_Array def_%v_5 %v_4[3.1,] 
		 3: COPY TYPE_StringLiteral "preferences.is_false" def_%v_6 
		 4: %self->t def_%v_7 %self[3.1,2.0,] %v_6[3.3,] 	 SYMBOL:	 ARGS:%v_6,
		 5: COPY TYPE_Array def_%v_8 %v_7[3.4,] 
		 6: COPY TYPE_Array def_%v_9 %v_5[3.2,] %v_8[3.5,] 
		 7: COPY TYPE_PASS def_collection %v_9[3.6,] 
BB 4
	outgoing: 5 
	datadep: 
	instructions:
		 0: 
		 1: %self->pref def_%v_10 %self[2.0,] model[2.5,] pref_name[2.6,] %self[2.0,] 	 SYMBOL:	 ARGS:model,pref_name,%self,
CLOSURE BEGIN: %self[2.0,] model[2.5,] pref_name[2.6,] collection[3.7,2.7,] 
BB 1
	outgoing: 6 2 
	datadep: 
	instructions:
BB 2
	outgoing: 3 
	datadep: 
	instructions:
		 0: def_%self 
		 1: def_%cl_1_0 
		 2: COPY TYPE_CurrentScope def_%current_scope 
		 3: COPY TYPE_ScopeModule def_%current_module 
BB 3
	outgoing: 4 6 
	datadep: 
	instructions:
		 0: 
		 1: HASH- def_%cl_1_3 
		 2: COPY TYPE_StringLiteral "form-control" def_%cl_1_4 
		 3: HASH-class- def_%cl_1_5 %cl_1_4[3.2,] 
		 4: %self->select def_%cl_1_6 %self[2.0,] model[] pref_name[] collection[] %cl_1_3[3.1,] %cl_1_5[3.3,] 	 SYMBOL:	 ARGS:model,pref_name,collection,%cl_1_3,%cl_1_5,
		 5: RETURN %cl_1_6[3.4,] %self[3.4,2.0,] 
BB 4
	outgoing: 6 
	datadep: 
	instructions:
		 0: def_%cl_1_7 
		 1: def_%cl_1_8 %cl_1_7[4.0,] 
		 2: RETURN %cl_1_8[4.1,] %self[2.0,] 
BB 6
	outgoing: 
	datadep: 
	instructions:
CLOSURE END: 
		 2: RETURN %v_10[4.1,] %self[4.1,2.0,] 
BB 5
	outgoing: 
	datadep: 
	instructions:

SET IRMethod, name = pref_with_text_field instanceMethod = true
BB 1
	outgoing: 3 2 
	datadep: 
	instructions:
BB 2
	outgoing: 3 
	datadep: 
	instructions:
		 0: def_%self 
		 1: def_%v_0 
		 2: COPY TYPE_CurrentScope def_%current_scope 
		 3: COPY TYPE_ScopeModule def_%current_module 
		 4: 
		 5: RECEIVEARG def_model 
		 6: RECEIVEARG def_pref_name 
		 7: 
		 8: %self->pref def_%v_3 %self[2.0,] model[2.5,] pref_name[2.6,] %self[2.0,] 	 SYMBOL:	 ARGS:model,pref_name,%self,
CLOSURE BEGIN: %self[2.0,] model[2.5,] pref_name[2.6,] 
BB 1
	outgoing: 6 2 
	datadep: 
	instructions:
BB 2
	outgoing: 3 
	datadep: 
	instructions:
		 0: def_%self 
		 1: def_%cl_1_0 
		 2: COPY TYPE_CurrentScope def_%current_scope 
		 3: COPY TYPE_ScopeModule def_%current_module 
BB 3
	outgoing: 4 6 
	datadep: 
	instructions:
		 0: 
		 1: COPY TYPE_StringLiteral "form-control" def_%cl_1_3 
		 2: HASH-class- def_%cl_1_4 %cl_1_3[3.1,] 
		 3: %self->text_field def_%cl_1_5 %self[2.0,] model[] pref_name[] %cl_1_4[3.2,] 	 SYMBOL:	 ARGS:model,pref_name,%cl_1_4,
		 4: RETURN %cl_1_5[3.3,] %self[3.3,2.0,] 
BB 4
	outgoing: 6 
	datadep: 
	instructions:
		 0: def_%cl_1_6 
		 1: def_%cl_1_7 %cl_1_6[4.0,] 
		 2: RETURN %cl_1_7[4.1,] %self[2.0,] 
BB 6
	outgoing: 
	datadep: 
	instructions:
CLOSURE END: 
		 9: RETURN %v_3[2.8,] %self[2.0,2.8,] 
BB 3
	outgoing: 
	datadep: 
	instructions:

