SET IRMethod, name = index instanceMethod = true
BB 1
	outgoing: 7 2 
	datadep: 
	instructions:
BB 2
	outgoing: 3 4 
	datadep: 
	instructions:
		 0: def_%self 
		 1: def_%v_0 
		 2: COPY TYPE_CurrentScope def_%current_scope 
		 3: COPY TYPE_ScopeModule def_%current_module 
		 4: 
		 5: 
		 6: (Image) def_%v_3 
		 7: HASH-is_featured- def_%v_4 
		 8: %v_3->where def_%v_5 %v_3[2.6,] %v_4[2.7,] 	 SYMBOL:	 ARGS:%v_4,
		 9: ATTRASSIGN %self->images %v_5[2.8,] 
		 10: 
		 11: (inherit PiggybakTaxonomy) def_%v_6 
		 12: %v_6[2.11,] 
BB 3
	outgoing: 4 
	datadep: 
	instructions:
		 0: CONSTANT def_%v_6 	 SYMBOL:PiggybakTaxonomy,	 ARGS:Symbol,
BB 4
	outgoing: 5 6 
	datadep: 
	instructions:
		 0: (inherit NavigationNode) def_%v_7 %v_6[3.0,2.11,] 
		 1: %v_7[4.0,] 
BB 5
	outgoing: 6 
	datadep: 
	instructions:
		 0: %v_6->const_missing def_%v_7 %v_6[3.0,2.11,] 	 SYMBOL:NavigationNode,	 ARGS:Symbol,
BB 6
	outgoing: 7 
	datadep: 
	instructions:
		 0: %v_7->all def_%v_8 %v_7[5.0,4.0,] 	 SYMBOL:	 ARGS:
		 1: %v_8->select def_%v_9 %v_8[6.0,] %self[2.0,2.9,] 	 SYMBOL:	 ARGS:%v_8,
CLOSURE BEGIN: n[] 
BB 1
	outgoing: 6 2 
	datadep: 
	instructions:
BB 2
	outgoing: 3 
	datadep: 
	instructions:
		 0: def_%self 
		 1: def_%cl_1_0 
		 2: RECEIVEARG def_n 
		 3: COPY TYPE_CurrentScope def_%current_scope 
		 4: COPY TYPE_ScopeModule def_%current_module 
BB 3
	outgoing: 4 6 
	datadep: 
	instructions:
		 0: 
		 1: n->is_root? def_%cl_1_3 n[2.2,] 	 SYMBOL:	 ARGS:
		 2: RETURN %cl_1_3[3.1,] %self[2.0,] 
BB 4
	outgoing: 6 
	datadep: 
	instructions:
		 0: def_%cl_1_4 
		 1: def_%cl_1_5 %cl_1_4[4.0,] 
		 2: RETURN %cl_1_5[4.1,] %self[2.0,] 
BB 6
	outgoing: 
	datadep: 
	instructions:
CLOSURE END: 
		 2: ATTRASSIGN %self->nodes %v_9[6.1,] 
		 3: 
		 4: %self->ruby_code_from_view def_%v_10 %self[6.2,2.0,2.9,] 	 SYMBOL:	 ARGS:
		 5: %v_10->ruby_code_from_view def_%v_11 %v_10[6.4,] %self[6.2,6.4,2.0,2.9,] 	 SYMBOL:	 ARGS:%v_10,
CLOSURE BEGIN: %self[6.2,6.4,2.0,2.9,] image[] node[] post[] page[] 
BB 1
	outgoing: 42 2 
	datadep: 
	instructions:
BB 2
	outgoing: 4 5 
	datadep: 
	instructions:
		 0: def_%self 
		 1: def_%cl_2_0 
		 2: RECEIVEARG def_rb_from_view 
		 3: COPY TYPE_CurrentScope def_%current_scope 
		 4: COPY TYPE_ScopeModule def_%current_module 
		 5: 
		 6: GETFIELD %self->title def_%cl_2_3 %self[2.0,] 
		 7: BRANCH %cl_2_3[2.6,] 
BB 4
	outgoing: 5 
	datadep: 
	instructions:
		 0: COPY TYPE_StringLiteral "Piggybak Demo" def_%cl_2_4 
		 1: COPY TYPE_PASS def_%cl_2_3 %cl_2_4[4.0,] 
BB 5
	outgoing: 6 13 40 
	datadep: 
	instructions:
		 0: 
		 1: COPY TYPE_StringLiteral "application" def_%cl_2_5 
		 2: %self->stylesheet_link_tag def_%cl_2_6 %self[2.0,] %cl_2_5[5.1,] 	 SYMBOL:	 ARGS:%cl_2_5,
		 3: 
		 4: COPY TYPE_StringLiteral "application" def_%cl_2_7 
		 5: %self->javascript_include_tag def_%cl_2_8 %self[5.2,2.0,] %cl_2_7[5.4,] 	 SYMBOL:	 ARGS:%cl_2_7,
		 6: 
		 7: %self->csrf_meta_tags def_%cl_2_9 %self[5.2,5.5,2.0,] 	 SYMBOL:	 ARGS:
		 8: 
		 9: COPY TYPE_StringLiteral "Piggybak Demo" def_%cl_2_10 
		 10: %self->piggybak_track_order def_%cl_2_11 %self[5.2,5.5,5.7,2.0,] %cl_2_10[5.9,] 	 SYMBOL:	 ARGS:%cl_2_10,
		 11: 
		 12: COPY TYPE_StringLiteral "piggybak_demo.png" def_%cl_2_12 
		 13: %self->image_tag def_%cl_2_13 %self[5.2,5.5,5.7,5.10,2.0,] %cl_2_12[5.12,] 	 SYMBOL:	 ARGS:%cl_2_12,
		 14: COPY TYPE_StringLiteral "/demo/" def_%cl_2_14 
		 15: %self->link_to def_%cl_2_15 %self[5.2,5.5,5.7,5.10,5.13,2.0,] %cl_2_13[5.13,] %cl_2_14[5.14,] 	 SYMBOL:	 ARGS:%cl_2_13,%cl_2_14,
		 16: 
		 17: %self->render_navigation def_%cl_2_16 %self[5.2,5.5,5.7,5.10,5.13,5.15,2.0,] 	 SYMBOL:	 ARGS:Boolean,Boolean,
		 18: 
		 19: COPY TYPE_StringLiteral "Professional Frames" def_%cl_2_17 
		 20: %self->main_app def_%cl_2_18 %self[5.2,5.5,5.7,5.10,5.13,5.15,5.17,2.0,] 	 SYMBOL:	 ARGS:
		 21: %cl_2_18->frame_url def_%cl_2_19 %cl_2_18[5.20,] 	 SYMBOL:	 ARGS:
		 22: %self->link_to def_%cl_2_20 %self[5.2,5.5,5.7,5.10,5.13,5.15,5.17,5.20,2.0,] %cl_2_17[5.19,] %cl_2_19[5.21,] 	 SYMBOL:	 ARGS:%cl_2_17,%cl_2_19,
		 23: 
		 24: COPY TYPE_StringLiteral "Gift Certificates" def_%cl_2_21 
		 25: %self->piggybak_giftcerts def_%cl_2_22 %self[5.2,5.5,5.7,5.10,5.13,5.15,5.17,5.20,5.22,2.0,] 	 SYMBOL:	 ARGS:
		 26: %cl_2_22->buy_giftcert_url def_%cl_2_23 %cl_2_22[5.25,] 	 SYMBOL:	 ARGS:
		 27: %self->link_to def_%cl_2_24 %self[5.2,5.5,5.7,5.10,5.13,5.15,5.17,5.20,5.22,5.25,2.0,] %cl_2_21[5.24,] %cl_2_23[5.26,] 	 SYMBOL:	 ARGS:%cl_2_21,%cl_2_23,
		 28: 
		 29: %self->current_user def_%cl_2_25 %self[5.2,5.5,5.7,5.10,5.13,5.15,5.17,5.20,5.22,5.25,5.27,2.0,] 	 SYMBOL:	 ARGS:
		 30: BRANCH %cl_2_25[5.29,] 
BB 6
	outgoing: 7 8 40 
	datadep: 
	instructions:
		 0: 
		 1: %self->current_user def_%cl_2_26 %self[2.0,] 	 SYMBOL:	 ARGS:
		 2: %cl_2_26->piggybak_orders def_%cl_2_27 %cl_2_26[6.1,] 	 SYMBOL:	 ARGS:
		 3: %cl_2_27->any? def_%cl_2_28 %cl_2_27[6.2,] 	 SYMBOL:	 ARGS:
		 4: BRANCH %cl_2_28[6.3,] 
BB 7
	outgoing: 9 40 
	datadep: 
	instructions:
		 0: 
		 1: COPY TYPE_StringLiteral "Order History" def_%cl_2_29 
		 2: %self->orders_link def_%cl_2_30 %self[2.0,] %cl_2_29[7.1,] 	 SYMBOL:	 ARGS:%cl_2_29,
		 3: 
BB 8
	outgoing: 9 
	datadep: 
	instructions:
		 0: COPY TYPE_Nil def_%cl_2_30 
BB 9
	outgoing: 10 11 40 
	datadep: 
	instructions:
		 0: 
		 1: %self->current_user def_%cl_2_31 %self[2.0,] 	 SYMBOL:	 ARGS:
		 2: %cl_2_31->roles def_%cl_2_32 %cl_2_31[9.1,] 	 SYMBOL:	 ARGS:
		 3: %cl_2_32->size def_%cl_2_33 %cl_2_32[9.2,] 	 SYMBOL:	 ARGS:
		 4: %cl_2_33->> def_%cl_2_34 %cl_2_33[9.3,] 	 SYMBOL:	 ARGS:Fixnum,
		 5: BRANCH %cl_2_34[9.4,] 
BB 10
	outgoing: 12 40 
	datadep: 
	instructions:
		 0: 
		 1: COPY TYPE_StringLiteral "ADMIN" def_%cl_2_35 
		 2: COPY TYPE_StringLiteral "/demo/admin" def_%cl_2_36 
		 3: %self->link_to def_%cl_2_37 %self[2.0,] %cl_2_35[10.1,] %cl_2_36[10.2,] 	 SYMBOL:	 ARGS:%cl_2_35,%cl_2_36,
		 4: 
BB 11
	outgoing: 12 
	datadep: 
	instructions:
		 0: COPY TYPE_Nil def_%cl_2_37 
BB 12
	outgoing: 14 40 
	datadep: 
	instructions:
		 0: 
		 1: COPY TYPE_StringLiteral "LOGOUT" def_%cl_2_38 
		 2: %self->main_app def_%cl_2_39 %self[2.0,] 	 SYMBOL:	 ARGS:
		 3: %cl_2_39->destroy_user_session_path def_%cl_2_40 %cl_2_39[12.2,] 	 SYMBOL:	 ARGS:
		 4: COPY TYPE_StringLiteral "last" def_%cl_2_41 
		 5: HASH-method-class- def_%cl_2_42 %cl_2_41[12.4,] 
		 6: %self->link_to def_%cl_2_43 %self[12.2,2.0,] %cl_2_38[12.1,] %cl_2_40[12.3,] %cl_2_42[12.5,] 	 SYMBOL:	 ARGS:%cl_2_38,%cl_2_40,%cl_2_42,
		 7: 
BB 13
	outgoing: 14 40 
	datadep: 
	instructions:
		 0: 
		 1: COPY TYPE_StringLiteral "LOG IN" def_%cl_2_44 
		 2: %self->main_app def_%cl_2_45 %self[2.0,] 	 SYMBOL:	 ARGS:
		 3: %cl_2_45->new_user_session_path def_%cl_2_46 %cl_2_45[13.2,] 	 SYMBOL:	 ARGS:
		 4: %self->link_to def_%cl_2_47 %self[13.2,2.0,] %cl_2_44[13.1,] %cl_2_46[13.3,] 	 SYMBOL:	 ARGS:%cl_2_44,%cl_2_46,
		 5: COPY TYPE_PASS def_%cl_2_43 %cl_2_47[13.4,] 
BB 14
	outgoing: 15 16 40 
	datadep: 
	instructions:
		 0: 
		 1: %self->cart_link def_%cl_2_48 %self[2.0,] 	 SYMBOL:	 ARGS:
		 2: 
		 3: %self->params def_%cl_2_49 %self[14.1,2.0,] 	 SYMBOL:	 ARGS:
		 4: %cl_2_49->[] def_%cl_2_50 %cl_2_49[14.3,] 	 SYMBOL:controller,	 ARGS:Symbol,
		 5: COPY TYPE_StringLiteral "home" def_%cl_2_51 
		 6: %cl_2_50->== def_%cl_2_52 %cl_2_50[14.4,] %cl_2_51[14.5,] 	 SYMBOL:	 ARGS:%cl_2_51,
		 7: BRANCH %cl_2_52[14.6,] 
BB 15
	outgoing: 23 
	datadep: 
	instructions:
		 0: COPY TYPE_Nil def_%cl_2_53 
		 1: 
BB 16
	outgoing: 17 21 40 
	datadep: 
	instructions:
		 0: 
		 1: %self->params def_%cl_2_54 %self[2.0,] 	 SYMBOL:	 ARGS:
		 2: %cl_2_54->[] def_%cl_2_55 %cl_2_54[16.1,] 	 SYMBOL:controller,	 ARGS:Symbol,
		 3: COPY TYPE_StringLiteral "image" def_%cl_2_56 
		 4: %cl_2_55->== def_%cl_2_57 %cl_2_55[16.2,] %cl_2_56[16.3,] 	 SYMBOL:	 ARGS:%cl_2_56,
		 5: BRANCH %cl_2_57[16.4,] 
BB 17
	outgoing: 18 19 40 
	datadep: 
	instructions:
		 0: 
		 1: COPY TYPE_StringLiteral "Home" def_%cl_2_58 
		 2: %self->root_url def_%cl_2_59 %self[2.0,] 	 SYMBOL:	 ARGS:
		 3: %self->link_to def_%cl_2_60 %self[17.2,2.0,] %cl_2_58[17.1,] %cl_2_59[17.2,] 	 SYMBOL:	 ARGS:%cl_2_58,%cl_2_59,
		 4: 
		 5: GETFIELD %self->image def_%cl_2_61 %self[17.2,17.3,2.0,] 
		 6: %cl_2_61->categories def_%cl_2_62 %cl_2_61[17.5,] 	 SYMBOL:	 ARGS:
		 7: %cl_2_62->any? def_%cl_2_63 %cl_2_62[17.6,] 	 SYMBOL:	 ARGS:
		 8: BRANCH %cl_2_63[17.7,] 
BB 18
	outgoing: 20 40 
	datadep: 
	instructions:
		 0: 
		 1: GETFIELD %self->image def_%cl_2_64 %self[2.0,] 
		 2: %cl_2_64->categories def_%cl_2_65 %cl_2_64[18.1,] 	 SYMBOL:	 ARGS:
		 3: %cl_2_65->first def_%cl_2_66 %cl_2_65[18.2,] 	 SYMBOL:	 ARGS:
		 4: %cl_2_66->title def_%cl_2_67 %cl_2_66[18.3,] 	 SYMBOL:	 ARGS:
		 5: GETFIELD %self->image def_%cl_2_68 %self[2.0,] 
		 6: %cl_2_68->categories def_%cl_2_69 %cl_2_68[18.5,] 	 SYMBOL:	 ARGS:
		 7: %cl_2_69->first def_%cl_2_70 %cl_2_69[18.6,] 	 SYMBOL:	 ARGS:
		 8: %cl_2_70->slug def_%cl_2_71 %cl_2_70[18.7,] 	 SYMBOL:	 ARGS:
		 9: %self->category_url def_%cl_2_72 %self[2.0,] %cl_2_71[18.8,] 	 SYMBOL:	 ARGS:%cl_2_71,
		 10: %self->link_to def_%cl_2_73 %self[18.9,2.0,] %cl_2_67[18.4,] %cl_2_72[18.9,] 	 SYMBOL:	 ARGS:%cl_2_67,%cl_2_72,
		 11: 
BB 19
	outgoing: 20 
	datadep: 
	instructions:
		 0: COPY TYPE_Nil def_%cl_2_73 
BB 20
	outgoing: 22 40 
	datadep: 
	instructions:
		 0: 
		 1: GETFIELD %self->image def_%cl_2_74 %self[2.0,] 
		 2: %cl_2_74->title def_%cl_2_75 %cl_2_74[20.1,] 	 SYMBOL:	 ARGS:
		 3: 
BB 21
	outgoing: 22 
	datadep: 
	instructions:
		 0: COPY TYPE_Nil def_%cl_2_75 
BB 22
	outgoing: 23 
	datadep: 
	instructions:
		 0: COPY TYPE_PASS def_%cl_2_53 %cl_2_75[21.0,20.2,] 
BB 23
	outgoing: 24 25 
	datadep: 
	instructions:
		 0: 
		 1: 
		 2: BRANCH 
BB 24
	outgoing: 26 
	datadep: 
	instructions:
		 0: COPY TYPE_Nil def_%cl_2_76 
		 1: 
BB 25
	outgoing: 26 
	datadep: 
	instructions:
		 0: COPY TYPE_Nil def_%cl_2_76 
BB 26
	outgoing: 27 28 40 
	datadep: 
	instructions:
		 0: 
		 1: %self->flash def_%cl_2_77 %self[2.0,] 	 SYMBOL:	 ARGS:
		 2: %cl_2_77->[] def_%cl_2_78 %cl_2_77[26.1,] 	 SYMBOL:notice,	 ARGS:Symbol,
		 3: BRANCH %cl_2_78[26.2,] 
BB 27
	outgoing: 29 40 
	datadep: 
	instructions:
		 0: 
		 1: %self->flash def_%cl_2_79 %self[2.0,] 	 SYMBOL:	 ARGS:
		 2: %cl_2_79->[] def_%cl_2_80 %cl_2_79[27.1,] 	 SYMBOL:notice,	 ARGS:Symbol,
		 3: 
BB 28
	outgoing: 29 
	datadep: 
	instructions:
		 0: COPY TYPE_Nil def_%cl_2_80 
BB 29
	outgoing: 30 31 40 
	datadep: 
	instructions:
		 0: 
		 1: GETFIELD %self->images def_%cl_2_81 %self[2.0,] 
		 2: %cl_2_81->size def_%cl_2_82 %cl_2_81[29.1,] 	 SYMBOL:	 ARGS:
		 3: %cl_2_82->> def_%cl_2_83 %cl_2_82[29.2,] 	 SYMBOL:	 ARGS:Fixnum,
		 4: BRANCH %cl_2_83[29.3,] 
BB 30
	outgoing: 32 40 
	datadep: 
	instructions:
		 0: 
		 1: GETFIELD %self->images def_%cl_2_84 %self[2.0,] 
		 2: %cl_2_84->first def_%cl_2_85 %cl_2_84[30.1,] 	 SYMBOL:	 ARGS:
		 3: %cl_2_85->title def_%cl_2_86 %cl_2_85[30.2,] 	 SYMBOL:	 ARGS:
		 4: GETFIELD %self->images def_%cl_2_87 %self[2.0,] 
		 5: %cl_2_87->first def_%cl_2_88 %cl_2_87[30.4,] 	 SYMBOL:	 ARGS:
		 6: %cl_2_88->slug def_%cl_2_89 %cl_2_88[30.5,] 	 SYMBOL:	 ARGS:
		 7: %self->image_url def_%cl_2_90 %self[2.0,] %cl_2_89[30.6,] 	 SYMBOL:	 ARGS:%cl_2_89,
		 8: %self->link_to def_%cl_2_91 %self[30.7,2.0,] %cl_2_86[30.3,] %cl_2_90[30.7,] 	 SYMBOL:	 ARGS:%cl_2_86,%cl_2_90,
		 9: 
		 10: GETFIELD %self->images def_%cl_2_92 %self[30.7,30.8,2.0,] 
		 11: %cl_2_92->first def_%cl_2_93 %cl_2_92[30.10,] 	 SYMBOL:	 ARGS:
		 12: %cl_2_93->description def_%cl_2_94 %cl_2_93[30.11,] 	 SYMBOL:	 ARGS:
		 13: 
BB 31
	outgoing: 32 
	datadep: 
	instructions:
		 0: COPY TYPE_Nil def_%cl_2_94 
BB 32
	outgoing: 33 34 40 
	datadep: 
	instructions:
		 0: 
		 1: GETFIELD %self->images def_%cl_2_95 %self[2.0,] 
		 2: %cl_2_95->each def_%cl_2_96 %cl_2_95[32.1,] %self[2.0,] 	 SYMBOL:	 ARGS:%cl_2_95,
CLOSURE BEGIN: image[] %self[2.0,] 
BB 1
	outgoing: 6 2 
	datadep: 
	instructions:
BB 2
	outgoing: 3 
	datadep: 
	instructions:
		 0: def_%self 
		 1: def_%cl_3_0 
		 2: RECEIVEARG def_image 
		 3: COPY TYPE_CurrentScope def_%current_scope 
		 4: COPY TYPE_ScopeModule def_%current_module 
BB 3
	outgoing: 4 6 
	datadep: 
	instructions:
		 0: 
		 1: image->title def_%cl_3_3 image[2.2,] 	 SYMBOL:	 ARGS:
		 2: 
		 3: image->description def_%cl_3_4 image[3.1,2.2,] 	 SYMBOL:	 ARGS:
		 4: 
		 5: image->slug def_%cl_3_5 image[3.1,3.3,2.2,] 	 SYMBOL:	 ARGS:
		 6: %self->image_url def_%cl_3_6 %self[2.0,] %cl_3_5[3.5,] 	 SYMBOL:	 ARGS:%cl_3_5,
		 7: 
		 8: image->main def_%cl_3_7 image[3.1,3.3,3.5,2.2,] 	 SYMBOL:	 ARGS:
		 9: %cl_3_7->url def_%cl_3_8 %cl_3_7[3.8,] 	 SYMBOL:	 ARGS:
		 10: %self->image_tag def_%cl_3_9 %self[3.6,2.0,] %cl_3_8[3.9,] 	 SYMBOL:	 ARGS:%cl_3_8,
		 11: RETURN %cl_3_9[3.10,] %self[3.6,3.10,2.0,] 
BB 4
	outgoing: 6 
	datadep: 
	instructions:
		 0: def_%cl_3_10 
		 1: def_%cl_3_11 %cl_3_10[4.0,] 
		 2: RETURN %cl_3_11[4.1,] %self[2.0,] 
BB 6
	outgoing: 
	datadep: 
	instructions:
CLOSURE END: 
		 3: 
		 4: GETFIELD %self->nodes def_%cl_2_97 %self[2.0,] 
		 5: %cl_2_97->each def_%cl_2_98 %cl_2_97[32.4,] %self[2.0,] 	 SYMBOL:	 ARGS:%cl_2_97,
CLOSURE BEGIN: node[] %self[2.0,] 
BB 1
	outgoing: 13 2 
	datadep: 
	instructions:
BB 2
	outgoing: 3 
	datadep: 
	instructions:
		 0: def_%self 
		 1: def_%cl_4_0 
		 2: RECEIVEARG def_node 
		 3: COPY TYPE_CurrentScope def_%current_scope 
		 4: COPY TYPE_ScopeModule def_%current_module 
BB 3
	outgoing: 4 5 11 
	datadep: 
	instructions:
		 0: 
		 1: node->recursive_sellables def_%cl_4_3 node[2.2,] 	 SYMBOL:	 ARGS:
		 2: %cl_4_3->any? def_%cl_4_4 %cl_4_3[3.1,] 	 SYMBOL:	 ARGS:
		 3: BRANCH %cl_4_4[3.2,] 
BB 4
	outgoing: 5 11 
	datadep: 
	instructions:
		 0: node->recursive_sellables def_%cl_4_5 node[2.2,] 	 SYMBOL:	 ARGS:
		 1: %cl_4_5->first def_%cl_4_6 %cl_4_5[4.0,] 	 SYMBOL:	 ARGS:
		 2: %cl_4_6->item def_%cl_4_7 %cl_4_6[4.1,] 	 SYMBOL:	 ARGS:
		 3: %cl_4_7->nil? def_%cl_4_8 %cl_4_7[4.2,] 	 SYMBOL:	 ARGS:
		 4: %cl_4_8->! def_%cl_4_9 %cl_4_8[4.3,] 	 SYMBOL:	 ARGS:
		 5: COPY TYPE_PASS def_%cl_4_4 %cl_4_9[4.4,] 
BB 5
	outgoing: 6 7 
	datadep: 
	instructions:
		 0: BRANCH %cl_4_4[4.5,3.2,] 
BB 6
	outgoing: 7 11 
	datadep: 
	instructions:
		 0: node->recursive_sellables def_%cl_4_10 node[2.2,] 	 SYMBOL:	 ARGS:
		 1: %cl_4_10->first def_%cl_4_11 %cl_4_10[6.0,] 	 SYMBOL:	 ARGS:
		 2: %cl_4_11->item def_%cl_4_12 %cl_4_11[6.1,] 	 SYMBOL:	 ARGS:
		 3: %cl_4_12->respond_to? def_%cl_4_13 %cl_4_12[6.2,] 	 SYMBOL:gallery,	 ARGS:Symbol,
		 4: COPY TYPE_PASS def_%cl_4_4 %cl_4_13[6.3,] 
BB 7
	outgoing: 8 9 
	datadep: 
	instructions:
		 0: BRANCH %cl_4_4[6.4,4.5,3.2,] 
BB 8
	outgoing: 10 11 
	datadep: 
	instructions:
		 0: 
		 1: node->recursive_sellables def_%cl_4_14 node[2.2,] 	 SYMBOL:	 ARGS:
		 2: %cl_4_14->first def_%cl_4_15 %cl_4_14[8.1,] 	 SYMBOL:	 ARGS:
		 3: %cl_4_15->item def_%cl_4_16 %cl_4_15[8.2,] 	 SYMBOL:	 ARGS:
		 4: %cl_4_16->gallery def_%cl_4_17 %cl_4_16[8.3,] 	 SYMBOL:	 ARGS:
		 5: %cl_4_17->url def_%cl_4_18 %cl_4_17[8.4,] 	 SYMBOL:thumb,	 ARGS:Symbol,
		 6: %self->image_tag def_%cl_4_19 %self[2.0,] %cl_4_18[8.5,] 	 SYMBOL:	 ARGS:%cl_4_18,
		 7: %self->piggybak_taxonomy def_%cl_4_20 %self[8.6,2.0,] 	 SYMBOL:	 ARGS:
		 8: node->nav_path def_%cl_4_21 node[8.1,2.2,] 	 SYMBOL:	 ARGS:
		 9: HASH-path- def_%cl_4_22 %cl_4_21[8.8,] 
		 10: %cl_4_20->piggybak_taxonomy_url def_%cl_4_23 %cl_4_20[8.7,] %cl_4_22[8.9,] 	 SYMBOL:	 ARGS:%cl_4_22,
		 11: %self->link_to def_%cl_4_24 %self[8.6,8.7,2.0,] %cl_4_19[8.6,] %cl_4_23[8.10,] 	 SYMBOL:	 ARGS:%cl_4_19,%cl_4_23,
		 12: 
		 13: node->title def_%cl_4_25 node[8.1,8.8,2.2,] 	 SYMBOL:	 ARGS:
		 14: %self->piggybak_taxonomy def_%cl_4_26 %self[8.6,8.7,8.11,2.0,] 	 SYMBOL:	 ARGS:
		 15: node->nav_path def_%cl_4_27 node[8.1,8.8,8.13,2.2,] 	 SYMBOL:	 ARGS:
		 16: HASH-path- def_%cl_4_28 %cl_4_27[8.15,] 
		 17: %cl_4_26->piggybak_taxonomy_url def_%cl_4_29 %cl_4_26[8.14,] %cl_4_28[8.16,] 	 SYMBOL:	 ARGS:%cl_4_28,
		 18: %self->link_to def_%cl_4_30 %self[8.6,8.7,8.11,8.14,2.0,] %cl_4_25[8.13,] %cl_4_29[8.17,] 	 SYMBOL:	 ARGS:%cl_4_25,%cl_4_29,
		 19: 
BB 9
	outgoing: 13 
	datadep: 
	instructions:
		 0: RETURN %self[2.0,] 
BB 10
	outgoing: 13 
	datadep: 
	instructions:
		 0: RETURN %cl_4_30[8.18,] %self[2.0,] 
BB 11
	outgoing: 13 
	datadep: 
	instructions:
		 0: def_%cl_4_31 
		 1: def_%cl_4_32 %cl_4_31[11.0,] 
		 2: RETURN %cl_4_32[11.1,] %self[2.0,] 
BB 13
	outgoing: 
	datadep: 
	instructions:
CLOSURE END: 
		 6: 
		 7: 
		 8: BRANCH 
BB 33
	outgoing: 35 40 
	datadep: 
	instructions:
		 0: %self->recent_posts def_%cl_2_99 %self[2.0,] 	 SYMBOL:	 ARGS:Fixnum,
		 1: %cl_2_99->each def_%cl_2_100 %cl_2_99[33.0,] %self[33.0,2.0,] 	 SYMBOL:	 ARGS:%cl_2_99,
CLOSURE BEGIN: post[] %self[33.0,2.0,] 
BB 1
	outgoing: 6 2 
	datadep: 
	instructions:
BB 2
	outgoing: 3 
	datadep: 
	instructions:
		 0: def_%self 
		 1: def_%cl_5_0 
		 2: RECEIVEARG def_post 
		 3: COPY TYPE_CurrentScope def_%current_scope 
		 4: COPY TYPE_ScopeModule def_%current_module 
BB 3
	outgoing: 4 6 
	datadep: 
	instructions:
		 0: 
		 1: post->title def_%cl_5_3 post[2.2,] 	 SYMBOL:	 ARGS:
		 2: %self->bloggybak def_%cl_5_4 %self[2.0,] 	 SYMBOL:	 ARGS:
		 3: post->slug def_%cl_5_5 post[3.1,2.2,] 	 SYMBOL:	 ARGS:
		 4: %cl_5_4->post_url def_%cl_5_6 %cl_5_4[3.2,] %cl_5_5[3.3,] 	 SYMBOL:	 ARGS:%cl_5_5,
		 5: %self->link_to def_%cl_5_7 %self[3.2,2.0,] %cl_5_3[3.1,] %cl_5_6[3.4,] 	 SYMBOL:	 ARGS:%cl_5_3,%cl_5_6,
		 6: 
		 7: post->created_at def_%cl_5_8 post[3.1,3.3,2.2,] 	 SYMBOL:	 ARGS:
		 8: COPY TYPE_StringLiteral "%B %d, %Y" def_%cl_5_9 
		 9: %cl_5_8->strftime def_%cl_5_10 %cl_5_8[3.7,] %cl_5_9[3.8,] 	 SYMBOL:	 ARGS:%cl_5_9,
		 10: 
		 11: post->excerpt def_%cl_5_11 post[3.1,3.3,3.7,2.2,] 	 SYMBOL:	 ARGS:Fixnum,
		 12: RETURN %cl_5_11[3.11,] %self[3.2,3.5,2.0,] 
BB 4
	outgoing: 6 
	datadep: 
	instructions:
		 0: def_%cl_5_12 
		 1: def_%cl_5_13 %cl_5_12[4.0,] 
		 2: RETURN %cl_5_13[4.1,] %self[2.0,] 
BB 6
	outgoing: 
	datadep: 
	instructions:
CLOSURE END: 
		 2: 
BB 34
	outgoing: 35 
	datadep: 
	instructions:
		 0: COPY TYPE_Nil def_%cl_2_100 
BB 35
	outgoing: 36 37 40 
	datadep: 
	instructions:
		 0: 
		 1: (Time) def_%cl_2_101 
		 2: %cl_2_101->now def_%cl_2_102 %cl_2_101[35.1,] 	 SYMBOL:	 ARGS:
		 3: %cl_2_102->year def_%cl_2_103 %cl_2_102[35.2,] 	 SYMBOL:	 ARGS:
		 4: %cl_2_103->to_s def_%cl_2_104 %cl_2_103[35.3,] 	 SYMBOL:	 ARGS:
		 5: 
		 6: (RUBY_VERSION) def_%cl_2_105 
		 7: (Rails) def_%cl_2_106 
		 8: (inherit VERSION) def_%cl_2_107 %cl_2_106[35.7,] 
		 9: %cl_2_107[35.8,] 
BB 36
	outgoing: 37 40 
	datadep: 
	instructions:
		 0: %cl_2_106->const_missing def_%cl_2_107 %cl_2_106[35.7,] 	 SYMBOL:VERSION,	 ARGS:Symbol,
BB 37
	outgoing: 38 39 40 
	datadep: 
	instructions:
		 0: (inherit STRING) def_%cl_2_108 %cl_2_107[36.0,35.8,] 
		 1: %cl_2_108[37.0,] 
BB 38
	outgoing: 39 40 
	datadep: 
	instructions:
		 0: %cl_2_107->const_missing def_%cl_2_108 %cl_2_107[36.0,35.8,] 	 SYMBOL:STRING,	 ARGS:Symbol,
BB 39
	outgoing: 40 42 
	datadep: 
	instructions:
		 0: 
		 1: (Gem) def_%cl_2_109 
		 2: %cl_2_109->loaded_specs def_%cl_2_110 %cl_2_109[39.1,] 	 SYMBOL:	 ARGS:
		 3: COPY TYPE_StringLiteral "piggybak" def_%cl_2_111 
		 4: %cl_2_110->[] def_%cl_2_112 %cl_2_110[39.2,] %cl_2_111[39.3,] 	 SYMBOL:	 ARGS:%cl_2_111,
		 5: %cl_2_112->version def_%cl_2_113 %cl_2_112[39.4,] 	 SYMBOL:	 ARGS:
		 6: %cl_2_113->to_s def_%cl_2_114 %cl_2_113[39.5,] 	 SYMBOL:	 ARGS:
		 7: 
		 8: (Page) def_%cl_2_115 
		 9: %cl_2_115->all def_%cl_2_116 %cl_2_115[39.8,] 	 SYMBOL:	 ARGS:
		 10: %cl_2_116->each def_%cl_2_117 %cl_2_116[39.9,] %self[2.0,] 	 SYMBOL:	 ARGS:%cl_2_116,
CLOSURE BEGIN: page[] %self[2.0,] 
BB 1
	outgoing: 6 2 
	datadep: 
	instructions:
BB 2
	outgoing: 3 
	datadep: 
	instructions:
		 0: def_%self 
		 1: def_%cl_6_0 
		 2: RECEIVEARG def_page 
		 3: COPY TYPE_CurrentScope def_%current_scope 
		 4: COPY TYPE_ScopeModule def_%current_module 
BB 3
	outgoing: 4 6 
	datadep: 
	instructions:
		 0: 
		 1: page->title def_%cl_6_3 page[2.2,] 	 SYMBOL:	 ARGS:
		 2: COPY TYPE_StringLiteral "/demo/" def_%cl_6_4 
		 3: page->slug def_%cl_6_5 page[3.1,2.2,] 	 SYMBOL:	 ARGS:
		 4: COPY TYPE_StringLiteral "/" def_%cl_6_6 
		 5: BUILDSTRING def_%cl_6_7 %cl_6_4[3.2,] %cl_6_5[3.3,] %cl_6_6[3.4,] 
		 6: %self->link_to def_%cl_6_8 %self[2.0,] %cl_6_3[3.1,] %cl_6_7[3.5,] 	 SYMBOL:	 ARGS:%cl_6_3,%cl_6_7,
		 7: RETURN %cl_6_8[3.6,] %self[3.6,2.0,] 
BB 4
	outgoing: 6 
	datadep: 
	instructions:
		 0: def_%cl_6_9 
		 1: def_%cl_6_10 %cl_6_9[4.0,] 
		 2: RETURN %cl_6_10[4.1,] %self[2.0,] 
BB 6
	outgoing: 
	datadep: 
	instructions:
CLOSURE END: 
		 11: RETURN %cl_2_117[39.10,] %self[2.0,] 
BB 40
	outgoing: 42 
	datadep: 
	instructions:
		 0: def_%cl_2_118 
		 1: def_%cl_2_119 %cl_2_118[40.0,] 
		 2: RETURN %cl_2_119[40.1,] %self[2.0,] 
BB 42
	outgoing: 
	datadep: 
	instructions:
CLOSURE END: 
		 6: RETURN %v_11[6.5,] %self[6.2,6.4,2.0,2.9,] 
BB 7
	outgoing: 
	datadep: 
	instructions:

