SET IRMethod, name = post instanceMethod = false
BB 1
	outgoing: 9 2 
	datadep: 
	instructions:
BB 2
	outgoing: 3 5 
	datadep: 
	instructions:
		 0: def_%self 
		 1: def_%v_0 
		 2: COPY TYPE_CurrentScope def_%current_scope 
		 3: COPY TYPE_ScopeModule def_%current_module 
		 4: 
		 5: RECEIVEARG def_post 
		 6: 
		 7: (StatusMessage) def_%v_5 
		 8: def_%v_4 %v_5[2.7,] post[2.5,] 
		 9: BRANCH %v_4[2.8,] 
BB 3
	outgoing: 4 6 
	datadep: 
	instructions:
		 0: (Reshare) def_%v_7 
		 1: def_%v_6 %v_7[3.0,] post[2.5,] 
		 2: BRANCH %v_6[3.1,] 
BB 4
	outgoing: 9 
	datadep: 
	instructions:
		 0: 
		 1: (ArgumentError) def_%v_10 
		 2: COPY TYPE_StringLiteral "unknown post-class: " def_%v_11 
		 3: post->class def_%v_12 post[2.5,] 	 SYMBOL:	 ARGS:
		 4: BUILDSTRING def_%v_13 %v_11[4.2,] %v_12[4.3,] 
		 5: %self->raise def_%v_14 %self[2.0,] %v_10[4.1,] %v_13[4.4,] 	 SYMBOL:	 ARGS:%v_10,%v_13,
		 6: COPY TYPE_PASS def_%v_3 %v_14[4.5,] 
		 7: RETURN %v_14[4.5,] %self[4.5,2.0,] 
BB 5
	outgoing: 9 
	datadep: 
	instructions:
		 0: 
		 1: %self->status_message def_%v_8 %self[2.0,] post[2.5,] 	 SYMBOL:	 ARGS:post,
		 2: COPY TYPE_PASS def_%v_3 %v_8[5.1,] 
		 3: RETURN %v_8[5.1,] %self[5.1,2.0,] 
BB 6
	outgoing: 9 
	datadep: 
	instructions:
		 0: 
		 1: %self->reshare def_%v_9 %self[2.0,] post[2.5,] 	 SYMBOL:	 ARGS:post,
		 2: COPY TYPE_PASS def_%v_3 %v_9[6.1,] 
		 3: RETURN %v_9[6.1,] %self[6.1,2.0,] 
BB 9
	outgoing: 
	datadep: 
	instructions:

SET IRMethod, name = location instanceMethod = false
BB 1
	outgoing: 7 2 
	datadep: 
	instructions:
BB 2
	outgoing: 3 4 
	datadep: 
	instructions:
		 0: def_%self 
		 1: def_%v_0 
		 2: COPY TYPE_CurrentScope def_%current_scope 
		 3: COPY TYPE_ScopeModule def_%current_module 
		 4: 
		 5: RECEIVEARG def_location 
		 6: 
		 7: (DiasporaFederation) def_%v_3 
		 8: (inherit Entities) def_%v_4 %v_3[2.7,] 
		 9: %v_4[2.8,] 
BB 3
	outgoing: 4 
	datadep: 
	instructions:
		 0: %v_3->const_missing def_%v_4 %v_3[2.7,] 	 SYMBOL:Entities,	 ARGS:Symbol,
BB 4
	outgoing: 5 6 
	datadep: 
	instructions:
		 0: (inherit Location) def_%v_5 %v_4[3.0,2.8,] 
		 1: %v_5[4.0,] 
BB 5
	outgoing: 6 
	datadep: 
	instructions:
		 0: %v_4->const_missing def_%v_5 %v_4[3.0,2.8,] 	 SYMBOL:Location,	 ARGS:Symbol,
BB 6
	outgoing: 7 
	datadep: 
	instructions:
		 0: location->address def_%v_6 location[2.5,] 	 SYMBOL:	 ARGS:
		 1: location->lat def_%v_7 location[6.0,2.5,] 	 SYMBOL:	 ARGS:
		 2: location->lng def_%v_8 location[6.0,6.1,2.5,] 	 SYMBOL:	 ARGS:
		 3: HASH-address-lat-lng- def_%v_9 %v_6[6.0,] %v_7[6.1,] %v_8[6.2,] 
		 4: %v_5->new def_%v_10 %v_5[5.0,4.0,] %v_9[6.3,] 	 SYMBOL:	 ARGS:%v_9,
		 5: RETURN %v_10[6.4,] %self[2.0,] 
BB 7
	outgoing: 
	datadep: 
	instructions:

SET IRMethod, name = photo instanceMethod = false
BB 1
	outgoing: 7 2 
	datadep: 
	instructions:
BB 2
	outgoing: 3 4 
	datadep: 
	instructions:
		 0: def_%self 
		 1: def_%v_0 
		 2: COPY TYPE_CurrentScope def_%current_scope 
		 3: COPY TYPE_ScopeModule def_%current_module 
		 4: 
		 5: RECEIVEARG def_photo 
		 6: 
		 7: (DiasporaFederation) def_%v_3 
		 8: (inherit Entities) def_%v_4 %v_3[2.7,] 
		 9: %v_4[2.8,] 
BB 3
	outgoing: 4 
	datadep: 
	instructions:
		 0: %v_3->const_missing def_%v_4 %v_3[2.7,] 	 SYMBOL:Entities,	 ARGS:Symbol,
BB 4
	outgoing: 5 6 
	datadep: 
	instructions:
		 0: (inherit Photo) def_%v_5 %v_4[3.0,2.8,] 
		 1: %v_5[4.0,] 
BB 5
	outgoing: 6 
	datadep: 
	instructions:
		 0: %v_4->const_missing def_%v_5 %v_4[3.0,2.8,] 	 SYMBOL:Photo,	 ARGS:Symbol,
BB 6
	outgoing: 7 
	datadep: 
	instructions:
		 0: photo->diaspora_handle def_%v_6 photo[2.5,] 	 SYMBOL:	 ARGS:
		 1: photo->guid def_%v_7 photo[6.0,2.5,] 	 SYMBOL:	 ARGS:
		 2: photo->public def_%v_8 photo[6.0,6.1,2.5,] 	 SYMBOL:	 ARGS:
		 3: photo->created_at def_%v_9 photo[6.0,6.1,6.2,2.5,] 	 SYMBOL:	 ARGS:
		 4: photo->remote_photo_path def_%v_10 photo[6.0,6.1,6.2,6.3,2.5,] 	 SYMBOL:	 ARGS:
		 5: photo->remote_photo_name def_%v_11 photo[6.0,6.1,6.2,6.3,6.4,2.5,] 	 SYMBOL:	 ARGS:
		 6: photo->text def_%v_12 photo[6.0,6.1,6.2,6.3,6.4,6.5,2.5,] 	 SYMBOL:	 ARGS:
		 7: photo->status_message_guid def_%v_13 photo[6.0,6.1,6.2,6.3,6.4,6.5,6.6,2.5,] 	 SYMBOL:	 ARGS:
		 8: photo->height def_%v_14 photo[6.0,6.1,6.2,6.3,6.4,6.5,6.6,6.7,2.5,] 	 SYMBOL:	 ARGS:
		 9: photo->width def_%v_15 photo[6.0,6.1,6.2,6.3,6.4,6.5,6.6,6.7,6.8,2.5,] 	 SYMBOL:	 ARGS:
		 10: HASH-author-guid-public-created_at-remote_photo_path-remote_photo_name-text-status_message_guid-height-width- def_%v_16 %v_6[6.0,] %v_7[6.1,] %v_8[6.2,] %v_9[6.3,] %v_10[6.4,] %v_11[6.5,] %v_12[6.6,] %v_13[6.7,] %v_14[6.8,] %v_15[6.9,] 
		 11: %v_5->new def_%v_17 %v_5[5.0,4.0,] %v_16[6.10,] 	 SYMBOL:	 ARGS:%v_16,
		 12: RETURN %v_17[6.11,] %self[2.0,] 
BB 7
	outgoing: 
	datadep: 
	instructions:

SET IRMethod, name = poll instanceMethod = false
BB 1
	outgoing: 7 2 
	datadep: 
	instructions:
BB 2
	outgoing: 3 4 
	datadep: 
	instructions:
		 0: def_%self 
		 1: def_%v_0 
		 2: COPY TYPE_CurrentScope def_%current_scope 
		 3: COPY TYPE_ScopeModule def_%current_module 
		 4: 
		 5: RECEIVEARG def_poll 
		 6: 
		 7: (DiasporaFederation) def_%v_3 
		 8: (inherit Entities) def_%v_4 %v_3[2.7,] 
		 9: %v_4[2.8,] 
BB 3
	outgoing: 4 
	datadep: 
	instructions:
		 0: %v_3->const_missing def_%v_4 %v_3[2.7,] 	 SYMBOL:Entities,	 ARGS:Symbol,
BB 4
	outgoing: 5 6 
	datadep: 
	instructions:
		 0: (inherit Poll) def_%v_5 %v_4[3.0,2.8,] 
		 1: %v_5[4.0,] 
BB 5
	outgoing: 6 
	datadep: 
	instructions:
		 0: %v_4->const_missing def_%v_5 %v_4[3.0,2.8,] 	 SYMBOL:Poll,	 ARGS:Symbol,
BB 6
	outgoing: 7 
	datadep: 
	instructions:
		 0: poll->guid def_%v_6 poll[2.5,] 	 SYMBOL:	 ARGS:
		 1: poll->question def_%v_7 poll[6.0,2.5,] 	 SYMBOL:	 ARGS:
		 2: poll->poll_answers def_%v_8 poll[6.0,6.1,2.5,] 	 SYMBOL:	 ARGS:
		 3: %v_8->map def_%v_9 %v_8[6.2,] %self[2.0,] 	 SYMBOL:	 ARGS:%v_8,
CLOSURE BEGIN: %self[2.0,] answer[] 
BB 1
	outgoing: 6 2 
	datadep: 
	instructions:
BB 2
	outgoing: 3 
	datadep: 
	instructions:
		 0: def_%self 
		 1: def_%cl_1_0 
		 2: RECEIVEARG def_answer 
		 3: COPY TYPE_CurrentScope def_%current_scope 
		 4: COPY TYPE_ScopeModule def_%current_module 
BB 3
	outgoing: 4 6 
	datadep: 
	instructions:
		 0: 
		 1: %self->poll_answer def_%cl_1_3 %self[2.0,] answer[2.2,] 	 SYMBOL:	 ARGS:answer,
		 2: RETURN %cl_1_3[3.1,] %self[3.1,2.0,] 
BB 4
	outgoing: 6 
	datadep: 
	instructions:
		 0: def_%cl_1_4 
		 1: def_%cl_1_5 %cl_1_4[4.0,] 
		 2: RETURN %cl_1_5[4.1,] %self[2.0,] 
BB 6
	outgoing: 
	datadep: 
	instructions:
CLOSURE END: 
		 4: HASH-guid-question-poll_answers- def_%v_10 %v_6[6.0,] %v_7[6.1,] %v_9[6.3,] 
		 5: %v_5->new def_%v_11 %v_5[5.0,4.0,] %v_10[6.4,] 	 SYMBOL:	 ARGS:%v_10,
		 6: RETURN %v_11[6.5,] %self[2.0,] 
BB 7
	outgoing: 
	datadep: 
	instructions:

SET IRMethod, name = poll_answer instanceMethod = false
BB 1
	outgoing: 7 2 
	datadep: 
	instructions:
BB 2
	outgoing: 3 4 
	datadep: 
	instructions:
		 0: def_%self 
		 1: def_%v_0 
		 2: COPY TYPE_CurrentScope def_%current_scope 
		 3: COPY TYPE_ScopeModule def_%current_module 
		 4: 
		 5: RECEIVEARG def_poll_answer 
		 6: 
		 7: (DiasporaFederation) def_%v_3 
		 8: (inherit Entities) def_%v_4 %v_3[2.7,] 
		 9: %v_4[2.8,] 
BB 3
	outgoing: 4 
	datadep: 
	instructions:
		 0: %v_3->const_missing def_%v_4 %v_3[2.7,] 	 SYMBOL:Entities,	 ARGS:Symbol,
BB 4
	outgoing: 5 6 
	datadep: 
	instructions:
		 0: (inherit PollAnswer) def_%v_5 %v_4[3.0,2.8,] 
		 1: %v_5[4.0,] 
BB 5
	outgoing: 6 
	datadep: 
	instructions:
		 0: %v_4->const_missing def_%v_5 %v_4[3.0,2.8,] 	 SYMBOL:PollAnswer,	 ARGS:Symbol,
BB 6
	outgoing: 7 
	datadep: 
	instructions:
		 0: poll_answer->guid def_%v_6 poll_answer[2.5,] 	 SYMBOL:	 ARGS:
		 1: poll_answer->answer def_%v_7 poll_answer[6.0,2.5,] 	 SYMBOL:	 ARGS:
		 2: HASH-guid-answer- def_%v_8 %v_6[6.0,] %v_7[6.1,] 
		 3: %v_5->new def_%v_9 %v_5[5.0,4.0,] %v_8[6.2,] 	 SYMBOL:	 ARGS:%v_8,
		 4: RETURN %v_9[6.3,] %self[2.0,] 
BB 7
	outgoing: 
	datadep: 
	instructions:

SET IRMethod, name = reshare instanceMethod = false
BB 1
	outgoing: 7 2 
	datadep: 
	instructions:
BB 2
	outgoing: 3 4 
	datadep: 
	instructions:
		 0: def_%self 
		 1: def_%v_0 
		 2: COPY TYPE_CurrentScope def_%current_scope 
		 3: COPY TYPE_ScopeModule def_%current_module 
		 4: 
		 5: RECEIVEARG def_reshare 
		 6: 
		 7: (DiasporaFederation) def_%v_3 
		 8: (inherit Entities) def_%v_4 %v_3[2.7,] 
		 9: %v_4[2.8,] 
BB 3
	outgoing: 4 
	datadep: 
	instructions:
		 0: %v_3->const_missing def_%v_4 %v_3[2.7,] 	 SYMBOL:Entities,	 ARGS:Symbol,
BB 4
	outgoing: 5 6 
	datadep: 
	instructions:
		 0: (inherit Reshare) def_%v_5 %v_4[3.0,2.8,] 
		 1: %v_5[4.0,] 
BB 5
	outgoing: 6 
	datadep: 
	instructions:
		 0: %v_4->const_missing def_%v_5 %v_4[3.0,2.8,] 	 SYMBOL:Reshare,	 ARGS:Symbol,
BB 6
	outgoing: 7 
	datadep: 
	instructions:
		 0: reshare->root_diaspora_id def_%v_6 reshare[2.5,] 	 SYMBOL:	 ARGS:
		 1: reshare->root_guid def_%v_7 reshare[6.0,2.5,] 	 SYMBOL:	 ARGS:
		 2: reshare->diaspora_handle def_%v_8 reshare[6.0,6.1,2.5,] 	 SYMBOL:	 ARGS:
		 3: reshare->guid def_%v_9 reshare[6.0,6.1,6.2,2.5,] 	 SYMBOL:	 ARGS:
		 4: reshare->public def_%v_10 reshare[6.0,6.1,6.2,6.3,2.5,] 	 SYMBOL:	 ARGS:
		 5: reshare->created_at def_%v_11 reshare[6.0,6.1,6.2,6.3,6.4,2.5,] 	 SYMBOL:	 ARGS:
		 6: reshare->provider_display_name def_%v_12 reshare[6.0,6.1,6.2,6.3,6.4,6.5,2.5,] 	 SYMBOL:	 ARGS:
		 7: HASH-root_author-root_guid-author-guid-public-created_at-provider_display_name- def_%v_13 %v_6[6.0,] %v_7[6.1,] %v_8[6.2,] %v_9[6.3,] %v_10[6.4,] %v_11[6.5,] %v_12[6.6,] 
		 8: %v_5->new def_%v_14 %v_5[5.0,4.0,] %v_13[6.7,] 	 SYMBOL:	 ARGS:%v_13,
		 9: RETURN %v_14[6.8,] %self[2.0,] 
BB 7
	outgoing: 
	datadep: 
	instructions:

SET IRMethod, name = status_message instanceMethod = false
BB 1
	outgoing: 13 2 
	datadep: 
	instructions:
BB 2
	outgoing: 3 4 
	datadep: 
	instructions:
		 0: def_%self 
		 1: def_%v_0 
		 2: COPY TYPE_CurrentScope def_%current_scope 
		 3: COPY TYPE_ScopeModule def_%current_module 
		 4: 
		 5: RECEIVEARG def_status_message 
		 6: 
		 7: (DiasporaFederation) def_%v_3 
		 8: (inherit Entities) def_%v_4 %v_3[2.7,] 
		 9: %v_4[2.8,] 
BB 3
	outgoing: 4 
	datadep: 
	instructions:
		 0: %v_3->const_missing def_%v_4 %v_3[2.7,] 	 SYMBOL:Entities,	 ARGS:Symbol,
BB 4
	outgoing: 5 6 
	datadep: 
	instructions:
		 0: (inherit StatusMessage) def_%v_5 %v_4[3.0,2.8,] 
		 1: %v_5[4.0,] 
BB 5
	outgoing: 6 
	datadep: 
	instructions:
		 0: %v_4->const_missing def_%v_5 %v_4[3.0,2.8,] 	 SYMBOL:StatusMessage,	 ARGS:Symbol,
BB 6
	outgoing: 7 8 
	datadep: 
	instructions:
		 0: status_message->diaspora_handle def_%v_6 status_message[2.5,] 	 SYMBOL:	 ARGS:
		 1: status_message->guid def_%v_7 status_message[6.0,2.5,] 	 SYMBOL:	 ARGS:
		 2: status_message->raw_message def_%v_8 status_message[6.0,6.1,2.5,] 	 SYMBOL:	 ARGS:
		 3: status_message->photos def_%v_9 status_message[6.0,6.1,6.2,2.5,] 	 SYMBOL:	 ARGS:
		 4: %v_9->map def_%v_10 %v_9[6.3,] %self[2.0,] 	 SYMBOL:	 ARGS:%v_9,
CLOSURE BEGIN: %self[2.0,] photo[] 
BB 1
	outgoing: 6 2 
	datadep: 
	instructions:
BB 2
	outgoing: 3 
	datadep: 
	instructions:
		 0: def_%self 
		 1: def_%cl_1_0 
		 2: RECEIVEARG def_photo 
		 3: COPY TYPE_CurrentScope def_%current_scope 
		 4: COPY TYPE_ScopeModule def_%current_module 
BB 3
	outgoing: 4 6 
	datadep: 
	instructions:
		 0: 
		 1: %self->photo def_%cl_1_3 %self[2.0,] photo[2.2,] 	 SYMBOL:	 ARGS:photo,
		 2: RETURN %cl_1_3[3.1,] %self[3.1,2.0,] 
BB 4
	outgoing: 6 
	datadep: 
	instructions:
		 0: def_%cl_1_4 
		 1: def_%cl_1_5 %cl_1_4[4.0,] 
		 2: RETURN %cl_1_5[4.1,] %self[2.0,] 
BB 6
	outgoing: 
	datadep: 
	instructions:
CLOSURE END: 
		 5: 
		 6: status_message->location def_%v_11 status_message[6.0,6.1,6.2,6.3,2.5,] 	 SYMBOL:	 ARGS:
		 7: BRANCH %v_11[6.6,] 
BB 7
	outgoing: 9 
	datadep: 
	instructions:
		 0: status_message->location def_%v_12 status_message[2.5,] 	 SYMBOL:	 ARGS:
		 1: %self->location def_%v_13 %self[2.0,] %v_12[7.0,] 	 SYMBOL:	 ARGS:%v_12,
		 2: 
BB 8
	outgoing: 9 
	datadep: 
	instructions:
		 0: COPY TYPE_Nil def_%v_13 
BB 9
	outgoing: 10 11 
	datadep: 
	instructions:
		 0: 
		 1: status_message->poll def_%v_14 status_message[2.5,] 	 SYMBOL:	 ARGS:
		 2: BRANCH %v_14[9.1,] 
BB 10
	outgoing: 12 
	datadep: 
	instructions:
		 0: status_message->poll def_%v_15 status_message[2.5,] 	 SYMBOL:	 ARGS:
		 1: %self->poll def_%v_16 %self[2.0,] %v_15[10.0,] 	 SYMBOL:	 ARGS:%v_15,
		 2: 
BB 11
	outgoing: 12 
	datadep: 
	instructions:
		 0: COPY TYPE_Nil def_%v_16 
BB 12
	outgoing: 13 
	datadep: 
	instructions:
		 0: status_message->public def_%v_17 status_message[2.5,] 	 SYMBOL:	 ARGS:
		 1: status_message->created_at def_%v_18 status_message[12.0,2.5,] 	 SYMBOL:	 ARGS:
		 2: status_message->provider_display_name def_%v_19 status_message[12.0,12.1,2.5,] 	 SYMBOL:	 ARGS:
		 3: HASH-author-guid-raw_message-photos-location-poll-public-created_at-provider_display_name- def_%v_20 %v_6[6.0,] %v_7[6.1,] %v_8[6.2,] %v_10[6.4,] %v_13[8.0,7.1,] %v_16[11.0,10.1,] %v_17[12.0,] %v_18[12.1,] %v_19[12.2,] 
		 4: %v_5->new def_%v_21 %v_5[5.0,4.0,] %v_20[12.3,] 	 SYMBOL:	 ARGS:%v_20,
		 5: RETURN %v_21[12.4,] %self[2.0,] 
BB 13
	outgoing: 
	datadep: 
	instructions:

