SET IRMethod, name = get_or_create_namespace instanceMethod = true
BB 1
	outgoing: 20 2 
	datadep: 
	instructions:
BB 2
	outgoing: 4 
	datadep: 
	instructions:
		 0: def_%self 
		 1: def_%v_0 
		 2: COPY TYPE_CurrentScope def_%current_scope 
		 3: COPY TYPE_ScopeModule def_%current_module 
		 4: 
		 5: 
		 6: GLOBALVAR $! def_%v_3 
BB 4
	outgoing: 5 6 
	datadep: 
	instructions:
		 0: 
		 1: 
		 2: (Group) def_%v_6 
		 3: GETFIELD %self->target_namespace def_%v_7 %self[2.0,] 
		 4: GETFIELD %self->target_namespace def_%v_8 %self[2.0,] 
		 5: %self->current_user def_%v_9 %self[2.0,] 	 SYMBOL:	 ARGS:
		 6: HASH-name-path-owner- def_%v_10 %v_7[4.3,] %v_8[4.4,] %v_9[4.5,] 
		 7: %v_6->create! def_%v_11 %v_6[4.2,] %v_10[4.6,] 	 SYMBOL:	 ARGS:%v_10,
		 8: COPY TYPE_PASS def_namespace %v_11[4.7,] 
		 9: 
		 10: %self->current_user def_%v_12 %self[4.5,2.0,] 	 SYMBOL:	 ARGS:
		 11: namespace->add_owner def_%v_13 namespace[4.8,] %v_12[4.10,] 	 SYMBOL:	 ARGS:%v_12,
		 12: COPY TYPE_PASS def_%v_5 %v_13[4.11,] 
		 13: %v_3[2.6,] 
BB 5
	outgoing: 19 
	datadep: 
	instructions:
		 0: 
BB 6
	outgoing: 7 8 18 
	datadep: 
	instructions:
		 0: def_%v_14 
		 1: (ActiveRecord) def_%v_15 
		 2: (inherit RecordNotUnique) def_%v_16 %v_15[6.1,] 
		 3: %v_16[6.2,] 
BB 7
	outgoing: 8 18 
	datadep: 
	instructions:
		 0: %v_15->const_missing def_%v_16 %v_15[6.1,] 	 SYMBOL:RecordNotUnique,	 ARGS:Symbol,
BB 8
	outgoing: 9 10 18 
	datadep: 
	instructions:
		 0: (ActiveRecord) def_%v_17 
		 1: (inherit RecordInvalid) def_%v_18 %v_17[8.0,] 
		 2: %v_18[8.1,] 
BB 9
	outgoing: 10 18 
	datadep: 
	instructions:
		 0: %v_17->const_missing def_%v_18 %v_17[8.0,] 	 SYMBOL:RecordInvalid,	 ARGS:Symbol,
BB 10
	outgoing: 11 12 18 
	datadep: 
	instructions:
		 0: def_%v_19 %v_16[7.0,6.2,] %v_18[9.0,8.1,] %v_14[6.0,] 
		 1: BRANCH %v_19[10.0,] 
BB 11
	outgoing: 18 20 
	datadep: 
	instructions:
		 0: %v_14[6.0,] 
BB 12
	outgoing: 13 14 18 
	datadep: 
	instructions:
		 0: 
		 1: (Namespace) def_%v_20 
		 2: GETFIELD %self->target_namespace def_%v_21 %self[2.0,] 
		 3: %v_20->find_by_path_or_name def_%v_22 %v_20[12.1,] %v_21[12.2,] 	 SYMBOL:	 ARGS:%v_21,
		 4: COPY TYPE_PASS def_namespace %v_22[12.3,] 
		 5: 
		 6: %self->current_user def_%v_23 %self[2.0,] 	 SYMBOL:	 ARGS:
		 7: %v_23->can? def_%v_24 %v_23[12.6,] namespace[12.4,] 	 SYMBOL:create_projects,	 ARGS:Symbol,namespace,
		 8: BRANCH %v_24[12.7,] 
BB 13
	outgoing: 16 
	datadep: 
	instructions:
		 0: COPY TYPE_Nil def_%v_25 
		 1: 
BB 14
	outgoing: 15 18 
	datadep: 
	instructions:
		 0: 
		 1: ATTRASSIGN %self->already_been_taken 
		 2: 
		 3: COPY TYPE_Boolean def_%v_26 
		 4: %v_3[2.6,] 
BB 15
	outgoing: 20 
	datadep: 
	instructions:
		 0: RETURN %v_26[14.3,] %self[14.1,2.0,] 
BB 16
	outgoing: 17 18 
	datadep: 
	instructions:
		 0: COPY TYPE_PASS def_%v_5 %v_25[13.0,] 
		 1: %v_3[2.6,] 
BB 17
	outgoing: 19 
	datadep: 
	instructions:
		 0: 
BB 18
	outgoing: 20 
	datadep: 
	instructions:
		 0: def_%v_27 
		 1: def_%v_28 %v_27[18.0,] %v_3[2.6,] 
		 2: %v_27[18.0,] 
BB 19
	outgoing: 20 
	datadep: 
	instructions:
		 0: 
		 1: RETURN namespace[4.8,12.4,] %self[2.0,] 
BB 20
	outgoing: 
	datadep: 
	instructions:

