SET IRMethod, name = new instanceMethod = true
BB 1
	outgoing: 3 2 
	datadep: 
	instructions:
BB 2
	outgoing: 3 
	datadep: 
	instructions:
		 0: def_%self 
		 1: def_%v_0 
		 2: COPY TYPE_CurrentScope def_%current_scope 
		 3: COPY TYPE_ScopeModule def_%current_module 
		 4: 
		 5: 
		 6: %self->client def_%v_3 %self[2.0,] 	 SYMBOL:	 ARGS:
		 7: %self->callback_import_gitorious_url def_%v_4 %self[2.0,2.6,] 	 SYMBOL:	 ARGS:
		 8: %v_3->authorize_url def_%v_5 %v_3[2.6,] %v_4[2.7,] 	 SYMBOL:	 ARGS:%v_4,
		 9: %self->redirect_to def_%v_6 %self[2.0,2.6,2.7,] %v_5[2.8,] 	 SYMBOL:	 ARGS:%v_5,
		 10: RETURN %v_6[2.9,] %self[2.0,2.6,2.7,2.9,] 
BB 3
	outgoing: 
	datadep: 
	instructions:

SET IRMethod, name = callback instanceMethod = true
BB 1
	outgoing: 3 2 
	datadep: 
	instructions:
BB 2
	outgoing: 3 
	datadep: 
	instructions:
		 0: def_%self 
		 1: def_%v_0 
		 2: COPY TYPE_CurrentScope def_%current_scope 
		 3: COPY TYPE_ScopeModule def_%current_module 
		 4: 
		 5: 
		 6: %self->session def_%v_3 %self[2.0,] 	 SYMBOL:	 ARGS:
		 7: %self->params def_%v_4 %self[2.0,2.6,] 	 SYMBOL:	 ARGS:
		 8: %v_4->[] def_%v_5 %v_4[2.7,] 	 SYMBOL:repos,	 ARGS:Symbol,
		 9: ATTRASSIGN %v_3->[] %v_5[2.8,] 
		 10: 
		 11: %self->status_import_gitorious_path def_%v_6 %self[2.0,2.6,2.7,] 	 SYMBOL:	 ARGS:
		 12: %self->redirect_to def_%v_7 %self[2.0,2.6,2.7,2.11,] %v_6[2.11,] 	 SYMBOL:	 ARGS:%v_6,
		 13: RETURN %v_7[2.12,] %self[2.0,2.6,2.7,2.11,2.12,] 
BB 3
	outgoing: 
	datadep: 
	instructions:

SET IRMethod, name = status instanceMethod = true
BB 1
	outgoing: 3 2 
	datadep: 
	instructions:
BB 2
	outgoing: 3 
	datadep: 
	instructions:
		 0: def_%self 
		 1: def_%v_0 
		 2: COPY TYPE_CurrentScope def_%current_scope 
		 3: COPY TYPE_ScopeModule def_%current_module 
		 4: 
		 5: 
		 6: %self->client def_%v_3 %self[2.0,] 	 SYMBOL:	 ARGS:
		 7: %v_3->repos def_%v_4 %v_3[2.6,] 	 SYMBOL:	 ARGS:
		 8: ATTRASSIGN %self->repos %v_4[2.7,] 
		 9: 
		 10: %self->current_user def_%v_5 %self[2.0,2.6,2.8,] 	 SYMBOL:	 ARGS:
		 11: %v_5->created_projects def_%v_6 %v_5[2.10,] 	 SYMBOL:	 ARGS:
		 12: COPY TYPE_StringLiteral "gitorious" def_%v_7 
		 13: HASH-import_type- def_%v_8 %v_7[2.12,] 
		 14: %v_6->where def_%v_9 %v_6[2.11,] %v_8[2.13,] 	 SYMBOL:	 ARGS:%v_8,
		 15: ATTRASSIGN %self->already_added_projects %v_9[2.14,] 
		 16: 
		 17: GETFIELD %self->already_added_projects def_%v_10 %self[2.0,2.6,2.10,2.15,] 
		 18: %v_10->pluck def_%v_11 %v_10[2.17,] 	 SYMBOL:import_source,	 ARGS:Symbol,
		 19: COPY TYPE_PASS def_already_added_projects_names %v_11[2.18,] 
		 20: 
		 21: GETFIELD %self->repos def_%v_12 %self[2.0,2.6,2.8,2.10,] 
		 22: %v_12->reject! def_%v_13 %v_12[2.21,] %self[2.0,2.6,2.8,2.10,2.15,] 	 SYMBOL:	 ARGS:%v_12,
CLOSURE BEGIN: repo[] already_added_projects_names[2.19,] 
BB 1
	outgoing: 6 2 
	datadep: 
	instructions:
BB 2
	outgoing: 3 
	datadep: 
	instructions:
		 0: def_%self 
		 1: def_%cl_1_0 
		 2: RECEIVEARG def_repo 
		 3: COPY TYPE_CurrentScope def_%current_scope 
		 4: COPY TYPE_ScopeModule def_%current_module 
BB 3
	outgoing: 4 6 
	datadep: 
	instructions:
		 0: 
		 1: repo->full_name def_%cl_1_3 repo[2.2,] 	 SYMBOL:	 ARGS:
		 2: already_added_projects_names->include? def_%cl_1_4 already_added_projects_names[] %cl_1_3[3.1,] 	 SYMBOL:	 ARGS:%cl_1_3,
		 3: RETURN %cl_1_4[3.2,] %self[2.0,] 
BB 4
	outgoing: 6 
	datadep: 
	instructions:
		 0: def_%cl_1_5 
		 1: def_%cl_1_6 %cl_1_5[4.0,] 
		 2: RETURN %cl_1_6[4.1,] %self[2.0,] 
BB 6
	outgoing: 
	datadep: 
	instructions:
CLOSURE END: 
		 23: 
		 24: %self->ruby_code_from_view def_%v_14 %self[2.0,2.6,2.8,2.10,2.15,] 	 SYMBOL:	 ARGS:
		 25: %v_14->ruby_code_from_view def_%v_15 %v_14[2.24,] %self[2.0,2.6,2.8,2.10,2.15,2.24,] 	 SYMBOL:	 ARGS:%v_14,
CLOSURE BEGIN: %self[2.0,2.6,2.8,2.10,2.15,2.24,] site_name[] project[] repo[2.22,] 
BB 1
	outgoing: 70 2 
	datadep: 
	instructions:
BB 2
	outgoing: 3 
	datadep: 
	instructions:
		 0: def_%self 
		 1: def_%cl_2_0 
		 2: RECEIVEARG def_rb_from_view 
		 3: COPY TYPE_CurrentScope def_%current_scope 
		 4: COPY TYPE_ScopeModule def_%current_module 
BB 3
	outgoing: 4 5 68 
	datadep: 
	instructions:
		 0: 
		 1: COPY TYPE_StringLiteral "layouts/head" def_%cl_2_3 
		 2: %self->render def_%cl_2_4 %self[2.0,] %cl_2_3[3.1,] 	 SYMBOL:	 ARGS:%cl_2_3,
		 3: 
		 4: def_%cl_2_5 %cl_2_0[2.1,] 
		 5: 
		 6: %self->nav_header_class def_%cl_2_6 %self[3.2,2.0,] 	 SYMBOL:	 ARGS:
		 7: 
		 8: COPY TYPE_StringLiteral "bars" def_%cl_2_7 
		 9: %self->icon def_%cl_2_8 %self[3.2,3.6,2.0,] %cl_2_7[3.8,] 	 SYMBOL:	 ARGS:%cl_2_7,
		 10: 
		 11: COPY TYPE_StringLiteral "angle-left" def_%cl_2_9 
		 12: %self->icon def_%cl_2_10 %self[3.2,3.6,3.9,2.0,] %cl_2_9[3.11,] 	 SYMBOL:	 ARGS:%cl_2_9,
		 13: 
		 14: COPY TYPE_StringLiteral "Search" def_%cl_2_11 
		 15: %self->page_title def_%cl_2_12 %self[3.2,3.6,3.9,3.12,2.0,] %cl_2_11[3.14,] 	 SYMBOL:	 ARGS:%cl_2_11,
		 16: 
		 17: COPY TYPE_StringLiteral "Search" def_%cl_2_13 
		 18: %self->search_path def_%cl_2_14 %self[3.2,3.6,3.9,3.12,3.15,2.0,] 	 SYMBOL:	 ARGS:
		 19: %self->header_title def_%cl_2_15 %self[3.2,3.6,3.9,3.12,3.15,3.18,2.0,] %cl_2_13[3.17,] %cl_2_14[3.18,] 	 SYMBOL:	 ARGS:%cl_2_13,%cl_2_14,
		 20: 
		 21: %self->page_description def_%cl_2_16 %self[3.2,3.6,3.9,3.12,3.15,3.18,3.19,2.0,] 	 SYMBOL:	 ARGS:
		 22: BRANCH %cl_2_16[3.21,] 
BB 4
	outgoing: 6 
	datadep: 
	instructions:
		 0: COPY TYPE_Nil def_%cl_2_17 
		 1: 
BB 5
	outgoing: 6 68 
	datadep: 
	instructions:
		 0: %self->brand_title def_%cl_2_18 %self[2.0,] 	 SYMBOL:	 ARGS:
		 1: %self->page_description def_%cl_2_19 %self[5.0,2.0,] %cl_2_18[5.0,] 	 SYMBOL:	 ARGS:%cl_2_18,
		 2: COPY TYPE_PASS def_%cl_2_17 %cl_2_19[5.1,] 
BB 6
	outgoing: 7 8 68 
	datadep: 
	instructions:
		 0: 
		 1: COPY TYPE_StringLiteral "GitLab" def_%cl_2_20 
		 2: COPY TYPE_PASS def_site_name %cl_2_20[6.1,] 
		 3: 
		 4: 
		 5: %self->page_title def_%cl_2_21 %self[2.0,] 	 SYMBOL:	 ARGS:
		 6: 
		 7: %self->page_description def_%cl_2_22 %self[6.5,2.0,] 	 SYMBOL:	 ARGS:
		 8: 
		 9: %self->page_image def_%cl_2_23 %self[6.5,6.7,2.0,] 	 SYMBOL:	 ARGS:
		 10: 
		 11: %self->request def_%cl_2_24 %self[6.5,6.7,6.9,2.0,] 	 SYMBOL:	 ARGS:
		 12: %cl_2_24->base_url def_%cl_2_25 %cl_2_24[6.11,] 	 SYMBOL:	 ARGS:
		 13: 
		 14: %self->page_title def_%cl_2_26 %self[6.5,6.7,6.9,6.11,2.0,] 	 SYMBOL:	 ARGS:
		 15: 
		 16: %self->page_description def_%cl_2_27 %self[6.5,6.7,6.9,6.11,6.14,2.0,] 	 SYMBOL:	 ARGS:
		 17: 
		 18: %self->page_image def_%cl_2_28 %self[6.5,6.7,6.9,6.11,6.14,6.16,2.0,] 	 SYMBOL:	 ARGS:
		 19: 
		 20: %self->page_card_meta_tags def_%cl_2_29 %self[6.5,6.7,6.9,6.11,6.14,6.16,6.18,2.0,] 	 SYMBOL:	 ARGS:
		 21: 
		 22: %self->page_title def_%cl_2_30 %self[6.5,6.7,6.9,6.11,6.14,6.16,6.18,6.20,2.0,] site_name[6.2,] 	 SYMBOL:	 ARGS:site_name,
		 23: 
		 24: %self->page_description def_%cl_2_31 %self[6.5,6.7,6.9,6.11,6.14,6.16,6.18,6.20,6.22,2.0,] 	 SYMBOL:	 ARGS:
		 25: 
		 26: COPY TYPE_StringLiteral "favicon.ico" def_%cl_2_32 
		 27: %self->favicon_link_tag def_%cl_2_33 %self[6.5,6.7,6.9,6.11,6.14,6.16,6.18,6.20,6.22,6.24,2.0,] %cl_2_32[6.26,] 	 SYMBOL:	 ARGS:%cl_2_32,
		 28: 
		 29: COPY TYPE_StringLiteral "application" def_%cl_2_34 
		 30: COPY TYPE_StringLiteral "all" def_%cl_2_35 
		 31: HASH-media- def_%cl_2_36 %cl_2_35[6.30,] 
		 32: %self->stylesheet_link_tag def_%cl_2_37 %self[6.5,6.7,6.9,6.11,6.14,6.16,6.18,6.20,6.22,6.24,6.27,2.0,] %cl_2_34[6.29,] %cl_2_36[6.31,] 	 SYMBOL:	 ARGS:%cl_2_34,%cl_2_36,
		 33: 
		 34: COPY TYPE_StringLiteral "print" def_%cl_2_38 
		 35: COPY TYPE_StringLiteral "print" def_%cl_2_39 
		 36: HASH-media- def_%cl_2_40 %cl_2_39[6.35,] 
		 37: %self->stylesheet_link_tag def_%cl_2_41 %self[6.5,6.7,6.9,6.11,6.14,6.16,6.18,6.20,6.22,6.24,6.27,6.32,2.0,] %cl_2_38[6.34,] %cl_2_40[6.36,] 	 SYMBOL:	 ARGS:%cl_2_38,%cl_2_40,
		 38: 
		 39: COPY TYPE_StringLiteral "application" def_%cl_2_42 
		 40: %self->javascript_include_tag def_%cl_2_43 %self[6.5,6.7,6.9,6.11,6.14,6.16,6.18,6.20,6.22,6.24,6.27,6.32,6.37,2.0,] %cl_2_42[6.39,] 	 SYMBOL:	 ARGS:%cl_2_42,
		 41: 
		 42: %self->csrf_meta_tags def_%cl_2_44 %self[6.5,6.7,6.9,6.11,6.14,6.16,6.18,6.20,6.22,6.24,6.27,6.32,6.37,6.40,2.0,] 	 SYMBOL:	 ARGS:
		 43: 
		 44: %self->include_gon def_%cl_2_45 %self[6.5,6.7,6.9,6.11,6.14,6.16,6.18,6.20,6.22,6.24,6.27,6.32,6.37,6.40,6.42,2.0,] 	 SYMBOL:	 ARGS:
		 45: 
		 46: %self->browser def_%cl_2_46 %self[6.5,6.7,6.9,6.11,6.14,6.16,6.18,6.20,6.22,6.24,6.27,6.32,6.37,6.40,6.42,6.44,2.0,] 	 SYMBOL:	 ARGS:
		 47: %cl_2_46->safari? def_%cl_2_47 %cl_2_46[6.46,] 	 SYMBOL:	 ARGS:
		 48: BRANCH %cl_2_47[6.47,] 
BB 7
	outgoing: 9 
	datadep: 
	instructions:
		 0: COPY TYPE_Nil def_%cl_2_48 
		 1: 
BB 8
	outgoing: 9 
	datadep: 
	instructions:
		 0: COPY TYPE_Nil def_%cl_2_48 
BB 9
	outgoing: 10 25 68 
	datadep: 
	instructions:
		 0: 
		 1: COPY TYPE_StringLiteral "touch-icon-iphone.png" def_%cl_2_49 
		 2: COPY TYPE_StringLiteral "apple-touch-icon" def_%cl_2_50 
		 3: HASH-rel- def_%cl_2_51 %cl_2_50[9.2,] 
		 4: %self->favicon_link_tag def_%cl_2_52 %self[2.0,] %cl_2_49[9.1,] %cl_2_51[9.3,] 	 SYMBOL:	 ARGS:%cl_2_49,%cl_2_51,
		 5: 
		 6: COPY TYPE_StringLiteral "touch-icon-ipad.png" def_%cl_2_53 
		 7: COPY TYPE_StringLiteral "apple-touch-icon" def_%cl_2_54 
		 8: COPY TYPE_StringLiteral "76x76" def_%cl_2_55 
		 9: HASH-rel-sizes- def_%cl_2_56 %cl_2_54[9.7,] %cl_2_55[9.8,] 
		 10: %self->favicon_link_tag def_%cl_2_57 %self[9.4,2.0,] %cl_2_53[9.6,] %cl_2_56[9.9,] 	 SYMBOL:	 ARGS:%cl_2_53,%cl_2_56,
		 11: 
		 12: COPY TYPE_StringLiteral "touch-icon-iphone-retina.png" def_%cl_2_58 
		 13: COPY TYPE_StringLiteral "apple-touch-icon" def_%cl_2_59 
		 14: COPY TYPE_StringLiteral "120x120" def_%cl_2_60 
		 15: HASH-rel-sizes- def_%cl_2_61 %cl_2_59[9.13,] %cl_2_60[9.14,] 
		 16: %self->favicon_link_tag def_%cl_2_62 %self[9.4,9.10,2.0,] %cl_2_58[9.12,] %cl_2_61[9.15,] 	 SYMBOL:	 ARGS:%cl_2_58,%cl_2_61,
		 17: 
		 18: COPY TYPE_StringLiteral "touch-icon-ipad-retina.png" def_%cl_2_63 
		 19: COPY TYPE_StringLiteral "apple-touch-icon" def_%cl_2_64 
		 20: COPY TYPE_StringLiteral "152x152" def_%cl_2_65 
		 21: HASH-rel-sizes- def_%cl_2_66 %cl_2_64[9.19,] %cl_2_65[9.20,] 
		 22: %self->favicon_link_tag def_%cl_2_67 %self[9.4,9.10,9.16,2.0,] %cl_2_63[9.18,] %cl_2_66[9.21,] 	 SYMBOL:	 ARGS:%cl_2_63,%cl_2_66,
		 23: 
		 24: COPY TYPE_StringLiteral "logo.svg" def_%cl_2_68 
		 25: %self->image_path def_%cl_2_69 %self[9.4,9.10,9.16,9.22,2.0,] %cl_2_68[9.24,] 	 SYMBOL:	 ARGS:%cl_2_68,
		 26: 
		 27: COPY TYPE_StringLiteral "msapplication-tile.png" def_%cl_2_70 
		 28: %self->image_path def_%cl_2_71 %self[9.4,9.10,9.16,9.22,9.25,2.0,] %cl_2_70[9.27,] 	 SYMBOL:	 ARGS:%cl_2_70,
		 29: 
		 30: def_%cl_2_72 %cl_2_0[2.1,] 
		 31: 
		 32: def_%cl_2_73 %cl_2_0[2.1,] 
		 33: 
		 34: COPY TYPE_StringLiteral "layouts/header/default" def_%cl_2_74 
		 35: %self->header_title def_%cl_2_75 %self[9.4,9.10,9.16,9.22,9.25,9.28,2.0,] 	 SYMBOL:	 ARGS:
		 36: HASH-title- def_%cl_2_76 %cl_2_75[9.35,] 
		 37: %self->render def_%cl_2_77 %self[9.4,9.10,9.16,9.22,9.25,9.28,9.35,2.0,] %cl_2_74[9.34,] %cl_2_76[9.36,] 	 SYMBOL:	 ARGS:%cl_2_74,%cl_2_76,
		 38: 
		 39: COPY TYPE_StringLiteral "layouts/page" def_%cl_2_78 
		 40: %self->sidebar def_%cl_2_79 %self[9.4,9.10,9.16,9.22,9.25,9.28,9.35,9.37,2.0,] 	 SYMBOL:	 ARGS:
		 41: %self->nav def_%cl_2_80 %self[9.4,9.10,9.16,9.22,9.25,9.28,9.35,9.37,9.40,2.0,] 	 SYMBOL:	 ARGS:
		 42: HASH-sidebar-nav- def_%cl_2_81 %cl_2_79[9.40,] %cl_2_80[9.41,] 
		 43: %self->render def_%cl_2_82 %self[9.4,9.10,9.16,9.22,9.25,9.28,9.35,9.37,9.40,9.41,2.0,] %cl_2_78[9.39,] %cl_2_81[9.42,] 	 SYMBOL:	 ARGS:%cl_2_78,%cl_2_81,
		 44: 
		 45: def_%cl_2_83 %cl_2_0[2.1,] 
		 46: 
		 47: %self->search_path def_%cl_2_84 %self[9.4,9.10,9.16,9.22,9.25,9.28,9.35,9.37,9.40,9.41,9.43,2.0,] 	 SYMBOL:	 ARGS:
		 48: COPY TYPE_StringLiteral "Search" def_%cl_2_85 
		 49: COPY TYPE_StringLiteral "tooltip" def_%cl_2_86 
		 50: COPY TYPE_StringLiteral "bottom" def_%cl_2_87 
		 51: COPY TYPE_StringLiteral "body" def_%cl_2_88 
		 52: HASH-toggle-placement-container- def_%cl_2_89 %cl_2_86[9.49,] %cl_2_87[9.50,] %cl_2_88[9.51,] 
		 53: HASH-title-data- def_%cl_2_90 %cl_2_85[9.48,] %cl_2_89[9.52,] 
		 54: %self->link_to def_%cl_2_91 %self[9.4,9.10,9.16,9.22,9.25,9.28,9.35,9.37,9.40,9.41,9.43,9.47,2.0,] %cl_2_84[9.47,] %cl_2_90[9.53,] %self[9.4,9.10,9.16,9.22,9.25,9.28,9.35,9.37,9.40,9.41,9.43,9.47,2.0,] 	 SYMBOL:	 ARGS:%cl_2_84,%cl_2_90,%self,
CLOSURE BEGIN: %self[9.4,9.10,9.16,9.22,9.25,9.28,9.35,9.37,9.40,9.41,9.43,9.47,2.0,] 
BB 1
	outgoing: 6 2 
	datadep: 
	instructions:
BB 2
	outgoing: 3 
	datadep: 
	instructions:
		 0: def_%self 
		 1: def_%cl_3_0 
		 2: COPY TYPE_CurrentScope def_%current_scope 
		 3: COPY TYPE_ScopeModule def_%current_module 
BB 3
	outgoing: 4 6 
	datadep: 
	instructions:
		 0: 
		 1: COPY TYPE_StringLiteral "search" def_%cl_3_3 
		 2: %self->icon def_%cl_3_4 %self[2.0,] %cl_3_3[3.1,] 	 SYMBOL:	 ARGS:%cl_3_3,
		 3: RETURN %cl_3_4[3.2,] %self[3.2,2.0,] 
BB 4
	outgoing: 6 
	datadep: 
	instructions:
		 0: def_%cl_3_5 
		 1: def_%cl_3_6 %cl_3_5[4.0,] 
		 2: RETURN %cl_3_6[4.1,] %self[2.0,] 
BB 6
	outgoing: 
	datadep: 
	instructions:
CLOSURE END: 
		 55: 
		 56: %self->current_user def_%cl_2_92 %self[9.4,9.10,9.16,9.22,9.25,9.28,9.35,9.37,9.40,9.41,9.43,9.47,9.54,2.0,] 	 SYMBOL:	 ARGS:
		 57: BRANCH %cl_2_92[9.56,] 
BB 10
	outgoing: 11 12 68 
	datadep: 
	instructions:
		 0: 
		 1: %self->session def_%cl_2_93 %self[2.0,] 	 SYMBOL:	 ARGS:
		 2: %cl_2_93->[] def_%cl_2_94 %cl_2_93[10.1,] 	 SYMBOL:impersonator_id,	 ARGS:Symbol,
		 3: BRANCH %cl_2_94[10.2,] 
BB 11
	outgoing: 13 68 
	datadep: 
	instructions:
		 0: 
		 1: %self->admin_impersonation_path def_%cl_2_95 %self[2.0,] 	 SYMBOL:	 ARGS:
		 2: COPY TYPE_StringLiteral "Stop Impersonation" def_%cl_2_96 
		 3: COPY TYPE_StringLiteral "tooltip" def_%cl_2_97 
		 4: COPY TYPE_StringLiteral "bottom" def_%cl_2_98 
		 5: COPY TYPE_StringLiteral "body" def_%cl_2_99 
		 6: HASH-toggle-placement-container- def_%cl_2_100 %cl_2_97[11.3,] %cl_2_98[11.4,] %cl_2_99[11.5,] 
		 7: HASH-method-title-data- def_%cl_2_101 %cl_2_96[11.2,] %cl_2_100[11.6,] 
		 8: %self->link_to def_%cl_2_102 %self[11.1,2.0,] %cl_2_95[11.1,] %cl_2_101[11.7,] %self[11.1,2.0,] 	 SYMBOL:	 ARGS:%cl_2_95,%cl_2_101,%self,
CLOSURE BEGIN: %self[11.1,2.0,] 
BB 1
	outgoing: 6 2 
	datadep: 
	instructions:
BB 2
	outgoing: 3 
	datadep: 
	instructions:
		 0: def_%self 
		 1: def_%cl_4_0 
		 2: COPY TYPE_CurrentScope def_%current_scope 
		 3: COPY TYPE_ScopeModule def_%current_module 
BB 3
	outgoing: 4 6 
	datadep: 
	instructions:
		 0: 
		 1: COPY TYPE_StringLiteral "user-secret fw" def_%cl_4_3 
		 2: %self->icon def_%cl_4_4 %self[2.0,] %cl_4_3[3.1,] 	 SYMBOL:	 ARGS:%cl_4_3,
		 3: RETURN %cl_4_4[3.2,] %self[3.2,2.0,] 
BB 4
	outgoing: 6 
	datadep: 
	instructions:
		 0: def_%cl_4_5 
		 1: def_%cl_4_6 %cl_4_5[4.0,] 
		 2: RETURN %cl_4_6[4.1,] %self[2.0,] 
BB 6
	outgoing: 
	datadep: 
	instructions:
CLOSURE END: 
		 9: 
BB 12
	outgoing: 13 
	datadep: 
	instructions:
		 0: COPY TYPE_Nil def_%cl_2_102 
BB 13
	outgoing: 14 15 68 
	datadep: 
	instructions:
		 0: 
		 1: %self->current_user def_%cl_2_103 %self[2.0,] 	 SYMBOL:	 ARGS:
		 2: %cl_2_103->is_admin? def_%cl_2_104 %cl_2_103[13.1,] 	 SYMBOL:	 ARGS:
		 3: BRANCH %cl_2_104[13.2,] 
BB 14
	outgoing: 16 68 
	datadep: 
	instructions:
		 0: 
		 1: %self->admin_root_path def_%cl_2_105 %self[2.0,] 	 SYMBOL:	 ARGS:
		 2: COPY TYPE_StringLiteral "Admin Area" def_%cl_2_106 
		 3: COPY TYPE_StringLiteral "tooltip" def_%cl_2_107 
		 4: COPY TYPE_StringLiteral "bottom" def_%cl_2_108 
		 5: COPY TYPE_StringLiteral "body" def_%cl_2_109 
		 6: HASH-toggle-placement-container- def_%cl_2_110 %cl_2_107[14.3,] %cl_2_108[14.4,] %cl_2_109[14.5,] 
		 7: HASH-title-data- def_%cl_2_111 %cl_2_106[14.2,] %cl_2_110[14.6,] 
		 8: %self->link_to def_%cl_2_112 %self[14.1,2.0,] %cl_2_105[14.1,] %cl_2_111[14.7,] %self[14.1,2.0,] 	 SYMBOL:	 ARGS:%cl_2_105,%cl_2_111,%self,
CLOSURE BEGIN: %self[14.1,2.0,] 
BB 1
	outgoing: 6 2 
	datadep: 
	instructions:
BB 2
	outgoing: 3 
	datadep: 
	instructions:
		 0: def_%self 
		 1: def_%cl_5_0 
		 2: COPY TYPE_CurrentScope def_%current_scope 
		 3: COPY TYPE_ScopeModule def_%current_module 
BB 3
	outgoing: 4 6 
	datadep: 
	instructions:
		 0: 
		 1: COPY TYPE_StringLiteral "wrench fw" def_%cl_5_3 
		 2: %self->icon def_%cl_5_4 %self[2.0,] %cl_5_3[3.1,] 	 SYMBOL:	 ARGS:%cl_5_3,
		 3: RETURN %cl_5_4[3.2,] %self[3.2,2.0,] 
BB 4
	outgoing: 6 
	datadep: 
	instructions:
		 0: def_%cl_5_5 
		 1: def_%cl_5_6 %cl_5_5[4.0,] 
		 2: RETURN %cl_5_6[4.1,] %self[2.0,] 
BB 6
	outgoing: 
	datadep: 
	instructions:
CLOSURE END: 
		 9: 
BB 15
	outgoing: 16 
	datadep: 
	instructions:
		 0: COPY TYPE_Nil def_%cl_2_112 
BB 16
	outgoing: 17 18 68 
	datadep: 
	instructions:
		 0: 
		 1: %self->dashboard_todos_path def_%cl_2_113 %self[2.0,] 	 SYMBOL:	 ARGS:
		 2: COPY TYPE_StringLiteral "Todos" def_%cl_2_114 
		 3: COPY TYPE_StringLiteral "tooltip" def_%cl_2_115 
		 4: COPY TYPE_StringLiteral "bottom" def_%cl_2_116 
		 5: COPY TYPE_StringLiteral "body" def_%cl_2_117 
		 6: HASH-toggle-placement-container- def_%cl_2_118 %cl_2_115[16.3,] %cl_2_116[16.4,] %cl_2_117[16.5,] 
		 7: HASH-title-data- def_%cl_2_119 %cl_2_114[16.2,] %cl_2_118[16.6,] 
		 8: %self->link_to def_%cl_2_120 %self[16.1,2.0,] %cl_2_113[16.1,] %cl_2_119[16.7,] %self[16.1,2.0,] 	 SYMBOL:	 ARGS:%cl_2_113,%cl_2_119,%self,
CLOSURE BEGIN: %self[16.1,2.0,] 
BB 1
	outgoing: 9 2 
	datadep: 
	instructions:
BB 2
	outgoing: 3 
	datadep: 
	instructions:
		 0: def_%self 
		 1: def_%cl_6_0 
		 2: COPY TYPE_CurrentScope def_%current_scope 
		 3: COPY TYPE_ScopeModule def_%current_module 
BB 3
	outgoing: 4 5 7 
	datadep: 
	instructions:
		 0: 
		 1: COPY TYPE_StringLiteral "bell fw" def_%cl_6_3 
		 2: %self->icon def_%cl_6_4 %self[2.0,] %cl_6_3[3.1,] 	 SYMBOL:	 ARGS:%cl_6_3,
		 3: 
		 4: %self->todos_pending_count def_%cl_6_5 %self[3.2,2.0,] 	 SYMBOL:	 ARGS:
		 5: %cl_6_5->== def_%cl_6_6 %cl_6_5[3.4,] 	 SYMBOL:	 ARGS:Fixnum,
		 6: BRANCH %cl_6_6[3.5,] 
BB 4
	outgoing: 9 
	datadep: 
	instructions:
		 0: COPY TYPE_Nil def_%cl_6_7 
		 1: RETURN %cl_6_7[4.0,] %self[2.0,] 
BB 5
	outgoing: 7 9 
	datadep: 
	instructions:
		 0: 
		 1: %self->todos_pending_count def_%cl_6_8 %self[2.0,] 	 SYMBOL:	 ARGS:
		 2: RETURN %cl_6_8[5.1,] %self[5.1,2.0,] 
BB 7
	outgoing: 9 
	datadep: 
	instructions:
		 0: def_%cl_6_9 
		 1: def_%cl_6_10 %cl_6_9[7.0,] 
		 2: RETURN %cl_6_10[7.1,] %self[2.0,] 
BB 9
	outgoing: 
	datadep: 
	instructions:
CLOSURE END: 
		 9: 
		 10: %self->current_user def_%cl_2_121 %self[16.1,16.8,2.0,] 	 SYMBOL:	 ARGS:
		 11: %cl_2_121->can_create_project? def_%cl_2_122 %cl_2_121[16.10,] 	 SYMBOL:	 ARGS:
		 12: BRANCH %cl_2_122[16.11,] 
BB 17
	outgoing: 19 68 
	datadep: 
	instructions:
		 0: 
		 1: %self->new_project_path def_%cl_2_123 %self[2.0,] 	 SYMBOL:	 ARGS:
		 2: COPY TYPE_StringLiteral "New project" def_%cl_2_124 
		 3: COPY TYPE_StringLiteral "tooltip" def_%cl_2_125 
		 4: COPY TYPE_StringLiteral "bottom" def_%cl_2_126 
		 5: COPY TYPE_StringLiteral "body" def_%cl_2_127 
		 6: HASH-toggle-placement-container- def_%cl_2_128 %cl_2_125[17.3,] %cl_2_126[17.4,] %cl_2_127[17.5,] 
		 7: HASH-title-data- def_%cl_2_129 %cl_2_124[17.2,] %cl_2_128[17.6,] 
		 8: %self->link_to def_%cl_2_130 %self[17.1,2.0,] %cl_2_123[17.1,] %cl_2_129[17.7,] %self[17.1,2.0,] 	 SYMBOL:	 ARGS:%cl_2_123,%cl_2_129,%self,
CLOSURE BEGIN: %self[17.1,2.0,] 
BB 1
	outgoing: 6 2 
	datadep: 
	instructions:
BB 2
	outgoing: 3 
	datadep: 
	instructions:
		 0: def_%self 
		 1: def_%cl_7_0 
		 2: COPY TYPE_CurrentScope def_%current_scope 
		 3: COPY TYPE_ScopeModule def_%current_module 
BB 3
	outgoing: 4 6 
	datadep: 
	instructions:
		 0: 
		 1: COPY TYPE_StringLiteral "plus fw" def_%cl_7_3 
		 2: %self->icon def_%cl_7_4 %self[2.0,] %cl_7_3[3.1,] 	 SYMBOL:	 ARGS:%cl_7_3,
		 3: RETURN %cl_7_4[3.2,] %self[3.2,2.0,] 
BB 4
	outgoing: 6 
	datadep: 
	instructions:
		 0: def_%cl_7_5 
		 1: def_%cl_7_6 %cl_7_5[4.0,] 
		 2: RETURN %cl_7_6[4.1,] %self[2.0,] 
BB 6
	outgoing: 
	datadep: 
	instructions:
CLOSURE END: 
		 9: 
BB 18
	outgoing: 19 
	datadep: 
	instructions:
		 0: COPY TYPE_Nil def_%cl_2_130 
BB 19
	outgoing: 20 21 68 
	datadep: 
	instructions:
		 0: 
		 1: (Gitlab) def_%cl_2_131 
		 2: (inherit Sherlock) def_%cl_2_132 %cl_2_131[19.1,] 
		 3: %cl_2_132[19.2,] 
BB 20
	outgoing: 21 68 
	datadep: 
	instructions:
		 0: %cl_2_131->const_missing def_%cl_2_132 %cl_2_131[19.1,] 	 SYMBOL:Sherlock,	 ARGS:Symbol,
BB 21
	outgoing: 22 23 68 
	datadep: 
	instructions:
		 0: %cl_2_132->enabled? def_%cl_2_133 %cl_2_132[20.0,19.2,] 	 SYMBOL:	 ARGS:
		 1: BRANCH %cl_2_133[21.0,] 
BB 22
	outgoing: 24 68 
	datadep: 
	instructions:
		 0: 
		 1: %self->sherlock_transactions_path def_%cl_2_134 %self[2.0,] 	 SYMBOL:	 ARGS:
		 2: COPY TYPE_StringLiteral "Sherlock Transactions" def_%cl_2_135 
		 3: COPY TYPE_StringLiteral "tooltip" def_%cl_2_136 
		 4: COPY TYPE_StringLiteral "bottom" def_%cl_2_137 
		 5: COPY TYPE_StringLiteral "body" def_%cl_2_138 
		 6: HASH-toggle-placement-container- def_%cl_2_139 %cl_2_136[22.3,] %cl_2_137[22.4,] %cl_2_138[22.5,] 
		 7: HASH-title-data- def_%cl_2_140 %cl_2_135[22.2,] %cl_2_139[22.6,] 
		 8: %self->link_to def_%cl_2_141 %self[22.1,2.0,] %cl_2_134[22.1,] %cl_2_140[22.7,] %self[22.1,2.0,] 	 SYMBOL:	 ARGS:%cl_2_134,%cl_2_140,%self,
CLOSURE BEGIN: %self[22.1,2.0,] 
BB 1
	outgoing: 6 2 
	datadep: 
	instructions:
BB 2
	outgoing: 3 
	datadep: 
	instructions:
		 0: def_%self 
		 1: def_%cl_8_0 
		 2: COPY TYPE_CurrentScope def_%current_scope 
		 3: COPY TYPE_ScopeModule def_%current_module 
BB 3
	outgoing: 4 6 
	datadep: 
	instructions:
		 0: 
		 1: COPY TYPE_StringLiteral "tachometer fw" def_%cl_8_3 
		 2: %self->icon def_%cl_8_4 %self[2.0,] %cl_8_3[3.1,] 	 SYMBOL:	 ARGS:%cl_8_3,
		 3: RETURN %cl_8_4[3.2,] %self[3.2,2.0,] 
BB 4
	outgoing: 6 
	datadep: 
	instructions:
		 0: def_%cl_8_5 
		 1: def_%cl_8_6 %cl_8_5[4.0,] 
		 2: RETURN %cl_8_6[4.1,] %self[2.0,] 
BB 6
	outgoing: 
	datadep: 
	instructions:
CLOSURE END: 
		 9: 
BB 23
	outgoing: 24 
	datadep: 
	instructions:
		 0: COPY TYPE_Nil def_%cl_2_141 
BB 24
	outgoing: 26 68 
	datadep: 
	instructions:
		 0: 
		 1: %self->destroy_user_session_path def_%cl_2_142 %self[2.0,] 	 SYMBOL:	 ARGS:
		 2: COPY TYPE_StringLiteral "logout" def_%cl_2_143 
		 3: COPY TYPE_StringLiteral "Sign out" def_%cl_2_144 
		 4: COPY TYPE_StringLiteral "tooltip" def_%cl_2_145 
		 5: COPY TYPE_StringLiteral "bottom" def_%cl_2_146 
		 6: COPY TYPE_StringLiteral "body" def_%cl_2_147 
		 7: HASH-toggle-placement-container- def_%cl_2_148 %cl_2_145[24.4,] %cl_2_146[24.5,] %cl_2_147[24.6,] 
		 8: HASH-class-method-title-data- def_%cl_2_149 %cl_2_143[24.2,] %cl_2_144[24.3,] %cl_2_148[24.7,] 
		 9: %self->link_to def_%cl_2_150 %self[24.1,2.0,] %cl_2_142[24.1,] %cl_2_149[24.8,] %self[24.1,2.0,] 	 SYMBOL:	 ARGS:%cl_2_142,%cl_2_149,%self,
CLOSURE BEGIN: %self[24.1,2.0,] 
BB 1
	outgoing: 6 2 
	datadep: 
	instructions:
BB 2
	outgoing: 3 
	datadep: 
	instructions:
		 0: def_%self 
		 1: def_%cl_9_0 
		 2: COPY TYPE_CurrentScope def_%current_scope 
		 3: COPY TYPE_ScopeModule def_%current_module 
BB 3
	outgoing: 4 6 
	datadep: 
	instructions:
		 0: 
		 1: COPY TYPE_StringLiteral "sign-out" def_%cl_9_3 
		 2: %self->icon def_%cl_9_4 %self[2.0,] %cl_9_3[3.1,] 	 SYMBOL:	 ARGS:%cl_9_3,
		 3: RETURN %cl_9_4[3.2,] %self[3.2,2.0,] 
BB 4
	outgoing: 6 
	datadep: 
	instructions:
		 0: def_%cl_9_5 
		 1: def_%cl_9_6 %cl_9_5[4.0,] 
		 2: RETURN %cl_9_6[4.1,] %self[2.0,] 
BB 6
	outgoing: 
	datadep: 
	instructions:
CLOSURE END: 
		 10: 
BB 25
	outgoing: 26 68 
	datadep: 
	instructions:
		 0: 
		 1: COPY TYPE_StringLiteral "Sign in" def_%cl_2_151 
		 2: COPY TYPE_StringLiteral "yes" def_%cl_2_152 
		 3: HASH-redirect_to_referer- def_%cl_2_153 %cl_2_152[25.2,] 
		 4: %self->new_session_path def_%cl_2_154 %self[2.0,] %cl_2_153[25.3,] 	 SYMBOL:user,	 ARGS:Symbol,%cl_2_153,
		 5: COPY TYPE_StringLiteral "btn btn-sign-in btn-success" def_%cl_2_155 
		 6: HASH-class- def_%cl_2_156 %cl_2_155[25.5,] 
		 7: %self->link_to def_%cl_2_157 %self[25.4,2.0,] %cl_2_151[25.1,] %cl_2_154[25.4,] %cl_2_156[25.6,] 	 SYMBOL:	 ARGS:%cl_2_151,%cl_2_154,%cl_2_156,
		 8: COPY TYPE_PASS def_%cl_2_150 %cl_2_157[25.7,] 
BB 26
	outgoing: 27 28 68 
	datadep: 
	instructions:
		 0: 
		 1: %self->title def_%cl_2_158 %self[2.0,] 	 SYMBOL:	 ARGS:
		 2: 
		 3: def_%cl_2_159 %cl_2_0[2.1,] 
		 4: 
		 5: %self->outdated_browser? def_%cl_2_160 %self[26.1,2.0,] 	 SYMBOL:	 ARGS:
		 6: BRANCH %cl_2_160[26.5,] 
BB 27
	outgoing: 29 68 
	datadep: 
	instructions:
		 0: 
		 1: COPY TYPE_StringLiteral "https://gitlab.com/gitlab-org/gitlab-ce/blob/master/doc/install/requirements.md#supported-web-browsers" def_%cl_2_161 
		 2: COPY TYPE_PASS def_link %cl_2_161[27.1,] 
		 3: 
		 4: COPY TYPE_StringLiteral "supported web browser" def_%cl_2_162 
		 5: %self->link_to def_%cl_2_163 %self[2.0,] %cl_2_162[27.4,] %cl_2_161[27.1,] 	 SYMBOL:	 ARGS:%cl_2_162,link,
		 6: 
BB 28
	outgoing: 29 
	datadep: 
	instructions:
		 0: COPY TYPE_Nil def_%cl_2_163 
BB 29
	outgoing: 30 31 
	datadep: 
	instructions:
		 0: 
		 1: GETFIELD %self->project def_%cl_2_164 %self[2.0,] 
		 2: BRANCH %cl_2_164[29.1,] 
BB 30
	outgoing: 31 68 
	datadep: 
	instructions:
		 0: GETFIELD %self->project def_%cl_2_165 %self[2.0,] 
		 1: %cl_2_165->empty_repo? def_%cl_2_166 %cl_2_165[30.0,] 	 SYMBOL:	 ARGS:
		 2: %cl_2_166->! def_%cl_2_167 %cl_2_166[30.1,] 	 SYMBOL:	 ARGS:
		 3: COPY TYPE_PASS def_%cl_2_164 %cl_2_167[30.2,] 
BB 31
	outgoing: 32 38 
	datadep: 
	instructions:
		 0: BRANCH %cl_2_164[30.3,29.1,] 
BB 32
	outgoing: 33 34 
	datadep: 
	instructions:
		 0: 
		 1: GETFIELD %self->ref def_%cl_2_168 %self[2.0,] 
		 2: BRANCH %cl_2_168[32.1,] 
BB 33
	outgoing: 34 68 
	datadep: 
	instructions:
		 0: GETFIELD %self->project def_%cl_2_169 %self[2.0,] 
		 1: %cl_2_169->repository def_%cl_2_170 %cl_2_169[33.0,] 	 SYMBOL:	 ARGS:
		 2: %cl_2_170->root_ref def_%cl_2_171 %cl_2_170[33.1,] 	 SYMBOL:	 ARGS:
		 3: COPY TYPE_PASS def_%cl_2_168 %cl_2_171[33.2,] 
BB 34
	outgoing: 35 36 
	datadep: 
	instructions:
		 0: COPY TYPE_PASS def_ref %cl_2_168[33.3,32.1,] 
		 1: BRANCH %cl_2_168[33.3,32.1,] 
BB 35
	outgoing: 37 
	datadep: 
	instructions:
		 0: COPY TYPE_Nil def_%cl_2_172 
		 1: 
BB 36
	outgoing: 37 
	datadep: 
	instructions:
		 0: COPY TYPE_Nil def_%cl_2_172 
BB 37
	outgoing: 39 
	datadep: 
	instructions:
		 0: COPY TYPE_Nil def_%cl_2_173 
		 1: 
BB 38
	outgoing: 39 
	datadep: 
	instructions:
		 0: COPY TYPE_Nil def_%cl_2_173 
BB 39
	outgoing: 40 41 68 
	datadep: 
	instructions:
		 0: 
		 1: %self->broadcast_message def_%cl_2_174 %self[2.0,] 	 SYMBOL:	 ARGS:
		 2: 
		 3: %self->nav_sidebar_class def_%cl_2_175 %self[39.1,2.0,] 	 SYMBOL:	 ARGS:
		 4: 
		 5: %self->brand_header_logo def_%cl_2_176 %self[39.1,39.3,2.0,] 	 SYMBOL:	 ARGS:
		 6: 
		 7: %self->root_path def_%cl_2_177 %self[39.1,39.3,39.5,2.0,] 	 SYMBOL:	 ARGS:
		 8: COPY TYPE_StringLiteral "gitlab-text-container-link" def_%cl_2_178 
		 9: COPY TYPE_StringLiteral "Dashboard" def_%cl_2_179 
		 10: COPY TYPE_StringLiteral "js-shortcuts-home" def_%cl_2_180 
		 11: HASH-class-title-id- def_%cl_2_181 %cl_2_178[39.8,] %cl_2_179[39.9,] %cl_2_180[39.10,] 
		 12: %self->link_to def_%cl_2_182 %self[39.1,39.3,39.5,39.7,2.0,] %cl_2_177[39.7,] %cl_2_181[39.11,] %self[39.1,39.3,39.5,39.7,2.0,] 	 SYMBOL:	 ARGS:%cl_2_177,%cl_2_181,%self,
CLOSURE BEGIN: 
BB 1
	outgoing: 6 2 
	datadep: 
	instructions:
BB 2
	outgoing: 6 
	datadep: 
	instructions:
		 0: def_%self 
		 1: def_%cl_10_0 
		 2: COPY TYPE_CurrentScope def_%current_scope 
		 3: COPY TYPE_ScopeModule def_%current_module 
		 4: RETURN %self[2.0,] 
BB 6
	outgoing: 
	datadep: 
	instructions:
CLOSURE END: 
		 13: 
		 14: def_%cl_2_183 %self[39.1,39.3,39.5,39.7,39.12,2.0,] 
		 15: BRANCH %cl_2_183[39.14,] 
BB 40
	outgoing: 41 68 
	datadep: 
	instructions:
		 0: %self->sidebar def_%cl_2_184 %self[2.0,] 	 SYMBOL:	 ARGS:
		 1: COPY TYPE_PASS def_%cl_2_183 %cl_2_184[40.0,] 
BB 41
	outgoing: 42 43 
	datadep: 
	instructions:
		 0: BRANCH %cl_2_183[40.1,39.14,] 
BB 42
	outgoing: 47 68 
	datadep: 
	instructions:
		 0: 
		 1: COPY TYPE_StringLiteral "layouts/nav/" def_%cl_2_185 
		 2: %self->render def_%cl_2_186 %self[2.0,] %cl_2_185[42.1,] 	 SYMBOL:	 ARGS:%cl_2_185,
		 3: 
BB 43
	outgoing: 44 45 68 
	datadep: 
	instructions:
		 0: 
		 1: %self->current_user def_%cl_2_187 %self[2.0,] 	 SYMBOL:	 ARGS:
		 2: BRANCH %cl_2_187[43.1,] 
BB 44
	outgoing: 46 68 
	datadep: 
	instructions:
		 0: 
		 1: COPY TYPE_StringLiteral "root#index" def_%cl_2_188 
		 2: COPY TYPE_StringLiteral "projects#trending" def_%cl_2_189 
		 3: COPY TYPE_StringLiteral "projects#starred" def_%cl_2_190 
		 4: COPY TYPE_StringLiteral "dashboard/projects#index" def_%cl_2_191 
		 5: COPY TYPE_Array def_%cl_2_192 %cl_2_188[44.1,] %cl_2_189[44.2,] %cl_2_190[44.3,] %cl_2_191[44.4,] 
		 6: COPY TYPE_StringLiteral "home" def_%cl_2_193 
		 7: HASH-class- def_%cl_2_194 %cl_2_193[44.6,] 
		 8: HASH-path-html_options- def_%cl_2_195 %cl_2_192[44.5,] %cl_2_194[44.7,] 
		 9: %self->nav_link def_%cl_2_196 %self[2.0,] %cl_2_195[44.8,] %self[2.0,] 	 SYMBOL:	 ARGS:%cl_2_195,%self,
CLOSURE BEGIN: %self[2.0,] 
BB 1
	outgoing: 6 2 
	datadep: 
	instructions:
BB 2
	outgoing: 3 
	datadep: 
	instructions:
		 0: def_%self 
		 1: def_%cl_11_0 
		 2: COPY TYPE_CurrentScope def_%current_scope 
		 3: COPY TYPE_ScopeModule def_%current_module 
BB 3
	outgoing: 4 6 
	datadep: 
	instructions:
		 0: 
		 1: %self->dashboard_projects_path def_%cl_11_3 %self[2.0,] 	 SYMBOL:	 ARGS:
		 2: COPY TYPE_StringLiteral "Projects" def_%cl_11_4 
		 3: HASH-title- def_%cl_11_5 %cl_11_4[3.2,] 
		 4: %self->link_to def_%cl_11_6 %self[3.1,2.0,] %cl_11_3[3.1,] %cl_11_5[3.3,] %self[3.1,2.0,] 	 SYMBOL:	 ARGS:%cl_11_3,%cl_11_5,%self,
CLOSURE BEGIN: %self[3.1,2.0,] 
BB 1
	outgoing: 6 2 
	datadep: 
	instructions:
BB 2
	outgoing: 3 
	datadep: 
	instructions:
		 0: def_%self 
		 1: def_%cl_12_0 
		 2: COPY TYPE_CurrentScope def_%current_scope 
		 3: COPY TYPE_ScopeModule def_%current_module 
BB 3
	outgoing: 4 6 
	datadep: 
	instructions:
		 0: 
		 1: COPY TYPE_StringLiteral "bookmark fw" def_%cl_12_3 
		 2: %self->icon def_%cl_12_4 %self[2.0,] %cl_12_3[3.1,] 	 SYMBOL:	 ARGS:%cl_12_3,
		 3: RETURN %cl_12_4[3.2,] %self[3.2,2.0,] 
BB 4
	outgoing: 6 
	datadep: 
	instructions:
		 0: def_%cl_12_5 
		 1: def_%cl_12_6 %cl_12_5[4.0,] 
		 2: RETURN %cl_12_6[4.1,] %self[2.0,] 
BB 6
	outgoing: 
	datadep: 
	instructions:
CLOSURE END: 
		 5: RETURN %cl_11_6[3.4,] %self[3.1,3.4,2.0,] 
BB 4
	outgoing: 6 
	datadep: 
	instructions:
		 0: def_%cl_11_7 
		 1: def_%cl_11_8 %cl_11_7[4.0,] 
		 2: RETURN %cl_11_8[4.1,] %self[2.0,] 
BB 6
	outgoing: 
	datadep: 
	instructions:
CLOSURE END: 
		 10: 
		 11: HASH-controller- def_%cl_2_197 
		 12: %self->nav_link def_%cl_2_198 %self[44.9,2.0,] %cl_2_197[44.11,] %self[44.9,2.0,] 	 SYMBOL:	 ARGS:%cl_2_197,%self,
CLOSURE BEGIN: %self[44.9,2.0,] 
BB 1
	outgoing: 6 2 
	datadep: 
	instructions:
BB 2
	outgoing: 3 
	datadep: 
	instructions:
		 0: def_%self 
		 1: def_%cl_13_0 
		 2: COPY TYPE_CurrentScope def_%current_scope 
		 3: COPY TYPE_ScopeModule def_%current_module 
BB 3
	outgoing: 4 6 
	datadep: 
	instructions:
		 0: 
		 1: %self->dashboard_todos_path def_%cl_13_3 %self[2.0,] 	 SYMBOL:	 ARGS:
		 2: COPY TYPE_StringLiteral "Todos" def_%cl_13_4 
		 3: HASH-title- def_%cl_13_5 %cl_13_4[3.2,] 
		 4: %self->link_to def_%cl_13_6 %self[3.1,2.0,] %cl_13_3[3.1,] %cl_13_5[3.3,] %self[3.1,2.0,] 	 SYMBOL:	 ARGS:%cl_13_3,%cl_13_5,%self,
CLOSURE BEGIN: %self[3.1,2.0,] 
BB 1
	outgoing: 6 2 
	datadep: 
	instructions:
BB 2
	outgoing: 3 
	datadep: 
	instructions:
		 0: def_%self 
		 1: def_%cl_14_0 
		 2: COPY TYPE_CurrentScope def_%current_scope 
		 3: COPY TYPE_ScopeModule def_%current_module 
BB 3
	outgoing: 4 6 
	datadep: 
	instructions:
		 0: 
		 1: COPY TYPE_StringLiteral "bell fw" def_%cl_14_3 
		 2: %self->icon def_%cl_14_4 %self[2.0,] %cl_14_3[3.1,] 	 SYMBOL:	 ARGS:%cl_14_3,
		 3: 
		 4: %self->todos_pending_count def_%cl_14_5 %self[3.2,2.0,] 	 SYMBOL:	 ARGS:
		 5: %self->number_with_delimiter def_%cl_14_6 %self[3.2,3.4,2.0,] %cl_14_5[3.4,] 	 SYMBOL:	 ARGS:%cl_14_5,
		 6: RETURN %cl_14_6[3.5,] %self[3.2,3.4,3.5,2.0,] 
BB 4
	outgoing: 6 
	datadep: 
	instructions:
		 0: def_%cl_14_7 
		 1: def_%cl_14_8 %cl_14_7[4.0,] 
		 2: RETURN %cl_14_8[4.1,] %self[2.0,] 
BB 6
	outgoing: 
	datadep: 
	instructions:
CLOSURE END: 
		 5: RETURN %cl_13_6[3.4,] %self[3.1,3.4,2.0,] 
BB 4
	outgoing: 6 
	datadep: 
	instructions:
		 0: def_%cl_13_7 
		 1: def_%cl_13_8 %cl_13_7[4.0,] 
		 2: RETURN %cl_13_8[4.1,] %self[2.0,] 
BB 6
	outgoing: 
	datadep: 
	instructions:
CLOSURE END: 
		 13: 
		 14: COPY TYPE_StringLiteral "dashboard#activity" def_%cl_2_199 
		 15: HASH-path- def_%cl_2_200 %cl_2_199[44.14,] 
		 16: %self->nav_link def_%cl_2_201 %self[44.9,44.12,2.0,] %cl_2_200[44.15,] %self[44.9,44.12,2.0,] 	 SYMBOL:	 ARGS:%cl_2_200,%self,
CLOSURE BEGIN: %self[44.9,44.12,2.0,] 
BB 1
	outgoing: 6 2 
	datadep: 
	instructions:
BB 2
	outgoing: 3 
	datadep: 
	instructions:
		 0: def_%self 
		 1: def_%cl_15_0 
		 2: COPY TYPE_CurrentScope def_%current_scope 
		 3: COPY TYPE_ScopeModule def_%current_module 
BB 3
	outgoing: 4 6 
	datadep: 
	instructions:
		 0: 
		 1: %self->activity_dashboard_path def_%cl_15_3 %self[2.0,] 	 SYMBOL:	 ARGS:
		 2: COPY TYPE_StringLiteral "shortcuts-activity" def_%cl_15_4 
		 3: COPY TYPE_StringLiteral "Activity" def_%cl_15_5 
		 4: HASH-class-title- def_%cl_15_6 %cl_15_4[3.2,] %cl_15_5[3.3,] 
		 5: %self->link_to def_%cl_15_7 %self[3.1,2.0,] %cl_15_3[3.1,] %cl_15_6[3.4,] %self[3.1,2.0,] 	 SYMBOL:	 ARGS:%cl_15_3,%cl_15_6,%self,
CLOSURE BEGIN: %self[3.1,2.0,] 
BB 1
	outgoing: 6 2 
	datadep: 
	instructions:
BB 2
	outgoing: 3 
	datadep: 
	instructions:
		 0: def_%self 
		 1: def_%cl_16_0 
		 2: COPY TYPE_CurrentScope def_%current_scope 
		 3: COPY TYPE_ScopeModule def_%current_module 
BB 3
	outgoing: 4 6 
	datadep: 
	instructions:
		 0: 
		 1: COPY TYPE_StringLiteral "dashboard fw" def_%cl_16_3 
		 2: %self->icon def_%cl_16_4 %self[2.0,] %cl_16_3[3.1,] 	 SYMBOL:	 ARGS:%cl_16_3,
		 3: RETURN %cl_16_4[3.2,] %self[3.2,2.0,] 
BB 4
	outgoing: 6 
	datadep: 
	instructions:
		 0: def_%cl_16_5 
		 1: def_%cl_16_6 %cl_16_5[4.0,] 
		 2: RETURN %cl_16_6[4.1,] %self[2.0,] 
BB 6
	outgoing: 
	datadep: 
	instructions:
CLOSURE END: 
		 6: RETURN %cl_15_7[3.5,] %self[3.1,3.5,2.0,] 
BB 4
	outgoing: 6 
	datadep: 
	instructions:
		 0: def_%cl_15_8 
		 1: def_%cl_15_9 %cl_15_8[4.0,] 
		 2: RETURN %cl_15_9[4.1,] %self[2.0,] 
BB 6
	outgoing: 
	datadep: 
	instructions:
CLOSURE END: 
		 17: 
		 18: COPY TYPE_StringLiteral "groups/milestones" def_%cl_2_202 
		 19: COPY TYPE_StringLiteral "groups/group_members" def_%cl_2_203 
		 20: COPY TYPE_Array def_%cl_2_204 %cl_2_202[44.18,] %cl_2_203[44.19,] 
		 21: HASH-controller- def_%cl_2_205 %cl_2_204[44.20,] 
		 22: %self->nav_link def_%cl_2_206 %self[44.9,44.12,44.16,2.0,] %cl_2_205[44.21,] %self[44.9,44.12,44.16,2.0,] 	 SYMBOL:	 ARGS:%cl_2_205,%self,
CLOSURE BEGIN: %self[44.9,44.12,44.16,2.0,] 
BB 1
	outgoing: 6 2 
	datadep: 
	instructions:
BB 2
	outgoing: 3 
	datadep: 
	instructions:
		 0: def_%self 
		 1: def_%cl_17_0 
		 2: COPY TYPE_CurrentScope def_%current_scope 
		 3: COPY TYPE_ScopeModule def_%current_module 
BB 3
	outgoing: 4 6 
	datadep: 
	instructions:
		 0: 
		 1: %self->dashboard_groups_path def_%cl_17_3 %self[2.0,] 	 SYMBOL:	 ARGS:
		 2: COPY TYPE_StringLiteral "Groups" def_%cl_17_4 
		 3: HASH-title- def_%cl_17_5 %cl_17_4[3.2,] 
		 4: %self->link_to def_%cl_17_6 %self[3.1,2.0,] %cl_17_3[3.1,] %cl_17_5[3.3,] %self[3.1,2.0,] 	 SYMBOL:	 ARGS:%cl_17_3,%cl_17_5,%self,
CLOSURE BEGIN: %self[3.1,2.0,] 
BB 1
	outgoing: 6 2 
	datadep: 
	instructions:
BB 2
	outgoing: 3 
	datadep: 
	instructions:
		 0: def_%self 
		 1: def_%cl_18_0 
		 2: COPY TYPE_CurrentScope def_%current_scope 
		 3: COPY TYPE_ScopeModule def_%current_module 
BB 3
	outgoing: 4 6 
	datadep: 
	instructions:
		 0: 
		 1: COPY TYPE_StringLiteral "group fw" def_%cl_18_3 
		 2: %self->icon def_%cl_18_4 %self[2.0,] %cl_18_3[3.1,] 	 SYMBOL:	 ARGS:%cl_18_3,
		 3: RETURN %cl_18_4[3.2,] %self[3.2,2.0,] 
BB 4
	outgoing: 6 
	datadep: 
	instructions:
		 0: def_%cl_18_5 
		 1: def_%cl_18_6 %cl_18_5[4.0,] 
		 2: RETURN %cl_18_6[4.1,] %self[2.0,] 
BB 6
	outgoing: 
	datadep: 
	instructions:
CLOSURE END: 
		 5: RETURN %cl_17_6[3.4,] %self[3.1,3.4,2.0,] 
BB 4
	outgoing: 6 
	datadep: 
	instructions:
		 0: def_%cl_17_7 
		 1: def_%cl_17_8 %cl_17_7[4.0,] 
		 2: RETURN %cl_17_8[4.1,] %self[2.0,] 
BB 6
	outgoing: 
	datadep: 
	instructions:
CLOSURE END: 
		 23: 
		 24: COPY TYPE_StringLiteral "dashboard/milestones" def_%cl_2_207 
		 25: HASH-controller- def_%cl_2_208 %cl_2_207[44.24,] 
		 26: %self->nav_link def_%cl_2_209 %self[44.9,44.12,44.16,44.22,2.0,] %cl_2_208[44.25,] %self[44.9,44.12,44.16,44.22,2.0,] 	 SYMBOL:	 ARGS:%cl_2_208,%self,
CLOSURE BEGIN: %self[44.9,44.12,44.16,44.22,2.0,] 
BB 1
	outgoing: 6 2 
	datadep: 
	instructions:
BB 2
	outgoing: 3 
	datadep: 
	instructions:
		 0: def_%self 
		 1: def_%cl_19_0 
		 2: COPY TYPE_CurrentScope def_%current_scope 
		 3: COPY TYPE_ScopeModule def_%current_module 
BB 3
	outgoing: 4 6 
	datadep: 
	instructions:
		 0: 
		 1: %self->dashboard_milestones_path def_%cl_19_3 %self[2.0,] 	 SYMBOL:	 ARGS:
		 2: COPY TYPE_StringLiteral "Milestones" def_%cl_19_4 
		 3: HASH-title- def_%cl_19_5 %cl_19_4[3.2,] 
		 4: %self->link_to def_%cl_19_6 %self[3.1,2.0,] %cl_19_3[3.1,] %cl_19_5[3.3,] %self[3.1,2.0,] 	 SYMBOL:	 ARGS:%cl_19_3,%cl_19_5,%self,
CLOSURE BEGIN: %self[3.1,2.0,] 
BB 1
	outgoing: 6 2 
	datadep: 
	instructions:
BB 2
	outgoing: 3 
	datadep: 
	instructions:
		 0: def_%self 
		 1: def_%cl_20_0 
		 2: COPY TYPE_CurrentScope def_%current_scope 
		 3: COPY TYPE_ScopeModule def_%current_module 
BB 3
	outgoing: 4 6 
	datadep: 
	instructions:
		 0: 
		 1: COPY TYPE_StringLiteral "clock-o fw" def_%cl_20_3 
		 2: %self->icon def_%cl_20_4 %self[2.0,] %cl_20_3[3.1,] 	 SYMBOL:	 ARGS:%cl_20_3,
		 3: RETURN %cl_20_4[3.2,] %self[3.2,2.0,] 
BB 4
	outgoing: 6 
	datadep: 
	instructions:
		 0: def_%cl_20_5 
		 1: def_%cl_20_6 %cl_20_5[4.0,] 
		 2: RETURN %cl_20_6[4.1,] %self[2.0,] 
BB 6
	outgoing: 
	datadep: 
	instructions:
CLOSURE END: 
		 5: RETURN %cl_19_6[3.4,] %self[3.1,3.4,2.0,] 
BB 4
	outgoing: 6 
	datadep: 
	instructions:
		 0: def_%cl_19_7 
		 1: def_%cl_19_8 %cl_19_7[4.0,] 
		 2: RETURN %cl_19_8[4.1,] %self[2.0,] 
BB 6
	outgoing: 
	datadep: 
	instructions:
CLOSURE END: 
		 27: 
		 28: COPY TYPE_StringLiteral "dashboard#issues" def_%cl_2_210 
		 29: HASH-path- def_%cl_2_211 %cl_2_210[44.28,] 
		 30: %self->nav_link def_%cl_2_212 %self[44.9,44.12,44.16,44.22,44.26,2.0,] %cl_2_211[44.29,] %self[44.9,44.12,44.16,44.22,44.26,2.0,] 	 SYMBOL:	 ARGS:%cl_2_211,%self,
CLOSURE BEGIN: %self[44.9,44.12,44.16,44.22,44.26,2.0,] 
BB 1
	outgoing: 6 2 
	datadep: 
	instructions:
BB 2
	outgoing: 3 
	datadep: 
	instructions:
		 0: def_%self 
		 1: def_%cl_21_0 
		 2: COPY TYPE_CurrentScope def_%current_scope 
		 3: COPY TYPE_ScopeModule def_%current_module 
BB 3
	outgoing: 4 6 
	datadep: 
	instructions:
		 0: 
		 1: %self->assigned_issues_dashboard_path def_%cl_21_3 %self[2.0,] 	 SYMBOL:	 ARGS:
		 2: COPY TYPE_StringLiteral "Issues" def_%cl_21_4 
		 3: COPY TYPE_StringLiteral "shortcuts-issues" def_%cl_21_5 
		 4: HASH-title-class- def_%cl_21_6 %cl_21_4[3.2,] %cl_21_5[3.3,] 
		 5: %self->link_to def_%cl_21_7 %self[3.1,2.0,] %cl_21_3[3.1,] %cl_21_6[3.4,] %self[3.1,2.0,] 	 SYMBOL:	 ARGS:%cl_21_3,%cl_21_6,%self,
CLOSURE BEGIN: %self[3.1,2.0,] 
BB 1
	outgoing: 6 2 
	datadep: 
	instructions:
BB 2
	outgoing: 3 
	datadep: 
	instructions:
		 0: def_%self 
		 1: def_%cl_22_0 
		 2: COPY TYPE_CurrentScope def_%current_scope 
		 3: COPY TYPE_ScopeModule def_%current_module 
BB 3
	outgoing: 4 6 
	datadep: 
	instructions:
		 0: 
		 1: COPY TYPE_StringLiteral "exclamation-circle fw" def_%cl_22_3 
		 2: %self->icon def_%cl_22_4 %self[2.0,] %cl_22_3[3.1,] 	 SYMBOL:	 ARGS:%cl_22_3,
		 3: 
		 4: %self->current_user def_%cl_22_5 %self[3.2,2.0,] 	 SYMBOL:	 ARGS:
		 5: %cl_22_5->assigned_issues def_%cl_22_6 %cl_22_5[3.4,] 	 SYMBOL:	 ARGS:
		 6: %cl_22_6->opened def_%cl_22_7 %cl_22_6[3.5,] 	 SYMBOL:	 ARGS:
		 7: %cl_22_7->count def_%cl_22_8 %cl_22_7[3.6,] 	 SYMBOL:	 ARGS:
		 8: %self->number_with_delimiter def_%cl_22_9 %self[3.2,3.4,2.0,] %cl_22_8[3.7,] 	 SYMBOL:	 ARGS:%cl_22_8,
		 9: RETURN %cl_22_9[3.8,] %self[3.2,3.4,3.8,2.0,] 
BB 4
	outgoing: 6 
	datadep: 
	instructions:
		 0: def_%cl_22_10 
		 1: def_%cl_22_11 %cl_22_10[4.0,] 
		 2: RETURN %cl_22_11[4.1,] %self[2.0,] 
BB 6
	outgoing: 
	datadep: 
	instructions:
CLOSURE END: 
		 6: RETURN %cl_21_7[3.5,] %self[3.1,3.5,2.0,] 
BB 4
	outgoing: 6 
	datadep: 
	instructions:
		 0: def_%cl_21_8 
		 1: def_%cl_21_9 %cl_21_8[4.0,] 
		 2: RETURN %cl_21_9[4.1,] %self[2.0,] 
BB 6
	outgoing: 
	datadep: 
	instructions:
CLOSURE END: 
		 31: 
		 32: COPY TYPE_StringLiteral "dashboard#merge_requests" def_%cl_2_213 
		 33: HASH-path- def_%cl_2_214 %cl_2_213[44.32,] 
		 34: %self->nav_link def_%cl_2_215 %self[44.9,44.12,44.16,44.22,44.26,44.30,2.0,] %cl_2_214[44.33,] %self[44.9,44.12,44.16,44.22,44.26,44.30,2.0,] 	 SYMBOL:	 ARGS:%cl_2_214,%self,
CLOSURE BEGIN: %self[44.9,44.12,44.16,44.22,44.26,44.30,2.0,] 
BB 1
	outgoing: 6 2 
	datadep: 
	instructions:
BB 2
	outgoing: 3 
	datadep: 
	instructions:
		 0: def_%self 
		 1: def_%cl_23_0 
		 2: COPY TYPE_CurrentScope def_%current_scope 
		 3: COPY TYPE_ScopeModule def_%current_module 
BB 3
	outgoing: 4 6 
	datadep: 
	instructions:
		 0: 
		 1: %self->assigned_mrs_dashboard_path def_%cl_23_3 %self[2.0,] 	 SYMBOL:	 ARGS:
		 2: COPY TYPE_StringLiteral "Merge Requests" def_%cl_23_4 
		 3: COPY TYPE_StringLiteral "shortcuts-merge_requests" def_%cl_23_5 
		 4: HASH-title-class- def_%cl_23_6 %cl_23_4[3.2,] %cl_23_5[3.3,] 
		 5: %self->link_to def_%cl_23_7 %self[3.1,2.0,] %cl_23_3[3.1,] %cl_23_6[3.4,] %self[3.1,2.0,] 	 SYMBOL:	 ARGS:%cl_23_3,%cl_23_6,%self,
CLOSURE BEGIN: %self[3.1,2.0,] 
BB 1
	outgoing: 6 2 
	datadep: 
	instructions:
BB 2
	outgoing: 3 
	datadep: 
	instructions:
		 0: def_%self 
		 1: def_%cl_24_0 
		 2: COPY TYPE_CurrentScope def_%current_scope 
		 3: COPY TYPE_ScopeModule def_%current_module 
BB 3
	outgoing: 4 6 
	datadep: 
	instructions:
		 0: 
		 1: COPY TYPE_StringLiteral "tasks fw" def_%cl_24_3 
		 2: %self->icon def_%cl_24_4 %self[2.0,] %cl_24_3[3.1,] 	 SYMBOL:	 ARGS:%cl_24_3,
		 3: 
		 4: %self->current_user def_%cl_24_5 %self[3.2,2.0,] 	 SYMBOL:	 ARGS:
		 5: %cl_24_5->assigned_merge_requests def_%cl_24_6 %cl_24_5[3.4,] 	 SYMBOL:	 ARGS:
		 6: %cl_24_6->opened def_%cl_24_7 %cl_24_6[3.5,] 	 SYMBOL:	 ARGS:
		 7: %cl_24_7->count def_%cl_24_8 %cl_24_7[3.6,] 	 SYMBOL:	 ARGS:
		 8: %self->number_with_delimiter def_%cl_24_9 %self[3.2,3.4,2.0,] %cl_24_8[3.7,] 	 SYMBOL:	 ARGS:%cl_24_8,
		 9: RETURN %cl_24_9[3.8,] %self[3.2,3.4,3.8,2.0,] 
BB 4
	outgoing: 6 
	datadep: 
	instructions:
		 0: def_%cl_24_10 
		 1: def_%cl_24_11 %cl_24_10[4.0,] 
		 2: RETURN %cl_24_11[4.1,] %self[2.0,] 
BB 6
	outgoing: 
	datadep: 
	instructions:
CLOSURE END: 
		 6: RETURN %cl_23_7[3.5,] %self[3.1,3.5,2.0,] 
BB 4
	outgoing: 6 
	datadep: 
	instructions:
		 0: def_%cl_23_8 
		 1: def_%cl_23_9 %cl_23_8[4.0,] 
		 2: RETURN %cl_23_9[4.1,] %self[2.0,] 
BB 6
	outgoing: 
	datadep: 
	instructions:
CLOSURE END: 
		 35: 
		 36: HASH-controller- def_%cl_2_216 
		 37: %self->nav_link def_%cl_2_217 %self[44.9,44.12,44.16,44.22,44.26,44.30,44.34,2.0,] %cl_2_216[44.36,] %self[44.9,44.12,44.16,44.22,44.26,44.30,44.34,2.0,] 	 SYMBOL:	 ARGS:%cl_2_216,%self,
CLOSURE BEGIN: %self[44.9,44.12,44.16,44.22,44.26,44.30,44.34,2.0,] 
BB 1
	outgoing: 6 2 
	datadep: 
	instructions:
BB 2
	outgoing: 3 
	datadep: 
	instructions:
		 0: def_%self 
		 1: def_%cl_25_0 
		 2: COPY TYPE_CurrentScope def_%current_scope 
		 3: COPY TYPE_ScopeModule def_%current_module 
BB 3
	outgoing: 4 6 
	datadep: 
	instructions:
		 0: 
		 1: %self->dashboard_snippets_path def_%cl_25_3 %self[2.0,] 	 SYMBOL:	 ARGS:
		 2: COPY TYPE_StringLiteral "Snippets" def_%cl_25_4 
		 3: HASH-title- def_%cl_25_5 %cl_25_4[3.2,] 
		 4: %self->link_to def_%cl_25_6 %self[3.1,2.0,] %cl_25_3[3.1,] %cl_25_5[3.3,] %self[3.1,2.0,] 	 SYMBOL:	 ARGS:%cl_25_3,%cl_25_5,%self,
CLOSURE BEGIN: %self[3.1,2.0,] 
BB 1
	outgoing: 6 2 
	datadep: 
	instructions:
BB 2
	outgoing: 3 
	datadep: 
	instructions:
		 0: def_%self 
		 1: def_%cl_26_0 
		 2: COPY TYPE_CurrentScope def_%current_scope 
		 3: COPY TYPE_ScopeModule def_%current_module 
BB 3
	outgoing: 4 6 
	datadep: 
	instructions:
		 0: 
		 1: COPY TYPE_StringLiteral "clipboard fw" def_%cl_26_3 
		 2: %self->icon def_%cl_26_4 %self[2.0,] %cl_26_3[3.1,] 	 SYMBOL:	 ARGS:%cl_26_3,
		 3: RETURN %cl_26_4[3.2,] %self[3.2,2.0,] 
BB 4
	outgoing: 6 
	datadep: 
	instructions:
		 0: def_%cl_26_5 
		 1: def_%cl_26_6 %cl_26_5[4.0,] 
		 2: RETURN %cl_26_6[4.1,] %self[2.0,] 
BB 6
	outgoing: 
	datadep: 
	instructions:
CLOSURE END: 
		 5: RETURN %cl_25_6[3.4,] %self[3.1,3.4,2.0,] 
BB 4
	outgoing: 6 
	datadep: 
	instructions:
		 0: def_%cl_25_7 
		 1: def_%cl_25_8 %cl_25_7[4.0,] 
		 2: RETURN %cl_25_8[4.1,] %self[2.0,] 
BB 6
	outgoing: 
	datadep: 
	instructions:
CLOSURE END: 
		 38: 
		 39: HASH-controller- def_%cl_2_218 
		 40: %self->nav_link def_%cl_2_219 %self[44.9,44.12,44.16,44.22,44.26,44.30,44.34,44.37,2.0,] %cl_2_218[44.39,] %self[44.9,44.12,44.16,44.22,44.26,44.30,44.34,44.37,2.0,] 	 SYMBOL:	 ARGS:%cl_2_218,%self,
CLOSURE BEGIN: %self[44.9,44.12,44.16,44.22,44.26,44.30,44.34,44.37,2.0,] 
BB 1
	outgoing: 6 2 
	datadep: 
	instructions:
BB 2
	outgoing: 3 
	datadep: 
	instructions:
		 0: def_%self 
		 1: def_%cl_27_0 
		 2: COPY TYPE_CurrentScope def_%current_scope 
		 3: COPY TYPE_ScopeModule def_%current_module 
BB 3
	outgoing: 4 6 
	datadep: 
	instructions:
		 0: 
		 1: %self->help_path def_%cl_27_3 %self[2.0,] 	 SYMBOL:	 ARGS:
		 2: COPY TYPE_StringLiteral "Help" def_%cl_27_4 
		 3: HASH-title- def_%cl_27_5 %cl_27_4[3.2,] 
		 4: %self->link_to def_%cl_27_6 %self[3.1,2.0,] %cl_27_3[3.1,] %cl_27_5[3.3,] %self[3.1,2.0,] 	 SYMBOL:	 ARGS:%cl_27_3,%cl_27_5,%self,
CLOSURE BEGIN: %self[3.1,2.0,] 
BB 1
	outgoing: 6 2 
	datadep: 
	instructions:
BB 2
	outgoing: 3 
	datadep: 
	instructions:
		 0: def_%self 
		 1: def_%cl_28_0 
		 2: COPY TYPE_CurrentScope def_%current_scope 
		 3: COPY TYPE_ScopeModule def_%current_module 
BB 3
	outgoing: 4 6 
	datadep: 
	instructions:
		 0: 
		 1: COPY TYPE_StringLiteral "question-circle fw" def_%cl_28_3 
		 2: %self->icon def_%cl_28_4 %self[2.0,] %cl_28_3[3.1,] 	 SYMBOL:	 ARGS:%cl_28_3,
		 3: RETURN %cl_28_4[3.2,] %self[3.2,2.0,] 
BB 4
	outgoing: 6 
	datadep: 
	instructions:
		 0: def_%cl_28_5 
		 1: def_%cl_28_6 %cl_28_5[4.0,] 
		 2: RETURN %cl_28_6[4.1,] %self[2.0,] 
BB 6
	outgoing: 
	datadep: 
	instructions:
CLOSURE END: 
		 5: RETURN %cl_27_6[3.4,] %self[3.1,3.4,2.0,] 
BB 4
	outgoing: 6 
	datadep: 
	instructions:
		 0: def_%cl_27_7 
		 1: def_%cl_27_8 %cl_27_7[4.0,] 
		 2: RETURN %cl_27_8[4.1,] %self[2.0,] 
BB 6
	outgoing: 
	datadep: 
	instructions:
CLOSURE END: 
		 41: 
		 42: %self->profile_tab_class def_%cl_2_220 %self[44.9,44.12,44.16,44.22,44.26,44.30,44.34,44.37,44.40,2.0,] 	 SYMBOL:	 ARGS:
		 43: HASH-class- def_%cl_2_221 %cl_2_220[44.42,] 
		 44: HASH-html_options- def_%cl_2_222 %cl_2_221[44.43,] 
		 45: %self->nav_link def_%cl_2_223 %self[44.9,44.12,44.16,44.22,44.26,44.30,44.34,44.37,44.40,44.42,2.0,] %cl_2_222[44.44,] %self[44.9,44.12,44.16,44.22,44.26,44.30,44.34,44.37,44.40,44.42,2.0,] 	 SYMBOL:	 ARGS:%cl_2_222,%self,
CLOSURE BEGIN: %self[44.9,44.12,44.16,44.22,44.26,44.30,44.34,44.37,44.40,44.42,2.0,] 
BB 1
	outgoing: 6 2 
	datadep: 
	instructions:
BB 2
	outgoing: 3 
	datadep: 
	instructions:
		 0: def_%self 
		 1: def_%cl_29_0 
		 2: COPY TYPE_CurrentScope def_%current_scope 
		 3: COPY TYPE_ScopeModule def_%current_module 
BB 3
	outgoing: 4 6 
	datadep: 
	instructions:
		 0: 
		 1: %self->profile_path def_%cl_29_3 %self[2.0,] 	 SYMBOL:	 ARGS:
		 2: COPY TYPE_StringLiteral "Profile Settings" def_%cl_29_4 
		 3: COPY TYPE_StringLiteral "bottom" def_%cl_29_5 
		 4: HASH-placement- def_%cl_29_6 %cl_29_5[3.3,] 
		 5: HASH-title-data- def_%cl_29_7 %cl_29_4[3.2,] %cl_29_6[3.4,] 
		 6: %self->link_to def_%cl_29_8 %self[3.1,2.0,] %cl_29_3[3.1,] %cl_29_7[3.5,] %self[3.1,2.0,] 	 SYMBOL:	 ARGS:%cl_29_3,%cl_29_7,%self,
CLOSURE BEGIN: %self[3.1,2.0,] 
BB 1
	outgoing: 6 2 
	datadep: 
	instructions:
BB 2
	outgoing: 3 
	datadep: 
	instructions:
		 0: def_%self 
		 1: def_%cl_30_0 
		 2: COPY TYPE_CurrentScope def_%current_scope 
		 3: COPY TYPE_ScopeModule def_%current_module 
BB 3
	outgoing: 4 6 
	datadep: 
	instructions:
		 0: 
		 1: COPY TYPE_StringLiteral "user fw" def_%cl_30_3 
		 2: %self->icon def_%cl_30_4 %self[2.0,] %cl_30_3[3.1,] 	 SYMBOL:	 ARGS:%cl_30_3,
		 3: RETURN %cl_30_4[3.2,] %self[3.2,2.0,] 
BB 4
	outgoing: 6 
	datadep: 
	instructions:
		 0: def_%cl_30_5 
		 1: def_%cl_30_6 %cl_30_5[4.0,] 
		 2: RETURN %cl_30_6[4.1,] %self[2.0,] 
BB 6
	outgoing: 
	datadep: 
	instructions:
CLOSURE END: 
		 7: RETURN %cl_29_8[3.6,] %self[3.1,3.6,2.0,] 
BB 4
	outgoing: 6 
	datadep: 
	instructions:
		 0: def_%cl_29_9 
		 1: def_%cl_29_10 %cl_29_9[4.0,] 
		 2: RETURN %cl_29_10[4.1,] %self[2.0,] 
BB 6
	outgoing: 
	datadep: 
	instructions:
CLOSURE END: 
		 46: 
BB 45
	outgoing: 46 68 
	datadep: 
	instructions:
		 0: 
		 1: COPY TYPE_StringLiteral "dashboard#show" def_%cl_2_224 
		 2: COPY TYPE_StringLiteral "root#show" def_%cl_2_225 
		 3: COPY TYPE_StringLiteral "projects#trending" def_%cl_2_226 
		 4: COPY TYPE_StringLiteral "projects#starred" def_%cl_2_227 
		 5: COPY TYPE_StringLiteral "projects#index" def_%cl_2_228 
		 6: COPY TYPE_Array def_%cl_2_229 %cl_2_224[45.1,] %cl_2_225[45.2,] %cl_2_226[45.3,] %cl_2_227[45.4,] %cl_2_228[45.5,] 
		 7: COPY TYPE_StringLiteral "home" def_%cl_2_230 
		 8: HASH-class- def_%cl_2_231 %cl_2_230[45.7,] 
		 9: HASH-path-html_options- def_%cl_2_232 %cl_2_229[45.6,] %cl_2_231[45.8,] 
		 10: %self->nav_link def_%cl_2_233 %self[2.0,] %cl_2_232[45.9,] %self[2.0,] 	 SYMBOL:	 ARGS:%cl_2_232,%self,
CLOSURE BEGIN: %self[2.0,] 
BB 1
	outgoing: 6 2 
	datadep: 
	instructions:
BB 2
	outgoing: 3 
	datadep: 
	instructions:
		 0: def_%self 
		 1: def_%cl_31_0 
		 2: COPY TYPE_CurrentScope def_%current_scope 
		 3: COPY TYPE_ScopeModule def_%current_module 
BB 3
	outgoing: 4 6 
	datadep: 
	instructions:
		 0: 
		 1: %self->explore_root_path def_%cl_31_3 %self[2.0,] 	 SYMBOL:	 ARGS:
		 2: COPY TYPE_StringLiteral "Projects" def_%cl_31_4 
		 3: HASH-title- def_%cl_31_5 %cl_31_4[3.2,] 
		 4: %self->link_to def_%cl_31_6 %self[3.1,2.0,] %cl_31_3[3.1,] %cl_31_5[3.3,] %self[3.1,2.0,] 	 SYMBOL:	 ARGS:%cl_31_3,%cl_31_5,%self,
CLOSURE BEGIN: %self[3.1,2.0,] 
BB 1
	outgoing: 6 2 
	datadep: 
	instructions:
BB 2
	outgoing: 3 
	datadep: 
	instructions:
		 0: def_%self 
		 1: def_%cl_32_0 
		 2: COPY TYPE_CurrentScope def_%current_scope 
		 3: COPY TYPE_ScopeModule def_%current_module 
BB 3
	outgoing: 4 6 
	datadep: 
	instructions:
		 0: 
		 1: COPY TYPE_StringLiteral "bookmark fw" def_%cl_32_3 
		 2: %self->icon def_%cl_32_4 %self[2.0,] %cl_32_3[3.1,] 	 SYMBOL:	 ARGS:%cl_32_3,
		 3: RETURN %cl_32_4[3.2,] %self[3.2,2.0,] 
BB 4
	outgoing: 6 
	datadep: 
	instructions:
		 0: def_%cl_32_5 
		 1: def_%cl_32_6 %cl_32_5[4.0,] 
		 2: RETURN %cl_32_6[4.1,] %self[2.0,] 
BB 6
	outgoing: 
	datadep: 
	instructions:
CLOSURE END: 
		 5: RETURN %cl_31_6[3.4,] %self[3.1,3.4,2.0,] 
BB 4
	outgoing: 6 
	datadep: 
	instructions:
		 0: def_%cl_31_7 
		 1: def_%cl_31_8 %cl_31_7[4.0,] 
		 2: RETURN %cl_31_8[4.1,] %self[2.0,] 
BB 6
	outgoing: 
	datadep: 
	instructions:
CLOSURE END: 
		 11: 
		 12: COPY TYPE_StringLiteral "groups/milestones" def_%cl_2_234 
		 13: COPY TYPE_StringLiteral "groups/group_members" def_%cl_2_235 
		 14: COPY TYPE_Array def_%cl_2_236 %cl_2_234[45.12,] %cl_2_235[45.13,] 
		 15: HASH-controller- def_%cl_2_237 %cl_2_236[45.14,] 
		 16: %self->nav_link def_%cl_2_238 %self[45.10,2.0,] %cl_2_237[45.15,] %self[45.10,2.0,] 	 SYMBOL:	 ARGS:%cl_2_237,%self,
CLOSURE BEGIN: %self[45.10,2.0,] 
BB 1
	outgoing: 6 2 
	datadep: 
	instructions:
BB 2
	outgoing: 3 
	datadep: 
	instructions:
		 0: def_%self 
		 1: def_%cl_33_0 
		 2: COPY TYPE_CurrentScope def_%current_scope 
		 3: COPY TYPE_ScopeModule def_%current_module 
BB 3
	outgoing: 4 6 
	datadep: 
	instructions:
		 0: 
		 1: %self->explore_groups_path def_%cl_33_3 %self[2.0,] 	 SYMBOL:	 ARGS:
		 2: COPY TYPE_StringLiteral "Groups" def_%cl_33_4 
		 3: HASH-title- def_%cl_33_5 %cl_33_4[3.2,] 
		 4: %self->link_to def_%cl_33_6 %self[3.1,2.0,] %cl_33_3[3.1,] %cl_33_5[3.3,] %self[3.1,2.0,] 	 SYMBOL:	 ARGS:%cl_33_3,%cl_33_5,%self,
CLOSURE BEGIN: %self[3.1,2.0,] 
BB 1
	outgoing: 6 2 
	datadep: 
	instructions:
BB 2
	outgoing: 3 
	datadep: 
	instructions:
		 0: def_%self 
		 1: def_%cl_34_0 
		 2: COPY TYPE_CurrentScope def_%current_scope 
		 3: COPY TYPE_ScopeModule def_%current_module 
BB 3
	outgoing: 4 6 
	datadep: 
	instructions:
		 0: 
		 1: COPY TYPE_StringLiteral "group fw" def_%cl_34_3 
		 2: %self->icon def_%cl_34_4 %self[2.0,] %cl_34_3[3.1,] 	 SYMBOL:	 ARGS:%cl_34_3,
		 3: RETURN %cl_34_4[3.2,] %self[3.2,2.0,] 
BB 4
	outgoing: 6 
	datadep: 
	instructions:
		 0: def_%cl_34_5 
		 1: def_%cl_34_6 %cl_34_5[4.0,] 
		 2: RETURN %cl_34_6[4.1,] %self[2.0,] 
BB 6
	outgoing: 
	datadep: 
	instructions:
CLOSURE END: 
		 5: RETURN %cl_33_6[3.4,] %self[3.1,3.4,2.0,] 
BB 4
	outgoing: 6 
	datadep: 
	instructions:
		 0: def_%cl_33_7 
		 1: def_%cl_33_8 %cl_33_7[4.0,] 
		 2: RETURN %cl_33_8[4.1,] %self[2.0,] 
BB 6
	outgoing: 
	datadep: 
	instructions:
CLOSURE END: 
		 17: 
		 18: HASH-controller- def_%cl_2_239 
		 19: %self->nav_link def_%cl_2_240 %self[45.10,45.16,2.0,] %cl_2_239[45.18,] %self[45.10,45.16,2.0,] 	 SYMBOL:	 ARGS:%cl_2_239,%self,
CLOSURE BEGIN: %self[45.10,45.16,2.0,] 
BB 1
	outgoing: 6 2 
	datadep: 
	instructions:
BB 2
	outgoing: 3 
	datadep: 
	instructions:
		 0: def_%self 
		 1: def_%cl_35_0 
		 2: COPY TYPE_CurrentScope def_%current_scope 
		 3: COPY TYPE_ScopeModule def_%current_module 
BB 3
	outgoing: 4 6 
	datadep: 
	instructions:
		 0: 
		 1: %self->explore_snippets_path def_%cl_35_3 %self[2.0,] 	 SYMBOL:	 ARGS:
		 2: COPY TYPE_StringLiteral "Snippets" def_%cl_35_4 
		 3: HASH-title- def_%cl_35_5 %cl_35_4[3.2,] 
		 4: %self->link_to def_%cl_35_6 %self[3.1,2.0,] %cl_35_3[3.1,] %cl_35_5[3.3,] %self[3.1,2.0,] 	 SYMBOL:	 ARGS:%cl_35_3,%cl_35_5,%self,
CLOSURE BEGIN: %self[3.1,2.0,] 
BB 1
	outgoing: 6 2 
	datadep: 
	instructions:
BB 2
	outgoing: 3 
	datadep: 
	instructions:
		 0: def_%self 
		 1: def_%cl_36_0 
		 2: COPY TYPE_CurrentScope def_%current_scope 
		 3: COPY TYPE_ScopeModule def_%current_module 
BB 3
	outgoing: 4 6 
	datadep: 
	instructions:
		 0: 
		 1: COPY TYPE_StringLiteral "clipboard fw" def_%cl_36_3 
		 2: %self->icon def_%cl_36_4 %self[2.0,] %cl_36_3[3.1,] 	 SYMBOL:	 ARGS:%cl_36_3,
		 3: RETURN %cl_36_4[3.2,] %self[3.2,2.0,] 
BB 4
	outgoing: 6 
	datadep: 
	instructions:
		 0: def_%cl_36_5 
		 1: def_%cl_36_6 %cl_36_5[4.0,] 
		 2: RETURN %cl_36_6[4.1,] %self[2.0,] 
BB 6
	outgoing: 
	datadep: 
	instructions:
CLOSURE END: 
		 5: RETURN %cl_35_6[3.4,] %self[3.1,3.4,2.0,] 
BB 4
	outgoing: 6 
	datadep: 
	instructions:
		 0: def_%cl_35_7 
		 1: def_%cl_35_8 %cl_35_7[4.0,] 
		 2: RETURN %cl_35_8[4.1,] %self[2.0,] 
BB 6
	outgoing: 
	datadep: 
	instructions:
CLOSURE END: 
		 20: 
		 21: HASH-controller- def_%cl_2_241 
		 22: %self->nav_link def_%cl_2_242 %self[45.10,45.16,45.19,2.0,] %cl_2_241[45.21,] %self[45.10,45.16,45.19,2.0,] 	 SYMBOL:	 ARGS:%cl_2_241,%self,
CLOSURE BEGIN: %self[45.10,45.16,45.19,2.0,] 
BB 1
	outgoing: 6 2 
	datadep: 
	instructions:
BB 2
	outgoing: 3 
	datadep: 
	instructions:
		 0: def_%self 
		 1: def_%cl_37_0 
		 2: COPY TYPE_CurrentScope def_%current_scope 
		 3: COPY TYPE_ScopeModule def_%current_module 
BB 3
	outgoing: 4 6 
	datadep: 
	instructions:
		 0: 
		 1: %self->help_path def_%cl_37_3 %self[2.0,] 	 SYMBOL:	 ARGS:
		 2: COPY TYPE_StringLiteral "Help" def_%cl_37_4 
		 3: HASH-title- def_%cl_37_5 %cl_37_4[3.2,] 
		 4: %self->link_to def_%cl_37_6 %self[3.1,2.0,] %cl_37_3[3.1,] %cl_37_5[3.3,] %self[3.1,2.0,] 	 SYMBOL:	 ARGS:%cl_37_3,%cl_37_5,%self,
CLOSURE BEGIN: %self[3.1,2.0,] 
BB 1
	outgoing: 6 2 
	datadep: 
	instructions:
BB 2
	outgoing: 3 
	datadep: 
	instructions:
		 0: def_%self 
		 1: def_%cl_38_0 
		 2: COPY TYPE_CurrentScope def_%current_scope 
		 3: COPY TYPE_ScopeModule def_%current_module 
BB 3
	outgoing: 4 6 
	datadep: 
	instructions:
		 0: 
		 1: COPY TYPE_StringLiteral "question-circle fw" def_%cl_38_3 
		 2: %self->icon def_%cl_38_4 %self[2.0,] %cl_38_3[3.1,] 	 SYMBOL:	 ARGS:%cl_38_3,
		 3: RETURN %cl_38_4[3.2,] %self[3.2,2.0,] 
BB 4
	outgoing: 6 
	datadep: 
	instructions:
		 0: def_%cl_38_5 
		 1: def_%cl_38_6 %cl_38_5[4.0,] 
		 2: RETURN %cl_38_6[4.1,] %self[2.0,] 
BB 6
	outgoing: 
	datadep: 
	instructions:
CLOSURE END: 
		 5: RETURN %cl_37_6[3.4,] %self[3.1,3.4,2.0,] 
BB 4
	outgoing: 6 
	datadep: 
	instructions:
		 0: def_%cl_37_7 
		 1: def_%cl_37_8 %cl_37_7[4.0,] 
		 2: RETURN %cl_37_8[4.1,] %self[2.0,] 
BB 6
	outgoing: 
	datadep: 
	instructions:
CLOSURE END: 
		 23: COPY TYPE_PASS def_%cl_2_223 %cl_2_242[45.22,] 
BB 46
	outgoing: 47 
	datadep: 
	instructions:
		 0: COPY TYPE_PASS def_%cl_2_186 %cl_2_223[45.23,44.45,] 
BB 47
	outgoing: 48 49 68 
	datadep: 
	instructions:
		 0: 
		 1: %self->nav_menu_collapsed? def_%cl_2_243 %self[2.0,] 	 SYMBOL:	 ARGS:
		 2: BRANCH %cl_2_243[47.1,] 
BB 48
	outgoing: 50 68 
	datadep: 
	instructions:
		 0: 
		 1: COPY TYPE_StringLiteral "angle-right" def_%cl_2_244 
		 2: %self->icon def_%cl_2_245 %self[2.0,] %cl_2_244[48.1,] 	 SYMBOL:	 ARGS:%cl_2_244,
		 3: COPY TYPE_StringLiteral "#" def_%cl_2_246 
		 4: COPY TYPE_StringLiteral "toggle-nav-collapse" def_%cl_2_247 
		 5: COPY TYPE_StringLiteral "Open/Close" def_%cl_2_248 
		 6: HASH-class-title- def_%cl_2_249 %cl_2_247[48.4,] %cl_2_248[48.5,] 
		 7: %self->link_to def_%cl_2_250 %self[48.2,2.0,] %cl_2_245[48.2,] %cl_2_246[48.3,] %cl_2_249[48.6,] 	 SYMBOL:	 ARGS:%cl_2_245,%cl_2_246,%cl_2_249,
		 8: 
BB 49
	outgoing: 50 68 
	datadep: 
	instructions:
		 0: 
		 1: COPY TYPE_StringLiteral "angle-left" def_%cl_2_251 
		 2: %self->icon def_%cl_2_252 %self[2.0,] %cl_2_251[49.1,] 	 SYMBOL:	 ARGS:%cl_2_251,
		 3: COPY TYPE_StringLiteral "#" def_%cl_2_253 
		 4: COPY TYPE_StringLiteral "toggle-nav-collapse" def_%cl_2_254 
		 5: COPY TYPE_StringLiteral "Open/Close" def_%cl_2_255 
		 6: HASH-class-title- def_%cl_2_256 %cl_2_254[49.4,] %cl_2_255[49.5,] 
		 7: %self->link_to def_%cl_2_257 %self[49.2,2.0,] %cl_2_252[49.2,] %cl_2_253[49.3,] %cl_2_256[49.6,] 	 SYMBOL:	 ARGS:%cl_2_252,%cl_2_253,%cl_2_256,
		 8: COPY TYPE_PASS def_%cl_2_250 %cl_2_257[49.7,] 
BB 50
	outgoing: 51 52 68 
	datadep: 
	instructions:
		 0: 
		 1: %self->current_user def_%cl_2_258 %self[2.0,] 	 SYMBOL:	 ARGS:
		 2: BRANCH %cl_2_258[50.1,] 
BB 51
	outgoing: 53 68 
	datadep: 
	instructions:
		 0: 
		 1: %self->current_user def_%cl_2_259 %self[2.0,] 	 SYMBOL:	 ARGS:
		 2: COPY TYPE_StringLiteral "sidebar-user" def_%cl_2_260 
		 3: COPY TYPE_StringLiteral "Profile" def_%cl_2_261 
		 4: HASH-class-title- def_%cl_2_262 %cl_2_260[51.2,] %cl_2_261[51.3,] 
		 5: %self->link_to def_%cl_2_263 %self[51.1,2.0,] %cl_2_259[51.1,] %cl_2_262[51.4,] %self[51.1,2.0,] 	 SYMBOL:	 ARGS:%cl_2_259,%cl_2_262,%self,
CLOSURE BEGIN: %self[51.1,2.0,] 
BB 1
	outgoing: 6 2 
	datadep: 
	instructions:
BB 2
	outgoing: 3 
	datadep: 
	instructions:
		 0: def_%self 
		 1: def_%cl_39_0 
		 2: COPY TYPE_CurrentScope def_%current_scope 
		 3: COPY TYPE_ScopeModule def_%current_module 
BB 3
	outgoing: 4 6 
	datadep: 
	instructions:
		 0: 
		 1: %self->current_user def_%cl_39_3 %self[2.0,] 	 SYMBOL:	 ARGS:
		 2: %self->avatar_icon def_%cl_39_4 %self[3.1,2.0,] %cl_39_3[3.1,] 	 SYMBOL:	 ARGS:%cl_39_3,Fixnum,
		 3: COPY TYPE_StringLiteral "Profile" def_%cl_39_5 
		 4: COPY TYPE_StringLiteral "avatar avatar s36" def_%cl_39_6 
		 5: HASH-alt-class- def_%cl_39_7 %cl_39_5[3.3,] %cl_39_6[3.4,] 
		 6: %self->image_tag def_%cl_39_8 %self[3.1,3.2,2.0,] %cl_39_4[3.2,] %cl_39_7[3.5,] 	 SYMBOL:	 ARGS:%cl_39_4,%cl_39_7,
		 7: 
		 8: %self->current_user def_%cl_39_9 %self[3.1,3.2,3.6,2.0,] 	 SYMBOL:	 ARGS:
		 9: %cl_39_9->username def_%cl_39_10 %cl_39_9[3.8,] 	 SYMBOL:	 ARGS:
		 10: RETURN %cl_39_10[3.9,] %self[3.1,3.2,3.6,3.8,2.0,] 
BB 4
	outgoing: 6 
	datadep: 
	instructions:
		 0: def_%cl_39_11 
		 1: def_%cl_39_12 %cl_39_11[4.0,] 
		 2: RETURN %cl_39_12[4.1,] %self[2.0,] 
BB 6
	outgoing: 
	datadep: 
	instructions:
CLOSURE END: 
		 6: 
BB 52
	outgoing: 53 
	datadep: 
	instructions:
		 0: COPY TYPE_Nil def_%cl_2_263 
BB 53
	outgoing: 54 55 68 
	datadep: 
	instructions:
		 0: 
		 1: def_%cl_2_264 %self[2.0,] 
		 2: BRANCH %cl_2_264[53.1,] 
BB 54
	outgoing: 55 68 
	datadep: 
	instructions:
		 0: %self->nav def_%cl_2_265 %self[2.0,] 	 SYMBOL:	 ARGS:
		 1: COPY TYPE_PASS def_%cl_2_264 %cl_2_265[54.0,] 
BB 55
	outgoing: 56 57 
	datadep: 
	instructions:
		 0: BRANCH %cl_2_264[54.1,53.1,] 
BB 56
	outgoing: 58 68 
	datadep: 
	instructions:
		 0: 
		 1: COPY TYPE_StringLiteral "layouts/nav/" def_%cl_2_266 
		 2: %self->render def_%cl_2_267 %self[2.0,] %cl_2_266[56.1,] 	 SYMBOL:	 ARGS:%cl_2_266,
		 3: 
BB 57
	outgoing: 58 
	datadep: 
	instructions:
		 0: COPY TYPE_Nil def_%cl_2_267 
BB 58
	outgoing: 59 60 68 
	datadep: 
	instructions:
		 0: 
		 1: %self->alert def_%cl_2_268 %self[2.0,] 	 SYMBOL:	 ARGS:
		 2: BRANCH %cl_2_268[58.1,] 
BB 59
	outgoing: 64 68 
	datadep: 
	instructions:
		 0: 
		 1: %self->alert def_%cl_2_269 %self[2.0,] 	 SYMBOL:	 ARGS:
		 2: 
BB 60
	outgoing: 61 62 68 
	datadep: 
	instructions:
		 0: 
		 1: %self->notice def_%cl_2_270 %self[2.0,] 	 SYMBOL:	 ARGS:
		 2: BRANCH %cl_2_270[60.1,] 
BB 61
	outgoing: 63 68 
	datadep: 
	instructions:
		 0: 
		 1: %self->notice def_%cl_2_271 %self[2.0,] 	 SYMBOL:	 ARGS:
		 2: 
BB 62
	outgoing: 63 
	datadep: 
	instructions:
		 0: COPY TYPE_Nil def_%cl_2_271 
BB 63
	outgoing: 64 
	datadep: 
	instructions:
		 0: COPY TYPE_PASS def_%cl_2_269 %cl_2_271[62.0,61.1,] 
BB 64
	outgoing: 65 66 68 
	datadep: 
	instructions:
		 0: 
		 1: def_%cl_2_272 %cl_2_0[2.1,] 
		 2: 
		 3: GETFIELD %self->no_container def_%cl_2_273 %self[2.0,] 
		 4: BRANCH %cl_2_273[64.3,] 
BB 65
	outgoing: 67 
	datadep: 
	instructions:
		 0: COPY TYPE_Nil def_%cl_2_274 
		 1: 
BB 66
	outgoing: 67 68 
	datadep: 
	instructions:
		 0: %self->container_class def_%cl_2_275 %self[2.0,] 	 SYMBOL:	 ARGS:
		 1: COPY TYPE_PASS def_%cl_2_274 %cl_2_275[66.0,] 
BB 67
	outgoing: 68 70 
	datadep: 
	instructions:
		 0: 
		 1: COPY TYPE_StringLiteral "Gitorious import" def_%cl_2_276 
		 2: %self->page_title def_%cl_2_277 %self[2.0,] %cl_2_276[67.1,] 	 SYMBOL:	 ARGS:%cl_2_276,
		 3: 
		 4: COPY TYPE_StringLiteral "Projects" def_%cl_2_278 
		 5: %self->root_path def_%cl_2_279 %self[67.2,2.0,] 	 SYMBOL:	 ARGS:
		 6: %self->header_title def_%cl_2_280 %self[67.2,67.5,2.0,] %cl_2_278[67.4,] %cl_2_279[67.5,] 	 SYMBOL:	 ARGS:%cl_2_278,%cl_2_279,
		 7: 
		 8: COPY TYPE_StringLiteral "btn btn-import btn-success js-import-all" def_%cl_2_281 
		 9: HASH-class- def_%cl_2_282 %cl_2_281[67.8,] 
		 10: %self->button_tag def_%cl_2_283 %self[67.2,67.5,67.6,2.0,] %cl_2_282[67.9,] %self[67.2,67.5,67.6,2.0,] 	 SYMBOL:	 ARGS:%cl_2_282,%self,
CLOSURE BEGIN: %self[67.2,67.5,67.6,2.0,] 
BB 1
	outgoing: 6 2 
	datadep: 
	instructions:
BB 2
	outgoing: 3 
	datadep: 
	instructions:
		 0: def_%self 
		 1: def_%cl_40_0 
		 2: COPY TYPE_CurrentScope def_%current_scope 
		 3: COPY TYPE_ScopeModule def_%current_module 
BB 3
	outgoing: 4 6 
	datadep: 
	instructions:
		 0: 
		 1: COPY TYPE_StringLiteral "spinner spin" def_%cl_40_3 
		 2: COPY TYPE_StringLiteral "loading-icon" def_%cl_40_4 
		 3: HASH-class- def_%cl_40_5 %cl_40_4[3.2,] 
		 4: %self->icon def_%cl_40_6 %self[2.0,] %cl_40_3[3.1,] %cl_40_5[3.3,] 	 SYMBOL:	 ARGS:%cl_40_3,%cl_40_5,
		 5: RETURN %cl_40_6[3.4,] %self[3.4,2.0,] 
BB 4
	outgoing: 6 
	datadep: 
	instructions:
		 0: def_%cl_40_7 
		 1: def_%cl_40_8 %cl_40_7[4.0,] 
		 2: RETURN %cl_40_8[4.1,] %self[2.0,] 
BB 6
	outgoing: 
	datadep: 
	instructions:
CLOSURE END: 
		 11: 
		 12: GETFIELD %self->already_added_projects def_%cl_2_284 %self[67.2,67.5,67.6,67.10,2.0,] 
		 13: %cl_2_284->each def_%cl_2_285 %cl_2_284[67.12,] %self[67.2,67.5,67.6,67.10,2.0,] 	 SYMBOL:	 ARGS:%cl_2_284,
CLOSURE BEGIN: project[] %self[67.2,67.5,67.6,67.10,2.0,] 
BB 1
	outgoing: 12 2 
	datadep: 
	instructions:
BB 2
	outgoing: 3 
	datadep: 
	instructions:
		 0: def_%self 
		 1: def_%cl_41_0 
		 2: RECEIVEARG def_project 
		 3: COPY TYPE_CurrentScope def_%current_scope 
		 4: COPY TYPE_ScopeModule def_%current_module 
BB 3
	outgoing: 4 5 10 
	datadep: 
	instructions:
		 0: 
		 1: project->import_source def_%cl_41_3 project[2.2,] 	 SYMBOL:	 ARGS:
		 2: COPY TYPE_StringLiteral "https://gitorious.org/" def_%cl_41_4 
		 3: COPY TYPE_StringLiteral "_blank" def_%cl_41_5 
		 4: HASH-target- def_%cl_41_6 %cl_41_5[3.3,] 
		 5: %self->link_to def_%cl_41_7 %self[2.0,] %cl_41_3[3.1,] %cl_41_4[3.2,] %cl_41_6[3.4,] 	 SYMBOL:	 ARGS:%cl_41_3,%cl_41_4,%cl_41_6,
		 6: 
		 7: project->path_with_namespace def_%cl_41_8 project[3.1,2.2,] 	 SYMBOL:	 ARGS:
		 8: project->namespace def_%cl_41_9 project[3.1,3.7,2.2,] 	 SYMBOL:	 ARGS:
		 9: (Namespace) def_%cl_41_10 
		 10: %cl_41_9->becomes def_%cl_41_11 %cl_41_9[3.8,] %cl_41_10[3.9,] 	 SYMBOL:	 ARGS:%cl_41_10,
		 11: COPY TYPE_Array def_%cl_41_12 %cl_41_11[3.10,] project[3.1,3.7,3.8,2.2,] 
		 12: %self->link_to def_%cl_41_13 %self[3.5,2.0,] %cl_41_8[3.7,] %cl_41_12[3.11,] 	 SYMBOL:	 ARGS:%cl_41_8,%cl_41_12,
		 13: 
		 14: project->import_status def_%cl_41_14 project[3.1,3.7,3.8,2.2,] 	 SYMBOL:	 ARGS:
		 15: COPY TYPE_StringLiteral "finished" def_%cl_41_15 
		 16: %cl_41_14->== def_%cl_41_16 %cl_41_14[3.14,] %cl_41_15[3.15,] 	 SYMBOL:	 ARGS:%cl_41_15,
		 17: BRANCH %cl_41_16[3.16,] 
BB 4
	outgoing: 12 
	datadep: 
	instructions:
		 0: COPY TYPE_Nil def_%cl_41_17 
		 1: RETURN %cl_41_17[4.0,] %self[2.0,] 
BB 5
	outgoing: 6 7 10 
	datadep: 
	instructions:
		 0: 
		 1: project->import_status def_%cl_41_18 project[2.2,] 	 SYMBOL:	 ARGS:
		 2: COPY TYPE_StringLiteral "started" def_%cl_41_19 
		 3: %cl_41_18->== def_%cl_41_20 %cl_41_18[5.1,] %cl_41_19[5.2,] 	 SYMBOL:	 ARGS:%cl_41_19,
		 4: BRANCH %cl_41_20[5.3,] 
BB 6
	outgoing: 8 
	datadep: 
	instructions:
		 0: COPY TYPE_Nil def_%cl_41_21 
		 1: 
BB 7
	outgoing: 8 10 
	datadep: 
	instructions:
		 0: 
		 1: project->human_import_status_name def_%cl_41_22 project[2.2,] 	 SYMBOL:	 ARGS:
		 2: COPY TYPE_PASS def_%cl_41_21 %cl_41_22[7.1,] 
BB 8
	outgoing: 12 
	datadep: 
	instructions:
		 0: RETURN %cl_41_21[7.2,6.0,] %self[2.0,] 
BB 10
	outgoing: 12 
	datadep: 
	instructions:
		 0: def_%cl_41_23 
		 1: def_%cl_41_24 %cl_41_23[10.0,] 
		 2: RETURN %cl_41_24[10.1,] %self[2.0,] 
BB 12
	outgoing: 
	datadep: 
	instructions:
CLOSURE END: 
		 14: 
		 15: GETFIELD %self->repos def_%cl_2_286 %self[67.2,67.5,67.6,67.10,2.0,] 
		 16: %cl_2_286->each def_%cl_2_287 %cl_2_286[67.15,] %self[67.2,67.5,67.6,67.10,2.0,] 	 SYMBOL:	 ARGS:%cl_2_286,
CLOSURE BEGIN: repo[] %self[67.2,67.5,67.6,67.10,2.0,] 
BB 1
	outgoing: 6 2 
	datadep: 
	instructions:
BB 2
	outgoing: 3 
	datadep: 
	instructions:
		 0: def_%self 
		 1: def_%cl_42_0 
		 2: RECEIVEARG def_repo 
		 3: COPY TYPE_CurrentScope def_%current_scope 
		 4: COPY TYPE_ScopeModule def_%current_module 
BB 3
	outgoing: 4 6 
	datadep: 
	instructions:
		 0: 
		 1: repo->full_name def_%cl_42_3 repo[2.2,] 	 SYMBOL:	 ARGS:
		 2: COPY TYPE_StringLiteral "https://gitorious.org/" def_%cl_42_4 
		 3: COPY TYPE_StringLiteral "_blank" def_%cl_42_5 
		 4: HASH-target- def_%cl_42_6 %cl_42_5[3.3,] 
		 5: %self->link_to def_%cl_42_7 %self[2.0,] %cl_42_3[3.1,] %cl_42_4[3.2,] %cl_42_6[3.4,] 	 SYMBOL:	 ARGS:%cl_42_3,%cl_42_4,%cl_42_6,
		 6: 
		 7: repo->full_name def_%cl_42_8 repo[3.1,2.2,] 	 SYMBOL:	 ARGS:
		 8: 
		 9: COPY TYPE_StringLiteral "btn btn-import js-add-to-import" def_%cl_42_9 
		 10: HASH-class- def_%cl_42_10 %cl_42_9[3.9,] 
		 11: %self->button_tag def_%cl_42_11 %self[3.5,2.0,] %cl_42_10[3.10,] %self[3.5,2.0,] 	 SYMBOL:	 ARGS:%cl_42_10,%self,
CLOSURE BEGIN: %self[3.5,2.0,] 
BB 1
	outgoing: 6 2 
	datadep: 
	instructions:
BB 2
	outgoing: 3 
	datadep: 
	instructions:
		 0: def_%self 
		 1: def_%cl_43_0 
		 2: COPY TYPE_CurrentScope def_%current_scope 
		 3: COPY TYPE_ScopeModule def_%current_module 
BB 3
	outgoing: 4 6 
	datadep: 
	instructions:
		 0: 
		 1: COPY TYPE_StringLiteral "spinner spin" def_%cl_43_3 
		 2: COPY TYPE_StringLiteral "loading-icon" def_%cl_43_4 
		 3: HASH-class- def_%cl_43_5 %cl_43_4[3.2,] 
		 4: %self->icon def_%cl_43_6 %self[2.0,] %cl_43_3[3.1,] %cl_43_5[3.3,] 	 SYMBOL:	 ARGS:%cl_43_3,%cl_43_5,
		 5: RETURN %cl_43_6[3.4,] %self[3.4,2.0,] 
BB 4
	outgoing: 6 
	datadep: 
	instructions:
		 0: def_%cl_43_7 
		 1: def_%cl_43_8 %cl_43_7[4.0,] 
		 2: RETURN %cl_43_8[4.1,] %self[2.0,] 
BB 6
	outgoing: 
	datadep: 
	instructions:
CLOSURE END: 
		 12: RETURN %cl_42_11[3.11,] %self[3.5,3.11,2.0,] 
BB 4
	outgoing: 6 
	datadep: 
	instructions:
		 0: def_%cl_42_12 
		 1: def_%cl_42_13 %cl_42_12[4.0,] 
		 2: RETURN %cl_42_13[4.1,] %self[2.0,] 
BB 6
	outgoing: 
	datadep: 
	instructions:
CLOSURE END: 
		 17: 
		 18: def_%cl_2_288 %cl_2_0[2.1,] 
		 19: RETURN %cl_2_288[67.18,] %self[67.2,67.5,67.6,67.10,2.0,] 
BB 68
	outgoing: 70 
	datadep: 
	instructions:
		 0: def_%cl_2_289 
		 1: def_%cl_2_290 %cl_2_289[68.0,] 
		 2: RETURN %cl_2_290[68.1,] %self[2.0,] 
BB 70
	outgoing: 
	datadep: 
	instructions:
CLOSURE END: site_name[6.2,] ref[34.0,] link[27.2,] 
		 26: RETURN %v_15[2.25,] %self[2.0,2.6,2.8,2.10,2.15,2.24,] 
BB 3
	outgoing: 
	datadep: 
	instructions:

SET IRMethod, name = jobs instanceMethod = true
BB 1
	outgoing: 3 2 
	datadep: 
	instructions:
BB 2
	outgoing: 3 
	datadep: 
	instructions:
		 0: def_%self 
		 1: def_%v_0 
		 2: COPY TYPE_CurrentScope def_%current_scope 
		 3: COPY TYPE_ScopeModule def_%current_module 
		 4: 
		 5: 
		 6: %self->current_user def_%v_3 %self[2.0,] 	 SYMBOL:	 ARGS:
		 7: %v_3->created_projects def_%v_4 %v_3[2.6,] 	 SYMBOL:	 ARGS:
		 8: COPY TYPE_StringLiteral "gitorious" def_%v_5 
		 9: HASH-import_type- def_%v_6 %v_5[2.8,] 
		 10: %v_4->where def_%v_7 %v_4[2.7,] %v_6[2.9,] 	 SYMBOL:	 ARGS:%v_6,
		 11: COPY TYPE_Array def_%v_8 
		 12: HASH-only- def_%v_9 %v_8[2.11,] 
		 13: %v_7->to_json def_%v_10 %v_7[2.10,] %v_9[2.12,] 	 SYMBOL:	 ARGS:%v_9,
		 14: COPY TYPE_PASS def_jobs %v_10[2.13,] 
		 15: 
		 16: HASH-json- def_%v_11 %v_10[2.13,] 
		 17: %self->render def_%v_12 %self[2.0,2.6,] %v_11[2.16,] 	 SYMBOL:	 ARGS:%v_11,
		 18: RETURN %v_12[2.17,] %self[2.0,2.6,2.17,] 
BB 3
	outgoing: 
	datadep: 
	instructions:

SET IRMethod, name = create instanceMethod = true
BB 1
	outgoing: 9 2 
	datadep: 
	instructions:
BB 2
	outgoing: 3 4 
	datadep: 
	instructions:
		 0: def_%self 
		 1: def_%v_0 
		 2: COPY TYPE_CurrentScope def_%current_scope 
		 3: COPY TYPE_ScopeModule def_%current_module 
		 4: 
		 5: 
		 6: %self->params def_%v_3 %self[2.0,] 	 SYMBOL:	 ARGS:
		 7: %v_3->[] def_%v_4 %v_3[2.6,] 	 SYMBOL:repo_id,	 ARGS:Symbol,
		 8: ATTRASSIGN %self->repo_id %v_4[2.7,] 
		 9: 
		 10: %self->client def_%v_5 %self[2.0,2.6,2.8,] 	 SYMBOL:	 ARGS:
		 11: GETFIELD %self->repo_id def_%v_6 %self[2.0,2.6,2.8,2.10,] 
		 12: %v_5->repo def_%v_7 %v_5[2.10,] %v_6[2.11,] 	 SYMBOL:	 ARGS:%v_6,
		 13: COPY TYPE_PASS def_repo %v_7[2.12,] 
		 14: 
		 15: %self->params def_%v_8 %self[2.0,2.6,2.8,2.10,] 	 SYMBOL:	 ARGS:
		 16: %v_8->[] def_%v_9 %v_8[2.15,] 	 SYMBOL:new_namespace,	 ARGS:Symbol,
		 17: %v_9->presence def_%v_10 %v_9[2.16,] 	 SYMBOL:	 ARGS:
		 18: BRANCH %v_10[2.17,] 
BB 3
	outgoing: 4 
	datadep: 
	instructions:
		 0: repo->namespace def_%v_11 repo[2.13,] 	 SYMBOL:	 ARGS:
		 1: COPY TYPE_PASS def_%v_10 %v_11[3.0,] 
BB 4
	outgoing: 5 6 
	datadep: 
	instructions:
		 0: ATTRASSIGN %self->target_namespace %v_10[3.1,2.17,] 
		 1: 
		 2: repo->name def_%v_12 repo[2.13,] 	 SYMBOL:	 ARGS:
		 3: ATTRASSIGN %self->project_name %v_12[4.2,] 
		 4: 
		 5: %self->get_or_create_namespace def_%v_13 %self[4.0,4.3,2.0,2.8,] 	 SYMBOL:	 ARGS:
		 6: COPY TYPE_PASS def_namespace %v_13[4.5,] 
		 7: 
		 8: (Gitlab) def_%v_14 
		 9: (inherit GitoriousImport) def_%v_15 %v_14[4.8,] 
		 10: %v_15[4.9,] 
BB 5
	outgoing: 6 
	datadep: 
	instructions:
		 0: %v_14->const_missing def_%v_15 %v_14[4.8,] 	 SYMBOL:GitoriousImport,	 ARGS:Symbol,
BB 6
	outgoing: 7 8 
	datadep: 
	instructions:
		 0: (inherit ProjectCreator) def_%v_16 %v_15[5.0,4.9,] 
		 1: %v_16[6.0,] 
BB 7
	outgoing: 8 
	datadep: 
	instructions:
		 0: %v_15->const_missing def_%v_16 %v_15[5.0,4.9,] 	 SYMBOL:ProjectCreator,	 ARGS:Symbol,
BB 8
	outgoing: 9 
	datadep: 
	instructions:
		 0: %self->current_user def_%v_17 %self[4.0,4.3,2.0,2.8,] 	 SYMBOL:	 ARGS:
		 1: %v_16->new def_%v_18 %v_16[7.0,6.0,] repo[2.13,] namespace[4.6,] %v_17[8.0,] 	 SYMBOL:	 ARGS:repo,namespace,%v_17,
		 2: %v_18->execute def_%v_19 %v_18[8.1,] 	 SYMBOL:	 ARGS:
		 3: ATTRASSIGN %self->project %v_19[8.2,] 
		 4: RETURN %v_19[8.2,] %self[8.0,8.3,4.0,4.3,2.0,2.8,] 
BB 9
	outgoing: 
	datadep: 
	instructions:

SET IRMethod, name = client instanceMethod = true
BB 1
	outgoing: 11 2 
	datadep: 
	instructions:
BB 2
	outgoing: 3 4 
	datadep: 
	instructions:
		 0: def_%self 
		 1: def_%v_0 
		 2: COPY TYPE_CurrentScope def_%current_scope 
		 3: COPY TYPE_ScopeModule def_%current_module 
		 4: 
		 5: 
		 6: def_%v_4 %self[2.0,] 
		 7: COPY TYPE_PASS def_%v_3 %v_4[2.6,] 
		 8: %v_4[2.6,] 
BB 3
	outgoing: 4 
	datadep: 
	instructions:
		 0: GETFIELD %self->client def_%v_5 %self[2.0,] 
		 1: COPY TYPE_PASS def_%v_3 %v_5[3.0,] 
BB 4
	outgoing: 5 10 
	datadep: 
	instructions:
		 0: BRANCH %v_3[3.1,2.7,] 
BB 5
	outgoing: 6 7 
	datadep: 
	instructions:
		 0: (Gitlab) def_%v_6 
		 1: (inherit GitoriousImport) def_%v_7 %v_6[5.0,] 
		 2: %v_7[5.1,] 
BB 6
	outgoing: 7 
	datadep: 
	instructions:
		 0: %v_6->const_missing def_%v_7 %v_6[5.0,] 	 SYMBOL:GitoriousImport,	 ARGS:Symbol,
BB 7
	outgoing: 8 9 
	datadep: 
	instructions:
		 0: (inherit Client) def_%v_8 %v_7[6.0,5.1,] 
		 1: %v_8[7.0,] 
BB 8
	outgoing: 9 
	datadep: 
	instructions:
		 0: %v_7->const_missing def_%v_8 %v_7[6.0,5.1,] 	 SYMBOL:Client,	 ARGS:Symbol,
BB 9
	outgoing: 11 
	datadep: 
	instructions:
		 0: %self->session def_%v_9 %self[2.0,] 	 SYMBOL:	 ARGS:
		 1: %v_9->[] def_%v_10 %v_9[9.0,] 	 SYMBOL:gitorious_repos,	 ARGS:Symbol,
		 2: %v_8->new def_%v_11 %v_8[8.0,7.0,] %v_10[9.1,] 	 SYMBOL:	 ARGS:%v_10,
		 3: ATTRASSIGN %self->client %v_11[9.2,] 
		 4: RETURN %v_11[9.2,] %self[9.0,9.3,2.0,] 
BB 10
	outgoing: 11 
	datadep: 
	instructions:
		 0: RETURN %v_5[3.0,] %self[2.0,] 
BB 11
	outgoing: 
	datadep: 
	instructions:

SET IRMethod, name = verify_gitorious_import_enabled instanceMethod = true
BB 1
	outgoing: 6 2 
	datadep: 
	instructions:
BB 2
	outgoing: 3 4 
	datadep: 
	instructions:
		 0: def_%self 
		 1: def_%v_0 
		 2: COPY TYPE_CurrentScope def_%current_scope 
		 3: COPY TYPE_ScopeModule def_%current_module 
		 4: 
		 5: 
		 6: %self->gitorious_import_enabled? def_%v_3 %self[2.0,] 	 SYMBOL:	 ARGS:
		 7: BRANCH %v_3[2.6,] 
BB 3
	outgoing: 6 
	datadep: 
	instructions:
		 0: COPY TYPE_Nil def_%v_4 
		 1: RETURN %v_4[3.0,] %self[2.0,] 
BB 4
	outgoing: 6 
	datadep: 
	instructions:
		 0: %self->render_404 def_%v_5 %self[2.0,] 	 SYMBOL:	 ARGS:
		 1: RETURN %v_5[4.0,] %self[4.0,2.0,] 
BB 6
	outgoing: 
	datadep: 
	instructions:

