SET IRMethod, name = iwhere instanceMethod = true
BB 1
	outgoing: 5 2 
	datadep: 
	instructions:
BB 2
	outgoing: 3 4 
	datadep: 
	instructions:
		 0: def_%self 
		 1: def_%v_0 
		 2: COPY TYPE_CurrentScope def_%current_scope 
		 3: COPY TYPE_ScopeModule def_%current_module 
		 4: 
		 5: RECEIVEARG def_params 
		 6: 
		 7: COPY TYPE_PASS def_criteria %self[2.0,] 
		 8: 
		 9: (Gitlab) def_%v_3 
		 10: (inherit Database) def_%v_4 %v_3[2.9,] 
		 11: %v_4[2.10,] 
BB 3
	outgoing: 4 
	datadep: 
	instructions:
		 0: %v_3->const_missing def_%v_4 %v_3[2.9,] 	 SYMBOL:Database,	 ARGS:Symbol,
BB 4
	outgoing: 5 
	datadep: 
	instructions:
		 0: %v_4->postgresql? def_%v_5 %v_4[3.0,2.10,] 	 SYMBOL:	 ARGS:
		 1: COPY TYPE_PASS def_cast_lower %v_5[4.0,] 
		 2: 
		 3: params->each def_%v_6 params[2.5,] %self[2.0,] 	 SYMBOL:	 ARGS:params,
CLOSURE BEGIN: key[] cast_lower[4.1,] column[] value[] criteria[2.7,] condition[] 
BB 1
	outgoing: 11 2 
	datadep: 
	instructions:
BB 2
	outgoing: 3 
	datadep: 
	instructions:
		 0: def_%self 
		 1: def_%cl_1_0 
		 2: RECEIVEARG def_key 
		 3: RECEIVEARG def_value 
		 4: COPY TYPE_CurrentScope def_%current_scope 
		 5: COPY TYPE_ScopeModule def_%current_module 
BB 3
	outgoing: 4 5 9 
	datadep: 
	instructions:
		 0: 
		 1: (ActiveRecord) def_%cl_1_3 
		 2: (inherit Base) def_%cl_1_4 %cl_1_3[3.1,] 
		 3: %cl_1_4[3.2,] 
BB 4
	outgoing: 5 9 
	datadep: 
	instructions:
		 0: %cl_1_3->const_missing def_%cl_1_4 %cl_1_3[3.1,] 	 SYMBOL:Base,	 ARGS:Symbol,
BB 5
	outgoing: 6 7 9 
	datadep: 
	instructions:
		 0: %cl_1_4->connection def_%cl_1_5 %cl_1_4[4.0,3.2,] 	 SYMBOL:	 ARGS:
		 1: %cl_1_5->quote_table_name def_%cl_1_6 %cl_1_5[5.0,] key[2.2,] 	 SYMBOL:	 ARGS:key,
		 2: COPY TYPE_PASS def_column %cl_1_6[5.1,] 
		 3: 
		 4: BRANCH cast_lower[] 
BB 6
	outgoing: 8 9 
	datadep: 
	instructions:
		 0: 
		 1: COPY TYPE_StringLiteral "LOWER(" def_%cl_1_7 
		 2: COPY TYPE_StringLiteral ") = LOWER(:value)" def_%cl_1_8 
		 3: BUILDSTRING def_%cl_1_9 %cl_1_7[6.1,] column[5.2,] %cl_1_8[6.2,] 
		 4: COPY TYPE_PASS def_condition %cl_1_9[6.3,] 
		 5: 
BB 7
	outgoing: 8 9 
	datadep: 
	instructions:
		 0: 
		 1: COPY TYPE_StringLiteral " = :value" def_%cl_1_10 
		 2: BUILDSTRING def_%cl_1_11 column[5.2,] %cl_1_10[7.1,] 
		 3: COPY TYPE_PASS def_condition %cl_1_11[7.2,] 
		 4: COPY TYPE_PASS def_%cl_1_9 %cl_1_11[7.2,] 
BB 8
	outgoing: 9 11 
	datadep: 
	instructions:
		 0: 
		 1: HASH-value- def_%cl_1_12 value[2.3,] 
		 2: criteria->where def_%cl_1_13 criteria[] condition[7.3,6.4,] %cl_1_12[8.1,] 	 SYMBOL:	 ARGS:condition,%cl_1_12,
		 3: COPY TYPE_PASS def_criteria %cl_1_13[8.2,] 
		 4: RETURN %cl_1_13[8.2,] %self[2.0,] 
BB 9
	outgoing: 11 
	datadep: 
	instructions:
		 0: def_%cl_1_14 
		 1: def_%cl_1_15 %cl_1_14[9.0,] 
		 2: RETURN %cl_1_15[9.1,] %self[2.0,] 
BB 11
	outgoing: 
	datadep: 
	instructions:
CLOSURE END: condition[7.3,6.4,] criteria[8.3,] column[5.2,] value[2.3,] 
		 4: 
		 5: RETURN criteria[4.3,] %self[2.0,] 
BB 5
	outgoing: 
	datadep: 
	instructions:

