SET IRMethod, name = locals instanceMethod = true
BB 1
	outgoing: 6 2 
	datadep: 
	instructions:
BB 2
	outgoing: 3 4 
	datadep: 
	instructions:
		 0: def_%self 
		 1: def_%v_0 
		 2: COPY TYPE_CurrentScope def_%current_scope 
		 3: COPY TYPE_ScopeModule def_%current_module 
		 4: 
		 5: RECEIVEARG def_local_assigns 
		 6: RECEIVEARG def_key 
		 7: 
		 8: local_assigns->has_key? def_%v_3 local_assigns[2.5,] key[2.6,] 	 SYMBOL:	 ARGS:key,
		 9: BRANCH %v_3[2.8,] 
BB 3
	outgoing: 5 
	datadep: 
	instructions:
		 0: COPY TYPE_Nil def_%v_4 
		 1: 
BB 4
	outgoing: 5 
	datadep: 
	instructions:
		 0: COPY TYPE_StringLiteral "Local variable '" def_%v_5 
		 1: COPY TYPE_StringLiteral "' is not available." def_%v_6 
		 2: BUILDSTRING def_%v_7 %v_5[4.0,] key[2.6,] %v_6[4.1,] 
		 3: %self->raise def_%v_8 %self[2.0,] %v_7[4.2,] 	 SYMBOL:	 ARGS:%v_7,
		 4: COPY TYPE_PASS def_%v_4 %v_8[4.3,] 
BB 5
	outgoing: 6 
	datadep: 
	instructions:
		 0: 
		 1: local_assigns->[] def_%v_9 local_assigns[2.5,] key[2.6,] 	 SYMBOL:	 ARGS:key,
		 2: RETURN %v_9[5.1,] %self[2.0,] 
BB 6
	outgoing: 
	datadep: 
	instructions:

