SET IRMethod, name = find_all instanceMethod = false
BB 1
	outgoing: 3 2 
	datadep: 
	instructions:
BB 2
	outgoing: 3 
	datadep: 
	instructions:
		 0: def_%self 
		 1: def_%v_0 
		 2: COPY TYPE_CurrentScope def_%current_scope 
		 3: COPY TYPE_ScopeModule def_%current_module 
		 4: 
		 5: RECEIVEARG def_parent_path 
		 6: 
		 7: COPY TYPE_Array def_%v_3 
		 8: %v_3->tap def_%v_4 %v_3[2.7,] %self[2.0,] 	 SYMBOL:	 ARGS:%v_3,
CLOSURE BEGIN: parent_path[2.5,] %self[2.0,] path[] source[] plugins[] 
BB 1
	outgoing: 6 2 
	datadep: 
	instructions:
BB 2
	outgoing: 3 
	datadep: 
	instructions:
		 0: def_%self 
		 1: def_%cl_1_0 
		 2: RECEIVEARG def_plugins 
		 3: COPY TYPE_CurrentScope def_%current_scope 
		 4: COPY TYPE_ScopeModule def_%current_module 
BB 3
	outgoing: 4 6 
	datadep: 
	instructions:
		 0: 
		 1: (Dir) def_%cl_1_3 
		 2: COPY TYPE_StringLiteral "/**/*/**/plugin.rb" def_%cl_1_4 
		 3: BUILDSTRING def_%cl_1_5 parent_path[] %cl_1_4[3.2,] 
		 4: %cl_1_3->[] def_%cl_1_6 %cl_1_3[3.1,] %cl_1_5[3.3,] 	 SYMBOL:	 ARGS:%cl_1_5,
		 5: %cl_1_6->sort def_%cl_1_7 %cl_1_6[3.4,] 	 SYMBOL:	 ARGS:
		 6: %cl_1_7->each def_%cl_1_8 %cl_1_7[3.5,] %self[2.0,] 	 SYMBOL:	 ARGS:%cl_1_7,
CLOSURE BEGIN: path[] source[] %self[2.0,] plugins[2.2,] 
BB 1
	outgoing: 8 2 
	datadep: 
	instructions:
BB 2
	outgoing: 3 
	datadep: 
	instructions:
		 0: def_%self 
		 1: def_%cl_2_0 
		 2: RECEIVEARG def_path 
		 3: COPY TYPE_CurrentScope def_%current_scope 
		 4: COPY TYPE_ScopeModule def_%current_module 
BB 3
	outgoing: 4 5 6 
	datadep: 
	instructions:
		 0: 
		 1: (File) def_%cl_2_3 
		 2: %cl_2_3->read def_%cl_2_4 %cl_2_3[3.1,] path[2.2,] 	 SYMBOL:	 ARGS:path,
		 3: COPY TYPE_PASS def_source %cl_2_4[3.2,] 
		 4: 
		 5: (Plugin) def_%cl_2_5 
		 6: (inherit Metadata) def_%cl_2_6 %cl_2_5[3.5,] 
		 7: %cl_2_6[3.6,] 
BB 4
	outgoing: 5 6 
	datadep: 
	instructions:
		 0: %cl_2_5->const_missing def_%cl_2_6 %cl_2_5[3.5,] 	 SYMBOL:Metadata,	 ARGS:Symbol,
BB 5
	outgoing: 6 8 
	datadep: 
	instructions:
		 0: %cl_2_6->parse def_%cl_2_7 %cl_2_6[4.0,3.6,] source[3.3,] 	 SYMBOL:	 ARGS:source,
		 1: COPY TYPE_PASS def_metadata %cl_2_7[5.0,] 
		 2: 
		 3: %self->new def_%cl_2_8 %self[2.0,] %cl_2_7[5.0,] path[2.2,] 	 SYMBOL:	 ARGS:metadata,path,
		 4: plugins-><< def_%cl_2_9 plugins[] %cl_2_8[5.3,] 	 SYMBOL:	 ARGS:%cl_2_8,
		 5: RETURN %cl_2_9[5.4,] %self[5.3,2.0,] 
BB 6
	outgoing: 8 
	datadep: 
	instructions:
		 0: def_%cl_2_10 
		 1: def_%cl_2_11 %cl_2_10[6.0,] 
		 2: RETURN %cl_2_11[6.1,] %self[2.0,] 
BB 8
	outgoing: 
	datadep: 
	instructions:
CLOSURE END: metadata[5.1,] source[3.3,] 
		 7: RETURN %cl_1_8[3.6,] %self[2.0,] 
BB 4
	outgoing: 6 
	datadep: 
	instructions:
		 0: def_%cl_1_9 
		 1: def_%cl_1_10 %cl_1_9[4.0,] 
		 2: RETURN %cl_1_10[4.1,] %self[2.0,] 
BB 6
	outgoing: 
	datadep: 
	instructions:
CLOSURE END: 
		 9: RETURN %v_4[2.8,] %self[2.0,] 
BB 3
	outgoing: 
	datadep: 
	instructions:

SET IRMethod, name = initialize instanceMethod = true
BB 1
	outgoing: 7 2 
	datadep: 
	instructions:
BB 2
	outgoing: 3 4 
	datadep: 
	instructions:
		 0: def_%self 
		 1: def_%v_0 
		 2: COPY TYPE_CurrentScope def_%current_scope 
		 3: COPY TYPE_ScopeModule def_%current_module 
		 4: 
		 5: RECEIVECONSTARG def_metadata 
		 6: metadata[2.5,] 
BB 3
	outgoing: 4 
	datadep: 
	instructions:
		 0: COPY TYPE_Nil def_metadata 
BB 4
	outgoing: 5 6 
	datadep: 
	instructions:
		 0: RECEIVECONSTARG def_path 
		 1: path[4.0,] 
BB 5
	outgoing: 6 
	datadep: 
	instructions:
		 0: COPY TYPE_Nil def_path 
BB 6
	outgoing: 7 
	datadep: 
	instructions:
		 0: 
		 1: ATTRASSIGN %self->metadata metadata[3.0,2.5,] 
		 2: 
		 3: ATTRASSIGN %self->path path[5.0,4.0,] 
		 4: 
		 5: ATTRASSIGN %self->idx 
		 6: RETURN %self[6.1,6.3,6.5,2.0,] 
BB 7
	outgoing: 
	datadep: 
	instructions:

SET IRMethod, name = add_admin_route instanceMethod = true
BB 1
	outgoing: 3 2 
	datadep: 
	instructions:
BB 2
	outgoing: 3 
	datadep: 
	instructions:
		 0: def_%self 
		 1: def_%v_0 
		 2: COPY TYPE_CurrentScope def_%current_scope 
		 3: COPY TYPE_ScopeModule def_%current_module 
		 4: 
		 5: RECEIVEARG def_label 
		 6: RECEIVEARG def_location 
		 7: 
		 8: HASH-label-location- def_%v_3 label[2.5,] location[2.6,] 
		 9: ATTRASSIGN %self->admin_route %v_3[2.8,] 
		 10: RETURN %v_3[2.8,] %self[2.0,2.9,] 
BB 3
	outgoing: 
	datadep: 
	instructions:

SET IRMethod, name = enabled? instanceMethod = true
BB 1
	outgoing: 6 2 
	datadep: 
	instructions:
BB 2
	outgoing: 3 4 
	datadep: 
	instructions:
		 0: def_%self 
		 1: def_%v_0 
		 2: COPY TYPE_CurrentScope def_%current_scope 
		 3: COPY TYPE_ScopeModule def_%current_module 
		 4: 
		 5: 
		 6: GETFIELD %self->enabled_site_setting def_%v_3 %self[2.0,] 
		 7: BRANCH %v_3[2.6,] 
BB 3
	outgoing: 6 
	datadep: 
	instructions:
		 0: (SiteSetting) def_%v_4 
		 1: GETFIELD %self->enabled_site_setting def_%v_5 %self[2.0,] 
		 2: %v_4->send def_%v_6 %v_4[3.0,] %v_5[3.1,] 	 SYMBOL:	 ARGS:%v_5,
		 3: RETURN %v_6[3.2,] %self[2.0,] 
BB 4
	outgoing: 6 
	datadep: 
	instructions:
		 0: RETURN %self[2.0,] 
BB 6
	outgoing: 
	datadep: 
	instructions:

SET IRMethod, name = add_to_serializer instanceMethod = true
BB 1
	outgoing: 20 2 
	datadep: 
	instructions:
BB 2
	outgoing: 3 4 
	datadep: 
	instructions:
		 0: def_%self 
		 1: def_%v_0 
		 2: COPY TYPE_CurrentScope def_%current_scope 
		 3: COPY TYPE_ScopeModule def_%current_module 
		 4: 
		 5: RECEIVEARG def_serializer 
		 6: RECEIVEARG def_attr 
		 7: RECEIVECONSTARG def_define_include_method 
		 8: define_include_method[2.7,] 
BB 3
	outgoing: 4 
	datadep: 
	instructions:
		 0: COPY TYPE_Boolean def_define_include_method 
BB 4
	outgoing: 6 
	datadep: 
	instructions:
		 0: def_%v_3 
		 1: def_block %v_3[4.0,] 
		 2: 
		 3: GLOBALVAR $! def_%v_4 
BB 6
	outgoing: 7 8 
	datadep: 
	instructions:
		 0: 
		 1: serializer->to_s def_%v_7 serializer[2.5,] 	 SYMBOL:	 ARGS:
		 2: %v_7->classify def_%v_8 %v_7[6.1,] 	 SYMBOL:	 ARGS:
		 3: COPY TYPE_StringLiteral "Serializer" def_%v_9 
		 4: BUILDSTRING def_%v_10 %v_8[6.2,] %v_9[6.3,] 
		 5: %v_10->constantize def_%v_11 %v_10[6.4,] 	 SYMBOL:	 ARGS:
		 6: COPY TYPE_PASS def_%v_6 %v_11[6.5,] 
		 7: %v_4[4.3,] 
BB 7
	outgoing: 13 
	datadep: 
	instructions:
		 0: 
BB 8
	outgoing: 9 10 12 
	datadep: 
	instructions:
		 0: def_%v_12 
		 1: def_%v_13 %v_12[8.0,] 
		 2: BRANCH %v_13[8.1,] 
BB 9
	outgoing: 12 20 
	datadep: 
	instructions:
		 0: %v_12[8.0,] 
BB 10
	outgoing: 11 12 
	datadep: 
	instructions:
		 0: serializer->to_s def_%v_14 serializer[2.5,] 	 SYMBOL:	 ARGS:
		 1: COPY TYPE_StringLiteral "Serializer" def_%v_15 
		 2: BUILDSTRING def_%v_16 %v_14[10.0,] %v_15[10.1,] 
		 3: %v_16->constantize def_%v_17 %v_16[10.2,] 	 SYMBOL:	 ARGS:
		 4: COPY TYPE_PASS def_%v_6 %v_17[10.3,] 
		 5: %v_4[4.3,] 
BB 11
	outgoing: 13 
	datadep: 
	instructions:
		 0: 
BB 12
	outgoing: 20 
	datadep: 
	instructions:
		 0: def_%v_18 
		 1: def_%v_19 %v_18[12.0,] %v_4[4.3,] 
		 2: %v_18[12.0,] 
BB 13
	outgoing: 14 15 
	datadep: 
	instructions:
		 0: COPY TYPE_PASS def_klass %v_6[6.6,10.4,] 
		 1: 
		 2: attr->to_s def_%v_20 attr[2.6,] 	 SYMBOL:	 ARGS:
		 3: COPY TYPE_StringLiteral "include_" def_%v_21 
		 4: %v_20->start_with? def_%v_22 %v_20[13.2,] %v_21[13.3,] 	 SYMBOL:	 ARGS:%v_21,
		 5: BRANCH %v_22[13.4,] 
BB 14
	outgoing: 16 
	datadep: 
	instructions:
		 0: COPY TYPE_Nil def_%v_23 
		 1: 
BB 15
	outgoing: 16 
	datadep: 
	instructions:
		 0: klass->attributes def_%v_24 klass[13.0,] attr[2.6,] 	 SYMBOL:	 ARGS:attr,
		 1: COPY TYPE_PASS def_%v_23 %v_24[15.0,] 
BB 16
	outgoing: 17 18 
	datadep: 
	instructions:
		 0: 
		 1: klass->send def_%v_25 klass[13.0,] attr[2.6,] block[4.1,] 	 SYMBOL:define_method,	 ARGS:Symbol,attr,
		 2: 
		 3: BRANCH define_include_method[3.0,2.7,] 
BB 17
	outgoing: 20 
	datadep: 
	instructions:
		 0: COPY TYPE_Nil def_%v_26 
		 1: 
		 2: COPY TYPE_PASS def_plugin %self[2.0,] 
		 3: 
		 4: COPY TYPE_StringLiteral "include_" def_%v_27 
		 5: COPY TYPE_StringLiteral "?" def_%v_28 
		 6: BUILDSTRING def_%v_29 %v_27[17.4,] attr[2.6,] %v_28[17.5,] 
		 7: klass->send def_%v_30 klass[13.0,] %v_29[17.6,] %self[2.0,] 	 SYMBOL:define_method,	 ARGS:Symbol,%v_29,klass,
CLOSURE BEGIN: plugin[17.2,] 
BB 1
	outgoing: 6 2 
	datadep: 
	instructions:
BB 2
	outgoing: 3 
	datadep: 
	instructions:
		 0: def_%self 
		 1: def_%cl_1_0 
		 2: COPY TYPE_CurrentScope def_%current_scope 
		 3: COPY TYPE_ScopeModule def_%current_module 
BB 3
	outgoing: 4 6 
	datadep: 
	instructions:
		 0: 
		 1: plugin->enabled? def_%cl_1_3 plugin[] 	 SYMBOL:	 ARGS:
		 2: RETURN %cl_1_3[3.1,] %self[2.0,] 
BB 4
	outgoing: 6 
	datadep: 
	instructions:
		 0: def_%cl_1_4 
		 1: def_%cl_1_5 %cl_1_4[4.0,] 
		 2: RETURN %cl_1_5[4.1,] %self[2.0,] 
BB 6
	outgoing: 
	datadep: 
	instructions:
CLOSURE END: 
		 8: RETURN %v_30[17.7,] %self[2.0,] 
BB 18
	outgoing: 20 
	datadep: 
	instructions:
		 0: RETURN %self[2.0,] 
BB 20
	outgoing: 
	datadep: 
	instructions:

SET IRMethod, name = add_to_class instanceMethod = true
BB 1
	outgoing: 15 2 
	datadep: 
	instructions:
BB 2
	outgoing: 4 13 
	datadep: 
	instructions:
		 0: def_%self 
		 1: def_%v_0 
		 2: COPY TYPE_CurrentScope def_%current_scope 
		 3: COPY TYPE_ScopeModule def_%current_module 
		 4: 
		 5: RECEIVEARG def_klass 
		 6: RECEIVEARG def_attr 
		 7: def_%v_3 
		 8: def_block %v_3[2.7,] 
		 9: 
		 10: GLOBALVAR $! def_%v_4 
BB 4
	outgoing: 6 7 
	datadep: 
	instructions:
		 0: 
		 1: klass->to_s def_%v_7 klass[2.5,] 	 SYMBOL:	 ARGS:
		 2: %v_7->classify def_%v_8 %v_7[4.1,] 	 SYMBOL:	 ARGS:
		 3: %v_8->constantize def_%v_9 %v_8[4.2,] 	 SYMBOL:	 ARGS:
		 4: COPY TYPE_PASS def_%v_6 %v_9[4.3,] 
		 5: %v_4[2.10,] 
BB 6
	outgoing: 12 
	datadep: 
	instructions:
		 0: 
BB 7
	outgoing: 8 9 11 
	datadep: 
	instructions:
		 0: def_%v_10 
		 1: def_%v_11 %v_10[7.0,] 
		 2: BRANCH %v_11[7.1,] 
BB 8
	outgoing: 11 15 
	datadep: 
	instructions:
		 0: %v_10[7.0,] 
BB 9
	outgoing: 10 11 
	datadep: 
	instructions:
		 0: klass->to_s def_%v_12 klass[2.5,] 	 SYMBOL:	 ARGS:
		 1: %v_12->constantize def_%v_13 %v_12[9.0,] 	 SYMBOL:	 ARGS:
		 2: COPY TYPE_PASS def_%v_6 %v_13[9.1,] 
		 3: %v_4[2.10,] 
BB 10
	outgoing: 12 
	datadep: 
	instructions:
		 0: 
BB 11
	outgoing: 13 15 
	datadep: 
	instructions:
		 0: def_%v_14 
		 1: def_%v_15 %v_14[11.0,] %v_4[2.10,] 
		 2: %v_14[11.0,] 
BB 12
	outgoing: 13 15 
	datadep: 
	instructions:
		 0: COPY TYPE_PASS def_klass %v_6[4.4,9.2,] 
		 1: 
		 2: COPY TYPE_StringLiteral "_without_enable_check" def_%v_16 
		 3: BUILDSTRING def_%v_17 attr[2.6,] %v_16[12.2,] 
		 4: COPY TYPE_DynamicSymbol def_%v_18 %v_17[12.3,] 
		 5: COPY TYPE_PASS def_hidden_method_name %v_18[12.4,] 
		 6: 
		 7: %v_6->send def_%v_19 %v_6[4.4,9.2,] %v_18[12.4,] block[2.8,] 	 SYMBOL:define_method,	 ARGS:Symbol,hidden_method_name,
		 8: 
		 9: COPY TYPE_PASS def_plugin %self[2.0,] 
		 10: 
		 11: klass->send def_%v_20 klass[12.0,] attr[2.6,] %self[2.0,] 	 SYMBOL:define_method,	 ARGS:Symbol,attr,klass,
CLOSURE BEGIN: plugin[12.9,] hidden_method_name[12.5,] args[] %self[2.0,] 
BB 1
	outgoing: 9 2 
	datadep: 
	instructions:
BB 2
	outgoing: 3 
	datadep: 
	instructions:
		 0: def_%self 
		 1: def_%cl_1_0 
		 2: RECEIVEARG def_args 
		 3: COPY TYPE_CurrentScope def_%current_scope 
		 4: COPY TYPE_ScopeModule def_%current_module 
BB 3
	outgoing: 4 5 7 
	datadep: 
	instructions:
		 0: 
		 1: plugin->enabled? def_%cl_1_3 plugin[] 	 SYMBOL:	 ARGS:
		 2: BRANCH %cl_1_3[3.1,] 
BB 4
	outgoing: 6 7 
	datadep: 
	instructions:
		 0: COPY TYPE_Array def_%cl_1_4 hidden_method_name[] 
		 1: def_%cl_1_5 %cl_1_4[4.0,] args[2.2,] 
		 2: %self->send def_%cl_1_6 %self[2.0,] %cl_1_5[4.1,] 	 SYMBOL:	 ARGS:Splat,
		 3: 
BB 5
	outgoing: 9 
	datadep: 
	instructions:
		 0: RETURN %self[2.0,] 
BB 6
	outgoing: 9 
	datadep: 
	instructions:
		 0: RETURN %cl_1_6[4.2,] %self[2.0,] 
BB 7
	outgoing: 9 
	datadep: 
	instructions:
		 0: def_%cl_1_7 
		 1: def_%cl_1_8 %cl_1_7[7.0,] 
		 2: RETURN %cl_1_8[7.1,] %self[2.0,] 
BB 9
	outgoing: 
	datadep: 
	instructions:
CLOSURE END: 
		 12: RETURN %v_20[12.11,] %self[2.0,] 
BB 13
	outgoing: 15 
	datadep: 
	instructions:
		 0: def_%v_21 
		 1: def_%v_22 %v_21[13.0,] 
		 2: RETURN %v_22[13.1,] %self[2.0,] 
BB 15
	outgoing: 
	datadep: 
	instructions:

SET IRMethod, name = add_class_method instanceMethod = true
BB 1
	outgoing: 15 2 
	datadep: 
	instructions:
BB 2
	outgoing: 4 13 
	datadep: 
	instructions:
		 0: def_%self 
		 1: def_%v_0 
		 2: COPY TYPE_CurrentScope def_%current_scope 
		 3: COPY TYPE_ScopeModule def_%current_module 
		 4: 
		 5: RECEIVEARG def_klass 
		 6: RECEIVEARG def_attr 
		 7: def_%v_3 
		 8: def_block %v_3[2.7,] 
		 9: 
		 10: GLOBALVAR $! def_%v_4 
BB 4
	outgoing: 6 7 
	datadep: 
	instructions:
		 0: 
		 1: klass->to_s def_%v_7 klass[2.5,] 	 SYMBOL:	 ARGS:
		 2: %v_7->classify def_%v_8 %v_7[4.1,] 	 SYMBOL:	 ARGS:
		 3: %v_8->constantize def_%v_9 %v_8[4.2,] 	 SYMBOL:	 ARGS:
		 4: COPY TYPE_PASS def_%v_6 %v_9[4.3,] 
		 5: %v_4[2.10,] 
BB 6
	outgoing: 12 
	datadep: 
	instructions:
		 0: 
BB 7
	outgoing: 8 9 11 
	datadep: 
	instructions:
		 0: def_%v_10 
		 1: def_%v_11 %v_10[7.0,] 
		 2: BRANCH %v_11[7.1,] 
BB 8
	outgoing: 11 15 
	datadep: 
	instructions:
		 0: %v_10[7.0,] 
BB 9
	outgoing: 10 11 
	datadep: 
	instructions:
		 0: klass->to_s def_%v_12 klass[2.5,] 	 SYMBOL:	 ARGS:
		 1: %v_12->constantize def_%v_13 %v_12[9.0,] 	 SYMBOL:	 ARGS:
		 2: COPY TYPE_PASS def_%v_6 %v_13[9.1,] 
		 3: %v_4[2.10,] 
BB 10
	outgoing: 12 
	datadep: 
	instructions:
		 0: 
BB 11
	outgoing: 13 15 
	datadep: 
	instructions:
		 0: def_%v_14 
		 1: def_%v_15 %v_14[11.0,] %v_4[2.10,] 
		 2: %v_14[11.0,] 
BB 12
	outgoing: 13 15 
	datadep: 
	instructions:
		 0: COPY TYPE_PASS def_klass %v_6[4.4,9.2,] 
		 1: 
		 2: COPY TYPE_StringLiteral "_without_enable_check" def_%v_16 
		 3: BUILDSTRING def_%v_17 attr[2.6,] %v_16[12.2,] 
		 4: COPY TYPE_DynamicSymbol def_%v_18 %v_17[12.3,] 
		 5: COPY TYPE_PASS def_hidden_method_name %v_18[12.4,] 
		 6: 
		 7: %v_6->send def_%v_19 %v_6[4.4,9.2,] %v_18[12.4,] block[2.8,] 	 SYMBOL:define_singleton_method,	 ARGS:Symbol,hidden_method_name,
		 8: 
		 9: COPY TYPE_PASS def_plugin %self[2.0,] 
		 10: 
		 11: klass->send def_%v_20 klass[12.0,] attr[2.6,] %self[2.0,] 	 SYMBOL:define_singleton_method,	 ARGS:Symbol,attr,klass,
CLOSURE BEGIN: plugin[12.9,] hidden_method_name[12.5,] args[] %self[2.0,] 
BB 1
	outgoing: 9 2 
	datadep: 
	instructions:
BB 2
	outgoing: 3 
	datadep: 
	instructions:
		 0: def_%self 
		 1: def_%cl_1_0 
		 2: RECEIVEARG def_args 
		 3: COPY TYPE_CurrentScope def_%current_scope 
		 4: COPY TYPE_ScopeModule def_%current_module 
BB 3
	outgoing: 4 5 7 
	datadep: 
	instructions:
		 0: 
		 1: plugin->enabled? def_%cl_1_3 plugin[] 	 SYMBOL:	 ARGS:
		 2: BRANCH %cl_1_3[3.1,] 
BB 4
	outgoing: 6 7 
	datadep: 
	instructions:
		 0: COPY TYPE_Array def_%cl_1_4 hidden_method_name[] 
		 1: def_%cl_1_5 %cl_1_4[4.0,] args[2.2,] 
		 2: %self->send def_%cl_1_6 %self[2.0,] %cl_1_5[4.1,] 	 SYMBOL:	 ARGS:Splat,
		 3: 
BB 5
	outgoing: 9 
	datadep: 
	instructions:
		 0: RETURN %self[2.0,] 
BB 6
	outgoing: 9 
	datadep: 
	instructions:
		 0: RETURN %cl_1_6[4.2,] %self[2.0,] 
BB 7
	outgoing: 9 
	datadep: 
	instructions:
		 0: def_%cl_1_7 
		 1: def_%cl_1_8 %cl_1_7[7.0,] 
		 2: RETURN %cl_1_8[7.1,] %self[2.0,] 
BB 9
	outgoing: 
	datadep: 
	instructions:
CLOSURE END: 
		 12: RETURN %v_20[12.11,] %self[2.0,] 
BB 13
	outgoing: 15 
	datadep: 
	instructions:
		 0: def_%v_21 
		 1: def_%v_22 %v_21[13.0,] 
		 2: RETURN %v_22[13.1,] %self[2.0,] 
BB 15
	outgoing: 
	datadep: 
	instructions:

SET IRMethod, name = add_model_callback instanceMethod = true
BB 1
	outgoing: 15 2 
	datadep: 
	instructions:
BB 2
	outgoing: 4 13 
	datadep: 
	instructions:
		 0: def_%self 
		 1: def_%v_0 
		 2: COPY TYPE_CurrentScope def_%current_scope 
		 3: COPY TYPE_ScopeModule def_%current_module 
		 4: 
		 5: RECEIVEARG def_klass 
		 6: RECEIVEARG def_callback 
		 7: def_%v_3 
		 8: def_block %v_3[2.7,] 
		 9: 
		 10: GLOBALVAR $! def_%v_4 
BB 4
	outgoing: 6 7 
	datadep: 
	instructions:
		 0: 
		 1: klass->to_s def_%v_7 klass[2.5,] 	 SYMBOL:	 ARGS:
		 2: %v_7->classify def_%v_8 %v_7[4.1,] 	 SYMBOL:	 ARGS:
		 3: %v_8->constantize def_%v_9 %v_8[4.2,] 	 SYMBOL:	 ARGS:
		 4: COPY TYPE_PASS def_%v_6 %v_9[4.3,] 
		 5: %v_4[2.10,] 
BB 6
	outgoing: 12 
	datadep: 
	instructions:
		 0: 
BB 7
	outgoing: 8 9 11 
	datadep: 
	instructions:
		 0: def_%v_10 
		 1: def_%v_11 %v_10[7.0,] 
		 2: BRANCH %v_11[7.1,] 
BB 8
	outgoing: 11 15 
	datadep: 
	instructions:
		 0: %v_10[7.0,] 
BB 9
	outgoing: 10 11 
	datadep: 
	instructions:
		 0: klass->to_s def_%v_12 klass[2.5,] 	 SYMBOL:	 ARGS:
		 1: %v_12->constantize def_%v_13 %v_12[9.0,] 	 SYMBOL:	 ARGS:
		 2: COPY TYPE_PASS def_%v_6 %v_13[9.1,] 
		 3: %v_4[2.10,] 
BB 10
	outgoing: 12 
	datadep: 
	instructions:
		 0: 
BB 11
	outgoing: 13 15 
	datadep: 
	instructions:
		 0: def_%v_14 
		 1: def_%v_15 %v_14[11.0,] %v_4[2.10,] 
		 2: %v_14[11.0,] 
BB 12
	outgoing: 13 15 
	datadep: 
	instructions:
		 0: COPY TYPE_PASS def_klass %v_6[4.4,9.2,] 
		 1: 
		 2: COPY TYPE_PASS def_plugin %self[2.0,] 
		 3: 
		 4: %self->name def_%v_16 %self[2.0,] 	 SYMBOL:	 ARGS:
		 5: COPY TYPE_StringLiteral "_" def_%v_17 
		 6: klass->name def_%v_18 klass[12.0,] 	 SYMBOL:	 ARGS:
		 7: COPY TYPE_StringLiteral "_" def_%v_19 
		 8: GETFIELD %self->idx def_%v_20 %self[12.4,2.0,] 
		 9: BUILDSTRING def_%v_21 %v_16[12.4,] %v_17[12.5,] %v_18[12.6,] %v_19[12.7,] callback[2.6,] %v_20[12.8,] 
		 10: %v_21->underscore def_%v_22 %v_21[12.9,] 	 SYMBOL:	 ARGS:
		 11: COPY TYPE_PASS def_method_name %v_22[12.10,] 
		 12: 
		 13: GETFIELD %self->idx def_%v_23 %self[12.4,2.0,] 
		 14: %v_23->+ def_%v_24 %v_23[12.13,] 	 SYMBOL:	 ARGS:Fixnum,
		 15: ATTRASSIGN %self->idx %v_24[12.14,] 
		 16: 
		 17: COPY TYPE_StringLiteral "_without_enable_check" def_%v_25 
		 18: BUILDSTRING def_%v_26 method_name[12.11,] %v_25[12.17,] 
		 19: COPY TYPE_DynamicSymbol def_%v_27 %v_26[12.18,] 
		 20: COPY TYPE_PASS def_hidden_method_name %v_27[12.19,] 
		 21: 
		 22: klass->send def_%v_28 klass[12.0,12.6,] %v_27[12.19,] block[2.8,] 	 SYMBOL:define_method,	 ARGS:Symbol,hidden_method_name,
		 23: 
		 24: klass->send def_%v_29 klass[12.0,12.6,12.22,] callback[2.6,] %self[12.4,12.15,2.0,] 	 SYMBOL:	 ARGS:callback,klass,
CLOSURE BEGIN: plugin[12.2,] hidden_method_name[12.20,] args[] %self[12.4,12.15,2.0,] 
BB 1
	outgoing: 9 2 
	datadep: 
	instructions:
BB 2
	outgoing: 3 
	datadep: 
	instructions:
		 0: def_%self 
		 1: def_%cl_1_0 
		 2: RECEIVEARG def_args 
		 3: COPY TYPE_CurrentScope def_%current_scope 
		 4: COPY TYPE_ScopeModule def_%current_module 
BB 3
	outgoing: 4 5 7 
	datadep: 
	instructions:
		 0: 
		 1: plugin->enabled? def_%cl_1_3 plugin[] 	 SYMBOL:	 ARGS:
		 2: BRANCH %cl_1_3[3.1,] 
BB 4
	outgoing: 6 7 
	datadep: 
	instructions:
		 0: COPY TYPE_Array def_%cl_1_4 hidden_method_name[] 
		 1: def_%cl_1_5 %cl_1_4[4.0,] args[2.2,] 
		 2: %self->send def_%cl_1_6 %self[2.0,] %cl_1_5[4.1,] 	 SYMBOL:	 ARGS:Splat,
		 3: 
BB 5
	outgoing: 9 
	datadep: 
	instructions:
		 0: RETURN %self[2.0,] 
BB 6
	outgoing: 9 
	datadep: 
	instructions:
		 0: RETURN %cl_1_6[4.2,] %self[2.0,] 
BB 7
	outgoing: 9 
	datadep: 
	instructions:
		 0: def_%cl_1_7 
		 1: def_%cl_1_8 %cl_1_7[7.0,] 
		 2: RETURN %cl_1_8[7.1,] %self[2.0,] 
BB 9
	outgoing: 
	datadep: 
	instructions:
CLOSURE END: 
		 25: RETURN %v_29[12.24,] %self[12.4,12.15,2.0,] 
BB 13
	outgoing: 15 
	datadep: 
	instructions:
		 0: def_%v_30 
		 1: def_%v_31 %v_30[13.0,] 
		 2: RETURN %v_31[13.1,] %self[12.15,2.0,] 
BB 15
	outgoing: 
	datadep: 
	instructions:

SET IRMethod, name = validate instanceMethod = true
BB 1
	outgoing: 3 2 
	datadep: 
	instructions:
BB 2
	outgoing: 3 
	datadep: 
	instructions:
		 0: def_%self 
		 1: def_%v_0 
		 2: COPY TYPE_CurrentScope def_%current_scope 
		 3: COPY TYPE_ScopeModule def_%current_module 
		 4: 
		 5: RECEIVEARG def_klass 
		 6: RECEIVEARG def_name 
		 7: def_%v_3 
		 8: def_block %v_3[2.7,] 
		 9: 
		 10: klass->to_s def_%v_4 klass[2.5,] 	 SYMBOL:	 ARGS:
		 11: %v_4->classify def_%v_5 %v_4[2.10,] 	 SYMBOL:	 ARGS:
		 12: %v_5->constantize def_%v_6 %v_5[2.11,] 	 SYMBOL:	 ARGS:
		 13: COPY TYPE_PASS def_klass %v_6[2.12,] 
		 14: 
		 15: %v_6->send def_%v_7 %v_6[2.12,] name[2.6,] block[2.8,] 	 SYMBOL:define_method,	 ARGS:Symbol,name,
		 16: 
		 17: COPY TYPE_PASS def_plugin %self[2.0,] 
		 18: 
		 19: def_%v_8 %self[2.0,] 
CLOSURE BEGIN: plugin[2.17,] 
BB 1
	outgoing: 5 2 
	datadep: 
	instructions:
BB 2
	outgoing: 3 5 
	datadep: 
	instructions:
		 0: def_%self 
		 1: def_%cl_1_0 
		 2: COPY TYPE_CurrentScope def_%current_scope 
		 3: COPY TYPE_ScopeModule def_%current_module 
		 4: 
		 5: plugin->enabled? def_%cl_1_3 plugin[] 	 SYMBOL:	 ARGS:
		 6: RETURN %cl_1_3[2.5,] %self[2.0,] 
BB 3
	outgoing: 5 
	datadep: 
	instructions:
		 0: def_%cl_1_4 
		 1: def_%cl_1_5 %cl_1_4[3.0,] 
		 2: RETURN %cl_1_5[3.1,] %self[2.0,] 
BB 5
	outgoing: 
	datadep: 
	instructions:
CLOSURE END: 
		 20: HASH-if- def_%v_9 %v_8[2.19,] 
		 21: klass->validate def_%v_10 klass[2.5,2.10,2.13,] name[2.6,] %v_9[2.20,] 	 SYMBOL:	 ARGS:name,%v_9,
		 22: RETURN %v_10[2.21,] %self[2.0,] 
BB 3
	outgoing: 
	datadep: 
	instructions:

SET IRMethod, name = generate_automatic_assets! instanceMethod = true
BB 1
	outgoing: 3 2 
	datadep: 
	instructions:
BB 2
	outgoing: 3 
	datadep: 
	instructions:
		 0: def_%self 
		 1: def_%v_0 
		 2: COPY TYPE_CurrentScope def_%current_scope 
		 3: COPY TYPE_ScopeModule def_%current_module 
		 4: 
		 5: 
		 6: COPY TYPE_Array def_%v_3 
		 7: COPY TYPE_PASS def_paths %v_3[2.6,] 
		 8: 
		 9: COPY TYPE_Array def_%v_4 
		 10: COPY TYPE_PASS def_assets %v_4[2.9,] 
		 11: 
		 12: %self->automatic_assets def_%v_5 %self[2.0,] 	 SYMBOL:	 ARGS:
		 13: %v_5->each def_%v_6 %v_5[2.12,] %self[2.0,2.12,] 	 SYMBOL:	 ARGS:%v_5,
CLOSURE BEGIN: %self[2.0,2.12,] path[] contents[] paths[2.7,] assets[2.10,] 
BB 1
	outgoing: 6 2 
	datadep: 
	instructions:
BB 2
	outgoing: 3 
	datadep: 
	instructions:
		 0: def_%self 
		 1: def_%cl_1_0 
		 2: RECEIVEARG def_path 
		 3: RECEIVEARG def_contents 
		 4: COPY TYPE_CurrentScope def_%current_scope 
		 5: COPY TYPE_ScopeModule def_%current_module 
BB 3
	outgoing: 4 6 
	datadep: 
	instructions:
		 0: 
		 1: %self->write_asset def_%cl_1_3 %self[2.0,] path[2.2,] contents[2.3,] 	 SYMBOL:	 ARGS:path,contents,
		 2: 
		 3: paths-><< def_%cl_1_4 paths[] path[2.2,] 	 SYMBOL:	 ARGS:path,
		 4: 
		 5: COPY TYPE_Array def_%cl_1_5 path[2.2,] 
		 6: assets-><< def_%cl_1_6 assets[] %cl_1_5[3.5,] 	 SYMBOL:	 ARGS:%cl_1_5,
		 7: RETURN %cl_1_6[3.6,] %self[3.1,2.0,] 
BB 4
	outgoing: 6 
	datadep: 
	instructions:
		 0: def_%cl_1_7 
		 1: def_%cl_1_8 %cl_1_7[4.0,] 
		 2: RETURN %cl_1_8[4.1,] %self[2.0,] 
BB 6
	outgoing: 
	datadep: 
	instructions:
CLOSURE END: contents[2.3,] 
		 14: 
		 15: %self->automatic_server_assets def_%v_7 %self[2.0,2.12,] 	 SYMBOL:	 ARGS:
		 16: %v_7->each def_%v_8 %v_7[2.15,] %self[2.0,2.12,2.15,] 	 SYMBOL:	 ARGS:%v_7,
CLOSURE BEGIN: %self[2.0,2.12,2.15,] path[2.13,] contents[2.13,] paths[2.7,] assets[2.10,] 
BB 1
	outgoing: 6 2 
	datadep: 
	instructions:
BB 2
	outgoing: 3 
	datadep: 
	instructions:
		 0: def_%self 
		 1: def_%cl_2_0 
		 2: RECEIVEARG def_path 
		 3: RECEIVEARG def_contents 
		 4: COPY TYPE_CurrentScope def_%current_scope 
		 5: COPY TYPE_ScopeModule def_%current_module 
BB 3
	outgoing: 4 6 
	datadep: 
	instructions:
		 0: 
		 1: %self->write_asset def_%cl_2_3 %self[2.0,] path[2.2,] contents[2.3,] 	 SYMBOL:	 ARGS:path,contents,
		 2: 
		 3: paths-><< def_%cl_2_4 paths[] path[2.2,] 	 SYMBOL:	 ARGS:path,
		 4: 
		 5: COPY TYPE_Array def_%cl_2_5 path[2.2,] 
		 6: assets-><< def_%cl_2_6 assets[] %cl_2_5[3.5,] 	 SYMBOL:	 ARGS:%cl_2_5,
		 7: RETURN %cl_2_6[3.6,] %self[3.1,2.0,] 
BB 4
	outgoing: 6 
	datadep: 
	instructions:
		 0: def_%cl_2_7 
		 1: def_%cl_2_8 %cl_2_7[4.0,] 
		 2: RETURN %cl_2_8[4.1,] %self[2.0,] 
BB 6
	outgoing: 
	datadep: 
	instructions:
CLOSURE END: contents[2.3,] 
		 17: 
		 18: %self->delete_extra_automatic_assets def_%v_9 %self[2.0,2.12,2.15,] paths[2.7,] 	 SYMBOL:	 ARGS:paths,
		 19: 
		 20: RETURN assets[2.10,] %self[2.0,2.12,2.15,2.18,] 
BB 3
	outgoing: 
	datadep: 
	instructions:

SET IRMethod, name = delete_extra_automatic_assets instanceMethod = true
BB 1
	outgoing: 6 2 
	datadep: 
	instructions:
BB 2
	outgoing: 3 4 
	datadep: 
	instructions:
		 0: def_%self 
		 1: def_%v_0 
		 2: COPY TYPE_CurrentScope def_%current_scope 
		 3: COPY TYPE_ScopeModule def_%current_module 
		 4: 
		 5: RECEIVEARG def_good_paths 
		 6: 
		 7: (Dir) def_%v_3 
		 8: %self->auto_generated_path def_%v_4 %self[2.0,] 	 SYMBOL:	 ARGS:
		 9: %v_3->exists? def_%v_5 %v_3[2.7,] %v_4[2.8,] 	 SYMBOL:	 ARGS:%v_4,
		 10: BRANCH %v_5[2.9,] 
BB 3
	outgoing: 6 
	datadep: 
	instructions:
		 0: COPY TYPE_Nil def_%v_6 
		 1: 
		 2: good_paths->map def_%v_7 good_paths[2.5,] %self[2.0,] 	 SYMBOL:	 ARGS:good_paths,
CLOSURE BEGIN: f[] 
BB 1
	outgoing: 6 2 
	datadep: 
	instructions:
BB 2
	outgoing: 3 
	datadep: 
	instructions:
		 0: def_%self 
		 1: def_%cl_1_0 
		 2: RECEIVEARG def_f 
		 3: COPY TYPE_CurrentScope def_%current_scope 
		 4: COPY TYPE_ScopeModule def_%current_module 
BB 3
	outgoing: 4 6 
	datadep: 
	instructions:
		 0: 
		 1: (File) def_%cl_1_3 
		 2: %cl_1_3->basename def_%cl_1_4 %cl_1_3[3.1,] f[2.2,] 	 SYMBOL:	 ARGS:f,
		 3: RETURN %cl_1_4[3.2,] %self[2.0,] 
BB 4
	outgoing: 6 
	datadep: 
	instructions:
		 0: def_%cl_1_5 
		 1: def_%cl_1_6 %cl_1_5[4.0,] 
		 2: RETURN %cl_1_6[4.1,] %self[2.0,] 
BB 6
	outgoing: 
	datadep: 
	instructions:
CLOSURE END: 
		 3: COPY TYPE_PASS def_filenames %v_7[3.2,] 
		 4: 
		 5: (Dir) def_%v_8 
		 6: %self->auto_generated_path def_%v_9 %self[2.0,] 	 SYMBOL:	 ARGS:
		 7: %v_8->foreach def_%v_10 %v_8[3.5,] %v_9[3.6,] %self[3.6,2.0,] 	 SYMBOL:	 ARGS:%v_9,%v_8,
CLOSURE BEGIN: p[] filenames[3.3,] %self[3.6,2.0,] 
BB 1
	outgoing: 12 2 
	datadep: 
	instructions:
BB 2
	outgoing: 3 
	datadep: 
	instructions:
		 0: def_%self 
		 1: def_%cl_2_0 
		 2: RECEIVEARG def_p 
		 3: COPY TYPE_CurrentScope def_%current_scope 
		 4: COPY TYPE_ScopeModule def_%current_module 
BB 3
	outgoing: 4 5 10 
	datadep: 
	instructions:
		 0: 
		 1: COPY TYPE_StringLiteral "." def_%cl_2_3 
		 2: COPY TYPE_StringLiteral ".." def_%cl_2_4 
		 3: COPY TYPE_Array def_%cl_2_5 %cl_2_3[3.1,] %cl_2_4[3.2,] 
		 4: %cl_2_5->include? def_%cl_2_6 %cl_2_5[3.3,] p[2.2,] 	 SYMBOL:	 ARGS:p,
		 5: BRANCH %cl_2_6[3.4,] 
BB 4
	outgoing: 10 12 
	datadep: 
	instructions:
		 0: 
		 1: RETURN %self[2.0,] 
BB 5
	outgoing: 6 
	datadep: 
	instructions:
		 0: COPY TYPE_Nil def_%cl_2_7 
BB 6
	outgoing: 7 8 10 
	datadep: 
	instructions:
		 0: 
		 1: filenames->include? def_%cl_2_8 filenames[] p[2.2,] 	 SYMBOL:	 ARGS:p,
		 2: BRANCH %cl_2_8[6.1,] 
BB 7
	outgoing: 10 12 
	datadep: 
	instructions:
		 0: 
		 1: RETURN %self[2.0,] 
BB 8
	outgoing: 9 
	datadep: 
	instructions:
		 0: COPY TYPE_Nil def_%cl_2_9 
BB 9
	outgoing: 10 12 
	datadep: 
	instructions:
		 0: 
		 1: (File) def_%cl_2_10 
		 2: %self->auto_generated_path def_%cl_2_11 %self[2.0,] 	 SYMBOL:	 ARGS:
		 3: COPY TYPE_StringLiteral "/" def_%cl_2_12 
		 4: BUILDSTRING def_%cl_2_13 %cl_2_12[9.3,] p[2.2,] 
		 5: %cl_2_11->+ def_%cl_2_14 %cl_2_11[9.2,] %cl_2_13[9.4,] 	 SYMBOL:	 ARGS:%cl_2_13,
		 6: %cl_2_10->delete def_%cl_2_15 %cl_2_10[9.1,] %cl_2_14[9.5,] 	 SYMBOL:	 ARGS:%cl_2_14,
		 7: RETURN %cl_2_15[9.6,] %self[9.2,2.0,] 
BB 10
	outgoing: 12 
	datadep: 
	instructions:
		 0: def_%cl_2_16 
		 1: def_%cl_2_17 %cl_2_16[10.0,] 
		 2: RETURN %cl_2_17[10.1,] %self[2.0,] 
BB 12
	outgoing: 
	datadep: 
	instructions:
CLOSURE END: 
		 8: RETURN %v_10[3.7,] %self[3.6,2.0,] 
BB 4
	outgoing: 6 
	datadep: 
	instructions:
		 0: RETURN %self[2.0,] 
BB 6
	outgoing: 
	datadep: 
	instructions:

SET IRMethod, name = ensure_directory instanceMethod = true
BB 1
	outgoing: 6 2 
	datadep: 
	instructions:
BB 2
	outgoing: 3 4 
	datadep: 
	instructions:
		 0: def_%self 
		 1: def_%v_0 
		 2: COPY TYPE_CurrentScope def_%current_scope 
		 3: COPY TYPE_ScopeModule def_%current_module 
		 4: 
		 5: RECEIVEARG def_path 
		 6: 
		 7: (File) def_%v_3 
		 8: %v_3->dirname def_%v_4 %v_3[2.7,] path[2.5,] 	 SYMBOL:	 ARGS:path,
		 9: COPY TYPE_PASS def_dirname %v_4[2.8,] 
		 10: 
		 11: (File) def_%v_5 
		 12: %v_5->directory? def_%v_6 %v_5[2.11,] %v_4[2.8,] 	 SYMBOL:	 ARGS:dirname,
		 13: BRANCH %v_6[2.12,] 
BB 3
	outgoing: 6 
	datadep: 
	instructions:
		 0: COPY TYPE_Nil def_%v_7 
		 1: RETURN %v_7[3.0,] %self[2.0,] 
BB 4
	outgoing: 6 
	datadep: 
	instructions:
		 0: 
		 1: (FileUtils) def_%v_8 
		 2: %v_8->mkdir_p def_%v_9 %v_8[4.1,] dirname[2.9,] 	 SYMBOL:	 ARGS:dirname,
		 3: RETURN %v_9[4.2,] %self[2.0,] 
BB 6
	outgoing: 
	datadep: 
	instructions:

SET IRMethod, name = auto_generated_path instanceMethod = true
BB 1
	outgoing: 3 2 
	datadep: 
	instructions:
BB 2
	outgoing: 3 
	datadep: 
	instructions:
		 0: def_%self 
		 1: def_%v_0 
		 2: COPY TYPE_CurrentScope def_%current_scope 
		 3: COPY TYPE_ScopeModule def_%current_module 
		 4: 
		 5: 
		 6: (File) def_%v_3 
		 7: %self->path def_%v_4 %self[2.0,] 	 SYMBOL:	 ARGS:
		 8: %v_3->dirname def_%v_5 %v_3[2.6,] %v_4[2.7,] 	 SYMBOL:	 ARGS:%v_4,
		 9: COPY TYPE_StringLiteral "/auto_generated" def_%v_6 
		 10: %v_5-><< def_%v_7 %v_5[2.8,] %v_6[2.9,] 	 SYMBOL:	 ARGS:%v_6,
		 11: RETURN %v_7[2.10,] %self[2.0,2.7,] 
BB 3
	outgoing: 
	datadep: 
	instructions:

SET IRMethod, name = after_initialize instanceMethod = true
BB 1
	outgoing: 3 2 
	datadep: 
	instructions:
BB 2
	outgoing: 3 
	datadep: 
	instructions:
		 0: def_%self 
		 1: def_%v_0 
		 2: COPY TYPE_CurrentScope def_%current_scope 
		 3: COPY TYPE_ScopeModule def_%current_module 
		 4: 
		 5: def_%v_3 
		 6: def_block %v_3[2.5,] 
		 7: 
		 8: %self->initializers def_%v_4 %self[2.0,] 	 SYMBOL:	 ARGS:
		 9: %v_4-><< def_%v_5 %v_4[2.8,] block[2.6,] 	 SYMBOL:	 ARGS:block,
		 10: RETURN %v_5[2.9,] %self[2.0,2.8,] 
BB 3
	outgoing: 
	datadep: 
	instructions:

SET IRMethod, name = on instanceMethod = true
BB 1
	outgoing: 3 2 
	datadep: 
	instructions:
BB 2
	outgoing: 3 
	datadep: 
	instructions:
		 0: def_%self 
		 1: def_%v_0 
		 2: COPY TYPE_CurrentScope def_%current_scope 
		 3: COPY TYPE_ScopeModule def_%current_module 
		 4: 
		 5: RECEIVEARG def_event_name 
		 6: def_%v_3 
		 7: def_block %v_3[2.6,] 
		 8: 
		 9: (DiscourseEvent) def_%v_4 
		 10: %v_4->on def_%v_5 %v_4[2.9,] event_name[2.5,] %self[2.0,] 	 SYMBOL:	 ARGS:event_name,%v_4,
CLOSURE BEGIN: %self[2.0,] args[] block[2.7,] 
BB 1
	outgoing: 9 2 
	datadep: 
	instructions:
BB 2
	outgoing: 3 
	datadep: 
	instructions:
		 0: def_%self 
		 1: def_%cl_1_0 
		 2: RECEIVEARG def_args 
		 3: COPY TYPE_CurrentScope def_%current_scope 
		 4: COPY TYPE_ScopeModule def_%current_module 
BB 3
	outgoing: 4 5 7 
	datadep: 
	instructions:
		 0: 
		 1: %self->enabled? def_%cl_1_3 %self[2.0,] 	 SYMBOL:	 ARGS:
		 2: BRANCH %cl_1_3[3.1,] 
BB 4
	outgoing: 6 7 
	datadep: 
	instructions:
		 0: def_%cl_1_4 args[2.2,] 
		 1: block->call def_%cl_1_5 block[] %cl_1_4[4.0,] 	 SYMBOL:	 ARGS:Splat,
		 2: 
BB 5
	outgoing: 9 
	datadep: 
	instructions:
		 0: RETURN %self[2.0,] 
BB 6
	outgoing: 9 
	datadep: 
	instructions:
		 0: RETURN %cl_1_5[4.1,] %self[2.0,] 
BB 7
	outgoing: 9 
	datadep: 
	instructions:
		 0: def_%cl_1_6 
		 1: def_%cl_1_7 %cl_1_6[7.0,] 
		 2: RETURN %cl_1_7[7.1,] %self[2.0,] 
BB 9
	outgoing: 
	datadep: 
	instructions:
CLOSURE END: 
		 11: RETURN %v_5[2.10,] %self[2.0,] 
BB 3
	outgoing: 
	datadep: 
	instructions:

SET IRMethod, name = notify_after_initialize instanceMethod = true
BB 1
	outgoing: 3 2 
	datadep: 
	instructions:
BB 2
	outgoing: 3 
	datadep: 
	instructions:
		 0: def_%self 
		 1: def_%v_0 
		 2: COPY TYPE_CurrentScope def_%current_scope 
		 3: COPY TYPE_ScopeModule def_%current_module 
		 4: 
		 5: 
		 6: %self->color_schemes def_%v_3 %self[2.0,] 	 SYMBOL:	 ARGS:
		 7: %v_3->each def_%v_4 %v_3[2.6,] %self[2.0,2.6,] 	 SYMBOL:	 ARGS:%v_3,
CLOSURE BEGIN: c[] 
BB 1
	outgoing: 9 2 
	datadep: 
	instructions:
BB 2
	outgoing: 3 
	datadep: 
	instructions:
		 0: def_%self 
		 1: def_%cl_1_0 
		 2: RECEIVEARG def_c 
		 3: COPY TYPE_CurrentScope def_%current_scope 
		 4: COPY TYPE_ScopeModule def_%current_module 
BB 3
	outgoing: 4 5 7 
	datadep: 
	instructions:
		 0: 
		 1: (ColorScheme) def_%cl_1_3 
		 2: c->[] def_%cl_1_4 c[2.2,] 	 SYMBOL:name,	 ARGS:Symbol,
		 3: HASH-name- def_%cl_1_5 %cl_1_4[3.2,] 
		 4: %cl_1_3->where def_%cl_1_6 %cl_1_3[3.1,] %cl_1_5[3.3,] 	 SYMBOL:	 ARGS:%cl_1_5,
		 5: %cl_1_6->exists? def_%cl_1_7 %cl_1_6[3.4,] 	 SYMBOL:	 ARGS:
		 6: BRANCH %cl_1_7[3.5,] 
BB 4
	outgoing: 9 
	datadep: 
	instructions:
		 0: COPY TYPE_Nil def_%cl_1_8 
		 1: RETURN %cl_1_8[4.0,] %self[2.0,] 
BB 5
	outgoing: 7 9 
	datadep: 
	instructions:
		 0: (ColorScheme) def_%cl_1_9 
		 1: c->[] def_%cl_1_10 c[2.2,] 	 SYMBOL:name,	 ARGS:Symbol,
		 2: c->[] def_%cl_1_11 c[5.1,2.2,] 	 SYMBOL:colors,	 ARGS:Symbol,
		 3: HASH-name-colors- def_%cl_1_12 %cl_1_10[5.1,] %cl_1_11[5.2,] 
		 4: %cl_1_9->create_from_base def_%cl_1_13 %cl_1_9[5.0,] %cl_1_12[5.3,] 	 SYMBOL:	 ARGS:%cl_1_12,
		 5: RETURN %cl_1_13[5.4,] %self[2.0,] 
BB 7
	outgoing: 9 
	datadep: 
	instructions:
		 0: def_%cl_1_14 
		 1: def_%cl_1_15 %cl_1_14[7.0,] 
		 2: RETURN %cl_1_15[7.1,] %self[2.0,] 
BB 9
	outgoing: 
	datadep: 
	instructions:
CLOSURE END: 
		 8: 
		 9: %self->initializers def_%v_5 %self[2.0,2.6,] 	 SYMBOL:	 ARGS:
		 10: %v_5->each def_%v_6 %v_5[2.9,] %self[2.0,2.6,2.9,] 	 SYMBOL:	 ARGS:%v_5,
CLOSURE BEGIN: callback[] %self[2.0,2.6,2.9,] e[] 
BB 1
	outgoing: 20 2 
	datadep: 
	instructions:
BB 2
	outgoing: 4 
	datadep: 
	instructions:
		 0: def_%self 
		 1: def_%cl_2_0 
		 2: RECEIVEARG def_callback 
		 3: COPY TYPE_CurrentScope def_%current_scope 
		 4: COPY TYPE_ScopeModule def_%current_module 
		 5: 
		 6: GLOBALVAR $! def_%cl_2_3 
BB 4
	outgoing: 6 7 
	datadep: 
	instructions:
		 0: 
		 1: 
		 2: callback->call def_%cl_2_6 callback[2.2,] %self[2.0,] 	 SYMBOL:	 ARGS:%self,
		 3: COPY TYPE_PASS def_%cl_2_5 %cl_2_6[4.2,] 
		 4: %cl_2_3[2.6,] 
BB 6
	outgoing: 17 
	datadep: 
	instructions:
		 0: 
BB 7
	outgoing: 8 9 16 
	datadep: 
	instructions:
		 0: def_%cl_2_7 
		 1: (ActiveRecord) def_%cl_2_8 
		 2: (inherit StatementInvalid) def_%cl_2_9 %cl_2_8[7.1,] 
		 3: %cl_2_9[7.2,] 
BB 8
	outgoing: 9 16 
	datadep: 
	instructions:
		 0: %cl_2_8->const_missing def_%cl_2_9 %cl_2_8[7.1,] 	 SYMBOL:StatementInvalid,	 ARGS:Symbol,
BB 9
	outgoing: 10 11 16 
	datadep: 
	instructions:
		 0: def_%cl_2_10 %cl_2_9[8.0,7.2,] %cl_2_7[7.0,] 
		 1: BRANCH %cl_2_10[9.0,] 
BB 10
	outgoing: 16 20 
	datadep: 
	instructions:
		 0: %cl_2_7[7.0,] 
BB 11
	outgoing: 12 13 16 
	datadep: 
	instructions:
		 0: GLOBALVAR $! def_%cl_2_11 
		 1: COPY TYPE_PASS def_e %cl_2_11[11.0,] 
		 2: 
		 3: %cl_2_11->message def_%cl_2_12 %cl_2_11[11.0,] 	 SYMBOL:	 ARGS:
		 4: COPY TYPE_StringLiteral "PG::UndefinedTable" def_%cl_2_13 
		 5: %cl_2_12->try def_%cl_2_14 %cl_2_12[11.3,] %cl_2_13[11.4,] 	 SYMBOL:include?,	 ARGS:Symbol,%cl_2_13,
		 6: BRANCH %cl_2_14[11.5,] 
BB 12
	outgoing: 14 
	datadep: 
	instructions:
		 0: COPY TYPE_Nil def_%cl_2_15 
		 1: 
BB 13
	outgoing: 14 16 
	datadep: 
	instructions:
		 0: %self->raise def_%cl_2_16 %self[2.0,] e[11.1,] 	 SYMBOL:	 ARGS:e,
		 1: COPY TYPE_PASS def_%cl_2_15 %cl_2_16[13.0,] 
BB 14
	outgoing: 15 16 
	datadep: 
	instructions:
		 0: COPY TYPE_PASS def_%cl_2_5 %cl_2_15[13.1,12.0,] 
		 1: %cl_2_3[2.6,] 
BB 15
	outgoing: 17 
	datadep: 
	instructions:
		 0: 
BB 16
	outgoing: 18 20 
	datadep: 
	instructions:
		 0: def_%cl_2_17 
		 1: def_%cl_2_18 %cl_2_17[16.0,] %cl_2_3[2.6,] 
		 2: %cl_2_17[16.0,] 
BB 17
	outgoing: 20 
	datadep: 
	instructions:
		 0: RETURN %cl_2_5[4.3,14.0,] %self[2.0,] 
BB 18
	outgoing: 20 
	datadep: 
	instructions:
		 0: def_%cl_2_19 
		 1: def_%cl_2_20 %cl_2_19[18.0,] 
		 2: RETURN %cl_2_20[18.1,] %self[2.0,] 
BB 20
	outgoing: 
	datadep: 
	instructions:
CLOSURE END: e[11.1,] 
		 11: RETURN %v_6[2.10,] %self[2.0,2.6,2.9,] 
BB 3
	outgoing: 
	datadep: 
	instructions:

SET IRMethod, name = listen_for instanceMethod = true
BB 1
	outgoing: 6 2 
	datadep: 
	instructions:
BB 2
	outgoing: 3 4 
	datadep: 
	instructions:
		 0: def_%self 
		 1: def_%v_0 
		 2: COPY TYPE_CurrentScope def_%current_scope 
		 3: COPY TYPE_ScopeModule def_%current_module 
		 4: 
		 5: RECEIVEARG def_event_name 
		 6: 
		 7: %self->respond_to? def_%v_3 %self[2.0,] event_name[2.5,] 	 SYMBOL:	 ARGS:event_name,
		 8: BRANCH %v_3[2.7,] 
BB 3
	outgoing: 6 
	datadep: 
	instructions:
		 0: COPY TYPE_Nil def_%v_4 
		 1: 
		 2: (DiscourseEvent) def_%v_5 
		 3: %self->method def_%v_6 %self[2.0,] event_name[2.5,] 	 SYMBOL:	 ARGS:event_name,
		 4: %v_5->on def_%v_7 %v_5[3.2,] event_name[2.5,] %v_6[3.3,] 	 SYMBOL:	 ARGS:event_name,
		 5: RETURN %v_7[3.4,] %self[3.3,2.0,] 
BB 4
	outgoing: 6 
	datadep: 
	instructions:
		 0: RETURN %self[2.0,] 
BB 6
	outgoing: 
	datadep: 
	instructions:

SET IRMethod, name = register_css instanceMethod = true
BB 1
	outgoing: 3 2 
	datadep: 
	instructions:
BB 2
	outgoing: 3 
	datadep: 
	instructions:
		 0: def_%self 
		 1: def_%v_0 
		 2: COPY TYPE_CurrentScope def_%current_scope 
		 3: COPY TYPE_ScopeModule def_%current_module 
		 4: 
		 5: RECEIVEARG def_style 
		 6: 
		 7: %self->styles def_%v_3 %self[2.0,] 	 SYMBOL:	 ARGS:
		 8: %v_3-><< def_%v_4 %v_3[2.7,] style[2.5,] 	 SYMBOL:	 ARGS:style,
		 9: RETURN %v_4[2.8,] %self[2.0,2.7,] 
BB 3
	outgoing: 
	datadep: 
	instructions:

SET IRMethod, name = register_javascript instanceMethod = true
BB 1
	outgoing: 3 2 
	datadep: 
	instructions:
BB 2
	outgoing: 3 
	datadep: 
	instructions:
		 0: def_%self 
		 1: def_%v_0 
		 2: COPY TYPE_CurrentScope def_%current_scope 
		 3: COPY TYPE_ScopeModule def_%current_module 
		 4: 
		 5: RECEIVEARG def_js 
		 6: 
		 7: %self->javascripts def_%v_3 %self[2.0,] 	 SYMBOL:	 ARGS:
		 8: %v_3-><< def_%v_4 %v_3[2.7,] js[2.5,] 	 SYMBOL:	 ARGS:js,
		 9: RETURN %v_4[2.8,] %self[2.0,2.7,] 
BB 3
	outgoing: 
	datadep: 
	instructions:

SET IRMethod, name = register_custom_html instanceMethod = true
BB 1
	outgoing: 5 2 
	datadep: 
	instructions:
BB 2
	outgoing: 3 4 
	datadep: 
	instructions:
		 0: def_%self 
		 1: def_%v_0 
		 2: COPY TYPE_CurrentScope def_%current_scope 
		 3: COPY TYPE_ScopeModule def_%current_module 
		 4: 
		 5: RECEIVEARG def_hash 
		 6: 
		 7: (DiscoursePluginRegistry) def_%v_5 
		 8: %v_5->custom_html def_%v_3 %v_5[2.7,] 	 SYMBOL:	 ARGS:
		 9: BRANCH %v_3[2.8,] 
BB 3
	outgoing: 4 
	datadep: 
	instructions:
		 0: HASH- def_%v_6 
		 1: %v_5->custom_html= def_%v_4 %v_6[3.0,] 	 SYMBOL:	 ARGS:%v_6,
		 2: COPY TYPE_PASS def_%v_3 %v_6[3.0,] 
BB 4
	outgoing: 5 
	datadep: 
	instructions:
		 0: 
		 1: (DiscoursePluginRegistry) def_%v_7 
		 2: %v_7->custom_html def_%v_8 %v_7[4.1,] 	 SYMBOL:	 ARGS:
		 3: %v_8->merge! def_%v_9 %v_8[4.2,] hash[2.5,] 	 SYMBOL:	 ARGS:hash,
		 4: RETURN %v_9[4.3,] %self[2.0,] 
BB 5
	outgoing: 
	datadep: 
	instructions:

SET IRMethod, name = register_asset instanceMethod = true
BB 1
	outgoing: 5 2 
	datadep: 
	instructions:
BB 2
	outgoing: 3 4 
	datadep: 
	instructions:
		 0: def_%self 
		 1: def_%v_0 
		 2: COPY TYPE_CurrentScope def_%current_scope 
		 3: COPY TYPE_ScopeModule def_%current_module 
		 4: 
		 5: RECEIVEARG def_file 
		 6: RECEIVECONSTARG def_opts 
		 7: opts[2.6,] 
BB 3
	outgoing: 4 
	datadep: 
	instructions:
		 0: COPY TYPE_Nil def_opts 
BB 4
	outgoing: 5 
	datadep: 
	instructions:
		 0: 
		 1: (File) def_%v_3 
		 2: %self->path def_%v_4 %self[2.0,] 	 SYMBOL:	 ARGS:
		 3: %v_3->dirname def_%v_5 %v_3[4.1,] %v_4[4.2,] 	 SYMBOL:	 ARGS:%v_4,
		 4: COPY TYPE_StringLiteral "/assets/" def_%v_6 
		 5: %v_5-><< def_%v_7 %v_5[4.3,] %v_6[4.4,] 	 SYMBOL:	 ARGS:%v_6,
		 6: %v_7-><< def_%v_8 %v_7[4.5,] file[2.5,] 	 SYMBOL:	 ARGS:file,
		 7: COPY TYPE_PASS def_full_path %v_8[4.6,] 
		 8: 
		 9: %self->assets def_%v_9 %self[4.2,2.0,] 	 SYMBOL:	 ARGS:
		 10: COPY TYPE_Array def_%v_10 full_path[4.7,] opts[3.0,2.6,] 
		 11: %v_9-><< def_%v_11 %v_9[4.9,] %v_10[4.10,] 	 SYMBOL:	 ARGS:%v_10,
		 12: RETURN %v_11[4.11,] %self[4.2,4.9,2.0,] 
BB 5
	outgoing: 
	datadep: 
	instructions:

SET IRMethod, name = register_color_scheme instanceMethod = true
BB 1
	outgoing: 3 2 
	datadep: 
	instructions:
BB 2
	outgoing: 3 
	datadep: 
	instructions:
		 0: def_%self 
		 1: def_%v_0 
		 2: COPY TYPE_CurrentScope def_%current_scope 
		 3: COPY TYPE_ScopeModule def_%current_module 
		 4: 
		 5: RECEIVEARG def_name 
		 6: RECEIVEARG def_colors 
		 7: 
		 8: %self->color_schemes def_%v_3 %self[2.0,] 	 SYMBOL:	 ARGS:
		 9: HASH-name-colors- def_%v_4 name[2.5,] colors[2.6,] 
		 10: %v_3-><< def_%v_5 %v_3[2.8,] %v_4[2.9,] 	 SYMBOL:	 ARGS:%v_4,
		 11: RETURN %v_5[2.10,] %self[2.0,2.8,] 
BB 3
	outgoing: 
	datadep: 
	instructions:

SET IRMethod, name = register_seed_data instanceMethod = true
BB 1
	outgoing: 3 2 
	datadep: 
	instructions:
BB 2
	outgoing: 3 
	datadep: 
	instructions:
		 0: def_%self 
		 1: def_%v_0 
		 2: COPY TYPE_CurrentScope def_%current_scope 
		 3: COPY TYPE_ScopeModule def_%current_module 
		 4: 
		 5: RECEIVEARG def_key 
		 6: RECEIVEARG def_value 
		 7: 
		 8: %self->seed_data def_%v_3 %self[2.0,] 	 SYMBOL:	 ARGS:
		 9: ATTRASSIGN %v_3->[] key[2.5,] value[2.6,] 
		 10: RETURN value[2.6,] %self[2.0,2.8,] 
BB 3
	outgoing: 
	datadep: 
	instructions:

SET IRMethod, name = register_emoji instanceMethod = true
BB 1
	outgoing: 3 2 
	datadep: 
	instructions:
BB 2
	outgoing: 3 
	datadep: 
	instructions:
		 0: def_%self 
		 1: def_%v_0 
		 2: COPY TYPE_CurrentScope def_%current_scope 
		 3: COPY TYPE_ScopeModule def_%current_module 
		 4: 
		 5: RECEIVEARG def_name 
		 6: RECEIVEARG def_url 
		 7: 
		 8: %self->emojis def_%v_3 %self[2.0,] 	 SYMBOL:	 ARGS:
		 9: ATTRASSIGN %v_3->[] name[2.5,] url[2.6,] 
		 10: RETURN url[2.6,] %self[2.0,2.8,] 
BB 3
	outgoing: 
	datadep: 
	instructions:

SET IRMethod, name = automatic_assets instanceMethod = true
BB 1
	outgoing: 12 2 
	datadep: 
	instructions:
BB 2
	outgoing: 3 4 
	datadep: 
	instructions:
		 0: def_%self 
		 1: def_%v_0 
		 2: COPY TYPE_CurrentScope def_%current_scope 
		 3: COPY TYPE_ScopeModule def_%current_module 
		 4: 
		 5: 
		 6: %self->styles def_%v_3 %self[2.0,] 	 SYMBOL:	 ARGS:
		 7: COPY TYPE_StringLiteral "
" def_%v_4 
		 8: %v_3->join def_%v_5 %v_3[2.6,] %v_4[2.7,] 	 SYMBOL:	 ARGS:%v_4,
		 9: COPY TYPE_PASS def_css %v_5[2.8,] 
		 10: 
		 11: %self->javascripts def_%v_6 %self[2.0,2.6,] 	 SYMBOL:	 ARGS:
		 12: COPY TYPE_StringLiteral "
" def_%v_7 
		 13: %v_6->join def_%v_8 %v_6[2.11,] %v_7[2.12,] 	 SYMBOL:	 ARGS:%v_7,
		 14: COPY TYPE_PASS def_js %v_8[2.13,] 
		 15: 
		 16: %self->auth_providers def_%v_9 %self[2.0,2.6,2.11,] 	 SYMBOL:	 ARGS:
		 17: %v_9->each def_%v_10 %v_9[2.16,] %self[2.0,2.6,2.11,2.16,] 	 SYMBOL:	 ARGS:%v_9,
CLOSURE BEGIN: auth[] js[2.14,] css[2.9,] 
BB 1
	outgoing: 12 2 
	datadep: 
	instructions:
BB 2
	outgoing: 3 
	datadep: 
	instructions:
		 0: def_%self 
		 1: def_%cl_1_0 
		 2: RECEIVEARG def_auth 
		 3: COPY TYPE_CurrentScope def_%current_scope 
		 4: COPY TYPE_ScopeModule def_%current_module 
BB 3
	outgoing: 4 5 10 
	datadep: 
	instructions:
		 0: 
		 1: COPY TYPE_StringLiteral "Discourse.LoginMethod.register(Discourse.LoginMethod.create(" def_%cl_1_3 
		 2: auth->to_json def_%cl_1_4 auth[2.2,] 	 SYMBOL:	 ARGS:
		 3: COPY TYPE_StringLiteral "));
" def_%cl_1_5 
		 4: BUILDSTRING def_%cl_1_6 %cl_1_3[3.1,] %cl_1_4[3.2,] %cl_1_5[3.3,] 
		 5: js-><< def_%cl_1_7 js[] %cl_1_6[3.4,] 	 SYMBOL:	 ARGS:%cl_1_6,
		 6: 
		 7: auth->glyph def_%cl_1_8 auth[3.2,2.2,] 	 SYMBOL:	 ARGS:
		 8: BRANCH %cl_1_8[3.7,] 
BB 4
	outgoing: 6 10 
	datadep: 
	instructions:
		 0: 
		 1: COPY TYPE_StringLiteral ".btn-social." def_%cl_1_9 
		 2: auth->name def_%cl_1_10 auth[2.2,] 	 SYMBOL:	 ARGS:
		 3: COPY TYPE_StringLiteral ":before{ content: '" def_%cl_1_11 
		 4: auth->glyph def_%cl_1_12 auth[4.2,2.2,] 	 SYMBOL:	 ARGS:
		 5: COPY TYPE_StringLiteral "'; }
" def_%cl_1_13 
		 6: BUILDSTRING def_%cl_1_14 %cl_1_9[4.1,] %cl_1_10[4.2,] %cl_1_11[4.3,] %cl_1_12[4.4,] %cl_1_13[4.5,] 
		 7: css-><< def_%cl_1_15 css[] %cl_1_14[4.6,] 	 SYMBOL:	 ARGS:%cl_1_14,
		 8: 
BB 5
	outgoing: 6 
	datadep: 
	instructions:
		 0: COPY TYPE_Nil def_%cl_1_15 
BB 6
	outgoing: 7 8 10 
	datadep: 
	instructions:
		 0: 
		 1: auth->background_color def_%cl_1_16 auth[2.2,] 	 SYMBOL:	 ARGS:
		 2: BRANCH %cl_1_16[6.1,] 
BB 7
	outgoing: 9 10 
	datadep: 
	instructions:
		 0: 
		 1: COPY TYPE_StringLiteral ".btn-social." def_%cl_1_17 
		 2: auth->name def_%cl_1_18 auth[2.2,] 	 SYMBOL:	 ARGS:
		 3: COPY TYPE_StringLiteral "{ background: " def_%cl_1_19 
		 4: auth->background_color def_%cl_1_20 auth[7.2,2.2,] 	 SYMBOL:	 ARGS:
		 5: COPY TYPE_StringLiteral "; }
" def_%cl_1_21 
		 6: BUILDSTRING def_%cl_1_22 %cl_1_17[7.1,] %cl_1_18[7.2,] %cl_1_19[7.3,] %cl_1_20[7.4,] %cl_1_21[7.5,] 
		 7: css-><< def_%cl_1_23 css[] %cl_1_22[7.6,] 	 SYMBOL:	 ARGS:%cl_1_22,
		 8: 
BB 8
	outgoing: 12 
	datadep: 
	instructions:
		 0: RETURN %self[2.0,] 
BB 9
	outgoing: 12 
	datadep: 
	instructions:
		 0: RETURN %cl_1_23[7.7,] %self[2.0,] 
BB 10
	outgoing: 12 
	datadep: 
	instructions:
		 0: def_%cl_1_24 
		 1: def_%cl_1_25 %cl_1_24[10.0,] 
		 2: RETURN %cl_1_25[10.1,] %self[2.0,] 
BB 12
	outgoing: 
	datadep: 
	instructions:
CLOSURE END: 
		 18: 
		 19: js->present? def_%v_11 js[2.14,] 	 SYMBOL:	 ARGS:
		 20: BRANCH %v_11[2.19,] 
BB 3
	outgoing: 5 
	datadep: 
	instructions:
		 0: COPY TYPE_StringLiteral "(function(){" def_%v_12 
		 1: COPY TYPE_StringLiteral "})();" def_%v_13 
		 2: BUILDSTRING def_%v_14 %v_12[3.0,] js[2.14,] %v_13[3.1,] 
		 3: COPY TYPE_PASS def_js %v_14[3.2,] 
		 4: 
BB 4
	outgoing: 5 
	datadep: 
	instructions:
		 0: COPY TYPE_Nil def_%v_14 
BB 5
	outgoing: 6 7 
	datadep: 
	instructions:
		 0: 
		 1: COPY TYPE_Array def_%v_15 
		 2: COPY TYPE_PASS def_result %v_15[5.1,] 
		 3: 
		 4: css->present? def_%v_16 css[2.9,] 	 SYMBOL:	 ARGS:
		 5: BRANCH %v_16[5.4,] 
BB 6
	outgoing: 8 
	datadep: 
	instructions:
		 0: COPY TYPE_StringLiteral "css" def_%v_17 
		 1: COPY TYPE_Array def_%v_18 css[2.9,] %v_17[6.0,] 
		 2: result-><< def_%v_19 result[5.2,] %v_18[6.1,] 	 SYMBOL:	 ARGS:%v_18,
		 3: 
BB 7
	outgoing: 8 
	datadep: 
	instructions:
		 0: COPY TYPE_Nil def_%v_19 
BB 8
	outgoing: 9 10 
	datadep: 
	instructions:
		 0: 
		 1: js->present? def_%v_20 js[3.3,2.14,] 	 SYMBOL:	 ARGS:
		 2: BRANCH %v_20[8.1,] 
BB 9
	outgoing: 11 
	datadep: 
	instructions:
		 0: COPY TYPE_StringLiteral "js" def_%v_21 
		 1: COPY TYPE_Array def_%v_22 js[3.3,2.14,] %v_21[9.0,] 
		 2: result-><< def_%v_23 result[5.2,] %v_22[9.1,] 	 SYMBOL:	 ARGS:%v_22,
		 3: 
BB 10
	outgoing: 11 
	datadep: 
	instructions:
		 0: COPY TYPE_Nil def_%v_23 
BB 11
	outgoing: 12 
	datadep: 
	instructions:
		 0: 
		 1: result->map def_%v_24 result[5.2,] %self[2.0,] 	 SYMBOL:	 ARGS:result,
CLOSURE BEGIN: asset[] %self[2.0,] hash[] extension[] 
BB 1
	outgoing: 8 2 
	datadep: 
	instructions:
BB 2
	outgoing: 3 
	datadep: 
	instructions:
		 0: def_%self 
		 1: def_%cl_2_0 
		 2: RECEIVEARG def_asset 
		 3: RECEIVEARG def_extension 
		 4: COPY TYPE_CurrentScope def_%current_scope 
		 5: COPY TYPE_ScopeModule def_%current_module 
BB 3
	outgoing: 4 5 6 
	datadep: 
	instructions:
		 0: 
		 1: (Digest) def_%cl_2_3 
		 2: (inherit SHA1) def_%cl_2_4 %cl_2_3[3.1,] 
		 3: %cl_2_4[3.2,] 
BB 4
	outgoing: 5 6 
	datadep: 
	instructions:
		 0: %cl_2_3->const_missing def_%cl_2_4 %cl_2_3[3.1,] 	 SYMBOL:SHA1,	 ARGS:Symbol,
BB 5
	outgoing: 6 8 
	datadep: 
	instructions:
		 0: %cl_2_4->hexdigest def_%cl_2_5 %cl_2_4[4.0,3.2,] asset[2.2,] 	 SYMBOL:	 ARGS:asset,
		 1: COPY TYPE_PASS def_hash %cl_2_5[5.0,] 
		 2: 
		 3: %self->auto_generated_path def_%cl_2_6 %self[2.0,] 	 SYMBOL:	 ARGS:
		 4: COPY TYPE_StringLiteral "/plugin_" def_%cl_2_7 
		 5: COPY TYPE_StringLiteral "." def_%cl_2_8 
		 6: BUILDSTRING def_%cl_2_9 %cl_2_6[5.3,] %cl_2_7[5.4,] hash[5.1,] %cl_2_8[5.5,] extension[2.3,] 
		 7: COPY TYPE_Array def_%cl_2_10 %cl_2_9[5.6,] asset[2.2,] 
		 8: RETURN %cl_2_10[5.7,] %self[5.3,2.0,] 
BB 6
	outgoing: 8 
	datadep: 
	instructions:
		 0: def_%cl_2_11 
		 1: def_%cl_2_12 %cl_2_11[6.0,] 
		 2: RETURN %cl_2_12[6.1,] %self[2.0,] 
BB 8
	outgoing: 
	datadep: 
	instructions:
CLOSURE END: extension[2.3,] hash[5.1,] 
		 2: RETURN %v_24[11.1,] %self[2.0,] 
BB 12
	outgoing: 
	datadep: 
	instructions:

SET IRMethod, name = automatic_server_assets instanceMethod = true
BB 1
	outgoing: 17 2 
	datadep: 
	instructions:
BB 2
	outgoing: 3 4 
	datadep: 
	instructions:
		 0: def_%self 
		 1: def_%v_0 
		 2: COPY TYPE_CurrentScope def_%current_scope 
		 3: COPY TYPE_ScopeModule def_%current_module 
		 4: 
		 5: 
		 6: COPY TYPE_StringLiteral "" def_%v_3 
		 7: COPY TYPE_PASS def_js %v_3[2.6,] 
		 8: 
		 9: %self->emojis def_%v_4 %self[2.0,] 	 SYMBOL:	 ARGS:
		 10: %v_4->blank? def_%v_5 %v_4[2.9,] 	 SYMBOL:	 ARGS:
		 11: BRANCH %v_5[2.10,] 
BB 3
	outgoing: 11 
	datadep: 
	instructions:
		 0: COPY TYPE_Nil def_%v_6 
		 1: 
BB 4
	outgoing: 5 6 
	datadep: 
	instructions:
		 0: 
		 1: COPY TYPE_StringLiteral "Discourse.Emoji.addCustomEmojis(function() {" def_%v_7 
		 2: js-><< def_%v_8 js[2.7,] %v_7[4.1,] 	 SYMBOL:	 ARGS:%v_7,
		 3: COPY TYPE_StringLiteral "
" def_%v_9 
		 4: %v_8-><< def_%v_10 %v_8[4.2,] %v_9[4.3,] 	 SYMBOL:	 ARGS:%v_9,
		 5: 
		 6: GETFIELD %self->enabled_site_setting def_%v_11 %self[2.0,] 
		 7: %v_11->present? def_%v_12 %v_11[4.6,] 	 SYMBOL:	 ARGS:
		 8: BRANCH %v_12[4.7,] 
BB 5
	outgoing: 7 
	datadep: 
	instructions:
		 0: 
		 1: COPY TYPE_StringLiteral "if (Discourse.SiteSettings." def_%v_13 
		 2: GETFIELD %self->enabled_site_setting def_%v_14 %self[2.0,] 
		 3: COPY TYPE_StringLiteral ") {" def_%v_15 
		 4: BUILDSTRING def_%v_16 %v_13[5.1,] %v_14[5.2,] %v_15[5.3,] 
		 5: js-><< def_%v_17 js[2.7,] %v_16[5.4,] 	 SYMBOL:	 ARGS:%v_16,
		 6: COPY TYPE_StringLiteral "
" def_%v_18 
		 7: %v_17-><< def_%v_19 %v_17[5.5,] %v_18[5.6,] 	 SYMBOL:	 ARGS:%v_18,
		 8: 
BB 6
	outgoing: 7 
	datadep: 
	instructions:
		 0: COPY TYPE_Nil def_%v_19 
BB 7
	outgoing: 8 9 
	datadep: 
	instructions:
		 0: 
		 1: %self->emojis def_%v_20 %self[2.0,] 	 SYMBOL:	 ARGS:
		 2: %v_20->each def_%v_21 %v_20[7.1,] %self[7.1,2.0,] 	 SYMBOL:	 ARGS:%v_20,
CLOSURE BEGIN: name[] url[] js[2.7,] 
BB 1
	outgoing: 6 2 
	datadep: 
	instructions:
BB 2
	outgoing: 3 
	datadep: 
	instructions:
		 0: def_%self 
		 1: def_%cl_1_0 
		 2: RECEIVEARG def_name 
		 3: RECEIVEARG def_url 
		 4: COPY TYPE_CurrentScope def_%current_scope 
		 5: COPY TYPE_ScopeModule def_%current_module 
BB 3
	outgoing: 4 6 
	datadep: 
	instructions:
		 0: 
		 1: COPY TYPE_StringLiteral "Discourse.Dialect.registerEmoji('" def_%cl_1_3 
		 2: COPY TYPE_StringLiteral "', '" def_%cl_1_4 
		 3: COPY TYPE_StringLiteral "');" def_%cl_1_5 
		 4: BUILDSTRING def_%cl_1_6 %cl_1_3[3.1,] name[2.2,] %cl_1_4[3.2,] url[2.3,] %cl_1_5[3.3,] 
		 5: js-><< def_%cl_1_7 js[] %cl_1_6[3.4,] 	 SYMBOL:	 ARGS:%cl_1_6,
		 6: COPY TYPE_StringLiteral "
" def_%cl_1_8 
		 7: %cl_1_7-><< def_%cl_1_9 %cl_1_7[3.5,] %cl_1_8[3.6,] 	 SYMBOL:	 ARGS:%cl_1_8,
		 8: RETURN %cl_1_9[3.7,] %self[2.0,] 
BB 4
	outgoing: 6 
	datadep: 
	instructions:
		 0: def_%cl_1_10 
		 1: def_%cl_1_11 %cl_1_10[4.0,] 
		 2: RETURN %cl_1_11[4.1,] %self[2.0,] 
BB 6
	outgoing: 
	datadep: 
	instructions:
CLOSURE END: url[2.3,] 
		 3: 
		 4: GETFIELD %self->enabled_site_setting def_%v_22 %self[7.1,2.0,] 
		 5: %v_22->present? def_%v_23 %v_22[7.4,] 	 SYMBOL:	 ARGS:
		 6: BRANCH %v_23[7.5,] 
BB 8
	outgoing: 10 
	datadep: 
	instructions:
		 0: 
		 1: COPY TYPE_StringLiteral "}" def_%v_24 
		 2: js-><< def_%v_25 js[2.7,] %v_24[8.1,] 	 SYMBOL:	 ARGS:%v_24,
		 3: COPY TYPE_StringLiteral "
" def_%v_26 
		 4: %v_25-><< def_%v_27 %v_25[8.2,] %v_26[8.3,] 	 SYMBOL:	 ARGS:%v_26,
		 5: 
BB 9
	outgoing: 10 
	datadep: 
	instructions:
		 0: COPY TYPE_Nil def_%v_27 
BB 10
	outgoing: 11 
	datadep: 
	instructions:
		 0: 
		 1: COPY TYPE_StringLiteral "});" def_%v_28 
		 2: js-><< def_%v_29 js[2.7,] %v_28[10.1,] 	 SYMBOL:	 ARGS:%v_28,
		 3: COPY TYPE_StringLiteral "
" def_%v_30 
		 4: %v_29-><< def_%v_31 %v_29[10.2,] %v_30[10.3,] 	 SYMBOL:	 ARGS:%v_30,
		 5: COPY TYPE_PASS def_%v_6 %v_31[10.4,] 
BB 11
	outgoing: 12 15 
	datadep: 
	instructions:
		 0: 
		 1: COPY TYPE_Array def_%v_32 
		 2: COPY TYPE_PASS def_result %v_32[11.1,] 
		 3: 
		 4: js->present? def_%v_33 js[2.7,] 	 SYMBOL:	 ARGS:
		 5: BRANCH %v_33[11.4,] 
BB 12
	outgoing: 13 14 
	datadep: 
	instructions:
		 0: 
		 1: COPY TYPE_StringLiteral "(function(){" def_%v_34 
		 2: COPY TYPE_StringLiteral "})();" def_%v_35 
		 3: BUILDSTRING def_%v_36 %v_34[12.1,] js[2.7,] %v_35[12.2,] 
		 4: COPY TYPE_PASS def_asset %v_36[12.3,] 
		 5: 
		 6: (Digest) def_%v_37 
		 7: (inherit SHA1) def_%v_38 %v_37[12.6,] 
		 8: %v_38[12.7,] 
BB 13
	outgoing: 14 
	datadep: 
	instructions:
		 0: %v_37->const_missing def_%v_38 %v_37[12.6,] 	 SYMBOL:SHA1,	 ARGS:Symbol,
BB 14
	outgoing: 16 
	datadep: 
	instructions:
		 0: %v_38->hexdigest def_%v_39 %v_38[13.0,12.7,] asset[12.4,] 	 SYMBOL:	 ARGS:asset,
		 1: COPY TYPE_PASS def_hash %v_39[14.0,] 
		 2: 
		 3: %self->auto_generated_path def_%v_40 %self[2.0,] 	 SYMBOL:	 ARGS:
		 4: COPY TYPE_StringLiteral "/plugin_" def_%v_41 
		 5: COPY TYPE_StringLiteral ".js" def_%v_42 
		 6: BUILDSTRING def_%v_43 %v_40[14.3,] %v_41[14.4,] hash[14.1,] %v_42[14.5,] 
		 7: COPY TYPE_Array def_%v_44 %v_43[14.6,] asset[12.4,] 
		 8: result-><< def_%v_45 result[11.2,] %v_44[14.7,] 	 SYMBOL:	 ARGS:%v_44,
		 9: 
BB 15
	outgoing: 16 
	datadep: 
	instructions:
		 0: COPY TYPE_Nil def_%v_45 
BB 16
	outgoing: 17 
	datadep: 
	instructions:
		 0: 
		 1: RETURN result[11.2,] %self[2.0,] 
BB 17
	outgoing: 
	datadep: 
	instructions:

SET IRMethod, name = activate! instanceMethod = true
BB 1
	outgoing: 15 2 
	datadep: 
	instructions:
BB 2
	outgoing: 3 4 
	datadep: 
	instructions:
		 0: def_%self 
		 1: def_%v_0 
		 2: COPY TYPE_CurrentScope def_%current_scope 
		 3: COPY TYPE_ScopeModule def_%current_module 
		 4: 
		 5: 
		 6: 
		 7: GETFIELD %self->path def_%v_3 %self[2.0,] 
		 8: BRANCH %v_3[2.7,] 
BB 3
	outgoing: 5 
	datadep: 
	instructions:
		 0: 
		 1: (File) def_%v_4 
		 2: GETFIELD %self->path def_%v_5 %self[2.0,] 
		 3: %v_4->dirname def_%v_6 %v_4[3.1,] %v_5[3.2,] 	 SYMBOL:	 ARGS:%v_5,
		 4: COPY TYPE_StringLiteral "/assets/javascripts" def_%v_7 
		 5: BUILDSTRING def_%v_8 %v_6[3.3,] %v_7[3.4,] 
		 6: COPY TYPE_PASS def_root_path %v_8[3.5,] 
		 7: 
		 8: (DiscoursePluginRegistry) def_%v_9 
		 9: COPY TYPE_StringLiteral "js.es6" def_%v_10 
		 10: %v_9->register_glob def_%v_11 %v_9[3.8,] %v_8[3.5,] %v_10[3.9,] 	 SYMBOL:	 ARGS:root_path,%v_10,
		 11: 
		 12: (DiscoursePluginRegistry) def_%v_12 
		 13: COPY TYPE_StringLiteral "hbs" def_%v_13 
		 14: %v_12->register_glob def_%v_14 %v_12[3.12,] root_path[3.6,] %v_13[3.13,] 	 SYMBOL:	 ARGS:root_path,%v_13,
		 15: 
		 16: (File) def_%v_15 
		 17: GETFIELD %self->path def_%v_16 %self[2.0,] 
		 18: %v_15->dirname def_%v_17 %v_15[3.16,] %v_16[3.17,] 	 SYMBOL:	 ARGS:%v_16,
		 19: COPY TYPE_StringLiteral "/admin/assets/javascripts" def_%v_18 
		 20: BUILDSTRING def_%v_19 %v_17[3.18,] %v_18[3.19,] 
		 21: COPY TYPE_PASS def_admin_path %v_19[3.20,] 
		 22: 
		 23: (DiscoursePluginRegistry) def_%v_20 
		 24: COPY TYPE_StringLiteral "js.es6" def_%v_21 
		 25: HASH-admin- def_%v_22 
		 26: %v_20->register_glob def_%v_23 %v_20[3.23,] %v_19[3.20,] %v_21[3.24,] %v_22[3.25,] 	 SYMBOL:	 ARGS:admin_path,%v_21,%v_22,
		 27: 
		 28: (DiscoursePluginRegistry) def_%v_24 
		 29: COPY TYPE_StringLiteral "hbs" def_%v_25 
		 30: HASH-admin- def_%v_26 
		 31: %v_24->register_glob def_%v_27 %v_24[3.28,] admin_path[3.21,] %v_25[3.29,] %v_26[3.30,] 	 SYMBOL:	 ARGS:admin_path,%v_25,%v_26,
		 32: 
BB 4
	outgoing: 5 
	datadep: 
	instructions:
		 0: COPY TYPE_Nil def_%v_27 
BB 5
	outgoing: 6 7 
	datadep: 
	instructions:
		 0: 
		 1: (File) def_%v_28 
		 2: %self->path def_%v_29 %self[2.0,] 	 SYMBOL:	 ARGS:
		 3: %v_28->read def_%v_30 %v_28[5.1,] %v_29[5.2,] 	 SYMBOL:	 ARGS:%v_29,
		 4: %self->path def_%v_31 %self[5.2,2.0,] 	 SYMBOL:	 ARGS:
		 5: %self->instance_eval def_%v_32 %self[5.2,5.4,2.0,] %v_30[5.3,] %v_31[5.4,] 	 SYMBOL:	 ARGS:%v_30,%v_31,
		 6: 
		 7: %self->generate_automatic_assets! def_%v_33 %self[5.2,5.4,5.5,2.0,] 	 SYMBOL:	 ARGS:
		 8: COPY TYPE_PASS def_auto_assets %v_33[5.7,] 
		 9: BRANCH %v_33[5.7,] 
BB 6
	outgoing: 8 
	datadep: 
	instructions:
		 0: 
		 1: %self->assets def_%v_34 %self[2.0,] 	 SYMBOL:	 ARGS:
		 2: %v_34->concat def_%v_35 %v_34[6.1,] auto_assets[5.8,] 	 SYMBOL:	 ARGS:auto_assets,
		 3: 
BB 7
	outgoing: 8 
	datadep: 
	instructions:
		 0: COPY TYPE_Nil def_%v_35 
BB 8
	outgoing: 9 10 
	datadep: 
	instructions:
		 0: 
		 1: %self->assets def_%v_36 %self[2.0,] 	 SYMBOL:	 ARGS:
		 2: %v_36->blank? def_%v_37 %v_36[8.1,] 	 SYMBOL:	 ARGS:
		 3: BRANCH %v_37[8.2,] 
BB 9
	outgoing: 11 
	datadep: 
	instructions:
		 0: COPY TYPE_Nil def_%v_38 
		 1: 
BB 10
	outgoing: 11 
	datadep: 
	instructions:
		 0: %self->register_assets! def_%v_39 %self[2.0,] 	 SYMBOL:	 ARGS:
		 1: COPY TYPE_PASS def_%v_38 %v_39[10.0,] 
BB 11
	outgoing: 12 13 
	datadep: 
	instructions:
		 0: 
		 1: %self->seed_data def_%v_40 %self[2.0,] 	 SYMBOL:	 ARGS:
		 2: %v_40->each def_%v_41 %v_40[11.1,] %self[11.1,2.0,] 	 SYMBOL:	 ARGS:%v_40,
CLOSURE BEGIN: key[] value[] 
BB 1
	outgoing: 6 2 
	datadep: 
	instructions:
BB 2
	outgoing: 3 
	datadep: 
	instructions:
		 0: def_%self 
		 1: def_%cl_1_0 
		 2: RECEIVEARG def_key 
		 3: RECEIVEARG def_value 
		 4: COPY TYPE_CurrentScope def_%current_scope 
		 5: COPY TYPE_ScopeModule def_%current_module 
BB 3
	outgoing: 4 6 
	datadep: 
	instructions:
		 0: 
		 1: (DiscoursePluginRegistry) def_%cl_1_3 
		 2: %cl_1_3->register_seed_data def_%cl_1_4 %cl_1_3[3.1,] key[2.2,] value[2.3,] 	 SYMBOL:	 ARGS:key,value,
		 3: RETURN %cl_1_4[3.2,] %self[2.0,] 
BB 4
	outgoing: 6 
	datadep: 
	instructions:
		 0: def_%cl_1_5 
		 1: def_%cl_1_6 %cl_1_5[4.0,] 
		 2: RETURN %cl_1_6[4.1,] %self[2.0,] 
BB 6
	outgoing: 
	datadep: 
	instructions:
CLOSURE END: value[2.3,] 
		 3: 
		 4: (Rails) def_%v_42 
		 5: %v_42->configuration def_%v_43 %v_42[11.4,] 	 SYMBOL:	 ARGS:
		 6: %v_43->assets def_%v_44 %v_43[11.5,] 	 SYMBOL:	 ARGS:
		 7: %v_44->paths def_%v_45 %v_44[11.6,] 	 SYMBOL:	 ARGS:
		 8: %self->auto_generated_path def_%v_46 %self[11.1,2.0,] 	 SYMBOL:	 ARGS:
		 9: %v_45-><< def_%v_47 %v_45[11.7,] %v_46[11.8,] 	 SYMBOL:	 ARGS:%v_46,
		 10: 
		 11: (Rails) def_%v_48 
		 12: %v_48->configuration def_%v_49 %v_48[11.11,] 	 SYMBOL:	 ARGS:
		 13: %v_49->assets def_%v_50 %v_49[11.12,] 	 SYMBOL:	 ARGS:
		 14: %v_50->paths def_%v_51 %v_50[11.13,] 	 SYMBOL:	 ARGS:
		 15: (File) def_%v_52 
		 16: %self->path def_%v_53 %self[11.1,11.8,2.0,] 	 SYMBOL:	 ARGS:
		 17: %v_52->dirname def_%v_54 %v_52[11.15,] %v_53[11.16,] 	 SYMBOL:	 ARGS:%v_53,
		 18: COPY TYPE_StringLiteral "/assets" def_%v_55 
		 19: %v_54->+ def_%v_56 %v_54[11.17,] %v_55[11.18,] 	 SYMBOL:	 ARGS:%v_55,
		 20: %v_51-><< def_%v_57 %v_51[11.14,] %v_56[11.19,] 	 SYMBOL:	 ARGS:%v_56,
		 21: 
		 22: (Rails) def_%v_58 
		 23: %v_58->configuration def_%v_59 %v_58[11.22,] 	 SYMBOL:	 ARGS:
		 24: %v_59->assets def_%v_60 %v_59[11.23,] 	 SYMBOL:	 ARGS:
		 25: %v_60->paths def_%v_61 %v_60[11.24,] 	 SYMBOL:	 ARGS:
		 26: (File) def_%v_62 
		 27: %self->path def_%v_63 %self[11.1,11.8,11.16,2.0,] 	 SYMBOL:	 ARGS:
		 28: %v_62->dirname def_%v_64 %v_62[11.26,] %v_63[11.27,] 	 SYMBOL:	 ARGS:%v_63,
		 29: COPY TYPE_StringLiteral "/admin/assets" def_%v_65 
		 30: %v_64->+ def_%v_66 %v_64[11.28,] %v_65[11.29,] 	 SYMBOL:	 ARGS:%v_65,
		 31: %v_61-><< def_%v_67 %v_61[11.25,] %v_66[11.30,] 	 SYMBOL:	 ARGS:%v_66,
		 32: 
		 33: (Rails) def_%v_68 
		 34: %v_68->configuration def_%v_69 %v_68[11.33,] 	 SYMBOL:	 ARGS:
		 35: %v_69->assets def_%v_70 %v_69[11.34,] 	 SYMBOL:	 ARGS:
		 36: %v_70->paths def_%v_71 %v_70[11.35,] 	 SYMBOL:	 ARGS:
		 37: (File) def_%v_72 
		 38: %self->path def_%v_73 %self[11.1,11.8,11.16,11.27,2.0,] 	 SYMBOL:	 ARGS:
		 39: %v_72->dirname def_%v_74 %v_72[11.37,] %v_73[11.38,] 	 SYMBOL:	 ARGS:%v_73,
		 40: COPY TYPE_StringLiteral "/test/javascripts" def_%v_75 
		 41: %v_74->+ def_%v_76 %v_74[11.39,] %v_75[11.40,] 	 SYMBOL:	 ARGS:%v_75,
		 42: %v_71-><< def_%v_77 %v_71[11.36,] %v_76[11.41,] 	 SYMBOL:	 ARGS:%v_76,
		 43: 
		 44: (Rake) def_%v_78 
		 45: (File) def_%v_79 
		 46: %self->path def_%v_80 %self[11.1,11.8,11.16,11.27,11.38,2.0,] 	 SYMBOL:	 ARGS:
		 47: %v_79->dirname def_%v_81 %v_79[11.45,] %v_80[11.46,] 	 SYMBOL:	 ARGS:%v_80,
		 48: COPY TYPE_StringLiteral "/lib/tasks" def_%v_82 
		 49: %v_81->+ def_%v_83 %v_81[11.47,] %v_82[11.48,] 	 SYMBOL:	 ARGS:%v_82,
		 50: %v_78->add_rakelib def_%v_84 %v_78[11.44,] %v_83[11.49,] 	 SYMBOL:	 ARGS:%v_83,
		 51: 
		 52: (Rails) def_%v_85 
		 53: %v_85->configuration def_%v_86 %v_85[11.52,] 	 SYMBOL:	 ARGS:
		 54: %v_86->paths def_%v_87 %v_86[11.53,] 	 SYMBOL:	 ARGS:
		 55: COPY TYPE_StringLiteral "db/migrate" def_%v_88 
		 56: %v_87->[] def_%v_89 %v_87[11.54,] %v_88[11.55,] 	 SYMBOL:	 ARGS:%v_88,
		 57: (File) def_%v_90 
		 58: %self->path def_%v_91 %self[11.1,11.8,11.16,11.27,11.38,11.46,2.0,] 	 SYMBOL:	 ARGS:
		 59: %v_90->dirname def_%v_92 %v_90[11.57,] %v_91[11.58,] 	 SYMBOL:	 ARGS:%v_91,
		 60: COPY TYPE_StringLiteral "/db/migrate" def_%v_93 
		 61: %v_92->+ def_%v_94 %v_92[11.59,] %v_93[11.60,] 	 SYMBOL:	 ARGS:%v_93,
		 62: %v_89-><< def_%v_95 %v_89[11.56,] %v_94[11.61,] 	 SYMBOL:	 ARGS:%v_94,
		 63: 
		 64: (File) def_%v_96 
		 65: %self->path def_%v_97 %self[11.1,11.8,11.16,11.27,11.38,11.46,11.58,2.0,] 	 SYMBOL:	 ARGS:
		 66: %v_96->dirname def_%v_98 %v_96[11.64,] %v_97[11.65,] 	 SYMBOL:	 ARGS:%v_97,
		 67: COPY TYPE_StringLiteral "/public" def_%v_99 
		 68: %v_98->+ def_%v_100 %v_98[11.66,] %v_99[11.67,] 	 SYMBOL:	 ARGS:%v_99,
		 69: COPY TYPE_PASS def_public_data %v_100[11.68,] 
		 70: 
		 71: (Dir) def_%v_101 
		 72: %v_101->exists? def_%v_102 %v_101[11.71,] %v_100[11.68,] 	 SYMBOL:	 ARGS:public_data,
		 73: BRANCH %v_102[11.72,] 
BB 12
	outgoing: 15 
	datadep: 
	instructions:
		 0: 
		 1: (Rails) def_%v_103 
		 2: %v_103->root def_%v_104 %v_103[12.1,] 	 SYMBOL:	 ARGS:
		 3: %v_104->to_s def_%v_105 %v_104[12.2,] 	 SYMBOL:	 ARGS:
		 4: COPY TYPE_StringLiteral "/public/plugins/" def_%v_106 
		 5: %v_105->+ def_%v_107 %v_105[12.3,] %v_106[12.4,] 	 SYMBOL:	 ARGS:%v_106,
		 6: COPY TYPE_PASS def_target %v_107[12.5,] 
		 7: 
		 8: COPY TYPE_StringLiteral "mkdir -p " def_%v_108 
		 9: def_%v_109 %v_108[12.8,] %v_107[12.5,] 
		 10: 
		 11: %self->name def_%v_110 %self[2.0,] 	 SYMBOL:	 ARGS:
		 12: COPY TYPE_Regexp def_%v_111 
		 13: COPY TYPE_StringLiteral "_" def_%v_112 
		 14: %v_110->gsub def_%v_113 %v_110[12.11,] %v_112[12.13,] 	 SYMBOL:	 ARGS:%v_111,%v_112,
		 15: target-><< def_%v_114 target[12.6,] %v_113[12.14,] 	 SYMBOL:	 ARGS:%v_113,
		 16: 
		 17: COPY TYPE_StringLiteral "rm -f " def_%v_115 
		 18: def_%v_116 %v_115[12.17,] target[12.6,12.15,] 
		 19: 
		 20: COPY TYPE_StringLiteral "ln -s " def_%v_117 
		 21: COPY TYPE_StringLiteral " " def_%v_118 
		 22: def_%v_119 %v_117[12.20,] public_data[11.69,] %v_118[12.21,] target[12.6,12.15,] 
		 23: RETURN %v_119[12.22,] %self[12.11,2.0,] 
BB 13
	outgoing: 15 
	datadep: 
	instructions:
		 0: RETURN %self[2.0,] 
BB 15
	outgoing: 
	datadep: 
	instructions:

SET IRMethod, name = auth_provider instanceMethod = true
BB 1
	outgoing: 10 2 
	datadep: 
	instructions:
BB 2
	outgoing: 4 5 8 
	datadep: 
	instructions:
		 0: def_%self 
		 1: def_%v_0 
		 2: COPY TYPE_CurrentScope def_%current_scope 
		 3: COPY TYPE_ScopeModule def_%current_module 
		 4: 
		 5: RECEIVEARG def_opts 
		 6: 
		 7: (Plugin) def_%v_3 
		 8: (inherit AuthProvider) def_%v_4 %v_3[2.7,] 
		 9: %v_4[2.8,] 
BB 4
	outgoing: 5 8 
	datadep: 
	instructions:
		 0: %v_3->const_missing def_%v_4 %v_3[2.7,] 	 SYMBOL:AuthProvider,	 ARGS:Symbol,
BB 5
	outgoing: 6 7 8 
	datadep: 
	instructions:
		 0: %v_4->new def_%v_5 %v_4[4.0,2.8,] 	 SYMBOL:	 ARGS:
		 1: COPY TYPE_PASS def_provider %v_5[5.0,] 
		 2: 
		 3: (Plugin) def_%v_6 
		 4: (inherit AuthProvider) def_%v_7 %v_6[5.3,] 
		 5: %v_7[5.4,] 
BB 6
	outgoing: 7 8 
	datadep: 
	instructions:
		 0: %v_6->const_missing def_%v_7 %v_6[5.3,] 	 SYMBOL:AuthProvider,	 ARGS:Symbol,
BB 7
	outgoing: 8 10 
	datadep: 
	instructions:
		 0: %v_7->auth_attributes def_%v_8 %v_7[6.0,5.4,] 	 SYMBOL:	 ARGS:
		 1: %v_8->each def_%v_9 %v_8[7.0,] %self[2.0,] 	 SYMBOL:	 ARGS:%v_8,
CLOSURE BEGIN: sym[] opts[2.5,] provider[5.1,] 
BB 1
	outgoing: 6 2 
	datadep: 
	instructions:
BB 2
	outgoing: 3 
	datadep: 
	instructions:
		 0: def_%self 
		 1: def_%cl_1_0 
		 2: RECEIVEARG def_sym 
		 3: COPY TYPE_CurrentScope def_%current_scope 
		 4: COPY TYPE_ScopeModule def_%current_module 
BB 3
	outgoing: 4 6 
	datadep: 
	instructions:
		 0: 
		 1: COPY TYPE_StringLiteral "=" def_%cl_1_3 
		 2: BUILDSTRING def_%cl_1_4 sym[2.2,] %cl_1_3[3.1,] 
		 3: opts->delete def_%cl_1_5 opts[] sym[2.2,] 	 SYMBOL:	 ARGS:sym,
		 4: provider->send def_%cl_1_6 provider[] %cl_1_4[3.2,] %cl_1_5[3.3,] 	 SYMBOL:	 ARGS:%cl_1_4,%cl_1_5,
		 5: RETURN %cl_1_6[3.4,] %self[2.0,] 
BB 4
	outgoing: 6 
	datadep: 
	instructions:
		 0: def_%cl_1_7 
		 1: def_%cl_1_8 %cl_1_7[4.0,] 
		 2: RETURN %cl_1_8[4.1,] %self[2.0,] 
BB 6
	outgoing: 
	datadep: 
	instructions:
CLOSURE END: 
		 2: 
		 3: %self->auth_providers def_%v_10 %self[2.0,] 	 SYMBOL:	 ARGS:
		 4: %v_10-><< def_%v_11 %v_10[7.3,] provider[5.1,] 	 SYMBOL:	 ARGS:provider,
		 5: RETURN %v_11[7.4,] %self[7.3,2.0,] 
BB 8
	outgoing: 10 
	datadep: 
	instructions:
		 0: def_%v_12 
		 1: def_%v_13 %v_12[8.0,] 
		 2: RETURN %v_13[8.1,] %self[2.0,] 
BB 10
	outgoing: 
	datadep: 
	instructions:

SET IRMethod, name = gem instanceMethod = true
BB 1
	outgoing: 22 2 
	datadep: 
	instructions:
BB 2
	outgoing: 3 4 
	datadep: 
	instructions:
		 0: def_%self 
		 1: def_%v_0 
		 2: COPY TYPE_CurrentScope def_%current_scope 
		 3: COPY TYPE_ScopeModule def_%current_module 
		 4: 
		 5: RECEIVEARG def_name 
		 6: RECEIVEARG def_version 
		 7: RECEIVECONSTARG def_opts 
		 8: opts[2.7,] 
BB 3
	outgoing: 4 
	datadep: 
	instructions:
		 0: HASH- def_%v_3 
		 1: COPY TYPE_PASS def_opts %v_3[3.0,] 
BB 4
	outgoing: 5 6 
	datadep: 
	instructions:
		 0: 
		 1: (File) def_%v_4 
		 2: %self->path def_%v_5 %self[2.0,] 	 SYMBOL:	 ARGS:
		 3: %v_4->dirname def_%v_6 %v_4[4.1,] %v_5[4.2,] 	 SYMBOL:	 ARGS:%v_5,
		 4: COPY TYPE_StringLiteral "/gems/" def_%v_7 
		 5: (RUBY_VERSION) def_%v_8 
		 6: BUILDSTRING def_%v_9 %v_7[4.4,] %v_8[4.5,] 
		 7: %v_6->+ def_%v_10 %v_6[4.3,] %v_9[4.6,] 	 SYMBOL:	 ARGS:%v_9,
		 8: COPY TYPE_PASS def_gems_path %v_10[4.7,] 
		 9: 
		 10: COPY TYPE_StringLiteral "/specifications" def_%v_11 
		 11: %v_10->+ def_%v_12 %v_10[4.7,] %v_11[4.10,] 	 SYMBOL:	 ARGS:%v_11,
		 12: COPY TYPE_PASS def_spec_path %v_12[4.11,] 
		 13: 
		 14: COPY TYPE_StringLiteral "/" def_%v_13 
		 15: COPY TYPE_StringLiteral "-" def_%v_14 
		 16: COPY TYPE_StringLiteral ".gemspec" def_%v_15 
		 17: BUILDSTRING def_%v_16 %v_13[4.14,] name[2.5,] %v_14[4.15,] version[2.6,] %v_15[4.16,] 
		 18: %v_12->+ def_%v_17 %v_12[4.11,] %v_16[4.17,] 	 SYMBOL:	 ARGS:%v_16,
		 19: COPY TYPE_PASS def_spec_file %v_17[4.18,] 
		 20: 
		 21: (File) def_%v_18 
		 22: %v_18->exists? def_%v_19 %v_18[4.21,] %v_17[4.18,] 	 SYMBOL:	 ARGS:spec_file,
		 23: BRANCH %v_19[4.22,] 
BB 5
	outgoing: 10 
	datadep: 
	instructions:
		 0: COPY TYPE_Nil def_%v_20 
		 1: 
BB 6
	outgoing: 7 8 
	datadep: 
	instructions:
		 0: 
		 1: COPY TYPE_StringLiteral "gem install " def_%v_21 
		 2: COPY TYPE_StringLiteral " -v " def_%v_22 
		 3: COPY TYPE_StringLiteral " -i " def_%v_23 
		 4: COPY TYPE_StringLiteral " --no-document --ignore-dependencies" def_%v_24 
		 5: BUILDSTRING def_%v_25 %v_21[6.1,] name[2.5,] %v_22[6.2,] version[2.6,] %v_23[6.3,] gems_path[4.8,] %v_24[6.4,] 
		 6: COPY TYPE_PASS def_command %v_25[6.5,] 
		 7: 
		 8: opts->[] def_%v_26 opts[3.1,2.7,] 	 SYMBOL:source,	 ARGS:Symbol,
		 9: BRANCH %v_26[6.8,] 
BB 7
	outgoing: 9 
	datadep: 
	instructions:
		 0: 
		 1: COPY TYPE_StringLiteral " --source " def_%v_27 
		 2: opts->[] def_%v_28 opts[3.1,2.7,] 	 SYMBOL:source,	 ARGS:Symbol,
		 3: BUILDSTRING def_%v_29 %v_27[7.1,] %v_28[7.2,] 
		 4: command-><< def_%v_30 command[6.6,] %v_29[7.3,] 	 SYMBOL:	 ARGS:%v_29,
		 5: 
BB 8
	outgoing: 9 
	datadep: 
	instructions:
		 0: COPY TYPE_Nil def_%v_30 
BB 9
	outgoing: 10 
	datadep: 
	instructions:
		 0: 
		 1: %self->puts def_%v_31 %self[2.0,] command[6.6,] 	 SYMBOL:	 ARGS:command,
		 2: 
		 3: def_%v_32 command[6.6,] 
		 4: %self->puts def_%v_33 %self[9.1,2.0,] %v_32[9.3,] 	 SYMBOL:	 ARGS:%v_32,
		 5: COPY TYPE_PASS def_%v_20 %v_33[9.4,] 
BB 10
	outgoing: 11 20 
	datadep: 
	instructions:
		 0: 
		 1: (File) def_%v_34 
		 2: %v_34->exists? def_%v_35 %v_34[10.1,] spec_file[4.19,] 	 SYMBOL:	 ARGS:spec_file,
		 3: BRANCH %v_35[10.2,] 
BB 11
	outgoing: 12 13 
	datadep: 
	instructions:
		 0: 
		 1: (Gem) def_%v_36 
		 2: (inherit Specification) def_%v_37 %v_36[11.1,] 
		 3: %v_37[11.2,] 
BB 12
	outgoing: 13 
	datadep: 
	instructions:
		 0: %v_36->const_missing def_%v_37 %v_36[11.1,] 	 SYMBOL:Specification,	 ARGS:Symbol,
BB 13
	outgoing: 14 15 
	datadep: 
	instructions:
		 0: %v_37->load def_%v_38 %v_37[12.0,11.2,] spec_file[4.19,] 	 SYMBOL:	 ARGS:spec_file,
		 1: COPY TYPE_PASS def_spec %v_38[13.0,] 
		 2: 
		 3: %v_38->activate def_%v_39 %v_38[13.0,] 	 SYMBOL:	 ARGS:
		 4: 
		 5: opts->[] def_%v_40 opts[3.1,2.7,] 	 SYMBOL:require,	 ARGS:Symbol,
		 6: %v_40->== def_%v_41 %v_40[13.5,] 	 SYMBOL:	 ARGS:Boolean,
		 7: BRANCH %v_41[13.6,] 
BB 14
	outgoing: 19 
	datadep: 
	instructions:
		 0: COPY TYPE_Nil def_%v_42 
		 1: 
BB 15
	outgoing: 16 17 
	datadep: 
	instructions:
		 0: 
		 1: opts->[] def_%v_43 opts[3.1,2.7,] 	 SYMBOL:require_name,	 ARGS:Symbol,
		 2: BRANCH %v_43[15.1,] 
BB 16
	outgoing: 18 
	datadep: 
	instructions:
		 0: opts->[] def_%v_44 opts[3.1,2.7,] 	 SYMBOL:require_name,	 ARGS:Symbol,
		 1: 
BB 17
	outgoing: 18 
	datadep: 
	instructions:
		 0: COPY TYPE_PASS def_%v_44 name[2.5,] 
BB 18
	outgoing: 19 
	datadep: 
	instructions:
		 0: %self->require def_%v_45 %self[2.0,] %v_44[17.0,16.0,] 	 SYMBOL:	 ARGS:%v_44,
		 1: COPY TYPE_PASS def_%v_42 %v_45[18.0,] 
BB 19
	outgoing: 22 
	datadep: 
	instructions:
		 0: RETURN %v_42[18.1,14.0,] %self[2.0,] 
BB 20
	outgoing: 22 
	datadep: 
	instructions:
		 0: 
		 1: COPY TYPE_StringLiteral "You are specifying the gem " def_%v_46 
		 2: COPY TYPE_StringLiteral " in " def_%v_47 
		 3: %self->path def_%v_48 %self[2.0,] 	 SYMBOL:	 ARGS:
		 4: COPY TYPE_StringLiteral ", however it does not exist!" def_%v_49 
		 5: BUILDSTRING def_%v_50 %v_46[20.1,] name[2.5,] %v_47[20.2,] %v_48[20.3,] %v_49[20.4,] 
		 6: %self->puts def_%v_51 %self[20.3,2.0,] %v_50[20.5,] 	 SYMBOL:	 ARGS:%v_50,
		 7: 
		 8: %self->exit def_%v_52 %self[20.3,20.6,2.0,] 	 SYMBOL:	 ARGS:Fixnum,
		 9: RETURN %v_52[20.8,] %self[20.3,20.6,20.8,2.0,] 
BB 22
	outgoing: 
	datadep: 
	instructions:

SET IRMethod, name = enabled_site_setting instanceMethod = true
BB 1
	outgoing: 8 2 
	datadep: 
	instructions:
BB 2
	outgoing: 3 4 
	datadep: 
	instructions:
		 0: def_%self 
		 1: def_%v_0 
		 2: COPY TYPE_CurrentScope def_%current_scope 
		 3: COPY TYPE_ScopeModule def_%current_module 
		 4: 
		 5: RECEIVECONSTARG def_setting 
		 6: setting[2.5,] 
BB 3
	outgoing: 4 
	datadep: 
	instructions:
		 0: COPY TYPE_Nil def_setting 
BB 4
	outgoing: 5 6 
	datadep: 
	instructions:
		 0: 
		 1: BRANCH setting[3.0,2.5,] 
BB 5
	outgoing: 8 
	datadep: 
	instructions:
		 0: 
		 1: ATTRASSIGN %self->enabled_site_setting setting[3.0,2.5,] 
		 2: COPY TYPE_PASS def_%v_3 setting[3.0,2.5,] 
		 3: RETURN setting[3.0,2.5,] %self[5.1,2.0,] 
BB 6
	outgoing: 8 
	datadep: 
	instructions:
		 0: 
		 1: GETFIELD %self->enabled_site_setting def_%v_4 %self[2.0,] 
		 2: RETURN %v_4[6.1,] %self[2.0,] 
BB 8
	outgoing: 
	datadep: 
	instructions:

SET IRMethod, name = register_assets! instanceMethod = true
BB 1
	outgoing: 3 2 
	datadep: 
	instructions:
BB 2
	outgoing: 3 
	datadep: 
	instructions:
		 0: def_%self 
		 1: def_%v_0 
		 2: COPY TYPE_CurrentScope def_%current_scope 
		 3: COPY TYPE_ScopeModule def_%current_module 
		 4: 
		 5: 
		 6: %self->assets def_%v_3 %self[2.0,] 	 SYMBOL:	 ARGS:
		 7: %v_3->each def_%v_4 %v_3[2.6,] %self[2.0,2.6,] 	 SYMBOL:	 ARGS:%v_3,
CLOSURE BEGIN: asset[] opts[] 
BB 1
	outgoing: 6 2 
	datadep: 
	instructions:
BB 2
	outgoing: 3 
	datadep: 
	instructions:
		 0: def_%self 
		 1: def_%cl_1_0 
		 2: RECEIVEARG def_asset 
		 3: RECEIVEARG def_opts 
		 4: COPY TYPE_CurrentScope def_%current_scope 
		 5: COPY TYPE_ScopeModule def_%current_module 
BB 3
	outgoing: 4 6 
	datadep: 
	instructions:
		 0: 
		 1: (DiscoursePluginRegistry) def_%cl_1_3 
		 2: %cl_1_3->register_asset def_%cl_1_4 %cl_1_3[3.1,] asset[2.2,] opts[2.3,] 	 SYMBOL:	 ARGS:asset,opts,
		 3: RETURN %cl_1_4[3.2,] %self[2.0,] 
BB 4
	outgoing: 6 
	datadep: 
	instructions:
		 0: def_%cl_1_5 
		 1: def_%cl_1_6 %cl_1_5[4.0,] 
		 2: RETURN %cl_1_6[4.1,] %self[2.0,] 
BB 6
	outgoing: 
	datadep: 
	instructions:
CLOSURE END: opts[2.3,] 
		 8: RETURN %v_4[2.7,] %self[2.0,2.6,] 
BB 3
	outgoing: 
	datadep: 
	instructions:

SET IRMethod, name = write_asset instanceMethod = true
BB 1
	outgoing: 6 2 
	datadep: 
	instructions:
BB 2
	outgoing: 3 4 
	datadep: 
	instructions:
		 0: def_%self 
		 1: def_%v_0 
		 2: COPY TYPE_CurrentScope def_%current_scope 
		 3: COPY TYPE_ScopeModule def_%current_module 
		 4: 
		 5: RECEIVEARG def_path 
		 6: RECEIVEARG def_contents 
		 7: 
		 8: (File) def_%v_3 
		 9: %v_3->exists? def_%v_4 %v_3[2.8,] path[2.5,] 	 SYMBOL:	 ARGS:path,
		 10: BRANCH %v_4[2.9,] 
BB 3
	outgoing: 6 
	datadep: 
	instructions:
		 0: COPY TYPE_Nil def_%v_5 
		 1: RETURN %v_5[3.0,] %self[2.0,] 
BB 4
	outgoing: 6 
	datadep: 
	instructions:
		 0: 
		 1: %self->ensure_directory def_%v_6 %self[2.0,] path[2.5,] 	 SYMBOL:	 ARGS:path,
		 2: 
		 3: (File) def_%v_7 
		 4: COPY TYPE_StringLiteral "w" def_%v_8 
		 5: %v_7->open def_%v_9 %v_7[4.3,] path[2.5,] %v_8[4.4,] %self[4.1,2.0,] 	 SYMBOL:	 ARGS:path,%v_8,%v_7,
CLOSURE BEGIN: f[] contents[2.6,] 
BB 1
	outgoing: 6 2 
	datadep: 
	instructions:
BB 2
	outgoing: 3 
	datadep: 
	instructions:
		 0: def_%self 
		 1: def_%cl_1_0 
		 2: RECEIVEARG def_f 
		 3: COPY TYPE_CurrentScope def_%current_scope 
		 4: COPY TYPE_ScopeModule def_%current_module 
BB 3
	outgoing: 4 6 
	datadep: 
	instructions:
		 0: 
		 1: f->write def_%cl_1_3 f[2.2,] contents[] 	 SYMBOL:	 ARGS:contents,
		 2: RETURN %cl_1_3[3.1,] %self[2.0,] 
BB 4
	outgoing: 6 
	datadep: 
	instructions:
		 0: def_%cl_1_4 
		 1: def_%cl_1_5 %cl_1_4[4.0,] 
		 2: RETURN %cl_1_5[4.1,] %self[2.0,] 
BB 6
	outgoing: 
	datadep: 
	instructions:
CLOSURE END: 
		 6: RETURN %v_9[4.5,] %self[4.1,2.0,] 
BB 6
	outgoing: 
	datadep: 
	instructions:

