SET IRMethod, name = anon_cache instanceMethod = false
BB 1
	outgoing: 3 2 
	datadep: 
	instructions:
BB 2
	outgoing: 3 
	datadep: 
	instructions:
		 0: def_%self 
		 1: def_%v_0 
		 2: COPY TYPE_CurrentScope def_%current_scope 
		 3: COPY TYPE_ScopeModule def_%current_module 
		 4: 
		 5: RECEIVEARG def_env 
		 6: RECEIVEARG def_duration 
		 7: 
		 8: COPY TYPE_StringLiteral "ANON_CACHE_DURATION" def_%v_3 
		 9: ATTRASSIGN env->[] %v_3[2.8,] duration[2.6,] 
		 10: RETURN duration[2.6,] %self[2.0,] 
BB 3
	outgoing: 
	datadep: 
	instructions:

SET IRMethod, name = initialize instanceMethod = true
BB 1
	outgoing: 3 2 
	datadep: 
	instructions:
BB 2
	outgoing: 3 
	datadep: 
	instructions:
		 0: def_%self 
		 1: def_%v_0 
		 2: COPY TYPE_CurrentScope def_%current_scope 
		 3: COPY TYPE_ScopeModule def_%current_module 
		 4: 
		 5: RECEIVEARG def_env 
		 6: 
		 7: ATTRASSIGN %self->env env[2.5,] 
		 8: RETURN env[2.5,] %self[2.0,2.7,] 
BB 3
	outgoing: 
	datadep: 
	instructions:

SET IRMethod, name = is_mobile= instanceMethod = true
BB 1
	outgoing: 6 2 
	datadep: 
	instructions:
BB 2
	outgoing: 3 4 
	datadep: 
	instructions:
		 0: def_%self 
		 1: def_%v_0 
		 2: COPY TYPE_CurrentScope def_%current_scope 
		 3: COPY TYPE_ScopeModule def_%current_module 
		 4: 
		 5: RECEIVEARG def_val 
		 6: 
		 7: BRANCH val[2.5,] 
BB 3
	outgoing: 5 
	datadep: 
	instructions:
		 0: COPY TYPE_Symbol def_%v_3 
		 1: 
BB 4
	outgoing: 5 
	datadep: 
	instructions:
		 0: COPY TYPE_Symbol def_%v_3 
BB 5
	outgoing: 6 
	datadep: 
	instructions:
		 0: ATTRASSIGN %self->is_mobile %v_3[4.0,3.0,] 
		 1: RETURN %v_3[4.0,3.0,] %self[5.0,2.0,] 
BB 6
	outgoing: 
	datadep: 
	instructions:

SET IRMethod, name = is_mobile? instanceMethod = true
BB 1
	outgoing: 10 2 
	datadep: 
	instructions:
BB 2
	outgoing: 3 4 
	datadep: 
	instructions:
		 0: def_%self 
		 1: def_%v_0 
		 2: COPY TYPE_CurrentScope def_%current_scope 
		 3: COPY TYPE_ScopeModule def_%current_module 
		 4: 
		 5: 
		 6: def_%v_4 %self[2.0,] 
		 7: COPY TYPE_PASS def_%v_3 %v_4[2.6,] 
		 8: %v_4[2.6,] 
BB 3
	outgoing: 4 
	datadep: 
	instructions:
		 0: GETFIELD %self->is_mobile def_%v_5 %self[2.0,] 
		 1: COPY TYPE_PASS def_%v_3 %v_5[3.0,] 
BB 4
	outgoing: 5 9 
	datadep: 
	instructions:
		 0: BRANCH %v_3[3.1,2.7,] 
BB 5
	outgoing: 6 7 
	datadep: 
	instructions:
		 0: 
		 1: GETFIELD %self->env def_%v_6 %self[2.0,] 
		 2: (RACK_SESSION) def_%v_7 
		 3: %v_6->[] def_%v_8 %v_6[5.1,] %v_7[5.2,] 	 SYMBOL:	 ARGS:%v_7,
		 4: COPY TYPE_PASS def_session %v_8[5.3,] 
		 5: 
		 6: HASH- def_%v_9 
		 7: COPY TYPE_PASS def_params %v_9[5.6,] 
		 8: 
		 9: GETFIELD %self->env def_%v_10 %self[2.0,] 
		 10: (USER_AGENT) def_%v_11 
		 11: %v_10->[] def_%v_12 %v_10[5.9,] %v_11[5.10,] 	 SYMBOL:	 ARGS:%v_11,
		 12: COPY TYPE_PASS def_user_agent %v_12[5.11,] 
		 13: 
		 14: (MobileDetection) def_%v_13 
		 15: %v_13->resolve_mobile_view! def_%v_14 %v_13[5.14,] %v_12[5.11,] params[5.7,] session[5.4,] 	 SYMBOL:	 ARGS:user_agent,params,session,
		 16: BRANCH %v_14[5.15,] 
BB 6
	outgoing: 8 
	datadep: 
	instructions:
		 0: COPY TYPE_Symbol def_%v_15 
		 1: 
BB 7
	outgoing: 8 
	datadep: 
	instructions:
		 0: COPY TYPE_Symbol def_%v_15 
BB 8
	outgoing: 9 
	datadep: 
	instructions:
		 0: ATTRASSIGN %self->is_mobile %v_15[7.0,6.0,] 
		 1: COPY TYPE_PASS def_%v_5 %v_15[7.0,6.0,] 
BB 9
	outgoing: 10 
	datadep: 
	instructions:
		 0: 
		 1: GETFIELD %self->is_mobile def_%v_16 %self[8.0,2.0,] 
		 2: %v_16->== def_%v_17 %v_16[9.1,] 	 SYMBOL:true,	 ARGS:Symbol,
		 3: RETURN %v_17[9.2,] %self[8.0,2.0,] 
BB 10
	outgoing: 
	datadep: 
	instructions:

SET IRMethod, name = is_crawler? instanceMethod = true
BB 1
	outgoing: 10 2 
	datadep: 
	instructions:
BB 2
	outgoing: 3 4 
	datadep: 
	instructions:
		 0: def_%self 
		 1: def_%v_0 
		 2: COPY TYPE_CurrentScope def_%current_scope 
		 3: COPY TYPE_ScopeModule def_%current_module 
		 4: 
		 5: 
		 6: def_%v_4 %self[2.0,] 
		 7: COPY TYPE_PASS def_%v_3 %v_4[2.6,] 
		 8: %v_4[2.6,] 
BB 3
	outgoing: 4 
	datadep: 
	instructions:
		 0: GETFIELD %self->is_crawler def_%v_5 %self[2.0,] 
		 1: COPY TYPE_PASS def_%v_3 %v_5[3.0,] 
BB 4
	outgoing: 5 9 
	datadep: 
	instructions:
		 0: BRANCH %v_3[3.1,2.7,] 
BB 5
	outgoing: 6 7 
	datadep: 
	instructions:
		 0: 
		 1: GETFIELD %self->env def_%v_6 %self[2.0,] 
		 2: (USER_AGENT) def_%v_7 
		 3: %v_6->[] def_%v_8 %v_6[5.1,] %v_7[5.2,] 	 SYMBOL:	 ARGS:%v_7,
		 4: COPY TYPE_PASS def_user_agent %v_8[5.3,] 
		 5: 
		 6: (CrawlerDetection) def_%v_9 
		 7: %v_9->crawler? def_%v_10 %v_9[5.6,] %v_8[5.3,] 	 SYMBOL:	 ARGS:user_agent,
		 8: BRANCH %v_10[5.7,] 
BB 6
	outgoing: 8 
	datadep: 
	instructions:
		 0: COPY TYPE_Symbol def_%v_11 
		 1: 
BB 7
	outgoing: 8 
	datadep: 
	instructions:
		 0: COPY TYPE_Symbol def_%v_11 
BB 8
	outgoing: 9 
	datadep: 
	instructions:
		 0: ATTRASSIGN %self->is_crawler %v_11[7.0,6.0,] 
		 1: COPY TYPE_PASS def_%v_5 %v_11[7.0,6.0,] 
BB 9
	outgoing: 10 
	datadep: 
	instructions:
		 0: 
		 1: GETFIELD %self->is_crawler def_%v_12 %self[8.0,2.0,] 
		 2: %v_12->== def_%v_13 %v_12[9.1,] 	 SYMBOL:true,	 ARGS:Symbol,
		 3: RETURN %v_13[9.2,] %self[8.0,2.0,] 
BB 10
	outgoing: 
	datadep: 
	instructions:

SET IRMethod, name = cache_key instanceMethod = true
BB 1
	outgoing: 7 2 
	datadep: 
	instructions:
BB 2
	outgoing: 3 4 
	datadep: 
	instructions:
		 0: def_%self 
		 1: def_%v_0 
		 2: COPY TYPE_CurrentScope def_%current_scope 
		 3: COPY TYPE_ScopeModule def_%current_module 
		 4: 
		 5: 
		 6: def_%v_4 %self[2.0,] 
		 7: COPY TYPE_PASS def_%v_3 %v_4[2.6,] 
		 8: %v_4[2.6,] 
BB 3
	outgoing: 4 
	datadep: 
	instructions:
		 0: GETFIELD %self->cache_key def_%v_5 %self[2.0,] 
		 1: COPY TYPE_PASS def_%v_3 %v_5[3.0,] 
BB 4
	outgoing: 5 6 
	datadep: 
	instructions:
		 0: BRANCH %v_3[3.1,2.7,] 
BB 5
	outgoing: 7 
	datadep: 
	instructions:
		 0: COPY TYPE_StringLiteral "ANON_CACHE_" def_%v_6 
		 1: GETFIELD %self->env def_%v_7 %self[2.0,] 
		 2: COPY TYPE_StringLiteral "HTTP_ACCEPT" def_%v_8 
		 3: %v_7->[] def_%v_9 %v_7[5.1,] %v_8[5.2,] 	 SYMBOL:	 ARGS:%v_8,
		 4: COPY TYPE_StringLiteral "_" def_%v_10 
		 5: GETFIELD %self->env def_%v_11 %self[2.0,] 
		 6: COPY TYPE_StringLiteral "HTTP_HOST" def_%v_12 
		 7: %v_11->[] def_%v_13 %v_11[5.5,] %v_12[5.6,] 	 SYMBOL:	 ARGS:%v_12,
		 8: GETFIELD %self->env def_%v_14 %self[2.0,] 
		 9: COPY TYPE_StringLiteral "REQUEST_URI" def_%v_15 
		 10: %v_14->[] def_%v_16 %v_14[5.8,] %v_15[5.9,] 	 SYMBOL:	 ARGS:%v_15,
		 11: COPY TYPE_StringLiteral "|m=" def_%v_17 
		 12: %self->is_mobile? def_%v_18 %self[2.0,] 	 SYMBOL:	 ARGS:
		 13: COPY TYPE_StringLiteral "|c=" def_%v_19 
		 14: %self->is_crawler? def_%v_20 %self[5.12,2.0,] 	 SYMBOL:	 ARGS:
		 15: BUILDSTRING def_%v_21 %v_6[5.0,] %v_9[5.3,] %v_10[5.4,] %v_13[5.7,] %v_16[5.10,] %v_17[5.11,] %v_18[5.12,] %v_19[5.13,] %v_20[5.14,] 
		 16: ATTRASSIGN %self->cache_key %v_21[5.15,] 
		 17: RETURN %v_21[5.15,] %self[5.12,5.14,5.16,2.0,] 
BB 6
	outgoing: 7 
	datadep: 
	instructions:
		 0: RETURN %v_5[3.0,] %self[2.0,] 
BB 7
	outgoing: 
	datadep: 
	instructions:

SET IRMethod, name = cache_key_body instanceMethod = true
BB 1
	outgoing: 7 2 
	datadep: 
	instructions:
BB 2
	outgoing: 3 4 
	datadep: 
	instructions:
		 0: def_%self 
		 1: def_%v_0 
		 2: COPY TYPE_CurrentScope def_%current_scope 
		 3: COPY TYPE_ScopeModule def_%current_module 
		 4: 
		 5: 
		 6: def_%v_4 %self[2.0,] 
		 7: COPY TYPE_PASS def_%v_3 %v_4[2.6,] 
		 8: %v_4[2.6,] 
BB 3
	outgoing: 4 
	datadep: 
	instructions:
		 0: GETFIELD %self->cache_key_body def_%v_5 %self[2.0,] 
		 1: COPY TYPE_PASS def_%v_3 %v_5[3.0,] 
BB 4
	outgoing: 5 6 
	datadep: 
	instructions:
		 0: BRANCH %v_3[3.1,2.7,] 
BB 5
	outgoing: 7 
	datadep: 
	instructions:
		 0: %self->cache_key def_%v_6 %self[2.0,] 	 SYMBOL:	 ARGS:
		 1: COPY TYPE_StringLiteral "_body" def_%v_7 
		 2: BUILDSTRING def_%v_8 %v_6[5.0,] %v_7[5.1,] 
		 3: ATTRASSIGN %self->cache_key_body %v_8[5.2,] 
		 4: RETURN %v_8[5.2,] %self[5.0,5.3,2.0,] 
BB 6
	outgoing: 7 
	datadep: 
	instructions:
		 0: RETURN %v_5[3.0,] %self[2.0,] 
BB 7
	outgoing: 
	datadep: 
	instructions:

SET IRMethod, name = cache_key_other instanceMethod = true
BB 1
	outgoing: 5 2 
	datadep: 
	instructions:
BB 2
	outgoing: 3 4 
	datadep: 
	instructions:
		 0: def_%self 
		 1: def_%v_0 
		 2: COPY TYPE_CurrentScope def_%current_scope 
		 3: COPY TYPE_ScopeModule def_%current_module 
		 4: 
		 5: 
		 6: GETFIELD %self->cache_key_other def_%v_3 %self[2.0,] 
		 7: BRANCH %v_3[2.6,] 
BB 3
	outgoing: 5 
	datadep: 
	instructions:
		 0: %self->cache_key def_%v_4 %self[2.0,] 	 SYMBOL:	 ARGS:
		 1: COPY TYPE_StringLiteral "_other" def_%v_5 
		 2: BUILDSTRING def_%v_6 %v_4[3.0,] %v_5[3.1,] 
		 3: RETURN %v_6[3.2,] %self[3.0,2.0,] 
BB 4
	outgoing: 5 
	datadep: 
	instructions:
		 0: RETURN %v_3[2.6,] %self[2.0,] 
BB 5
	outgoing: 
	datadep: 
	instructions:

SET IRMethod, name = get? instanceMethod = true
BB 1
	outgoing: 3 2 
	datadep: 
	instructions:
BB 2
	outgoing: 3 
	datadep: 
	instructions:
		 0: def_%self 
		 1: def_%v_0 
		 2: COPY TYPE_CurrentScope def_%current_scope 
		 3: COPY TYPE_ScopeModule def_%current_module 
		 4: 
		 5: 
		 6: GETFIELD %self->env def_%v_3 %self[2.0,] 
		 7: COPY TYPE_StringLiteral "REQUEST_METHOD" def_%v_4 
		 8: %v_3->[] def_%v_5 %v_3[2.6,] %v_4[2.7,] 	 SYMBOL:	 ARGS:%v_4,
		 9: COPY TYPE_StringLiteral "GET" def_%v_6 
		 10: %v_5->== def_%v_7 %v_5[2.8,] %v_6[2.9,] 	 SYMBOL:	 ARGS:%v_6,
		 11: RETURN %v_7[2.10,] %self[2.0,] 
BB 3
	outgoing: 
	datadep: 
	instructions:

SET IRMethod, name = has_auth_cookie? instanceMethod = true
BB 1
	outgoing: 3 2 
	datadep: 
	instructions:
BB 2
	outgoing: 3 
	datadep: 
	instructions:
		 0: def_%self 
		 1: def_%v_0 
		 2: COPY TYPE_CurrentScope def_%current_scope 
		 3: COPY TYPE_ScopeModule def_%current_module 
		 4: 
		 5: 
		 6: (CurrentUser) def_%v_3 
		 7: GETFIELD %self->env def_%v_4 %self[2.0,] 
		 8: %v_3->has_auth_cookie? def_%v_5 %v_3[2.6,] %v_4[2.7,] 	 SYMBOL:	 ARGS:%v_4,
		 9: RETURN %v_5[2.8,] %self[2.0,] 
BB 3
	outgoing: 
	datadep: 
	instructions:

SET IRMethod, name = no_cache_bypass instanceMethod = true
BB 1
	outgoing: 5 2 
	datadep: 
	instructions:
BB 2
	outgoing: 3 4 
	datadep: 
	instructions:
		 0: def_%self 
		 1: def_%v_0 
		 2: COPY TYPE_CurrentScope def_%current_scope 
		 3: COPY TYPE_ScopeModule def_%current_module 
		 4: 
		 5: 
		 6: (Rack) def_%v_3 
		 7: (inherit Request) def_%v_4 %v_3[2.6,] 
		 8: %v_4[2.7,] 
BB 3
	outgoing: 4 
	datadep: 
	instructions:
		 0: %v_3->const_missing def_%v_4 %v_3[2.6,] 	 SYMBOL:Request,	 ARGS:Symbol,
BB 4
	outgoing: 5 
	datadep: 
	instructions:
		 0: GETFIELD %self->env def_%v_5 %self[2.0,] 
		 1: %v_4->new def_%v_6 %v_4[3.0,2.7,] %v_5[4.0,] 	 SYMBOL:	 ARGS:%v_5,
		 2: COPY TYPE_PASS def_request %v_6[4.1,] 
		 3: 
		 4: %v_6->cookies def_%v_7 %v_6[4.1,] 	 SYMBOL:	 ARGS:
		 5: COPY TYPE_StringLiteral "_bypass_cache" def_%v_8 
		 6: %v_7->[] def_%v_9 %v_7[4.4,] %v_8[4.5,] 	 SYMBOL:	 ARGS:%v_8,
		 7: %v_9->nil? def_%v_10 %v_9[4.6,] 	 SYMBOL:	 ARGS:
		 8: RETURN %v_10[4.7,] %self[2.0,] 
BB 5
	outgoing: 
	datadep: 
	instructions:

SET IRMethod, name = cacheable? instanceMethod = true
BB 1
	outgoing: 7 2 
	datadep: 
	instructions:
BB 2
	outgoing: 3 4 
	datadep: 
	instructions:
		 0: def_%self 
		 1: def_%v_0 
		 2: COPY TYPE_CurrentScope def_%current_scope 
		 3: COPY TYPE_ScopeModule def_%current_module 
		 4: 
		 5: 
		 6: %self->has_auth_cookie? def_%v_3 %self[2.0,] 	 SYMBOL:	 ARGS:
		 7: %v_3->! def_%v_4 %v_3[2.6,] 	 SYMBOL:	 ARGS:
		 8: BRANCH %v_4[2.7,] 
BB 3
	outgoing: 4 
	datadep: 
	instructions:
		 0: %self->get? def_%v_5 %self[2.0,] 	 SYMBOL:	 ARGS:
		 1: COPY TYPE_PASS def_%v_4 %v_5[3.0,] 
BB 4
	outgoing: 5 6 
	datadep: 
	instructions:
		 0: BRANCH %v_4[3.1,2.7,] 
BB 5
	outgoing: 6 
	datadep: 
	instructions:
		 0: %self->no_cache_bypass def_%v_6 %self[2.0,] 	 SYMBOL:	 ARGS:
		 1: COPY TYPE_PASS def_%v_4 %v_6[5.0,] 
BB 6
	outgoing: 7 
	datadep: 
	instructions:
		 0: %v_4->! def_%v_7 %v_4[5.1,3.1,2.7,] 	 SYMBOL:	 ARGS:
		 1: %v_7->! def_%v_8 %v_7[6.0,] 	 SYMBOL:	 ARGS:
		 2: RETURN %v_8[6.1,] %self[2.0,] 
BB 7
	outgoing: 
	datadep: 
	instructions:

SET IRMethod, name = cached instanceMethod = true
BB 1
	outgoing: 9 2 
	datadep: 
	instructions:
BB 2
	outgoing: 3 7 
	datadep: 
	instructions:
		 0: def_%self 
		 1: def_%v_0 
		 2: COPY TYPE_CurrentScope def_%current_scope 
		 3: COPY TYPE_ScopeModule def_%current_module 
		 4: 
		 5: 
		 6: GLOBALVAR $redis def_%v_3 
		 7: %self->cache_key_body def_%v_4 %self[2.0,] 	 SYMBOL:	 ARGS:
		 8: %v_3->get def_%v_5 %v_3[2.6,] %v_4[2.7,] 	 SYMBOL:	 ARGS:%v_4,
		 9: COPY TYPE_PASS def_body %v_5[2.8,] 
		 10: BRANCH %v_5[2.8,] 
BB 3
	outgoing: 4 5 
	datadep: 
	instructions:
		 0: 
		 1: GLOBALVAR $redis def_%v_6 
		 2: %self->cache_key_other def_%v_7 %self[2.0,] 	 SYMBOL:	 ARGS:
		 3: %v_6->get def_%v_8 %v_6[3.1,] %v_7[3.2,] 	 SYMBOL:	 ARGS:%v_7,
		 4: COPY TYPE_PASS def_other %v_8[3.3,] 
		 5: BRANCH %v_8[3.3,] 
BB 4
	outgoing: 6 
	datadep: 
	instructions:
		 0: 
		 1: (JSON) def_%v_9 
		 2: %v_9->parse def_%v_10 %v_9[4.1,] other[3.4,] 	 SYMBOL:	 ARGS:other,
		 3: COPY TYPE_PASS def_other %v_10[4.2,] 
		 4: 
		 5: %v_10->[] def_%v_11 %v_10[4.2,] 	 SYMBOL:	 ARGS:Fixnum,
		 6: other->[] def_%v_12 other[4.3,] 	 SYMBOL:	 ARGS:Fixnum,
		 7: COPY TYPE_Array def_%v_13 body[2.9,] 
		 8: COPY TYPE_Array def_%v_14 %v_11[4.5,] %v_12[4.6,] %v_13[4.7,] 
		 9: 
BB 5
	outgoing: 6 
	datadep: 
	instructions:
		 0: COPY TYPE_Nil def_%v_14 
BB 6
	outgoing: 9 
	datadep: 
	instructions:
		 0: RETURN %v_14[5.0,4.8,] %self[2.0,] 
BB 7
	outgoing: 9 
	datadep: 
	instructions:
		 0: RETURN %self[2.0,] 
BB 9
	outgoing: 
	datadep: 
	instructions:

SET IRMethod, name = cache_duration instanceMethod = true
BB 1
	outgoing: 3 2 
	datadep: 
	instructions:
BB 2
	outgoing: 3 
	datadep: 
	instructions:
		 0: def_%self 
		 1: def_%v_0 
		 2: COPY TYPE_CurrentScope def_%current_scope 
		 3: COPY TYPE_ScopeModule def_%current_module 
		 4: 
		 5: 
		 6: GETFIELD %self->env def_%v_3 %self[2.0,] 
		 7: COPY TYPE_StringLiteral "ANON_CACHE_DURATION" def_%v_4 
		 8: %v_3->[] def_%v_5 %v_3[2.6,] %v_4[2.7,] 	 SYMBOL:	 ARGS:%v_4,
		 9: RETURN %v_5[2.8,] %self[2.0,] 
BB 3
	outgoing: 
	datadep: 
	instructions:

SET IRMethod, name = cache instanceMethod = true
BB 1
	outgoing: 8 2 
	datadep: 
	instructions:
BB 2
	outgoing: 3 4 
	datadep: 
	instructions:
		 0: def_%self 
		 1: def_%v_0 
		 2: COPY TYPE_CurrentScope def_%current_scope 
		 3: COPY TYPE_ScopeModule def_%current_module 
		 4: 
		 5: RECEIVEARG def_result 
		 6: 
		 7: COPY TYPE_PASS def_%v_3 result[2.5,] 
		 8: def_%v_4 result[2.5,] 
		 9: def_%v_5 %v_4[2.8,] 
		 10: def_%v_6 %v_4[2.8,] 
		 11: def_%v_7 %v_4[2.8,] 
		 12: COPY TYPE_PASS def_status %v_5[2.9,] 
		 13: COPY TYPE_PASS def_headers %v_6[2.10,] 
		 14: COPY TYPE_PASS def_response %v_7[2.11,] 
		 15: 
		 16: %v_5->== def_%v_8 %v_5[2.9,] 	 SYMBOL:	 ARGS:Fixnum,
		 17: BRANCH %v_8[2.16,] 
BB 3
	outgoing: 4 
	datadep: 
	instructions:
		 0: %self->cache_duration def_%v_9 %self[2.0,] 	 SYMBOL:	 ARGS:
		 1: COPY TYPE_PASS def_%v_8 %v_9[3.0,] 
BB 4
	outgoing: 5 6 
	datadep: 
	instructions:
		 0: BRANCH %v_8[3.1,2.16,] 
BB 5
	outgoing: 7 
	datadep: 
	instructions:
		 0: 
		 1: headers->dup def_%v_10 headers[2.13,] 	 SYMBOL:	 ARGS:
		 2: %v_10->delete_if def_%v_11 %v_10[5.1,] %self[2.0,] 	 SYMBOL:	 ARGS:%v_10,
CLOSURE BEGIN: k[] 
BB 1
	outgoing: 6 2 
	datadep: 
	instructions:
BB 2
	outgoing: 3 
	datadep: 
	instructions:
		 0: def_%self 
		 1: def_%cl_1_0 
		 2: RECEIVEARG def_k 
		 3: RECEIVEARG def__ 
		 4: COPY TYPE_CurrentScope def_%current_scope 
		 5: COPY TYPE_ScopeModule def_%current_module 
BB 3
	outgoing: 4 6 
	datadep: 
	instructions:
		 0: 
		 1: COPY TYPE_StringLiteral "Set-Cookie" def_%cl_1_3 
		 2: COPY TYPE_StringLiteral "X-MiniProfiler-Ids" def_%cl_1_4 
		 3: COPY TYPE_Array def_%cl_1_5 %cl_1_3[3.1,] %cl_1_4[3.2,] 
		 4: %cl_1_5->include? def_%cl_1_6 %cl_1_5[3.3,] k[2.2,] 	 SYMBOL:	 ARGS:k,
		 5: RETURN %cl_1_6[3.4,] %self[2.0,] 
BB 4
	outgoing: 6 
	datadep: 
	instructions:
		 0: def_%cl_1_7 
		 1: def_%cl_1_8 %cl_1_7[4.0,] 
		 2: RETURN %cl_1_8[4.1,] %self[2.0,] 
BB 6
	outgoing: 
	datadep: 
	instructions:
CLOSURE END: _[2.3,] 
		 3: COPY TYPE_PASS def_headers_stripped %v_11[5.2,] 
		 4: 
		 5: COPY TYPE_StringLiteral "X-Discourse-Cached" def_%v_12 
		 6: COPY TYPE_StringLiteral "true" def_%v_13 
		 7: ATTRASSIGN %v_11->[] %v_12[5.5,] %v_13[5.6,] 
		 8: 
		 9: COPY TYPE_Array def_%v_14 
		 10: COPY TYPE_PASS def_parts %v_14[5.9,] 
		 11: 
		 12: response->each def_%v_15 response[2.14,] %self[2.0,] 	 SYMBOL:	 ARGS:response,
CLOSURE BEGIN: parts[5.10,] part[] 
BB 1
	outgoing: 6 2 
	datadep: 
	instructions:
BB 2
	outgoing: 3 
	datadep: 
	instructions:
		 0: def_%self 
		 1: def_%cl_2_0 
		 2: RECEIVEARG def_part 
		 3: COPY TYPE_CurrentScope def_%current_scope 
		 4: COPY TYPE_ScopeModule def_%current_module 
BB 3
	outgoing: 4 6 
	datadep: 
	instructions:
		 0: 
		 1: parts-><< def_%cl_2_3 parts[] part[2.2,] 	 SYMBOL:	 ARGS:part,
		 2: RETURN %cl_2_3[3.1,] %self[2.0,] 
BB 4
	outgoing: 6 
	datadep: 
	instructions:
		 0: def_%cl_2_4 
		 1: def_%cl_2_5 %cl_2_4[4.0,] 
		 2: RETURN %cl_2_5[4.1,] %self[2.0,] 
BB 6
	outgoing: 
	datadep: 
	instructions:
CLOSURE END: 
		 13: 
		 14: GLOBALVAR $redis def_%v_16 
		 15: %self->cache_key_body def_%v_17 %self[2.0,] 	 SYMBOL:	 ARGS:
		 16: %self->cache_duration def_%v_18 %self[5.15,2.0,] 	 SYMBOL:	 ARGS:
		 17: parts->join def_%v_19 parts[5.10,] 	 SYMBOL:	 ARGS:
		 18: %v_16->setex def_%v_20 %v_16[5.14,] %v_17[5.15,] %v_18[5.16,] %v_19[5.17,] 	 SYMBOL:	 ARGS:%v_17,%v_18,%v_19,
		 19: 
		 20: GLOBALVAR $redis def_%v_21 
		 21: %self->cache_key_other def_%v_22 %self[5.15,5.16,2.0,] 	 SYMBOL:	 ARGS:
		 22: %self->cache_duration def_%v_23 %self[5.15,5.16,5.21,2.0,] 	 SYMBOL:	 ARGS:
		 23: COPY TYPE_Array def_%v_24 status[2.12,] headers_stripped[5.3,] 
		 24: %v_24->to_json def_%v_25 %v_24[5.23,] 	 SYMBOL:	 ARGS:
		 25: %v_21->setex def_%v_26 %v_21[5.20,] %v_22[5.21,] %v_23[5.22,] %v_25[5.24,] 	 SYMBOL:	 ARGS:%v_22,%v_23,%v_25,
		 26: 
BB 6
	outgoing: 7 
	datadep: 
	instructions:
		 0: 
		 1: COPY TYPE_PASS def_parts response[2.14,] 
		 2: COPY TYPE_PASS def_%v_26 response[2.14,] 
BB 7
	outgoing: 8 
	datadep: 
	instructions:
		 0: 
		 1: COPY TYPE_Array def_%v_27 status[2.12,] headers[2.13,] parts[6.1,5.10,] 
		 2: RETURN %v_27[7.1,] %self[2.0,] 
BB 8
	outgoing: 
	datadep: 
	instructions:

SET IRMethod, name = clear_cache instanceMethod = true
BB 1
	outgoing: 3 2 
	datadep: 
	instructions:
BB 2
	outgoing: 3 
	datadep: 
	instructions:
		 0: def_%self 
		 1: def_%v_0 
		 2: COPY TYPE_CurrentScope def_%current_scope 
		 3: COPY TYPE_ScopeModule def_%current_module 
		 4: 
		 5: 
		 6: GLOBALVAR $redis def_%v_3 
		 7: %self->cache_key_body def_%v_4 %self[2.0,] 	 SYMBOL:	 ARGS:
		 8: %v_3->del def_%v_5 %v_3[2.6,] %v_4[2.7,] 	 SYMBOL:	 ARGS:%v_4,
		 9: 
		 10: GLOBALVAR $redis def_%v_6 
		 11: %self->cache_key_other def_%v_7 %self[2.0,2.7,] 	 SYMBOL:	 ARGS:
		 12: %v_6->del def_%v_8 %v_6[2.10,] %v_7[2.11,] 	 SYMBOL:	 ARGS:%v_7,
		 13: RETURN %v_8[2.12,] %self[2.0,2.7,2.11,] 
BB 3
	outgoing: 
	datadep: 
	instructions:

SET IRMethod, name = initialize instanceMethod = true
BB 1
	outgoing: 5 2 
	datadep: 
	instructions:
BB 2
	outgoing: 3 4 
	datadep: 
	instructions:
		 0: def_%self 
		 1: def_%v_0 
		 2: COPY TYPE_CurrentScope def_%current_scope 
		 3: COPY TYPE_ScopeModule def_%current_module 
		 4: 
		 5: RECEIVEARG def_app 
		 6: RECEIVECONSTARG def_settings 
		 7: settings[2.6,] 
BB 3
	outgoing: 4 
	datadep: 
	instructions:
		 0: HASH- def_%v_3 
		 1: COPY TYPE_PASS def_settings %v_3[3.0,] 
BB 4
	outgoing: 5 
	datadep: 
	instructions:
		 0: 
		 1: ATTRASSIGN %self->app app[2.5,] 
		 2: RETURN app[2.5,] %self[4.1,2.0,] 
BB 5
	outgoing: 
	datadep: 
	instructions:

SET IRMethod, name = call instanceMethod = true
BB 1
	outgoing: 8 2 
	datadep: 
	instructions:
BB 2
	outgoing: 3 6 
	datadep: 
	instructions:
		 0: def_%self 
		 1: def_%v_0 
		 2: COPY TYPE_CurrentScope def_%current_scope 
		 3: COPY TYPE_ScopeModule def_%current_module 
		 4: 
		 5: RECEIVEARG def_env 
		 6: 
		 7: (Helper) def_%v_3 
		 8: %v_3->new def_%v_4 %v_3[2.7,] env[2.5,] 	 SYMBOL:	 ARGS:env,
		 9: COPY TYPE_PASS def_helper %v_4[2.8,] 
		 10: 
		 11: %v_4->cacheable? def_%v_5 %v_4[2.8,] 	 SYMBOL:	 ARGS:
		 12: BRANCH %v_5[2.11,] 
BB 3
	outgoing: 4 5 
	datadep: 
	instructions:
		 0: 
		 1: helper->cached def_%v_6 helper[2.9,] 	 SYMBOL:	 ARGS:
		 2: BRANCH %v_6[3.1,] 
BB 4
	outgoing: 5 
	datadep: 
	instructions:
		 0: GETFIELD %self->app def_%v_7 %self[2.0,] 
		 1: %v_7->call def_%v_8 %v_7[4.0,] env[2.5,] 	 SYMBOL:	 ARGS:env,
		 2: helper->cache def_%v_9 helper[2.9,] %v_8[4.1,] 	 SYMBOL:	 ARGS:%v_8,
		 3: COPY TYPE_PASS def_%v_6 %v_9[4.2,] 
BB 5
	outgoing: 8 
	datadep: 
	instructions:
		 0: RETURN %v_6[4.3,3.1,] %self[2.0,] 
BB 6
	outgoing: 8 
	datadep: 
	instructions:
		 0: 
		 1: GETFIELD %self->app def_%v_10 %self[2.0,] 
		 2: %v_10->call def_%v_11 %v_10[6.1,] env[2.5,] 	 SYMBOL:	 ARGS:env,
		 3: RETURN %v_11[6.2,] %self[2.0,] 
BB 8
	outgoing: 
	datadep: 
	instructions:

