SET IRMethod, name = execute instanceMethod = true
BB 1
	outgoing: 6 2 
	datadep: 
	instructions:
BB 2
	outgoing: 3 4 
	datadep: 
	instructions:
		 0: def_%self 
		 1: def_%v_0 
		 2: COPY TYPE_CurrentScope def_%current_scope 
		 3: COPY TYPE_ScopeModule def_%current_module 
		 4: 
		 5: RECEIVEARG def_args 
		 6: 
		 7: (User) def_%v_3 
		 8: args->[] def_%v_4 args[2.5,] 	 SYMBOL:user_id,	 ARGS:Symbol,
		 9: HASH-id- def_%v_5 %v_4[2.8,] 
		 10: %v_3->find_by def_%v_6 %v_3[2.7,] %v_5[2.9,] 	 SYMBOL:	 ARGS:%v_5,
		 11: COPY TYPE_PASS def_user %v_6[2.10,] 
		 12: BRANCH %v_6[2.10,] 
BB 3
	outgoing: 6 
	datadep: 
	instructions:
		 0: 
		 1: user->user_option def_%v_7 user[2.11,] 	 SYMBOL:	 ARGS:
		 2: args->[] def_%v_8 args[2.5,] 	 SYMBOL:redirected_at,	 ARGS:Symbol,
		 3: %v_7->update_column def_%v_9 %v_7[3.1,] %v_8[3.2,] 	 SYMBOL:last_redirected_to_top_at,	 ARGS:Symbol,%v_8,
		 4: RETURN %v_9[3.3,] %self[2.0,] 
BB 4
	outgoing: 6 
	datadep: 
	instructions:
		 0: RETURN %self[2.0,] 
BB 6
	outgoing: 
	datadep: 
	instructions:

