SET IRMethod, name = execute instanceMethod = true
BB 1
	outgoing: 13 2 
	datadep: 
	instructions:
BB 2
	outgoing: 3 4 
	datadep: 
	instructions:
		 0: def_%self 
		 1: def_%v_0 
		 2: COPY TYPE_CurrentScope def_%current_scope 
		 3: COPY TYPE_ScopeModule def_%current_module 
		 4: 
		 5: RECEIVEARG def_args 
		 6: 
		 7: (User) def_%v_3 
		 8: args->[] def_%v_4 args[2.5,] 	 SYMBOL:user_id,	 ARGS:Symbol,
		 9: HASH-id- def_%v_5 %v_4[2.8,] 
		 10: %v_3->find_by def_%v_6 %v_3[2.7,] %v_5[2.9,] 	 SYMBOL:	 ARGS:%v_5,
		 11: COPY TYPE_PASS def_user %v_6[2.10,] 
		 12: 
		 13: (UserAvatar) def_%v_7 
		 14: args->[] def_%v_8 args[2.5,2.8,] 	 SYMBOL:avatar_id,	 ARGS:Symbol,
		 15: HASH-id- def_%v_9 %v_8[2.14,] 
		 16: %v_7->find_by def_%v_10 %v_7[2.13,] %v_9[2.15,] 	 SYMBOL:	 ARGS:%v_9,
		 17: COPY TYPE_PASS def_avatar %v_10[2.16,] 
		 18: 
		 19: COPY TYPE_PASS def_%v_11 user[2.11,] 
		 20: BRANCH user[2.11,] 
BB 3
	outgoing: 4 
	datadep: 
	instructions:
		 0: COPY TYPE_PASS def_%v_11 avatar[2.17,] 
BB 4
	outgoing: 5 11 
	datadep: 
	instructions:
		 0: BRANCH %v_11[3.0,2.19,] 
BB 5
	outgoing: 6 7 
	datadep: 
	instructions:
		 0: 
		 1: avatar->update_gravatar! def_%v_12 avatar[2.17,] 	 SYMBOL:	 ARGS:
		 2: 
		 3: user->uploaded_avatar_id def_%v_13 user[2.11,] 	 SYMBOL:	 ARGS:
		 4: %v_13->! def_%v_14 %v_13[5.3,] 	 SYMBOL:	 ARGS:
		 5: BRANCH %v_14[5.4,] 
BB 6
	outgoing: 7 
	datadep: 
	instructions:
		 0: avatar->gravatar_upload_id def_%v_15 avatar[2.17,] 	 SYMBOL:	 ARGS:
		 1: COPY TYPE_PASS def_%v_14 %v_15[6.0,] 
BB 7
	outgoing: 8 9 
	datadep: 
	instructions:
		 0: BRANCH %v_14[6.1,5.4,] 
BB 8
	outgoing: 10 
	datadep: 
	instructions:
		 0: 
		 1: avatar->gravatar_upload_id def_%v_16 avatar[2.17,] 	 SYMBOL:	 ARGS:
		 2: user->update_column def_%v_17 user[2.11,] %v_16[8.1,] 	 SYMBOL:uploaded_avatar_id,	 ARGS:Symbol,%v_16,
		 3: 
BB 9
	outgoing: 10 
	datadep: 
	instructions:
		 0: COPY TYPE_Nil def_%v_17 
BB 10
	outgoing: 13 
	datadep: 
	instructions:
		 0: RETURN %v_17[9.0,8.2,] %self[2.0,] 
BB 11
	outgoing: 13 
	datadep: 
	instructions:
		 0: RETURN %self[2.0,] 
BB 13
	outgoing: 
	datadep: 
	instructions:

