SET IRMethod, name = prefilled_username instanceMethod = true
BB 1
	outgoing: 10 2 
	datadep: 
	instructions:
BB 2
	outgoing: 3 4 
	datadep: 
	instructions:
		 0: def_%self 
		 1: def_%v_0 
		 2: COPY TYPE_CurrentScope def_%current_scope 
		 3: COPY TYPE_ScopeModule def_%current_module 
		 4: 
		 5: 
		 6: (Addressable) def_%v_3 
		 7: (inherit URI) def_%v_4 %v_3[2.6,] 
		 8: %v_4[2.7,] 
BB 3
	outgoing: 4 
	datadep: 
	instructions:
		 0: %v_3->const_missing def_%v_4 %v_3[2.6,] 	 SYMBOL:URI,	 ARGS:Symbol,
BB 4
	outgoing: 5 6 
	datadep: 
	instructions:
		 0: %self->session def_%v_5 %self[2.0,] 	 SYMBOL:	 ARGS:
		 1: COPY TYPE_StringLiteral "user_return_to" def_%v_6 
		 2: %v_5->[] def_%v_7 %v_5[4.0,] %v_6[4.1,] 	 SYMBOL:	 ARGS:%v_6,
		 3: %v_4->parse def_%v_8 %v_4[3.0,2.7,] %v_7[4.2,] 	 SYMBOL:	 ARGS:%v_7,
		 4: COPY TYPE_PASS def_uri %v_8[4.3,] 
		 5: 
		 6: COPY TYPE_PASS def_%v_9 %v_8[4.3,] 
		 7: BRANCH %v_8[4.3,] 
BB 5
	outgoing: 6 
	datadep: 
	instructions:
		 0: uri->query_values def_%v_10 uri[4.4,] 	 SYMBOL:	 ARGS:
		 1: COPY TYPE_PASS def_%v_9 %v_10[5.0,] 
BB 6
	outgoing: 7 8 
	datadep: 
	instructions:
		 0: BRANCH %v_9[5.1,4.6,] 
BB 7
	outgoing: 10 
	datadep: 
	instructions:
		 0: 
		 1: uri->query_values def_%v_11 uri[4.4,] 	 SYMBOL:	 ARGS:
		 2: COPY TYPE_StringLiteral "username" def_%v_12 
		 3: %v_11->[] def_%v_13 %v_11[7.1,] %v_12[7.2,] 	 SYMBOL:	 ARGS:%v_12,
		 4: RETURN %v_13[7.3,] %self[2.0,] 
BB 8
	outgoing: 10 
	datadep: 
	instructions:
		 0: 
		 1: RETURN %self[2.0,] 
BB 10
	outgoing: 
	datadep: 
	instructions:

SET IRMethod, name = display_registration_link? instanceMethod = true
BB 1
	outgoing: 7 2 
	datadep: 
	instructions:
BB 2
	outgoing: 3 4 
	datadep: 
	instructions:
		 0: def_%self 
		 1: def_%v_0 
		 2: COPY TYPE_CurrentScope def_%current_scope 
		 3: COPY TYPE_ScopeModule def_%current_module 
		 4: 
		 5: 
		 6: (AppConfig) def_%v_3 
		 7: %v_3->settings def_%v_4 %v_3[2.6,] 	 SYMBOL:	 ARGS:
		 8: %v_4->enable_registrations? def_%v_5 %v_4[2.7,] 	 SYMBOL:	 ARGS:
		 9: BRANCH %v_5[2.8,] 
BB 3
	outgoing: 4 
	datadep: 
	instructions:
		 0: %self->devise_mapping def_%v_6 %self[2.0,] 	 SYMBOL:	 ARGS:
		 1: %v_6->registerable? def_%v_7 %v_6[3.0,] 	 SYMBOL:	 ARGS:
		 2: COPY TYPE_PASS def_%v_5 %v_7[3.1,] 
BB 4
	outgoing: 5 6 
	datadep: 
	instructions:
		 0: BRANCH %v_5[3.2,2.8,] 
BB 5
	outgoing: 7 
	datadep: 
	instructions:
		 0: %self->controller_name def_%v_8 %self[2.0,] 	 SYMBOL:	 ARGS:
		 1: COPY TYPE_StringLiteral "registrations" def_%v_9 
		 2: %v_8->!= def_%v_10 %v_8[5.0,] %v_9[5.1,] 	 SYMBOL:	 ARGS:%v_9,
		 3: RETURN %v_10[5.2,] %self[5.0,2.0,] 
BB 6
	outgoing: 7 
	datadep: 
	instructions:
		 0: RETURN %v_5[3.2,2.8,] %self[2.0,] 
BB 7
	outgoing: 
	datadep: 
	instructions:

SET IRMethod, name = display_password_reset_link? instanceMethod = true
BB 1
	outgoing: 5 2 
	datadep: 
	instructions:
BB 2
	outgoing: 3 4 
	datadep: 
	instructions:
		 0: def_%self 
		 1: def_%v_0 
		 2: COPY TYPE_CurrentScope def_%current_scope 
		 3: COPY TYPE_ScopeModule def_%current_module 
		 4: 
		 5: 
		 6: %self->devise_mapping def_%v_3 %self[2.0,] 	 SYMBOL:	 ARGS:
		 7: %v_3->recoverable? def_%v_4 %v_3[2.6,] 	 SYMBOL:	 ARGS:
		 8: BRANCH %v_4[2.7,] 
BB 3
	outgoing: 5 
	datadep: 
	instructions:
		 0: %self->controller_name def_%v_5 %self[2.0,] 	 SYMBOL:	 ARGS:
		 1: COPY TYPE_StringLiteral "passwords" def_%v_6 
		 2: %v_5->!= def_%v_7 %v_5[3.0,] %v_6[3.1,] 	 SYMBOL:	 ARGS:%v_6,
		 3: RETURN %v_7[3.2,] %self[3.0,2.0,] 
BB 4
	outgoing: 5 
	datadep: 
	instructions:
		 0: RETURN %v_4[2.7,] %self[2.0,] 
BB 5
	outgoing: 
	datadep: 
	instructions:

SET IRMethod, name = flash_class instanceMethod = true
BB 1
	outgoing: 3 2 
	datadep: 
	instructions:
BB 2
	outgoing: 3 
	datadep: 
	instructions:
		 0: def_%self 
		 1: def_%v_0 
		 2: COPY TYPE_CurrentScope def_%current_scope 
		 3: COPY TYPE_ScopeModule def_%current_module 
		 4: 
		 5: RECEIVEARG def_name 
		 6: 
		 7: COPY TYPE_StringLiteral "success" def_%v_3 
		 8: COPY TYPE_StringLiteral "danger" def_%v_4 
		 9: COPY TYPE_StringLiteral "danger" def_%v_5 
		 10: HASH-notice-alert-error- def_%v_6 %v_3[2.7,] %v_4[2.8,] %v_5[2.9,] 
		 11: name->to_sym def_%v_7 name[2.5,] 	 SYMBOL:	 ARGS:
		 12: %v_6->[] def_%v_8 %v_6[2.10,] %v_7[2.11,] 	 SYMBOL:	 ARGS:%v_7,
		 13: RETURN %v_8[2.12,] %self[2.0,] 
BB 3
	outgoing: 
	datadep: 
	instructions:

