SET IRMethod, name = create instanceMethod = true
BB 1
	outgoing: 9 2 
	datadep: 
	instructions:
BB 2
	outgoing: 3 7 
	datadep: 
	instructions:
		 0: def_%self 
		 1: def_%v_0 
		 2: COPY TYPE_CurrentScope def_%current_scope 
		 3: COPY TYPE_ScopeModule def_%current_module 
		 4: 
		 5: 
		 6: %self->current_user def_%v_3 %self[2.0,] 	 SYMBOL:	 ARGS:
		 7: %v_3->aspects def_%v_4 %v_3[2.6,] 	 SYMBOL:	 ARGS:
		 8: %self->aspect_params def_%v_5 %self[2.0,2.6,] 	 SYMBOL:	 ARGS:
		 9: %v_4->build def_%v_6 %v_4[2.7,] %v_5[2.8,] 	 SYMBOL:	 ARGS:%v_5,
		 10: ATTRASSIGN %self->aspect %v_6[2.9,] 
		 11: 
		 12: %self->params def_%v_7 %self[2.0,2.6,2.8,2.10,] 	 SYMBOL:	 ARGS:
		 13: %v_7->[] def_%v_8 %v_7[2.12,] 	 SYMBOL:person_id,	 ARGS:Symbol,
		 14: COPY TYPE_PASS def_aspecting_person_id %v_8[2.13,] 
		 15: 
		 16: GETFIELD %self->aspect def_%v_9 %self[2.0,2.6,2.8,2.10,2.12,] 
		 17: %v_9->save def_%v_10 %v_9[2.16,] 	 SYMBOL:	 ARGS:
		 18: BRANCH %v_10[2.17,] 
BB 3
	outgoing: 4 5 
	datadep: 
	instructions:
		 0: 
		 1: aspecting_person_id->present? def_%v_11 aspecting_person_id[2.14,] 	 SYMBOL:	 ARGS:
		 2: BRANCH %v_11[3.1,] 
BB 4
	outgoing: 6 
	datadep: 
	instructions:
		 0: 
		 1: %self->connect_person_to_aspect def_%v_12 %self[2.0,2.10,] aspecting_person_id[2.14,] 	 SYMBOL:	 ARGS:aspecting_person_id,
		 2: 
BB 5
	outgoing: 6 
	datadep: 
	instructions:
		 0: COPY TYPE_Nil def_%v_12 
BB 6
	outgoing: 9 
	datadep: 
	instructions:
		 0: 
		 1: GETFIELD %self->aspect def_%v_13 %self[2.0,2.10,] 
		 2: %v_13->id def_%v_14 %v_13[6.1,] 	 SYMBOL:	 ARGS:
		 3: GETFIELD %self->aspect def_%v_15 %self[2.0,2.10,] 
		 4: %v_15->name def_%v_16 %v_15[6.3,] 	 SYMBOL:	 ARGS:
		 5: HASH-id-name- def_%v_17 %v_14[6.2,] %v_16[6.4,] 
		 6: HASH-json- def_%v_18 %v_17[6.5,] 
		 7: %self->render def_%v_19 %self[2.0,2.10,] %v_18[6.6,] 	 SYMBOL:	 ARGS:%v_18,
		 8: RETURN %v_19[6.7,] %self[6.7,2.0,2.10,] 
BB 7
	outgoing: 9 
	datadep: 
	instructions:
		 0: 
		 1: HASH-nothing-status- def_%v_20 
		 2: %self->render def_%v_21 %self[2.0,2.10,] %v_20[7.1,] 	 SYMBOL:	 ARGS:%v_20,
		 3: RETURN %v_21[7.2,] %self[7.2,2.0,2.10,] 
BB 9
	outgoing: 
	datadep: 
	instructions:

SET IRMethod, name = destroy instanceMethod = true
BB 1
	outgoing: 22 2 
	datadep: 
	instructions:
BB 2
	outgoing: 4 
	datadep: 
	instructions:
		 0: def_%self 
		 1: def_%v_0 
		 2: COPY TYPE_CurrentScope def_%current_scope 
		 3: COPY TYPE_ScopeModule def_%current_module 
		 4: 
		 5: 
		 6: %self->current_user def_%v_3 %self[2.0,] 	 SYMBOL:	 ARGS:
		 7: %v_3->aspects def_%v_4 %v_3[2.6,] 	 SYMBOL:	 ARGS:
		 8: %self->params def_%v_5 %self[2.0,2.6,] 	 SYMBOL:	 ARGS:
		 9: %v_5->[] def_%v_6 %v_5[2.8,] 	 SYMBOL:id,	 ARGS:Symbol,
		 10: HASH-id- def_%v_7 %v_6[2.9,] 
		 11: %v_4->where def_%v_8 %v_4[2.7,] %v_7[2.10,] 	 SYMBOL:	 ARGS:%v_7,
		 12: %v_8->first def_%v_9 %v_8[2.11,] 	 SYMBOL:	 ARGS:
		 13: ATTRASSIGN %self->aspect %v_9[2.12,] 
		 14: 
		 15: GLOBALVAR $! def_%v_10 
BB 4
	outgoing: 5 6 11 
	datadep: 
	instructions:
		 0: 
		 1: 
		 2: %self->current_user def_%v_13 %self[2.0,2.13,] 	 SYMBOL:	 ARGS:
		 3: %v_13->auto_follow_back def_%v_14 %v_13[4.2,] 	 SYMBOL:	 ARGS:
		 4: BRANCH %v_14[4.3,] 
BB 5
	outgoing: 6 11 
	datadep: 
	instructions:
		 0: GETFIELD %self->aspect def_%v_15 %self[2.0,2.13,] 
		 1: %v_15->id def_%v_16 %v_15[5.0,] 	 SYMBOL:	 ARGS:
		 2: %self->current_user def_%v_17 %self[2.0,2.13,] 	 SYMBOL:	 ARGS:
		 3: %v_17->auto_follow_back_aspect def_%v_18 %v_17[5.2,] 	 SYMBOL:	 ARGS:
		 4: %v_18->id def_%v_19 %v_18[5.3,] 	 SYMBOL:	 ARGS:
		 5: %v_16->== def_%v_20 %v_16[5.1,] %v_19[5.4,] 	 SYMBOL:	 ARGS:%v_19,
		 6: COPY TYPE_PASS def_%v_14 %v_20[5.5,] 
BB 6
	outgoing: 7 8 
	datadep: 
	instructions:
		 0: BRANCH %v_14[5.6,4.3,] 
BB 7
	outgoing: 9 11 
	datadep: 
	instructions:
		 0: 
		 1: %self->current_user def_%v_21 %self[2.0,2.13,] 	 SYMBOL:	 ARGS:
		 2: HASH-auto_follow_back-auto_follow_back_aspect- def_%v_22 
		 3: %v_21->update def_%v_23 %v_21[7.1,] %v_22[7.2,] 	 SYMBOL:	 ARGS:%v_22,
		 4: 
		 5: %self->flash def_%v_24 %self[7.1,2.0,2.13,] 	 SYMBOL:	 ARGS:
		 6: (I18n) def_%v_25 
		 7: COPY TYPE_StringLiteral "aspects.destroy.success_auto_follow_back" def_%v_26 
		 8: GETFIELD %self->aspect def_%v_27 %self[7.1,7.5,2.0,2.13,] 
		 9: %v_27->name def_%v_28 %v_27[7.8,] 	 SYMBOL:	 ARGS:
		 10: HASH-name- def_%v_29 %v_28[7.9,] 
		 11: %v_25->t def_%v_30 %v_25[7.6,] %v_26[7.7,] %v_29[7.10,] 	 SYMBOL:	 ARGS:%v_26,%v_29,
		 12: ATTRASSIGN %v_24->[] %v_30[7.11,] 
		 13: 
BB 8
	outgoing: 9 11 
	datadep: 
	instructions:
		 0: 
		 1: %self->flash def_%v_31 %self[2.0,2.13,] 	 SYMBOL:	 ARGS:
		 2: (I18n) def_%v_32 
		 3: COPY TYPE_StringLiteral "aspects.destroy.success" def_%v_33 
		 4: GETFIELD %self->aspect def_%v_34 %self[8.1,2.0,2.13,] 
		 5: %v_34->name def_%v_35 %v_34[8.4,] 	 SYMBOL:	 ARGS:
		 6: HASH-name- def_%v_36 %v_35[8.5,] 
		 7: %v_32->t def_%v_37 %v_32[8.2,] %v_33[8.3,] %v_36[8.6,] 	 SYMBOL:	 ARGS:%v_33,%v_36,
		 8: ATTRASSIGN %v_31->[] %v_37[8.7,] 
		 9: COPY TYPE_PASS def_%v_30 %v_37[8.7,] 
BB 9
	outgoing: 10 11 
	datadep: 
	instructions:
		 0: 
		 1: GETFIELD %self->aspect def_%v_38 %self[2.0,2.13,] 
		 2: %v_38->destroy def_%v_39 %v_38[9.1,] 	 SYMBOL:	 ARGS:
		 3: COPY TYPE_PASS def_%v_12 %v_39[9.2,] 
		 4: %v_10[2.15,] 
BB 10
	outgoing: 18 
	datadep: 
	instructions:
		 0: 
BB 11
	outgoing: 12 13 17 
	datadep: 
	instructions:
		 0: def_%v_40 
		 1: (ActiveRecord) def_%v_41 
		 2: (inherit StatementInvalid) def_%v_42 %v_41[11.1,] 
		 3: %v_42[11.2,] 
BB 12
	outgoing: 13 17 
	datadep: 
	instructions:
		 0: %v_41->const_missing def_%v_42 %v_41[11.1,] 	 SYMBOL:StatementInvalid,	 ARGS:Symbol,
BB 13
	outgoing: 14 15 17 
	datadep: 
	instructions:
		 0: def_%v_43 %v_42[12.0,11.2,] %v_40[11.0,] 
		 1: BRANCH %v_43[13.0,] 
BB 14
	outgoing: 17 22 
	datadep: 
	instructions:
		 0: %v_40[11.0,] 
BB 15
	outgoing: 16 17 
	datadep: 
	instructions:
		 0: GLOBALVAR $! def_%v_44 
		 1: COPY TYPE_PASS def_e %v_44[15.0,] 
		 2: 
		 3: %self->flash def_%v_45 %self[2.0,2.13,] 	 SYMBOL:	 ARGS:
		 4: (I18n) def_%v_46 
		 5: COPY TYPE_StringLiteral "aspects.destroy.failure" def_%v_47 
		 6: GETFIELD %self->aspect def_%v_48 %self[15.3,2.0,2.13,] 
		 7: %v_48->name def_%v_49 %v_48[15.6,] 	 SYMBOL:	 ARGS:
		 8: HASH-name- def_%v_50 %v_49[15.7,] 
		 9: %v_46->t def_%v_51 %v_46[15.4,] %v_47[15.5,] %v_50[15.8,] 	 SYMBOL:	 ARGS:%v_47,%v_50,
		 10: ATTRASSIGN %v_45->[] %v_51[15.9,] 
		 11: COPY TYPE_PASS def_%v_12 %v_51[15.9,] 
		 12: %v_10[2.15,] 
BB 16
	outgoing: 18 
	datadep: 
	instructions:
		 0: 
BB 17
	outgoing: 22 
	datadep: 
	instructions:
		 0: def_%v_52 
		 1: def_%v_53 %v_52[17.0,] %v_10[2.15,] 
		 2: %v_52[17.0,] 
BB 18
	outgoing: 19 20 
	datadep: 
	instructions:
		 0: 
		 1: %self->request def_%v_54 %self[2.0,2.13,] 	 SYMBOL:	 ARGS:
		 2: %v_54->referer def_%v_55 %v_54[18.1,] 	 SYMBOL:	 ARGS:
		 3: COPY TYPE_StringLiteral "contacts" def_%v_56 
		 4: %v_55->include? def_%v_57 %v_55[18.2,] %v_56[18.3,] 	 SYMBOL:	 ARGS:%v_56,
		 5: BRANCH %v_57[18.4,] 
BB 19
	outgoing: 22 
	datadep: 
	instructions:
		 0: 
		 1: %self->contacts_path def_%v_58 %self[2.0,2.13,] 	 SYMBOL:	 ARGS:
		 2: %self->redirect_to def_%v_59 %self[19.1,2.0,2.13,] %v_58[19.1,] 	 SYMBOL:	 ARGS:%v_58,
		 3: RETURN %v_59[19.2,] %self[19.1,19.2,2.0,2.13,] 
BB 20
	outgoing: 22 
	datadep: 
	instructions:
		 0: 
		 1: %self->aspects_path def_%v_60 %self[2.0,2.13,] 	 SYMBOL:	 ARGS:
		 2: %self->redirect_to def_%v_61 %self[20.1,2.0,2.13,] %v_60[20.1,] 	 SYMBOL:	 ARGS:%v_60,
		 3: RETURN %v_61[20.2,] %self[20.1,20.2,2.0,2.13,] 
BB 22
	outgoing: 
	datadep: 
	instructions:

SET IRMethod, name = show instanceMethod = true
BB 1
	outgoing: 6 2 
	datadep: 
	instructions:
BB 2
	outgoing: 3 4 
	datadep: 
	instructions:
		 0: def_%self 
		 1: def_%v_0 
		 2: COPY TYPE_CurrentScope def_%current_scope 
		 3: COPY TYPE_ScopeModule def_%current_module 
		 4: 
		 5: 
		 6: %self->current_user def_%v_3 %self[2.0,] 	 SYMBOL:	 ARGS:
		 7: %v_3->aspects def_%v_4 %v_3[2.6,] 	 SYMBOL:	 ARGS:
		 8: %self->params def_%v_5 %self[2.0,2.6,] 	 SYMBOL:	 ARGS:
		 9: %v_5->[] def_%v_6 %v_5[2.8,] 	 SYMBOL:id,	 ARGS:Symbol,
		 10: HASH-id- def_%v_7 %v_6[2.9,] 
		 11: %v_4->where def_%v_8 %v_4[2.7,] %v_7[2.10,] 	 SYMBOL:	 ARGS:%v_7,
		 12: %v_8->first def_%v_9 %v_8[2.11,] 	 SYMBOL:	 ARGS:
		 13: ATTRASSIGN %self->aspect %v_9[2.12,] 
		 14: BRANCH %v_9[2.12,] 
BB 3
	outgoing: 6 
	datadep: 
	instructions:
		 0: 
		 1: COPY TYPE_StringLiteral "a_ids[]" def_%v_10 
		 2: GETFIELD %self->aspect def_%v_11 %self[2.0,2.13,] 
		 3: %v_11->id def_%v_12 %v_11[3.2,] 	 SYMBOL:	 ARGS:
		 4: HASH- def_%v_13 %v_10[3.1,] %v_12[3.3,] 
		 5: %self->aspects_path def_%v_14 %self[2.0,2.13,] %v_13[3.4,] 	 SYMBOL:	 ARGS:%v_13,
		 6: %self->redirect_to def_%v_15 %self[3.5,2.0,2.13,] %v_14[3.5,] 	 SYMBOL:	 ARGS:%v_14,
		 7: RETURN %v_15[3.6,] %self[3.5,3.6,2.0,2.13,] 
BB 4
	outgoing: 6 
	datadep: 
	instructions:
		 0: 
		 1: %self->aspects_path def_%v_16 %self[2.0,2.13,] 	 SYMBOL:	 ARGS:
		 2: %self->redirect_to def_%v_17 %self[4.1,2.0,2.13,] %v_16[4.1,] 	 SYMBOL:	 ARGS:%v_16,
		 3: RETURN %v_17[4.2,] %self[4.1,4.2,2.0,2.13,] 
BB 6
	outgoing: 
	datadep: 
	instructions:

SET IRMethod, name = update instanceMethod = true
BB 1
	outgoing: 6 2 
	datadep: 
	instructions:
BB 2
	outgoing: 3 4 
	datadep: 
	instructions:
		 0: def_%self 
		 1: def_%v_0 
		 2: COPY TYPE_CurrentScope def_%current_scope 
		 3: COPY TYPE_ScopeModule def_%current_module 
		 4: 
		 5: 
		 6: %self->current_user def_%v_3 %self[2.0,] 	 SYMBOL:	 ARGS:
		 7: %v_3->aspects def_%v_4 %v_3[2.6,] 	 SYMBOL:	 ARGS:
		 8: %self->params def_%v_5 %self[2.0,2.6,] 	 SYMBOL:	 ARGS:
		 9: %v_5->[] def_%v_6 %v_5[2.8,] 	 SYMBOL:id,	 ARGS:Symbol,
		 10: HASH-id- def_%v_7 %v_6[2.9,] 
		 11: %v_4->where def_%v_8 %v_4[2.7,] %v_7[2.10,] 	 SYMBOL:	 ARGS:%v_7,
		 12: %v_8->first def_%v_9 %v_8[2.11,] 	 SYMBOL:	 ARGS:
		 13: ATTRASSIGN %self->aspect %v_9[2.12,] 
		 14: 
		 15: GETFIELD %self->aspect def_%v_10 %self[2.0,2.6,2.8,2.13,] 
		 16: %self->aspect_params def_%v_11 %self[2.0,2.6,2.8,2.13,] 	 SYMBOL:	 ARGS:
		 17: %v_10->update_attributes! def_%v_12 %v_10[2.15,] %v_11[2.16,] 	 SYMBOL:	 ARGS:%v_11,
		 18: BRANCH %v_12[2.17,] 
BB 3
	outgoing: 5 
	datadep: 
	instructions:
		 0: 
		 1: %self->flash def_%v_13 %self[2.0,2.13,] 	 SYMBOL:	 ARGS:
		 2: (I18n) def_%v_14 
		 3: COPY TYPE_StringLiteral "aspects.update.success" def_%v_15 
		 4: GETFIELD %self->aspect def_%v_16 %self[3.1,2.0,2.13,] 
		 5: %v_16->name def_%v_17 %v_16[3.4,] 	 SYMBOL:	 ARGS:
		 6: HASH-name- def_%v_18 %v_17[3.5,] 
		 7: %v_14->t def_%v_19 %v_14[3.2,] %v_15[3.3,] %v_18[3.6,] 	 SYMBOL:	 ARGS:%v_15,%v_18,
		 8: ATTRASSIGN %v_13->[] %v_19[3.7,] 
		 9: 
BB 4
	outgoing: 5 
	datadep: 
	instructions:
		 0: 
		 1: %self->flash def_%v_20 %self[2.0,2.13,] 	 SYMBOL:	 ARGS:
		 2: (I18n) def_%v_21 
		 3: COPY TYPE_StringLiteral "aspects.update.failure" def_%v_22 
		 4: GETFIELD %self->aspect def_%v_23 %self[4.1,2.0,2.13,] 
		 5: %v_23->name def_%v_24 %v_23[4.4,] 	 SYMBOL:	 ARGS:
		 6: HASH-name- def_%v_25 %v_24[4.5,] 
		 7: %v_21->t def_%v_26 %v_21[4.2,] %v_22[4.3,] %v_25[4.6,] 	 SYMBOL:	 ARGS:%v_22,%v_25,
		 8: ATTRASSIGN %v_20->[] %v_26[4.7,] 
		 9: COPY TYPE_PASS def_%v_19 %v_26[4.7,] 
BB 5
	outgoing: 6 
	datadep: 
	instructions:
		 0: 
		 1: GETFIELD %self->aspect def_%v_27 %self[2.0,2.13,] 
		 2: %v_27->id def_%v_28 %v_27[5.1,] 	 SYMBOL:	 ARGS:
		 3: GETFIELD %self->aspect def_%v_29 %self[2.0,2.13,] 
		 4: %v_29->name def_%v_30 %v_29[5.3,] 	 SYMBOL:	 ARGS:
		 5: HASH-id-name- def_%v_31 %v_28[5.2,] %v_30[5.4,] 
		 6: HASH-json- def_%v_32 %v_31[5.5,] 
		 7: %self->render def_%v_33 %self[2.0,2.13,] %v_32[5.6,] 	 SYMBOL:	 ARGS:%v_32,
		 8: RETURN %v_33[5.7,] %self[5.7,2.0,2.13,] 
BB 6
	outgoing: 
	datadep: 
	instructions:

SET IRMethod, name = update_order instanceMethod = true
BB 1
	outgoing: 3 2 
	datadep: 
	instructions:
BB 2
	outgoing: 3 
	datadep: 
	instructions:
		 0: def_%self 
		 1: def_%v_0 
		 2: COPY TYPE_CurrentScope def_%current_scope 
		 3: COPY TYPE_ScopeModule def_%current_module 
		 4: 
		 5: 
		 6: %self->params def_%v_3 %self[2.0,] 	 SYMBOL:	 ARGS:
		 7: %v_3->[] def_%v_4 %v_3[2.6,] 	 SYMBOL:ordered_aspect_ids,	 ARGS:Symbol,
		 8: %v_4->each_with_index def_%v_5 %v_4[2.7,] %self[2.0,2.6,] 	 SYMBOL:	 ARGS:%v_4,
CLOSURE BEGIN: %self[2.0,2.6,] id[] i[] 
BB 1
	outgoing: 6 2 
	datadep: 
	instructions:
BB 2
	outgoing: 3 
	datadep: 
	instructions:
		 0: def_%self 
		 1: def_%cl_1_0 
		 2: RECEIVEARG def_id 
		 3: RECEIVEARG def_i 
		 4: COPY TYPE_CurrentScope def_%current_scope 
		 5: COPY TYPE_ScopeModule def_%current_module 
BB 3
	outgoing: 4 6 
	datadep: 
	instructions:
		 0: 
		 1: %self->current_user def_%cl_1_3 %self[2.0,] 	 SYMBOL:	 ARGS:
		 2: %cl_1_3->aspects def_%cl_1_4 %cl_1_3[3.1,] 	 SYMBOL:	 ARGS:
		 3: %cl_1_4->find def_%cl_1_5 %cl_1_4[3.2,] id[2.2,] 	 SYMBOL:	 ARGS:id,
		 4: HASH-order_id- def_%cl_1_6 i[2.3,] 
		 5: %cl_1_5->update_attributes def_%cl_1_7 %cl_1_5[3.3,] %cl_1_6[3.4,] 	 SYMBOL:	 ARGS:%cl_1_6,
		 6: RETURN %cl_1_7[3.5,] %self[3.1,2.0,] 
BB 4
	outgoing: 6 
	datadep: 
	instructions:
		 0: def_%cl_1_8 
		 1: def_%cl_1_9 %cl_1_8[4.0,] 
		 2: RETURN %cl_1_9[4.1,] %self[2.0,] 
BB 6
	outgoing: 
	datadep: 
	instructions:
CLOSURE END: i[2.3,] 
		 9: 
		 10: HASH-nothing- def_%v_6 
		 11: %self->render def_%v_7 %self[2.0,2.6,] %v_6[2.10,] 	 SYMBOL:	 ARGS:%v_6,
		 12: RETURN %v_7[2.11,] %self[2.0,2.6,2.11,] 
BB 3
	outgoing: 
	datadep: 
	instructions:

SET IRMethod, name = toggle_chat_privilege instanceMethod = true
BB 1
	outgoing: 3 2 
	datadep: 
	instructions:
BB 2
	outgoing: 3 
	datadep: 
	instructions:
		 0: def_%self 
		 1: def_%v_0 
		 2: COPY TYPE_CurrentScope def_%current_scope 
		 3: COPY TYPE_ScopeModule def_%current_module 
		 4: 
		 5: 
		 6: %self->current_user def_%v_3 %self[2.0,] 	 SYMBOL:	 ARGS:
		 7: %v_3->aspects def_%v_4 %v_3[2.6,] 	 SYMBOL:	 ARGS:
		 8: %self->params def_%v_5 %self[2.0,2.6,] 	 SYMBOL:	 ARGS:
		 9: %v_5->[] def_%v_6 %v_5[2.8,] 	 SYMBOL:aspect_id,	 ARGS:Symbol,
		 10: HASH-id- def_%v_7 %v_6[2.9,] 
		 11: %v_4->where def_%v_8 %v_4[2.7,] %v_7[2.10,] 	 SYMBOL:	 ARGS:%v_7,
		 12: %v_8->first def_%v_9 %v_8[2.11,] 	 SYMBOL:	 ARGS:
		 13: ATTRASSIGN %self->aspect %v_9[2.12,] 
		 14: 
		 15: GETFIELD %self->aspect def_%v_10 %self[2.0,2.6,2.8,2.13,] 
		 16: GETFIELD %self->aspect def_%v_11 %self[2.0,2.6,2.8,2.13,] 
		 17: %v_11->chat_enabled def_%v_12 %v_11[2.16,] 	 SYMBOL:	 ARGS:
		 18: %v_12->! def_%v_13 %v_12[2.17,] 	 SYMBOL:	 ARGS:
		 19: ATTRASSIGN %v_10->chat_enabled %v_13[2.18,] 
		 20: 
		 21: GETFIELD %self->aspect def_%v_14 %self[2.0,2.6,2.8,2.13,] 
		 22: %v_14->save def_%v_15 %v_14[2.21,] 	 SYMBOL:	 ARGS:
		 23: 
		 24: HASH-nothing- def_%v_16 
		 25: %self->render def_%v_17 %self[2.0,2.6,2.8,2.13,] %v_16[2.24,] 	 SYMBOL:	 ARGS:%v_16,
		 26: RETURN %v_17[2.25,] %self[2.0,2.6,2.8,2.13,2.25,] 
BB 3
	outgoing: 
	datadep: 
	instructions:

SET IRMethod, name = toggle_contact_visibility instanceMethod = true
BB 1
	outgoing: 6 2 
	datadep: 
	instructions:
BB 2
	outgoing: 3 4 
	datadep: 
	instructions:
		 0: def_%self 
		 1: def_%v_0 
		 2: COPY TYPE_CurrentScope def_%current_scope 
		 3: COPY TYPE_ScopeModule def_%current_module 
		 4: 
		 5: 
		 6: %self->current_user def_%v_3 %self[2.0,] 	 SYMBOL:	 ARGS:
		 7: %v_3->aspects def_%v_4 %v_3[2.6,] 	 SYMBOL:	 ARGS:
		 8: %self->params def_%v_5 %self[2.0,2.6,] 	 SYMBOL:	 ARGS:
		 9: %v_5->[] def_%v_6 %v_5[2.8,] 	 SYMBOL:aspect_id,	 ARGS:Symbol,
		 10: HASH-id- def_%v_7 %v_6[2.9,] 
		 11: %v_4->where def_%v_8 %v_4[2.7,] %v_7[2.10,] 	 SYMBOL:	 ARGS:%v_7,
		 12: %v_8->first def_%v_9 %v_8[2.11,] 	 SYMBOL:	 ARGS:
		 13: ATTRASSIGN %self->aspect %v_9[2.12,] 
		 14: 
		 15: GETFIELD %self->aspect def_%v_10 %self[2.0,2.6,2.8,2.13,] 
		 16: %v_10->contacts_visible? def_%v_11 %v_10[2.15,] 	 SYMBOL:	 ARGS:
		 17: BRANCH %v_11[2.16,] 
BB 3
	outgoing: 5 
	datadep: 
	instructions:
		 0: 
		 1: GETFIELD %self->aspect def_%v_12 %self[2.0,2.13,] 
		 2: ATTRASSIGN %v_12->contacts_visible 
		 3: COPY TYPE_Boolean def_%v_13 
		 4: 
BB 4
	outgoing: 5 
	datadep: 
	instructions:
		 0: 
		 1: GETFIELD %self->aspect def_%v_14 %self[2.0,2.13,] 
		 2: ATTRASSIGN %v_14->contacts_visible 
		 3: COPY TYPE_Boolean def_%v_13 
BB 5
	outgoing: 6 
	datadep: 
	instructions:
		 0: 
		 1: GETFIELD %self->aspect def_%v_15 %self[2.0,2.13,] 
		 2: %v_15->save def_%v_16 %v_15[5.1,] 	 SYMBOL:	 ARGS:
		 3: 
		 4: HASH-nothing- def_%v_17 
		 5: %self->render def_%v_18 %self[2.0,2.13,] %v_17[5.4,] 	 SYMBOL:	 ARGS:%v_17,
		 6: RETURN %v_18[5.5,] %self[5.5,2.0,2.13,] 
BB 6
	outgoing: 
	datadep: 
	instructions:

SET IRMethod, name = connect_person_to_aspect instanceMethod = true
BB 1
	outgoing: 6 2 
	datadep: 
	instructions:
BB 2
	outgoing: 3 4 
	datadep: 
	instructions:
		 0: def_%self 
		 1: def_%v_0 
		 2: COPY TYPE_CurrentScope def_%current_scope 
		 3: COPY TYPE_ScopeModule def_%current_module 
		 4: 
		 5: RECEIVEARG def_aspecting_person_id 
		 6: 
		 7: (Person) def_%v_3 
		 8: %v_3->find def_%v_4 %v_3[2.7,] aspecting_person_id[2.5,] 	 SYMBOL:	 ARGS:aspecting_person_id,
		 9: ATTRASSIGN %self->person %v_4[2.8,] 
		 10: 
		 11: %self->current_user def_%v_5 %self[2.0,2.9,] 	 SYMBOL:	 ARGS:
		 12: GETFIELD %self->person def_%v_6 %self[2.0,2.9,2.11,] 
		 13: %v_5->contact_for def_%v_7 %v_5[2.11,] %v_6[2.12,] 	 SYMBOL:	 ARGS:%v_6,
		 14: ATTRASSIGN %self->contact %v_7[2.13,] 
		 15: BRANCH %v_7[2.13,] 
BB 3
	outgoing: 6 
	datadep: 
	instructions:
		 0: 
		 1: GETFIELD %self->contact def_%v_8 %self[2.0,2.14,] 
		 2: %v_8->aspects def_%v_9 %v_8[3.1,] 	 SYMBOL:	 ARGS:
		 3: GETFIELD %self->aspect def_%v_10 %self[2.0,] 
		 4: %v_9-><< def_%v_11 %v_9[3.2,] %v_10[3.3,] 	 SYMBOL:	 ARGS:%v_10,
		 5: RETURN %v_11[3.4,] %self[2.0,2.9,2.14,] 
BB 4
	outgoing: 6 
	datadep: 
	instructions:
		 0: 
		 1: %self->current_user def_%v_12 %self[2.0,2.9,2.14,] 	 SYMBOL:	 ARGS:
		 2: GETFIELD %self->person def_%v_13 %self[4.1,2.0,2.9,] 
		 3: GETFIELD %self->aspect def_%v_14 %self[4.1,2.0,] 
		 4: %v_12->share_with def_%v_15 %v_12[4.1,] %v_13[4.2,] %v_14[4.3,] 	 SYMBOL:	 ARGS:%v_13,%v_14,
		 5: ATTRASSIGN %self->contact %v_15[4.4,] 
		 6: RETURN %v_15[4.4,] %self[4.1,4.5,2.0,2.9,2.14,] 
BB 6
	outgoing: 
	datadep: 
	instructions:

SET IRMethod, name = aspect_params instanceMethod = true
BB 1
	outgoing: 3 2 
	datadep: 
	instructions:
BB 2
	outgoing: 3 
	datadep: 
	instructions:
		 0: def_%self 
		 1: def_%v_0 
		 2: COPY TYPE_CurrentScope def_%current_scope 
		 3: COPY TYPE_ScopeModule def_%current_module 
		 4: 
		 5: 
		 6: %self->params def_%v_3 %self[2.0,] 	 SYMBOL:	 ARGS:
		 7: %v_3->require def_%v_4 %v_3[2.6,] 	 SYMBOL:aspect,	 ARGS:Symbol,
		 8: %v_4->permit def_%v_5 %v_4[2.7,] 	 SYMBOL:name,contacts_visible,chat_enabled,order_id,	 ARGS:Symbol,Symbol,Symbol,Symbol,
		 9: RETURN %v_5[2.8,] %self[2.0,2.6,] 
BB 3
	outgoing: 
	datadep: 
	instructions:

