SET IRMethod, name = jrd instanceMethod = true
BB 1
	outgoing: 3 2 
	datadep: 
	instructions:
BB 2
	outgoing: 3 
	datadep: 
	instructions:
		 0: def_%self 
		 1: def_%v_0 
		 2: COPY TYPE_CurrentScope def_%current_scope 
		 3: COPY TYPE_ScopeModule def_%current_module 
		 4: 
		 5: 
		 6: (NodeInfo) def_%v_3 
		 7: (CGI) def_%v_4 
		 8: COPY TYPE_StringLiteral "123.123" def_%v_5 
		 9: %self->node_info_url def_%v_6 %self[2.0,] %v_5[2.8,] 	 SYMBOL:	 ARGS:%v_5,
		 10: COPY TYPE_StringLiteral "123.123" def_%v_7 
		 11: COPY TYPE_StringLiteral "%{version}" def_%v_8 
		 12: %v_6->sub def_%v_9 %v_6[2.9,] %v_7[2.10,] %v_8[2.11,] 	 SYMBOL:	 ARGS:%v_7,%v_8,
		 13: %v_4->unescape def_%v_10 %v_4[2.7,] %v_9[2.12,] 	 SYMBOL:	 ARGS:%v_9,
		 14: %v_3->jrd def_%v_11 %v_3[2.6,] %v_10[2.13,] 	 SYMBOL:	 ARGS:%v_10,
		 15: HASH-json- def_%v_12 %v_11[2.14,] 
		 16: %self->render def_%v_13 %self[2.0,2.9,] %v_12[2.15,] 	 SYMBOL:	 ARGS:%v_12,
		 17: RETURN %v_13[2.16,] %self[2.0,2.9,2.16,] 
BB 3
	outgoing: 
	datadep: 
	instructions:

SET IRMethod, name = document instanceMethod = true
BB 1
	outgoing: 6 2 
	datadep: 
	instructions:
BB 2
	outgoing: 3 4 
	datadep: 
	instructions:
		 0: def_%self 
		 1: def_%v_0 
		 2: COPY TYPE_CurrentScope def_%current_scope 
		 3: COPY TYPE_ScopeModule def_%current_module 
		 4: 
		 5: 
		 6: (NodeInfo) def_%v_3 
		 7: %self->params def_%v_4 %self[2.0,] 	 SYMBOL:	 ARGS:
		 8: %v_4->[] def_%v_5 %v_4[2.7,] 	 SYMBOL:version,	 ARGS:Symbol,
		 9: %v_3->supported_version? def_%v_6 %v_3[2.6,] %v_5[2.8,] 	 SYMBOL:	 ARGS:%v_5,
		 10: BRANCH %v_6[2.9,] 
BB 3
	outgoing: 6 
	datadep: 
	instructions:
		 0: 
		 1: (NodeInfoPresenter) def_%v_7 
		 2: %self->params def_%v_8 %self[2.0,] 	 SYMBOL:	 ARGS:
		 3: %v_8->[] def_%v_9 %v_8[3.2,] 	 SYMBOL:version,	 ARGS:Symbol,
		 4: %v_7->new def_%v_10 %v_7[3.1,] %v_9[3.3,] 	 SYMBOL:	 ARGS:%v_9,
		 5: COPY TYPE_PASS def_document %v_10[3.4,] 
		 6: 
		 7: %v_10->content_type def_%v_11 %v_10[3.4,] 	 SYMBOL:	 ARGS:
		 8: HASH-json-content_type- def_%v_12 document[3.5,] %v_11[3.7,] 
		 9: %self->render def_%v_13 %self[3.2,2.0,] %v_12[3.8,] 	 SYMBOL:	 ARGS:%v_12,
		 10: RETURN %v_13[3.9,] %self[3.2,3.9,2.0,] 
BB 4
	outgoing: 6 
	datadep: 
	instructions:
		 0: 
		 1: %self->head def_%v_14 %self[2.0,] 	 SYMBOL:not_found,	 ARGS:Symbol,
		 2: RETURN %v_14[4.1,] %self[4.1,2.0,] 
BB 6
	outgoing: 
	datadep: 
	instructions:

SET IRMethod, name = statistics instanceMethod = true
BB 1
	outgoing: 3 2 
	datadep: 
	instructions:
BB 2
	outgoing: 3 
	datadep: 
	instructions:
		 0: def_%self 
		 1: def_%v_0 
		 2: COPY TYPE_CurrentScope def_%current_scope 
		 3: COPY TYPE_ScopeModule def_%current_module 
		 4: 
		 5: 
		 6: %self->respond_to def_%v_3 %self[2.0,] %self[2.0,] 	 SYMBOL:	 ARGS:%self,
CLOSURE BEGIN: format[] %self[2.0,] 
BB 1
	outgoing: 6 2 
	datadep: 
	instructions:
BB 2
	outgoing: 3 
	datadep: 
	instructions:
		 0: def_%self 
		 1: def_%cl_1_0 
		 2: RECEIVEARG def_format 
		 3: COPY TYPE_CurrentScope def_%current_scope 
		 4: COPY TYPE_ScopeModule def_%current_module 
BB 3
	outgoing: 4 6 
	datadep: 
	instructions:
		 0: 
		 1: format->json def_%cl_1_3 format[2.2,] %self[2.0,] 	 SYMBOL:	 ARGS:format,
CLOSURE BEGIN: %self[2.0,] 
BB 1
	outgoing: 6 2 
	datadep: 
	instructions:
BB 2
	outgoing: 3 
	datadep: 
	instructions:
		 0: def_%self 
		 1: def_%cl_2_0 
		 2: COPY TYPE_CurrentScope def_%current_scope 
		 3: COPY TYPE_ScopeModule def_%current_module 
BB 3
	outgoing: 4 6 
	datadep: 
	instructions:
		 0: 
		 1: (StatisticsPresenter) def_%cl_2_3 
		 2: %cl_2_3->new def_%cl_2_4 %cl_2_3[3.1,] 	 SYMBOL:	 ARGS:
		 3: HASH-json- def_%cl_2_5 %cl_2_4[3.2,] 
		 4: %self->render def_%cl_2_6 %self[2.0,] %cl_2_5[3.3,] 	 SYMBOL:	 ARGS:%cl_2_5,
		 5: RETURN %cl_2_6[3.4,] %self[3.4,2.0,] 
BB 4
	outgoing: 6 
	datadep: 
	instructions:
		 0: def_%cl_2_7 
		 1: def_%cl_2_8 %cl_2_7[4.0,] 
		 2: RETURN %cl_2_8[4.1,] %self[2.0,] 
BB 6
	outgoing: 
	datadep: 
	instructions:
CLOSURE END: 
		 2: 
		 3: format->all def_%cl_1_4 format[3.1,2.2,] %self[2.0,] 	 SYMBOL:	 ARGS:format,
CLOSURE BEGIN: %self[2.0,] 
BB 1
	outgoing: 6 2 
	datadep: 
	instructions:
BB 2
	outgoing: 3 
	datadep: 
	instructions:
		 0: def_%self 
		 1: def_%cl_3_0 
		 2: COPY TYPE_CurrentScope def_%current_scope 
		 3: COPY TYPE_ScopeModule def_%current_module 
BB 3
	outgoing: 4 6 
	datadep: 
	instructions:
		 0: 
		 1: (NodeInfoPresenter) def_%cl_3_3 
		 2: COPY TYPE_StringLiteral "1.0" def_%cl_3_4 
		 3: %cl_3_3->new def_%cl_3_5 %cl_3_3[3.1,] %cl_3_4[3.2,] 	 SYMBOL:	 ARGS:%cl_3_4,
		 4: ATTRASSIGN %self->statistics %cl_3_5[3.3,] 
		 5: RETURN %cl_3_5[3.3,] %self[3.4,2.0,] 
BB 4
	outgoing: 6 
	datadep: 
	instructions:
		 0: def_%cl_3_6 
		 1: def_%cl_3_7 %cl_3_6[4.0,] 
		 2: RETURN %cl_3_7[4.1,] %self[3.4,2.0,] 
BB 6
	outgoing: 
	datadep: 
	instructions:
CLOSURE END: 
		 4: RETURN %cl_1_4[3.3,] %self[2.0,] 
BB 4
	outgoing: 6 
	datadep: 
	instructions:
		 0: def_%cl_1_5 
		 1: def_%cl_1_6 %cl_1_5[4.0,] 
		 2: RETURN %cl_1_6[4.1,] %self[2.0,] 
BB 6
	outgoing: 
	datadep: 
	instructions:
CLOSURE END: 
		 7: 
		 8: %self->ruby_code_from_view def_%v_4 %self[2.0,2.6,] 	 SYMBOL:	 ARGS:
		 9: %v_4->ruby_code_from_view def_%v_5 %v_4[2.8,] %self[2.0,2.6,2.8,] 	 SYMBOL:	 ARGS:%v_4,
CLOSURE BEGIN: %self[2.0,2.6,2.8,] 
BB 1
	outgoing: 15 2 
	datadep: 
	instructions:
BB 2
	outgoing: 3 
	datadep: 
	instructions:
		 0: def_%self 
		 1: def_%cl_4_0 
		 2: RECEIVEARG def_rb_from_view 
		 3: COPY TYPE_CurrentScope def_%current_scope 
		 4: COPY TYPE_ScopeModule def_%current_module 
BB 3
	outgoing: 4 5 13 
	datadep: 
	instructions:
		 0: 
		 1: %self->og_prefix def_%cl_4_3 %self[2.0,] 	 SYMBOL:	 ARGS:
		 2: 
		 3: def_%cl_4_4 %cl_4_0[2.1,] 
		 4: %self->page_title def_%cl_4_5 %self[3.1,2.0,] %cl_4_4[3.3,] 	 SYMBOL:	 ARGS:%cl_4_4,
		 5: 
		 6: GETFIELD %self->post def_%cl_4_6 %self[3.1,3.4,2.0,] 
		 7: %cl_4_6->present? def_%cl_4_7 %cl_4_6[3.6,] 	 SYMBOL:	 ARGS:
		 8: BRANCH %cl_4_7[3.7,] 
BB 4
	outgoing: 6 13 
	datadep: 
	instructions:
		 0: 
		 1: GETFIELD %self->post def_%cl_4_8 %self[2.0,] 
		 2: %self->og_page_post_tags def_%cl_4_9 %self[2.0,] %cl_4_8[4.1,] 	 SYMBOL:	 ARGS:%cl_4_8,
		 3: 
BB 5
	outgoing: 6 13 
	datadep: 
	instructions:
		 0: 
		 1: %self->og_general_tags def_%cl_4_10 %self[2.0,] 	 SYMBOL:	 ARGS:
		 2: COPY TYPE_PASS def_%cl_4_9 %cl_4_10[5.1,] 
BB 6
	outgoing: 7 8 13 
	datadep: 
	instructions:
		 0: 
		 1: %self->chartbeat_head_block def_%cl_4_11 %self[2.0,] 	 SYMBOL:	 ARGS:
		 2: 
		 3: %self->include_mixpanel def_%cl_4_12 %self[6.1,2.0,] 	 SYMBOL:	 ARGS:
		 4: 
		 5: %self->include_color_theme def_%cl_4_13 %self[6.1,6.3,2.0,] 	 SYMBOL:	 ARGS:
		 6: 
		 7: %self->rtl? def_%cl_4_14 %self[6.1,6.3,6.5,2.0,] 	 SYMBOL:	 ARGS:
		 8: BRANCH %cl_4_14[6.7,] 
BB 7
	outgoing: 9 13 
	datadep: 
	instructions:
		 0: 
		 1: COPY TYPE_StringLiteral "all" def_%cl_4_15 
		 2: HASH-media- def_%cl_4_16 %cl_4_15[7.1,] 
		 3: %self->stylesheet_link_tag def_%cl_4_17 %self[2.0,] %cl_4_16[7.2,] 	 SYMBOL:rtl,	 ARGS:Symbol,%cl_4_16,
		 4: 
BB 8
	outgoing: 9 
	datadep: 
	instructions:
		 0: COPY TYPE_Nil def_%cl_4_17 
BB 9
	outgoing: 10 11 13 
	datadep: 
	instructions:
		 0: 
		 1: %self->old_browser_js_support def_%cl_4_18 %self[2.0,] 	 SYMBOL:	 ARGS:
		 2: 
		 3: %self->javascript_include_tag def_%cl_4_19 %self[9.1,2.0,] 	 SYMBOL:ie,	 ARGS:Symbol,
		 4: 
		 5: %self->jquery_include_tag def_%cl_4_20 %self[9.1,9.3,2.0,] 	 SYMBOL:	 ARGS:
		 6: 
		 7: 
		 8: GETFIELD %self->landing_page def_%cl_4_21 %self[9.1,9.3,9.5,2.0,] 
		 9: BRANCH %cl_4_21[9.8,] 
BB 10
	outgoing: 12 
	datadep: 
	instructions:
		 0: COPY TYPE_Nil def_%cl_4_22 
		 1: 
BB 11
	outgoing: 12 13 
	datadep: 
	instructions:
		 0: %self->javascript_include_tag def_%cl_4_23 %self[2.0,] 	 SYMBOL:main,templates,	 ARGS:Symbol,Symbol,
		 1: 
		 2: %self->load_javascript_locales def_%cl_4_24 %self[11.0,2.0,] 	 SYMBOL:	 ARGS:
		 3: COPY TYPE_PASS def_%cl_4_22 %cl_4_24[11.2,] 
BB 12
	outgoing: 13 15 
	datadep: 
	instructions:
		 0: 
		 1: %self->translation_missing_warnings def_%cl_4_25 %self[2.0,] 	 SYMBOL:	 ARGS:
		 2: 
		 3: %self->current_user_atom_tag def_%cl_4_26 %self[12.1,2.0,] 	 SYMBOL:	 ARGS:
		 4: 
		 5: def_%cl_4_27 %cl_4_0[2.1,] 
		 6: 
		 7: %self->csrf_meta_tag def_%cl_4_28 %self[12.1,12.3,2.0,] 	 SYMBOL:	 ARGS:
		 8: 
		 9: HASH-camel_case- def_%cl_4_29 
		 10: %self->include_gon def_%cl_4_30 %self[12.1,12.3,12.7,2.0,] %cl_4_29[12.9,] 	 SYMBOL:	 ARGS:%cl_4_29,
		 11: 
		 12: def_%cl_4_31 %cl_4_0[2.1,] 
		 13: 
		 14: COPY TYPE_StringLiteral "statistics" def_%cl_4_32 
		 15: %self->render def_%cl_4_33 %self[12.1,12.3,12.7,12.10,2.0,] %cl_4_32[12.14,] 	 SYMBOL:	 ARGS:%cl_4_32,
		 16: 
		 17: def_%cl_4_34 %cl_4_0[2.1,] 
		 18: 
		 19: %self->include_chartbeat def_%cl_4_35 %self[12.1,12.3,12.7,12.10,12.15,2.0,] 	 SYMBOL:	 ARGS:
		 20: 
		 21: %self->include_mixpanel_guid def_%cl_4_36 %self[12.1,12.3,12.7,12.10,12.15,12.19,2.0,] 	 SYMBOL:	 ARGS:
		 22: 
		 23: %self->flash_messages def_%cl_4_37 %self[12.1,12.3,12.7,12.10,12.15,12.19,12.21,2.0,] 	 SYMBOL:	 ARGS:
		 24: RETURN %cl_4_37[12.23,] %self[12.1,12.3,12.7,12.10,12.15,12.19,12.21,12.23,2.0,] 
BB 13
	outgoing: 15 
	datadep: 
	instructions:
		 0: def_%cl_4_38 
		 1: def_%cl_4_39 %cl_4_38[13.0,] 
		 2: RETURN %cl_4_39[13.1,] %self[2.0,] 
BB 15
	outgoing: 
	datadep: 
	instructions:
CLOSURE END: 
		 10: RETURN %v_5[2.9,] %self[2.0,2.6,2.8,] 
BB 3
	outgoing: 
	datadep: 
	instructions:

