SET IRMethod, name = index instanceMethod = true
BB 1
	outgoing: 6 2 
	datadep: 
	instructions:
BB 2
	outgoing: 3 4 
	datadep: 
	instructions:
		 0: def_%self 
		 1: def_%v_0 
		 2: COPY TYPE_CurrentScope def_%current_scope 
		 3: COPY TYPE_ScopeModule def_%current_module 
		 4: 
		 5: 
		 6: ATTRASSIGN %self->aspect 
		 7: 
		 8: %self->params def_%v_3 %self[2.0,2.6,] 	 SYMBOL:	 ARGS:
		 9: %v_3->[] def_%v_4 %v_3[2.8,] 	 SYMBOL:limit,	 ARGS:Symbol,
		 10: BRANCH %v_4[2.9,] 
BB 3
	outgoing: 5 
	datadep: 
	instructions:
		 0: %self->params def_%v_5 %self[2.0,2.6,] 	 SYMBOL:	 ARGS:
		 1: %v_5->[] def_%v_6 %v_5[3.0,] 	 SYMBOL:limit,	 ARGS:Symbol,
		 2: %v_6->to_i def_%v_7 %v_6[3.1,] 	 SYMBOL:	 ARGS:
		 3: 
BB 4
	outgoing: 5 
	datadep: 
	instructions:
		 0: COPY TYPE_Fixnum def_%v_7 
BB 5
	outgoing: 6 
	datadep: 
	instructions:
		 0: COPY TYPE_PASS def_limit %v_7[4.0,3.2,] 
		 1: 
		 2: (Person) def_%v_8 
		 3: %self->search_query def_%v_9 %self[2.0,2.6,] 	 SYMBOL:	 ARGS:
		 4: %self->current_user def_%v_10 %self[5.3,2.0,2.6,] 	 SYMBOL:	 ARGS:
		 5: %v_8->search def_%v_11 %v_8[5.2,] %v_9[5.3,] %v_10[5.4,] 	 SYMBOL:	 ARGS:%v_9,%v_10,
		 6: ATTRASSIGN %self->people %v_11[5.5,] 
		 7: 
		 8: %self->respond_to def_%v_12 %self[5.3,5.4,5.6,2.0,2.6,] %self[5.3,5.4,5.6,2.0,2.6,] 	 SYMBOL:	 ARGS:%self,
CLOSURE BEGIN: format[] %self[5.3,5.4,5.6,2.0,2.6,] limit[5.0,] 
BB 1
	outgoing: 6 2 
	datadep: 
	instructions:
BB 2
	outgoing: 3 
	datadep: 
	instructions:
		 0: def_%self 
		 1: def_%cl_1_0 
		 2: RECEIVEARG def_format 
		 3: COPY TYPE_CurrentScope def_%current_scope 
		 4: COPY TYPE_ScopeModule def_%current_module 
BB 3
	outgoing: 4 6 
	datadep: 
	instructions:
		 0: 
		 1: format->json def_%cl_1_3 format[2.2,] %self[2.0,] 	 SYMBOL:	 ARGS:format,
CLOSURE BEGIN: %self[2.0,] limit[] 
BB 1
	outgoing: 6 2 
	datadep: 
	instructions:
BB 2
	outgoing: 3 
	datadep: 
	instructions:
		 0: def_%self 
		 1: def_%cl_2_0 
		 2: COPY TYPE_CurrentScope def_%current_scope 
		 3: COPY TYPE_ScopeModule def_%current_module 
BB 3
	outgoing: 4 6 
	datadep: 
	instructions:
		 0: 
		 1: GETFIELD %self->people def_%cl_2_3 %self[2.0,] 
		 2: %cl_2_3->limit def_%cl_2_4 %cl_2_3[3.1,] limit[] 	 SYMBOL:	 ARGS:limit,
		 3: ATTRASSIGN %self->people %cl_2_4[3.2,] 
		 4: 
		 5: GETFIELD %self->people def_%cl_2_5 %self[3.3,2.0,] 
		 6: HASH-json- def_%cl_2_6 %cl_2_5[3.5,] 
		 7: %self->render def_%cl_2_7 %self[3.3,2.0,] %cl_2_6[3.6,] 	 SYMBOL:	 ARGS:%cl_2_6,
		 8: RETURN %cl_2_7[3.7,] %self[3.3,3.7,2.0,] 
BB 4
	outgoing: 6 
	datadep: 
	instructions:
		 0: def_%cl_2_8 
		 1: def_%cl_2_9 %cl_2_8[4.0,] 
		 2: RETURN %cl_2_9[4.1,] %self[3.3,2.0,] 
BB 6
	outgoing: 
	datadep: 
	instructions:
CLOSURE END: 
		 2: 
		 3: format->any def_%cl_1_4 format[3.1,2.2,] %self[2.0,] 	 SYMBOL:html,mobile,	 ARGS:Symbol,Symbol,format,
CLOSURE BEGIN: %self[2.0,] 
BB 1
	outgoing: 14 2 
	datadep: 
	instructions:
BB 2
	outgoing: 3 
	datadep: 
	instructions:
		 0: def_%self 
		 1: def_%cl_3_0 
		 2: COPY TYPE_CurrentScope def_%current_scope 
		 3: COPY TYPE_ScopeModule def_%current_module 
BB 3
	outgoing: 4 10 12 
	datadep: 
	instructions:
		 0: 
		 1: %self->search_query def_%cl_3_3 %self[2.0,] 	 SYMBOL:	 ARGS:
		 2: %self->diaspora_id? def_%cl_3_4 %self[3.1,2.0,] %cl_3_3[3.1,] 	 SYMBOL:	 ARGS:%cl_3_3,
		 3: BRANCH %cl_3_4[3.2,] 
BB 4
	outgoing: 5 8 12 
	datadep: 
	instructions:
		 0: 
		 1: (Person) def_%cl_3_5 
		 2: %self->search_query def_%cl_3_6 %self[2.0,] 	 SYMBOL:	 ARGS:
		 3: %cl_3_6->downcase def_%cl_3_7 %cl_3_6[4.2,] 	 SYMBOL:	 ARGS:
		 4: HASH-diaspora_handle- def_%cl_3_8 %cl_3_7[4.3,] 
		 5: %cl_3_5->where def_%cl_3_9 %cl_3_5[4.1,] %cl_3_8[4.4,] 	 SYMBOL:	 ARGS:%cl_3_8,
		 6: ATTRASSIGN %self->people %cl_3_9[4.5,] 
		 7: 
		 8: GETFIELD %self->people def_%cl_3_10 %self[4.2,4.6,2.0,] 
		 9: %cl_3_10->empty? def_%cl_3_11 %cl_3_10[4.8,] 	 SYMBOL:	 ARGS:
		 10: BRANCH %cl_3_11[4.9,] 
BB 5
	outgoing: 6 7 12 
	datadep: 
	instructions:
		 0: 
		 1: (Workers) def_%cl_3_12 
		 2: (inherit FetchWebfinger) def_%cl_3_13 %cl_3_12[5.1,] 
		 3: %cl_3_13[5.2,] 
BB 6
	outgoing: 7 12 
	datadep: 
	instructions:
		 0: %cl_3_12->const_missing def_%cl_3_13 %cl_3_12[5.1,] 	 SYMBOL:FetchWebfinger,	 ARGS:Symbol,
BB 7
	outgoing: 9 12 
	datadep: 
	instructions:
		 0: %self->search_query def_%cl_3_14 %self[4.6,2.0,] 	 SYMBOL:	 ARGS:
		 1: %cl_3_13->perform_async def_%cl_3_15 %cl_3_13[6.0,5.2,] %cl_3_14[7.0,] 	 SYMBOL:	 ARGS:%cl_3_14,
		 2: 
		 3: %self->search_query def_%cl_3_16 %self[7.0,4.6,2.0,] 	 SYMBOL:	 ARGS:
		 4: %cl_3_16->downcase def_%cl_3_17 %cl_3_16[7.3,] 	 SYMBOL:	 ARGS:
		 5: ATTRASSIGN %self->background_query %cl_3_17[7.4,] 
		 6: 
BB 8
	outgoing: 9 
	datadep: 
	instructions:
		 0: COPY TYPE_Nil def_%cl_3_17 
BB 9
	outgoing: 11 
	datadep: 
	instructions:
		 0: 
BB 10
	outgoing: 11 
	datadep: 
	instructions:
		 0: COPY TYPE_Nil def_%cl_3_17 
BB 11
	outgoing: 12 14 
	datadep: 
	instructions:
		 0: 
		 1: GETFIELD %self->people def_%cl_3_18 %self[2.0,4.6,] 
		 2: %self->params def_%cl_3_19 %self[7.5,2.0,4.6,] 	 SYMBOL:	 ARGS:
		 3: %cl_3_19->[] def_%cl_3_20 %cl_3_19[11.2,] 	 SYMBOL:page,	 ARGS:Symbol,
		 4: HASH-page-per_page- def_%cl_3_21 %cl_3_20[11.3,] 
		 5: %cl_3_18->paginate def_%cl_3_22 %cl_3_18[11.1,] %cl_3_21[11.4,] 	 SYMBOL:	 ARGS:%cl_3_21,
		 6: ATTRASSIGN %self->people %cl_3_22[11.5,] 
		 7: 
		 8: GETFIELD %self->people def_%cl_3_23 %self[11.2,11.6,2.0,4.6,] 
		 9: GETFIELD %self->aspects def_%cl_3_24 %self[11.2,2.0,] 
		 10: %self->hashes_for_people def_%cl_3_25 %self[11.2,11.6,7.5,2.0,4.6,] %cl_3_23[11.8,] %cl_3_24[11.9,] 	 SYMBOL:	 ARGS:%cl_3_23,%cl_3_24,
		 11: ATTRASSIGN %self->hashes %cl_3_25[11.10,] 
		 12: RETURN %cl_3_25[11.10,] %self[11.2,11.6,11.10,11.11,7.5,2.0,4.6,] 
BB 12
	outgoing: 14 
	datadep: 
	instructions:
		 0: def_%cl_3_26 
		 1: def_%cl_3_27 %cl_3_26[12.0,] 
		 2: RETURN %cl_3_27[12.1,] %self[4.6,7.5,11.6,11.11,2.0,] 
BB 14
	outgoing: 
	datadep: 
	instructions:
CLOSURE END: 
		 4: RETURN %cl_1_4[3.3,] %self[2.0,] 
BB 4
	outgoing: 6 
	datadep: 
	instructions:
		 0: def_%cl_1_5 
		 1: def_%cl_1_6 %cl_1_5[4.0,] 
		 2: RETURN %cl_1_6[4.1,] %self[2.0,] 
BB 6
	outgoing: 
	datadep: 
	instructions:
CLOSURE END: 
		 9: 
		 10: %self->ruby_code_from_view def_%v_13 %self[5.3,5.4,5.6,5.8,2.0,2.6,] 	 SYMBOL:	 ARGS:
		 11: %v_13->ruby_code_from_view def_%v_14 %v_13[5.10,] %self[5.3,5.4,5.6,5.8,5.10,2.0,2.6,] 	 SYMBOL:	 ARGS:%v_13,
CLOSURE BEGIN: %self[5.3,5.4,5.6,5.8,5.10,2.0,2.6,] 
BB 1
	outgoing: 25 2 
	datadep: 
	instructions:
BB 2
	outgoing: 3 
	datadep: 
	instructions:
		 0: def_%self 
		 1: def_%cl_4_0 
		 2: RECEIVEARG def_rb_from_view 
		 3: COPY TYPE_CurrentScope def_%current_scope 
		 4: COPY TYPE_ScopeModule def_%current_module 
BB 3
	outgoing: 4 5 23 
	datadep: 
	instructions:
		 0: 
		 1: %self->og_prefix def_%cl_4_3 %self[2.0,] 	 SYMBOL:	 ARGS:
		 2: 
		 3: def_%cl_4_4 %cl_4_0[2.1,] 
		 4: %self->page_title def_%cl_4_5 %self[3.1,2.0,] %cl_4_4[3.3,] 	 SYMBOL:	 ARGS:%cl_4_4,
		 5: 
		 6: GETFIELD %self->post def_%cl_4_6 %self[3.1,3.4,2.0,] 
		 7: %cl_4_6->present? def_%cl_4_7 %cl_4_6[3.6,] 	 SYMBOL:	 ARGS:
		 8: BRANCH %cl_4_7[3.7,] 
BB 4
	outgoing: 6 23 
	datadep: 
	instructions:
		 0: 
		 1: GETFIELD %self->post def_%cl_4_8 %self[2.0,] 
		 2: %self->og_page_post_tags def_%cl_4_9 %self[2.0,] %cl_4_8[4.1,] 	 SYMBOL:	 ARGS:%cl_4_8,
		 3: 
BB 5
	outgoing: 6 23 
	datadep: 
	instructions:
		 0: 
		 1: %self->og_general_tags def_%cl_4_10 %self[2.0,] 	 SYMBOL:	 ARGS:
		 2: COPY TYPE_PASS def_%cl_4_9 %cl_4_10[5.1,] 
BB 6
	outgoing: 7 8 23 
	datadep: 
	instructions:
		 0: 
		 1: %self->chartbeat_head_block def_%cl_4_11 %self[2.0,] 	 SYMBOL:	 ARGS:
		 2: 
		 3: %self->include_mixpanel def_%cl_4_12 %self[6.1,2.0,] 	 SYMBOL:	 ARGS:
		 4: 
		 5: %self->include_color_theme def_%cl_4_13 %self[6.1,6.3,2.0,] 	 SYMBOL:	 ARGS:
		 6: 
		 7: %self->rtl? def_%cl_4_14 %self[6.1,6.3,6.5,2.0,] 	 SYMBOL:	 ARGS:
		 8: BRANCH %cl_4_14[6.7,] 
BB 7
	outgoing: 9 23 
	datadep: 
	instructions:
		 0: 
		 1: COPY TYPE_StringLiteral "all" def_%cl_4_15 
		 2: HASH-media- def_%cl_4_16 %cl_4_15[7.1,] 
		 3: %self->stylesheet_link_tag def_%cl_4_17 %self[2.0,] %cl_4_16[7.2,] 	 SYMBOL:rtl,	 ARGS:Symbol,%cl_4_16,
		 4: 
BB 8
	outgoing: 9 
	datadep: 
	instructions:
		 0: COPY TYPE_Nil def_%cl_4_17 
BB 9
	outgoing: 10 11 23 
	datadep: 
	instructions:
		 0: 
		 1: %self->old_browser_js_support def_%cl_4_18 %self[2.0,] 	 SYMBOL:	 ARGS:
		 2: 
		 3: %self->javascript_include_tag def_%cl_4_19 %self[9.1,2.0,] 	 SYMBOL:ie,	 ARGS:Symbol,
		 4: 
		 5: %self->jquery_include_tag def_%cl_4_20 %self[9.1,9.3,2.0,] 	 SYMBOL:	 ARGS:
		 6: 
		 7: 
		 8: GETFIELD %self->landing_page def_%cl_4_21 %self[9.1,9.3,9.5,2.0,] 
		 9: BRANCH %cl_4_21[9.8,] 
BB 10
	outgoing: 12 
	datadep: 
	instructions:
		 0: COPY TYPE_Nil def_%cl_4_22 
		 1: 
BB 11
	outgoing: 12 23 
	datadep: 
	instructions:
		 0: %self->javascript_include_tag def_%cl_4_23 %self[2.0,] 	 SYMBOL:main,templates,	 ARGS:Symbol,Symbol,
		 1: 
		 2: %self->load_javascript_locales def_%cl_4_24 %self[11.0,2.0,] 	 SYMBOL:	 ARGS:
		 3: COPY TYPE_PASS def_%cl_4_22 %cl_4_24[11.2,] 
BB 12
	outgoing: 13 14 23 
	datadep: 
	instructions:
		 0: 
		 1: %self->translation_missing_warnings def_%cl_4_25 %self[2.0,] 	 SYMBOL:	 ARGS:
		 2: 
		 3: %self->current_user_atom_tag def_%cl_4_26 %self[12.1,2.0,] 	 SYMBOL:	 ARGS:
		 4: 
		 5: def_%cl_4_27 %cl_4_0[2.1,] 
		 6: 
		 7: %self->csrf_meta_tag def_%cl_4_28 %self[12.1,12.3,2.0,] 	 SYMBOL:	 ARGS:
		 8: 
		 9: HASH-camel_case- def_%cl_4_29 
		 10: %self->include_gon def_%cl_4_30 %self[12.1,12.3,12.7,2.0,] %cl_4_29[12.9,] 	 SYMBOL:	 ARGS:%cl_4_29,
		 11: 
		 12: def_%cl_4_31 %cl_4_0[2.1,] 
		 13: 
		 14: %self->content_for def_%cl_4_32 %self[12.1,12.3,12.7,12.10,2.0,] %self[12.1,12.3,12.7,12.10,2.0,] 	 SYMBOL:page_title,	 ARGS:Symbol,%self,
CLOSURE BEGIN: %self[12.1,12.3,12.7,12.10,2.0,] 
BB 1
	outgoing: 6 2 
	datadep: 
	instructions:
BB 2
	outgoing: 3 
	datadep: 
	instructions:
		 0: def_%self 
		 1: def_%cl_5_0 
		 2: COPY TYPE_CurrentScope def_%current_scope 
		 3: COPY TYPE_ScopeModule def_%current_module 
BB 3
	outgoing: 4 6 
	datadep: 
	instructions:
		 0: 
		 1: COPY TYPE_StringLiteral "search" def_%cl_5_3 
		 2: %self->t def_%cl_5_4 %self[2.0,] %cl_5_3[3.1,] 	 SYMBOL:	 ARGS:%cl_5_3,
		 3: RETURN %cl_5_4[3.2,] %self[3.2,2.0,] 
BB 4
	outgoing: 6 
	datadep: 
	instructions:
		 0: def_%cl_5_5 
		 1: def_%cl_5_6 %cl_5_5[4.0,] 
		 2: RETURN %cl_5_6[4.1,] %self[2.0,] 
BB 6
	outgoing: 
	datadep: 
	instructions:
CLOSURE END: 
		 15: 
		 16: %self->search_path def_%cl_4_33 %self[12.1,12.3,12.7,12.10,12.14,2.0,] 	 SYMBOL:	 ARGS:
		 17: COPY TYPE_StringLiteral "get" def_%cl_4_34 
		 18: HASH-method- def_%cl_4_35 %cl_4_34[12.17,] 
		 19: %self->form_tag def_%cl_4_36 %self[12.1,12.3,12.7,12.10,12.14,12.16,2.0,] %cl_4_33[12.16,] %cl_4_35[12.18,] %self[12.1,12.3,12.7,12.10,12.14,12.16,2.0,] 	 SYMBOL:	 ARGS:%cl_4_33,%cl_4_35,%self,
CLOSURE BEGIN: %self[12.1,12.3,12.7,12.10,12.14,12.16,2.0,] 
BB 1
	outgoing: 6 2 
	datadep: 
	instructions:
BB 2
	outgoing: 3 
	datadep: 
	instructions:
		 0: def_%self 
		 1: def_%cl_6_0 
		 2: COPY TYPE_CurrentScope def_%current_scope 
		 3: COPY TYPE_ScopeModule def_%current_module 
BB 3
	outgoing: 4 6 
	datadep: 
	instructions:
		 0: 
		 1: COPY TYPE_StringLiteral "find_people" def_%cl_6_3 
		 2: %self->t def_%cl_6_4 %self[2.0,] %cl_6_3[3.1,] 	 SYMBOL:	 ARGS:%cl_6_3,
		 3: COPY TYPE_StringLiteral "search" def_%cl_6_5 
		 4: HASH-placeholder-class- def_%cl_6_6 %cl_6_4[3.2,] %cl_6_5[3.3,] 
		 5: %self->search_field_tag def_%cl_6_7 %self[3.2,2.0,] %cl_6_6[3.4,] 	 SYMBOL:q,	 ARGS:Symbol,Nil,%cl_6_6,
		 6: 
		 7: COPY TYPE_StringLiteral "search" def_%cl_6_8 
		 8: %self->t def_%cl_6_9 %self[3.2,3.5,2.0,] %cl_6_8[3.7,] 	 SYMBOL:	 ARGS:%cl_6_8,
		 9: COPY TYPE_StringLiteral "data-inline" def_%cl_6_10 
		 10: COPY TYPE_StringLiteral "true" def_%cl_6_11 
		 11: COPY TYPE_StringLiteral "btn" def_%cl_6_12 
		 12: HASH-class- def_%cl_6_13 %cl_6_10[3.9,] %cl_6_11[3.10,] %cl_6_12[3.11,] 
		 13: %self->submit_tag def_%cl_6_14 %self[3.2,3.5,3.8,2.0,] %cl_6_9[3.8,] %cl_6_13[3.12,] 	 SYMBOL:	 ARGS:%cl_6_9,%cl_6_13,
		 14: RETURN %cl_6_14[3.13,] %self[3.2,3.5,3.8,3.13,2.0,] 
BB 4
	outgoing: 6 
	datadep: 
	instructions:
		 0: def_%cl_6_15 
		 1: def_%cl_6_16 %cl_6_15[4.0,] 
		 2: RETURN %cl_6_16[4.1,] %self[2.0,] 
BB 6
	outgoing: 
	datadep: 
	instructions:
CLOSURE END: 
		 20: 
		 21: %self->params def_%cl_4_37 %self[12.1,12.3,12.7,12.10,12.14,12.16,12.19,2.0,] 	 SYMBOL:	 ARGS:
		 22: %cl_4_37->[] def_%cl_4_38 %cl_4_37[12.21,] 	 SYMBOL:q,	 ARGS:Symbol,
		 23: %cl_4_38->blank? def_%cl_4_39 %cl_4_38[12.22,] 	 SYMBOL:	 ARGS:
		 24: BRANCH %cl_4_39[12.23,] 
BB 13
	outgoing: 22 23 
	datadep: 
	instructions:
		 0: 
		 1: COPY TYPE_StringLiteral ".no_results" def_%cl_4_40 
		 2: %self->t def_%cl_4_41 %self[2.0,] %cl_4_40[13.1,] 	 SYMBOL:	 ARGS:%cl_4_40,
		 3: 
BB 14
	outgoing: 15 16 23 
	datadep: 
	instructions:
		 0: 
		 1: COPY TYPE_StringLiteral ".results_for" def_%cl_4_42 
		 2: %self->params def_%cl_4_43 %self[2.0,] 	 SYMBOL:	 ARGS:
		 3: %cl_4_43->[] def_%cl_4_44 %cl_4_43[14.2,] 	 SYMBOL:q,	 ARGS:Symbol,
		 4: HASH-search_term- def_%cl_4_45 %cl_4_44[14.3,] 
		 5: %self->t def_%cl_4_46 %self[14.2,2.0,] %cl_4_42[14.1,] %cl_4_45[14.4,] 	 SYMBOL:	 ARGS:%cl_4_42,%cl_4_45,
		 6: 
		 7: GETFIELD %self->hashes def_%cl_4_47 %self[14.2,14.5,2.0,] 
		 8: %cl_4_47->empty? def_%cl_4_48 %cl_4_47[14.7,] 	 SYMBOL:	 ARGS:
		 9: BRANCH %cl_4_48[14.8,] 
BB 15
	outgoing: 21 23 
	datadep: 
	instructions:
		 0: 
		 1: COPY TYPE_StringLiteral ".no_one_found" def_%cl_4_49 
		 2: %self->t def_%cl_4_50 %self[2.0,] %cl_4_49[15.1,] 	 SYMBOL:	 ARGS:%cl_4_49,
		 3: 
BB 16
	outgoing: 17 18 23 
	datadep: 
	instructions:
		 0: 
		 1: GETFIELD %self->hashes def_%cl_4_52 %self[2.0,] 
		 2: %cl_4_52->each def_%cl_4_51 %cl_4_52[16.1,] %self[2.0,] 	 SYMBOL:	 ARGS:%cl_4_52,
CLOSURE BEGIN: %self[2.0,] 
BB 1
	outgoing: 4 2 
	datadep: 
	instructions:
BB 2
	outgoing: 4 
	datadep: 
	instructions:
		 0: def_%self 
		 1: def_%cl_7_0 
		 2: RECEIVEARG def_hash 
		 3: COPY TYPE_CurrentScope def_%current_scope 
		 4: COPY TYPE_ScopeModule def_%current_module 
		 5: 
		 6: %self->person def_%cl_7_3 %self[2.0,] 	 SYMBOL:	 ARGS:
		 7: %cl_7_3->id def_%cl_7_4 %cl_7_3[2.6,] 	 SYMBOL:	 ARGS:
		 8: 
		 9: %self->person def_%cl_7_5 %self[2.0,2.6,] 	 SYMBOL:	 ARGS:
		 10: COPY TYPE_StringLiteral "media-object" def_%cl_7_6 
		 11: HASH-size-class- def_%cl_7_7 %cl_7_6[2.10,] 
		 12: %self->person_image_link def_%cl_7_8 %self[2.0,2.6,2.9,] %cl_7_5[2.9,] %cl_7_7[2.11,] 	 SYMBOL:	 ARGS:%cl_7_5,%cl_7_7,
		 13: 
		 14: %self->person def_%cl_7_9 %self[2.0,2.6,2.9,2.12,] 	 SYMBOL:	 ARGS:
		 15: HASH-size- def_%cl_7_10 
		 16: %self->person_link def_%cl_7_11 %self[2.0,2.6,2.9,2.12,2.14,] %cl_7_9[2.14,] %cl_7_10[2.15,] 	 SYMBOL:	 ARGS:%cl_7_9,%cl_7_10,
		 17: 
		 18: %self->person def_%cl_7_12 %self[2.0,2.6,2.9,2.12,2.14,2.16,] 	 SYMBOL:	 ARGS:
		 19: %cl_7_12->diaspora_handle def_%cl_7_13 %cl_7_12[2.18,] 	 SYMBOL:	 ARGS:
		 20: %self->person def_%cl_7_14 %self[2.0,2.6,2.9,2.12,2.14,2.16,2.18,] 	 SYMBOL:	 ARGS:
		 21: %self->local_or_remote_person_path def_%cl_7_15 %self[2.0,2.6,2.9,2.12,2.14,2.16,2.18,2.20,] %cl_7_14[2.20,] 	 SYMBOL:	 ARGS:%cl_7_14,
		 22: COPY TYPE_StringLiteral "black" def_%cl_7_16 
		 23: HASH-class- def_%cl_7_17 %cl_7_16[2.22,] 
		 24: %self->link_to def_%cl_7_18 %self[2.0,2.6,2.9,2.12,2.14,2.16,2.18,2.20,2.21,] %cl_7_13[2.19,] %cl_7_15[2.21,] %cl_7_17[2.23,] 	 SYMBOL:	 ARGS:%cl_7_13,%cl_7_15,%cl_7_17,
		 25: RETURN %cl_7_18[2.24,] %self[2.0,2.6,2.9,2.12,2.14,2.16,2.18,2.20,2.21,2.24,] 
BB 4
	outgoing: 
	datadep: 
	instructions:
CLOSURE END: hash[2.2,] 
		 3: 
		 4: GETFIELD %self->people def_%cl_4_53 %self[2.0,] 
		 5: (WillPaginate) def_%cl_4_54 
		 6: (inherit ActionView) def_%cl_4_55 %cl_4_54[16.5,] 
		 7: %cl_4_55[16.6,] 
BB 17
	outgoing: 18 23 
	datadep: 
	instructions:
		 0: %cl_4_54->const_missing def_%cl_4_55 %cl_4_54[16.5,] 	 SYMBOL:ActionView,	 ARGS:Symbol,
BB 18
	outgoing: 19 20 23 
	datadep: 
	instructions:
		 0: (inherit BootstrapLinkRenderer) def_%cl_4_56 %cl_4_55[17.0,16.6,] 
		 1: %cl_4_56[18.0,] 
BB 19
	outgoing: 20 23 
	datadep: 
	instructions:
		 0: %cl_4_55->const_missing def_%cl_4_56 %cl_4_55[17.0,16.6,] 	 SYMBOL:BootstrapLinkRenderer,	 ARGS:Symbol,
BB 20
	outgoing: 21 23 
	datadep: 
	instructions:
		 0: HASH-renderer- def_%cl_4_57 %cl_4_56[19.0,18.0,] 
		 1: %self->will_paginate def_%cl_4_58 %self[2.0,] %cl_4_53[16.4,] %cl_4_57[20.0,] 	 SYMBOL:	 ARGS:%cl_4_53,%cl_4_57,
		 2: COPY TYPE_PASS def_%cl_4_50 %cl_4_58[20.1,] 
BB 21
	outgoing: 22 
	datadep: 
	instructions:
		 0: COPY TYPE_PASS def_%cl_4_41 %cl_4_50[20.2,15.2,] 
BB 22
	outgoing: 23 25 
	datadep: 
	instructions:
		 0: 
		 1: def_%cl_4_59 %cl_4_0[2.1,] 
		 2: 
		 3: %self->include_chartbeat def_%cl_4_60 %self[2.0,] 	 SYMBOL:	 ARGS:
		 4: 
		 5: %self->include_mixpanel_guid def_%cl_4_61 %self[22.3,2.0,] 	 SYMBOL:	 ARGS:
		 6: 
		 7: %self->flash_messages def_%cl_4_62 %self[22.3,22.5,2.0,] 	 SYMBOL:	 ARGS:
		 8: RETURN %cl_4_62[22.7,] %self[22.3,22.5,22.7,2.0,] 
BB 23
	outgoing: 25 
	datadep: 
	instructions:
		 0: def_%cl_4_63 
		 1: def_%cl_4_64 %cl_4_63[23.0,] 
		 2: RETURN %cl_4_64[23.1,] %self[2.0,] 
BB 25
	outgoing: 
	datadep: 
	instructions:
CLOSURE END: 
		 12: RETURN %v_14[5.11,] %self[5.3,5.4,5.6,5.8,5.10,2.0,2.6,] 
BB 6
	outgoing: 
	datadep: 
	instructions:

SET IRMethod, name = refresh_search instanceMethod = true
BB 1
	outgoing: 6 2 
	datadep: 
	instructions:
BB 2
	outgoing: 3 4 
	datadep: 
	instructions:
		 0: def_%self 
		 1: def_%v_0 
		 2: COPY TYPE_CurrentScope def_%current_scope 
		 3: COPY TYPE_ScopeModule def_%current_module 
		 4: 
		 5: 
		 6: ATTRASSIGN %self->aspect 
		 7: 
		 8: (Person) def_%v_3 
		 9: %self->search_query def_%v_4 %self[2.0,2.6,] 	 SYMBOL:	 ARGS:
		 10: %v_4->downcase def_%v_5 %v_4[2.9,] 	 SYMBOL:	 ARGS:
		 11: HASH-diaspora_handle- def_%v_6 %v_5[2.10,] 
		 12: %v_3->where def_%v_7 %v_3[2.8,] %v_6[2.11,] 	 SYMBOL:	 ARGS:%v_6,
		 13: ATTRASSIGN %self->people %v_7[2.12,] 
		 14: 
		 15: COPY TYPE_StringLiteral "" def_%v_8 
		 16: ATTRASSIGN %self->answer_html %v_8[2.15,] 
		 17: 
		 18: GETFIELD %self->people def_%v_9 %self[2.0,2.9,2.13,] 
		 19: %v_9->empty? def_%v_10 %v_9[2.18,] 	 SYMBOL:	 ARGS:
		 20: BRANCH %v_10[2.19,] 
BB 3
	outgoing: 5 
	datadep: 
	instructions:
		 0: COPY TYPE_Nil def_%v_11 
		 1: 
BB 4
	outgoing: 5 
	datadep: 
	instructions:
		 0: 
		 1: GETFIELD %self->people def_%v_12 %self[2.0,2.13,] 
		 2: GETFIELD %self->aspects def_%v_13 %self[2.0,] 
		 3: %self->hashes_for_people def_%v_14 %self[2.0,2.6,2.13,2.16,] %v_12[4.1,] %v_13[4.2,] 	 SYMBOL:	 ARGS:%v_12,%v_13,
		 4: ATTRASSIGN %self->hashes %v_14[4.3,] 
		 5: 
		 6: %self->formats def_%v_15 %self[4.3,4.4,2.0,2.6,2.13,2.16,] 	 SYMBOL:	 ARGS:
		 7: COPY TYPE_Array def_%v_16 
		 8: %v_15->+ def_%v_17 %v_15[4.6,] %v_16[4.7,] 	 SYMBOL:	 ARGS:%v_16,
		 9: ATTRASSIGN %self->formats %v_17[4.8,] 
		 10: 
		 11: COPY TYPE_StringLiteral "people/person" def_%v_18 
		 12: GETFIELD %self->hashes def_%v_19 %self[4.3,4.4,4.6,2.0,] 
		 13: %v_19->first def_%v_20 %v_19[4.12,] 	 SYMBOL:	 ARGS:
		 14: HASH-partial-locals- def_%v_21 %v_18[4.11,] %v_20[4.13,] 
		 15: %self->render_to_string def_%v_22 %self[4.3,4.4,4.6,4.9,2.0,2.6,2.13,2.16,] %v_21[4.14,] 	 SYMBOL:	 ARGS:%v_21,
		 16: ATTRASSIGN %self->answer_html %v_22[4.15,] 
		 17: COPY TYPE_PASS def_%v_11 %v_22[4.15,] 
BB 5
	outgoing: 6 
	datadep: 
	instructions:
		 0: 
		 1: GETFIELD %self->people def_%v_23 %self[2.0,2.13,] 
		 2: %v_23->count def_%v_24 %v_23[5.1,] 	 SYMBOL:	 ARGS:
		 3: GETFIELD %self->answer_html def_%v_25 %self[4.16,2.0,2.16,] 
		 4: HASH-search_count-search_html- def_%v_26 %v_24[5.2,] %v_25[5.3,] 
		 5: %v_26->to_json def_%v_27 %v_26[5.4,] 	 SYMBOL:	 ARGS:
		 6: HASH-json- def_%v_28 %v_27[5.5,] 
		 7: %self->render def_%v_29 %self[4.4,4.9,4.16,2.0,2.6,2.13,2.16,] %v_28[5.6,] 	 SYMBOL:	 ARGS:%v_28,
		 8: RETURN %v_29[5.7,] %self[5.7,4.4,4.9,4.16,2.0,2.6,2.13,2.16,] 
BB 6
	outgoing: 
	datadep: 
	instructions:

SET IRMethod, name = tag_index instanceMethod = true
BB 1
	outgoing: 3 2 
	datadep: 
	instructions:
BB 2
	outgoing: 3 
	datadep: 
	instructions:
		 0: def_%self 
		 1: def_%v_0 
		 2: COPY TYPE_CurrentScope def_%current_scope 
		 3: COPY TYPE_ScopeModule def_%current_module 
		 4: 
		 5: 
		 6: (Profile) def_%v_3 
		 7: %self->params def_%v_4 %self[2.0,] 	 SYMBOL:	 ARGS:
		 8: %v_4->[] def_%v_5 %v_4[2.7,] 	 SYMBOL:name,	 ARGS:Symbol,
		 9: %v_3->tagged_with def_%v_6 %v_3[2.6,] %v_5[2.8,] 	 SYMBOL:	 ARGS:%v_5,
		 10: HASH-searchable- def_%v_7 
		 11: %v_6->where def_%v_8 %v_6[2.9,] %v_7[2.10,] 	 SYMBOL:	 ARGS:%v_7,
		 12: COPY TYPE_StringLiteral "profiles.id, profiles.person_id" def_%v_9 
		 13: %v_8->select def_%v_10 %v_8[2.11,] %v_9[2.12,] 	 SYMBOL:	 ARGS:%v_9,
		 14: COPY TYPE_PASS def_profiles %v_10[2.13,] 
		 15: 
		 16: (Person) def_%v_11 
		 17: %v_10->map def_%v_12 %v_10[2.13,] %self[2.0,2.7,] 	 SYMBOL:	 ARGS:%v_10,
CLOSURE BEGIN: p[] 
BB 1
	outgoing: 6 2 
	datadep: 
	instructions:
BB 2
	outgoing: 3 
	datadep: 
	instructions:
		 0: def_%self 
		 1: def_%cl_1_0 
		 2: RECEIVEARG def_p 
		 3: COPY TYPE_CurrentScope def_%current_scope 
		 4: COPY TYPE_ScopeModule def_%current_module 
BB 3
	outgoing: 4 6 
	datadep: 
	instructions:
		 0: 
		 1: p->person_id def_%cl_1_3 p[2.2,] 	 SYMBOL:	 ARGS:
		 2: RETURN %cl_1_3[3.1,] %self[2.0,] 
BB 4
	outgoing: 6 
	datadep: 
	instructions:
		 0: def_%cl_1_4 
		 1: def_%cl_1_5 %cl_1_4[4.0,] 
		 2: RETURN %cl_1_5[4.1,] %self[2.0,] 
BB 6
	outgoing: 
	datadep: 
	instructions:
CLOSURE END: 
		 18: HASH-id- def_%v_13 %v_12[2.17,] 
		 19: %v_11->where def_%v_14 %v_11[2.16,] %v_13[2.18,] 	 SYMBOL:	 ARGS:%v_13,
		 20: %self->params def_%v_15 %self[2.0,2.7,] 	 SYMBOL:	 ARGS:
		 21: %v_15->[] def_%v_16 %v_15[2.20,] 	 SYMBOL:page,	 ARGS:Symbol,
		 22: HASH-page-per_page- def_%v_17 %v_16[2.21,] 
		 23: %v_14->paginate def_%v_18 %v_14[2.19,] %v_17[2.22,] 	 SYMBOL:	 ARGS:%v_17,
		 24: ATTRASSIGN %self->people %v_18[2.23,] 
		 25: 
		 26: GETFIELD %self->people def_%v_19 %self[2.0,2.7,2.20,2.24,] 
		 27: %self->respond_with def_%v_20 %self[2.0,2.7,2.20,2.24,] %v_19[2.26,] 	 SYMBOL:	 ARGS:%v_19,
		 28: 
		 29: %self->ruby_code_from_view def_%v_21 %self[2.0,2.7,2.20,2.24,2.27,] 	 SYMBOL:	 ARGS:
		 30: %v_21->ruby_code_from_view def_%v_22 %v_21[2.29,] %self[2.0,2.7,2.20,2.24,2.27,2.29,] 	 SYMBOL:	 ARGS:%v_21,
CLOSURE BEGIN: %self[2.0,2.7,2.20,2.24,2.27,2.29,] 
BB 1
	outgoing: 25 2 
	datadep: 
	instructions:
BB 2
	outgoing: 3 
	datadep: 
	instructions:
		 0: def_%self 
		 1: def_%cl_2_0 
		 2: RECEIVEARG def_rb_from_view 
		 3: COPY TYPE_CurrentScope def_%current_scope 
		 4: COPY TYPE_ScopeModule def_%current_module 
BB 3
	outgoing: 4 5 23 
	datadep: 
	instructions:
		 0: 
		 1: %self->og_prefix def_%cl_2_3 %self[2.0,] 	 SYMBOL:	 ARGS:
		 2: 
		 3: def_%cl_2_4 %cl_2_0[2.1,] 
		 4: %self->page_title def_%cl_2_5 %self[3.1,2.0,] %cl_2_4[3.3,] 	 SYMBOL:	 ARGS:%cl_2_4,
		 5: 
		 6: GETFIELD %self->post def_%cl_2_6 %self[3.1,3.4,2.0,] 
		 7: %cl_2_6->present? def_%cl_2_7 %cl_2_6[3.6,] 	 SYMBOL:	 ARGS:
		 8: BRANCH %cl_2_7[3.7,] 
BB 4
	outgoing: 6 23 
	datadep: 
	instructions:
		 0: 
		 1: GETFIELD %self->post def_%cl_2_8 %self[2.0,] 
		 2: %self->og_page_post_tags def_%cl_2_9 %self[2.0,] %cl_2_8[4.1,] 	 SYMBOL:	 ARGS:%cl_2_8,
		 3: 
BB 5
	outgoing: 6 23 
	datadep: 
	instructions:
		 0: 
		 1: %self->og_general_tags def_%cl_2_10 %self[2.0,] 	 SYMBOL:	 ARGS:
		 2: COPY TYPE_PASS def_%cl_2_9 %cl_2_10[5.1,] 
BB 6
	outgoing: 7 8 23 
	datadep: 
	instructions:
		 0: 
		 1: %self->chartbeat_head_block def_%cl_2_11 %self[2.0,] 	 SYMBOL:	 ARGS:
		 2: 
		 3: %self->include_mixpanel def_%cl_2_12 %self[6.1,2.0,] 	 SYMBOL:	 ARGS:
		 4: 
		 5: %self->include_color_theme def_%cl_2_13 %self[6.1,6.3,2.0,] 	 SYMBOL:	 ARGS:
		 6: 
		 7: %self->rtl? def_%cl_2_14 %self[6.1,6.3,6.5,2.0,] 	 SYMBOL:	 ARGS:
		 8: BRANCH %cl_2_14[6.7,] 
BB 7
	outgoing: 9 23 
	datadep: 
	instructions:
		 0: 
		 1: COPY TYPE_StringLiteral "all" def_%cl_2_15 
		 2: HASH-media- def_%cl_2_16 %cl_2_15[7.1,] 
		 3: %self->stylesheet_link_tag def_%cl_2_17 %self[2.0,] %cl_2_16[7.2,] 	 SYMBOL:rtl,	 ARGS:Symbol,%cl_2_16,
		 4: 
BB 8
	outgoing: 9 
	datadep: 
	instructions:
		 0: COPY TYPE_Nil def_%cl_2_17 
BB 9
	outgoing: 10 11 23 
	datadep: 
	instructions:
		 0: 
		 1: %self->old_browser_js_support def_%cl_2_18 %self[2.0,] 	 SYMBOL:	 ARGS:
		 2: 
		 3: %self->javascript_include_tag def_%cl_2_19 %self[9.1,2.0,] 	 SYMBOL:ie,	 ARGS:Symbol,
		 4: 
		 5: %self->jquery_include_tag def_%cl_2_20 %self[9.1,9.3,2.0,] 	 SYMBOL:	 ARGS:
		 6: 
		 7: 
		 8: GETFIELD %self->landing_page def_%cl_2_21 %self[9.1,9.3,9.5,2.0,] 
		 9: BRANCH %cl_2_21[9.8,] 
BB 10
	outgoing: 12 
	datadep: 
	instructions:
		 0: COPY TYPE_Nil def_%cl_2_22 
		 1: 
BB 11
	outgoing: 12 23 
	datadep: 
	instructions:
		 0: %self->javascript_include_tag def_%cl_2_23 %self[2.0,] 	 SYMBOL:main,templates,	 ARGS:Symbol,Symbol,
		 1: 
		 2: %self->load_javascript_locales def_%cl_2_24 %self[11.0,2.0,] 	 SYMBOL:	 ARGS:
		 3: COPY TYPE_PASS def_%cl_2_22 %cl_2_24[11.2,] 
BB 12
	outgoing: 13 14 23 
	datadep: 
	instructions:
		 0: 
		 1: %self->translation_missing_warnings def_%cl_2_25 %self[2.0,] 	 SYMBOL:	 ARGS:
		 2: 
		 3: %self->current_user_atom_tag def_%cl_2_26 %self[12.1,2.0,] 	 SYMBOL:	 ARGS:
		 4: 
		 5: def_%cl_2_27 %cl_2_0[2.1,] 
		 6: 
		 7: %self->csrf_meta_tag def_%cl_2_28 %self[12.1,12.3,2.0,] 	 SYMBOL:	 ARGS:
		 8: 
		 9: HASH-camel_case- def_%cl_2_29 
		 10: %self->include_gon def_%cl_2_30 %self[12.1,12.3,12.7,2.0,] %cl_2_29[12.9,] 	 SYMBOL:	 ARGS:%cl_2_29,
		 11: 
		 12: def_%cl_2_31 %cl_2_0[2.1,] 
		 13: 
		 14: %self->content_for def_%cl_2_32 %self[12.1,12.3,12.7,12.10,2.0,] %self[12.1,12.3,12.7,12.10,2.0,] 	 SYMBOL:page_title,	 ARGS:Symbol,%self,
CLOSURE BEGIN: %self[12.1,12.3,12.7,12.10,2.0,] 
BB 1
	outgoing: 6 2 
	datadep: 
	instructions:
BB 2
	outgoing: 3 
	datadep: 
	instructions:
		 0: def_%self 
		 1: def_%cl_3_0 
		 2: COPY TYPE_CurrentScope def_%current_scope 
		 3: COPY TYPE_ScopeModule def_%current_module 
BB 3
	outgoing: 4 6 
	datadep: 
	instructions:
		 0: 
		 1: COPY TYPE_StringLiteral "search" def_%cl_3_3 
		 2: %self->t def_%cl_3_4 %self[2.0,] %cl_3_3[3.1,] 	 SYMBOL:	 ARGS:%cl_3_3,
		 3: RETURN %cl_3_4[3.2,] %self[3.2,2.0,] 
BB 4
	outgoing: 6 
	datadep: 
	instructions:
		 0: def_%cl_3_5 
		 1: def_%cl_3_6 %cl_3_5[4.0,] 
		 2: RETURN %cl_3_6[4.1,] %self[2.0,] 
BB 6
	outgoing: 
	datadep: 
	instructions:
CLOSURE END: 
		 15: 
		 16: %self->search_path def_%cl_2_33 %self[12.1,12.3,12.7,12.10,12.14,2.0,] 	 SYMBOL:	 ARGS:
		 17: COPY TYPE_StringLiteral "get" def_%cl_2_34 
		 18: HASH-method- def_%cl_2_35 %cl_2_34[12.17,] 
		 19: %self->form_tag def_%cl_2_36 %self[12.1,12.3,12.7,12.10,12.14,12.16,2.0,] %cl_2_33[12.16,] %cl_2_35[12.18,] %self[12.1,12.3,12.7,12.10,12.14,12.16,2.0,] 	 SYMBOL:	 ARGS:%cl_2_33,%cl_2_35,%self,
CLOSURE BEGIN: %self[12.1,12.3,12.7,12.10,12.14,12.16,2.0,] 
BB 1
	outgoing: 6 2 
	datadep: 
	instructions:
BB 2
	outgoing: 3 
	datadep: 
	instructions:
		 0: def_%self 
		 1: def_%cl_4_0 
		 2: COPY TYPE_CurrentScope def_%current_scope 
		 3: COPY TYPE_ScopeModule def_%current_module 
BB 3
	outgoing: 4 6 
	datadep: 
	instructions:
		 0: 
		 1: COPY TYPE_StringLiteral "find_people" def_%cl_4_3 
		 2: %self->t def_%cl_4_4 %self[2.0,] %cl_4_3[3.1,] 	 SYMBOL:	 ARGS:%cl_4_3,
		 3: COPY TYPE_StringLiteral "search" def_%cl_4_5 
		 4: HASH-placeholder-class- def_%cl_4_6 %cl_4_4[3.2,] %cl_4_5[3.3,] 
		 5: %self->search_field_tag def_%cl_4_7 %self[3.2,2.0,] %cl_4_6[3.4,] 	 SYMBOL:q,	 ARGS:Symbol,Nil,%cl_4_6,
		 6: 
		 7: COPY TYPE_StringLiteral "search" def_%cl_4_8 
		 8: %self->t def_%cl_4_9 %self[3.2,3.5,2.0,] %cl_4_8[3.7,] 	 SYMBOL:	 ARGS:%cl_4_8,
		 9: COPY TYPE_StringLiteral "data-inline" def_%cl_4_10 
		 10: COPY TYPE_StringLiteral "true" def_%cl_4_11 
		 11: COPY TYPE_StringLiteral "btn" def_%cl_4_12 
		 12: HASH-class- def_%cl_4_13 %cl_4_10[3.9,] %cl_4_11[3.10,] %cl_4_12[3.11,] 
		 13: %self->submit_tag def_%cl_4_14 %self[3.2,3.5,3.8,2.0,] %cl_4_9[3.8,] %cl_4_13[3.12,] 	 SYMBOL:	 ARGS:%cl_4_9,%cl_4_13,
		 14: RETURN %cl_4_14[3.13,] %self[3.2,3.5,3.8,3.13,2.0,] 
BB 4
	outgoing: 6 
	datadep: 
	instructions:
		 0: def_%cl_4_15 
		 1: def_%cl_4_16 %cl_4_15[4.0,] 
		 2: RETURN %cl_4_16[4.1,] %self[2.0,] 
BB 6
	outgoing: 
	datadep: 
	instructions:
CLOSURE END: 
		 20: 
		 21: %self->params def_%cl_2_37 %self[12.1,12.3,12.7,12.10,12.14,12.16,12.19,2.0,] 	 SYMBOL:	 ARGS:
		 22: %cl_2_37->[] def_%cl_2_38 %cl_2_37[12.21,] 	 SYMBOL:q,	 ARGS:Symbol,
		 23: %cl_2_38->blank? def_%cl_2_39 %cl_2_38[12.22,] 	 SYMBOL:	 ARGS:
		 24: BRANCH %cl_2_39[12.23,] 
BB 13
	outgoing: 22 23 
	datadep: 
	instructions:
		 0: 
		 1: COPY TYPE_StringLiteral ".no_results" def_%cl_2_40 
		 2: %self->t def_%cl_2_41 %self[2.0,] %cl_2_40[13.1,] 	 SYMBOL:	 ARGS:%cl_2_40,
		 3: 
BB 14
	outgoing: 15 16 23 
	datadep: 
	instructions:
		 0: 
		 1: COPY TYPE_StringLiteral ".results_for" def_%cl_2_42 
		 2: %self->params def_%cl_2_43 %self[2.0,] 	 SYMBOL:	 ARGS:
		 3: %cl_2_43->[] def_%cl_2_44 %cl_2_43[14.2,] 	 SYMBOL:q,	 ARGS:Symbol,
		 4: HASH-search_term- def_%cl_2_45 %cl_2_44[14.3,] 
		 5: %self->t def_%cl_2_46 %self[14.2,2.0,] %cl_2_42[14.1,] %cl_2_45[14.4,] 	 SYMBOL:	 ARGS:%cl_2_42,%cl_2_45,
		 6: 
		 7: GETFIELD %self->hashes def_%cl_2_47 %self[14.2,14.5,2.0,] 
		 8: %cl_2_47->empty? def_%cl_2_48 %cl_2_47[14.7,] 	 SYMBOL:	 ARGS:
		 9: BRANCH %cl_2_48[14.8,] 
BB 15
	outgoing: 21 23 
	datadep: 
	instructions:
		 0: 
		 1: COPY TYPE_StringLiteral ".no_one_found" def_%cl_2_49 
		 2: %self->t def_%cl_2_50 %self[2.0,] %cl_2_49[15.1,] 	 SYMBOL:	 ARGS:%cl_2_49,
		 3: 
BB 16
	outgoing: 17 18 23 
	datadep: 
	instructions:
		 0: 
		 1: GETFIELD %self->hashes def_%cl_2_52 %self[2.0,] 
		 2: %cl_2_52->each def_%cl_2_51 %cl_2_52[16.1,] %self[2.0,] 	 SYMBOL:	 ARGS:%cl_2_52,
CLOSURE BEGIN: %self[2.0,] 
BB 1
	outgoing: 4 2 
	datadep: 
	instructions:
BB 2
	outgoing: 4 
	datadep: 
	instructions:
		 0: def_%self 
		 1: def_%cl_5_0 
		 2: RECEIVEARG def_hash 
		 3: COPY TYPE_CurrentScope def_%current_scope 
		 4: COPY TYPE_ScopeModule def_%current_module 
		 5: 
		 6: %self->person def_%cl_5_3 %self[2.0,] 	 SYMBOL:	 ARGS:
		 7: %cl_5_3->id def_%cl_5_4 %cl_5_3[2.6,] 	 SYMBOL:	 ARGS:
		 8: 
		 9: %self->person def_%cl_5_5 %self[2.0,2.6,] 	 SYMBOL:	 ARGS:
		 10: COPY TYPE_StringLiteral "media-object" def_%cl_5_6 
		 11: HASH-size-class- def_%cl_5_7 %cl_5_6[2.10,] 
		 12: %self->person_image_link def_%cl_5_8 %self[2.0,2.6,2.9,] %cl_5_5[2.9,] %cl_5_7[2.11,] 	 SYMBOL:	 ARGS:%cl_5_5,%cl_5_7,
		 13: 
		 14: %self->person def_%cl_5_9 %self[2.0,2.6,2.9,2.12,] 	 SYMBOL:	 ARGS:
		 15: HASH-size- def_%cl_5_10 
		 16: %self->person_link def_%cl_5_11 %self[2.0,2.6,2.9,2.12,2.14,] %cl_5_9[2.14,] %cl_5_10[2.15,] 	 SYMBOL:	 ARGS:%cl_5_9,%cl_5_10,
		 17: 
		 18: %self->person def_%cl_5_12 %self[2.0,2.6,2.9,2.12,2.14,2.16,] 	 SYMBOL:	 ARGS:
		 19: %cl_5_12->diaspora_handle def_%cl_5_13 %cl_5_12[2.18,] 	 SYMBOL:	 ARGS:
		 20: %self->person def_%cl_5_14 %self[2.0,2.6,2.9,2.12,2.14,2.16,2.18,] 	 SYMBOL:	 ARGS:
		 21: %self->local_or_remote_person_path def_%cl_5_15 %self[2.0,2.6,2.9,2.12,2.14,2.16,2.18,2.20,] %cl_5_14[2.20,] 	 SYMBOL:	 ARGS:%cl_5_14,
		 22: COPY TYPE_StringLiteral "black" def_%cl_5_16 
		 23: HASH-class- def_%cl_5_17 %cl_5_16[2.22,] 
		 24: %self->link_to def_%cl_5_18 %self[2.0,2.6,2.9,2.12,2.14,2.16,2.18,2.20,2.21,] %cl_5_13[2.19,] %cl_5_15[2.21,] %cl_5_17[2.23,] 	 SYMBOL:	 ARGS:%cl_5_13,%cl_5_15,%cl_5_17,
		 25: RETURN %cl_5_18[2.24,] %self[2.0,2.6,2.9,2.12,2.14,2.16,2.18,2.20,2.21,2.24,] 
BB 4
	outgoing: 
	datadep: 
	instructions:
CLOSURE END: hash[2.2,] 
		 3: 
		 4: GETFIELD %self->people def_%cl_2_53 %self[2.0,] 
		 5: (WillPaginate) def_%cl_2_54 
		 6: (inherit ActionView) def_%cl_2_55 %cl_2_54[16.5,] 
		 7: %cl_2_55[16.6,] 
BB 17
	outgoing: 18 23 
	datadep: 
	instructions:
		 0: %cl_2_54->const_missing def_%cl_2_55 %cl_2_54[16.5,] 	 SYMBOL:ActionView,	 ARGS:Symbol,
BB 18
	outgoing: 19 20 23 
	datadep: 
	instructions:
		 0: (inherit BootstrapLinkRenderer) def_%cl_2_56 %cl_2_55[17.0,16.6,] 
		 1: %cl_2_56[18.0,] 
BB 19
	outgoing: 20 23 
	datadep: 
	instructions:
		 0: %cl_2_55->const_missing def_%cl_2_56 %cl_2_55[17.0,16.6,] 	 SYMBOL:BootstrapLinkRenderer,	 ARGS:Symbol,
BB 20
	outgoing: 21 23 
	datadep: 
	instructions:
		 0: HASH-renderer- def_%cl_2_57 %cl_2_56[19.0,18.0,] 
		 1: %self->will_paginate def_%cl_2_58 %self[2.0,] %cl_2_53[16.4,] %cl_2_57[20.0,] 	 SYMBOL:	 ARGS:%cl_2_53,%cl_2_57,
		 2: COPY TYPE_PASS def_%cl_2_50 %cl_2_58[20.1,] 
BB 21
	outgoing: 22 
	datadep: 
	instructions:
		 0: COPY TYPE_PASS def_%cl_2_41 %cl_2_50[20.2,15.2,] 
BB 22
	outgoing: 23 25 
	datadep: 
	instructions:
		 0: 
		 1: def_%cl_2_59 %cl_2_0[2.1,] 
		 2: 
		 3: %self->include_chartbeat def_%cl_2_60 %self[2.0,] 	 SYMBOL:	 ARGS:
		 4: 
		 5: %self->include_mixpanel_guid def_%cl_2_61 %self[22.3,2.0,] 	 SYMBOL:	 ARGS:
		 6: 
		 7: %self->flash_messages def_%cl_2_62 %self[22.3,22.5,2.0,] 	 SYMBOL:	 ARGS:
		 8: RETURN %cl_2_62[22.7,] %self[22.3,22.5,22.7,2.0,] 
BB 23
	outgoing: 25 
	datadep: 
	instructions:
		 0: def_%cl_2_63 
		 1: def_%cl_2_64 %cl_2_63[23.0,] 
		 2: RETURN %cl_2_64[23.1,] %self[2.0,] 
BB 25
	outgoing: 
	datadep: 
	instructions:
CLOSURE END: 
		 31: RETURN %v_22[2.30,] %self[2.0,2.7,2.20,2.24,2.27,2.29,] 
BB 3
	outgoing: 
	datadep: 
	instructions:

SET IRMethod, name = show instanceMethod = true
BB 1
	outgoing: 6 2 
	datadep: 
	instructions:
BB 2
	outgoing: 3 4 
	datadep: 
	instructions:
		 0: def_%self 
		 1: def_%v_0 
		 2: COPY TYPE_CurrentScope def_%current_scope 
		 3: COPY TYPE_ScopeModule def_%current_module 
		 4: 
		 5: 
		 6: %self->user_signed_in? def_%v_3 %self[2.0,] 	 SYMBOL:	 ARGS:
		 7: BRANCH %v_3[2.6,] 
BB 3
	outgoing: 5 
	datadep: 
	instructions:
		 0: %self->mark_corresponding_notifications_read def_%v_4 %self[2.0,] 	 SYMBOL:	 ARGS:
		 1: 
BB 4
	outgoing: 5 
	datadep: 
	instructions:
		 0: COPY TYPE_Nil def_%v_4 
BB 5
	outgoing: 6 
	datadep: 
	instructions:
		 0: 
		 1: (PersonPresenter) def_%v_5 
		 2: GETFIELD %self->person def_%v_6 %self[2.0,] 
		 3: %self->current_user def_%v_7 %self[2.0,] 	 SYMBOL:	 ARGS:
		 4: %v_5->new def_%v_8 %v_5[5.1,] %v_6[5.2,] %v_7[5.3,] 	 SYMBOL:	 ARGS:%v_6,%v_7,
		 5: %v_8->as_json def_%v_9 %v_8[5.4,] 	 SYMBOL:	 ARGS:
		 6: ATTRASSIGN %self->person_json %v_9[5.5,] 
		 7: 
		 8: %self->respond_to def_%v_10 %self[5.3,5.6,2.0,] %self[5.3,5.6,2.0,] 	 SYMBOL:	 ARGS:%self,
CLOSURE BEGIN: format[] %self[5.3,5.6,2.0,] 
BB 1
	outgoing: 6 2 
	datadep: 
	instructions:
BB 2
	outgoing: 3 
	datadep: 
	instructions:
		 0: def_%self 
		 1: def_%cl_1_0 
		 2: RECEIVEARG def_format 
		 3: COPY TYPE_CurrentScope def_%current_scope 
		 4: COPY TYPE_ScopeModule def_%current_module 
BB 3
	outgoing: 4 6 
	datadep: 
	instructions:
		 0: 
		 1: format->all def_%cl_1_3 format[2.2,] %self[2.0,] 	 SYMBOL:	 ARGS:format,
CLOSURE BEGIN: %self[2.0,] 
BB 1
	outgoing: 9 2 
	datadep: 
	instructions:
BB 2
	outgoing: 3 
	datadep: 
	instructions:
		 0: def_%self 
		 1: def_%cl_2_0 
		 2: COPY TYPE_CurrentScope def_%current_scope 
		 3: COPY TYPE_ScopeModule def_%current_module 
BB 3
	outgoing: 4 5 7 
	datadep: 
	instructions:
		 0: 
		 1: %self->user_signed_in? def_%cl_2_3 %self[2.0,] 	 SYMBOL:	 ARGS:
		 2: BRANCH %cl_2_3[3.1,] 
BB 4
	outgoing: 6 7 
	datadep: 
	instructions:
		 0: 
		 1: %self->current_user def_%cl_2_4 %self[2.0,] 	 SYMBOL:	 ARGS:
		 2: GETFIELD %self->person def_%cl_2_5 %self[4.1,2.0,] 
		 3: %cl_2_4->contact_for def_%cl_2_6 %cl_2_4[4.1,] %cl_2_5[4.2,] 	 SYMBOL:	 ARGS:%cl_2_5,
		 4: ATTRASSIGN %self->contact %cl_2_6[4.3,] 
		 5: 
BB 5
	outgoing: 6 
	datadep: 
	instructions:
		 0: COPY TYPE_Nil def_%cl_2_6 
BB 6
	outgoing: 7 9 
	datadep: 
	instructions:
		 0: 
		 1: %self->gon def_%cl_2_7 %self[4.4,2.0,] 	 SYMBOL:	 ARGS:
		 2: %cl_2_7->preloads def_%cl_2_8 %cl_2_7[6.1,] 	 SYMBOL:	 ARGS:
		 3: GETFIELD %self->person_json def_%cl_2_9 %self[6.1,2.0,] 
		 4: ATTRASSIGN %cl_2_8->[] %cl_2_9[6.3,] 
		 5: 
		 6: %self->gon def_%cl_2_10 %self[6.1,4.4,2.0,] 	 SYMBOL:	 ARGS:
		 7: %cl_2_10->preloads def_%cl_2_11 %cl_2_10[6.6,] 	 SYMBOL:	 ARGS:
		 8: (Photo) def_%cl_2_12 
		 9: %self->current_user def_%cl_2_13 %self[6.1,6.6,4.4,2.0,] 	 SYMBOL:	 ARGS:
		 10: GETFIELD %self->person def_%cl_2_14 %self[6.1,6.6,6.9,2.0,] 
		 11: %cl_2_12->visible def_%cl_2_15 %cl_2_12[6.8,] %cl_2_13[6.9,] %cl_2_14[6.10,] 	 SYMBOL:	 ARGS:%cl_2_13,%cl_2_14,
		 12: %cl_2_15->count def_%cl_2_16 %cl_2_15[6.11,] 	 SYMBOL:all,	 ARGS:Symbol,
		 13: HASH-count- def_%cl_2_17 %cl_2_16[6.12,] 
		 14: ATTRASSIGN %cl_2_11->[] %cl_2_17[6.13,] 
		 15: 
		 16: %self->gon def_%cl_2_18 %self[6.1,6.6,6.9,4.4,2.0,] 	 SYMBOL:	 ARGS:
		 17: %cl_2_18->preloads def_%cl_2_19 %cl_2_18[6.16,] 	 SYMBOL:	 ARGS:
		 18: (Contact) def_%cl_2_20 
		 19: %self->current_user def_%cl_2_21 %self[6.1,6.6,6.9,6.16,4.4,2.0,] 	 SYMBOL:	 ARGS:
		 20: GETFIELD %self->person def_%cl_2_22 %self[6.1,6.6,6.9,6.16,6.19,2.0,] 
		 21: %cl_2_20->contact_contacts_for def_%cl_2_23 %cl_2_20[6.18,] %cl_2_21[6.19,] %cl_2_22[6.20,] 	 SYMBOL:	 ARGS:%cl_2_21,%cl_2_22,
		 22: %cl_2_23->count def_%cl_2_24 %cl_2_23[6.21,] 	 SYMBOL:all,	 ARGS:Symbol,
		 23: HASH-count- def_%cl_2_25 %cl_2_24[6.22,] 
		 24: ATTRASSIGN %cl_2_19->[] %cl_2_25[6.23,] 
		 25: 
		 26: GETFIELD %self->person def_%cl_2_26 %self[6.1,6.6,6.9,6.16,6.19,2.0,] 
		 27: COPY TYPE_StringLiteral "with_header" def_%cl_2_27 
		 28: HASH-layout- def_%cl_2_28 %cl_2_27[6.27,] 
		 29: %self->respond_with def_%cl_2_29 %self[6.1,6.6,6.9,6.16,6.19,4.4,2.0,] %cl_2_26[6.26,] %cl_2_28[6.28,] 	 SYMBOL:	 ARGS:%cl_2_26,%cl_2_28,
		 30: RETURN %cl_2_29[6.29,] %self[6.1,6.6,6.9,6.16,6.19,6.29,4.4,2.0,] 
BB 7
	outgoing: 9 
	datadep: 
	instructions:
		 0: def_%cl_2_30 
		 1: def_%cl_2_31 %cl_2_30[7.0,] 
		 2: RETURN %cl_2_31[7.1,] %self[4.4,2.0,] 
BB 9
	outgoing: 
	datadep: 
	instructions:
CLOSURE END: 
		 2: 
		 3: format->mobile def_%cl_1_4 format[3.1,2.2,] %self[2.0,] 	 SYMBOL:	 ARGS:format,
CLOSURE BEGIN: %self[2.0,] 
BB 1
	outgoing: 6 2 
	datadep: 
	instructions:
BB 2
	outgoing: 3 
	datadep: 
	instructions:
		 0: def_%self 
		 1: def_%cl_3_0 
		 2: COPY TYPE_CurrentScope def_%current_scope 
		 3: COPY TYPE_ScopeModule def_%current_module 
BB 3
	outgoing: 4 6 
	datadep: 
	instructions:
		 0: 
		 1: ATTRASSIGN %self->post_type 
		 2: 
		 3: %self->person_stream def_%cl_3_3 %self[3.1,2.0,] 	 SYMBOL:	 ARGS:
		 4: 
		 5: GETFIELD %self->person def_%cl_3_4 %self[3.3,2.0,] 
		 6: %self->respond_with def_%cl_3_5 %self[3.1,3.3,2.0,] %cl_3_4[3.5,] 	 SYMBOL:	 ARGS:%cl_3_4,
		 7: RETURN %cl_3_5[3.6,] %self[3.1,3.3,3.6,2.0,] 
BB 4
	outgoing: 6 
	datadep: 
	instructions:
		 0: def_%cl_3_6 
		 1: def_%cl_3_7 %cl_3_6[4.0,] 
		 2: RETURN %cl_3_7[4.1,] %self[3.1,2.0,] 
BB 6
	outgoing: 
	datadep: 
	instructions:
CLOSURE END: 
		 4: 
		 5: format->json def_%cl_1_5 format[3.1,3.3,2.2,] %self[2.0,] 	 SYMBOL:	 ARGS:format,
CLOSURE BEGIN: %self[2.0,] 
BB 1
	outgoing: 6 2 
	datadep: 
	instructions:
BB 2
	outgoing: 3 
	datadep: 
	instructions:
		 0: def_%self 
		 1: def_%cl_4_0 
		 2: COPY TYPE_CurrentScope def_%current_scope 
		 3: COPY TYPE_ScopeModule def_%current_module 
BB 3
	outgoing: 4 6 
	datadep: 
	instructions:
		 0: 
		 1: GETFIELD %self->person_json def_%cl_4_3 %self[2.0,] 
		 2: HASH-json- def_%cl_4_4 %cl_4_3[3.1,] 
		 3: %self->render def_%cl_4_5 %self[2.0,] %cl_4_4[3.2,] 	 SYMBOL:	 ARGS:%cl_4_4,
		 4: RETURN %cl_4_5[3.3,] %self[3.3,2.0,] 
BB 4
	outgoing: 6 
	datadep: 
	instructions:
		 0: def_%cl_4_6 
		 1: def_%cl_4_7 %cl_4_6[4.0,] 
		 2: RETURN %cl_4_7[4.1,] %self[2.0,] 
BB 6
	outgoing: 
	datadep: 
	instructions:
CLOSURE END: 
		 6: RETURN %cl_1_5[3.5,] %self[2.0,] 
BB 4
	outgoing: 6 
	datadep: 
	instructions:
		 0: def_%cl_1_6 
		 1: def_%cl_1_7 %cl_1_6[4.0,] 
		 2: RETURN %cl_1_7[4.1,] %self[2.0,] 
BB 6
	outgoing: 
	datadep: 
	instructions:
CLOSURE END: 
		 9: 
		 10: %self->ruby_code_from_view def_%v_11 %self[5.3,5.6,5.8,2.0,] 	 SYMBOL:	 ARGS:
		 11: %v_11->ruby_code_from_view def_%v_12 %v_11[5.10,] %self[5.3,5.6,5.8,5.10,2.0,] 	 SYMBOL:	 ARGS:%v_11,
CLOSURE BEGIN: %self[5.3,5.6,5.8,5.10,2.0,] 
BB 1
	outgoing: 25 2 
	datadep: 
	instructions:
BB 2
	outgoing: 3 
	datadep: 
	instructions:
		 0: def_%self 
		 1: def_%cl_5_0 
		 2: RECEIVEARG def_rb_from_view 
		 3: COPY TYPE_CurrentScope def_%current_scope 
		 4: COPY TYPE_ScopeModule def_%current_module 
BB 3
	outgoing: 4 5 23 
	datadep: 
	instructions:
		 0: 
		 1: %self->og_prefix def_%cl_5_3 %self[2.0,] 	 SYMBOL:	 ARGS:
		 2: 
		 3: def_%cl_5_4 %cl_5_0[2.1,] 
		 4: %self->page_title def_%cl_5_5 %self[3.1,2.0,] %cl_5_4[3.3,] 	 SYMBOL:	 ARGS:%cl_5_4,
		 5: 
		 6: GETFIELD %self->post def_%cl_5_6 %self[3.1,3.4,2.0,] 
		 7: %cl_5_6->present? def_%cl_5_7 %cl_5_6[3.6,] 	 SYMBOL:	 ARGS:
		 8: BRANCH %cl_5_7[3.7,] 
BB 4
	outgoing: 6 23 
	datadep: 
	instructions:
		 0: 
		 1: GETFIELD %self->post def_%cl_5_8 %self[2.0,] 
		 2: %self->og_page_post_tags def_%cl_5_9 %self[2.0,] %cl_5_8[4.1,] 	 SYMBOL:	 ARGS:%cl_5_8,
		 3: 
BB 5
	outgoing: 6 23 
	datadep: 
	instructions:
		 0: 
		 1: %self->og_general_tags def_%cl_5_10 %self[2.0,] 	 SYMBOL:	 ARGS:
		 2: COPY TYPE_PASS def_%cl_5_9 %cl_5_10[5.1,] 
BB 6
	outgoing: 7 8 23 
	datadep: 
	instructions:
		 0: 
		 1: %self->chartbeat_head_block def_%cl_5_11 %self[2.0,] 	 SYMBOL:	 ARGS:
		 2: 
		 3: %self->include_mixpanel def_%cl_5_12 %self[6.1,2.0,] 	 SYMBOL:	 ARGS:
		 4: 
		 5: %self->include_color_theme def_%cl_5_13 %self[6.1,6.3,2.0,] 	 SYMBOL:	 ARGS:
		 6: 
		 7: %self->rtl? def_%cl_5_14 %self[6.1,6.3,6.5,2.0,] 	 SYMBOL:	 ARGS:
		 8: BRANCH %cl_5_14[6.7,] 
BB 7
	outgoing: 9 23 
	datadep: 
	instructions:
		 0: 
		 1: COPY TYPE_StringLiteral "all" def_%cl_5_15 
		 2: HASH-media- def_%cl_5_16 %cl_5_15[7.1,] 
		 3: %self->stylesheet_link_tag def_%cl_5_17 %self[2.0,] %cl_5_16[7.2,] 	 SYMBOL:rtl,	 ARGS:Symbol,%cl_5_16,
		 4: 
BB 8
	outgoing: 9 
	datadep: 
	instructions:
		 0: COPY TYPE_Nil def_%cl_5_17 
BB 9
	outgoing: 10 11 23 
	datadep: 
	instructions:
		 0: 
		 1: %self->old_browser_js_support def_%cl_5_18 %self[2.0,] 	 SYMBOL:	 ARGS:
		 2: 
		 3: %self->javascript_include_tag def_%cl_5_19 %self[9.1,2.0,] 	 SYMBOL:ie,	 ARGS:Symbol,
		 4: 
		 5: %self->jquery_include_tag def_%cl_5_20 %self[9.1,9.3,2.0,] 	 SYMBOL:	 ARGS:
		 6: 
		 7: 
		 8: GETFIELD %self->landing_page def_%cl_5_21 %self[9.1,9.3,9.5,2.0,] 
		 9: BRANCH %cl_5_21[9.8,] 
BB 10
	outgoing: 12 
	datadep: 
	instructions:
		 0: COPY TYPE_Nil def_%cl_5_22 
		 1: 
BB 11
	outgoing: 12 23 
	datadep: 
	instructions:
		 0: %self->javascript_include_tag def_%cl_5_23 %self[2.0,] 	 SYMBOL:main,templates,	 ARGS:Symbol,Symbol,
		 1: 
		 2: %self->load_javascript_locales def_%cl_5_24 %self[11.0,2.0,] 	 SYMBOL:	 ARGS:
		 3: COPY TYPE_PASS def_%cl_5_22 %cl_5_24[11.2,] 
BB 12
	outgoing: 13 14 23 
	datadep: 
	instructions:
		 0: 
		 1: %self->translation_missing_warnings def_%cl_5_25 %self[2.0,] 	 SYMBOL:	 ARGS:
		 2: 
		 3: %self->current_user_atom_tag def_%cl_5_26 %self[12.1,2.0,] 	 SYMBOL:	 ARGS:
		 4: 
		 5: def_%cl_5_27 %cl_5_0[2.1,] 
		 6: 
		 7: %self->csrf_meta_tag def_%cl_5_28 %self[12.1,12.3,2.0,] 	 SYMBOL:	 ARGS:
		 8: 
		 9: HASH-camel_case- def_%cl_5_29 
		 10: %self->include_gon def_%cl_5_30 %self[12.1,12.3,12.7,2.0,] %cl_5_29[12.9,] 	 SYMBOL:	 ARGS:%cl_5_29,
		 11: 
		 12: def_%cl_5_31 %cl_5_0[2.1,] 
		 13: 
		 14: %self->content_for def_%cl_5_32 %self[12.1,12.3,12.7,12.10,2.0,] %self[12.1,12.3,12.7,12.10,2.0,] 	 SYMBOL:head,	 ARGS:Symbol,%self,
CLOSURE BEGIN: %self[12.1,12.3,12.7,12.10,2.0,] 
BB 1
	outgoing: 11 2 
	datadep: 
	instructions:
BB 2
	outgoing: 3 
	datadep: 
	instructions:
		 0: def_%self 
		 1: def_%cl_6_0 
		 2: COPY TYPE_CurrentScope def_%current_scope 
		 3: COPY TYPE_ScopeModule def_%current_module 
BB 3
	outgoing: 4 5 9 
	datadep: 
	instructions:
		 0: 
		 1: %self->user_signed_in? def_%cl_6_3 %self[2.0,] 	 SYMBOL:	 ARGS:
		 2: BRANCH %cl_6_3[3.1,] 
BB 4
	outgoing: 5 9 
	datadep: 
	instructions:
		 0: GETFIELD %self->person def_%cl_6_4 %self[2.0,] 
		 1: %self->current_user def_%cl_6_5 %self[2.0,] 	 SYMBOL:	 ARGS:
		 2: %cl_6_5->person def_%cl_6_6 %cl_6_5[4.1,] 	 SYMBOL:	 ARGS:
		 3: %cl_6_4->!= def_%cl_6_7 %cl_6_4[4.0,] %cl_6_6[4.2,] 	 SYMBOL:	 ARGS:%cl_6_6,
		 4: COPY TYPE_PASS def_%cl_6_3 %cl_6_7[4.3,] 
BB 5
	outgoing: 6 7 
	datadep: 
	instructions:
		 0: BRANCH %cl_6_3[4.4,3.1,] 
BB 6
	outgoing: 8 
	datadep: 
	instructions:
		 0: COPY TYPE_Nil def_%cl_6_8 
		 1: 
BB 7
	outgoing: 8 
	datadep: 
	instructions:
		 0: COPY TYPE_Nil def_%cl_6_8 
BB 8
	outgoing: 11 
	datadep: 
	instructions:
		 0: RETURN %self[2.0,] 
BB 9
	outgoing: 11 
	datadep: 
	instructions:
		 0: def_%cl_6_9 
		 1: def_%cl_6_10 %cl_6_9[9.0,] 
		 2: RETURN %cl_6_10[9.1,] %self[2.0,] 
BB 11
	outgoing: 
	datadep: 
	instructions:
CLOSURE END: 
		 15: 
		 16: %self->content_for def_%cl_5_33 %self[12.1,12.3,12.7,12.10,12.14,2.0,] %self[12.1,12.3,12.7,12.10,12.14,2.0,] 	 SYMBOL:page_title,	 ARGS:Symbol,%self,
CLOSURE BEGIN: %self[12.1,12.3,12.7,12.10,12.14,2.0,] 
BB 1
	outgoing: 6 2 
	datadep: 
	instructions:
BB 2
	outgoing: 3 
	datadep: 
	instructions:
		 0: def_%self 
		 1: def_%cl_7_0 
		 2: COPY TYPE_CurrentScope def_%current_scope 
		 3: COPY TYPE_ScopeModule def_%current_module 
BB 3
	outgoing: 4 6 
	datadep: 
	instructions:
		 0: 
		 1: GETFIELD %self->person def_%cl_7_3 %self[2.0,] 
		 2: %cl_7_3->name def_%cl_7_4 %cl_7_3[3.1,] 	 SYMBOL:	 ARGS:
		 3: RETURN %cl_7_4[3.2,] %self[2.0,] 
BB 4
	outgoing: 6 
	datadep: 
	instructions:
		 0: def_%cl_7_5 
		 1: def_%cl_7_6 %cl_7_5[4.0,] 
		 2: RETURN %cl_7_6[4.1,] %self[2.0,] 
BB 6
	outgoing: 
	datadep: 
	instructions:
CLOSURE END: 
		 17: 
		 18: %self->user_signed_in? def_%cl_5_34 %self[12.1,12.3,12.7,12.10,12.14,12.16,2.0,] 	 SYMBOL:	 ARGS:
		 19: BRANCH %cl_5_34[12.18,] 
BB 13
	outgoing: 14 23 
	datadep: 
	instructions:
		 0: %self->current_user def_%cl_5_35 %self[2.0,] 	 SYMBOL:	 ARGS:
		 1: %cl_5_35->person def_%cl_5_36 %cl_5_35[13.0,] 	 SYMBOL:	 ARGS:
		 2: %cl_5_36->id def_%cl_5_37 %cl_5_36[13.1,] 	 SYMBOL:	 ARGS:
		 3: GETFIELD %self->person def_%cl_5_38 %self[13.0,2.0,] 
		 4: %cl_5_38->id def_%cl_5_39 %cl_5_38[13.3,] 	 SYMBOL:	 ARGS:
		 5: %cl_5_37->== def_%cl_5_40 %cl_5_37[13.2,] %cl_5_39[13.4,] 	 SYMBOL:	 ARGS:%cl_5_39,
		 6: COPY TYPE_PASS def_%cl_5_34 %cl_5_40[13.5,] 
BB 14
	outgoing: 15 16 
	datadep: 
	instructions:
		 0: BRANCH %cl_5_34[13.6,12.18,] 
BB 15
	outgoing: 17 23 
	datadep: 
	instructions:
		 0: 
		 1: COPY TYPE_StringLiteral "publisher/publisher" def_%cl_5_41 
		 2: %self->publisher_aspects_for def_%cl_5_42 %self[2.0,] 	 SYMBOL:	 ARGS:Nil,
		 3: %self->render def_%cl_5_43 %self[15.2,2.0,] %cl_5_41[15.1,] %cl_5_42[15.2,] 	 SYMBOL:	 ARGS:%cl_5_41,%cl_5_42,
		 4: 
BB 16
	outgoing: 17 
	datadep: 
	instructions:
		 0: COPY TYPE_Nil def_%cl_5_43 
BB 17
	outgoing: 18 19 23 
	datadep: 
	instructions:
		 0: 
		 1: %self->user_signed_in? def_%cl_5_44 %self[2.0,] 	 SYMBOL:	 ARGS:
		 2: BRANCH %cl_5_44[17.1,] 
BB 18
	outgoing: 19 
	datadep: 
	instructions:
		 0: GETFIELD %self->person def_%cl_5_45 %self[2.0,] 
		 1: COPY TYPE_PASS def_%cl_5_44 %cl_5_45[18.0,] 
BB 19
	outgoing: 20 21 
	datadep: 
	instructions:
		 0: BRANCH %cl_5_44[18.1,17.1,] 
BB 20
	outgoing: 22 23 
	datadep: 
	instructions:
		 0: 
		 1: %self->title def_%cl_5_46 %self[2.0,] 	 SYMBOL:	 ARGS:
		 2: 
BB 21
	outgoing: 22 
	datadep: 
	instructions:
		 0: COPY TYPE_Nil def_%cl_5_46 
BB 22
	outgoing: 23 25 
	datadep: 
	instructions:
		 0: 
		 1: def_%cl_5_47 %cl_5_0[2.1,] 
		 2: 
		 3: %self->include_chartbeat def_%cl_5_48 %self[2.0,] 	 SYMBOL:	 ARGS:
		 4: 
		 5: %self->include_mixpanel_guid def_%cl_5_49 %self[22.3,2.0,] 	 SYMBOL:	 ARGS:
		 6: 
		 7: %self->flash_messages def_%cl_5_50 %self[22.3,22.5,2.0,] 	 SYMBOL:	 ARGS:
		 8: RETURN %cl_5_50[22.7,] %self[22.3,22.5,22.7,2.0,] 
BB 23
	outgoing: 25 
	datadep: 
	instructions:
		 0: def_%cl_5_51 
		 1: def_%cl_5_52 %cl_5_51[23.0,] 
		 2: RETURN %cl_5_52[23.1,] %self[2.0,] 
BB 25
	outgoing: 
	datadep: 
	instructions:
CLOSURE END: 
		 12: RETURN %v_12[5.11,] %self[5.3,5.6,5.8,5.10,2.0,] 
BB 6
	outgoing: 
	datadep: 
	instructions:

SET IRMethod, name = stream instanceMethod = true
BB 1
	outgoing: 3 2 
	datadep: 
	instructions:
BB 2
	outgoing: 3 
	datadep: 
	instructions:
		 0: def_%self 
		 1: def_%v_0 
		 2: COPY TYPE_CurrentScope def_%current_scope 
		 3: COPY TYPE_ScopeModule def_%current_module 
		 4: 
		 5: 
		 6: %self->respond_to def_%v_3 %self[2.0,] %self[2.0,] 	 SYMBOL:	 ARGS:%self,
CLOSURE BEGIN: format[] %self[2.0,] p[] 
BB 1
	outgoing: 6 2 
	datadep: 
	instructions:
BB 2
	outgoing: 3 
	datadep: 
	instructions:
		 0: def_%self 
		 1: def_%cl_1_0 
		 2: RECEIVEARG def_format 
		 3: COPY TYPE_CurrentScope def_%current_scope 
		 4: COPY TYPE_ScopeModule def_%current_module 
BB 3
	outgoing: 4 6 
	datadep: 
	instructions:
		 0: 
		 1: format->all def_%cl_1_3 format[2.2,] %self[2.0,] 	 SYMBOL:	 ARGS:format,
CLOSURE BEGIN: %self[2.0,] 
BB 1
	outgoing: 6 2 
	datadep: 
	instructions:
BB 2
	outgoing: 3 
	datadep: 
	instructions:
		 0: def_%self 
		 1: def_%cl_2_0 
		 2: COPY TYPE_CurrentScope def_%current_scope 
		 3: COPY TYPE_ScopeModule def_%current_module 
BB 3
	outgoing: 4 6 
	datadep: 
	instructions:
		 0: 
		 1: GETFIELD %self->person def_%cl_2_3 %self[2.0,] 
		 2: %self->person_path def_%cl_2_4 %self[2.0,] %cl_2_3[3.1,] 	 SYMBOL:	 ARGS:%cl_2_3,
		 3: %self->redirect_to def_%cl_2_5 %self[3.2,2.0,] %cl_2_4[3.2,] 	 SYMBOL:	 ARGS:%cl_2_4,
		 4: RETURN %cl_2_5[3.3,] %self[3.2,3.3,2.0,] 
BB 4
	outgoing: 6 
	datadep: 
	instructions:
		 0: def_%cl_2_6 
		 1: def_%cl_2_7 %cl_2_6[4.0,] 
		 2: RETURN %cl_2_7[4.1,] %self[2.0,] 
BB 6
	outgoing: 
	datadep: 
	instructions:
CLOSURE END: 
		 2: 
		 3: format->json def_%cl_1_4 format[3.1,2.2,] %self[2.0,] 	 SYMBOL:	 ARGS:format,
CLOSURE BEGIN: %self[2.0,] p[] 
BB 1
	outgoing: 6 2 
	datadep: 
	instructions:
BB 2
	outgoing: 3 
	datadep: 
	instructions:
		 0: def_%self 
		 1: def_%cl_3_0 
		 2: COPY TYPE_CurrentScope def_%current_scope 
		 3: COPY TYPE_ScopeModule def_%current_module 
BB 3
	outgoing: 4 6 
	datadep: 
	instructions:
		 0: 
		 1: %self->person_stream def_%cl_3_3 %self[2.0,] 	 SYMBOL:	 ARGS:
		 2: %cl_3_3->stream_posts def_%cl_3_4 %cl_3_3[3.1,] 	 SYMBOL:	 ARGS:
		 3: %cl_3_4->map def_%cl_3_5 %cl_3_4[3.2,] %self[3.1,2.0,] 	 SYMBOL:	 ARGS:%cl_3_4,
CLOSURE BEGIN: %self[3.1,2.0,] p[] 
BB 1
	outgoing: 6 2 
	datadep: 
	instructions:
BB 2
	outgoing: 3 
	datadep: 
	instructions:
		 0: def_%self 
		 1: def_%cl_4_0 
		 2: RECEIVEARG def_p 
		 3: COPY TYPE_CurrentScope def_%current_scope 
		 4: COPY TYPE_ScopeModule def_%current_module 
BB 3
	outgoing: 4 6 
	datadep: 
	instructions:
		 0: 
		 1: (LastThreeCommentsDecorator) def_%cl_4_3 
		 2: (PostPresenter) def_%cl_4_4 
		 3: %self->current_user def_%cl_4_5 %self[2.0,] 	 SYMBOL:	 ARGS:
		 4: %cl_4_4->new def_%cl_4_6 %cl_4_4[3.2,] p[2.2,] %cl_4_5[3.3,] 	 SYMBOL:	 ARGS:p,%cl_4_5,
		 5: %cl_4_3->new def_%cl_4_7 %cl_4_3[3.1,] %cl_4_6[3.4,] 	 SYMBOL:	 ARGS:%cl_4_6,
		 6: RETURN %cl_4_7[3.5,] %self[3.3,2.0,] 
BB 4
	outgoing: 6 
	datadep: 
	instructions:
		 0: def_%cl_4_8 
		 1: def_%cl_4_9 %cl_4_8[4.0,] 
		 2: RETURN %cl_4_9[4.1,] %self[2.0,] 
BB 6
	outgoing: 
	datadep: 
	instructions:
CLOSURE END: 
		 4: HASH-json- def_%cl_3_6 %cl_3_5[3.3,] 
		 5: %self->render def_%cl_3_7 %self[3.1,2.0,] %cl_3_6[3.4,] 	 SYMBOL:	 ARGS:%cl_3_6,
		 6: RETURN %cl_3_7[3.5,] %self[3.1,3.5,2.0,] 
BB 4
	outgoing: 6 
	datadep: 
	instructions:
		 0: def_%cl_3_8 
		 1: def_%cl_3_9 %cl_3_8[4.0,] 
		 2: RETURN %cl_3_9[4.1,] %self[2.0,] 
BB 6
	outgoing: 
	datadep: 
	instructions:
CLOSURE END: 
		 4: RETURN %cl_1_4[3.3,] %self[2.0,] 
BB 4
	outgoing: 6 
	datadep: 
	instructions:
		 0: def_%cl_1_5 
		 1: def_%cl_1_6 %cl_1_5[4.0,] 
		 2: RETURN %cl_1_6[4.1,] %self[2.0,] 
BB 6
	outgoing: 
	datadep: 
	instructions:
CLOSURE END: 
		 7: RETURN %v_3[2.6,] %self[2.0,2.6,] 
BB 3
	outgoing: 
	datadep: 
	instructions:

SET IRMethod, name = hovercard instanceMethod = true
BB 1
	outgoing: 3 2 
	datadep: 
	instructions:
BB 2
	outgoing: 3 
	datadep: 
	instructions:
		 0: def_%self 
		 1: def_%v_0 
		 2: COPY TYPE_CurrentScope def_%current_scope 
		 3: COPY TYPE_ScopeModule def_%current_module 
		 4: 
		 5: 
		 6: %self->respond_to def_%v_3 %self[2.0,] %self[2.0,] 	 SYMBOL:	 ARGS:%self,
CLOSURE BEGIN: format[] %self[2.0,] 
BB 1
	outgoing: 6 2 
	datadep: 
	instructions:
BB 2
	outgoing: 3 
	datadep: 
	instructions:
		 0: def_%self 
		 1: def_%cl_1_0 
		 2: RECEIVEARG def_format 
		 3: COPY TYPE_CurrentScope def_%current_scope 
		 4: COPY TYPE_ScopeModule def_%current_module 
BB 3
	outgoing: 4 6 
	datadep: 
	instructions:
		 0: 
		 1: format->all def_%cl_1_3 format[2.2,] %self[2.0,] 	 SYMBOL:	 ARGS:format,
CLOSURE BEGIN: %self[2.0,] 
BB 1
	outgoing: 6 2 
	datadep: 
	instructions:
BB 2
	outgoing: 3 
	datadep: 
	instructions:
		 0: def_%self 
		 1: def_%cl_2_0 
		 2: COPY TYPE_CurrentScope def_%current_scope 
		 3: COPY TYPE_ScopeModule def_%current_module 
BB 3
	outgoing: 4 6 
	datadep: 
	instructions:
		 0: 
		 1: COPY TYPE_StringLiteral "show" def_%cl_2_3 
		 2: %self->params def_%cl_2_4 %self[2.0,] 	 SYMBOL:	 ARGS:
		 3: %cl_2_4->[] def_%cl_2_5 %cl_2_4[3.2,] 	 SYMBOL:person_id,	 ARGS:Symbol,
		 4: HASH-action-id- def_%cl_2_6 %cl_2_3[3.1,] %cl_2_5[3.3,] 
		 5: %self->redirect_to def_%cl_2_7 %self[3.2,2.0,] %cl_2_6[3.4,] 	 SYMBOL:	 ARGS:%cl_2_6,
		 6: RETURN %cl_2_7[3.5,] %self[3.2,3.5,2.0,] 
BB 4
	outgoing: 6 
	datadep: 
	instructions:
		 0: def_%cl_2_8 
		 1: def_%cl_2_9 %cl_2_8[4.0,] 
		 2: RETURN %cl_2_9[4.1,] %self[2.0,] 
BB 6
	outgoing: 
	datadep: 
	instructions:
CLOSURE END: 
		 2: 
		 3: format->json def_%cl_1_4 format[3.1,2.2,] %self[2.0,] 	 SYMBOL:	 ARGS:format,
CLOSURE BEGIN: %self[2.0,] 
BB 1
	outgoing: 6 2 
	datadep: 
	instructions:
BB 2
	outgoing: 3 
	datadep: 
	instructions:
		 0: def_%self 
		 1: def_%cl_3_0 
		 2: COPY TYPE_CurrentScope def_%current_scope 
		 3: COPY TYPE_ScopeModule def_%current_module 
BB 3
	outgoing: 4 6 
	datadep: 
	instructions:
		 0: 
		 1: (HovercardPresenter) def_%cl_3_3 
		 2: GETFIELD %self->person def_%cl_3_4 %self[2.0,] 
		 3: %cl_3_3->new def_%cl_3_5 %cl_3_3[3.1,] %cl_3_4[3.2,] 	 SYMBOL:	 ARGS:%cl_3_4,
		 4: HASH-json- def_%cl_3_6 %cl_3_5[3.3,] 
		 5: %self->render def_%cl_3_7 %self[2.0,] %cl_3_6[3.4,] 	 SYMBOL:	 ARGS:%cl_3_6,
		 6: RETURN %cl_3_7[3.5,] %self[3.5,2.0,] 
BB 4
	outgoing: 6 
	datadep: 
	instructions:
		 0: def_%cl_3_8 
		 1: def_%cl_3_9 %cl_3_8[4.0,] 
		 2: RETURN %cl_3_9[4.1,] %self[2.0,] 
BB 6
	outgoing: 
	datadep: 
	instructions:
CLOSURE END: 
		 4: RETURN %cl_1_4[3.3,] %self[2.0,] 
BB 4
	outgoing: 6 
	datadep: 
	instructions:
		 0: def_%cl_1_5 
		 1: def_%cl_1_6 %cl_1_5[4.0,] 
		 2: RETURN %cl_1_6[4.1,] %self[2.0,] 
BB 6
	outgoing: 
	datadep: 
	instructions:
CLOSURE END: 
		 7: RETURN %v_3[2.6,] %self[2.0,2.6,] 
BB 3
	outgoing: 
	datadep: 
	instructions:

SET IRMethod, name = retrieve_remote instanceMethod = true
BB 1
	outgoing: 8 2 
	datadep: 
	instructions:
BB 2
	outgoing: 3 6 
	datadep: 
	instructions:
		 0: def_%self 
		 1: def_%v_0 
		 2: COPY TYPE_CurrentScope def_%current_scope 
		 3: COPY TYPE_ScopeModule def_%current_module 
		 4: 
		 5: 
		 6: %self->params def_%v_3 %self[2.0,] 	 SYMBOL:	 ARGS:
		 7: %v_3->[] def_%v_4 %v_3[2.6,] 	 SYMBOL:diaspora_handle,	 ARGS:Symbol,
		 8: BRANCH %v_4[2.7,] 
BB 3
	outgoing: 4 5 
	datadep: 
	instructions:
		 0: 
		 1: (Workers) def_%v_5 
		 2: (inherit FetchWebfinger) def_%v_6 %v_5[3.1,] 
		 3: %v_6[3.2,] 
BB 4
	outgoing: 5 
	datadep: 
	instructions:
		 0: %v_5->const_missing def_%v_6 %v_5[3.1,] 	 SYMBOL:FetchWebfinger,	 ARGS:Symbol,
BB 5
	outgoing: 8 
	datadep: 
	instructions:
		 0: %self->params def_%v_7 %self[2.0,] 	 SYMBOL:	 ARGS:
		 1: %v_7->[] def_%v_8 %v_7[5.0,] 	 SYMBOL:diaspora_handle,	 ARGS:Symbol,
		 2: %v_6->perform_async def_%v_9 %v_6[4.0,3.2,] %v_8[5.1,] 	 SYMBOL:	 ARGS:%v_8,
		 3: 
		 4: HASH-nothing- def_%v_10 
		 5: %self->render def_%v_11 %self[5.0,2.0,] %v_10[5.4,] 	 SYMBOL:	 ARGS:%v_10,
		 6: RETURN %v_11[5.5,] %self[5.0,5.5,2.0,] 
BB 6
	outgoing: 8 
	datadep: 
	instructions:
		 0: 
		 1: HASH-nothing-status- def_%v_12 
		 2: %self->render def_%v_13 %self[2.0,] %v_12[6.1,] 	 SYMBOL:	 ARGS:%v_12,
		 3: RETURN %v_13[6.2,] %self[6.2,2.0,] 
BB 8
	outgoing: 
	datadep: 
	instructions:

SET IRMethod, name = contacts instanceMethod = true
BB 1
	outgoing: 3 2 
	datadep: 
	instructions:
BB 2
	outgoing: 3 
	datadep: 
	instructions:
		 0: def_%self 
		 1: def_%v_0 
		 2: COPY TYPE_CurrentScope def_%current_scope 
		 3: COPY TYPE_ScopeModule def_%current_module 
		 4: 
		 5: 
		 6: %self->respond_to def_%v_3 %self[2.0,] %self[2.0,] 	 SYMBOL:	 ARGS:%self,
CLOSURE BEGIN: format[] %self[2.0,] 
BB 1
	outgoing: 6 2 
	datadep: 
	instructions:
BB 2
	outgoing: 3 
	datadep: 
	instructions:
		 0: def_%self 
		 1: def_%cl_1_0 
		 2: RECEIVEARG def_format 
		 3: COPY TYPE_CurrentScope def_%current_scope 
		 4: COPY TYPE_ScopeModule def_%current_module 
BB 3
	outgoing: 4 6 
	datadep: 
	instructions:
		 0: 
		 1: format->json def_%cl_1_3 format[2.2,] %self[2.0,] 	 SYMBOL:	 ARGS:format,
CLOSURE BEGIN: %self[2.0,] 
BB 1
	outgoing: 6 2 
	datadep: 
	instructions:
BB 2
	outgoing: 3 
	datadep: 
	instructions:
		 0: def_%self 
		 1: def_%cl_2_0 
		 2: COPY TYPE_CurrentScope def_%current_scope 
		 3: COPY TYPE_ScopeModule def_%current_module 
BB 3
	outgoing: 4 6 
	datadep: 
	instructions:
		 0: 
		 1: HASH-nothing-status- def_%cl_2_3 
		 2: %self->render def_%cl_2_4 %self[2.0,] %cl_2_3[3.1,] 	 SYMBOL:	 ARGS:%cl_2_3,
		 3: RETURN %cl_2_4[3.2,] %self[3.2,2.0,] 
BB 4
	outgoing: 6 
	datadep: 
	instructions:
		 0: def_%cl_2_5 
		 1: def_%cl_2_6 %cl_2_5[4.0,] 
		 2: RETURN %cl_2_6[4.1,] %self[2.0,] 
BB 6
	outgoing: 
	datadep: 
	instructions:
CLOSURE END: 
		 2: 
		 3: format->any def_%cl_1_4 format[3.1,2.2,] %self[2.0,] 	 SYMBOL:	 ARGS:format,
CLOSURE BEGIN: %self[2.0,] 
BB 1
	outgoing: 11 2 
	datadep: 
	instructions:
BB 2
	outgoing: 3 
	datadep: 
	instructions:
		 0: def_%self 
		 1: def_%cl_3_0 
		 2: COPY TYPE_CurrentScope def_%current_scope 
		 3: COPY TYPE_ScopeModule def_%current_module 
BB 3
	outgoing: 4 7 9 
	datadep: 
	instructions:
		 0: 
		 1: (Person) def_%cl_3_3 
		 2: %self->params def_%cl_3_4 %self[2.0,] 	 SYMBOL:	 ARGS:
		 3: %cl_3_4->[] def_%cl_3_5 %cl_3_4[3.2,] 	 SYMBOL:person_id,	 ARGS:Symbol,
		 4: %cl_3_3->find_by_guid def_%cl_3_6 %cl_3_3[3.1,] %cl_3_5[3.3,] 	 SYMBOL:	 ARGS:%cl_3_5,
		 5: ATTRASSIGN %self->person %cl_3_6[3.4,] 
		 6: 
		 7: 
		 8: GETFIELD %self->person def_%cl_3_7 %self[3.2,3.5,2.0,] 
		 9: BRANCH %cl_3_7[3.8,] 
BB 4
	outgoing: 5 6 9 
	datadep: 
	instructions:
		 0: %self->current_user def_%cl_3_8 %self[3.5,2.0,] 	 SYMBOL:	 ARGS:
		 1: GETFIELD %self->person def_%cl_3_9 %self[4.0,3.5,2.0,] 
		 2: %cl_3_8->contact_for def_%cl_3_10 %cl_3_8[4.0,] %cl_3_9[4.1,] 	 SYMBOL:	 ARGS:%cl_3_9,
		 3: ATTRASSIGN %self->contact %cl_3_10[4.2,] 
		 4: 
		 5: (Contact) def_%cl_3_11 
		 6: %self->current_user def_%cl_3_12 %self[4.0,4.3,3.5,2.0,] 	 SYMBOL:	 ARGS:
		 7: GETFIELD %self->person def_%cl_3_13 %self[4.0,4.6,3.5,2.0,] 
		 8: %cl_3_11->contact_contacts_for def_%cl_3_14 %cl_3_11[4.5,] %cl_3_12[4.6,] %cl_3_13[4.7,] 	 SYMBOL:	 ARGS:%cl_3_12,%cl_3_13,
		 9: ATTRASSIGN %self->contacts_of_contact %cl_3_14[4.8,] 
		 10: 
		 11: %self->gon def_%cl_3_15 %self[4.0,4.3,4.6,4.9,3.5,2.0,] 	 SYMBOL:	 ARGS:
		 12: %cl_3_15->preloads def_%cl_3_16 %cl_3_15[4.11,] 	 SYMBOL:	 ARGS:
		 13: (PersonPresenter) def_%cl_3_17 
		 14: GETFIELD %self->person def_%cl_3_18 %self[4.0,4.6,4.11,3.5,2.0,] 
		 15: %self->current_user def_%cl_3_19 %self[4.0,4.3,4.6,4.9,4.11,3.5,2.0,] 	 SYMBOL:	 ARGS:
		 16: %cl_3_17->new def_%cl_3_20 %cl_3_17[4.13,] %cl_3_18[4.14,] %cl_3_19[4.15,] 	 SYMBOL:	 ARGS:%cl_3_18,%cl_3_19,
		 17: %cl_3_20->as_json def_%cl_3_21 %cl_3_20[4.16,] 	 SYMBOL:	 ARGS:
		 18: ATTRASSIGN %cl_3_16->[] %cl_3_21[4.17,] 
		 19: 
		 20: %self->gon def_%cl_3_22 %self[4.0,4.3,4.6,4.9,4.11,4.15,3.5,2.0,] 	 SYMBOL:	 ARGS:
		 21: %cl_3_22->preloads def_%cl_3_23 %cl_3_22[4.20,] 	 SYMBOL:	 ARGS:
		 22: (Photo) def_%cl_3_24 
		 23: %self->current_user def_%cl_3_25 %self[4.0,4.3,4.6,4.9,4.11,4.15,4.20,3.5,2.0,] 	 SYMBOL:	 ARGS:
		 24: GETFIELD %self->person def_%cl_3_26 %self[4.0,4.6,4.11,4.15,4.20,4.23,3.5,2.0,] 
		 25: %cl_3_24->visible def_%cl_3_27 %cl_3_24[4.22,] %cl_3_25[4.23,] %cl_3_26[4.24,] 	 SYMBOL:	 ARGS:%cl_3_25,%cl_3_26,
		 26: %cl_3_27->count def_%cl_3_28 %cl_3_27[4.25,] 	 SYMBOL:all,	 ARGS:Symbol,
		 27: HASH-count- def_%cl_3_29 %cl_3_28[4.26,] 
		 28: ATTRASSIGN %cl_3_23->[] %cl_3_29[4.27,] 
		 29: 
		 30: %self->gon def_%cl_3_30 %self[4.0,4.3,4.6,4.9,4.11,4.15,4.20,4.23,3.5,2.0,] 	 SYMBOL:	 ARGS:
		 31: %cl_3_30->preloads def_%cl_3_31 %cl_3_30[4.30,] 	 SYMBOL:	 ARGS:
		 32: GETFIELD %self->contacts_of_contact def_%cl_3_32 %self[4.0,4.6,4.9,4.11,4.15,4.20,4.23,4.30,2.0,] 
		 33: %cl_3_32->count def_%cl_3_33 %cl_3_32[4.32,] 	 SYMBOL:all,	 ARGS:Symbol,
		 34: HASH-count- def_%cl_3_34 %cl_3_33[4.33,] 
		 35: ATTRASSIGN %cl_3_31->[] %cl_3_34[4.34,] 
		 36: 
		 37: GETFIELD %self->contacts_of_contact def_%cl_3_35 %self[4.0,4.6,4.9,4.11,4.15,4.20,4.23,4.30,2.0,] 
		 38: %self->params def_%cl_3_36 %self[4.0,4.3,4.6,4.9,4.11,4.15,4.20,4.23,4.30,3.5,2.0,] 	 SYMBOL:	 ARGS:
		 39: %cl_3_36->[] def_%cl_3_37 %cl_3_36[4.38,] 	 SYMBOL:page,	 ARGS:Symbol,
		 40: %self->params def_%cl_3_38 %self[4.0,4.3,4.6,4.9,4.11,4.15,4.20,4.23,4.30,4.38,3.5,2.0,] 	 SYMBOL:	 ARGS:
		 41: %cl_3_38->[] def_%cl_3_39 %cl_3_38[4.40,] 	 SYMBOL:limit,	 ARGS:Symbol,
		 42: BRANCH %cl_3_39[4.41,] 
BB 5
	outgoing: 6 
	datadep: 
	instructions:
		 0: COPY TYPE_Fixnum def_%cl_3_39 
BB 6
	outgoing: 8 9 
	datadep: 
	instructions:
		 0: HASH-page-per_page- def_%cl_3_40 %cl_3_37[4.39,] %cl_3_39[5.0,4.41,] 
		 1: %cl_3_35->paginate def_%cl_3_41 %cl_3_35[4.37,] %cl_3_40[6.0,] 	 SYMBOL:	 ARGS:%cl_3_40,
		 2: ATTRASSIGN %self->contacts_of_contact %cl_3_41[6.1,] 
		 3: 
		 4: GETFIELD %self->contacts_of_contact def_%cl_3_42 %self[6.2,4.9,2.0,] 
		 5: GETFIELD %self->aspects def_%cl_3_43 %self[2.0,] 
		 6: %self->hashes_for_people def_%cl_3_44 %self[6.2,4.3,4.9,3.5,2.0,] %cl_3_42[6.4,] %cl_3_43[6.5,] 	 SYMBOL:	 ARGS:%cl_3_42,%cl_3_43,
		 7: ATTRASSIGN %self->hashes %cl_3_44[6.6,] 
		 8: 
		 9: GETFIELD %self->person def_%cl_3_45 %self[6.6,3.5,2.0,] 
		 10: COPY TYPE_StringLiteral "with_header" def_%cl_3_46 
		 11: HASH-layout- def_%cl_3_47 %cl_3_46[6.10,] 
		 12: %self->respond_with def_%cl_3_48 %self[6.2,6.6,6.7,4.3,4.9,3.5,2.0,] %cl_3_45[6.9,] %cl_3_47[6.11,] 	 SYMBOL:	 ARGS:%cl_3_45,%cl_3_47,
		 13: 
BB 7
	outgoing: 9 11 
	datadep: 
	instructions:
		 0: 
		 1: %self->flash def_%cl_3_49 %self[3.5,2.0,] 	 SYMBOL:	 ARGS:
		 2: (I18n) def_%cl_3_50 
		 3: COPY TYPE_StringLiteral "people.show.does_not_exist" def_%cl_3_51 
		 4: %cl_3_50->t def_%cl_3_52 %cl_3_50[7.2,] %cl_3_51[7.3,] 	 SYMBOL:	 ARGS:%cl_3_51,
		 5: ATTRASSIGN %cl_3_49->[] %cl_3_52[7.4,] 
		 6: 
		 7: %self->people_path def_%cl_3_53 %self[7.1,3.5,2.0,] 	 SYMBOL:	 ARGS:
		 8: %self->redirect_to def_%cl_3_54 %self[7.1,7.7,3.5,2.0,] %cl_3_53[7.7,] 	 SYMBOL:	 ARGS:%cl_3_53,
		 9: RETURN %cl_3_54[7.8,] %self[7.1,7.7,7.8,3.5,2.0,] 
BB 8
	outgoing: 11 
	datadep: 
	instructions:
		 0: RETURN %cl_3_48[6.12,] %self[6.2,6.7,4.3,4.9,3.5,2.0,] 
BB 9
	outgoing: 11 
	datadep: 
	instructions:
		 0: def_%cl_3_55 
		 1: def_%cl_3_56 %cl_3_55[9.0,] 
		 2: RETURN %cl_3_56[9.1,] %self[3.5,4.3,4.9,6.2,6.7,2.0,] 
BB 11
	outgoing: 
	datadep: 
	instructions:
CLOSURE END: 
		 4: RETURN %cl_1_4[3.3,] %self[2.0,] 
BB 4
	outgoing: 6 
	datadep: 
	instructions:
		 0: def_%cl_1_5 
		 1: def_%cl_1_6 %cl_1_5[4.0,] 
		 2: RETURN %cl_1_6[4.1,] %self[2.0,] 
BB 6
	outgoing: 
	datadep: 
	instructions:
CLOSURE END: 
		 7: 
		 8: %self->ruby_code_from_view def_%v_4 %self[2.0,2.6,] 	 SYMBOL:	 ARGS:
		 9: %v_4->ruby_code_from_view def_%v_5 %v_4[2.8,] %self[2.0,2.6,2.8,] 	 SYMBOL:	 ARGS:%v_4,
CLOSURE BEGIN: %self[2.0,2.6,2.8,] 
BB 1
	outgoing: 24 2 
	datadep: 
	instructions:
BB 2
	outgoing: 3 
	datadep: 
	instructions:
		 0: def_%self 
		 1: def_%cl_4_0 
		 2: RECEIVEARG def_rb_from_view 
		 3: COPY TYPE_CurrentScope def_%current_scope 
		 4: COPY TYPE_ScopeModule def_%current_module 
BB 3
	outgoing: 4 5 22 
	datadep: 
	instructions:
		 0: 
		 1: %self->og_prefix def_%cl_4_3 %self[2.0,] 	 SYMBOL:	 ARGS:
		 2: 
		 3: def_%cl_4_4 %cl_4_0[2.1,] 
		 4: %self->page_title def_%cl_4_5 %self[3.1,2.0,] %cl_4_4[3.3,] 	 SYMBOL:	 ARGS:%cl_4_4,
		 5: 
		 6: GETFIELD %self->post def_%cl_4_6 %self[3.1,3.4,2.0,] 
		 7: %cl_4_6->present? def_%cl_4_7 %cl_4_6[3.6,] 	 SYMBOL:	 ARGS:
		 8: BRANCH %cl_4_7[3.7,] 
BB 4
	outgoing: 6 22 
	datadep: 
	instructions:
		 0: 
		 1: GETFIELD %self->post def_%cl_4_8 %self[2.0,] 
		 2: %self->og_page_post_tags def_%cl_4_9 %self[2.0,] %cl_4_8[4.1,] 	 SYMBOL:	 ARGS:%cl_4_8,
		 3: 
BB 5
	outgoing: 6 22 
	datadep: 
	instructions:
		 0: 
		 1: %self->og_general_tags def_%cl_4_10 %self[2.0,] 	 SYMBOL:	 ARGS:
		 2: COPY TYPE_PASS def_%cl_4_9 %cl_4_10[5.1,] 
BB 6
	outgoing: 7 8 22 
	datadep: 
	instructions:
		 0: 
		 1: %self->chartbeat_head_block def_%cl_4_11 %self[2.0,] 	 SYMBOL:	 ARGS:
		 2: 
		 3: %self->include_mixpanel def_%cl_4_12 %self[6.1,2.0,] 	 SYMBOL:	 ARGS:
		 4: 
		 5: %self->include_color_theme def_%cl_4_13 %self[6.1,6.3,2.0,] 	 SYMBOL:	 ARGS:
		 6: 
		 7: %self->rtl? def_%cl_4_14 %self[6.1,6.3,6.5,2.0,] 	 SYMBOL:	 ARGS:
		 8: BRANCH %cl_4_14[6.7,] 
BB 7
	outgoing: 9 22 
	datadep: 
	instructions:
		 0: 
		 1: COPY TYPE_StringLiteral "all" def_%cl_4_15 
		 2: HASH-media- def_%cl_4_16 %cl_4_15[7.1,] 
		 3: %self->stylesheet_link_tag def_%cl_4_17 %self[2.0,] %cl_4_16[7.2,] 	 SYMBOL:rtl,	 ARGS:Symbol,%cl_4_16,
		 4: 
BB 8
	outgoing: 9 
	datadep: 
	instructions:
		 0: COPY TYPE_Nil def_%cl_4_17 
BB 9
	outgoing: 10 11 22 
	datadep: 
	instructions:
		 0: 
		 1: %self->old_browser_js_support def_%cl_4_18 %self[2.0,] 	 SYMBOL:	 ARGS:
		 2: 
		 3: %self->javascript_include_tag def_%cl_4_19 %self[9.1,2.0,] 	 SYMBOL:ie,	 ARGS:Symbol,
		 4: 
		 5: %self->jquery_include_tag def_%cl_4_20 %self[9.1,9.3,2.0,] 	 SYMBOL:	 ARGS:
		 6: 
		 7: 
		 8: GETFIELD %self->landing_page def_%cl_4_21 %self[9.1,9.3,9.5,2.0,] 
		 9: BRANCH %cl_4_21[9.8,] 
BB 10
	outgoing: 12 
	datadep: 
	instructions:
		 0: COPY TYPE_Nil def_%cl_4_22 
		 1: 
BB 11
	outgoing: 12 22 
	datadep: 
	instructions:
		 0: %self->javascript_include_tag def_%cl_4_23 %self[2.0,] 	 SYMBOL:main,templates,	 ARGS:Symbol,Symbol,
		 1: 
		 2: %self->load_javascript_locales def_%cl_4_24 %self[11.0,2.0,] 	 SYMBOL:	 ARGS:
		 3: COPY TYPE_PASS def_%cl_4_22 %cl_4_24[11.2,] 
BB 12
	outgoing: 13 14 22 
	datadep: 
	instructions:
		 0: 
		 1: %self->translation_missing_warnings def_%cl_4_25 %self[2.0,] 	 SYMBOL:	 ARGS:
		 2: 
		 3: %self->current_user_atom_tag def_%cl_4_26 %self[12.1,2.0,] 	 SYMBOL:	 ARGS:
		 4: 
		 5: def_%cl_4_27 %cl_4_0[2.1,] 
		 6: 
		 7: %self->csrf_meta_tag def_%cl_4_28 %self[12.1,12.3,2.0,] 	 SYMBOL:	 ARGS:
		 8: 
		 9: HASH-camel_case- def_%cl_4_29 
		 10: %self->include_gon def_%cl_4_30 %self[12.1,12.3,12.7,2.0,] %cl_4_29[12.9,] 	 SYMBOL:	 ARGS:%cl_4_29,
		 11: 
		 12: def_%cl_4_31 %cl_4_0[2.1,] 
		 13: 
		 14: %self->content_for def_%cl_4_32 %self[12.1,12.3,12.7,12.10,2.0,] %self[12.1,12.3,12.7,12.10,2.0,] 	 SYMBOL:head,	 ARGS:Symbol,%self,
CLOSURE BEGIN: %self[12.1,12.3,12.7,12.10,2.0,] 
BB 1
	outgoing: 11 2 
	datadep: 
	instructions:
BB 2
	outgoing: 3 
	datadep: 
	instructions:
		 0: def_%self 
		 1: def_%cl_5_0 
		 2: COPY TYPE_CurrentScope def_%current_scope 
		 3: COPY TYPE_ScopeModule def_%current_module 
BB 3
	outgoing: 4 5 9 
	datadep: 
	instructions:
		 0: 
		 1: %self->user_signed_in? def_%cl_5_3 %self[2.0,] 	 SYMBOL:	 ARGS:
		 2: BRANCH %cl_5_3[3.1,] 
BB 4
	outgoing: 5 9 
	datadep: 
	instructions:
		 0: GETFIELD %self->person def_%cl_5_4 %self[2.0,] 
		 1: %self->current_user def_%cl_5_5 %self[2.0,] 	 SYMBOL:	 ARGS:
		 2: %cl_5_5->person def_%cl_5_6 %cl_5_5[4.1,] 	 SYMBOL:	 ARGS:
		 3: %cl_5_4->!= def_%cl_5_7 %cl_5_4[4.0,] %cl_5_6[4.2,] 	 SYMBOL:	 ARGS:%cl_5_6,
		 4: COPY TYPE_PASS def_%cl_5_3 %cl_5_7[4.3,] 
BB 5
	outgoing: 6 7 
	datadep: 
	instructions:
		 0: BRANCH %cl_5_3[4.4,3.1,] 
BB 6
	outgoing: 8 
	datadep: 
	instructions:
		 0: COPY TYPE_Nil def_%cl_5_8 
		 1: 
BB 7
	outgoing: 8 
	datadep: 
	instructions:
		 0: COPY TYPE_Nil def_%cl_5_8 
BB 8
	outgoing: 11 
	datadep: 
	instructions:
		 0: RETURN %self[2.0,] 
BB 9
	outgoing: 11 
	datadep: 
	instructions:
		 0: def_%cl_5_9 
		 1: def_%cl_5_10 %cl_5_9[9.0,] 
		 2: RETURN %cl_5_10[9.1,] %self[2.0,] 
BB 11
	outgoing: 
	datadep: 
	instructions:
CLOSURE END: 
		 15: 
		 16: %self->content_for def_%cl_4_33 %self[12.1,12.3,12.7,12.10,12.14,2.0,] %self[12.1,12.3,12.7,12.10,12.14,2.0,] 	 SYMBOL:page_title,	 ARGS:Symbol,%self,
CLOSURE BEGIN: %self[12.1,12.3,12.7,12.10,12.14,2.0,] 
BB 1
	outgoing: 6 2 
	datadep: 
	instructions:
BB 2
	outgoing: 3 
	datadep: 
	instructions:
		 0: def_%self 
		 1: def_%cl_6_0 
		 2: COPY TYPE_CurrentScope def_%current_scope 
		 3: COPY TYPE_ScopeModule def_%current_module 
BB 3
	outgoing: 4 6 
	datadep: 
	instructions:
		 0: 
		 1: GETFIELD %self->person def_%cl_6_3 %self[2.0,] 
		 2: %cl_6_3->name def_%cl_6_4 %cl_6_3[3.1,] 	 SYMBOL:	 ARGS:
		 3: RETURN %cl_6_4[3.2,] %self[2.0,] 
BB 4
	outgoing: 6 
	datadep: 
	instructions:
		 0: def_%cl_6_5 
		 1: def_%cl_6_6 %cl_6_5[4.0,] 
		 2: RETURN %cl_6_6[4.1,] %self[2.0,] 
BB 6
	outgoing: 
	datadep: 
	instructions:
CLOSURE END: 
		 17: 
		 18: GETFIELD %self->hashes def_%cl_4_34 %self[12.1,12.3,12.7,12.10,12.14,12.16,2.0,] 
		 19: %cl_4_34->each def_%cl_4_35 %cl_4_34[12.18,] %self[12.1,12.3,12.7,12.10,12.14,12.16,2.0,] 	 SYMBOL:	 ARGS:%cl_4_34,
CLOSURE BEGIN: %self[12.1,12.3,12.7,12.10,12.14,12.16,2.0,] 
BB 1
	outgoing: 6 2 
	datadep: 
	instructions:
BB 2
	outgoing: 3 
	datadep: 
	instructions:
		 0: def_%self 
		 1: def_%cl_7_0 
		 2: RECEIVEARG def_hash 
		 3: COPY TYPE_CurrentScope def_%current_scope 
		 4: COPY TYPE_ScopeModule def_%current_module 
BB 3
	outgoing: 4 6 
	datadep: 
	instructions:
		 0: 
		 1: %self->person def_%cl_7_3 %self[2.0,] 	 SYMBOL:	 ARGS:
		 2: %cl_7_3->id def_%cl_7_4 %cl_7_3[3.1,] 	 SYMBOL:	 ARGS:
		 3: 
		 4: %self->person def_%cl_7_5 %self[3.1,2.0,] 	 SYMBOL:	 ARGS:
		 5: COPY TYPE_StringLiteral "media-object" def_%cl_7_6 
		 6: HASH-size-class- def_%cl_7_7 %cl_7_6[3.5,] 
		 7: %self->person_image_link def_%cl_7_8 %self[3.1,3.4,2.0,] %cl_7_5[3.4,] %cl_7_7[3.6,] 	 SYMBOL:	 ARGS:%cl_7_5,%cl_7_7,
		 8: 
		 9: %self->person def_%cl_7_9 %self[3.1,3.4,3.7,2.0,] 	 SYMBOL:	 ARGS:
		 10: HASH-size- def_%cl_7_10 
		 11: %self->person_link def_%cl_7_11 %self[3.1,3.4,3.7,3.9,2.0,] %cl_7_9[3.9,] %cl_7_10[3.10,] 	 SYMBOL:	 ARGS:%cl_7_9,%cl_7_10,
		 12: 
		 13: %self->person def_%cl_7_12 %self[3.1,3.4,3.7,3.9,3.11,2.0,] 	 SYMBOL:	 ARGS:
		 14: %cl_7_12->diaspora_handle def_%cl_7_13 %cl_7_12[3.13,] 	 SYMBOL:	 ARGS:
		 15: %self->person def_%cl_7_14 %self[3.1,3.4,3.7,3.9,3.11,3.13,2.0,] 	 SYMBOL:	 ARGS:
		 16: %self->local_or_remote_person_path def_%cl_7_15 %self[3.1,3.4,3.7,3.9,3.11,3.13,3.15,2.0,] %cl_7_14[3.15,] 	 SYMBOL:	 ARGS:%cl_7_14,
		 17: COPY TYPE_StringLiteral "black" def_%cl_7_16 
		 18: HASH-class- def_%cl_7_17 %cl_7_16[3.17,] 
		 19: %self->link_to def_%cl_7_18 %self[3.1,3.4,3.7,3.9,3.11,3.13,3.15,3.16,2.0,] %cl_7_13[3.14,] %cl_7_15[3.16,] %cl_7_17[3.18,] 	 SYMBOL:	 ARGS:%cl_7_13,%cl_7_15,%cl_7_17,
		 20: RETURN %cl_7_18[3.19,] %self[3.1,3.4,3.7,3.9,3.11,3.13,3.15,3.16,3.19,2.0,] 
BB 4
	outgoing: 6 
	datadep: 
	instructions:
		 0: def_%cl_7_19 
		 1: def_%cl_7_20 %cl_7_19[4.0,] 
		 2: RETURN %cl_7_20[4.1,] %self[2.0,] 
BB 6
	outgoing: 
	datadep: 
	instructions:
CLOSURE END: 
		 20: 
		 21: GETFIELD %self->contacts_of_contact def_%cl_4_36 %self[12.1,12.3,12.7,12.10,12.14,12.16,2.0,] 
		 22: (WillPaginate) def_%cl_4_37 
		 23: (inherit ActionView) def_%cl_4_38 %cl_4_37[12.22,] 
		 24: %cl_4_38[12.23,] 
BB 13
	outgoing: 14 22 
	datadep: 
	instructions:
		 0: %cl_4_37->const_missing def_%cl_4_38 %cl_4_37[12.22,] 	 SYMBOL:ActionView,	 ARGS:Symbol,
BB 14
	outgoing: 15 16 22 
	datadep: 
	instructions:
		 0: (inherit BootstrapLinkRenderer) def_%cl_4_39 %cl_4_38[13.0,12.23,] 
		 1: %cl_4_39[14.0,] 
BB 15
	outgoing: 16 22 
	datadep: 
	instructions:
		 0: %cl_4_38->const_missing def_%cl_4_39 %cl_4_38[13.0,12.23,] 	 SYMBOL:BootstrapLinkRenderer,	 ARGS:Symbol,
BB 16
	outgoing: 17 18 22 
	datadep: 
	instructions:
		 0: HASH-renderer- def_%cl_4_40 %cl_4_39[15.0,14.0,] 
		 1: %self->will_paginate def_%cl_4_41 %self[2.0,] %cl_4_36[12.21,] %cl_4_40[16.0,] 	 SYMBOL:	 ARGS:%cl_4_36,%cl_4_40,
		 2: 
		 3: %self->user_signed_in? def_%cl_4_42 %self[16.1,2.0,] 	 SYMBOL:	 ARGS:
		 4: BRANCH %cl_4_42[16.3,] 
BB 17
	outgoing: 18 
	datadep: 
	instructions:
		 0: GETFIELD %self->person def_%cl_4_43 %self[2.0,] 
		 1: COPY TYPE_PASS def_%cl_4_42 %cl_4_43[17.0,] 
BB 18
	outgoing: 19 20 
	datadep: 
	instructions:
		 0: BRANCH %cl_4_42[17.1,16.3,] 
BB 19
	outgoing: 21 22 
	datadep: 
	instructions:
		 0: 
		 1: %self->title def_%cl_4_44 %self[2.0,] 	 SYMBOL:	 ARGS:
		 2: 
BB 20
	outgoing: 21 
	datadep: 
	instructions:
		 0: COPY TYPE_Nil def_%cl_4_44 
BB 21
	outgoing: 22 24 
	datadep: 
	instructions:
		 0: 
		 1: def_%cl_4_45 %cl_4_0[2.1,] 
		 2: 
		 3: %self->include_chartbeat def_%cl_4_46 %self[2.0,] 	 SYMBOL:	 ARGS:
		 4: 
		 5: %self->include_mixpanel_guid def_%cl_4_47 %self[21.3,2.0,] 	 SYMBOL:	 ARGS:
		 6: 
		 7: %self->flash_messages def_%cl_4_48 %self[21.3,21.5,2.0,] 	 SYMBOL:	 ARGS:
		 8: RETURN %cl_4_48[21.7,] %self[21.3,21.5,21.7,2.0,] 
BB 22
	outgoing: 24 
	datadep: 
	instructions:
		 0: def_%cl_4_49 
		 1: def_%cl_4_50 %cl_4_49[22.0,] 
		 2: RETURN %cl_4_50[22.1,] %self[2.0,] 
BB 24
	outgoing: 
	datadep: 
	instructions:
CLOSURE END: 
		 10: RETURN %v_5[2.9,] %self[2.0,2.6,2.8,] 
BB 3
	outgoing: 
	datadep: 
	instructions:

SET IRMethod, name = aspect_membership_dropdown instanceMethod = true
BB 1
	outgoing: 13 2 
	datadep: 
	instructions:
BB 2
	outgoing: 3 4 
	datadep: 
	instructions:
		 0: def_%self 
		 1: def_%v_0 
		 2: COPY TYPE_CurrentScope def_%current_scope 
		 3: COPY TYPE_ScopeModule def_%current_module 
		 4: 
		 5: 
		 6: (Person) def_%v_3 
		 7: %self->params def_%v_4 %self[2.0,] 	 SYMBOL:	 ARGS:
		 8: %v_4->[] def_%v_5 %v_4[2.7,] 	 SYMBOL:person_id,	 ARGS:Symbol,
		 9: %v_3->find_by_guid def_%v_6 %v_3[2.6,] %v_5[2.8,] 	 SYMBOL:	 ARGS:%v_5,
		 10: ATTRASSIGN %self->person %v_6[2.9,] 
		 11: 
		 12: GETFIELD %self->person def_%v_7 %self[2.0,2.7,2.10,] 
		 13: %self->current_user def_%v_8 %self[2.0,2.7,2.10,] 	 SYMBOL:	 ARGS:
		 14: %v_8->person def_%v_9 %v_8[2.13,] 	 SYMBOL:	 ARGS:
		 15: %v_7->== def_%v_10 %v_7[2.12,] %v_9[2.14,] 	 SYMBOL:	 ARGS:%v_9,
		 16: BRANCH %v_10[2.15,] 
BB 3
	outgoing: 13 
	datadep: 
	instructions:
		 0: (I18n) def_%v_11 
		 1: COPY TYPE_StringLiteral "people.person.thats_you" def_%v_12 
		 2: %v_11->t def_%v_13 %v_11[3.0,] %v_12[3.1,] 	 SYMBOL:	 ARGS:%v_12,
		 3: HASH-text- def_%v_14 %v_13[3.2,] 
		 4: %self->render def_%v_15 %self[2.0,2.10,] %v_14[3.3,] 	 SYMBOL:	 ARGS:%v_14,
		 5: RETURN %v_15[3.4,] %self[3.4,2.0,2.10,] 
BB 4
	outgoing: 6 7 
	datadep: 
	instructions:
		 0: COPY TYPE_Nil def_%v_16 
		 1: 
		 2: %self->current_user def_%v_17 %self[2.0,2.10,] 	 SYMBOL:	 ARGS:
		 3: GETFIELD %self->person def_%v_18 %self[4.2,2.0,2.10,] 
		 4: %v_17->contact_for def_%v_19 %v_17[4.2,] %v_18[4.3,] 	 SYMBOL:	 ARGS:%v_18,
		 5: BRANCH %v_19[4.4,] 
BB 6
	outgoing: 7 
	datadep: 
	instructions:
		 0: (Contact) def_%v_20 
		 1: %v_20->new def_%v_21 %v_20[6.0,] 	 SYMBOL:	 ARGS:
		 2: COPY TYPE_PASS def_%v_19 %v_21[6.1,] 
BB 7
	outgoing: 8 9 
	datadep: 
	instructions:
		 0: ATTRASSIGN %self->contact %v_19[6.2,4.4,] 
		 1: 
		 2: %self->params def_%v_22 %self[7.0,2.0,2.10,] 	 SYMBOL:	 ARGS:
		 3: %v_22->[] def_%v_23 %v_22[7.2,] 	 SYMBOL:create,	 ARGS:Symbol,
		 4: BRANCH %v_23[7.3,] 
BB 8
	outgoing: 10 
	datadep: 
	instructions:
		 0: ATTRASSIGN %self->aspect 
		 1: COPY TYPE_Symbol def_%v_24 
		 2: 
BB 9
	outgoing: 10 
	datadep: 
	instructions:
		 0: COPY TYPE_Nil def_%v_24 
BB 10
	outgoing: 11 12 
	datadep: 
	instructions:
		 0: 
		 1: %self->params def_%v_25 %self[8.0,7.0,2.0,2.10,] 	 SYMBOL:	 ARGS:
		 2: %v_25->[] def_%v_26 %v_25[10.1,] 	 SYMBOL:size,	 ARGS:Symbol,
		 3: BRANCH %v_26[10.2,] 
BB 11
	outgoing: 12 
	datadep: 
	instructions:
		 0: COPY TYPE_StringLiteral "small" def_%v_27 
		 1: COPY TYPE_PASS def_%v_26 %v_27[11.0,] 
BB 12
	outgoing: 13 
	datadep: 
	instructions:
		 0: COPY TYPE_PASS def_size %v_26[11.1,10.2,] 
		 1: 
		 2: %self->ruby_code_from_view def_%v_28 %self[8.0,7.0,2.0,2.10,] 	 SYMBOL:	 ARGS:
		 3: %v_28->ruby_code_from_view def_%v_29 %v_28[12.2,] %self[12.2,8.0,7.0,2.0,2.10,] 	 SYMBOL:	 ARGS:%v_28,
CLOSURE BEGIN: %self[12.2,8.0,7.0,2.0,2.10,] size[12.0,] 
BB 1
	outgoing: 15 2 
	datadep: 
	instructions:
BB 2
	outgoing: 3 
	datadep: 
	instructions:
		 0: def_%self 
		 1: def_%cl_1_0 
		 2: RECEIVEARG def_rb_from_view 
		 3: COPY TYPE_CurrentScope def_%current_scope 
		 4: COPY TYPE_ScopeModule def_%current_module 
BB 3
	outgoing: 4 5 13 
	datadep: 
	instructions:
		 0: 
		 1: %self->og_prefix def_%cl_1_3 %self[2.0,] 	 SYMBOL:	 ARGS:
		 2: 
		 3: def_%cl_1_4 %cl_1_0[2.1,] 
		 4: %self->page_title def_%cl_1_5 %self[3.1,2.0,] %cl_1_4[3.3,] 	 SYMBOL:	 ARGS:%cl_1_4,
		 5: 
		 6: GETFIELD %self->post def_%cl_1_6 %self[3.1,3.4,2.0,] 
		 7: %cl_1_6->present? def_%cl_1_7 %cl_1_6[3.6,] 	 SYMBOL:	 ARGS:
		 8: BRANCH %cl_1_7[3.7,] 
BB 4
	outgoing: 6 13 
	datadep: 
	instructions:
		 0: 
		 1: GETFIELD %self->post def_%cl_1_8 %self[2.0,] 
		 2: %self->og_page_post_tags def_%cl_1_9 %self[2.0,] %cl_1_8[4.1,] 	 SYMBOL:	 ARGS:%cl_1_8,
		 3: 
BB 5
	outgoing: 6 13 
	datadep: 
	instructions:
		 0: 
		 1: %self->og_general_tags def_%cl_1_10 %self[2.0,] 	 SYMBOL:	 ARGS:
		 2: COPY TYPE_PASS def_%cl_1_9 %cl_1_10[5.1,] 
BB 6
	outgoing: 7 8 13 
	datadep: 
	instructions:
		 0: 
		 1: %self->chartbeat_head_block def_%cl_1_11 %self[2.0,] 	 SYMBOL:	 ARGS:
		 2: 
		 3: %self->include_mixpanel def_%cl_1_12 %self[6.1,2.0,] 	 SYMBOL:	 ARGS:
		 4: 
		 5: %self->include_color_theme def_%cl_1_13 %self[6.1,6.3,2.0,] 	 SYMBOL:	 ARGS:
		 6: 
		 7: %self->rtl? def_%cl_1_14 %self[6.1,6.3,6.5,2.0,] 	 SYMBOL:	 ARGS:
		 8: BRANCH %cl_1_14[6.7,] 
BB 7
	outgoing: 9 13 
	datadep: 
	instructions:
		 0: 
		 1: COPY TYPE_StringLiteral "all" def_%cl_1_15 
		 2: HASH-media- def_%cl_1_16 %cl_1_15[7.1,] 
		 3: %self->stylesheet_link_tag def_%cl_1_17 %self[2.0,] %cl_1_16[7.2,] 	 SYMBOL:rtl,	 ARGS:Symbol,%cl_1_16,
		 4: 
BB 8
	outgoing: 9 
	datadep: 
	instructions:
		 0: COPY TYPE_Nil def_%cl_1_17 
BB 9
	outgoing: 10 11 13 
	datadep: 
	instructions:
		 0: 
		 1: %self->old_browser_js_support def_%cl_1_18 %self[2.0,] 	 SYMBOL:	 ARGS:
		 2: 
		 3: %self->javascript_include_tag def_%cl_1_19 %self[9.1,2.0,] 	 SYMBOL:ie,	 ARGS:Symbol,
		 4: 
		 5: %self->jquery_include_tag def_%cl_1_20 %self[9.1,9.3,2.0,] 	 SYMBOL:	 ARGS:
		 6: 
		 7: 
		 8: GETFIELD %self->landing_page def_%cl_1_21 %self[9.1,9.3,9.5,2.0,] 
		 9: BRANCH %cl_1_21[9.8,] 
BB 10
	outgoing: 12 
	datadep: 
	instructions:
		 0: COPY TYPE_Nil def_%cl_1_22 
		 1: 
BB 11
	outgoing: 12 13 
	datadep: 
	instructions:
		 0: %self->javascript_include_tag def_%cl_1_23 %self[2.0,] 	 SYMBOL:main,templates,	 ARGS:Symbol,Symbol,
		 1: 
		 2: %self->load_javascript_locales def_%cl_1_24 %self[11.0,2.0,] 	 SYMBOL:	 ARGS:
		 3: COPY TYPE_PASS def_%cl_1_22 %cl_1_24[11.2,] 
BB 12
	outgoing: 13 15 
	datadep: 
	instructions:
		 0: 
		 1: %self->translation_missing_warnings def_%cl_1_25 %self[2.0,] 	 SYMBOL:	 ARGS:
		 2: 
		 3: %self->current_user_atom_tag def_%cl_1_26 %self[12.1,2.0,] 	 SYMBOL:	 ARGS:
		 4: 
		 5: def_%cl_1_27 %cl_1_0[2.1,] 
		 6: 
		 7: %self->csrf_meta_tag def_%cl_1_28 %self[12.1,12.3,2.0,] 	 SYMBOL:	 ARGS:
		 8: 
		 9: HASH-camel_case- def_%cl_1_29 
		 10: %self->include_gon def_%cl_1_30 %self[12.1,12.3,12.7,2.0,] %cl_1_29[12.9,] 	 SYMBOL:	 ARGS:%cl_1_29,
		 11: 
		 12: def_%cl_1_31 %cl_1_0[2.1,] 
		 13: 
		 14: GETFIELD %self->contact def_%cl_1_32 %self[12.1,12.3,12.7,12.10,2.0,] 
		 15: GETFIELD %self->person def_%cl_1_33 %self[12.1,12.3,12.7,12.10,2.0,] 
		 16: COPY TYPE_StringLiteral "right" def_%cl_1_34 
		 17: %self->aspect_membership_dropdown def_%cl_1_35 %self[12.1,12.3,12.7,12.10,2.0,] %cl_1_32[12.14,] %cl_1_33[12.15,] %cl_1_34[12.16,] size[] 	 SYMBOL:	 ARGS:%cl_1_32,%cl_1_33,%cl_1_34,Nil,size,
		 18: 
		 19: def_%cl_1_36 %cl_1_0[2.1,] 
		 20: 
		 21: %self->include_chartbeat def_%cl_1_37 %self[12.1,12.3,12.7,12.10,12.17,2.0,] 	 SYMBOL:	 ARGS:
		 22: 
		 23: %self->include_mixpanel_guid def_%cl_1_38 %self[12.1,12.3,12.7,12.10,12.17,12.21,2.0,] 	 SYMBOL:	 ARGS:
		 24: 
		 25: %self->flash_messages def_%cl_1_39 %self[12.1,12.3,12.7,12.10,12.17,12.21,12.23,2.0,] 	 SYMBOL:	 ARGS:
		 26: RETURN %cl_1_39[12.25,] %self[12.1,12.3,12.7,12.10,12.17,12.21,12.23,12.25,2.0,] 
BB 13
	outgoing: 15 
	datadep: 
	instructions:
		 0: def_%cl_1_40 
		 1: def_%cl_1_41 %cl_1_40[13.0,] 
		 2: RETURN %cl_1_41[13.1,] %self[2.0,] 
BB 15
	outgoing: 
	datadep: 
	instructions:
CLOSURE END: 
		 4: RETURN %v_29[12.3,] %self[12.2,8.0,7.0,2.0,2.10,] 
BB 13
	outgoing: 
	datadep: 
	instructions:

SET IRMethod, name = find_person instanceMethod = true
BB 1
	outgoing: 21 2 
	datadep: 
	instructions:
BB 2
	outgoing: 3 4 
	datadep: 
	instructions:
		 0: def_%self 
		 1: def_%v_0 
		 2: COPY TYPE_CurrentScope def_%current_scope 
		 3: COPY TYPE_ScopeModule def_%current_module 
		 4: 
		 5: 
		 6: %self->params def_%v_3 %self[2.0,] 	 SYMBOL:	 ARGS:
		 7: %v_3->[] def_%v_4 %v_3[2.6,] 	 SYMBOL:username,	 ARGS:Symbol,
		 8: COPY TYPE_PASS def_username %v_4[2.7,] 
		 9: 
		 10: %self->diaspora_id? def_%v_5 %self[2.0,2.6,] %v_4[2.7,] 	 SYMBOL:	 ARGS:username,
		 11: BRANCH %v_5[2.10,] 
BB 3
	outgoing: 7 
	datadep: 
	instructions:
		 0: 
		 1: (Person) def_%v_6 
		 2: username->downcase def_%v_7 username[2.8,] 	 SYMBOL:	 ARGS:
		 3: HASH-diaspora_handle- def_%v_8 %v_7[3.2,] 
		 4: %v_6->where def_%v_9 %v_6[3.1,] %v_8[3.3,] 	 SYMBOL:	 ARGS:%v_8,
		 5: %v_9->first def_%v_10 %v_9[3.4,] 	 SYMBOL:	 ARGS:
		 6: 
BB 4
	outgoing: 5 6 
	datadep: 
	instructions:
		 0: 
		 1: (Person) def_%v_11 
		 2: %self->params def_%v_12 %self[2.0,] 	 SYMBOL:	 ARGS:
		 3: %v_12->[] def_%v_13 %v_12[4.2,] 	 SYMBOL:id,	 ARGS:Symbol,
		 4: BRANCH %v_13[4.3,] 
BB 5
	outgoing: 6 
	datadep: 
	instructions:
		 0: %self->params def_%v_14 %self[2.0,] 	 SYMBOL:	 ARGS:
		 1: %v_14->[] def_%v_15 %v_14[5.0,] 	 SYMBOL:person_id,	 ARGS:Symbol,
		 2: COPY TYPE_PASS def_%v_13 %v_15[5.1,] 
BB 6
	outgoing: 7 
	datadep: 
	instructions:
		 0: HASH-id-username- def_%v_16 %v_13[5.2,4.3,] username[2.8,] 
		 1: %v_11->find_from_guid_or_username def_%v_17 %v_11[4.1,] %v_16[6.0,] 	 SYMBOL:	 ARGS:%v_16,
		 2: COPY TYPE_PASS def_%v_10 %v_17[6.1,] 
BB 7
	outgoing: 8 9 
	datadep: 
	instructions:
		 0: ATTRASSIGN %self->person %v_10[6.2,3.5,] 
		 1: 
		 2: %self->remote_profile_with_no_user_session? def_%v_18 %self[7.0,2.0,] 	 SYMBOL:	 ARGS:
		 3: BRANCH %v_18[7.2,] 
BB 8
	outgoing: 10 
	datadep: 
	instructions:
		 0: %self->authenticate_user! def_%v_19 %self[7.0,2.0,] 	 SYMBOL:	 ARGS:
		 1: 
BB 9
	outgoing: 10 
	datadep: 
	instructions:
		 0: COPY TYPE_Nil def_%v_19 
BB 10
	outgoing: 11 14 
	datadep: 
	instructions:
		 0: 
		 1: GETFIELD %self->person def_%v_20 %self[7.0,2.0,] 
		 2: %v_20->nil? def_%v_21 %v_20[10.1,] 	 SYMBOL:	 ARGS:
		 3: BRANCH %v_21[10.2,] 
BB 11
	outgoing: 12 13 
	datadep: 
	instructions:
		 0: (ActiveRecord) def_%v_22 
		 1: (inherit RecordNotFound) def_%v_23 %v_22[11.0,] 
		 2: %v_23[11.1,] 
BB 12
	outgoing: 13 
	datadep: 
	instructions:
		 0: %v_22->const_missing def_%v_23 %v_22[11.0,] 	 SYMBOL:RecordNotFound,	 ARGS:Symbol,
BB 13
	outgoing: 15 
	datadep: 
	instructions:
		 0: %self->raise def_%v_24 %self[7.0,2.0,] %v_23[12.0,11.1,] 	 SYMBOL:	 ARGS:%v_23,
		 1: 
BB 14
	outgoing: 15 
	datadep: 
	instructions:
		 0: COPY TYPE_Nil def_%v_24 
BB 15
	outgoing: 16 19 
	datadep: 
	instructions:
		 0: 
		 1: GETFIELD %self->person def_%v_25 %self[7.0,2.0,] 
		 2: %v_25->closed_account? def_%v_26 %v_25[15.1,] 	 SYMBOL:	 ARGS:
		 3: BRANCH %v_26[15.2,] 
BB 16
	outgoing: 17 18 
	datadep: 
	instructions:
		 0: (Diaspora) def_%v_27 
		 1: (inherit AccountClosed) def_%v_28 %v_27[16.0,] 
		 2: %v_28[16.1,] 
BB 17
	outgoing: 18 
	datadep: 
	instructions:
		 0: %v_27->const_missing def_%v_28 %v_27[16.0,] 	 SYMBOL:AccountClosed,	 ARGS:Symbol,
BB 18
	outgoing: 21 
	datadep: 
	instructions:
		 0: %self->raise def_%v_29 %self[7.0,2.0,] %v_28[17.0,16.1,] 	 SYMBOL:	 ARGS:%v_28,
		 1: RETURN %v_29[18.0,] %self[18.0,7.0,2.0,] 
BB 19
	outgoing: 21 
	datadep: 
	instructions:
		 0: RETURN %self[7.0,2.0,] 
BB 21
	outgoing: 
	datadep: 
	instructions:

SET IRMethod, name = hashes_for_people instanceMethod = true
BB 1
	outgoing: 3 2 
	datadep: 
	instructions:
BB 2
	outgoing: 3 
	datadep: 
	instructions:
		 0: def_%self 
		 1: def_%v_0 
		 2: COPY TYPE_CurrentScope def_%current_scope 
		 3: COPY TYPE_ScopeModule def_%current_module 
		 4: 
		 5: RECEIVEARG def_people 
		 6: RECEIVEARG def_aspects 
		 7: 
		 8: people->map def_%v_3 people[2.5,] %self[2.0,] 	 SYMBOL:	 ARGS:people,
CLOSURE BEGIN: p[] 
BB 1
	outgoing: 6 2 
	datadep: 
	instructions:
BB 2
	outgoing: 3 
	datadep: 
	instructions:
		 0: def_%self 
		 1: def_%cl_1_0 
		 2: RECEIVEARG def_p 
		 3: COPY TYPE_CurrentScope def_%current_scope 
		 4: COPY TYPE_ScopeModule def_%current_module 
BB 3
	outgoing: 4 6 
	datadep: 
	instructions:
		 0: 
		 1: p->id def_%cl_1_3 p[2.2,] 	 SYMBOL:	 ARGS:
		 2: RETURN %cl_1_3[3.1,] %self[2.0,] 
BB 4
	outgoing: 6 
	datadep: 
	instructions:
		 0: def_%cl_1_4 
		 1: def_%cl_1_5 %cl_1_4[4.0,] 
		 2: RETURN %cl_1_5[4.1,] %self[2.0,] 
BB 6
	outgoing: 
	datadep: 
	instructions:
CLOSURE END: 
		 9: COPY TYPE_PASS def_ids %v_3[2.8,] 
		 10: 
		 11: HASH- def_%v_4 
		 12: COPY TYPE_PASS def_contacts %v_4[2.11,] 
		 13: 
		 14: (Contact) def_%v_5 
		 15: %v_5->unscoped def_%v_6 %v_5[2.14,] 	 SYMBOL:	 ARGS:
		 16: %self->current_user def_%v_7 %self[2.0,] 	 SYMBOL:	 ARGS:
		 17: %v_7->id def_%v_8 %v_7[2.16,] 	 SYMBOL:	 ARGS:
		 18: HASH-user_id-person_id- def_%v_9 %v_8[2.17,] ids[2.9,] 
		 19: %v_6->where def_%v_10 %v_6[2.15,] %v_9[2.18,] 	 SYMBOL:	 ARGS:%v_9,
		 20: %v_10->each def_%v_11 %v_10[2.19,] %self[2.0,2.16,] 	 SYMBOL:	 ARGS:%v_10,
CLOSURE BEGIN: contact[] contacts[2.12,] 
BB 1
	outgoing: 6 2 
	datadep: 
	instructions:
BB 2
	outgoing: 3 
	datadep: 
	instructions:
		 0: def_%self 
		 1: def_%cl_2_0 
		 2: RECEIVEARG def_contact 
		 3: COPY TYPE_CurrentScope def_%current_scope 
		 4: COPY TYPE_ScopeModule def_%current_module 
BB 3
	outgoing: 4 6 
	datadep: 
	instructions:
		 0: 
		 1: contact->person_id def_%cl_2_3 contact[2.2,] 	 SYMBOL:	 ARGS:
		 2: ATTRASSIGN contacts->[] %cl_2_3[3.1,] contact[3.1,2.2,] 
		 3: RETURN contact[3.1,2.2,] %self[2.0,] 
BB 4
	outgoing: 6 
	datadep: 
	instructions:
		 0: def_%cl_2_4 
		 1: def_%cl_2_5 %cl_2_4[4.0,] 
		 2: RETURN %cl_2_5[4.1,] %self[2.0,] 
BB 6
	outgoing: 
	datadep: 
	instructions:
CLOSURE END: 
		 21: 
		 22: people->map def_%v_12 people[2.5,2.8,] %self[2.0,2.16,] 	 SYMBOL:	 ARGS:people,
CLOSURE BEGIN: p[2.8,] contacts[2.12,] aspects[2.6,] 
BB 1
	outgoing: 6 2 
	datadep: 
	instructions:
BB 2
	outgoing: 3 
	datadep: 
	instructions:
		 0: def_%self 
		 1: def_%cl_3_0 
		 2: RECEIVEARG def_p 
		 3: COPY TYPE_CurrentScope def_%current_scope 
		 4: COPY TYPE_ScopeModule def_%current_module 
BB 3
	outgoing: 4 6 
	datadep: 
	instructions:
		 0: 
		 1: p->id def_%cl_3_3 p[2.2,] 	 SYMBOL:	 ARGS:
		 2: contacts->[] def_%cl_3_4 contacts[] %cl_3_3[3.1,] 	 SYMBOL:	 ARGS:%cl_3_3,
		 3: HASH-person-contact-aspects- def_%cl_3_5 p[3.1,2.2,] %cl_3_4[3.2,] aspects[] 
		 4: RETURN %cl_3_5[3.3,] %self[2.0,] 
BB 4
	outgoing: 6 
	datadep: 
	instructions:
		 0: def_%cl_3_6 
		 1: def_%cl_3_7 %cl_3_6[4.0,] 
		 2: RETURN %cl_3_7[4.1,] %self[2.0,] 
BB 6
	outgoing: 
	datadep: 
	instructions:
CLOSURE END: 
		 23: RETURN %v_12[2.22,] %self[2.0,2.16,] 
BB 3
	outgoing: 
	datadep: 
	instructions:

SET IRMethod, name = search_query instanceMethod = true
BB 1
	outgoing: 11 2 
	datadep: 
	instructions:
BB 2
	outgoing: 3 4 
	datadep: 
	instructions:
		 0: def_%self 
		 1: def_%v_0 
		 2: COPY TYPE_CurrentScope def_%current_scope 
		 3: COPY TYPE_ScopeModule def_%current_module 
		 4: 
		 5: 
		 6: def_%v_4 %self[2.0,] 
		 7: COPY TYPE_PASS def_%v_3 %v_4[2.6,] 
		 8: %v_4[2.6,] 
BB 3
	outgoing: 4 
	datadep: 
	instructions:
		 0: GETFIELD %self->search_query def_%v_5 %self[2.0,] 
		 1: COPY TYPE_PASS def_%v_3 %v_5[3.0,] 
BB 4
	outgoing: 5 10 
	datadep: 
	instructions:
		 0: BRANCH %v_3[3.1,2.7,] 
BB 5
	outgoing: 6 7 
	datadep: 
	instructions:
		 0: %self->params def_%v_6 %self[2.0,] 	 SYMBOL:	 ARGS:
		 1: %v_6->[] def_%v_7 %v_6[5.0,] 	 SYMBOL:q,	 ARGS:Symbol,
		 2: BRANCH %v_7[5.1,] 
BB 6
	outgoing: 7 
	datadep: 
	instructions:
		 0: %self->params def_%v_8 %self[2.0,] 	 SYMBOL:	 ARGS:
		 1: %v_8->[] def_%v_9 %v_8[6.0,] 	 SYMBOL:term,	 ARGS:Symbol,
		 2: COPY TYPE_PASS def_%v_7 %v_9[6.1,] 
BB 7
	outgoing: 8 9 
	datadep: 
	instructions:
		 0: BRANCH %v_7[6.2,5.1,] 
BB 8
	outgoing: 9 
	datadep: 
	instructions:
		 0: COPY TYPE_StringLiteral "" def_%v_10 
		 1: COPY TYPE_PASS def_%v_7 %v_10[8.0,] 
BB 9
	outgoing: 11 
	datadep: 
	instructions:
		 0: ATTRASSIGN %self->search_query %v_7[8.1,6.2,5.1,] 
		 1: RETURN %v_7[8.1,6.2,5.1,] %self[9.0,2.0,] 
BB 10
	outgoing: 11 
	datadep: 
	instructions:
		 0: RETURN %v_5[3.0,] %self[2.0,] 
BB 11
	outgoing: 
	datadep: 
	instructions:

SET IRMethod, name = diaspora_id? instanceMethod = true
BB 1
	outgoing: 3 2 
	datadep: 
	instructions:
BB 2
	outgoing: 3 
	datadep: 
	instructions:
		 0: def_%self 
		 1: def_%v_0 
		 2: COPY TYPE_CurrentScope def_%current_scope 
		 3: COPY TYPE_ScopeModule def_%current_module 
		 4: 
		 5: RECEIVEARG def_query 
		 6: 
		 7: COPY TYPE_Regexp def_%v_3 
		 8: query->try def_%v_4 query[2.5,] 	 SYMBOL:match,	 ARGS:Symbol,%v_3,
		 9: %v_4->nil? def_%v_5 %v_4[2.8,] 	 SYMBOL:	 ARGS:
		 10: %v_5->! def_%v_6 %v_5[2.9,] 	 SYMBOL:	 ARGS:
		 11: RETURN %v_6[2.10,] %self[2.0,] 
BB 3
	outgoing: 
	datadep: 
	instructions:

SET IRMethod, name = remote_profile_with_no_user_session? instanceMethod = true
BB 1
	outgoing: 5 2 
	datadep: 
	instructions:
BB 2
	outgoing: 3 4 
	datadep: 
	instructions:
		 0: def_%self 
		 1: def_%v_0 
		 2: COPY TYPE_CurrentScope def_%current_scope 
		 3: COPY TYPE_ScopeModule def_%current_module 
		 4: 
		 5: 
		 6: GETFIELD %self->person def_%v_3 %self[2.0,] 
		 7: %v_3->try def_%v_4 %v_3[2.6,] 	 SYMBOL:remote?,	 ARGS:Symbol,
		 8: BRANCH %v_4[2.7,] 
BB 3
	outgoing: 5 
	datadep: 
	instructions:
		 0: %self->user_signed_in? def_%v_5 %self[2.0,] 	 SYMBOL:	 ARGS:
		 1: %v_5->! def_%v_6 %v_5[3.0,] 	 SYMBOL:	 ARGS:
		 2: RETURN %v_6[3.1,] %self[3.0,2.0,] 
BB 4
	outgoing: 5 
	datadep: 
	instructions:
		 0: RETURN %v_4[2.7,] %self[2.0,] 
BB 5
	outgoing: 
	datadep: 
	instructions:

SET IRMethod, name = mark_corresponding_notifications_read instanceMethod = true
BB 1
	outgoing: 3 2 
	datadep: 
	instructions:
BB 2
	outgoing: 3 
	datadep: 
	instructions:
		 0: def_%self 
		 1: def_%v_0 
		 2: COPY TYPE_CurrentScope def_%current_scope 
		 3: COPY TYPE_ScopeModule def_%current_module 
		 4: 
		 5: 
		 6: (Notification) def_%v_3 
		 7: %self->current_user def_%v_4 %self[2.0,] 	 SYMBOL:	 ARGS:
		 8: %v_4->id def_%v_5 %v_4[2.7,] 	 SYMBOL:	 ARGS:
		 9: COPY TYPE_StringLiteral "Person" def_%v_6 
		 10: GETFIELD %self->person def_%v_7 %self[2.0,2.7,] 
		 11: %v_7->id def_%v_8 %v_7[2.10,] 	 SYMBOL:	 ARGS:
		 12: HASH-recipient_id-target_type-target_id-unread- def_%v_9 %v_5[2.8,] %v_6[2.9,] %v_8[2.11,] 
		 13: %v_3->where def_%v_10 %v_3[2.6,] %v_9[2.12,] 	 SYMBOL:	 ARGS:%v_9,
		 14: %v_10->each def_%v_11 %v_10[2.13,] %self[2.0,2.7,] 	 SYMBOL:	 ARGS:%v_10,
CLOSURE BEGIN: n[] 
BB 1
	outgoing: 6 2 
	datadep: 
	instructions:
BB 2
	outgoing: 3 
	datadep: 
	instructions:
		 0: def_%self 
		 1: def_%cl_1_0 
		 2: RECEIVEARG def_n 
		 3: COPY TYPE_CurrentScope def_%current_scope 
		 4: COPY TYPE_ScopeModule def_%current_module 
BB 3
	outgoing: 4 6 
	datadep: 
	instructions:
		 0: 
		 1: n->set_read_state def_%cl_1_3 n[2.2,] 	 SYMBOL:	 ARGS:Boolean,
		 2: RETURN %cl_1_3[3.1,] %self[2.0,] 
BB 4
	outgoing: 6 
	datadep: 
	instructions:
		 0: def_%cl_1_4 
		 1: def_%cl_1_5 %cl_1_4[4.0,] 
		 2: RETURN %cl_1_5[4.1,] %self[2.0,] 
BB 6
	outgoing: 
	datadep: 
	instructions:
CLOSURE END: 
		 15: RETURN %v_11[2.14,] %self[2.0,2.7,] 
BB 3
	outgoing: 
	datadep: 
	instructions:

SET IRMethod, name = person_stream instanceMethod = true
BB 1
	outgoing: 9 2 
	datadep: 
	instructions:
BB 2
	outgoing: 3 4 
	datadep: 
	instructions:
		 0: def_%self 
		 1: def_%v_0 
		 2: COPY TYPE_CurrentScope def_%current_scope 
		 3: COPY TYPE_ScopeModule def_%current_module 
		 4: 
		 5: 
		 6: def_%v_4 %self[2.0,] 
		 7: COPY TYPE_PASS def_%v_3 %v_4[2.6,] 
		 8: %v_4[2.6,] 
BB 3
	outgoing: 4 
	datadep: 
	instructions:
		 0: GETFIELD %self->stream def_%v_5 %self[2.0,] 
		 1: COPY TYPE_PASS def_%v_3 %v_5[3.0,] 
BB 4
	outgoing: 5 8 
	datadep: 
	instructions:
		 0: BRANCH %v_3[3.1,2.7,] 
BB 5
	outgoing: 6 7 
	datadep: 
	instructions:
		 0: (Stream) def_%v_6 
		 1: (inherit Person) def_%v_7 %v_6[5.0,] 
		 2: %v_7[5.1,] 
BB 6
	outgoing: 7 
	datadep: 
	instructions:
		 0: %v_6->const_missing def_%v_7 %v_6[5.0,] 	 SYMBOL:Person,	 ARGS:Symbol,
BB 7
	outgoing: 9 
	datadep: 
	instructions:
		 0: %self->current_user def_%v_8 %self[2.0,] 	 SYMBOL:	 ARGS:
		 1: GETFIELD %self->person def_%v_9 %self[7.0,2.0,] 
		 2: %self->max_time def_%v_10 %self[7.0,2.0,] 	 SYMBOL:	 ARGS:
		 3: HASH-max_time- def_%v_11 %v_10[7.2,] 
		 4: %v_7->new def_%v_12 %v_7[6.0,5.1,] %v_8[7.0,] %v_9[7.1,] %v_11[7.3,] 	 SYMBOL:	 ARGS:%v_8,%v_9,%v_11,
		 5: ATTRASSIGN %self->stream %v_12[7.4,] 
		 6: RETURN %v_12[7.4,] %self[7.0,7.2,7.5,2.0,] 
BB 8
	outgoing: 9 
	datadep: 
	instructions:
		 0: RETURN %v_5[3.0,] %self[2.0,] 
BB 9
	outgoing: 
	datadep: 
	instructions:

