SET IRMethod, name = index instanceMethod = true
BB 1
	outgoing: 3 2 
	datadep: 
	instructions:
BB 2
	outgoing: 3 
	datadep: 
	instructions:
		 0: def_%self 
		 1: def_%v_0 
		 2: COPY TYPE_CurrentScope def_%current_scope 
		 3: COPY TYPE_ScopeModule def_%current_module 
		 4: 
		 5: 
		 6: (Report) def_%v_3 
		 7: HASH-reviewed- def_%v_4 
		 8: %v_3->where def_%v_5 %v_3[2.6,] %v_4[2.7,] 	 SYMBOL:	 ARGS:%v_4,
		 9: ATTRASSIGN %self->reports %v_5[2.8,] 
		 10: 
		 11: %self->ruby_code_from_view def_%v_6 %self[2.0,2.9,] 	 SYMBOL:	 ARGS:
		 12: %v_6->ruby_code_from_view def_%v_7 %v_6[2.11,] %self[2.0,2.9,2.11,] 	 SYMBOL:	 ARGS:%v_6,
CLOSURE BEGIN: %self[2.0,2.9,2.11,] report[] username[] 
BB 1
	outgoing: 18 2 
	datadep: 
	instructions:
BB 2
	outgoing: 3 
	datadep: 
	instructions:
		 0: def_%self 
		 1: def_%cl_1_0 
		 2: RECEIVEARG def_rb_from_view 
		 3: COPY TYPE_CurrentScope def_%current_scope 
		 4: COPY TYPE_ScopeModule def_%current_module 
BB 3
	outgoing: 4 5 16 
	datadep: 
	instructions:
		 0: 
		 1: %self->og_prefix def_%cl_1_3 %self[2.0,] 	 SYMBOL:	 ARGS:
		 2: 
		 3: def_%cl_1_4 %cl_1_0[2.1,] 
		 4: %self->page_title def_%cl_1_5 %self[3.1,2.0,] %cl_1_4[3.3,] 	 SYMBOL:	 ARGS:%cl_1_4,
		 5: 
		 6: GETFIELD %self->post def_%cl_1_6 %self[3.1,3.4,2.0,] 
		 7: %cl_1_6->present? def_%cl_1_7 %cl_1_6[3.6,] 	 SYMBOL:	 ARGS:
		 8: BRANCH %cl_1_7[3.7,] 
BB 4
	outgoing: 6 16 
	datadep: 
	instructions:
		 0: 
		 1: GETFIELD %self->post def_%cl_1_8 %self[2.0,] 
		 2: %self->og_page_post_tags def_%cl_1_9 %self[2.0,] %cl_1_8[4.1,] 	 SYMBOL:	 ARGS:%cl_1_8,
		 3: 
BB 5
	outgoing: 6 16 
	datadep: 
	instructions:
		 0: 
		 1: %self->og_general_tags def_%cl_1_10 %self[2.0,] 	 SYMBOL:	 ARGS:
		 2: COPY TYPE_PASS def_%cl_1_9 %cl_1_10[5.1,] 
BB 6
	outgoing: 7 8 16 
	datadep: 
	instructions:
		 0: 
		 1: %self->chartbeat_head_block def_%cl_1_11 %self[2.0,] 	 SYMBOL:	 ARGS:
		 2: 
		 3: %self->include_mixpanel def_%cl_1_12 %self[6.1,2.0,] 	 SYMBOL:	 ARGS:
		 4: 
		 5: %self->include_color_theme def_%cl_1_13 %self[6.1,6.3,2.0,] 	 SYMBOL:	 ARGS:
		 6: 
		 7: %self->rtl? def_%cl_1_14 %self[6.1,6.3,6.5,2.0,] 	 SYMBOL:	 ARGS:
		 8: BRANCH %cl_1_14[6.7,] 
BB 7
	outgoing: 9 16 
	datadep: 
	instructions:
		 0: 
		 1: COPY TYPE_StringLiteral "all" def_%cl_1_15 
		 2: HASH-media- def_%cl_1_16 %cl_1_15[7.1,] 
		 3: %self->stylesheet_link_tag def_%cl_1_17 %self[2.0,] %cl_1_16[7.2,] 	 SYMBOL:rtl,	 ARGS:Symbol,%cl_1_16,
		 4: 
BB 8
	outgoing: 9 
	datadep: 
	instructions:
		 0: COPY TYPE_Nil def_%cl_1_17 
BB 9
	outgoing: 10 11 16 
	datadep: 
	instructions:
		 0: 
		 1: %self->old_browser_js_support def_%cl_1_18 %self[2.0,] 	 SYMBOL:	 ARGS:
		 2: 
		 3: %self->javascript_include_tag def_%cl_1_19 %self[9.1,2.0,] 	 SYMBOL:ie,	 ARGS:Symbol,
		 4: 
		 5: %self->jquery_include_tag def_%cl_1_20 %self[9.1,9.3,2.0,] 	 SYMBOL:	 ARGS:
		 6: 
		 7: 
		 8: GETFIELD %self->landing_page def_%cl_1_21 %self[9.1,9.3,9.5,2.0,] 
		 9: BRANCH %cl_1_21[9.8,] 
BB 10
	outgoing: 12 
	datadep: 
	instructions:
		 0: COPY TYPE_Nil def_%cl_1_22 
		 1: 
BB 11
	outgoing: 12 16 
	datadep: 
	instructions:
		 0: %self->javascript_include_tag def_%cl_1_23 %self[2.0,] 	 SYMBOL:main,templates,	 ARGS:Symbol,Symbol,
		 1: 
		 2: %self->load_javascript_locales def_%cl_1_24 %self[11.0,2.0,] 	 SYMBOL:	 ARGS:
		 3: COPY TYPE_PASS def_%cl_1_22 %cl_1_24[11.2,] 
BB 12
	outgoing: 13 14 16 
	datadep: 
	instructions:
		 0: 
		 1: %self->translation_missing_warnings def_%cl_1_25 %self[2.0,] 	 SYMBOL:	 ARGS:
		 2: 
		 3: %self->current_user_atom_tag def_%cl_1_26 %self[12.1,2.0,] 	 SYMBOL:	 ARGS:
		 4: 
		 5: def_%cl_1_27 %cl_1_0[2.1,] 
		 6: 
		 7: %self->csrf_meta_tag def_%cl_1_28 %self[12.1,12.3,2.0,] 	 SYMBOL:	 ARGS:
		 8: 
		 9: HASH-camel_case- def_%cl_1_29 
		 10: %self->include_gon def_%cl_1_30 %self[12.1,12.3,12.7,2.0,] %cl_1_29[12.9,] 	 SYMBOL:	 ARGS:%cl_1_29,
		 11: 
		 12: def_%cl_1_31 %cl_1_0[2.1,] 
		 13: 
		 14: %self->content_for def_%cl_1_32 %self[12.1,12.3,12.7,12.10,2.0,] %self[12.1,12.3,12.7,12.10,2.0,] 	 SYMBOL:head,	 ARGS:Symbol,%self,
CLOSURE BEGIN: %self[12.1,12.3,12.7,12.10,2.0,] 
BB 1
	outgoing: 6 2 
	datadep: 
	instructions:
BB 2
	outgoing: 3 
	datadep: 
	instructions:
		 0: def_%self 
		 1: def_%cl_2_0 
		 2: COPY TYPE_CurrentScope def_%current_scope 
		 3: COPY TYPE_ScopeModule def_%current_module 
BB 3
	outgoing: 4 6 
	datadep: 
	instructions:
		 0: 
		 1: %self->stylesheet_link_tag def_%cl_2_3 %self[2.0,] 	 SYMBOL:admin,	 ARGS:Symbol,
		 2: RETURN %cl_2_3[3.1,] %self[3.1,2.0,] 
BB 4
	outgoing: 6 
	datadep: 
	instructions:
		 0: def_%cl_2_4 
		 1: def_%cl_2_5 %cl_2_4[4.0,] 
		 2: RETURN %cl_2_5[4.1,] %self[2.0,] 
BB 6
	outgoing: 
	datadep: 
	instructions:
CLOSURE END: 
		 15: 
		 16: %self->current_user def_%cl_1_33 %self[12.1,12.3,12.7,12.10,12.14,2.0,] 	 SYMBOL:	 ARGS:
		 17: %cl_1_33->admin? def_%cl_1_34 %cl_1_33[12.16,] 	 SYMBOL:	 ARGS:
		 18: BRANCH %cl_1_34[12.17,] 
BB 13
	outgoing: 15 16 
	datadep: 
	instructions:
		 0: 
		 1: %self->content_for def_%cl_1_35 %self[2.0,] %self[2.0,] 	 SYMBOL:head,	 ARGS:Symbol,%self,
CLOSURE BEGIN: %self[2.0,] 
BB 1
	outgoing: 6 2 
	datadep: 
	instructions:
BB 2
	outgoing: 3 
	datadep: 
	instructions:
		 0: def_%self 
		 1: def_%cl_3_0 
		 2: COPY TYPE_CurrentScope def_%current_scope 
		 3: COPY TYPE_ScopeModule def_%current_module 
BB 3
	outgoing: 4 6 
	datadep: 
	instructions:
		 0: 
		 1: %self->stylesheet_link_tag def_%cl_3_3 %self[2.0,] 	 SYMBOL:admin,	 ARGS:Symbol,
		 2: RETURN %cl_3_3[3.1,] %self[3.1,2.0,] 
BB 4
	outgoing: 6 
	datadep: 
	instructions:
		 0: def_%cl_3_4 
		 1: def_%cl_3_5 %cl_3_4[4.0,] 
		 2: RETURN %cl_3_5[4.1,] %self[2.0,] 
BB 6
	outgoing: 
	datadep: 
	instructions:
CLOSURE END: 
		 2: 
		 3: COPY TYPE_StringLiteral ".pages" def_%cl_1_36 
		 4: %self->t def_%cl_1_37 %self[13.1,2.0,] %cl_1_36[13.3,] 	 SYMBOL:	 ARGS:%cl_1_36,
		 5: 
		 6: %self->admin_dashboard_path def_%cl_1_38 %self[13.1,13.4,2.0,] 	 SYMBOL:	 ARGS:
		 7: %self->current_page? def_%cl_1_39 %self[13.1,13.4,13.6,2.0,] %cl_1_38[13.6,] 	 SYMBOL:	 ARGS:%cl_1_38,
		 8: 
		 9: COPY TYPE_StringLiteral ".dashboard" def_%cl_1_40 
		 10: %self->t def_%cl_1_41 %self[13.1,13.4,13.6,13.7,2.0,] %cl_1_40[13.9,] 	 SYMBOL:	 ARGS:%cl_1_40,
		 11: %self->admin_dashboard_path def_%cl_1_42 %self[13.1,13.4,13.6,13.7,13.10,2.0,] 	 SYMBOL:	 ARGS:
		 12: %self->link_to def_%cl_1_43 %self[13.1,13.4,13.6,13.7,13.10,13.11,2.0,] %cl_1_41[13.10,] %cl_1_42[13.11,] 	 SYMBOL:	 ARGS:%cl_1_41,%cl_1_42,
		 13: 
		 14: %self->user_search_path def_%cl_1_44 %self[13.1,13.4,13.6,13.7,13.10,13.11,13.12,2.0,] 	 SYMBOL:	 ARGS:
		 15: %self->current_page? def_%cl_1_45 %self[13.1,13.4,13.6,13.7,13.10,13.11,13.12,13.14,2.0,] %cl_1_44[13.14,] 	 SYMBOL:	 ARGS:%cl_1_44,
		 16: 
		 17: COPY TYPE_StringLiteral ".user_search" def_%cl_1_46 
		 18: %self->t def_%cl_1_47 %self[13.1,13.4,13.6,13.7,13.10,13.11,13.12,13.14,13.15,2.0,] %cl_1_46[13.17,] 	 SYMBOL:	 ARGS:%cl_1_46,
		 19: %self->user_search_path def_%cl_1_48 %self[13.1,13.4,13.6,13.7,13.10,13.11,13.12,13.14,13.15,13.18,2.0,] 	 SYMBOL:	 ARGS:
		 20: %self->link_to def_%cl_1_49 %self[13.1,13.4,13.6,13.7,13.10,13.11,13.12,13.14,13.15,13.18,13.19,2.0,] %cl_1_47[13.18,] %cl_1_48[13.19,] 	 SYMBOL:	 ARGS:%cl_1_47,%cl_1_48,
		 21: 
		 22: %self->weekly_user_stats_path def_%cl_1_50 %self[13.1,13.4,13.6,13.7,13.10,13.11,13.12,13.14,13.15,13.18,13.19,13.20,2.0,] 	 SYMBOL:	 ARGS:
		 23: %self->current_page? def_%cl_1_51 %self[13.1,13.4,13.6,13.7,13.10,13.11,13.12,13.14,13.15,13.18,13.19,13.20,13.22,2.0,] %cl_1_50[13.22,] 	 SYMBOL:	 ARGS:%cl_1_50,
		 24: 
		 25: COPY TYPE_StringLiteral ".weekly_user_stats" def_%cl_1_52 
		 26: %self->t def_%cl_1_53 %self[13.1,13.4,13.6,13.7,13.10,13.11,13.12,13.14,13.15,13.18,13.19,13.20,13.22,13.23,2.0,] %cl_1_52[13.25,] 	 SYMBOL:	 ARGS:%cl_1_52,
		 27: %self->weekly_user_stats_path def_%cl_1_54 %self[13.1,13.4,13.6,13.7,13.10,13.11,13.12,13.14,13.15,13.18,13.19,13.20,13.22,13.23,13.26,2.0,] 	 SYMBOL:	 ARGS:
		 28: %self->link_to def_%cl_1_55 %self[13.1,13.4,13.6,13.7,13.10,13.11,13.12,13.14,13.15,13.18,13.19,13.20,13.22,13.23,13.26,13.27,2.0,] %cl_1_53[13.26,] %cl_1_54[13.27,] 	 SYMBOL:	 ARGS:%cl_1_53,%cl_1_54,
		 29: 
		 30: %self->pod_stats_path def_%cl_1_56 %self[13.1,13.4,13.6,13.7,13.10,13.11,13.12,13.14,13.15,13.18,13.19,13.20,13.22,13.23,13.26,13.27,13.28,2.0,] 	 SYMBOL:	 ARGS:
		 31: %self->current_page? def_%cl_1_57 %self[13.1,13.4,13.6,13.7,13.10,13.11,13.12,13.14,13.15,13.18,13.19,13.20,13.22,13.23,13.26,13.27,13.28,13.30,2.0,] %cl_1_56[13.30,] 	 SYMBOL:	 ARGS:%cl_1_56,
		 32: 
		 33: COPY TYPE_StringLiteral ".pod_stats" def_%cl_1_58 
		 34: %self->t def_%cl_1_59 %self[13.1,13.4,13.6,13.7,13.10,13.11,13.12,13.14,13.15,13.18,13.19,13.20,13.22,13.23,13.26,13.27,13.28,13.30,13.31,2.0,] %cl_1_58[13.33,] 	 SYMBOL:	 ARGS:%cl_1_58,
		 35: %self->pod_stats_path def_%cl_1_60 %self[13.1,13.4,13.6,13.7,13.10,13.11,13.12,13.14,13.15,13.18,13.19,13.20,13.22,13.23,13.26,13.27,13.28,13.30,13.31,13.34,2.0,] 	 SYMBOL:	 ARGS:
		 36: %self->link_to def_%cl_1_61 %self[13.1,13.4,13.6,13.7,13.10,13.11,13.12,13.14,13.15,13.18,13.19,13.20,13.22,13.23,13.26,13.27,13.28,13.30,13.31,13.34,13.35,2.0,] %cl_1_59[13.34,] %cl_1_60[13.35,] 	 SYMBOL:	 ARGS:%cl_1_59,%cl_1_60,
		 37: 
		 38: %self->report_index_path def_%cl_1_62 %self[13.1,13.4,13.6,13.7,13.10,13.11,13.12,13.14,13.15,13.18,13.19,13.20,13.22,13.23,13.26,13.27,13.28,13.30,13.31,13.34,13.35,13.36,2.0,] 	 SYMBOL:	 ARGS:
		 39: %self->current_page? def_%cl_1_63 %self[13.1,13.4,13.6,13.7,13.10,13.11,13.12,13.14,13.15,13.18,13.19,13.20,13.22,13.23,13.26,13.27,13.28,13.30,13.31,13.34,13.35,13.36,13.38,2.0,] %cl_1_62[13.38,] 	 SYMBOL:	 ARGS:%cl_1_62,
		 40: 
		 41: COPY TYPE_StringLiteral ".report" def_%cl_1_64 
		 42: %self->t def_%cl_1_65 %self[13.1,13.4,13.6,13.7,13.10,13.11,13.12,13.14,13.15,13.18,13.19,13.20,13.22,13.23,13.26,13.27,13.28,13.30,13.31,13.34,13.35,13.36,13.38,13.39,2.0,] %cl_1_64[13.41,] 	 SYMBOL:	 ARGS:%cl_1_64,
		 43: %self->report_index_path def_%cl_1_66 %self[13.1,13.4,13.6,13.7,13.10,13.11,13.12,13.14,13.15,13.18,13.19,13.20,13.22,13.23,13.26,13.27,13.28,13.30,13.31,13.34,13.35,13.36,13.38,13.39,13.42,2.0,] 	 SYMBOL:	 ARGS:
		 44: %self->link_to def_%cl_1_67 %self[13.1,13.4,13.6,13.7,13.10,13.11,13.12,13.14,13.15,13.18,13.19,13.20,13.22,13.23,13.26,13.27,13.28,13.30,13.31,13.34,13.35,13.36,13.38,13.39,13.42,13.43,2.0,] %cl_1_65[13.42,] %cl_1_66[13.43,] 	 SYMBOL:	 ARGS:%cl_1_65,%cl_1_66,
		 45: 
		 46: %self->admin_pods_path def_%cl_1_68 %self[13.1,13.4,13.6,13.7,13.10,13.11,13.12,13.14,13.15,13.18,13.19,13.20,13.22,13.23,13.26,13.27,13.28,13.30,13.31,13.34,13.35,13.36,13.38,13.39,13.42,13.43,13.44,2.0,] 	 SYMBOL:	 ARGS:
		 47: %self->current_page? def_%cl_1_69 %self[13.1,13.4,13.6,13.7,13.10,13.11,13.12,13.14,13.15,13.18,13.19,13.20,13.22,13.23,13.26,13.27,13.28,13.30,13.31,13.34,13.35,13.36,13.38,13.39,13.42,13.43,13.44,13.46,2.0,] %cl_1_68[13.46,] 	 SYMBOL:	 ARGS:%cl_1_68,
		 48: 
		 49: COPY TYPE_StringLiteral ".pod_network" def_%cl_1_70 
		 50: %self->t def_%cl_1_71 %self[13.1,13.4,13.6,13.7,13.10,13.11,13.12,13.14,13.15,13.18,13.19,13.20,13.22,13.23,13.26,13.27,13.28,13.30,13.31,13.34,13.35,13.36,13.38,13.39,13.42,13.43,13.44,13.46,13.47,2.0,] %cl_1_70[13.49,] 	 SYMBOL:	 ARGS:%cl_1_70,
		 51: %self->admin_pods_path def_%cl_1_72 %self[13.1,13.4,13.6,13.7,13.10,13.11,13.12,13.14,13.15,13.18,13.19,13.20,13.22,13.23,13.26,13.27,13.28,13.30,13.31,13.34,13.35,13.36,13.38,13.39,13.42,13.43,13.44,13.46,13.47,13.50,2.0,] 	 SYMBOL:	 ARGS:
		 52: %self->link_to def_%cl_1_73 %self[13.1,13.4,13.6,13.7,13.10,13.11,13.12,13.14,13.15,13.18,13.19,13.20,13.22,13.23,13.26,13.27,13.28,13.30,13.31,13.34,13.35,13.36,13.38,13.39,13.42,13.43,13.44,13.46,13.47,13.50,13.51,2.0,] %cl_1_71[13.50,] %cl_1_72[13.51,] 	 SYMBOL:	 ARGS:%cl_1_71,%cl_1_72,
		 53: 
		 54: %self->sidekiq_path def_%cl_1_74 %self[13.1,13.4,13.6,13.7,13.10,13.11,13.12,13.14,13.15,13.18,13.19,13.20,13.22,13.23,13.26,13.27,13.28,13.30,13.31,13.34,13.35,13.36,13.38,13.39,13.42,13.43,13.44,13.46,13.47,13.50,13.51,13.52,2.0,] 	 SYMBOL:	 ARGS:
		 55: %self->current_page? def_%cl_1_75 %self[13.1,13.4,13.6,13.7,13.10,13.11,13.12,13.14,13.15,13.18,13.19,13.20,13.22,13.23,13.26,13.27,13.28,13.30,13.31,13.34,13.35,13.36,13.38,13.39,13.42,13.43,13.44,13.46,13.47,13.50,13.51,13.52,13.54,2.0,] %cl_1_74[13.54,] 	 SYMBOL:	 ARGS:%cl_1_74,
		 56: 
		 57: COPY TYPE_StringLiteral ".sidekiq_monitor" def_%cl_1_76 
		 58: %self->t def_%cl_1_77 %self[13.1,13.4,13.6,13.7,13.10,13.11,13.12,13.14,13.15,13.18,13.19,13.20,13.22,13.23,13.26,13.27,13.28,13.30,13.31,13.34,13.35,13.36,13.38,13.39,13.42,13.43,13.44,13.46,13.47,13.50,13.51,13.52,13.54,13.55,2.0,] %cl_1_76[13.57,] 	 SYMBOL:	 ARGS:%cl_1_76,
		 59: %self->sidekiq_path def_%cl_1_78 %self[13.1,13.4,13.6,13.7,13.10,13.11,13.12,13.14,13.15,13.18,13.19,13.20,13.22,13.23,13.26,13.27,13.28,13.30,13.31,13.34,13.35,13.36,13.38,13.39,13.42,13.43,13.44,13.46,13.47,13.50,13.51,13.52,13.54,13.55,13.58,2.0,] 	 SYMBOL:	 ARGS:
		 60: %self->link_to def_%cl_1_79 %self[13.1,13.4,13.6,13.7,13.10,13.11,13.12,13.14,13.15,13.18,13.19,13.20,13.22,13.23,13.26,13.27,13.28,13.30,13.31,13.34,13.35,13.36,13.38,13.39,13.42,13.43,13.44,13.46,13.47,13.50,13.51,13.52,13.54,13.55,13.58,13.59,2.0,] %cl_1_77[13.58,] %cl_1_78[13.59,] 	 SYMBOL:	 ARGS:%cl_1_77,%cl_1_78,
		 61: 
BB 14
	outgoing: 15 
	datadep: 
	instructions:
		 0: COPY TYPE_Nil def_%cl_1_79 
BB 15
	outgoing: 16 18 
	datadep: 
	instructions:
		 0: 
		 1: COPY TYPE_StringLiteral "report.title" def_%cl_1_80 
		 2: %self->t def_%cl_1_81 %self[2.0,] %cl_1_80[15.1,] 	 SYMBOL:	 ARGS:%cl_1_80,
		 3: 
		 4: GETFIELD %self->reports def_%cl_1_82 %self[15.2,2.0,] 
		 5: %cl_1_82->each def_%cl_1_83 %cl_1_82[15.4,] %self[15.2,2.0,] 	 SYMBOL:	 ARGS:%cl_1_82,
CLOSURE BEGIN: report[] %self[15.2,2.0,] username[] 
BB 1
	outgoing: 9 2 
	datadep: 
	instructions:
BB 2
	outgoing: 3 
	datadep: 
	instructions:
		 0: def_%self 
		 1: def_%cl_4_0 
		 2: RECEIVEARG def_report 
		 3: COPY TYPE_CurrentScope def_%current_scope 
		 4: COPY TYPE_ScopeModule def_%current_module 
BB 3
	outgoing: 4 5 7 
	datadep: 
	instructions:
		 0: 
		 1: report->item def_%cl_4_3 report[2.2,] 	 SYMBOL:	 ARGS:
		 2: BRANCH %cl_4_3[3.1,] 
BB 4
	outgoing: 6 7 
	datadep: 
	instructions:
		 0: 
		 1: report->user def_%cl_4_4 report[2.2,] 	 SYMBOL:	 ARGS:
		 2: %cl_4_4->username def_%cl_4_5 %cl_4_4[4.1,] 	 SYMBOL:	 ARGS:
		 3: COPY TYPE_PASS def_username %cl_4_5[4.2,] 
		 4: 
		 5: COPY TYPE_StringLiteral "report.reported_label" def_%cl_4_6 
		 6: %self->user_profile_path def_%cl_4_7 %self[2.0,] %cl_4_5[4.2,] 	 SYMBOL:	 ARGS:username,
		 7: %self->link_to def_%cl_4_8 %self[4.6,2.0,] username[4.3,] %cl_4_7[4.6,] 	 SYMBOL:	 ARGS:username,%cl_4_7,
		 8: HASH-person- def_%cl_4_9 %cl_4_8[4.7,] 
		 9: %self->t def_%cl_4_10 %self[4.6,4.7,2.0,] %cl_4_6[4.5,] %cl_4_9[4.8,] 	 SYMBOL:	 ARGS:%cl_4_6,%cl_4_9,
		 10: %self->raw def_%cl_4_11 %self[4.6,4.7,4.9,2.0,] %cl_4_10[4.9,] 	 SYMBOL:	 ARGS:%cl_4_10,
		 11: 
		 12: %self->report_content def_%cl_4_12 %self[4.6,4.7,4.9,4.10,2.0,] report[4.1,2.2,] 	 SYMBOL:	 ARGS:report,
		 13: 
		 14: COPY TYPE_StringLiteral "report.reason_label" def_%cl_4_13 
		 15: report->text def_%cl_4_14 report[4.1,2.2,] 	 SYMBOL:	 ARGS:
		 16: HASH-text- def_%cl_4_15 %cl_4_14[4.15,] 
		 17: %self->t def_%cl_4_16 %self[4.6,4.7,4.9,4.10,4.12,2.0,] %cl_4_13[4.14,] %cl_4_15[4.16,] 	 SYMBOL:	 ARGS:%cl_4_13,%cl_4_15,
		 18: 
		 19: COPY TYPE_StringLiteral "report.reported_user_details" def_%cl_4_17 
		 20: %self->t def_%cl_4_18 %self[4.6,4.7,4.9,4.10,4.12,4.17,2.0,] %cl_4_17[4.19,] 	 SYMBOL:	 ARGS:%cl_4_17,
		 21: report->reported_author def_%cl_4_19 report[4.1,4.15,2.2,] 	 SYMBOL:	 ARGS:
		 22: %cl_4_19->guid def_%cl_4_20 %cl_4_19[4.21,] 	 SYMBOL:	 ARGS:
		 23: HASH-guid- def_%cl_4_21 %cl_4_20[4.22,] 
		 24: HASH-admins_controller_user_search- def_%cl_4_22 %cl_4_21[4.23,] 
		 25: %self->user_search_path def_%cl_4_23 %self[4.6,4.7,4.9,4.10,4.12,4.17,4.20,2.0,] %cl_4_22[4.24,] 	 SYMBOL:	 ARGS:%cl_4_22,
		 26: COPY TYPE_StringLiteral "btn pull-left btn-info btn-small" def_%cl_4_24 
		 27: HASH-class-method- def_%cl_4_25 %cl_4_24[4.26,] 
		 28: %self->button_to def_%cl_4_26 %self[4.6,4.7,4.9,4.10,4.12,4.17,4.20,4.25,2.0,] %cl_4_18[4.20,] %cl_4_23[4.25,] %cl_4_25[4.27,] 	 SYMBOL:	 ARGS:%cl_4_18,%cl_4_23,%cl_4_25,
		 29: 
		 30: COPY TYPE_StringLiteral "report.review_link" def_%cl_4_27 
		 31: %self->t def_%cl_4_28 %self[4.6,4.7,4.9,4.10,4.12,4.17,4.20,4.25,4.28,2.0,] %cl_4_27[4.30,] 	 SYMBOL:	 ARGS:%cl_4_27,
		 32: report->id def_%cl_4_29 report[4.1,4.15,4.21,2.2,] 	 SYMBOL:	 ARGS:
		 33: report->item_type def_%cl_4_30 report[4.1,4.15,4.21,4.32,2.2,] 	 SYMBOL:	 ARGS:
		 34: HASH-type- def_%cl_4_31 %cl_4_30[4.33,] 
		 35: %self->report_path def_%cl_4_32 %self[4.6,4.7,4.9,4.10,4.12,4.17,4.20,4.25,4.28,4.31,2.0,] %cl_4_29[4.32,] %cl_4_31[4.34,] 	 SYMBOL:	 ARGS:%cl_4_29,%cl_4_31,
		 36: COPY TYPE_StringLiteral "btn pull-left btn-info btn-small" def_%cl_4_33 
		 37: HASH-class-method- def_%cl_4_34 %cl_4_33[4.36,] 
		 38: %self->button_to def_%cl_4_35 %self[4.6,4.7,4.9,4.10,4.12,4.17,4.20,4.25,4.28,4.31,4.35,2.0,] %cl_4_28[4.31,] %cl_4_32[4.35,] %cl_4_34[4.37,] 	 SYMBOL:	 ARGS:%cl_4_28,%cl_4_32,%cl_4_34,
		 39: 
		 40: COPY TYPE_StringLiteral "report.delete_link" def_%cl_4_36 
		 41: %self->t def_%cl_4_37 %self[4.6,4.7,4.9,4.10,4.12,4.17,4.20,4.25,4.28,4.31,4.35,4.38,2.0,] %cl_4_36[4.40,] 	 SYMBOL:	 ARGS:%cl_4_36,
		 42: report->id def_%cl_4_38 report[4.1,4.15,4.21,4.32,4.33,2.2,] 	 SYMBOL:	 ARGS:
		 43: report->item_type def_%cl_4_39 report[4.1,4.15,4.21,4.32,4.33,4.42,2.2,] 	 SYMBOL:	 ARGS:
		 44: HASH-type- def_%cl_4_40 %cl_4_39[4.43,] 
		 45: %self->report_path def_%cl_4_41 %self[4.6,4.7,4.9,4.10,4.12,4.17,4.20,4.25,4.28,4.31,4.35,4.38,4.41,2.0,] %cl_4_38[4.42,] %cl_4_40[4.44,] 	 SYMBOL:	 ARGS:%cl_4_38,%cl_4_40,
		 46: COPY TYPE_StringLiteral "report.confirm_deletion" def_%cl_4_42 
		 47: %self->t def_%cl_4_43 %self[4.6,4.7,4.9,4.10,4.12,4.17,4.20,4.25,4.28,4.31,4.35,4.38,4.41,4.45,2.0,] %cl_4_42[4.46,] 	 SYMBOL:	 ARGS:%cl_4_42,
		 48: HASH-confirm- def_%cl_4_44 %cl_4_43[4.47,] 
		 49: COPY TYPE_StringLiteral "btn pull-right btn-danger btn-small" def_%cl_4_45 
		 50: HASH-data-class-method- def_%cl_4_46 %cl_4_44[4.48,] %cl_4_45[4.49,] 
		 51: %self->button_to def_%cl_4_47 %self[4.6,4.7,4.9,4.10,4.12,4.17,4.20,4.25,4.28,4.31,4.35,4.38,4.41,4.45,4.47,2.0,] %cl_4_37[4.41,] %cl_4_41[4.45,] %cl_4_46[4.50,] 	 SYMBOL:	 ARGS:%cl_4_37,%cl_4_41,%cl_4_46,
		 52: 
BB 5
	outgoing: 7 9 
	datadep: 
	instructions:
		 0: 
		 1: report->user def_%cl_4_48 report[2.2,] 	 SYMBOL:	 ARGS:
		 2: %cl_4_48->username def_%cl_4_49 %cl_4_48[5.1,] 	 SYMBOL:	 ARGS:
		 3: COPY TYPE_PASS def_username %cl_4_49[5.2,] 
		 4: 
		 5: COPY TYPE_StringLiteral "report.reported_label" def_%cl_4_50 
		 6: %self->user_profile_path def_%cl_4_51 %self[2.0,] %cl_4_49[5.2,] 	 SYMBOL:	 ARGS:username,
		 7: %self->link_to def_%cl_4_52 %self[5.6,2.0,] username[5.3,] %cl_4_51[5.6,] 	 SYMBOL:	 ARGS:username,%cl_4_51,
		 8: HASH-person- def_%cl_4_53 %cl_4_52[5.7,] 
		 9: %self->t def_%cl_4_54 %self[5.6,5.7,2.0,] %cl_4_50[5.5,] %cl_4_53[5.8,] 	 SYMBOL:	 ARGS:%cl_4_50,%cl_4_53,
		 10: %self->raw def_%cl_4_55 %self[5.6,5.7,5.9,2.0,] %cl_4_54[5.9,] 	 SYMBOL:	 ARGS:%cl_4_54,
		 11: 
		 12: %self->report_content def_%cl_4_56 %self[5.6,5.7,5.9,5.10,2.0,] report[5.1,2.2,] 	 SYMBOL:	 ARGS:report,
		 13: 
		 14: COPY TYPE_StringLiteral "report.review_link" def_%cl_4_57 
		 15: %self->t def_%cl_4_58 %self[5.6,5.7,5.9,5.10,5.12,2.0,] %cl_4_57[5.14,] 	 SYMBOL:	 ARGS:%cl_4_57,
		 16: report->id def_%cl_4_59 report[5.1,2.2,] 	 SYMBOL:	 ARGS:
		 17: report->item_type def_%cl_4_60 report[5.1,5.16,2.2,] 	 SYMBOL:	 ARGS:
		 18: HASH-type- def_%cl_4_61 %cl_4_60[5.17,] 
		 19: %self->report_path def_%cl_4_62 %self[5.6,5.7,5.9,5.10,5.12,5.15,2.0,] %cl_4_59[5.16,] %cl_4_61[5.18,] 	 SYMBOL:	 ARGS:%cl_4_59,%cl_4_61,
		 20: COPY TYPE_StringLiteral "btn pull-left btn-info btn-small" def_%cl_4_63 
		 21: HASH-class-method- def_%cl_4_64 %cl_4_63[5.20,] 
		 22: %self->button_to def_%cl_4_65 %self[5.6,5.7,5.9,5.10,5.12,5.15,5.19,2.0,] %cl_4_58[5.15,] %cl_4_62[5.19,] %cl_4_64[5.21,] 	 SYMBOL:	 ARGS:%cl_4_58,%cl_4_62,%cl_4_64,
		 23: RETURN %cl_4_65[5.22,] %self[5.6,5.7,5.9,5.10,5.12,5.15,5.19,5.22,2.0,] 
BB 6
	outgoing: 9 
	datadep: 
	instructions:
		 0: RETURN %cl_4_47[4.51,] %self[2.0,] 
BB 7
	outgoing: 9 
	datadep: 
	instructions:
		 0: def_%cl_4_66 
		 1: def_%cl_4_67 %cl_4_66[7.0,] 
		 2: RETURN %cl_4_67[7.1,] %self[2.0,] 
BB 9
	outgoing: 
	datadep: 
	instructions:
CLOSURE END: username[5.3,4.3,] 
		 6: 
		 7: def_%cl_1_84 %cl_1_0[2.1,] 
		 8: 
		 9: %self->include_chartbeat def_%cl_1_85 %self[15.2,2.0,] 	 SYMBOL:	 ARGS:
		 10: 
		 11: %self->include_mixpanel_guid def_%cl_1_86 %self[15.2,15.9,2.0,] 	 SYMBOL:	 ARGS:
		 12: 
		 13: %self->flash_messages def_%cl_1_87 %self[15.2,15.9,15.11,2.0,] 	 SYMBOL:	 ARGS:
		 14: RETURN %cl_1_87[15.13,] %self[15.2,15.9,15.11,15.13,2.0,] 
BB 16
	outgoing: 18 
	datadep: 
	instructions:
		 0: def_%cl_1_88 
		 1: def_%cl_1_89 %cl_1_88[16.0,] 
		 2: RETURN %cl_1_89[16.1,] %self[2.0,] 
BB 18
	outgoing: 
	datadep: 
	instructions:
CLOSURE END: 
		 13: RETURN %v_7[2.12,] %self[2.0,2.9,2.11,] 
BB 3
	outgoing: 
	datadep: 
	instructions:

SET IRMethod, name = update instanceMethod = true
BB 1
	outgoing: 6 2 
	datadep: 
	instructions:
BB 2
	outgoing: 3 4 
	datadep: 
	instructions:
		 0: def_%self 
		 1: def_%v_0 
		 2: COPY TYPE_CurrentScope def_%current_scope 
		 3: COPY TYPE_ScopeModule def_%current_module 
		 4: 
		 5: 
		 6: (Report) def_%v_3 
		 7: %self->params def_%v_4 %self[2.0,] 	 SYMBOL:	 ARGS:
		 8: %v_4->[] def_%v_5 %v_4[2.7,] 	 SYMBOL:id,	 ARGS:Symbol,
		 9: HASH-id- def_%v_6 %v_5[2.8,] 
		 10: %v_3->where def_%v_7 %v_3[2.6,] %v_6[2.9,] 	 SYMBOL:	 ARGS:%v_6,
		 11: %v_7->first def_%v_8 %v_7[2.10,] 	 SYMBOL:	 ARGS:
		 12: COPY TYPE_PASS def_report %v_8[2.11,] 
		 13: BRANCH %v_8[2.11,] 
BB 3
	outgoing: 5 
	datadep: 
	instructions:
		 0: 
		 1: report->mark_as_reviewed def_%v_9 report[2.12,] 	 SYMBOL:	 ARGS:
		 2: 
BB 4
	outgoing: 5 
	datadep: 
	instructions:
		 0: COPY TYPE_Nil def_%v_9 
BB 5
	outgoing: 6 
	datadep: 
	instructions:
		 0: 
		 1: HASH-action- def_%v_10 
		 2: %self->redirect_to def_%v_11 %self[2.0,] %v_10[5.1,] 	 SYMBOL:	 ARGS:%v_10,
		 3: RETURN %v_11[5.2,] %self[5.2,2.0,] 
BB 6
	outgoing: 
	datadep: 
	instructions:

SET IRMethod, name = destroy instanceMethod = true
BB 1
	outgoing: 8 2 
	datadep: 
	instructions:
BB 2
	outgoing: 3 4 
	datadep: 
	instructions:
		 0: def_%self 
		 1: def_%v_0 
		 2: COPY TYPE_CurrentScope def_%current_scope 
		 3: COPY TYPE_ScopeModule def_%current_module 
		 4: 
		 5: 
		 6: (Report) def_%v_3 
		 7: %self->params def_%v_4 %self[2.0,] 	 SYMBOL:	 ARGS:
		 8: %v_4->[] def_%v_5 %v_4[2.7,] 	 SYMBOL:id,	 ARGS:Symbol,
		 9: HASH-id- def_%v_6 %v_5[2.8,] 
		 10: %v_3->where def_%v_7 %v_3[2.6,] %v_6[2.9,] 	 SYMBOL:	 ARGS:%v_6,
		 11: %v_7->first def_%v_8 %v_7[2.10,] 	 SYMBOL:	 ARGS:
		 12: COPY TYPE_PASS def_report %v_8[2.11,] 
		 13: BRANCH %v_8[2.11,] 
BB 3
	outgoing: 4 
	datadep: 
	instructions:
		 0: report->destroy_reported_item def_%v_9 report[2.12,] 	 SYMBOL:	 ARGS:
		 1: COPY TYPE_PASS def_%v_8 %v_9[3.0,] 
BB 4
	outgoing: 5 6 
	datadep: 
	instructions:
		 0: BRANCH %v_8[3.1,2.11,] 
BB 5
	outgoing: 7 
	datadep: 
	instructions:
		 0: 
		 1: %self->flash def_%v_10 %self[2.0,] 	 SYMBOL:	 ARGS:
		 2: (I18n) def_%v_11 
		 3: COPY TYPE_StringLiteral "report.status.destroyed" def_%v_12 
		 4: %v_11->t def_%v_13 %v_11[5.2,] %v_12[5.3,] 	 SYMBOL:	 ARGS:%v_12,
		 5: ATTRASSIGN %v_10->[] %v_13[5.4,] 
		 6: 
BB 6
	outgoing: 7 
	datadep: 
	instructions:
		 0: 
		 1: %self->flash def_%v_14 %self[2.0,] 	 SYMBOL:	 ARGS:
		 2: (I18n) def_%v_15 
		 3: COPY TYPE_StringLiteral "report.status.failed" def_%v_16 
		 4: %v_15->t def_%v_17 %v_15[6.2,] %v_16[6.3,] 	 SYMBOL:	 ARGS:%v_16,
		 5: ATTRASSIGN %v_14->[] %v_17[6.4,] 
		 6: COPY TYPE_PASS def_%v_13 %v_17[6.4,] 
BB 7
	outgoing: 8 
	datadep: 
	instructions:
		 0: 
		 1: HASH-action- def_%v_18 
		 2: %self->redirect_to def_%v_19 %self[2.0,] %v_18[7.1,] 	 SYMBOL:	 ARGS:%v_18,
		 3: RETURN %v_19[7.2,] %self[7.2,2.0,] 
BB 8
	outgoing: 
	datadep: 
	instructions:

SET IRMethod, name = create instanceMethod = true
BB 1
	outgoing: 6 2 
	datadep: 
	instructions:
BB 2
	outgoing: 3 4 
	datadep: 
	instructions:
		 0: def_%self 
		 1: def_%v_0 
		 2: COPY TYPE_CurrentScope def_%current_scope 
		 3: COPY TYPE_ScopeModule def_%current_module 
		 4: 
		 5: 
		 6: %self->current_user def_%v_3 %self[2.0,] 	 SYMBOL:	 ARGS:
		 7: %v_3->reports def_%v_4 %v_3[2.6,] 	 SYMBOL:	 ARGS:
		 8: %self->report_params def_%v_5 %self[2.0,2.6,] 	 SYMBOL:	 ARGS:
		 9: %v_4->new def_%v_6 %v_4[2.7,] %v_5[2.8,] 	 SYMBOL:	 ARGS:%v_5,
		 10: COPY TYPE_PASS def_report %v_6[2.9,] 
		 11: 
		 12: %v_6->save def_%v_7 %v_6[2.9,] 	 SYMBOL:	 ARGS:
		 13: BRANCH %v_7[2.12,] 
BB 3
	outgoing: 6 
	datadep: 
	instructions:
		 0: 
		 1: HASH-json-status- def_%v_8 
		 2: %self->render def_%v_9 %self[2.0,] %v_8[3.1,] 	 SYMBOL:	 ARGS:%v_8,
		 3: RETURN %v_9[3.2,] %self[3.2,2.0,] 
BB 4
	outgoing: 6 
	datadep: 
	instructions:
		 0: 
		 1: HASH-nothing-status- def_%v_10 
		 2: %self->render def_%v_11 %self[2.0,] %v_10[4.1,] 	 SYMBOL:	 ARGS:%v_10,
		 3: RETURN %v_11[4.2,] %self[4.2,2.0,] 
BB 6
	outgoing: 
	datadep: 
	instructions:

SET IRMethod, name = report_params instanceMethod = true
BB 1
	outgoing: 3 2 
	datadep: 
	instructions:
BB 2
	outgoing: 3 
	datadep: 
	instructions:
		 0: def_%self 
		 1: def_%v_0 
		 2: COPY TYPE_CurrentScope def_%current_scope 
		 3: COPY TYPE_ScopeModule def_%current_module 
		 4: 
		 5: 
		 6: %self->params def_%v_3 %self[2.0,] 	 SYMBOL:	 ARGS:
		 7: %v_3->require def_%v_4 %v_3[2.6,] 	 SYMBOL:report,	 ARGS:Symbol,
		 8: %v_4->permit def_%v_5 %v_4[2.7,] 	 SYMBOL:item_id,item_type,text,	 ARGS:Symbol,Symbol,Symbol,
		 9: RETURN %v_5[2.8,] %self[2.0,2.6,] 
BB 3
	outgoing: 
	datadep: 
	instructions:

