SET IRMethod, name = create instanceMethod = true
BB 1
	outgoing: 9 2 
	datadep: 
	instructions:
BB 2
	outgoing: 3 4 
	datadep: 
	instructions:
		 0: def_%self 
		 1: def_%v_0 
		 2: COPY TYPE_CurrentScope def_%current_scope 
		 3: COPY TYPE_ScopeModule def_%current_module 
		 4: 
		 5: 
		 6: (Post) def_%v_3 
		 7: %self->params def_%v_4 %self[2.0,] 	 SYMBOL:	 ARGS:
		 8: %v_4->[] def_%v_5 %v_4[2.7,] 	 SYMBOL:root_guid,	 ARGS:Symbol,
		 9: HASH-guid- def_%v_6 %v_5[2.8,] 
		 10: %v_3->where def_%v_7 %v_3[2.6,] %v_6[2.9,] 	 SYMBOL:	 ARGS:%v_6,
		 11: %v_7->first def_%v_8 %v_7[2.10,] 	 SYMBOL:	 ARGS:
		 12: COPY TYPE_PASS def_post %v_8[2.11,] 
		 13: 
		 14: (Reshare) def_%v_9 
		 15: %v_8->is_a? def_%v_10 %v_8[2.11,] %v_9[2.14,] 	 SYMBOL:	 ARGS:%v_9,
		 16: BRANCH %v_10[2.15,] 
BB 3
	outgoing: 5 
	datadep: 
	instructions:
		 0: 
		 1: %self->current_user def_%v_11 %self[2.0,] 	 SYMBOL:	 ARGS:
		 2: post->absolute_root def_%v_12 post[2.12,] 	 SYMBOL:	 ARGS:
		 3: %v_12->guid def_%v_13 %v_12[3.2,] 	 SYMBOL:	 ARGS:
		 4: HASH-root_guid- def_%v_14 %v_13[3.3,] 
		 5: %v_11->build_post def_%v_15 %v_11[3.1,] %v_14[3.4,] 	 SYMBOL:reshare,	 ARGS:Symbol,%v_14,
		 6: ATTRASSIGN %self->reshare %v_15[3.5,] 
		 7: 
BB 4
	outgoing: 5 
	datadep: 
	instructions:
		 0: 
		 1: %self->current_user def_%v_16 %self[2.0,] 	 SYMBOL:	 ARGS:
		 2: %self->params def_%v_17 %self[4.1,2.0,] 	 SYMBOL:	 ARGS:
		 3: %v_17->[] def_%v_18 %v_17[4.2,] 	 SYMBOL:root_guid,	 ARGS:Symbol,
		 4: HASH-root_guid- def_%v_19 %v_18[4.3,] 
		 5: %v_16->build_post def_%v_20 %v_16[4.1,] %v_19[4.4,] 	 SYMBOL:reshare,	 ARGS:Symbol,%v_19,
		 6: ATTRASSIGN %self->reshare %v_20[4.5,] 
		 7: COPY TYPE_PASS def_%v_15 %v_20[4.5,] 
BB 5
	outgoing: 6 7 
	datadep: 
	instructions:
		 0: 
		 1: GETFIELD %self->reshare def_%v_21 %self[4.6,3.6,2.0,] 
		 2: %v_21->save def_%v_22 %v_21[5.1,] 	 SYMBOL:	 ARGS:
		 3: BRANCH %v_22[5.2,] 
BB 6
	outgoing: 9 
	datadep: 
	instructions:
		 0: 
		 1: %self->current_user def_%v_23 %self[4.6,3.6,2.0,] 	 SYMBOL:	 ARGS:
		 2: GETFIELD %self->reshare def_%v_24 %self[6.1,4.6,3.6,2.0,] 
		 3: %self->current_user def_%v_25 %self[6.1,4.6,3.6,2.0,] 	 SYMBOL:	 ARGS:
		 4: %v_25->aspects def_%v_26 %v_25[6.3,] 	 SYMBOL:	 ARGS:
		 5: %v_23->add_to_streams def_%v_27 %v_23[6.1,] %v_24[6.2,] %v_26[6.4,] 	 SYMBOL:	 ARGS:%v_24,%v_26,
		 6: 
		 7: %self->current_user def_%v_28 %self[6.1,6.3,4.6,3.6,2.0,] 	 SYMBOL:	 ARGS:
		 8: GETFIELD %self->reshare def_%v_29 %self[6.1,6.3,6.7,4.6,3.6,2.0,] 
		 9: GETFIELD %self->reshare def_%v_30 %self[6.1,6.3,6.7,4.6,3.6,2.0,] 
		 10: %self->post_url def_%v_31 %self[6.1,6.3,6.7,4.6,3.6,2.0,] %v_30[6.9,] 	 SYMBOL:	 ARGS:%v_30,
		 11: GETFIELD %self->reshare def_%v_32 %self[6.1,6.3,6.7,6.10,4.6,3.6,2.0,] 
		 12: %v_32->root_author def_%v_33 %v_32[6.11,] 	 SYMBOL:	 ARGS:
		 13: HASH-url-additional_subscribers- def_%v_34 %v_31[6.10,] %v_33[6.12,] 
		 14: %v_28->dispatch_post def_%v_35 %v_28[6.7,] %v_29[6.8,] %v_34[6.13,] 	 SYMBOL:	 ARGS:%v_29,%v_34,
		 15: 
		 16: (ExtremePostPresenter) def_%v_36 
		 17: GETFIELD %self->reshare def_%v_37 %self[6.1,6.3,6.7,6.10,4.6,3.6,2.0,] 
		 18: %self->current_user def_%v_38 %self[6.1,6.3,6.7,6.10,4.6,3.6,2.0,] 	 SYMBOL:	 ARGS:
		 19: %v_36->new def_%v_39 %v_36[6.16,] %v_37[6.17,] %v_38[6.18,] 	 SYMBOL:	 ARGS:%v_37,%v_38,
		 20: HASH-json-status- def_%v_40 %v_39[6.19,] 
		 21: %self->render def_%v_41 %self[6.1,6.3,6.7,6.10,6.18,4.6,3.6,2.0,] %v_40[6.20,] 	 SYMBOL:	 ARGS:%v_40,
		 22: RETURN %v_41[6.21,] %self[6.1,6.3,6.7,6.10,6.18,6.21,4.6,3.6,2.0,] 
BB 7
	outgoing: 9 
	datadep: 
	instructions:
		 0: 
		 1: HASH-nothing-status- def_%v_42 
		 2: %self->render def_%v_43 %self[4.6,3.6,2.0,] %v_42[7.1,] 	 SYMBOL:	 ARGS:%v_42,
		 3: RETURN %v_43[7.2,] %self[7.2,4.6,3.6,2.0,] 
BB 9
	outgoing: 
	datadep: 
	instructions:

