SET IRMethod, name = index instanceMethod = true
BB 1
	outgoing: 8 2 
	datadep: 
	instructions:
BB 2
	outgoing: 3 4 
	datadep: 
	instructions:
		 0: def_%self 
		 1: def_%v_0 
		 2: COPY TYPE_CurrentScope def_%current_scope 
		 3: COPY TYPE_ScopeModule def_%current_module 
		 4: 
		 5: 
		 6: (Rails) def_%v_3 
		 7: %v_3->root def_%v_4 %v_3[2.6,] 	 SYMBOL:	 ARGS:
		 8: COPY TYPE_StringLiteral "app" def_%v_5 
		 9: COPY TYPE_StringLiteral "views" def_%v_6 
		 10: COPY TYPE_StringLiteral "terms" def_%v_7 
		 11: %v_4->join def_%v_8 %v_4[2.7,] %v_5[2.8,] %v_6[2.9,] %v_7[2.10,] 	 SYMBOL:	 ARGS:%v_5,%v_6,%v_7,
		 12: COPY TYPE_PASS def_partial_dir %v_8[2.11,] 
		 13: 
		 14: COPY TYPE_StringLiteral "terms.haml" def_%v_9 
		 15: %v_8->join def_%v_10 %v_8[2.11,] %v_9[2.14,] 	 SYMBOL:	 ARGS:%v_9,
		 16: %v_10->exist? def_%v_11 %v_10[2.15,] 	 SYMBOL:	 ARGS:
		 17: BRANCH %v_11[2.16,] 
BB 3
	outgoing: 4 
	datadep: 
	instructions:
		 0: COPY TYPE_StringLiteral "terms.erb" def_%v_12 
		 1: partial_dir->join def_%v_13 partial_dir[2.12,] %v_12[3.0,] 	 SYMBOL:	 ARGS:%v_12,
		 2: %v_13->exist? def_%v_14 %v_13[3.1,] 	 SYMBOL:	 ARGS:
		 3: COPY TYPE_PASS def_%v_11 %v_14[3.2,] 
BB 4
	outgoing: 5 6 
	datadep: 
	instructions:
		 0: BRANCH %v_11[3.3,2.16,] 
BB 5
	outgoing: 8 
	datadep: 
	instructions:
		 0: 
		 1: %self->render def_%v_15 %self[2.0,] 	 SYMBOL:terms,	 ARGS:Symbol,
		 2: RETURN %v_15[5.1,] %self[5.1,2.0,] 
BB 6
	outgoing: 8 
	datadep: 
	instructions:
		 0: 
		 1: %self->ruby_code_from_view def_%v_16 %self[2.0,] 	 SYMBOL:	 ARGS:
		 2: %v_16->ruby_code_from_view def_%v_17 %v_16[6.1,] %self[6.1,2.0,] 	 SYMBOL:	 ARGS:%v_16,
CLOSURE BEGIN: %self[6.1,2.0,] 
BB 1
	outgoing: 15 2 
	datadep: 
	instructions:
BB 2
	outgoing: 3 
	datadep: 
	instructions:
		 0: def_%self 
		 1: def_%cl_1_0 
		 2: RECEIVEARG def_rb_from_view 
		 3: COPY TYPE_CurrentScope def_%current_scope 
		 4: COPY TYPE_ScopeModule def_%current_module 
BB 3
	outgoing: 4 5 13 
	datadep: 
	instructions:
		 0: 
		 1: %self->og_prefix def_%cl_1_3 %self[2.0,] 	 SYMBOL:	 ARGS:
		 2: 
		 3: def_%cl_1_4 %cl_1_0[2.1,] 
		 4: %self->page_title def_%cl_1_5 %self[3.1,2.0,] %cl_1_4[3.3,] 	 SYMBOL:	 ARGS:%cl_1_4,
		 5: 
		 6: GETFIELD %self->post def_%cl_1_6 %self[3.1,3.4,2.0,] 
		 7: %cl_1_6->present? def_%cl_1_7 %cl_1_6[3.6,] 	 SYMBOL:	 ARGS:
		 8: BRANCH %cl_1_7[3.7,] 
BB 4
	outgoing: 6 13 
	datadep: 
	instructions:
		 0: 
		 1: GETFIELD %self->post def_%cl_1_8 %self[2.0,] 
		 2: %self->og_page_post_tags def_%cl_1_9 %self[2.0,] %cl_1_8[4.1,] 	 SYMBOL:	 ARGS:%cl_1_8,
		 3: 
BB 5
	outgoing: 6 13 
	datadep: 
	instructions:
		 0: 
		 1: %self->og_general_tags def_%cl_1_10 %self[2.0,] 	 SYMBOL:	 ARGS:
		 2: COPY TYPE_PASS def_%cl_1_9 %cl_1_10[5.1,] 
BB 6
	outgoing: 7 8 13 
	datadep: 
	instructions:
		 0: 
		 1: %self->chartbeat_head_block def_%cl_1_11 %self[2.0,] 	 SYMBOL:	 ARGS:
		 2: 
		 3: %self->include_mixpanel def_%cl_1_12 %self[6.1,2.0,] 	 SYMBOL:	 ARGS:
		 4: 
		 5: %self->include_color_theme def_%cl_1_13 %self[6.1,6.3,2.0,] 	 SYMBOL:	 ARGS:
		 6: 
		 7: %self->rtl? def_%cl_1_14 %self[6.1,6.3,6.5,2.0,] 	 SYMBOL:	 ARGS:
		 8: BRANCH %cl_1_14[6.7,] 
BB 7
	outgoing: 9 13 
	datadep: 
	instructions:
		 0: 
		 1: COPY TYPE_StringLiteral "all" def_%cl_1_15 
		 2: HASH-media- def_%cl_1_16 %cl_1_15[7.1,] 
		 3: %self->stylesheet_link_tag def_%cl_1_17 %self[2.0,] %cl_1_16[7.2,] 	 SYMBOL:rtl,	 ARGS:Symbol,%cl_1_16,
		 4: 
BB 8
	outgoing: 9 
	datadep: 
	instructions:
		 0: COPY TYPE_Nil def_%cl_1_17 
BB 9
	outgoing: 10 11 13 
	datadep: 
	instructions:
		 0: 
		 1: %self->old_browser_js_support def_%cl_1_18 %self[2.0,] 	 SYMBOL:	 ARGS:
		 2: 
		 3: %self->javascript_include_tag def_%cl_1_19 %self[9.1,2.0,] 	 SYMBOL:ie,	 ARGS:Symbol,
		 4: 
		 5: %self->jquery_include_tag def_%cl_1_20 %self[9.1,9.3,2.0,] 	 SYMBOL:	 ARGS:
		 6: 
		 7: 
		 8: GETFIELD %self->landing_page def_%cl_1_21 %self[9.1,9.3,9.5,2.0,] 
		 9: BRANCH %cl_1_21[9.8,] 
BB 10
	outgoing: 12 
	datadep: 
	instructions:
		 0: COPY TYPE_Nil def_%cl_1_22 
		 1: 
BB 11
	outgoing: 12 13 
	datadep: 
	instructions:
		 0: %self->javascript_include_tag def_%cl_1_23 %self[2.0,] 	 SYMBOL:main,templates,	 ARGS:Symbol,Symbol,
		 1: 
		 2: %self->load_javascript_locales def_%cl_1_24 %self[11.0,2.0,] 	 SYMBOL:	 ARGS:
		 3: COPY TYPE_PASS def_%cl_1_22 %cl_1_24[11.2,] 
BB 12
	outgoing: 13 15 
	datadep: 
	instructions:
		 0: 
		 1: %self->translation_missing_warnings def_%cl_1_25 %self[2.0,] 	 SYMBOL:	 ARGS:
		 2: 
		 3: %self->current_user_atom_tag def_%cl_1_26 %self[12.1,2.0,] 	 SYMBOL:	 ARGS:
		 4: 
		 5: def_%cl_1_27 %cl_1_0[2.1,] 
		 6: 
		 7: %self->csrf_meta_tag def_%cl_1_28 %self[12.1,12.3,2.0,] 	 SYMBOL:	 ARGS:
		 8: 
		 9: HASH-camel_case- def_%cl_1_29 
		 10: %self->include_gon def_%cl_1_30 %self[12.1,12.3,12.7,2.0,] %cl_1_29[12.9,] 	 SYMBOL:	 ARGS:%cl_1_29,
		 11: 
		 12: def_%cl_1_31 %cl_1_0[2.1,] 
		 13: 
		 14: (Service) def_%cl_1_32 
		 15: %self->of def_%cl_1_33 %self[12.1,12.3,12.7,12.10,2.0,] %cl_1_32[12.14,] 	 SYMBOL:	 ARGS:%cl_1_32,
		 16: %self->Terms def_%cl_1_34 %self[12.1,12.3,12.7,12.10,12.15,2.0,] %cl_1_33[12.15,] 	 SYMBOL:	 ARGS:%cl_1_33,
		 17: 
		 18: def_%cl_1_35 %cl_1_0[2.1,] 
		 19: 
		 20: %self->include_chartbeat def_%cl_1_36 %self[12.1,12.3,12.7,12.10,12.15,12.16,2.0,] 	 SYMBOL:	 ARGS:
		 21: 
		 22: %self->include_mixpanel_guid def_%cl_1_37 %self[12.1,12.3,12.7,12.10,12.15,12.16,12.20,2.0,] 	 SYMBOL:	 ARGS:
		 23: 
		 24: %self->flash_messages def_%cl_1_38 %self[12.1,12.3,12.7,12.10,12.15,12.16,12.20,12.22,2.0,] 	 SYMBOL:	 ARGS:
		 25: RETURN %cl_1_38[12.24,] %self[12.1,12.3,12.7,12.10,12.15,12.16,12.20,12.22,12.24,2.0,] 
BB 13
	outgoing: 15 
	datadep: 
	instructions:
		 0: def_%cl_1_39 
		 1: def_%cl_1_40 %cl_1_39[13.0,] 
		 2: RETURN %cl_1_40[13.1,] %self[2.0,] 
BB 15
	outgoing: 
	datadep: 
	instructions:
CLOSURE END: 
		 3: RETURN %v_17[6.2,] %self[6.1,2.0,] 
BB 8
	outgoing: 
	datadep: 
	instructions:

