SET IRMethod, name = initialize instanceMethod = true
BB 1
	outgoing: 11 2 
	datadep: 
	instructions:
BB 2
	outgoing: 3 4 
	datadep: 
	instructions:
		 0: def_%self 
		 1: def_%v_0 
		 2: COPY TYPE_CurrentScope def_%current_scope 
		 3: COPY TYPE_ScopeModule def_%current_module 
		 4: 
		 5: RECEIVEARG def_listing_image 
		 6: 
		 7: listing_image->id def_%v_3 listing_image[2.5,] 	 SYMBOL:	 ARGS:
		 8: ATTRASSIGN %self->id %v_3[2.7,] 
		 9: 
		 10: listing_image->listing_id def_%v_4 listing_image[2.5,2.7,] 	 SYMBOL:	 ARGS:
		 11: ATTRASSIGN %self->listing_id %v_4[2.10,] 
		 12: 
		 13: listing_image->image_processing def_%v_5 listing_image[2.5,2.7,2.10,] 	 SYMBOL:	 ARGS:
		 14: %v_5->! def_%v_6 %v_5[2.13,] 	 SYMBOL:	 ARGS:
		 15: BRANCH %v_6[2.14,] 
BB 3
	outgoing: 4 
	datadep: 
	instructions:
		 0: listing_image->image_downloaded def_%v_7 listing_image[2.5,] 	 SYMBOL:	 ARGS:
		 1: COPY TYPE_PASS def_%v_6 %v_7[3.0,] 
BB 4
	outgoing: 5 6 
	datadep: 
	instructions:
		 0: ATTRASSIGN %self->ready %v_6[3.1,2.14,] 
		 1: 
		 2: listing_image->error def_%v_8 listing_image[2.5,] 	 SYMBOL:	 ARGS:
		 3: %v_8->present? def_%v_9 %v_8[4.2,] 	 SYMBOL:	 ARGS:
		 4: ATTRASSIGN %self->errored %v_9[4.3,] 
		 5: 
		 6: listing_image->image def_%v_10 listing_image[4.2,2.5,] 	 SYMBOL:	 ARGS:
		 7: %v_10->url def_%v_11 %v_10[4.6,] 	 SYMBOL:thumb,	 ARGS:Symbol,
		 8: listing_image->image def_%v_12 listing_image[4.2,4.6,2.5,] 	 SYMBOL:	 ARGS:
		 9: %v_12->url def_%v_13 %v_12[4.8,] 	 SYMBOL:big,	 ARGS:Symbol,
		 10: HASH-thumb-big- def_%v_14 %v_11[4.7,] %v_13[4.9,] 
		 11: ATTRASSIGN %self->images %v_14[4.10,] 
		 12: 
		 13: listing_image->id def_%v_15 listing_image[4.2,4.6,4.8,2.5,] 	 SYMBOL:	 ARGS:
		 14: %self->listing_image_path def_%v_16 %self[4.0,4.4,4.11,2.0,2.8,2.11,] %v_15[4.13,] 	 SYMBOL:	 ARGS:%v_15,
		 15: %self->image_status_listing_image_path def_%v_17 %self[4.0,4.4,4.11,4.14,2.0,2.8,2.11,] listing_image[4.2,4.6,4.8,4.13,2.5,] 	 SYMBOL:	 ARGS:listing_image,
		 16: HASH-remove-status- def_%v_18 %v_16[4.14,] %v_17[4.15,] 
		 17: ATTRASSIGN %self->urls %v_18[4.16,] 
		 18: 
		 19: (ASPECT_RATIO) def_%v_19 
		 20: listing_image->correct_size? def_%v_20 listing_image[4.2,4.6,4.8,4.13,2.5,] %v_19[4.19,] 	 SYMBOL:	 ARGS:%v_19,
		 21: BRANCH %v_20[4.20,] 
BB 5
	outgoing: 10 
	datadep: 
	instructions:
		 0: 
		 1: COPY TYPE_StringLiteral "correct-ratio" def_%v_21 
		 2: 
BB 6
	outgoing: 7 8 
	datadep: 
	instructions:
		 0: 
		 1: (ASPECT_RATIO) def_%v_22 
		 2: listing_image->too_narrow? def_%v_23 listing_image[2.5,] %v_22[6.1,] 	 SYMBOL:	 ARGS:%v_22,
		 3: BRANCH %v_23[6.2,] 
BB 7
	outgoing: 9 
	datadep: 
	instructions:
		 0: 
		 1: COPY TYPE_StringLiteral "too-narrow" def_%v_24 
		 2: 
BB 8
	outgoing: 9 
	datadep: 
	instructions:
		 0: 
		 1: COPY TYPE_StringLiteral "too-wide" def_%v_25 
		 2: COPY TYPE_PASS def_%v_24 %v_25[8.1,] 
BB 9
	outgoing: 10 
	datadep: 
	instructions:
		 0: COPY TYPE_PASS def_%v_21 %v_24[8.2,7.1,] 
BB 10
	outgoing: 11 
	datadep: 
	instructions:
		 0: ATTRASSIGN %self->aspect_ratio %v_21[9.0,5.1,] 
		 1: RETURN %v_21[9.0,5.1,] %self[10.0,4.0,4.4,4.11,4.17,2.0,2.8,2.11,] 
BB 11
	outgoing: 
	datadep: 
	instructions:

SET IRMethod, name = to_hash instanceMethod = true
BB 1
	outgoing: 3 2 
	datadep: 
	instructions:
BB 2
	outgoing: 3 
	datadep: 
	instructions:
		 0: def_%self 
		 1: def_%v_0 
		 2: COPY TYPE_CurrentScope def_%current_scope 
		 3: COPY TYPE_ScopeModule def_%current_module 
		 4: 
		 5: 
		 6: (HashUtils) def_%v_3 
		 7: %v_3->object_to_hash def_%v_4 %v_3[2.6,] %self[2.0,] 	 SYMBOL:	 ARGS:%self,
		 8: COPY TYPE_PASS def_hash %v_4[2.7,] 
		 9: 
		 10: (HashUtils) def_%v_5 
		 11: %v_5->camelize_keys def_%v_6 %v_5[2.10,] %v_4[2.7,] 	 SYMBOL:	 ARGS:hash,
		 12: RETURN %v_6[2.11,] %self[2.0,] 
BB 3
	outgoing: 
	datadep: 
	instructions:

