SET IRMethod, name = handle_paid_payment instanceMethod = true
BB 1
	outgoing: 3 2 
	datadep: 
	instructions:
BB 2
	outgoing: 3 
	datadep: 
	instructions:
		 0: def_%self 
		 1: def_%v_0 
		 2: COPY TYPE_CurrentScope def_%current_scope 
		 3: COPY TYPE_ScopeModule def_%current_module 
		 4: 
		 5: RECEIVEARG def_payment 
		 6: RETURN %self[2.0,] 
BB 3
	outgoing: 
	datadep: 
	instructions:

SET IRMethod, name = register_payout_details instanceMethod = true
BB 1
	outgoing: 3 2 
	datadep: 
	instructions:
BB 2
	outgoing: 3 
	datadep: 
	instructions:
		 0: def_%self 
		 1: def_%v_0 
		 2: COPY TYPE_CurrentScope def_%current_scope 
		 3: COPY TYPE_ScopeModule def_%current_module 
		 4: 
		 5: RECEIVEARG def_person 
		 6: RETURN %self[2.0,] 
BB 3
	outgoing: 
	datadep: 
	instructions:

SET IRMethod, name = has_registered? instanceMethod = true
BB 1
	outgoing: 3 2 
	datadep: 
	instructions:
BB 2
	outgoing: 3 
	datadep: 
	instructions:
		 0: def_%self 
		 1: def_%v_0 
		 2: COPY TYPE_CurrentScope def_%current_scope 
		 3: COPY TYPE_ScopeModule def_%current_module 
		 4: 
		 5: RECEIVEARG def_person 
		 6: RETURN %self[2.0,] 
BB 3
	outgoing: 
	datadep: 
	instructions:

SET IRMethod, name = has_additional_terms_of_use instanceMethod = true
BB 1
	outgoing: 3 2 
	datadep: 
	instructions:
BB 2
	outgoing: 3 
	datadep: 
	instructions:
		 0: def_%self 
		 1: def_%v_0 
		 2: COPY TYPE_CurrentScope def_%current_scope 
		 3: COPY TYPE_ScopeModule def_%current_module 
		 4: 
		 5: 
		 6: RETURN %self[2.0,] 
BB 3
	outgoing: 
	datadep: 
	instructions:

SET IRMethod, name = name instanceMethod = true
BB 1
	outgoing: 3 2 
	datadep: 
	instructions:
BB 2
	outgoing: 3 
	datadep: 
	instructions:
		 0: def_%self 
		 1: def_%v_0 
		 2: COPY TYPE_CurrentScope def_%current_scope 
		 3: COPY TYPE_ScopeModule def_%current_module 
		 4: 
		 5: 
		 6: %self->class def_%v_3 %self[2.0,] 	 SYMBOL:	 ARGS:
		 7: %v_3->name def_%v_4 %v_3[2.6,] 	 SYMBOL:	 ARGS:
		 8: %v_4->downcase def_%v_5 %v_4[2.7,] 	 SYMBOL:	 ARGS:
		 9: RETURN %v_5[2.8,] %self[2.0,2.6,] 
BB 3
	outgoing: 
	datadep: 
	instructions:

SET IRMethod, name = new_payment_path instanceMethod = true
BB 1
	outgoing: 3 2 
	datadep: 
	instructions:
BB 2
	outgoing: 3 
	datadep: 
	instructions:
		 0: def_%self 
		 1: def_%v_0 
		 2: COPY TYPE_CurrentScope def_%current_scope 
		 3: COPY TYPE_ScopeModule def_%current_module 
		 4: 
		 5: RECEIVEARG def_person 
		 6: RECEIVEARG def_message 
		 7: RECEIVEARG def_locale 
		 8: 
		 9: HASH-locale- def_%v_3 locale[2.7,] 
		 10: %self->new_person_message_payment_path def_%v_4 %self[2.0,] person[2.5,] message[2.6,] %v_3[2.9,] 	 SYMBOL:	 ARGS:person,message,%v_3,
		 11: RETURN %v_4[2.10,] %self[2.0,2.10,] 
BB 3
	outgoing: 
	datadep: 
	instructions:

SET IRMethod, name = new_payment_url instanceMethod = true
BB 1
	outgoing: 5 2 
	datadep: 
	instructions:
BB 2
	outgoing: 3 4 
	datadep: 
	instructions:
		 0: def_%self 
		 1: def_%v_0 
		 2: COPY TYPE_CurrentScope def_%current_scope 
		 3: COPY TYPE_ScopeModule def_%current_module 
		 4: 
		 5: RECEIVEARG def_person 
		 6: RECEIVEARG def_message 
		 7: RECEIVEARG def_locale 
		 8: RECEIVECONSTARG def_other_params 
		 9: other_params[2.8,] 
BB 3
	outgoing: 4 
	datadep: 
	instructions:
		 0: HASH- def_%v_3 
		 1: COPY TYPE_PASS def_other_params %v_3[3.0,] 
BB 4
	outgoing: 5 
	datadep: 
	instructions:
		 0: 
		 1: HASH-locale- def_%v_4 locale[2.7,] 
		 2: other_params->merge def_%v_5 other_params[3.1,2.8,] %v_4[4.1,] 	 SYMBOL:	 ARGS:%v_4,
		 3: %self->new_person_message_payment_url def_%v_6 %self[2.0,] person[2.5,] message[2.6,] %v_5[4.2,] 	 SYMBOL:	 ARGS:person,message,%v_5,
		 4: RETURN %v_6[4.3,] %self[4.3,2.0,] 
BB 5
	outgoing: 
	datadep: 
	instructions:

SET IRMethod, name = hold_in_escrow instanceMethod = true
BB 1
	outgoing: 3 2 
	datadep: 
	instructions:
BB 2
	outgoing: 3 
	datadep: 
	instructions:
		 0: def_%self 
		 1: def_%v_0 
		 2: COPY TYPE_CurrentScope def_%current_scope 
		 3: COPY TYPE_ScopeModule def_%current_module 
		 4: 
		 5: 
		 6: RETURN %self[2.0,] 
BB 3
	outgoing: 
	datadep: 
	instructions:

