SET IRMethod, name = for_person instanceMethod = false
BB 1
	outgoing: 3 2 
	datadep: 
	instructions:
BB 2
	outgoing: 3 
	datadep: 
	instructions:
		 0: def_%self 
		 1: def_%v_0 
		 2: COPY TYPE_CurrentScope def_%current_scope 
		 3: COPY TYPE_ScopeModule def_%current_module 
		 4: 
		 5: 
		 6: %self->joins def_%v_3 %self[2.0,] 	 SYMBOL:listing,	 ARGS:Symbol,
		 7: COPY TYPE_StringLiteral "listings.author_id = ? OR starter_id = ?" def_%v_4 
		 8: %self->person def_%v_5 %self[2.0,2.6,] 	 SYMBOL:	 ARGS:
		 9: %v_5->id def_%v_6 %v_5[2.8,] 	 SYMBOL:	 ARGS:
		 10: %self->person def_%v_7 %self[2.0,2.6,2.8,] 	 SYMBOL:	 ARGS:
		 11: %v_7->id def_%v_8 %v_7[2.10,] 	 SYMBOL:	 ARGS:
		 12: %v_3->where def_%v_9 %v_3[2.6,] %v_4[2.7,] %v_6[2.9,] %v_8[2.11,] 	 SYMBOL:	 ARGS:%v_4,%v_6,%v_8,
		 13: RETURN %v_9[2.12,] %self[2.0,2.6,2.8,2.10,] 
BB 3
	outgoing: 
	datadep: 
	instructions:

SET IRMethod, name = for_person instanceMethod = false
BB 1
	outgoing: 3 2 
	datadep: 
	instructions:
BB 2
	outgoing: 3 
	datadep: 
	instructions:
		 0: def_%self 
		 1: def_%v_0 
		 2: COPY TYPE_CurrentScope def_%current_scope 
		 3: COPY TYPE_ScopeModule def_%current_module 
		 4: 
		 5: 
		 6: %self->joins def_%v_3 %self[2.0,] 	 SYMBOL:listing,	 ARGS:Symbol,
		 7: COPY TYPE_StringLiteral "listings.author_id = ? OR starter_id = ?" def_%v_4 
		 8: %self->person def_%v_5 %self[2.0,2.6,] 	 SYMBOL:	 ARGS:
		 9: %v_5->id def_%v_6 %v_5[2.8,] 	 SYMBOL:	 ARGS:
		 10: %self->person def_%v_7 %self[2.0,2.6,2.8,] 	 SYMBOL:	 ARGS:
		 11: %v_7->id def_%v_8 %v_7[2.10,] 	 SYMBOL:	 ARGS:
		 12: %v_3->where def_%v_9 %v_3[2.6,] %v_4[2.7,] %v_6[2.9,] %v_8[2.11,] 	 SYMBOL:	 ARGS:%v_4,%v_6,%v_8,
		 13: RETURN %v_9[2.12,] %self[2.0,2.6,2.8,2.10,] 
BB 3
	outgoing: 
	datadep: 
	instructions:

SET IRMethod, name = for_person instanceMethod = false
BB 1
	outgoing: 3 2 
	datadep: 
	instructions:
BB 2
	outgoing: 3 
	datadep: 
	instructions:
		 0: def_%self 
		 1: def_%v_0 
		 2: COPY TYPE_CurrentScope def_%current_scope 
		 3: COPY TYPE_ScopeModule def_%current_module 
		 4: 
		 5: 
		 6: %self->joins def_%v_3 %self[2.0,] 	 SYMBOL:listing,	 ARGS:Symbol,
		 7: COPY TYPE_StringLiteral "listings.author_id = ? OR starter_id = ?" def_%v_4 
		 8: %self->person def_%v_5 %self[2.0,2.6,] 	 SYMBOL:	 ARGS:
		 9: %v_5->id def_%v_6 %v_5[2.8,] 	 SYMBOL:	 ARGS:
		 10: %self->person def_%v_7 %self[2.0,2.6,2.8,] 	 SYMBOL:	 ARGS:
		 11: %v_7->id def_%v_8 %v_7[2.10,] 	 SYMBOL:	 ARGS:
		 12: %v_3->where def_%v_9 %v_3[2.6,] %v_4[2.7,] %v_6[2.9,] %v_8[2.11,] 	 SYMBOL:	 ARGS:%v_4,%v_6,%v_8,
		 13: RETURN %v_9[2.12,] %self[2.0,2.6,2.8,2.10,] 
BB 3
	outgoing: 
	datadep: 
	instructions:

SET IRMethod, name = status instanceMethod = true
BB 1
	outgoing: 3 2 
	datadep: 
	instructions:
BB 2
	outgoing: 3 
	datadep: 
	instructions:
		 0: def_%self 
		 1: def_%v_0 
		 2: COPY TYPE_CurrentScope def_%current_scope 
		 3: COPY TYPE_ScopeModule def_%current_module 
		 4: 
		 5: 
		 6: %self->current_state def_%v_3 %self[2.0,] 	 SYMBOL:	 ARGS:
		 7: RETURN %v_3[2.6,] %self[2.0,2.6,] 
BB 3
	outgoing: 
	datadep: 
	instructions:

SET IRMethod, name = payment_attributes= instanceMethod = true
BB 1
	outgoing: 6 2 
	datadep: 
	instructions:
BB 2
	outgoing: 3 4 
	datadep: 
	instructions:
		 0: def_%self 
		 1: def_%v_0 
		 2: COPY TYPE_CurrentScope def_%current_scope 
		 3: COPY TYPE_ScopeModule def_%current_module 
		 4: 
		 5: RECEIVEARG def_attributes 
		 6: 
		 7: %self->initialize_payment def_%v_3 %self[2.0,] 	 SYMBOL:	 ARGS:
		 8: COPY TYPE_PASS def_payment %v_3[2.7,] 
		 9: 
		 10: attributes->[] def_%v_4 attributes[2.5,] 	 SYMBOL:sum,	 ARGS:Symbol,
		 11: BRANCH %v_4[2.10,] 
BB 3
	outgoing: 5 
	datadep: 
	instructions:
		 0: 
		 1: attributes->[] def_%v_5 attributes[2.5,] 	 SYMBOL:sum,	 ARGS:Symbol,
		 2: attributes->[] def_%v_6 attributes[3.1,2.5,] 	 SYMBOL:currency,	 ARGS:Symbol,
		 3: %self->initialize_braintree_payment! def_%v_7 %self[2.0,] payment[2.8,] %v_5[3.1,] %v_6[3.2,] 	 SYMBOL:	 ARGS:payment,%v_5,%v_6,
		 4: 
BB 4
	outgoing: 5 
	datadep: 
	instructions:
		 0: 
		 1: attributes->[] def_%v_8 attributes[2.5,] 	 SYMBOL:payment_rows,	 ARGS:Symbol,
		 2: %self->initialize_checkout_payment! def_%v_9 %self[2.0,] payment[2.8,] %v_8[4.1,] 	 SYMBOL:	 ARGS:payment,%v_8,
		 3: COPY TYPE_PASS def_%v_7 %v_9[4.2,] 
BB 5
	outgoing: 6 
	datadep: 
	instructions:
		 0: 
		 1: payment->save! def_%v_10 payment[2.8,] 	 SYMBOL:	 ARGS:
		 2: RETURN %v_10[5.1,] %self[2.0,] 
BB 6
	outgoing: 
	datadep: 
	instructions:

SET IRMethod, name = initialize_payment instanceMethod = true
BB 1
	outgoing: 7 2 
	datadep: 
	instructions:
BB 2
	outgoing: 3 4 
	datadep: 
	instructions:
		 0: def_%self 
		 1: def_%v_0 
		 2: COPY TYPE_CurrentScope def_%current_scope 
		 3: COPY TYPE_ScopeModule def_%current_module 
		 4: 
		 5: 
		 6: COPY TYPE_PASS def_%v_3 payment[] 
		 7: COPY TYPE_PASS def_%v_4 payment[] 
		 8: BRANCH payment[] 
BB 3
	outgoing: 4 
	datadep: 
	instructions:
		 0: %self->community def_%v_5 %self[2.0,] 	 SYMBOL:	 ARGS:
		 1: %v_5->payment_gateway def_%v_6 %v_5[3.0,] 	 SYMBOL:	 ARGS:
		 2: %v_6->new_payment def_%v_7 %v_6[3.1,] 	 SYMBOL:	 ARGS:
		 3: COPY TYPE_PASS def_payment %v_7[3.2,] 
		 4: COPY TYPE_PASS def_%v_4 %v_7[3.2,] 
BB 4
	outgoing: 5 6 
	datadep: 
	instructions:
		 0: 
		 1: payment->payment_gateway def_%v_8 payment[3.3,] 	 SYMBOL:	 ARGS:
		 2: BRANCH %v_8[4.1,] 
BB 5
	outgoing: 6 
	datadep: 
	instructions:
		 0: %self->community def_%v_10 %self[2.0,] 	 SYMBOL:	 ARGS:
		 1: %v_10->payment_gateway def_%v_11 %v_10[5.0,] 	 SYMBOL:	 ARGS:
		 2: payment->payment_gateway= def_%v_9 %v_11[5.1,] 	 SYMBOL:	 ARGS:%v_11,
		 3: COPY TYPE_PASS def_%v_8 %v_11[5.1,] 
BB 6
	outgoing: 7 
	datadep: 
	instructions:
		 0: 
		 1: ATTRASSIGN payment->transaction %self[2.0,] 
		 2: 
		 3: COPY TYPE_StringLiteral "pending" def_%v_12 
		 4: ATTRASSIGN payment->status %v_12[6.3,] 
		 5: 
		 6: %self->starter def_%v_13 %self[2.0,] 	 SYMBOL:	 ARGS:
		 7: ATTRASSIGN payment->payer %v_13[6.6,] 
		 8: 
		 9: %self->author def_%v_14 %self[6.6,2.0,] 	 SYMBOL:	 ARGS:
		 10: ATTRASSIGN payment->recipient %v_14[6.9,] 
		 11: 
		 12: %self->community def_%v_15 %self[6.6,6.9,2.0,] 	 SYMBOL:	 ARGS:
		 13: ATTRASSIGN payment->community %v_15[6.12,] 
		 14: 
		 15: RETURN payment[6.1,6.4,6.7,6.10,6.13,5.2,3.3,] %self[6.6,6.9,6.12,2.0,] 
BB 7
	outgoing: 
	datadep: 
	instructions:

SET IRMethod, name = initialize_braintree_payment! instanceMethod = true
BB 1
	outgoing: 3 2 
	datadep: 
	instructions:
BB 2
	outgoing: 3 
	datadep: 
	instructions:
		 0: def_%self 
		 1: def_%v_0 
		 2: COPY TYPE_CurrentScope def_%current_scope 
		 3: COPY TYPE_ScopeModule def_%current_module 
		 4: 
		 5: RECEIVEARG def_payment 
		 6: RECEIVEARG def_sum 
		 7: RECEIVEARG def_currency 
		 8: 
		 9: (MoneyUtil) def_%v_3 
		 10: sum->to_s def_%v_4 sum[2.6,] 	 SYMBOL:	 ARGS:
		 11: %v_3->parse_str_to_money def_%v_5 %v_3[2.9,] %v_4[2.10,] currency[2.7,] 	 SYMBOL:	 ARGS:%v_4,currency,
		 12: ATTRASSIGN payment->sum %v_5[2.11,] 
		 13: RETURN %v_5[2.11,] %self[2.0,] 
BB 3
	outgoing: 
	datadep: 
	instructions:

SET IRMethod, name = initialize_checkout_payment! instanceMethod = true
BB 1
	outgoing: 3 2 
	datadep: 
	instructions:
BB 2
	outgoing: 3 
	datadep: 
	instructions:
		 0: def_%self 
		 1: def_%v_0 
		 2: COPY TYPE_CurrentScope def_%current_scope 
		 3: COPY TYPE_ScopeModule def_%current_module 
		 4: 
		 5: RECEIVEARG def_payment 
		 6: RECEIVEARG def_rows 
		 7: 
		 8: rows->each def_%v_3 rows[2.6,] %self[2.0,] 	 SYMBOL:	 ARGS:rows,
CLOSURE BEGIN: row[] payment[2.5,] 
BB 1
	outgoing: 9 2 
	datadep: 
	instructions:
BB 2
	outgoing: 3 
	datadep: 
	instructions:
		 0: def_%self 
		 1: def_%cl_1_0 
		 2: RECEIVEARG def_row 
		 3: COPY TYPE_CurrentScope def_%current_scope 
		 4: COPY TYPE_ScopeModule def_%current_module 
BB 3
	outgoing: 4 5 7 
	datadep: 
	instructions:
		 0: 
		 1: COPY TYPE_StringLiteral "title" def_%cl_1_3 
		 2: row->[] def_%cl_1_4 row[2.2,] %cl_1_3[3.1,] 	 SYMBOL:	 ARGS:%cl_1_3,
		 3: %cl_1_4->blank? def_%cl_1_5 %cl_1_4[3.2,] 	 SYMBOL:	 ARGS:
		 4: BRANCH %cl_1_5[3.3,] 
BB 4
	outgoing: 9 
	datadep: 
	instructions:
		 0: COPY TYPE_Nil def_%cl_1_6 
		 1: RETURN %cl_1_6[4.0,] %self[2.0,] 
BB 5
	outgoing: 7 9 
	datadep: 
	instructions:
		 0: payment->rows def_%cl_1_7 payment[] 	 SYMBOL:	 ARGS:
		 1: COPY TYPE_StringLiteral "EUR" def_%cl_1_8 
		 2: HASH-currency- def_%cl_1_9 %cl_1_8[5.1,] 
		 3: row->merge def_%cl_1_10 row[2.2,] %cl_1_9[5.2,] 	 SYMBOL:	 ARGS:%cl_1_9,
		 4: %cl_1_7->build def_%cl_1_11 %cl_1_7[5.0,] %cl_1_10[5.3,] 	 SYMBOL:	 ARGS:%cl_1_10,
		 5: RETURN %cl_1_11[5.4,] %self[2.0,] 
BB 7
	outgoing: 9 
	datadep: 
	instructions:
		 0: def_%cl_1_12 
		 1: def_%cl_1_13 %cl_1_12[7.0,] 
		 2: RETURN %cl_1_13[7.1,] %self[2.0,] 
BB 9
	outgoing: 
	datadep: 
	instructions:
CLOSURE END: 
		 9: RETURN %v_3[2.8,] %self[2.0,] 
BB 3
	outgoing: 
	datadep: 
	instructions:

SET IRMethod, name = has_feedback_from? instanceMethod = true
BB 1
	outgoing: 6 2 
	datadep: 
	instructions:
BB 2
	outgoing: 3 4 
	datadep: 
	instructions:
		 0: def_%self 
		 1: def_%v_0 
		 2: COPY TYPE_CurrentScope def_%current_scope 
		 3: COPY TYPE_ScopeModule def_%current_module 
		 4: 
		 5: RECEIVEARG def_person 
		 6: 
		 7: %self->author def_%v_3 %self[2.0,] 	 SYMBOL:	 ARGS:
		 8: %v_3->== def_%v_4 %v_3[2.7,] person[2.5,] 	 SYMBOL:	 ARGS:person,
		 9: BRANCH %v_4[2.8,] 
BB 3
	outgoing: 6 
	datadep: 
	instructions:
		 0: 
		 1: %self->testimonial_from_author def_%v_5 %self[2.0,] 	 SYMBOL:	 ARGS:
		 2: %v_5->present? def_%v_6 %v_5[3.1,] 	 SYMBOL:	 ARGS:
		 3: RETURN %v_6[3.2,] %self[3.1,2.0,] 
BB 4
	outgoing: 6 
	datadep: 
	instructions:
		 0: 
		 1: %self->testimonial_from_starter def_%v_7 %self[2.0,] 	 SYMBOL:	 ARGS:
		 2: %v_7->present? def_%v_8 %v_7[4.1,] 	 SYMBOL:	 ARGS:
		 3: RETURN %v_8[4.2,] %self[4.1,2.0,] 
BB 6
	outgoing: 
	datadep: 
	instructions:

SET IRMethod, name = feedback_skipped_by? instanceMethod = true
BB 1
	outgoing: 6 2 
	datadep: 
	instructions:
BB 2
	outgoing: 3 4 
	datadep: 
	instructions:
		 0: def_%self 
		 1: def_%v_0 
		 2: COPY TYPE_CurrentScope def_%current_scope 
		 3: COPY TYPE_ScopeModule def_%current_module 
		 4: 
		 5: RECEIVEARG def_person 
		 6: 
		 7: %self->author def_%v_3 %self[2.0,] 	 SYMBOL:	 ARGS:
		 8: %v_3->== def_%v_4 %v_3[2.7,] person[2.5,] 	 SYMBOL:	 ARGS:person,
		 9: BRANCH %v_4[2.8,] 
BB 3
	outgoing: 6 
	datadep: 
	instructions:
		 0: 
		 1: %self->author_skipped_feedback? def_%v_5 %self[2.0,] 	 SYMBOL:	 ARGS:
		 2: RETURN %v_5[3.1,] %self[3.1,2.0,] 
BB 4
	outgoing: 6 
	datadep: 
	instructions:
		 0: 
		 1: %self->starter_skipped_feedback? def_%v_6 %self[2.0,] 	 SYMBOL:	 ARGS:
		 2: RETURN %v_6[4.1,] %self[4.1,2.0,] 
BB 6
	outgoing: 
	datadep: 
	instructions:

SET IRMethod, name = testimonial_from_author instanceMethod = true
BB 1
	outgoing: 3 2 
	datadep: 
	instructions:
BB 2
	outgoing: 3 
	datadep: 
	instructions:
		 0: def_%self 
		 1: def_%v_0 
		 2: COPY TYPE_CurrentScope def_%current_scope 
		 3: COPY TYPE_ScopeModule def_%current_module 
		 4: 
		 5: 
		 6: %self->testimonials def_%v_3 %self[2.0,] 	 SYMBOL:	 ARGS:
		 7: %v_3->find def_%v_4 %v_3[2.6,] %self[2.0,2.6,] 	 SYMBOL:	 ARGS:%v_3,
CLOSURE BEGIN: testimonial[] %self[2.0,2.6,] 
BB 1
	outgoing: 6 2 
	datadep: 
	instructions:
BB 2
	outgoing: 3 
	datadep: 
	instructions:
		 0: def_%self 
		 1: def_%cl_1_0 
		 2: RECEIVEARG def_testimonial 
		 3: COPY TYPE_CurrentScope def_%current_scope 
		 4: COPY TYPE_ScopeModule def_%current_module 
BB 3
	outgoing: 4 6 
	datadep: 
	instructions:
		 0: 
		 1: testimonial->author_id def_%cl_1_3 testimonial[2.2,] 	 SYMBOL:	 ARGS:
		 2: %self->author def_%cl_1_4 %self[2.0,] 	 SYMBOL:	 ARGS:
		 3: %cl_1_4->id def_%cl_1_5 %cl_1_4[3.2,] 	 SYMBOL:	 ARGS:
		 4: %cl_1_3->== def_%cl_1_6 %cl_1_3[3.1,] %cl_1_5[3.3,] 	 SYMBOL:	 ARGS:%cl_1_5,
		 5: RETURN %cl_1_6[3.4,] %self[3.2,2.0,] 
BB 4
	outgoing: 6 
	datadep: 
	instructions:
		 0: def_%cl_1_7 
		 1: def_%cl_1_8 %cl_1_7[4.0,] 
		 2: RETURN %cl_1_8[4.1,] %self[2.0,] 
BB 6
	outgoing: 
	datadep: 
	instructions:
CLOSURE END: 
		 8: RETURN %v_4[2.7,] %self[2.0,2.6,] 
BB 3
	outgoing: 
	datadep: 
	instructions:

SET IRMethod, name = testimonial_from_starter instanceMethod = true
BB 1
	outgoing: 3 2 
	datadep: 
	instructions:
BB 2
	outgoing: 3 
	datadep: 
	instructions:
		 0: def_%self 
		 1: def_%v_0 
		 2: COPY TYPE_CurrentScope def_%current_scope 
		 3: COPY TYPE_ScopeModule def_%current_module 
		 4: 
		 5: 
		 6: %self->testimonials def_%v_3 %self[2.0,] 	 SYMBOL:	 ARGS:
		 7: %v_3->find def_%v_4 %v_3[2.6,] %self[2.0,2.6,] 	 SYMBOL:	 ARGS:%v_3,
CLOSURE BEGIN: testimonial[] %self[2.0,2.6,] 
BB 1
	outgoing: 6 2 
	datadep: 
	instructions:
BB 2
	outgoing: 3 
	datadep: 
	instructions:
		 0: def_%self 
		 1: def_%cl_1_0 
		 2: RECEIVEARG def_testimonial 
		 3: COPY TYPE_CurrentScope def_%current_scope 
		 4: COPY TYPE_ScopeModule def_%current_module 
BB 3
	outgoing: 4 6 
	datadep: 
	instructions:
		 0: 
		 1: testimonial->author_id def_%cl_1_3 testimonial[2.2,] 	 SYMBOL:	 ARGS:
		 2: %self->starter def_%cl_1_4 %self[2.0,] 	 SYMBOL:	 ARGS:
		 3: %cl_1_4->id def_%cl_1_5 %cl_1_4[3.2,] 	 SYMBOL:	 ARGS:
		 4: %cl_1_3->== def_%cl_1_6 %cl_1_3[3.1,] %cl_1_5[3.3,] 	 SYMBOL:	 ARGS:%cl_1_5,
		 5: RETURN %cl_1_6[3.4,] %self[3.2,2.0,] 
BB 4
	outgoing: 6 
	datadep: 
	instructions:
		 0: def_%cl_1_7 
		 1: def_%cl_1_8 %cl_1_7[4.0,] 
		 2: RETURN %cl_1_8[4.1,] %self[2.0,] 
BB 6
	outgoing: 
	datadep: 
	instructions:
CLOSURE END: 
		 8: RETURN %v_4[2.7,] %self[2.0,2.6,] 
BB 3
	outgoing: 
	datadep: 
	instructions:

SET IRMethod, name = seller instanceMethod = true
BB 1
	outgoing: 3 2 
	datadep: 
	instructions:
BB 2
	outgoing: 3 
	datadep: 
	instructions:
		 0: def_%self 
		 1: def_%v_0 
		 2: COPY TYPE_CurrentScope def_%current_scope 
		 3: COPY TYPE_ScopeModule def_%current_module 
		 4: 
		 5: 
		 6: %self->author def_%v_3 %self[2.0,] 	 SYMBOL:	 ARGS:
		 7: RETURN %v_3[2.6,] %self[2.0,2.6,] 
BB 3
	outgoing: 
	datadep: 
	instructions:

SET IRMethod, name = buyer instanceMethod = true
BB 1
	outgoing: 3 2 
	datadep: 
	instructions:
BB 2
	outgoing: 3 
	datadep: 
	instructions:
		 0: def_%self 
		 1: def_%v_0 
		 2: COPY TYPE_CurrentScope def_%current_scope 
		 3: COPY TYPE_ScopeModule def_%current_module 
		 4: 
		 5: 
		 6: %self->starter def_%v_3 %self[2.0,] 	 SYMBOL:	 ARGS:
		 7: RETURN %v_3[2.6,] %self[2.0,2.6,] 
BB 3
	outgoing: 
	datadep: 
	instructions:

SET IRMethod, name = participations instanceMethod = true
BB 1
	outgoing: 3 2 
	datadep: 
	instructions:
BB 2
	outgoing: 3 
	datadep: 
	instructions:
		 0: def_%self 
		 1: def_%v_0 
		 2: COPY TYPE_CurrentScope def_%current_scope 
		 3: COPY TYPE_ScopeModule def_%current_module 
		 4: 
		 5: 
		 6: %self->author def_%v_3 %self[2.0,] 	 SYMBOL:	 ARGS:
		 7: %self->starter def_%v_4 %self[2.0,2.6,] 	 SYMBOL:	 ARGS:
		 8: COPY TYPE_Array def_%v_5 %v_3[2.6,] %v_4[2.7,] 
		 9: RETURN %v_5[2.8,] %self[2.0,2.6,2.7,] 
BB 3
	outgoing: 
	datadep: 
	instructions:

SET IRMethod, name = payer instanceMethod = true
BB 1
	outgoing: 3 2 
	datadep: 
	instructions:
BB 2
	outgoing: 3 
	datadep: 
	instructions:
		 0: def_%self 
		 1: def_%v_0 
		 2: COPY TYPE_CurrentScope def_%current_scope 
		 3: COPY TYPE_ScopeModule def_%current_module 
		 4: 
		 5: 
		 6: %self->starter def_%v_3 %self[2.0,] 	 SYMBOL:	 ARGS:
		 7: RETURN %v_3[2.6,] %self[2.0,2.6,] 
BB 3
	outgoing: 
	datadep: 
	instructions:

SET IRMethod, name = payment_receiver instanceMethod = true
BB 1
	outgoing: 3 2 
	datadep: 
	instructions:
BB 2
	outgoing: 3 
	datadep: 
	instructions:
		 0: def_%self 
		 1: def_%v_0 
		 2: COPY TYPE_CurrentScope def_%current_scope 
		 3: COPY TYPE_ScopeModule def_%current_module 
		 4: 
		 5: 
		 6: %self->author def_%v_3 %self[2.0,] 	 SYMBOL:	 ARGS:
		 7: RETURN %v_3[2.6,] %self[2.0,2.6,] 
BB 3
	outgoing: 
	datadep: 
	instructions:

SET IRMethod, name = requires_payment? instanceMethod = true
BB 1
	outgoing: 3 2 
	datadep: 
	instructions:
BB 2
	outgoing: 3 
	datadep: 
	instructions:
		 0: def_%self 
		 1: def_%v_0 
		 2: COPY TYPE_CurrentScope def_%current_scope 
		 3: COPY TYPE_ScopeModule def_%current_module 
		 4: 
		 5: RECEIVEARG def_community 
		 6: 
		 7: %self->listing def_%v_3 %self[2.0,] 	 SYMBOL:	 ARGS:
		 8: %v_3->payment_required_at? def_%v_4 %v_3[2.7,] community[2.5,] 	 SYMBOL:	 ARGS:community,
		 9: RETURN %v_4[2.8,] %self[2.0,2.7,] 
BB 3
	outgoing: 
	datadep: 
	instructions:

SET IRMethod, name = waiting_payment? instanceMethod = true
BB 1
	outgoing: 5 2 
	datadep: 
	instructions:
BB 2
	outgoing: 3 4 
	datadep: 
	instructions:
		 0: def_%self 
		 1: def_%v_0 
		 2: COPY TYPE_CurrentScope def_%current_scope 
		 3: COPY TYPE_ScopeModule def_%current_module 
		 4: 
		 5: RECEIVEARG def_community 
		 6: 
		 7: %self->requires_payment? def_%v_3 %self[2.0,] community[2.5,] 	 SYMBOL:	 ARGS:community,
		 8: BRANCH %v_3[2.7,] 
BB 3
	outgoing: 5 
	datadep: 
	instructions:
		 0: %self->status def_%v_4 %self[2.0,] 	 SYMBOL:	 ARGS:
		 1: COPY TYPE_StringLiteral "accepted" def_%v_5 
		 2: %v_4->eql? def_%v_6 %v_4[3.0,] %v_5[3.1,] 	 SYMBOL:	 ARGS:%v_5,
		 3: RETURN %v_6[3.2,] %self[3.0,2.0,] 
BB 4
	outgoing: 5 
	datadep: 
	instructions:
		 0: RETURN %v_3[2.7,] %self[2.0,] 
BB 5
	outgoing: 
	datadep: 
	instructions:

SET IRMethod, name = can_be_confirmed? instanceMethod = true
BB 1
	outgoing: 7 2 
	datadep: 
	instructions:
BB 2
	outgoing: 3 4 
	datadep: 
	instructions:
		 0: def_%self 
		 1: def_%v_0 
		 2: COPY TYPE_CurrentScope def_%current_scope 
		 3: COPY TYPE_ScopeModule def_%current_module 
		 4: 
		 5: 
		 6: (MarketplaceService) def_%v_3 
		 7: (inherit Transaction) def_%v_4 %v_3[2.6,] 
		 8: %v_4[2.7,] 
BB 3
	outgoing: 4 
	datadep: 
	instructions:
		 0: %v_3->const_missing def_%v_4 %v_3[2.6,] 	 SYMBOL:Transaction,	 ARGS:Symbol,
BB 4
	outgoing: 5 6 
	datadep: 
	instructions:
		 0: (inherit Query) def_%v_5 %v_4[3.0,2.7,] 
		 1: %v_5[4.0,] 
BB 5
	outgoing: 6 
	datadep: 
	instructions:
		 0: %v_4->const_missing def_%v_5 %v_4[3.0,2.7,] 	 SYMBOL:Query,	 ARGS:Symbol,
BB 6
	outgoing: 7 
	datadep: 
	instructions:
		 0: %self->id def_%v_6 %self[2.0,] 	 SYMBOL:	 ARGS:
		 1: %v_5->can_transition_to? def_%v_7 %v_5[5.0,4.0,] %v_6[6.0,] 	 SYMBOL:confirmed,	 ARGS:%v_6,Symbol,
		 2: RETURN %v_7[6.1,] %self[6.0,2.0,] 
BB 7
	outgoing: 
	datadep: 
	instructions:

SET IRMethod, name = can_be_canceled? instanceMethod = true
BB 1
	outgoing: 7 2 
	datadep: 
	instructions:
BB 2
	outgoing: 3 4 
	datadep: 
	instructions:
		 0: def_%self 
		 1: def_%v_0 
		 2: COPY TYPE_CurrentScope def_%current_scope 
		 3: COPY TYPE_ScopeModule def_%current_module 
		 4: 
		 5: 
		 6: (MarketplaceService) def_%v_3 
		 7: (inherit Transaction) def_%v_4 %v_3[2.6,] 
		 8: %v_4[2.7,] 
BB 3
	outgoing: 4 
	datadep: 
	instructions:
		 0: %v_3->const_missing def_%v_4 %v_3[2.6,] 	 SYMBOL:Transaction,	 ARGS:Symbol,
BB 4
	outgoing: 5 6 
	datadep: 
	instructions:
		 0: (inherit Query) def_%v_5 %v_4[3.0,2.7,] 
		 1: %v_5[4.0,] 
BB 5
	outgoing: 6 
	datadep: 
	instructions:
		 0: %v_4->const_missing def_%v_5 %v_4[3.0,2.7,] 	 SYMBOL:Query,	 ARGS:Symbol,
BB 6
	outgoing: 7 
	datadep: 
	instructions:
		 0: %self->id def_%v_6 %self[2.0,] 	 SYMBOL:	 ARGS:
		 1: %v_5->can_transition_to? def_%v_7 %v_5[5.0,4.0,] %v_6[6.0,] 	 SYMBOL:canceled,	 ARGS:%v_6,Symbol,
		 2: RETURN %v_7[6.1,] %self[6.0,2.0,] 
BB 7
	outgoing: 
	datadep: 
	instructions:

SET IRMethod, name = with_type instanceMethod = true
BB 1
	outgoing: 3 2 
	datadep: 
	instructions:
BB 2
	outgoing: 3 
	datadep: 
	instructions:
		 0: def_%self 
		 1: def_%v_0 
		 2: COPY TYPE_CurrentScope def_%current_scope 
		 3: COPY TYPE_ScopeModule def_%current_module 
		 4: 
		 5: def_%v_3 
		 6: def_block %v_3[2.5,] 
		 7: 
		 8: block->call def_%v_4 block[2.6,] 	 SYMBOL:listing_conversation,	 ARGS:Symbol,
		 9: RETURN %v_4[2.8,] %self[2.0,] 
BB 3
	outgoing: 
	datadep: 
	instructions:

SET IRMethod, name = latest_activity instanceMethod = true
BB 1
	outgoing: 3 2 
	datadep: 
	instructions:
BB 2
	outgoing: 3 
	datadep: 
	instructions:
		 0: def_%self 
		 1: def_%v_0 
		 2: COPY TYPE_CurrentScope def_%current_scope 
		 3: COPY TYPE_ScopeModule def_%current_module 
		 4: 
		 5: 
		 6: %self->transaction_transitions def_%v_3 %self[2.0,] 	 SYMBOL:	 ARGS:
		 7: %self->conversation def_%v_4 %self[2.0,2.6,] 	 SYMBOL:	 ARGS:
		 8: %v_4->messages def_%v_5 %v_4[2.7,] 	 SYMBOL:	 ARGS:
		 9: %v_3->+ def_%v_6 %v_3[2.6,] %v_5[2.8,] 	 SYMBOL:	 ARGS:%v_5,
		 10: %v_6->max def_%v_7 %v_6[2.9,] 	 SYMBOL:	 ARGS:
		 11: RETURN %v_7[2.10,] %self[2.0,2.6,2.7,] 
BB 3
	outgoing: 
	datadep: 
	instructions:

SET IRMethod, name = other_party instanceMethod = true
BB 1
	outgoing: 6 2 
	datadep: 
	instructions:
BB 2
	outgoing: 3 4 
	datadep: 
	instructions:
		 0: def_%self 
		 1: def_%v_0 
		 2: COPY TYPE_CurrentScope def_%current_scope 
		 3: COPY TYPE_ScopeModule def_%current_module 
		 4: 
		 5: RECEIVEARG def_person 
		 6: 
		 7: %self->starter def_%v_3 %self[2.0,] 	 SYMBOL:	 ARGS:
		 8: person->== def_%v_4 person[2.5,] %v_3[2.7,] 	 SYMBOL:	 ARGS:%v_3,
		 9: BRANCH %v_4[2.8,] 
BB 3
	outgoing: 6 
	datadep: 
	instructions:
		 0: %self->listing def_%v_5 %self[2.0,] 	 SYMBOL:	 ARGS:
		 1: %v_5->author def_%v_6 %v_5[3.0,] 	 SYMBOL:	 ARGS:
		 2: RETURN %v_6[3.1,] %self[3.0,2.0,] 
BB 4
	outgoing: 6 
	datadep: 
	instructions:
		 0: %self->starter def_%v_7 %self[2.0,] 	 SYMBOL:	 ARGS:
		 1: RETURN %v_7[4.0,] %self[4.0,2.0,] 
BB 6
	outgoing: 
	datadep: 
	instructions:

SET IRMethod, name = unit_type instanceMethod = true
BB 1
	outgoing: 3 2 
	datadep: 
	instructions:
BB 2
	outgoing: 3 
	datadep: 
	instructions:
		 0: def_%self 
		 1: def_%v_0 
		 2: COPY TYPE_CurrentScope def_%current_scope 
		 3: COPY TYPE_ScopeModule def_%current_module 
		 4: 
		 5: 
		 6: %self->read_attribute def_%v_3 %self[2.0,] 	 SYMBOL:unit_type,	 ARGS:Symbol,
		 7: %self->Maybe def_%v_4 %self[2.0,2.6,] %v_3[2.6,] 	 SYMBOL:	 ARGS:%v_3,
		 8: %v_4->to_sym def_%v_5 %v_4[2.7,] 	 SYMBOL:	 ARGS:
		 9: %v_5->or_else def_%v_6 %v_5[2.8,] 	 SYMBOL:	 ARGS:Nil,
		 10: RETURN %v_6[2.9,] %self[2.0,2.6,2.7,] 
BB 3
	outgoing: 
	datadep: 
	instructions:

