SET IRMethod, name = demons instanceMethod = false
BB 1
	outgoing: 3 2 
	datadep: 
	instructions:
BB 2
	outgoing: 3 
	datadep: 
	instructions:
		 0: def_%self 
		 1: def_%v_0 
		 2: COPY TYPE_CurrentScope def_%current_scope 
		 3: COPY TYPE_ScopeModule def_%current_module 
		 4: 
		 5: 
		 6: GETFIELD %self->demons def_%v_3 %self[2.0,] 
		 7: RETURN %v_3[2.6,] %self[2.0,] 
BB 3
	outgoing: 
	datadep: 
	instructions:

SET IRMethod, name = start instanceMethod = false
BB 1
	outgoing: 9 2 
	datadep: 
	instructions:
BB 2
	outgoing: 3 4 
	datadep: 
	instructions:
		 0: def_%self 
		 1: def_%v_0 
		 2: COPY TYPE_CurrentScope def_%current_scope 
		 3: COPY TYPE_ScopeModule def_%current_module 
		 4: 
		 5: RECEIVECONSTARG def_count 
		 6: count[2.5,] 
BB 3
	outgoing: 4 
	datadep: 
	instructions:
		 0: COPY TYPE_Fixnum def_count 
BB 4
	outgoing: 5 6 
	datadep: 
	instructions:
		 0: 
		 1: def_%v_4 %self[2.0,] 
		 2: COPY TYPE_PASS def_%v_3 %v_4[4.1,] 
		 3: %v_4[4.1,] 
BB 5
	outgoing: 6 
	datadep: 
	instructions:
		 0: GETFIELD %self->demons def_%v_5 %self[2.0,] 
		 1: COPY TYPE_PASS def_%v_3 %v_5[5.0,] 
BB 6
	outgoing: 7 8 
	datadep: 
	instructions:
		 0: BRANCH %v_3[5.1,4.2,] 
BB 7
	outgoing: 8 
	datadep: 
	instructions:
		 0: HASH- def_%v_6 
		 1: ATTRASSIGN %self->demons %v_6[7.0,] 
		 2: COPY TYPE_PASS def_%v_5 %v_6[7.0,] 
BB 8
	outgoing: 9 
	datadep: 
	instructions:
		 0: 
		 1: count->times def_%v_7 count[3.0,2.5,] %self[7.1,2.0,] 	 SYMBOL:	 ARGS:count,
CLOSURE BEGIN: %self[7.1,2.0,] i[] 
BB 1
	outgoing: 8 2 
	datadep: 
	instructions:
BB 2
	outgoing: 3 
	datadep: 
	instructions:
		 0: def_%self 
		 1: def_%cl_1_0 
		 2: RECEIVEARG def_i 
		 3: COPY TYPE_CurrentScope def_%current_scope 
		 4: COPY TYPE_ScopeModule def_%current_module 
BB 3
	outgoing: 4 5 6 
	datadep: 
	instructions:
		 0: 
		 1: GETFIELD %self->demons def_%cl_1_3 %self[2.0,] 
		 2: %self->prefix def_%cl_1_5 %self[2.0,] 	 SYMBOL:	 ARGS:
		 3: COPY TYPE_StringLiteral "_" def_%cl_1_6 
		 4: BUILDSTRING def_%cl_1_7 %cl_1_5[3.2,] %cl_1_6[3.3,] i[2.2,] 
		 5: %cl_1_3->[] def_%cl_1_4 %cl_1_3[3.1,] %cl_1_7[3.4,] 	 SYMBOL:	 ARGS:%cl_1_7,
		 6: BRANCH %cl_1_4[3.5,] 
BB 4
	outgoing: 5 6 
	datadep: 
	instructions:
		 0: %self->new def_%cl_1_8 %self[2.0,] i[2.2,] 	 SYMBOL:	 ARGS:i,
		 1: %cl_1_3->[]= def_%cl_1_4 %cl_1_3[3.1,] %cl_1_7[3.4,] %cl_1_8[4.0,] 	 SYMBOL:	 ARGS:%cl_1_7,%cl_1_8,
		 2: COPY TYPE_PASS def_%cl_1_4 %cl_1_8[4.0,] 
BB 5
	outgoing: 6 8 
	datadep: 
	instructions:
		 0: %cl_1_4->start def_%cl_1_9 %cl_1_4[4.1,4.2,3.5,] 	 SYMBOL:	 ARGS:
		 1: RETURN %cl_1_9[5.0,] %self[2.0,] 
BB 6
	outgoing: 8 
	datadep: 
	instructions:
		 0: def_%cl_1_10 
		 1: def_%cl_1_11 %cl_1_10[6.0,] 
		 2: RETURN %cl_1_11[6.1,] %self[2.0,] 
BB 8
	outgoing: 
	datadep: 
	instructions:
CLOSURE END: 
		 2: RETURN %v_7[8.1,] %self[7.1,2.0,] 
BB 9
	outgoing: 
	datadep: 
	instructions:

SET IRMethod, name = stop instanceMethod = false
BB 1
	outgoing: 6 2 
	datadep: 
	instructions:
BB 2
	outgoing: 3 4 
	datadep: 
	instructions:
		 0: def_%self 
		 1: def_%v_0 
		 2: COPY TYPE_CurrentScope def_%current_scope 
		 3: COPY TYPE_ScopeModule def_%current_module 
		 4: 
		 5: 
		 6: GETFIELD %self->demons def_%v_3 %self[2.0,] 
		 7: BRANCH %v_3[2.6,] 
BB 3
	outgoing: 6 
	datadep: 
	instructions:
		 0: COPY TYPE_Nil def_%v_4 
		 1: GETFIELD %self->demons def_%v_5 %self[2.0,] 
		 2: %v_5->values def_%v_6 %v_5[3.1,] 	 SYMBOL:	 ARGS:
		 3: %v_6->each def_%v_7 %v_6[3.2,] %self[2.0,] 	 SYMBOL:	 ARGS:%v_6,
CLOSURE BEGIN: demon[] 
BB 1
	outgoing: 6 2 
	datadep: 
	instructions:
BB 2
	outgoing: 3 
	datadep: 
	instructions:
		 0: def_%self 
		 1: def_%cl_1_0 
		 2: RECEIVEARG def_demon 
		 3: COPY TYPE_CurrentScope def_%current_scope 
		 4: COPY TYPE_ScopeModule def_%current_module 
BB 3
	outgoing: 4 6 
	datadep: 
	instructions:
		 0: 
		 1: demon->stop def_%cl_1_3 demon[2.2,] 	 SYMBOL:	 ARGS:
		 2: RETURN %cl_1_3[3.1,] %self[2.0,] 
BB 4
	outgoing: 6 
	datadep: 
	instructions:
		 0: def_%cl_1_4 
		 1: def_%cl_1_5 %cl_1_4[4.0,] 
		 2: RETURN %cl_1_5[4.1,] %self[2.0,] 
BB 6
	outgoing: 
	datadep: 
	instructions:
CLOSURE END: 
		 4: RETURN %v_7[3.3,] %self[2.0,] 
BB 4
	outgoing: 6 
	datadep: 
	instructions:
		 0: RETURN %self[2.0,] 
BB 6
	outgoing: 
	datadep: 
	instructions:

SET IRMethod, name = restart instanceMethod = false
BB 1
	outgoing: 6 2 
	datadep: 
	instructions:
BB 2
	outgoing: 3 4 
	datadep: 
	instructions:
		 0: def_%self 
		 1: def_%v_0 
		 2: COPY TYPE_CurrentScope def_%current_scope 
		 3: COPY TYPE_ScopeModule def_%current_module 
		 4: 
		 5: 
		 6: GETFIELD %self->demons def_%v_3 %self[2.0,] 
		 7: BRANCH %v_3[2.6,] 
BB 3
	outgoing: 6 
	datadep: 
	instructions:
		 0: COPY TYPE_Nil def_%v_4 
		 1: GETFIELD %self->demons def_%v_5 %self[2.0,] 
		 2: %v_5->values def_%v_6 %v_5[3.1,] 	 SYMBOL:	 ARGS:
		 3: %v_6->each def_%v_7 %v_6[3.2,] %self[2.0,] 	 SYMBOL:	 ARGS:%v_6,
CLOSURE BEGIN: demon[] 
BB 1
	outgoing: 6 2 
	datadep: 
	instructions:
BB 2
	outgoing: 3 
	datadep: 
	instructions:
		 0: def_%self 
		 1: def_%cl_1_0 
		 2: RECEIVEARG def_demon 
		 3: COPY TYPE_CurrentScope def_%current_scope 
		 4: COPY TYPE_ScopeModule def_%current_module 
BB 3
	outgoing: 4 6 
	datadep: 
	instructions:
		 0: 
		 1: demon->stop def_%cl_1_3 demon[2.2,] 	 SYMBOL:	 ARGS:
		 2: 
		 3: demon->start def_%cl_1_4 demon[3.1,2.2,] 	 SYMBOL:	 ARGS:
		 4: RETURN %cl_1_4[3.3,] %self[2.0,] 
BB 4
	outgoing: 6 
	datadep: 
	instructions:
		 0: def_%cl_1_5 
		 1: def_%cl_1_6 %cl_1_5[4.0,] 
		 2: RETURN %cl_1_6[4.1,] %self[2.0,] 
BB 6
	outgoing: 
	datadep: 
	instructions:
CLOSURE END: 
		 4: RETURN %v_7[3.3,] %self[2.0,] 
BB 4
	outgoing: 6 
	datadep: 
	instructions:
		 0: RETURN %self[2.0,] 
BB 6
	outgoing: 
	datadep: 
	instructions:

SET IRMethod, name = ensure_running instanceMethod = false
BB 1
	outgoing: 3 2 
	datadep: 
	instructions:
BB 2
	outgoing: 3 
	datadep: 
	instructions:
		 0: def_%self 
		 1: def_%v_0 
		 2: COPY TYPE_CurrentScope def_%current_scope 
		 3: COPY TYPE_ScopeModule def_%current_module 
		 4: 
		 5: 
		 6: GETFIELD %self->demons def_%v_3 %self[2.0,] 
		 7: %v_3->values def_%v_4 %v_3[2.6,] 	 SYMBOL:	 ARGS:
		 8: %v_4->each def_%v_5 %v_4[2.7,] %self[2.0,] 	 SYMBOL:	 ARGS:%v_4,
CLOSURE BEGIN: demon[] 
BB 1
	outgoing: 6 2 
	datadep: 
	instructions:
BB 2
	outgoing: 3 
	datadep: 
	instructions:
		 0: def_%self 
		 1: def_%cl_1_0 
		 2: RECEIVEARG def_demon 
		 3: COPY TYPE_CurrentScope def_%current_scope 
		 4: COPY TYPE_ScopeModule def_%current_module 
BB 3
	outgoing: 4 6 
	datadep: 
	instructions:
		 0: 
		 1: demon->ensure_running def_%cl_1_3 demon[2.2,] 	 SYMBOL:	 ARGS:
		 2: RETURN %cl_1_3[3.1,] %self[2.0,] 
BB 4
	outgoing: 6 
	datadep: 
	instructions:
		 0: def_%cl_1_4 
		 1: def_%cl_1_5 %cl_1_4[4.0,] 
		 2: RETURN %cl_1_5[4.1,] %self[2.0,] 
BB 6
	outgoing: 
	datadep: 
	instructions:
CLOSURE END: 
		 9: RETURN %v_5[2.8,] %self[2.0,] 
BB 3
	outgoing: 
	datadep: 
	instructions:

SET IRMethod, name = initialize instanceMethod = true
BB 1
	outgoing: 3 2 
	datadep: 
	instructions:
BB 2
	outgoing: 3 
	datadep: 
	instructions:
		 0: def_%self 
		 1: def_%v_0 
		 2: COPY TYPE_CurrentScope def_%current_scope 
		 3: COPY TYPE_ScopeModule def_%current_module 
		 4: 
		 5: RECEIVEARG def_index 
		 6: 
		 7: ATTRASSIGN %self->index index[2.5,] 
		 8: 
		 9: ATTRASSIGN %self->pid 
		 10: 
		 11: (Process) def_%v_3 
		 12: %v_3->pid def_%v_4 %v_3[2.11,] 	 SYMBOL:	 ARGS:
		 13: ATTRASSIGN %self->parent_pid %v_4[2.12,] 
		 14: 
		 15: ATTRASSIGN %self->started 
		 16: 
		 17: ATTRASSIGN %self->stop_timeout 
		 18: RETURN %self[2.0,2.7,2.9,2.13,2.15,2.17,] 
BB 3
	outgoing: 
	datadep: 
	instructions:

SET IRMethod, name = pid_file instanceMethod = true
BB 1
	outgoing: 3 2 
	datadep: 
	instructions:
BB 2
	outgoing: 3 
	datadep: 
	instructions:
		 0: def_%self 
		 1: def_%v_0 
		 2: COPY TYPE_CurrentScope def_%current_scope 
		 3: COPY TYPE_ScopeModule def_%current_module 
		 4: 
		 5: 
		 6: (Rails) def_%v_3 
		 7: %v_3->root def_%v_4 %v_3[2.6,] 	 SYMBOL:	 ARGS:
		 8: COPY TYPE_StringLiteral "/tmp/pids/" def_%v_5 
		 9: %self->class def_%v_6 %self[2.0,] 	 SYMBOL:	 ARGS:
		 10: %v_6->prefix def_%v_7 %v_6[2.9,] 	 SYMBOL:	 ARGS:
		 11: COPY TYPE_StringLiteral "_" def_%v_8 
		 12: GETFIELD %self->index def_%v_9 %self[2.0,2.9,] 
		 13: COPY TYPE_StringLiteral ".pid" def_%v_10 
		 14: BUILDSTRING def_%v_11 %v_4[2.7,] %v_5[2.8,] %v_7[2.10,] %v_8[2.11,] %v_9[2.12,] %v_10[2.13,] 
		 15: RETURN %v_11[2.14,] %self[2.0,2.9,] 
BB 3
	outgoing: 
	datadep: 
	instructions:

SET IRMethod, name = alive? instanceMethod = true
BB 1
	outgoing: 12 2 
	datadep: 
	instructions:
BB 2
	outgoing: 3 4 
	datadep: 
	instructions:
		 0: def_%self 
		 1: def_%v_0 
		 2: COPY TYPE_CurrentScope def_%current_scope 
		 3: COPY TYPE_ScopeModule def_%current_module 
		 4: 
		 5: RECEIVECONSTARG def_pid 
		 6: pid[2.5,] 
BB 3
	outgoing: 4 
	datadep: 
	instructions:
		 0: COPY TYPE_Nil def_pid 
BB 4
	outgoing: 5 6 
	datadep: 
	instructions:
		 0: 
		 1: COPY TYPE_PASS def_%v_3 pid[3.0,2.5,] 
		 2: COPY TYPE_PASS def_%v_4 pid[3.0,2.5,] 
		 3: BRANCH pid[3.0,2.5,] 
BB 5
	outgoing: 6 
	datadep: 
	instructions:
		 0: GETFIELD %self->pid def_%v_5 %self[2.0,] 
		 1: COPY TYPE_PASS def_pid %v_5[5.0,] 
		 2: COPY TYPE_PASS def_%v_4 %v_5[5.0,] 
BB 6
	outgoing: 7 10 
	datadep: 
	instructions:
		 0: 
		 1: BRANCH pid[5.1,3.0,2.5,] 
BB 7
	outgoing: 8 9 
	datadep: 
	instructions:
		 0: 
		 1: (Demon) def_%v_6 
		 2: (inherit Base) def_%v_7 %v_6[7.1,] 
		 3: %v_7[7.2,] 
BB 8
	outgoing: 9 
	datadep: 
	instructions:
		 0: %v_6->const_missing def_%v_7 %v_6[7.1,] 	 SYMBOL:Base,	 ARGS:Symbol,
BB 9
	outgoing: 12 
	datadep: 
	instructions:
		 0: %v_7->alive? def_%v_8 %v_7[8.0,7.2,] pid[5.1,3.0,2.5,] 	 SYMBOL:	 ARGS:pid,
		 1: RETURN %v_8[9.0,] %self[2.0,] 
BB 10
	outgoing: 12 
	datadep: 
	instructions:
		 0: 
		 1: RETURN %self[2.0,] 
BB 12
	outgoing: 
	datadep: 
	instructions:

SET IRMethod, name = stop instanceMethod = true
BB 1
	outgoing: 9 2 
	datadep: 
	instructions:
BB 2
	outgoing: 3 7 
	datadep: 
	instructions:
		 0: def_%self 
		 1: def_%v_0 
		 2: COPY TYPE_CurrentScope def_%current_scope 
		 3: COPY TYPE_ScopeModule def_%current_module 
		 4: 
		 5: 
		 6: ATTRASSIGN %self->started 
		 7: 
		 8: 
		 9: GETFIELD %self->pid def_%v_3 %self[2.0,] 
		 10: BRANCH %v_3[2.9,] 
BB 3
	outgoing: 4 5 
	datadep: 
	instructions:
		 0: 
		 1: (Process) def_%v_4 
		 2: COPY TYPE_StringLiteral "HUP" def_%v_5 
		 3: GETFIELD %self->pid def_%v_6 %self[2.0,] 
		 4: %v_4->kill def_%v_7 %v_4[3.1,] %v_5[3.2,] %v_6[3.3,] 	 SYMBOL:	 ARGS:%v_5,%v_6,
		 5: 
		 6: %self->lambda def_%v_8 %self[2.0,2.6,] %self[2.0,2.6,] 	 SYMBOL:	 ARGS:%self,
CLOSURE BEGIN: %self[2.0,2.6,] timeout[] 
BB 1
	outgoing: 35 2 
	datadep: 
	instructions:
BB 2
	outgoing: 4 
	datadep: 
	instructions:
		 0: def_%self 
		 1: def_%cl_1_0 
		 2: COPY TYPE_CurrentScope def_%current_scope 
		 3: COPY TYPE_ScopeModule def_%current_module 
		 4: 
		 5: GETFIELD %self->stop_timeout def_%cl_1_3 %self[2.0,] 
		 6: COPY TYPE_PASS def_timeout %cl_1_3[2.5,] 
		 7: 
BB 4
	outgoing: 5 6 33 
	datadep: 
	instructions:
		 0: %self->alive? def_%cl_1_5 %self[2.0,] 	 SYMBOL:	 ARGS:
		 1: BRANCH %cl_1_5[4.0,] 
BB 5
	outgoing: 6 33 
	datadep: 
	instructions:
		 0: timeout->> def_%cl_1_6 timeout[2.6,7.5,] 	 SYMBOL:	 ARGS:Fixnum,
		 1: COPY TYPE_PASS def_%cl_1_5 %cl_1_6[5.0,] 
BB 6
	outgoing: 7 20 
	datadep: 
	instructions:
		 0: BRANCH %cl_1_5[5.1,4.0,] 
BB 7
	outgoing: 8 33 
	datadep: 
	instructions:
		 0: 
		 1: 
		 2: GETFIELD %self->stop_timeout def_%cl_1_7 %self[2.0,] 
		 3: %cl_1_7->/ def_%cl_1_8 %cl_1_7[7.2,] 	 SYMBOL:	 ARGS:Float,
		 4: timeout->- def_%cl_1_9 timeout[2.6,] %cl_1_8[7.3,] 	 SYMBOL:	 ARGS:%cl_1_8,
		 5: COPY TYPE_PASS def_timeout %cl_1_9[7.4,] 
		 6: 
		 7: GETFIELD %self->stop_timeout def_%cl_1_10 %self[2.0,] 
		 8: %cl_1_10->/ def_%cl_1_11 %cl_1_10[7.7,] 	 SYMBOL:	 ARGS:Float,
		 9: %self->sleep def_%cl_1_12 %self[2.0,] %cl_1_11[7.8,] 	 SYMBOL:	 ARGS:%cl_1_11,
		 10: 
		 11: GLOBALVAR $! def_%cl_1_13 
BB 8
	outgoing: 10 11 13 
	datadep: 
	instructions:
		 0: 
		 1: (Process) def_%cl_1_16 
		 2: GETFIELD %self->pid def_%cl_1_17 %self[2.0,] 
		 3: (Process) def_%cl_1_18 
		 4: (inherit WNOHANG) def_%cl_1_19 %cl_1_18[8.3,] 
		 5: %cl_1_19[8.4,] 
BB 10
	outgoing: 11 13 
	datadep: 
	instructions:
		 0: %cl_1_18->const_missing def_%cl_1_19 %cl_1_18[8.3,] 	 SYMBOL:WNOHANG,	 ARGS:Symbol,
BB 11
	outgoing: 12 13 
	datadep: 
	instructions:
		 0: %cl_1_16->waitpid def_%cl_1_20 %cl_1_16[8.1,] %cl_1_17[8.2,] %cl_1_19[10.0,8.4,] 	 SYMBOL:	 ARGS:%cl_1_17,%cl_1_19,
		 1: COPY TYPE_PASS def_%cl_1_15 %cl_1_20[11.0,] 
		 2: 
		 3: %cl_1_13[7.11,] 
BB 12
	outgoing: 18 
	datadep: 
	instructions:
		 0: 
BB 13
	outgoing: 14 15 17 
	datadep: 
	instructions:
		 0: 
		 1: def_%cl_1_21 
		 2: def_%cl_1_22 %cl_1_21[13.1,] 
		 3: BRANCH %cl_1_22[13.2,] 
BB 14
	outgoing: 17 35 
	datadep: 
	instructions:
		 0: %cl_1_21[13.1,] 
BB 15
	outgoing: 16 17 
	datadep: 
	instructions:
		 0: COPY TYPE_Fixnum def_%cl_1_15 
		 1: 
		 2: %cl_1_13[7.11,] 
BB 16
	outgoing: 18 
	datadep: 
	instructions:
		 0: 
BB 17
	outgoing: 33 35 
	datadep: 
	instructions:
		 0: def_%cl_1_23 
		 1: def_%cl_1_24 %cl_1_23[17.0,] %cl_1_13[7.11,] 
		 2: %cl_1_23[17.0,] 
BB 18
	outgoing: 4 
	datadep: 
	instructions:
		 0: 
BB 20
	outgoing: 22 
	datadep: 
	instructions:
		 0: COPY TYPE_Nil def_%cl_1_4 
		 1: 
		 2: GLOBALVAR $! def_%cl_1_25 
BB 22
	outgoing: 24 25 27 
	datadep: 
	instructions:
		 0: 
		 1: (Process) def_%cl_1_28 
		 2: GETFIELD %self->pid def_%cl_1_29 %self[2.0,] 
		 3: (Process) def_%cl_1_30 
		 4: (inherit WNOHANG) def_%cl_1_31 %cl_1_30[22.3,] 
		 5: %cl_1_31[22.4,] 
BB 24
	outgoing: 25 27 
	datadep: 
	instructions:
		 0: %cl_1_30->const_missing def_%cl_1_31 %cl_1_30[22.3,] 	 SYMBOL:WNOHANG,	 ARGS:Symbol,
BB 25
	outgoing: 26 27 
	datadep: 
	instructions:
		 0: %cl_1_28->waitpid def_%cl_1_32 %cl_1_28[22.1,] %cl_1_29[22.2,] %cl_1_31[24.0,22.4,] 	 SYMBOL:	 ARGS:%cl_1_29,%cl_1_31,
		 1: COPY TYPE_PASS def_%cl_1_27 %cl_1_32[25.0,] 
		 2: 
		 3: %cl_1_25[20.2,] 
BB 26
	outgoing: 32 
	datadep: 
	instructions:
		 0: 
BB 27
	outgoing: 28 29 31 
	datadep: 
	instructions:
		 0: 
		 1: def_%cl_1_33 
		 2: def_%cl_1_34 %cl_1_33[27.1,] 
		 3: BRANCH %cl_1_34[27.2,] 
BB 28
	outgoing: 31 35 
	datadep: 
	instructions:
		 0: %cl_1_33[27.1,] 
BB 29
	outgoing: 30 31 
	datadep: 
	instructions:
		 0: COPY TYPE_Fixnum def_%cl_1_27 
		 1: 
		 2: %cl_1_25[20.2,] 
BB 30
	outgoing: 32 
	datadep: 
	instructions:
		 0: 
BB 31
	outgoing: 33 35 
	datadep: 
	instructions:
		 0: def_%cl_1_35 
		 1: def_%cl_1_36 %cl_1_35[31.0,] %cl_1_25[20.2,] 
		 2: %cl_1_35[31.0,] 
BB 32
	outgoing: 35 
	datadep: 
	instructions:
		 0: RETURN %cl_1_27[25.1,29.0,] %self[2.0,] 
BB 33
	outgoing: 35 
	datadep: 
	instructions:
		 0: def_%cl_1_37 
		 1: def_%cl_1_38 %cl_1_37[33.0,] 
		 2: RETURN %cl_1_38[33.1,] %self[2.0,] 
BB 35
	outgoing: 
	datadep: 
	instructions:
CLOSURE END: 
		 7: COPY TYPE_PASS def_wait_for_stop %v_8[3.6,] 
		 8: 
		 9: %v_8->call def_%v_9 %v_8[3.6,] 	 SYMBOL:	 ARGS:
		 10: 
		 11: %self->alive? def_%v_10 %self[3.6,2.0,2.6,] 	 SYMBOL:	 ARGS:
		 12: BRANCH %v_10[3.11,] 
BB 4
	outgoing: 6 
	datadep: 
	instructions:
		 0: 
		 1: (STDERR) def_%v_11 
		 2: COPY TYPE_StringLiteral "Process would not terminate cleanly, force quitting. pid: " def_%v_12 
		 3: GETFIELD %self->pid def_%v_13 %self[2.0,] 
		 4: BUILDSTRING def_%v_14 %v_12[4.2,] %v_13[4.3,] 
		 5: %v_11->puts def_%v_15 %v_11[4.1,] %v_14[4.4,] 	 SYMBOL:	 ARGS:%v_14,
		 6: 
		 7: (Process) def_%v_16 
		 8: COPY TYPE_StringLiteral "KILL" def_%v_17 
		 9: GETFIELD %self->pid def_%v_18 %self[2.0,] 
		 10: %v_16->kill def_%v_19 %v_16[4.7,] %v_17[4.8,] %v_18[4.9,] 	 SYMBOL:	 ARGS:%v_17,%v_18,
		 11: 
BB 5
	outgoing: 6 
	datadep: 
	instructions:
		 0: COPY TYPE_Nil def_%v_19 
BB 6
	outgoing: 9 
	datadep: 
	instructions:
		 0: 
		 1: wait_for_stop->call def_%v_20 wait_for_stop[3.7,] 	 SYMBOL:	 ARGS:
		 2: 
		 3: ATTRASSIGN %self->pid 
		 4: 
		 5: ATTRASSIGN %self->started 
		 6: COPY TYPE_Boolean def_%v_21 
		 7: RETURN %self[6.3,6.5,2.0,2.6,] 
BB 7
	outgoing: 9 
	datadep: 
	instructions:
		 0: RETURN %self[2.0,2.6,] 
BB 9
	outgoing: 
	datadep: 
	instructions:

SET IRMethod, name = ensure_running instanceMethod = true
BB 1
	outgoing: 23 2 
	datadep: 
	instructions:
BB 2
	outgoing: 3 4 
	datadep: 
	instructions:
		 0: def_%self 
		 1: def_%v_0 
		 2: COPY TYPE_CurrentScope def_%current_scope 
		 3: COPY TYPE_ScopeModule def_%current_module 
		 4: 
		 5: 
		 6: GETFIELD %self->started def_%v_3 %self[2.0,] 
		 7: BRANCH %v_3[2.6,] 
BB 3
	outgoing: 6 7 
	datadep: 
	instructions:
		 0: COPY TYPE_Nil def_%v_4 
		 1: 
		 2: 
		 3: GETFIELD %self->pid def_%v_5 %self[2.0,] 
		 4: %v_5->! def_%v_6 %v_5[3.3,] 	 SYMBOL:	 ARGS:
		 5: BRANCH %v_6[3.4,] 
BB 4
	outgoing: 23 
	datadep: 
	instructions:
		 0: RETURN %self[2.0,] 
BB 6
	outgoing: 23 
	datadep: 
	instructions:
		 0: ATTRASSIGN %self->started 
		 1: 
		 2: %self->start def_%v_7 %self[6.0,2.0,] 	 SYMBOL:	 ARGS:
		 3: 
		 4: RETURN %self[6.0,6.2,2.0,] 
BB 7
	outgoing: 9 
	datadep: 
	instructions:
		 0: COPY TYPE_Nil def_%v_8 
		 1: 
		 2: GLOBALVAR $! def_%v_9 
BB 9
	outgoing: 11 12 14 
	datadep: 
	instructions:
		 0: 
		 1: (Process) def_%v_12 
		 2: GETFIELD %self->pid def_%v_13 %self[2.0,] 
		 3: (Process) def_%v_14 
		 4: (inherit WNOHANG) def_%v_15 %v_14[9.3,] 
		 5: %v_15[9.4,] 
BB 11
	outgoing: 12 14 
	datadep: 
	instructions:
		 0: %v_14->const_missing def_%v_15 %v_14[9.3,] 	 SYMBOL:WNOHANG,	 ARGS:Symbol,
BB 12
	outgoing: 13 14 
	datadep: 
	instructions:
		 0: %v_12->waitpid def_%v_16 %v_12[9.1,] %v_13[9.2,] %v_15[11.0,9.4,] 	 SYMBOL:	 ARGS:%v_13,%v_15,
		 1: COPY TYPE_PASS def_%v_11 %v_16[12.0,] 
		 2: 
		 3: %v_9[7.2,] 
BB 13
	outgoing: 19 
	datadep: 
	instructions:
		 0: 
BB 14
	outgoing: 15 16 18 
	datadep: 
	instructions:
		 0: 
		 1: def_%v_17 
		 2: def_%v_18 %v_17[14.1,] 
		 3: BRANCH %v_18[14.2,] 
BB 15
	outgoing: 18 23 
	datadep: 
	instructions:
		 0: %v_17[14.1,] 
BB 16
	outgoing: 17 18 
	datadep: 
	instructions:
		 0: COPY TYPE_Fixnum def_%v_11 
		 1: 
		 2: %v_9[7.2,] 
BB 17
	outgoing: 19 
	datadep: 
	instructions:
		 0: 
BB 18
	outgoing: 23 
	datadep: 
	instructions:
		 0: def_%v_19 
		 1: def_%v_20 %v_19[18.0,] %v_9[7.2,] 
		 2: %v_19[18.0,] 
BB 19
	outgoing: 20 21 
	datadep: 
	instructions:
		 0: COPY TYPE_PASS def_dead %v_11[12.1,16.0,] 
		 1: 
		 2: BRANCH %v_11[12.1,16.0,] 
BB 20
	outgoing: 23 
	datadep: 
	instructions:
		 0: 
		 1: (STDERR) def_%v_21 
		 2: COPY TYPE_StringLiteral "Detected dead worker " def_%v_22 
		 3: GETFIELD %self->pid def_%v_23 %self[2.0,] 
		 4: COPY TYPE_StringLiteral ", restarting..." def_%v_24 
		 5: BUILDSTRING def_%v_25 %v_22[20.2,] %v_23[20.3,] %v_24[20.4,] 
		 6: %v_21->puts def_%v_26 %v_21[20.1,] %v_25[20.5,] 	 SYMBOL:	 ARGS:%v_25,
		 7: 
		 8: ATTRASSIGN %self->pid 
		 9: 
		 10: ATTRASSIGN %self->started 
		 11: 
		 12: %self->start def_%v_27 %self[20.8,20.10,2.0,] 	 SYMBOL:	 ARGS:
		 13: RETURN %v_27[20.12,] %self[20.8,20.10,20.12,2.0,] 
BB 21
	outgoing: 23 
	datadep: 
	instructions:
		 0: RETURN %self[2.0,] 
BB 23
	outgoing: 
	datadep: 
	instructions:

SET IRMethod, name = start instanceMethod = true
BB 1
	outgoing: 11 2 
	datadep: 
	instructions:
BB 2
	outgoing: 3 4 
	datadep: 
	instructions:
		 0: def_%self 
		 1: def_%v_0 
		 2: COPY TYPE_CurrentScope def_%current_scope 
		 3: COPY TYPE_ScopeModule def_%current_module 
		 4: 
		 5: 
		 6: GETFIELD %self->pid def_%v_3 %self[2.0,] 
		 7: BRANCH %v_3[2.6,] 
BB 3
	outgoing: 4 
	datadep: 
	instructions:
		 0: GETFIELD %self->started def_%v_4 %self[2.0,] 
		 1: COPY TYPE_PASS def_%v_3 %v_4[3.0,] 
BB 4
	outgoing: 5 6 
	datadep: 
	instructions:
		 0: BRANCH %v_3[3.1,2.6,] 
BB 5
	outgoing: 11 
	datadep: 
	instructions:
		 0: RETURN %self[2.0,] 
BB 6
	outgoing: 8 9 
	datadep: 
	instructions:
		 0: COPY TYPE_Nil def_%v_5 
		 1: 
		 2: %self->already_running? def_%v_6 %self[2.0,] 	 SYMBOL:	 ARGS:
		 3: COPY TYPE_PASS def_existing %v_6[6.2,] 
		 4: BRANCH %v_6[6.2,] 
BB 8
	outgoing: 10 
	datadep: 
	instructions:
		 0: 
		 1: (STDERR) def_%v_7 
		 2: COPY TYPE_StringLiteral "Attempting to kill pid " def_%v_8 
		 3: BUILDSTRING def_%v_9 %v_8[8.2,] existing[6.3,] 
		 4: %v_7->puts def_%v_10 %v_7[8.1,] %v_9[8.3,] 	 SYMBOL:	 ARGS:%v_9,
		 5: 
		 6: (Process) def_%v_11 
		 7: COPY TYPE_StringLiteral "TERM" def_%v_12 
		 8: %v_11->kill def_%v_13 %v_11[8.6,] %v_12[8.7,] existing[6.3,] 	 SYMBOL:	 ARGS:%v_12,existing,
		 9: 
BB 9
	outgoing: 10 
	datadep: 
	instructions:
		 0: COPY TYPE_Nil def_%v_13 
BB 10
	outgoing: 11 
	datadep: 
	instructions:
		 0: 
		 1: ATTRASSIGN %self->started 
		 2: 
		 3: %self->run def_%v_14 %self[10.1,2.0,] 	 SYMBOL:	 ARGS:
		 4: RETURN %v_14[10.3,] %self[10.1,10.3,2.0,] 
BB 11
	outgoing: 
	datadep: 
	instructions:

SET IRMethod, name = run instanceMethod = true
BB 1
	outgoing: 6 2 
	datadep: 
	instructions:
BB 2
	outgoing: 3 4 
	datadep: 
	instructions:
		 0: def_%self 
		 1: def_%v_0 
		 2: COPY TYPE_CurrentScope def_%current_scope 
		 3: COPY TYPE_ScopeModule def_%current_module 
		 4: 
		 5: 
		 6: %self->fork def_%v_3 %self[2.0,] 	 SYMBOL:	 ARGS:
		 7: ATTRASSIGN %self->pid %v_3[2.6,] 
		 8: BRANCH %v_3[2.6,] 
BB 3
	outgoing: 6 
	datadep: 
	instructions:
		 0: 
		 1: %self->write_pid_file def_%v_4 %self[2.0,2.7,] 	 SYMBOL:	 ARGS:
		 2: 
		 3: RETURN %self[3.1,2.0,2.7,] 
BB 4
	outgoing: 6 
	datadep: 
	instructions:
		 0: COPY TYPE_Nil def_%v_5 
		 1: 
		 2: %self->monitor_parent def_%v_6 %self[2.0,2.7,] 	 SYMBOL:	 ARGS:
		 3: 
		 4: %self->establish_app def_%v_7 %self[4.2,2.0,2.7,] 	 SYMBOL:	 ARGS:
		 5: 
		 6: %self->after_fork def_%v_8 %self[4.2,4.4,2.0,2.7,] 	 SYMBOL:	 ARGS:
		 7: RETURN %v_8[4.6,] %self[4.2,4.4,4.6,2.0,2.7,] 
BB 6
	outgoing: 
	datadep: 
	instructions:

SET IRMethod, name = already_running? instanceMethod = true
BB 1
	outgoing: 11 2 
	datadep: 
	instructions:
BB 2
	outgoing: 3 9 
	datadep: 
	instructions:
		 0: def_%self 
		 1: def_%v_0 
		 2: COPY TYPE_CurrentScope def_%current_scope 
		 3: COPY TYPE_ScopeModule def_%current_module 
		 4: 
		 5: 
		 6: (File) def_%v_3 
		 7: %self->pid_file def_%v_4 %self[2.0,] 	 SYMBOL:	 ARGS:
		 8: %v_3->exists? def_%v_5 %v_3[2.6,] %v_4[2.7,] 	 SYMBOL:	 ARGS:%v_4,
		 9: BRANCH %v_5[2.8,] 
BB 3
	outgoing: 4 5 
	datadep: 
	instructions:
		 0: 
		 1: (File) def_%v_6 
		 2: %self->pid_file def_%v_7 %self[2.0,] 	 SYMBOL:	 ARGS:
		 3: %v_6->read def_%v_8 %v_6[3.1,] %v_7[3.2,] 	 SYMBOL:	 ARGS:%v_7,
		 4: %v_8->to_i def_%v_9 %v_8[3.3,] 	 SYMBOL:	 ARGS:
		 5: COPY TYPE_PASS def_pid %v_9[3.4,] 
		 6: 
		 7: (Demon) def_%v_10 
		 8: (inherit Base) def_%v_11 %v_10[3.7,] 
		 9: %v_11[3.8,] 
BB 4
	outgoing: 5 
	datadep: 
	instructions:
		 0: %v_10->const_missing def_%v_11 %v_10[3.7,] 	 SYMBOL:Base,	 ARGS:Symbol,
BB 5
	outgoing: 6 7 
	datadep: 
	instructions:
		 0: %v_11->alive? def_%v_12 %v_11[4.0,3.8,] pid[3.5,] 	 SYMBOL:	 ARGS:pid,
		 1: BRANCH %v_12[5.0,] 
BB 6
	outgoing: 11 
	datadep: 
	instructions:
		 0: 
		 1: RETURN pid[3.5,] %self[2.0,] 
BB 7
	outgoing: 10 
	datadep: 
	instructions:
		 0: COPY TYPE_Nil def_%v_13 
		 1: 
BB 9
	outgoing: 10 
	datadep: 
	instructions:
		 0: COPY TYPE_Nil def_%v_13 
BB 10
	outgoing: 11 
	datadep: 
	instructions:
		 0: 
		 1: RETURN %self[2.0,] 
BB 11
	outgoing: 
	datadep: 
	instructions:

SET IRMethod, name = alive? instanceMethod = false
BB 1
	outgoing: 12 2 
	datadep: 
	instructions:
BB 2
	outgoing: 4 
	datadep: 
	instructions:
		 0: def_%self 
		 1: def_%v_0 
		 2: COPY TYPE_CurrentScope def_%current_scope 
		 3: COPY TYPE_ScopeModule def_%current_module 
		 4: 
		 5: RECEIVEARG def_pid 
		 6: GLOBALVAR $! def_%v_3 
BB 4
	outgoing: 5 6 
	datadep: 
	instructions:
		 0: 
		 1: 
		 2: (Process) def_%v_6 
		 3: %v_6->kill def_%v_7 %v_6[4.2,] pid[2.5,] 	 SYMBOL:	 ARGS:Fixnum,pid,
		 4: 
		 5: COPY TYPE_Boolean def_%v_5 
		 6: 
		 7: %v_3[2.6,] 
BB 5
	outgoing: 11 
	datadep: 
	instructions:
		 0: 
BB 6
	outgoing: 7 8 10 
	datadep: 
	instructions:
		 0: 
		 1: def_%v_8 
		 2: def_%v_9 %v_8[6.1,] 
		 3: BRANCH %v_9[6.2,] 
BB 7
	outgoing: 10 12 
	datadep: 
	instructions:
		 0: %v_8[6.1,] 
BB 8
	outgoing: 9 10 
	datadep: 
	instructions:
		 0: 
		 1: COPY TYPE_Boolean def_%v_5 
		 2: 
		 3: %v_3[2.6,] 
BB 9
	outgoing: 11 
	datadep: 
	instructions:
		 0: 
BB 10
	outgoing: 12 
	datadep: 
	instructions:
		 0: def_%v_10 
		 1: def_%v_11 %v_10[10.0,] %v_3[2.6,] 
		 2: %v_10[10.0,] 
BB 11
	outgoing: 12 
	datadep: 
	instructions:
		 0: RETURN %v_5[4.5,8.1,] %self[2.0,] 
BB 12
	outgoing: 
	datadep: 
	instructions:

SET IRMethod, name = write_pid_file instanceMethod = true
BB 1
	outgoing: 3 2 
	datadep: 
	instructions:
BB 2
	outgoing: 3 
	datadep: 
	instructions:
		 0: def_%self 
		 1: def_%v_0 
		 2: COPY TYPE_CurrentScope def_%current_scope 
		 3: COPY TYPE_ScopeModule def_%current_module 
		 4: 
		 5: 
		 6: (FileUtils) def_%v_3 
		 7: (Rails) def_%v_4 
		 8: %v_4->root def_%v_5 %v_4[2.7,] 	 SYMBOL:	 ARGS:
		 9: COPY TYPE_StringLiteral "tmp/pids" def_%v_6 
		 10: %v_5->+ def_%v_7 %v_5[2.8,] %v_6[2.9,] 	 SYMBOL:	 ARGS:%v_6,
		 11: %v_3->mkdir_p def_%v_8 %v_3[2.6,] %v_7[2.10,] 	 SYMBOL:	 ARGS:%v_7,
		 12: 
		 13: (File) def_%v_9 
		 14: %self->pid_file def_%v_10 %self[2.0,] 	 SYMBOL:	 ARGS:
		 15: COPY TYPE_StringLiteral "w" def_%v_11 
		 16: %v_9->open def_%v_12 %v_9[2.13,] %v_10[2.14,] %v_11[2.15,] %self[2.0,2.14,] 	 SYMBOL:	 ARGS:%v_10,%v_11,%v_9,
CLOSURE BEGIN: %self[2.0,2.14,] f[] 
BB 1
	outgoing: 6 2 
	datadep: 
	instructions:
BB 2
	outgoing: 3 
	datadep: 
	instructions:
		 0: def_%self 
		 1: def_%cl_1_0 
		 2: RECEIVEARG def_f 
		 3: COPY TYPE_CurrentScope def_%current_scope 
		 4: COPY TYPE_ScopeModule def_%current_module 
BB 3
	outgoing: 4 6 
	datadep: 
	instructions:
		 0: 
		 1: GETFIELD %self->pid def_%cl_1_3 %self[2.0,] 
		 2: f->write def_%cl_1_4 f[2.2,] %cl_1_3[3.1,] 	 SYMBOL:	 ARGS:%cl_1_3,
		 3: RETURN %cl_1_4[3.2,] %self[2.0,] 
BB 4
	outgoing: 6 
	datadep: 
	instructions:
		 0: def_%cl_1_5 
		 1: def_%cl_1_6 %cl_1_5[4.0,] 
		 2: RETURN %cl_1_6[4.1,] %self[2.0,] 
BB 6
	outgoing: 
	datadep: 
	instructions:
CLOSURE END: 
		 17: RETURN %v_12[2.16,] %self[2.0,2.14,] 
BB 3
	outgoing: 
	datadep: 
	instructions:

SET IRMethod, name = delete_pid_file instanceMethod = true
BB 1
	outgoing: 3 2 
	datadep: 
	instructions:
BB 2
	outgoing: 3 
	datadep: 
	instructions:
		 0: def_%self 
		 1: def_%v_0 
		 2: COPY TYPE_CurrentScope def_%current_scope 
		 3: COPY TYPE_ScopeModule def_%current_module 
		 4: 
		 5: 
		 6: (File) def_%v_3 
		 7: %self->pid_file def_%v_4 %self[2.0,] 	 SYMBOL:	 ARGS:
		 8: %v_3->delete def_%v_5 %v_3[2.6,] %v_4[2.7,] 	 SYMBOL:	 ARGS:%v_4,
		 9: RETURN %v_5[2.8,] %self[2.0,2.7,] 
BB 3
	outgoing: 
	datadep: 
	instructions:

SET IRMethod, name = monitor_parent instanceMethod = true
BB 1
	outgoing: 3 2 
	datadep: 
	instructions:
BB 2
	outgoing: 3 
	datadep: 
	instructions:
		 0: def_%self 
		 1: def_%v_0 
		 2: COPY TYPE_CurrentScope def_%current_scope 
		 3: COPY TYPE_ScopeModule def_%current_module 
		 4: 
		 5: 
		 6: (Thread) def_%v_3 
		 7: %v_3->new def_%v_4 %v_3[2.6,] %self[2.0,] 	 SYMBOL:	 ARGS:%v_3,
CLOSURE BEGIN: %self[2.0,] 
BB 1
	outgoing: 23 2 
	datadep: 
	instructions:
BB 2
	outgoing: 4 
	datadep: 
	instructions:
		 0: def_%self 
		 1: def_%cl_1_0 
		 2: COPY TYPE_CurrentScope def_%current_scope 
		 3: COPY TYPE_ScopeModule def_%current_module 
		 4: 
BB 4
	outgoing: 5 19 
	datadep: 
	instructions:
		 0: 
		 1: BRANCH 
BB 5
	outgoing: 6 21 
	datadep: 
	instructions:
		 0: 
		 1: GLOBALVAR $! def_%cl_1_4 
BB 6
	outgoing: 8 9 12 
	datadep: 
	instructions:
		 0: 
		 1: 
		 2: GETFIELD %self->parent_pid def_%cl_1_7 %self[2.0,] 
		 3: %self->alive? def_%cl_1_8 %self[2.0,] %cl_1_7[6.2,] 	 SYMBOL:	 ARGS:%cl_1_7,
		 4: BRANCH %cl_1_8[6.3,] 
BB 8
	outgoing: 10 
	datadep: 
	instructions:
		 0: COPY TYPE_Nil def_%cl_1_9 
		 1: 
BB 9
	outgoing: 10 12 
	datadep: 
	instructions:
		 0: 
		 1: (Process) def_%cl_1_10 
		 2: COPY TYPE_StringLiteral "TERM" def_%cl_1_11 
		 3: (Process) def_%cl_1_12 
		 4: %cl_1_12->pid def_%cl_1_13 %cl_1_12[9.3,] 	 SYMBOL:	 ARGS:
		 5: %cl_1_10->kill def_%cl_1_14 %cl_1_10[9.1,] %cl_1_11[9.2,] %cl_1_13[9.4,] 	 SYMBOL:	 ARGS:%cl_1_11,%cl_1_13,
		 6: 
		 7: %self->sleep def_%cl_1_15 %self[2.0,] 	 SYMBOL:	 ARGS:Fixnum,
		 8: 
		 9: (Process) def_%cl_1_16 
		 10: COPY TYPE_StringLiteral "KILL" def_%cl_1_17 
		 11: (Process) def_%cl_1_18 
		 12: %cl_1_18->pid def_%cl_1_19 %cl_1_18[9.11,] 	 SYMBOL:	 ARGS:
		 13: %cl_1_16->kill def_%cl_1_20 %cl_1_16[9.9,] %cl_1_17[9.10,] %cl_1_19[9.12,] 	 SYMBOL:	 ARGS:%cl_1_17,%cl_1_19,
		 14: COPY TYPE_PASS def_%cl_1_9 %cl_1_20[9.13,] 
BB 10
	outgoing: 11 12 
	datadep: 
	instructions:
		 0: COPY TYPE_PASS def_%cl_1_6 %cl_1_9[9.14,8.0,] 
		 1: %cl_1_4[5.1,] 
BB 11
	outgoing: 17 
	datadep: 
	instructions:
		 0: 
BB 12
	outgoing: 13 14 16 
	datadep: 
	instructions:
		 0: def_%cl_1_21 
		 1: def_%cl_1_22 %cl_1_21[12.0,] 
		 2: BRANCH %cl_1_22[12.1,] 
BB 13
	outgoing: 16 23 
	datadep: 
	instructions:
		 0: %cl_1_21[12.0,] 
BB 14
	outgoing: 15 16 
	datadep: 
	instructions:
		 0: GLOBALVAR $! def_%cl_1_23 
		 1: COPY TYPE_PASS def_e %cl_1_23[14.0,] 
		 2: 
		 3: (STDERR) def_%cl_1_24 
		 4: COPY TYPE_StringLiteral "URGENT monitoring thread had an exception " def_%cl_1_25 
		 5: BUILDSTRING def_%cl_1_26 %cl_1_25[14.4,] %cl_1_23[14.0,] 
		 6: %cl_1_24->puts def_%cl_1_27 %cl_1_24[14.3,] %cl_1_26[14.5,] 	 SYMBOL:	 ARGS:%cl_1_26,
		 7: COPY TYPE_PASS def_%cl_1_6 %cl_1_27[14.6,] 
		 8: %cl_1_4[5.1,] 
BB 15
	outgoing: 17 
	datadep: 
	instructions:
		 0: 
BB 16
	outgoing: 21 23 
	datadep: 
	instructions:
		 0: def_%cl_1_28 
		 1: def_%cl_1_29 %cl_1_28[16.0,] %cl_1_4[5.1,] 
		 2: %cl_1_28[16.0,] 
BB 17
	outgoing: 18 21 
	datadep: 
	instructions:
		 0: 
		 1: %self->sleep def_%cl_1_30 %self[2.0,] 	 SYMBOL:	 ARGS:Fixnum,
BB 18
	outgoing: 4 
	datadep: 
	instructions:
		 0: 
BB 19
	outgoing: 23 
	datadep: 
	instructions:
		 0: RETURN %self[2.0,] 
BB 21
	outgoing: 23 
	datadep: 
	instructions:
		 0: def_%cl_1_31 
		 1: def_%cl_1_32 %cl_1_31[21.0,] 
		 2: RETURN %cl_1_32[21.1,] %self[2.0,] 
BB 23
	outgoing: 
	datadep: 
	instructions:
CLOSURE END: 
		 8: RETURN %v_4[2.7,] %self[2.0,] 
BB 3
	outgoing: 
	datadep: 
	instructions:

SET IRMethod, name = suppress_stdout instanceMethod = true
BB 1
	outgoing: 3 2 
	datadep: 
	instructions:
BB 2
	outgoing: 3 
	datadep: 
	instructions:
		 0: def_%self 
		 1: def_%v_0 
		 2: COPY TYPE_CurrentScope def_%current_scope 
		 3: COPY TYPE_ScopeModule def_%current_module 
		 4: 
		 5: 
		 6: RETURN %self[2.0,] 
BB 3
	outgoing: 
	datadep: 
	instructions:

SET IRMethod, name = suppress_stderr instanceMethod = true
BB 1
	outgoing: 3 2 
	datadep: 
	instructions:
BB 2
	outgoing: 3 
	datadep: 
	instructions:
		 0: def_%self 
		 1: def_%v_0 
		 2: COPY TYPE_CurrentScope def_%current_scope 
		 3: COPY TYPE_ScopeModule def_%current_module 
		 4: 
		 5: 
		 6: RETURN %self[2.0,] 
BB 3
	outgoing: 
	datadep: 
	instructions:

SET IRMethod, name = establish_app instanceMethod = true
BB 1
	outgoing: 9 2 
	datadep: 
	instructions:
BB 2
	outgoing: 3 4 
	datadep: 
	instructions:
		 0: def_%self 
		 1: def_%v_0 
		 2: COPY TYPE_CurrentScope def_%current_scope 
		 3: COPY TYPE_ScopeModule def_%current_module 
		 4: 
		 5: 
		 6: (Discourse) def_%v_3 
		 7: %v_3->after_fork def_%v_4 %v_3[2.6,] 	 SYMBOL:	 ARGS:
		 8: 
		 9: (Signal) def_%v_5 
		 10: COPY TYPE_StringLiteral "HUP" def_%v_6 
		 11: %v_5->trap def_%v_7 %v_5[2.9,] %v_6[2.10,] %self[2.0,] 	 SYMBOL:	 ARGS:%v_6,%v_5,
CLOSURE BEGIN: %self[2.0,] 
BB 1
	outgoing: 11 2 
	datadep: 
	instructions:
BB 2
	outgoing: 4 
	datadep: 
	instructions:
		 0: def_%self 
		 1: def_%cl_1_0 
		 2: COPY TYPE_CurrentScope def_%current_scope 
		 3: COPY TYPE_ScopeModule def_%current_module 
		 4: 
		 5: GLOBALVAR $! def_%cl_1_3 
BB 4
	outgoing: 5 6 
	datadep: 
	instructions:
		 0: 
		 1: %self->delete_pid_file def_%cl_1_10 %self[2.0,] 	 SYMBOL:	 ARGS:
		 2: COPY TYPE_PASS def_%cl_1_9 %cl_1_10[4.1,] 
BB 5
	outgoing: 11 
	datadep: 
	instructions:
		 0: 
		 1: (Process) def_%cl_1_4 
		 2: COPY TYPE_StringLiteral "TERM" def_%cl_1_5 
		 3: (Process) def_%cl_1_6 
		 4: %cl_1_6->pid def_%cl_1_7 %cl_1_6[5.3,] 	 SYMBOL:	 ARGS:
		 5: %cl_1_4->kill def_%cl_1_8 %cl_1_4[5.1,] %cl_1_5[5.2,] %cl_1_7[5.4,] 	 SYMBOL:	 ARGS:%cl_1_5,%cl_1_7,
		 6: RETURN %cl_1_9[4.2,] %self[2.0,] 
BB 6
	outgoing: 7 9 
	datadep: 
	instructions:
		 0: def_%cl_1_11 
		 1: def_%cl_1_12 %cl_1_11[6.0,] %cl_1_3[2.5,] 
BB 7
	outgoing: 9 11 
	datadep: 
	instructions:
		 0: 
		 1: (Process) def_%cl_1_4 
		 2: COPY TYPE_StringLiteral "TERM" def_%cl_1_5 
		 3: (Process) def_%cl_1_6 
		 4: %cl_1_6->pid def_%cl_1_7 %cl_1_6[7.3,] 	 SYMBOL:	 ARGS:
		 5: %cl_1_4->kill def_%cl_1_8 %cl_1_4[7.1,] %cl_1_5[7.2,] %cl_1_7[7.4,] 	 SYMBOL:	 ARGS:%cl_1_5,%cl_1_7,
		 6: %cl_1_11[6.0,] 
BB 9
	outgoing: 11 
	datadep: 
	instructions:
		 0: def_%cl_1_13 
		 1: def_%cl_1_14 %cl_1_13[9.0,] 
		 2: RETURN %cl_1_14[9.1,] %self[2.0,] 
BB 11
	outgoing: 
	datadep: 
	instructions:
CLOSURE END: 
		 12: 
		 13: %self->suppress_stdout def_%v_8 %self[2.0,] 	 SYMBOL:	 ARGS:
		 14: BRANCH %v_8[2.13,] 
BB 3
	outgoing: 5 
	datadep: 
	instructions:
		 0: GLOBALVAR $stdout def_%v_9 
		 1: COPY TYPE_StringLiteral "/dev/null" def_%v_10 
		 2: COPY TYPE_StringLiteral "w" def_%v_11 
		 3: %v_9->reopen def_%v_12 %v_9[3.0,] %v_10[3.1,] %v_11[3.2,] 	 SYMBOL:	 ARGS:%v_10,%v_11,
		 4: 
BB 4
	outgoing: 5 
	datadep: 
	instructions:
		 0: COPY TYPE_Nil def_%v_12 
BB 5
	outgoing: 6 7 
	datadep: 
	instructions:
		 0: 
		 1: %self->suppress_stderr def_%v_13 %self[2.0,] 	 SYMBOL:	 ARGS:
		 2: BRANCH %v_13[5.1,] 
BB 6
	outgoing: 9 
	datadep: 
	instructions:
		 0: GLOBALVAR $stderr def_%v_14 
		 1: COPY TYPE_StringLiteral "/dev/null" def_%v_15 
		 2: COPY TYPE_StringLiteral "w" def_%v_16 
		 3: %v_14->reopen def_%v_17 %v_14[6.0,] %v_15[6.1,] %v_16[6.2,] 	 SYMBOL:	 ARGS:%v_15,%v_16,
		 4: RETURN %v_17[6.3,] %self[2.0,] 
BB 7
	outgoing: 9 
	datadep: 
	instructions:
		 0: RETURN %self[2.0,] 
BB 9
	outgoing: 
	datadep: 
	instructions:

SET IRMethod, name = after_fork instanceMethod = true
BB 1
	outgoing: 3 2 
	datadep: 
	instructions:
BB 2
	outgoing: 3 
	datadep: 
	instructions:
		 0: def_%self 
		 1: def_%v_0 
		 2: COPY TYPE_CurrentScope def_%current_scope 
		 3: COPY TYPE_ScopeModule def_%current_module 
		 4: 
		 5: RETURN %self[2.0,] 
BB 3
	outgoing: 
	datadep: 
	instructions:

