SET IRMethod, name = new instanceMethod = true
BB 1
	outgoing: 3 2 
	datadep: 
	instructions:
BB 2
	outgoing: 3 
	datadep: 
	instructions:
		 0: def_%self 
		 1: def_%v_0 
		 2: COPY TYPE_CurrentScope def_%current_scope 
		 3: COPY TYPE_ScopeModule def_%current_module 
		 4: 
		 5: 
		 6: %self->render_form def_%v_3 %self[2.0,] 	 SYMBOL:	 ARGS:
		 7: RETURN %v_3[2.6,] %self[2.0,2.6,] 
BB 3
	outgoing: 
	datadep: 
	instructions:

SET IRMethod, name = create instanceMethod = true
BB 1
	outgoing: 11 2 
	datadep: 
	instructions:
BB 2
	outgoing: 3 4 
	datadep: 
	instructions:
		 0: def_%self 
		 1: def_%v_0 
		 2: COPY TYPE_CurrentScope def_%current_scope 
		 3: COPY TYPE_ScopeModule def_%current_module 
		 4: 
		 5: 
		 6: (FeedbackForm) def_%v_3 
		 7: %self->params def_%v_4 %self[2.0,] 	 SYMBOL:	 ARGS:
		 8: %v_4->[] def_%v_5 %v_4[2.7,] 	 SYMBOL:feedback,	 ARGS:Symbol,
		 9: %v_3->new def_%v_6 %v_3[2.6,] %v_5[2.8,] 	 SYMBOL:	 ARGS:%v_5,
		 10: COPY TYPE_PASS def_feedback_form %v_6[2.9,] 
		 11: 
		 12: %self->params def_%v_7 %self[2.0,2.7,] 	 SYMBOL:	 ARGS:
		 13: %v_7->[] def_%v_8 %v_7[2.12,] 	 SYMBOL:feedback,	 ARGS:Symbol,
		 14: %self->ensure_not_spam! def_%v_9 %self[2.0,2.7,2.12,] %v_8[2.13,] feedback_form[2.10,] 	 SYMBOL:	 ARGS:%v_8,feedback_form,
		 15: BRANCH %v_9[2.14,] 
BB 3
	outgoing: 11 
	datadep: 
	instructions:
		 0: RETURN %self[2.0,] 
BB 4
	outgoing: 6 7 
	datadep: 
	instructions:
		 0: COPY TYPE_Nil def_%v_10 
		 1: 
		 2: feedback_form->valid? def_%v_11 feedback_form[2.10,] 	 SYMBOL:	 ARGS:
		 3: BRANCH %v_11[4.2,] 
BB 6
	outgoing: 9 10 
	datadep: 
	instructions:
		 0: COPY TYPE_Nil def_%v_12 
		 1: 
		 2: GETFIELD %self->current_user def_%v_17 %self[2.0,] 
		 3: %self->Maybe def_%v_18 %self[2.0,] %v_17[6.2,] 	 SYMBOL:	 ARGS:%v_17,
		 4: %v_18->id def_%v_19 %v_18[6.3,] 	 SYMBOL:	 ARGS:
		 5: COPY TYPE_StringLiteral "Anonymous" def_%v_20 
		 6: %v_19->or_else def_%v_21 %v_19[6.4,] %v_20[6.5,] 	 SYMBOL:	 ARGS:%v_20,
		 7: COPY TYPE_PASS def_author_id %v_21[6.6,] 
		 8: 
		 9: %self->current_user_email def_%v_22 %self[6.3,2.0,] 	 SYMBOL:	 ARGS:
		 10: BRANCH %v_22[6.9,] 
BB 7
	outgoing: 11 
	datadep: 
	instructions:
		 0: 
		 1: %self->flash def_%v_13 %self[2.0,] 	 SYMBOL:	 ARGS:
		 2: COPY TYPE_StringLiteral "layouts.notifications.feedback_not_saved" def_%v_14 
		 3: %self->t def_%v_15 %self[7.1,2.0,] %v_14[7.2,] 	 SYMBOL:	 ARGS:%v_14,
		 4: ATTRASSIGN %v_13->[] %v_15[7.3,] 
		 5: 
		 6: %self->render_form def_%v_16 %self[7.1,7.3,2.0,] feedback_form[2.10,] 	 SYMBOL:	 ARGS:feedback_form,
		 7: RETURN %v_16[7.6,] %self[7.1,7.3,7.6,2.0,] 
BB 9
	outgoing: 10 
	datadep: 
	instructions:
		 0: feedback_form->email def_%v_23 feedback_form[2.10,] 	 SYMBOL:	 ARGS:
		 1: COPY TYPE_PASS def_%v_22 %v_23[9.0,] 
BB 10
	outgoing: 11 
	datadep: 
	instructions:
		 0: COPY TYPE_PASS def_email %v_22[9.1,6.9,] 
		 1: 
		 2: (Feedback) def_%v_24 
		 3: feedback_form->to_hash def_%v_25 feedback_form[2.10,] 	 SYMBOL:	 ARGS:
		 4: GETFIELD %self->current_community def_%v_26 %self[2.0,] 
		 5: %v_26->id def_%v_27 %v_26[10.4,] 	 SYMBOL:	 ARGS:
		 6: HASH-community_id-author_id-email- def_%v_28 %v_27[10.5,] author_id[6.7,] email[10.0,] 
		 7: %v_25->merge def_%v_29 %v_25[10.3,] %v_28[10.6,] 	 SYMBOL:	 ARGS:%v_28,
		 8: %v_24->create def_%v_30 %v_24[10.2,] %v_29[10.7,] 	 SYMBOL:	 ARGS:%v_29,
		 9: COPY TYPE_PASS def_feedback %v_30[10.8,] 
		 10: 
		 11: (PersonMailer) def_%v_31 
		 12: GETFIELD %self->current_community def_%v_32 %self[2.0,] 
		 13: %v_31->new_feedback def_%v_33 %v_31[10.11,] %v_30[10.8,] %v_32[10.12,] 	 SYMBOL:	 ARGS:feedback,%v_32,
		 14: %v_33->deliver def_%v_34 %v_33[10.13,] 	 SYMBOL:	 ARGS:
		 15: 
		 16: %self->flash def_%v_35 %self[2.0,] 	 SYMBOL:	 ARGS:
		 17: COPY TYPE_StringLiteral "layouts.notifications.feedback_saved" def_%v_36 
		 18: %self->t def_%v_37 %self[10.16,2.0,] %v_36[10.17,] 	 SYMBOL:	 ARGS:%v_36,
		 19: ATTRASSIGN %v_35->[] %v_37[10.18,] 
		 20: 
		 21: %self->root def_%v_38 %self[10.16,10.18,2.0,] 	 SYMBOL:	 ARGS:
		 22: %self->redirect_to def_%v_39 %self[10.16,10.18,10.21,2.0,] %v_38[10.21,] 	 SYMBOL:	 ARGS:%v_38,
		 23: RETURN %v_39[10.22,] %self[10.16,10.18,10.21,10.22,2.0,] 
BB 11
	outgoing: 
	datadep: 
	instructions:

SET IRMethod, name = render_form instanceMethod = true
BB 1
	outgoing: 5 2 
	datadep: 
	instructions:
BB 2
	outgoing: 3 4 
	datadep: 
	instructions:
		 0: def_%self 
		 1: def_%v_0 
		 2: COPY TYPE_CurrentScope def_%current_scope 
		 3: COPY TYPE_ScopeModule def_%current_module 
		 4: 
		 5: RECEIVECONSTARG def_form 
		 6: form[2.5,] 
BB 3
	outgoing: 4 
	datadep: 
	instructions:
		 0: COPY TYPE_Nil def_form 
BB 4
	outgoing: 5 
	datadep: 
	instructions:
		 0: 
		 1: %self->ruby_code_from_view def_%v_3 %self[2.0,] 	 SYMBOL:	 ARGS:
		 2: %v_3->ruby_code_from_view def_%v_4 %v_3[4.1,] %self[4.1,2.0,] 	 SYMBOL:	 ARGS:%v_3,
CLOSURE BEGIN: %self[4.1,2.0,] announcement[] form[3.0,2.5,] param[] value[] 
BB 1
	outgoing: 39 2 
	datadep: 
	instructions:
BB 2
	outgoing: 3 
	datadep: 
	instructions:
		 0: def_%self 
		 1: def_%cl_1_0 
		 2: RECEIVEARG def_rb_from_view 
		 3: COPY TYPE_CurrentScope def_%current_scope 
		 4: COPY TYPE_ScopeModule def_%current_module 
BB 3
	outgoing: 4 11 37 
	datadep: 
	instructions:
		 0: 
		 1: (APP_CONFIG) def_%cl_1_3 
		 2: %cl_1_3->use_kissmetrics def_%cl_1_4 %cl_1_3[3.1,] 	 SYMBOL:	 ARGS:
		 3: BRANCH %cl_1_4[3.2,] 
BB 4
	outgoing: 5 6 37 
	datadep: 
	instructions:
		 0: 
		 1: COPY TYPE_StringLiteral "_kms('//i.kissmetrics.com/i.js');_kms('" def_%cl_1_5 
		 2: (APP_CONFIG) def_%cl_1_6 
		 3: %cl_1_6->kissmetrics_url def_%cl_1_7 %cl_1_6[4.2,] 	 SYMBOL:	 ARGS:
		 4: COPY TYPE_StringLiteral "');" def_%cl_1_8 
		 5: BUILDSTRING def_%cl_1_9 %cl_1_5[4.1,] %cl_1_7[4.3,] %cl_1_8[4.4,] 
		 6: 
		 7: 
		 8: GETFIELD %self->current_user def_%cl_1_10 %self[2.0,] 
		 9: BRANCH %cl_1_10[4.8,] 
BB 5
	outgoing: 7 37 
	datadep: 
	instructions:
		 0: COPY TYPE_StringLiteral "_kmq.push(['identify', '" def_%cl_1_11 
		 1: GETFIELD %self->current_user def_%cl_1_12 %self[2.0,] 
		 2: %cl_1_12->id def_%cl_1_13 %cl_1_12[5.1,] 	 SYMBOL:	 ARGS:
		 3: COPY TYPE_StringLiteral "']);" def_%cl_1_14 
		 4: BUILDSTRING def_%cl_1_15 %cl_1_11[5.0,] %cl_1_13[5.2,] %cl_1_14[5.3,] 
		 5: 
BB 6
	outgoing: 7 
	datadep: 
	instructions:
		 0: COPY TYPE_Nil def_%cl_1_15 
BB 7
	outgoing: 8 9 
	datadep: 
	instructions:
		 0: 
		 1: 
		 2: GETFIELD %self->current_community def_%cl_1_16 %self[2.0,] 
		 3: BRANCH %cl_1_16[7.2,] 
BB 8
	outgoing: 10 37 
	datadep: 
	instructions:
		 0: COPY TYPE_StringLiteral "_kmq.push(['set', {'SiteName' : '" def_%cl_1_17 
		 1: GETFIELD %self->current_community def_%cl_1_18 %self[2.0,] 
		 2: %cl_1_18->ident def_%cl_1_19 %cl_1_18[8.1,] 	 SYMBOL:	 ARGS:
		 3: COPY TYPE_StringLiteral "'}]);" def_%cl_1_20 
		 4: BUILDSTRING def_%cl_1_21 %cl_1_17[8.0,] %cl_1_19[8.2,] %cl_1_20[8.3,] 
		 5: 
BB 9
	outgoing: 10 
	datadep: 
	instructions:
		 0: 
		 1: COPY TYPE_StringLiteral "_kmq.push(['set', {'SiteName' : 'dashboard'}]);" def_%cl_1_22 
		 2: COPY TYPE_PASS def_%cl_1_21 %cl_1_22[9.1,] 
BB 10
	outgoing: 12 
	datadep: 
	instructions:
		 0: 
BB 11
	outgoing: 12 
	datadep: 
	instructions:
		 0: COPY TYPE_Nil def_%cl_1_21 
BB 12
	outgoing: 13 14 37 
	datadep: 
	instructions:
		 0: 
		 1: (I18n) def_%cl_1_23 
		 2: %cl_1_23->locale def_%cl_1_24 %cl_1_23[12.1,] 	 SYMBOL:	 ARGS:
		 3: 
		 4: %self->content_for def_%cl_1_25 %self[2.0,] 	 SYMBOL:head,	 ARGS:Symbol,
		 5: 
		 6: %self->display_expiration_notice? def_%cl_1_26 %self[12.4,2.0,] 	 SYMBOL:	 ARGS:
		 7: BRANCH %cl_1_26[12.6,] 
BB 13
	outgoing: 15 37 
	datadep: 
	instructions:
		 0: 
		 1: %self->content_for def_%cl_1_27 %self[2.0,] %self[2.0,] 	 SYMBOL:javascript,	 ARGS:Symbol,%self,
CLOSURE BEGIN: 
BB 1
	outgoing: 6 2 
	datadep: 
	instructions:
BB 2
	outgoing: 6 
	datadep: 
	instructions:
		 0: def_%self 
		 1: def_%cl_2_0 
		 2: COPY TYPE_CurrentScope def_%current_scope 
		 3: COPY TYPE_ScopeModule def_%current_module 
		 4: RETURN %self[2.0,] 
BB 6
	outgoing: 
	datadep: 
	instructions:
CLOSURE END: 
		 2: 
		 3: COPY TYPE_StringLiteral "expiration.title" def_%cl_1_28 
		 4: %self->t def_%cl_1_29 %self[13.1,2.0,] %cl_1_28[13.3,] 	 SYMBOL:	 ARGS:%cl_1_28,
		 5: 
		 6: COPY TYPE_StringLiteral "expiration.sub_title_new" def_%cl_1_30 
		 7: %self->t def_%cl_1_31 %self[13.1,13.4,2.0,] %cl_1_30[13.6,] 	 SYMBOL:	 ARGS:%cl_1_30,
		 8: 
		 9: %self->external_plan_service_login_url def_%cl_1_32 %self[13.1,13.4,13.7,2.0,] 	 SYMBOL:	 ARGS:
		 10: 
		 11: COPY TYPE_StringLiteral "expiration.link_to_external_service" def_%cl_1_33 
		 12: %self->t def_%cl_1_34 %self[13.1,13.4,13.7,13.9,2.0,] %cl_1_33[13.11,] 	 SYMBOL:	 ARGS:%cl_1_33,
		 13: 
		 14: COPY TYPE_StringLiteral "expiration.need_more_info" def_%cl_1_35 
		 15: %self->t def_%cl_1_36 %self[13.1,13.4,13.7,13.9,13.12,2.0,] %cl_1_35[13.14,] 	 SYMBOL:	 ARGS:%cl_1_35,
		 16: 
		 17: COPY TYPE_StringLiteral "expiration.contact_us" def_%cl_1_37 
		 18: %self->t def_%cl_1_38 %self[13.1,13.4,13.7,13.9,13.12,13.15,2.0,] %cl_1_37[13.17,] 	 SYMBOL:	 ARGS:%cl_1_37,
		 19: 
BB 14
	outgoing: 15 
	datadep: 
	instructions:
		 0: COPY TYPE_Nil def_%cl_1_38 
BB 15
	outgoing: 16 17 37 
	datadep: 
	instructions:
		 0: 
		 1: %self->content_for def_%cl_1_39 %self[2.0,] %self[2.0,] 	 SYMBOL:page_content,	 ARGS:Symbol,%self,
CLOSURE BEGIN: %self[2.0,] announcement[] form[] 
BB 1
	outgoing: 6 2 
	datadep: 
	instructions:
BB 2
	outgoing: 3 
	datadep: 
	instructions:
		 0: def_%self 
		 1: def_%cl_3_0 
		 2: COPY TYPE_CurrentScope def_%current_scope 
		 3: COPY TYPE_ScopeModule def_%current_module 
BB 3
	outgoing: 4 6 
	datadep: 
	instructions:
		 0: 
		 1: %self->with_big_cover_photo def_%cl_3_3 %self[2.0,] %self[2.0,] 	 SYMBOL:	 ARGS:%self,
CLOSURE BEGIN: %self[2.0,] 
BB 1
	outgoing: 6 2 
	datadep: 
	instructions:
BB 2
	outgoing: 3 
	datadep: 
	instructions:
		 0: def_%self 
		 1: def_%cl_4_0 
		 2: COPY TYPE_CurrentScope def_%current_scope 
		 3: COPY TYPE_ScopeModule def_%current_module 
BB 3
	outgoing: 4 6 
	datadep: 
	instructions:
		 0: 
		 1: COPY TYPE_StringLiteral "layouts.no_tribe.feedback" def_%cl_4_3 
		 2: %self->t def_%cl_4_4 %self[2.0,] %cl_4_3[3.1,] 	 SYMBOL:	 ARGS:%cl_4_3,
		 3: RETURN %cl_4_4[3.2,] %self[3.2,2.0,] 
BB 4
	outgoing: 6 
	datadep: 
	instructions:
		 0: def_%cl_4_5 
		 1: def_%cl_4_6 %cl_4_5[4.0,] 
		 2: RETURN %cl_4_6[4.1,] %self[2.0,] 
BB 6
	outgoing: 
	datadep: 
	instructions:
CLOSURE END: 
		 2: 
		 3: %self->with_small_cover_photo def_%cl_3_4 %self[3.1,2.0,] %self[3.1,2.0,] 	 SYMBOL:	 ARGS:%self,
CLOSURE BEGIN: %self[3.1,2.0,] 
BB 1
	outgoing: 6 2 
	datadep: 
	instructions:
BB 2
	outgoing: 3 
	datadep: 
	instructions:
		 0: def_%self 
		 1: def_%cl_5_0 
		 2: COPY TYPE_CurrentScope def_%current_scope 
		 3: COPY TYPE_ScopeModule def_%current_module 
BB 3
	outgoing: 4 6 
	datadep: 
	instructions:
		 0: 
		 1: def_%cl_5_3 %cl_5_0[2.1,] 
		 2: 
		 3: COPY TYPE_StringLiteral "layouts.no_tribe.feedback" def_%cl_5_4 
		 4: %self->t def_%cl_5_5 %self[2.0,] %cl_5_4[3.3,] 	 SYMBOL:	 ARGS:%cl_5_4,
		 5: RETURN %cl_5_5[3.4,] %self[3.4,2.0,] 
BB 4
	outgoing: 6 
	datadep: 
	instructions:
		 0: def_%cl_5_6 
		 1: def_%cl_5_7 %cl_5_6[4.0,] 
		 2: RETURN %cl_5_7[4.1,] %self[2.0,] 
BB 6
	outgoing: 
	datadep: 
	instructions:
CLOSURE END: 
		 4: 
		 5: COPY TYPE_StringLiteral "ss-check" def_%cl_3_5 
		 6: COPY TYPE_StringLiteral "ss-info" def_%cl_3_6 
		 7: COPY TYPE_StringLiteral "ss-alert" def_%cl_3_7 
		 8: HASH-notice-warning-error- def_%cl_3_8 %cl_3_5[3.5,] %cl_3_6[3.6,] %cl_3_7[3.7,] 
		 9: %cl_3_8->each def_%cl_3_9 %cl_3_8[3.8,] %self[3.1,3.3,2.0,] 	 SYMBOL:	 ARGS:%cl_3_8,
CLOSURE BEGIN: %self[3.1,3.3,2.0,] announcement[] 
BB 1
	outgoing: 9 2 
	datadep: 
	instructions:
BB 2
	outgoing: 3 
	datadep: 
	instructions:
		 0: def_%self 
		 1: def_%cl_6_0 
		 2: RECEIVEARG def_announcement 
		 3: RECEIVEARG def_icon_class 
		 4: COPY TYPE_CurrentScope def_%current_scope 
		 5: COPY TYPE_ScopeModule def_%current_module 
BB 3
	outgoing: 4 5 7 
	datadep: 
	instructions:
		 0: 
		 1: %self->flash def_%cl_6_3 %self[2.0,] 	 SYMBOL:	 ARGS:
		 2: %cl_6_3->[] def_%cl_6_4 %cl_6_3[3.1,] announcement[2.2,] 	 SYMBOL:	 ARGS:announcement,
		 3: BRANCH %cl_6_4[3.2,] 
BB 4
	outgoing: 6 7 
	datadep: 
	instructions:
		 0: 
		 1: announcement->to_s def_%cl_6_5 announcement[2.2,] 	 SYMBOL:	 ARGS:
		 2: 
		 3: 
		 4: %self->flash def_%cl_6_6 %self[2.0,] 	 SYMBOL:	 ARGS:
		 5: %cl_6_6->[] def_%cl_6_7 %cl_6_6[4.4,] announcement[4.1,2.2,] 	 SYMBOL:	 ARGS:announcement,
		 6: 
BB 5
	outgoing: 9 
	datadep: 
	instructions:
		 0: RETURN %self[2.0,] 
BB 6
	outgoing: 9 
	datadep: 
	instructions:
		 0: RETURN %cl_6_7[4.5,] %self[2.0,] 
BB 7
	outgoing: 9 
	datadep: 
	instructions:
		 0: def_%cl_6_8 
		 1: def_%cl_6_9 %cl_6_8[7.0,] 
		 2: RETURN %cl_6_9[7.1,] %self[2.0,] 
BB 9
	outgoing: 
	datadep: 
	instructions:
CLOSURE END: icon_class[2.3,] 
		 10: 
		 11: %self->content_for def_%cl_3_10 %self[3.1,3.3,2.0,] %self[3.1,3.3,2.0,] 	 SYMBOL:javascript,	 ARGS:Symbol,%self,
CLOSURE BEGIN: 
BB 1
	outgoing: 6 2 
	datadep: 
	instructions:
BB 2
	outgoing: 6 
	datadep: 
	instructions:
		 0: def_%self 
		 1: def_%cl_7_0 
		 2: COPY TYPE_CurrentScope def_%current_scope 
		 3: COPY TYPE_ScopeModule def_%current_module 
		 4: RETURN %self[2.0,] 
BB 6
	outgoing: 
	datadep: 
	instructions:
CLOSURE END: 
		 12: 
		 13: %self->feedback_form def_%cl_3_11 %self[3.1,3.3,3.11,2.0,] 	 SYMBOL:	 ARGS:
		 14: %self->user_feedbacks_path def_%cl_3_12 %self[3.1,3.3,3.11,3.13,2.0,] 	 SYMBOL:	 ARGS:
		 15: HASH-url- def_%cl_3_13 %cl_3_12[3.14,] 
		 16: %self->form_for def_%cl_3_14 %self[3.1,3.3,3.11,3.13,3.14,2.0,] %cl_3_11[3.13,] %cl_3_13[3.15,] %self[3.1,3.3,3.11,3.13,3.14,2.0,] 	 SYMBOL:	 ARGS:%cl_3_11,%cl_3_13,%self,
CLOSURE BEGIN: %self[3.1,3.3,3.11,3.13,3.14,2.0,] form[] 
BB 1
	outgoing: 11 2 
	datadep: 
	instructions:
BB 2
	outgoing: 3 
	datadep: 
	instructions:
		 0: def_%self 
		 1: def_%cl_8_0 
		 2: RECEIVEARG def_form 
		 3: COPY TYPE_CurrentScope def_%current_scope 
		 4: COPY TYPE_ScopeModule def_%current_module 
BB 3
	outgoing: 4 5 9 
	datadep: 
	instructions:
		 0: 
		 1: %self->email_present def_%cl_8_3 %self[2.0,] 	 SYMBOL:	 ARGS:
		 2: BRANCH %cl_8_3[3.1,] 
BB 4
	outgoing: 6 
	datadep: 
	instructions:
		 0: COPY TYPE_Nil def_%cl_8_4 
		 1: 
BB 5
	outgoing: 6 9 
	datadep: 
	instructions:
		 0: 
		 1: COPY TYPE_StringLiteral "layouts.application.your_email_address" def_%cl_8_5 
		 2: %self->t def_%cl_8_6 %self[2.0,] %cl_8_5[5.1,] 	 SYMBOL:	 ARGS:%cl_8_5,
		 3: form->label def_%cl_8_7 form[2.2,] %cl_8_6[5.2,] 	 SYMBOL:email,	 ARGS:Symbol,%cl_8_6,
		 4: 
		 5: form->text_field def_%cl_8_8 form[5.3,2.2,] 	 SYMBOL:email,	 ARGS:Symbol,
		 6: COPY TYPE_PASS def_%cl_8_4 %cl_8_8[5.5,] 
BB 6
	outgoing: 7 8 9 
	datadep: 
	instructions:
		 0: 
		 1: COPY TYPE_StringLiteral "You should not see this field, if CSS is working." def_%cl_8_9 
		 2: COPY TYPE_StringLiteral "unwanted_text_field" def_%cl_8_10 
		 3: HASH-class- def_%cl_8_11 %cl_8_10[6.2,] 
		 4: form->label def_%cl_8_12 form[2.2,] %cl_8_9[6.1,] %cl_8_11[6.3,] 	 SYMBOL:title,	 ARGS:Symbol,%cl_8_9,%cl_8_11,
		 5: 
		 6: COPY TYPE_StringLiteral "unwanted_text_field" def_%cl_8_13 
		 7: COPY TYPE_StringLiteral "error_feedback_unwanted_title" def_%cl_8_14 
		 8: HASH-class-id- def_%cl_8_15 %cl_8_13[6.6,] %cl_8_14[6.7,] 
		 9: form->text_field def_%cl_8_16 form[6.4,2.2,] %cl_8_15[6.8,] 	 SYMBOL:title,	 ARGS:Symbol,%cl_8_15,
		 10: 
		 11: COPY TYPE_StringLiteral "layouts.application.feedback" def_%cl_8_17 
		 12: %self->t def_%cl_8_18 %self[2.0,] %cl_8_17[6.11,] 	 SYMBOL:	 ARGS:%cl_8_17,
		 13: form->label def_%cl_8_19 form[6.4,6.9,2.2,] %cl_8_18[6.12,] 	 SYMBOL:content,	 ARGS:Symbol,%cl_8_18,
		 14: 
		 15: COPY TYPE_StringLiteral "layouts.application.default_feedback" def_%cl_8_20 
		 16: %self->t def_%cl_8_21 %self[6.12,2.0,] %cl_8_20[6.15,] 	 SYMBOL:	 ARGS:%cl_8_20,
		 17: HASH-placeholder- def_%cl_8_22 %cl_8_21[6.16,] 
		 18: form->text_area def_%cl_8_23 form[6.4,6.9,6.13,2.2,] %cl_8_22[6.17,] 	 SYMBOL:content,	 ARGS:Symbol,%cl_8_22,
		 19: 
		 20: %self->request def_%cl_8_24 %self[6.12,6.16,2.0,] 	 SYMBOL:	 ARGS:
		 21: %cl_8_24->headers def_%cl_8_25 %cl_8_24[6.20,] 	 SYMBOL:	 ARGS:
		 22: COPY TYPE_StringLiteral "HTTP_REFERER" def_%cl_8_26 
		 23: %cl_8_25->[] def_%cl_8_27 %cl_8_25[6.21,] %cl_8_26[6.22,] 	 SYMBOL:	 ARGS:%cl_8_26,
		 24: BRANCH %cl_8_27[6.23,] 
BB 7
	outgoing: 8 9 
	datadep: 
	instructions:
		 0: %self->request def_%cl_8_28 %self[2.0,] 	 SYMBOL:	 ARGS:
		 1: %cl_8_28->original_url def_%cl_8_29 %cl_8_28[7.0,] 	 SYMBOL:	 ARGS:
		 2: COPY TYPE_PASS def_%cl_8_27 %cl_8_29[7.1,] 
BB 8
	outgoing: 9 11 
	datadep: 
	instructions:
		 0: HASH-value- def_%cl_8_30 %cl_8_27[7.2,6.23,] 
		 1: form->hidden_field def_%cl_8_31 form[2.2,] %cl_8_30[8.0,] 	 SYMBOL:url,	 ARGS:Symbol,%cl_8_30,
		 2: 
		 3: COPY TYPE_StringLiteral "layouts.application.send_feedback_to_admin" def_%cl_8_32 
		 4: %self->t def_%cl_8_33 %self[2.0,] %cl_8_32[8.3,] 	 SYMBOL:	 ARGS:%cl_8_32,
		 5: form->button def_%cl_8_34 form[8.1,2.2,] %cl_8_33[8.4,] 	 SYMBOL:	 ARGS:%cl_8_33,
		 6: RETURN %cl_8_34[8.5,] %self[8.4,2.0,] 
BB 9
	outgoing: 11 
	datadep: 
	instructions:
		 0: def_%cl_8_35 
		 1: def_%cl_8_36 %cl_8_35[9.0,] 
		 2: RETURN %cl_8_36[9.1,] %self[2.0,] 
BB 11
	outgoing: 
	datadep: 
	instructions:
CLOSURE END: 
		 17: RETURN %cl_3_14[3.16,] %self[3.1,3.3,3.11,3.13,3.14,3.16,2.0,] 
BB 4
	outgoing: 6 
	datadep: 
	instructions:
		 0: def_%cl_3_15 
		 1: def_%cl_3_16 %cl_3_15[4.0,] 
		 2: RETURN %cl_3_16[4.1,] %self[2.0,] 
BB 6
	outgoing: 
	datadep: 
	instructions:
CLOSURE END: 
		 2: 
		 3: %self->params def_%cl_1_40 %self[15.1,2.0,] 	 SYMBOL:	 ARGS:
		 4: %cl_1_40->[] def_%cl_1_41 %cl_1_40[15.3,] 	 SYMBOL:controller,	 ARGS:Symbol,
		 5: COPY TYPE_StringLiteral "homepage" def_%cl_1_42 
		 6: %cl_1_41->== def_%cl_1_43 %cl_1_41[15.4,] %cl_1_42[15.5,] 	 SYMBOL:	 ARGS:%cl_1_42,
		 7: BRANCH %cl_1_43[15.6,] 
BB 16
	outgoing: 17 37 
	datadep: 
	instructions:
		 0: %self->params def_%cl_1_44 %self[2.0,] 	 SYMBOL:	 ARGS:
		 1: %cl_1_44->[] def_%cl_1_45 %cl_1_44[16.0,] 	 SYMBOL:action,	 ARGS:Symbol,
		 2: COPY TYPE_StringLiteral "index" def_%cl_1_46 
		 3: %cl_1_45->== def_%cl_1_47 %cl_1_45[16.1,] %cl_1_46[16.2,] 	 SYMBOL:	 ARGS:%cl_1_46,
		 4: COPY TYPE_PASS def_%cl_1_43 %cl_1_47[16.3,] 
BB 17
	outgoing: 18 19 
	datadep: 
	instructions:
		 0: BRANCH %cl_1_43[16.4,15.6,] 
BB 18
	outgoing: 20 37 
	datadep: 
	instructions:
		 0: 
		 1: %self->params def_%cl_1_48 %self[2.0,] 	 SYMBOL:	 ARGS:
		 2: COPY TYPE_StringLiteral "action" def_%cl_1_49 
		 3: COPY TYPE_StringLiteral "controller" def_%cl_1_50 
		 4: COPY TYPE_StringLiteral "q" def_%cl_1_51 
		 5: COPY TYPE_StringLiteral "view" def_%cl_1_52 
		 6: COPY TYPE_StringLiteral "utf8" def_%cl_1_53 
		 7: %cl_1_48->except def_%cl_1_54 %cl_1_48[18.1,] %cl_1_49[18.2,] %cl_1_50[18.3,] %cl_1_51[18.4,] %cl_1_52[18.5,] %cl_1_53[18.6,] 	 SYMBOL:	 ARGS:%cl_1_49,%cl_1_50,%cl_1_51,%cl_1_52,%cl_1_53,
		 8: %cl_1_54->each def_%cl_1_55 %cl_1_54[18.7,] %self[18.1,2.0,] 	 SYMBOL:	 ARGS:%cl_1_54,
CLOSURE BEGIN: param[] %self[18.1,2.0,] value[] 
BB 1
	outgoing: 15 2 
	datadep: 
	instructions:
BB 2
	outgoing: 3 
	datadep: 
	instructions:
		 0: def_%self 
		 1: def_%cl_9_0 
		 2: RECEIVEARG def_param 
		 3: RECEIVEARG def_value 
		 4: COPY TYPE_CurrentScope def_%current_scope 
		 5: COPY TYPE_ScopeModule def_%current_module 
BB 3
	outgoing: 4 5 13 
	datadep: 
	instructions:
		 0: 
		 1: COPY TYPE_Regexp def_%cl_9_3 
		 2: param->match def_%cl_9_4 param[2.2,] 	 SYMBOL:	 ARGS:%cl_9_3,
		 3: BRANCH %cl_9_4[3.2,] 
BB 4
	outgoing: 5 13 
	datadep: 
	instructions:
		 0: COPY TYPE_Regexp def_%cl_9_5 
		 1: param->match def_%cl_9_6 param[2.2,] 	 SYMBOL:	 ARGS:%cl_9_5,
		 2: COPY TYPE_PASS def_%cl_9_4 %cl_9_6[4.1,] 
BB 5
	outgoing: 6 7 
	datadep: 
	instructions:
		 0: BRANCH %cl_9_4[4.2,3.2,] 
BB 6
	outgoing: 7 13 
	datadep: 
	instructions:
		 0: COPY TYPE_Regexp def_%cl_9_7 
		 1: param->match def_%cl_9_8 param[2.2,] 	 SYMBOL:	 ARGS:%cl_9_7,
		 2: COPY TYPE_PASS def_%cl_9_4 %cl_9_8[6.1,] 
BB 7
	outgoing: 8 9 
	datadep: 
	instructions:
		 0: BRANCH %cl_9_4[6.2,4.2,3.2,] 
BB 8
	outgoing: 9 13 
	datadep: 
	instructions:
		 0: COPY TYPE_Regexp def_%cl_9_9 
		 1: param->match def_%cl_9_10 param[2.2,] 	 SYMBOL:	 ARGS:%cl_9_9,
		 2: COPY TYPE_PASS def_%cl_9_4 %cl_9_10[8.1,] 
BB 9
	outgoing: 10 11 
	datadep: 
	instructions:
		 0: BRANCH %cl_9_4[8.2,6.2,4.2,3.2,] 
BB 10
	outgoing: 15 
	datadep: 
	instructions:
		 0: COPY TYPE_Nil def_%cl_9_11 
		 1: RETURN %cl_9_11[10.0,] %self[2.0,] 
BB 11
	outgoing: 13 15 
	datadep: 
	instructions:
		 0: 
		 1: %self->hidden_field_tag def_%cl_9_12 %self[2.0,] param[2.2,] value[2.3,] 	 SYMBOL:	 ARGS:param,value,
		 2: RETURN %cl_9_12[11.1,] %self[11.1,2.0,] 
BB 13
	outgoing: 15 
	datadep: 
	instructions:
		 0: def_%cl_9_13 
		 1: def_%cl_9_14 %cl_9_13[13.0,] 
		 2: RETURN %cl_9_14[13.1,] %self[2.0,] 
BB 15
	outgoing: 
	datadep: 
	instructions:
CLOSURE END: value[2.3,] 
		 9: 
		 10: COPY TYPE_StringLiteral "view" def_%cl_1_56 
		 11: GETFIELD %self->view_type def_%cl_1_57 %self[18.1,2.0,] 
		 12: %self->hidden_field_tag def_%cl_1_58 %self[18.1,2.0,] %cl_1_56[18.10,] %cl_1_57[18.11,] 	 SYMBOL:	 ARGS:%cl_1_56,%cl_1_57,
		 13: 
		 14: %self->content_for def_%cl_1_59 %self[18.1,18.12,2.0,] 	 SYMBOL:page_content,	 ARGS:Symbol,
		 15: 
BB 19
	outgoing: 20 37 
	datadep: 
	instructions:
		 0: 
		 1: %self->content_for def_%cl_1_60 %self[2.0,] 	 SYMBOL:page_content,	 ARGS:Symbol,
		 2: COPY TYPE_PASS def_%cl_1_59 %cl_1_60[19.1,] 
BB 20
	outgoing: 21 29 37 
	datadep: 
	instructions:
		 0: 
		 1: (APP_CONFIG) def_%cl_1_61 
		 2: %cl_1_61->use_google_analytics def_%cl_1_62 %cl_1_61[20.1,] 	 SYMBOL:	 ARGS:
		 3: BRANCH %cl_1_62[20.2,] 
BB 21
	outgoing: 22 23 37 
	datadep: 
	instructions:
		 0: 
		 1: COPY TYPE_StringLiteral "_gaq.push(['_setAccount', '" def_%cl_1_63 
		 2: (APP_CONFIG) def_%cl_1_64 
		 3: %cl_1_64->google_analytics_key def_%cl_1_65 %cl_1_64[21.2,] 	 SYMBOL:	 ARGS:
		 4: COPY TYPE_StringLiteral "']);" def_%cl_1_66 
		 5: BUILDSTRING def_%cl_1_67 %cl_1_63[21.1,] %cl_1_65[21.3,] %cl_1_66[21.4,] 
		 6: 
		 7: COPY TYPE_StringLiteral "_gaq.push(['_setDomainName', '." def_%cl_1_68 
		 8: (PublicSuffix) def_%cl_1_69 
		 9: %self->request def_%cl_1_70 %self[2.0,] 	 SYMBOL:	 ARGS:
		 10: %cl_1_70->host def_%cl_1_71 %cl_1_70[21.9,] 	 SYMBOL:	 ARGS:
		 11: %cl_1_69->parse def_%cl_1_72 %cl_1_69[21.8,] %cl_1_71[21.10,] 	 SYMBOL:	 ARGS:%cl_1_71,
		 12: %cl_1_72->domain def_%cl_1_73 %cl_1_72[21.11,] 	 SYMBOL:	 ARGS:
		 13: COPY TYPE_StringLiteral "']);" def_%cl_1_74 
		 14: BUILDSTRING def_%cl_1_75 %cl_1_68[21.7,] %cl_1_73[21.12,] %cl_1_74[21.13,] 
		 15: 
		 16: GETFIELD %self->current_community def_%cl_1_76 %self[21.9,2.0,] 
		 17: BRANCH %cl_1_76[21.16,] 
BB 22
	outgoing: 23 37 
	datadep: 
	instructions:
		 0: GETFIELD %self->current_community def_%cl_1_77 %self[2.0,] 
		 1: %cl_1_77->google_analytics_key def_%cl_1_78 %cl_1_77[22.0,] 	 SYMBOL:	 ARGS:
		 2: COPY TYPE_PASS def_%cl_1_76 %cl_1_78[22.1,] 
BB 23
	outgoing: 24 27 
	datadep: 
	instructions:
		 0: BRANCH %cl_1_76[22.2,21.16,] 
BB 24
	outgoing: 25 26 37 
	datadep: 
	instructions:
		 0: 
		 1: COPY TYPE_StringLiteral "_gaq.push(['b._setAccount', '" def_%cl_1_79 
		 2: GETFIELD %self->current_community def_%cl_1_80 %self[2.0,] 
		 3: %cl_1_80->google_analytics_key def_%cl_1_81 %cl_1_80[24.2,] 	 SYMBOL:	 ARGS:
		 4: COPY TYPE_StringLiteral "']);" def_%cl_1_82 
		 5: BUILDSTRING def_%cl_1_83 %cl_1_79[24.1,] %cl_1_81[24.3,] %cl_1_82[24.4,] 
		 6: 
		 7: COPY TYPE_StringLiteral "_gaq.push(['b._setDomainName', '." def_%cl_1_84 
		 8: (PublicSuffix) def_%cl_1_85 
		 9: %self->request def_%cl_1_86 %self[2.0,] 	 SYMBOL:	 ARGS:
		 10: %cl_1_86->host def_%cl_1_87 %cl_1_86[24.9,] 	 SYMBOL:	 ARGS:
		 11: %cl_1_85->parse def_%cl_1_88 %cl_1_85[24.8,] %cl_1_87[24.10,] 	 SYMBOL:	 ARGS:%cl_1_87,
		 12: %cl_1_88->domain def_%cl_1_89 %cl_1_88[24.11,] 	 SYMBOL:	 ARGS:
		 13: COPY TYPE_StringLiteral "']);" def_%cl_1_90 
		 14: BUILDSTRING def_%cl_1_91 %cl_1_84[24.7,] %cl_1_89[24.12,] %cl_1_90[24.13,] 
		 15: 
		 16: COPY TYPE_StringLiteral "_gaq.push(['b._addIgnoredOrganic', '" def_%cl_1_92 
		 17: GETFIELD %self->current_community def_%cl_1_93 %self[24.9,2.0,] 
		 18: (I18n) def_%cl_1_94 
		 19: %cl_1_94->locale def_%cl_1_95 %cl_1_94[24.18,] 	 SYMBOL:	 ARGS:
		 20: %cl_1_93->name def_%cl_1_96 %cl_1_93[24.17,] %cl_1_95[24.19,] 	 SYMBOL:	 ARGS:%cl_1_95,
		 21: %self->Maybe def_%cl_1_97 %self[24.9,2.0,] %cl_1_96[24.20,] 	 SYMBOL:	 ARGS:%cl_1_96,
		 22: COPY TYPE_StringLiteral "'" def_%cl_1_98 
		 23: COPY TYPE_StringLiteral "" def_%cl_1_99 
		 24: %cl_1_97->gsub def_%cl_1_100 %cl_1_97[24.21,] %cl_1_98[24.22,] %cl_1_99[24.23,] 	 SYMBOL:	 ARGS:%cl_1_98,%cl_1_99,
		 25: COPY TYPE_StringLiteral "" def_%cl_1_101 
		 26: %cl_1_100->or_else def_%cl_1_102 %cl_1_100[24.24,] %cl_1_101[24.25,] 	 SYMBOL:	 ARGS:%cl_1_101,
		 27: COPY TYPE_StringLiteral "']);" def_%cl_1_103 
		 28: BUILDSTRING def_%cl_1_104 %cl_1_92[24.16,] %cl_1_102[24.26,] %cl_1_103[24.27,] 
		 29: 
		 30: COPY TYPE_StringLiteral "_gaq.push(['b._addIgnoredOrganic', '" def_%cl_1_105 
		 31: GETFIELD %self->current_community def_%cl_1_106 %self[24.9,24.21,2.0,] 
		 32: %cl_1_106->domain def_%cl_1_107 %cl_1_106[24.31,] 	 SYMBOL:	 ARGS:
		 33: BRANCH %cl_1_107[24.32,] 
BB 25
	outgoing: 26 37 
	datadep: 
	instructions:
		 0: GETFIELD %self->current_community def_%cl_1_108 %self[2.0,] 
		 1: %cl_1_108->ident def_%cl_1_109 %cl_1_108[25.0,] 	 SYMBOL:	 ARGS:
		 2: COPY TYPE_PASS def_%cl_1_107 %cl_1_109[25.1,] 
BB 26
	outgoing: 28 37 
	datadep: 
	instructions:
		 0: COPY TYPE_StringLiteral "']);" def_%cl_1_110 
		 1: BUILDSTRING def_%cl_1_111 %cl_1_105[24.30,] %cl_1_107[25.2,24.32,] %cl_1_110[26.0,] 
		 2: 
BB 27
	outgoing: 28 
	datadep: 
	instructions:
		 0: COPY TYPE_Nil def_%cl_1_111 
BB 28
	outgoing: 30 
	datadep: 
	instructions:
		 0: 
BB 29
	outgoing: 30 
	datadep: 
	instructions:
		 0: COPY TYPE_Nil def_%cl_1_111 
BB 30
	outgoing: 31 32 37 
	datadep: 
	instructions:
		 0: 
		 1: %self->content_for def_%cl_1_112 %self[2.0,] 	 SYMBOL:location_search,	 ARGS:Symbol,
		 2: 
		 3: COPY TYPE_StringLiteral "application" def_%cl_1_113 
		 4: %self->javascript_include_tag def_%cl_1_114 %self[30.1,2.0,] %cl_1_113[30.3,] 	 SYMBOL:	 ARGS:%cl_1_113,
		 5: 
		 6: 
		 7: GETFIELD %self->analytics_event def_%cl_1_115 %self[30.1,30.4,2.0,] 
		 8: BRANCH %cl_1_115[30.7,] 
BB 31
	outgoing: 33 
	datadep: 
	instructions:
		 0: COPY TYPE_Nil def_%cl_1_116 
		 1: 
BB 32
	outgoing: 33 
	datadep: 
	instructions:
		 0: COPY TYPE_Nil def_%cl_1_116 
BB 33
	outgoing: 34 35 37 
	datadep: 
	instructions:
		 0: 
		 1: (Rails) def_%cl_1_117 
		 2: %cl_1_117->env def_%cl_1_118 %cl_1_117[33.1,] 	 SYMBOL:	 ARGS:
		 3: %cl_1_118->test? def_%cl_1_119 %cl_1_118[33.2,] 	 SYMBOL:	 ARGS:
		 4: BRANCH %cl_1_119[33.3,] 
BB 34
	outgoing: 36 
	datadep: 
	instructions:
		 0: COPY TYPE_Nil def_%cl_1_120 
		 1: 
BB 35
	outgoing: 36 
	datadep: 
	instructions:
		 0: COPY TYPE_Nil def_%cl_1_120 
BB 36
	outgoing: 37 39 
	datadep: 
	instructions:
		 0: 
		 1: %self->content_for def_%cl_1_121 %self[2.0,] 	 SYMBOL:extra_javascript,	 ARGS:Symbol,
		 2: 
		 3: COPY TYPE_StringLiteral "error_pages.no_javascript.javascript_is_disabled_in_your_browser" def_%cl_1_122 
		 4: %self->t def_%cl_1_123 %self[36.1,2.0,] %cl_1_122[36.3,] 	 SYMBOL:	 ARGS:%cl_1_122,
		 5: 
		 6: COPY TYPE_StringLiteral "error_pages.no_javascript.kassi_does_not_currently_work_without_javascript" def_%cl_1_124 
		 7: %self->t def_%cl_1_125 %self[36.1,36.4,2.0,] %cl_1_124[36.6,] 	 SYMBOL:	 ARGS:%cl_1_124,
		 8: RETURN %cl_1_125[36.7,] %self[36.1,36.4,36.7,2.0,] 
BB 37
	outgoing: 39 
	datadep: 
	instructions:
		 0: def_%cl_1_126 
		 1: def_%cl_1_127 %cl_1_126[37.0,] 
		 2: RETURN %cl_1_127[37.1,] %self[2.0,] 
BB 39
	outgoing: 
	datadep: 
	instructions:
CLOSURE END: 
		 3: RETURN %v_4[4.2,] %self[4.1,2.0,] 
BB 5
	outgoing: 
	datadep: 
	instructions:

SET IRMethod, name = feedback_locals instanceMethod = true
BB 1
	outgoing: 5 2 
	datadep: 
	instructions:
BB 2
	outgoing: 3 4 
	datadep: 
	instructions:
		 0: def_%self 
		 1: def_%v_0 
		 2: COPY TYPE_CurrentScope def_%current_scope 
		 3: COPY TYPE_ScopeModule def_%current_module 
		 4: 
		 5: RECEIVEARG def_feedback_form 
		 6: 
		 7: %self->current_user_email def_%v_3 %self[2.0,] 	 SYMBOL:	 ARGS:
		 8: %v_3->present? def_%v_4 %v_3[2.7,] 	 SYMBOL:	 ARGS:
		 9: COPY TYPE_PASS def_%v_5 feedback_form[2.5,] 
		 10: BRANCH feedback_form[2.5,] 
BB 3
	outgoing: 4 
	datadep: 
	instructions:
		 0: (FeedbackForm) def_%v_6 
		 1: HASH-title- def_%v_7 
		 2: %v_6->new def_%v_8 %v_6[3.0,] %v_7[3.1,] 	 SYMBOL:	 ARGS:%v_7,
		 3: COPY TYPE_PASS def_%v_5 %v_8[3.2,] 
BB 4
	outgoing: 5 
	datadep: 
	instructions:
		 0: HASH-email_present-feedback_form- def_%v_9 %v_4[2.8,] %v_5[3.3,2.9,] 
		 1: RETURN %v_9[4.0,] %self[2.0,] 
BB 5
	outgoing: 
	datadep: 
	instructions:

SET IRMethod, name = current_user_email instanceMethod = true
BB 1
	outgoing: 3 2 
	datadep: 
	instructions:
BB 2
	outgoing: 3 
	datadep: 
	instructions:
		 0: def_%self 
		 1: def_%v_0 
		 2: COPY TYPE_CurrentScope def_%current_scope 
		 3: COPY TYPE_ScopeModule def_%current_module 
		 4: 
		 5: 
		 6: GETFIELD %self->current_user def_%v_3 %self[2.0,] 
		 7: %self->Maybe def_%v_4 %self[2.0,] %v_3[2.6,] 	 SYMBOL:	 ARGS:%v_3,
		 8: %v_4->confirmed_notification_email_to def_%v_5 %v_4[2.7,] 	 SYMBOL:	 ARGS:
		 9: %v_5->or_else def_%v_6 %v_5[2.8,] 	 SYMBOL:	 ARGS:Nil,
		 10: RETURN %v_6[2.9,] %self[2.0,2.7,] 
BB 3
	outgoing: 
	datadep: 
	instructions:

SET IRMethod, name = ensure_not_spam! instanceMethod = true
BB 1
	outgoing: 6 2 
	datadep: 
	instructions:
BB 2
	outgoing: 3 4 
	datadep: 
	instructions:
		 0: def_%self 
		 1: def_%v_0 
		 2: COPY TYPE_CurrentScope def_%current_scope 
		 3: COPY TYPE_ScopeModule def_%current_module 
		 4: 
		 5: RECEIVEARG def_params 
		 6: RECEIVEARG def_feedback_form 
		 7: 
		 8: params->[] def_%v_3 params[2.5,] 	 SYMBOL:content,	 ARGS:Symbol,
		 9: params->[] def_%v_4 params[2.5,2.8,] 	 SYMBOL:title,	 ARGS:Symbol,
		 10: %self->spam? def_%v_5 %self[2.0,] %v_3[2.8,] %v_4[2.9,] 	 SYMBOL:	 ARGS:%v_3,%v_4,
		 11: BRANCH %v_5[2.10,] 
BB 3
	outgoing: 6 
	datadep: 
	instructions:
		 0: 
		 1: %self->flash def_%v_6 %self[2.0,] 	 SYMBOL:	 ARGS:
		 2: COPY TYPE_StringLiteral "layouts.notifications.feedback_considered_spam" def_%v_7 
		 3: %self->t def_%v_8 %self[3.1,2.0,] %v_7[3.2,] 	 SYMBOL:	 ARGS:%v_7,
		 4: ATTRASSIGN %v_6->[] %v_8[3.3,] 
		 5: 
		 6: %self->render_form def_%v_9 %self[3.1,3.3,2.0,] feedback_form[2.6,] 	 SYMBOL:	 ARGS:feedback_form,
		 7: RETURN %v_9[3.6,] %self[3.1,3.3,3.6,2.0,] 
BB 4
	outgoing: 6 
	datadep: 
	instructions:
		 0: 
		 1: RETURN %self[2.0,] 
BB 6
	outgoing: 
	datadep: 
	instructions:

SET IRMethod, name = link_tags? instanceMethod = true
BB 1
	outgoing: 5 2 
	datadep: 
	instructions:
BB 2
	outgoing: 3 4 
	datadep: 
	instructions:
		 0: def_%self 
		 1: def_%v_0 
		 2: COPY TYPE_CurrentScope def_%current_scope 
		 3: COPY TYPE_ScopeModule def_%current_module 
		 4: 
		 5: RECEIVEARG def_str 
		 6: 
		 7: COPY TYPE_StringLiteral "[url=" def_%v_3 
		 8: str->include? def_%v_4 str[2.5,] %v_3[2.7,] 	 SYMBOL:	 ARGS:%v_3,
		 9: BRANCH %v_4[2.8,] 
BB 3
	outgoing: 5 
	datadep: 
	instructions:
		 0: COPY TYPE_StringLiteral "<a href=" def_%v_5 
		 1: str->include? def_%v_6 str[2.5,] %v_5[3.0,] 	 SYMBOL:	 ARGS:%v_5,
		 2: RETURN %v_6[3.1,] %self[2.0,] 
BB 4
	outgoing: 5 
	datadep: 
	instructions:
		 0: RETURN %v_4[2.8,] %self[2.0,] 
BB 5
	outgoing: 
	datadep: 
	instructions:

SET IRMethod, name = too_many_urls? instanceMethod = true
BB 1
	outgoing: 3 2 
	datadep: 
	instructions:
BB 2
	outgoing: 3 
	datadep: 
	instructions:
		 0: def_%self 
		 1: def_%v_0 
		 2: COPY TYPE_CurrentScope def_%current_scope 
		 3: COPY TYPE_ScopeModule def_%current_module 
		 4: 
		 5: RECEIVEARG def_str 
		 6: 
		 7: COPY TYPE_StringLiteral "http://" def_%v_3 
		 8: str->scan def_%v_4 str[2.5,] %v_3[2.7,] 	 SYMBOL:	 ARGS:%v_3,
		 9: %v_4->count def_%v_5 %v_4[2.8,] 	 SYMBOL:	 ARGS:
		 10: %v_5->> def_%v_6 %v_5[2.9,] 	 SYMBOL:	 ARGS:Fixnum,
		 11: RETURN %v_6[2.10,] %self[2.0,] 
BB 3
	outgoing: 
	datadep: 
	instructions:

SET IRMethod, name = spam? instanceMethod = true
BB 1
	outgoing: 7 2 
	datadep: 
	instructions:
BB 2
	outgoing: 3 4 
	datadep: 
	instructions:
		 0: def_%self 
		 1: def_%v_0 
		 2: COPY TYPE_CurrentScope def_%current_scope 
		 3: COPY TYPE_ScopeModule def_%current_module 
		 4: 
		 5: RECEIVEARG def_content 
		 6: RECEIVEARG def_honeypot 
		 7: 
		 8: honeypot->present? def_%v_3 honeypot[2.6,] 	 SYMBOL:	 ARGS:
		 9: BRANCH %v_3[2.8,] 
BB 3
	outgoing: 4 
	datadep: 
	instructions:
		 0: %self->link_tags? def_%v_4 %self[2.0,] content[2.5,] 	 SYMBOL:	 ARGS:content,
		 1: COPY TYPE_PASS def_%v_3 %v_4[3.0,] 
BB 4
	outgoing: 5 6 
	datadep: 
	instructions:
		 0: BRANCH %v_3[3.1,2.8,] 
BB 5
	outgoing: 7 
	datadep: 
	instructions:
		 0: %self->too_many_urls? def_%v_5 %self[2.0,] content[2.5,] 	 SYMBOL:	 ARGS:content,
		 1: RETURN %v_5[5.0,] %self[5.0,2.0,] 
BB 6
	outgoing: 7 
	datadep: 
	instructions:
		 0: RETURN %v_3[3.1,2.8,] %self[2.0,] 
BB 7
	outgoing: 
	datadep: 
	instructions:

