SET IRMethod, name = index instanceMethod = true
BB 1
	outgoing: 5 2 
	datadep: 
	instructions:
BB 2
	outgoing: 3 4 
	datadep: 
	instructions:
		 0: def_%self 
		 1: def_%v_0 
		 2: COPY TYPE_CurrentScope def_%current_scope 
		 3: COPY TYPE_ScopeModule def_%current_module 
		 4: 
		 5: 
		 6: (Person) def_%v_3 
		 7: %self->params def_%v_4 %self[2.0,] 	 SYMBOL:	 ARGS:
		 8: %v_4->[] def_%v_5 %v_4[2.7,] 	 SYMBOL:person_id,	 ARGS:Symbol,
		 9: BRANCH %v_5[2.8,] 
BB 3
	outgoing: 4 
	datadep: 
	instructions:
		 0: %self->params def_%v_6 %self[2.0,] 	 SYMBOL:	 ARGS:
		 1: %v_6->[] def_%v_7 %v_6[3.0,] 	 SYMBOL:id,	 ARGS:Symbol,
		 2: COPY TYPE_PASS def_%v_5 %v_7[3.1,] 
BB 4
	outgoing: 5 
	datadep: 
	instructions:
		 0: %v_3->find def_%v_8 %v_3[2.6,] %v_5[3.2,2.8,] 	 SYMBOL:	 ARGS:%v_5,
		 1: ATTRASSIGN %self->person %v_8[4.0,] 
		 2: 
		 3: (PersonViewUtils) def_%v_9 
		 4: GETFIELD %self->person def_%v_10 %self[4.1,2.0,] 
		 5: GETFIELD %self->current_community def_%v_11 %self[2.0,] 
		 6: %v_9->ensure_person_belongs_to_community! def_%v_12 %v_9[4.3,] %v_10[4.4,] %v_11[4.5,] 	 SYMBOL:	 ARGS:%v_10,%v_11,
		 7: 
		 8: GETFIELD %self->person def_%v_13 %self[4.1,2.0,] 
		 9: %v_13->followed_people def_%v_14 %v_13[4.8,] 	 SYMBOL:	 ARGS:
		 10: ATTRASSIGN %self->followed_people %v_14[4.9,] 
		 11: 
		 12: %self->respond_to def_%v_15 %self[4.1,4.10,2.0,] %self[4.1,4.10,2.0,] 	 SYMBOL:	 ARGS:%self,
CLOSURE BEGIN: format[] %self[4.1,4.10,2.0,] announcement[] param[] value[] 
BB 1
	outgoing: 6 2 
	datadep: 
	instructions:
BB 2
	outgoing: 3 
	datadep: 
	instructions:
		 0: def_%self 
		 1: def_%cl_1_0 
		 2: RECEIVEARG def_format 
		 3: COPY TYPE_CurrentScope def_%current_scope 
		 4: COPY TYPE_ScopeModule def_%current_module 
BB 3
	outgoing: 4 6 
	datadep: 
	instructions:
		 0: 
		 1: format->js def_%cl_1_3 format[2.2,] %self[2.0,] 	 SYMBOL:	 ARGS:format,
CLOSURE BEGIN: %self[2.0,] announcement[] param[] value[] 
BB 1
	outgoing: 6 2 
	datadep: 
	instructions:
BB 2
	outgoing: 3 
	datadep: 
	instructions:
		 0: def_%self 
		 1: def_%cl_2_0 
		 2: COPY TYPE_CurrentScope def_%current_scope 
		 3: COPY TYPE_ScopeModule def_%current_module 
BB 3
	outgoing: 4 6 
	datadep: 
	instructions:
		 0: 
		 1: %self->ruby_code_from_view def_%cl_2_3 %self[2.0,] 	 SYMBOL:	 ARGS:
		 2: %cl_2_3->ruby_code_from_view def_%cl_2_4 %cl_2_3[3.1,] %self[3.1,2.0,] 	 SYMBOL:	 ARGS:%cl_2_3,
CLOSURE BEGIN: %self[3.1,2.0,] announcement[] param[] value[] 
BB 1
	outgoing: 39 2 
	datadep: 
	instructions:
BB 2
	outgoing: 3 
	datadep: 
	instructions:
		 0: def_%self 
		 1: def_%cl_3_0 
		 2: RECEIVEARG def_rb_from_view 
		 3: COPY TYPE_CurrentScope def_%current_scope 
		 4: COPY TYPE_ScopeModule def_%current_module 
BB 3
	outgoing: 4 11 37 
	datadep: 
	instructions:
		 0: 
		 1: (APP_CONFIG) def_%cl_3_3 
		 2: %cl_3_3->use_kissmetrics def_%cl_3_4 %cl_3_3[3.1,] 	 SYMBOL:	 ARGS:
		 3: BRANCH %cl_3_4[3.2,] 
BB 4
	outgoing: 5 6 37 
	datadep: 
	instructions:
		 0: 
		 1: COPY TYPE_StringLiteral "_kms('//i.kissmetrics.com/i.js');_kms('" def_%cl_3_5 
		 2: (APP_CONFIG) def_%cl_3_6 
		 3: %cl_3_6->kissmetrics_url def_%cl_3_7 %cl_3_6[4.2,] 	 SYMBOL:	 ARGS:
		 4: COPY TYPE_StringLiteral "');" def_%cl_3_8 
		 5: BUILDSTRING def_%cl_3_9 %cl_3_5[4.1,] %cl_3_7[4.3,] %cl_3_8[4.4,] 
		 6: 
		 7: 
		 8: GETFIELD %self->current_user def_%cl_3_10 %self[2.0,] 
		 9: BRANCH %cl_3_10[4.8,] 
BB 5
	outgoing: 7 37 
	datadep: 
	instructions:
		 0: COPY TYPE_StringLiteral "_kmq.push(['identify', '" def_%cl_3_11 
		 1: GETFIELD %self->current_user def_%cl_3_12 %self[2.0,] 
		 2: %cl_3_12->id def_%cl_3_13 %cl_3_12[5.1,] 	 SYMBOL:	 ARGS:
		 3: COPY TYPE_StringLiteral "']);" def_%cl_3_14 
		 4: BUILDSTRING def_%cl_3_15 %cl_3_11[5.0,] %cl_3_13[5.2,] %cl_3_14[5.3,] 
		 5: 
BB 6
	outgoing: 7 
	datadep: 
	instructions:
		 0: COPY TYPE_Nil def_%cl_3_15 
BB 7
	outgoing: 8 9 
	datadep: 
	instructions:
		 0: 
		 1: 
		 2: GETFIELD %self->current_community def_%cl_3_16 %self[2.0,] 
		 3: BRANCH %cl_3_16[7.2,] 
BB 8
	outgoing: 10 37 
	datadep: 
	instructions:
		 0: COPY TYPE_StringLiteral "_kmq.push(['set', {'SiteName' : '" def_%cl_3_17 
		 1: GETFIELD %self->current_community def_%cl_3_18 %self[2.0,] 
		 2: %cl_3_18->ident def_%cl_3_19 %cl_3_18[8.1,] 	 SYMBOL:	 ARGS:
		 3: COPY TYPE_StringLiteral "'}]);" def_%cl_3_20 
		 4: BUILDSTRING def_%cl_3_21 %cl_3_17[8.0,] %cl_3_19[8.2,] %cl_3_20[8.3,] 
		 5: 
BB 9
	outgoing: 10 
	datadep: 
	instructions:
		 0: 
		 1: COPY TYPE_StringLiteral "_kmq.push(['set', {'SiteName' : 'dashboard'}]);" def_%cl_3_22 
		 2: COPY TYPE_PASS def_%cl_3_21 %cl_3_22[9.1,] 
BB 10
	outgoing: 12 
	datadep: 
	instructions:
		 0: 
BB 11
	outgoing: 12 
	datadep: 
	instructions:
		 0: COPY TYPE_Nil def_%cl_3_21 
BB 12
	outgoing: 13 14 37 
	datadep: 
	instructions:
		 0: 
		 1: (I18n) def_%cl_3_23 
		 2: %cl_3_23->locale def_%cl_3_24 %cl_3_23[12.1,] 	 SYMBOL:	 ARGS:
		 3: 
		 4: %self->content_for def_%cl_3_25 %self[2.0,] 	 SYMBOL:head,	 ARGS:Symbol,
		 5: 
		 6: %self->display_expiration_notice? def_%cl_3_26 %self[12.4,2.0,] 	 SYMBOL:	 ARGS:
		 7: BRANCH %cl_3_26[12.6,] 
BB 13
	outgoing: 15 37 
	datadep: 
	instructions:
		 0: 
		 1: %self->content_for def_%cl_3_27 %self[2.0,] %self[2.0,] 	 SYMBOL:javascript,	 ARGS:Symbol,%self,
CLOSURE BEGIN: 
BB 1
	outgoing: 6 2 
	datadep: 
	instructions:
BB 2
	outgoing: 6 
	datadep: 
	instructions:
		 0: def_%self 
		 1: def_%cl_4_0 
		 2: COPY TYPE_CurrentScope def_%current_scope 
		 3: COPY TYPE_ScopeModule def_%current_module 
		 4: RETURN %self[2.0,] 
BB 6
	outgoing: 
	datadep: 
	instructions:
CLOSURE END: 
		 2: 
		 3: COPY TYPE_StringLiteral "expiration.title" def_%cl_3_28 
		 4: %self->t def_%cl_3_29 %self[13.1,2.0,] %cl_3_28[13.3,] 	 SYMBOL:	 ARGS:%cl_3_28,
		 5: 
		 6: COPY TYPE_StringLiteral "expiration.sub_title_new" def_%cl_3_30 
		 7: %self->t def_%cl_3_31 %self[13.1,13.4,2.0,] %cl_3_30[13.6,] 	 SYMBOL:	 ARGS:%cl_3_30,
		 8: 
		 9: %self->external_plan_service_login_url def_%cl_3_32 %self[13.1,13.4,13.7,2.0,] 	 SYMBOL:	 ARGS:
		 10: 
		 11: COPY TYPE_StringLiteral "expiration.link_to_external_service" def_%cl_3_33 
		 12: %self->t def_%cl_3_34 %self[13.1,13.4,13.7,13.9,2.0,] %cl_3_33[13.11,] 	 SYMBOL:	 ARGS:%cl_3_33,
		 13: 
		 14: COPY TYPE_StringLiteral "expiration.need_more_info" def_%cl_3_35 
		 15: %self->t def_%cl_3_36 %self[13.1,13.4,13.7,13.9,13.12,2.0,] %cl_3_35[13.14,] 	 SYMBOL:	 ARGS:%cl_3_35,
		 16: 
		 17: COPY TYPE_StringLiteral "expiration.contact_us" def_%cl_3_37 
		 18: %self->t def_%cl_3_38 %self[13.1,13.4,13.7,13.9,13.12,13.15,2.0,] %cl_3_37[13.17,] 	 SYMBOL:	 ARGS:%cl_3_37,
		 19: 
BB 14
	outgoing: 15 
	datadep: 
	instructions:
		 0: COPY TYPE_Nil def_%cl_3_38 
BB 15
	outgoing: 16 17 37 
	datadep: 
	instructions:
		 0: 
		 1: %self->content_for def_%cl_3_39 %self[2.0,] %self[2.0,] 	 SYMBOL:page_content,	 ARGS:Symbol,%self,
CLOSURE BEGIN: %self[2.0,] announcement[] 
BB 1
	outgoing: 15 2 
	datadep: 
	instructions:
BB 2
	outgoing: 3 
	datadep: 
	instructions:
		 0: def_%self 
		 1: def_%cl_5_0 
		 2: COPY TYPE_CurrentScope def_%current_scope 
		 3: COPY TYPE_ScopeModule def_%current_module 
BB 3
	outgoing: 4 11 13 
	datadep: 
	instructions:
		 0: 
		 1: %self->with_big_cover_photo def_%cl_5_3 %self[2.0,] %self[2.0,] 	 SYMBOL:	 ARGS:%self,
CLOSURE BEGIN: 
BB 1
	outgoing: 6 2 
	datadep: 
	instructions:
BB 2
	outgoing: 3 
	datadep: 
	instructions:
		 0: def_%self 
		 1: def_%cl_6_0 
		 2: COPY TYPE_CurrentScope def_%current_scope 
		 3: COPY TYPE_ScopeModule def_%current_module 
BB 3
	outgoing: 4 6 
	datadep: 
	instructions:
		 0: 
		 1: def_%cl_6_3 %cl_6_0[2.1,] 
		 2: RETURN %cl_6_3[3.1,] %self[2.0,] 
BB 4
	outgoing: 6 
	datadep: 
	instructions:
		 0: def_%cl_6_4 
		 1: def_%cl_6_5 %cl_6_4[4.0,] 
		 2: RETURN %cl_6_5[4.1,] %self[2.0,] 
BB 6
	outgoing: 
	datadep: 
	instructions:
CLOSURE END: 
		 2: 
		 3: %self->with_small_cover_photo def_%cl_5_4 %self[3.1,2.0,] %self[3.1,2.0,] 	 SYMBOL:	 ARGS:%self,
CLOSURE BEGIN: 
BB 1
	outgoing: 6 2 
	datadep: 
	instructions:
BB 2
	outgoing: 3 
	datadep: 
	instructions:
		 0: def_%self 
		 1: def_%cl_7_0 
		 2: COPY TYPE_CurrentScope def_%current_scope 
		 3: COPY TYPE_ScopeModule def_%current_module 
BB 3
	outgoing: 4 6 
	datadep: 
	instructions:
		 0: 
		 1: def_%cl_7_3 %cl_7_0[2.1,] 
		 2: 
		 3: def_%cl_7_4 %cl_7_0[2.1,] 
		 4: RETURN %cl_7_4[3.3,] %self[2.0,] 
BB 4
	outgoing: 6 
	datadep: 
	instructions:
		 0: def_%cl_7_5 
		 1: def_%cl_7_6 %cl_7_5[4.0,] 
		 2: RETURN %cl_7_6[4.1,] %self[2.0,] 
BB 6
	outgoing: 
	datadep: 
	instructions:
CLOSURE END: 
		 4: 
		 5: COPY TYPE_StringLiteral "ss-check" def_%cl_5_5 
		 6: COPY TYPE_StringLiteral "ss-info" def_%cl_5_6 
		 7: COPY TYPE_StringLiteral "ss-alert" def_%cl_5_7 
		 8: HASH-notice-warning-error- def_%cl_5_8 %cl_5_5[3.5,] %cl_5_6[3.6,] %cl_5_7[3.7,] 
		 9: %cl_5_8->each def_%cl_5_9 %cl_5_8[3.8,] %self[3.1,3.3,2.0,] 	 SYMBOL:	 ARGS:%cl_5_8,
CLOSURE BEGIN: %self[3.1,3.3,2.0,] announcement[] 
BB 1
	outgoing: 9 2 
	datadep: 
	instructions:
BB 2
	outgoing: 3 
	datadep: 
	instructions:
		 0: def_%self 
		 1: def_%cl_8_0 
		 2: RECEIVEARG def_announcement 
		 3: RECEIVEARG def_icon_class 
		 4: COPY TYPE_CurrentScope def_%current_scope 
		 5: COPY TYPE_ScopeModule def_%current_module 
BB 3
	outgoing: 4 5 7 
	datadep: 
	instructions:
		 0: 
		 1: %self->flash def_%cl_8_3 %self[2.0,] 	 SYMBOL:	 ARGS:
		 2: %cl_8_3->[] def_%cl_8_4 %cl_8_3[3.1,] announcement[2.2,] 	 SYMBOL:	 ARGS:announcement,
		 3: BRANCH %cl_8_4[3.2,] 
BB 4
	outgoing: 6 7 
	datadep: 
	instructions:
		 0: 
		 1: announcement->to_s def_%cl_8_5 announcement[2.2,] 	 SYMBOL:	 ARGS:
		 2: 
		 3: 
		 4: %self->flash def_%cl_8_6 %self[2.0,] 	 SYMBOL:	 ARGS:
		 5: %cl_8_6->[] def_%cl_8_7 %cl_8_6[4.4,] announcement[4.1,2.2,] 	 SYMBOL:	 ARGS:announcement,
		 6: 
BB 5
	outgoing: 9 
	datadep: 
	instructions:
		 0: RETURN %self[2.0,] 
BB 6
	outgoing: 9 
	datadep: 
	instructions:
		 0: RETURN %cl_8_7[4.5,] %self[2.0,] 
BB 7
	outgoing: 9 
	datadep: 
	instructions:
		 0: def_%cl_8_8 
		 1: def_%cl_8_9 %cl_8_8[7.0,] 
		 2: RETURN %cl_8_9[7.1,] %self[2.0,] 
BB 9
	outgoing: 
	datadep: 
	instructions:
CLOSURE END: icon_class[2.3,] 
		 10: 
		 11: %self->person def_%cl_5_10 %self[3.1,3.3,2.0,] 	 SYMBOL:	 ARGS:
		 12: COPY TYPE_StringLiteral "fluid-thumbnail-grid-image-item-link" def_%cl_5_11 
		 13: HASH-class- def_%cl_5_12 %cl_5_11[3.12,] 
		 14: %self->link_to def_%cl_5_13 %self[3.1,3.3,3.11,2.0,] %cl_5_10[3.11,] %cl_5_12[3.13,] %self[3.1,3.3,3.11,2.0,] 	 SYMBOL:	 ARGS:%cl_5_10,%cl_5_12,%self,
CLOSURE BEGIN: %self[3.1,3.3,3.11,2.0,] 
BB 1
	outgoing: 6 2 
	datadep: 
	instructions:
BB 2
	outgoing: 3 
	datadep: 
	instructions:
		 0: def_%self 
		 1: def_%cl_9_0 
		 2: COPY TYPE_CurrentScope def_%current_scope 
		 3: COPY TYPE_ScopeModule def_%current_module 
BB 3
	outgoing: 4 6 
	datadep: 
	instructions:
		 0: 
		 1: %self->person def_%cl_9_3 %self[2.0,] 	 SYMBOL:	 ARGS:
		 2: COPY TYPE_StringLiteral "fluid-thumbnail-grid-image-image" def_%cl_9_4 
		 3: HASH-class- def_%cl_9_5 %cl_9_4[3.2,] 
		 4: %self->large_avatar_thumb def_%cl_9_6 %self[3.1,2.0,] %cl_9_3[3.1,] %cl_9_5[3.3,] 	 SYMBOL:	 ARGS:%cl_9_3,%cl_9_5,
		 5: 
		 6: %self->person def_%cl_9_7 %self[3.1,3.4,2.0,] 	 SYMBOL:	 ARGS:
		 7: GETFIELD %self->current_community def_%cl_9_8 %self[3.1,3.4,3.6,2.0,] 
		 8: %cl_9_7->name def_%cl_9_9 %cl_9_7[3.6,] %cl_9_8[3.7,] 	 SYMBOL:	 ARGS:%cl_9_8,
		 9: RETURN %cl_9_9[3.8,] %self[3.1,3.4,3.6,2.0,] 
BB 4
	outgoing: 6 
	datadep: 
	instructions:
		 0: def_%cl_9_10 
		 1: def_%cl_9_11 %cl_9_10[4.0,] 
		 2: RETURN %cl_9_11[4.1,] %self[2.0,] 
BB 6
	outgoing: 
	datadep: 
	instructions:
CLOSURE END: 
		 15: 
		 16: 
		 17: GETFIELD %self->current_user def_%cl_5_14 %self[3.1,3.3,3.11,3.14,2.0,] 
		 18: BRANCH %cl_5_14[3.17,] 
BB 4
	outgoing: 5 6 13 
	datadep: 
	instructions:
		 0: %self->person def_%cl_5_15 %self[2.0,] 	 SYMBOL:	 ARGS:
		 1: %self->current_user? def_%cl_5_16 %self[4.0,2.0,] %cl_5_15[4.0,] 	 SYMBOL:	 ARGS:%cl_5_15,
		 2: BRANCH %cl_5_16[4.1,] 
BB 5
	outgoing: 10 13 
	datadep: 
	instructions:
		 0: 
		 1: GETFIELD %self->current_user def_%cl_5_17 %self[2.0,] 
		 2: %self->person_settings_path def_%cl_5_18 %self[2.0,] %cl_5_17[5.1,] 	 SYMBOL:	 ARGS:%cl_5_17,
		 3: 
		 4: COPY TYPE_StringLiteral "people.show.edit_profile_info" def_%cl_5_19 
		 5: %self->t def_%cl_5_20 %self[5.2,2.0,] %cl_5_19[5.4,] 	 SYMBOL:	 ARGS:%cl_5_19,
		 6: 
BB 6
	outgoing: 7 8 13 
	datadep: 
	instructions:
		 0: 
		 1: GETFIELD %self->current_user def_%cl_5_21 %self[2.0,] 
		 2: %self->person def_%cl_5_22 %self[2.0,] 	 SYMBOL:	 ARGS:
		 3: %cl_5_21->follows? def_%cl_5_23 %cl_5_21[6.1,] %cl_5_22[6.2,] 	 SYMBOL:	 ARGS:%cl_5_22,
		 4: BRANCH %cl_5_23[6.3,] 
BB 7
	outgoing: 9 13 
	datadep: 
	instructions:
		 0: 
		 1: %self->person def_%cl_5_24 %self[2.0,] 	 SYMBOL:	 ARGS:
		 2: GETFIELD %self->current_user def_%cl_5_25 %self[7.1,2.0,] 
		 3: %self->person_follower_path def_%cl_5_26 %self[7.1,2.0,] %cl_5_24[7.1,] %cl_5_25[7.2,] 	 SYMBOL:	 ARGS:%cl_5_24,%cl_5_25,
		 4: COPY TYPE_StringLiteral "delete" def_%cl_5_27 
		 5: COPY TYPE_StringLiteral "follow-button unfollow button-hoverable" def_%cl_5_28 
		 6: HASH-method-remote-class- def_%cl_5_29 %cl_5_27[7.4,] %cl_5_28[7.5,] 
		 7: %self->link_to def_%cl_5_30 %self[7.1,7.3,2.0,] %cl_5_26[7.3,] %cl_5_29[7.6,] %self[7.1,7.3,2.0,] 	 SYMBOL:	 ARGS:%cl_5_26,%cl_5_29,%self,
CLOSURE BEGIN: %self[7.1,7.3,2.0,] 
BB 1
	outgoing: 6 2 
	datadep: 
	instructions:
BB 2
	outgoing: 3 
	datadep: 
	instructions:
		 0: def_%self 
		 1: def_%cl_10_0 
		 2: COPY TYPE_CurrentScope def_%current_scope 
		 3: COPY TYPE_ScopeModule def_%current_module 
BB 3
	outgoing: 4 6 
	datadep: 
	instructions:
		 0: 
		 1: COPY TYPE_StringLiteral ".unfollow" def_%cl_10_3 
		 2: %self->t def_%cl_10_4 %self[2.0,] %cl_10_3[3.1,] 	 SYMBOL:	 ARGS:%cl_10_3,
		 3: 
		 4: COPY TYPE_StringLiteral ".following" def_%cl_10_5 
		 5: %self->t def_%cl_10_6 %self[3.2,2.0,] %cl_10_5[3.4,] 	 SYMBOL:	 ARGS:%cl_10_5,
		 6: RETURN %cl_10_6[3.5,] %self[3.2,3.5,2.0,] 
BB 4
	outgoing: 6 
	datadep: 
	instructions:
		 0: def_%cl_10_7 
		 1: def_%cl_10_8 %cl_10_7[4.0,] 
		 2: RETURN %cl_10_8[4.1,] %self[2.0,] 
BB 6
	outgoing: 
	datadep: 
	instructions:
CLOSURE END: 
		 8: 
BB 8
	outgoing: 9 13 
	datadep: 
	instructions:
		 0: 
		 1: %self->person def_%cl_5_31 %self[2.0,] 	 SYMBOL:	 ARGS:
		 2: COPY TYPE_Array def_%cl_5_32 %cl_5_31[8.1,] 
		 3: COPY TYPE_StringLiteral "post" def_%cl_5_33 
		 4: COPY TYPE_StringLiteral "follow-button" def_%cl_5_34 
		 5: HASH-method-remote-class- def_%cl_5_35 %cl_5_33[8.3,] %cl_5_34[8.4,] 
		 6: %self->link_to def_%cl_5_36 %self[8.1,2.0,] %cl_5_32[8.2,] %cl_5_35[8.5,] %self[8.1,2.0,] 	 SYMBOL:	 ARGS:%cl_5_32,%cl_5_35,%self,
CLOSURE BEGIN: %self[8.1,2.0,] 
BB 1
	outgoing: 6 2 
	datadep: 
	instructions:
BB 2
	outgoing: 3 
	datadep: 
	instructions:
		 0: def_%self 
		 1: def_%cl_11_0 
		 2: COPY TYPE_CurrentScope def_%current_scope 
		 3: COPY TYPE_ScopeModule def_%current_module 
BB 3
	outgoing: 4 6 
	datadep: 
	instructions:
		 0: 
		 1: COPY TYPE_StringLiteral ".follow" def_%cl_11_3 
		 2: %self->t def_%cl_11_4 %self[2.0,] %cl_11_3[3.1,] 	 SYMBOL:	 ARGS:%cl_11_3,
		 3: RETURN %cl_11_4[3.2,] %self[3.2,2.0,] 
BB 4
	outgoing: 6 
	datadep: 
	instructions:
		 0: def_%cl_11_5 
		 1: def_%cl_11_6 %cl_11_5[4.0,] 
		 2: RETURN %cl_11_6[4.1,] %self[2.0,] 
BB 6
	outgoing: 
	datadep: 
	instructions:
CLOSURE END: 
		 7: COPY TYPE_PASS def_%cl_5_30 %cl_5_36[8.6,] 
BB 9
	outgoing: 10 
	datadep: 
	instructions:
		 0: COPY TYPE_PASS def_%cl_5_20 %cl_5_30[8.7,7.7,] 
BB 10
	outgoing: 15 
	datadep: 
	instructions:
		 0: RETURN %cl_5_20[9.0,5.5,] %self[2.0,] 
BB 11
	outgoing: 15 
	datadep: 
	instructions:
		 0: RETURN %self[2.0,] 
BB 13
	outgoing: 15 
	datadep: 
	instructions:
		 0: def_%cl_5_37 
		 1: def_%cl_5_38 %cl_5_37[13.0,] 
		 2: RETURN %cl_5_38[13.1,] %self[2.0,] 
BB 15
	outgoing: 
	datadep: 
	instructions:
CLOSURE END: 
		 2: 
		 3: %self->params def_%cl_3_40 %self[15.1,2.0,] 	 SYMBOL:	 ARGS:
		 4: %cl_3_40->[] def_%cl_3_41 %cl_3_40[15.3,] 	 SYMBOL:controller,	 ARGS:Symbol,
		 5: COPY TYPE_StringLiteral "homepage" def_%cl_3_42 
		 6: %cl_3_41->== def_%cl_3_43 %cl_3_41[15.4,] %cl_3_42[15.5,] 	 SYMBOL:	 ARGS:%cl_3_42,
		 7: BRANCH %cl_3_43[15.6,] 
BB 16
	outgoing: 17 37 
	datadep: 
	instructions:
		 0: %self->params def_%cl_3_44 %self[2.0,] 	 SYMBOL:	 ARGS:
		 1: %cl_3_44->[] def_%cl_3_45 %cl_3_44[16.0,] 	 SYMBOL:action,	 ARGS:Symbol,
		 2: COPY TYPE_StringLiteral "index" def_%cl_3_46 
		 3: %cl_3_45->== def_%cl_3_47 %cl_3_45[16.1,] %cl_3_46[16.2,] 	 SYMBOL:	 ARGS:%cl_3_46,
		 4: COPY TYPE_PASS def_%cl_3_43 %cl_3_47[16.3,] 
BB 17
	outgoing: 18 19 
	datadep: 
	instructions:
		 0: BRANCH %cl_3_43[16.4,15.6,] 
BB 18
	outgoing: 20 37 
	datadep: 
	instructions:
		 0: 
		 1: %self->params def_%cl_3_48 %self[2.0,] 	 SYMBOL:	 ARGS:
		 2: COPY TYPE_StringLiteral "action" def_%cl_3_49 
		 3: COPY TYPE_StringLiteral "controller" def_%cl_3_50 
		 4: COPY TYPE_StringLiteral "q" def_%cl_3_51 
		 5: COPY TYPE_StringLiteral "view" def_%cl_3_52 
		 6: COPY TYPE_StringLiteral "utf8" def_%cl_3_53 
		 7: %cl_3_48->except def_%cl_3_54 %cl_3_48[18.1,] %cl_3_49[18.2,] %cl_3_50[18.3,] %cl_3_51[18.4,] %cl_3_52[18.5,] %cl_3_53[18.6,] 	 SYMBOL:	 ARGS:%cl_3_49,%cl_3_50,%cl_3_51,%cl_3_52,%cl_3_53,
		 8: %cl_3_54->each def_%cl_3_55 %cl_3_54[18.7,] %self[18.1,2.0,] 	 SYMBOL:	 ARGS:%cl_3_54,
CLOSURE BEGIN: param[] %self[18.1,2.0,] value[] 
BB 1
	outgoing: 15 2 
	datadep: 
	instructions:
BB 2
	outgoing: 3 
	datadep: 
	instructions:
		 0: def_%self 
		 1: def_%cl_12_0 
		 2: RECEIVEARG def_param 
		 3: RECEIVEARG def_value 
		 4: COPY TYPE_CurrentScope def_%current_scope 
		 5: COPY TYPE_ScopeModule def_%current_module 
BB 3
	outgoing: 4 5 13 
	datadep: 
	instructions:
		 0: 
		 1: COPY TYPE_Regexp def_%cl_12_3 
		 2: param->match def_%cl_12_4 param[2.2,] 	 SYMBOL:	 ARGS:%cl_12_3,
		 3: BRANCH %cl_12_4[3.2,] 
BB 4
	outgoing: 5 13 
	datadep: 
	instructions:
		 0: COPY TYPE_Regexp def_%cl_12_5 
		 1: param->match def_%cl_12_6 param[2.2,] 	 SYMBOL:	 ARGS:%cl_12_5,
		 2: COPY TYPE_PASS def_%cl_12_4 %cl_12_6[4.1,] 
BB 5
	outgoing: 6 7 
	datadep: 
	instructions:
		 0: BRANCH %cl_12_4[4.2,3.2,] 
BB 6
	outgoing: 7 13 
	datadep: 
	instructions:
		 0: COPY TYPE_Regexp def_%cl_12_7 
		 1: param->match def_%cl_12_8 param[2.2,] 	 SYMBOL:	 ARGS:%cl_12_7,
		 2: COPY TYPE_PASS def_%cl_12_4 %cl_12_8[6.1,] 
BB 7
	outgoing: 8 9 
	datadep: 
	instructions:
		 0: BRANCH %cl_12_4[6.2,4.2,3.2,] 
BB 8
	outgoing: 9 13 
	datadep: 
	instructions:
		 0: COPY TYPE_Regexp def_%cl_12_9 
		 1: param->match def_%cl_12_10 param[2.2,] 	 SYMBOL:	 ARGS:%cl_12_9,
		 2: COPY TYPE_PASS def_%cl_12_4 %cl_12_10[8.1,] 
BB 9
	outgoing: 10 11 
	datadep: 
	instructions:
		 0: BRANCH %cl_12_4[8.2,6.2,4.2,3.2,] 
BB 10
	outgoing: 15 
	datadep: 
	instructions:
		 0: COPY TYPE_Nil def_%cl_12_11 
		 1: RETURN %cl_12_11[10.0,] %self[2.0,] 
BB 11
	outgoing: 13 15 
	datadep: 
	instructions:
		 0: 
		 1: %self->hidden_field_tag def_%cl_12_12 %self[2.0,] param[2.2,] value[2.3,] 	 SYMBOL:	 ARGS:param,value,
		 2: RETURN %cl_12_12[11.1,] %self[11.1,2.0,] 
BB 13
	outgoing: 15 
	datadep: 
	instructions:
		 0: def_%cl_12_13 
		 1: def_%cl_12_14 %cl_12_13[13.0,] 
		 2: RETURN %cl_12_14[13.1,] %self[2.0,] 
BB 15
	outgoing: 
	datadep: 
	instructions:
CLOSURE END: value[2.3,] 
		 9: 
		 10: COPY TYPE_StringLiteral "view" def_%cl_3_56 
		 11: GETFIELD %self->view_type def_%cl_3_57 %self[18.1,2.0,] 
		 12: %self->hidden_field_tag def_%cl_3_58 %self[18.1,2.0,] %cl_3_56[18.10,] %cl_3_57[18.11,] 	 SYMBOL:	 ARGS:%cl_3_56,%cl_3_57,
		 13: 
		 14: %self->content_for def_%cl_3_59 %self[18.1,18.12,2.0,] 	 SYMBOL:page_content,	 ARGS:Symbol,
		 15: 
BB 19
	outgoing: 20 37 
	datadep: 
	instructions:
		 0: 
		 1: %self->content_for def_%cl_3_60 %self[2.0,] 	 SYMBOL:page_content,	 ARGS:Symbol,
		 2: COPY TYPE_PASS def_%cl_3_59 %cl_3_60[19.1,] 
BB 20
	outgoing: 21 29 37 
	datadep: 
	instructions:
		 0: 
		 1: (APP_CONFIG) def_%cl_3_61 
		 2: %cl_3_61->use_google_analytics def_%cl_3_62 %cl_3_61[20.1,] 	 SYMBOL:	 ARGS:
		 3: BRANCH %cl_3_62[20.2,] 
BB 21
	outgoing: 22 23 37 
	datadep: 
	instructions:
		 0: 
		 1: COPY TYPE_StringLiteral "_gaq.push(['_setAccount', '" def_%cl_3_63 
		 2: (APP_CONFIG) def_%cl_3_64 
		 3: %cl_3_64->google_analytics_key def_%cl_3_65 %cl_3_64[21.2,] 	 SYMBOL:	 ARGS:
		 4: COPY TYPE_StringLiteral "']);" def_%cl_3_66 
		 5: BUILDSTRING def_%cl_3_67 %cl_3_63[21.1,] %cl_3_65[21.3,] %cl_3_66[21.4,] 
		 6: 
		 7: COPY TYPE_StringLiteral "_gaq.push(['_setDomainName', '." def_%cl_3_68 
		 8: (PublicSuffix) def_%cl_3_69 
		 9: %self->request def_%cl_3_70 %self[2.0,] 	 SYMBOL:	 ARGS:
		 10: %cl_3_70->host def_%cl_3_71 %cl_3_70[21.9,] 	 SYMBOL:	 ARGS:
		 11: %cl_3_69->parse def_%cl_3_72 %cl_3_69[21.8,] %cl_3_71[21.10,] 	 SYMBOL:	 ARGS:%cl_3_71,
		 12: %cl_3_72->domain def_%cl_3_73 %cl_3_72[21.11,] 	 SYMBOL:	 ARGS:
		 13: COPY TYPE_StringLiteral "']);" def_%cl_3_74 
		 14: BUILDSTRING def_%cl_3_75 %cl_3_68[21.7,] %cl_3_73[21.12,] %cl_3_74[21.13,] 
		 15: 
		 16: GETFIELD %self->current_community def_%cl_3_76 %self[21.9,2.0,] 
		 17: BRANCH %cl_3_76[21.16,] 
BB 22
	outgoing: 23 37 
	datadep: 
	instructions:
		 0: GETFIELD %self->current_community def_%cl_3_77 %self[2.0,] 
		 1: %cl_3_77->google_analytics_key def_%cl_3_78 %cl_3_77[22.0,] 	 SYMBOL:	 ARGS:
		 2: COPY TYPE_PASS def_%cl_3_76 %cl_3_78[22.1,] 
BB 23
	outgoing: 24 27 
	datadep: 
	instructions:
		 0: BRANCH %cl_3_76[22.2,21.16,] 
BB 24
	outgoing: 25 26 37 
	datadep: 
	instructions:
		 0: 
		 1: COPY TYPE_StringLiteral "_gaq.push(['b._setAccount', '" def_%cl_3_79 
		 2: GETFIELD %self->current_community def_%cl_3_80 %self[2.0,] 
		 3: %cl_3_80->google_analytics_key def_%cl_3_81 %cl_3_80[24.2,] 	 SYMBOL:	 ARGS:
		 4: COPY TYPE_StringLiteral "']);" def_%cl_3_82 
		 5: BUILDSTRING def_%cl_3_83 %cl_3_79[24.1,] %cl_3_81[24.3,] %cl_3_82[24.4,] 
		 6: 
		 7: COPY TYPE_StringLiteral "_gaq.push(['b._setDomainName', '." def_%cl_3_84 
		 8: (PublicSuffix) def_%cl_3_85 
		 9: %self->request def_%cl_3_86 %self[2.0,] 	 SYMBOL:	 ARGS:
		 10: %cl_3_86->host def_%cl_3_87 %cl_3_86[24.9,] 	 SYMBOL:	 ARGS:
		 11: %cl_3_85->parse def_%cl_3_88 %cl_3_85[24.8,] %cl_3_87[24.10,] 	 SYMBOL:	 ARGS:%cl_3_87,
		 12: %cl_3_88->domain def_%cl_3_89 %cl_3_88[24.11,] 	 SYMBOL:	 ARGS:
		 13: COPY TYPE_StringLiteral "']);" def_%cl_3_90 
		 14: BUILDSTRING def_%cl_3_91 %cl_3_84[24.7,] %cl_3_89[24.12,] %cl_3_90[24.13,] 
		 15: 
		 16: COPY TYPE_StringLiteral "_gaq.push(['b._addIgnoredOrganic', '" def_%cl_3_92 
		 17: GETFIELD %self->current_community def_%cl_3_93 %self[24.9,2.0,] 
		 18: (I18n) def_%cl_3_94 
		 19: %cl_3_94->locale def_%cl_3_95 %cl_3_94[24.18,] 	 SYMBOL:	 ARGS:
		 20: %cl_3_93->name def_%cl_3_96 %cl_3_93[24.17,] %cl_3_95[24.19,] 	 SYMBOL:	 ARGS:%cl_3_95,
		 21: %self->Maybe def_%cl_3_97 %self[24.9,2.0,] %cl_3_96[24.20,] 	 SYMBOL:	 ARGS:%cl_3_96,
		 22: COPY TYPE_StringLiteral "'" def_%cl_3_98 
		 23: COPY TYPE_StringLiteral "" def_%cl_3_99 
		 24: %cl_3_97->gsub def_%cl_3_100 %cl_3_97[24.21,] %cl_3_98[24.22,] %cl_3_99[24.23,] 	 SYMBOL:	 ARGS:%cl_3_98,%cl_3_99,
		 25: COPY TYPE_StringLiteral "" def_%cl_3_101 
		 26: %cl_3_100->or_else def_%cl_3_102 %cl_3_100[24.24,] %cl_3_101[24.25,] 	 SYMBOL:	 ARGS:%cl_3_101,
		 27: COPY TYPE_StringLiteral "']);" def_%cl_3_103 
		 28: BUILDSTRING def_%cl_3_104 %cl_3_92[24.16,] %cl_3_102[24.26,] %cl_3_103[24.27,] 
		 29: 
		 30: COPY TYPE_StringLiteral "_gaq.push(['b._addIgnoredOrganic', '" def_%cl_3_105 
		 31: GETFIELD %self->current_community def_%cl_3_106 %self[24.9,24.21,2.0,] 
		 32: %cl_3_106->domain def_%cl_3_107 %cl_3_106[24.31,] 	 SYMBOL:	 ARGS:
		 33: BRANCH %cl_3_107[24.32,] 
BB 25
	outgoing: 26 37 
	datadep: 
	instructions:
		 0: GETFIELD %self->current_community def_%cl_3_108 %self[2.0,] 
		 1: %cl_3_108->ident def_%cl_3_109 %cl_3_108[25.0,] 	 SYMBOL:	 ARGS:
		 2: COPY TYPE_PASS def_%cl_3_107 %cl_3_109[25.1,] 
BB 26
	outgoing: 28 37 
	datadep: 
	instructions:
		 0: COPY TYPE_StringLiteral "']);" def_%cl_3_110 
		 1: BUILDSTRING def_%cl_3_111 %cl_3_105[24.30,] %cl_3_107[25.2,24.32,] %cl_3_110[26.0,] 
		 2: 
BB 27
	outgoing: 28 
	datadep: 
	instructions:
		 0: COPY TYPE_Nil def_%cl_3_111 
BB 28
	outgoing: 30 
	datadep: 
	instructions:
		 0: 
BB 29
	outgoing: 30 
	datadep: 
	instructions:
		 0: COPY TYPE_Nil def_%cl_3_111 
BB 30
	outgoing: 31 32 37 
	datadep: 
	instructions:
		 0: 
		 1: %self->content_for def_%cl_3_112 %self[2.0,] 	 SYMBOL:location_search,	 ARGS:Symbol,
		 2: 
		 3: COPY TYPE_StringLiteral "application" def_%cl_3_113 
		 4: %self->javascript_include_tag def_%cl_3_114 %self[30.1,2.0,] %cl_3_113[30.3,] 	 SYMBOL:	 ARGS:%cl_3_113,
		 5: 
		 6: 
		 7: GETFIELD %self->analytics_event def_%cl_3_115 %self[30.1,30.4,2.0,] 
		 8: BRANCH %cl_3_115[30.7,] 
BB 31
	outgoing: 33 
	datadep: 
	instructions:
		 0: COPY TYPE_Nil def_%cl_3_116 
		 1: 
BB 32
	outgoing: 33 
	datadep: 
	instructions:
		 0: COPY TYPE_Nil def_%cl_3_116 
BB 33
	outgoing: 34 35 37 
	datadep: 
	instructions:
		 0: 
		 1: (Rails) def_%cl_3_117 
		 2: %cl_3_117->env def_%cl_3_118 %cl_3_117[33.1,] 	 SYMBOL:	 ARGS:
		 3: %cl_3_118->test? def_%cl_3_119 %cl_3_118[33.2,] 	 SYMBOL:	 ARGS:
		 4: BRANCH %cl_3_119[33.3,] 
BB 34
	outgoing: 36 
	datadep: 
	instructions:
		 0: COPY TYPE_Nil def_%cl_3_120 
		 1: 
BB 35
	outgoing: 36 
	datadep: 
	instructions:
		 0: COPY TYPE_Nil def_%cl_3_120 
BB 36
	outgoing: 37 39 
	datadep: 
	instructions:
		 0: 
		 1: %self->content_for def_%cl_3_121 %self[2.0,] 	 SYMBOL:extra_javascript,	 ARGS:Symbol,
		 2: 
		 3: COPY TYPE_StringLiteral "error_pages.no_javascript.javascript_is_disabled_in_your_browser" def_%cl_3_122 
		 4: %self->t def_%cl_3_123 %self[36.1,2.0,] %cl_3_122[36.3,] 	 SYMBOL:	 ARGS:%cl_3_122,
		 5: 
		 6: COPY TYPE_StringLiteral "error_pages.no_javascript.kassi_does_not_currently_work_without_javascript" def_%cl_3_124 
		 7: %self->t def_%cl_3_125 %self[36.1,36.4,2.0,] %cl_3_124[36.6,] 	 SYMBOL:	 ARGS:%cl_3_124,
		 8: RETURN %cl_3_125[36.7,] %self[36.1,36.4,36.7,2.0,] 
BB 37
	outgoing: 39 
	datadep: 
	instructions:
		 0: def_%cl_3_126 
		 1: def_%cl_3_127 %cl_3_126[37.0,] 
		 2: RETURN %cl_3_127[37.1,] %self[2.0,] 
BB 39
	outgoing: 
	datadep: 
	instructions:
CLOSURE END: 
		 3: RETURN %cl_2_4[3.2,] %self[3.1,2.0,] 
BB 4
	outgoing: 6 
	datadep: 
	instructions:
		 0: def_%cl_2_5 
		 1: def_%cl_2_6 %cl_2_5[4.0,] 
		 2: RETURN %cl_2_6[4.1,] %self[2.0,] 
BB 6
	outgoing: 
	datadep: 
	instructions:
CLOSURE END: 
		 2: RETURN %cl_1_3[3.1,] %self[2.0,] 
BB 4
	outgoing: 6 
	datadep: 
	instructions:
		 0: def_%cl_1_4 
		 1: def_%cl_1_5 %cl_1_4[4.0,] 
		 2: RETURN %cl_1_5[4.1,] %self[2.0,] 
BB 6
	outgoing: 
	datadep: 
	instructions:
CLOSURE END: 
		 13: RETURN %v_15[4.12,] %self[4.1,4.10,4.12,2.0,] 
BB 5
	outgoing: 
	datadep: 
	instructions:

