SET IRMethod, name = destroy instanceMethod = true
BB 1
	outgoing: 6 2 
	datadep: 
	instructions:
BB 2
	outgoing: 3 4 
	datadep: 
	instructions:
		 0: def_%self 
		 1: def_%v_0 
		 2: COPY TYPE_CurrentScope def_%current_scope 
		 3: COPY TYPE_ScopeModule def_%current_module 
		 4: 
		 5: 
		 6: GETFIELD %self->listing_image def_%v_3 %self[2.0,] 
		 7: %v_3->id def_%v_4 %v_3[2.6,] 	 SYMBOL:	 ARGS:
		 8: %v_4->to_s def_%v_5 %v_4[2.7,] 	 SYMBOL:	 ARGS:
		 9: ATTRASSIGN %self->listing_image_id %v_5[2.8,] 
		 10: 
		 11: GETFIELD %self->listing_image def_%v_6 %self[2.0,] 
		 12: %v_6->destroy def_%v_7 %v_6[2.11,] 	 SYMBOL:	 ARGS:
		 13: BRANCH %v_7[2.12,] 
BB 3
	outgoing: 6 
	datadep: 
	instructions:
		 0: 
		 1: HASH-nothing-status- def_%v_8 
		 2: %self->render def_%v_9 %self[2.0,2.9,] %v_8[3.1,] 	 SYMBOL:	 ARGS:%v_8,
		 3: RETURN %v_9[3.2,] %self[3.2,2.0,2.9,] 
BB 4
	outgoing: 6 
	datadep: 
	instructions:
		 0: 
		 1: %self->listing_image def_%v_10 %self[2.0,2.9,] 	 SYMBOL:	 ARGS:
		 2: %v_10->errors def_%v_11 %v_10[4.1,] 	 SYMBOL:	 ARGS:
		 3: %v_11->full_messages def_%v_12 %v_11[4.2,] 	 SYMBOL:	 ARGS:
		 4: HASH-errors- def_%v_13 %v_12[4.3,] 
		 5: HASH-json-status- def_%v_14 %v_13[4.4,] 
		 6: %self->render def_%v_15 %self[4.1,2.0,2.9,] %v_14[4.5,] 	 SYMBOL:	 ARGS:%v_14,
		 7: RETURN %v_15[4.6,] %self[4.1,4.6,2.0,2.9,] 
BB 6
	outgoing: 
	datadep: 
	instructions:

SET IRMethod, name = add_from_url instanceMethod = true
BB 1
	outgoing: 6 2 
	datadep: 
	instructions:
BB 2
	outgoing: 3 4 
	datadep: 
	instructions:
		 0: def_%self 
		 1: def_%v_0 
		 2: COPY TYPE_CurrentScope def_%current_scope 
		 3: COPY TYPE_ScopeModule def_%current_module 
		 4: 
		 5: 
		 6: %self->params def_%v_3 %self[2.0,] 	 SYMBOL:	 ARGS:
		 7: %v_3->[] def_%v_4 %v_3[2.6,] 	 SYMBOL:path,	 ARGS:Symbol,
		 8: %self->params def_%v_5 %self[2.0,2.6,] 	 SYMBOL:	 ARGS:
		 9: %v_5->[] def_%v_6 %v_5[2.8,] 	 SYMBOL:filename,	 ARGS:Symbol,
		 10: %self->escape_s3_url def_%v_7 %self[2.0,2.6,2.8,] %v_4[2.7,] %v_6[2.9,] 	 SYMBOL:	 ARGS:%v_4,%v_6,
		 11: COPY TYPE_PASS def_url %v_7[2.10,] 
		 12: 
		 13: %v_7->present? def_%v_8 %v_7[2.10,] 	 SYMBOL:	 ARGS:
		 14: %v_8->! def_%v_9 %v_8[2.13,] 	 SYMBOL:	 ARGS:
		 15: BRANCH %v_9[2.14,] 
BB 3
	outgoing: 5 
	datadep: 
	instructions:
		 0: 
		 1: %self->logger def_%v_10 %self[2.0,] 	 SYMBOL:	 ARGS:
		 2: COPY TYPE_StringLiteral "No image URL provided" def_%v_11 
		 3: %self->params def_%v_12 %self[3.1,2.0,] 	 SYMBOL:	 ARGS:
		 4: %v_10->info def_%v_13 %v_10[3.1,] %v_11[3.2,] %v_12[3.3,] 	 SYMBOL:no_image_url_provided,	 ARGS:%v_11,Symbol,%v_12,
		 5: 
		 6: COPY TYPE_StringLiteral "No image URL provided" def_%v_14 
		 7: HASH-errors- def_%v_15 %v_14[3.6,] 
		 8: COPY TYPE_StringLiteral "text/plain" def_%v_16 
		 9: HASH-json-status-content_type- def_%v_17 %v_15[3.7,] %v_16[3.8,] 
		 10: %self->render def_%v_18 %self[3.1,3.3,2.0,] %v_17[3.9,] 	 SYMBOL:	 ARGS:%v_17,
		 11: 
BB 4
	outgoing: 5 
	datadep: 
	instructions:
		 0: COPY TYPE_Nil def_%v_18 
BB 5
	outgoing: 6 
	datadep: 
	instructions:
		 0: 
		 1: %self->params def_%v_19 %self[2.0,] 	 SYMBOL:	 ARGS:
		 2: %v_19->[] def_%v_20 %v_19[5.1,] 	 SYMBOL:listing_id,	 ARGS:Symbol,
		 3: HASH- def_%v_21 
		 4: %self->add_image def_%v_22 %self[5.1,2.0,] %v_20[5.2,] %v_21[5.3,] url[2.11,] 	 SYMBOL:	 ARGS:%v_20,%v_21,url,
		 5: RETURN %v_22[5.4,] %self[5.1,5.4,2.0,] 
BB 6
	outgoing: 
	datadep: 
	instructions:

SET IRMethod, name = add_from_file instanceMethod = true
BB 1
	outgoing: 3 2 
	datadep: 
	instructions:
BB 2
	outgoing: 3 
	datadep: 
	instructions:
		 0: def_%self 
		 1: def_%v_0 
		 2: COPY TYPE_CurrentScope def_%current_scope 
		 3: COPY TYPE_ScopeModule def_%current_module 
		 4: 
		 5: 
		 6: %self->params def_%v_3 %self[2.0,] 	 SYMBOL:	 ARGS:
		 7: %v_3->[] def_%v_4 %v_3[2.6,] 	 SYMBOL:listing_id,	 ARGS:Symbol,
		 8: %self->params def_%v_5 %self[2.0,2.6,] 	 SYMBOL:	 ARGS:
		 9: %v_5->[] def_%v_6 %v_5[2.8,] 	 SYMBOL:listing_image,	 ARGS:Symbol,
		 10: %self->add_image def_%v_7 %self[2.0,2.6,2.8,] %v_4[2.7,] %v_6[2.9,] 	 SYMBOL:	 ARGS:%v_4,%v_6,Nil,
		 11: RETURN %v_7[2.10,] %self[2.0,2.6,2.8,2.10,] 
BB 3
	outgoing: 
	datadep: 
	instructions:

SET IRMethod, name = image_status instanceMethod = true
BB 1
	outgoing: 6 2 
	datadep: 
	instructions:
BB 2
	outgoing: 3 4 
	datadep: 
	instructions:
		 0: def_%self 
		 1: def_%v_0 
		 2: COPY TYPE_CurrentScope def_%current_scope 
		 3: COPY TYPE_ScopeModule def_%current_module 
		 4: 
		 5: 
		 6: (ListingImage) def_%v_3 
		 7: %self->params def_%v_4 %self[2.0,] 	 SYMBOL:	 ARGS:
		 8: %v_4->[] def_%v_5 %v_4[2.7,] 	 SYMBOL:id,	 ARGS:Symbol,
		 9: %v_3->find_by_id def_%v_6 %v_3[2.6,] %v_5[2.8,] 	 SYMBOL:	 ARGS:%v_5,
		 10: COPY TYPE_PASS def_listing_image %v_6[2.9,] 
		 11: 
		 12: %v_6->! def_%v_7 %v_6[2.9,] 	 SYMBOL:	 ARGS:
		 13: BRANCH %v_7[2.12,] 
BB 3
	outgoing: 6 
	datadep: 
	instructions:
		 0: 
		 1: HASH-nothing-status- def_%v_8 
		 2: %self->render def_%v_9 %self[2.0,] %v_8[3.1,] 	 SYMBOL:	 ARGS:%v_8,
		 3: RETURN %v_9[3.2,] %self[3.2,2.0,] 
BB 4
	outgoing: 6 
	datadep: 
	instructions:
		 0: 
		 1: (ListingImageJSAdapter) def_%v_10 
		 2: %v_10->new def_%v_11 %v_10[4.1,] listing_image[2.10,] 	 SYMBOL:	 ARGS:listing_image,
		 3: %v_11->to_json def_%v_12 %v_11[4.2,] 	 SYMBOL:	 ARGS:
		 4: HASH-json-status- def_%v_13 %v_12[4.3,] 
		 5: %self->render def_%v_14 %self[2.0,] %v_13[4.4,] 	 SYMBOL:	 ARGS:%v_13,
		 6: RETURN %v_14[4.5,] %self[4.5,2.0,] 
BB 6
	outgoing: 
	datadep: 
	instructions:

SET IRMethod, name = escape_s3_url instanceMethod = true
BB 1
	outgoing: 7 2 
	datadep: 
	instructions:
BB 2
	outgoing: 3 4 
	datadep: 
	instructions:
		 0: def_%self 
		 1: def_%v_0 
		 2: COPY TYPE_CurrentScope def_%current_scope 
		 3: COPY TYPE_ScopeModule def_%current_module 
		 4: 
		 5: RECEIVEARG def_path 
		 6: RECEIVEARG def_filename 
		 7: 
		 8: (AWS) def_%v_3 
		 9: (inherit Core) def_%v_4 %v_3[2.8,] 
		 10: %v_4[2.9,] 
BB 3
	outgoing: 4 
	datadep: 
	instructions:
		 0: %v_3->const_missing def_%v_4 %v_3[2.8,] 	 SYMBOL:Core,	 ARGS:Symbol,
BB 4
	outgoing: 5 6 
	datadep: 
	instructions:
		 0: (inherit UriEscape) def_%v_5 %v_4[3.0,2.9,] 
		 1: %v_5[4.0,] 
BB 5
	outgoing: 6 
	datadep: 
	instructions:
		 0: %v_4->const_missing def_%v_5 %v_4[3.0,2.9,] 	 SYMBOL:UriEscape,	 ARGS:Symbol,
BB 6
	outgoing: 7 
	datadep: 
	instructions:
		 0: %v_5->escape def_%v_6 %v_5[5.0,4.0,] filename[2.6,] 	 SYMBOL:	 ARGS:filename,
		 1: COPY TYPE_PASS def_escaped_filename %v_6[6.0,] 
		 2: 
		 3: COPY TYPE_StringLiteral "${filename}" def_%v_7 
		 4: path->sub def_%v_8 path[2.5,] %v_7[6.3,] %v_6[6.0,] 	 SYMBOL:	 ARGS:%v_7,escaped_filename,
		 5: RETURN %v_8[6.4,] %self[2.0,] 
BB 7
	outgoing: 
	datadep: 
	instructions:

SET IRMethod, name = add_image instanceMethod = true
BB 1
	outgoing: 3 2 
	datadep: 
	instructions:
BB 2
	outgoing: 3 
	datadep: 
	instructions:
		 0: def_%self 
		 1: def_%v_0 
		 2: COPY TYPE_CurrentScope def_%current_scope 
		 3: COPY TYPE_ScopeModule def_%current_module 
		 4: 
		 5: RECEIVEARG def_listing_id 
		 6: RECEIVEARG def_params 
		 7: RECEIVEARG def_url 
		 8: 
		 9: GETFIELD %self->current_user def_%v_3 %self[2.0,] 
		 10: HASH-author-listing_id- def_%v_4 %v_3[2.9,] listing_id[2.5,] 
		 11: params->merge def_%v_5 params[2.6,] %v_4[2.10,] 	 SYMBOL:	 ARGS:%v_4,
		 12: COPY TYPE_PASS def_listing_image_params %v_5[2.11,] 
		 13: 
		 14: %self->new_image def_%v_6 %self[2.0,] %v_5[2.11,] url[2.7,] 	 SYMBOL:	 ARGS:listing_image_params,url,
		 15: RETURN %v_6[2.14,] %self[2.0,2.14,] 
BB 3
	outgoing: 
	datadep: 
	instructions:

SET IRMethod, name = new_image instanceMethod = true
BB 1
	outgoing: 14 2 
	datadep: 
	instructions:
BB 2
	outgoing: 3 4 
	datadep: 
	instructions:
		 0: def_%self 
		 1: def_%v_0 
		 2: COPY TYPE_CurrentScope def_%current_scope 
		 3: COPY TYPE_ScopeModule def_%current_module 
		 4: 
		 5: RECEIVEARG def_params 
		 6: RECEIVEARG def_url 
		 7: 
		 8: (ListingImage) def_%v_3 
		 9: %v_3->new def_%v_4 %v_3[2.8,] params[2.5,] 	 SYMBOL:	 ARGS:params,
		 10: COPY TYPE_PASS def_listing_image %v_4[2.9,] 
		 11: 
		 12: url->present? def_%v_5 url[2.6,] 	 SYMBOL:	 ARGS:
		 13: BRANCH %v_5[2.12,] 
BB 3
	outgoing: 5 
	datadep: 
	instructions:
		 0: COPY TYPE_Boolean def_%v_6 
		 1: 
BB 4
	outgoing: 5 
	datadep: 
	instructions:
		 0: COPY TYPE_Boolean def_%v_6 
BB 5
	outgoing: 6 12 
	datadep: 
	instructions:
		 0: ATTRASSIGN listing_image->image_downloaded %v_6[4.0,3.0,] 
		 1: 
		 2: listing_image->save def_%v_7 listing_image[5.0,2.10,] 	 SYMBOL:	 ARGS:
		 3: BRANCH %v_7[5.2,] 
BB 6
	outgoing: 7 10 
	datadep: 
	instructions:
		 0: 
		 1: listing_image->image_downloaded def_%v_8 listing_image[5.0,2.10,] 	 SYMBOL:	 ARGS:
		 2: %v_8->! def_%v_9 %v_8[6.1,] 	 SYMBOL:	 ARGS:
		 3: BRANCH %v_9[6.2,] 
BB 7
	outgoing: 8 9 
	datadep: 
	instructions:
		 0: 
		 1: %self->logger def_%v_10 %self[2.0,] 	 SYMBOL:	 ARGS:
		 2: COPY TYPE_StringLiteral "Asynchronously downloading image" def_%v_11 
		 3: listing_image->id def_%v_12 listing_image[5.0,2.10,] 	 SYMBOL:	 ARGS:
		 4: HASH-listing_image_id-url-params- def_%v_13 %v_12[7.3,] url[2.6,] params[2.5,] 
		 5: %v_10->info def_%v_14 %v_10[7.1,] %v_11[7.2,] %v_13[7.4,] 	 SYMBOL:start_async_image_download,	 ARGS:%v_11,Symbol,%v_13,
		 6: 
		 7: (Delayed) def_%v_15 
		 8: (inherit Job) def_%v_16 %v_15[7.7,] 
		 9: %v_16[7.8,] 
BB 8
	outgoing: 9 
	datadep: 
	instructions:
		 0: %v_15->const_missing def_%v_16 %v_15[7.7,] 	 SYMBOL:Job,	 ARGS:Symbol,
BB 9
	outgoing: 11 
	datadep: 
	instructions:
		 0: (DownloadListingImageJob) def_%v_17 
		 1: listing_image->id def_%v_18 listing_image[5.0,2.10,] 	 SYMBOL:	 ARGS:
		 2: %v_17->new def_%v_19 %v_17[9.0,] %v_18[9.1,] url[2.6,] 	 SYMBOL:	 ARGS:%v_18,url,
		 3: HASH-priority- def_%v_20 
		 4: %v_16->enqueue def_%v_21 %v_16[8.0,7.8,] %v_19[9.2,] %v_20[9.3,] 	 SYMBOL:	 ARGS:%v_19,%v_20,
		 5: 
BB 10
	outgoing: 11 
	datadep: 
	instructions:
		 0: 
		 1: %self->logger def_%v_22 %self[2.0,] 	 SYMBOL:	 ARGS:
		 2: COPY TYPE_StringLiteral "Listing image is already downloaded" def_%v_23 
		 3: listing_image->id def_%v_24 listing_image[5.0,2.10,] 	 SYMBOL:	 ARGS:
		 4: HASH-listing_image_id-params- def_%v_25 %v_24[10.3,] params[2.5,] 
		 5: %v_22->info def_%v_26 %v_22[10.1,] %v_23[10.2,] %v_25[10.4,] 	 SYMBOL:image_already_downloaded,	 ARGS:%v_23,Symbol,%v_25,
		 6: COPY TYPE_PASS def_%v_21 %v_26[10.5,] 
BB 11
	outgoing: 14 
	datadep: 
	instructions:
		 0: 
		 1: (ListingImageJSAdapter) def_%v_27 
		 2: %v_27->new def_%v_28 %v_27[11.1,] listing_image[5.0,2.10,] 	 SYMBOL:	 ARGS:listing_image,
		 3: %v_28->to_json def_%v_29 %v_28[11.2,] 	 SYMBOL:	 ARGS:
		 4: COPY TYPE_StringLiteral "text/plain" def_%v_30 
		 5: HASH-json-status-content_type- def_%v_31 %v_29[11.3,] %v_30[11.4,] 
		 6: %self->render def_%v_32 %self[2.0,] %v_31[11.5,] 	 SYMBOL:	 ARGS:%v_31,
		 7: RETURN %v_32[11.6,] %self[11.6,2.0,] 
BB 12
	outgoing: 14 
	datadep: 
	instructions:
		 0: 
		 1: %self->logger def_%v_33 %self[2.0,] 	 SYMBOL:	 ARGS:
		 2: COPY TYPE_StringLiteral "Saving listing image failed" def_%v_34 
		 3: listing_image->errors def_%v_35 listing_image[5.0,2.10,] 	 SYMBOL:	 ARGS:
		 4: %v_35->messages def_%v_36 %v_35[12.3,] 	 SYMBOL:	 ARGS:
		 5: HASH-params-errors- def_%v_37 params[2.5,] %v_36[12.4,] 
		 6: %v_33->error def_%v_38 %v_33[12.1,] %v_34[12.2,] %v_37[12.5,] 	 SYMBOL:saving_listing_image_failed,	 ARGS:%v_34,Symbol,%v_37,
		 7: 
		 8: listing_image->errors def_%v_39 listing_image[12.3,5.0,2.10,] 	 SYMBOL:	 ARGS:
		 9: %v_39->full_messages def_%v_40 %v_39[12.8,] 	 SYMBOL:	 ARGS:
		 10: HASH-errors- def_%v_41 %v_40[12.9,] 
		 11: COPY TYPE_StringLiteral "text/plain" def_%v_42 
		 12: HASH-json-status-content_type- def_%v_43 %v_41[12.10,] %v_42[12.11,] 
		 13: %self->render def_%v_44 %self[12.1,2.0,] %v_43[12.12,] 	 SYMBOL:	 ARGS:%v_43,
		 14: RETURN %v_44[12.13,] %self[12.1,12.13,2.0,] 
BB 14
	outgoing: 
	datadep: 
	instructions:

SET IRMethod, name = fetch_image instanceMethod = true
BB 1
	outgoing: 3 2 
	datadep: 
	instructions:
BB 2
	outgoing: 3 
	datadep: 
	instructions:
		 0: def_%self 
		 1: def_%v_0 
		 2: COPY TYPE_CurrentScope def_%current_scope 
		 3: COPY TYPE_ScopeModule def_%current_module 
		 4: 
		 5: 
		 6: (ListingImage) def_%v_3 
		 7: %self->params def_%v_4 %self[2.0,] 	 SYMBOL:	 ARGS:
		 8: %v_4->[] def_%v_5 %v_4[2.7,] 	 SYMBOL:id,	 ARGS:Symbol,
		 9: %v_3->find_by_id def_%v_6 %v_3[2.6,] %v_5[2.8,] 	 SYMBOL:	 ARGS:%v_5,
		 10: ATTRASSIGN %self->listing_image %v_6[2.9,] 
		 11: RETURN %v_6[2.9,] %self[2.0,2.7,2.10,] 
BB 3
	outgoing: 
	datadep: 
	instructions:

SET IRMethod, name = listing_image_authorized? instanceMethod = true
BB 1
	outgoing: 3 2 
	datadep: 
	instructions:
BB 2
	outgoing: 3 
	datadep: 
	instructions:
		 0: def_%self 
		 1: def_%v_0 
		 2: COPY TYPE_CurrentScope def_%current_scope 
		 3: COPY TYPE_ScopeModule def_%current_module 
		 4: 
		 5: 
		 6: GETFIELD %self->listing_image def_%v_3 %self[2.0,] 
		 7: GETFIELD %self->current_user def_%v_4 %self[2.0,] 
		 8: %v_3->authorized? def_%v_5 %v_3[2.6,] %v_4[2.7,] 	 SYMBOL:	 ARGS:%v_4,
		 9: RETURN %v_5[2.8,] %self[2.0,] 
BB 3
	outgoing: 
	datadep: 
	instructions:

SET IRMethod, name = listing_authorized? instanceMethod = true
BB 1
	outgoing: 6 2 
	datadep: 
	instructions:
BB 2
	outgoing: 3 4 
	datadep: 
	instructions:
		 0: def_%self 
		 1: def_%v_0 
		 2: COPY TYPE_CurrentScope def_%current_scope 
		 3: COPY TYPE_ScopeModule def_%current_module 
		 4: 
		 5: 
		 6: (Listing) def_%v_3 
		 7: %self->params def_%v_4 %self[2.0,] 	 SYMBOL:	 ARGS:
		 8: %v_4->[] def_%v_5 %v_4[2.7,] 	 SYMBOL:listing_id,	 ARGS:Symbol,
		 9: %v_3->find_by_id def_%v_6 %v_3[2.6,] %v_5[2.8,] 	 SYMBOL:	 ARGS:%v_5,
		 10: COPY TYPE_PASS def_listing %v_6[2.9,] 
		 11: 
		 12: %v_6->nil? def_%v_7 %v_6[2.9,] 	 SYMBOL:	 ARGS:
		 13: BRANCH %v_7[2.12,] 
BB 3
	outgoing: 6 
	datadep: 
	instructions:
		 0: 
		 1: COPY TYPE_Boolean def_%v_8 
		 2: RETURN %self[2.0,] 
BB 4
	outgoing: 6 
	datadep: 
	instructions:
		 0: 
		 1: listing->author def_%v_9 listing[2.10,] 	 SYMBOL:	 ARGS:
		 2: GETFIELD %self->current_user def_%v_10 %self[2.0,] 
		 3: %v_9->== def_%v_11 %v_9[4.1,] %v_10[4.2,] 	 SYMBOL:	 ARGS:%v_10,
		 4: RETURN %v_11[4.3,] %self[2.0,] 
BB 6
	outgoing: 
	datadep: 
	instructions:

