SET IRMethod, name = listing instanceMethod = false
BB 1
	outgoing: 3 2 
	datadep: 
	instructions:
BB 2
	outgoing: 3 
	datadep: 
	instructions:
		 0: def_%self 
		 1: def_%v_0 
		 2: COPY TYPE_CurrentScope def_%current_scope 
		 3: COPY TYPE_ScopeModule def_%current_module 
		 4: 
		 5: 
		 6: COPY TYPE_StringLiteral "created_at DESC" def_%v_3 
		 7: %self->order def_%v_4 %self[2.0,] %v_3[2.6,] 	 SYMBOL:	 ARGS:%v_3,
		 8: RETURN %v_4[2.7,] %self[2.0,2.7,] 
BB 3
	outgoing: 
	datadep: 
	instructions:

SET IRMethod, name = listing instanceMethod = false
BB 1
	outgoing: 3 2 
	datadep: 
	instructions:
BB 2
	outgoing: 3 
	datadep: 
	instructions:
		 0: def_%self 
		 1: def_%v_0 
		 2: COPY TYPE_CurrentScope def_%current_scope 
		 3: COPY TYPE_ScopeModule def_%current_module 
		 4: 
		 5: 
		 6: COPY TYPE_StringLiteral "created_at DESC" def_%v_3 
		 7: %self->order def_%v_4 %self[2.0,] %v_3[2.6,] 	 SYMBOL:	 ARGS:%v_3,
		 8: RETURN %v_4[2.7,] %self[2.0,2.7,] 
BB 3
	outgoing: 
	datadep: 
	instructions:

SET IRMethod, name = listing instanceMethod = false
BB 1
	outgoing: 3 2 
	datadep: 
	instructions:
BB 2
	outgoing: 3 
	datadep: 
	instructions:
		 0: def_%self 
		 1: def_%v_0 
		 2: COPY TYPE_CurrentScope def_%current_scope 
		 3: COPY TYPE_ScopeModule def_%current_module 
		 4: 
		 5: 
		 6: COPY TYPE_StringLiteral "created_at DESC" def_%v_3 
		 7: %self->order def_%v_4 %self[2.0,] %v_3[2.6,] 	 SYMBOL:	 ARGS:%v_3,
		 8: RETURN %v_4[2.7,] %self[2.0,2.7,] 
BB 3
	outgoing: 
	datadep: 
	instructions:

SET IRMethod, name = create_events! instanceMethod = true
BB 1
	outgoing: 3 2 
	datadep: 
	instructions:
BB 2
	outgoing: 3 
	datadep: 
	instructions:
		 0: def_%self 
		 1: def_%v_0 
		 2: COPY TYPE_CurrentScope def_%current_scope 
		 3: COPY TYPE_ScopeModule def_%current_module 
		 4: 
		 5: 
		 6: %self->save! def_%v_3 %self[2.0,] 	 SYMBOL:	 ARGS:
		 7: 
		 8: %self->to_events def_%v_4 %self[2.0,2.6,] 	 SYMBOL:	 ARGS:
		 9: %v_4->select def_%v_5 %v_4[2.8,] %self[2.0,2.6,2.8,] 	 SYMBOL:	 ARGS:%v_4,
CLOSURE BEGIN: event[] 
BB 1
	outgoing: 8 2 
	datadep: 
	instructions:
BB 2
	outgoing: 3 
	datadep: 
	instructions:
		 0: def_%self 
		 1: def_%cl_1_0 
		 2: RECEIVEARG def_event 
		 3: COPY TYPE_CurrentScope def_%current_scope 
		 4: COPY TYPE_ScopeModule def_%current_module 
BB 3
	outgoing: 4 5 6 
	datadep: 
	instructions:
		 0: 
		 1: event->valid? def_%cl_1_3 event[2.2,] 	 SYMBOL:	 ARGS:
		 2: BRANCH %cl_1_3[3.1,] 
BB 4
	outgoing: 6 8 
	datadep: 
	instructions:
		 0: event->old? def_%cl_1_4 event[2.2,] 	 SYMBOL:	 ARGS:
		 1: %cl_1_4->! def_%cl_1_5 %cl_1_4[4.0,] 	 SYMBOL:	 ARGS:
		 2: RETURN %cl_1_5[4.1,] %self[2.0,] 
BB 5
	outgoing: 8 
	datadep: 
	instructions:
		 0: RETURN %cl_1_3[3.1,] %self[2.0,] 
BB 6
	outgoing: 8 
	datadep: 
	instructions:
		 0: def_%cl_1_6 
		 1: def_%cl_1_7 %cl_1_6[6.0,] 
		 2: RETURN %cl_1_7[6.1,] %self[2.0,] 
BB 8
	outgoing: 
	datadep: 
	instructions:
CLOSURE END: 
		 10: %v_5->each def_%v_6 %v_5[2.9,] 	 SYMBOL:save!,	 ARGS:
		 11: RETURN %v_6[2.10,] %self[2.0,2.6,2.8,] 
BB 3
	outgoing: 
	datadep: 
	instructions:

SET IRMethod, name = url= instanceMethod = true
BB 1
	outgoing: 22 2 
	datadep: 
	instructions:
BB 2
	outgoing: 4 
	datadep: 
	instructions:
		 0: def_%self 
		 1: def_%v_0 
		 2: COPY TYPE_CurrentScope def_%current_scope 
		 3: COPY TYPE_ScopeModule def_%current_module 
		 4: 
		 5: RECEIVEARG def_value 
		 6: GLOBALVAR $! def_%v_3 
BB 4
	outgoing: 5 6 14 
	datadep: 
	instructions:
		 0: 
		 1: 
		 2: (URI) def_%v_6 
		 3: value->strip def_%v_7 value[2.5,] 	 SYMBOL:	 ARGS:
		 4: %v_6->parse def_%v_8 %v_6[4.2,] %v_7[4.3,] 	 SYMBOL:	 ARGS:%v_7,
		 5: COPY TYPE_PASS def_url %v_8[4.4,] 
		 6: 
		 7: COPY TYPE_StringLiteral "http" def_%v_9 
		 8: COPY TYPE_StringLiteral "https" def_%v_10 
		 9: COPY TYPE_StringLiteral "ftp" def_%v_11 
		 10: COPY TYPE_Array def_%v_12 %v_9[4.7,] %v_10[4.8,] %v_11[4.9,] 
		 11: %v_8->scheme def_%v_13 %v_8[4.4,] 	 SYMBOL:	 ARGS:
		 12: %v_12->include? def_%v_14 %v_12[4.10,] %v_13[4.11,] 	 SYMBOL:	 ARGS:%v_13,
		 13: BRANCH %v_14[4.12,] 
BB 5
	outgoing: 6 14 
	datadep: 
	instructions:
		 0: url->scheme def_%v_15 url[4.5,] 	 SYMBOL:	 ARGS:
		 1: %v_15->nil? def_%v_16 %v_15[5.0,] 	 SYMBOL:	 ARGS:
		 2: COPY TYPE_PASS def_%v_14 %v_16[5.1,] 
BB 6
	outgoing: 7 8 
	datadep: 
	instructions:
		 0: BRANCH %v_14[5.2,4.12,] 
BB 7
	outgoing: 9 
	datadep: 
	instructions:
		 0: COPY TYPE_Nil def_%v_17 
		 1: 
BB 8
	outgoing: 9 14 
	datadep: 
	instructions:
		 0: COPY TYPE_StringLiteral "http" def_%v_18 
		 1: ATTRASSIGN url->scheme %v_18[8.0,] 
		 2: COPY TYPE_PASS def_%v_17 %v_18[8.0,] 
BB 9
	outgoing: 10 11 14 
	datadep: 
	instructions:
		 0: 
		 1: url->scheme def_%v_19 url[8.1,4.5,] 	 SYMBOL:	 ARGS:
		 2: %v_19->nil? def_%v_20 %v_19[9.1,] 	 SYMBOL:	 ARGS:
		 3: BRANCH %v_20[9.2,] 
BB 10
	outgoing: 12 14 
	datadep: 
	instructions:
		 0: COPY TYPE_StringLiteral "http://" def_%v_21 
		 1: value->strip def_%v_22 value[2.5,] 	 SYMBOL:	 ARGS:
		 2: %v_21->+ def_%v_23 %v_21[10.0,] %v_22[10.1,] 	 SYMBOL:	 ARGS:%v_22,
		 3: 
BB 11
	outgoing: 12 14 
	datadep: 
	instructions:
		 0: url->to_s def_%v_24 url[8.1,4.5,] 	 SYMBOL:	 ARGS:
		 1: COPY TYPE_PASS def_%v_23 %v_24[11.0,] 
BB 12
	outgoing: 13 14 
	datadep: 
	instructions:
		 0: %self->write_attribute def_%v_25 %self[2.0,] %v_23[11.1,10.2,] 	 SYMBOL:url,	 ARGS:Symbol,%v_23,
		 1: COPY TYPE_PASS def_%v_5 %v_25[12.0,] 
		 2: 
		 3: %v_3[2.6,] 
BB 13
	outgoing: 21 
	datadep: 
	instructions:
		 0: 
BB 14
	outgoing: 15 16 20 
	datadep: 
	instructions:
		 0: 
		 1: def_%v_26 
		 2: (URI) def_%v_27 
		 3: (inherit InvalidURIError) def_%v_28 %v_27[14.2,] 
		 4: %v_28[14.3,] 
BB 15
	outgoing: 16 20 
	datadep: 
	instructions:
		 0: %v_27->const_missing def_%v_28 %v_27[14.2,] 	 SYMBOL:InvalidURIError,	 ARGS:Symbol,
BB 16
	outgoing: 17 18 20 
	datadep: 
	instructions:
		 0: def_%v_29 %v_28[15.0,14.3,] %v_26[14.1,] 
		 1: BRANCH %v_29[16.0,] 
BB 17
	outgoing: 20 22 
	datadep: 
	instructions:
		 0: %v_26[14.1,] 
BB 18
	outgoing: 19 20 
	datadep: 
	instructions:
		 0: 
		 1: COPY TYPE_Boolean def_%v_5 
		 2: 
		 3: %v_3[2.6,] 
BB 19
	outgoing: 21 
	datadep: 
	instructions:
		 0: 
BB 20
	outgoing: 22 
	datadep: 
	instructions:
		 0: def_%v_30 
		 1: def_%v_31 %v_30[20.0,] %v_3[2.6,] 
		 2: %v_30[20.0,] 
BB 21
	outgoing: 22 
	datadep: 
	instructions:
		 0: RETURN %v_5[12.1,18.1,] %self[2.0,] 
BB 22
	outgoing: 
	datadep: 
	instructions:

SET IRMethod, name = to_events instanceMethod = true
BB 1
	outgoing: 10 2 
	datadep: 
	instructions:
BB 2
	outgoing: 3 4 
	datadep: 
	instructions:
		 0: def_%self 
		 1: def_%v_0 
		 2: COPY TYPE_CurrentScope def_%current_scope 
		 3: COPY TYPE_ScopeModule def_%current_module 
		 4: 
		 5: 
		 6: %self->valid? def_%v_3 %self[2.0,] 	 SYMBOL:	 ARGS:
		 7: BRANCH %v_3[2.6,] 
BB 3
	outgoing: 7 
	datadep: 
	instructions:
		 0: COPY TYPE_Nil def_%v_4 
		 1: 
BB 4
	outgoing: 5 6 
	datadep: 
	instructions:
		 0: (ActiveRecord) def_%v_5 
		 1: (inherit RecordInvalid) def_%v_6 %v_5[4.0,] 
		 2: %v_6[4.1,] 
BB 5
	outgoing: 6 
	datadep: 
	instructions:
		 0: %v_5->const_missing def_%v_6 %v_5[4.0,] 	 SYMBOL:RecordInvalid,	 ARGS:Symbol,
BB 6
	outgoing: 7 
	datadep: 
	instructions:
		 0: %self->raise def_%v_7 %self[2.0,] %v_6[5.0,4.1,] %self[2.0,] 	 SYMBOL:	 ARGS:%v_6,%self,
		 1: COPY TYPE_PASS def_%v_4 %v_7[6.0,] 
BB 7
	outgoing: 8 9 
	datadep: 
	instructions:
		 0: 
		 1: (Time) def_%v_8 
		 2: %v_8->now def_%v_9 %v_8[7.1,] 	 SYMBOL:	 ARGS:
		 3: ATTRASSIGN %self->imported_at %v_9[7.2,] 
		 4: 
		 5: (Source) def_%v_10 
		 6: (inherit Parser) def_%v_11 %v_10[7.5,] 
		 7: %v_11[7.6,] 
BB 8
	outgoing: 9 
	datadep: 
	instructions:
		 0: %v_10->const_missing def_%v_11 %v_10[7.5,] 	 SYMBOL:Parser,	 ARGS:Symbol,
BB 9
	outgoing: 10 
	datadep: 
	instructions:
		 0: %self->url def_%v_12 %self[7.3,2.0,] 	 SYMBOL:	 ARGS:
		 1: HASH-url-source- def_%v_13 %v_12[9.0,] %self[9.0,7.3,2.0,] 
		 2: %v_11->to_events def_%v_14 %v_11[8.0,7.6,] %v_13[9.1,] 	 SYMBOL:	 ARGS:%v_13,
		 3: RETURN %v_14[9.2,] %self[9.0,7.3,2.0,] 
BB 10
	outgoing: 
	datadep: 
	instructions:

SET IRMethod, name = name instanceMethod = true
BB 1
	outgoing: 3 2 
	datadep: 
	instructions:
BB 2
	outgoing: 3 
	datadep: 
	instructions:
		 0: def_%self 
		 1: def_%v_0 
		 2: COPY TYPE_CurrentScope def_%current_scope 
		 3: COPY TYPE_ScopeModule def_%current_module 
		 4: 
		 5: 
		 6: %self->title def_%v_3 %self[2.0,] 	 SYMBOL:	 ARGS:
		 7: %self->url def_%v_4 %self[2.0,2.6,] 	 SYMBOL:	 ARGS:
		 8: COPY TYPE_Array def_%v_5 %v_3[2.6,] %v_4[2.7,] 
		 9: %v_5->detect def_%v_6 %v_5[2.8,] 	 SYMBOL:present?,	 ARGS:
		 10: RETURN %v_6[2.9,] %self[2.0,2.6,2.7,] 
BB 3
	outgoing: 
	datadep: 
	instructions:

SET IRMethod, name = assert_url instanceMethod = true
BB 1
	outgoing: 14 2 
	datadep: 
	instructions:
BB 2
	outgoing: 4 
	datadep: 
	instructions:
		 0: def_%self 
		 1: def_%v_0 
		 2: COPY TYPE_CurrentScope def_%current_scope 
		 3: COPY TYPE_ScopeModule def_%current_module 
		 4: 
		 5: GLOBALVAR $! def_%v_3 
BB 4
	outgoing: 5 6 
	datadep: 
	instructions:
		 0: 
		 1: 
		 2: (URI) def_%v_6 
		 3: %self->url def_%v_7 %self[2.0,] 	 SYMBOL:	 ARGS:
		 4: %v_6->parse def_%v_8 %v_6[4.2,] %v_7[4.3,] 	 SYMBOL:	 ARGS:%v_7,
		 5: COPY TYPE_PASS def_%v_5 %v_8[4.4,] 
		 6: %v_3[2.5,] 
BB 5
	outgoing: 13 
	datadep: 
	instructions:
		 0: 
BB 6
	outgoing: 7 8 12 
	datadep: 
	instructions:
		 0: def_%v_9 
		 1: (URI) def_%v_10 
		 2: (inherit InvalidURIError) def_%v_11 %v_10[6.1,] 
		 3: %v_11[6.2,] 
BB 7
	outgoing: 8 12 
	datadep: 
	instructions:
		 0: %v_10->const_missing def_%v_11 %v_10[6.1,] 	 SYMBOL:InvalidURIError,	 ARGS:Symbol,
BB 8
	outgoing: 9 10 12 
	datadep: 
	instructions:
		 0: def_%v_12 %v_11[7.0,6.2,] %v_9[6.0,] 
		 1: BRANCH %v_12[8.0,] 
BB 9
	outgoing: 12 14 
	datadep: 
	instructions:
		 0: %v_9[6.0,] 
BB 10
	outgoing: 11 12 
	datadep: 
	instructions:
		 0: 
		 1: %self->errors def_%v_13 %self[2.0,] 	 SYMBOL:	 ARGS:
		 2: COPY TYPE_StringLiteral "has invalid format" def_%v_14 
		 3: %v_13->add def_%v_15 %v_13[10.1,] %v_14[10.2,] 	 SYMBOL:url,	 ARGS:Symbol,%v_14,
		 4: 
		 5: COPY TYPE_Boolean def_%v_5 
		 6: %v_3[2.5,] 
BB 11
	outgoing: 13 
	datadep: 
	instructions:
		 0: 
BB 12
	outgoing: 14 
	datadep: 
	instructions:
		 0: def_%v_16 
		 1: def_%v_17 %v_16[12.0,] %v_3[2.5,] 
		 2: %v_16[12.0,] 
BB 13
	outgoing: 14 
	datadep: 
	instructions:
		 0: RETURN %v_5[4.5,10.5,] %self[2.0,] 
BB 14
	outgoing: 
	datadep: 
	instructions:

