SET IRMethod, name = create instanceMethod = true
BB 1
	outgoing: 3 2 
	datadep: 
	instructions:
BB 2
	outgoing: 3 
	datadep: 
	instructions:
		 0: def_%self 
		 1: def_%v_0 
		 2: COPY TYPE_CurrentScope def_%current_scope 
		 3: COPY TYPE_ScopeModule def_%current_module 
		 4: 
		 5: 
		 6: %self->catch def_%v_3 %self[2.0,] %self[2.0,] 	 SYMBOL:error,	 ARGS:Symbol,%self,
CLOSURE BEGIN: %self[2.0,] 
BB 1
	outgoing: 30 2 
	datadep: 
	instructions:
BB 2
	outgoing: 3 
	datadep: 
	instructions:
		 0: def_%self 
		 1: def_%cl_1_0 
		 2: COPY TYPE_CurrentScope def_%current_scope 
		 3: COPY TYPE_ScopeModule def_%current_module 
BB 3
	outgoing: 4 5 28 
	datadep: 
	instructions:
		 0: 
		 1: %self->this_blog def_%cl_1_3 %self[2.0,] 	 SYMBOL:	 ARGS:
		 2: %cl_1_3->global_pings_disable def_%cl_1_4 %cl_1_3[3.1,] 	 SYMBOL:	 ARGS:
		 3: BRANCH %cl_1_4[3.2,] 
BB 4
	outgoing: 27 28 
	datadep: 
	instructions:
		 0: 
		 1: COPY TYPE_StringLiteral "Trackback not saved" def_%cl_1_5 
		 2: %self->throw def_%cl_1_6 %self[2.0,] %cl_1_5[4.1,] 	 SYMBOL:error,	 ARGS:Symbol,%cl_1_5,
		 3: 
BB 5
	outgoing: 6 7 28 
	datadep: 
	instructions:
		 0: 
		 1: %self->params def_%cl_1_7 %self[2.0,] 	 SYMBOL:	 ARGS:
		 2: %cl_1_7->[] def_%cl_1_8 %cl_1_7[5.1,] 	 SYMBOL:__mode,	 ARGS:Symbol,
		 3: COPY TYPE_StringLiteral "rss" def_%cl_1_9 
		 4: %cl_1_8->== def_%cl_1_10 %cl_1_8[5.2,] %cl_1_9[5.3,] 	 SYMBOL:	 ARGS:%cl_1_9,
		 5: BRANCH %cl_1_10[5.4,] 
BB 6
	outgoing: 26 
	datadep: 
	instructions:
		 0: COPY TYPE_Nil def_%cl_1_11 
		 1: 
BB 7
	outgoing: 9 
	datadep: 
	instructions:
		 0: 
		 1: GLOBALVAR $! def_%cl_1_12 
BB 9
	outgoing: 10 11 
	datadep: 
	instructions:
		 0: 
		 1: 
		 2: %self->this_blog def_%cl_1_15 %self[2.0,] 	 SYMBOL:	 ARGS:
		 3: %self->trackback_params def_%cl_1_16 %self[9.2,2.0,] 	 SYMBOL:	 ARGS:
		 4: %cl_1_15->ping_article! def_%cl_1_17 %cl_1_15[9.2,] %cl_1_16[9.3,] 	 SYMBOL:	 ARGS:%cl_1_16,
		 5: ATTRASSIGN %self->trackback %cl_1_17[9.4,] 
		 6: COPY TYPE_PASS def_%cl_1_14 %cl_1_17[9.4,] 
		 7: %cl_1_12[7.1,] 
BB 10
	outgoing: 25 
	datadep: 
	instructions:
		 0: 
BB 11
	outgoing: 12 13 24 
	datadep: 
	instructions:
		 0: def_%cl_1_18 
		 1: (ActiveRecord) def_%cl_1_19 
		 2: (inherit RecordNotFound) def_%cl_1_20 %cl_1_19[11.1,] 
		 3: %cl_1_20[11.2,] 
BB 12
	outgoing: 13 24 
	datadep: 
	instructions:
		 0: %cl_1_19->const_missing def_%cl_1_20 %cl_1_19[11.1,] 	 SYMBOL:RecordNotFound,	 ARGS:Symbol,
BB 13
	outgoing: 14 15 24 
	datadep: 
	instructions:
		 0: (ActiveRecord) def_%cl_1_21 
		 1: (inherit StatementInvalid) def_%cl_1_22 %cl_1_21[13.0,] 
		 2: %cl_1_22[13.1,] 
BB 14
	outgoing: 15 24 
	datadep: 
	instructions:
		 0: %cl_1_21->const_missing def_%cl_1_22 %cl_1_21[13.0,] 	 SYMBOL:StatementInvalid,	 ARGS:Symbol,
BB 15
	outgoing: 16 22 24 
	datadep: 
	instructions:
		 0: def_%cl_1_23 %cl_1_20[12.0,11.2,] %cl_1_22[14.0,13.1,] %cl_1_18[11.0,] 
		 1: BRANCH %cl_1_23[15.0,] 
BB 16
	outgoing: 17 18 24 
	datadep: 
	instructions:
		 0: (ActiveRecord) def_%cl_1_24 
		 1: (inherit RecordInvalid) def_%cl_1_25 %cl_1_24[16.0,] 
		 2: %cl_1_25[16.1,] 
BB 17
	outgoing: 18 24 
	datadep: 
	instructions:
		 0: %cl_1_24->const_missing def_%cl_1_25 %cl_1_24[16.0,] 	 SYMBOL:RecordInvalid,	 ARGS:Symbol,
BB 18
	outgoing: 19 20 24 
	datadep: 
	instructions:
		 0: def_%cl_1_26 %cl_1_25[17.0,16.1,] %cl_1_18[11.0,] 
		 1: BRANCH %cl_1_26[18.0,] 
BB 19
	outgoing: 24 30 
	datadep: 
	instructions:
		 0: %cl_1_18[11.0,] 
BB 20
	outgoing: 21 24 
	datadep: 
	instructions:
		 0: 
		 1: COPY TYPE_StringLiteral "Trackback not saved" def_%cl_1_27 
		 2: %self->throw def_%cl_1_28 %self[9.5,2.0,] %cl_1_27[20.1,] 	 SYMBOL:error,	 ARGS:Symbol,%cl_1_27,
		 3: COPY TYPE_PASS def_%cl_1_14 %cl_1_28[20.2,] 
		 4: %cl_1_12[7.1,] 
BB 21
	outgoing: 25 
	datadep: 
	instructions:
		 0: 
BB 22
	outgoing: 23 24 
	datadep: 
	instructions:
		 0: 
		 1: COPY TYPE_StringLiteral "Article id " def_%cl_1_29 
		 2: %self->params def_%cl_1_30 %self[9.5,2.0,] 	 SYMBOL:	 ARGS:
		 3: %cl_1_30->[] def_%cl_1_31 %cl_1_30[22.2,] 	 SYMBOL:id,	 ARGS:Symbol,
		 4: COPY TYPE_StringLiteral " not found." def_%cl_1_32 
		 5: BUILDSTRING def_%cl_1_33 %cl_1_29[22.1,] %cl_1_31[22.3,] %cl_1_32[22.4,] 
		 6: %self->throw def_%cl_1_34 %self[22.2,9.5,2.0,] %cl_1_33[22.5,] 	 SYMBOL:error,	 ARGS:Symbol,%cl_1_33,
		 7: COPY TYPE_PASS def_%cl_1_14 %cl_1_34[22.6,] 
		 8: %cl_1_12[7.1,] 
BB 23
	outgoing: 25 
	datadep: 
	instructions:
		 0: 
BB 24
	outgoing: 28 30 
	datadep: 
	instructions:
		 0: def_%cl_1_35 
		 1: def_%cl_1_36 %cl_1_35[24.0,] %cl_1_12[7.1,] 
		 2: %cl_1_35[24.0,] 
BB 25
	outgoing: 26 
	datadep: 
	instructions:
		 0: COPY TYPE_PASS def_%cl_1_11 %cl_1_14[9.6,20.3,22.7,] 
BB 26
	outgoing: 30 
	datadep: 
	instructions:
		 0: RETURN %cl_1_11[25.0,6.0,] %self[9.5,2.0,] 
BB 27
	outgoing: 30 
	datadep: 
	instructions:
		 0: RETURN %cl_1_6[4.2,] %self[2.0,] 
BB 28
	outgoing: 30 
	datadep: 
	instructions:
		 0: def_%cl_1_37 
		 1: def_%cl_1_38 %cl_1_37[28.0,] 
		 2: RETURN %cl_1_38[28.1,] %self[2.0,9.5,] 
BB 30
	outgoing: 
	datadep: 
	instructions:
CLOSURE END: 
		 7: ATTRASSIGN %self->error_message %v_3[2.6,] 
		 8: 
		 9: %self->respond_to def_%v_4 %self[2.0,2.6,2.7,] %self[2.0,2.6,2.7,] 	 SYMBOL:	 ARGS:%self,
CLOSURE BEGIN: format[] %self[2.0,2.6,2.7,] 
BB 1
	outgoing: 6 2 
	datadep: 
	instructions:
BB 2
	outgoing: 3 
	datadep: 
	instructions:
		 0: def_%self 
		 1: def_%cl_2_0 
		 2: RECEIVEARG def_format 
		 3: COPY TYPE_CurrentScope def_%current_scope 
		 4: COPY TYPE_ScopeModule def_%current_module 
BB 3
	outgoing: 4 6 
	datadep: 
	instructions:
		 0: 
		 1: format->xml def_%cl_2_3 format[2.2,] %self[2.0,] 	 SYMBOL:	 ARGS:format,
CLOSURE BEGIN: %self[2.0,] 
BB 1
	outgoing: 6 2 
	datadep: 
	instructions:
BB 2
	outgoing: 3 
	datadep: 
	instructions:
		 0: def_%self 
		 1: def_%cl_3_0 
		 2: COPY TYPE_CurrentScope def_%current_scope 
		 3: COPY TYPE_ScopeModule def_%current_module 
BB 3
	outgoing: 4 6 
	datadep: 
	instructions:
		 0: 
		 1: %self->ruby_code_from_view def_%cl_3_3 %self[2.0,] 	 SYMBOL:	 ARGS:
		 2: %cl_3_3->ruby_code_from_view def_%cl_3_4 %cl_3_3[3.1,] %self[3.1,2.0,] 	 SYMBOL:	 ARGS:%cl_3_3,
CLOSURE BEGIN: %self[3.1,2.0,] 
BB 1
	outgoing: 6 2 
	datadep: 
	instructions:
BB 2
	outgoing: 3 
	datadep: 
	instructions:
		 0: def_%self 
		 1: def_%cl_4_0 
		 2: RECEIVEARG def_rb_from_view 
		 3: COPY TYPE_CurrentScope def_%current_scope 
		 4: COPY TYPE_ScopeModule def_%current_module 
BB 3
	outgoing: 4 6 
	datadep: 
	instructions:
		 0: 
		 1: %self->trackback def_%cl_4_3 %self[2.0,] 	 SYMBOL:	 ARGS:
		 2: %cl_4_3->id def_%cl_4_4 %cl_4_3[3.1,] 	 SYMBOL:	 ARGS:
		 3: 
		 4: %self->trackback def_%cl_4_5 %self[3.1,2.0,] 	 SYMBOL:	 ARGS:
		 5: %cl_4_5->id def_%cl_4_6 %cl_4_5[3.4,] 	 SYMBOL:	 ARGS:
		 6: %self->onhover_show_admin_tools def_%cl_4_7 %self[3.1,3.4,2.0,] %cl_4_6[3.5,] 	 SYMBOL:trackback,	 ARGS:Symbol,%cl_4_6,
		 7: 
		 8: %self->trackback def_%cl_4_8 %self[3.1,3.4,3.6,2.0,] 	 SYMBOL:	 ARGS:
		 9: %cl_4_8->id def_%cl_4_9 %cl_4_8[3.8,] 	 SYMBOL:	 ARGS:
		 10: 
		 11: COPY TYPE_StringLiteral ".from" def_%cl_4_10 
		 12: %self->t def_%cl_4_11 %self[3.1,3.4,3.6,3.8,2.0,] %cl_4_10[3.11,] 	 SYMBOL:	 ARGS:%cl_4_10,
		 13: 
		 14: %self->trackback def_%cl_4_12 %self[3.1,3.4,3.6,3.8,3.12,2.0,] 	 SYMBOL:	 ARGS:
		 15: %cl_4_12->blog_name def_%cl_4_13 %cl_4_12[3.14,] 	 SYMBOL:	 ARGS:
		 16: 
		 17: %self->trackback def_%cl_4_14 %self[3.1,3.4,3.6,3.8,3.12,3.14,2.0,] 	 SYMBOL:	 ARGS:
		 18: %cl_4_14->url def_%cl_4_15 %cl_4_14[3.17,] 	 SYMBOL:	 ARGS:
		 19: 
		 20: %self->trackback def_%cl_4_16 %self[3.1,3.4,3.6,3.8,3.12,3.14,3.17,2.0,] 	 SYMBOL:	 ARGS:
		 21: %cl_4_16->title def_%cl_4_17 %cl_4_16[3.20,] 	 SYMBOL:	 ARGS:
		 22: %self->h def_%cl_4_18 %self[3.1,3.4,3.6,3.8,3.12,3.14,3.17,3.20,2.0,] %cl_4_17[3.21,] 	 SYMBOL:	 ARGS:%cl_4_17,
		 23: 
		 24: %self->trackback def_%cl_4_19 %self[3.1,3.4,3.6,3.8,3.12,3.14,3.17,3.20,3.22,2.0,] 	 SYMBOL:	 ARGS:
		 25: %cl_4_19->excerpt def_%cl_4_20 %cl_4_19[3.24,] 	 SYMBOL:	 ARGS:
		 26: RETURN %cl_4_20[3.25,] %self[3.1,3.4,3.6,3.8,3.12,3.14,3.17,3.20,3.22,3.24,2.0,] 
BB 4
	outgoing: 6 
	datadep: 
	instructions:
		 0: def_%cl_4_21 
		 1: def_%cl_4_22 %cl_4_21[4.0,] 
		 2: RETURN %cl_4_22[4.1,] %self[2.0,] 
BB 6
	outgoing: 
	datadep: 
	instructions:
CLOSURE END: 
		 3: RETURN %cl_3_4[3.2,] %self[3.1,2.0,] 
BB 4
	outgoing: 6 
	datadep: 
	instructions:
		 0: def_%cl_3_5 
		 1: def_%cl_3_6 %cl_3_5[4.0,] 
		 2: RETURN %cl_3_6[4.1,] %self[2.0,] 
BB 6
	outgoing: 
	datadep: 
	instructions:
CLOSURE END: 
		 2: 
		 3: format->html def_%cl_2_4 format[3.1,2.2,] %self[2.0,] 	 SYMBOL:	 ARGS:format,
CLOSURE BEGIN: %self[2.0,] 
BB 1
	outgoing: 6 2 
	datadep: 
	instructions:
BB 2
	outgoing: 3 
	datadep: 
	instructions:
		 0: def_%self 
		 1: def_%cl_5_0 
		 2: COPY TYPE_CurrentScope def_%current_scope 
		 3: COPY TYPE_ScopeModule def_%current_module 
BB 3
	outgoing: 4 6 
	datadep: 
	instructions:
		 0: 
		 1: HASH-nothing- def_%cl_5_3 
		 2: %self->render def_%cl_5_4 %self[2.0,] %cl_5_3[3.1,] 	 SYMBOL:	 ARGS:%cl_5_3,
		 3: RETURN %cl_5_4[3.2,] %self[3.2,2.0,] 
BB 4
	outgoing: 6 
	datadep: 
	instructions:
		 0: def_%cl_5_5 
		 1: def_%cl_5_6 %cl_5_5[4.0,] 
		 2: RETURN %cl_5_6[4.1,] %self[2.0,] 
BB 6
	outgoing: 
	datadep: 
	instructions:
CLOSURE END: 
		 4: RETURN %cl_2_4[3.3,] %self[2.0,] 
BB 4
	outgoing: 6 
	datadep: 
	instructions:
		 0: def_%cl_2_5 
		 1: def_%cl_2_6 %cl_2_5[4.0,] 
		 2: RETURN %cl_2_6[4.1,] %self[2.0,] 
BB 6
	outgoing: 
	datadep: 
	instructions:
CLOSURE END: 
		 10: RETURN %v_4[2.9,] %self[2.0,2.6,2.7,2.9,] 
BB 3
	outgoing: 
	datadep: 
	instructions:

SET IRMethod, name = trackback_params instanceMethod = true
BB 1
	outgoing: 3 2 
	datadep: 
	instructions:
BB 2
	outgoing: 3 
	datadep: 
	instructions:
		 0: def_%self 
		 1: def_%v_0 
		 2: COPY TYPE_CurrentScope def_%current_scope 
		 3: COPY TYPE_ScopeModule def_%current_module 
		 4: 
		 5: 
		 6: %self->params def_%v_3 %self[2.0,] 	 SYMBOL:	 ARGS:
		 7: %v_3->permit def_%v_4 %v_3[2.6,] 	 SYMBOL:blog_name,excerpt,title,url,article_id,	 ARGS:Symbol,Symbol,Symbol,Symbol,Symbol,
		 8: %self->request def_%v_5 %self[2.0,2.6,] 	 SYMBOL:	 ARGS:
		 9: %v_5->remote_ip def_%v_6 %v_5[2.8,] 	 SYMBOL:	 ARGS:
		 10: HASH-ip-published- def_%v_7 %v_6[2.9,] 
		 11: %v_4->merge def_%v_8 %v_4[2.7,] %v_7[2.10,] 	 SYMBOL:	 ARGS:%v_7,
		 12: RETURN %v_8[2.11,] %self[2.0,2.6,2.8,] 
BB 3
	outgoing: 
	datadep: 
	instructions:

SET IRMethod, name = get_article instanceMethod = true
BB 1
	outgoing: 3 2 
	datadep: 
	instructions:
BB 2
	outgoing: 3 
	datadep: 
	instructions:
		 0: def_%self 
		 1: def_%v_0 
		 2: COPY TYPE_CurrentScope def_%current_scope 
		 3: COPY TYPE_ScopeModule def_%current_module 
		 4: 
		 5: 
		 6: RETURN %self[2.0,] 
BB 3
	outgoing: 
	datadep: 
	instructions:

