SET IRMethod, name = me instanceMethod = true
BB 1
	outgoing: 3 2 
	datadep: 
	instructions:
BB 2
	outgoing: 3 
	datadep: 
	instructions:
		 0: def_%self 
		 1: def_%v_0 
		 2: COPY TYPE_CurrentScope def_%current_scope 
		 3: COPY TYPE_ScopeModule def_%current_module 
		 4: 
		 5: 
		 6: %self->current_resource_owner def_%v_3 %self[2.0,] 	 SYMBOL:	 ARGS:
		 7: %v_3->as_json def_%v_4 %v_3[2.6,] 	 SYMBOL:	 ARGS:
		 8: HASH-json- def_%v_5 %v_4[2.7,] 
		 9: %self->render def_%v_6 %self[2.0,2.6,] %v_5[2.8,] 	 SYMBOL:	 ARGS:%v_5,
		 10: RETURN %v_6[2.9,] %self[2.0,2.6,2.9,] 
BB 3
	outgoing: 
	datadep: 
	instructions:

