SET IRMethod, name = matches? instanceMethod = true
BB 1
	outgoing: 5 2 
	datadep: 
	instructions:
BB 2
	outgoing: 3 4 
	datadep: 
	instructions:
		 0: def_%self 
		 1: def_%v_0 
		 2: COPY TYPE_CurrentScope def_%current_scope 
		 3: COPY TYPE_ScopeModule def_%current_module 
		 4: 
		 5: RECEIVEARG def_request 
		 6: 
		 7: (Discourse) def_%v_3 
		 8: %v_3->current_user_provider def_%v_4 %v_3[2.7,] 	 SYMBOL:	 ARGS:
		 9: request->env def_%v_5 request[2.5,] 	 SYMBOL:	 ARGS:
		 10: %v_4->new def_%v_6 %v_4[2.8,] %v_5[2.9,] 	 SYMBOL:	 ARGS:%v_5,
		 11: COPY TYPE_PASS def_provider %v_6[2.10,] 
		 12: 
		 13: %v_6->current_user def_%v_7 %v_6[2.10,] 	 SYMBOL:	 ARGS:
		 14: BRANCH %v_7[2.13,] 
BB 3
	outgoing: 5 
	datadep: 
	instructions:
		 0: provider->current_user def_%v_8 provider[2.11,] 	 SYMBOL:	 ARGS:
		 1: %v_8->admin? def_%v_9 %v_8[3.0,] 	 SYMBOL:	 ARGS:
		 2: RETURN %v_9[3.1,] %self[2.0,] 
BB 4
	outgoing: 5 
	datadep: 
	instructions:
		 0: RETURN %v_7[2.13,] %self[2.0,] 
BB 5
	outgoing: 
	datadep: 
	instructions:

