SET IRMethod, name = is_valid? instanceMethod = false
BB 1
	outgoing: 28 2 
	datadep: 
	instructions:
BB 2
	outgoing: 4 
	datadep: 
	instructions:
		 0: def_%self 
		 1: def_%v_0 
		 2: COPY TYPE_CurrentScope def_%current_scope 
		 3: COPY TYPE_ScopeModule def_%current_module 
		 4: 
		 5: RECEIVEARG def_email 
		 6: GLOBALVAR $! def_%v_3 
BB 4
	outgoing: 5 6 18 
	datadep: 
	instructions:
		 0: 
		 1: 
		 2: (String) def_%v_6 
		 3: %v_6->=== def_%v_7 %v_6[4.2,] email[2.5,] 	 SYMBOL:	 ARGS:email,
		 4: BRANCH %v_7[4.3,] 
BB 5
	outgoing: 8 
	datadep: 
	instructions:
		 0: COPY TYPE_Nil def_%v_8 
		 1: 
BB 6
	outgoing: 7 18 
	datadep: 
	instructions:
		 0: COPY TYPE_Boolean def_%v_9 
		 1: 
		 2: %v_3[2.6,] 
BB 7
	outgoing: 28 
	datadep: 
	instructions:
		 0: RETURN %v_9[6.0,] %self[2.0,] 
BB 8
	outgoing: 9 10 18 
	datadep: 
	instructions:
		 0: 
		 1: (Mail) def_%v_10 
		 2: (inherit Address) def_%v_11 %v_10[8.1,] 
		 3: %v_11[8.2,] 
BB 9
	outgoing: 10 18 
	datadep: 
	instructions:
		 0: %v_10->const_missing def_%v_11 %v_10[8.1,] 	 SYMBOL:Address,	 ARGS:Symbol,
BB 10
	outgoing: 11 12 18 
	datadep: 
	instructions:
		 0: %v_11->new def_%v_12 %v_11[9.0,8.2,] email[2.5,] 	 SYMBOL:	 ARGS:email,
		 1: COPY TYPE_PASS def_parsed %v_12[10.0,] 
		 2: 
		 3: %v_12->address def_%v_13 %v_12[10.0,] 	 SYMBOL:	 ARGS:
		 4: %v_13->== def_%v_14 %v_13[10.3,] email[2.5,] 	 SYMBOL:	 ARGS:email,
		 5: BRANCH %v_14[10.4,] 
BB 11
	outgoing: 12 18 
	datadep: 
	instructions:
		 0: parsed->local def_%v_15 parsed[10.1,] 	 SYMBOL:	 ARGS:
		 1: parsed->address def_%v_16 parsed[11.0,10.1,] 	 SYMBOL:	 ARGS:
		 2: %v_15->!= def_%v_17 %v_15[11.0,] %v_16[11.1,] 	 SYMBOL:	 ARGS:%v_16,
		 3: COPY TYPE_PASS def_%v_14 %v_17[11.2,] 
BB 12
	outgoing: 13 14 
	datadep: 
	instructions:
		 0: BRANCH %v_14[11.3,10.4,] 
BB 13
	outgoing: 14 18 
	datadep: 
	instructions:
		 0: parsed->domain def_%v_18 parsed[10.1,] 	 SYMBOL:	 ARGS:
		 1: COPY TYPE_PASS def_%v_14 %v_18[13.0,] 
BB 14
	outgoing: 15 16 
	datadep: 
	instructions:
		 0: BRANCH %v_14[13.1,11.3,10.4,] 
BB 15
	outgoing: 16 18 
	datadep: 
	instructions:
		 0: parsed->domain def_%v_19 parsed[10.1,] 	 SYMBOL:	 ARGS:
		 1: COPY TYPE_StringLiteral "." def_%v_20 
		 2: %v_19->split def_%v_21 %v_19[15.0,] %v_20[15.1,] 	 SYMBOL:	 ARGS:%v_20,
		 3: %v_21->length def_%v_22 %v_21[15.2,] 	 SYMBOL:	 ARGS:
		 4: %v_22->> def_%v_23 %v_22[15.3,] 	 SYMBOL:	 ARGS:Fixnum,
		 5: COPY TYPE_PASS def_%v_14 %v_23[15.4,] 
BB 16
	outgoing: 17 18 
	datadep: 
	instructions:
		 0: COPY TYPE_PASS def_%v_5 %v_14[15.5,13.1,11.3,10.4,] 
		 1: 
		 2: %v_3[2.6,] 
BB 17
	outgoing: 27 
	datadep: 
	instructions:
		 0: 
BB 18
	outgoing: 19 20 26 
	datadep: 
	instructions:
		 0: 
		 1: def_%v_24 
		 2: (Mail) def_%v_25 
		 3: (inherit Field) def_%v_26 %v_25[18.2,] 
		 4: %v_26[18.3,] 
BB 19
	outgoing: 20 26 
	datadep: 
	instructions:
		 0: %v_25->const_missing def_%v_26 %v_25[18.2,] 	 SYMBOL:Field,	 ARGS:Symbol,
BB 20
	outgoing: 21 22 26 
	datadep: 
	instructions:
		 0: (inherit ParseError) def_%v_27 %v_26[19.0,18.3,] 
		 1: %v_27[20.0,] 
BB 21
	outgoing: 22 26 
	datadep: 
	instructions:
		 0: %v_26->const_missing def_%v_27 %v_26[19.0,18.3,] 	 SYMBOL:ParseError,	 ARGS:Symbol,
BB 22
	outgoing: 23 24 26 
	datadep: 
	instructions:
		 0: def_%v_28 %v_27[21.0,20.0,] %v_24[18.1,] 
		 1: BRANCH %v_28[22.0,] 
BB 23
	outgoing: 26 28 
	datadep: 
	instructions:
		 0: %v_24[18.1,] 
BB 24
	outgoing: 25 26 
	datadep: 
	instructions:
		 0: 
		 1: COPY TYPE_Boolean def_%v_5 
		 2: 
		 3: %v_3[2.6,] 
BB 25
	outgoing: 27 
	datadep: 
	instructions:
		 0: 
BB 26
	outgoing: 28 
	datadep: 
	instructions:
		 0: def_%v_29 
		 1: def_%v_30 %v_29[26.0,] %v_3[2.6,] 
		 2: %v_29[26.0,] 
BB 27
	outgoing: 28 
	datadep: 
	instructions:
		 0: RETURN %v_5[16.0,24.1,] %self[2.0,] 
BB 28
	outgoing: 
	datadep: 
	instructions:

SET IRMethod, name = downcase instanceMethod = false
BB 1
	outgoing: 6 2 
	datadep: 
	instructions:
BB 2
	outgoing: 3 4 
	datadep: 
	instructions:
		 0: def_%self 
		 1: def_%v_0 
		 2: COPY TYPE_CurrentScope def_%current_scope 
		 3: COPY TYPE_ScopeModule def_%current_module 
		 4: 
		 5: RECEIVEARG def_email 
		 6: 
		 7: (Email) def_%v_3 
		 8: %v_3->is_valid? def_%v_4 %v_3[2.7,] email[2.5,] 	 SYMBOL:	 ARGS:email,
		 9: BRANCH %v_4[2.8,] 
BB 3
	outgoing: 6 
	datadep: 
	instructions:
		 0: COPY TYPE_Nil def_%v_5 
		 1: 
		 2: email->downcase def_%v_6 email[2.5,] 	 SYMBOL:	 ARGS:
		 3: RETURN %v_6[3.2,] %self[2.0,] 
BB 4
	outgoing: 6 
	datadep: 
	instructions:
		 0: RETURN email[2.5,] %self[2.0,] 
BB 6
	outgoing: 
	datadep: 
	instructions:

SET IRMethod, name = cleanup_alias instanceMethod = false
BB 1
	outgoing: 6 2 
	datadep: 
	instructions:
BB 2
	outgoing: 3 4 
	datadep: 
	instructions:
		 0: def_%self 
		 1: def_%v_0 
		 2: COPY TYPE_CurrentScope def_%current_scope 
		 3: COPY TYPE_ScopeModule def_%current_module 
		 4: 
		 5: RECEIVEARG def_name 
		 6: 
		 7: BRANCH name[2.5,] 
BB 3
	outgoing: 6 
	datadep: 
	instructions:
		 0: COPY TYPE_Regexp def_%v_3 
		 1: COPY TYPE_StringLiteral "" def_%v_4 
		 2: name->gsub def_%v_5 name[2.5,] %v_4[3.1,] 	 SYMBOL:	 ARGS:%v_3,%v_4,
		 3: RETURN %v_5[3.2,] %self[2.0,] 
BB 4
	outgoing: 6 
	datadep: 
	instructions:
		 0: RETURN name[2.5,] %self[2.0,] 
BB 6
	outgoing: 
	datadep: 
	instructions:

