SET IRMethod, name = mem_total instanceMethod = true
BB 1
	outgoing: 19 2 
	datadep: 
	instructions:
BB 2
	outgoing: 3 4 
	datadep: 
	instructions:
		 0: def_%self 
		 1: def_%v_0 
		 2: COPY TYPE_CurrentScope def_%current_scope 
		 3: COPY TYPE_ScopeModule def_%current_module 
		 4: 
		 5: 
		 6: def_%v_4 %self[2.0,] 
		 7: COPY TYPE_PASS def_%v_3 %v_4[2.6,] 
		 8: %v_4[2.6,] 
BB 3
	outgoing: 4 
	datadep: 
	instructions:
		 0: GETFIELD %self->mem_total def_%v_5 %self[2.0,] 
		 1: COPY TYPE_PASS def_%v_3 %v_5[3.0,] 
BB 4
	outgoing: 5 18 
	datadep: 
	instructions:
		 0: BRANCH %v_3[3.1,2.7,] 
BB 5
	outgoing: 7 
	datadep: 
	instructions:
		 0: GLOBALVAR $! def_%v_6 
BB 7
	outgoing: 8 9 12 
	datadep: 
	instructions:
		 0: 
		 1: 
		 2: def_%v_9 
		 3: %v_9->strip def_%v_10 %v_9[7.2,] 	 SYMBOL:	 ARGS:
		 4: COPY TYPE_PASS def_system %v_10[7.3,] 
		 5: 
		 6: COPY TYPE_StringLiteral "Darwin" def_%v_11 
		 7: %v_10->== def_%v_12 %v_10[7.3,] %v_11[7.6,] 	 SYMBOL:	 ARGS:%v_11,
		 8: BRANCH %v_12[7.7,] 
BB 8
	outgoing: 10 12 
	datadep: 
	instructions:
		 0: 
		 1: def_%v_13 
		 2: %v_13->strip def_%v_14 %v_13[8.1,] 	 SYMBOL:	 ARGS:
		 3: COPY TYPE_PASS def_s %v_14[8.2,] 
		 4: 
		 5: %v_14->to_i def_%v_15 %v_14[8.2,] 	 SYMBOL:	 ARGS:
		 6: CONSTANT def_%v_16 	 SYMBOL:	 ARGS:
		 7: %v_15->/ def_%v_17 %v_15[8.5,] %v_16[8.6,] 	 SYMBOL:	 ARGS:%v_16,
		 8: 
BB 9
	outgoing: 10 12 
	datadep: 
	instructions:
		 0: 
		 1: def_%v_18 
		 2: COPY TYPE_PASS def_s %v_18[9.1,] 
		 3: 
		 4: COPY TYPE_Regexp def_%v_19 
		 5: %v_18->match def_%v_20 %v_18[9.1,] 	 SYMBOL:	 ARGS:s,
		 6: %v_20->[] def_%v_21 %v_20[9.5,] 	 SYMBOL:	 ARGS:Fixnum,
		 7: %v_21->try def_%v_22 %v_21[9.6,] 	 SYMBOL:to_i,	 ARGS:Symbol,
		 8: COPY TYPE_PASS def_%v_17 %v_22[9.7,] 
BB 10
	outgoing: 11 12 
	datadep: 
	instructions:
		 0: COPY TYPE_PASS def_%v_8 %v_17[9.8,8.7,] 
		 1: 
		 2: %v_6[5.0,] 
BB 11
	outgoing: 17 
	datadep: 
	instructions:
		 0: 
BB 12
	outgoing: 13 14 16 
	datadep: 
	instructions:
		 0: 
		 1: def_%v_23 
		 2: def_%v_24 %v_23[12.1,] 
		 3: BRANCH %v_24[12.2,] 
BB 13
	outgoing: 16 19 
	datadep: 
	instructions:
		 0: %v_23[12.1,] 
BB 14
	outgoing: 15 16 
	datadep: 
	instructions:
		 0: 
		 1: COPY TYPE_Nil def_%v_8 
		 2: 
		 3: %v_6[5.0,] 
BB 15
	outgoing: 17 
	datadep: 
	instructions:
		 0: 
BB 16
	outgoing: 19 
	datadep: 
	instructions:
		 0: def_%v_25 
		 1: def_%v_26 %v_25[16.0,] %v_6[5.0,] 
		 2: %v_25[16.0,] 
BB 17
	outgoing: 19 
	datadep: 
	instructions:
		 0: ATTRASSIGN %self->mem_total %v_8[10.0,14.1,] 
		 1: RETURN %v_8[10.0,14.1,] %self[17.0,2.0,] 
BB 18
	outgoing: 19 
	datadep: 
	instructions:
		 0: RETURN %v_5[3.0,] %self[2.0,] 
BB 19
	outgoing: 
	datadep: 
	instructions:

