SET IRMethod, name = to_html instanceMethod = true
BB 1
	outgoing: 3 2 
	datadep: 
	instructions:
BB 2
	outgoing: 3 
	datadep: 
	instructions:
		 0: def_%self 
		 1: def_%v_0 
		 2: COPY TYPE_CurrentScope def_%current_scope 
		 3: COPY TYPE_ScopeModule def_%current_module 
		 4: 
		 5: 
		 6: %self->doc def_%v_3 %self[2.0,] 	 SYMBOL:	 ARGS:
		 7: %v_3->to_html def_%v_4 %v_3[2.6,] 	 SYMBOL:	 ARGS:
		 8: RETURN %v_4[2.7,] %self[2.0,2.6,] 
BB 3
	outgoing: 
	datadep: 
	instructions:

SET IRMethod, name = changed? instanceMethod = true
BB 1
	outgoing: 3 2 
	datadep: 
	instructions:
BB 2
	outgoing: 3 
	datadep: 
	instructions:
		 0: def_%self 
		 1: def_%v_0 
		 2: COPY TYPE_CurrentScope def_%current_scope 
		 3: COPY TYPE_ScopeModule def_%current_module 
		 4: 
		 5: 
		 6: %self->changed def_%v_3 %self[2.0,] 	 SYMBOL:	 ARGS:
		 7: RETURN %v_3[2.6,] %self[2.0,2.6,] 
BB 3
	outgoing: 
	datadep: 
	instructions:

SET IRMethod, name = preview instanceMethod = false
BB 1
	outgoing: 10 2 
	datadep: 
	instructions:
BB 2
	outgoing: 3 4 
	datadep: 
	instructions:
		 0: def_%self 
		 1: def_%v_0 
		 2: COPY TYPE_CurrentScope def_%current_scope 
		 3: COPY TYPE_ScopeModule def_%current_module 
		 4: 
		 5: RECEIVEARG def_url 
		 6: RECEIVECONSTARG def_options 
		 7: options[2.6,] 
BB 3
	outgoing: 4 
	datadep: 
	instructions:
		 0: COPY TYPE_Nil def_options 
BB 4
	outgoing: 5 6 
	datadep: 
	instructions:
		 0: 
		 1: COPY TYPE_PASS def_%v_3 options[3.0,2.6,] 
		 2: COPY TYPE_PASS def_%v_4 options[3.0,2.6,] 
		 3: BRANCH options[3.0,2.6,] 
BB 5
	outgoing: 6 
	datadep: 
	instructions:
		 0: HASH- def_%v_5 
		 1: COPY TYPE_PASS def_options %v_5[5.0,] 
		 2: COPY TYPE_PASS def_%v_4 %v_5[5.0,] 
BB 6
	outgoing: 7 8 
	datadep: 
	instructions:
		 0: 
		 1: options->[] def_%v_6 options[5.1,3.0,2.6,] 	 SYMBOL:invalidate_oneboxes,	 ARGS:Symbol,
		 2: BRANCH %v_6[6.1,] 
BB 7
	outgoing: 9 
	datadep: 
	instructions:
		 0: (Oneboxer) def_%v_7 
		 1: %v_7->invalidate def_%v_8 %v_7[7.0,] url[2.5,] 	 SYMBOL:	 ARGS:url,
		 2: 
BB 8
	outgoing: 9 
	datadep: 
	instructions:
		 0: COPY TYPE_Nil def_%v_8 
BB 9
	outgoing: 10 
	datadep: 
	instructions:
		 0: 
		 1: %self->onebox_raw def_%v_9 %self[2.0,] url[2.5,] 	 SYMBOL:	 ARGS:url,
		 2: %v_9->[] def_%v_10 %v_9[9.1,] 	 SYMBOL:preview,	 ARGS:Symbol,
		 3: RETURN %v_10[9.2,] %self[9.1,2.0,] 
BB 10
	outgoing: 
	datadep: 
	instructions:

SET IRMethod, name = onebox instanceMethod = false
BB 1
	outgoing: 10 2 
	datadep: 
	instructions:
BB 2
	outgoing: 3 4 
	datadep: 
	instructions:
		 0: def_%self 
		 1: def_%v_0 
		 2: COPY TYPE_CurrentScope def_%current_scope 
		 3: COPY TYPE_ScopeModule def_%current_module 
		 4: 
		 5: RECEIVEARG def_url 
		 6: RECEIVECONSTARG def_options 
		 7: options[2.6,] 
BB 3
	outgoing: 4 
	datadep: 
	instructions:
		 0: COPY TYPE_Nil def_options 
BB 4
	outgoing: 5 6 
	datadep: 
	instructions:
		 0: 
		 1: COPY TYPE_PASS def_%v_3 options[3.0,2.6,] 
		 2: COPY TYPE_PASS def_%v_4 options[3.0,2.6,] 
		 3: BRANCH options[3.0,2.6,] 
BB 5
	outgoing: 6 
	datadep: 
	instructions:
		 0: HASH- def_%v_5 
		 1: COPY TYPE_PASS def_options %v_5[5.0,] 
		 2: COPY TYPE_PASS def_%v_4 %v_5[5.0,] 
BB 6
	outgoing: 7 8 
	datadep: 
	instructions:
		 0: 
		 1: options->[] def_%v_6 options[5.1,3.0,2.6,] 	 SYMBOL:invalidate_oneboxes,	 ARGS:Symbol,
		 2: BRANCH %v_6[6.1,] 
BB 7
	outgoing: 9 
	datadep: 
	instructions:
		 0: (Oneboxer) def_%v_7 
		 1: %v_7->invalidate def_%v_8 %v_7[7.0,] url[2.5,] 	 SYMBOL:	 ARGS:url,
		 2: 
BB 8
	outgoing: 9 
	datadep: 
	instructions:
		 0: COPY TYPE_Nil def_%v_8 
BB 9
	outgoing: 10 
	datadep: 
	instructions:
		 0: 
		 1: %self->onebox_raw def_%v_9 %self[2.0,] url[2.5,] 	 SYMBOL:	 ARGS:url,
		 2: %v_9->[] def_%v_10 %v_9[9.1,] 	 SYMBOL:onebox,	 ARGS:Symbol,
		 3: RETURN %v_10[9.2,] %self[9.1,2.0,] 
BB 10
	outgoing: 
	datadep: 
	instructions:

SET IRMethod, name = cached_onebox instanceMethod = false
BB 1
	outgoing: 15 2 
	datadep: 
	instructions:
BB 2
	outgoing: 4 
	datadep: 
	instructions:
		 0: def_%self 
		 1: def_%v_0 
		 2: COPY TYPE_CurrentScope def_%current_scope 
		 3: COPY TYPE_ScopeModule def_%current_module 
		 4: 
		 5: RECEIVEARG def_url 
		 6: GLOBALVAR $! def_%v_3 
BB 4
	outgoing: 5 6 9 
	datadep: 
	instructions:
		 0: 
		 1: 
		 2: (Rails) def_%v_6 
		 3: %v_6->cache def_%v_7 %v_6[4.2,] 	 SYMBOL:	 ARGS:
		 4: %self->onebox_cache_key def_%v_8 %self[2.0,] url[2.5,] 	 SYMBOL:	 ARGS:url,
		 5: %v_7->read def_%v_9 %v_7[4.3,] %v_8[4.4,] 	 SYMBOL:	 ARGS:%v_8,
		 6: COPY TYPE_PASS def_c %v_9[4.5,] 
		 7: BRANCH %v_9[4.5,] 
BB 5
	outgoing: 7 9 
	datadep: 
	instructions:
		 0: 
		 1: c->[] def_%v_10 c[4.6,] 	 SYMBOL:onebox,	 ARGS:Symbol,
		 2: 
BB 6
	outgoing: 7 
	datadep: 
	instructions:
		 0: COPY TYPE_Nil def_%v_10 
BB 7
	outgoing: 8 9 
	datadep: 
	instructions:
		 0: COPY TYPE_PASS def_%v_5 %v_10[6.0,5.1,] 
		 1: %v_3[2.6,] 
BB 8
	outgoing: 14 
	datadep: 
	instructions:
		 0: 
BB 9
	outgoing: 10 11 13 
	datadep: 
	instructions:
		 0: def_%v_11 
		 1: def_%v_12 %v_11[9.0,] 
		 2: BRANCH %v_12[9.1,] 
BB 10
	outgoing: 13 15 
	datadep: 
	instructions:
		 0: %v_11[9.0,] 
BB 11
	outgoing: 12 13 
	datadep: 
	instructions:
		 0: GLOBALVAR $! def_%v_13 
		 1: COPY TYPE_PASS def_e %v_13[11.0,] 
		 2: 
		 3: %self->invalidate def_%v_14 %self[2.0,] url[2.5,] 	 SYMBOL:	 ARGS:url,
		 4: 
		 5: (Rails) def_%v_15 
		 6: %v_15->logger def_%v_16 %v_15[11.5,] 	 SYMBOL:	 ARGS:
		 7: COPY TYPE_StringLiteral "invalid cached onebox for " def_%v_17 
		 8: COPY TYPE_StringLiteral " " def_%v_18 
		 9: BUILDSTRING def_%v_19 %v_17[11.7,] url[2.5,] %v_18[11.8,] e[11.1,] 
		 10: %v_16->warn def_%v_20 %v_16[11.6,] %v_19[11.9,] 	 SYMBOL:	 ARGS:%v_19,
		 11: 
		 12: COPY TYPE_StringLiteral "" def_%v_21 
		 13: COPY TYPE_PASS def_%v_5 %v_21[11.12,] 
		 14: %v_3[2.6,] 
BB 12
	outgoing: 14 
	datadep: 
	instructions:
		 0: 
BB 13
	outgoing: 15 
	datadep: 
	instructions:
		 0: def_%v_22 
		 1: def_%v_23 %v_22[13.0,] %v_3[2.6,] 
		 2: %v_22[13.0,] 
BB 14
	outgoing: 15 
	datadep: 
	instructions:
		 0: RETURN %v_5[7.0,11.13,] %self[2.0,] 
BB 15
	outgoing: 
	datadep: 
	instructions:

SET IRMethod, name = cached_preview instanceMethod = false
BB 1
	outgoing: 15 2 
	datadep: 
	instructions:
BB 2
	outgoing: 4 
	datadep: 
	instructions:
		 0: def_%self 
		 1: def_%v_0 
		 2: COPY TYPE_CurrentScope def_%current_scope 
		 3: COPY TYPE_ScopeModule def_%current_module 
		 4: 
		 5: RECEIVEARG def_url 
		 6: GLOBALVAR $! def_%v_3 
BB 4
	outgoing: 5 6 9 
	datadep: 
	instructions:
		 0: 
		 1: 
		 2: (Rails) def_%v_6 
		 3: %v_6->cache def_%v_7 %v_6[4.2,] 	 SYMBOL:	 ARGS:
		 4: %self->onebox_cache_key def_%v_8 %self[2.0,] url[2.5,] 	 SYMBOL:	 ARGS:url,
		 5: %v_7->read def_%v_9 %v_7[4.3,] %v_8[4.4,] 	 SYMBOL:	 ARGS:%v_8,
		 6: COPY TYPE_PASS def_c %v_9[4.5,] 
		 7: BRANCH %v_9[4.5,] 
BB 5
	outgoing: 7 9 
	datadep: 
	instructions:
		 0: 
		 1: c->[] def_%v_10 c[4.6,] 	 SYMBOL:preview,	 ARGS:Symbol,
		 2: 
BB 6
	outgoing: 7 
	datadep: 
	instructions:
		 0: COPY TYPE_Nil def_%v_10 
BB 7
	outgoing: 8 9 
	datadep: 
	instructions:
		 0: COPY TYPE_PASS def_%v_5 %v_10[6.0,5.1,] 
		 1: %v_3[2.6,] 
BB 8
	outgoing: 14 
	datadep: 
	instructions:
		 0: 
BB 9
	outgoing: 10 11 13 
	datadep: 
	instructions:
		 0: def_%v_11 
		 1: def_%v_12 %v_11[9.0,] 
		 2: BRANCH %v_12[9.1,] 
BB 10
	outgoing: 13 15 
	datadep: 
	instructions:
		 0: %v_11[9.0,] 
BB 11
	outgoing: 12 13 
	datadep: 
	instructions:
		 0: GLOBALVAR $! def_%v_13 
		 1: COPY TYPE_PASS def_e %v_13[11.0,] 
		 2: 
		 3: %self->invalidate def_%v_14 %self[2.0,] url[2.5,] 	 SYMBOL:	 ARGS:url,
		 4: 
		 5: (Rails) def_%v_15 
		 6: %v_15->logger def_%v_16 %v_15[11.5,] 	 SYMBOL:	 ARGS:
		 7: COPY TYPE_StringLiteral "invalid cached preview for " def_%v_17 
		 8: COPY TYPE_StringLiteral " " def_%v_18 
		 9: BUILDSTRING def_%v_19 %v_17[11.7,] url[2.5,] %v_18[11.8,] e[11.1,] 
		 10: %v_16->warn def_%v_20 %v_16[11.6,] %v_19[11.9,] 	 SYMBOL:	 ARGS:%v_19,
		 11: 
		 12: COPY TYPE_StringLiteral "" def_%v_21 
		 13: COPY TYPE_PASS def_%v_5 %v_21[11.12,] 
		 14: %v_3[2.6,] 
BB 12
	outgoing: 14 
	datadep: 
	instructions:
		 0: 
BB 13
	outgoing: 15 
	datadep: 
	instructions:
		 0: def_%v_22 
		 1: def_%v_23 %v_22[13.0,] %v_3[2.6,] 
		 2: %v_22[13.0,] 
BB 14
	outgoing: 15 
	datadep: 
	instructions:
		 0: RETURN %v_5[7.0,11.13,] %self[2.0,] 
BB 15
	outgoing: 
	datadep: 
	instructions:

SET IRMethod, name = oneboxer_exists_for_url? instanceMethod = false
BB 1
	outgoing: 3 2 
	datadep: 
	instructions:
BB 2
	outgoing: 3 
	datadep: 
	instructions:
		 0: def_%self 
		 1: def_%v_0 
		 2: COPY TYPE_CurrentScope def_%current_scope 
		 3: COPY TYPE_ScopeModule def_%current_module 
		 4: 
		 5: RECEIVEARG def_url 
		 6: 
		 7: (Onebox) def_%v_3 
		 8: %v_3->has_matcher? def_%v_4 %v_3[2.7,] url[2.5,] 	 SYMBOL:	 ARGS:url,
		 9: RETURN %v_4[2.8,] %self[2.0,] 
BB 3
	outgoing: 
	datadep: 
	instructions:

SET IRMethod, name = invalidate instanceMethod = false
BB 1
	outgoing: 3 2 
	datadep: 
	instructions:
BB 2
	outgoing: 3 
	datadep: 
	instructions:
		 0: def_%self 
		 1: def_%v_0 
		 2: COPY TYPE_CurrentScope def_%current_scope 
		 3: COPY TYPE_ScopeModule def_%current_module 
		 4: 
		 5: RECEIVEARG def_url 
		 6: 
		 7: (Rails) def_%v_3 
		 8: %v_3->cache def_%v_4 %v_3[2.7,] 	 SYMBOL:	 ARGS:
		 9: %self->onebox_cache_key def_%v_5 %self[2.0,] url[2.5,] 	 SYMBOL:	 ARGS:url,
		 10: %v_4->delete def_%v_6 %v_4[2.8,] %v_5[2.9,] 	 SYMBOL:	 ARGS:%v_5,
		 11: RETURN %v_6[2.10,] %self[2.0,2.9,] 
BB 3
	outgoing: 
	datadep: 
	instructions:

SET IRMethod, name = each_onebox_link instanceMethod = false
BB 1
	outgoing: 11 2 
	datadep: 
	instructions:
BB 2
	outgoing: 3 6 
	datadep: 
	instructions:
		 0: def_%self 
		 1: def_%v_0 
		 2: COPY TYPE_CurrentScope def_%current_scope 
		 3: COPY TYPE_ScopeModule def_%current_module 
		 4: 
		 5: RECEIVEARG def_string_or_doc 
		 6: 
		 7: COPY TYPE_PASS def_doc string_or_doc[2.5,] 
		 8: 
		 9: (String) def_%v_3 
		 10: string_or_doc->is_a? def_%v_4 string_or_doc[2.5,] %v_3[2.9,] 	 SYMBOL:	 ARGS:%v_3,
		 11: BRANCH %v_4[2.10,] 
BB 3
	outgoing: 4 5 
	datadep: 
	instructions:
		 0: (Nokogiri) def_%v_5 
		 1: (inherit HTML) def_%v_6 %v_5[3.0,] 
		 2: %v_6[3.1,] 
BB 4
	outgoing: 5 
	datadep: 
	instructions:
		 0: %v_5->const_missing def_%v_6 %v_5[3.0,] 	 SYMBOL:HTML,	 ARGS:Symbol,
BB 5
	outgoing: 7 
	datadep: 
	instructions:
		 0: %v_6->fragment def_%v_7 %v_6[4.0,3.1,] doc[2.7,] 	 SYMBOL:	 ARGS:doc,
		 1: COPY TYPE_PASS def_doc %v_7[5.0,] 
		 2: 
BB 6
	outgoing: 7 
	datadep: 
	instructions:
		 0: COPY TYPE_Nil def_%v_7 
BB 7
	outgoing: 8 9 
	datadep: 
	instructions:
		 0: 
		 1: COPY TYPE_StringLiteral "a.onebox" def_%v_8 
		 2: doc->search def_%v_9 doc[5.1,2.7,] %v_8[7.1,] 	 SYMBOL:	 ARGS:%v_8,
		 3: COPY TYPE_PASS def_onebox_links %v_9[7.2,] 
		 4: 
		 5: %v_9->present? def_%v_10 %v_9[7.2,] 	 SYMBOL:	 ARGS:
		 6: BRANCH %v_10[7.5,] 
BB 8
	outgoing: 10 
	datadep: 
	instructions:
		 0: 
		 1: onebox_links->each def_%v_11 onebox_links[7.3,] %self[2.0,] 	 SYMBOL:	 ARGS:onebox_links,
CLOSURE BEGIN: link[] 
BB 1
	outgoing: 9 2 
	datadep: 
	instructions:
BB 2
	outgoing: 3 
	datadep: 
	instructions:
		 0: def_%self 
		 1: def_%cl_1_0 
		 2: RECEIVEARG def_link 
		 3: COPY TYPE_CurrentScope def_%current_scope 
		 4: COPY TYPE_ScopeModule def_%current_module 
BB 3
	outgoing: 4 5 7 
	datadep: 
	instructions:
		 0: 
		 1: COPY TYPE_StringLiteral "href" def_%cl_1_3 
		 2: link->[] def_%cl_1_4 link[2.2,] %cl_1_3[3.1,] 	 SYMBOL:	 ARGS:%cl_1_3,
		 3: %cl_1_4->present? def_%cl_1_5 %cl_1_4[3.2,] 	 SYMBOL:	 ARGS:
		 4: BRANCH %cl_1_5[3.3,] 
BB 4
	outgoing: 6 7 
	datadep: 
	instructions:
		 0: 
		 1: COPY TYPE_StringLiteral "href" def_%cl_1_7 
		 2: link->[] def_%cl_1_8 link[2.2,] %cl_1_7[4.1,] 	 SYMBOL:	 ARGS:%cl_1_7,
		 3: COPY TYPE_Array def_%cl_1_9 %cl_1_8[4.2,] link[4.2,2.2,] 
		 4: def_%cl_1_6 %cl_1_0[2.1,] %cl_1_9[4.3,] 
		 5: 
BB 5
	outgoing: 9 
	datadep: 
	instructions:
		 0: RETURN %self[2.0,] 
BB 6
	outgoing: 9 
	datadep: 
	instructions:
		 0: RETURN %cl_1_6[4.4,] %self[2.0,] 
BB 7
	outgoing: 9 
	datadep: 
	instructions:
		 0: def_%cl_1_10 
		 1: def_%cl_1_11 %cl_1_10[7.0,] 
		 2: RETURN %cl_1_11[7.1,] %self[2.0,] 
BB 9
	outgoing: 
	datadep: 
	instructions:
CLOSURE END: 
		 2: 
BB 9
	outgoing: 10 
	datadep: 
	instructions:
		 0: COPY TYPE_Nil def_%v_11 
BB 10
	outgoing: 11 
	datadep: 
	instructions:
		 0: 
		 1: RETURN doc[5.1,2.7,] %self[2.0,] 
BB 11
	outgoing: 
	datadep: 
	instructions:

SET IRMethod, name = append_source_topic_id instanceMethod = false
BB 1
	outgoing: 37 2 
	datadep: 
	instructions:
BB 2
	outgoing: 3 35 
	datadep: 
	instructions:
		 0: def_%self 
		 1: def_%v_0 
		 2: COPY TYPE_CurrentScope def_%current_scope 
		 3: COPY TYPE_ScopeModule def_%current_module 
		 4: 
		 5: RECEIVEARG def_url 
		 6: RECEIVEARG def_topic_id 
		 7: 
		 8: (Regexp) def_%v_3 
		 9: COPY TYPE_StringLiteral "^" def_%v_4 
		 10: (Discourse) def_%v_5 
		 11: %v_5->base_url def_%v_6 %v_5[2.10,] 	 SYMBOL:	 ARGS:
		 12: COPY TYPE_StringLiteral "." def_%v_7 
		 13: COPY TYPE_StringLiteral "\." def_%v_8 
		 14: %v_6->gsub def_%v_9 %v_6[2.11,] %v_7[2.12,] %v_8[2.13,] 	 SYMBOL:	 ARGS:%v_7,%v_8,
		 15: COPY TYPE_StringLiteral ".*$" def_%v_10 
		 16: BUILDSTRING def_%v_11 %v_4[2.9,] %v_9[2.14,] %v_10[2.15,] 
		 17: %v_3->new def_%v_12 %v_3[2.8,] %v_11[2.16,] 	 SYMBOL:	 ARGS:%v_11,Boolean,
		 18: url->=~ def_%v_13 url[2.5,] %v_12[2.17,] 	 SYMBOL:	 ARGS:%v_12,
		 19: BRANCH %v_13[2.18,] 
BB 3
	outgoing: 5 
	datadep: 
	instructions:
		 0: 
		 1: GLOBALVAR $! def_%v_14 
BB 5
	outgoing: 6 7 
	datadep: 
	instructions:
		 0: 
		 1: (URI) def_%v_17 
		 2: %v_17->parse def_%v_18 %v_17[5.1,] url[2.5,] 	 SYMBOL:	 ARGS:url,
		 3: COPY TYPE_PASS def_%v_16 %v_18[5.2,] 
		 4: 
		 5: %v_14[3.1,] 
BB 6
	outgoing: 12 
	datadep: 
	instructions:
		 0: 
BB 7
	outgoing: 8 9 11 
	datadep: 
	instructions:
		 0: 
		 1: def_%v_19 
		 2: def_%v_20 %v_19[7.1,] 
		 3: BRANCH %v_20[7.2,] 
BB 8
	outgoing: 11 37 
	datadep: 
	instructions:
		 0: %v_19[7.1,] 
BB 9
	outgoing: 10 11 
	datadep: 
	instructions:
		 0: COPY TYPE_Nil def_%v_16 
		 1: 
		 2: %v_14[3.1,] 
BB 10
	outgoing: 12 
	datadep: 
	instructions:
		 0: 
BB 11
	outgoing: 37 
	datadep: 
	instructions:
		 0: def_%v_21 
		 1: def_%v_22 %v_21[11.0,] %v_14[3.1,] 
		 2: %v_21[11.0,] 
BB 12
	outgoing: 13 14 
	datadep: 
	instructions:
		 0: COPY TYPE_PASS def_uri %v_16[5.3,9.0,] 
		 1: 
		 2: COPY TYPE_PASS def_%v_23 %v_16[5.3,9.0,] 
		 3: BRANCH %v_16[5.3,9.0,] 
BB 13
	outgoing: 14 
	datadep: 
	instructions:
		 0: uri->path def_%v_24 uri[12.0,] 	 SYMBOL:	 ARGS:
		 1: COPY TYPE_PASS def_%v_23 %v_24[13.0,] 
BB 14
	outgoing: 15 33 
	datadep: 
	instructions:
		 0: BRANCH %v_23[13.1,12.2,] 
BB 15
	outgoing: 17 
	datadep: 
	instructions:
		 0: 
		 1: GLOBALVAR $! def_%v_25 
BB 17
	outgoing: 18 19 
	datadep: 
	instructions:
		 0: 
		 1: (Rails) def_%v_28 
		 2: %v_28->application def_%v_29 %v_28[17.1,] 	 SYMBOL:	 ARGS:
		 3: %v_29->routes def_%v_30 %v_29[17.2,] 	 SYMBOL:	 ARGS:
		 4: uri->path def_%v_31 uri[12.0,] 	 SYMBOL:	 ARGS:
		 5: %v_30->recognize_path def_%v_32 %v_30[17.3,] %v_31[17.4,] 	 SYMBOL:	 ARGS:%v_31,
		 6: COPY TYPE_PASS def_%v_27 %v_32[17.5,] 
		 7: 
		 8: %v_25[15.1,] 
BB 18
	outgoing: 24 
	datadep: 
	instructions:
		 0: 
BB 19
	outgoing: 20 21 23 
	datadep: 
	instructions:
		 0: 
		 1: def_%v_33 
		 2: def_%v_34 %v_33[19.1,] 
		 3: BRANCH %v_34[19.2,] 
BB 20
	outgoing: 23 37 
	datadep: 
	instructions:
		 0: %v_33[19.1,] 
BB 21
	outgoing: 22 23 
	datadep: 
	instructions:
		 0: COPY TYPE_Nil def_%v_27 
		 1: 
		 2: %v_25[15.1,] 
BB 22
	outgoing: 24 
	datadep: 
	instructions:
		 0: 
BB 23
	outgoing: 37 
	datadep: 
	instructions:
		 0: def_%v_35 
		 1: def_%v_36 %v_35[23.0,] %v_25[15.1,] 
		 2: %v_35[23.0,] 
BB 24
	outgoing: 25 26 
	datadep: 
	instructions:
		 0: COPY TYPE_PASS def_route %v_27[17.6,21.0,] 
		 1: 
		 2: COPY TYPE_PASS def_%v_37 %v_27[17.6,21.0,] 
		 3: BRANCH %v_27[17.6,21.0,] 
BB 25
	outgoing: 26 
	datadep: 
	instructions:
		 0: route->[] def_%v_38 route[24.0,] 	 SYMBOL:controller,	 ARGS:Symbol,
		 1: COPY TYPE_StringLiteral "topics" def_%v_39 
		 2: %v_38->== def_%v_40 %v_38[25.0,] %v_39[25.1,] 	 SYMBOL:	 ARGS:%v_39,
		 3: COPY TYPE_PASS def_%v_37 %v_40[25.2,] 
BB 26
	outgoing: 27 31 
	datadep: 
	instructions:
		 0: BRANCH %v_37[25.3,24.2,] 
BB 27
	outgoing: 28 29 
	datadep: 
	instructions:
		 0: 
		 1: COPY TYPE_Regexp def_%v_41 
		 2: url->=~ def_%v_42 url[2.5,] 	 SYMBOL:	 ARGS:%v_41,
		 3: BRANCH %v_42[27.2,] 
BB 28
	outgoing: 30 
	datadep: 
	instructions:
		 0: COPY TYPE_StringLiteral "&" def_%v_43 
		 1: 
BB 29
	outgoing: 30 
	datadep: 
	instructions:
		 0: COPY TYPE_StringLiteral "?" def_%v_44 
		 1: COPY TYPE_PASS def_%v_43 %v_44[29.0,] 
BB 30
	outgoing: 32 
	datadep: 
	instructions:
		 0: COPY TYPE_StringLiteral "source_topic_id=" def_%v_45 
		 1: BUILDSTRING def_%v_46 %v_45[30.0,] topic_id[2.6,] 
		 2: %v_43->+ def_%v_47 %v_43[29.1,28.0,] %v_46[30.1,] 	 SYMBOL:	 ARGS:%v_46,
		 3: url->+ def_%v_48 url[2.5,] %v_47[30.2,] 	 SYMBOL:	 ARGS:%v_47,
		 4: COPY TYPE_PASS def_url %v_48[30.3,] 
		 5: 
BB 31
	outgoing: 32 
	datadep: 
	instructions:
		 0: COPY TYPE_Nil def_%v_48 
BB 32
	outgoing: 34 
	datadep: 
	instructions:
		 0: 
BB 33
	outgoing: 34 
	datadep: 
	instructions:
		 0: COPY TYPE_Nil def_%v_48 
BB 34
	outgoing: 36 
	datadep: 
	instructions:
		 0: 
BB 35
	outgoing: 36 
	datadep: 
	instructions:
		 0: COPY TYPE_Nil def_%v_48 
BB 36
	outgoing: 37 
	datadep: 
	instructions:
		 0: 
		 1: RETURN url[2.5,30.4,] %self[2.0,] 
BB 37
	outgoing: 
	datadep: 
	instructions:

SET IRMethod, name = apply instanceMethod = false
BB 1
	outgoing: 10 2 
	datadep: 
	instructions:
BB 2
	outgoing: 3 4 
	datadep: 
	instructions:
		 0: def_%self 
		 1: def_%v_0 
		 2: COPY TYPE_CurrentScope def_%current_scope 
		 3: COPY TYPE_ScopeModule def_%current_module 
		 4: 
		 5: RECEIVEARG def_string_or_doc 
		 6: RECEIVECONSTARG def_args 
		 7: args[2.6,] 
BB 3
	outgoing: 4 
	datadep: 
	instructions:
		 0: COPY TYPE_Nil def_args 
BB 4
	outgoing: 5 8 
	datadep: 
	instructions:
		 0: 
		 1: COPY TYPE_PASS def_doc string_or_doc[2.5,] 
		 2: 
		 3: (String) def_%v_3 
		 4: string_or_doc->is_a? def_%v_4 string_or_doc[2.5,] %v_3[4.3,] 	 SYMBOL:	 ARGS:%v_3,
		 5: BRANCH %v_4[4.4,] 
BB 5
	outgoing: 6 7 
	datadep: 
	instructions:
		 0: (Nokogiri) def_%v_5 
		 1: (inherit HTML) def_%v_6 %v_5[5.0,] 
		 2: %v_6[5.1,] 
BB 6
	outgoing: 7 
	datadep: 
	instructions:
		 0: %v_5->const_missing def_%v_6 %v_5[5.0,] 	 SYMBOL:HTML,	 ARGS:Symbol,
BB 7
	outgoing: 9 
	datadep: 
	instructions:
		 0: %v_6->fragment def_%v_7 %v_6[6.0,5.1,] doc[4.1,] 	 SYMBOL:	 ARGS:doc,
		 1: COPY TYPE_PASS def_doc %v_7[7.0,] 
		 2: 
BB 8
	outgoing: 9 
	datadep: 
	instructions:
		 0: COPY TYPE_Nil def_%v_7 
BB 9
	outgoing: 10 
	datadep: 
	instructions:
		 0: 
		 1: COPY TYPE_Boolean def_changed 
		 2: 
		 3: (Oneboxer) def_%v_8 
		 4: %v_8->each_onebox_link def_%v_9 %v_8[9.3,] doc[7.1,4.1,] %self[2.0,] 	 SYMBOL:	 ARGS:doc,%v_8,
CLOSURE BEGIN: args[3.0,2.6,] %self[2.0,] url[] element[] onebox[] parsed_onebox[] 
BB 1
	outgoing: 28 2 
	datadep: 
	instructions:
BB 2
	outgoing: 4 5 
	datadep: 
	instructions:
		 0: def_%self 
		 1: def_%cl_1_0 
		 2: RECEIVEARG def_url 
		 3: RECEIVEARG def_element 
		 4: COPY TYPE_CurrentScope def_%current_scope 
		 5: COPY TYPE_ScopeModule def_%current_module 
		 6: 
		 7: COPY TYPE_PASS def_%cl_1_3 args[] 
		 8: BRANCH args[] 
BB 4
	outgoing: 5 26 
	datadep: 
	instructions:
		 0: args->[] def_%cl_1_4 args[] 	 SYMBOL:topic_id,	 ARGS:Symbol,
		 1: COPY TYPE_PASS def_%cl_1_3 %cl_1_4[4.0,] 
BB 5
	outgoing: 6 7 
	datadep: 
	instructions:
		 0: BRANCH %cl_1_3[4.1,2.7,] 
BB 6
	outgoing: 8 26 
	datadep: 
	instructions:
		 0: 
		 1: args->[] def_%cl_1_5 args[] 	 SYMBOL:topic_id,	 ARGS:Symbol,
		 2: %self->append_source_topic_id def_%cl_1_6 %self[2.0,] url[2.2,] %cl_1_5[6.1,] 	 SYMBOL:	 ARGS:url,%cl_1_5,
		 3: COPY TYPE_PASS def_url %cl_1_6[6.2,] 
		 4: 
BB 7
	outgoing: 8 
	datadep: 
	instructions:
		 0: COPY TYPE_Nil def_%cl_1_6 
BB 8
	outgoing: 9 24 26 
	datadep: 
	instructions:
		 0: 
		 1: COPY TYPE_Array def_%cl_1_8 url[6.3,2.2,] element[2.3,] 
		 2: def_%cl_1_7 %cl_1_0[2.1,] %cl_1_8[8.1,] 
		 3: def_%cl_1_9 %cl_1_7[8.2,] 
		 4: def_%cl_1_10 %cl_1_9[8.3,] 
		 5: def_%cl_1_11 %cl_1_9[8.3,] 
		 6: COPY TYPE_PASS def_onebox %cl_1_10[8.4,] 
		 7: COPY TYPE_PASS def__preview %cl_1_11[8.5,] 
		 8: 
		 9: BRANCH %cl_1_10[8.4,] 
BB 9
	outgoing: 10 11 26 
	datadep: 
	instructions:
		 0: 
		 1: (Nokogiri) def_%cl_1_12 
		 2: (inherit HTML) def_%cl_1_13 %cl_1_12[9.1,] 
		 3: %cl_1_13[9.2,] 
BB 10
	outgoing: 11 26 
	datadep: 
	instructions:
		 0: %cl_1_12->const_missing def_%cl_1_13 %cl_1_12[9.1,] 	 SYMBOL:HTML,	 ARGS:Symbol,
BB 11
	outgoing: 12 13 26 
	datadep: 
	instructions:
		 0: %cl_1_13->fragment def_%cl_1_14 %cl_1_13[10.0,9.2,] onebox[8.6,] 	 SYMBOL:	 ARGS:onebox,
		 1: COPY TYPE_PASS def_parsed_onebox %cl_1_14[11.0,] 
		 2: 
		 3: %cl_1_14->children def_%cl_1_15 %cl_1_14[11.0,] 	 SYMBOL:	 ARGS:
		 4: %cl_1_15->count def_%cl_1_16 %cl_1_15[11.3,] 	 SYMBOL:	 ARGS:
		 5: %cl_1_16->> def_%cl_1_17 %cl_1_16[11.4,] 	 SYMBOL:	 ARGS:Fixnum,
		 6: BRANCH %cl_1_17[11.5,] 
BB 12
	outgoing: 14 
	datadep: 
	instructions:
		 0: COPY TYPE_Nil def_%cl_1_18 
		 1: 
BB 13
	outgoing: 26 28 
	datadep: 
	instructions:
		 0: 
		 1: RETURN %self[2.0,] 
BB 14
	outgoing: 15 16 26 
	datadep: 
	instructions:
		 0: 
		 1: element->parent def_%cl_1_19 element[2.3,] 	 SYMBOL:	 ARGS:
		 2: BRANCH %cl_1_19[14.1,] 
BB 15
	outgoing: 16 26 
	datadep: 
	instructions:
		 0: element->parent def_%cl_1_20 element[2.3,] 	 SYMBOL:	 ARGS:
		 1: %cl_1_20->node_name def_%cl_1_21 %cl_1_20[15.0,] 	 SYMBOL:	 ARGS:
		 2: COPY TYPE_PASS def_%cl_1_19 %cl_1_21[15.1,] 
BB 16
	outgoing: 17 18 
	datadep: 
	instructions:
		 0: BRANCH %cl_1_19[15.2,14.1,] 
BB 17
	outgoing: 18 26 
	datadep: 
	instructions:
		 0: element->parent def_%cl_1_22 element[2.3,] 	 SYMBOL:	 ARGS:
		 1: %cl_1_22->node_name def_%cl_1_23 %cl_1_22[17.0,] 	 SYMBOL:	 ARGS:
		 2: %cl_1_23->downcase def_%cl_1_24 %cl_1_23[17.1,] 	 SYMBOL:	 ARGS:
		 3: COPY TYPE_StringLiteral "p" def_%cl_1_25 
		 4: %cl_1_24->== def_%cl_1_26 %cl_1_24[17.2,] %cl_1_25[17.3,] 	 SYMBOL:	 ARGS:%cl_1_25,
		 5: COPY TYPE_PASS def_%cl_1_19 %cl_1_26[17.4,] 
BB 18
	outgoing: 19 20 
	datadep: 
	instructions:
		 0: BRANCH %cl_1_19[17.5,15.2,14.1,] 
BB 19
	outgoing: 20 26 
	datadep: 
	instructions:
		 0: element->parent def_%cl_1_27 element[2.3,] 	 SYMBOL:	 ARGS:
		 1: %cl_1_27->children def_%cl_1_28 %cl_1_27[19.0,] 	 SYMBOL:	 ARGS:
		 2: %cl_1_28->count def_%cl_1_29 %cl_1_28[19.1,] 	 SYMBOL:	 ARGS:
		 3: %cl_1_29->== def_%cl_1_30 %cl_1_29[19.2,] 	 SYMBOL:	 ARGS:Fixnum,
		 4: COPY TYPE_PASS def_%cl_1_19 %cl_1_30[19.3,] 
BB 20
	outgoing: 21 22 
	datadep: 
	instructions:
		 0: BRANCH %cl_1_19[19.4,17.5,15.2,14.1,] 
BB 21
	outgoing: 23 26 
	datadep: 
	instructions:
		 0: 
		 1: element->parent def_%cl_1_31 element[2.3,] 	 SYMBOL:	 ARGS:
		 2: COPY TYPE_PASS def_element %cl_1_31[21.1,] 
		 3: 
BB 22
	outgoing: 23 
	datadep: 
	instructions:
		 0: COPY TYPE_Nil def_%cl_1_31 
BB 23
	outgoing: 25 26 
	datadep: 
	instructions:
		 0: 
		 1: COPY TYPE_Boolean def_changed 
		 2: 
		 3: parsed_onebox->to_html def_%cl_1_32 parsed_onebox[11.1,] 	 SYMBOL:	 ARGS:
		 4: element->swap def_%cl_1_33 element[21.2,2.3,] %cl_1_32[23.3,] 	 SYMBOL:	 ARGS:%cl_1_32,
		 5: 
BB 24
	outgoing: 28 
	datadep: 
	instructions:
		 0: RETURN %self[2.0,] 
BB 25
	outgoing: 28 
	datadep: 
	instructions:
		 0: RETURN %cl_1_33[23.4,] %self[2.0,] 
BB 26
	outgoing: 28 
	datadep: 
	instructions:
		 0: def_%cl_1_34 
		 1: def_%cl_1_35 %cl_1_34[26.0,] 
		 2: RETURN %cl_1_35[26.1,] %self[2.0,] 
BB 28
	outgoing: 
	datadep: 
	instructions:
CLOSURE END: _preview[8.7,] onebox[8.6,] parsed_onebox[11.1,] element[21.2,2.3,] changed[23.1,] 
		 5: 
		 6: (Result) def_%v_10 
		 7: %v_10->new def_%v_11 %v_10[9.6,] doc[7.1,4.1,] changed[9.1,9.4,] 	 SYMBOL:	 ARGS:doc,changed,
		 8: RETURN %v_11[9.7,] %self[2.0,] 
BB 10
	outgoing: 
	datadep: 
	instructions:

SET IRMethod, name = onebox_cache_key instanceMethod = false
BB 1
	outgoing: 3 2 
	datadep: 
	instructions:
BB 2
	outgoing: 3 
	datadep: 
	instructions:
		 0: def_%self 
		 1: def_%v_0 
		 2: COPY TYPE_CurrentScope def_%current_scope 
		 3: COPY TYPE_ScopeModule def_%current_module 
		 4: 
		 5: RECEIVEARG def_url 
		 6: 
		 7: COPY TYPE_StringLiteral "onebox__" def_%v_3 
		 8: BUILDSTRING def_%v_4 %v_3[2.7,] url[2.5,] 
		 9: RETURN %v_4[2.8,] %self[2.0,] 
BB 3
	outgoing: 
	datadep: 
	instructions:

SET IRMethod, name = add_discourse_whitelists instanceMethod = false
BB 1
	outgoing: 10 2 
	datadep: 
	instructions:
BB 2
	outgoing: 3 8 
	datadep: 
	instructions:
		 0: def_%self 
		 1: def_%v_0 
		 2: COPY TYPE_CurrentScope def_%current_scope 
		 3: COPY TYPE_ScopeModule def_%current_module 
		 4: 
		 5: 
		 6: (SiteSetting) def_%v_3 
		 7: %v_3->onebox_domains_whitelist def_%v_4 %v_3[2.6,] 	 SYMBOL:	 ARGS:
		 8: %v_4->present? def_%v_5 %v_4[2.7,] 	 SYMBOL:	 ARGS:
		 9: BRANCH %v_5[2.8,] 
BB 3
	outgoing: 4 5 
	datadep: 
	instructions:
		 0: 
		 1: (SiteSetting) def_%v_6 
		 2: %v_6->onebox_domains_whitelist def_%v_7 %v_6[3.1,] 	 SYMBOL:	 ARGS:
		 3: COPY TYPE_StringLiteral "|" def_%v_8 
		 4: %v_7->split def_%v_9 %v_7[3.2,] %v_8[3.3,] 	 SYMBOL:	 ARGS:%v_8,
		 5: COPY TYPE_PASS def_domains %v_9[3.4,] 
		 6: 
		 7: (Onebox) def_%v_10 
		 8: (inherit Engine) def_%v_11 %v_10[3.7,] 
		 9: %v_11[3.8,] 
BB 4
	outgoing: 5 
	datadep: 
	instructions:
		 0: %v_10->const_missing def_%v_11 %v_10[3.7,] 	 SYMBOL:Engine,	 ARGS:Symbol,
BB 5
	outgoing: 6 7 
	datadep: 
	instructions:
		 0: (inherit WhitelistedGenericOnebox) def_%v_12 %v_11[4.0,3.8,] 
		 1: %v_12[5.0,] 
BB 6
	outgoing: 7 
	datadep: 
	instructions:
		 0: %v_11->const_missing def_%v_12 %v_11[4.0,3.8,] 	 SYMBOL:WhitelistedGenericOnebox,	 ARGS:Symbol,
BB 7
	outgoing: 10 
	datadep: 
	instructions:
		 0: %v_12->whitelist def_%v_13 %v_12[6.0,5.0,] 	 SYMBOL:	 ARGS:
		 1: COPY TYPE_PASS def_whitelist %v_13[7.0,] 
		 2: 
		 3: %v_13->concat def_%v_14 %v_13[7.0,] domains[3.5,] 	 SYMBOL:	 ARGS:domains,
		 4: 
		 5: whitelist->uniq! def_%v_15 whitelist[7.1,] 	 SYMBOL:	 ARGS:
		 6: RETURN %v_15[7.5,] %self[2.0,] 
BB 8
	outgoing: 10 
	datadep: 
	instructions:
		 0: RETURN %self[2.0,] 
BB 10
	outgoing: 
	datadep: 
	instructions:

SET IRMethod, name = onebox_raw instanceMethod = false
BB 1
	outgoing: 12 2 
	datadep: 
	instructions:
BB 2
	outgoing: 4 
	datadep: 
	instructions:
		 0: def_%self 
		 1: def_%v_0 
		 2: COPY TYPE_CurrentScope def_%current_scope 
		 3: COPY TYPE_ScopeModule def_%current_module 
		 4: 
		 5: RECEIVEARG def_url 
		 6: GLOBALVAR $! def_%v_3 
BB 4
	outgoing: 5 6 
	datadep: 
	instructions:
		 0: 
		 1: 
		 2: (Rails) def_%v_6 
		 3: %v_6->cache def_%v_7 %v_6[4.2,] 	 SYMBOL:	 ARGS:
		 4: %self->onebox_cache_key def_%v_8 %self[2.0,] url[2.5,] 	 SYMBOL:	 ARGS:url,
		 5: CONSTANT def_%v_9 	 SYMBOL:	 ARGS:
		 6: HASH-expires_in- def_%v_10 %v_9[4.5,] 
		 7: %v_7->fetch def_%v_11 %v_7[4.3,] %v_8[4.4,] %v_10[4.6,] %self[4.4,2.0,] 	 SYMBOL:	 ARGS:%v_8,%v_10,%v_7,
CLOSURE BEGIN: url[2.5,] r[] 
BB 1
	outgoing: 6 2 
	datadep: 
	instructions:
BB 2
	outgoing: 3 
	datadep: 
	instructions:
		 0: def_%self 
		 1: def_%cl_1_0 
		 2: COPY TYPE_CurrentScope def_%current_scope 
		 3: COPY TYPE_ScopeModule def_%current_module 
BB 3
	outgoing: 4 6 
	datadep: 
	instructions:
		 0: 
		 1: (Oneboxer) def_%cl_1_3 
		 2: %cl_1_3->add_discourse_whitelists def_%cl_1_4 %cl_1_3[3.1,] 	 SYMBOL:	 ARGS:
		 3: 
		 4: (Onebox) def_%cl_1_5 
		 5: HASH- def_%cl_1_6 
		 6: HASH-cache-max_width- def_%cl_1_7 %cl_1_6[3.5,] 
		 7: %cl_1_5->preview def_%cl_1_8 %cl_1_5[3.4,] url[] %cl_1_7[3.6,] 	 SYMBOL:	 ARGS:url,%cl_1_7,
		 8: COPY TYPE_PASS def_r %cl_1_8[3.7,] 
		 9: 
		 10: %cl_1_8->to_s def_%cl_1_9 %cl_1_8[3.7,] 	 SYMBOL:	 ARGS:
		 11: r->try def_%cl_1_10 r[3.8,] 	 SYMBOL:placeholder_html,	 ARGS:Symbol,
		 12: %cl_1_10->to_s def_%cl_1_11 %cl_1_10[3.11,] 	 SYMBOL:	 ARGS:
		 13: HASH-onebox-preview- def_%cl_1_12 %cl_1_9[3.10,] %cl_1_11[3.12,] 
		 14: RETURN %cl_1_12[3.13,] %self[2.0,] 
BB 4
	outgoing: 6 
	datadep: 
	instructions:
		 0: def_%cl_1_13 
		 1: def_%cl_1_14 %cl_1_13[4.0,] 
		 2: RETURN %cl_1_14[4.1,] %self[2.0,] 
BB 6
	outgoing: 
	datadep: 
	instructions:
CLOSURE END: 
		 8: COPY TYPE_PASS def_%v_5 %v_11[4.7,] 
		 9: %v_3[2.6,] 
BB 5
	outgoing: 11 
	datadep: 
	instructions:
		 0: 
BB 6
	outgoing: 7 8 10 
	datadep: 
	instructions:
		 0: def_%v_12 
		 1: def_%v_13 %v_12[6.0,] 
		 2: BRANCH %v_13[6.1,] 
BB 7
	outgoing: 10 12 
	datadep: 
	instructions:
		 0: %v_12[6.0,] 
BB 8
	outgoing: 9 10 
	datadep: 
	instructions:
		 0: GLOBALVAR $! def_%v_14 
		 1: COPY TYPE_PASS def_e %v_14[8.0,] 
		 2: 
		 3: (Rails) def_%v_15 
		 4: %v_15->logger def_%v_16 %v_15[8.3,] 	 SYMBOL:	 ARGS:
		 5: COPY TYPE_StringLiteral "Failed to onebox " def_%v_17 
		 6: COPY TYPE_StringLiteral " " def_%v_18 
		 7: COPY TYPE_StringLiteral " " def_%v_19 
		 8: e->backtrace def_%v_20 e[8.1,] 	 SYMBOL:	 ARGS:
		 9: BUILDSTRING def_%v_21 %v_17[8.5,] url[2.5,] %v_18[8.6,] e[8.1,8.8,] %v_19[8.7,] %v_20[8.8,] 
		 10: %v_16->info def_%v_22 %v_16[8.4,] %v_21[8.9,] 	 SYMBOL:	 ARGS:%v_21,
		 11: 
		 12: COPY TYPE_StringLiteral "" def_%v_23 
		 13: COPY TYPE_StringLiteral "" def_%v_24 
		 14: HASH-preview-onebox- def_%v_25 %v_23[8.12,] %v_24[8.13,] 
		 15: COPY TYPE_PASS def_%v_5 %v_25[8.14,] 
		 16: %v_3[2.6,] 
BB 9
	outgoing: 11 
	datadep: 
	instructions:
		 0: 
BB 10
	outgoing: 12 
	datadep: 
	instructions:
		 0: def_%v_26 
		 1: def_%v_27 %v_26[10.0,] %v_3[2.6,] 
		 2: %v_26[10.0,] 
BB 11
	outgoing: 12 
	datadep: 
	instructions:
		 0: RETURN %v_5[4.8,8.15,] %self[2.0,] 
BB 12
	outgoing: 
	datadep: 
	instructions:

