SET IRMethod, name = initialize instanceMethod = true
BB 1
	outgoing: 3 2 
	datadep: 
	instructions:
BB 2
	outgoing: 3 
	datadep: 
	instructions:
		 0: def_%self 
		 1: def_%v_0 
		 2: COPY TYPE_CurrentScope def_%current_scope 
		 3: COPY TYPE_ScopeModule def_%current_module 
		 4: 
		 5: RECEIVEARG def_user 
		 6: 
		 7: ATTRASSIGN %self->user user[2.5,] 
		 8: RETURN user[2.5,] %self[2.0,2.7,] 
BB 3
	outgoing: 
	datadep: 
	instructions:

SET IRMethod, name = block? instanceMethod = false
BB 1
	outgoing: 3 2 
	datadep: 
	instructions:
BB 2
	outgoing: 3 
	datadep: 
	instructions:
		 0: def_%self 
		 1: def_%v_0 
		 2: COPY TYPE_CurrentScope def_%current_scope 
		 3: COPY TYPE_ScopeModule def_%current_module 
		 4: 
		 5: RECEIVEARG def_user 
		 6: 
		 7: %self->new def_%v_3 %self[2.0,] user[2.5,] 	 SYMBOL:	 ARGS:user,
		 8: %v_3->block? def_%v_4 %v_3[2.7,] 	 SYMBOL:	 ARGS:
		 9: RETURN %v_4[2.8,] %self[2.0,2.7,] 
BB 3
	outgoing: 
	datadep: 
	instructions:

SET IRMethod, name = punish! instanceMethod = false
BB 1
	outgoing: 3 2 
	datadep: 
	instructions:
BB 2
	outgoing: 3 
	datadep: 
	instructions:
		 0: def_%self 
		 1: def_%v_0 
		 2: COPY TYPE_CurrentScope def_%current_scope 
		 3: COPY TYPE_ScopeModule def_%current_module 
		 4: 
		 5: RECEIVEARG def_user 
		 6: 
		 7: %self->new def_%v_3 %self[2.0,] user[2.5,] 	 SYMBOL:	 ARGS:user,
		 8: %v_3->block_user def_%v_4 %v_3[2.7,] 	 SYMBOL:	 ARGS:
		 9: RETURN %v_4[2.8,] %self[2.0,2.7,] 
BB 3
	outgoing: 
	datadep: 
	instructions:

SET IRMethod, name = perform instanceMethod = true
BB 1
	outgoing: 6 2 
	datadep: 
	instructions:
BB 2
	outgoing: 3 4 
	datadep: 
	instructions:
		 0: def_%self 
		 1: def_%v_0 
		 2: COPY TYPE_CurrentScope def_%current_scope 
		 3: COPY TYPE_ScopeModule def_%current_module 
		 4: 
		 5: 
		 6: %self->block? def_%v_3 %self[2.0,] 	 SYMBOL:	 ARGS:
		 7: BRANCH %v_3[2.6,] 
BB 3
	outgoing: 6 
	datadep: 
	instructions:
		 0: %self->block_user def_%v_4 %self[2.0,] 	 SYMBOL:	 ARGS:
		 1: RETURN %v_4[3.0,] %self[3.0,2.0,] 
BB 4
	outgoing: 6 
	datadep: 
	instructions:
		 0: RETURN %self[2.0,] 
BB 6
	outgoing: 
	datadep: 
	instructions:

SET IRMethod, name = block? instanceMethod = true
BB 1
	outgoing: 15 2 
	datadep: 
	instructions:
BB 2
	outgoing: 3 14 
	datadep: 
	instructions:
		 0: def_%self 
		 1: def_%v_0 
		 2: COPY TYPE_CurrentScope def_%current_scope 
		 3: COPY TYPE_ScopeModule def_%current_module 
		 4: 
		 5: 
		 6: GETFIELD %self->user def_%v_3 %self[2.0,] 
		 7: %v_3->blocked? def_%v_4 %v_3[2.6,] 	 SYMBOL:	 ARGS:
		 8: BRANCH %v_4[2.7,] 
BB 3
	outgoing: 4 5 
	datadep: 
	instructions:
		 0: 
		 1: GETFIELD %self->user def_%v_5 %self[2.0,] 
		 2: %v_5->staged? def_%v_6 %v_5[3.1,] 	 SYMBOL:	 ARGS:
		 3: %v_6->! def_%v_7 %v_6[3.2,] 	 SYMBOL:	 ARGS:
		 4: BRANCH %v_7[3.3,] 
BB 4
	outgoing: 5 
	datadep: 
	instructions:
		 0: 
		 1: GETFIELD %self->user def_%v_8 %self[2.0,] 
		 2: (TrustLevel) def_%v_9 
		 3: %v_9->[] def_%v_10 %v_9[4.2,] 	 SYMBOL:	 ARGS:Fixnum,
		 4: %v_8->has_trust_level? def_%v_11 %v_8[4.1,] %v_10[4.3,] 	 SYMBOL:	 ARGS:%v_10,
		 5: %v_11->! def_%v_12 %v_11[4.4,] 	 SYMBOL:	 ARGS:
		 6: COPY TYPE_PASS def_%v_7 %v_12[4.5,] 
BB 5
	outgoing: 6 7 
	datadep: 
	instructions:
		 0: BRANCH %v_7[4.6,3.3,] 
BB 6
	outgoing: 7 
	datadep: 
	instructions:
		 0: (SiteSetting) def_%v_13 
		 1: %v_13->num_flags_to_block_new_user def_%v_14 %v_13[6.0,] 	 SYMBOL:	 ARGS:
		 2: %v_14->> def_%v_15 %v_14[6.1,] 	 SYMBOL:	 ARGS:Fixnum,
		 3: COPY TYPE_PASS def_%v_7 %v_15[6.2,] 
BB 7
	outgoing: 8 9 
	datadep: 
	instructions:
		 0: BRANCH %v_7[6.3,4.6,3.3,] 
BB 8
	outgoing: 9 
	datadep: 
	instructions:
		 0: (SiteSetting) def_%v_16 
		 1: %v_16->num_users_to_block_new_user def_%v_17 %v_16[8.0,] 	 SYMBOL:	 ARGS:
		 2: %v_17->> def_%v_18 %v_17[8.1,] 	 SYMBOL:	 ARGS:Fixnum,
		 3: COPY TYPE_PASS def_%v_7 %v_18[8.2,] 
BB 9
	outgoing: 10 11 
	datadep: 
	instructions:
		 0: BRANCH %v_7[8.3,6.3,4.6,3.3,] 
BB 10
	outgoing: 11 
	datadep: 
	instructions:
		 0: %self->num_spam_flags_against_user def_%v_19 %self[2.0,] 	 SYMBOL:	 ARGS:
		 1: (SiteSetting) def_%v_20 
		 2: %v_20->num_flags_to_block_new_user def_%v_21 %v_20[10.1,] 	 SYMBOL:	 ARGS:
		 3: %v_19->>= def_%v_22 %v_19[10.0,] %v_21[10.2,] 	 SYMBOL:	 ARGS:%v_21,
		 4: COPY TYPE_PASS def_%v_7 %v_22[10.3,] 
BB 11
	outgoing: 12 13 
	datadep: 
	instructions:
		 0: BRANCH %v_7[10.4,8.3,6.3,4.6,3.3,] 
BB 12
	outgoing: 13 
	datadep: 
	instructions:
		 0: %self->num_users_who_flagged_spam_against_user def_%v_23 %self[2.0,] 	 SYMBOL:	 ARGS:
		 1: (SiteSetting) def_%v_24 
		 2: %v_24->num_users_to_block_new_user def_%v_25 %v_24[12.1,] 	 SYMBOL:	 ARGS:
		 3: %v_23->>= def_%v_26 %v_23[12.0,] %v_25[12.2,] 	 SYMBOL:	 ARGS:%v_25,
		 4: COPY TYPE_PASS def_%v_7 %v_26[12.3,] 
BB 13
	outgoing: 15 
	datadep: 
	instructions:
		 0: RETURN %v_7[12.4,10.4,8.3,6.3,4.6,3.3,] %self[2.0,] 
BB 14
	outgoing: 15 
	datadep: 
	instructions:
		 0: RETURN %v_4[2.7,] %self[2.0,] 
BB 15
	outgoing: 
	datadep: 
	instructions:

SET IRMethod, name = num_spam_flags_against_user instanceMethod = true
BB 1
	outgoing: 3 2 
	datadep: 
	instructions:
BB 2
	outgoing: 3 
	datadep: 
	instructions:
		 0: def_%self 
		 1: def_%v_0 
		 2: COPY TYPE_CurrentScope def_%current_scope 
		 3: COPY TYPE_ScopeModule def_%current_module 
		 4: 
		 5: 
		 6: (Post) def_%v_3 
		 7: GETFIELD %self->user def_%v_4 %self[2.0,] 
		 8: %v_4->id def_%v_5 %v_4[2.7,] 	 SYMBOL:	 ARGS:
		 9: HASH-user_id- def_%v_6 %v_5[2.8,] 
		 10: %v_3->where def_%v_7 %v_3[2.6,] %v_6[2.9,] 	 SYMBOL:	 ARGS:%v_6,
		 11: %v_7->sum def_%v_8 %v_7[2.10,] 	 SYMBOL:spam_count,	 ARGS:Symbol,
		 12: RETURN %v_8[2.11,] %self[2.0,] 
BB 3
	outgoing: 
	datadep: 
	instructions:

SET IRMethod, name = num_users_who_flagged_spam_against_user instanceMethod = true
BB 1
	outgoing: 6 2 
	datadep: 
	instructions:
BB 2
	outgoing: 3 4 
	datadep: 
	instructions:
		 0: def_%self 
		 1: def_%v_0 
		 2: COPY TYPE_CurrentScope def_%current_scope 
		 3: COPY TYPE_ScopeModule def_%current_module 
		 4: 
		 5: 
		 6: (Post) def_%v_3 
		 7: COPY TYPE_StringLiteral "user_id = ? and spam_count > 0" def_%v_4 
		 8: GETFIELD %self->user def_%v_5 %self[2.0,] 
		 9: %v_5->id def_%v_6 %v_5[2.8,] 	 SYMBOL:	 ARGS:
		 10: %v_3->where def_%v_7 %v_3[2.6,] %v_4[2.7,] %v_6[2.9,] 	 SYMBOL:	 ARGS:%v_4,%v_6,
		 11: %v_7->pluck def_%v_8 %v_7[2.10,] 	 SYMBOL:id,	 ARGS:Symbol,
		 12: COPY TYPE_PASS def_post_ids %v_8[2.11,] 
		 13: 
		 14: %v_8->empty? def_%v_9 %v_8[2.11,] 	 SYMBOL:	 ARGS:
		 15: BRANCH %v_9[2.14,] 
BB 3
	outgoing: 6 
	datadep: 
	instructions:
		 0: RETURN %self[2.0,] 
BB 4
	outgoing: 6 
	datadep: 
	instructions:
		 0: COPY TYPE_Nil def_%v_10 
		 1: 
		 2: (PostAction) def_%v_11 
		 3: %v_11->spam_flags def_%v_12 %v_11[4.2,] 	 SYMBOL:	 ARGS:
		 4: HASH-post_id- def_%v_13 post_ids[2.12,] 
		 5: %v_12->where def_%v_14 %v_12[4.3,] %v_13[4.4,] 	 SYMBOL:	 ARGS:%v_13,
		 6: %v_14->uniq def_%v_15 %v_14[4.5,] 	 SYMBOL:	 ARGS:
		 7: %v_15->pluck def_%v_16 %v_15[4.6,] 	 SYMBOL:user_id,	 ARGS:Symbol,
		 8: %v_16->size def_%v_17 %v_16[4.7,] 	 SYMBOL:	 ARGS:
		 9: RETURN %v_17[4.8,] %self[2.0,] 
BB 6
	outgoing: 
	datadep: 
	instructions:

SET IRMethod, name = block_user instanceMethod = true
BB 1
	outgoing: 3 2 
	datadep: 
	instructions:
BB 2
	outgoing: 3 
	datadep: 
	instructions:
		 0: def_%self 
		 1: def_%v_0 
		 2: COPY TYPE_CurrentScope def_%current_scope 
		 3: COPY TYPE_ScopeModule def_%current_module 
		 4: 
		 5: 
		 6: (Post) def_%v_3 
		 7: %v_3->transaction def_%v_4 %v_3[2.6,] %self[2.0,] 	 SYMBOL:	 ARGS:%v_3,
CLOSURE BEGIN: %self[2.0,] 
BB 1
	outgoing: 11 2 
	datadep: 
	instructions:
BB 2
	outgoing: 3 
	datadep: 
	instructions:
		 0: def_%self 
		 1: def_%cl_1_0 
		 2: COPY TYPE_CurrentScope def_%current_scope 
		 3: COPY TYPE_ScopeModule def_%current_module 
BB 3
	outgoing: 4 5 9 
	datadep: 
	instructions:
		 0: 
		 1: (UserBlocker) def_%cl_1_3 
		 2: GETFIELD %self->user def_%cl_1_4 %self[2.0,] 
		 3: HASH-message- def_%cl_1_5 
		 4: %cl_1_3->block def_%cl_1_6 %cl_1_3[3.1,] %cl_1_4[3.2,] %cl_1_5[3.3,] 	 SYMBOL:	 ARGS:%cl_1_4,Nil,%cl_1_5,
		 5: BRANCH %cl_1_6[3.4,] 
BB 4
	outgoing: 5 9 
	datadep: 
	instructions:
		 0: (SiteSetting) def_%cl_1_7 
		 1: %cl_1_7->notify_mods_when_user_blocked def_%cl_1_8 %cl_1_7[4.0,] 	 SYMBOL:	 ARGS:
		 2: COPY TYPE_PASS def_%cl_1_6 %cl_1_8[4.1,] 
BB 5
	outgoing: 6 7 
	datadep: 
	instructions:
		 0: BRANCH %cl_1_6[4.2,3.4,] 
BB 6
	outgoing: 8 9 
	datadep: 
	instructions:
		 0: 
		 1: (GroupMessage) def_%cl_1_9 
		 2: (Group) def_%cl_1_10 
		 3: %cl_1_10->[] def_%cl_1_11 %cl_1_10[6.2,] 	 SYMBOL:moderators,	 ARGS:Symbol,
		 4: %cl_1_11->name def_%cl_1_12 %cl_1_11[6.3,] 	 SYMBOL:	 ARGS:
		 5: GETFIELD %self->user def_%cl_1_13 %self[2.0,] 
		 6: HASH-user-limit_once_per- def_%cl_1_14 %cl_1_13[6.5,] 
		 7: %cl_1_9->create def_%cl_1_15 %cl_1_9[6.1,] %cl_1_12[6.4,] %cl_1_14[6.6,] 	 SYMBOL:user_automatically_blocked,	 ARGS:%cl_1_12,Symbol,%cl_1_14,
		 8: 
BB 7
	outgoing: 11 
	datadep: 
	instructions:
		 0: RETURN %self[2.0,] 
BB 8
	outgoing: 11 
	datadep: 
	instructions:
		 0: RETURN %cl_1_15[6.7,] %self[2.0,] 
BB 9
	outgoing: 11 
	datadep: 
	instructions:
		 0: def_%cl_1_16 
		 1: def_%cl_1_17 %cl_1_16[9.0,] 
		 2: RETURN %cl_1_17[9.1,] %self[2.0,] 
BB 11
	outgoing: 
	datadep: 
	instructions:
CLOSURE END: 
		 8: RETURN %v_4[2.7,] %self[2.0,] 
BB 3
	outgoing: 
	datadep: 
	instructions:

