SET IRMethod, name = queued instanceMethod = false
BB 1
	outgoing: 5 2 
	datadep: 
	instructions:
BB 2
	outgoing: 3 4 
	datadep: 
	instructions:
		 0: def_%self 
		 1: def_%v_0 
		 2: COPY TYPE_CurrentScope def_%current_scope 
		 3: COPY TYPE_ScopeModule def_%current_module 
		 4: 
		 5: 
		 6: (Sidekiq) def_%v_3 
		 7: (inherit Stats) def_%v_4 %v_3[2.6,] 
		 8: %v_4[2.7,] 
BB 3
	outgoing: 4 
	datadep: 
	instructions:
		 0: %v_3->const_missing def_%v_4 %v_3[2.6,] 	 SYMBOL:Stats,	 ARGS:Symbol,
BB 4
	outgoing: 5 
	datadep: 
	instructions:
		 0: %v_4->new def_%v_5 %v_4[3.0,2.7,] 	 SYMBOL:	 ARGS:
		 1: %v_5->enqueued def_%v_6 %v_5[4.0,] 	 SYMBOL:	 ARGS:
		 2: RETURN %v_6[4.1,] %self[2.0,] 
BB 5
	outgoing: 
	datadep: 
	instructions:

SET IRMethod, name = last_job_performed_at instanceMethod = false
BB 1
	outgoing: 3 2 
	datadep: 
	instructions:
BB 2
	outgoing: 3 
	datadep: 
	instructions:
		 0: def_%self 
		 1: def_%v_0 
		 2: COPY TYPE_CurrentScope def_%current_scope 
		 3: COPY TYPE_ScopeModule def_%current_module 
		 4: 
		 5: 
		 6: (Sidekiq) def_%v_3 
		 7: %v_3->redis def_%v_4 %v_3[2.6,] %self[2.0,] 	 SYMBOL:	 ARGS:%v_3,
CLOSURE BEGIN: r[] int[] 
BB 1
	outgoing: 9 2 
	datadep: 
	instructions:
BB 2
	outgoing: 3 
	datadep: 
	instructions:
		 0: def_%self 
		 1: def_%cl_1_0 
		 2: RECEIVEARG def_r 
		 3: COPY TYPE_CurrentScope def_%current_scope 
		 4: COPY TYPE_ScopeModule def_%current_module 
BB 3
	outgoing: 4 5 7 
	datadep: 
	instructions:
		 0: 
		 1: COPY TYPE_StringLiteral "last_job_perform_at" def_%cl_1_3 
		 2: r->get def_%cl_1_4 r[2.2,] %cl_1_3[3.1,] 	 SYMBOL:	 ARGS:%cl_1_3,
		 3: COPY TYPE_PASS def_int %cl_1_4[3.2,] 
		 4: 
		 5: BRANCH %cl_1_4[3.2,] 
BB 4
	outgoing: 6 7 
	datadep: 
	instructions:
		 0: (Time) def_%cl_1_5 
		 1: int->to_i def_%cl_1_6 int[3.3,] 	 SYMBOL:	 ARGS:
		 2: %cl_1_5->at def_%cl_1_7 %cl_1_5[4.0,] %cl_1_6[4.1,] 	 SYMBOL:	 ARGS:%cl_1_6,
		 3: 
BB 5
	outgoing: 9 
	datadep: 
	instructions:
		 0: RETURN %self[2.0,] 
BB 6
	outgoing: 9 
	datadep: 
	instructions:
		 0: RETURN %cl_1_7[4.2,] %self[2.0,] 
BB 7
	outgoing: 9 
	datadep: 
	instructions:
		 0: def_%cl_1_8 
		 1: def_%cl_1_9 %cl_1_8[7.0,] 
		 2: RETURN %cl_1_9[7.1,] %self[2.0,] 
BB 9
	outgoing: 
	datadep: 
	instructions:
CLOSURE END: int[3.3,] 
		 8: RETURN %v_4[2.7,] %self[2.0,] 
BB 3
	outgoing: 
	datadep: 
	instructions:

SET IRMethod, name = num_email_retry_jobs instanceMethod = false
BB 1
	outgoing: 5 2 
	datadep: 
	instructions:
BB 2
	outgoing: 3 4 
	datadep: 
	instructions:
		 0: def_%self 
		 1: def_%v_0 
		 2: COPY TYPE_CurrentScope def_%current_scope 
		 3: COPY TYPE_ScopeModule def_%current_module 
		 4: 
		 5: 
		 6: (Sidekiq) def_%v_3 
		 7: (inherit RetrySet) def_%v_4 %v_3[2.6,] 
		 8: %v_4[2.7,] 
BB 3
	outgoing: 4 
	datadep: 
	instructions:
		 0: %v_3->const_missing def_%v_4 %v_3[2.6,] 	 SYMBOL:RetrySet,	 ARGS:Symbol,
BB 4
	outgoing: 5 
	datadep: 
	instructions:
		 0: %v_4->new def_%v_5 %v_4[3.0,2.7,] 	 SYMBOL:	 ARGS:
		 1: %v_5->count def_%v_6 %v_5[4.0,] %self[2.0,] 	 SYMBOL:	 ARGS:%v_5,
CLOSURE BEGIN: job[] 
BB 1
	outgoing: 6 2 
	datadep: 
	instructions:
BB 2
	outgoing: 3 
	datadep: 
	instructions:
		 0: def_%self 
		 1: def_%cl_1_0 
		 2: RECEIVEARG def_job 
		 3: COPY TYPE_CurrentScope def_%current_scope 
		 4: COPY TYPE_ScopeModule def_%current_module 
BB 3
	outgoing: 4 6 
	datadep: 
	instructions:
		 0: 
		 1: job->klass def_%cl_1_3 job[2.2,] 	 SYMBOL:	 ARGS:
		 2: COPY TYPE_Regexp def_%cl_1_4 
		 3: %cl_1_3->=~ def_%cl_1_5 %cl_1_3[3.1,] 	 SYMBOL:	 ARGS:%cl_1_4,
		 4: RETURN %cl_1_5[3.3,] %self[2.0,] 
BB 4
	outgoing: 6 
	datadep: 
	instructions:
		 0: def_%cl_1_6 
		 1: def_%cl_1_7 %cl_1_6[4.0,] 
		 2: RETURN %cl_1_7[4.1,] %self[2.0,] 
BB 6
	outgoing: 
	datadep: 
	instructions:
CLOSURE END: 
		 2: RETURN %v_6[4.1,] %self[2.0,] 
BB 5
	outgoing: 
	datadep: 
	instructions:

SET IRMethod, name = stats instanceMethod = false
BB 1
	outgoing: 5 2 
	datadep: 
	instructions:
BB 2
	outgoing: 3 4 
	datadep: 
	instructions:
		 0: def_%self 
		 1: def_%v_0 
		 2: COPY TYPE_CurrentScope def_%current_scope 
		 3: COPY TYPE_ScopeModule def_%current_module 
		 4: 
		 5: 
		 6: (Thread) def_%v_3 
		 7: %v_3->current def_%v_4 %v_3[2.6,] 	 SYMBOL:	 ARGS:
		 8: %v_4->[] def_%v_5 %v_4[2.7,] 	 SYMBOL:db_stats,	 ARGS:Symbol,
		 9: BRANCH %v_5[2.8,] 
BB 3
	outgoing: 5 
	datadep: 
	instructions:
		 0: (Stats) def_%v_6 
		 1: %v_6->new def_%v_7 %v_6[3.0,] 	 SYMBOL:	 ARGS:
		 2: %v_4->[]= def_%v_5 %v_4[2.7,] %v_7[3.1,] 	 SYMBOL:db_stats,	 ARGS:Symbol,%v_7,
		 3: RETURN %v_7[3.1,] %self[2.0,] 
BB 4
	outgoing: 5 
	datadep: 
	instructions:
		 0: RETURN %v_5[2.8,] %self[2.0,] 
BB 5
	outgoing: 
	datadep: 
	instructions:

SET IRMethod, name = initialize instanceMethod = true
BB 1
	outgoing: 3 2 
	datadep: 
	instructions:
BB 2
	outgoing: 3 
	datadep: 
	instructions:
		 0: def_%self 
		 1: def_%v_0 
		 2: COPY TYPE_CurrentScope def_%current_scope 
		 3: COPY TYPE_ScopeModule def_%current_module 
		 4: 
		 5: 
		 6: ATTRASSIGN %self->query_count 
		 7: 
		 8: ATTRASSIGN %self->duration_ms 
		 9: RETURN %self[2.0,2.6,2.8,] 
BB 3
	outgoing: 
	datadep: 
	instructions:

SET IRMethod, name = call instanceMethod = true
BB 1
	outgoing: 3 2 
	datadep: 
	instructions:
BB 2
	outgoing: 3 
	datadep: 
	instructions:
		 0: def_%self 
		 1: def_%v_0 
		 2: COPY TYPE_CurrentScope def_%current_scope 
		 3: COPY TYPE_ScopeModule def_%current_module 
		 4: 
		 5: RECEIVEARG def_name 
		 6: RECEIVEARG def_start 
		 7: RECEIVEARG def_finish 
		 8: RECEIVEARG def_message_id 
		 9: RECEIVEARG def_values 
		 10: 
		 11: (Instrumenter) def_%v_3 
		 12: %v_3->stats def_%v_4 %v_3[2.11,] 	 SYMBOL:	 ARGS:
		 13: COPY TYPE_PASS def_stats %v_4[2.12,] 
		 14: 
		 15: %v_4->query_count def_%v_5 %v_4[2.12,] 	 SYMBOL:	 ARGS:
		 16: %v_5->+ def_%v_7 %v_5[2.15,] 	 SYMBOL:	 ARGS:Fixnum,
		 17: stats->query_count= def_%v_6 %v_7[2.16,] 	 SYMBOL:	 ARGS:%v_7,
		 18: 
		 19: stats->duration_ms def_%v_8 stats[2.13,2.17,] 	 SYMBOL:	 ARGS:
		 20: finish->- def_%v_10 finish[2.7,] start[2.6,] 	 SYMBOL:	 ARGS:start,
		 21: %v_10->to_f def_%v_11 %v_10[2.20,] 	 SYMBOL:	 ARGS:
		 22: %v_11->* def_%v_12 %v_11[2.21,] 	 SYMBOL:	 ARGS:Fixnum,
		 23: %v_12->to_i def_%v_13 %v_12[2.22,] 	 SYMBOL:	 ARGS:
		 24: %v_8->+ def_%v_14 %v_8[2.19,] %v_13[2.23,] 	 SYMBOL:	 ARGS:%v_13,
		 25: stats->duration_ms= def_%v_9 %v_14[2.24,] 	 SYMBOL:	 ARGS:%v_14,
		 26: RETURN %v_14[2.24,] %self[2.0,] 
BB 3
	outgoing: 
	datadep: 
	instructions:

SET IRMethod, name = initialize instanceMethod = true
BB 1
	outgoing: 3 2 
	datadep: 
	instructions:
BB 2
	outgoing: 3 
	datadep: 
	instructions:
		 0: def_%self 
		 1: def_%v_0 
		 2: COPY TYPE_CurrentScope def_%current_scope 
		 3: COPY TYPE_ScopeModule def_%current_module 
		 4: 
		 5: 
		 6: ATTRASSIGN %self->db_duration 
		 7: RETURN %self[2.0,2.6,] 
BB 3
	outgoing: 
	datadep: 
	instructions:

SET IRMethod, name = log instanceMethod = true
BB 1
	outgoing: 3 2 
	datadep: 
	instructions:
BB 2
	outgoing: 3 
	datadep: 
	instructions:
		 0: def_%self 
		 1: def_%v_0 
		 2: COPY TYPE_CurrentScope def_%current_scope 
		 3: COPY TYPE_ScopeModule def_%current_module 
		 4: 
		 5: RECEIVEARG def_args 
		 6: 
		 7: args->each def_%v_3 args[2.5,] %self[2.0,] 	 SYMBOL:	 ARGS:args,
CLOSURE BEGIN: %self[2.0,] arg[] 
BB 1
	outgoing: 6 2 
	datadep: 
	instructions:
BB 2
	outgoing: 3 
	datadep: 
	instructions:
		 0: def_%self 
		 1: def_%cl_1_0 
		 2: RECEIVEARG def_arg 
		 3: COPY TYPE_CurrentScope def_%current_scope 
		 4: COPY TYPE_ScopeModule def_%current_module 
BB 3
	outgoing: 4 6 
	datadep: 
	instructions:
		 0: 
		 1: (Rails) def_%cl_1_3 
		 2: %cl_1_3->logger def_%cl_1_4 %cl_1_3[3.1,] 	 SYMBOL:	 ARGS:
		 3: (Time) def_%cl_1_5 
		 4: %cl_1_5->now def_%cl_1_6 %cl_1_5[3.3,] 	 SYMBOL:	 ARGS:
		 5: %cl_1_6->to_formatted_s def_%cl_1_7 %cl_1_6[3.4,] 	 SYMBOL:db,	 ARGS:Symbol,
		 6: COPY TYPE_StringLiteral ": [" def_%cl_1_8 
		 7: %self->class def_%cl_1_9 %self[2.0,] 	 SYMBOL:	 ARGS:
		 8: %cl_1_9->name def_%cl_1_10 %cl_1_9[3.7,] 	 SYMBOL:	 ARGS:
		 9: %cl_1_10->upcase def_%cl_1_11 %cl_1_10[3.8,] 	 SYMBOL:	 ARGS:
		 10: COPY TYPE_StringLiteral "] " def_%cl_1_12 
		 11: BUILDSTRING def_%cl_1_13 %cl_1_7[3.5,] %cl_1_8[3.6,] %cl_1_11[3.9,] %cl_1_12[3.10,] arg[2.2,] 
		 12: %cl_1_4->info def_%cl_1_14 %cl_1_4[3.2,] %cl_1_13[3.11,] 	 SYMBOL:	 ARGS:%cl_1_13,
		 13: RETURN %cl_1_14[3.12,] %self[3.7,2.0,] 
BB 4
	outgoing: 6 
	datadep: 
	instructions:
		 0: def_%cl_1_15 
		 1: def_%cl_1_16 %cl_1_15[4.0,] 
		 2: RETURN %cl_1_16[4.1,] %self[2.0,] 
BB 6
	outgoing: 
	datadep: 
	instructions:
CLOSURE END: 
		 8: 
		 9: RETURN %self[2.0,] 
BB 3
	outgoing: 
	datadep: 
	instructions:

SET IRMethod, name = error_context instanceMethod = true
BB 1
	outgoing: 13 2 
	datadep: 
	instructions:
BB 2
	outgoing: 3 4 
	datadep: 
	instructions:
		 0: def_%self 
		 1: def_%v_0 
		 2: COPY TYPE_CurrentScope def_%current_scope 
		 3: COPY TYPE_ScopeModule def_%current_module 
		 4: 
		 5: RECEIVEARG def_opts 
		 6: RECEIVECONSTARG def_code_desc 
		 7: code_desc[2.6,] 
BB 3
	outgoing: 4 
	datadep: 
	instructions:
		 0: COPY TYPE_Nil def_code_desc 
BB 4
	outgoing: 5 6 
	datadep: 
	instructions:
		 0: RECEIVECONSTARG def_extra 
		 1: extra[4.0,] 
BB 5
	outgoing: 6 
	datadep: 
	instructions:
		 0: HASH- def_%v_3 
		 1: COPY TYPE_PASS def_extra %v_3[5.0,] 
BB 6
	outgoing: 7 8 
	datadep: 
	instructions:
		 0: 
		 1: HASH- def_%v_4 
		 2: COPY TYPE_PASS def_ctx %v_4[6.1,] 
		 3: 
		 4: ATTRASSIGN %v_4->[] opts[2.5,] 
		 5: 
		 6: %self->class def_%v_5 %self[2.0,] 	 SYMBOL:	 ARGS:
		 7: ATTRASSIGN ctx->[] %v_5[6.6,] 
		 8: 
		 9: BRANCH code_desc[3.0,2.6,] 
BB 7
	outgoing: 9 
	datadep: 
	instructions:
		 0: ATTRASSIGN ctx->[] code_desc[3.0,2.6,] 
		 1: COPY TYPE_PASS def_%v_6 code_desc[3.0,2.6,] 
		 2: 
BB 8
	outgoing: 9 
	datadep: 
	instructions:
		 0: COPY TYPE_Nil def_%v_6 
BB 9
	outgoing: 10 11 
	datadep: 
	instructions:
		 0: 
		 1: extra->!= def_%v_7 extra[5.1,4.0,] 	 SYMBOL:	 ARGS:Nil,
		 2: BRANCH %v_7[9.1,] 
BB 10
	outgoing: 12 
	datadep: 
	instructions:
		 0: ctx->merge! def_%v_8 ctx[7.0,6.2,6.7,] extra[9.1,5.1,4.0,] 	 SYMBOL:	 ARGS:extra,
		 1: 
BB 11
	outgoing: 12 
	datadep: 
	instructions:
		 0: COPY TYPE_Nil def_%v_8 
BB 12
	outgoing: 13 
	datadep: 
	instructions:
		 0: 
		 1: RETURN ctx[7.0,6.2,6.7,] %self[2.0,] 
BB 13
	outgoing: 
	datadep: 
	instructions:

SET IRMethod, name = delayed_perform instanceMethod = false
BB 1
	outgoing: 5 2 
	datadep: 
	instructions:
BB 2
	outgoing: 3 4 
	datadep: 
	instructions:
		 0: def_%self 
		 1: def_%v_0 
		 2: COPY TYPE_CurrentScope def_%current_scope 
		 3: COPY TYPE_ScopeModule def_%current_module 
		 4: 
		 5: RECEIVECONSTARG def_opts 
		 6: opts[2.5,] 
BB 3
	outgoing: 4 
	datadep: 
	instructions:
		 0: HASH- def_%v_3 
		 1: COPY TYPE_PASS def_opts %v_3[3.0,] 
BB 4
	outgoing: 5 
	datadep: 
	instructions:
		 0: 
		 1: %self->new def_%v_4 %self[2.0,] 	 SYMBOL:	 ARGS:
		 2: %v_4->perform def_%v_5 %v_4[4.1,] opts[3.1,2.5,] 	 SYMBOL:	 ARGS:opts,
		 3: RETURN %v_5[4.2,] %self[4.1,2.0,] 
BB 5
	outgoing: 
	datadep: 
	instructions:

SET IRMethod, name = execute instanceMethod = true
BB 1
	outgoing: 5 2 
	datadep: 
	instructions:
BB 2
	outgoing: 3 4 
	datadep: 
	instructions:
		 0: def_%self 
		 1: def_%v_0 
		 2: COPY TYPE_CurrentScope def_%current_scope 
		 3: COPY TYPE_ScopeModule def_%current_module 
		 4: 
		 5: RECEIVECONSTARG def_opts 
		 6: opts[2.5,] 
BB 3
	outgoing: 4 
	datadep: 
	instructions:
		 0: HASH- def_%v_3 
		 1: COPY TYPE_PASS def_opts %v_3[3.0,] 
BB 4
	outgoing: 5 
	datadep: 
	instructions:
		 0: 
		 1: COPY TYPE_StringLiteral "Overwrite me!" def_%v_4 
		 2: %self->raise def_%v_5 %self[2.0,] %v_4[4.1,] 	 SYMBOL:	 ARGS:%v_4,
		 3: RETURN %v_5[4.2,] %self[4.2,2.0,] 
BB 5
	outgoing: 
	datadep: 
	instructions:

SET IRMethod, name = last_db_duration instanceMethod = true
BB 1
	outgoing: 5 2 
	datadep: 
	instructions:
BB 2
	outgoing: 3 4 
	datadep: 
	instructions:
		 0: def_%self 
		 1: def_%v_0 
		 2: COPY TYPE_CurrentScope def_%current_scope 
		 3: COPY TYPE_ScopeModule def_%current_module 
		 4: 
		 5: 
		 6: GETFIELD %self->db_duration def_%v_3 %self[2.0,] 
		 7: BRANCH %v_3[2.6,] 
BB 3
	outgoing: 5 
	datadep: 
	instructions:
		 0: RETURN %self[2.0,] 
BB 4
	outgoing: 5 
	datadep: 
	instructions:
		 0: RETURN %v_3[2.6,] %self[2.0,] 
BB 5
	outgoing: 
	datadep: 
	instructions:

SET IRMethod, name = ensure_db_instrumented instanceMethod = true
BB 1
	outgoing: 9 2 
	datadep: 
	instructions:
BB 2
	outgoing: 3 4 
	datadep: 
	instructions:
		 0: def_%self 
		 1: def_%v_0 
		 2: COPY TYPE_CurrentScope def_%current_scope 
		 3: COPY TYPE_ScopeModule def_%current_module 
		 4: 
		 5: 
		 6: def_%v_4 
		 7: COPY TYPE_PASS def_%v_3 %v_4[2.6,] 
		 8: %v_4[2.6,] 
BB 3
	outgoing: 4 
	datadep: 
	instructions:
		 0: def_%v_5 
		 1: COPY TYPE_PASS def_%v_3 %v_5[3.0,] 
BB 4
	outgoing: 5 8 
	datadep: 
	instructions:
		 0: BRANCH %v_3[3.1,2.7,] 
BB 5
	outgoing: 6 7 
	datadep: 
	instructions:
		 0: 
		 1: (ActiveSupport) def_%v_6 
		 2: (inherit Notifications) def_%v_7 %v_6[5.1,] 
		 3: %v_7[5.2,] 
BB 6
	outgoing: 7 
	datadep: 
	instructions:
		 0: %v_6->const_missing def_%v_7 %v_6[5.1,] 	 SYMBOL:Notifications,	 ARGS:Symbol,
BB 7
	outgoing: 9 
	datadep: 
	instructions:
		 0: COPY TYPE_StringLiteral "sql.active_record" def_%v_8 
		 1: (Instrumenter) def_%v_9 
		 2: %v_9->new def_%v_10 %v_9[7.1,] 	 SYMBOL:	 ARGS:
		 3: %v_7->subscribe def_%v_11 %v_7[6.0,5.2,] %v_8[7.0,] %v_10[7.2,] 	 SYMBOL:	 ARGS:%v_8,%v_10,
		 4: 
		 5: 
		 6: RETURN %self[2.0,] 
BB 8
	outgoing: 9 
	datadep: 
	instructions:
		 0: RETURN %v_5[3.0,] %self[2.0,] 
BB 9
	outgoing: 
	datadep: 
	instructions:

SET IRMethod, name = perform instanceMethod = true
BB 1
	outgoing: 45 2 
	datadep: 
	instructions:
BB 2
	outgoing: 3 
	datadep: 
	instructions:
		 0: def_%self 
		 1: def_%v_0 
		 2: COPY TYPE_CurrentScope def_%current_scope 
		 3: COPY TYPE_ScopeModule def_%current_module 
		 4: 
		 5: RECEIVEARG def_args 
		 6: GLOBALVAR $! def_%v_3 
BB 3
	outgoing: 4 5 40 
	datadep: 
	instructions:
		 0: 
		 1: COPY TYPE_Fixnum def_total_db_time 
		 2: 
		 3: %self->ensure_db_instrumented def_%v_9 %self[2.0,] 	 SYMBOL:	 ARGS:
		 4: 
		 5: args->extract_options! def_%v_10 args[2.5,] 	 SYMBOL:	 ARGS:
		 6: %v_10->with_indifferent_access def_%v_11 %v_10[3.5,] 	 SYMBOL:	 ARGS:
		 7: COPY TYPE_PASS def_opts %v_11[3.6,] 
		 8: 
		 9: (SiteSetting) def_%v_12 
		 10: %v_12->queue_jobs? def_%v_13 %v_12[3.9,] 	 SYMBOL:	 ARGS:
		 11: BRANCH %v_13[3.10,] 
BB 4
	outgoing: 6 40 
	datadep: 
	instructions:
		 0: 
		 1: (Sidekiq) def_%v_14 
		 2: %v_14->redis def_%v_15 %v_14[4.1,] %self[2.0,] 	 SYMBOL:	 ARGS:%v_14,
CLOSURE BEGIN: r[] 
BB 1
	outgoing: 6 2 
	datadep: 
	instructions:
BB 2
	outgoing: 3 
	datadep: 
	instructions:
		 0: def_%self 
		 1: def_%cl_1_0 
		 2: RECEIVEARG def_r 
		 3: COPY TYPE_CurrentScope def_%current_scope 
		 4: COPY TYPE_ScopeModule def_%current_module 
BB 3
	outgoing: 4 6 
	datadep: 
	instructions:
		 0: 
		 1: COPY TYPE_StringLiteral "last_job_perform_at" def_%cl_1_3 
		 2: (Time) def_%cl_1_4 
		 3: %cl_1_4->now def_%cl_1_5 %cl_1_4[3.2,] 	 SYMBOL:	 ARGS:
		 4: %cl_1_5->to_i def_%cl_1_6 %cl_1_5[3.3,] 	 SYMBOL:	 ARGS:
		 5: r->set def_%cl_1_7 r[2.2,] %cl_1_3[3.1,] %cl_1_6[3.4,] 	 SYMBOL:	 ARGS:%cl_1_3,%cl_1_6,
		 6: RETURN %cl_1_7[3.5,] %self[2.0,] 
BB 4
	outgoing: 6 
	datadep: 
	instructions:
		 0: def_%cl_1_8 
		 1: def_%cl_1_9 %cl_1_8[4.0,] 
		 2: RETURN %cl_1_9[4.1,] %self[2.0,] 
BB 6
	outgoing: 
	datadep: 
	instructions:
CLOSURE END: 
		 3: 
BB 5
	outgoing: 6 
	datadep: 
	instructions:
		 0: COPY TYPE_Nil def_%v_15 
BB 6
	outgoing: 7 27 40 
	datadep: 
	instructions:
		 0: 
		 1: opts->delete def_%v_16 opts[3.7,] 	 SYMBOL:sync_exec,	 ARGS:Symbol,
		 2: BRANCH %v_16[6.1,] 
BB 7
	outgoing: 8 11 40 
	datadep: 
	instructions:
		 0: 
		 1: opts->has_key? def_%v_17 opts[3.7,] 	 SYMBOL:current_site_id,	 ARGS:Symbol,
		 2: BRANCH %v_17[7.1,] 
BB 8
	outgoing: 9 10 40 
	datadep: 
	instructions:
		 0: opts->[] def_%v_18 opts[3.7,] 	 SYMBOL:current_site_id,	 ARGS:Symbol,
		 1: (RailsMultisite) def_%v_19 
		 2: (inherit ConnectionManagement) def_%v_20 %v_19[8.1,] 
		 3: %v_20[8.2,] 
BB 9
	outgoing: 10 40 
	datadep: 
	instructions:
		 0: %v_19->const_missing def_%v_20 %v_19[8.1,] 	 SYMBOL:ConnectionManagement,	 ARGS:Symbol,
BB 10
	outgoing: 11 40 
	datadep: 
	instructions:
		 0: %v_20->current_db def_%v_21 %v_20[9.0,8.2,] 	 SYMBOL:	 ARGS:
		 1: %v_18->!= def_%v_22 %v_18[8.0,] %v_21[10.0,] 	 SYMBOL:	 ARGS:%v_21,
		 2: COPY TYPE_PASS def_%v_17 %v_22[10.1,] 
BB 11
	outgoing: 12 13 
	datadep: 
	instructions:
		 0: BRANCH %v_17[10.2,7.1,] 
BB 12
	outgoing: 26 40 
	datadep: 
	instructions:
		 0: 
		 1: (ArgumentError) def_%v_23 
		 2: COPY TYPE_StringLiteral "You can't connect to another database when executing a job synchronously." def_%v_24 
		 3: %v_23->new def_%v_25 %v_23[12.1,] %v_24[12.2,] 	 SYMBOL:	 ARGS:%v_24,
		 4: %self->raise def_%v_26 %self[2.0,] %v_25[12.3,] 	 SYMBOL:	 ARGS:%v_25,
		 5: 
BB 13
	outgoing: 15 
	datadep: 
	instructions:
		 0: 
		 1: GLOBALVAR $! def_%v_27 
BB 15
	outgoing: 16 17 
	datadep: 
	instructions:
		 0: 
		 1: 
		 2: %self->execute def_%v_30 %self[2.0,] opts[3.7,] 	 SYMBOL:	 ARGS:opts,
		 3: COPY TYPE_PASS def_retval %v_30[15.2,] 
		 4: COPY TYPE_PASS def_%v_29 %v_30[15.2,] 
		 5: %v_27[13.1,] 
BB 16
	outgoing: 22 
	datadep: 
	instructions:
		 0: 
BB 17
	outgoing: 18 19 21 
	datadep: 
	instructions:
		 0: def_%v_31 
		 1: def_%v_32 %v_31[17.0,] 
		 2: BRANCH %v_32[17.1,] 
BB 18
	outgoing: 21 45 
	datadep: 
	instructions:
		 0: %v_31[17.0,] 
BB 19
	outgoing: 20 21 
	datadep: 
	instructions:
		 0: GLOBALVAR $! def_%v_33 
		 1: COPY TYPE_PASS def_exc %v_33[19.0,] 
		 2: 
		 3: (Discourse) def_%v_34 
		 4: %self->error_context def_%v_35 %self[2.0,] opts[3.7,] 	 SYMBOL:	 ARGS:opts,
		 5: %v_34->handle_job_exception def_%v_36 %v_34[19.3,] exc[19.1,] %v_35[19.4,] 	 SYMBOL:	 ARGS:exc,%v_35,
		 6: COPY TYPE_PASS def_%v_29 %v_36[19.5,] 
		 7: %v_27[13.1,] 
BB 20
	outgoing: 22 
	datadep: 
	instructions:
		 0: 
BB 21
	outgoing: 40 45 
	datadep: 
	instructions:
		 0: def_%v_37 
		 1: def_%v_38 %v_37[21.0,] %v_27[13.1,] 
		 2: %v_37[21.0,] 
BB 22
	outgoing: 24 25 
	datadep: 
	instructions:
		 0: 
		 1: COPY TYPE_PASS def_%v_39 retval[15.3,] 
		 2: 
		 3: (ActiveRecord) def_%v_4 
		 4: (inherit Base) def_%v_5 %v_4[22.3,] 
		 5: %v_5[22.4,] 
BB 24
	outgoing: 25 
	datadep: 
	instructions:
		 0: %v_4->const_missing def_%v_5 %v_4[22.3,] 	 SYMBOL:Base,	 ARGS:Symbol,
BB 25
	outgoing: 45 
	datadep: 
	instructions:
		 0: %v_5->connection_handler def_%v_6 %v_5[24.0,22.4,] 	 SYMBOL:	 ARGS:
		 1: %v_6->clear_active_connections! def_%v_7 %v_6[25.0,] 	 SYMBOL:	 ARGS:
		 2: 
		 3: ATTRASSIGN %self->db_duration total_db_time[3.1,] 
		 4: RETURN %v_39[22.1,] %self[25.3,2.0,] 
BB 26
	outgoing: 28 
	datadep: 
	instructions:
		 0: 
BB 27
	outgoing: 28 
	datadep: 
	instructions:
		 0: COPY TYPE_Nil def_%v_26 
BB 28
	outgoing: 29 30 40 
	datadep: 
	instructions:
		 0: 
		 1: 
		 2: opts->[] def_%v_40 opts[3.7,] 	 SYMBOL:current_site_id,	 ARGS:Symbol,
		 3: BRANCH %v_40[28.2,] 
BB 29
	outgoing: 33 40 
	datadep: 
	instructions:
		 0: 
		 1: opts->[] def_%v_41 opts[3.7,] 	 SYMBOL:current_site_id,	 ARGS:Symbol,
		 2: COPY TYPE_Array def_%v_42 %v_41[29.1,] 
		 3: 
BB 30
	outgoing: 31 32 40 
	datadep: 
	instructions:
		 0: 
		 1: (RailsMultisite) def_%v_43 
		 2: (inherit ConnectionManagement) def_%v_44 %v_43[30.1,] 
		 3: %v_44[30.2,] 
BB 31
	outgoing: 32 40 
	datadep: 
	instructions:
		 0: %v_43->const_missing def_%v_44 %v_43[30.1,] 	 SYMBOL:ConnectionManagement,	 ARGS:Symbol,
BB 32
	outgoing: 33 40 
	datadep: 
	instructions:
		 0: %v_44->all_dbs def_%v_45 %v_44[31.0,30.2,] 	 SYMBOL:	 ARGS:
		 1: COPY TYPE_PASS def_%v_42 %v_45[32.0,] 
BB 33
	outgoing: 34 35 40 
	datadep: 
	instructions:
		 0: COPY TYPE_PASS def_dbs %v_42[32.1,29.2,] 
		 1: 
		 2: COPY TYPE_Array def_%v_46 
		 3: COPY TYPE_PASS def_exceptions %v_46[33.2,] 
		 4: 
		 5: %v_42->each def_%v_47 %v_42[32.1,29.2,] %self[2.0,] 	 SYMBOL:	 ARGS:%v_42,
CLOSURE BEGIN: %self[2.0,] db[] opts[3.7,] thread_exception[] total_db_time[3.1,] exceptions[33.3,] 
BB 1
	outgoing: 9 2 
	datadep: 
	instructions:
BB 2
	outgoing: 3 
	datadep: 
	instructions:
		 0: def_%self 
		 1: def_%cl_2_0 
		 2: RECEIVEARG def_db 
		 3: COPY TYPE_CurrentScope def_%current_scope 
		 4: COPY TYPE_ScopeModule def_%current_module 
BB 3
	outgoing: 4 5 7 
	datadep: 
	instructions:
		 0: 
		 1: 
		 2: HASH- def_%cl_2_3 
		 3: COPY TYPE_PASS def_thread_exception %cl_2_3[3.2,] 
		 4: 
		 5: (Thread) def_%cl_2_4 
		 6: %cl_2_4->new def_%cl_2_5 %cl_2_4[3.5,] %self[2.0,] 	 SYMBOL:	 ARGS:%cl_2_4,
CLOSURE BEGIN: db[2.2,] %self[2.0,] opts[] thread_exception[3.3,] total_db_time[] 
BB 1
	outgoing: 33 2 
	datadep: 
	instructions:
BB 2
	outgoing: 4 
	datadep: 
	instructions:
		 0: def_%self 
		 1: def_%cl_3_0 
		 2: COPY TYPE_CurrentScope def_%current_scope 
		 3: COPY TYPE_ScopeModule def_%current_module 
		 4: 
		 5: GLOBALVAR $! def_%cl_3_3 
BB 4
	outgoing: 6 7 20 
	datadep: 
	instructions:
		 0: 
		 1: 
		 2: (RailsMultisite) def_%cl_3_14 
		 3: (inherit ConnectionManagement) def_%cl_3_15 %cl_3_14[4.2,] 
		 4: %cl_3_15[4.3,] 
BB 6
	outgoing: 7 20 
	datadep: 
	instructions:
		 0: %cl_3_14->const_missing def_%cl_3_15 %cl_3_14[4.2,] 	 SYMBOL:ConnectionManagement,	 ARGS:Symbol,
BB 7
	outgoing: 8 20 
	datadep: 
	instructions:
		 0: HASH-db- def_%cl_3_16 db[] 
		 1: %cl_3_15->establish_connection def_%cl_3_17 %cl_3_15[6.0,4.3,] %cl_3_16[7.0,] 	 SYMBOL:	 ARGS:%cl_3_16,
		 2: 
		 3: (I18n) def_%cl_3_18 
		 4: (SiteSetting) def_%cl_3_19 
		 5: %cl_3_19->default_locale def_%cl_3_20 %cl_3_19[7.4,] 	 SYMBOL:	 ARGS:
		 6: ATTRASSIGN %cl_3_18->locale %cl_3_20[7.5,] 
		 7: 
		 8: (I18n) def_%cl_3_21 
		 9: %cl_3_21->ensure_all_loaded! def_%cl_3_22 %cl_3_21[7.8,] 	 SYMBOL:	 ARGS:
		 10: 
		 11: GLOBALVAR $! def_%cl_3_23 
BB 8
	outgoing: 10 11 
	datadep: 
	instructions:
		 0: 
		 1: 
		 2: %self->execute def_%cl_3_26 %self[2.0,] opts[] 	 SYMBOL:	 ARGS:opts,
		 3: COPY TYPE_PASS def_%cl_3_25 %cl_3_26[8.2,] 
		 4: %cl_3_23[7.11,] 
BB 10
	outgoing: 16 
	datadep: 
	instructions:
		 0: 
BB 11
	outgoing: 12 13 15 
	datadep: 
	instructions:
		 0: def_%cl_3_27 
		 1: def_%cl_3_28 %cl_3_27[11.0,] 
		 2: BRANCH %cl_3_28[11.1,] 
BB 12
	outgoing: 15 33 
	datadep: 
	instructions:
		 0: %cl_3_27[11.0,] 
BB 13
	outgoing: 14 15 
	datadep: 
	instructions:
		 0: GLOBALVAR $! def_%cl_3_29 
		 1: COPY TYPE_PASS def_e %cl_3_29[13.0,] 
		 2: 
		 3: ATTRASSIGN thread_exception->[] %cl_3_29[13.0,] 
		 4: 
		 5: HASH-problem_db- def_%cl_3_30 db[] 
		 6: ATTRASSIGN thread_exception->[] %cl_3_30[13.5,] 
		 7: COPY TYPE_PASS def_%cl_3_25 %cl_3_30[13.5,] 
		 8: %cl_3_23[7.11,] 
BB 14
	outgoing: 16 
	datadep: 
	instructions:
		 0: 
BB 15
	outgoing: 20 33 
	datadep: 
	instructions:
		 0: def_%cl_3_31 
		 1: def_%cl_3_32 %cl_3_31[15.0,] %cl_3_23[7.11,] 
		 2: %cl_3_31[15.0,] 
BB 16
	outgoing: 17 20 
	datadep: 
	instructions:
		 0: COPY TYPE_PASS def_%cl_3_13 %cl_3_25[8.3,13.7,] 
		 1: %cl_3_3[2.5,] 
BB 17
	outgoing: 18 19 
	datadep: 
	instructions:
		 0: 
		 1: (ActiveRecord) def_%cl_3_4 
		 2: (inherit Base) def_%cl_3_5 %cl_3_4[17.1,] 
		 3: %cl_3_5[17.2,] 
BB 18
	outgoing: 19 
	datadep: 
	instructions:
		 0: %cl_3_4->const_missing def_%cl_3_5 %cl_3_4[17.1,] 	 SYMBOL:Base,	 ARGS:Symbol,
BB 19
	outgoing: 30 
	datadep: 
	instructions:
		 0: %cl_3_5->connection_handler def_%cl_3_6 %cl_3_5[18.0,17.2,] 	 SYMBOL:	 ARGS:
		 1: %cl_3_6->clear_active_connections! def_%cl_3_7 %cl_3_6[19.0,] 	 SYMBOL:	 ARGS:
		 2: 
		 3: (Instrumenter) def_%cl_3_8 
		 4: %cl_3_8->stats def_%cl_3_9 %cl_3_8[19.3,] 	 SYMBOL:	 ARGS:
		 5: %cl_3_9->duration_ms def_%cl_3_10 %cl_3_9[19.4,] 	 SYMBOL:	 ARGS:
		 6: total_db_time->+ def_%cl_3_11 total_db_time[] %cl_3_10[19.5,] 	 SYMBOL:	 ARGS:%cl_3_10,
		 7: COPY TYPE_PASS def_total_db_time %cl_3_11[19.6,] 
		 8: 
BB 20
	outgoing: 21 22 26 
	datadep: 
	instructions:
		 0: def_%cl_3_33 
		 1: def_%cl_3_34 %cl_3_33[20.0,] 
		 2: BRANCH %cl_3_34[20.1,] 
BB 21
	outgoing: 26 33 
	datadep: 
	instructions:
		 0: %cl_3_33[20.0,] 
BB 22
	outgoing: 23 26 
	datadep: 
	instructions:
		 0: GLOBALVAR $! def_%cl_3_35 
		 1: COPY TYPE_PASS def_e %cl_3_35[22.0,] 
		 2: 
		 3: ATTRASSIGN thread_exception->[] %cl_3_35[22.0,] 
		 4: 
		 5: COPY TYPE_StringLiteral "While establishing database connection to " def_%cl_3_36 
		 6: BUILDSTRING def_%cl_3_37 %cl_3_36[22.5,] db[] 
		 7: ATTRASSIGN thread_exception->[] %cl_3_37[22.6,] 
		 8: 
		 9: HASH-problem_db- def_%cl_3_38 db[] 
		 10: ATTRASSIGN thread_exception->[] %cl_3_38[22.9,] 
		 11: COPY TYPE_PASS def_%cl_3_13 %cl_3_38[22.9,] 
		 12: %cl_3_3[2.5,] 
BB 23
	outgoing: 24 25 
	datadep: 
	instructions:
		 0: 
		 1: (ActiveRecord) def_%cl_3_4 
		 2: (inherit Base) def_%cl_3_5 %cl_3_4[23.1,] 
		 3: %cl_3_5[23.2,] 
BB 24
	outgoing: 25 
	datadep: 
	instructions:
		 0: %cl_3_4->const_missing def_%cl_3_5 %cl_3_4[23.1,] 	 SYMBOL:Base,	 ARGS:Symbol,
BB 25
	outgoing: 30 
	datadep: 
	instructions:
		 0: %cl_3_5->connection_handler def_%cl_3_6 %cl_3_5[24.0,23.2,] 	 SYMBOL:	 ARGS:
		 1: %cl_3_6->clear_active_connections! def_%cl_3_7 %cl_3_6[25.0,] 	 SYMBOL:	 ARGS:
		 2: 
		 3: (Instrumenter) def_%cl_3_8 
		 4: %cl_3_8->stats def_%cl_3_9 %cl_3_8[25.3,] 	 SYMBOL:	 ARGS:
		 5: %cl_3_9->duration_ms def_%cl_3_10 %cl_3_9[25.4,] 	 SYMBOL:	 ARGS:
		 6: total_db_time->+ def_%cl_3_11 total_db_time[] %cl_3_10[25.5,] 	 SYMBOL:	 ARGS:%cl_3_10,
		 7: COPY TYPE_PASS def_total_db_time %cl_3_11[25.6,] 
		 8: 
BB 26
	outgoing: 27 31 
	datadep: 
	instructions:
		 0: def_%cl_3_39 
		 1: def_%cl_3_40 %cl_3_39[26.0,] %cl_3_3[2.5,] 
BB 27
	outgoing: 28 29 31 
	datadep: 
	instructions:
		 0: 
		 1: (ActiveRecord) def_%cl_3_4 
		 2: (inherit Base) def_%cl_3_5 %cl_3_4[27.1,] 
		 3: %cl_3_5[27.2,] 
BB 28
	outgoing: 29 31 
	datadep: 
	instructions:
		 0: %cl_3_4->const_missing def_%cl_3_5 %cl_3_4[27.1,] 	 SYMBOL:Base,	 ARGS:Symbol,
BB 29
	outgoing: 31 33 
	datadep: 
	instructions:
		 0: %cl_3_5->connection_handler def_%cl_3_6 %cl_3_5[28.0,27.2,] 	 SYMBOL:	 ARGS:
		 1: %cl_3_6->clear_active_connections! def_%cl_3_7 %cl_3_6[29.0,] 	 SYMBOL:	 ARGS:
		 2: 
		 3: (Instrumenter) def_%cl_3_8 
		 4: %cl_3_8->stats def_%cl_3_9 %cl_3_8[29.3,] 	 SYMBOL:	 ARGS:
		 5: %cl_3_9->duration_ms def_%cl_3_10 %cl_3_9[29.4,] 	 SYMBOL:	 ARGS:
		 6: total_db_time->+ def_%cl_3_11 total_db_time[] %cl_3_10[29.5,] 	 SYMBOL:	 ARGS:%cl_3_10,
		 7: COPY TYPE_PASS def_total_db_time %cl_3_11[29.6,] 
		 8: %cl_3_39[26.0,] 
BB 30
	outgoing: 33 
	datadep: 
	instructions:
		 0: RETURN %cl_3_13[16.0,22.11,] %self[2.0,] 
BB 31
	outgoing: 33 
	datadep: 
	instructions:
		 0: def_%cl_3_41 
		 1: def_%cl_3_42 %cl_3_41[31.0,] 
		 2: RETURN %cl_3_42[31.1,] %self[2.0,] 
BB 33
	outgoing: 
	datadep: 
	instructions:
CLOSURE END: total_db_time[29.7,19.7,25.7,] 
		 7: COPY TYPE_PASS def_t %cl_2_5[3.6,] 
		 8: 
		 9: %cl_2_5->join def_%cl_2_6 %cl_2_5[3.6,] 	 SYMBOL:	 ARGS:
		 10: 
		 11: thread_exception->empty? def_%cl_2_7 thread_exception[3.3,] 	 SYMBOL:	 ARGS:
		 12: BRANCH %cl_2_7[3.11,] 
BB 4
	outgoing: 9 
	datadep: 
	instructions:
		 0: COPY TYPE_Nil def_%cl_2_8 
		 1: RETURN %cl_2_8[4.0,] %self[2.0,] 
BB 5
	outgoing: 7 9 
	datadep: 
	instructions:
		 0: exceptions-><< def_%cl_2_9 exceptions[] thread_exception[3.3,] 	 SYMBOL:	 ARGS:thread_exception,
		 1: RETURN %cl_2_9[5.0,] %self[2.0,] 
BB 7
	outgoing: 9 
	datadep: 
	instructions:
		 0: def_%cl_2_10 
		 1: def_%cl_2_11 %cl_2_10[7.0,] 
		 2: RETURN %cl_2_11[7.1,] %self[2.0,] 
BB 9
	outgoing: 
	datadep: 
	instructions:
CLOSURE END: t[3.7,] thread_exception[3.3,] 
		 6: 
		 7: exceptions->length def_%v_48 exceptions[33.3,] 	 SYMBOL:	 ARGS:
		 8: %v_48->> def_%v_49 %v_48[33.7,] 	 SYMBOL:	 ARGS:Fixnum,
		 9: BRANCH %v_49[33.8,] 
BB 34
	outgoing: 36 40 
	datadep: 
	instructions:
		 0: 
		 1: exceptions->each def_%v_50 exceptions[33.3,] %self[2.0,] 	 SYMBOL:	 ARGS:exceptions,
CLOSURE BEGIN: exception_hash[] %self[2.0,] opts[3.7,] 
BB 1
	outgoing: 6 2 
	datadep: 
	instructions:
BB 2
	outgoing: 3 
	datadep: 
	instructions:
		 0: def_%self 
		 1: def_%cl_4_0 
		 2: RECEIVEARG def_exception_hash 
		 3: COPY TYPE_CurrentScope def_%current_scope 
		 4: COPY TYPE_ScopeModule def_%current_module 
BB 3
	outgoing: 4 6 
	datadep: 
	instructions:
		 0: 
		 1: (Discourse) def_%cl_4_3 
		 2: exception_hash->[] def_%cl_4_4 exception_hash[2.2,] 	 SYMBOL:ex,	 ARGS:Symbol,
		 3: exception_hash->[] def_%cl_4_5 exception_hash[3.2,2.2,] 	 SYMBOL:code,	 ARGS:Symbol,
		 4: exception_hash->[] def_%cl_4_6 exception_hash[3.2,3.3,2.2,] 	 SYMBOL:other,	 ARGS:Symbol,
		 5: %self->error_context def_%cl_4_7 %self[2.0,] opts[] %cl_4_5[3.3,] %cl_4_6[3.4,] 	 SYMBOL:	 ARGS:opts,%cl_4_5,%cl_4_6,
		 6: %cl_4_3->handle_job_exception def_%cl_4_8 %cl_4_3[3.1,] %cl_4_4[3.2,] %cl_4_7[3.5,] 	 SYMBOL:	 ARGS:%cl_4_4,%cl_4_7,
		 7: RETURN %cl_4_8[3.6,] %self[3.5,2.0,] 
BB 4
	outgoing: 6 
	datadep: 
	instructions:
		 0: def_%cl_4_9 
		 1: def_%cl_4_10 %cl_4_9[4.0,] 
		 2: RETURN %cl_4_10[4.1,] %self[2.0,] 
BB 6
	outgoing: 
	datadep: 
	instructions:
CLOSURE END: 
		 2: 
		 3: (HandledExceptionWrapper) def_%v_51 
		 4: exceptions->[] def_%v_52 exceptions[34.1,33.3,] 	 SYMBOL:	 ARGS:Fixnum,
		 5: %v_52->[] def_%v_53 %v_52[34.4,] 	 SYMBOL:ex,	 ARGS:Symbol,
		 6: %v_51->new def_%v_54 %v_51[34.3,] %v_53[34.5,] 	 SYMBOL:	 ARGS:%v_53,
		 7: %self->raise def_%v_55 %self[2.0,] %v_54[34.6,] 	 SYMBOL:	 ARGS:%v_54,
		 8: 
BB 35
	outgoing: 36 
	datadep: 
	instructions:
		 0: COPY TYPE_Nil def_%v_55 
BB 36
	outgoing: 38 39 
	datadep: 
	instructions:
		 0: 
		 1: COPY TYPE_Nil def_%v_8 
		 2: 
		 3: (ActiveRecord) def_%v_4 
		 4: (inherit Base) def_%v_5 %v_4[36.3,] 
		 5: %v_5[36.4,] 
BB 38
	outgoing: 39 
	datadep: 
	instructions:
		 0: %v_4->const_missing def_%v_5 %v_4[36.3,] 	 SYMBOL:Base,	 ARGS:Symbol,
BB 39
	outgoing: 45 
	datadep: 
	instructions:
		 0: %v_5->connection_handler def_%v_6 %v_5[38.0,36.4,] 	 SYMBOL:	 ARGS:
		 1: %v_6->clear_active_connections! def_%v_7 %v_6[39.0,] 	 SYMBOL:	 ARGS:
		 2: 
		 3: ATTRASSIGN %self->db_duration total_db_time[3.1,] 
		 4: RETURN %v_8[36.1,] %self[39.3,2.0,] 
BB 40
	outgoing: 42 43 
	datadep: 
	instructions:
		 0: def_%v_56 
		 1: def_%v_57 %v_56[40.0,] %v_3[2.6,] 
		 2: 
		 3: (ActiveRecord) def_%v_4 
		 4: (inherit Base) def_%v_5 %v_4[40.3,] 
		 5: %v_5[40.4,] 
BB 42
	outgoing: 43 
	datadep: 
	instructions:
		 0: %v_4->const_missing def_%v_5 %v_4[40.3,] 	 SYMBOL:Base,	 ARGS:Symbol,
BB 43
	outgoing: 45 
	datadep: 
	instructions:
		 0: %v_5->connection_handler def_%v_6 %v_5[42.0,40.4,] 	 SYMBOL:	 ARGS:
		 1: %v_6->clear_active_connections! def_%v_7 %v_6[43.0,] 	 SYMBOL:	 ARGS:
		 2: 
		 3: ATTRASSIGN %self->db_duration total_db_time[3.1,] 
		 4: %v_56[40.0,] 
BB 45
	outgoing: 
	datadep: 
	instructions:

SET IRMethod, name = initialize instanceMethod = true
BB 1
	outgoing: 3 2 
	datadep: 
	instructions:
BB 2
	outgoing: 3 
	datadep: 
	instructions:
		 0: def_%self 
		 1: def_%v_0 
		 2: COPY TYPE_CurrentScope def_%current_scope 
		 3: COPY TYPE_ScopeModule def_%current_module 
		 4: 
		 5: RECEIVEARG def_ex 
		 6: 
		 7: COPY TYPE_StringLiteral "Wrapped " def_%v_3 
		 8: ex->class def_%v_4 ex[2.5,] 	 SYMBOL:	 ARGS:
		 9: COPY TYPE_StringLiteral ": " def_%v_5 
		 10: ex->message def_%v_6 ex[2.5,2.8,] 	 SYMBOL:	 ARGS:
		 11: BUILDSTRING def_%v_7 %v_3[2.7,] %v_4[2.8,] %v_5[2.9,] %v_6[2.10,] 
		 12: %self->super def_%v_8 %current_module[2.3,] %v_7[2.11,] %v_0[2.1,] 	 SYMBOL:	 ARGS:%v_7,
		 13: 
		 14: ATTRASSIGN %self->wrapped ex[2.5,2.8,2.10,] 
		 15: RETURN ex[2.5,2.8,2.10,] %self[2.0,2.14,] 
BB 3
	outgoing: 
	datadep: 
	instructions:

SET IRMethod, name = perform instanceMethod = true
BB 1
	outgoing: 6 2 
	datadep: 
	instructions:
BB 2
	outgoing: 3 4 
	datadep: 
	instructions:
		 0: def_%self 
		 1: def_%v_0 
		 2: COPY TYPE_CurrentScope def_%current_scope 
		 3: COPY TYPE_ScopeModule def_%current_module 
		 4: 
		 5: RECEIVEARG def_args 
		 6: 
		 7: (Discourse) def_%v_3 
		 8: %v_3->readonly_mode? def_%v_4 %v_3[2.7,] 	 SYMBOL:	 ARGS:
		 9: BRANCH %v_4[2.8,] 
BB 3
	outgoing: 6 
	datadep: 
	instructions:
		 0: RETURN %self[2.0,] 
BB 4
	outgoing: 6 
	datadep: 
	instructions:
		 0: COPY TYPE_Nil def_%v_5 
		 1: 
		 2: %self->super def_%v_6 %current_module[2.3,] args[2.5,] %v_0[2.1,] 	 SYMBOL:	 ARGS:Splat,
		 3: RETURN %v_6[4.2,] %self[2.0,] 
BB 6
	outgoing: 
	datadep: 
	instructions:

SET IRMethod, name = enqueue instanceMethod = false
BB 1
	outgoing: 20 2 
	datadep: 
	instructions:
BB 2
	outgoing: 3 4 
	datadep: 
	instructions:
		 0: def_%self 
		 1: def_%v_0 
		 2: COPY TYPE_CurrentScope def_%current_scope 
		 3: COPY TYPE_ScopeModule def_%current_module 
		 4: 
		 5: RECEIVEARG def_job_name 
		 6: RECEIVECONSTARG def_opts 
		 7: opts[2.6,] 
BB 3
	outgoing: 4 
	datadep: 
	instructions:
		 0: HASH- def_%v_3 
		 1: COPY TYPE_PASS def_opts %v_3[3.0,] 
BB 4
	outgoing: 5 6 
	datadep: 
	instructions:
		 0: 
		 1: COPY TYPE_StringLiteral "Jobs::" def_%v_4 
		 2: job_name->to_s def_%v_5 job_name[2.5,] 	 SYMBOL:	 ARGS:
		 3: %v_5->camelcase def_%v_6 %v_5[4.2,] 	 SYMBOL:	 ARGS:
		 4: BUILDSTRING def_%v_7 %v_4[4.1,] %v_6[4.3,] 
		 5: %v_7->constantize def_%v_8 %v_7[4.4,] 	 SYMBOL:	 ARGS:
		 6: COPY TYPE_PASS def_klass %v_8[4.5,] 
		 7: 
		 8: opts->delete def_%v_9 opts[3.1,2.6,] 	 SYMBOL:all_sites,	 ARGS:Symbol,
		 9: BRANCH %v_9[4.8,] 
BB 5
	outgoing: 11 
	datadep: 
	instructions:
		 0: COPY TYPE_Nil def_%v_10 
		 1: 
BB 6
	outgoing: 7 10 
	datadep: 
	instructions:
		 0: 
		 1: opts->[] def_%v_11 opts[3.1,2.6,] 	 SYMBOL:current_site_id,	 ARGS:Symbol,
		 2: BRANCH %v_11[6.1,] 
BB 7
	outgoing: 8 9 
	datadep: 
	instructions:
		 0: (RailsMultisite) def_%v_12 
		 1: (inherit ConnectionManagement) def_%v_13 %v_12[7.0,] 
		 2: %v_13[7.1,] 
BB 8
	outgoing: 9 
	datadep: 
	instructions:
		 0: %v_12->const_missing def_%v_13 %v_12[7.0,] 	 SYMBOL:ConnectionManagement,	 ARGS:Symbol,
BB 9
	outgoing: 10 
	datadep: 
	instructions:
		 0: %v_13->current_db def_%v_14 %v_13[8.0,7.1,] 	 SYMBOL:	 ARGS:
		 1: opts->[]= def_%v_11 opts[3.1,2.6,] %v_14[9.0,] 	 SYMBOL:current_site_id,	 ARGS:Symbol,%v_14,
		 2: COPY TYPE_PASS def_%v_11 %v_14[9.0,] 
BB 10
	outgoing: 11 
	datadep: 
	instructions:
		 0: COPY TYPE_PASS def_%v_10 %v_11[9.1,9.2,6.1,] 
BB 11
	outgoing: 12 18 
	datadep: 
	instructions:
		 0: 
		 1: (SiteSetting) def_%v_15 
		 2: %v_15->queue_jobs? def_%v_16 %v_15[11.1,] 	 SYMBOL:	 ARGS:
		 3: BRANCH %v_16[11.2,] 
BB 12
	outgoing: 13 14 
	datadep: 
	instructions:
		 0: 
		 1: opts->[] def_%v_17 opts[9.1,3.1,2.6,] 	 SYMBOL:delay_for,	 ARGS:Symbol,
		 2: %v_17->present? def_%v_18 %v_17[12.1,] 	 SYMBOL:	 ARGS:
		 3: BRANCH %v_18[12.2,] 
BB 13
	outgoing: 17 
	datadep: 
	instructions:
		 0: 
		 1: opts->delete def_%v_19 opts[9.1,3.1,2.6,] 	 SYMBOL:delay_for,	 ARGS:Symbol,
		 2: klass->perform_in def_%v_20 klass[4.6,] %v_19[13.1,] opts[13.1,9.1,3.1,2.6,] 	 SYMBOL:	 ARGS:%v_19,opts,
		 3: 
BB 14
	outgoing: 15 16 
	datadep: 
	instructions:
		 0: 
		 1: (Sidekiq) def_%v_21 
		 2: (inherit Client) def_%v_22 %v_21[14.1,] 
		 3: %v_22[14.2,] 
BB 15
	outgoing: 16 
	datadep: 
	instructions:
		 0: %v_21->const_missing def_%v_22 %v_21[14.1,] 	 SYMBOL:Client,	 ARGS:Symbol,
BB 16
	outgoing: 17 
	datadep: 
	instructions:
		 0: %v_22->enqueue def_%v_23 %v_22[15.0,14.2,] klass[4.6,] opts[9.1,3.1,2.6,] 	 SYMBOL:	 ARGS:klass,opts,
		 1: COPY TYPE_PASS def_%v_20 %v_23[16.0,] 
BB 17
	outgoing: 20 
	datadep: 
	instructions:
		 0: RETURN %v_20[16.1,13.2,] %self[2.0,] 
BB 18
	outgoing: 20 
	datadep: 
	instructions:
		 0: 
		 1: opts->delete def_%v_24 opts[9.1,3.1,2.6,] 	 SYMBOL:delay_for,	 ARGS:Symbol,
		 2: 
		 3: ATTRASSIGN opts->[] 
		 4: 
		 5: klass->new def_%v_25 klass[4.6,] 	 SYMBOL:	 ARGS:
		 6: %v_25->perform def_%v_26 %v_25[18.5,] opts[18.1,18.3,9.1,3.1,2.6,] 	 SYMBOL:	 ARGS:opts,
		 7: RETURN %v_26[18.6,] %self[2.0,] 
BB 20
	outgoing: 
	datadep: 
	instructions:

SET IRMethod, name = enqueue_in instanceMethod = false
BB 1
	outgoing: 5 2 
	datadep: 
	instructions:
BB 2
	outgoing: 3 4 
	datadep: 
	instructions:
		 0: def_%self 
		 1: def_%v_0 
		 2: COPY TYPE_CurrentScope def_%current_scope 
		 3: COPY TYPE_ScopeModule def_%current_module 
		 4: 
		 5: RECEIVEARG def_secs 
		 6: RECEIVEARG def_job_name 
		 7: RECEIVECONSTARG def_opts 
		 8: opts[2.7,] 
BB 3
	outgoing: 4 
	datadep: 
	instructions:
		 0: HASH- def_%v_3 
		 1: COPY TYPE_PASS def_opts %v_3[3.0,] 
BB 4
	outgoing: 5 
	datadep: 
	instructions:
		 0: 
		 1: HASH-delay_for- def_%v_4 secs[2.5,] 
		 2: opts->merge! def_%v_5 opts[3.1,2.7,] %v_4[4.1,] 	 SYMBOL:	 ARGS:%v_4,
		 3: %self->enqueue def_%v_6 %self[2.0,] job_name[2.6,] %v_5[4.2,] 	 SYMBOL:	 ARGS:job_name,%v_5,
		 4: RETURN %v_6[4.3,] %self[4.3,2.0,] 
BB 5
	outgoing: 
	datadep: 
	instructions:

SET IRMethod, name = enqueue_at instanceMethod = false
BB 1
	outgoing: 5 2 
	datadep: 
	instructions:
BB 2
	outgoing: 3 4 
	datadep: 
	instructions:
		 0: def_%self 
		 1: def_%v_0 
		 2: COPY TYPE_CurrentScope def_%current_scope 
		 3: COPY TYPE_ScopeModule def_%current_module 
		 4: 
		 5: RECEIVEARG def_datetime 
		 6: RECEIVEARG def_job_name 
		 7: RECEIVECONSTARG def_opts 
		 8: opts[2.7,] 
BB 3
	outgoing: 4 
	datadep: 
	instructions:
		 0: HASH- def_%v_3 
		 1: COPY TYPE_PASS def_opts %v_3[3.0,] 
BB 4
	outgoing: 5 
	datadep: 
	instructions:
		 0: 
		 1: (Time) def_%v_4 
		 2: %v_4->zone def_%v_5 %v_4[4.1,] 	 SYMBOL:	 ARGS:
		 3: %v_5->now def_%v_6 %v_5[4.2,] 	 SYMBOL:	 ARGS:
		 4: datetime->- def_%v_7 datetime[2.5,] %v_6[4.3,] 	 SYMBOL:	 ARGS:%v_6,
		 5: %v_7->to_i def_%v_8 %v_7[4.4,] 	 SYMBOL:	 ARGS:
		 6: COPY TYPE_Array def_%v_9 %v_8[4.5,] 
		 7: %v_9->max def_%v_10 %v_9[4.6,] 	 SYMBOL:	 ARGS:
		 8: COPY TYPE_PASS def_secs %v_10[4.7,] 
		 9: 
		 10: %self->enqueue_in def_%v_11 %self[2.0,] %v_10[4.7,] job_name[2.6,] opts[3.1,2.7,] 	 SYMBOL:	 ARGS:secs,job_name,opts,
		 11: RETURN %v_11[4.10,] %self[4.10,2.0,] 
BB 5
	outgoing: 
	datadep: 
	instructions:

SET IRMethod, name = cancel_scheduled_job instanceMethod = false
BB 1
	outgoing: 5 2 
	datadep: 
	instructions:
BB 2
	outgoing: 3 4 
	datadep: 
	instructions:
		 0: def_%self 
		 1: def_%v_0 
		 2: COPY TYPE_CurrentScope def_%current_scope 
		 3: COPY TYPE_ScopeModule def_%current_module 
		 4: 
		 5: RECEIVEARG def_job_name 
		 6: RECEIVECONSTARG def_params 
		 7: params[2.6,] 
BB 3
	outgoing: 4 
	datadep: 
	instructions:
		 0: HASH- def_%v_3 
		 1: COPY TYPE_PASS def_params %v_3[3.0,] 
BB 4
	outgoing: 5 
	datadep: 
	instructions:
		 0: 
		 1: %self->scheduled_for def_%v_4 %self[2.0,] job_name[2.5,] params[3.1,2.6,] 	 SYMBOL:	 ARGS:job_name,params,
		 2: %v_4->each def_%v_5 %v_4[4.1,] 	 SYMBOL:delete,	 ARGS:
		 3: RETURN %v_5[4.2,] %self[4.1,2.0,] 
BB 5
	outgoing: 
	datadep: 
	instructions:

SET IRMethod, name = scheduled_for instanceMethod = false
BB 1
	outgoing: 7 2 
	datadep: 
	instructions:
BB 2
	outgoing: 3 4 
	datadep: 
	instructions:
		 0: def_%self 
		 1: def_%v_0 
		 2: COPY TYPE_CurrentScope def_%current_scope 
		 3: COPY TYPE_ScopeModule def_%current_module 
		 4: 
		 5: RECEIVEARG def_job_name 
		 6: RECEIVECONSTARG def_params 
		 7: params[2.6,] 
BB 3
	outgoing: 4 
	datadep: 
	instructions:
		 0: HASH- def_%v_3 
		 1: COPY TYPE_PASS def_params %v_3[3.0,] 
BB 4
	outgoing: 5 6 
	datadep: 
	instructions:
		 0: 
		 1: params->with_indifferent_access def_%v_4 params[3.1,2.6,] 	 SYMBOL:	 ARGS:
		 2: COPY TYPE_PASS def_params %v_4[4.1,] 
		 3: 
		 4: COPY TYPE_StringLiteral "Jobs::" def_%v_5 
		 5: job_name->to_s def_%v_6 job_name[2.5,] 	 SYMBOL:	 ARGS:
		 6: %v_6->camelcase def_%v_7 %v_6[4.5,] 	 SYMBOL:	 ARGS:
		 7: BUILDSTRING def_%v_8 %v_5[4.4,] %v_7[4.6,] 
		 8: COPY TYPE_PASS def_job_class %v_8[4.7,] 
		 9: 
		 10: (Sidekiq) def_%v_9 
		 11: (inherit ScheduledSet) def_%v_10 %v_9[4.10,] 
		 12: %v_10[4.11,] 
BB 5
	outgoing: 6 
	datadep: 
	instructions:
		 0: %v_9->const_missing def_%v_10 %v_9[4.10,] 	 SYMBOL:ScheduledSet,	 ARGS:Symbol,
BB 6
	outgoing: 7 
	datadep: 
	instructions:
		 0: %v_10->new def_%v_11 %v_10[5.0,4.11,] 	 SYMBOL:	 ARGS:
		 1: %v_11->select def_%v_12 %v_11[6.0,] %self[2.0,] 	 SYMBOL:	 ARGS:%v_11,
CLOSURE BEGIN: scheduled_job[] job_class[4.8,] params[4.2,] %self[2.0,] job_params[] key[] value[] matched[] 
BB 1
	outgoing: 12 2 
	datadep: 
	instructions:
BB 2
	outgoing: 3 
	datadep: 
	instructions:
		 0: def_%self 
		 1: def_%cl_1_0 
		 2: RECEIVEARG def_scheduled_job 
		 3: COPY TYPE_CurrentScope def_%current_scope 
		 4: COPY TYPE_ScopeModule def_%current_module 
BB 3
	outgoing: 4 8 10 
	datadep: 
	instructions:
		 0: 
		 1: scheduled_job->klass def_%cl_1_3 scheduled_job[2.2,] 	 SYMBOL:	 ARGS:
		 2: %cl_1_3->to_s def_%cl_1_4 %cl_1_3[3.1,] 	 SYMBOL:	 ARGS:
		 3: %cl_1_4->== def_%cl_1_5 %cl_1_4[3.2,] job_class[] 	 SYMBOL:	 ARGS:job_class,
		 4: BRANCH %cl_1_5[3.3,] 
BB 4
	outgoing: 5 10 
	datadep: 
	instructions:
		 0: 
		 1: COPY TYPE_Boolean def_matched 
		 2: 
		 3: scheduled_job->item def_%cl_1_6 scheduled_job[2.2,] 	 SYMBOL:	 ARGS:
		 4: COPY TYPE_StringLiteral "args" def_%cl_1_7 
		 5: %cl_1_6->[] def_%cl_1_8 %cl_1_6[4.3,] %cl_1_7[4.4,] 	 SYMBOL:	 ARGS:%cl_1_7,
		 6: %cl_1_8->[] def_%cl_1_9 %cl_1_8[4.5,] 	 SYMBOL:	 ARGS:Fixnum,
		 7: %cl_1_9->with_indifferent_access def_%cl_1_10 %cl_1_9[4.6,] 	 SYMBOL:	 ARGS:
		 8: COPY TYPE_PASS def_job_params %cl_1_10[4.7,] 
		 9: 
BB 5
	outgoing: 7 6 
	datadep: 
	instructions:
		 0: params->each def_%cl_1_11 params[] %self[2.0,] 	 SYMBOL:	 ARGS:params,
CLOSURE BEGIN: job_params[4.8,] key[] value[] 
BB 1
	outgoing: 9 2 
	datadep: 
	instructions:
BB 2
	outgoing: 3 
	datadep: 
	instructions:
		 0: def_%self 
		 1: def_%cl_2_0 
		 2: RECEIVEARG def_key 
		 3: RECEIVEARG def_value 
		 4: COPY TYPE_CurrentScope def_%current_scope 
		 5: COPY TYPE_ScopeModule def_%current_module 
BB 3
	outgoing: 4 5 7 
	datadep: 
	instructions:
		 0: 
		 1: job_params->[] def_%cl_2_3 job_params[] key[2.2,] 	 SYMBOL:	 ARGS:key,
		 2: %cl_2_3->!= def_%cl_2_4 %cl_2_3[3.1,] value[2.3,] 	 SYMBOL:	 ARGS:value,
		 3: BRANCH %cl_2_4[3.2,] 
BB 4
	outgoing: 9 
	datadep: 
	instructions:
		 0: 
		 1: COPY TYPE_Boolean def_matched 
		 2: 
		 3: 
BB 5
	outgoing: 9 
	datadep: 
	instructions:
		 0: RETURN %self[2.0,] 
BB 7
	outgoing: 9 
	datadep: 
	instructions:
		 0: def_%cl_2_6 
		 1: def_%cl_2_7 %cl_2_6[7.0,] 
		 2: RETURN %cl_2_7[7.1,] %self[2.0,] 
BB 9
	outgoing: 
	datadep: 
	instructions:
CLOSURE END: matched[4.1,] value[2.3,] 
		 1: 
BB 6
	outgoing: 7 10 
	datadep: 
	instructions:
		 0: def_%cl_1_12 
		 1: def_%cl_1_11 %cl_1_12[6.0,] 
BB 7
	outgoing: 12 
	datadep: 
	instructions:
		 0: 
		 1: COPY TYPE_PASS def_%cl_1_13 matched[5.0,] 
		 2: RETURN matched[5.0,] %self[2.0,] 
BB 8
	outgoing: 12 
	datadep: 
	instructions:
		 0: 
		 1: RETURN %self[2.0,] 
BB 10
	outgoing: 12 
	datadep: 
	instructions:
		 0: def_%cl_1_14 
		 1: def_%cl_1_15 %cl_1_14[10.0,] 
		 2: RETURN %cl_1_15[10.1,] %self[2.0,] 
BB 12
	outgoing: 
	datadep: 
	instructions:
CLOSURE END: matched[4.1,5.0,] job_params[4.8,] 
		 2: RETURN %v_12[6.1,] %self[2.0,] 
BB 7
	outgoing: 
	datadep: 
	instructions:

