SET IRMethod, name = features instanceMethod = false
BB 1
	outgoing: 15 2 
	datadep: 
	instructions:
BB 2
	outgoing: 3 4 
	datadep: 
	instructions:
		 0: def_%self 
		 1: def_%v_0 
		 2: COPY TYPE_CurrentScope def_%current_scope 
		 3: COPY TYPE_ScopeModule def_%current_module 
		 4: 
		 5: 
		 6: def_%v_4 %self[2.0,] 
		 7: COPY TYPE_PASS def_%v_3 %v_4[2.6,] 
		 8: %v_4[2.6,] 
BB 3
	outgoing: 4 
	datadep: 
	instructions:
		 0: GETFIELD %self->features def_%v_5 %self[2.0,] 
		 1: COPY TYPE_PASS def_%v_3 %v_5[3.0,] 
BB 4
	outgoing: 5 14 
	datadep: 
	instructions:
		 0: BRANCH %v_3[3.1,2.7,] 
BB 5
	outgoing: 6 7 
	datadep: 
	instructions:
		 0: (FeatureFlagService) def_%v_6 
		 1: (inherit API) def_%v_7 %v_6[5.0,] 
		 2: %v_7[5.1,] 
BB 6
	outgoing: 7 
	datadep: 
	instructions:
		 0: %v_6->const_missing def_%v_7 %v_6[5.0,] 	 SYMBOL:API,	 ARGS:Symbol,
BB 7
	outgoing: 8 9 
	datadep: 
	instructions:
		 0: (inherit Features) def_%v_8 %v_7[6.0,5.1,] 
		 1: %v_8[7.0,] 
BB 8
	outgoing: 9 
	datadep: 
	instructions:
		 0: %v_7->const_missing def_%v_8 %v_7[6.0,5.1,] 	 SYMBOL:Features,	 ARGS:Symbol,
BB 9
	outgoing: 10 11 
	datadep: 
	instructions:
		 0: (FeatureFlagService) def_%v_9 
		 1: (inherit Store) def_%v_10 %v_9[9.0,] 
		 2: %v_10[9.1,] 
BB 10
	outgoing: 11 
	datadep: 
	instructions:
		 0: %v_9->const_missing def_%v_10 %v_9[9.0,] 	 SYMBOL:Store,	 ARGS:Symbol,
BB 11
	outgoing: 12 13 
	datadep: 
	instructions:
		 0: (inherit CachingFeatureFlag) def_%v_11 %v_10[10.0,9.1,] 
		 1: %v_11[11.0,] 
BB 12
	outgoing: 13 
	datadep: 
	instructions:
		 0: %v_10->const_missing def_%v_11 %v_10[10.0,9.1,] 	 SYMBOL:CachingFeatureFlag,	 ARGS:Symbol,
BB 13
	outgoing: 15 
	datadep: 
	instructions:
		 0: COPY TYPE_Array def_%v_12 
		 1: HASH-additional_flags- def_%v_13 %v_12[13.0,] 
		 2: %v_11->new def_%v_14 %v_11[12.0,11.0,] %v_13[13.1,] 	 SYMBOL:	 ARGS:%v_13,
		 3: %v_8->new def_%v_15 %v_8[8.0,7.0,] %v_14[13.2,] 	 SYMBOL:	 ARGS:%v_14,
		 4: ATTRASSIGN %self->features %v_15[13.3,] 
		 5: RETURN %v_15[13.3,] %self[13.4,2.0,] 
BB 14
	outgoing: 15 
	datadep: 
	instructions:
		 0: RETURN %v_5[3.0,] %self[2.0,] 
BB 15
	outgoing: 
	datadep: 
	instructions:

