SET IRMethod, name = nearest_pages instanceMethod = true
BB 1
	outgoing: 17 2 
	datadep: 
	instructions:
BB 2
	outgoing: 3 4 
	datadep: 
	instructions:
		 0: def_%self 
		 1: def_%v_0 
		 2: COPY TYPE_CurrentScope def_%current_scope 
		 3: COPY TYPE_ScopeModule def_%current_module 
		 4: 
		 5: RECEIVEARG def_collection 
		 6: RECEIVECONSTARG def_number 
		 7: number[2.6,] 
BB 3
	outgoing: 4 
	datadep: 
	instructions:
		 0: COPY TYPE_Fixnum def_number 
BB 4
	outgoing: 5 6 
	datadep: 
	instructions:
		 0: 
		 1: collection->current_page def_%v_3 collection[2.5,] 	 SYMBOL:	 ARGS:
		 2: number->/ def_%v_4 number[3.0,2.6,] 	 SYMBOL:	 ARGS:Fixnum,
		 3: %v_3->- def_%v_5 %v_3[4.1,] %v_4[4.2,] 	 SYMBOL:	 ARGS:%v_4,
		 4: COPY TYPE_PASS def_first %v_5[4.3,] 
		 5: 
		 6: %v_5->< def_%v_6 %v_5[4.3,] 	 SYMBOL:	 ARGS:Fixnum,
		 7: BRANCH %v_6[4.6,] 
BB 5
	outgoing: 7 
	datadep: 
	instructions:
		 0: COPY TYPE_Fixnum def_first 
		 1: COPY TYPE_Fixnum def_%v_7 
		 2: 
BB 6
	outgoing: 7 
	datadep: 
	instructions:
		 0: COPY TYPE_Nil def_%v_7 
BB 7
	outgoing: 8 9 
	datadep: 
	instructions:
		 0: 
		 1: number->- def_%v_8 number[3.0,2.6,] 	 SYMBOL:	 ARGS:Fixnum,
		 2: first->+ def_%v_9 first[5.0,4.4,] %v_8[7.1,] 	 SYMBOL:	 ARGS:%v_8,
		 3: COPY TYPE_PASS def_last %v_9[7.2,] 
		 4: 
		 5: collection->total_pages def_%v_10 collection[2.5,] 	 SYMBOL:	 ARGS:
		 6: last->> def_%v_11 last[7.3,] %v_10[7.5,] 	 SYMBOL:	 ARGS:%v_10,
		 7: BRANCH %v_11[7.6,] 
BB 8
	outgoing: 10 
	datadep: 
	instructions:
		 0: collection->total_pages def_%v_12 collection[2.5,] 	 SYMBOL:	 ARGS:
		 1: COPY TYPE_PASS def_last %v_12[8.0,] 
		 2: 
BB 9
	outgoing: 10 
	datadep: 
	instructions:
		 0: COPY TYPE_Nil def_%v_12 
BB 10
	outgoing: 11 15 
	datadep: 
	instructions:
		 0: 
		 1: last->- def_%v_13 last[8.1,7.3,] first[5.0,4.4,] 	 SYMBOL:	 ARGS:first,
		 2: %v_13->< def_%v_14 %v_13[10.1,] number[3.0,2.6,] 	 SYMBOL:	 ARGS:number,
		 3: BRANCH %v_14[10.2,] 
BB 11
	outgoing: 12 13 
	datadep: 
	instructions:
		 0: 
		 1: number->- def_%v_15 number[3.0,2.6,] 	 SYMBOL:	 ARGS:Fixnum,
		 2: last->- def_%v_16 last[8.1,7.3,] %v_15[11.1,] 	 SYMBOL:	 ARGS:%v_15,
		 3: COPY TYPE_PASS def_first %v_16[11.2,] 
		 4: 
		 5: %v_16->< def_%v_17 %v_16[11.2,] 	 SYMBOL:	 ARGS:Fixnum,
		 6: BRANCH %v_17[11.5,] 
BB 12
	outgoing: 14 
	datadep: 
	instructions:
		 0: COPY TYPE_Fixnum def_first 
		 1: COPY TYPE_Fixnum def_%v_18 
		 2: 
BB 13
	outgoing: 14 
	datadep: 
	instructions:
		 0: COPY TYPE_Nil def_%v_18 
BB 14
	outgoing: 16 
	datadep: 
	instructions:
		 0: 
BB 15
	outgoing: 16 
	datadep: 
	instructions:
		 0: COPY TYPE_Nil def_%v_18 
BB 16
	outgoing: 17 
	datadep: 
	instructions:
		 0: 
		 1: CONSTANT def_%v_19 first[12.0,11.3,5.0,4.4,] last[8.1,7.3,] 
		 2: %v_19->to_a def_%v_20 %v_19[16.1,] 	 SYMBOL:	 ARGS:
		 3: RETURN %v_20[16.2,] %self[2.0,] 
BB 17
	outgoing: 
	datadep: 
	instructions:

