SET IRMethod, name = index instanceMethod = true
BB 1
	outgoing: 3 2 
	datadep: 
	instructions:
BB 2
	outgoing: 3 
	datadep: 
	instructions:
		 0: def_%self 
		 1: def_%v_0 
		 2: COPY TYPE_CurrentScope def_%current_scope 
		 3: COPY TYPE_ScopeModule def_%current_module 
		 4: 
		 5: 
		 6: %self->respond_to def_%v_3 %self[2.0,] %self[2.0,] 	 SYMBOL:	 ARGS:%self,
CLOSURE BEGIN: format[] %self[2.0,] 
BB 1
	outgoing: 6 2 
	datadep: 
	instructions:
BB 2
	outgoing: 3 
	datadep: 
	instructions:
		 0: def_%self 
		 1: def_%cl_1_0 
		 2: RECEIVEARG def_format 
		 3: COPY TYPE_CurrentScope def_%current_scope 
		 4: COPY TYPE_ScopeModule def_%current_module 
BB 3
	outgoing: 4 6 
	datadep: 
	instructions:
		 0: 
		 1: format->html def_%cl_1_3 format[2.2,] %self[2.0,] 	 SYMBOL:	 ARGS:format,
CLOSURE BEGIN: %self[2.0,] 
BB 1
	outgoing: 6 2 
	datadep: 
	instructions:
BB 2
	outgoing: 3 
	datadep: 
	instructions:
		 0: def_%self 
		 1: def_%cl_2_0 
		 2: COPY TYPE_CurrentScope def_%current_scope 
		 3: COPY TYPE_ScopeModule def_%current_module 
BB 3
	outgoing: 4 6 
	datadep: 
	instructions:
		 0: 
		 1: COPY TYPE_StringLiteral "backups" def_%cl_2_3 
		 2: (MultiJson) def_%cl_2_4 
		 3: (Backup) def_%cl_2_5 
		 4: %cl_2_5->all def_%cl_2_6 %cl_2_5[3.3,] 	 SYMBOL:	 ARGS:
		 5: (BackupSerializer) def_%cl_2_7 
		 6: %self->serialize_data def_%cl_2_8 %self[2.0,] %cl_2_6[3.4,] %cl_2_7[3.5,] 	 SYMBOL:	 ARGS:%cl_2_6,%cl_2_7,
		 7: %cl_2_4->dump def_%cl_2_9 %cl_2_4[3.2,] %cl_2_8[3.6,] 	 SYMBOL:	 ARGS:%cl_2_8,
		 8: %self->store_preloaded def_%cl_2_10 %self[3.6,2.0,] %cl_2_3[3.1,] %cl_2_9[3.7,] 	 SYMBOL:	 ARGS:%cl_2_3,%cl_2_9,
		 9: 
		 10: COPY TYPE_StringLiteral "operations_status" def_%cl_2_11 
		 11: (MultiJson) def_%cl_2_12 
		 12: (BackupRestore) def_%cl_2_13 
		 13: %cl_2_13->operations_status def_%cl_2_14 %cl_2_13[3.12,] 	 SYMBOL:	 ARGS:
		 14: %cl_2_12->dump def_%cl_2_15 %cl_2_12[3.11,] %cl_2_14[3.13,] 	 SYMBOL:	 ARGS:%cl_2_14,
		 15: %self->store_preloaded def_%cl_2_16 %self[3.6,3.8,2.0,] %cl_2_11[3.10,] %cl_2_15[3.14,] 	 SYMBOL:	 ARGS:%cl_2_11,%cl_2_15,
		 16: 
		 17: COPY TYPE_StringLiteral "logs" def_%cl_2_17 
		 18: (MultiJson) def_%cl_2_18 
		 19: (BackupRestore) def_%cl_2_19 
		 20: %cl_2_19->logs def_%cl_2_20 %cl_2_19[3.19,] 	 SYMBOL:	 ARGS:
		 21: %cl_2_18->dump def_%cl_2_21 %cl_2_18[3.18,] %cl_2_20[3.20,] 	 SYMBOL:	 ARGS:%cl_2_20,
		 22: %self->store_preloaded def_%cl_2_22 %self[3.6,3.8,3.15,2.0,] %cl_2_17[3.17,] %cl_2_21[3.21,] 	 SYMBOL:	 ARGS:%cl_2_17,%cl_2_21,
		 23: 
		 24: %self->ruby_code_from_view def_%cl_2_23 %self[3.6,3.8,3.15,3.22,2.0,] 	 SYMBOL:	 ARGS:
		 25: %cl_2_23->ruby_code_from_view def_%cl_2_24 %cl_2_23[3.24,] %self[3.6,3.8,3.15,3.22,3.24,2.0,] 	 SYMBOL:	 ARGS:%cl_2_23,
CLOSURE BEGIN: 
BB 1
	outgoing: 6 2 
	datadep: 
	instructions:
BB 2
	outgoing: 6 
	datadep: 
	instructions:
		 0: def_%self 
		 1: def_%cl_3_0 
		 2: RECEIVEARG def_rb_from_view 
		 3: COPY TYPE_CurrentScope def_%current_scope 
		 4: COPY TYPE_ScopeModule def_%current_module 
		 5: RETURN %self[2.0,] 
BB 6
	outgoing: 
	datadep: 
	instructions:
CLOSURE END: 
		 26: RETURN %cl_2_24[3.25,] %self[3.6,3.8,3.15,3.22,3.24,2.0,] 
BB 4
	outgoing: 6 
	datadep: 
	instructions:
		 0: def_%cl_2_25 
		 1: def_%cl_2_26 %cl_2_25[4.0,] 
		 2: RETURN %cl_2_26[4.1,] %self[2.0,] 
BB 6
	outgoing: 
	datadep: 
	instructions:
CLOSURE END: 
		 2: 
		 3: format->json def_%cl_1_4 format[3.1,2.2,] %self[2.0,] 	 SYMBOL:	 ARGS:format,
CLOSURE BEGIN: %self[2.0,] 
BB 1
	outgoing: 6 2 
	datadep: 
	instructions:
BB 2
	outgoing: 3 
	datadep: 
	instructions:
		 0: def_%self 
		 1: def_%cl_4_0 
		 2: COPY TYPE_CurrentScope def_%current_scope 
		 3: COPY TYPE_ScopeModule def_%current_module 
BB 3
	outgoing: 4 6 
	datadep: 
	instructions:
		 0: 
		 1: (Backup) def_%cl_4_3 
		 2: %cl_4_3->all def_%cl_4_4 %cl_4_3[3.1,] 	 SYMBOL:	 ARGS:
		 3: (BackupSerializer) def_%cl_4_5 
		 4: %self->render_serialized def_%cl_4_6 %self[2.0,] %cl_4_4[3.2,] %cl_4_5[3.3,] 	 SYMBOL:	 ARGS:%cl_4_4,%cl_4_5,
		 5: RETURN %cl_4_6[3.4,] %self[3.4,2.0,] 
BB 4
	outgoing: 6 
	datadep: 
	instructions:
		 0: def_%cl_4_7 
		 1: def_%cl_4_8 %cl_4_7[4.0,] 
		 2: RETURN %cl_4_8[4.1,] %self[2.0,] 
BB 6
	outgoing: 
	datadep: 
	instructions:
CLOSURE END: 
		 4: RETURN %cl_1_4[3.3,] %self[2.0,] 
BB 4
	outgoing: 6 
	datadep: 
	instructions:
		 0: def_%cl_1_5 
		 1: def_%cl_1_6 %cl_1_5[4.0,] 
		 2: RETURN %cl_1_6[4.1,] %self[2.0,] 
BB 6
	outgoing: 
	datadep: 
	instructions:
CLOSURE END: 
		 7: RETURN %v_3[2.6,] %self[2.0,2.6,] 
BB 3
	outgoing: 
	datadep: 
	instructions:

SET IRMethod, name = status instanceMethod = true
BB 1
	outgoing: 3 2 
	datadep: 
	instructions:
BB 2
	outgoing: 3 
	datadep: 
	instructions:
		 0: def_%self 
		 1: def_%v_0 
		 2: COPY TYPE_CurrentScope def_%current_scope 
		 3: COPY TYPE_ScopeModule def_%current_module 
		 4: 
		 5: 
		 6: (BackupRestore) def_%v_3 
		 7: %v_3->operations_status def_%v_4 %v_3[2.6,] 	 SYMBOL:	 ARGS:
		 8: %self->render_json_dump def_%v_5 %self[2.0,] %v_4[2.7,] 	 SYMBOL:	 ARGS:%v_4,
		 9: RETURN %v_5[2.8,] %self[2.0,2.8,] 
BB 3
	outgoing: 
	datadep: 
	instructions:

SET IRMethod, name = create instanceMethod = true
BB 1
	outgoing: 15 2 
	datadep: 
	instructions:
BB 2
	outgoing: 4 
	datadep: 
	instructions:
		 0: def_%self 
		 1: def_%v_0 
		 2: COPY TYPE_CurrentScope def_%current_scope 
		 3: COPY TYPE_ScopeModule def_%current_module 
		 4: 
		 5: GLOBALVAR $! def_%v_3 
BB 4
	outgoing: 5 7 
	datadep: 
	instructions:
		 0: 
		 1: 
		 2: %self->params def_%v_6 %self[2.0,] 	 SYMBOL:	 ARGS:
		 3: %v_6->fetch def_%v_7 %v_6[4.2,] 	 SYMBOL:with_uploads,	 ARGS:Symbol,
		 4: COPY TYPE_StringLiteral "true" def_%v_8 
		 5: %v_7->== def_%v_9 %v_7[4.3,] %v_8[4.4,] 	 SYMBOL:	 ARGS:%v_8,
		 6: %self->params def_%v_10 %self[4.2,2.0,] 	 SYMBOL:	 ARGS:
		 7: %v_10->[] def_%v_11 %v_10[4.6,] 	 SYMBOL:client_id,	 ARGS:Symbol,
		 8: HASH-publish_to_message_bus-with_uploads-client_id- def_%v_12 %v_9[4.5,] %v_11[4.7,] 
		 9: COPY TYPE_PASS def_opts %v_12[4.8,] 
		 10: 
		 11: (BackupRestore) def_%v_13 
		 12: %self->current_user def_%v_14 %self[4.2,4.6,2.0,] 	 SYMBOL:	 ARGS:
		 13: %v_14->id def_%v_15 %v_14[4.12,] 	 SYMBOL:	 ARGS:
		 14: %v_13->backup! def_%v_16 %v_13[4.11,] %v_15[4.13,] opts[4.9,] 	 SYMBOL:	 ARGS:%v_15,opts,
BB 5
	outgoing: 6 13 
	datadep: 
	instructions:
		 0: 
		 1: (StaffActionLogger) def_%v_17 
		 2: %self->current_user def_%v_18 %self[2.0,] 	 SYMBOL:	 ARGS:
		 3: %v_17->new def_%v_19 %v_17[5.1,] %v_18[5.2,] 	 SYMBOL:	 ARGS:%v_18,
		 4: %v_19->log_backup_operation def_%v_20 %v_19[5.3,] 	 SYMBOL:	 ARGS:
		 5: 
		 6: %self->success_json def_%v_21 %self[5.2,2.0,] 	 SYMBOL:	 ARGS:
		 7: HASH-json- def_%v_22 %v_21[5.6,] 
		 8: %self->render def_%v_23 %self[5.2,5.6,2.0,] %v_22[5.7,] 	 SYMBOL:	 ARGS:%v_22,
		 9: COPY TYPE_PASS def_%v_5 %v_23[5.8,] 
		 10: %v_3[2.5,] 
BB 6
	outgoing: 14 
	datadep: 
	instructions:
		 0: 
BB 7
	outgoing: 8 9 13 
	datadep: 
	instructions:
		 0: def_%v_24 
		 1: (BackupRestore) def_%v_25 
		 2: (inherit OperationRunningError) def_%v_26 %v_25[7.1,] 
		 3: %v_26[7.2,] 
BB 8
	outgoing: 9 13 
	datadep: 
	instructions:
		 0: %v_25->const_missing def_%v_26 %v_25[7.1,] 	 SYMBOL:OperationRunningError,	 ARGS:Symbol,
BB 9
	outgoing: 10 11 13 
	datadep: 
	instructions:
		 0: def_%v_27 %v_26[8.0,7.2,] %v_24[7.0,] 
		 1: BRANCH %v_27[9.0,] 
BB 10
	outgoing: 13 15 
	datadep: 
	instructions:
		 0: %v_24[7.0,] 
BB 11
	outgoing: 12 13 
	datadep: 
	instructions:
		 0: 
		 1: %self->failed_json def_%v_28 %self[2.0,] 	 SYMBOL:	 ARGS:
		 2: (I18n) def_%v_29 
		 3: COPY TYPE_StringLiteral "backup.operation_already_running" def_%v_30 
		 4: %v_29->t def_%v_31 %v_29[11.2,] %v_30[11.3,] 	 SYMBOL:	 ARGS:%v_30,
		 5: HASH-message- def_%v_32 %v_31[11.4,] 
		 6: %v_28->merge def_%v_33 %v_28[11.1,] %v_32[11.5,] 	 SYMBOL:	 ARGS:%v_32,
		 7: HASH-json- def_%v_34 %v_33[11.6,] 
		 8: %self->render def_%v_35 %self[11.1,2.0,] %v_34[11.7,] 	 SYMBOL:	 ARGS:%v_34,
		 9: COPY TYPE_PASS def_%v_5 %v_35[11.8,] 
		 10: %v_3[2.5,] 
BB 12
	outgoing: 14 
	datadep: 
	instructions:
		 0: 
BB 13
	outgoing: 15 
	datadep: 
	instructions:
		 0: def_%v_36 
		 1: def_%v_37 %v_36[13.0,] %v_3[2.5,] 
		 2: %v_36[13.0,] 
BB 14
	outgoing: 15 
	datadep: 
	instructions:
		 0: RETURN %v_5[5.9,11.9,] %self[2.0,] 
BB 15
	outgoing: 
	datadep: 
	instructions:

SET IRMethod, name = cancel instanceMethod = true
BB 1
	outgoing: 15 2 
	datadep: 
	instructions:
BB 2
	outgoing: 4 
	datadep: 
	instructions:
		 0: def_%self 
		 1: def_%v_0 
		 2: COPY TYPE_CurrentScope def_%current_scope 
		 3: COPY TYPE_ScopeModule def_%current_module 
		 4: 
		 5: GLOBALVAR $! def_%v_3 
BB 4
	outgoing: 5 7 
	datadep: 
	instructions:
		 0: 
		 1: 
		 2: (BackupRestore) def_%v_6 
		 3: %v_6->cancel! def_%v_7 %v_6[4.2,] 	 SYMBOL:	 ARGS:
BB 5
	outgoing: 6 13 
	datadep: 
	instructions:
		 0: 
		 1: %self->success_json def_%v_8 %self[2.0,] 	 SYMBOL:	 ARGS:
		 2: HASH-json- def_%v_9 %v_8[5.1,] 
		 3: %self->render def_%v_10 %self[5.1,2.0,] %v_9[5.2,] 	 SYMBOL:	 ARGS:%v_9,
		 4: COPY TYPE_PASS def_%v_5 %v_10[5.3,] 
		 5: %v_3[2.5,] 
BB 6
	outgoing: 14 
	datadep: 
	instructions:
		 0: 
BB 7
	outgoing: 8 9 13 
	datadep: 
	instructions:
		 0: def_%v_11 
		 1: (BackupRestore) def_%v_12 
		 2: (inherit OperationRunningError) def_%v_13 %v_12[7.1,] 
		 3: %v_13[7.2,] 
BB 8
	outgoing: 9 13 
	datadep: 
	instructions:
		 0: %v_12->const_missing def_%v_13 %v_12[7.1,] 	 SYMBOL:OperationRunningError,	 ARGS:Symbol,
BB 9
	outgoing: 10 11 13 
	datadep: 
	instructions:
		 0: def_%v_14 %v_13[8.0,7.2,] %v_11[7.0,] 
		 1: BRANCH %v_14[9.0,] 
BB 10
	outgoing: 13 15 
	datadep: 
	instructions:
		 0: %v_11[7.0,] 
BB 11
	outgoing: 12 13 
	datadep: 
	instructions:
		 0: 
		 1: %self->failed_json def_%v_15 %self[2.0,] 	 SYMBOL:	 ARGS:
		 2: (I18n) def_%v_16 
		 3: COPY TYPE_StringLiteral "backup.operation_already_running" def_%v_17 
		 4: %v_16->t def_%v_18 %v_16[11.2,] %v_17[11.3,] 	 SYMBOL:	 ARGS:%v_17,
		 5: HASH-message- def_%v_19 %v_18[11.4,] 
		 6: %v_15->merge def_%v_20 %v_15[11.1,] %v_19[11.5,] 	 SYMBOL:	 ARGS:%v_19,
		 7: HASH-json- def_%v_21 %v_20[11.6,] 
		 8: %self->render def_%v_22 %self[11.1,2.0,] %v_21[11.7,] 	 SYMBOL:	 ARGS:%v_21,
		 9: COPY TYPE_PASS def_%v_5 %v_22[11.8,] 
		 10: %v_3[2.5,] 
BB 12
	outgoing: 14 
	datadep: 
	instructions:
		 0: 
BB 13
	outgoing: 15 
	datadep: 
	instructions:
		 0: def_%v_23 
		 1: def_%v_24 %v_23[13.0,] %v_3[2.5,] 
		 2: %v_23[13.0,] 
BB 14
	outgoing: 15 
	datadep: 
	instructions:
		 0: RETURN %v_5[5.4,11.9,] %self[2.0,] 
BB 15
	outgoing: 
	datadep: 
	instructions:

SET IRMethod, name = show instanceMethod = true
BB 1
	outgoing: 6 2 
	datadep: 
	instructions:
BB 2
	outgoing: 3 4 
	datadep: 
	instructions:
		 0: def_%self 
		 1: def_%v_0 
		 2: COPY TYPE_CurrentScope def_%current_scope 
		 3: COPY TYPE_ScopeModule def_%current_module 
		 4: 
		 5: 
		 6: %self->params def_%v_3 %self[2.0,] 	 SYMBOL:	 ARGS:
		 7: %v_3->fetch def_%v_4 %v_3[2.6,] 	 SYMBOL:id,	 ARGS:Symbol,
		 8: COPY TYPE_PASS def_filename %v_4[2.7,] 
		 9: 
		 10: (Backup) def_%v_5 
		 11: %v_5->[] def_%v_6 %v_5[2.10,] %v_4[2.7,] 	 SYMBOL:	 ARGS:filename,
		 12: COPY TYPE_PASS def_backup %v_6[2.11,] 
		 13: BRANCH %v_6[2.11,] 
BB 3
	outgoing: 6 
	datadep: 
	instructions:
		 0: 
		 1: %self->headers def_%v_7 %self[2.0,] 	 SYMBOL:	 ARGS:
		 2: COPY TYPE_StringLiteral "Content-Length" def_%v_8 
		 3: (File) def_%v_9 
		 4: backup->path def_%v_10 backup[2.12,] 	 SYMBOL:	 ARGS:
		 5: %v_9->size def_%v_11 %v_9[3.3,] %v_10[3.4,] 	 SYMBOL:	 ARGS:%v_10,
		 6: ATTRASSIGN %v_7->[] %v_8[3.2,] %v_11[3.5,] 
		 7: 
		 8: backup->path def_%v_12 backup[3.4,2.12,] 	 SYMBOL:	 ARGS:
		 9: %self->send_file def_%v_13 %self[3.1,2.0,] %v_12[3.8,] 	 SYMBOL:	 ARGS:%v_12,
		 10: RETURN %v_13[3.9,] %self[3.1,3.9,2.0,] 
BB 4
	outgoing: 6 
	datadep: 
	instructions:
		 0: 
		 1: HASH-nothing-status- def_%v_14 
		 2: %self->render def_%v_15 %self[2.0,] %v_14[4.1,] 	 SYMBOL:	 ARGS:%v_14,
		 3: RETURN %v_15[4.2,] %self[4.2,2.0,] 
BB 6
	outgoing: 
	datadep: 
	instructions:

SET IRMethod, name = destroy instanceMethod = true
BB 1
	outgoing: 6 2 
	datadep: 
	instructions:
BB 2
	outgoing: 3 4 
	datadep: 
	instructions:
		 0: def_%self 
		 1: def_%v_0 
		 2: COPY TYPE_CurrentScope def_%current_scope 
		 3: COPY TYPE_ScopeModule def_%current_module 
		 4: 
		 5: 
		 6: (Backup) def_%v_3 
		 7: %self->params def_%v_4 %self[2.0,] 	 SYMBOL:	 ARGS:
		 8: %v_4->fetch def_%v_5 %v_4[2.7,] 	 SYMBOL:id,	 ARGS:Symbol,
		 9: %v_3->[] def_%v_6 %v_3[2.6,] %v_5[2.8,] 	 SYMBOL:	 ARGS:%v_5,
		 10: COPY TYPE_PASS def_backup %v_6[2.9,] 
		 11: 
		 12: BRANCH %v_6[2.9,] 
BB 3
	outgoing: 6 
	datadep: 
	instructions:
		 0: 
		 1: backup->remove def_%v_7 backup[2.10,] 	 SYMBOL:	 ARGS:
		 2: 
		 3: HASH-nothing- def_%v_8 
		 4: %self->render def_%v_9 %self[2.0,] %v_8[3.3,] 	 SYMBOL:	 ARGS:%v_8,
		 5: RETURN %v_9[3.4,] %self[3.4,2.0,] 
BB 4
	outgoing: 6 
	datadep: 
	instructions:
		 0: 
		 1: HASH-nothing-status- def_%v_10 
		 2: %self->render def_%v_11 %self[2.0,] %v_10[4.1,] 	 SYMBOL:	 ARGS:%v_10,
		 3: RETURN %v_11[4.2,] %self[4.2,2.0,] 
BB 6
	outgoing: 
	datadep: 
	instructions:

SET IRMethod, name = logs instanceMethod = true
BB 1
	outgoing: 3 2 
	datadep: 
	instructions:
BB 2
	outgoing: 3 
	datadep: 
	instructions:
		 0: def_%self 
		 1: def_%v_0 
		 2: COPY TYPE_CurrentScope def_%current_scope 
		 3: COPY TYPE_ScopeModule def_%current_module 
		 4: 
		 5: 
		 6: COPY TYPE_StringLiteral "operations_status" def_%v_3 
		 7: (MultiJson) def_%v_4 
		 8: (BackupRestore) def_%v_5 
		 9: %v_5->operations_status def_%v_6 %v_5[2.8,] 	 SYMBOL:	 ARGS:
		 10: %v_4->dump def_%v_7 %v_4[2.7,] %v_6[2.9,] 	 SYMBOL:	 ARGS:%v_6,
		 11: %self->store_preloaded def_%v_8 %self[2.0,] %v_3[2.6,] %v_7[2.10,] 	 SYMBOL:	 ARGS:%v_3,%v_7,
		 12: 
		 13: COPY TYPE_StringLiteral "logs" def_%v_9 
		 14: (MultiJson) def_%v_10 
		 15: (BackupRestore) def_%v_11 
		 16: %v_11->logs def_%v_12 %v_11[2.15,] 	 SYMBOL:	 ARGS:
		 17: %v_10->dump def_%v_13 %v_10[2.14,] %v_12[2.16,] 	 SYMBOL:	 ARGS:%v_12,
		 18: %self->store_preloaded def_%v_14 %self[2.0,2.11,] %v_9[2.13,] %v_13[2.17,] 	 SYMBOL:	 ARGS:%v_9,%v_13,
		 19: 
		 20: %self->ruby_code_from_view def_%v_15 %self[2.0,2.11,2.18,] 	 SYMBOL:	 ARGS:
		 21: %v_15->ruby_code_from_view def_%v_16 %v_15[2.20,] %self[2.0,2.11,2.18,2.20,] 	 SYMBOL:	 ARGS:%v_15,
CLOSURE BEGIN: 
BB 1
	outgoing: 6 2 
	datadep: 
	instructions:
BB 2
	outgoing: 6 
	datadep: 
	instructions:
		 0: def_%self 
		 1: def_%cl_1_0 
		 2: RECEIVEARG def_rb_from_view 
		 3: COPY TYPE_CurrentScope def_%current_scope 
		 4: COPY TYPE_ScopeModule def_%current_module 
		 5: RETURN %self[2.0,] 
BB 6
	outgoing: 
	datadep: 
	instructions:
CLOSURE END: 
		 22: RETURN %v_16[2.21,] %self[2.0,2.11,2.18,2.20,] 
BB 3
	outgoing: 
	datadep: 
	instructions:

SET IRMethod, name = restore instanceMethod = true
BB 1
	outgoing: 15 2 
	datadep: 
	instructions:
BB 2
	outgoing: 4 
	datadep: 
	instructions:
		 0: def_%self 
		 1: def_%v_0 
		 2: COPY TYPE_CurrentScope def_%current_scope 
		 3: COPY TYPE_ScopeModule def_%current_module 
		 4: 
		 5: GLOBALVAR $! def_%v_3 
BB 4
	outgoing: 5 7 
	datadep: 
	instructions:
		 0: 
		 1: 
		 2: %self->params def_%v_6 %self[2.0,] 	 SYMBOL:	 ARGS:
		 3: %v_6->fetch def_%v_7 %v_6[4.2,] 	 SYMBOL:id,	 ARGS:Symbol,
		 4: %self->params def_%v_8 %self[4.2,2.0,] 	 SYMBOL:	 ARGS:
		 5: %v_8->fetch def_%v_9 %v_8[4.4,] 	 SYMBOL:client_id,	 ARGS:Symbol,
		 6: HASH-filename-client_id-publish_to_message_bus- def_%v_10 %v_7[4.3,] %v_9[4.5,] 
		 7: COPY TYPE_PASS def_opts %v_10[4.6,] 
		 8: 
		 9: (BackupRestore) def_%v_11 
		 10: %self->current_user def_%v_12 %self[4.2,4.4,2.0,] 	 SYMBOL:	 ARGS:
		 11: %v_12->id def_%v_13 %v_12[4.10,] 	 SYMBOL:	 ARGS:
		 12: %v_11->restore! def_%v_14 %v_11[4.9,] %v_13[4.11,] opts[4.7,] 	 SYMBOL:	 ARGS:%v_13,opts,
BB 5
	outgoing: 6 13 
	datadep: 
	instructions:
		 0: 
		 1: %self->success_json def_%v_15 %self[2.0,] 	 SYMBOL:	 ARGS:
		 2: HASH-json- def_%v_16 %v_15[5.1,] 
		 3: %self->render def_%v_17 %self[5.1,2.0,] %v_16[5.2,] 	 SYMBOL:	 ARGS:%v_16,
		 4: COPY TYPE_PASS def_%v_5 %v_17[5.3,] 
		 5: %v_3[2.5,] 
BB 6
	outgoing: 14 
	datadep: 
	instructions:
		 0: 
BB 7
	outgoing: 8 9 13 
	datadep: 
	instructions:
		 0: def_%v_18 
		 1: (BackupRestore) def_%v_19 
		 2: (inherit OperationRunningError) def_%v_20 %v_19[7.1,] 
		 3: %v_20[7.2,] 
BB 8
	outgoing: 9 13 
	datadep: 
	instructions:
		 0: %v_19->const_missing def_%v_20 %v_19[7.1,] 	 SYMBOL:OperationRunningError,	 ARGS:Symbol,
BB 9
	outgoing: 10 11 13 
	datadep: 
	instructions:
		 0: def_%v_21 %v_20[8.0,7.2,] %v_18[7.0,] 
		 1: BRANCH %v_21[9.0,] 
BB 10
	outgoing: 13 15 
	datadep: 
	instructions:
		 0: %v_18[7.0,] 
BB 11
	outgoing: 12 13 
	datadep: 
	instructions:
		 0: 
		 1: %self->failed_json def_%v_22 %self[2.0,] 	 SYMBOL:	 ARGS:
		 2: (I18n) def_%v_23 
		 3: COPY TYPE_StringLiteral "backup.operation_already_running" def_%v_24 
		 4: %v_23->t def_%v_25 %v_23[11.2,] %v_24[11.3,] 	 SYMBOL:	 ARGS:%v_24,
		 5: HASH-message- def_%v_26 %v_25[11.4,] 
		 6: %v_22->merge def_%v_27 %v_22[11.1,] %v_26[11.5,] 	 SYMBOL:	 ARGS:%v_26,
		 7: HASH-json- def_%v_28 %v_27[11.6,] 
		 8: %self->render def_%v_29 %self[11.1,2.0,] %v_28[11.7,] 	 SYMBOL:	 ARGS:%v_28,
		 9: COPY TYPE_PASS def_%v_5 %v_29[11.8,] 
		 10: %v_3[2.5,] 
BB 12
	outgoing: 14 
	datadep: 
	instructions:
		 0: 
BB 13
	outgoing: 15 
	datadep: 
	instructions:
		 0: def_%v_30 
		 1: def_%v_31 %v_30[13.0,] %v_3[2.5,] 
		 2: %v_30[13.0,] 
BB 14
	outgoing: 15 
	datadep: 
	instructions:
		 0: RETURN %v_5[5.4,11.9,] %self[2.0,] 
BB 15
	outgoing: 
	datadep: 
	instructions:

SET IRMethod, name = rollback instanceMethod = true
BB 1
	outgoing: 15 2 
	datadep: 
	instructions:
BB 2
	outgoing: 4 
	datadep: 
	instructions:
		 0: def_%self 
		 1: def_%v_0 
		 2: COPY TYPE_CurrentScope def_%current_scope 
		 3: COPY TYPE_ScopeModule def_%current_module 
		 4: 
		 5: GLOBALVAR $! def_%v_3 
BB 4
	outgoing: 5 7 
	datadep: 
	instructions:
		 0: 
		 1: 
		 2: (BackupRestore) def_%v_6 
		 3: %v_6->rollback! def_%v_7 %v_6[4.2,] 	 SYMBOL:	 ARGS:
BB 5
	outgoing: 6 13 
	datadep: 
	instructions:
		 0: 
		 1: %self->success_json def_%v_8 %self[2.0,] 	 SYMBOL:	 ARGS:
		 2: HASH-json- def_%v_9 %v_8[5.1,] 
		 3: %self->render def_%v_10 %self[5.1,2.0,] %v_9[5.2,] 	 SYMBOL:	 ARGS:%v_9,
		 4: COPY TYPE_PASS def_%v_5 %v_10[5.3,] 
		 5: %v_3[2.5,] 
BB 6
	outgoing: 14 
	datadep: 
	instructions:
		 0: 
BB 7
	outgoing: 8 9 13 
	datadep: 
	instructions:
		 0: def_%v_11 
		 1: (BackupRestore) def_%v_12 
		 2: (inherit OperationRunningError) def_%v_13 %v_12[7.1,] 
		 3: %v_13[7.2,] 
BB 8
	outgoing: 9 13 
	datadep: 
	instructions:
		 0: %v_12->const_missing def_%v_13 %v_12[7.1,] 	 SYMBOL:OperationRunningError,	 ARGS:Symbol,
BB 9
	outgoing: 10 11 13 
	datadep: 
	instructions:
		 0: def_%v_14 %v_13[8.0,7.2,] %v_11[7.0,] 
		 1: BRANCH %v_14[9.0,] 
BB 10
	outgoing: 13 15 
	datadep: 
	instructions:
		 0: %v_11[7.0,] 
BB 11
	outgoing: 12 13 
	datadep: 
	instructions:
		 0: 
		 1: %self->failed_json def_%v_15 %self[2.0,] 	 SYMBOL:	 ARGS:
		 2: (I18n) def_%v_16 
		 3: COPY TYPE_StringLiteral "backup.operation_already_running" def_%v_17 
		 4: %v_16->t def_%v_18 %v_16[11.2,] %v_17[11.3,] 	 SYMBOL:	 ARGS:%v_17,
		 5: HASH-message- def_%v_19 %v_18[11.4,] 
		 6: %v_15->merge def_%v_20 %v_15[11.1,] %v_19[11.5,] 	 SYMBOL:	 ARGS:%v_19,
		 7: HASH-json- def_%v_21 %v_20[11.6,] 
		 8: %self->render def_%v_22 %self[11.1,2.0,] %v_21[11.7,] 	 SYMBOL:	 ARGS:%v_21,
		 9: COPY TYPE_PASS def_%v_5 %v_22[11.8,] 
		 10: %v_3[2.5,] 
BB 12
	outgoing: 14 
	datadep: 
	instructions:
		 0: 
BB 13
	outgoing: 15 
	datadep: 
	instructions:
		 0: def_%v_23 
		 1: def_%v_24 %v_23[13.0,] %v_3[2.5,] 
		 2: %v_23[13.0,] 
BB 14
	outgoing: 15 
	datadep: 
	instructions:
		 0: RETURN %v_5[5.4,11.9,] %self[2.0,] 
BB 15
	outgoing: 
	datadep: 
	instructions:

SET IRMethod, name = readonly instanceMethod = true
BB 1
	outgoing: 6 2 
	datadep: 
	instructions:
BB 2
	outgoing: 3 4 
	datadep: 
	instructions:
		 0: def_%self 
		 1: def_%v_0 
		 2: COPY TYPE_CurrentScope def_%current_scope 
		 3: COPY TYPE_ScopeModule def_%current_module 
		 4: 
		 5: 
		 6: %self->params def_%v_3 %self[2.0,] 	 SYMBOL:	 ARGS:
		 7: %v_3->fetch def_%v_4 %v_3[2.6,] 	 SYMBOL:enable,	 ARGS:Symbol,
		 8: %v_4->to_s def_%v_5 %v_4[2.7,] 	 SYMBOL:	 ARGS:
		 9: COPY TYPE_StringLiteral "true" def_%v_6 
		 10: %v_5->== def_%v_7 %v_5[2.8,] %v_6[2.9,] 	 SYMBOL:	 ARGS:%v_6,
		 11: COPY TYPE_PASS def_enable %v_7[2.10,] 
		 12: 
		 13: BRANCH %v_7[2.10,] 
BB 3
	outgoing: 5 
	datadep: 
	instructions:
		 0: (Discourse) def_%v_8 
		 1: %v_8->enable_readonly_mode def_%v_9 %v_8[3.0,] 	 SYMBOL:	 ARGS:
		 2: 
BB 4
	outgoing: 5 
	datadep: 
	instructions:
		 0: (Discourse) def_%v_10 
		 1: %v_10->disable_readonly_mode def_%v_11 %v_10[4.0,] 	 SYMBOL:	 ARGS:
		 2: COPY TYPE_PASS def_%v_9 %v_11[4.1,] 
BB 5
	outgoing: 6 
	datadep: 
	instructions:
		 0: 
		 1: HASH-nothing- def_%v_12 
		 2: %self->render def_%v_13 %self[2.0,] %v_12[5.1,] 	 SYMBOL:	 ARGS:%v_12,
		 3: RETURN %v_13[5.2,] %self[5.2,2.0,] 
BB 6
	outgoing: 
	datadep: 
	instructions:

SET IRMethod, name = check_backup_chunk instanceMethod = true
BB 1
	outgoing: 3 2 
	datadep: 
	instructions:
BB 2
	outgoing: 3 
	datadep: 
	instructions:
		 0: def_%self 
		 1: def_%v_0 
		 2: COPY TYPE_CurrentScope def_%current_scope 
		 3: COPY TYPE_ScopeModule def_%current_module 
		 4: 
		 5: 
		 6: %self->params def_%v_3 %self[2.0,] 	 SYMBOL:	 ARGS:
		 7: %v_3->fetch def_%v_4 %v_3[2.6,] 	 SYMBOL:resumableIdentifier,	 ARGS:Symbol,
		 8: COPY TYPE_PASS def_identifier %v_4[2.7,] 
		 9: 
		 10: %self->params def_%v_5 %self[2.0,2.6,] 	 SYMBOL:	 ARGS:
		 11: %v_5->fetch def_%v_6 %v_5[2.10,] 	 SYMBOL:resumableFilename,	 ARGS:Symbol,
		 12: COPY TYPE_PASS def_filename %v_6[2.11,] 
		 13: 
		 14: %self->params def_%v_7 %self[2.0,2.6,2.10,] 	 SYMBOL:	 ARGS:
		 15: %v_7->fetch def_%v_8 %v_7[2.14,] 	 SYMBOL:resumableChunkNumber,	 ARGS:Symbol,
		 16: COPY TYPE_PASS def_chunk_number %v_8[2.15,] 
		 17: 
		 18: %self->params def_%v_9 %self[2.0,2.6,2.10,2.14,] 	 SYMBOL:	 ARGS:
		 19: %v_9->fetch def_%v_10 %v_9[2.18,] 	 SYMBOL:resumableCurrentChunkSize,	 ARGS:Symbol,
		 20: %v_10->to_i def_%v_11 %v_10[2.19,] 	 SYMBOL:	 ARGS:
		 21: COPY TYPE_PASS def_current_chunk_size %v_11[2.20,] 
		 22: 
		 23: (Backup) def_%v_12 
		 24: %v_12->chunk_path def_%v_13 %v_12[2.23,] identifier[2.8,] filename[2.12,] chunk_number[2.16,] 	 SYMBOL:	 ARGS:identifier,filename,chunk_number,
		 25: COPY TYPE_PASS def_chunk %v_13[2.24,] 
		 26: 
		 27: (HandleChunkUpload) def_%v_14 
		 28: HASH-current_chunk_size- def_%v_15 current_chunk_size[2.21,] 
		 29: %v_14->check_chunk def_%v_16 %v_14[2.27,] %v_13[2.24,] %v_15[2.28,] 	 SYMBOL:	 ARGS:chunk,%v_15,
		 30: COPY TYPE_PASS def_status %v_16[2.29,] 
		 31: 
		 32: HASH-nothing-status- def_%v_17 %v_16[2.29,] 
		 33: %self->render def_%v_18 %self[2.0,2.6,2.10,2.14,2.18,] %v_17[2.32,] 	 SYMBOL:	 ARGS:%v_17,
		 34: RETURN %v_18[2.33,] %self[2.0,2.6,2.10,2.14,2.18,2.33,] 
BB 3
	outgoing: 
	datadep: 
	instructions:

SET IRMethod, name = upload_backup_chunk instanceMethod = true
BB 1
	outgoing: 12 2 
	datadep: 
	instructions:
BB 2
	outgoing: 3 4 
	datadep: 
	instructions:
		 0: def_%self 
		 1: def_%v_0 
		 2: COPY TYPE_CurrentScope def_%current_scope 
		 3: COPY TYPE_ScopeModule def_%current_module 
		 4: 
		 5: 
		 6: %self->params def_%v_3 %self[2.0,] 	 SYMBOL:	 ARGS:
		 7: %v_3->fetch def_%v_4 %v_3[2.6,] 	 SYMBOL:resumableFilename,	 ARGS:Symbol,
		 8: COPY TYPE_PASS def_filename %v_4[2.7,] 
		 9: 
		 10: %self->params def_%v_5 %self[2.0,2.6,] 	 SYMBOL:	 ARGS:
		 11: %v_5->fetch def_%v_6 %v_5[2.10,] 	 SYMBOL:resumableTotalSize,	 ARGS:Symbol,
		 12: %v_6->to_i def_%v_7 %v_6[2.11,] 	 SYMBOL:	 ARGS:
		 13: COPY TYPE_PASS def_total_size %v_7[2.12,] 
		 14: 
		 15: COPY TYPE_Regexp def_%v_8 
		 16: filename->=~ def_%v_9 filename[2.8,] 	 SYMBOL:	 ARGS:filename,
		 17: BRANCH %v_9[2.16,] 
BB 3
	outgoing: 6 7 
	datadep: 
	instructions:
		 0: COPY TYPE_Nil def_%v_10 
		 1: 
		 2: %self->has_enough_space_on_disk? def_%v_16 %self[2.0,] total_size[2.13,] 	 SYMBOL:	 ARGS:total_size,
		 3: BRANCH %v_16[3.2,] 
BB 4
	outgoing: 12 
	datadep: 
	instructions:
		 0: (I18n) def_%v_11 
		 1: COPY TYPE_StringLiteral "backup.backup_file_should_be_tar_gz" def_%v_12 
		 2: %v_11->t def_%v_13 %v_11[4.0,] %v_12[4.1,] 	 SYMBOL:	 ARGS:%v_12,
		 3: HASH-status-text- def_%v_14 %v_13[4.2,] 
		 4: %self->render def_%v_15 %self[2.0,] %v_14[4.3,] 	 SYMBOL:	 ARGS:%v_14,
		 5: RETURN %v_15[4.4,] %self[4.4,2.0,] 
BB 6
	outgoing: 9 10 
	datadep: 
	instructions:
		 0: COPY TYPE_Nil def_%v_17 
		 1: 
		 2: %self->params def_%v_23 %self[2.0,] 	 SYMBOL:	 ARGS:
		 3: %v_23->fetch def_%v_24 %v_23[6.2,] 	 SYMBOL:file,	 ARGS:Symbol,
		 4: COPY TYPE_PASS def_file %v_24[6.3,] 
		 5: 
		 6: %self->params def_%v_25 %self[6.2,2.0,] 	 SYMBOL:	 ARGS:
		 7: %v_25->fetch def_%v_26 %v_25[6.6,] 	 SYMBOL:resumableIdentifier,	 ARGS:Symbol,
		 8: COPY TYPE_PASS def_identifier %v_26[6.7,] 
		 9: 
		 10: %self->params def_%v_27 %self[6.2,6.6,2.0,] 	 SYMBOL:	 ARGS:
		 11: %v_27->fetch def_%v_28 %v_27[6.10,] 	 SYMBOL:resumableChunkNumber,	 ARGS:Symbol,
		 12: %v_28->to_i def_%v_29 %v_28[6.11,] 	 SYMBOL:	 ARGS:
		 13: COPY TYPE_PASS def_chunk_number %v_29[6.12,] 
		 14: 
		 15: %self->params def_%v_30 %self[6.2,6.6,6.10,2.0,] 	 SYMBOL:	 ARGS:
		 16: %v_30->fetch def_%v_31 %v_30[6.15,] 	 SYMBOL:resumableChunkSize,	 ARGS:Symbol,
		 17: %v_31->to_i def_%v_32 %v_31[6.16,] 	 SYMBOL:	 ARGS:
		 18: COPY TYPE_PASS def_chunk_size %v_32[6.17,] 
		 19: 
		 20: %self->params def_%v_33 %self[6.2,6.6,6.10,6.15,2.0,] 	 SYMBOL:	 ARGS:
		 21: %v_33->fetch def_%v_34 %v_33[6.20,] 	 SYMBOL:resumableCurrentChunkSize,	 ARGS:Symbol,
		 22: %v_34->to_i def_%v_35 %v_34[6.21,] 	 SYMBOL:	 ARGS:
		 23: COPY TYPE_PASS def_current_chunk_size %v_35[6.22,] 
		 24: 
		 25: (Backup) def_%v_36 
		 26: %v_36->chunk_path def_%v_37 %v_36[6.25,] identifier[6.8,] filename[2.8,] chunk_number[6.13,] 	 SYMBOL:	 ARGS:identifier,filename,chunk_number,
		 27: COPY TYPE_PASS def_chunk %v_37[6.26,] 
		 28: 
		 29: (HandleChunkUpload) def_%v_38 
		 30: HASH-file- def_%v_39 file[6.4,] 
		 31: %v_38->upload_chunk def_%v_40 %v_38[6.29,] %v_37[6.26,] %v_39[6.30,] 	 SYMBOL:	 ARGS:chunk,%v_39,
		 32: 
		 33: chunk_number->* def_%v_41 chunk_number[6.13,] chunk_size[6.18,] 	 SYMBOL:	 ARGS:chunk_size,
		 34: COPY TYPE_PASS def_uploaded_file_size %v_41[6.33,] 
		 35: 
		 36: %v_41->+ def_%v_42 %v_41[6.33,] current_chunk_size[6.23,] 	 SYMBOL:	 ARGS:current_chunk_size,
		 37: %v_42->>= def_%v_43 %v_42[6.36,] total_size[2.13,] 	 SYMBOL:	 ARGS:total_size,
		 38: BRANCH %v_43[6.37,] 
BB 7
	outgoing: 12 
	datadep: 
	instructions:
		 0: (I18n) def_%v_18 
		 1: COPY TYPE_StringLiteral "backup.not_enough_space_on_disk" def_%v_19 
		 2: %v_18->t def_%v_20 %v_18[7.0,] %v_19[7.1,] 	 SYMBOL:	 ARGS:%v_19,
		 3: HASH-status-text- def_%v_21 %v_20[7.2,] 
		 4: %self->render def_%v_22 %self[2.0,] %v_21[7.3,] 	 SYMBOL:	 ARGS:%v_21,
		 5: RETURN %v_22[7.4,] %self[7.4,2.0,] 
BB 9
	outgoing: 11 
	datadep: 
	instructions:
		 0: 
		 1: (Jobs) def_%v_44 
		 2: CONSTANT def_%v_45 	 SYMBOL:	 ARGS:
		 3: HASH-filename-identifier-chunks- def_%v_46 filename[2.8,] identifier[6.8,] chunk_number[6.13,] 
		 4: %v_44->enqueue_in def_%v_47 %v_44[9.1,] %v_45[9.2,] %v_46[9.3,] 	 SYMBOL:backup_chunks_merger,	 ARGS:%v_45,Symbol,%v_46,
		 5: 
BB 10
	outgoing: 11 
	datadep: 
	instructions:
		 0: COPY TYPE_Nil def_%v_47 
BB 11
	outgoing: 12 
	datadep: 
	instructions:
		 0: 
		 1: HASH-nothing- def_%v_48 
		 2: %self->render def_%v_49 %self[2.0,] %v_48[11.1,] 	 SYMBOL:	 ARGS:%v_48,
		 3: RETURN %v_49[11.2,] %self[11.2,2.0,] 
BB 12
	outgoing: 
	datadep: 
	instructions:

SET IRMethod, name = has_enough_space_on_disk? instanceMethod = true
BB 1
	outgoing: 3 2 
	datadep: 
	instructions:
BB 2
	outgoing: 3 
	datadep: 
	instructions:
		 0: def_%self 
		 1: def_%v_0 
		 2: COPY TYPE_CurrentScope def_%current_scope 
		 3: COPY TYPE_ScopeModule def_%current_module 
		 4: 
		 5: RECEIVEARG def_size 
		 6: 
		 7: COPY TYPE_StringLiteral "df -Pk " def_%v_3 
		 8: (Rails) def_%v_4 
		 9: %v_4->root def_%v_5 %v_4[2.8,] 	 SYMBOL:	 ARGS:
		 10: COPY TYPE_StringLiteral "/public/backups | awk 'NR==2 {print $4 * 1024;}'" def_%v_6 
		 11: def_%v_7 %v_3[2.7,] %v_5[2.9,] %v_6[2.10,] 
		 12: %v_7->to_i def_%v_8 %v_7[2.11,] 	 SYMBOL:	 ARGS:
		 13: %v_8->> def_%v_9 %v_8[2.12,] size[2.5,] 	 SYMBOL:	 ARGS:size,
		 14: RETURN %v_9[2.13,] %self[2.0,] 
BB 3
	outgoing: 
	datadep: 
	instructions:

