SET IRMethod, name = name instanceMethod = true
BB 1
	outgoing: 3 2 
	datadep: 
	instructions:
BB 2
	outgoing: 3 
	datadep: 
	instructions:
		 0: def_%self 
		 1: def_%v_0 
		 2: COPY TYPE_CurrentScope def_%current_scope 
		 3: COPY TYPE_ScopeModule def_%current_module 
		 4: 
		 5: 
		 6: %self->object def_%v_3 %self[2.0,] 	 SYMBOL:	 ARGS:
		 7: %v_3->user def_%v_4 %v_3[2.6,] 	 SYMBOL:	 ARGS:
		 8: %v_4->name def_%v_5 %v_4[2.7,] 	 SYMBOL:	 ARGS:
		 9: RETURN %v_5[2.8,] %self[2.0,2.6,] 
BB 3
	outgoing: 
	datadep: 
	instructions:

SET IRMethod, name = include_name? instanceMethod = true
BB 1
	outgoing: 3 2 
	datadep: 
	instructions:
BB 2
	outgoing: 3 
	datadep: 
	instructions:
		 0: def_%self 
		 1: def_%v_0 
		 2: COPY TYPE_CurrentScope def_%current_scope 
		 3: COPY TYPE_ScopeModule def_%current_module 
		 4: 
		 5: 
		 6: (SiteSetting) def_%v_3 
		 7: %v_3->enable_names? def_%v_4 %v_3[2.6,] 	 SYMBOL:	 ARGS:
		 8: RETURN %v_4[2.7,] %self[2.0,] 
BB 3
	outgoing: 
	datadep: 
	instructions:

SET IRMethod, name = username instanceMethod = true
BB 1
	outgoing: 3 2 
	datadep: 
	instructions:
BB 2
	outgoing: 3 
	datadep: 
	instructions:
		 0: def_%self 
		 1: def_%v_0 
		 2: COPY TYPE_CurrentScope def_%current_scope 
		 3: COPY TYPE_ScopeModule def_%current_module 
		 4: 
		 5: 
		 6: %self->object def_%v_3 %self[2.0,] 	 SYMBOL:	 ARGS:
		 7: %v_3->user def_%v_4 %v_3[2.6,] 	 SYMBOL:	 ARGS:
		 8: %v_4->username def_%v_5 %v_4[2.7,] 	 SYMBOL:	 ARGS:
		 9: RETURN %v_5[2.8,] %self[2.0,2.6,] 
BB 3
	outgoing: 
	datadep: 
	instructions:

SET IRMethod, name = avatar_template instanceMethod = true
BB 1
	outgoing: 3 2 
	datadep: 
	instructions:
BB 2
	outgoing: 3 
	datadep: 
	instructions:
		 0: def_%self 
		 1: def_%v_0 
		 2: COPY TYPE_CurrentScope def_%current_scope 
		 3: COPY TYPE_ScopeModule def_%current_module 
		 4: 
		 5: 
		 6: %self->object def_%v_3 %self[2.0,] 	 SYMBOL:	 ARGS:
		 7: %v_3->user def_%v_4 %v_3[2.6,] 	 SYMBOL:	 ARGS:
		 8: %v_4->avatar_template def_%v_5 %v_4[2.7,] 	 SYMBOL:	 ARGS:
		 9: RETURN %v_5[2.8,] %self[2.0,2.6,] 
BB 3
	outgoing: 
	datadep: 
	instructions:

SET IRMethod, name = topic_slug instanceMethod = true
BB 1
	outgoing: 3 2 
	datadep: 
	instructions:
BB 2
	outgoing: 3 
	datadep: 
	instructions:
		 0: def_%self 
		 1: def_%v_0 
		 2: COPY TYPE_CurrentScope def_%current_scope 
		 3: COPY TYPE_ScopeModule def_%current_module 
		 4: 
		 5: 
		 6: %self->topic def_%v_3 %self[2.0,] 	 SYMBOL:	 ARGS:
		 7: %v_3->slug def_%v_4 %v_3[2.6,] 	 SYMBOL:	 ARGS:
		 8: RETURN %v_4[2.7,] %self[2.0,2.6,] 
BB 3
	outgoing: 
	datadep: 
	instructions:

SET IRMethod, name = topic_title instanceMethod = true
BB 1
	outgoing: 3 2 
	datadep: 
	instructions:
BB 2
	outgoing: 3 
	datadep: 
	instructions:
		 0: def_%self 
		 1: def_%v_0 
		 2: COPY TYPE_CurrentScope def_%current_scope 
		 3: COPY TYPE_ScopeModule def_%current_module 
		 4: 
		 5: 
		 6: %self->topic def_%v_3 %self[2.0,] 	 SYMBOL:	 ARGS:
		 7: %v_3->title def_%v_4 %v_3[2.6,] 	 SYMBOL:	 ARGS:
		 8: RETURN %v_4[2.7,] %self[2.0,2.6,] 
BB 3
	outgoing: 
	datadep: 
	instructions:

SET IRMethod, name = category_id instanceMethod = true
BB 1
	outgoing: 3 2 
	datadep: 
	instructions:
BB 2
	outgoing: 3 
	datadep: 
	instructions:
		 0: def_%self 
		 1: def_%v_0 
		 2: COPY TYPE_CurrentScope def_%current_scope 
		 3: COPY TYPE_ScopeModule def_%current_module 
		 4: 
		 5: 
		 6: %self->topic def_%v_3 %self[2.0,] 	 SYMBOL:	 ARGS:
		 7: %v_3->category_id def_%v_4 %v_3[2.6,] 	 SYMBOL:	 ARGS:
		 8: RETURN %v_4[2.7,] %self[2.0,2.6,] 
BB 3
	outgoing: 
	datadep: 
	instructions:

SET IRMethod, name = moderator_action instanceMethod = true
BB 1
	outgoing: 5 2 
	datadep: 
	instructions:
BB 2
	outgoing: 3 4 
	datadep: 
	instructions:
		 0: def_%self 
		 1: def_%v_0 
		 2: COPY TYPE_CurrentScope def_%current_scope 
		 3: COPY TYPE_ScopeModule def_%current_module 
		 4: 
		 5: 
		 6: %self->object def_%v_3 %self[2.0,] 	 SYMBOL:	 ARGS:
		 7: %v_3->post_type def_%v_4 %v_3[2.6,] 	 SYMBOL:	 ARGS:
		 8: (Post) def_%v_5 
		 9: %v_5->types def_%v_6 %v_5[2.8,] 	 SYMBOL:	 ARGS:
		 10: %v_6->[] def_%v_7 %v_6[2.9,] 	 SYMBOL:moderator_action,	 ARGS:Symbol,
		 11: %v_4->== def_%v_8 %v_4[2.7,] %v_7[2.10,] 	 SYMBOL:	 ARGS:%v_7,
		 12: BRANCH %v_8[2.11,] 
BB 3
	outgoing: 5 
	datadep: 
	instructions:
		 0: %self->object def_%v_9 %self[2.0,] 	 SYMBOL:	 ARGS:
		 1: %v_9->post_type def_%v_10 %v_9[3.0,] 	 SYMBOL:	 ARGS:
		 2: (Post) def_%v_11 
		 3: %v_11->types def_%v_12 %v_11[3.2,] 	 SYMBOL:	 ARGS:
		 4: %v_12->[] def_%v_13 %v_12[3.3,] 	 SYMBOL:small_action,	 ARGS:Symbol,
		 5: %v_10->== def_%v_14 %v_10[3.1,] %v_13[3.4,] 	 SYMBOL:	 ARGS:%v_13,
		 6: RETURN %v_14[3.5,] %self[3.0,2.0,] 
BB 4
	outgoing: 5 
	datadep: 
	instructions:
		 0: RETURN %v_8[2.11,] %self[2.0,] 
BB 5
	outgoing: 
	datadep: 
	instructions:

SET IRMethod, name = deleted_by instanceMethod = true
BB 1
	outgoing: 3 2 
	datadep: 
	instructions:
BB 2
	outgoing: 3 
	datadep: 
	instructions:
		 0: def_%self 
		 1: def_%v_0 
		 2: COPY TYPE_CurrentScope def_%current_scope 
		 3: COPY TYPE_ScopeModule def_%current_module 
		 4: 
		 5: 
		 6: (BasicUserSerializer) def_%v_3 
		 7: %self->object def_%v_4 %self[2.0,] 	 SYMBOL:	 ARGS:
		 8: %v_4->deleted_by def_%v_5 %v_4[2.7,] 	 SYMBOL:	 ARGS:
		 9: HASH-root- def_%v_6 
		 10: %v_3->new def_%v_7 %v_3[2.6,] %v_5[2.8,] %v_6[2.9,] 	 SYMBOL:	 ARGS:%v_5,%v_6,
		 11: %v_7->as_json def_%v_8 %v_7[2.10,] 	 SYMBOL:	 ARGS:
		 12: RETURN %v_8[2.11,] %self[2.0,2.7,] 
BB 3
	outgoing: 
	datadep: 
	instructions:

SET IRMethod, name = include_deleted_by? instanceMethod = true
BB 1
	outgoing: 3 2 
	datadep: 
	instructions:
BB 2
	outgoing: 3 
	datadep: 
	instructions:
		 0: def_%self 
		 1: def_%v_0 
		 2: COPY TYPE_CurrentScope def_%current_scope 
		 3: COPY TYPE_ScopeModule def_%current_module 
		 4: 
		 5: 
		 6: %self->object def_%v_3 %self[2.0,] 	 SYMBOL:	 ARGS:
		 7: %v_3->trashed? def_%v_4 %v_3[2.6,] 	 SYMBOL:	 ARGS:
		 8: RETURN %v_4[2.7,] %self[2.0,2.6,] 
BB 3
	outgoing: 
	datadep: 
	instructions:

SET IRMethod, name = action_type instanceMethod = true
BB 1
	outgoing: 3 2 
	datadep: 
	instructions:
BB 2
	outgoing: 3 
	datadep: 
	instructions:
		 0: def_%self 
		 1: def_%v_0 
		 2: COPY TYPE_CurrentScope def_%current_scope 
		 3: COPY TYPE_ScopeModule def_%current_module 
		 4: 
		 5: 
		 6: %self->object def_%v_3 %self[2.0,] 	 SYMBOL:	 ARGS:
		 7: %v_3->user_actions def_%v_4 %v_3[2.6,] 	 SYMBOL:	 ARGS:
		 8: %v_4->select def_%v_5 %v_4[2.7,] %self[2.0,2.6,] 	 SYMBOL:	 ARGS:%v_4,
CLOSURE BEGIN: %self[2.0,2.6,] ua[] 
BB 1
	outgoing: 6 2 
	datadep: 
	instructions:
BB 2
	outgoing: 3 
	datadep: 
	instructions:
		 0: def_%self 
		 1: def_%cl_1_0 
		 2: RECEIVEARG def_ua 
		 3: COPY TYPE_CurrentScope def_%current_scope 
		 4: COPY TYPE_ScopeModule def_%current_module 
BB 3
	outgoing: 4 6 
	datadep: 
	instructions:
		 0: 
		 1: %self->object def_%cl_1_3 %self[2.0,] 	 SYMBOL:	 ARGS:
		 2: %cl_1_3->user_id def_%cl_1_4 %cl_1_3[3.1,] 	 SYMBOL:	 ARGS:
		 3: ATTRASSIGN ua->user_id %cl_1_4[3.2,] 
		 4: RETURN %cl_1_4[3.2,] %self[3.1,2.0,] 
BB 4
	outgoing: 6 
	datadep: 
	instructions:
		 0: def_%cl_1_5 
		 1: def_%cl_1_6 %cl_1_5[4.0,] 
		 2: RETURN %cl_1_6[4.1,] %self[2.0,] 
BB 6
	outgoing: 
	datadep: 
	instructions:
CLOSURE END: 
		 9: %v_5->select def_%v_6 %v_5[2.8,] %self[2.0,2.6,] 	 SYMBOL:	 ARGS:%v_5,
CLOSURE BEGIN: ua[2.8,] 
BB 1
	outgoing: 10 2 
	datadep: 
	instructions:
BB 2
	outgoing: 3 
	datadep: 
	instructions:
		 0: def_%self 
		 1: def_%cl_2_0 
		 2: RECEIVEARG def_ua 
		 3: COPY TYPE_CurrentScope def_%current_scope 
		 4: COPY TYPE_ScopeModule def_%current_module 
BB 3
	outgoing: 4 5 8 
	datadep: 
	instructions:
		 0: 
		 1: (UserAction) def_%cl_2_3 
		 2: (inherit REPLY) def_%cl_2_4 %cl_2_3[3.1,] 
		 3: %cl_2_4[3.2,] 
BB 4
	outgoing: 5 8 
	datadep: 
	instructions:
		 0: %cl_2_3->const_missing def_%cl_2_4 %cl_2_3[3.1,] 	 SYMBOL:REPLY,	 ARGS:Symbol,
BB 5
	outgoing: 6 7 8 
	datadep: 
	instructions:
		 0: (UserAction) def_%cl_2_5 
		 1: (inherit RESPONSE) def_%cl_2_6 %cl_2_5[5.0,] 
		 2: %cl_2_6[5.1,] 
BB 6
	outgoing: 7 8 
	datadep: 
	instructions:
		 0: %cl_2_5->const_missing def_%cl_2_6 %cl_2_5[5.0,] 	 SYMBOL:RESPONSE,	 ARGS:Symbol,
BB 7
	outgoing: 8 10 
	datadep: 
	instructions:
		 0: COPY TYPE_Array def_%cl_2_7 %cl_2_4[4.0,3.2,] %cl_2_6[6.0,5.1,] 
		 1: ua->action_type def_%cl_2_8 ua[2.2,] 	 SYMBOL:	 ARGS:
		 2: %cl_2_7->include? def_%cl_2_9 %cl_2_7[7.0,] %cl_2_8[7.1,] 	 SYMBOL:	 ARGS:%cl_2_8,
		 3: RETURN %cl_2_9[7.2,] %self[2.0,] 
BB 8
	outgoing: 10 
	datadep: 
	instructions:
		 0: def_%cl_2_10 
		 1: def_%cl_2_11 %cl_2_10[8.0,] 
		 2: RETURN %cl_2_11[8.1,] %self[2.0,] 
BB 10
	outgoing: 
	datadep: 
	instructions:
CLOSURE END: 
		 10: %v_6->first def_%v_7 %v_6[2.9,] 	 SYMBOL:	 ARGS:
		 11: %v_7->try def_%v_8 %v_7[2.10,] 	 SYMBOL:action_type,	 ARGS:Symbol,
		 12: RETURN %v_8[2.11,] %self[2.0,2.6,] 
BB 3
	outgoing: 
	datadep: 
	instructions:

SET IRMethod, name = topic instanceMethod = true
BB 1
	outgoing: 8 2 
	datadep: 
	instructions:
BB 2
	outgoing: 3 4 
	datadep: 
	instructions:
		 0: def_%self 
		 1: def_%v_0 
		 2: COPY TYPE_CurrentScope def_%current_scope 
		 3: COPY TYPE_ScopeModule def_%current_module 
		 4: 
		 5: 
		 6: GETFIELD %self->topic def_%v_3 %self[2.0,] 
		 7: BRANCH %v_3[2.6,] 
BB 3
	outgoing: 8 
	datadep: 
	instructions:
		 0: GETFIELD %self->topic def_%v_4 %self[2.0,] 
		 1: RETURN %v_4[3.0,] %self[2.0,] 
BB 4
	outgoing: 6 7 
	datadep: 
	instructions:
		 0: COPY TYPE_Nil def_%v_5 
		 1: %self->object def_%v_6 %self[2.0,] 	 SYMBOL:	 ARGS:
		 2: %v_6->topic def_%v_7 %v_6[4.1,] 	 SYMBOL:	 ARGS:
		 3: BRANCH %v_7[4.2,] 
BB 6
	outgoing: 7 
	datadep: 
	instructions:
		 0: (Topic) def_%v_8 
		 1: %v_8->with_deleted def_%v_9 %v_8[6.0,] 	 SYMBOL:	 ARGS:
		 2: %self->object def_%v_10 %self[2.0,] 	 SYMBOL:	 ARGS:
		 3: %v_10->topic_id def_%v_11 %v_10[6.2,] 	 SYMBOL:	 ARGS:
		 4: %v_9->find def_%v_12 %v_9[6.1,] %v_11[6.3,] 	 SYMBOL:	 ARGS:%v_11,
		 5: COPY TYPE_PASS def_%v_7 %v_12[6.4,] 
BB 7
	outgoing: 8 
	datadep: 
	instructions:
		 0: ATTRASSIGN %self->topic %v_7[6.5,4.2,] 
		 1: 
		 2: GETFIELD %self->topic def_%v_13 %self[7.0,2.0,] 
		 3: RETURN %v_13[7.2,] %self[7.0,2.0,] 
BB 8
	outgoing: 
	datadep: 
	instructions:

