SET IRMethod, name = initialize instanceMethod = true
BB 1
	outgoing: 3 2 
	datadep: 
	instructions:
BB 2
	outgoing: 3 
	datadep: 
	instructions:
		 0: def_%self 
		 1: def_%v_0 
		 2: COPY TYPE_CurrentScope def_%current_scope 
		 3: COPY TYPE_ScopeModule def_%current_module 
		 4: 
		 5: RECEIVEARG def_json 
		 6: 
		 7: ATTRASSIGN %self->json json[2.5,] 
		 8: RETURN json[2.5,] %self[2.0,2.7,] 
BB 3
	outgoing: 
	datadep: 
	instructions:

SET IRMethod, name = as_json instanceMethod = true
BB 1
	outgoing: 3 2 
	datadep: 
	instructions:
BB 2
	outgoing: 3 
	datadep: 
	instructions:
		 0: def_%self 
		 1: def_%v_0 
		 2: COPY TYPE_CurrentScope def_%current_scope 
		 3: COPY TYPE_ScopeModule def_%current_module 
		 4: 
		 5: RECEIVEARG def__args 
		 6: 
		 7: GETFIELD %self->json def_%v_3 %self[2.0,] 
		 8: RETURN %v_3[2.7,] %self[2.0,] 
BB 3
	outgoing: 
	datadep: 
	instructions:

SET IRMethod, name = expire_cache_fragment! instanceMethod = false
BB 1
	outgoing: 3 2 
	datadep: 
	instructions:
BB 2
	outgoing: 3 
	datadep: 
	instructions:
		 0: def_%self 
		 1: def_%v_0 
		 2: COPY TYPE_CurrentScope def_%current_scope 
		 3: COPY TYPE_ScopeModule def_%current_module 
		 4: 
		 5: RECEIVEARG def_name 
		 6: 
		 7: %self->fragment_cache def_%v_3 %self[2.0,] 	 SYMBOL:	 ARGS:
		 8: %v_3->delete def_%v_4 %v_3[2.7,] name[2.5,] 	 SYMBOL:	 ARGS:name,
		 9: RETURN %v_4[2.8,] %self[2.0,2.7,] 
BB 3
	outgoing: 
	datadep: 
	instructions:

SET IRMethod, name = fragment_cache instanceMethod = false
BB 1
	outgoing: 7 2 
	datadep: 
	instructions:
BB 2
	outgoing: 3 4 
	datadep: 
	instructions:
		 0: def_%self 
		 1: def_%v_0 
		 2: COPY TYPE_CurrentScope def_%current_scope 
		 3: COPY TYPE_ScopeModule def_%current_module 
		 4: 
		 5: 
		 6: def_%v_4 %self[2.0,] 
		 7: COPY TYPE_PASS def_%v_3 %v_4[2.6,] 
		 8: %v_4[2.6,] 
BB 3
	outgoing: 4 
	datadep: 
	instructions:
		 0: GETFIELD %self->cache def_%v_5 %self[2.0,] 
		 1: COPY TYPE_PASS def_%v_3 %v_5[3.0,] 
BB 4
	outgoing: 5 6 
	datadep: 
	instructions:
		 0: BRANCH %v_3[3.1,2.7,] 
BB 5
	outgoing: 7 
	datadep: 
	instructions:
		 0: (DistributedCache) def_%v_6 
		 1: COPY TYPE_StringLiteral "am_serializer_fragment_cache" def_%v_7 
		 2: %v_6->new def_%v_8 %v_6[5.0,] %v_7[5.1,] 	 SYMBOL:	 ARGS:%v_7,
		 3: ATTRASSIGN %self->cache %v_8[5.2,] 
		 4: RETURN %v_8[5.2,] %self[5.3,2.0,] 
BB 6
	outgoing: 7 
	datadep: 
	instructions:
		 0: RETURN %v_5[3.0,] %self[2.0,] 
BB 7
	outgoing: 
	datadep: 
	instructions:

SET IRMethod, name = cache_fragment instanceMethod = true
BB 1
	outgoing: 5 2 
	datadep: 
	instructions:
BB 2
	outgoing: 3 4 
	datadep: 
	instructions:
		 0: def_%self 
		 1: def_%v_0 
		 2: COPY TYPE_CurrentScope def_%current_scope 
		 3: COPY TYPE_ScopeModule def_%current_module 
		 4: 
		 5: RECEIVEARG def_name 
		 6: 
		 7: (ApplicationSerializer) def_%v_3 
		 8: %v_3->fragment_cache def_%v_4 %v_3[2.7,] 	 SYMBOL:	 ARGS:
		 9: %v_4->[] def_%v_5 %v_4[2.8,] name[2.5,] 	 SYMBOL:	 ARGS:name,
		 10: BRANCH %v_5[2.9,] 
BB 3
	outgoing: 5 
	datadep: 
	instructions:
		 0: def_%v_6 %v_0[2.1,] 
		 1: %v_4->[]= def_%v_5 %v_4[2.8,] name[2.5,] %v_6[3.0,] 	 SYMBOL:	 ARGS:name,%v_6,
		 2: RETURN %v_6[3.0,] %self[2.0,] 
BB 4
	outgoing: 5 
	datadep: 
	instructions:
		 0: RETURN %v_5[2.9,] %self[2.0,] 
BB 5
	outgoing: 
	datadep: 
	instructions:

