SET IRMethod, name = include_name? instanceMethod = true
BB 1
	outgoing: 3 2 
	datadep: 
	instructions:
BB 2
	outgoing: 3 
	datadep: 
	instructions:
		 0: def_%self 
		 1: def_%v_0 
		 2: COPY TYPE_CurrentScope def_%current_scope 
		 3: COPY TYPE_ScopeModule def_%current_module 
		 4: 
		 5: 
		 6: (SiteSetting) def_%v_3 
		 7: %v_3->enable_names? def_%v_4 %v_3[2.6,] 	 SYMBOL:	 ARGS:
		 8: RETURN %v_4[2.7,] %self[2.0,] 
BB 3
	outgoing: 
	datadep: 
	instructions:

SET IRMethod, name = avatar_template instanceMethod = true
BB 1
	outgoing: 6 2 
	datadep: 
	instructions:
BB 2
	outgoing: 3 4 
	datadep: 
	instructions:
		 0: def_%self 
		 1: def_%v_0 
		 2: COPY TYPE_CurrentScope def_%current_scope 
		 3: COPY TYPE_ScopeModule def_%current_module 
		 4: 
		 5: 
		 6: (Hash) def_%v_3 
		 7: %self->object def_%v_4 %self[2.0,] 	 SYMBOL:	 ARGS:
		 8: %v_3->=== def_%v_5 %v_3[2.6,] %v_4[2.7,] 	 SYMBOL:	 ARGS:%v_4,
		 9: BRANCH %v_5[2.8,] 
BB 3
	outgoing: 6 
	datadep: 
	instructions:
		 0: 
		 1: (User) def_%v_6 
		 2: %self->user def_%v_7 %self[2.0,] 	 SYMBOL:	 ARGS:
		 3: %v_7->[] def_%v_8 %v_7[3.2,] 	 SYMBOL:username,	 ARGS:Symbol,
		 4: %self->user def_%v_9 %self[3.2,2.0,] 	 SYMBOL:	 ARGS:
		 5: %v_9->[] def_%v_10 %v_9[3.4,] 	 SYMBOL:uploaded_avatar_id,	 ARGS:Symbol,
		 6: %v_6->avatar_template def_%v_11 %v_6[3.1,] %v_8[3.3,] %v_10[3.5,] 	 SYMBOL:	 ARGS:%v_8,%v_10,
		 7: RETURN %v_11[3.6,] %self[3.2,3.4,2.0,] 
BB 4
	outgoing: 6 
	datadep: 
	instructions:
		 0: 
		 1: %self->user def_%v_12 %self[2.0,] 	 SYMBOL:	 ARGS:
		 2: %v_12->try def_%v_13 %v_12[4.1,] 	 SYMBOL:avatar_template,	 ARGS:Symbol,
		 3: RETURN %v_13[4.2,] %self[4.1,2.0,] 
BB 6
	outgoing: 
	datadep: 
	instructions:

SET IRMethod, name = user instanceMethod = true
BB 1
	outgoing: 5 2 
	datadep: 
	instructions:
BB 2
	outgoing: 3 4 
	datadep: 
	instructions:
		 0: def_%self 
		 1: def_%v_0 
		 2: COPY TYPE_CurrentScope def_%current_scope 
		 3: COPY TYPE_ScopeModule def_%current_module 
		 4: 
		 5: 
		 6: %self->object def_%v_3 %self[2.0,] 	 SYMBOL:	 ARGS:
		 7: %v_3->[] def_%v_4 %v_3[2.6,] 	 SYMBOL:user,	 ARGS:Symbol,
		 8: BRANCH %v_4[2.7,] 
BB 3
	outgoing: 5 
	datadep: 
	instructions:
		 0: %self->object def_%v_5 %self[2.0,] 	 SYMBOL:	 ARGS:
		 1: RETURN %v_5[3.0,] %self[3.0,2.0,] 
BB 4
	outgoing: 5 
	datadep: 
	instructions:
		 0: RETURN %v_4[2.7,] %self[2.0,] 
BB 5
	outgoing: 
	datadep: 
	instructions:

