SET IRMethod, name = category_id instanceMethod = true
BB 1
	outgoing: 8 2 
	datadep: 
	instructions:
BB 2
	outgoing: 3 4 
	datadep: 
	instructions:
		 0: def_%self 
		 1: def_%v_0 
		 2: COPY TYPE_CurrentScope def_%current_scope 
		 3: COPY TYPE_ScopeModule def_%current_module 
		 4: 
		 5: 
		 6: %self->object def_%v_3 %self[2.0,] 	 SYMBOL:	 ARGS:
		 7: %v_3->topic def_%v_4 %v_3[2.6,] 	 SYMBOL:	 ARGS:
		 8: %v_4->try def_%v_5 %v_4[2.7,] 	 SYMBOL:category_id,	 ARGS:Symbol,
		 9: BRANCH %v_5[2.8,] 
BB 3
	outgoing: 4 
	datadep: 
	instructions:
		 0: %self->object def_%v_6 %self[2.0,] 	 SYMBOL:	 ARGS:
		 1: %v_6->post_options def_%v_7 %v_6[3.0,] 	 SYMBOL:	 ARGS:
		 2: COPY TYPE_StringLiteral "category" def_%v_8 
		 3: %v_7->[] def_%v_9 %v_7[3.1,] %v_8[3.2,] 	 SYMBOL:	 ARGS:%v_8,
		 4: COPY TYPE_PASS def_%v_5 %v_9[3.3,] 
BB 4
	outgoing: 5 6 
	datadep: 
	instructions:
		 0: COPY TYPE_PASS def_cat_id %v_5[3.4,2.8,] 
		 1: 
		 2: BRANCH %v_5[3.4,2.8,] 
BB 5
	outgoing: 8 
	datadep: 
	instructions:
		 0: cat_id->to_i def_%v_10 cat_id[4.0,] 	 SYMBOL:	 ARGS:
		 1: RETURN %v_10[5.0,] %self[2.0,] 
BB 6
	outgoing: 8 
	datadep: 
	instructions:
		 0: RETURN %self[2.0,] 
BB 8
	outgoing: 
	datadep: 
	instructions:

SET IRMethod, name = include_category_id? instanceMethod = true
BB 1
	outgoing: 3 2 
	datadep: 
	instructions:
BB 2
	outgoing: 3 
	datadep: 
	instructions:
		 0: def_%self 
		 1: def_%v_0 
		 2: COPY TYPE_CurrentScope def_%current_scope 
		 3: COPY TYPE_ScopeModule def_%current_module 
		 4: 
		 5: 
		 6: %self->category_id def_%v_3 %self[2.0,] 	 SYMBOL:	 ARGS:
		 7: %v_3->present? def_%v_4 %v_3[2.6,] 	 SYMBOL:	 ARGS:
		 8: RETURN %v_4[2.7,] %self[2.0,2.6,] 
BB 3
	outgoing: 
	datadep: 
	instructions:

SET IRMethod, name = can_delete_user instanceMethod = true
BB 1
	outgoing: 3 2 
	datadep: 
	instructions:
BB 2
	outgoing: 3 
	datadep: 
	instructions:
		 0: def_%self 
		 1: def_%v_0 
		 2: COPY TYPE_CurrentScope def_%current_scope 
		 3: COPY TYPE_ScopeModule def_%current_module 
		 4: 
		 5: 
		 6: RETURN %self[2.0,] 
BB 3
	outgoing: 
	datadep: 
	instructions:

SET IRMethod, name = include_can_delete_user? instanceMethod = true
BB 1
	outgoing: 3 2 
	datadep: 
	instructions:
BB 2
	outgoing: 3 
	datadep: 
	instructions:
		 0: def_%self 
		 1: def_%v_0 
		 2: COPY TYPE_CurrentScope def_%current_scope 
		 3: COPY TYPE_ScopeModule def_%current_module 
		 4: 
		 5: 
		 6: %self->user def_%v_3 %self[2.0,] 	 SYMBOL:	 ARGS:
		 7: %v_3->trust_level def_%v_4 %v_3[2.6,] 	 SYMBOL:	 ARGS:
		 8: (TrustLevel) def_%v_5 
		 9: %v_5->[] def_%v_6 %v_5[2.8,] 	 SYMBOL:	 ARGS:Fixnum,
		 10: %v_4->== def_%v_7 %v_4[2.7,] %v_6[2.9,] 	 SYMBOL:	 ARGS:%v_6,
		 11: RETURN %v_7[2.10,] %self[2.0,2.6,] 
BB 3
	outgoing: 
	datadep: 
	instructions:

