SET IRMethod, name = action instanceMethod = true
BB 1
	outgoing: 3 2 
	datadep: 
	instructions:
BB 2
	outgoing: 3 
	datadep: 
	instructions:
		 0: def_%self 
		 1: def_%v_0 
		 2: COPY TYPE_CurrentScope def_%current_scope 
		 3: COPY TYPE_ScopeModule def_%current_module 
		 4: 
		 5: 
		 6: (ScreenedEmail) def_%v_3 
		 7: %v_3->actions def_%v_4 %v_3[2.6,] 	 SYMBOL:	 ARGS:
		 8: %self->object def_%v_5 %self[2.0,] 	 SYMBOL:	 ARGS:
		 9: %v_5->action_type def_%v_6 %v_5[2.8,] 	 SYMBOL:	 ARGS:
		 10: %v_4->key def_%v_7 %v_4[2.7,] %v_6[2.9,] 	 SYMBOL:	 ARGS:%v_6,
		 11: %v_7->to_s def_%v_8 %v_7[2.10,] 	 SYMBOL:	 ARGS:
		 12: RETURN %v_8[2.11,] %self[2.0,2.8,] 
BB 3
	outgoing: 
	datadep: 
	instructions:

SET IRMethod, name = ip_address instanceMethod = true
BB 1
	outgoing: 3 2 
	datadep: 
	instructions:
BB 2
	outgoing: 3 
	datadep: 
	instructions:
		 0: def_%self 
		 1: def_%v_0 
		 2: COPY TYPE_CurrentScope def_%current_scope 
		 3: COPY TYPE_ScopeModule def_%current_module 
		 4: 
		 5: 
		 6: %self->object def_%v_3 %self[2.0,] 	 SYMBOL:	 ARGS:
		 7: %v_3->ip_address def_%v_4 %v_3[2.6,] 	 SYMBOL:	 ARGS:
		 8: %v_4->try def_%v_5 %v_4[2.7,] 	 SYMBOL:to_s,	 ARGS:Symbol,
		 9: RETURN %v_5[2.8,] %self[2.0,2.6,] 
BB 3
	outgoing: 
	datadep: 
	instructions:

