SET IRMethod, name = id instanceMethod = true
BB 1
	outgoing: 3 2 
	datadep: 
	instructions:
BB 2
	outgoing: 3 
	datadep: 
	instructions:
		 0: def_%self 
		 1: def_%v_0 
		 2: COPY TYPE_CurrentScope def_%current_scope 
		 3: COPY TYPE_ScopeModule def_%current_module 
		 4: 
		 5: 
		 6: %self->object def_%v_3 %self[2.0,] 	 SYMBOL:	 ARGS:
		 7: %v_3->[] def_%v_4 %v_3[2.6,] 	 SYMBOL:id,	 ARGS:Symbol,
		 8: RETURN %v_4[2.7,] %self[2.0,2.6,] 
BB 3
	outgoing: 
	datadep: 
	instructions:

SET IRMethod, name = value instanceMethod = true
BB 1
	outgoing: 3 2 
	datadep: 
	instructions:
BB 2
	outgoing: 3 
	datadep: 
	instructions:
		 0: def_%self 
		 1: def_%v_0 
		 2: COPY TYPE_CurrentScope def_%current_scope 
		 3: COPY TYPE_ScopeModule def_%current_module 
		 4: 
		 5: 
		 6: %self->object def_%v_3 %self[2.0,] 	 SYMBOL:	 ARGS:
		 7: %v_3->[] def_%v_4 %v_3[2.6,] 	 SYMBOL:value,	 ARGS:Symbol,
		 8: RETURN %v_4[2.7,] %self[2.0,2.6,] 
BB 3
	outgoing: 
	datadep: 
	instructions:

SET IRMethod, name = overridden? instanceMethod = true
BB 1
	outgoing: 6 2 
	datadep: 
	instructions:
BB 2
	outgoing: 4 6 
	datadep: 
	instructions:
		 0: def_%self 
		 1: def_%v_0 
		 2: COPY TYPE_CurrentScope def_%current_scope 
		 3: COPY TYPE_ScopeModule def_%current_module 
		 4: 
		 5: 
		 6: %self->value def_%v_3 %self[2.0,] 	 SYMBOL:	 ARGS:
		 7: COPY TYPE_PASS def_current_val %v_3[2.6,] 
		 8: 
		 9: (I18n) def_%v_4 
		 10: %v_4->overrides_disabled def_%v_5 %v_4[2.9,] %self[2.0,2.6,] 	 SYMBOL:	 ARGS:%v_4,
CLOSURE BEGIN: %self[2.0,2.6,] current_val[2.7,] 
BB 1
	outgoing: 6 2 
	datadep: 
	instructions:
BB 2
	outgoing: 3 
	datadep: 
	instructions:
		 0: def_%self 
		 1: def_%cl_1_0 
		 2: COPY TYPE_CurrentScope def_%current_scope 
		 3: COPY TYPE_ScopeModule def_%current_module 
BB 3
	outgoing: 4 6 
	datadep: 
	instructions:
		 0: 
		 1: (I18n) def_%cl_1_3 
		 2: %self->object def_%cl_1_4 %self[2.0,] 	 SYMBOL:	 ARGS:
		 3: %cl_1_4->[] def_%cl_1_5 %cl_1_4[3.2,] 	 SYMBOL:id,	 ARGS:Symbol,
		 4: %cl_1_3->t def_%cl_1_6 %cl_1_3[3.1,] %cl_1_5[3.3,] 	 SYMBOL:	 ARGS:%cl_1_5,
		 5: %cl_1_6->!= def_%cl_1_7 %cl_1_6[3.4,] current_val[] 	 SYMBOL:	 ARGS:current_val,
		 6: 
		 7: RETURN %cl_1_7[3.5,] %self[3.2,2.0,] 
BB 4
	outgoing: 6 
	datadep: 
	instructions:
		 0: def_%cl_1_8 
		 1: def_%cl_1_9 %cl_1_8[4.0,] 
		 2: RETURN %cl_1_9[4.1,] %self[2.0,] 
BB 6
	outgoing: 
	datadep: 
	instructions:
CLOSURE END: 
		 11: RETURN %v_5[2.10,] %self[2.0,2.6,] 
BB 4
	outgoing: 6 
	datadep: 
	instructions:
		 0: def_%v_6 
		 1: def_%v_7 %v_6[4.0,] 
		 2: RETURN %v_7[4.1,] %self[2.0,] 
BB 6
	outgoing: 
	datadep: 
	instructions:

