SET IRMethod, name = attributes_from_topic instanceMethod = false
BB 1
	outgoing: 6 2 
	datadep: 
	instructions:
BB 2
	outgoing: 4 6 
	datadep: 
	instructions:
		 0: def_%self 
		 1: def_%v_0 
		 2: COPY TYPE_CurrentScope def_%current_scope 
		 3: COPY TYPE_ScopeModule def_%current_module 
		 4: 
		 5: RECEIVEARG def_list 
		 6: 
		 7: COPY TYPE_Array def_%v_3 list[2.5,] 
		 8: %v_3->flatten def_%v_4 %v_3[2.7,] 	 SYMBOL:	 ARGS:
		 9: %v_4->each def_%v_5 %v_4[2.8,] %self[2.0,] 	 SYMBOL:	 ARGS:%v_4,
CLOSURE BEGIN: %self[2.0,] attribute[] 
BB 1
	outgoing: 6 2 
	datadep: 
	instructions:
BB 2
	outgoing: 3 
	datadep: 
	instructions:
		 0: def_%self 
		 1: def_%cl_1_0 
		 2: RECEIVEARG def_attribute 
		 3: COPY TYPE_CurrentScope def_%current_scope 
		 4: COPY TYPE_ScopeModule def_%current_module 
BB 3
	outgoing: 4 6 
	datadep: 
	instructions:
		 0: 
		 1: %self->attributes def_%cl_1_3 %self[2.0,] attribute[2.2,] 	 SYMBOL:	 ARGS:attribute,
		 2: 
		 3: COPY TYPE_StringLiteral "def " def_%cl_1_4 
		 4: COPY TYPE_StringLiteral "
        object.topic." def_%cl_1_5 
		 5: 
		 6: COPY TYPE_StringLiteral "
      end" def_%cl_1_6 
		 7: BUILDSTRING def_%cl_1_7 %cl_1_4[3.3,] attribute[2.2,] %cl_1_5[3.4,] attribute[2.2,] %cl_1_6[3.6,] 
		 8: %self->class_eval def_%cl_1_8 %self[3.1,2.0,] %cl_1_7[3.7,] 	 SYMBOL:	 ARGS:%cl_1_7,
		 9: RETURN %cl_1_8[3.8,] %self[3.1,3.8,2.0,] 
BB 4
	outgoing: 6 
	datadep: 
	instructions:
		 0: def_%cl_1_9 
		 1: def_%cl_1_10 %cl_1_9[4.0,] 
		 2: RETURN %cl_1_10[4.1,] %self[2.0,] 
BB 6
	outgoing: 
	datadep: 
	instructions:
CLOSURE END: 
		 10: RETURN %v_5[2.9,] %self[2.0,] 
BB 4
	outgoing: 6 
	datadep: 
	instructions:
		 0: def_%v_6 
		 1: def_%v_7 %v_6[4.0,] 
		 2: RETURN %v_7[4.1,] %self[2.0,] 
BB 6
	outgoing: 
	datadep: 
	instructions:

SET IRMethod, name = details instanceMethod = true
BB 1
	outgoing: 42 2 
	datadep: 
	instructions:
BB 2
	outgoing: 3 4 
	datadep: 
	instructions:
		 0: def_%self 
		 1: def_%v_0 
		 2: COPY TYPE_CurrentScope def_%current_scope 
		 3: COPY TYPE_ScopeModule def_%current_module 
		 4: 
		 5: 
		 6: %self->object def_%v_3 %self[2.0,] 	 SYMBOL:	 ARGS:
		 7: %v_3->topic def_%v_4 %v_3[2.6,] 	 SYMBOL:	 ARGS:
		 8: %v_4->auto_close_at def_%v_5 %v_4[2.7,] 	 SYMBOL:	 ARGS:
		 9: %self->object def_%v_6 %self[2.0,2.6,] 	 SYMBOL:	 ARGS:
		 10: %v_6->topic def_%v_7 %v_6[2.9,] 	 SYMBOL:	 ARGS:
		 11: %v_7->auto_close_hours def_%v_8 %v_7[2.10,] 	 SYMBOL:	 ARGS:
		 12: %self->object def_%v_9 %self[2.0,2.6,2.9,] 	 SYMBOL:	 ARGS:
		 13: %v_9->topic def_%v_10 %v_9[2.12,] 	 SYMBOL:	 ARGS:
		 14: %v_10->auto_close_based_on_last_post def_%v_11 %v_10[2.13,] 	 SYMBOL:	 ARGS:
		 15: (BasicUserSerializer) def_%v_12 
		 16: %self->object def_%v_13 %self[2.0,2.6,2.9,2.12,] 	 SYMBOL:	 ARGS:
		 17: %v_13->topic def_%v_14 %v_13[2.16,] 	 SYMBOL:	 ARGS:
		 18: %v_14->user def_%v_15 %v_14[2.17,] 	 SYMBOL:	 ARGS:
		 19: %self->scope def_%v_16 %self[2.0,2.6,2.9,2.12,2.16,] 	 SYMBOL:	 ARGS:
		 20: HASH-scope-root- def_%v_17 %v_16[2.19,] 
		 21: %v_12->new def_%v_18 %v_12[2.15,] %v_15[2.18,] %v_17[2.20,] 	 SYMBOL:	 ARGS:%v_15,%v_17,
		 22: (BasicUserSerializer) def_%v_19 
		 23: %self->object def_%v_20 %self[2.0,2.6,2.9,2.12,2.16,2.19,] 	 SYMBOL:	 ARGS:
		 24: %v_20->topic def_%v_21 %v_20[2.23,] 	 SYMBOL:	 ARGS:
		 25: %v_21->last_poster def_%v_22 %v_21[2.24,] 	 SYMBOL:	 ARGS:
		 26: %self->scope def_%v_23 %self[2.0,2.6,2.9,2.12,2.16,2.19,2.23,] 	 SYMBOL:	 ARGS:
		 27: HASH-scope-root- def_%v_24 %v_23[2.26,] 
		 28: %v_19->new def_%v_25 %v_19[2.22,] %v_22[2.25,] %v_24[2.27,] 	 SYMBOL:	 ARGS:%v_22,%v_24,
		 29: HASH-auto_close_at-auto_close_hours-auto_close_based_on_last_post-created_by-last_poster- def_%v_26 %v_5[2.8,] %v_8[2.11,] %v_11[2.14,] %v_18[2.21,] %v_25[2.28,] 
		 30: COPY TYPE_PASS def_result %v_26[2.29,] 
		 31: 
		 32: %self->object def_%v_27 %self[2.0,2.6,2.9,2.12,2.16,2.19,2.23,2.26,] 	 SYMBOL:	 ARGS:
		 33: %v_27->topic def_%v_28 %v_27[2.32,] 	 SYMBOL:	 ARGS:
		 34: %v_28->private_message? def_%v_29 %v_28[2.33,] 	 SYMBOL:	 ARGS:
		 35: BRANCH %v_29[2.34,] 
BB 3
	outgoing: 5 
	datadep: 
	instructions:
		 0: 
		 1: (Set) def_%v_30 
		 2: %v_30->new def_%v_31 %v_30[3.1,] 	 SYMBOL:	 ARGS:
		 3: COPY TYPE_PASS def_allowed_user_ids %v_31[3.2,] 
		 4: 
		 5: %self->object def_%v_32 %self[2.0,] 	 SYMBOL:	 ARGS:
		 6: %v_32->topic def_%v_33 %v_32[3.5,] 	 SYMBOL:	 ARGS:
		 7: %v_33->allowed_groups def_%v_34 %v_33[3.6,] 	 SYMBOL:	 ARGS:
		 8: %v_34->map def_%v_35 %v_34[3.7,] %self[3.5,2.0,] 	 SYMBOL:	 ARGS:%v_34,
CLOSURE BEGIN: group[] allowed_user_ids[3.3,] %self[3.5,2.0,] 
BB 1
	outgoing: 6 2 
	datadep: 
	instructions:
BB 2
	outgoing: 3 
	datadep: 
	instructions:
		 0: def_%self 
		 1: def_%cl_1_0 
		 2: RECEIVEARG def_group 
		 3: COPY TYPE_CurrentScope def_%current_scope 
		 4: COPY TYPE_ScopeModule def_%current_module 
BB 3
	outgoing: 4 6 
	datadep: 
	instructions:
		 0: 
		 1: (GroupUser) def_%cl_1_3 
		 2: HASH-group- def_%cl_1_4 group[2.2,] 
		 3: %cl_1_3->where def_%cl_1_5 %cl_1_3[3.1,] %cl_1_4[3.2,] 	 SYMBOL:	 ARGS:%cl_1_4,
		 4: %cl_1_5->pluck def_%cl_1_6 %cl_1_5[3.3,] 	 SYMBOL:user_id,	 ARGS:Symbol,
		 5: allowed_user_ids->merge def_%cl_1_7 allowed_user_ids[] %cl_1_6[3.4,] 	 SYMBOL:	 ARGS:%cl_1_6,
		 6: 
		 7: (BasicGroupSerializer) def_%cl_1_8 
		 8: %self->scope def_%cl_1_9 %self[2.0,] 	 SYMBOL:	 ARGS:
		 9: HASH-scope-root- def_%cl_1_10 %cl_1_9[3.8,] 
		 10: %cl_1_8->new def_%cl_1_11 %cl_1_8[3.7,] group[2.2,] %cl_1_10[3.9,] 	 SYMBOL:	 ARGS:group,%cl_1_10,
		 11: RETURN %cl_1_11[3.10,] %self[3.8,2.0,] 
BB 4
	outgoing: 6 
	datadep: 
	instructions:
		 0: def_%cl_1_12 
		 1: def_%cl_1_13 %cl_1_12[4.0,] 
		 2: RETURN %cl_1_13[4.1,] %self[2.0,] 
BB 6
	outgoing: 
	datadep: 
	instructions:
CLOSURE END: 
		 9: ATTRASSIGN result->[] %v_35[3.8,] 
		 10: 
		 11: %self->object def_%v_36 %self[3.5,2.0,] 	 SYMBOL:	 ARGS:
		 12: %v_36->topic def_%v_37 %v_36[3.11,] 	 SYMBOL:	 ARGS:
		 13: %v_37->allowed_users def_%v_38 %v_37[3.12,] 	 SYMBOL:	 ARGS:
		 14: %v_38->select def_%v_39 %v_38[3.13,] %self[3.5,3.11,2.0,] 	 SYMBOL:	 ARGS:%v_38,
CLOSURE BEGIN: user[] allowed_user_ids[3.3,] 
BB 1
	outgoing: 6 2 
	datadep: 
	instructions:
BB 2
	outgoing: 3 
	datadep: 
	instructions:
		 0: def_%self 
		 1: def_%cl_2_0 
		 2: RECEIVEARG def_user 
		 3: COPY TYPE_CurrentScope def_%current_scope 
		 4: COPY TYPE_ScopeModule def_%current_module 
BB 3
	outgoing: 4 6 
	datadep: 
	instructions:
		 0: 
		 1: user->id def_%cl_2_3 user[2.2,] 	 SYMBOL:	 ARGS:
		 2: allowed_user_ids->include? def_%cl_2_4 allowed_user_ids[] %cl_2_3[3.1,] 	 SYMBOL:	 ARGS:%cl_2_3,
		 3: %cl_2_4->! def_%cl_2_5 %cl_2_4[3.2,] 	 SYMBOL:	 ARGS:
		 4: RETURN %cl_2_5[3.3,] %self[2.0,] 
BB 4
	outgoing: 6 
	datadep: 
	instructions:
		 0: def_%cl_2_6 
		 1: def_%cl_2_7 %cl_2_6[4.0,] 
		 2: RETURN %cl_2_7[4.1,] %self[2.0,] 
BB 6
	outgoing: 
	datadep: 
	instructions:
CLOSURE END: 
		 15: %v_39->map def_%v_40 %v_39[3.14,] %self[3.5,3.11,2.0,] 	 SYMBOL:	 ARGS:%v_39,
CLOSURE BEGIN: %self[3.5,3.11,2.0,] user[3.14,] 
BB 1
	outgoing: 6 2 
	datadep: 
	instructions:
BB 2
	outgoing: 3 
	datadep: 
	instructions:
		 0: def_%self 
		 1: def_%cl_3_0 
		 2: RECEIVEARG def_user 
		 3: COPY TYPE_CurrentScope def_%current_scope 
		 4: COPY TYPE_ScopeModule def_%current_module 
BB 3
	outgoing: 4 6 
	datadep: 
	instructions:
		 0: 
		 1: (BasicUserSerializer) def_%cl_3_3 
		 2: %self->scope def_%cl_3_4 %self[2.0,] 	 SYMBOL:	 ARGS:
		 3: HASH-scope-root- def_%cl_3_5 %cl_3_4[3.2,] 
		 4: %cl_3_3->new def_%cl_3_6 %cl_3_3[3.1,] user[2.2,] %cl_3_5[3.3,] 	 SYMBOL:	 ARGS:user,%cl_3_5,
		 5: RETURN %cl_3_6[3.4,] %self[3.2,2.0,] 
BB 4
	outgoing: 6 
	datadep: 
	instructions:
		 0: def_%cl_3_7 
		 1: def_%cl_3_8 %cl_3_7[4.0,] 
		 2: RETURN %cl_3_8[4.1,] %self[2.0,] 
BB 6
	outgoing: 
	datadep: 
	instructions:
CLOSURE END: 
		 16: ATTRASSIGN result->[] %v_40[3.15,] 
		 17: 
BB 4
	outgoing: 5 
	datadep: 
	instructions:
		 0: COPY TYPE_Nil def_%v_40 
BB 5
	outgoing: 6 7 
	datadep: 
	instructions:
		 0: 
		 1: %self->object def_%v_41 %self[2.0,] 	 SYMBOL:	 ARGS:
		 2: %v_41->post_counts_by_user def_%v_42 %v_41[5.1,] 	 SYMBOL:	 ARGS:
		 3: %v_42->present? def_%v_43 %v_42[5.2,] 	 SYMBOL:	 ARGS:
		 4: BRANCH %v_43[5.3,] 
BB 6
	outgoing: 8 
	datadep: 
	instructions:
		 0: 
		 1: %self->object def_%v_44 %self[2.0,] 	 SYMBOL:	 ARGS:
		 2: %v_44->post_counts_by_user def_%v_45 %v_44[6.1,] 	 SYMBOL:	 ARGS:
		 3: %v_45->map def_%v_46 %v_45[6.2,] %self[6.1,2.0,] 	 SYMBOL:	 ARGS:%v_45,
CLOSURE BEGIN: %self[6.1,2.0,] pc[] 
BB 1
	outgoing: 6 2 
	datadep: 
	instructions:
BB 2
	outgoing: 3 
	datadep: 
	instructions:
		 0: def_%self 
		 1: def_%cl_4_0 
		 2: RECEIVEARG def_pc 
		 3: COPY TYPE_CurrentScope def_%current_scope 
		 4: COPY TYPE_ScopeModule def_%current_module 
BB 3
	outgoing: 4 6 
	datadep: 
	instructions:
		 0: 
		 1: (TopicPostCountSerializer) def_%cl_4_3 
		 2: %self->object def_%cl_4_4 %self[2.0,] 	 SYMBOL:	 ARGS:
		 3: %cl_4_4->participants def_%cl_4_5 %cl_4_4[3.2,] 	 SYMBOL:	 ARGS:
		 4: pc->[] def_%cl_4_6 pc[2.2,] 	 SYMBOL:	 ARGS:Fixnum,
		 5: %cl_4_5->[] def_%cl_4_7 %cl_4_5[3.3,] %cl_4_6[3.4,] 	 SYMBOL:	 ARGS:%cl_4_6,
		 6: pc->[] def_%cl_4_8 pc[3.4,2.2,] 	 SYMBOL:	 ARGS:Fixnum,
		 7: HASH-user-post_count- def_%cl_4_9 %cl_4_7[3.5,] %cl_4_8[3.6,] 
		 8: %self->scope def_%cl_4_10 %self[3.2,2.0,] 	 SYMBOL:	 ARGS:
		 9: HASH-scope-root- def_%cl_4_11 %cl_4_10[3.8,] 
		 10: %cl_4_3->new def_%cl_4_12 %cl_4_3[3.1,] %cl_4_9[3.7,] %cl_4_11[3.9,] 	 SYMBOL:	 ARGS:%cl_4_9,%cl_4_11,
		 11: RETURN %cl_4_12[3.10,] %self[3.2,3.8,2.0,] 
BB 4
	outgoing: 6 
	datadep: 
	instructions:
		 0: def_%cl_4_13 
		 1: def_%cl_4_14 %cl_4_13[4.0,] 
		 2: RETURN %cl_4_14[4.1,] %self[2.0,] 
BB 6
	outgoing: 
	datadep: 
	instructions:
CLOSURE END: 
		 4: ATTRASSIGN result->[] %v_46[6.3,] 
		 5: 
BB 7
	outgoing: 8 
	datadep: 
	instructions:
		 0: COPY TYPE_Nil def_%v_46 
BB 8
	outgoing: 9 10 
	datadep: 
	instructions:
		 0: 
		 1: %self->object def_%v_47 %self[2.0,] 	 SYMBOL:	 ARGS:
		 2: %v_47->suggested_topics def_%v_48 %v_47[8.1,] 	 SYMBOL:	 ARGS:
		 3: %v_48->try def_%v_49 %v_48[8.2,] 	 SYMBOL:topics,	 ARGS:Symbol,
		 4: %v_49->present? def_%v_50 %v_49[8.3,] 	 SYMBOL:	 ARGS:
		 5: BRANCH %v_50[8.4,] 
BB 9
	outgoing: 11 
	datadep: 
	instructions:
		 0: 
		 1: %self->object def_%v_51 %self[2.0,] 	 SYMBOL:	 ARGS:
		 2: %v_51->suggested_topics def_%v_52 %v_51[9.1,] 	 SYMBOL:	 ARGS:
		 3: %v_52->topics def_%v_53 %v_52[9.2,] 	 SYMBOL:	 ARGS:
		 4: %v_53->map def_%v_54 %v_53[9.3,] %self[9.1,2.0,] 	 SYMBOL:	 ARGS:%v_53,
CLOSURE BEGIN: %self[9.1,2.0,] topic[] 
BB 1
	outgoing: 6 2 
	datadep: 
	instructions:
BB 2
	outgoing: 3 
	datadep: 
	instructions:
		 0: def_%self 
		 1: def_%cl_5_0 
		 2: RECEIVEARG def_topic 
		 3: COPY TYPE_CurrentScope def_%current_scope 
		 4: COPY TYPE_ScopeModule def_%current_module 
BB 3
	outgoing: 4 6 
	datadep: 
	instructions:
		 0: 
		 1: (SuggestedTopicSerializer) def_%cl_5_3 
		 2: %self->scope def_%cl_5_4 %self[2.0,] 	 SYMBOL:	 ARGS:
		 3: HASH-scope-root- def_%cl_5_5 %cl_5_4[3.2,] 
		 4: %cl_5_3->new def_%cl_5_6 %cl_5_3[3.1,] topic[2.2,] %cl_5_5[3.3,] 	 SYMBOL:	 ARGS:topic,%cl_5_5,
		 5: RETURN %cl_5_6[3.4,] %self[3.2,2.0,] 
BB 4
	outgoing: 6 
	datadep: 
	instructions:
		 0: def_%cl_5_7 
		 1: def_%cl_5_8 %cl_5_7[4.0,] 
		 2: RETURN %cl_5_8[4.1,] %self[2.0,] 
BB 6
	outgoing: 
	datadep: 
	instructions:
CLOSURE END: 
		 5: ATTRASSIGN result->[] %v_54[9.4,] 
		 6: 
BB 10
	outgoing: 11 
	datadep: 
	instructions:
		 0: COPY TYPE_Nil def_%v_54 
BB 11
	outgoing: 12 13 
	datadep: 
	instructions:
		 0: 
		 1: %self->object def_%v_55 %self[2.0,] 	 SYMBOL:	 ARGS:
		 2: %v_55->links def_%v_56 %v_55[11.1,] 	 SYMBOL:	 ARGS:
		 3: %v_56->present? def_%v_57 %v_56[11.2,] 	 SYMBOL:	 ARGS:
		 4: BRANCH %v_57[11.3,] 
BB 12
	outgoing: 14 
	datadep: 
	instructions:
		 0: 
		 1: %self->object def_%v_58 %self[2.0,] 	 SYMBOL:	 ARGS:
		 2: %v_58->links def_%v_59 %v_58[12.1,] 	 SYMBOL:	 ARGS:
		 3: %v_59->map def_%v_60 %v_59[12.2,] %self[12.1,2.0,] 	 SYMBOL:	 ARGS:%v_59,
CLOSURE BEGIN: %self[12.1,2.0,] user[3.14,3.15,] 
BB 1
	outgoing: 6 2 
	datadep: 
	instructions:
BB 2
	outgoing: 3 
	datadep: 
	instructions:
		 0: def_%self 
		 1: def_%cl_6_0 
		 2: RECEIVEARG def_user 
		 3: COPY TYPE_CurrentScope def_%current_scope 
		 4: COPY TYPE_ScopeModule def_%current_module 
BB 3
	outgoing: 4 6 
	datadep: 
	instructions:
		 0: 
		 1: (TopicLinkSerializer) def_%cl_6_3 
		 2: %self->scope def_%cl_6_4 %self[2.0,] 	 SYMBOL:	 ARGS:
		 3: HASH-scope-root- def_%cl_6_5 %cl_6_4[3.2,] 
		 4: %cl_6_3->new def_%cl_6_6 %cl_6_3[3.1,] user[2.2,] %cl_6_5[3.3,] 	 SYMBOL:	 ARGS:user,%cl_6_5,
		 5: RETURN %cl_6_6[3.4,] %self[3.2,2.0,] 
BB 4
	outgoing: 6 
	datadep: 
	instructions:
		 0: def_%cl_6_7 
		 1: def_%cl_6_8 %cl_6_7[4.0,] 
		 2: RETURN %cl_6_8[4.1,] %self[2.0,] 
BB 6
	outgoing: 
	datadep: 
	instructions:
CLOSURE END: 
		 4: ATTRASSIGN result->[] %v_60[12.3,] 
		 5: 
BB 13
	outgoing: 14 
	datadep: 
	instructions:
		 0: COPY TYPE_Nil def_%v_60 
BB 14
	outgoing: 15 16 
	datadep: 
	instructions:
		 0: 
		 1: %self->has_topic_user? def_%v_61 %self[2.0,] 	 SYMBOL:	 ARGS:
		 2: BRANCH %v_61[14.1,] 
BB 15
	outgoing: 17 
	datadep: 
	instructions:
		 0: 
		 1: %self->object def_%v_62 %self[2.0,] 	 SYMBOL:	 ARGS:
		 2: %v_62->topic_user def_%v_63 %v_62[15.1,] 	 SYMBOL:	 ARGS:
		 3: %v_63->notification_level def_%v_64 %v_63[15.2,] 	 SYMBOL:	 ARGS:
		 4: ATTRASSIGN result->[] %v_64[15.3,] 
		 5: 
		 6: %self->object def_%v_65 %self[15.1,2.0,] 	 SYMBOL:	 ARGS:
		 7: %v_65->topic_user def_%v_66 %v_65[15.6,] 	 SYMBOL:	 ARGS:
		 8: %v_66->notifications_reason_id def_%v_67 %v_66[15.7,] 	 SYMBOL:	 ARGS:
		 9: ATTRASSIGN result->[] %v_67[15.8,] 
		 10: 
BB 16
	outgoing: 17 
	datadep: 
	instructions:
		 0: 
		 1: (TopicUser) def_%v_68 
		 2: %v_68->notification_levels def_%v_69 %v_68[16.1,] 	 SYMBOL:	 ARGS:
		 3: %v_69->[] def_%v_70 %v_69[16.2,] 	 SYMBOL:regular,	 ARGS:Symbol,
		 4: ATTRASSIGN result->[] %v_70[16.3,] 
		 5: COPY TYPE_PASS def_%v_67 %v_70[16.3,] 
BB 17
	outgoing: 18 19 
	datadep: 
	instructions:
		 0: 
		 1: %self->scope def_%v_71 %self[2.0,] 	 SYMBOL:	 ARGS:
		 2: %self->object def_%v_72 %self[17.1,2.0,] 	 SYMBOL:	 ARGS:
		 3: %v_72->topic def_%v_73 %v_72[17.2,] 	 SYMBOL:	 ARGS:
		 4: %v_71->can_move_posts? def_%v_74 %v_71[17.1,] %v_73[17.3,] 	 SYMBOL:	 ARGS:%v_73,
		 5: BRANCH %v_74[17.4,] 
BB 18
	outgoing: 20 
	datadep: 
	instructions:
		 0: ATTRASSIGN result->[] 
		 1: COPY TYPE_Boolean def_%v_75 
		 2: 
BB 19
	outgoing: 20 
	datadep: 
	instructions:
		 0: COPY TYPE_Nil def_%v_75 
BB 20
	outgoing: 21 22 
	datadep: 
	instructions:
		 0: 
		 1: %self->scope def_%v_76 %self[2.0,] 	 SYMBOL:	 ARGS:
		 2: %self->object def_%v_77 %self[20.1,2.0,] 	 SYMBOL:	 ARGS:
		 3: %v_77->topic def_%v_78 %v_77[20.2,] 	 SYMBOL:	 ARGS:
		 4: %v_76->can_edit? def_%v_79 %v_76[20.1,] %v_78[20.3,] 	 SYMBOL:	 ARGS:%v_78,
		 5: BRANCH %v_79[20.4,] 
BB 21
	outgoing: 23 
	datadep: 
	instructions:
		 0: ATTRASSIGN result->[] 
		 1: COPY TYPE_Boolean def_%v_80 
		 2: 
BB 22
	outgoing: 23 
	datadep: 
	instructions:
		 0: COPY TYPE_Nil def_%v_80 
BB 23
	outgoing: 24 25 
	datadep: 
	instructions:
		 0: 
		 1: %self->scope def_%v_81 %self[2.0,] 	 SYMBOL:	 ARGS:
		 2: %self->object def_%v_82 %self[23.1,2.0,] 	 SYMBOL:	 ARGS:
		 3: %v_82->topic def_%v_83 %v_82[23.2,] 	 SYMBOL:	 ARGS:
		 4: %v_81->can_delete? def_%v_84 %v_81[23.1,] %v_83[23.3,] 	 SYMBOL:	 ARGS:%v_83,
		 5: BRANCH %v_84[23.4,] 
BB 24
	outgoing: 26 
	datadep: 
	instructions:
		 0: ATTRASSIGN result->[] 
		 1: COPY TYPE_Boolean def_%v_85 
		 2: 
BB 25
	outgoing: 26 
	datadep: 
	instructions:
		 0: COPY TYPE_Nil def_%v_85 
BB 26
	outgoing: 27 28 
	datadep: 
	instructions:
		 0: 
		 1: %self->scope def_%v_86 %self[2.0,] 	 SYMBOL:	 ARGS:
		 2: %self->object def_%v_87 %self[26.1,2.0,] 	 SYMBOL:	 ARGS:
		 3: %v_87->topic def_%v_88 %v_87[26.2,] 	 SYMBOL:	 ARGS:
		 4: %v_86->can_recover_topic? def_%v_89 %v_86[26.1,] %v_88[26.3,] 	 SYMBOL:	 ARGS:%v_88,
		 5: BRANCH %v_89[26.4,] 
BB 27
	outgoing: 29 
	datadep: 
	instructions:
		 0: ATTRASSIGN result->[] 
		 1: COPY TYPE_Boolean def_%v_90 
		 2: 
BB 28
	outgoing: 29 
	datadep: 
	instructions:
		 0: COPY TYPE_Nil def_%v_90 
BB 29
	outgoing: 30 31 
	datadep: 
	instructions:
		 0: 
		 1: %self->scope def_%v_91 %self[2.0,] 	 SYMBOL:	 ARGS:
		 2: %self->object def_%v_92 %self[29.1,2.0,] 	 SYMBOL:	 ARGS:
		 3: %v_92->topic def_%v_93 %v_92[29.2,] 	 SYMBOL:	 ARGS:
		 4: %v_91->can_remove_allowed_users? def_%v_94 %v_91[29.1,] %v_93[29.3,] 	 SYMBOL:	 ARGS:%v_93,
		 5: BRANCH %v_94[29.4,] 
BB 30
	outgoing: 32 
	datadep: 
	instructions:
		 0: ATTRASSIGN result->[] 
		 1: COPY TYPE_Boolean def_%v_95 
		 2: 
BB 31
	outgoing: 32 
	datadep: 
	instructions:
		 0: COPY TYPE_Nil def_%v_95 
BB 32
	outgoing: 33 34 
	datadep: 
	instructions:
		 0: 
		 1: %self->scope def_%v_96 %self[2.0,] 	 SYMBOL:	 ARGS:
		 2: %self->object def_%v_97 %self[32.1,2.0,] 	 SYMBOL:	 ARGS:
		 3: %v_97->topic def_%v_98 %v_97[32.2,] 	 SYMBOL:	 ARGS:
		 4: %v_96->can_invite_to? def_%v_99 %v_96[32.1,] %v_98[32.3,] 	 SYMBOL:	 ARGS:%v_98,
		 5: BRANCH %v_99[32.4,] 
BB 33
	outgoing: 35 
	datadep: 
	instructions:
		 0: ATTRASSIGN result->[] 
		 1: COPY TYPE_Boolean def_%v_100 
		 2: 
BB 34
	outgoing: 35 
	datadep: 
	instructions:
		 0: COPY TYPE_Nil def_%v_100 
BB 35
	outgoing: 36 37 
	datadep: 
	instructions:
		 0: 
		 1: %self->scope def_%v_101 %self[2.0,] 	 SYMBOL:	 ARGS:
		 2: (Post) def_%v_102 
		 3: %self->object def_%v_103 %self[35.1,2.0,] 	 SYMBOL:	 ARGS:
		 4: %v_103->topic def_%v_104 %v_103[35.3,] 	 SYMBOL:	 ARGS:
		 5: %v_101->can_create? def_%v_105 %v_101[35.1,] %v_102[35.2,] %v_104[35.4,] 	 SYMBOL:	 ARGS:%v_102,%v_104,
		 6: BRANCH %v_105[35.5,] 
BB 36
	outgoing: 38 
	datadep: 
	instructions:
		 0: ATTRASSIGN result->[] 
		 1: COPY TYPE_Boolean def_%v_106 
		 2: 
BB 37
	outgoing: 38 
	datadep: 
	instructions:
		 0: COPY TYPE_Nil def_%v_106 
BB 38
	outgoing: 39 40 
	datadep: 
	instructions:
		 0: 
		 1: %self->scope def_%v_107 %self[2.0,] 	 SYMBOL:	 ARGS:
		 2: %self->object def_%v_108 %self[38.1,2.0,] 	 SYMBOL:	 ARGS:
		 3: %v_108->topic def_%v_109 %v_108[38.2,] 	 SYMBOL:	 ARGS:
		 4: %v_107->can_reply_as_new_topic? def_%v_110 %v_107[38.1,] %v_109[38.3,] 	 SYMBOL:	 ARGS:%v_109,
		 5: BRANCH %v_110[38.4,] 
BB 39
	outgoing: 41 
	datadep: 
	instructions:
		 0: ATTRASSIGN result->[] 
		 1: COPY TYPE_Boolean def_%v_111 
		 2: 
BB 40
	outgoing: 41 
	datadep: 
	instructions:
		 0: COPY TYPE_Nil def_%v_111 
BB 41
	outgoing: 42 
	datadep: 
	instructions:
		 0: 
		 1: %self->actions_summary def_%v_112 %self[2.0,] 	 SYMBOL:	 ARGS:
		 2: %v_112->any? def_%v_113 %v_112[41.1,] %self[41.1,2.0,] 	 SYMBOL:	 ARGS:%v_112,
CLOSURE BEGIN: a[] 
BB 1
	outgoing: 6 2 
	datadep: 
	instructions:
BB 2
	outgoing: 3 
	datadep: 
	instructions:
		 0: def_%self 
		 1: def_%cl_7_0 
		 2: RECEIVEARG def_a 
		 3: COPY TYPE_CurrentScope def_%current_scope 
		 4: COPY TYPE_ScopeModule def_%current_module 
BB 3
	outgoing: 4 6 
	datadep: 
	instructions:
		 0: 
		 1: a->[] def_%cl_7_3 a[2.2,] 	 SYMBOL:can_act,	 ARGS:Symbol,
		 2: RETURN %cl_7_3[3.1,] %self[2.0,] 
BB 4
	outgoing: 6 
	datadep: 
	instructions:
		 0: def_%cl_7_4 
		 1: def_%cl_7_5 %cl_7_4[4.0,] 
		 2: RETURN %cl_7_5[4.1,] %self[2.0,] 
BB 6
	outgoing: 
	datadep: 
	instructions:
CLOSURE END: 
		 3: ATTRASSIGN result->[] %v_113[41.2,] 
		 4: 
		 5: RETURN result[41.3,39.0,36.0,33.0,30.0,27.0,24.0,21.0,18.0,16.4,15.4,15.9,12.4,9.5,6.4,3.9,3.16,2.30,] %self[41.1,2.0,] 
BB 42
	outgoing: 
	datadep: 
	instructions:

SET IRMethod, name = chunk_size instanceMethod = true
BB 1
	outgoing: 3 2 
	datadep: 
	instructions:
BB 2
	outgoing: 3 
	datadep: 
	instructions:
		 0: def_%self 
		 1: def_%v_0 
		 2: COPY TYPE_CurrentScope def_%current_scope 
		 3: COPY TYPE_ScopeModule def_%current_module 
		 4: 
		 5: 
		 6: %self->object def_%v_3 %self[2.0,] 	 SYMBOL:	 ARGS:
		 7: %v_3->chunk_size def_%v_4 %v_3[2.6,] 	 SYMBOL:	 ARGS:
		 8: RETURN %v_4[2.7,] %self[2.0,2.6,] 
BB 3
	outgoing: 
	datadep: 
	instructions:

SET IRMethod, name = is_warning instanceMethod = true
BB 1
	outgoing: 5 2 
	datadep: 
	instructions:
BB 2
	outgoing: 3 4 
	datadep: 
	instructions:
		 0: def_%self 
		 1: def_%v_0 
		 2: COPY TYPE_CurrentScope def_%current_scope 
		 3: COPY TYPE_ScopeModule def_%current_module 
		 4: 
		 5: 
		 6: %self->object def_%v_3 %self[2.0,] 	 SYMBOL:	 ARGS:
		 7: %v_3->topic def_%v_4 %v_3[2.6,] 	 SYMBOL:	 ARGS:
		 8: %v_4->private_message? def_%v_5 %v_4[2.7,] 	 SYMBOL:	 ARGS:
		 9: BRANCH %v_5[2.8,] 
BB 3
	outgoing: 5 
	datadep: 
	instructions:
		 0: %self->object def_%v_6 %self[2.0,] 	 SYMBOL:	 ARGS:
		 1: %v_6->topic def_%v_7 %v_6[3.0,] 	 SYMBOL:	 ARGS:
		 2: %v_7->subtype def_%v_8 %v_7[3.1,] 	 SYMBOL:	 ARGS:
		 3: (TopicSubtype) def_%v_9 
		 4: %v_9->moderator_warning def_%v_10 %v_9[3.3,] 	 SYMBOL:	 ARGS:
		 5: %v_8->== def_%v_11 %v_8[3.2,] %v_10[3.4,] 	 SYMBOL:	 ARGS:%v_10,
		 6: RETURN %v_11[3.5,] %self[3.0,2.0,] 
BB 4
	outgoing: 5 
	datadep: 
	instructions:
		 0: RETURN %v_5[2.8,] %self[2.0,] 
BB 5
	outgoing: 
	datadep: 
	instructions:

SET IRMethod, name = include_is_warning? instanceMethod = true
BB 1
	outgoing: 3 2 
	datadep: 
	instructions:
BB 2
	outgoing: 3 
	datadep: 
	instructions:
		 0: def_%self 
		 1: def_%v_0 
		 2: COPY TYPE_CurrentScope def_%current_scope 
		 3: COPY TYPE_ScopeModule def_%current_module 
		 4: 
		 5: 
		 6: %self->is_warning def_%v_3 %self[2.0,] 	 SYMBOL:	 ARGS:
		 7: RETURN %v_3[2.6,] %self[2.0,2.6,] 
BB 3
	outgoing: 
	datadep: 
	instructions:

SET IRMethod, name = draft instanceMethod = true
BB 1
	outgoing: 3 2 
	datadep: 
	instructions:
BB 2
	outgoing: 3 
	datadep: 
	instructions:
		 0: def_%self 
		 1: def_%v_0 
		 2: COPY TYPE_CurrentScope def_%current_scope 
		 3: COPY TYPE_ScopeModule def_%current_module 
		 4: 
		 5: 
		 6: %self->object def_%v_3 %self[2.0,] 	 SYMBOL:	 ARGS:
		 7: %v_3->draft def_%v_4 %v_3[2.6,] 	 SYMBOL:	 ARGS:
		 8: RETURN %v_4[2.7,] %self[2.0,2.6,] 
BB 3
	outgoing: 
	datadep: 
	instructions:

SET IRMethod, name = draft_key instanceMethod = true
BB 1
	outgoing: 3 2 
	datadep: 
	instructions:
BB 2
	outgoing: 3 
	datadep: 
	instructions:
		 0: def_%self 
		 1: def_%v_0 
		 2: COPY TYPE_CurrentScope def_%current_scope 
		 3: COPY TYPE_ScopeModule def_%current_module 
		 4: 
		 5: 
		 6: %self->object def_%v_3 %self[2.0,] 	 SYMBOL:	 ARGS:
		 7: %v_3->draft_key def_%v_4 %v_3[2.6,] 	 SYMBOL:	 ARGS:
		 8: RETURN %v_4[2.7,] %self[2.0,2.6,] 
BB 3
	outgoing: 
	datadep: 
	instructions:

SET IRMethod, name = draft_sequence instanceMethod = true
BB 1
	outgoing: 3 2 
	datadep: 
	instructions:
BB 2
	outgoing: 3 
	datadep: 
	instructions:
		 0: def_%self 
		 1: def_%v_0 
		 2: COPY TYPE_CurrentScope def_%current_scope 
		 3: COPY TYPE_ScopeModule def_%current_module 
		 4: 
		 5: 
		 6: %self->object def_%v_3 %self[2.0,] 	 SYMBOL:	 ARGS:
		 7: %v_3->draft_sequence def_%v_4 %v_3[2.6,] 	 SYMBOL:	 ARGS:
		 8: RETURN %v_4[2.7,] %self[2.0,2.6,] 
BB 3
	outgoing: 
	datadep: 
	instructions:

SET IRMethod, name = include_message_archived? instanceMethod = true
BB 1
	outgoing: 3 2 
	datadep: 
	instructions:
BB 2
	outgoing: 3 
	datadep: 
	instructions:
		 0: def_%self 
		 1: def_%v_0 
		 2: COPY TYPE_CurrentScope def_%current_scope 
		 3: COPY TYPE_ScopeModule def_%current_module 
		 4: 
		 5: 
		 6: %self->object def_%v_3 %self[2.0,] 	 SYMBOL:	 ARGS:
		 7: %v_3->topic def_%v_4 %v_3[2.6,] 	 SYMBOL:	 ARGS:
		 8: %v_4->private_message? def_%v_5 %v_4[2.7,] 	 SYMBOL:	 ARGS:
		 9: RETURN %v_5[2.8,] %self[2.0,2.6,] 
BB 3
	outgoing: 
	datadep: 
	instructions:

SET IRMethod, name = message_archived instanceMethod = true
BB 1
	outgoing: 3 2 
	datadep: 
	instructions:
BB 2
	outgoing: 3 
	datadep: 
	instructions:
		 0: def_%self 
		 1: def_%v_0 
		 2: COPY TYPE_CurrentScope def_%current_scope 
		 3: COPY TYPE_ScopeModule def_%current_module 
		 4: 
		 5: 
		 6: %self->object def_%v_3 %self[2.0,] 	 SYMBOL:	 ARGS:
		 7: %v_3->topic def_%v_4 %v_3[2.6,] 	 SYMBOL:	 ARGS:
		 8: %self->scope def_%v_5 %self[2.0,2.6,] 	 SYMBOL:	 ARGS:
		 9: %v_5->user def_%v_6 %v_5[2.8,] 	 SYMBOL:	 ARGS:
		 10: %v_4->message_archived? def_%v_7 %v_4[2.7,] %v_6[2.9,] 	 SYMBOL:	 ARGS:%v_6,
		 11: RETURN %v_7[2.10,] %self[2.0,2.6,2.8,] 
BB 3
	outgoing: 
	datadep: 
	instructions:

SET IRMethod, name = deleted_by instanceMethod = true
BB 1
	outgoing: 3 2 
	datadep: 
	instructions:
BB 2
	outgoing: 3 
	datadep: 
	instructions:
		 0: def_%self 
		 1: def_%v_0 
		 2: COPY TYPE_CurrentScope def_%current_scope 
		 3: COPY TYPE_ScopeModule def_%current_module 
		 4: 
		 5: 
		 6: (BasicUserSerializer) def_%v_3 
		 7: %self->object def_%v_4 %self[2.0,] 	 SYMBOL:	 ARGS:
		 8: %v_4->topic def_%v_5 %v_4[2.7,] 	 SYMBOL:	 ARGS:
		 9: %v_5->deleted_by def_%v_6 %v_5[2.8,] 	 SYMBOL:	 ARGS:
		 10: HASH-root- def_%v_7 
		 11: %v_3->new def_%v_8 %v_3[2.6,] %v_6[2.9,] %v_7[2.10,] 	 SYMBOL:	 ARGS:%v_6,%v_7,
		 12: %v_8->as_json def_%v_9 %v_8[2.11,] 	 SYMBOL:	 ARGS:
		 13: RETURN %v_9[2.12,] %self[2.0,2.7,] 
BB 3
	outgoing: 
	datadep: 
	instructions:

SET IRMethod, name = has_topic_user? instanceMethod = true
BB 1
	outgoing: 3 2 
	datadep: 
	instructions:
BB 2
	outgoing: 3 
	datadep: 
	instructions:
		 0: def_%self 
		 1: def_%v_0 
		 2: COPY TYPE_CurrentScope def_%current_scope 
		 3: COPY TYPE_ScopeModule def_%current_module 
		 4: 
		 5: 
		 6: %self->object def_%v_3 %self[2.0,] 	 SYMBOL:	 ARGS:
		 7: %v_3->topic_user def_%v_4 %v_3[2.6,] 	 SYMBOL:	 ARGS:
		 8: %v_4->present? def_%v_5 %v_4[2.7,] 	 SYMBOL:	 ARGS:
		 9: RETURN %v_5[2.8,] %self[2.0,2.6,] 
BB 3
	outgoing: 
	datadep: 
	instructions:

SET IRMethod, name = highest_post_number instanceMethod = true
BB 1
	outgoing: 3 2 
	datadep: 
	instructions:
BB 2
	outgoing: 3 
	datadep: 
	instructions:
		 0: def_%self 
		 1: def_%v_0 
		 2: COPY TYPE_CurrentScope def_%current_scope 
		 3: COPY TYPE_ScopeModule def_%current_module 
		 4: 
		 5: 
		 6: %self->object def_%v_3 %self[2.0,] 	 SYMBOL:	 ARGS:
		 7: %v_3->highest_post_number def_%v_4 %v_3[2.6,] 	 SYMBOL:	 ARGS:
		 8: RETURN %v_4[2.7,] %self[2.0,2.6,] 
BB 3
	outgoing: 
	datadep: 
	instructions:

SET IRMethod, name = last_read_post_number instanceMethod = true
BB 1
	outgoing: 3 2 
	datadep: 
	instructions:
BB 2
	outgoing: 3 
	datadep: 
	instructions:
		 0: def_%self 
		 1: def_%v_0 
		 2: COPY TYPE_CurrentScope def_%current_scope 
		 3: COPY TYPE_ScopeModule def_%current_module 
		 4: 
		 5: 
		 6: %self->object def_%v_3 %self[2.0,] 	 SYMBOL:	 ARGS:
		 7: %v_3->topic_user def_%v_4 %v_3[2.6,] 	 SYMBOL:	 ARGS:
		 8: %v_4->last_read_post_number def_%v_5 %v_4[2.7,] 	 SYMBOL:	 ARGS:
		 9: RETURN %v_5[2.8,] %self[2.0,2.6,] 
BB 3
	outgoing: 
	datadep: 
	instructions:

SET IRMethod, name = posted instanceMethod = true
BB 1
	outgoing: 3 2 
	datadep: 
	instructions:
BB 2
	outgoing: 3 
	datadep: 
	instructions:
		 0: def_%self 
		 1: def_%v_0 
		 2: COPY TYPE_CurrentScope def_%current_scope 
		 3: COPY TYPE_ScopeModule def_%current_module 
		 4: 
		 5: 
		 6: %self->object def_%v_3 %self[2.0,] 	 SYMBOL:	 ARGS:
		 7: %v_3->topic_user def_%v_4 %v_3[2.6,] 	 SYMBOL:	 ARGS:
		 8: %v_4->posted? def_%v_5 %v_4[2.7,] 	 SYMBOL:	 ARGS:
		 9: RETURN %v_5[2.8,] %self[2.0,2.6,] 
BB 3
	outgoing: 
	datadep: 
	instructions:

SET IRMethod, name = pinned_globally instanceMethod = true
BB 1
	outgoing: 3 2 
	datadep: 
	instructions:
BB 2
	outgoing: 3 
	datadep: 
	instructions:
		 0: def_%self 
		 1: def_%v_0 
		 2: COPY TYPE_CurrentScope def_%current_scope 
		 3: COPY TYPE_ScopeModule def_%current_module 
		 4: 
		 5: 
		 6: %self->object def_%v_3 %self[2.0,] 	 SYMBOL:	 ARGS:
		 7: %v_3->topic def_%v_4 %v_3[2.6,] 	 SYMBOL:	 ARGS:
		 8: %v_4->pinned_globally def_%v_5 %v_4[2.7,] 	 SYMBOL:	 ARGS:
		 9: RETURN %v_5[2.8,] %self[2.0,2.6,] 
BB 3
	outgoing: 
	datadep: 
	instructions:

SET IRMethod, name = pinned instanceMethod = true
BB 1
	outgoing: 3 2 
	datadep: 
	instructions:
BB 2
	outgoing: 3 
	datadep: 
	instructions:
		 0: def_%self 
		 1: def_%v_0 
		 2: COPY TYPE_CurrentScope def_%current_scope 
		 3: COPY TYPE_ScopeModule def_%current_module 
		 4: 
		 5: 
		 6: (PinnedCheck) def_%v_3 
		 7: %self->object def_%v_4 %self[2.0,] 	 SYMBOL:	 ARGS:
		 8: %v_4->topic def_%v_5 %v_4[2.7,] 	 SYMBOL:	 ARGS:
		 9: %self->object def_%v_6 %self[2.0,2.7,] 	 SYMBOL:	 ARGS:
		 10: %v_6->topic_user def_%v_7 %v_6[2.9,] 	 SYMBOL:	 ARGS:
		 11: %v_3->pinned? def_%v_8 %v_3[2.6,] %v_5[2.8,] %v_7[2.10,] 	 SYMBOL:	 ARGS:%v_5,%v_7,
		 12: RETURN %v_8[2.11,] %self[2.0,2.7,2.9,] 
BB 3
	outgoing: 
	datadep: 
	instructions:

SET IRMethod, name = unpinned instanceMethod = true
BB 1
	outgoing: 3 2 
	datadep: 
	instructions:
BB 2
	outgoing: 3 
	datadep: 
	instructions:
		 0: def_%self 
		 1: def_%v_0 
		 2: COPY TYPE_CurrentScope def_%current_scope 
		 3: COPY TYPE_ScopeModule def_%current_module 
		 4: 
		 5: 
		 6: (PinnedCheck) def_%v_3 
		 7: %self->object def_%v_4 %self[2.0,] 	 SYMBOL:	 ARGS:
		 8: %v_4->topic def_%v_5 %v_4[2.7,] 	 SYMBOL:	 ARGS:
		 9: %self->object def_%v_6 %self[2.0,2.7,] 	 SYMBOL:	 ARGS:
		 10: %v_6->topic_user def_%v_7 %v_6[2.9,] 	 SYMBOL:	 ARGS:
		 11: %v_3->unpinned? def_%v_8 %v_3[2.6,] %v_5[2.8,] %v_7[2.10,] 	 SYMBOL:	 ARGS:%v_5,%v_7,
		 12: RETURN %v_8[2.11,] %self[2.0,2.7,2.9,] 
BB 3
	outgoing: 
	datadep: 
	instructions:

SET IRMethod, name = pinned_at instanceMethod = true
BB 1
	outgoing: 3 2 
	datadep: 
	instructions:
BB 2
	outgoing: 3 
	datadep: 
	instructions:
		 0: def_%self 
		 1: def_%v_0 
		 2: COPY TYPE_CurrentScope def_%current_scope 
		 3: COPY TYPE_ScopeModule def_%current_module 
		 4: 
		 5: 
		 6: %self->object def_%v_3 %self[2.0,] 	 SYMBOL:	 ARGS:
		 7: %v_3->topic def_%v_4 %v_3[2.6,] 	 SYMBOL:	 ARGS:
		 8: %v_4->pinned_at def_%v_5 %v_4[2.7,] 	 SYMBOL:	 ARGS:
		 9: RETURN %v_5[2.8,] %self[2.0,2.6,] 
BB 3
	outgoing: 
	datadep: 
	instructions:

SET IRMethod, name = pinned_until instanceMethod = true
BB 1
	outgoing: 3 2 
	datadep: 
	instructions:
BB 2
	outgoing: 3 
	datadep: 
	instructions:
		 0: def_%self 
		 1: def_%v_0 
		 2: COPY TYPE_CurrentScope def_%current_scope 
		 3: COPY TYPE_ScopeModule def_%current_module 
		 4: 
		 5: 
		 6: %self->object def_%v_3 %self[2.0,] 	 SYMBOL:	 ARGS:
		 7: %v_3->topic def_%v_4 %v_3[2.6,] 	 SYMBOL:	 ARGS:
		 8: %v_4->pinned_until def_%v_5 %v_4[2.7,] 	 SYMBOL:	 ARGS:
		 9: RETURN %v_5[2.8,] %self[2.0,2.6,] 
BB 3
	outgoing: 
	datadep: 
	instructions:

SET IRMethod, name = actions_summary instanceMethod = true
BB 1
	outgoing: 6 2 
	datadep: 
	instructions:
BB 2
	outgoing: 3 4 
	datadep: 
	instructions:
		 0: def_%self 
		 1: def_%v_0 
		 2: COPY TYPE_CurrentScope def_%current_scope 
		 3: COPY TYPE_ScopeModule def_%current_module 
		 4: 
		 5: 
		 6: COPY TYPE_Array def_%v_3 
		 7: COPY TYPE_PASS def_result %v_3[2.6,] 
		 8: 
		 9: %self->object def_%v_4 %self[2.0,] 	 SYMBOL:	 ARGS:
		 10: %v_4->posts def_%v_5 %v_4[2.9,] 	 SYMBOL:	 ARGS:
		 11: %v_5->try def_%v_6 %v_5[2.10,] 	 SYMBOL:first,	 ARGS:Symbol,
		 12: COPY TYPE_PASS def_post %v_6[2.11,] 
		 13: BRANCH %v_6[2.11,] 
BB 3
	outgoing: 6 
	datadep: 
	instructions:
		 0: COPY TYPE_Nil def_%v_7 
		 1: 
		 2: (PostActionType) def_%v_9 
		 3: %v_9->topic_flag_types def_%v_10 %v_9[3.2,] 	 SYMBOL:	 ARGS:
		 4: %v_10->each def_%v_11 %v_10[3.3,] %self[2.0,] 	 SYMBOL:	 ARGS:%v_10,
CLOSURE BEGIN: %self[2.0,] post[2.12,] sym[] id[] result[2.7,] 
BB 1
	outgoing: 6 2 
	datadep: 
	instructions:
BB 2
	outgoing: 3 
	datadep: 
	instructions:
		 0: def_%self 
		 1: def_%cl_1_0 
		 2: RECEIVEARG def_sym 
		 3: RECEIVEARG def_id 
		 4: COPY TYPE_CurrentScope def_%current_scope 
		 5: COPY TYPE_ScopeModule def_%current_module 
BB 3
	outgoing: 4 6 
	datadep: 
	instructions:
		 0: 
		 1: %self->scope def_%cl_1_3 %self[2.0,] 	 SYMBOL:	 ARGS:
		 2: %cl_1_3->post_can_act? def_%cl_1_4 %cl_1_3[3.1,] post[] sym[2.2,] 	 SYMBOL:	 ARGS:post,sym,
		 3: HASH-id-count-hidden-can_act- def_%cl_1_5 id[2.3,] %cl_1_4[3.2,] 
		 4: result-><< def_%cl_1_6 result[] %cl_1_5[3.3,] 	 SYMBOL:	 ARGS:%cl_1_5,
		 5: RETURN %cl_1_6[3.4,] %self[3.1,2.0,] 
BB 4
	outgoing: 6 
	datadep: 
	instructions:
		 0: def_%cl_1_7 
		 1: def_%cl_1_8 %cl_1_7[4.0,] 
		 2: RETURN %cl_1_8[4.1,] %self[2.0,] 
BB 6
	outgoing: 
	datadep: 
	instructions:
CLOSURE END: id[2.3,] 
		 5: 
		 6: RETURN result[2.7,] %self[2.0,] 
BB 4
	outgoing: 6 
	datadep: 
	instructions:
		 0: COPY TYPE_Array def_%v_8 
		 1: RETURN %v_8[4.0,] %self[2.0,] 
BB 6
	outgoing: 
	datadep: 
	instructions:

SET IRMethod, name = has_deleted instanceMethod = true
BB 1
	outgoing: 3 2 
	datadep: 
	instructions:
BB 2
	outgoing: 3 
	datadep: 
	instructions:
		 0: def_%self 
		 1: def_%v_0 
		 2: COPY TYPE_CurrentScope def_%current_scope 
		 3: COPY TYPE_ScopeModule def_%current_module 
		 4: 
		 5: 
		 6: %self->object def_%v_3 %self[2.0,] 	 SYMBOL:	 ARGS:
		 7: %v_3->has_deleted? def_%v_4 %v_3[2.6,] 	 SYMBOL:	 ARGS:
		 8: RETURN %v_4[2.7,] %self[2.0,2.6,] 
BB 3
	outgoing: 
	datadep: 
	instructions:

SET IRMethod, name = include_has_deleted? instanceMethod = true
BB 1
	outgoing: 3 2 
	datadep: 
	instructions:
BB 2
	outgoing: 3 
	datadep: 
	instructions:
		 0: def_%self 
		 1: def_%v_0 
		 2: COPY TYPE_CurrentScope def_%current_scope 
		 3: COPY TYPE_ScopeModule def_%current_module 
		 4: 
		 5: 
		 6: %self->object def_%v_3 %self[2.0,] 	 SYMBOL:	 ARGS:
		 7: %v_3->guardian def_%v_4 %v_3[2.6,] 	 SYMBOL:	 ARGS:
		 8: %v_4->can_see_deleted_posts? def_%v_5 %v_4[2.7,] 	 SYMBOL:	 ARGS:
		 9: RETURN %v_5[2.8,] %self[2.0,2.6,] 
BB 3
	outgoing: 
	datadep: 
	instructions:

SET IRMethod, name = expandable_first_post instanceMethod = true
BB 1
	outgoing: 3 2 
	datadep: 
	instructions:
BB 2
	outgoing: 3 
	datadep: 
	instructions:
		 0: def_%self 
		 1: def_%v_0 
		 2: COPY TYPE_CurrentScope def_%current_scope 
		 3: COPY TYPE_ScopeModule def_%current_module 
		 4: 
		 5: 
		 6: RETURN %self[2.0,] 
BB 3
	outgoing: 
	datadep: 
	instructions:

SET IRMethod, name = include_expandable_first_post? instanceMethod = true
BB 1
	outgoing: 3 2 
	datadep: 
	instructions:
BB 2
	outgoing: 3 
	datadep: 
	instructions:
		 0: def_%self 
		 1: def_%v_0 
		 2: COPY TYPE_CurrentScope def_%current_scope 
		 3: COPY TYPE_ScopeModule def_%current_module 
		 4: 
		 5: 
		 6: %self->object def_%v_3 %self[2.0,] 	 SYMBOL:	 ARGS:
		 7: %v_3->topic def_%v_4 %v_3[2.6,] 	 SYMBOL:	 ARGS:
		 8: %v_4->expandable_first_post? def_%v_5 %v_4[2.7,] 	 SYMBOL:	 ARGS:
		 9: RETURN %v_5[2.8,] %self[2.0,2.6,] 
BB 3
	outgoing: 
	datadep: 
	instructions:

SET IRMethod, name = bookmarked instanceMethod = true
BB 1
	outgoing: 3 2 
	datadep: 
	instructions:
BB 2
	outgoing: 3 
	datadep: 
	instructions:
		 0: def_%self 
		 1: def_%v_0 
		 2: COPY TYPE_CurrentScope def_%current_scope 
		 3: COPY TYPE_ScopeModule def_%current_module 
		 4: 
		 5: 
		 6: %self->object def_%v_3 %self[2.0,] 	 SYMBOL:	 ARGS:
		 7: %v_3->topic_user def_%v_4 %v_3[2.6,] 	 SYMBOL:	 ARGS:
		 8: %v_4->try def_%v_5 %v_4[2.7,] 	 SYMBOL:bookmarked,	 ARGS:Symbol,
		 9: RETURN %v_5[2.8,] %self[2.0,2.6,] 
BB 3
	outgoing: 
	datadep: 
	instructions:

SET IRMethod, name = include_pending_posts_count? instanceMethod = true
BB 1
	outgoing: 5 2 
	datadep: 
	instructions:
BB 2
	outgoing: 3 4 
	datadep: 
	instructions:
		 0: def_%self 
		 1: def_%v_0 
		 2: COPY TYPE_CurrentScope def_%current_scope 
		 3: COPY TYPE_ScopeModule def_%current_module 
		 4: 
		 5: 
		 6: %self->scope def_%v_3 %self[2.0,] 	 SYMBOL:	 ARGS:
		 7: %v_3->is_staff? def_%v_4 %v_3[2.6,] 	 SYMBOL:	 ARGS:
		 8: BRANCH %v_4[2.7,] 
BB 3
	outgoing: 5 
	datadep: 
	instructions:
		 0: (NewPostManager) def_%v_5 
		 1: %v_5->queue_enabled? def_%v_6 %v_5[3.0,] 	 SYMBOL:	 ARGS:
		 2: RETURN %v_6[3.1,] %self[2.0,] 
BB 4
	outgoing: 5 
	datadep: 
	instructions:
		 0: RETURN %v_4[2.7,] %self[2.0,] 
BB 5
	outgoing: 
	datadep: 
	instructions:

