SET IRMethod, name = index instanceMethod = true
BB 1
	outgoing: 3 2 
	datadep: 
	instructions:
BB 2
	outgoing: 3 
	datadep: 
	instructions:
		 0: def_%self 
		 1: def_%v_0 
		 2: COPY TYPE_CurrentScope def_%current_scope 
		 3: COPY TYPE_ScopeModule def_%current_module 
		 4: 
		 5: 
		 6: (Setting) def_%v_3 
		 7: %v_3->my_settings def_%v_4 %v_3[2.6,] 	 SYMBOL:	 ARGS:
		 8: ATTRASSIGN %self->settings %v_4[2.7,] 
		 9: 
		 10: (User) def_%v_5 
		 11: COPY TYPE_StringLiteral "id != ?" def_%v_6 
		 12: %self->current_user def_%v_7 %self[2.0,2.8,] 	 SYMBOL:	 ARGS:
		 13: %v_7->id def_%v_8 %v_7[2.12,] 	 SYMBOL:	 ARGS:
		 14: COPY TYPE_Array def_%v_9 %v_6[2.11,] %v_8[2.13,] 
		 15: HASH-conditions- def_%v_10 %v_9[2.14,] 
		 16: %v_5->find def_%v_11 %v_5[2.10,] %v_10[2.15,] 	 SYMBOL:all,	 ARGS:Symbol,%v_10,
		 17: ATTRASSIGN %self->all_users %v_11[2.16,] 
		 18: 
		 19: COPY TYPE_Array def_%v_12 
		 20: ATTRASSIGN %self->waiting_for_approval_users %v_12[2.19,] 
		 21: 
		 22: COPY TYPE_Array def_%v_13 
		 23: ATTRASSIGN %self->approved_users %v_13[2.22,] 
		 24: 
		 25: GETFIELD %self->all_users def_%v_14 %self[2.0,2.12,2.17,] 
		 26: %v_14->each def_%v_15 %v_14[2.25,] %self[2.0,2.8,2.12,2.17,2.20,2.23,] 	 SYMBOL:	 ARGS:%v_14,
CLOSURE BEGIN: user[] %self[2.0,2.8,2.12,2.17,2.20,2.23,] 
BB 1
	outgoing: 9 2 
	datadep: 
	instructions:
BB 2
	outgoing: 3 
	datadep: 
	instructions:
		 0: def_%self 
		 1: def_%cl_1_0 
		 2: RECEIVEARG def_user 
		 3: COPY TYPE_CurrentScope def_%current_scope 
		 4: COPY TYPE_ScopeModule def_%current_module 
BB 3
	outgoing: 4 5 7 
	datadep: 
	instructions:
		 0: 
		 1: user->registration_status def_%cl_1_3 user[2.2,] 	 SYMBOL:	 ARGS:
		 2: %cl_1_3->waiting_approval? def_%cl_1_4 %cl_1_3[3.1,] 	 SYMBOL:	 ARGS:
		 3: BRANCH %cl_1_4[3.2,] 
BB 4
	outgoing: 6 7 
	datadep: 
	instructions:
		 0: GETFIELD %self->waiting_for_approval_users def_%cl_1_5 %self[2.0,] 
		 1: %cl_1_5->push def_%cl_1_6 %cl_1_5[4.0,] user[2.2,] 	 SYMBOL:	 ARGS:user,
		 2: 
BB 5
	outgoing: 7 9 
	datadep: 
	instructions:
		 0: GETFIELD %self->approved_users def_%cl_1_7 %self[2.0,] 
		 1: %cl_1_7->push def_%cl_1_8 %cl_1_7[5.0,] user[2.2,] 	 SYMBOL:	 ARGS:user,
		 2: RETURN %cl_1_8[5.1,] %self[2.0,] 
BB 6
	outgoing: 9 
	datadep: 
	instructions:
		 0: RETURN %cl_1_6[4.1,] %self[2.0,] 
BB 7
	outgoing: 9 
	datadep: 
	instructions:
		 0: def_%cl_1_9 
		 1: def_%cl_1_10 %cl_1_9[7.0,] 
		 2: RETURN %cl_1_10[7.1,] %self[2.0,] 
BB 9
	outgoing: 
	datadep: 
	instructions:
CLOSURE END: 
		 27: 
		 28: %self->ruby_code_from_view def_%v_16 %self[2.0,2.8,2.12,2.17,2.20,2.23,] 	 SYMBOL:	 ARGS:
		 29: %v_16->ruby_code_from_view def_%v_17 %v_16[2.28,] %self[2.0,2.8,2.12,2.17,2.20,2.23,2.28,] 	 SYMBOL:	 ARGS:%v_16,
CLOSURE BEGIN: %self[2.0,2.8,2.12,2.17,2.20,2.23,2.28,] f[] 
BB 1
	outgoing: 12 2 
	datadep: 
	instructions:
BB 2
	outgoing: 3 
	datadep: 
	instructions:
		 0: def_%self 
		 1: def_%cl_2_0 
		 2: RECEIVEARG def_rb_from_view 
		 3: COPY TYPE_CurrentScope def_%current_scope 
		 4: COPY TYPE_ScopeModule def_%current_module 
BB 3
	outgoing: 4 5 10 
	datadep: 
	instructions:
		 0: 
		 1: %self->content_for def_%cl_2_3 %self[2.0,] %self[2.0,] 	 SYMBOL:head,	 ARGS:Symbol,%self,
CLOSURE BEGIN: %self[2.0,] 
BB 1
	outgoing: 6 2 
	datadep: 
	instructions:
BB 2
	outgoing: 3 
	datadep: 
	instructions:
		 0: def_%self 
		 1: def_%cl_3_0 
		 2: COPY TYPE_CurrentScope def_%current_scope 
		 3: COPY TYPE_ScopeModule def_%current_module 
BB 3
	outgoing: 4 6 
	datadep: 
	instructions:
		 0: 
		 1: COPY TYPE_StringLiteral "admin/admin" def_%cl_3_3 
		 2: %self->javascript_include_tag def_%cl_3_4 %self[2.0,] %cl_3_3[3.1,] 	 SYMBOL:	 ARGS:%cl_3_3,
		 3: RETURN %cl_3_4[3.2,] %self[3.2,2.0,] 
BB 4
	outgoing: 6 
	datadep: 
	instructions:
		 0: def_%cl_3_5 
		 1: def_%cl_3_6 %cl_3_5[4.0,] 
		 2: RETURN %cl_3_6[4.1,] %self[2.0,] 
BB 6
	outgoing: 
	datadep: 
	instructions:
CLOSURE END: 
		 2: 
		 3: %self->content_for def_%cl_2_4 %self[3.1,2.0,] %self[3.1,2.0,] 	 SYMBOL:header,	 ARGS:Symbol,%self,
CLOSURE BEGIN: %self[3.1,2.0,] 
BB 1
	outgoing: 6 2 
	datadep: 
	instructions:
BB 2
	outgoing: 3 
	datadep: 
	instructions:
		 0: def_%self 
		 1: def_%cl_4_0 
		 2: COPY TYPE_CurrentScope def_%current_scope 
		 3: COPY TYPE_ScopeModule def_%current_module 
BB 3
	outgoing: 4 6 
	datadep: 
	instructions:
		 0: 
		 1: COPY TYPE_StringLiteral "icon-angle-left" def_%cl_4_3 
		 2: HASH-class- def_%cl_4_4 %cl_4_3[3.1,] 
		 3: %self->content_tag def_%cl_4_5 %self[2.0,] %cl_4_4[3.2,] 	 SYMBOL:i,	 ARGS:Symbol,Nil,%cl_4_4,
		 4: %self->root_path def_%cl_4_6 %self[3.3,2.0,] 	 SYMBOL:	 ARGS:
		 5: COPY TYPE_StringLiteral "button left" def_%cl_4_7 
		 6: HASH-class- def_%cl_4_8 %cl_4_7[3.5,] 
		 7: %self->link_to def_%cl_4_9 %self[3.3,3.4,2.0,] %cl_4_5[3.3,] %cl_4_6[3.4,] %cl_4_8[3.6,] 	 SYMBOL:	 ARGS:%cl_4_5,%cl_4_6,%cl_4_8,
		 8: RETURN %cl_4_9[3.7,] %self[3.3,3.4,3.7,2.0,] 
BB 4
	outgoing: 6 
	datadep: 
	instructions:
		 0: def_%cl_4_10 
		 1: def_%cl_4_11 %cl_4_10[4.0,] 
		 2: RETURN %cl_4_11[4.1,] %self[2.0,] 
BB 6
	outgoing: 
	datadep: 
	instructions:
CLOSURE END: 
		 4: 
		 5: GETFIELD %self->settings def_%cl_2_5 %self[3.1,3.3,2.0,] 
		 6: %self->admin_update_path def_%cl_2_6 %self[3.1,3.3,2.0,] 	 SYMBOL:	 ARGS:
		 7: HASH-url-method- def_%cl_2_7 %cl_2_6[3.6,] 
		 8: %self->form_for def_%cl_2_8 %self[3.1,3.3,3.6,2.0,] %cl_2_5[3.5,] %cl_2_7[3.7,] %self[3.1,3.3,3.6,2.0,] 	 SYMBOL:	 ARGS:%cl_2_5,%cl_2_7,%self,
CLOSURE BEGIN: f[] %self[3.1,3.3,3.6,2.0,] 
BB 1
	outgoing: 6 2 
	datadep: 
	instructions:
BB 2
	outgoing: 3 
	datadep: 
	instructions:
		 0: def_%self 
		 1: def_%cl_5_0 
		 2: RECEIVEARG def_f 
		 3: COPY TYPE_CurrentScope def_%current_scope 
		 4: COPY TYPE_ScopeModule def_%current_module 
BB 3
	outgoing: 4 6 
	datadep: 
	instructions:
		 0: 
		 1: f->label def_%cl_5_3 f[2.2,] %self[2.0,] 	 SYMBOL:max_rooms,	 ARGS:Symbol,f,
CLOSURE BEGIN: f[2.2,] 
BB 1
	outgoing: 6 2 
	datadep: 
	instructions:
BB 2
	outgoing: 3 
	datadep: 
	instructions:
		 0: def_%self 
		 1: def_%cl_6_0 
		 2: COPY TYPE_CurrentScope def_%current_scope 
		 3: COPY TYPE_ScopeModule def_%current_module 
BB 3
	outgoing: 4 6 
	datadep: 
	instructions:
		 0: 
		 1: COPY TYPE_StringLiteral "input-mini pull-right" def_%cl_6_3 
		 2: HASH-class- def_%cl_6_4 %cl_6_3[3.1,] 
		 3: f->number_field def_%cl_6_5 f[] %cl_6_4[3.2,] 	 SYMBOL:max_rooms,	 ARGS:Symbol,%cl_6_4,
		 4: RETURN %cl_6_5[3.3,] %self[2.0,] 
BB 4
	outgoing: 6 
	datadep: 
	instructions:
		 0: def_%cl_6_6 
		 1: def_%cl_6_7 %cl_6_6[4.0,] 
		 2: RETURN %cl_6_7[4.1,] %self[2.0,] 
BB 6
	outgoing: 
	datadep: 
	instructions:
CLOSURE END: 
		 2: 
		 3: f->label def_%cl_5_4 f[3.1,2.2,] %self[2.0,] 	 SYMBOL:disable_conn_disconn_activity,	 ARGS:Symbol,f,
CLOSURE BEGIN: f[3.1,2.2,] 
BB 1
	outgoing: 6 2 
	datadep: 
	instructions:
BB 2
	outgoing: 3 
	datadep: 
	instructions:
		 0: def_%self 
		 1: def_%cl_7_0 
		 2: COPY TYPE_CurrentScope def_%current_scope 
		 3: COPY TYPE_ScopeModule def_%current_module 
BB 3
	outgoing: 4 6 
	datadep: 
	instructions:
		 0: 
		 1: COPY TYPE_StringLiteral "switch" def_%cl_7_3 
		 2: HASH-class- def_%cl_7_4 %cl_7_3[3.1,] 
		 3: f->check_box def_%cl_7_5 f[] %cl_7_4[3.2,] 	 SYMBOL:disable_conn_disconn_activity,	 ARGS:Symbol,%cl_7_4,
		 4: RETURN %cl_7_5[3.3,] %self[2.0,] 
BB 4
	outgoing: 6 
	datadep: 
	instructions:
		 0: def_%cl_7_6 
		 1: def_%cl_7_7 %cl_7_6[4.0,] 
		 2: RETURN %cl_7_7[4.1,] %self[2.0,] 
BB 6
	outgoing: 
	datadep: 
	instructions:
CLOSURE END: 
		 4: 
		 5: f->label def_%cl_5_5 f[3.1,3.3,2.2,] %self[2.0,] 	 SYMBOL:public_site,	 ARGS:Symbol,f,
CLOSURE BEGIN: f[3.1,3.3,2.2,] 
BB 1
	outgoing: 6 2 
	datadep: 
	instructions:
BB 2
	outgoing: 3 
	datadep: 
	instructions:
		 0: def_%self 
		 1: def_%cl_8_0 
		 2: COPY TYPE_CurrentScope def_%current_scope 
		 3: COPY TYPE_ScopeModule def_%current_module 
BB 3
	outgoing: 4 6 
	datadep: 
	instructions:
		 0: 
		 1: COPY TYPE_StringLiteral "switch" def_%cl_8_3 
		 2: HASH-class- def_%cl_8_4 %cl_8_3[3.1,] 
		 3: f->check_box def_%cl_8_5 f[] %cl_8_4[3.2,] 	 SYMBOL:public_site,	 ARGS:Symbol,%cl_8_4,
		 4: RETURN %cl_8_5[3.3,] %self[2.0,] 
BB 4
	outgoing: 6 
	datadep: 
	instructions:
		 0: def_%cl_8_6 
		 1: def_%cl_8_7 %cl_8_6[4.0,] 
		 2: RETURN %cl_8_7[4.1,] %self[2.0,] 
BB 6
	outgoing: 
	datadep: 
	instructions:
CLOSURE END: 
		 6: 
		 7: COPY TYPE_StringLiteral "btn btn-success" def_%cl_5_6 
		 8: HASH-class- def_%cl_5_7 %cl_5_6[3.7,] 
		 9: f->submit def_%cl_5_8 f[3.1,3.3,3.5,2.2,] %cl_5_7[3.8,] 	 SYMBOL:	 ARGS:%cl_5_7,
		 10: RETURN %cl_5_8[3.9,] %self[2.0,] 
BB 4
	outgoing: 6 
	datadep: 
	instructions:
		 0: def_%cl_5_9 
		 1: def_%cl_5_10 %cl_5_9[4.0,] 
		 2: RETURN %cl_5_10[4.1,] %self[2.0,] 
BB 6
	outgoing: 
	datadep: 
	instructions:
CLOSURE END: 
		 9: 
		 10: %self->user def_%cl_2_9 %self[3.1,3.3,3.6,3.8,2.0,] 	 SYMBOL:	 ARGS:
		 11: %cl_2_9->id def_%cl_2_10 %cl_2_9[3.10,] 	 SYMBOL:	 ARGS:
		 12: 
		 13: %self->user def_%cl_2_11 %self[3.1,3.3,3.6,3.8,3.10,2.0,] 	 SYMBOL:	 ARGS:
		 14: %cl_2_11->full_name_or_username def_%cl_2_12 %cl_2_11[3.13,] 	 SYMBOL:	 ARGS:
		 15: 
		 16: %self->user def_%cl_2_13 %self[3.1,3.3,3.6,3.8,3.10,3.13,2.0,] 	 SYMBOL:	 ARGS:
		 17: HASH-size- def_%cl_2_14 
		 18: %self->avatar_url_for def_%cl_2_15 %self[3.1,3.3,3.6,3.8,3.10,3.13,3.16,2.0,] %cl_2_13[3.16,] %cl_2_14[3.17,] 	 SYMBOL:	 ARGS:%cl_2_13,%cl_2_14,
		 19: COPY TYPE_StringLiteral "avatar" def_%cl_2_16 
		 20: HASH-class- def_%cl_2_17 %cl_2_16[3.19,] 
		 21: %self->image_tag def_%cl_2_18 %self[3.1,3.3,3.6,3.8,3.10,3.13,3.16,3.18,2.0,] %cl_2_15[3.18,] %cl_2_17[3.20,] 	 SYMBOL:	 ARGS:%cl_2_15,%cl_2_17,
		 22: 
		 23: %self->user def_%cl_2_19 %self[3.1,3.3,3.6,3.8,3.10,3.13,3.16,3.18,3.21,2.0,] 	 SYMBOL:	 ARGS:
		 24: %cl_2_19->full_name def_%cl_2_20 %cl_2_19[3.23,] 	 SYMBOL:	 ARGS:
		 25: %cl_2_20->blank? def_%cl_2_21 %cl_2_20[3.24,] 	 SYMBOL:	 ARGS:
		 26: BRANCH %cl_2_21[3.25,] 
BB 4
	outgoing: 6 10 
	datadep: 
	instructions:
		 0: 
		 1: %self->user def_%cl_2_22 %self[2.0,] 	 SYMBOL:	 ARGS:
		 2: %cl_2_22->username def_%cl_2_23 %cl_2_22[4.1,] 	 SYMBOL:	 ARGS:
		 3: 
BB 5
	outgoing: 6 10 
	datadep: 
	instructions:
		 0: 
		 1: %self->user def_%cl_2_24 %self[2.0,] 	 SYMBOL:	 ARGS:
		 2: %cl_2_24->full_name def_%cl_2_25 %cl_2_24[5.1,] 	 SYMBOL:	 ARGS:
		 3: COPY TYPE_StringLiteral " (" def_%cl_2_26 
		 4: %self->user def_%cl_2_27 %self[5.1,2.0,] 	 SYMBOL:	 ARGS:
		 5: %cl_2_27->username def_%cl_2_28 %cl_2_27[5.4,] 	 SYMBOL:	 ARGS:
		 6: COPY TYPE_StringLiteral ")" def_%cl_2_29 
		 7: BUILDSTRING def_%cl_2_30 %cl_2_25[5.2,] %cl_2_26[5.3,] %cl_2_28[5.5,] %cl_2_29[5.6,] 
		 8: COPY TYPE_PASS def_%cl_2_23 %cl_2_30[5.7,] 
BB 6
	outgoing: 7 8 10 
	datadep: 
	instructions:
		 0: 
		 1: %self->user def_%cl_2_31 %self[2.0,] 	 SYMBOL:	 ARGS:
		 2: %cl_2_31->email def_%cl_2_32 %cl_2_31[6.1,] 	 SYMBOL:	 ARGS:
		 3: 
		 4: %self->user def_%cl_2_33 %self[6.1,2.0,] 	 SYMBOL:	 ARGS:
		 5: %self->user_status_badge def_%cl_2_34 %self[6.1,6.4,2.0,] %cl_2_33[6.4,] 	 SYMBOL:	 ARGS:%cl_2_33,
		 6: 
		 7: %self->user def_%cl_2_35 %self[6.1,6.4,6.5,2.0,] 	 SYMBOL:	 ARGS:
		 8: %self->user_status_button def_%cl_2_36 %self[6.1,6.4,6.5,6.7,2.0,] %cl_2_35[6.7,] 	 SYMBOL:	 ARGS:%cl_2_35,
		 9: 
		 10: %self->user def_%cl_2_37 %self[6.1,6.4,6.5,6.7,6.8,2.0,] 	 SYMBOL:	 ARGS:
		 11: %self->user_admin_button def_%cl_2_38 %self[6.1,6.4,6.5,6.7,6.8,6.10,2.0,] %cl_2_37[6.10,] 	 SYMBOL:	 ARGS:%cl_2_37,
		 12: 
		 13: %self->user def_%cl_2_39 %self[6.1,6.4,6.5,6.7,6.8,6.10,6.11,2.0,] 	 SYMBOL:	 ARGS:
		 14: %cl_2_39->id def_%cl_2_40 %cl_2_39[6.13,] 	 SYMBOL:	 ARGS:
		 15: 
		 16: %self->user def_%cl_2_41 %self[6.1,6.4,6.5,6.7,6.8,6.10,6.11,6.13,2.0,] 	 SYMBOL:	 ARGS:
		 17: %cl_2_41->full_name_or_username def_%cl_2_42 %cl_2_41[6.16,] 	 SYMBOL:	 ARGS:
		 18: 
		 19: %self->user def_%cl_2_43 %self[6.1,6.4,6.5,6.7,6.8,6.10,6.11,6.13,6.16,2.0,] 	 SYMBOL:	 ARGS:
		 20: HASH-size- def_%cl_2_44 
		 21: %self->avatar_url_for def_%cl_2_45 %self[6.1,6.4,6.5,6.7,6.8,6.10,6.11,6.13,6.16,6.19,2.0,] %cl_2_43[6.19,] %cl_2_44[6.20,] 	 SYMBOL:	 ARGS:%cl_2_43,%cl_2_44,
		 22: COPY TYPE_StringLiteral "avatar" def_%cl_2_46 
		 23: HASH-class- def_%cl_2_47 %cl_2_46[6.22,] 
		 24: %self->image_tag def_%cl_2_48 %self[6.1,6.4,6.5,6.7,6.8,6.10,6.11,6.13,6.16,6.19,6.21,2.0,] %cl_2_45[6.21,] %cl_2_47[6.23,] 	 SYMBOL:	 ARGS:%cl_2_45,%cl_2_47,
		 25: 
		 26: %self->user def_%cl_2_49 %self[6.1,6.4,6.5,6.7,6.8,6.10,6.11,6.13,6.16,6.19,6.21,6.24,2.0,] 	 SYMBOL:	 ARGS:
		 27: %cl_2_49->full_name def_%cl_2_50 %cl_2_49[6.26,] 	 SYMBOL:	 ARGS:
		 28: %cl_2_50->blank? def_%cl_2_51 %cl_2_50[6.27,] 	 SYMBOL:	 ARGS:
		 29: BRANCH %cl_2_51[6.28,] 
BB 7
	outgoing: 9 10 
	datadep: 
	instructions:
		 0: 
		 1: %self->user def_%cl_2_52 %self[2.0,] 	 SYMBOL:	 ARGS:
		 2: %cl_2_52->username def_%cl_2_53 %cl_2_52[7.1,] 	 SYMBOL:	 ARGS:
		 3: 
BB 8
	outgoing: 9 10 
	datadep: 
	instructions:
		 0: 
		 1: %self->user def_%cl_2_54 %self[2.0,] 	 SYMBOL:	 ARGS:
		 2: %cl_2_54->full_name def_%cl_2_55 %cl_2_54[8.1,] 	 SYMBOL:	 ARGS:
		 3: COPY TYPE_StringLiteral " (" def_%cl_2_56 
		 4: %self->user def_%cl_2_57 %self[8.1,2.0,] 	 SYMBOL:	 ARGS:
		 5: %cl_2_57->username def_%cl_2_58 %cl_2_57[8.4,] 	 SYMBOL:	 ARGS:
		 6: COPY TYPE_StringLiteral ")" def_%cl_2_59 
		 7: BUILDSTRING def_%cl_2_60 %cl_2_55[8.2,] %cl_2_56[8.3,] %cl_2_58[8.5,] %cl_2_59[8.6,] 
		 8: COPY TYPE_PASS def_%cl_2_53 %cl_2_60[8.7,] 
BB 9
	outgoing: 10 12 
	datadep: 
	instructions:
		 0: 
		 1: %self->user def_%cl_2_61 %self[2.0,] 	 SYMBOL:	 ARGS:
		 2: %cl_2_61->email def_%cl_2_62 %cl_2_61[9.1,] 	 SYMBOL:	 ARGS:
		 3: 
		 4: %self->user def_%cl_2_63 %self[9.1,2.0,] 	 SYMBOL:	 ARGS:
		 5: %self->user_status_badge def_%cl_2_64 %self[9.1,9.4,2.0,] %cl_2_63[9.4,] 	 SYMBOL:	 ARGS:%cl_2_63,
		 6: 
		 7: %self->user def_%cl_2_65 %self[9.1,9.4,9.5,2.0,] 	 SYMBOL:	 ARGS:
		 8: %self->user_status_button def_%cl_2_66 %self[9.1,9.4,9.5,9.7,2.0,] %cl_2_65[9.7,] 	 SYMBOL:	 ARGS:%cl_2_65,
		 9: 
		 10: %self->user def_%cl_2_67 %self[9.1,9.4,9.5,9.7,9.8,2.0,] 	 SYMBOL:	 ARGS:
		 11: %self->user_admin_button def_%cl_2_68 %self[9.1,9.4,9.5,9.7,9.8,9.10,2.0,] %cl_2_67[9.10,] 	 SYMBOL:	 ARGS:%cl_2_67,
		 12: RETURN %cl_2_68[9.11,] %self[9.1,9.4,9.5,9.7,9.8,9.10,9.11,2.0,] 
BB 10
	outgoing: 12 
	datadep: 
	instructions:
		 0: def_%cl_2_69 
		 1: def_%cl_2_70 %cl_2_69[10.0,] 
		 2: RETURN %cl_2_70[10.1,] %self[2.0,] 
BB 12
	outgoing: 
	datadep: 
	instructions:
CLOSURE END: 
		 30: RETURN %v_17[2.29,] %self[2.0,2.8,2.12,2.17,2.20,2.23,2.28,] 
BB 3
	outgoing: 
	datadep: 
	instructions:

SET IRMethod, name = update instanceMethod = true
BB 1
	outgoing: 3 2 
	datadep: 
	instructions:
BB 2
	outgoing: 3 
	datadep: 
	instructions:
		 0: def_%self 
		 1: def_%v_0 
		 2: COPY TYPE_CurrentScope def_%current_scope 
		 3: COPY TYPE_ScopeModule def_%current_module 
		 4: 
		 5: 
		 6: %self->params def_%v_3 %self[2.0,] 	 SYMBOL:	 ARGS:
		 7: %v_3->[] def_%v_4 %v_3[2.6,] 	 SYMBOL:setting,	 ARGS:Symbol,
		 8: %v_4->[] def_%v_5 %v_4[2.7,] 	 SYMBOL:max_rooms,	 ARGS:Symbol,
		 9: %v_5->to_i def_%v_6 %v_5[2.8,] 	 SYMBOL:	 ARGS:
		 10: COPY TYPE_PASS def_max_rooms %v_6[2.9,] 
		 11: 
		 12: %self->params def_%v_7 %self[2.0,2.6,] 	 SYMBOL:	 ARGS:
		 13: %v_7->[] def_%v_8 %v_7[2.12,] 	 SYMBOL:setting,	 ARGS:Symbol,
		 14: %v_8->[] def_%v_9 %v_8[2.13,] 	 SYMBOL:public_site,	 ARGS:Symbol,
		 15: COPY TYPE_StringLiteral "1" def_%v_10 
		 16: %v_9->== def_%v_11 %v_9[2.14,] %v_10[2.15,] 	 SYMBOL:	 ARGS:%v_10,
		 17: COPY TYPE_PASS def_public_site %v_11[2.16,] 
		 18: 
		 19: %self->params def_%v_12 %self[2.0,2.6,2.12,] 	 SYMBOL:	 ARGS:
		 20: %v_12->[] def_%v_13 %v_12[2.19,] 	 SYMBOL:setting,	 ARGS:Symbol,
		 21: %v_13->[] def_%v_14 %v_13[2.20,] 	 SYMBOL:disable_conn_disconn_activity,	 ARGS:Symbol,
		 22: COPY TYPE_StringLiteral "1" def_%v_15 
		 23: %v_14->== def_%v_16 %v_14[2.21,] %v_15[2.22,] 	 SYMBOL:	 ARGS:%v_15,
		 24: COPY TYPE_PASS def_disable_conn_disconn_activity %v_16[2.23,] 
		 25: 
		 26: (Setting) def_%v_17 
		 27: HASH-max_rooms-public_site-disable_conn_disconn_activity- def_%v_18 max_rooms[2.10,] public_site[2.17,] %v_16[2.23,] 
		 28: %v_17->set_values def_%v_19 %v_17[2.26,] %v_18[2.27,] 	 SYMBOL:	 ARGS:%v_18,
		 29: 
		 30: %self->redirect_to def_%v_20 %self[2.0,2.6,2.12,2.19,] 	 SYMBOL:admin_root,	 ARGS:Symbol,
		 31: RETURN %v_20[2.30,] %self[2.0,2.6,2.12,2.19,2.30,] 
BB 3
	outgoing: 
	datadep: 
	instructions:

SET IRMethod, name = update_user instanceMethod = true
BB 1
	outgoing: 11 2 
	datadep: 
	instructions:
BB 2
	outgoing: 3 6 
	datadep: 
	instructions:
		 0: def_%self 
		 1: def_%v_0 
		 2: COPY TYPE_CurrentScope def_%current_scope 
		 3: COPY TYPE_ScopeModule def_%current_module 
		 4: 
		 5: 
		 6: %self->params def_%v_3 %self[2.0,] 	 SYMBOL:	 ARGS:
		 7: %v_3->[] def_%v_4 %v_3[2.6,] 	 SYMBOL:user_id,	 ARGS:Symbol,
		 8: COPY TYPE_PASS def_user_id %v_4[2.7,] 
		 9: 
		 10: %self->params def_%v_5 %self[2.0,2.6,] 	 SYMBOL:	 ARGS:
		 11: %v_5->[] def_%v_6 %v_5[2.10,] 	 SYMBOL:action_taken,	 ARGS:Symbol,
		 12: %v_6->to_s def_%v_7 %v_6[2.11,] 	 SYMBOL:	 ARGS:
		 13: COPY TYPE_PASS def_action %v_7[2.12,] 
		 14: 
		 15: (User) def_%v_8 
		 16: %v_8->find def_%v_9 %v_8[2.15,] user_id[2.8,] 	 SYMBOL:	 ARGS:user_id,
		 17: COPY TYPE_PASS def_user %v_9[2.16,] 
		 18: 
		 19: COPY TYPE_StringLiteral "activate" def_%v_12 
		 20: def_%v_11 %v_12[2.19,] action[2.13,] 
		 21: BRANCH %v_11[2.20,] 
BB 3
	outgoing: 4 7 
	datadep: 
	instructions:
		 0: COPY TYPE_StringLiteral "approve" def_%v_14 
		 1: def_%v_13 %v_14[3.0,] action[2.13,] 
		 2: BRANCH %v_13[3.1,] 
BB 4
	outgoing: 5 8 
	datadep: 
	instructions:
		 0: COPY TYPE_StringLiteral "suspend" def_%v_16 
		 1: def_%v_15 %v_16[4.0,] action[2.13,] 
		 2: BRANCH %v_15[4.1,] 
BB 5
	outgoing: 10 
	datadep: 
	instructions:
		 0: COPY TYPE_Nil def_%v_10 
		 1: 
BB 6
	outgoing: 10 
	datadep: 
	instructions:
		 0: 
		 1: user->activate! def_%v_17 user[2.17,] 	 SYMBOL:	 ARGS:
		 2: COPY TYPE_PASS def_%v_10 %v_17[6.1,] 
		 3: 
BB 7
	outgoing: 10 
	datadep: 
	instructions:
		 0: user->activate! def_%v_18 user[2.17,] 	 SYMBOL:	 ARGS:
		 1: COPY TYPE_PASS def_%v_10 %v_18[7.0,] 
		 2: 
BB 8
	outgoing: 10 
	datadep: 
	instructions:
		 0: 
		 1: user->suspend! def_%v_19 user[2.17,] 	 SYMBOL:	 ARGS:
		 2: COPY TYPE_PASS def_%v_10 %v_19[8.1,] 
		 3: 
BB 10
	outgoing: 11 
	datadep: 
	instructions:
		 0: 
		 1: HASH-json-status- def_%v_20 user[2.17,] 
		 2: %self->render def_%v_21 %self[2.0,] %v_20[10.1,] 	 SYMBOL:	 ARGS:%v_20,
		 3: RETURN %v_21[10.2,] %self[10.2,2.0,] 
BB 11
	outgoing: 
	datadep: 
	instructions:

SET IRMethod, name = toggle_admin instanceMethod = true
BB 1
	outgoing: 3 2 
	datadep: 
	instructions:
BB 2
	outgoing: 3 
	datadep: 
	instructions:
		 0: def_%self 
		 1: def_%v_0 
		 2: COPY TYPE_CurrentScope def_%current_scope 
		 3: COPY TYPE_ScopeModule def_%current_module 
		 4: 
		 5: 
		 6: %self->params def_%v_3 %self[2.0,] 	 SYMBOL:	 ARGS:
		 7: %v_3->[] def_%v_4 %v_3[2.6,] 	 SYMBOL:user_id,	 ARGS:Symbol,
		 8: COPY TYPE_PASS def_user_id %v_4[2.7,] 
		 9: 
		 10: (User) def_%v_5 
		 11: %v_5->find def_%v_6 %v_5[2.10,] %v_4[2.7,] 	 SYMBOL:	 ARGS:user_id,
		 12: COPY TYPE_PASS def_user %v_6[2.11,] 
		 13: 
		 14: %v_6->is_admin? def_%v_7 %v_6[2.11,] 	 SYMBOL:	 ARGS:
		 15: %v_7->! def_%v_8 %v_7[2.14,] 	 SYMBOL:	 ARGS:
		 16: ATTRASSIGN user->is_admin %v_8[2.15,] 
		 17: 
		 18: user->save! def_%v_9 user[2.12,2.16,] 	 SYMBOL:	 ARGS:
		 19: 
		 20: HASH-json-status- def_%v_10 user[2.12,2.16,2.18,] 
		 21: %self->render def_%v_11 %self[2.0,2.6,] %v_10[2.20,] 	 SYMBOL:	 ARGS:%v_10,
		 22: RETURN %v_11[2.21,] %self[2.0,2.6,2.21,] 
BB 3
	outgoing: 
	datadep: 
	instructions:

