SET IRMethod, name = initialize instanceMethod = true
BB 1
	outgoing: 3 2 
	datadep: 
	instructions:
BB 2
	outgoing: 3 
	datadep: 
	instructions:
		 0: def_%self 
		 1: def_%v_0 
		 2: COPY TYPE_CurrentScope def_%current_scope 
		 3: COPY TYPE_ScopeModule def_%current_module 
		 4: 
		 5: RECEIVEARG def_version 
		 6: 
		 7: ATTRASSIGN %self->version version[2.5,] 
		 8: RETURN version[2.5,] %self[2.0,2.7,] 
BB 3
	outgoing: 
	datadep: 
	instructions:

SET IRMethod, name = document instanceMethod = true
BB 1
	outgoing: 7 2 
	datadep: 
	instructions:
BB 2
	outgoing: 3 4 
	datadep: 
	instructions:
		 0: def_%self 
		 1: def_%v_0 
		 2: COPY TYPE_CurrentScope def_%current_scope 
		 3: COPY TYPE_ScopeModule def_%current_module 
		 4: 
		 5: 
		 6: def_%v_4 %self[2.0,] 
		 7: COPY TYPE_PASS def_%v_3 %v_4[2.6,] 
		 8: %v_4[2.6,] 
BB 3
	outgoing: 4 
	datadep: 
	instructions:
		 0: GETFIELD %self->document def_%v_5 %self[2.0,] 
		 1: COPY TYPE_PASS def_%v_3 %v_5[3.0,] 
BB 4
	outgoing: 5 6 
	datadep: 
	instructions:
		 0: BRANCH %v_3[3.1,2.7,] 
BB 5
	outgoing: 7 
	datadep: 
	instructions:
		 0: (NodeInfo) def_%v_6 
		 1: %v_6->build def_%v_7 %v_6[5.0,] %self[2.0,] 	 SYMBOL:	 ARGS:%v_6,
CLOSURE BEGIN: %self[2.0,] doc[] 
BB 1
	outgoing: 6 2 
	datadep: 
	instructions:
BB 2
	outgoing: 3 
	datadep: 
	instructions:
		 0: def_%self 
		 1: def_%cl_1_0 
		 2: RECEIVEARG def_doc 
		 3: COPY TYPE_CurrentScope def_%current_scope 
		 4: COPY TYPE_ScopeModule def_%current_module 
BB 3
	outgoing: 4 6 
	datadep: 
	instructions:
		 0: 
		 1: GETFIELD %self->version def_%cl_1_3 %self[2.0,] 
		 2: ATTRASSIGN doc->version %cl_1_3[3.1,] 
		 3: 
		 4: %self->add_static_data def_%cl_1_4 %self[2.0,] doc[3.2,2.2,] 	 SYMBOL:	 ARGS:doc,
		 5: 
		 6: %self->add_configuration def_%cl_1_5 %self[3.4,2.0,] doc[3.2,2.2,] 	 SYMBOL:	 ARGS:doc,
		 7: 
		 8: doc->usage def_%cl_1_6 doc[3.2,2.2,] 	 SYMBOL:	 ARGS:
		 9: %cl_1_6->users def_%cl_1_7 %cl_1_6[3.8,] 	 SYMBOL:	 ARGS:
		 10: %self->add_user_counts def_%cl_1_8 %self[3.4,3.6,2.0,] %cl_1_7[3.9,] 	 SYMBOL:	 ARGS:%cl_1_7,
		 11: 
		 12: doc->usage def_%cl_1_9 doc[3.2,3.8,2.2,] 	 SYMBOL:	 ARGS:
		 13: %self->add_usage def_%cl_1_10 %self[3.4,3.6,3.10,2.0,] %cl_1_9[3.12,] 	 SYMBOL:	 ARGS:%cl_1_9,
		 14: RETURN %cl_1_10[3.13,] %self[3.4,3.6,3.10,3.13,2.0,] 
BB 4
	outgoing: 6 
	datadep: 
	instructions:
		 0: def_%cl_1_11 
		 1: def_%cl_1_12 %cl_1_11[4.0,] 
		 2: RETURN %cl_1_12[4.1,] %self[2.0,] 
BB 6
	outgoing: 
	datadep: 
	instructions:
CLOSURE END: 
		 2: ATTRASSIGN %self->document %v_7[5.1,] 
		 3: RETURN %v_7[5.1,] %self[5.2,2.0,] 
BB 6
	outgoing: 7 
	datadep: 
	instructions:
		 0: RETURN %v_5[3.0,] %self[2.0,] 
BB 7
	outgoing: 
	datadep: 
	instructions:

SET IRMethod, name = add_configuration instanceMethod = true
BB 1
	outgoing: 3 2 
	datadep: 
	instructions:
BB 2
	outgoing: 3 
	datadep: 
	instructions:
		 0: def_%self 
		 1: def_%v_0 
		 2: COPY TYPE_CurrentScope def_%current_scope 
		 3: COPY TYPE_ScopeModule def_%current_module 
		 4: 
		 5: RECEIVEARG def_doc 
		 6: 
		 7: doc->software def_%v_3 doc[2.5,] 	 SYMBOL:	 ARGS:
		 8: %self->version def_%v_4 %self[2.0,] 	 SYMBOL:	 ARGS:
		 9: ATTRASSIGN %v_3->version %v_4[2.8,] 
		 10: 
		 11: doc->services def_%v_5 doc[2.5,2.7,] 	 SYMBOL:	 ARGS:
		 12: %self->available_services def_%v_6 %self[2.0,2.8,] 	 SYMBOL:	 ARGS:
		 13: ATTRASSIGN %v_5->outbound %v_6[2.12,] 
		 14: 
		 15: %self->open_registrations? def_%v_7 %self[2.0,2.8,2.12,] 	 SYMBOL:	 ARGS:
		 16: ATTRASSIGN doc->open_registrations %v_7[2.15,] 
		 17: 
		 18: doc->metadata def_%v_8 doc[2.5,2.7,2.11,2.16,] 	 SYMBOL:	 ARGS:
		 19: COPY TYPE_StringLiteral "nodeName" def_%v_9 
		 20: %self->name def_%v_10 %self[2.0,2.8,2.12,2.15,] 	 SYMBOL:	 ARGS:
		 21: ATTRASSIGN %v_8->[] %v_9[2.19,] %v_10[2.20,] 
		 22: 
		 23: doc->metadata def_%v_11 doc[2.5,2.7,2.11,2.16,2.18,] 	 SYMBOL:	 ARGS:
		 24: COPY TYPE_StringLiteral "xmppChat" def_%v_12 
		 25: %self->chat_enabled? def_%v_13 %self[2.0,2.8,2.12,2.15,2.20,] 	 SYMBOL:	 ARGS:
		 26: ATTRASSIGN %v_11->[] %v_12[2.24,] %v_13[2.25,] 
		 27: RETURN %v_13[2.25,] %self[2.0,2.8,2.12,2.15,2.20,2.25,] 
BB 3
	outgoing: 
	datadep: 
	instructions:

SET IRMethod, name = add_static_data instanceMethod = true
BB 1
	outgoing: 3 2 
	datadep: 
	instructions:
BB 2
	outgoing: 3 
	datadep: 
	instructions:
		 0: def_%self 
		 1: def_%v_0 
		 2: COPY TYPE_CurrentScope def_%current_scope 
		 3: COPY TYPE_ScopeModule def_%current_module 
		 4: 
		 5: RECEIVEARG def_doc 
		 6: 
		 7: doc->software def_%v_3 doc[2.5,] 	 SYMBOL:	 ARGS:
		 8: COPY TYPE_StringLiteral "diaspora" def_%v_4 
		 9: ATTRASSIGN %v_3->name %v_4[2.8,] 
		 10: 
		 11: doc->protocols def_%v_5 doc[2.5,2.7,] 	 SYMBOL:	 ARGS:
		 12: %v_5->inbound def_%v_6 %v_5[2.11,] 	 SYMBOL:	 ARGS:
		 13: COPY TYPE_StringLiteral "diaspora" def_%v_7 
		 14: %v_6-><< def_%v_8 %v_6[2.12,] %v_7[2.13,] 	 SYMBOL:	 ARGS:%v_7,
		 15: 
		 16: doc->protocols def_%v_9 doc[2.5,2.7,2.11,] 	 SYMBOL:	 ARGS:
		 17: %v_9->outbound def_%v_10 %v_9[2.16,] 	 SYMBOL:	 ARGS:
		 18: COPY TYPE_StringLiteral "diaspora" def_%v_11 
		 19: %v_10-><< def_%v_12 %v_10[2.17,] %v_11[2.18,] 	 SYMBOL:	 ARGS:%v_11,
		 20: RETURN %v_12[2.19,] %self[2.0,] 
BB 3
	outgoing: 
	datadep: 
	instructions:

SET IRMethod, name = add_user_counts instanceMethod = true
BB 1
	outgoing: 6 2 
	datadep: 
	instructions:
BB 2
	outgoing: 3 4 
	datadep: 
	instructions:
		 0: def_%self 
		 1: def_%v_0 
		 2: COPY TYPE_CurrentScope def_%current_scope 
		 3: COPY TYPE_ScopeModule def_%current_module 
		 4: 
		 5: RECEIVEARG def_doc 
		 6: 
		 7: %self->expose_user_counts? def_%v_3 %self[2.0,] 	 SYMBOL:	 ARGS:
		 8: BRANCH %v_3[2.7,] 
BB 3
	outgoing: 6 
	datadep: 
	instructions:
		 0: COPY TYPE_Nil def_%v_4 
		 1: 
		 2: %self->total_users def_%v_5 %self[2.0,] 	 SYMBOL:	 ARGS:
		 3: ATTRASSIGN doc->total %v_5[3.2,] 
		 4: 
		 5: %self->halfyear_users def_%v_6 %self[3.2,2.0,] 	 SYMBOL:	 ARGS:
		 6: ATTRASSIGN doc->active_halfyear %v_6[3.5,] 
		 7: 
		 8: %self->monthly_users def_%v_7 %self[3.2,3.5,2.0,] 	 SYMBOL:	 ARGS:
		 9: ATTRASSIGN doc->active_month %v_7[3.8,] 
		 10: RETURN %v_7[3.8,] %self[3.2,3.5,3.8,2.0,] 
BB 4
	outgoing: 6 
	datadep: 
	instructions:
		 0: RETURN %self[2.0,] 
BB 6
	outgoing: 
	datadep: 
	instructions:

SET IRMethod, name = add_usage instanceMethod = true
BB 1
	outgoing: 9 2 
	datadep: 
	instructions:
BB 2
	outgoing: 3 4 
	datadep: 
	instructions:
		 0: def_%self 
		 1: def_%v_0 
		 2: COPY TYPE_CurrentScope def_%current_scope 
		 3: COPY TYPE_ScopeModule def_%current_module 
		 4: 
		 5: RECEIVEARG def_doc 
		 6: 
		 7: %self->expose_posts_counts? def_%v_3 %self[2.0,] 	 SYMBOL:	 ARGS:
		 8: BRANCH %v_3[2.7,] 
BB 3
	outgoing: 5 
	datadep: 
	instructions:
		 0: %self->local_posts def_%v_4 %self[2.0,] 	 SYMBOL:	 ARGS:
		 1: ATTRASSIGN doc->local_posts %v_4[3.0,] 
		 2: 
BB 4
	outgoing: 5 
	datadep: 
	instructions:
		 0: COPY TYPE_Nil def_%v_4 
BB 5
	outgoing: 6 7 
	datadep: 
	instructions:
		 0: 
		 1: %self->expose_comment_counts? def_%v_5 %self[2.0,] 	 SYMBOL:	 ARGS:
		 2: BRANCH %v_5[5.1,] 
BB 6
	outgoing: 9 
	datadep: 
	instructions:
		 0: %self->local_comments def_%v_6 %self[2.0,] 	 SYMBOL:	 ARGS:
		 1: ATTRASSIGN doc->local_comments %v_6[6.0,] 
		 2: RETURN %v_6[6.0,] %self[6.0,2.0,] 
BB 7
	outgoing: 9 
	datadep: 
	instructions:
		 0: RETURN %self[2.0,] 
BB 9
	outgoing: 
	datadep: 
	instructions:

SET IRMethod, name = expose_user_counts? instanceMethod = true
BB 1
	outgoing: 3 2 
	datadep: 
	instructions:
BB 2
	outgoing: 3 
	datadep: 
	instructions:
		 0: def_%self 
		 1: def_%v_0 
		 2: COPY TYPE_CurrentScope def_%current_scope 
		 3: COPY TYPE_ScopeModule def_%current_module 
		 4: 
		 5: 
		 6: (AppConfig) def_%v_3 
		 7: %v_3->privacy def_%v_4 %v_3[2.6,] 	 SYMBOL:	 ARGS:
		 8: %v_4->statistics def_%v_5 %v_4[2.7,] 	 SYMBOL:	 ARGS:
		 9: %v_5->user_counts? def_%v_6 %v_5[2.8,] 	 SYMBOL:	 ARGS:
		 10: RETURN %v_6[2.9,] %self[2.0,] 
BB 3
	outgoing: 
	datadep: 
	instructions:

SET IRMethod, name = expose_posts_counts? instanceMethod = true
BB 1
	outgoing: 3 2 
	datadep: 
	instructions:
BB 2
	outgoing: 3 
	datadep: 
	instructions:
		 0: def_%self 
		 1: def_%v_0 
		 2: COPY TYPE_CurrentScope def_%current_scope 
		 3: COPY TYPE_ScopeModule def_%current_module 
		 4: 
		 5: 
		 6: (AppConfig) def_%v_3 
		 7: %v_3->privacy def_%v_4 %v_3[2.6,] 	 SYMBOL:	 ARGS:
		 8: %v_4->statistics def_%v_5 %v_4[2.7,] 	 SYMBOL:	 ARGS:
		 9: %v_5->post_counts? def_%v_6 %v_5[2.8,] 	 SYMBOL:	 ARGS:
		 10: RETURN %v_6[2.9,] %self[2.0,] 
BB 3
	outgoing: 
	datadep: 
	instructions:

SET IRMethod, name = expose_comment_counts? instanceMethod = true
BB 1
	outgoing: 3 2 
	datadep: 
	instructions:
BB 2
	outgoing: 3 
	datadep: 
	instructions:
		 0: def_%self 
		 1: def_%v_0 
		 2: COPY TYPE_CurrentScope def_%current_scope 
		 3: COPY TYPE_ScopeModule def_%current_module 
		 4: 
		 5: 
		 6: (AppConfig) def_%v_3 
		 7: %v_3->privacy def_%v_4 %v_3[2.6,] 	 SYMBOL:	 ARGS:
		 8: %v_4->statistics def_%v_5 %v_4[2.7,] 	 SYMBOL:	 ARGS:
		 9: %v_5->comment_counts? def_%v_6 %v_5[2.8,] 	 SYMBOL:	 ARGS:
		 10: RETURN %v_6[2.9,] %self[2.0,] 
BB 3
	outgoing: 
	datadep: 
	instructions:

SET IRMethod, name = name instanceMethod = true
BB 1
	outgoing: 3 2 
	datadep: 
	instructions:
BB 2
	outgoing: 3 
	datadep: 
	instructions:
		 0: def_%self 
		 1: def_%v_0 
		 2: COPY TYPE_CurrentScope def_%current_scope 
		 3: COPY TYPE_ScopeModule def_%current_module 
		 4: 
		 5: 
		 6: (AppConfig) def_%v_3 
		 7: %v_3->settings def_%v_4 %v_3[2.6,] 	 SYMBOL:	 ARGS:
		 8: %v_4->pod_name def_%v_5 %v_4[2.7,] 	 SYMBOL:	 ARGS:
		 9: RETURN %v_5[2.8,] %self[2.0,] 
BB 3
	outgoing: 
	datadep: 
	instructions:

SET IRMethod, name = version instanceMethod = true
BB 1
	outgoing: 3 2 
	datadep: 
	instructions:
BB 2
	outgoing: 3 
	datadep: 
	instructions:
		 0: def_%self 
		 1: def_%v_0 
		 2: COPY TYPE_CurrentScope def_%current_scope 
		 3: COPY TYPE_ScopeModule def_%current_module 
		 4: 
		 5: 
		 6: (AppConfig) def_%v_3 
		 7: %v_3->version_string def_%v_4 %v_3[2.6,] 	 SYMBOL:	 ARGS:
		 8: RETURN %v_4[2.7,] %self[2.0,] 
BB 3
	outgoing: 
	datadep: 
	instructions:

SET IRMethod, name = open_registrations? instanceMethod = true
BB 1
	outgoing: 3 2 
	datadep: 
	instructions:
BB 2
	outgoing: 3 
	datadep: 
	instructions:
		 0: def_%self 
		 1: def_%v_0 
		 2: COPY TYPE_CurrentScope def_%current_scope 
		 3: COPY TYPE_ScopeModule def_%current_module 
		 4: 
		 5: 
		 6: (AppConfig) def_%v_3 
		 7: %v_3->settings def_%v_4 %v_3[2.6,] 	 SYMBOL:	 ARGS:
		 8: %v_4->enable_registrations? def_%v_5 %v_4[2.7,] 	 SYMBOL:	 ARGS:
		 9: RETURN %v_5[2.8,] %self[2.0,] 
BB 3
	outgoing: 
	datadep: 
	instructions:

SET IRMethod, name = chat_enabled? instanceMethod = true
BB 1
	outgoing: 3 2 
	datadep: 
	instructions:
BB 2
	outgoing: 3 
	datadep: 
	instructions:
		 0: def_%self 
		 1: def_%v_0 
		 2: COPY TYPE_CurrentScope def_%current_scope 
		 3: COPY TYPE_ScopeModule def_%current_module 
		 4: 
		 5: 
		 6: (AppConfig) def_%v_3 
		 7: %v_3->chat def_%v_4 %v_3[2.6,] 	 SYMBOL:	 ARGS:
		 8: %v_4->enabled? def_%v_5 %v_4[2.7,] 	 SYMBOL:	 ARGS:
		 9: RETURN %v_5[2.8,] %self[2.0,] 
BB 3
	outgoing: 
	datadep: 
	instructions:

SET IRMethod, name = available_services instanceMethod = true
BB 1
	outgoing: 5 2 
	datadep: 
	instructions:
BB 2
	outgoing: 3 4 
	datadep: 
	instructions:
		 0: def_%self 
		 1: def_%v_0 
		 2: COPY TYPE_CurrentScope def_%current_scope 
		 3: COPY TYPE_ScopeModule def_%current_module 
		 4: 
		 5: 
		 6: (Configuration) def_%v_3 
		 7: (inherit KNOWN_SERVICES) def_%v_4 %v_3[2.6,] 
		 8: %v_4[2.7,] 
BB 3
	outgoing: 4 
	datadep: 
	instructions:
		 0: %v_3->const_missing def_%v_4 %v_3[2.6,] 	 SYMBOL:KNOWN_SERVICES,	 ARGS:Symbol,
BB 4
	outgoing: 5 
	datadep: 
	instructions:
		 0: %v_4->select def_%v_5 %v_4[3.0,2.7,] %self[2.0,] 	 SYMBOL:	 ARGS:%v_4,
CLOSURE BEGIN: service[] 
BB 1
	outgoing: 6 2 
	datadep: 
	instructions:
BB 2
	outgoing: 3 
	datadep: 
	instructions:
		 0: def_%self 
		 1: def_%cl_1_0 
		 2: RECEIVEARG def_service 
		 3: COPY TYPE_CurrentScope def_%current_scope 
		 4: COPY TYPE_ScopeModule def_%current_module 
BB 3
	outgoing: 4 6 
	datadep: 
	instructions:
		 0: 
		 1: (AppConfig) def_%cl_1_3 
		 2: %cl_1_3->show_service? def_%cl_1_4 %cl_1_3[3.1,] service[2.2,] 	 SYMBOL:	 ARGS:service,Nil,
		 3: RETURN %cl_1_4[3.2,] %self[2.0,] 
BB 4
	outgoing: 6 
	datadep: 
	instructions:
		 0: def_%cl_1_5 
		 1: def_%cl_1_6 %cl_1_5[4.0,] 
		 2: RETURN %cl_1_6[4.1,] %self[2.0,] 
BB 6
	outgoing: 
	datadep: 
	instructions:
CLOSURE END: 
		 1: %v_5->map def_%v_6 %v_5[4.0,] 	 SYMBOL:to_s,	 ARGS:
		 2: RETURN %v_6[4.1,] %self[2.0,] 
BB 5
	outgoing: 
	datadep: 
	instructions:

SET IRMethod, name = total_users instanceMethod = true
BB 1
	outgoing: 7 2 
	datadep: 
	instructions:
BB 2
	outgoing: 3 4 
	datadep: 
	instructions:
		 0: def_%self 
		 1: def_%v_0 
		 2: COPY TYPE_CurrentScope def_%current_scope 
		 3: COPY TYPE_ScopeModule def_%current_module 
		 4: 
		 5: 
		 6: def_%v_4 %self[2.0,] 
		 7: COPY TYPE_PASS def_%v_3 %v_4[2.6,] 
		 8: %v_4[2.6,] 
BB 3
	outgoing: 4 
	datadep: 
	instructions:
		 0: GETFIELD %self->total_users def_%v_5 %self[2.0,] 
		 1: COPY TYPE_PASS def_%v_3 %v_5[3.0,] 
BB 4
	outgoing: 5 6 
	datadep: 
	instructions:
		 0: BRANCH %v_3[3.1,2.7,] 
BB 5
	outgoing: 7 
	datadep: 
	instructions:
		 0: (User) def_%v_6 
		 1: %v_6->active def_%v_7 %v_6[5.0,] 	 SYMBOL:	 ARGS:
		 2: %v_7->count def_%v_8 %v_7[5.1,] 	 SYMBOL:	 ARGS:
		 3: ATTRASSIGN %self->total_users %v_8[5.2,] 
		 4: RETURN %v_8[5.2,] %self[5.3,2.0,] 
BB 6
	outgoing: 7 
	datadep: 
	instructions:
		 0: RETURN %v_5[3.0,] %self[2.0,] 
BB 7
	outgoing: 
	datadep: 
	instructions:

SET IRMethod, name = monthly_users instanceMethod = true
BB 1
	outgoing: 7 2 
	datadep: 
	instructions:
BB 2
	outgoing: 3 4 
	datadep: 
	instructions:
		 0: def_%self 
		 1: def_%v_0 
		 2: COPY TYPE_CurrentScope def_%current_scope 
		 3: COPY TYPE_ScopeModule def_%current_module 
		 4: 
		 5: 
		 6: def_%v_4 %self[2.0,] 
		 7: COPY TYPE_PASS def_%v_3 %v_4[2.6,] 
		 8: %v_4[2.6,] 
BB 3
	outgoing: 4 
	datadep: 
	instructions:
		 0: GETFIELD %self->monthly_users def_%v_5 %self[2.0,] 
		 1: COPY TYPE_PASS def_%v_3 %v_5[3.0,] 
BB 4
	outgoing: 5 6 
	datadep: 
	instructions:
		 0: BRANCH %v_3[3.1,2.7,] 
BB 5
	outgoing: 7 
	datadep: 
	instructions:
		 0: (User) def_%v_6 
		 1: %v_6->monthly_actives def_%v_7 %v_6[5.0,] 	 SYMBOL:	 ARGS:
		 2: %v_7->count def_%v_8 %v_7[5.1,] 	 SYMBOL:	 ARGS:
		 3: ATTRASSIGN %self->monthly_users %v_8[5.2,] 
		 4: RETURN %v_8[5.2,] %self[5.3,2.0,] 
BB 6
	outgoing: 7 
	datadep: 
	instructions:
		 0: RETURN %v_5[3.0,] %self[2.0,] 
BB 7
	outgoing: 
	datadep: 
	instructions:

SET IRMethod, name = halfyear_users instanceMethod = true
BB 1
	outgoing: 7 2 
	datadep: 
	instructions:
BB 2
	outgoing: 3 4 
	datadep: 
	instructions:
		 0: def_%self 
		 1: def_%v_0 
		 2: COPY TYPE_CurrentScope def_%current_scope 
		 3: COPY TYPE_ScopeModule def_%current_module 
		 4: 
		 5: 
		 6: def_%v_4 %self[2.0,] 
		 7: COPY TYPE_PASS def_%v_3 %v_4[2.6,] 
		 8: %v_4[2.6,] 
BB 3
	outgoing: 4 
	datadep: 
	instructions:
		 0: GETFIELD %self->halfyear_users def_%v_5 %self[2.0,] 
		 1: COPY TYPE_PASS def_%v_3 %v_5[3.0,] 
BB 4
	outgoing: 5 6 
	datadep: 
	instructions:
		 0: BRANCH %v_3[3.1,2.7,] 
BB 5
	outgoing: 7 
	datadep: 
	instructions:
		 0: (User) def_%v_6 
		 1: %v_6->halfyear_actives def_%v_7 %v_6[5.0,] 	 SYMBOL:	 ARGS:
		 2: %v_7->count def_%v_8 %v_7[5.1,] 	 SYMBOL:	 ARGS:
		 3: ATTRASSIGN %self->halfyear_users %v_8[5.2,] 
		 4: RETURN %v_8[5.2,] %self[5.3,2.0,] 
BB 6
	outgoing: 7 
	datadep: 
	instructions:
		 0: RETURN %v_5[3.0,] %self[2.0,] 
BB 7
	outgoing: 
	datadep: 
	instructions:

SET IRMethod, name = local_posts instanceMethod = true
BB 1
	outgoing: 7 2 
	datadep: 
	instructions:
BB 2
	outgoing: 3 4 
	datadep: 
	instructions:
		 0: def_%self 
		 1: def_%v_0 
		 2: COPY TYPE_CurrentScope def_%current_scope 
		 3: COPY TYPE_ScopeModule def_%current_module 
		 4: 
		 5: 
		 6: def_%v_4 %self[2.0,] 
		 7: COPY TYPE_PASS def_%v_3 %v_4[2.6,] 
		 8: %v_4[2.6,] 
BB 3
	outgoing: 4 
	datadep: 
	instructions:
		 0: GETFIELD %self->local_posts def_%v_5 %self[2.0,] 
		 1: COPY TYPE_PASS def_%v_3 %v_5[3.0,] 
BB 4
	outgoing: 5 6 
	datadep: 
	instructions:
		 0: BRANCH %v_3[3.1,2.7,] 
BB 5
	outgoing: 7 
	datadep: 
	instructions:
		 0: (Post) def_%v_6 
		 1: COPY TYPE_StringLiteral "StatusMessage" def_%v_7 
		 2: HASH-type- def_%v_8 %v_7[5.1,] 
		 3: %v_6->where def_%v_9 %v_6[5.0,] %v_8[5.2,] 	 SYMBOL:	 ARGS:%v_8,
		 4: %v_9->joins def_%v_10 %v_9[5.3,] 	 SYMBOL:author,	 ARGS:Symbol,
		 5: COPY TYPE_StringLiteral "owner_id IS NOT null" def_%v_11 
		 6: %v_10->where def_%v_12 %v_10[5.4,] %v_11[5.5,] 	 SYMBOL:	 ARGS:%v_11,
		 7: %v_12->count def_%v_13 %v_12[5.6,] 	 SYMBOL:	 ARGS:
		 8: ATTRASSIGN %self->local_posts %v_13[5.7,] 
		 9: RETURN %v_13[5.7,] %self[5.8,2.0,] 
BB 6
	outgoing: 7 
	datadep: 
	instructions:
		 0: RETURN %v_5[3.0,] %self[2.0,] 
BB 7
	outgoing: 
	datadep: 
	instructions:

SET IRMethod, name = local_comments instanceMethod = true
BB 1
	outgoing: 7 2 
	datadep: 
	instructions:
BB 2
	outgoing: 3 4 
	datadep: 
	instructions:
		 0: def_%self 
		 1: def_%v_0 
		 2: COPY TYPE_CurrentScope def_%current_scope 
		 3: COPY TYPE_ScopeModule def_%current_module 
		 4: 
		 5: 
		 6: def_%v_4 %self[2.0,] 
		 7: COPY TYPE_PASS def_%v_3 %v_4[2.6,] 
		 8: %v_4[2.6,] 
BB 3
	outgoing: 4 
	datadep: 
	instructions:
		 0: GETFIELD %self->local_comments def_%v_5 %self[2.0,] 
		 1: COPY TYPE_PASS def_%v_3 %v_5[3.0,] 
BB 4
	outgoing: 5 6 
	datadep: 
	instructions:
		 0: BRANCH %v_3[3.1,2.7,] 
BB 5
	outgoing: 7 
	datadep: 
	instructions:
		 0: (Comment) def_%v_6 
		 1: %v_6->joins def_%v_7 %v_6[5.0,] 	 SYMBOL:author,	 ARGS:Symbol,
		 2: COPY TYPE_StringLiteral "owner_id IS NOT null" def_%v_8 
		 3: %v_7->where def_%v_9 %v_7[5.1,] %v_8[5.2,] 	 SYMBOL:	 ARGS:%v_8,
		 4: %v_9->count def_%v_10 %v_9[5.3,] 	 SYMBOL:	 ARGS:
		 5: ATTRASSIGN %self->local_comments %v_10[5.4,] 
		 6: RETURN %v_10[5.4,] %self[5.5,2.0,] 
BB 6
	outgoing: 7 
	datadep: 
	instructions:
		 0: RETURN %v_5[3.0,] %self[2.0,] 
BB 7
	outgoing: 
	datadep: 
	instructions:

