SET IRMethod, name = base_hash instanceMethod = true
BB 1
	outgoing: 3 2 
	datadep: 
	instructions:
BB 2
	outgoing: 3 
	datadep: 
	instructions:
		 0: def_%self 
		 1: def_%v_0 
		 2: COPY TYPE_CurrentScope def_%current_scope 
		 3: COPY TYPE_ScopeModule def_%current_module 
		 4: 
		 5: RECEIVEARG def__arg 
		 6: 
		 7: %self->id def_%v_3 %self[2.0,] 	 SYMBOL:	 ARGS:
		 8: %self->host def_%v_4 %self[2.0,2.7,] 	 SYMBOL:	 ARGS:
		 9: %self->port def_%v_5 %self[2.0,2.7,2.8,] 	 SYMBOL:	 ARGS:
		 10: %self->ssl def_%v_6 %self[2.0,2.7,2.8,2.9,] 	 SYMBOL:	 ARGS:
		 11: %self->status def_%v_7 %self[2.0,2.7,2.8,2.9,2.10,] 	 SYMBOL:	 ARGS:
		 12: %self->checked_at def_%v_8 %self[2.0,2.7,2.8,2.9,2.10,2.11,] 	 SYMBOL:	 ARGS:
		 13: %self->response_time def_%v_9 %self[2.0,2.7,2.8,2.9,2.10,2.11,2.12,] 	 SYMBOL:	 ARGS:
		 14: %self->offline? def_%v_10 %self[2.0,2.7,2.8,2.9,2.10,2.11,2.12,2.13,] 	 SYMBOL:	 ARGS:
		 15: %self->offline_since def_%v_11 %self[2.0,2.7,2.8,2.9,2.10,2.11,2.12,2.13,2.14,] 	 SYMBOL:	 ARGS:
		 16: %self->created_at def_%v_12 %self[2.0,2.7,2.8,2.9,2.10,2.11,2.12,2.13,2.14,2.15,] 	 SYMBOL:	 ARGS:
		 17: %self->software def_%v_13 %self[2.0,2.7,2.8,2.9,2.10,2.11,2.12,2.13,2.14,2.15,2.16,] 	 SYMBOL:	 ARGS:
		 18: %self->error def_%v_14 %self[2.0,2.7,2.8,2.9,2.10,2.11,2.12,2.13,2.14,2.15,2.16,2.17,] 	 SYMBOL:	 ARGS:
		 19: HASH-id-host-port-ssl-status-checked_at-response_time-offline-offline_since-created_at-software-error- def_%v_15 %v_3[2.7,] %v_4[2.8,] %v_5[2.9,] %v_6[2.10,] %v_7[2.11,] %v_8[2.12,] %v_9[2.13,] %v_10[2.14,] %v_11[2.15,] %v_12[2.16,] %v_13[2.17,] %v_14[2.18,] 
		 20: RETURN %v_15[2.19,] %self[2.0,2.7,2.8,2.9,2.10,2.11,2.12,2.13,2.14,2.15,2.16,2.17,2.18,] 
BB 3
	outgoing: 
	datadep: 
	instructions:

