SET IRMethod, name = initialize instanceMethod = true
BB 1
	outgoing: 3 2 
	datadep: 
	instructions:
BB 2
	outgoing: 3 
	datadep: 
	instructions:
		 0: def_%self 
		 1: def_%v_0 
		 2: COPY TYPE_CurrentScope def_%current_scope 
		 3: COPY TYPE_ScopeModule def_%current_module 
		 4: 
		 5: RECEIVEARG def_user 
		 6: RECEIVEARG def_aspects_ids 
		 7: 
		 8: ATTRASSIGN %self->user user[2.5,] 
		 9: 
		 10: ATTRASSIGN %self->aspects_ids aspects_ids[2.6,] 
		 11: RETURN aspects_ids[2.6,] %self[2.0,2.8,2.10,] 
BB 3
	outgoing: 
	datadep: 
	instructions:

SET IRMethod, name = to_json instanceMethod = true
BB 1
	outgoing: 5 2 
	datadep: 
	instructions:
BB 2
	outgoing: 3 4 
	datadep: 
	instructions:
		 0: def_%self 
		 1: def_%v_0 
		 2: COPY TYPE_CurrentScope def_%current_scope 
		 3: COPY TYPE_ScopeModule def_%current_module 
		 4: 
		 5: RECEIVECONSTARG def_options 
		 6: options[2.5,] 
BB 3
	outgoing: 4 
	datadep: 
	instructions:
		 0: HASH- def_%v_3 
		 1: COPY TYPE_PASS def_options %v_3[3.0,] 
BB 4
	outgoing: 5 
	datadep: 
	instructions:
		 0: 
		 1: %self->user def_%v_4 %self[2.0,] 	 SYMBOL:	 ARGS:
		 2: %v_4->person def_%v_5 %v_4[4.1,] 	 SYMBOL:	 ARGS:
		 3: %v_5->as_api_response def_%v_6 %v_5[4.2,] 	 SYMBOL:backbone,	 ARGS:Symbol,
		 4: %self->notifications_count def_%v_7 %self[4.1,2.0,] 	 SYMBOL:	 ARGS:
		 5: %self->unread_messages_count def_%v_8 %self[4.1,4.4,2.0,] 	 SYMBOL:	 ARGS:
		 6: %self->admin def_%v_9 %self[4.1,4.4,4.5,2.0,] 	 SYMBOL:	 ARGS:
		 7: %self->moderator def_%v_10 %self[4.1,4.4,4.5,4.6,2.0,] 	 SYMBOL:	 ARGS:
		 8: %self->aspects def_%v_11 %self[4.1,4.4,4.5,4.6,4.7,2.0,] 	 SYMBOL:	 ARGS:
		 9: %self->services def_%v_12 %self[4.1,4.4,4.5,4.6,4.7,4.8,2.0,] 	 SYMBOL:	 ARGS:
		 10: %self->user def_%v_13 %self[4.1,4.4,4.5,4.6,4.7,4.8,4.9,2.0,] 	 SYMBOL:	 ARGS:
		 11: %v_13->contacts def_%v_14 %v_13[4.10,] 	 SYMBOL:	 ARGS:
		 12: %v_14->receiving def_%v_15 %v_14[4.11,] 	 SYMBOL:	 ARGS:
		 13: %v_15->count def_%v_16 %v_15[4.12,] 	 SYMBOL:	 ARGS:
		 14: %self->configured_services def_%v_17 %self[4.1,4.4,4.5,4.6,4.7,4.8,4.9,4.10,2.0,] 	 SYMBOL:	 ARGS:
		 15: HASH-notifications_count-unread_messages_count-admin-moderator-aspects-services-following_count-configured_services- def_%v_18 %v_7[4.4,] %v_8[4.5,] %v_9[4.6,] %v_10[4.7,] %v_11[4.8,] %v_12[4.9,] %v_16[4.13,] %v_17[4.14,] 
		 16: %v_6->update def_%v_19 %v_6[4.3,] %v_18[4.15,] 	 SYMBOL:	 ARGS:%v_18,
		 17: %v_19->to_json def_%v_20 %v_19[4.16,] options[3.1,2.5,] 	 SYMBOL:	 ARGS:options,
		 18: RETURN %v_20[4.17,] %self[4.1,4.4,4.5,4.6,4.7,4.8,4.9,4.10,4.14,2.0,] 
BB 5
	outgoing: 
	datadep: 
	instructions:

SET IRMethod, name = services instanceMethod = true
BB 1
	outgoing: 3 2 
	datadep: 
	instructions:
BB 2
	outgoing: 3 
	datadep: 
	instructions:
		 0: def_%self 
		 1: def_%v_0 
		 2: COPY TYPE_CurrentScope def_%current_scope 
		 3: COPY TYPE_ScopeModule def_%current_module 
		 4: 
		 5: 
		 6: (ServicePresenter) def_%v_3 
		 7: %self->user def_%v_4 %self[2.0,] 	 SYMBOL:	 ARGS:
		 8: %v_4->services def_%v_5 %v_4[2.7,] 	 SYMBOL:	 ARGS:
		 9: %v_3->as_collection def_%v_6 %v_3[2.6,] %v_5[2.8,] 	 SYMBOL:	 ARGS:%v_5,
		 10: RETURN %v_6[2.9,] %self[2.0,2.7,] 
BB 3
	outgoing: 
	datadep: 
	instructions:

SET IRMethod, name = configured_services instanceMethod = true
BB 1
	outgoing: 3 2 
	datadep: 
	instructions:
BB 2
	outgoing: 3 
	datadep: 
	instructions:
		 0: def_%self 
		 1: def_%v_0 
		 2: COPY TYPE_CurrentScope def_%current_scope 
		 3: COPY TYPE_ScopeModule def_%current_module 
		 4: 
		 5: 
		 6: %self->user def_%v_3 %self[2.0,] 	 SYMBOL:	 ARGS:
		 7: %v_3->services def_%v_4 %v_3[2.6,] 	 SYMBOL:	 ARGS:
		 8: %v_4->map def_%v_5 %v_4[2.7,] 	 SYMBOL:provider,	 ARGS:
		 9: RETURN %v_5[2.8,] %self[2.0,2.6,] 
BB 3
	outgoing: 
	datadep: 
	instructions:

SET IRMethod, name = aspects instanceMethod = true
BB 1
	outgoing: 7 2 
	datadep: 
	instructions:
BB 2
	outgoing: 3 4 
	datadep: 
	instructions:
		 0: def_%self 
		 1: def_%v_0 
		 2: COPY TYPE_CurrentScope def_%current_scope 
		 3: COPY TYPE_ScopeModule def_%current_module 
		 4: 
		 5: 
		 6: def_%v_4 %self[2.0,] 
		 7: COPY TYPE_PASS def_%v_3 %v_4[2.6,] 
		 8: %v_4[2.6,] 
BB 3
	outgoing: 4 
	datadep: 
	instructions:
		 0: GETFIELD %self->aspects def_%v_5 %self[2.0,] 
		 1: COPY TYPE_PASS def_%v_3 %v_5[3.0,] 
BB 4
	outgoing: 5 6 
	datadep: 
	instructions:
		 0: BRANCH %v_3[3.1,2.7,] 
BB 5
	outgoing: 7 
	datadep: 
	instructions:
		 0: 
		 1: (AspectPresenter) def_%v_6 
		 2: %self->user def_%v_7 %self[2.0,] 	 SYMBOL:	 ARGS:
		 3: %v_7->aspects def_%v_8 %v_7[5.2,] 	 SYMBOL:	 ARGS:
		 4: %v_6->as_collection def_%v_9 %v_6[5.1,] %v_8[5.3,] 	 SYMBOL:	 ARGS:%v_8,
		 5: COPY TYPE_PASS def_aspects %v_9[5.4,] 
		 6: 
		 7: %self->aspects_ids def_%v_10 %self[5.2,2.0,] 	 SYMBOL:	 ARGS:
		 8: %v_10->empty? def_%v_11 %v_10[5.7,] 	 SYMBOL:	 ARGS:
		 9: COPY TYPE_PASS def_no_aspects %v_11[5.8,] 
		 10: 
		 11: aspects->each def_%v_12 aspects[5.5,] %self[5.2,5.7,2.0,] 	 SYMBOL:	 ARGS:aspects,
CLOSURE BEGIN: no_aspects[5.9,] %self[5.2,5.7,2.0,] a[] 
BB 1
	outgoing: 8 2 
	datadep: 
	instructions:
BB 2
	outgoing: 4 5 
	datadep: 
	instructions:
		 0: def_%self 
		 1: def_%cl_1_0 
		 2: RECEIVEARG def_a 
		 3: COPY TYPE_CurrentScope def_%current_scope 
		 4: COPY TYPE_ScopeModule def_%current_module 
		 5: 
		 6: COPY TYPE_PASS def_%cl_1_3 no_aspects[] 
		 7: BRANCH no_aspects[] 
BB 4
	outgoing: 5 6 
	datadep: 
	instructions:
		 0: %self->aspects_ids def_%cl_1_4 %self[2.0,] 	 SYMBOL:	 ARGS:
		 1: a->[] def_%cl_1_5 a[2.2,] 	 SYMBOL:id,	 ARGS:Symbol,
		 2: %cl_1_5->to_s def_%cl_1_6 %cl_1_5[4.1,] 	 SYMBOL:	 ARGS:
		 3: %cl_1_4->include? def_%cl_1_7 %cl_1_4[4.0,] %cl_1_6[4.2,] 	 SYMBOL:	 ARGS:%cl_1_6,
		 4: COPY TYPE_PASS def_%cl_1_3 %cl_1_7[4.3,] 
BB 5
	outgoing: 6 8 
	datadep: 
	instructions:
		 0: ATTRASSIGN a->[] %cl_1_3[4.4,2.6,] 
		 1: RETURN %cl_1_3[4.4,2.6,] %self[2.0,] 
BB 6
	outgoing: 8 
	datadep: 
	instructions:
		 0: def_%cl_1_8 
		 1: def_%cl_1_9 %cl_1_8[6.0,] 
		 2: RETURN %cl_1_9[6.1,] %self[2.0,] 
BB 8
	outgoing: 
	datadep: 
	instructions:
CLOSURE END: 
		 12: ATTRASSIGN %self->aspects %v_12[5.11,] 
		 13: RETURN %v_12[5.11,] %self[5.2,5.7,5.12,2.0,] 
BB 6
	outgoing: 7 
	datadep: 
	instructions:
		 0: RETURN %v_5[3.0,] %self[2.0,] 
BB 7
	outgoing: 
	datadep: 
	instructions:

SET IRMethod, name = notifications_count instanceMethod = true
BB 1
	outgoing: 7 2 
	datadep: 
	instructions:
BB 2
	outgoing: 3 4 
	datadep: 
	instructions:
		 0: def_%self 
		 1: def_%v_0 
		 2: COPY TYPE_CurrentScope def_%current_scope 
		 3: COPY TYPE_ScopeModule def_%current_module 
		 4: 
		 5: 
		 6: def_%v_4 %self[2.0,] 
		 7: COPY TYPE_PASS def_%v_3 %v_4[2.6,] 
		 8: %v_4[2.6,] 
BB 3
	outgoing: 4 
	datadep: 
	instructions:
		 0: GETFIELD %self->notification_count def_%v_5 %self[2.0,] 
		 1: COPY TYPE_PASS def_%v_3 %v_5[3.0,] 
BB 4
	outgoing: 5 6 
	datadep: 
	instructions:
		 0: BRANCH %v_3[3.1,2.7,] 
BB 5
	outgoing: 7 
	datadep: 
	instructions:
		 0: %self->user def_%v_6 %self[2.0,] 	 SYMBOL:	 ARGS:
		 1: %v_6->unread_notifications def_%v_7 %v_6[5.0,] 	 SYMBOL:	 ARGS:
		 2: %v_7->count def_%v_8 %v_7[5.1,] 	 SYMBOL:	 ARGS:
		 3: ATTRASSIGN %self->notification_count %v_8[5.2,] 
		 4: RETURN %v_8[5.2,] %self[5.0,5.3,2.0,] 
BB 6
	outgoing: 7 
	datadep: 
	instructions:
		 0: RETURN %v_5[3.0,] %self[2.0,] 
BB 7
	outgoing: 
	datadep: 
	instructions:

SET IRMethod, name = unread_messages_count instanceMethod = true
BB 1
	outgoing: 7 2 
	datadep: 
	instructions:
BB 2
	outgoing: 3 4 
	datadep: 
	instructions:
		 0: def_%self 
		 1: def_%v_0 
		 2: COPY TYPE_CurrentScope def_%current_scope 
		 3: COPY TYPE_ScopeModule def_%current_module 
		 4: 
		 5: 
		 6: def_%v_4 %self[2.0,] 
		 7: COPY TYPE_PASS def_%v_3 %v_4[2.6,] 
		 8: %v_4[2.6,] 
BB 3
	outgoing: 4 
	datadep: 
	instructions:
		 0: GETFIELD %self->unread_message_count def_%v_5 %self[2.0,] 
		 1: COPY TYPE_PASS def_%v_3 %v_5[3.0,] 
BB 4
	outgoing: 5 6 
	datadep: 
	instructions:
		 0: BRANCH %v_3[3.1,2.7,] 
BB 5
	outgoing: 7 
	datadep: 
	instructions:
		 0: %self->user def_%v_6 %self[2.0,] 	 SYMBOL:	 ARGS:
		 1: %v_6->unread_message_count def_%v_7 %v_6[5.0,] 	 SYMBOL:	 ARGS:
		 2: ATTRASSIGN %self->unread_message_count %v_7[5.1,] 
		 3: RETURN %v_7[5.1,] %self[5.0,5.2,2.0,] 
BB 6
	outgoing: 7 
	datadep: 
	instructions:
		 0: RETURN %v_5[3.0,] %self[2.0,] 
BB 7
	outgoing: 
	datadep: 
	instructions:

SET IRMethod, name = admin instanceMethod = true
BB 1
	outgoing: 3 2 
	datadep: 
	instructions:
BB 2
	outgoing: 3 
	datadep: 
	instructions:
		 0: def_%self 
		 1: def_%v_0 
		 2: COPY TYPE_CurrentScope def_%current_scope 
		 3: COPY TYPE_ScopeModule def_%current_module 
		 4: 
		 5: 
		 6: %self->user def_%v_3 %self[2.0,] 	 SYMBOL:	 ARGS:
		 7: %v_3->admin? def_%v_4 %v_3[2.6,] 	 SYMBOL:	 ARGS:
		 8: RETURN %v_4[2.7,] %self[2.0,2.6,] 
BB 3
	outgoing: 
	datadep: 
	instructions:

SET IRMethod, name = moderator instanceMethod = true
BB 1
	outgoing: 3 2 
	datadep: 
	instructions:
BB 2
	outgoing: 3 
	datadep: 
	instructions:
		 0: def_%self 
		 1: def_%v_0 
		 2: COPY TYPE_CurrentScope def_%current_scope 
		 3: COPY TYPE_ScopeModule def_%current_module 
		 4: 
		 5: 
		 6: %self->user def_%v_3 %self[2.0,] 	 SYMBOL:	 ARGS:
		 7: %v_3->moderator? def_%v_4 %v_3[2.6,] 	 SYMBOL:	 ARGS:
		 8: RETURN %v_4[2.7,] %self[2.0,2.6,] 
BB 3
	outgoing: 
	datadep: 
	instructions:

