SET IRMethod, name = page_title instanceMethod = true
BB 1
	outgoing: 7 2 
	datadep: 
	instructions:
BB 2
	outgoing: 3 4 
	datadep: 
	instructions:
		 0: def_%self 
		 1: def_%v_0 
		 2: COPY TYPE_CurrentScope def_%current_scope 
		 3: COPY TYPE_ScopeModule def_%current_module 
		 4: 
		 5: 
		 6: %self->action_name def_%v_3 %self[2.0,] 	 SYMBOL:	 ARGS:
		 7: COPY TYPE_StringLiteral "show" def_%v_6 
		 8: def_%v_5 %v_6[2.7,] %v_3[2.6,] 
		 9: BRANCH %v_5[2.8,] 
BB 3
	outgoing: 7 
	datadep: 
	instructions:
		 0: 
		 1: %self->-unknown-super-target- def_%v_13 %self[2.0,] %v_0[2.1,] 	 SYMBOL:	 ARGS:
		 2: COPY TYPE_PASS def_%v_4 %v_13[3.1,] 
		 3: RETURN %v_13[3.1,] %self[3.1,2.0,] 
BB 4
	outgoing: 7 
	datadep: 
	instructions:
		 0: 
		 1: (I18n) def_%v_7 
		 2: COPY TYPE_StringLiteral "user_card" def_%v_8 
		 3: GETFIELD %self->user def_%v_9 %self[2.0,] 
		 4: %v_9->display_name def_%v_10 %v_9[4.3,] 	 SYMBOL:	 ARGS:
		 5: HASH-user- def_%v_11 %v_10[4.4,] 
		 6: %v_7->t def_%v_12 %v_7[4.1,] %v_8[4.2,] %v_11[4.5,] 	 SYMBOL:	 ARGS:%v_8,%v_11,
		 7: COPY TYPE_PASS def_%v_4 %v_12[4.6,] 
		 8: RETURN %v_12[4.6,] %self[2.0,] 
BB 7
	outgoing: 
	datadep: 
	instructions:

SET IRMethod, name = administration_tabbed_navigation instanceMethod = true
BB 1
	outgoing: 6 2 
	datadep: 
	instructions:
BB 2
	outgoing: 3 4 
	datadep: 
	instructions:
		 0: def_%self 
		 1: def_%v_0 
		 2: COPY TYPE_CurrentScope def_%current_scope 
		 3: COPY TYPE_ScopeModule def_%current_module 
		 4: 
		 5: 
		 6: GETFIELD %self->logged_user def_%v_3 %self[2.0,] 
		 7: %v_3->company def_%v_4 %v_3[2.6,] 	 SYMBOL:	 ARGS:
		 8: %v_4->is_owner? def_%v_5 %v_4[2.7,] 	 SYMBOL:	 ARGS:
		 9: BRANCH %v_5[2.8,] 
BB 3
	outgoing: 6 
	datadep: 
	instructions:
		 0: %self->-unknown-super-target- def_%v_6 %self[2.0,] %v_0[2.1,] 	 SYMBOL:	 ARGS:
		 1: RETURN %v_6[3.0,] %self[3.0,2.0,] 
BB 4
	outgoing: 6 
	datadep: 
	instructions:
		 0: RETURN %self[2.0,] 
BB 6
	outgoing: 
	datadep: 
	instructions:

SET IRMethod, name = current_tab instanceMethod = true
BB 1
	outgoing: 3 2 
	datadep: 
	instructions:
BB 2
	outgoing: 3 
	datadep: 
	instructions:
		 0: def_%self 
		 1: def_%v_0 
		 2: COPY TYPE_CurrentScope def_%current_scope 
		 3: COPY TYPE_ScopeModule def_%current_module 
		 4: 
		 5: 
		 6: RETURN %self[2.0,] 
BB 3
	outgoing: 
	datadep: 
	instructions:

SET IRMethod, name = administration_crumbs instanceMethod = true
BB 1
	outgoing: 6 2 
	datadep: 
	instructions:
BB 2
	outgoing: 3 4 
	datadep: 
	instructions:
		 0: def_%self 
		 1: def_%v_0 
		 2: COPY TYPE_CurrentScope def_%current_scope 
		 3: COPY TYPE_ScopeModule def_%current_module 
		 4: 
		 5: 
		 6: GETFIELD %self->logged_user def_%v_3 %self[2.0,] 
		 7: %v_3->company def_%v_4 %v_3[2.6,] 	 SYMBOL:	 ARGS:
		 8: %v_4->is_owner? def_%v_5 %v_4[2.7,] 	 SYMBOL:	 ARGS:
		 9: BRANCH %v_5[2.8,] 
BB 3
	outgoing: 6 
	datadep: 
	instructions:
		 0: %self->-unknown-super-target- def_%v_6 %self[2.0,] %v_0[2.1,] 	 SYMBOL:	 ARGS:
		 1: RETURN %v_6[3.0,] %self[3.0,2.0,] 
BB 4
	outgoing: 6 
	datadep: 
	instructions:
		 0: RETURN %self[2.0,] 
BB 6
	outgoing: 
	datadep: 
	instructions:

SET IRMethod, name = current_crumb instanceMethod = true
BB 1
	outgoing: 17 2 
	datadep: 
	instructions:
BB 2
	outgoing: 3 9 
	datadep: 
	instructions:
		 0: def_%self 
		 1: def_%v_0 
		 2: COPY TYPE_CurrentScope def_%current_scope 
		 3: COPY TYPE_ScopeModule def_%current_module 
		 4: 
		 5: 
		 6: %self->action_name def_%v_3 %self[2.0,] 	 SYMBOL:	 ARGS:
		 7: COPY TYPE_StringLiteral "new" def_%v_6 
		 8: def_%v_5 %v_6[2.7,] %v_3[2.6,] 
		 9: BRANCH %v_5[2.8,] 
BB 3
	outgoing: 4 10 
	datadep: 
	instructions:
		 0: COPY TYPE_StringLiteral "create" def_%v_8 
		 1: def_%v_7 %v_8[3.0,] %v_3[2.6,] 
		 2: BRANCH %v_7[3.1,] 
BB 4
	outgoing: 5 11 
	datadep: 
	instructions:
		 0: COPY TYPE_StringLiteral "show" def_%v_10 
		 1: def_%v_9 %v_10[4.0,] %v_3[2.6,] 
		 2: BRANCH %v_9[4.1,] 
BB 5
	outgoing: 6 12 
	datadep: 
	instructions:
		 0: COPY TYPE_StringLiteral "edit" def_%v_12 
		 1: def_%v_11 %v_12[5.0,] %v_3[2.6,] 
		 2: BRANCH %v_11[5.1,] 
BB 6
	outgoing: 7 13 
	datadep: 
	instructions:
		 0: COPY TYPE_StringLiteral "update" def_%v_14 
		 1: def_%v_13 %v_14[6.0,] %v_3[2.6,] 
		 2: BRANCH %v_13[6.1,] 
BB 7
	outgoing: 8 14 
	datadep: 
	instructions:
		 0: COPY TYPE_StringLiteral "current" def_%v_16 
		 1: def_%v_15 %v_16[7.0,] %v_3[2.6,] 
		 2: BRANCH %v_15[7.1,] 
BB 8
	outgoing: 17 
	datadep: 
	instructions:
		 0: 
		 1: %self->-unknown-super-target- def_%v_19 %self[2.0,] %v_0[2.1,] 	 SYMBOL:	 ARGS:
		 2: COPY TYPE_PASS def_%v_4 %v_19[8.1,] 
		 3: RETURN %v_19[8.1,] %self[8.1,2.0,] 
BB 9
	outgoing: 17 
	datadep: 
	instructions:
		 0: 
		 1: COPY TYPE_Symbol def_%v_4 
		 2: RETURN %self[2.0,] 
BB 10
	outgoing: 16 
	datadep: 
	instructions:
		 0: COPY TYPE_Symbol def_%v_4 
		 1: 
BB 11
	outgoing: 17 
	datadep: 
	instructions:
		 0: 
		 1: GETFIELD %self->user def_%v_17 %self[2.0,] 
		 2: %v_17->display_name def_%v_18 %v_17[11.1,] 	 SYMBOL:	 ARGS:
		 3: COPY TYPE_PASS def_%v_4 %v_18[11.2,] 
		 4: RETURN %v_18[11.2,] %self[2.0,] 
BB 12
	outgoing: 17 
	datadep: 
	instructions:
		 0: 
		 1: COPY TYPE_Symbol def_%v_4 
		 2: RETURN %self[2.0,] 
BB 13
	outgoing: 16 
	datadep: 
	instructions:
		 0: COPY TYPE_Symbol def_%v_4 
		 1: 
BB 14
	outgoing: 16 
	datadep: 
	instructions:
		 0: COPY TYPE_Symbol def_%v_4 
		 1: 
BB 16
	outgoing: 17 
	datadep: 
	instructions:
		 0: RETURN %v_4[10.0,13.0,14.0,] %self[2.0,] 
BB 17
	outgoing: 
	datadep: 
	instructions:

SET IRMethod, name = extra_crumbs instanceMethod = true
BB 1
	outgoing: 6 2 
	datadep: 
	instructions:
BB 2
	outgoing: 3 4 
	datadep: 
	instructions:
		 0: def_%self 
		 1: def_%v_0 
		 2: COPY TYPE_CurrentScope def_%current_scope 
		 3: COPY TYPE_ScopeModule def_%current_module 
		 4: 
		 5: 
		 6: COPY TYPE_StringLiteral "/companies" def_%v_3 
		 7: HASH-title-url- def_%v_4 %v_3[2.6,] 
		 8: GETFIELD %self->user def_%v_5 %self[2.0,] 
		 9: %v_5->company def_%v_6 %v_5[2.8,] 	 SYMBOL:	 ARGS:
		 10: %v_6->name def_%v_7 %v_6[2.9,] 	 SYMBOL:	 ARGS:
		 11: GETFIELD %self->user def_%v_8 %self[2.0,] 
		 12: %v_8->company def_%v_9 %v_8[2.11,] 	 SYMBOL:	 ARGS:
		 13: %v_9->id def_%v_10 %v_9[2.12,] 	 SYMBOL:	 ARGS:
		 14: HASH-id- def_%v_11 %v_10[2.13,] 
		 15: %self->company_path def_%v_12 %self[2.0,] %v_11[2.14,] 	 SYMBOL:	 ARGS:%v_11,
		 16: HASH-title-url- def_%v_13 %v_7[2.10,] %v_12[2.15,] 
		 17: COPY TYPE_Array def_%v_14 %v_4[2.7,] %v_13[2.16,] 
		 18: COPY TYPE_PASS def_crumbs %v_14[2.17,] 
		 19: 
		 20: %self->action_name def_%v_15 %self[2.0,2.15,] 	 SYMBOL:	 ARGS:
		 21: COPY TYPE_StringLiteral "permissions" def_%v_16 
		 22: %v_15->== def_%v_17 %v_15[2.20,] %v_16[2.21,] 	 SYMBOL:	 ARGS:%v_16,
		 23: BRANCH %v_17[2.22,] 
BB 3
	outgoing: 5 
	datadep: 
	instructions:
		 0: GETFIELD %self->user def_%v_18 %self[2.0,] 
		 1: %v_18->display_name def_%v_19 %v_18[3.0,] 	 SYMBOL:	 ARGS:
		 2: GETFIELD %self->user def_%v_20 %self[2.0,] 
		 3: %v_20->id def_%v_21 %v_20[3.2,] 	 SYMBOL:	 ARGS:
		 4: HASH-id- def_%v_22 %v_21[3.3,] 
		 5: %self->user_path def_%v_23 %self[2.0,] %v_22[3.4,] 	 SYMBOL:	 ARGS:%v_22,
		 6: HASH-title-url- def_%v_24 %v_19[3.1,] %v_23[3.5,] 
		 7: crumbs-><< def_%v_25 crumbs[2.18,] %v_24[3.6,] 	 SYMBOL:	 ARGS:%v_24,
		 8: 
BB 4
	outgoing: 5 
	datadep: 
	instructions:
		 0: COPY TYPE_Nil def_%v_25 
BB 5
	outgoing: 6 
	datadep: 
	instructions:
		 0: 
		 1: RETURN crumbs[2.18,] %self[2.0,] 
BB 6
	outgoing: 
	datadep: 
	instructions:

