SET IRMethod, name = initialize instanceMethod = true
BB 1
	outgoing: 3 2 
	datadep: 
	instructions:
BB 2
	outgoing: 3 
	datadep: 
	instructions:
		 0: def_%self 
		 1: def_%v_0 
		 2: COPY TYPE_CurrentScope def_%current_scope 
		 3: COPY TYPE_ScopeModule def_%current_module 
		 4: 
		 5: RECEIVEARG def_user 
		 6: 
		 7: %self->super def_%v_3 user[2.5,] %v_0[2.1,] 	 SYMBOL:	 ARGS:user,
		 8: RETURN %v_3[2.7,] %self[2.0,] 
BB 3
	outgoing: 
	datadep: 
	instructions:

SET IRMethod, name = recurrence_selector instanceMethod = true
BB 1
	outgoing: 3 2 
	datadep: 
	instructions:
BB 2
	outgoing: 3 
	datadep: 
	instructions:
		 0: def_%self 
		 1: def_%v_0 
		 2: COPY TYPE_CurrentScope def_%current_scope 
		 3: COPY TYPE_ScopeModule def_%current_module 
		 4: 
		 5: 
		 6: %self->get def_%v_3 %self[2.0,] 	 SYMBOL:recurrence_selector,	 ARGS:Symbol,
		 7: RETURN %v_3[2.6,] %self[2.0,2.6,] 
BB 3
	outgoing: 
	datadep: 
	instructions:

SET IRMethod, name = month_of_year instanceMethod = true
BB 1
	outgoing: 3 2 
	datadep: 
	instructions:
BB 2
	outgoing: 3 
	datadep: 
	instructions:
		 0: def_%self 
		 1: def_%v_0 
		 2: COPY TYPE_CurrentScope def_%current_scope 
		 3: COPY TYPE_ScopeModule def_%current_module 
		 4: 
		 5: 
		 6: %self->get def_%v_3 %self[2.0,] 	 SYMBOL:every_other2,	 ARGS:Symbol,
		 7: RETURN %v_3[2.6,] %self[2.0,2.6,] 
BB 3
	outgoing: 
	datadep: 
	instructions:

SET IRMethod, name = every_x_day instanceMethod = true
BB 1
	outgoing: 3 2 
	datadep: 
	instructions:
BB 2
	outgoing: 3 
	datadep: 
	instructions:
		 0: def_%self 
		 1: def_%v_0 
		 2: COPY TYPE_CurrentScope def_%current_scope 
		 3: COPY TYPE_ScopeModule def_%current_module 
		 4: 
		 5: 
		 6: %self->get def_%v_3 %self[2.0,] 	 SYMBOL:every_other1,	 ARGS:Symbol,
		 7: RETURN %v_3[2.6,] %self[2.0,2.6,] 
BB 3
	outgoing: 
	datadep: 
	instructions:

SET IRMethod, name = every_xth_day instanceMethod = true
BB 1
	outgoing: 3 2 
	datadep: 
	instructions:
BB 2
	outgoing: 3 
	datadep: 
	instructions:
		 0: def_%self 
		 1: def_%v_0 
		 2: COPY TYPE_CurrentScope def_%current_scope 
		 3: COPY TYPE_ScopeModule def_%current_module 
		 4: 
		 5: 
		 6: %self->get def_%v_3 %self[2.0,] 	 SYMBOL:every_other3,	 ARGS:Symbol,
		 7: RETURN %v_3[2.6,] %self[2.0,2.6,] 
BB 3
	outgoing: 
	datadep: 
	instructions:

SET IRMethod, name = day_of_week instanceMethod = true
BB 1
	outgoing: 3 2 
	datadep: 
	instructions:
BB 2
	outgoing: 3 
	datadep: 
	instructions:
		 0: def_%self 
		 1: def_%v_0 
		 2: COPY TYPE_CurrentScope def_%current_scope 
		 3: COPY TYPE_ScopeModule def_%current_module 
		 4: 
		 5: 
		 6: %self->get def_%v_3 %self[2.0,] 	 SYMBOL:every_count,	 ARGS:Symbol,
		 7: RETURN %v_3[2.6,] %self[2.0,2.6,] 
BB 3
	outgoing: 
	datadep: 
	instructions:

SET IRMethod, name = month_of_year2 instanceMethod = true
BB 1
	outgoing: 6 2 
	datadep: 
	instructions:
BB 2
	outgoing: 3 4 
	datadep: 
	instructions:
		 0: def_%self 
		 1: def_%v_0 
		 2: COPY TYPE_CurrentScope def_%current_scope 
		 3: COPY TYPE_ScopeModule def_%current_module 
		 4: 
		 5: 
		 6: %self->get def_%v_3 %self[2.0,] 	 SYMBOL:recurrence_selector,	 ARGS:Symbol,
		 7: %v_3->== def_%v_4 %v_3[2.6,] 	 SYMBOL:	 ARGS:Fixnum,
		 8: BRANCH %v_4[2.7,] 
BB 3
	outgoing: 6 
	datadep: 
	instructions:
		 0: %self->get def_%v_5 %self[2.0,] 	 SYMBOL:every_other2,	 ARGS:Symbol,
		 1: RETURN %v_5[3.0,] %self[3.0,2.0,] 
BB 4
	outgoing: 6 
	datadep: 
	instructions:
		 0: (Time) def_%v_6 
		 1: %v_6->zone def_%v_7 %v_6[4.0,] 	 SYMBOL:	 ARGS:
		 2: %v_7->now def_%v_8 %v_7[4.1,] 	 SYMBOL:	 ARGS:
		 3: %v_8->month def_%v_9 %v_8[4.2,] 	 SYMBOL:	 ARGS:
		 4: RETURN %v_9[4.3,] %self[2.0,] 
BB 6
	outgoing: 
	datadep: 
	instructions:

SET IRMethod, name = recurrence_pattern instanceMethod = true
BB 1
	outgoing: 6 2 
	datadep: 
	instructions:
BB 2
	outgoing: 3 4 
	datadep: 
	instructions:
		 0: def_%self 
		 1: def_%v_0 
		 2: COPY TYPE_CurrentScope def_%current_scope 
		 3: COPY TYPE_ScopeModule def_%current_module 
		 4: 
		 5: 
		 6: %self->recurrence_selector def_%v_3 %self[2.0,] 	 SYMBOL:	 ARGS:
		 7: %v_3->== def_%v_4 %v_3[2.6,] 	 SYMBOL:	 ARGS:Fixnum,
		 8: BRANCH %v_4[2.7,] 
BB 3
	outgoing: 6 
	datadep: 
	instructions:
		 0: 
		 1: (I18n) def_%v_5 
		 2: COPY TYPE_StringLiteral "todos.recurrence.pattern.every_year_on" def_%v_6 
		 3: %self->date_as_month_day def_%v_7 %self[2.0,] 	 SYMBOL:	 ARGS:
		 4: HASH-date- def_%v_8 %v_7[3.3,] 
		 5: %v_5->t def_%v_9 %v_5[3.1,] %v_6[3.2,] %v_8[3.4,] 	 SYMBOL:	 ARGS:%v_6,%v_8,
		 6: RETURN %v_9[3.5,] %self[3.3,2.0,] 
BB 4
	outgoing: 6 
	datadep: 
	instructions:
		 0: 
		 1: (I18n) def_%v_10 
		 2: COPY TYPE_StringLiteral "todos.recurrence.pattern.every_year_on" def_%v_11 
		 3: (I18n) def_%v_12 
		 4: COPY TYPE_StringLiteral "todos.recurrence.pattern.the_xth_day_of_month" def_%v_13 
		 5: %self->every_xth_day def_%v_14 %self[2.0,] 	 SYMBOL:	 ARGS:
		 6: %self->xth def_%v_15 %self[4.5,2.0,] %v_14[4.5,] 	 SYMBOL:	 ARGS:%v_14,
		 7: %self->day_of_week def_%v_16 %self[4.5,4.6,2.0,] 	 SYMBOL:	 ARGS:
		 8: %self->day_of_week_as_text def_%v_17 %self[4.5,4.6,4.7,2.0,] %v_16[4.7,] 	 SYMBOL:	 ARGS:%v_16,
		 9: %self->month_of_year def_%v_18 %self[4.5,4.6,4.7,4.8,2.0,] 	 SYMBOL:	 ARGS:
		 10: %self->month_of_year_as_text def_%v_19 %self[4.5,4.6,4.7,4.8,4.9,2.0,] %v_18[4.9,] 	 SYMBOL:	 ARGS:%v_18,
		 11: HASH-x-day-month- def_%v_20 %v_15[4.6,] %v_17[4.8,] %v_19[4.10,] 
		 12: %v_12->t def_%v_21 %v_12[4.3,] %v_13[4.4,] %v_20[4.11,] 	 SYMBOL:	 ARGS:%v_13,%v_20,
		 13: HASH-date- def_%v_22 %v_21[4.12,] 
		 14: %v_10->t def_%v_23 %v_10[4.1,] %v_11[4.2,] %v_22[4.13,] 	 SYMBOL:	 ARGS:%v_11,%v_22,
		 15: RETURN %v_23[4.14,] %self[4.5,4.6,4.7,4.8,4.9,4.10,2.0,] 
BB 6
	outgoing: 
	datadep: 
	instructions:

SET IRMethod, name = validate instanceMethod = true
BB 1
	outgoing: 9 2 
	datadep: 
	instructions:
BB 2
	outgoing: 3 5 
	datadep: 
	instructions:
		 0: def_%self 
		 1: def_%v_0 
		 2: COPY TYPE_CurrentScope def_%current_scope 
		 3: COPY TYPE_ScopeModule def_%current_module 
		 4: 
		 5: 
		 6: %self->super def_%v_3 %v_0[2.1,] 	 SYMBOL:	 ARGS:
		 7: 
		 8: %self->recurrence_selector def_%v_4 %self[2.0,] 	 SYMBOL:	 ARGS:
		 9: def_%v_6 %v_4[2.8,] 
		 10: BRANCH %v_6[2.9,] 
BB 3
	outgoing: 4 6 
	datadep: 
	instructions:
		 0: def_%v_7 %v_4[2.8,] 
		 1: BRANCH %v_7[3.0,] 
BB 4
	outgoing: 9 
	datadep: 
	instructions:
		 0: 
		 1: COPY TYPE_StringLiteral "unexpected value of recurrence selector '" def_%v_23 
		 2: %self->recurrence_selector def_%v_24 %self[2.0,] 	 SYMBOL:	 ARGS:
		 3: COPY TYPE_StringLiteral "'" def_%v_25 
		 4: BUILDSTRING def_%v_26 %v_23[4.1,] %v_24[4.2,] %v_25[4.3,] 
		 5: %self->raise def_%v_27 %self[4.2,2.0,] %v_26[4.4,] 	 SYMBOL:	 ARGS:%v_26,
		 6: COPY TYPE_PASS def_%v_5 %v_27[4.5,] 
		 7: RETURN %v_27[4.5,] %self[4.2,4.5,2.0,] 
BB 5
	outgoing: 9 
	datadep: 
	instructions:
		 0: 
		 1: %self->month_of_year def_%v_8 %self[2.0,] 	 SYMBOL:	 ARGS:
		 2: COPY TYPE_StringLiteral "The month of the year may not be empty for recurrence setting" def_%v_9 
		 3: %self->validate_not_blank def_%v_10 %self[5.1,2.0,] %v_8[5.1,] %v_9[5.2,] 	 SYMBOL:	 ARGS:%v_8,%v_9,
		 4: 
		 5: %self->every_x_day def_%v_11 %self[5.1,5.3,2.0,] 	 SYMBOL:	 ARGS:
		 6: COPY TYPE_StringLiteral "The day of the month may not be empty for recurrence setting" def_%v_12 
		 7: %self->validate_not_blank def_%v_13 %self[5.1,5.3,5.5,2.0,] %v_11[5.5,] %v_12[5.6,] 	 SYMBOL:	 ARGS:%v_11,%v_12,
		 8: COPY TYPE_PASS def_%v_5 %v_13[5.7,] 
		 9: RETURN %v_13[5.7,] %self[5.1,5.3,5.5,5.7,2.0,] 
BB 6
	outgoing: 9 
	datadep: 
	instructions:
		 0: 
		 1: %self->month_of_year2 def_%v_14 %self[2.0,] 	 SYMBOL:	 ARGS:
		 2: COPY TYPE_StringLiteral "The month of the year may not be empty for recurrence setting" def_%v_15 
		 3: %self->validate_not_blank def_%v_16 %self[6.1,2.0,] %v_14[6.1,] %v_15[6.2,] 	 SYMBOL:	 ARGS:%v_14,%v_15,
		 4: 
		 5: %self->every_xth_day def_%v_17 %self[6.1,6.3,2.0,] 	 SYMBOL:	 ARGS:
		 6: COPY TYPE_StringLiteral "The nth day of the month may not be empty for recurrence setting" def_%v_18 
		 7: %self->validate_not_blank def_%v_19 %self[6.1,6.3,6.5,2.0,] %v_17[6.5,] %v_18[6.6,] 	 SYMBOL:	 ARGS:%v_17,%v_18,
		 8: 
		 9: %self->day_of_week def_%v_20 %self[6.1,6.3,6.5,6.7,2.0,] 	 SYMBOL:	 ARGS:
		 10: COPY TYPE_StringLiteral "The day of the week may not be empty for recurrence setting" def_%v_21 
		 11: %self->validate_not_blank def_%v_22 %self[6.1,6.3,6.5,6.7,6.9,2.0,] %v_20[6.9,] %v_21[6.10,] 	 SYMBOL:	 ARGS:%v_20,%v_21,
		 12: COPY TYPE_PASS def_%v_5 %v_22[6.11,] 
		 13: RETURN %v_22[6.11,] %self[6.1,6.3,6.5,6.7,6.9,6.11,2.0,] 
BB 9
	outgoing: 
	datadep: 
	instructions:

SET IRMethod, name = get_next_date instanceMethod = true
BB 1
	outgoing: 11 2 
	datadep: 
	instructions:
BB 2
	outgoing: 3 5 
	datadep: 
	instructions:
		 0: def_%self 
		 1: def_%v_0 
		 2: COPY TYPE_CurrentScope def_%current_scope 
		 3: COPY TYPE_ScopeModule def_%current_module 
		 4: 
		 5: RECEIVEARG def_previous 
		 6: 
		 7: %self->determine_start def_%v_3 %self[2.0,] previous[2.5,] 	 SYMBOL:	 ARGS:previous,
		 8: COPY TYPE_PASS def_start %v_3[2.7,] 
		 9: 
		 10: %self->get def_%v_4 %self[2.0,2.7,] 	 SYMBOL:every_other2,	 ARGS:Symbol,
		 11: COPY TYPE_PASS def_month %v_4[2.10,] 
		 12: 
		 13: %self->recurrence_selector def_%v_5 %self[2.0,2.7,2.10,] 	 SYMBOL:	 ARGS:
		 14: def_%v_7 %v_5[2.13,] 
		 15: BRANCH %v_7[2.14,] 
BB 3
	outgoing: 4 7 
	datadep: 
	instructions:
		 0: def_%v_8 %v_5[2.13,] 
		 1: BRANCH %v_8[3.0,] 
BB 4
	outgoing: 10 
	datadep: 
	instructions:
		 0: COPY TYPE_Nil def_%v_6 
		 1: 
BB 5
	outgoing: 11 
	datadep: 
	instructions:
		 0: 
		 1: %self->get_specific_day_of_month def_%v_9 %self[2.0,] start[2.8,] month[2.11,] 	 SYMBOL:	 ARGS:start,month,
		 2: RETURN %v_9[5.1,] %self[5.1,2.0,] 
BB 7
	outgoing: 11 
	datadep: 
	instructions:
		 0: 
		 1: %self->get_relative_weekday_of_month def_%v_10 %self[2.0,] start[2.8,] month[2.11,] 	 SYMBOL:	 ARGS:start,month,
		 2: RETURN %v_10[7.1,] %self[7.1,2.0,] 
BB 10
	outgoing: 11 
	datadep: 
	instructions:
		 0: 
		 1: RETURN %self[2.0,] 
BB 11
	outgoing: 
	datadep: 
	instructions:

SET IRMethod, name = date_as_month_day instanceMethod = true
BB 1
	outgoing: 3 2 
	datadep: 
	instructions:
BB 2
	outgoing: 3 
	datadep: 
	instructions:
		 0: def_%self 
		 1: def_%v_0 
		 2: COPY TYPE_CurrentScope def_%current_scope 
		 3: COPY TYPE_ScopeModule def_%current_module 
		 4: 
		 5: 
		 6: (I18n) def_%v_3 
		 7: (DateTime) def_%v_4 
		 8: (Time) def_%v_5 
		 9: %v_5->zone def_%v_6 %v_5[2.8,] 	 SYMBOL:	 ARGS:
		 10: %v_6->now def_%v_7 %v_6[2.9,] 	 SYMBOL:	 ARGS:
		 11: %v_7->year def_%v_8 %v_7[2.10,] 	 SYMBOL:	 ARGS:
		 12: %self->month_of_year def_%v_9 %self[2.0,] 	 SYMBOL:	 ARGS:
		 13: %self->every_x_day def_%v_10 %self[2.0,2.12,] 	 SYMBOL:	 ARGS:
		 14: %v_4->new def_%v_11 %v_4[2.7,] %v_8[2.11,] %v_9[2.12,] %v_10[2.13,] 	 SYMBOL:	 ARGS:%v_8,%v_9,%v_10,
		 15: HASH-format- def_%v_12 
		 16: %v_3->l def_%v_13 %v_3[2.6,] %v_11[2.14,] %v_12[2.15,] 	 SYMBOL:	 ARGS:%v_11,%v_12,
		 17: RETURN %v_13[2.16,] %self[2.0,2.12,2.13,] 
BB 3
	outgoing: 
	datadep: 
	instructions:

SET IRMethod, name = get_specific_day_of_month instanceMethod = true
BB 1
	outgoing: 10 2 
	datadep: 
	instructions:
BB 2
	outgoing: 3 6 
	datadep: 
	instructions:
		 0: def_%self 
		 1: def_%v_0 
		 2: COPY TYPE_CurrentScope def_%current_scope 
		 3: COPY TYPE_ScopeModule def_%current_module 
		 4: 
		 5: RECEIVEARG def_start 
		 6: RECEIVEARG def_month 
		 7: 
		 8: start->month def_%v_3 start[2.5,] 	 SYMBOL:	 ARGS:
		 9: %v_3->> def_%v_4 %v_3[2.8,] month[2.6,] 	 SYMBOL:	 ARGS:month,
		 10: BRANCH %v_4[2.9,] 
BB 3
	outgoing: 4 5 
	datadep: 
	instructions:
		 0: start->month def_%v_5 start[2.5,] 	 SYMBOL:	 ARGS:
		 1: %v_5->== def_%v_6 %v_5[3.0,] month[2.6,] 	 SYMBOL:	 ARGS:month,
		 2: BRANCH %v_6[3.1,] 
BB 4
	outgoing: 5 
	datadep: 
	instructions:
		 0: start->day def_%v_7 start[2.5,] 	 SYMBOL:	 ARGS:
		 1: %self->every_x_day def_%v_8 %self[2.0,] 	 SYMBOL:	 ARGS:
		 2: %v_7->>= def_%v_9 %v_7[4.0,] %v_8[4.1,] 	 SYMBOL:	 ARGS:%v_8,
		 3: COPY TYPE_PASS def_%v_6 %v_9[4.2,] 
BB 5
	outgoing: 6 
	datadep: 
	instructions:
		 0: COPY TYPE_PASS def_%v_4 %v_6[4.3,3.1,] 
BB 6
	outgoing: 7 8 
	datadep: 
	instructions:
		 0: BRANCH %v_4[5.0,2.9,] 
BB 7
	outgoing: 9 
	datadep: 
	instructions:
		 0: 
		 1: (Time) def_%v_10 
		 2: %v_10->zone def_%v_11 %v_10[7.1,] 	 SYMBOL:	 ARGS:
		 3: start->year def_%v_12 start[2.5,] 	 SYMBOL:	 ARGS:
		 4: %v_12->+ def_%v_13 %v_12[7.3,] 	 SYMBOL:	 ARGS:Fixnum,
		 5: %v_11->local def_%v_14 %v_11[7.2,] %v_13[7.4,] month[2.6,] 	 SYMBOL:	 ARGS:%v_13,month,Fixnum,
		 6: COPY TYPE_PASS def_start %v_14[7.5,] 
		 7: 
BB 8
	outgoing: 9 
	datadep: 
	instructions:
		 0: 
		 1: (Time) def_%v_15 
		 2: %v_15->zone def_%v_16 %v_15[8.1,] 	 SYMBOL:	 ARGS:
		 3: start->year def_%v_17 start[2.5,] 	 SYMBOL:	 ARGS:
		 4: %v_16->local def_%v_18 %v_16[8.2,] %v_17[8.3,] month[2.6,] 	 SYMBOL:	 ARGS:%v_17,month,Fixnum,
		 5: COPY TYPE_PASS def_start %v_18[8.4,] 
		 6: COPY TYPE_PASS def_%v_14 %v_18[8.4,] 
BB 9
	outgoing: 10 
	datadep: 
	instructions:
		 0: 
		 1: (Time) def_%v_19 
		 2: %v_19->zone def_%v_20 %v_19[9.1,] 	 SYMBOL:	 ARGS:
		 3: start->year def_%v_21 start[8.5,7.6,] 	 SYMBOL:	 ARGS:
		 4: %self->every_x_day def_%v_22 %self[2.0,] 	 SYMBOL:	 ARGS:
		 5: %v_20->local def_%v_23 %v_20[9.2,] %v_21[9.3,] month[2.6,] %v_22[9.4,] 	 SYMBOL:	 ARGS:%v_21,month,%v_22,
		 6: RETURN %v_23[9.5,] %self[9.4,2.0,] 
BB 10
	outgoing: 
	datadep: 
	instructions:

SET IRMethod, name = get_relative_weekday_of_month instanceMethod = true
BB 1
	outgoing: 9 2 
	datadep: 
	instructions:
BB 2
	outgoing: 3 4 
	datadep: 
	instructions:
		 0: def_%self 
		 1: def_%v_0 
		 2: COPY TYPE_CurrentScope def_%current_scope 
		 3: COPY TYPE_ScopeModule def_%current_module 
		 4: 
		 5: RECEIVEARG def_start 
		 6: RECEIVEARG def_month 
		 7: 
		 8: start->month def_%v_3 start[2.5,] 	 SYMBOL:	 ARGS:
		 9: %v_3->> def_%v_4 %v_3[2.8,] month[2.6,] 	 SYMBOL:	 ARGS:month,
		 10: BRANCH %v_4[2.9,] 
BB 3
	outgoing: 5 
	datadep: 
	instructions:
		 0: (Time) def_%v_5 
		 1: %v_5->zone def_%v_6 %v_5[3.0,] 	 SYMBOL:	 ARGS:
		 2: start->year def_%v_7 start[2.5,] 	 SYMBOL:	 ARGS:
		 3: %v_7->+ def_%v_8 %v_7[3.2,] 	 SYMBOL:	 ARGS:Fixnum,
		 4: %v_6->local def_%v_9 %v_6[3.1,] %v_8[3.3,] month[2.6,] 	 SYMBOL:	 ARGS:%v_8,month,Fixnum,
		 5: 
BB 4
	outgoing: 5 
	datadep: 
	instructions:
		 0: COPY TYPE_PASS def_%v_9 start[2.5,] 
BB 5
	outgoing: 6 7 
	datadep: 
	instructions:
		 0: COPY TYPE_PASS def_the_next %v_9[4.0,3.4,] 
		 1: 
		 2: %self->every_xth_day def_%v_10 %self[2.0,] 	 SYMBOL:	 ARGS:
		 3: %self->day_of_week def_%v_11 %self[5.2,2.0,] 	 SYMBOL:	 ARGS:
		 4: the_next->year def_%v_12 the_next[5.0,] 	 SYMBOL:	 ARGS:
		 5: %self->get_xth_day_of_month def_%v_13 %self[5.2,5.3,2.0,] %v_10[5.2,] %v_11[5.3,] month[2.6,] %v_12[5.4,] 	 SYMBOL:	 ARGS:%v_10,%v_11,month,%v_12,
		 6: COPY TYPE_PASS def_the_next %v_13[5.5,] 
		 7: 
		 8: %v_13-><= def_%v_14 %v_13[5.5,] start[2.5,] 	 SYMBOL:	 ARGS:start,
		 9: BRANCH %v_14[5.8,] 
BB 6
	outgoing: 8 
	datadep: 
	instructions:
		 0: %self->every_xth_day def_%v_15 %self[2.0,] 	 SYMBOL:	 ARGS:
		 1: %self->day_of_week def_%v_16 %self[6.0,2.0,] 	 SYMBOL:	 ARGS:
		 2: start->year def_%v_17 start[2.5,] 	 SYMBOL:	 ARGS:
		 3: %v_17->+ def_%v_18 %v_17[6.2,] 	 SYMBOL:	 ARGS:Fixnum,
		 4: %self->get_xth_day_of_month def_%v_19 %self[6.0,6.1,2.0,] %v_15[6.0,] %v_16[6.1,] month[2.6,] %v_18[6.3,] 	 SYMBOL:	 ARGS:%v_15,%v_16,month,%v_18,
		 5: COPY TYPE_PASS def_the_next %v_19[6.4,] 
		 6: 
BB 7
	outgoing: 8 
	datadep: 
	instructions:
		 0: COPY TYPE_Nil def_%v_19 
BB 8
	outgoing: 9 
	datadep: 
	instructions:
		 0: 
		 1: RETURN the_next[6.5,5.0,5.6,] %self[2.0,] 
BB 9
	outgoing: 
	datadep: 
	instructions:

