SET IRMethod, name = mail_to instanceMethod = true
BB 1
	outgoing: 19 2 
	datadep: 
	instructions:
BB 2
	outgoing: 3 4 
	datadep: 
	instructions:
		 0: def_%self 
		 1: def_%v_0 
		 2: COPY TYPE_CurrentScope def_%current_scope 
		 3: COPY TYPE_ScopeModule def_%current_module 
		 4: 
		 5: RECEIVEARG def_email_address 
		 6: RECEIVECONSTARG def_name 
		 7: name[2.6,] 
BB 3
	outgoing: 4 
	datadep: 
	instructions:
		 0: COPY TYPE_Nil def_name 
BB 4
	outgoing: 5 6 
	datadep: 
	instructions:
		 0: RECEIVECONSTARG def_html_options 
		 1: html_options[4.0,] 
BB 5
	outgoing: 6 
	datadep: 
	instructions:
		 0: HASH- def_%v_3 
		 1: COPY TYPE_PASS def_html_options %v_3[5.0,] 
BB 6
	outgoing: 7 8 
	datadep: 
	instructions:
		 0: def_%v_4 
		 1: def_block %v_4[6.0,] 
		 2: 
		 3: %self->block_given? def_%v_5 %self[2.0,] 	 SYMBOL:	 ARGS:
		 4: BRANCH %v_5[6.3,] 
BB 7
	outgoing: 9 
	datadep: 
	instructions:
		 0: COPY TYPE_Array def_%v_6 name[3.0,2.6,] 
		 1: COPY TYPE_PASS def_%v_7 name[3.0,2.6,] 
		 2: COPY TYPE_Nil def_%v_8 
		 3: COPY TYPE_PASS def_html_options name[3.0,2.6,] 
		 4: COPY TYPE_Nil def_name 
		 5: 
BB 8
	outgoing: 9 
	datadep: 
	instructions:
		 0: COPY TYPE_Nil def_%v_6 
BB 9
	outgoing: 10 11 
	datadep: 
	instructions:
		 0: 
		 1: COPY TYPE_PASS def_%v_9 html_options[7.3,5.1,4.0,] 
		 2: BRANCH html_options[7.3,5.1,4.0,] 
BB 10
	outgoing: 11 
	datadep: 
	instructions:
		 0: HASH- def_%v_10 
		 1: COPY TYPE_PASS def_%v_9 %v_10[10.0,] 
BB 11
	outgoing: 12 13 
	datadep: 
	instructions:
		 0: %v_9->stringify_keys def_%v_11 %v_9[10.1,9.1,] 	 SYMBOL:	 ARGS:
		 1: COPY TYPE_PASS def_html_options %v_11[11.0,] 
		 2: 
		 3: COPY TYPE_StringLiteral "cc" def_%v_12 
		 4: COPY TYPE_StringLiteral "bcc" def_%v_13 
		 5: COPY TYPE_StringLiteral "body" def_%v_14 
		 6: COPY TYPE_StringLiteral "subject" def_%v_15 
		 7: COPY TYPE_Array def_%v_16 %v_12[11.3,] %v_13[11.4,] %v_14[11.5,] %v_15[11.6,] 
		 8: %v_16->map! def_%v_17 %v_16[11.7,] %self[2.0,] 	 SYMBOL:	 ARGS:%v_16,
CLOSURE BEGIN: html_options[11.1,] item[] option[] 
BB 1
	outgoing: 11 2 
	datadep: 
	instructions:
BB 2
	outgoing: 3 
	datadep: 
	instructions:
		 0: def_%self 
		 1: def_%cl_1_0 
		 2: RECEIVEARG def_item 
		 3: COPY TYPE_CurrentScope def_%current_scope 
		 4: COPY TYPE_ScopeModule def_%current_module 
BB 3
	outgoing: 4 6 9 
	datadep: 
	instructions:
		 0: 
		 1: html_options->delete def_%cl_1_3 html_options[] item[2.2,] 	 SYMBOL:	 ARGS:item,
		 2: BRANCH %cl_1_3[3.1,] 
BB 4
	outgoing: 9 11 
	datadep: 
	instructions:
		 0: 
		 1: RETURN %self[2.0,] 
BB 6
	outgoing: 7 8 9 
	datadep: 
	instructions:
		 0: COPY TYPE_PASS def_option %cl_1_3[3.1,] 
		 1: 
		 2: COPY TYPE_StringLiteral "=" def_%cl_1_4 
		 3: (Rack) def_%cl_1_5 
		 4: (inherit Utils) def_%cl_1_6 %cl_1_5[6.3,] 
		 5: %cl_1_6[6.4,] 
BB 7
	outgoing: 8 9 
	datadep: 
	instructions:
		 0: %cl_1_5->const_missing def_%cl_1_6 %cl_1_5[6.3,] 	 SYMBOL:Utils,	 ARGS:Symbol,
BB 8
	outgoing: 9 11 
	datadep: 
	instructions:
		 0: %cl_1_6->escape_path def_%cl_1_7 %cl_1_6[7.0,6.4,] option[6.0,] 	 SYMBOL:	 ARGS:option,
		 1: BUILDSTRING def_%cl_1_8 item[2.2,] %cl_1_4[6.2,] %cl_1_7[8.0,] 
		 2: RETURN %cl_1_8[8.1,] %self[2.0,] 
BB 9
	outgoing: 11 
	datadep: 
	instructions:
		 0: def_%cl_1_9 
		 1: def_%cl_1_10 %cl_1_9[9.0,] 
		 2: RETURN %cl_1_10[9.1,] %self[2.0,] 
BB 11
	outgoing: 
	datadep: 
	instructions:
CLOSURE END: option[6.0,] 
		 9: %v_17->compact def_%v_18 %v_17[11.8,] 	 SYMBOL:	 ARGS:
		 10: COPY TYPE_PASS def_extras %v_18[11.9,] 
		 11: 
		 12: %v_18->empty? def_%v_19 %v_18[11.9,] 	 SYMBOL:	 ARGS:
		 13: BRANCH %v_19[11.12,] 
BB 12
	outgoing: 14 
	datadep: 
	instructions:
		 0: COPY TYPE_StringLiteral "" def_%v_20 
		 1: 
BB 13
	outgoing: 14 
	datadep: 
	instructions:
		 0: COPY TYPE_StringLiteral "?" def_%v_21 
		 1: COPY TYPE_StringLiteral "&" def_%v_22 
		 2: extras->join def_%v_23 extras[11.10,] %v_22[13.1,] 	 SYMBOL:	 ARGS:%v_22,
		 3: %v_21->+ def_%v_24 %v_21[13.0,] %v_23[13.2,] 	 SYMBOL:	 ARGS:%v_23,
		 4: COPY TYPE_PASS def_%v_20 %v_24[13.3,] 
BB 14
	outgoing: 15 16 
	datadep: 
	instructions:
		 0: COPY TYPE_PASS def_extras %v_20[13.4,12.0,] 
		 1: 
		 2: (ERB) def_%v_25 
		 3: (inherit Util) def_%v_26 %v_25[14.2,] 
		 4: %v_26[14.3,] 
BB 15
	outgoing: 16 
	datadep: 
	instructions:
		 0: %v_25->const_missing def_%v_26 %v_25[14.2,] 	 SYMBOL:Util,	 ARGS:Symbol,
BB 16
	outgoing: 17 18 
	datadep: 
	instructions:
		 0: email_address->to_str def_%v_27 email_address[2.5,] 	 SYMBOL:	 ARGS:
		 1: %v_26->url_encode def_%v_28 %v_26[15.0,14.3,] %v_27[16.0,] 	 SYMBOL:	 ARGS:%v_27,
		 2: COPY TYPE_StringLiteral "%40" def_%v_29 
		 3: COPY TYPE_StringLiteral "@" def_%v_30 
		 4: %v_28->gsub def_%v_31 %v_28[16.1,] %v_29[16.2,] %v_30[16.3,] 	 SYMBOL:	 ARGS:%v_29,%v_30,
		 5: COPY TYPE_PASS def_encoded_email_address %v_31[16.4,] 
		 6: 
		 7: COPY TYPE_StringLiteral "href" def_%v_32 
		 8: COPY TYPE_StringLiteral "mailto:" def_%v_33 
		 9: BUILDSTRING def_%v_34 %v_33[16.8,] %v_31[16.4,] extras[14.0,] 
		 10: ATTRASSIGN html_options->[] %v_32[16.7,] %v_34[16.9,] 
		 11: 
		 12: COPY TYPE_PASS def_%v_35 name[7.4,3.0,2.6,] 
		 13: BRANCH name[7.4,3.0,2.6,] 
BB 17
	outgoing: 18 
	datadep: 
	instructions:
		 0: COPY TYPE_PASS def_%v_35 email_address[2.5,] 
BB 18
	outgoing: 19 
	datadep: 
	instructions:
		 0: %self->content_tag def_%v_36 %self[2.0,] %v_35[17.0,16.12,] html_options[16.10,11.1,] block[6.1,] 	 SYMBOL:a,	 ARGS:Symbol,%v_35,html_options,
		 1: RETURN %v_36[18.0,] %self[18.0,2.0,] 
BB 19
	outgoing: 
	datadep: 
	instructions:

