SET IRMethod, name = filtertext instanceMethod = false
BB 1
	outgoing: 3 2 
	datadep: 
	instructions:
BB 2
	outgoing: 3 
	datadep: 
	instructions:
		 0: def_%self 
		 1: def_%v_0 
		 2: COPY TYPE_CurrentScope def_%current_scope 
		 3: COPY TYPE_ScopeModule def_%current_module 
		 4: 
		 5: RECEIVEARG def__blog 
		 6: RECEIVEARG def__content 
		 7: RECEIVEARG def_text 
		 8: RECEIVEARG def__params 
		 9: 
		 10: (RubyPants) def_%v_3 
		 11: %v_3->new def_%v_4 %v_3[2.10,] text[2.7,] 	 SYMBOL:	 ARGS:text,
		 12: %v_4->to_html def_%v_5 %v_4[2.11,] 	 SYMBOL:	 ARGS:
		 13: RETURN %v_5[2.12,] %self[2.0,] 
BB 3
	outgoing: 
	datadep: 
	instructions:

