SET IRMethod, name = clear instanceMethod = false
BB 1
	outgoing: 3 2 
	datadep: 
	instructions:
BB 2
	outgoing: 3 
	datadep: 
	instructions:
		 0: def_%self 
		 1: def_%v_0 
		 2: COPY TYPE_CurrentScope def_%current_scope 
		 3: COPY TYPE_ScopeModule def_%current_module 
		 4: 
		 5: 
		 6: HASH- def_%v_3 
		 7: ATTRASSIGN %self->cache %v_3[2.6,] 
		 8: RETURN %v_3[2.6,] %self[2.0,2.7,] 
BB 3
	outgoing: 
	datadep: 
	instructions:

SET IRMethod, name = [] instanceMethod = false
BB 1
	outgoing: 3 2 
	datadep: 
	instructions:
BB 2
	outgoing: 3 
	datadep: 
	instructions:
		 0: def_%self 
		 1: def_%v_0 
		 2: COPY TYPE_CurrentScope def_%current_scope 
		 3: COPY TYPE_ScopeModule def_%current_module 
		 4: 
		 5: RECEIVEARG def_key 
		 6: 
		 7: GETFIELD %self->cache def_%v_3 %self[2.0,] 
		 8: key->inspect def_%v_4 key[2.5,] 	 SYMBOL:	 ARGS:
		 9: %v_3->[] def_%v_5 %v_3[2.7,] %v_4[2.8,] 	 SYMBOL:	 ARGS:%v_4,
		 10: RETURN %v_5[2.9,] %self[2.0,] 
BB 3
	outgoing: 
	datadep: 
	instructions:

SET IRMethod, name = []= instanceMethod = false
BB 1
	outgoing: 3 2 
	datadep: 
	instructions:
BB 2
	outgoing: 3 
	datadep: 
	instructions:
		 0: def_%self 
		 1: def_%v_0 
		 2: COPY TYPE_CurrentScope def_%current_scope 
		 3: COPY TYPE_ScopeModule def_%current_module 
		 4: 
		 5: RECEIVEARG def_key 
		 6: RECEIVEARG def_value 
		 7: 
		 8: GETFIELD %self->cache def_%v_3 %self[2.0,] 
		 9: key->inspect def_%v_4 key[2.5,] 	 SYMBOL:	 ARGS:
		 10: ATTRASSIGN %v_3->[] %v_4[2.9,] value[2.6,] 
		 11: RETURN value[2.6,] %self[2.0,] 
BB 3
	outgoing: 
	datadep: 
	instructions:

