SET IRMethod, name = process! instanceMethod = true
BB 1
	outgoing: 6 2 
	datadep: 
	instructions:
BB 2
	outgoing: 3 4 
	datadep: 
	instructions:
		 0: def_%self 
		 1: def_%v_0 
		 2: COPY TYPE_CurrentScope def_%current_scope 
		 3: COPY TYPE_ScopeModule def_%current_module 
		 4: 
		 5: 
		 6: %self->loaded_data def_%v_3 %self[2.0,] 	 SYMBOL:	 ARGS:
		 7: %v_3->[] def_%v_4 %v_3[2.6,] 	 SYMBOL:post,	 ARGS:Symbol,
		 8: COPY TYPE_PASS def_post_attributes %v_4[2.7,] 
		 9: 
		 10: (Post) def_%v_5 
		 11: COPY TYPE_StringLiteral "id" def_%v_6 
		 12: %v_4->delete def_%v_7 %v_4[2.7,] %v_6[2.11,] 	 SYMBOL:	 ARGS:%v_6,
		 13: %v_7->to_i def_%v_8 %v_7[2.12,] 	 SYMBOL:	 ARGS:
		 14: %v_5->find_by_id def_%v_9 %v_5[2.10,] %v_8[2.13,] 	 SYMBOL:	 ARGS:%v_8,
		 15: BRANCH %v_9[2.14,] 
BB 3
	outgoing: 5 
	datadep: 
	instructions:
		 0: COPY TYPE_StringLiteral "Post already exists" def_%v_10 
		 1: %self->raise def_%v_11 %self[2.0,] %v_10[3.0,] 	 SYMBOL:	 ARGS:%v_10,
		 2: 
BB 4
	outgoing: 5 
	datadep: 
	instructions:
		 0: COPY TYPE_Nil def_%v_11 
BB 5
	outgoing: 6 
	datadep: 
	instructions:
		 0: 
		 1: COPY TYPE_Nil def_post 
		 2: 
		 3: %self->transaction def_%v_12 %self[2.0,] %self[2.0,] 	 SYMBOL:	 ARGS:%self,
CLOSURE BEGIN: post_attributes[2.8,] %self[2.0,] post[5.1,] comment[] 
BB 1
	outgoing: 6 2 
	datadep: 
	instructions:
BB 2
	outgoing: 3 
	datadep: 
	instructions:
		 0: def_%self 
		 1: def_%cl_1_0 
		 2: COPY TYPE_CurrentScope def_%current_scope 
		 3: COPY TYPE_ScopeModule def_%current_module 
BB 3
	outgoing: 4 6 
	datadep: 
	instructions:
		 0: 
		 1: (Post) def_%cl_1_3 
		 2: %cl_1_3->create! def_%cl_1_4 %cl_1_3[3.1,] post_attributes[] 	 SYMBOL:	 ARGS:post_attributes,
		 3: COPY TYPE_PASS def_post %cl_1_4[3.2,] 
		 4: 
		 5: %self->loaded_data def_%cl_1_5 %self[2.0,] 	 SYMBOL:	 ARGS:
		 6: %cl_1_5->[] def_%cl_1_6 %cl_1_5[3.5,] 	 SYMBOL:comments,	 ARGS:Symbol,
		 7: %cl_1_6->each def_%cl_1_7 %cl_1_6[3.6,] %self[3.5,2.0,] 	 SYMBOL:	 ARGS:%cl_1_6,
CLOSURE BEGIN: post[3.3,] comment[] 
BB 1
	outgoing: 6 2 
	datadep: 
	instructions:
BB 2
	outgoing: 3 
	datadep: 
	instructions:
		 0: def_%self 
		 1: def_%cl_2_0 
		 2: RECEIVEARG def_comment 
		 3: COPY TYPE_CurrentScope def_%current_scope 
		 4: COPY TYPE_ScopeModule def_%current_module 
BB 3
	outgoing: 4 6 
	datadep: 
	instructions:
		 0: 
		 1: post->comments def_%cl_2_3 post[] 	 SYMBOL:	 ARGS:
		 2: COPY TYPE_StringLiteral "id" def_%cl_2_4 
		 3: COPY TYPE_StringLiteral "post_id" def_%cl_2_5 
		 4: comment->except def_%cl_2_6 comment[2.2,] %cl_2_4[3.2,] %cl_2_5[3.3,] 	 SYMBOL:	 ARGS:%cl_2_4,%cl_2_5,
		 5: %cl_2_3->create! def_%cl_2_7 %cl_2_3[3.1,] %cl_2_6[3.4,] 	 SYMBOL:	 ARGS:%cl_2_6,
		 6: RETURN %cl_2_7[3.5,] %self[2.0,] 
BB 4
	outgoing: 6 
	datadep: 
	instructions:
		 0: def_%cl_2_8 
		 1: def_%cl_2_9 %cl_2_8[4.0,] 
		 2: RETURN %cl_2_9[4.1,] %self[2.0,] 
BB 6
	outgoing: 
	datadep: 
	instructions:
CLOSURE END: 
		 8: 
		 9: %self->destroy def_%cl_1_8 %self[3.5,2.0,] 	 SYMBOL:	 ARGS:
		 10: RETURN %cl_1_8[3.9,] %self[3.5,3.9,2.0,] 
BB 4
	outgoing: 6 
	datadep: 
	instructions:
		 0: def_%cl_1_9 
		 1: def_%cl_1_10 %cl_1_9[4.0,] 
		 2: RETURN %cl_1_10[4.1,] %self[2.0,] 
BB 6
	outgoing: 
	datadep: 
	instructions:
CLOSURE END: post[3.3,] 
		 4: 
		 5: RETURN post[5.1,5.3,] %self[5.3,2.0,] 
BB 6
	outgoing: 
	datadep: 
	instructions:

SET IRMethod, name = loaded_data instanceMethod = true
BB 1
	outgoing: 7 2 
	datadep: 
	instructions:
BB 2
	outgoing: 3 4 
	datadep: 
	instructions:
		 0: def_%self 
		 1: def_%v_0 
		 2: COPY TYPE_CurrentScope def_%current_scope 
		 3: COPY TYPE_ScopeModule def_%current_module 
		 4: 
		 5: 
		 6: def_%v_4 %self[2.0,] 
		 7: COPY TYPE_PASS def_%v_3 %v_4[2.6,] 
		 8: %v_4[2.6,] 
BB 3
	outgoing: 4 
	datadep: 
	instructions:
		 0: GETFIELD %self->loaded_data def_%v_5 %self[2.0,] 
		 1: COPY TYPE_PASS def_%v_3 %v_5[3.0,] 
BB 4
	outgoing: 5 6 
	datadep: 
	instructions:
		 0: BRANCH %v_3[3.1,2.7,] 
BB 5
	outgoing: 7 
	datadep: 
	instructions:
		 0: (YAML) def_%v_6 
		 1: %self->data def_%v_7 %self[2.0,] 	 SYMBOL:	 ARGS:
		 2: %v_6->load def_%v_8 %v_6[5.0,] %v_7[5.1,] 	 SYMBOL:	 ARGS:%v_7,
		 3: ATTRASSIGN %self->loaded_data %v_8[5.2,] 
		 4: RETURN %v_8[5.2,] %self[5.1,5.3,2.0,] 
BB 6
	outgoing: 7 
	datadep: 
	instructions:
		 0: RETURN %v_5[3.0,] %self[2.0,] 
BB 7
	outgoing: 
	datadep: 
	instructions:

SET IRMethod, name = description instanceMethod = true
BB 1
	outgoing: 3 2 
	datadep: 
	instructions:
BB 2
	outgoing: 3 
	datadep: 
	instructions:
		 0: def_%self 
		 1: def_%v_0 
		 2: COPY TYPE_CurrentScope def_%current_scope 
		 3: COPY TYPE_ScopeModule def_%current_module 
		 4: 
		 5: 
		 6: COPY TYPE_StringLiteral "Deleted post '" def_%v_3 
		 7: %self->loaded_data def_%v_4 %self[2.0,] 	 SYMBOL:	 ARGS:
		 8: %v_4->[] def_%v_5 %v_4[2.7,] 	 SYMBOL:post,	 ARGS:Symbol,
		 9: COPY TYPE_StringLiteral "title" def_%v_6 
		 10: %v_5->[] def_%v_7 %v_5[2.8,] %v_6[2.9,] 	 SYMBOL:	 ARGS:%v_6,
		 11: COPY TYPE_StringLiteral "'" def_%v_8 
		 12: BUILDSTRING def_%v_9 %v_3[2.6,] %v_7[2.10,] %v_8[2.11,] 
		 13: RETURN %v_9[2.12,] %self[2.0,2.7,] 
BB 3
	outgoing: 
	datadep: 
	instructions:

SET IRMethod, name = complete_description instanceMethod = true
BB 1
	outgoing: 3 2 
	datadep: 
	instructions:
BB 2
	outgoing: 3 
	datadep: 
	instructions:
		 0: def_%self 
		 1: def_%v_0 
		 2: COPY TYPE_CurrentScope def_%current_scope 
		 3: COPY TYPE_ScopeModule def_%current_module 
		 4: 
		 5: 
		 6: COPY TYPE_StringLiteral "Recreated post '" def_%v_3 
		 7: %self->loaded_data def_%v_4 %self[2.0,] 	 SYMBOL:	 ARGS:
		 8: %v_4->[] def_%v_5 %v_4[2.7,] 	 SYMBOL:post,	 ARGS:Symbol,
		 9: COPY TYPE_StringLiteral "title" def_%v_6 
		 10: %v_5->[] def_%v_7 %v_5[2.8,] %v_6[2.9,] 	 SYMBOL:	 ARGS:%v_6,
		 11: COPY TYPE_StringLiteral "'" def_%v_8 
		 12: BUILDSTRING def_%v_9 %v_3[2.6,] %v_7[2.10,] %v_8[2.11,] 
		 13: RETURN %v_9[2.12,] %self[2.0,2.7,] 
BB 3
	outgoing: 
	datadep: 
	instructions:

SET IRMethod, name = create_undo instanceMethod = true
BB 1
	outgoing: 3 2 
	datadep: 
	instructions:
BB 2
	outgoing: 3 
	datadep: 
	instructions:
		 0: def_%self 
		 1: def_%v_0 
		 2: COPY TYPE_CurrentScope def_%current_scope 
		 3: COPY TYPE_ScopeModule def_%current_module 
		 4: 
		 5: RECEIVEARG def_post 
		 6: 
		 7: (DeletePostUndo) def_%v_3 
		 8: post->attributes def_%v_4 post[2.5,] 	 SYMBOL:	 ARGS:
		 9: post->comments def_%v_5 post[2.5,2.8,] 	 SYMBOL:	 ARGS:
		 10: %v_5->collect def_%v_6 %v_5[2.9,] 	 SYMBOL:attributes,	 ARGS:
		 11: HASH-post-comments- def_%v_7 %v_4[2.8,] %v_6[2.10,] 
		 12: %v_7->to_yaml def_%v_8 %v_7[2.11,] 	 SYMBOL:	 ARGS:
		 13: HASH-data- def_%v_9 %v_8[2.12,] 
		 14: %v_3->create! def_%v_10 %v_3[2.7,] %v_9[2.13,] 	 SYMBOL:	 ARGS:%v_9,
		 15: RETURN %v_10[2.14,] %self[2.0,] 
BB 3
	outgoing: 
	datadep: 
	instructions:

