SET IRMethod, name = process! instanceMethod = true
BB 1
	outgoing: 6 2 
	datadep: 
	instructions:
BB 2
	outgoing: 3 4 
	datadep: 
	instructions:
		 0: def_%self 
		 1: def_%v_0 
		 2: COPY TYPE_CurrentScope def_%current_scope 
		 3: COPY TYPE_ScopeModule def_%current_module 
		 4: 
		 5: 
		 6: (Page) def_%v_3 
		 7: %self->loaded_data def_%v_4 %self[2.0,] 	 SYMBOL:	 ARGS:
		 8: COPY TYPE_StringLiteral "id" def_%v_5 
		 9: %v_4->delete def_%v_6 %v_4[2.7,] %v_5[2.8,] 	 SYMBOL:	 ARGS:%v_5,
		 10: %v_6->to_i def_%v_7 %v_6[2.9,] 	 SYMBOL:	 ARGS:
		 11: %v_3->find_by_id def_%v_8 %v_3[2.6,] %v_7[2.10,] 	 SYMBOL:	 ARGS:%v_7,
		 12: BRANCH %v_8[2.11,] 
BB 3
	outgoing: 5 
	datadep: 
	instructions:
		 0: COPY TYPE_StringLiteral "Page already exists" def_%v_9 
		 1: %self->raise def_%v_10 %self[2.0,] %v_9[3.0,] 	 SYMBOL:	 ARGS:%v_9,
		 2: 
BB 4
	outgoing: 5 
	datadep: 
	instructions:
		 0: COPY TYPE_Nil def_%v_10 
BB 5
	outgoing: 6 
	datadep: 
	instructions:
		 0: 
		 1: COPY TYPE_Nil def_page 
		 2: 
		 3: %self->transaction def_%v_11 %self[2.0,] %self[2.0,] 	 SYMBOL:	 ARGS:%self,
CLOSURE BEGIN: %self[2.0,] 
BB 1
	outgoing: 6 2 
	datadep: 
	instructions:
BB 2
	outgoing: 3 
	datadep: 
	instructions:
		 0: def_%self 
		 1: def_%cl_1_0 
		 2: COPY TYPE_CurrentScope def_%current_scope 
		 3: COPY TYPE_ScopeModule def_%current_module 
BB 3
	outgoing: 4 6 
	datadep: 
	instructions:
		 0: 
		 1: (Page) def_%cl_1_3 
		 2: %self->loaded_data def_%cl_1_4 %self[2.0,] 	 SYMBOL:	 ARGS:
		 3: %cl_1_3->create! def_%cl_1_5 %cl_1_3[3.1,] %cl_1_4[3.2,] 	 SYMBOL:	 ARGS:%cl_1_4,
		 4: COPY TYPE_PASS def_page %cl_1_5[3.3,] 
		 5: 
		 6: %self->destroy def_%cl_1_6 %self[3.2,2.0,] 	 SYMBOL:	 ARGS:
		 7: RETURN %cl_1_6[3.6,] %self[3.2,3.6,2.0,] 
BB 4
	outgoing: 6 
	datadep: 
	instructions:
		 0: def_%cl_1_7 
		 1: def_%cl_1_8 %cl_1_7[4.0,] 
		 2: RETURN %cl_1_8[4.1,] %self[2.0,] 
BB 6
	outgoing: 
	datadep: 
	instructions:
CLOSURE END: page[3.4,] 
		 4: 
		 5: RETURN page[5.1,5.3,] %self[5.3,2.0,] 
BB 6
	outgoing: 
	datadep: 
	instructions:

SET IRMethod, name = loaded_data instanceMethod = true
BB 1
	outgoing: 7 2 
	datadep: 
	instructions:
BB 2
	outgoing: 3 4 
	datadep: 
	instructions:
		 0: def_%self 
		 1: def_%v_0 
		 2: COPY TYPE_CurrentScope def_%current_scope 
		 3: COPY TYPE_ScopeModule def_%current_module 
		 4: 
		 5: 
		 6: def_%v_4 %self[2.0,] 
		 7: COPY TYPE_PASS def_%v_3 %v_4[2.6,] 
		 8: %v_4[2.6,] 
BB 3
	outgoing: 4 
	datadep: 
	instructions:
		 0: GETFIELD %self->loaded_data def_%v_5 %self[2.0,] 
		 1: COPY TYPE_PASS def_%v_3 %v_5[3.0,] 
BB 4
	outgoing: 5 6 
	datadep: 
	instructions:
		 0: BRANCH %v_3[3.1,2.7,] 
BB 5
	outgoing: 7 
	datadep: 
	instructions:
		 0: (YAML) def_%v_6 
		 1: %self->data def_%v_7 %self[2.0,] 	 SYMBOL:	 ARGS:
		 2: %v_6->load def_%v_8 %v_6[5.0,] %v_7[5.1,] 	 SYMBOL:	 ARGS:%v_7,
		 3: ATTRASSIGN %self->loaded_data %v_8[5.2,] 
		 4: RETURN %v_8[5.2,] %self[5.1,5.3,2.0,] 
BB 6
	outgoing: 7 
	datadep: 
	instructions:
		 0: RETURN %v_5[3.0,] %self[2.0,] 
BB 7
	outgoing: 
	datadep: 
	instructions:

SET IRMethod, name = description instanceMethod = true
BB 1
	outgoing: 3 2 
	datadep: 
	instructions:
BB 2
	outgoing: 3 
	datadep: 
	instructions:
		 0: def_%self 
		 1: def_%v_0 
		 2: COPY TYPE_CurrentScope def_%current_scope 
		 3: COPY TYPE_ScopeModule def_%current_module 
		 4: 
		 5: 
		 6: COPY TYPE_StringLiteral "Deleted page '" def_%v_3 
		 7: %self->loaded_data def_%v_4 %self[2.0,] 	 SYMBOL:	 ARGS:
		 8: COPY TYPE_StringLiteral "title" def_%v_5 
		 9: %v_4->[] def_%v_6 %v_4[2.7,] %v_5[2.8,] 	 SYMBOL:	 ARGS:%v_5,
		 10: COPY TYPE_StringLiteral "'" def_%v_7 
		 11: BUILDSTRING def_%v_8 %v_3[2.6,] %v_6[2.9,] %v_7[2.10,] 
		 12: RETURN %v_8[2.11,] %self[2.0,2.7,] 
BB 3
	outgoing: 
	datadep: 
	instructions:

SET IRMethod, name = complete_description instanceMethod = true
BB 1
	outgoing: 3 2 
	datadep: 
	instructions:
BB 2
	outgoing: 3 
	datadep: 
	instructions:
		 0: def_%self 
		 1: def_%v_0 
		 2: COPY TYPE_CurrentScope def_%current_scope 
		 3: COPY TYPE_ScopeModule def_%current_module 
		 4: 
		 5: 
		 6: COPY TYPE_StringLiteral "Recreated page '" def_%v_3 
		 7: %self->loaded_data def_%v_4 %self[2.0,] 	 SYMBOL:	 ARGS:
		 8: COPY TYPE_StringLiteral "title" def_%v_5 
		 9: %v_4->[] def_%v_6 %v_4[2.7,] %v_5[2.8,] 	 SYMBOL:	 ARGS:%v_5,
		 10: COPY TYPE_StringLiteral "'" def_%v_7 
		 11: BUILDSTRING def_%v_8 %v_3[2.6,] %v_6[2.9,] %v_7[2.10,] 
		 12: RETURN %v_8[2.11,] %self[2.0,2.7,] 
BB 3
	outgoing: 
	datadep: 
	instructions:

SET IRMethod, name = create_undo instanceMethod = true
BB 1
	outgoing: 3 2 
	datadep: 
	instructions:
BB 2
	outgoing: 3 
	datadep: 
	instructions:
		 0: def_%self 
		 1: def_%v_0 
		 2: COPY TYPE_CurrentScope def_%current_scope 
		 3: COPY TYPE_ScopeModule def_%current_module 
		 4: 
		 5: RECEIVEARG def_page 
		 6: 
		 7: (DeletePageUndo) def_%v_3 
		 8: page->attributes def_%v_4 page[2.5,] 	 SYMBOL:	 ARGS:
		 9: %v_4->to_yaml def_%v_5 %v_4[2.8,] 	 SYMBOL:	 ARGS:
		 10: HASH-data- def_%v_6 %v_5[2.9,] 
		 11: %v_3->create! def_%v_7 %v_3[2.7,] %v_6[2.10,] 	 SYMBOL:	 ARGS:%v_6,
		 12: RETURN %v_7[2.11,] %self[2.0,] 
BB 3
	outgoing: 
	datadep: 
	instructions:

