SET IRMethod, name = create instanceMethod = true
BB 1
	outgoing: 3 2 
	datadep: 
	instructions:
BB 2
	outgoing: 3 
	datadep: 
	instructions:
		 0: def_%self 
		 1: def_%v_0 
		 2: COPY TYPE_CurrentScope def_%current_scope 
		 3: COPY TYPE_ScopeModule def_%current_module 
		 4: 
		 5: 
		 6: GETFIELD %self->account def_%v_3 %self[2.0,] 
		 7: %v_3->give_moderator_rights! def_%v_4 %v_3[2.6,] 	 SYMBOL:	 ARGS:
		 8: 
		 9: GETFIELD %self->account def_%v_5 %self[2.0,] 
		 10: %v_5->user def_%v_6 %v_5[2.9,] 	 SYMBOL:	 ARGS:
		 11: COPY TYPE_StringLiteral "Nouveau rôle : modérateur" def_%v_7 
		 12: HASH-notice- def_%v_8 %v_7[2.11,] 
		 13: %self->redirect_to def_%v_9 %self[2.0,] %v_6[2.10,] %v_8[2.12,] 	 SYMBOL:	 ARGS:%v_6,%v_8,
		 14: RETURN %v_9[2.13,] %self[2.0,2.13,] 
BB 3
	outgoing: 
	datadep: 
	instructions:

SET IRMethod, name = destroy instanceMethod = true
BB 1
	outgoing: 3 2 
	datadep: 
	instructions:
BB 2
	outgoing: 3 
	datadep: 
	instructions:
		 0: def_%self 
		 1: def_%v_0 
		 2: COPY TYPE_CurrentScope def_%current_scope 
		 3: COPY TYPE_ScopeModule def_%current_module 
		 4: 
		 5: 
		 6: GETFIELD %self->account def_%v_3 %self[2.0,] 
		 7: %v_3->remove_all_rights! def_%v_4 %v_3[2.6,] 	 SYMBOL:	 ARGS:
		 8: 
		 9: GETFIELD %self->account def_%v_5 %self[2.0,] 
		 10: %v_5->user def_%v_6 %v_5[2.9,] 	 SYMBOL:	 ARGS:
		 11: COPY TYPE_StringLiteral "Rôle retiré : modérateur" def_%v_7 
		 12: HASH-notice- def_%v_8 %v_7[2.11,] 
		 13: %self->redirect_to def_%v_9 %self[2.0,] %v_6[2.10,] %v_8[2.12,] 	 SYMBOL:	 ARGS:%v_6,%v_8,
		 14: RETURN %v_9[2.13,] %self[2.0,2.13,] 
BB 3
	outgoing: 
	datadep: 
	instructions:

SET IRMethod, name = load_account instanceMethod = true
BB 1
	outgoing: 3 2 
	datadep: 
	instructions:
BB 2
	outgoing: 3 
	datadep: 
	instructions:
		 0: def_%self 
		 1: def_%v_0 
		 2: COPY TYPE_CurrentScope def_%current_scope 
		 3: COPY TYPE_ScopeModule def_%current_module 
		 4: 
		 5: 
		 6: (Account) def_%v_3 
		 7: %self->params def_%v_4 %self[2.0,] 	 SYMBOL:	 ARGS:
		 8: %v_4->[] def_%v_5 %v_4[2.7,] 	 SYMBOL:account_id,	 ARGS:Symbol,
		 9: %v_3->find def_%v_6 %v_3[2.6,] %v_5[2.8,] 	 SYMBOL:	 ARGS:%v_5,
		 10: ATTRASSIGN %self->account %v_6[2.9,] 
		 11: RETURN %v_6[2.9,] %self[2.0,2.7,2.10,] 
BB 3
	outgoing: 
	datadep: 
	instructions:

