SET IRMethod, name = copy_stuff instanceMethod = true
BB 1
	outgoing: 3 2 
	datadep: 
	instructions:
BB 2
	outgoing: 3 
	datadep: 
	instructions:
		 0: def_%self 
		 1: def_%v_0 
		 2: COPY TYPE_CurrentScope def_%current_scope 
		 3: COPY TYPE_ScopeModule def_%current_module 
		 4: 
		 5: 
		 6: COPY TYPE_StringLiteral "sidebar.rb.erb" def_%v_3 
		 7: %self->plugin_path def_%v_4 %self[2.0,] 	 SYMBOL:	 ARGS:
		 8: COPY TYPE_StringLiteral "/lib/" def_%v_5 
		 9: %self->file_name def_%v_6 %self[2.0,2.7,] 	 SYMBOL:	 ARGS:
		 10: COPY TYPE_StringLiteral ".rb" def_%v_7 
		 11: BUILDSTRING def_%v_8 %v_4[2.7,] %v_5[2.8,] %v_6[2.9,] %v_7[2.10,] 
		 12: %self->template def_%v_9 %self[2.0,2.7,2.9,] %v_3[2.6,] %v_8[2.11,] 	 SYMBOL:	 ARGS:%v_3,%v_8,
		 13: 
		 14: COPY TYPE_StringLiteral "_content.html.erb.erb" def_%v_10 
		 15: %self->plugin_path def_%v_11 %self[2.0,2.7,2.9,2.12,] 	 SYMBOL:	 ARGS:
		 16: COPY TYPE_StringLiteral "/app/views/" def_%v_12 
		 17: %self->file_name def_%v_13 %self[2.0,2.7,2.9,2.12,2.15,] 	 SYMBOL:	 ARGS:
		 18: COPY TYPE_StringLiteral "/_content.html.erb" def_%v_14 
		 19: BUILDSTRING def_%v_15 %v_11[2.15,] %v_12[2.16,] %v_13[2.17,] %v_14[2.18,] 
		 20: %self->template def_%v_16 %self[2.0,2.7,2.9,2.12,2.15,2.17,] %v_10[2.14,] %v_15[2.19,] 	 SYMBOL:	 ARGS:%v_10,%v_15,
		 21: 
		 22: COPY TYPE_StringLiteral "model_spec.rb.erb" def_%v_17 
		 23: COPY TYPE_StringLiteral "spec/models/" def_%v_18 
		 24: %self->file_name def_%v_19 %self[2.0,2.7,2.9,2.12,2.15,2.17,2.20,] 	 SYMBOL:	 ARGS:
		 25: COPY TYPE_StringLiteral "_spec.rb" def_%v_20 
		 26: BUILDSTRING def_%v_21 %v_18[2.23,] %v_19[2.24,] %v_20[2.25,] 
		 27: %self->template def_%v_22 %self[2.0,2.7,2.9,2.12,2.15,2.17,2.20,2.24,] %v_17[2.22,] %v_21[2.26,] 	 SYMBOL:	 ARGS:%v_17,%v_21,
		 28: RETURN %v_22[2.27,] %self[2.0,2.7,2.9,2.12,2.15,2.17,2.20,2.24,2.27,] 
BB 3
	outgoing: 
	datadep: 
	instructions:

SET IRMethod, name = plugin_path instanceMethod = true
BB 1
	outgoing: 7 2 
	datadep: 
	instructions:
BB 2
	outgoing: 3 4 
	datadep: 
	instructions:
		 0: def_%self 
		 1: def_%v_0 
		 2: COPY TYPE_CurrentScope def_%current_scope 
		 3: COPY TYPE_ScopeModule def_%current_module 
		 4: 
		 5: 
		 6: def_%v_4 %self[2.0,] 
		 7: COPY TYPE_PASS def_%v_3 %v_4[2.6,] 
		 8: %v_4[2.6,] 
BB 3
	outgoing: 4 
	datadep: 
	instructions:
		 0: GETFIELD %self->plugin_path def_%v_5 %self[2.0,] 
		 1: COPY TYPE_PASS def_%v_3 %v_5[3.0,] 
BB 4
	outgoing: 5 6 
	datadep: 
	instructions:
		 0: BRANCH %v_3[3.1,2.7,] 
BB 5
	outgoing: 7 
	datadep: 
	instructions:
		 0: COPY TYPE_StringLiteral "lib/" def_%v_6 
		 1: %self->file_name def_%v_7 %self[2.0,] 	 SYMBOL:	 ARGS:
		 2: BUILDSTRING def_%v_8 %v_6[5.0,] %v_7[5.1,] 
		 3: ATTRASSIGN %self->plugin_path %v_8[5.2,] 
		 4: RETURN %v_8[5.2,] %self[5.1,5.3,2.0,] 
BB 6
	outgoing: 7 
	datadep: 
	instructions:
		 0: RETURN %v_5[3.0,] %self[2.0,] 
BB 7
	outgoing: 
	datadep: 
	instructions:

