SET IRMethod, name = devise_error_messages! instanceMethod = true
BB 1
	outgoing: 6 2 
	datadep: 
	instructions:
BB 2
	outgoing: 3 4 
	datadep: 
	instructions:
		 0: def_%self 
		 1: def_%v_0 
		 2: COPY TYPE_CurrentScope def_%current_scope 
		 3: COPY TYPE_ScopeModule def_%current_module 
		 4: 
		 5: 
		 6: %self->resource def_%v_3 %self[2.0,] 	 SYMBOL:	 ARGS:
		 7: %v_3->errors def_%v_4 %v_3[2.6,] 	 SYMBOL:	 ARGS:
		 8: %v_4->empty? def_%v_5 %v_4[2.7,] 	 SYMBOL:	 ARGS:
		 9: BRANCH %v_5[2.8,] 
BB 3
	outgoing: 6 
	datadep: 
	instructions:
		 0: COPY TYPE_StringLiteral "" def_%v_6 
		 1: RETURN %v_6[3.0,] %self[2.0,] 
BB 4
	outgoing: 6 
	datadep: 
	instructions:
		 0: COPY TYPE_Nil def_%v_7 
		 1: 
		 2: %self->resource def_%v_8 %self[2.0,] 	 SYMBOL:	 ARGS:
		 3: %v_8->errors def_%v_9 %v_8[4.2,] 	 SYMBOL:	 ARGS:
		 4: %v_9->full_messages def_%v_10 %v_9[4.3,] 	 SYMBOL:	 ARGS:
		 5: %v_10->map def_%v_11 %v_10[4.4,] %self[4.2,2.0,] 	 SYMBOL:	 ARGS:%v_10,
CLOSURE BEGIN: %self[4.2,2.0,] msg[] 
BB 1
	outgoing: 6 2 
	datadep: 
	instructions:
BB 2
	outgoing: 3 
	datadep: 
	instructions:
		 0: def_%self 
		 1: def_%cl_1_0 
		 2: RECEIVEARG def_msg 
		 3: COPY TYPE_CurrentScope def_%current_scope 
		 4: COPY TYPE_ScopeModule def_%current_module 
BB 3
	outgoing: 4 6 
	datadep: 
	instructions:
		 0: 
		 1: %self->content_tag def_%cl_1_3 %self[2.0,] msg[2.2,] 	 SYMBOL:li,	 ARGS:Symbol,msg,
		 2: RETURN %cl_1_3[3.1,] %self[3.1,2.0,] 
BB 4
	outgoing: 6 
	datadep: 
	instructions:
		 0: def_%cl_1_4 
		 1: def_%cl_1_5 %cl_1_4[4.0,] 
		 2: RETURN %cl_1_5[4.1,] %self[2.0,] 
BB 6
	outgoing: 
	datadep: 
	instructions:
CLOSURE END: 
		 6: %v_11->join def_%v_12 %v_11[4.5,] 	 SYMBOL:	 ARGS:
		 7: COPY TYPE_PASS def_messages %v_12[4.6,] 
		 8: 
		 9: COPY TYPE_StringLiteral "      <div class="alert alert-danger alert-block">
        " def_%v_13 
		 10: 
		 11: COPY TYPE_StringLiteral "
      </div>
" def_%v_14 
		 12: BUILDSTRING def_%v_15 %v_13[4.9,] %v_12[4.6,] %v_14[4.11,] 
		 13: COPY TYPE_PASS def_html %v_15[4.12,] 
		 14: 
		 15: %v_15->html_safe def_%v_16 %v_15[4.12,] 	 SYMBOL:	 ARGS:
		 16: RETURN %v_16[4.15,] %self[4.2,2.0,] 
BB 6
	outgoing: 
	datadep: 
	instructions:

