SET IRMethod, name = initialize instanceMethod = true
BB 1
	outgoing: 5 2 
	datadep: 
	instructions:
BB 2
	outgoing: 3 4 
	datadep: 
	instructions:
		 0: def_%self 
		 1: def_%v_0 
		 2: COPY TYPE_CurrentScope def_%current_scope 
		 3: COPY TYPE_ScopeModule def_%current_module 
		 4: 
		 5: RECEIVEARG def_user 
		 6: RECEIVECONSTARG def_opts 
		 7: opts[2.6,] 
BB 3
	outgoing: 4 
	datadep: 
	instructions:
		 0: HASH- def_%v_3 
		 1: COPY TYPE_PASS def_opts %v_3[3.0,] 
BB 4
	outgoing: 5 
	datadep: 
	instructions:
		 0: 
		 1: ATTRASSIGN %self->user user[2.5,] 
		 2: 
		 3: opts->[] def_%v_4 opts[3.1,2.6,] 	 SYMBOL:max_time,	 ARGS:Symbol,
		 4: ATTRASSIGN %self->max_time %v_4[4.3,] 
		 5: 
		 6: opts->[] def_%v_5 opts[4.3,3.1,2.6,] 	 SYMBOL:order,	 ARGS:Symbol,
		 7: ATTRASSIGN %self->order %v_5[4.6,] 
		 8: 
		 9: (Publisher) def_%v_6 
		 10: %self->user def_%v_7 %self[4.1,4.4,4.7,2.0,] 	 SYMBOL:	 ARGS:
		 11: %self->publisher_opts def_%v_8 %self[4.1,4.4,4.7,4.10,2.0,] 	 SYMBOL:	 ARGS:
		 12: %v_6->new def_%v_9 %v_6[4.9,] %v_7[4.10,] %v_8[4.11,] 	 SYMBOL:	 ARGS:%v_7,%v_8,
		 13: ATTRASSIGN %self->publisher %v_9[4.12,] 
		 14: RETURN %v_9[4.12,] %self[4.1,4.4,4.7,4.10,4.11,4.13,2.0,] 
BB 5
	outgoing: 
	datadep: 
	instructions:

SET IRMethod, name = link instanceMethod = true
BB 1
	outgoing: 5 2 
	datadep: 
	instructions:
BB 2
	outgoing: 3 4 
	datadep: 
	instructions:
		 0: def_%self 
		 1: def_%v_0 
		 2: COPY TYPE_CurrentScope def_%current_scope 
		 3: COPY TYPE_ScopeModule def_%current_module 
		 4: 
		 5: RECEIVECONSTARG def_opts 
		 6: opts[2.5,] 
BB 3
	outgoing: 4 
	datadep: 
	instructions:
		 0: HASH- def_%v_3 
		 1: COPY TYPE_PASS def_opts %v_3[3.0,] 
BB 4
	outgoing: 5 
	datadep: 
	instructions:
		 0: 
		 1: COPY TYPE_StringLiteral "change me in lib/base_stream.rb!" def_%v_4 
		 2: RETURN %v_4[4.1,] %self[2.0,] 
BB 5
	outgoing: 
	datadep: 
	instructions:

SET IRMethod, name = can_comment? instanceMethod = true
BB 1
	outgoing: 6 2 
	datadep: 
	instructions:
BB 2
	outgoing: 3 4 
	datadep: 
	instructions:
		 0: def_%self 
		 1: def_%v_0 
		 2: COPY TYPE_CurrentScope def_%current_scope 
		 3: COPY TYPE_ScopeModule def_%current_module 
		 4: 
		 5: RECEIVEARG def_post 
		 6: 
		 7: post->author def_%v_3 post[2.5,] 	 SYMBOL:	 ARGS:
		 8: %v_3->local? def_%v_4 %v_3[2.7,] 	 SYMBOL:	 ARGS:
		 9: BRANCH %v_4[2.8,] 
BB 3
	outgoing: 6 
	datadep: 
	instructions:
		 0: RETURN %self[2.0,] 
BB 4
	outgoing: 6 
	datadep: 
	instructions:
		 0: COPY TYPE_Nil def_%v_5 
		 1: 
		 2: %self->post_is_from_contact? def_%v_6 %self[2.0,] post[2.5,] 	 SYMBOL:	 ARGS:post,
		 3: RETURN %v_6[4.2,] %self[4.2,2.0,] 
BB 6
	outgoing: 
	datadep: 
	instructions:

SET IRMethod, name = post_from_group instanceMethod = true
BB 1
	outgoing: 3 2 
	datadep: 
	instructions:
BB 2
	outgoing: 3 
	datadep: 
	instructions:
		 0: def_%self 
		 1: def_%v_0 
		 2: COPY TYPE_CurrentScope def_%current_scope 
		 3: COPY TYPE_ScopeModule def_%current_module 
		 4: 
		 5: RECEIVEARG def_post 
		 6: 
		 7: COPY TYPE_Array def_%v_3 
		 8: RETURN %v_3[2.7,] %self[2.0,] 
BB 3
	outgoing: 
	datadep: 
	instructions:

SET IRMethod, name = title instanceMethod = true
BB 1
	outgoing: 3 2 
	datadep: 
	instructions:
BB 2
	outgoing: 3 
	datadep: 
	instructions:
		 0: def_%self 
		 1: def_%v_0 
		 2: COPY TYPE_CurrentScope def_%current_scope 
		 3: COPY TYPE_ScopeModule def_%current_module 
		 4: 
		 5: 
		 6: COPY TYPE_StringLiteral "a title" def_%v_3 
		 7: RETURN %v_3[2.6,] %self[2.0,] 
BB 3
	outgoing: 
	datadep: 
	instructions:

SET IRMethod, name = posts instanceMethod = true
BB 1
	outgoing: 3 2 
	datadep: 
	instructions:
BB 2
	outgoing: 3 
	datadep: 
	instructions:
		 0: def_%self 
		 1: def_%v_0 
		 2: COPY TYPE_CurrentScope def_%current_scope 
		 3: COPY TYPE_ScopeModule def_%current_module 
		 4: 
		 5: 
		 6: (Post) def_%v_3 
		 7: %v_3->all def_%v_4 %v_3[2.6,] 	 SYMBOL:	 ARGS:
		 8: RETURN %v_4[2.7,] %self[2.0,] 
BB 3
	outgoing: 
	datadep: 
	instructions:

SET IRMethod, name = stream_posts instanceMethod = true
BB 1
	outgoing: 3 2 
	datadep: 
	instructions:
BB 2
	outgoing: 3 
	datadep: 
	instructions:
		 0: def_%self 
		 1: def_%v_0 
		 2: COPY TYPE_CurrentScope def_%current_scope 
		 3: COPY TYPE_ScopeModule def_%current_module 
		 4: 
		 5: 
		 6: %self->posts def_%v_3 %self[2.0,] 	 SYMBOL:	 ARGS:
		 7: %self->max_time def_%v_4 %self[2.0,2.6,] 	 SYMBOL:	 ARGS:
		 8: %self->order def_%v_5 %self[2.0,2.6,2.7,] 	 SYMBOL:	 ARGS:
		 9: %self->user def_%v_6 %self[2.0,2.6,2.7,2.8,] 	 SYMBOL:	 ARGS:
		 10: %v_3->for_a_stream def_%v_7 %v_3[2.6,] %v_4[2.7,] %v_5[2.8,] %v_6[2.9,] 	 SYMBOL:	 ARGS:%v_4,%v_5,%v_6,
		 11: %v_7->tap def_%v_8 %v_7[2.10,] %self[2.0,2.6,2.7,2.8,2.9,] 	 SYMBOL:	 ARGS:%v_7,
CLOSURE BEGIN: %self[2.0,2.6,2.7,2.8,2.9,] posts[] 
BB 1
	outgoing: 6 2 
	datadep: 
	instructions:
BB 2
	outgoing: 3 
	datadep: 
	instructions:
		 0: def_%self 
		 1: def_%cl_1_0 
		 2: RECEIVEARG def_posts 
		 3: COPY TYPE_CurrentScope def_%current_scope 
		 4: COPY TYPE_ScopeModule def_%current_module 
BB 3
	outgoing: 4 6 
	datadep: 
	instructions:
		 0: 
		 1: %self->like_posts_for_stream! def_%cl_1_3 %self[2.0,] posts[2.2,] 	 SYMBOL:	 ARGS:posts,
		 2: RETURN %cl_1_3[3.1,] %self[3.1,2.0,] 
BB 4
	outgoing: 6 
	datadep: 
	instructions:
		 0: def_%cl_1_4 
		 1: def_%cl_1_5 %cl_1_4[4.0,] 
		 2: RETURN %cl_1_5[4.1,] %self[2.0,] 
BB 6
	outgoing: 
	datadep: 
	instructions:
CLOSURE END: 
		 12: RETURN %v_8[2.11,] %self[2.0,2.6,2.7,2.8,2.9,] 
BB 3
	outgoing: 
	datadep: 
	instructions:

SET IRMethod, name = people instanceMethod = true
BB 1
	outgoing: 3 2 
	datadep: 
	instructions:
BB 2
	outgoing: 3 
	datadep: 
	instructions:
		 0: def_%self 
		 1: def_%v_0 
		 2: COPY TYPE_CurrentScope def_%current_scope 
		 3: COPY TYPE_ScopeModule def_%current_module 
		 4: 
		 5: 
		 6: %self->stream_posts def_%v_3 %self[2.0,] 	 SYMBOL:	 ARGS:
		 7: %v_3->map def_%v_4 %v_3[2.6,] %self[2.0,2.6,] 	 SYMBOL:	 ARGS:%v_3,
CLOSURE BEGIN: x[] 
BB 1
	outgoing: 6 2 
	datadep: 
	instructions:
BB 2
	outgoing: 3 
	datadep: 
	instructions:
		 0: def_%self 
		 1: def_%cl_1_0 
		 2: RECEIVEARG def_x 
		 3: COPY TYPE_CurrentScope def_%current_scope 
		 4: COPY TYPE_ScopeModule def_%current_module 
BB 3
	outgoing: 4 6 
	datadep: 
	instructions:
		 0: 
		 1: x->author_id def_%cl_1_3 x[2.2,] 	 SYMBOL:	 ARGS:
		 2: RETURN %cl_1_3[3.1,] %self[2.0,] 
BB 4
	outgoing: 6 
	datadep: 
	instructions:
		 0: def_%cl_1_4 
		 1: def_%cl_1_5 %cl_1_4[4.0,] 
		 2: RETURN %cl_1_5[4.1,] %self[2.0,] 
BB 6
	outgoing: 
	datadep: 
	instructions:
CLOSURE END: 
		 8: COPY TYPE_PASS def_people_ids %v_4[2.7,] 
		 9: 
		 10: (Person) def_%v_5 
		 11: HASH-id- def_%v_6 %v_4[2.7,] 
		 12: %v_5->where def_%v_7 %v_5[2.10,] %v_6[2.11,] 	 SYMBOL:	 ARGS:%v_6,
		 13: %v_7->includes def_%v_8 %v_7[2.12,] 	 SYMBOL:profile,	 ARGS:Symbol,
		 14: RETURN %v_8[2.13,] %self[2.0,2.6,] 
BB 3
	outgoing: 
	datadep: 
	instructions:

SET IRMethod, name = contacts_link instanceMethod = true
BB 1
	outgoing: 3 2 
	datadep: 
	instructions:
BB 2
	outgoing: 3 
	datadep: 
	instructions:
		 0: def_%self 
		 1: def_%v_0 
		 2: COPY TYPE_CurrentScope def_%current_scope 
		 3: COPY TYPE_ScopeModule def_%current_module 
		 4: 
		 5: 
		 6: (Rails) def_%v_3 
		 7: %v_3->application def_%v_4 %v_3[2.6,] 	 SYMBOL:	 ARGS:
		 8: %v_4->routes def_%v_5 %v_4[2.7,] 	 SYMBOL:	 ARGS:
		 9: %v_5->url_helpers def_%v_6 %v_5[2.8,] 	 SYMBOL:	 ARGS:
		 10: %v_6->contacts_path def_%v_7 %v_6[2.9,] 	 SYMBOL:	 ARGS:
		 11: RETURN %v_7[2.10,] %self[2.0,] 
BB 3
	outgoing: 
	datadep: 
	instructions:

SET IRMethod, name = for_all_aspects? instanceMethod = true
BB 1
	outgoing: 3 2 
	datadep: 
	instructions:
BB 2
	outgoing: 3 
	datadep: 
	instructions:
		 0: def_%self 
		 1: def_%v_0 
		 2: COPY TYPE_CurrentScope def_%current_scope 
		 3: COPY TYPE_ScopeModule def_%current_module 
		 4: 
		 5: 
		 6: RETURN %self[2.0,] 
BB 3
	outgoing: 
	datadep: 
	instructions:

SET IRMethod, name = aspects instanceMethod = true
BB 1
	outgoing: 3 2 
	datadep: 
	instructions:
BB 2
	outgoing: 3 
	datadep: 
	instructions:
		 0: def_%self 
		 1: def_%v_0 
		 2: COPY TYPE_CurrentScope def_%current_scope 
		 3: COPY TYPE_ScopeModule def_%current_module 
		 4: 
		 5: 
		 6: %self->user def_%v_3 %self[2.0,] 	 SYMBOL:	 ARGS:
		 7: %v_3->aspects def_%v_4 %v_3[2.6,] 	 SYMBOL:	 ARGS:
		 8: RETURN %v_4[2.7,] %self[2.0,2.6,] 
BB 3
	outgoing: 
	datadep: 
	instructions:

SET IRMethod, name = aspect instanceMethod = true
BB 1
	outgoing: 3 2 
	datadep: 
	instructions:
BB 2
	outgoing: 3 
	datadep: 
	instructions:
		 0: def_%self 
		 1: def_%v_0 
		 2: COPY TYPE_CurrentScope def_%current_scope 
		 3: COPY TYPE_ScopeModule def_%current_module 
		 4: 
		 5: 
		 6: %self->aspects def_%v_3 %self[2.0,] 	 SYMBOL:	 ARGS:
		 7: %v_3->first def_%v_4 %v_3[2.6,] 	 SYMBOL:	 ARGS:
		 8: RETURN %v_4[2.7,] %self[2.0,2.6,] 
BB 3
	outgoing: 
	datadep: 
	instructions:

SET IRMethod, name = aspect_ids instanceMethod = true
BB 1
	outgoing: 3 2 
	datadep: 
	instructions:
BB 2
	outgoing: 3 
	datadep: 
	instructions:
		 0: def_%self 
		 1: def_%v_0 
		 2: COPY TYPE_CurrentScope def_%current_scope 
		 3: COPY TYPE_ScopeModule def_%current_module 
		 4: 
		 5: 
		 6: %self->aspects def_%v_3 %self[2.0,] 	 SYMBOL:	 ARGS:
		 7: %v_3->map def_%v_4 %v_3[2.6,] %self[2.0,2.6,] 	 SYMBOL:	 ARGS:%v_3,
CLOSURE BEGIN: x[] 
BB 1
	outgoing: 6 2 
	datadep: 
	instructions:
BB 2
	outgoing: 3 
	datadep: 
	instructions:
		 0: def_%self 
		 1: def_%cl_1_0 
		 2: RECEIVEARG def_x 
		 3: COPY TYPE_CurrentScope def_%current_scope 
		 4: COPY TYPE_ScopeModule def_%current_module 
BB 3
	outgoing: 4 6 
	datadep: 
	instructions:
		 0: 
		 1: x->id def_%cl_1_3 x[2.2,] 	 SYMBOL:	 ARGS:
		 2: RETURN %cl_1_3[3.1,] %self[2.0,] 
BB 4
	outgoing: 6 
	datadep: 
	instructions:
		 0: def_%cl_1_4 
		 1: def_%cl_1_5 %cl_1_4[4.0,] 
		 2: RETURN %cl_1_5[4.1,] %self[2.0,] 
BB 6
	outgoing: 
	datadep: 
	instructions:
CLOSURE END: 
		 8: RETURN %v_4[2.7,] %self[2.0,2.6,] 
BB 3
	outgoing: 
	datadep: 
	instructions:

SET IRMethod, name = max_time= instanceMethod = true
BB 1
	outgoing: 10 2 
	datadep: 
	instructions:
BB 2
	outgoing: 3 4 
	datadep: 
	instructions:
		 0: def_%self 
		 1: def_%v_0 
		 2: COPY TYPE_CurrentScope def_%current_scope 
		 3: COPY TYPE_ScopeModule def_%current_module 
		 4: 
		 5: RECEIVEARG def_time_string 
		 6: 
		 7: time_string->blank? def_%v_3 time_string[2.5,] 	 SYMBOL:	 ARGS:
		 8: BRANCH %v_3[2.7,] 
BB 3
	outgoing: 5 
	datadep: 
	instructions:
		 0: COPY TYPE_Nil def_%v_4 
		 1: 
BB 4
	outgoing: 5 
	datadep: 
	instructions:
		 0: (Time) def_%v_5 
		 1: time_string->to_i def_%v_6 time_string[2.5,] 	 SYMBOL:	 ARGS:
		 2: %v_5->at def_%v_7 %v_5[4.0,] %v_6[4.1,] 	 SYMBOL:	 ARGS:%v_6,
		 3: ATTRASSIGN %self->max_time %v_7[4.2,] 
		 4: COPY TYPE_PASS def_%v_4 %v_7[4.2,] 
BB 5
	outgoing: 6 7 
	datadep: 
	instructions:
		 0: 
		 1: def_%v_9 %self[4.3,2.0,] 
		 2: COPY TYPE_PASS def_%v_8 %v_9[5.1,] 
		 3: %v_9[5.1,] 
BB 6
	outgoing: 7 
	datadep: 
	instructions:
		 0: GETFIELD %self->max_time def_%v_10 %self[4.3,2.0,] 
		 1: COPY TYPE_PASS def_%v_8 %v_10[6.0,] 
BB 7
	outgoing: 8 9 
	datadep: 
	instructions:
		 0: BRANCH %v_8[6.1,5.2,] 
BB 8
	outgoing: 10 
	datadep: 
	instructions:
		 0: (Time) def_%v_11 
		 1: %v_11->now def_%v_12 %v_11[8.0,] 	 SYMBOL:	 ARGS:
		 2: %v_12->+ def_%v_13 %v_12[8.1,] 	 SYMBOL:	 ARGS:Fixnum,
		 3: ATTRASSIGN %self->max_time %v_13[8.2,] 
		 4: RETURN %v_13[8.2,] %self[8.3,4.3,2.0,] 
BB 9
	outgoing: 10 
	datadep: 
	instructions:
		 0: RETURN %v_10[6.0,] %self[4.3,2.0,] 
BB 10
	outgoing: 
	datadep: 
	instructions:

SET IRMethod, name = order= instanceMethod = true
BB 1
	outgoing: 7 2 
	datadep: 
	instructions:
BB 2
	outgoing: 3 4 
	datadep: 
	instructions:
		 0: def_%self 
		 1: def_%v_0 
		 2: COPY TYPE_CurrentScope def_%current_scope 
		 3: COPY TYPE_ScopeModule def_%current_module 
		 4: 
		 5: RECEIVEARG def_order_string 
		 6: 
		 7: ATTRASSIGN %self->order order_string[2.5,] 
		 8: 
		 9: def_%v_4 %self[2.0,2.7,] 
		 10: COPY TYPE_PASS def_%v_3 %v_4[2.9,] 
		 11: %v_4[2.9,] 
BB 3
	outgoing: 4 
	datadep: 
	instructions:
		 0: GETFIELD %self->order def_%v_5 %self[2.0,2.7,] 
		 1: COPY TYPE_PASS def_%v_3 %v_5[3.0,] 
BB 4
	outgoing: 5 6 
	datadep: 
	instructions:
		 0: BRANCH %v_3[3.1,2.10,] 
BB 5
	outgoing: 7 
	datadep: 
	instructions:
		 0: COPY TYPE_StringLiteral "created_at" def_%v_6 
		 1: ATTRASSIGN %self->order %v_6[5.0,] 
		 2: RETURN %v_6[5.0,] %self[5.1,2.0,2.7,] 
BB 6
	outgoing: 7 
	datadep: 
	instructions:
		 0: RETURN %v_5[3.0,] %self[2.0,2.7,] 
BB 7
	outgoing: 
	datadep: 
	instructions:

SET IRMethod, name = like_posts_for_stream! instanceMethod = true
BB 1
	outgoing: 6 2 
	datadep: 
	instructions:
BB 2
	outgoing: 3 4 
	datadep: 
	instructions:
		 0: def_%self 
		 1: def_%v_0 
		 2: COPY TYPE_CurrentScope def_%current_scope 
		 3: COPY TYPE_ScopeModule def_%current_module 
		 4: 
		 5: RECEIVEARG def_posts 
		 6: 
		 7: GETFIELD %self->user def_%v_3 %self[2.0,] 
		 8: BRANCH %v_3[2.7,] 
BB 3
	outgoing: 6 
	datadep: 
	instructions:
		 0: COPY TYPE_Nil def_%v_4 
		 1: 
		 2: (Like) def_%v_5 
		 3: GETFIELD %self->user def_%v_6 %self[2.0,] 
		 4: %v_6->person_id def_%v_7 %v_6[3.3,] 	 SYMBOL:	 ARGS:
		 5: posts->map def_%v_8 posts[2.5,] 	 SYMBOL:id,	 ARGS:
		 6: COPY TYPE_StringLiteral "Post" def_%v_9 
		 7: HASH-author_id-target_id-target_type- def_%v_10 %v_7[3.4,] %v_8[3.5,] %v_9[3.6,] 
		 8: %v_5->where def_%v_11 %v_5[3.2,] %v_10[3.7,] 	 SYMBOL:	 ARGS:%v_10,
		 9: COPY TYPE_PASS def_likes %v_11[3.8,] 
		 10: 
		 11: HASH- def_%v_12 
		 12: %v_11->inject def_%v_13 %v_11[3.8,] %v_12[3.11,] %self[2.0,] 	 SYMBOL:	 ARGS:%v_12,%v_11,
CLOSURE BEGIN: like[] hash[] 
BB 1
	outgoing: 6 2 
	datadep: 
	instructions:
BB 2
	outgoing: 3 
	datadep: 
	instructions:
		 0: def_%self 
		 1: def_%cl_1_0 
		 2: RECEIVEARG def_hash 
		 3: RECEIVEARG def_like 
		 4: COPY TYPE_CurrentScope def_%current_scope 
		 5: COPY TYPE_ScopeModule def_%current_module 
BB 3
	outgoing: 4 6 
	datadep: 
	instructions:
		 0: 
		 1: like->target_id def_%cl_1_3 like[2.3,] 	 SYMBOL:	 ARGS:
		 2: ATTRASSIGN hash->[] %cl_1_3[3.1,] like[3.1,2.3,] 
		 3: 
		 4: RETURN hash[3.2,2.2,] %self[2.0,] 
BB 4
	outgoing: 6 
	datadep: 
	instructions:
		 0: def_%cl_1_4 
		 1: def_%cl_1_5 %cl_1_4[4.0,] 
		 2: RETURN %cl_1_5[4.1,] %self[2.0,] 
BB 6
	outgoing: 
	datadep: 
	instructions:
CLOSURE END: like[2.3,] 
		 13: COPY TYPE_PASS def_like_hash %v_13[3.12,] 
		 14: 
		 15: posts->each def_%v_14 posts[3.5,2.5,] %self[2.0,] 	 SYMBOL:	 ARGS:posts,
CLOSURE BEGIN: post[] like_hash[3.13,] 
BB 1
	outgoing: 6 2 
	datadep: 
	instructions:
BB 2
	outgoing: 3 
	datadep: 
	instructions:
		 0: def_%self 
		 1: def_%cl_2_0 
		 2: RECEIVEARG def_post 
		 3: COPY TYPE_CurrentScope def_%current_scope 
		 4: COPY TYPE_ScopeModule def_%current_module 
BB 3
	outgoing: 4 6 
	datadep: 
	instructions:
		 0: 
		 1: post->id def_%cl_2_3 post[2.2,] 	 SYMBOL:	 ARGS:
		 2: like_hash->[] def_%cl_2_4 like_hash[] %cl_2_3[3.1,] 	 SYMBOL:	 ARGS:%cl_2_3,
		 3: ATTRASSIGN post->user_like %cl_2_4[3.2,] 
		 4: RETURN %cl_2_4[3.2,] %self[2.0,] 
BB 4
	outgoing: 6 
	datadep: 
	instructions:
		 0: def_%cl_2_5 
		 1: def_%cl_2_6 %cl_2_5[4.0,] 
		 2: RETURN %cl_2_6[4.1,] %self[2.0,] 
BB 6
	outgoing: 
	datadep: 
	instructions:
CLOSURE END: 
		 16: RETURN %v_14[3.15,] %self[2.0,] 
BB 4
	outgoing: 6 
	datadep: 
	instructions:
		 0: RETURN posts[2.5,] %self[2.0,] 
BB 6
	outgoing: 
	datadep: 
	instructions:

SET IRMethod, name = publisher_opts instanceMethod = true
BB 1
	outgoing: 3 2 
	datadep: 
	instructions:
BB 2
	outgoing: 3 
	datadep: 
	instructions:
		 0: def_%self 
		 1: def_%v_0 
		 2: COPY TYPE_CurrentScope def_%current_scope 
		 3: COPY TYPE_ScopeModule def_%current_module 
		 4: 
		 5: 
		 6: HASH- def_%v_3 
		 7: RETURN %v_3[2.6,] %self[2.0,] 
BB 3
	outgoing: 
	datadep: 
	instructions:

SET IRMethod, name = contacts_in_stream instanceMethod = true
BB 1
	outgoing: 7 2 
	datadep: 
	instructions:
BB 2
	outgoing: 3 4 
	datadep: 
	instructions:
		 0: def_%self 
		 1: def_%v_0 
		 2: COPY TYPE_CurrentScope def_%current_scope 
		 3: COPY TYPE_ScopeModule def_%current_module 
		 4: 
		 5: 
		 6: def_%v_4 %self[2.0,] 
		 7: COPY TYPE_PASS def_%v_3 %v_4[2.6,] 
		 8: %v_4[2.6,] 
BB 3
	outgoing: 4 
	datadep: 
	instructions:
		 0: GETFIELD %self->contacts_in_stream def_%v_5 %self[2.0,] 
		 1: COPY TYPE_PASS def_%v_3 %v_5[3.0,] 
BB 4
	outgoing: 5 6 
	datadep: 
	instructions:
		 0: BRANCH %v_3[3.1,2.7,] 
BB 5
	outgoing: 7 
	datadep: 
	instructions:
		 0: (Contact) def_%v_6 
		 1: %self->user def_%v_7 %self[2.0,] 	 SYMBOL:	 ARGS:
		 2: %v_7->id def_%v_8 %v_7[5.1,] 	 SYMBOL:	 ARGS:
		 3: %self->people def_%v_9 %self[5.1,2.0,] 	 SYMBOL:	 ARGS:
		 4: %v_9->map def_%v_10 %v_9[5.3,] 	 SYMBOL:id,	 ARGS:
		 5: HASH-user_id-person_id- def_%v_11 %v_8[5.2,] %v_10[5.4,] 
		 6: %v_6->where def_%v_12 %v_6[5.0,] %v_11[5.5,] 	 SYMBOL:	 ARGS:%v_11,
		 7: %v_12->load def_%v_13 %v_12[5.6,] 	 SYMBOL:	 ARGS:
		 8: ATTRASSIGN %self->contacts_in_stream %v_13[5.7,] 
		 9: RETURN %v_13[5.7,] %self[5.1,5.3,5.8,2.0,] 
BB 6
	outgoing: 7 
	datadep: 
	instructions:
		 0: RETURN %v_5[3.0,] %self[2.0,] 
BB 7
	outgoing: 
	datadep: 
	instructions:

SET IRMethod, name = post_is_from_contact? instanceMethod = true
BB 1
	outgoing: 11 2 
	datadep: 
	instructions:
BB 2
	outgoing: 3 4 
	datadep: 
	instructions:
		 0: def_%self 
		 1: def_%v_0 
		 2: COPY TYPE_CurrentScope def_%current_scope 
		 3: COPY TYPE_ScopeModule def_%current_module 
		 4: 
		 5: RECEIVEARG def_post 
		 6: 
		 7: def_%v_4 %self[2.0,] 
		 8: COPY TYPE_PASS def_%v_3 %v_4[2.7,] 
		 9: %v_4[2.7,] 
BB 3
	outgoing: 4 
	datadep: 
	instructions:
		 0: GETFIELD %self->can_comment_cache def_%v_5 %self[2.0,] 
		 1: COPY TYPE_PASS def_%v_3 %v_5[3.0,] 
BB 4
	outgoing: 5 6 
	datadep: 
	instructions:
		 0: BRANCH %v_3[3.1,2.8,] 
BB 5
	outgoing: 6 
	datadep: 
	instructions:
		 0: HASH- def_%v_6 
		 1: ATTRASSIGN %self->can_comment_cache %v_6[5.0,] 
		 2: COPY TYPE_PASS def_%v_5 %v_6[5.0,] 
BB 6
	outgoing: 7 8 
	datadep: 
	instructions:
		 0: 
		 1: GETFIELD %self->can_comment_cache def_%v_7 %self[5.1,2.0,] 
		 2: post->id def_%v_9 post[2.5,] 	 SYMBOL:	 ARGS:
		 3: %v_7->[] def_%v_8 %v_7[6.1,] %v_9[6.2,] 	 SYMBOL:	 ARGS:%v_9,
		 4: BRANCH %v_8[6.3,] 
BB 7
	outgoing: 8 
	datadep: 
	instructions:
		 0: %self->contacts_in_stream def_%v_10 %self[5.1,2.0,] 	 SYMBOL:	 ARGS:
		 1: %v_10->find def_%v_11 %v_10[7.0,] %self[7.0,5.1,2.0,] 	 SYMBOL:	 ARGS:%v_10,
CLOSURE BEGIN: contact[] post[2.5,] 
BB 1
	outgoing: 6 2 
	datadep: 
	instructions:
BB 2
	outgoing: 3 
	datadep: 
	instructions:
		 0: def_%self 
		 1: def_%cl_1_0 
		 2: RECEIVEARG def_contact 
		 3: COPY TYPE_CurrentScope def_%current_scope 
		 4: COPY TYPE_ScopeModule def_%current_module 
BB 3
	outgoing: 4 6 
	datadep: 
	instructions:
		 0: 
		 1: contact->person_id def_%cl_1_3 contact[2.2,] 	 SYMBOL:	 ARGS:
		 2: post->author def_%cl_1_4 post[] 	 SYMBOL:	 ARGS:
		 3: %cl_1_4->id def_%cl_1_5 %cl_1_4[3.2,] 	 SYMBOL:	 ARGS:
		 4: %cl_1_3->== def_%cl_1_6 %cl_1_3[3.1,] %cl_1_5[3.3,] 	 SYMBOL:	 ARGS:%cl_1_5,
		 5: RETURN %cl_1_6[3.4,] %self[2.0,] 
BB 4
	outgoing: 6 
	datadep: 
	instructions:
		 0: def_%cl_1_7 
		 1: def_%cl_1_8 %cl_1_7[4.0,] 
		 2: RETURN %cl_1_8[4.1,] %self[2.0,] 
BB 6
	outgoing: 
	datadep: 
	instructions:
CLOSURE END: 
		 2: %v_11->present? def_%v_12 %v_11[7.1,] 	 SYMBOL:	 ARGS:
		 3: %v_7->[]= def_%v_8 %v_7[6.1,] %v_9[6.2,] %v_12[7.2,] 	 SYMBOL:	 ARGS:%v_9,%v_12,
		 4: COPY TYPE_PASS def_%v_8 %v_12[7.2,] 
BB 8
	outgoing: 9 10 
	datadep: 
	instructions:
		 0: 
		 1: GETFIELD %self->can_comment_cache def_%v_13 %self[5.1,2.0,] 
		 2: post->id def_%v_15 post[2.5,] 	 SYMBOL:	 ARGS:
		 3: %v_13->[] def_%v_14 %v_13[8.1,] %v_15[8.2,] 	 SYMBOL:	 ARGS:%v_15,
		 4: BRANCH %v_14[8.3,] 
BB 9
	outgoing: 10 
	datadep: 
	instructions:
		 0: %self->user def_%v_16 %self[5.1,2.0,] 	 SYMBOL:	 ARGS:
		 1: %v_16->person_id def_%v_17 %v_16[9.0,] 	 SYMBOL:	 ARGS:
		 2: post->author_id def_%v_18 post[2.5,] 	 SYMBOL:	 ARGS:
		 3: %v_17->== def_%v_19 %v_17[9.1,] %v_18[9.2,] 	 SYMBOL:	 ARGS:%v_18,
		 4: %v_13->[]= def_%v_14 %v_13[8.1,] %v_15[8.2,] %v_19[9.3,] 	 SYMBOL:	 ARGS:%v_15,%v_19,
		 5: COPY TYPE_PASS def_%v_14 %v_19[9.3,] 
BB 10
	outgoing: 11 
	datadep: 
	instructions:
		 0: 
		 1: GETFIELD %self->can_comment_cache def_%v_20 %self[5.1,2.0,] 
		 2: post->id def_%v_21 post[2.5,] 	 SYMBOL:	 ARGS:
		 3: %v_20->[] def_%v_22 %v_20[10.1,] %v_21[10.2,] 	 SYMBOL:	 ARGS:%v_21,
		 4: RETURN %v_22[10.3,] %self[5.1,2.0,] 
BB 11
	outgoing: 
	datadep: 
	instructions:

