SET IRMethod, name = initialize instanceMethod = true
BB 1
	outgoing: 7 2 
	datadep: 
	instructions:
BB 2
	outgoing: 3 4 
	datadep: 
	instructions:
		 0: def_%self 
		 1: def_%v_0 
		 2: COPY TYPE_CurrentScope def_%current_scope 
		 3: COPY TYPE_ScopeModule def_%current_module 
		 4: 
		 5: RECEIVEARG def_user 
		 6: RECEIVEARG def_tag_name 
		 7: RECEIVECONSTARG def_opts 
		 8: opts[2.7,] 
BB 3
	outgoing: 4 
	datadep: 
	instructions:
		 0: HASH- def_%v_3 
		 1: COPY TYPE_PASS def_opts %v_3[3.0,] 
BB 4
	outgoing: 5 6 
	datadep: 
	instructions:
		 0: 
		 1: ATTRASSIGN %self->tag_name tag_name[2.6,] 
		 2: 
		 3: opts->[] def_%v_4 opts[3.1,2.7,] 	 SYMBOL:page,	 ARGS:Symbol,
		 4: BRANCH %v_4[4.3,] 
BB 5
	outgoing: 6 
	datadep: 
	instructions:
		 0: COPY TYPE_Fixnum def_%v_4 
BB 6
	outgoing: 7 
	datadep: 
	instructions:
		 0: ATTRASSIGN %self->people_page %v_4[5.0,4.3,] 
		 1: 
		 2: ATTRASSIGN %self->people_per_page 
		 3: 
		 4: %self->super def_%v_5 %current_module[2.3,] user[2.5,] opts[3.1,2.7,] %v_0[2.1,] 	 SYMBOL:	 ARGS:user,opts,
		 5: RETURN %v_5[6.4,] %self[6.0,6.2,4.1,2.0,] 
BB 7
	outgoing: 
	datadep: 
	instructions:

SET IRMethod, name = tag instanceMethod = true
BB 1
	outgoing: 9 2 
	datadep: 
	instructions:
BB 2
	outgoing: 3 4 
	datadep: 
	instructions:
		 0: def_%self 
		 1: def_%v_0 
		 2: COPY TYPE_CurrentScope def_%current_scope 
		 3: COPY TYPE_ScopeModule def_%current_module 
		 4: 
		 5: 
		 6: def_%v_4 %self[2.0,] 
		 7: COPY TYPE_PASS def_%v_3 %v_4[2.6,] 
		 8: %v_4[2.6,] 
BB 3
	outgoing: 4 
	datadep: 
	instructions:
		 0: GETFIELD %self->tag def_%v_5 %self[2.0,] 
		 1: COPY TYPE_PASS def_%v_3 %v_5[3.0,] 
BB 4
	outgoing: 5 8 
	datadep: 
	instructions:
		 0: BRANCH %v_3[3.1,2.7,] 
BB 5
	outgoing: 6 7 
	datadep: 
	instructions:
		 0: (ActsAsTaggableOn) def_%v_6 
		 1: (inherit Tag) def_%v_7 %v_6[5.0,] 
		 2: %v_7[5.1,] 
BB 6
	outgoing: 7 
	datadep: 
	instructions:
		 0: %v_6->const_missing def_%v_7 %v_6[5.0,] 	 SYMBOL:Tag,	 ARGS:Symbol,
BB 7
	outgoing: 9 
	datadep: 
	instructions:
		 0: %self->tag_name def_%v_8 %self[2.0,] 	 SYMBOL:	 ARGS:
		 1: %v_7->named def_%v_9 %v_7[6.0,5.1,] %v_8[7.0,] 	 SYMBOL:	 ARGS:%v_8,
		 2: %v_9->first def_%v_10 %v_9[7.1,] 	 SYMBOL:	 ARGS:
		 3: ATTRASSIGN %self->tag %v_10[7.2,] 
		 4: RETURN %v_10[7.2,] %self[7.0,7.3,2.0,] 
BB 8
	outgoing: 9 
	datadep: 
	instructions:
		 0: RETURN %v_5[3.0,] %self[2.0,] 
BB 9
	outgoing: 
	datadep: 
	instructions:

SET IRMethod, name = display_tag_name instanceMethod = true
BB 1
	outgoing: 7 2 
	datadep: 
	instructions:
BB 2
	outgoing: 3 4 
	datadep: 
	instructions:
		 0: def_%self 
		 1: def_%v_0 
		 2: COPY TYPE_CurrentScope def_%current_scope 
		 3: COPY TYPE_ScopeModule def_%current_module 
		 4: 
		 5: 
		 6: def_%v_4 %self[2.0,] 
		 7: COPY TYPE_PASS def_%v_3 %v_4[2.6,] 
		 8: %v_4[2.6,] 
BB 3
	outgoing: 4 
	datadep: 
	instructions:
		 0: GETFIELD %self->display_tag_name def_%v_5 %self[2.0,] 
		 1: COPY TYPE_PASS def_%v_3 %v_5[3.0,] 
BB 4
	outgoing: 5 6 
	datadep: 
	instructions:
		 0: BRANCH %v_3[3.1,2.7,] 
BB 5
	outgoing: 7 
	datadep: 
	instructions:
		 0: COPY TYPE_StringLiteral "#" def_%v_6 
		 1: %self->tag_name def_%v_7 %self[2.0,] 	 SYMBOL:	 ARGS:
		 2: BUILDSTRING def_%v_8 %v_6[5.0,] %v_7[5.1,] 
		 3: ATTRASSIGN %self->display_tag_name %v_8[5.2,] 
		 4: RETURN %v_8[5.2,] %self[5.1,5.3,2.0,] 
BB 6
	outgoing: 7 
	datadep: 
	instructions:
		 0: RETURN %v_5[3.0,] %self[2.0,] 
BB 7
	outgoing: 
	datadep: 
	instructions:

SET IRMethod, name = tagged_people instanceMethod = true
BB 1
	outgoing: 9 2 
	datadep: 
	instructions:
BB 2
	outgoing: 3 4 
	datadep: 
	instructions:
		 0: def_%self 
		 1: def_%v_0 
		 2: COPY TYPE_CurrentScope def_%current_scope 
		 3: COPY TYPE_ScopeModule def_%current_module 
		 4: 
		 5: 
		 6: def_%v_4 %self[2.0,] 
		 7: COPY TYPE_PASS def_%v_3 %v_4[2.6,] 
		 8: %v_4[2.6,] 
BB 3
	outgoing: 4 
	datadep: 
	instructions:
		 0: GETFIELD %self->people def_%v_5 %self[2.0,] 
		 1: COPY TYPE_PASS def_%v_3 %v_5[3.0,] 
BB 4
	outgoing: 5 8 
	datadep: 
	instructions:
		 0: BRANCH %v_3[3.1,2.7,] 
BB 5
	outgoing: 6 7 
	datadep: 
	instructions:
		 0: (inherit Person) def_%v_6 
		 1: %v_6[5.0,] 
BB 6
	outgoing: 7 
	datadep: 
	instructions:
		 0: CONSTANT def_%v_6 	 SYMBOL:Person,	 ARGS:Symbol,
BB 7
	outgoing: 9 
	datadep: 
	instructions:
		 0: %self->tag_name def_%v_7 %self[2.0,] 	 SYMBOL:	 ARGS:
		 1: %v_6->profile_tagged_with def_%v_8 %v_6[6.0,5.0,] %v_7[7.0,] 	 SYMBOL:	 ARGS:%v_7,
		 2: %self->people_page def_%v_9 %self[7.0,2.0,] 	 SYMBOL:	 ARGS:
		 3: %self->people_per_page def_%v_10 %self[7.0,7.2,2.0,] 	 SYMBOL:	 ARGS:
		 4: HASH-page-per_page- def_%v_11 %v_9[7.2,] %v_10[7.3,] 
		 5: %v_8->paginate def_%v_12 %v_8[7.1,] %v_11[7.4,] 	 SYMBOL:	 ARGS:%v_11,
		 6: ATTRASSIGN %self->people %v_12[7.5,] 
		 7: RETURN %v_12[7.5,] %self[7.0,7.2,7.3,7.6,2.0,] 
BB 8
	outgoing: 9 
	datadep: 
	instructions:
		 0: RETURN %v_5[3.0,] %self[2.0,] 
BB 9
	outgoing: 
	datadep: 
	instructions:

SET IRMethod, name = tagged_people_count instanceMethod = true
BB 1
	outgoing: 9 2 
	datadep: 
	instructions:
BB 2
	outgoing: 3 4 
	datadep: 
	instructions:
		 0: def_%self 
		 1: def_%v_0 
		 2: COPY TYPE_CurrentScope def_%current_scope 
		 3: COPY TYPE_ScopeModule def_%current_module 
		 4: 
		 5: 
		 6: def_%v_4 %self[2.0,] 
		 7: COPY TYPE_PASS def_%v_3 %v_4[2.6,] 
		 8: %v_4[2.6,] 
BB 3
	outgoing: 4 
	datadep: 
	instructions:
		 0: GETFIELD %self->people_count def_%v_5 %self[2.0,] 
		 1: COPY TYPE_PASS def_%v_3 %v_5[3.0,] 
BB 4
	outgoing: 5 8 
	datadep: 
	instructions:
		 0: BRANCH %v_3[3.1,2.7,] 
BB 5
	outgoing: 6 7 
	datadep: 
	instructions:
		 0: (inherit Person) def_%v_6 
		 1: %v_6[5.0,] 
BB 6
	outgoing: 7 
	datadep: 
	instructions:
		 0: CONSTANT def_%v_6 	 SYMBOL:Person,	 ARGS:Symbol,
BB 7
	outgoing: 9 
	datadep: 
	instructions:
		 0: %self->tag_name def_%v_7 %self[2.0,] 	 SYMBOL:	 ARGS:
		 1: %v_6->profile_tagged_with def_%v_8 %v_6[6.0,5.0,] %v_7[7.0,] 	 SYMBOL:	 ARGS:%v_7,
		 2: %v_8->count def_%v_9 %v_8[7.1,] 	 SYMBOL:	 ARGS:
		 3: ATTRASSIGN %self->people_count %v_9[7.2,] 
		 4: RETURN %v_9[7.2,] %self[7.0,7.3,2.0,] 
BB 8
	outgoing: 9 
	datadep: 
	instructions:
		 0: RETURN %v_5[3.0,] %self[2.0,] 
BB 9
	outgoing: 
	datadep: 
	instructions:

SET IRMethod, name = posts instanceMethod = true
BB 1
	outgoing: 7 2 
	datadep: 
	instructions:
BB 2
	outgoing: 3 4 
	datadep: 
	instructions:
		 0: def_%self 
		 1: def_%v_0 
		 2: COPY TYPE_CurrentScope def_%current_scope 
		 3: COPY TYPE_ScopeModule def_%current_module 
		 4: 
		 5: 
		 6: def_%v_4 %self[2.0,] 
		 7: COPY TYPE_PASS def_%v_3 %v_4[2.6,] 
		 8: %v_4[2.6,] 
BB 3
	outgoing: 4 
	datadep: 
	instructions:
		 0: GETFIELD %self->posts def_%v_5 %self[2.0,] 
		 1: COPY TYPE_PASS def_%v_3 %v_5[3.0,] 
BB 4
	outgoing: 5 6 
	datadep: 
	instructions:
		 0: BRANCH %v_3[3.1,2.7,] 
BB 5
	outgoing: 7 
	datadep: 
	instructions:
		 0: %self->construct_post_query def_%v_6 %self[2.0,] 	 SYMBOL:	 ARGS:
		 1: ATTRASSIGN %self->posts %v_6[5.0,] 
		 2: RETURN %v_6[5.0,] %self[5.0,5.1,2.0,] 
BB 6
	outgoing: 7 
	datadep: 
	instructions:
		 0: RETURN %v_5[3.0,] %self[2.0,] 
BB 7
	outgoing: 
	datadep: 
	instructions:

SET IRMethod, name = tag_name= instanceMethod = true
BB 1
	outgoing: 3 2 
	datadep: 
	instructions:
BB 2
	outgoing: 3 
	datadep: 
	instructions:
		 0: def_%self 
		 1: def_%v_0 
		 2: COPY TYPE_CurrentScope def_%current_scope 
		 3: COPY TYPE_ScopeModule def_%current_module 
		 4: 
		 5: RECEIVEARG def_tag_name 
		 6: 
		 7: tag_name->downcase def_%v_3 tag_name[2.5,] 	 SYMBOL:	 ARGS:
		 8: COPY TYPE_StringLiteral "#" def_%v_4 
		 9: COPY TYPE_StringLiteral "" def_%v_5 
		 10: %v_3->gsub def_%v_6 %v_3[2.7,] %v_4[2.8,] %v_5[2.9,] 	 SYMBOL:	 ARGS:%v_4,%v_5,
		 11: ATTRASSIGN %self->tag_name %v_6[2.10,] 
		 12: RETURN %v_6[2.10,] %self[2.0,2.11,] 
BB 3
	outgoing: 
	datadep: 
	instructions:

SET IRMethod, name = publisher_opts instanceMethod = true
BB 1
	outgoing: 3 2 
	datadep: 
	instructions:
BB 2
	outgoing: 3 
	datadep: 
	instructions:
		 0: def_%self 
		 1: def_%v_0 
		 2: COPY TYPE_CurrentScope def_%current_scope 
		 3: COPY TYPE_ScopeModule def_%current_module 
		 4: 
		 5: 
		 6: HASH-open- def_%v_3 
		 7: RETURN %v_3[2.6,] %self[2.0,] 
BB 3
	outgoing: 
	datadep: 
	instructions:

SET IRMethod, name = construct_post_query instanceMethod = true
BB 1
	outgoing: 6 2 
	datadep: 
	instructions:
BB 2
	outgoing: 3 4 
	datadep: 
	instructions:
		 0: def_%self 
		 1: def_%v_0 
		 2: COPY TYPE_CurrentScope def_%current_scope 
		 3: COPY TYPE_ScopeModule def_%current_module 
		 4: 
		 5: 
		 6: %self->user def_%v_3 %self[2.0,] 	 SYMBOL:	 ARGS:
		 7: %v_3->present? def_%v_4 %v_3[2.6,] 	 SYMBOL:	 ARGS:
		 8: BRANCH %v_4[2.7,] 
BB 3
	outgoing: 5 
	datadep: 
	instructions:
		 0: 
		 1: (StatusMessage) def_%v_5 
		 2: %self->user def_%v_6 %self[2.0,] 	 SYMBOL:	 ARGS:
		 3: %v_5->owned_or_visible_by_user def_%v_7 %v_5[3.1,] %v_6[3.2,] 	 SYMBOL:	 ARGS:%v_6,
		 4: 
BB 4
	outgoing: 5 
	datadep: 
	instructions:
		 0: 
		 1: (StatusMessage) def_%v_8 
		 2: %v_8->all_public def_%v_9 %v_8[4.1,] 	 SYMBOL:	 ARGS:
		 3: COPY TYPE_PASS def_%v_7 %v_9[4.2,] 
BB 5
	outgoing: 6 
	datadep: 
	instructions:
		 0: COPY TYPE_PASS def_posts %v_7[4.3,3.3,] 
		 1: 
		 2: %self->tag_name def_%v_10 %self[2.0,] 	 SYMBOL:	 ARGS:
		 3: HASH-any- def_%v_11 
		 4: posts->tagged_with def_%v_12 posts[5.0,] %v_10[5.2,] %v_11[5.3,] 	 SYMBOL:	 ARGS:%v_10,%v_11,
		 5: RETURN %v_12[5.4,] %self[5.2,2.0,] 
BB 6
	outgoing: 
	datadep: 
	instructions:

