SET IRMethod, name = initialize instanceMethod = true
BB 1
	outgoing: 12 2 
	datadep: 
	instructions:
BB 2
	outgoing: 4 
	datadep: 
	instructions:
		 0: def_%self 
		 1: def_%v_0 
		 2: COPY TYPE_CurrentScope def_%current_scope 
		 3: COPY TYPE_ScopeModule def_%current_module 
		 4: 
		 5: RECEIVEARG def_source_view 
		 6: 
		 7: GLOBALVAR $! def_%v_3 
BB 4
	outgoing: 5 6 
	datadep: 
	instructions:
		 0: 
		 1: source_view->underscore def_%v_6 source_view[2.5,] 	 SYMBOL:	 ARGS:
		 2: COPY TYPE_Regexp def_%v_7 
		 3: COPY TYPE_StringLiteral "_" def_%v_8 
		 4: %v_6->gsub def_%v_9 %v_6[4.1,] %v_8[4.3,] 	 SYMBOL:	 ARGS:%v_7,%v_8,
		 5: %v_9->to_sym def_%v_10 %v_9[4.4,] 	 SYMBOL:	 ARGS:
		 6: COPY TYPE_PASS def_%v_5 %v_10[4.5,] 
		 7: 
		 8: %v_3[2.7,] 
BB 5
	outgoing: 11 
	datadep: 
	instructions:
		 0: 
BB 6
	outgoing: 7 8 10 
	datadep: 
	instructions:
		 0: 
		 1: def_%v_11 
		 2: def_%v_12 %v_11[6.1,] 
		 3: BRANCH %v_12[6.2,] 
BB 7
	outgoing: 10 12 
	datadep: 
	instructions:
		 0: %v_11[6.1,] 
BB 8
	outgoing: 9 10 
	datadep: 
	instructions:
		 0: COPY TYPE_Nil def_%v_5 
		 1: 
		 2: %v_3[2.7,] 
BB 9
	outgoing: 11 
	datadep: 
	instructions:
		 0: 
BB 10
	outgoing: 12 
	datadep: 
	instructions:
		 0: def_%v_13 
		 1: def_%v_14 %v_13[10.0,] %v_3[2.7,] 
		 2: %v_13[10.0,] 
BB 11
	outgoing: 12 
	datadep: 
	instructions:
		 0: ATTRASSIGN %self->source_view %v_5[4.6,8.0,] 
		 1: RETURN %v_5[4.6,8.0,] %self[11.0,2.0,] 
BB 12
	outgoing: 
	datadep: 
	instructions:

SET IRMethod, name = nil? instanceMethod = true
BB 1
	outgoing: 8 2 
	datadep: 
	instructions:
BB 2
	outgoing: 3 4 
	datadep: 
	instructions:
		 0: def_%self 
		 1: def_%v_0 
		 2: COPY TYPE_CurrentScope def_%current_scope 
		 3: COPY TYPE_ScopeModule def_%current_module 
		 4: 
		 5: 
		 6: GETFIELD %self->source_view def_%v_3 %self[2.0,] 
		 7: %v_3->nil? def_%v_4 %v_3[2.6,] 	 SYMBOL:	 ARGS:
		 8: BRANCH %v_4[2.7,] 
BB 3
	outgoing: 4 
	datadep: 
	instructions:
		 0: %self->block_given? def_%v_5 %self[2.0,] 	 SYMBOL:	 ARGS:
		 1: COPY TYPE_PASS def_%v_4 %v_5[3.0,] 
BB 4
	outgoing: 5 6 
	datadep: 
	instructions:
		 0: BRANCH %v_4[3.1,2.7,] 
BB 5
	outgoing: 8 
	datadep: 
	instructions:
		 0: def_%v_6 %v_0[2.1,] 
		 1: RETURN %v_6[5.0,] %self[2.0,] 
BB 6
	outgoing: 8 
	datadep: 
	instructions:
		 0: RETURN %self[2.0,] 
BB 8
	outgoing: 
	datadep: 
	instructions:

SET IRMethod, name = context instanceMethod = true
BB 1
	outgoing: 8 2 
	datadep: 
	instructions:
BB 2
	outgoing: 3 4 
	datadep: 
	instructions:
		 0: def_%self 
		 1: def_%v_0 
		 2: COPY TYPE_CurrentScope def_%current_scope 
		 3: COPY TYPE_ScopeModule def_%current_module 
		 4: 
		 5: 
		 6: GETFIELD %self->source_view def_%v_3 %self[2.0,] 
		 7: %v_3->== def_%v_4 %v_3[2.6,] 	 SYMBOL:context,	 ARGS:%v_3,
		 8: BRANCH %v_4[2.7,] 
BB 3
	outgoing: 4 
	datadep: 
	instructions:
		 0: %self->block_given? def_%v_5 %self[2.0,] 	 SYMBOL:	 ARGS:
		 1: COPY TYPE_PASS def_%v_4 %v_5[3.0,] 
BB 4
	outgoing: 5 6 
	datadep: 
	instructions:
		 0: BRANCH %v_4[3.1,2.7,] 
BB 5
	outgoing: 8 
	datadep: 
	instructions:
		 0: def_%v_6 %v_0[2.1,] 
		 1: RETURN %v_6[5.0,] %self[2.0,] 
BB 6
	outgoing: 8 
	datadep: 
	instructions:
		 0: RETURN %self[2.0,] 
BB 8
	outgoing: 
	datadep: 
	instructions:

SET IRMethod, name = method_missing instanceMethod = true
BB 1
	outgoing: 8 2 
	datadep: 
	instructions:
BB 2
	outgoing: 3 4 
	datadep: 
	instructions:
		 0: def_%self 
		 1: def_%v_0 
		 2: COPY TYPE_CurrentScope def_%current_scope 
		 3: COPY TYPE_ScopeModule def_%current_module 
		 4: 
		 5: RECEIVEARG def_check_source_view 
		 6: RECEIVEARG def_args 
		 7: 
		 8: GETFIELD %self->source_view def_%v_3 %self[2.0,] 
		 9: check_source_view->== def_%v_4 check_source_view[2.5,] %v_3[2.8,] 	 SYMBOL:	 ARGS:%v_3,
		 10: BRANCH %v_4[2.9,] 
BB 3
	outgoing: 4 
	datadep: 
	instructions:
		 0: %self->block_given? def_%v_5 %self[2.0,] 	 SYMBOL:	 ARGS:
		 1: COPY TYPE_PASS def_%v_4 %v_5[3.0,] 
BB 4
	outgoing: 5 6 
	datadep: 
	instructions:
		 0: BRANCH %v_4[3.1,2.9,] 
BB 5
	outgoing: 8 
	datadep: 
	instructions:
		 0: def_%v_6 %v_0[2.1,] 
		 1: RETURN %v_6[5.0,] %self[2.0,] 
BB 6
	outgoing: 8 
	datadep: 
	instructions:
		 0: RETURN %self[2.0,] 
BB 8
	outgoing: 
	datadep: 
	instructions:

SET IRMethod, name = included instanceMethod = false
BB 1
	outgoing: 7 2 
	datadep: 
	instructions:
BB 2
	outgoing: 3 4 
	datadep: 
	instructions:
		 0: def_%self 
		 1: def_%v_0 
		 2: COPY TYPE_CurrentScope def_%current_scope 
		 3: COPY TYPE_ScopeModule def_%current_module 
		 4: 
		 5: RECEIVEARG def_base 
		 6: 
		 7: (Tracks) def_%v_3 
		 8: (inherit SourceViewSwitching) def_%v_4 %v_3[2.7,] 
		 9: %v_4[2.8,] 
BB 3
	outgoing: 4 
	datadep: 
	instructions:
		 0: %v_3->const_missing def_%v_4 %v_3[2.7,] 	 SYMBOL:SourceViewSwitching,	 ARGS:Symbol,
BB 4
	outgoing: 5 6 
	datadep: 
	instructions:
		 0: (inherit Helper) def_%v_5 %v_4[3.0,2.8,] 
		 1: %v_5[4.0,] 
BB 5
	outgoing: 6 
	datadep: 
	instructions:
		 0: %v_4->const_missing def_%v_5 %v_4[3.0,2.8,] 	 SYMBOL:Helper,	 ARGS:Symbol,
BB 6
	outgoing: 7 
	datadep: 
	instructions:
		 0: base->send def_%v_6 base[2.5,] %v_5[5.0,4.0,] 	 SYMBOL:helper,	 ARGS:Symbol,%v_5,
		 1: 
		 2: base->send def_%v_7 base[6.0,2.5,] 	 SYMBOL:helper_method,source_view,	 ARGS:Symbol,Symbol,
		 3: RETURN %v_7[6.2,] %self[2.0,] 
BB 7
	outgoing: 
	datadep: 
	instructions:

SET IRMethod, name = source_view_is instanceMethod = true
BB 1
	outgoing: 5 2 
	datadep: 
	instructions:
BB 2
	outgoing: 3 4 
	datadep: 
	instructions:
		 0: def_%self 
		 1: def_%v_0 
		 2: COPY TYPE_CurrentScope def_%current_scope 
		 3: COPY TYPE_ScopeModule def_%current_module 
		 4: 
		 5: RECEIVEARG def_s 
		 6: 
		 7: %self->params def_%v_3 %self[2.0,] 	 SYMBOL:	 ARGS:
		 8: %v_3->[] def_%v_4 %v_3[2.7,] 	 SYMBOL:_source_view,	 ARGS:Symbol,
		 9: BRANCH %v_4[2.8,] 
BB 3
	outgoing: 4 
	datadep: 
	instructions:
		 0: GETFIELD %self->source_view def_%v_5 %self[2.0,] 
		 1: COPY TYPE_PASS def_%v_4 %v_5[3.0,] 
BB 4
	outgoing: 5 
	datadep: 
	instructions:
		 0: %v_4->to_sym def_%v_6 %v_4[3.1,2.8,] 	 SYMBOL:	 ARGS:
		 1: s->== def_%v_7 s[2.5,] %v_6[4.0,] 	 SYMBOL:	 ARGS:%v_6,
		 2: RETURN %v_7[4.1,] %self[2.0,] 
BB 5
	outgoing: 
	datadep: 
	instructions:

SET IRMethod, name = source_view_is_one_of instanceMethod = true
BB 1
	outgoing: 3 2 
	datadep: 
	instructions:
BB 2
	outgoing: 3 
	datadep: 
	instructions:
		 0: def_%self 
		 1: def_%v_0 
		 2: COPY TYPE_CurrentScope def_%current_scope 
		 3: COPY TYPE_ScopeModule def_%current_module 
		 4: 
		 5: RECEIVEARG def_s 
		 6: 
		 7: %self->params def_%v_3 %self[2.0,] 	 SYMBOL:	 ARGS:
		 8: %v_3->[] def_%v_4 %v_3[2.7,] 	 SYMBOL:_source_view,	 ARGS:Symbol,
		 9: %v_4->to_sym def_%v_5 %v_4[2.8,] 	 SYMBOL:	 ARGS:
		 10: s->include? def_%v_6 s[2.5,] %v_5[2.9,] 	 SYMBOL:	 ARGS:%v_5,
		 11: RETURN %v_6[2.10,] %self[2.0,2.7,] 
BB 3
	outgoing: 
	datadep: 
	instructions:

SET IRMethod, name = source_view instanceMethod = true
BB 1
	outgoing: 12 2 
	datadep: 
	instructions:
BB 2
	outgoing: 3 4 
	datadep: 
	instructions:
		 0: def_%self 
		 1: def_%v_0 
		 2: COPY TYPE_CurrentScope def_%current_scope 
		 3: COPY TYPE_ScopeModule def_%current_module 
		 4: 
		 5: 
		 6: (Tracks) def_%v_3 
		 7: (inherit SourceViewSwitching) def_%v_4 %v_3[2.6,] 
		 8: %v_4[2.7,] 
BB 3
	outgoing: 4 
	datadep: 
	instructions:
		 0: %v_3->const_missing def_%v_4 %v_3[2.6,] 	 SYMBOL:SourceViewSwitching,	 ARGS:Symbol,
BB 4
	outgoing: 5 6 
	datadep: 
	instructions:
		 0: (inherit Responder) def_%v_5 %v_4[3.0,2.7,] 
		 1: %v_5[4.0,] 
BB 5
	outgoing: 6 
	datadep: 
	instructions:
		 0: %v_4->const_missing def_%v_5 %v_4[3.0,2.7,] 	 SYMBOL:Responder,	 ARGS:Symbol,
BB 6
	outgoing: 7 8 
	datadep: 
	instructions:
		 0: %self->params def_%v_6 %self[2.0,] 	 SYMBOL:	 ARGS:
		 1: %v_6->[] def_%v_7 %v_6[6.0,] 	 SYMBOL:_source_view,	 ARGS:Symbol,
		 2: BRANCH %v_7[6.1,] 
BB 7
	outgoing: 8 
	datadep: 
	instructions:
		 0: GETFIELD %self->source_view def_%v_8 %self[2.0,] 
		 1: COPY TYPE_PASS def_%v_7 %v_8[7.0,] 
BB 8
	outgoing: 9 10 
	datadep: 
	instructions:
		 0: %v_5->new def_%v_9 %v_5[5.0,4.0,] %v_7[7.1,6.1,] 	 SYMBOL:	 ARGS:%v_7,
		 1: COPY TYPE_PASS def_responder %v_9[8.0,] 
		 2: 
		 3: %self->block_given? def_%v_10 %self[2.0,] 	 SYMBOL:	 ARGS:
		 4: BRANCH %v_10[8.3,] 
BB 9
	outgoing: 12 
	datadep: 
	instructions:
		 0: def_%v_11 %v_0[2.1,] responder[8.1,] 
		 1: RETURN %v_11[9.0,] %self[2.0,] 
BB 10
	outgoing: 12 
	datadep: 
	instructions:
		 0: RETURN responder[8.1,] %self[2.0,] 
BB 12
	outgoing: 
	datadep: 
	instructions:

SET IRMethod, name = source_view_tag instanceMethod = true
BB 1
	outgoing: 3 2 
	datadep: 
	instructions:
BB 2
	outgoing: 3 
	datadep: 
	instructions:
		 0: def_%self 
		 1: def_%v_0 
		 2: COPY TYPE_CurrentScope def_%current_scope 
		 3: COPY TYPE_ScopeModule def_%current_module 
		 4: 
		 5: RECEIVEARG def_name 
		 6: 
		 7: name->underscore def_%v_3 name[2.5,] 	 SYMBOL:	 ARGS:
		 8: COPY TYPE_Regexp def_%v_4 
		 9: COPY TYPE_StringLiteral "_" def_%v_5 
		 10: %v_3->gsub def_%v_6 %v_3[2.7,] %v_5[2.9,] 	 SYMBOL:	 ARGS:%v_4,%v_5,
		 11: %self->hidden_field_tag def_%v_7 %self[2.0,] %v_6[2.10,] 	 SYMBOL:_source_view,	 ARGS:Symbol,%v_6,
		 12: RETURN %v_7[2.11,] %self[2.0,2.11,] 
BB 3
	outgoing: 
	datadep: 
	instructions:

SET IRMethod, name = source_view_is instanceMethod = true
BB 1
	outgoing: 5 2 
	datadep: 
	instructions:
BB 2
	outgoing: 3 4 
	datadep: 
	instructions:
		 0: def_%self 
		 1: def_%v_0 
		 2: COPY TYPE_CurrentScope def_%current_scope 
		 3: COPY TYPE_ScopeModule def_%current_module 
		 4: 
		 5: RECEIVEARG def_s 
		 6: 
		 7: %self->params def_%v_3 %self[2.0,] 	 SYMBOL:	 ARGS:
		 8: %v_3->[] def_%v_4 %v_3[2.7,] 	 SYMBOL:_source_view,	 ARGS:Symbol,
		 9: BRANCH %v_4[2.8,] 
BB 3
	outgoing: 4 
	datadep: 
	instructions:
		 0: GETFIELD %self->source_view def_%v_5 %self[2.0,] 
		 1: COPY TYPE_PASS def_%v_4 %v_5[3.0,] 
BB 4
	outgoing: 5 
	datadep: 
	instructions:
		 0: %v_4->to_sym def_%v_6 %v_4[3.1,2.8,] 	 SYMBOL:	 ARGS:
		 1: s->== def_%v_7 s[2.5,] %v_6[4.0,] 	 SYMBOL:	 ARGS:%v_6,
		 2: RETURN %v_7[4.1,] %self[2.0,] 
BB 5
	outgoing: 
	datadep: 
	instructions:

SET IRMethod, name = source_view_is_one_of instanceMethod = true
BB 1
	outgoing: 5 2 
	datadep: 
	instructions:
BB 2
	outgoing: 3 4 
	datadep: 
	instructions:
		 0: def_%self 
		 1: def_%v_0 
		 2: COPY TYPE_CurrentScope def_%current_scope 
		 3: COPY TYPE_ScopeModule def_%current_module 
		 4: 
		 5: RECEIVEARG def_s 
		 6: 
		 7: %self->params def_%v_3 %self[2.0,] 	 SYMBOL:	 ARGS:
		 8: %v_3->[] def_%v_4 %v_3[2.7,] 	 SYMBOL:_source_view,	 ARGS:Symbol,
		 9: BRANCH %v_4[2.8,] 
BB 3
	outgoing: 4 
	datadep: 
	instructions:
		 0: GETFIELD %self->source_view def_%v_5 %self[2.0,] 
		 1: COPY TYPE_PASS def_%v_4 %v_5[3.0,] 
BB 4
	outgoing: 5 
	datadep: 
	instructions:
		 0: %v_4->to_sym def_%v_6 %v_4[3.1,2.8,] 	 SYMBOL:	 ARGS:
		 1: s->include? def_%v_7 s[2.5,] %v_6[4.0,] 	 SYMBOL:	 ARGS:%v_6,
		 2: RETURN %v_7[4.1,] %self[2.0,] 
BB 5
	outgoing: 
	datadep: 
	instructions:

