SET IRMethod, name = update instanceMethod = true
BB 1
	outgoing: 9 2 
	datadep: 
	instructions:
BB 2
	outgoing: 3 4 
	datadep: 
	instructions:
		 0: def_%self 
		 1: def_%v_0 
		 2: COPY TYPE_CurrentScope def_%current_scope 
		 3: COPY TYPE_ScopeModule def_%current_module 
		 4: 
		 5: RECEIVEARG def_opts 
		 6: 
		 7: opts->[] def_%v_3 opts[2.5,] 	 SYMBOL:data,	 ARGS:Symbol,
		 8: %v_3->nil? def_%v_4 %v_3[2.7,] 	 SYMBOL:	 ARGS:
		 9: BRANCH %v_4[2.8,] 
BB 3
	outgoing: 5 
	datadep: 
	instructions:
		 0: 
		 1: (ArgumentError) def_%v_5 
		 2: COPY TYPE_StringLiteral "No data provided" def_%v_6 
		 3: %v_5->new def_%v_7 %v_5[3.1,] %v_6[3.2,] 	 SYMBOL:	 ARGS:%v_6,
		 4: %self->raise def_%v_8 %self[2.0,] %v_7[3.3,] 	 SYMBOL:	 ARGS:%v_7,
		 5: 
BB 4
	outgoing: 5 
	datadep: 
	instructions:
		 0: COPY TYPE_Nil def_%v_8 
BB 5
	outgoing: 6 7 
	datadep: 
	instructions:
		 0: 
		 1: %self->find_payment def_%v_9 %self[2.0,] opts[2.5,] 	 SYMBOL:	 ARGS:opts,
		 2: COPY TYPE_PASS def_payment %v_9[5.1,] 
		 3: 
		 4: %self->from_model def_%v_10 %self[5.1,2.0,] %v_9[5.1,] 	 SYMBOL:	 ARGS:payment,
		 5: COPY TYPE_PASS def_old_data %v_10[5.4,] 
		 6: 
		 7: opts->[] def_%v_11 opts[2.5,] 	 SYMBOL:data,	 ARGS:Symbol,
		 8: %self->update_payment! def_%v_12 %self[5.1,5.4,2.0,] payment[5.2,] %v_11[5.7,] 	 SYMBOL:	 ARGS:payment,%v_11,
		 9: COPY TYPE_PASS def_new_data %v_12[5.8,] 
		 10: 
		 11: %self->data_changed? def_%v_13 %self[5.1,5.4,5.8,2.0,] old_data[5.5,] %v_12[5.8,] 	 SYMBOL:	 ARGS:old_data,new_data,
		 12: BRANCH %v_13[5.11,] 
BB 6
	outgoing: 9 
	datadep: 
	instructions:
		 0: COPY TYPE_PASS def_%v_14 new_data[5.9,] 
		 1: RETURN %v_14[6.0,] %self[2.0,] 
BB 7
	outgoing: 9 
	datadep: 
	instructions:
		 0: RETURN %self[2.0,] 
BB 9
	outgoing: 
	datadep: 
	instructions:

SET IRMethod, name = create instanceMethod = true
BB 1
	outgoing: 14 2 
	datadep: 
	instructions:
BB 2
	outgoing: 4 
	datadep: 
	instructions:
		 0: def_%self 
		 1: def_%v_0 
		 2: COPY TYPE_CurrentScope def_%current_scope 
		 3: COPY TYPE_ScopeModule def_%current_module 
		 4: 
		 5: RECEIVEARG def_community_id 
		 6: RECEIVEARG def_transaction_id 
		 7: RECEIVEARG def_order 
		 8: 
		 9: GLOBALVAR $! def_%v_3 
BB 4
	outgoing: 5 6 
	datadep: 
	instructions:
		 0: 
		 1: 
		 2: (PaypalPaymentModel) def_%v_6 
		 3: HASH-community_id-transaction_id- def_%v_7 community_id[2.5,] transaction_id[2.6,] 
		 4: order->merge def_%v_8 order[2.7,] %v_7[4.3,] 	 SYMBOL:	 ARGS:%v_7,
		 5: %self->initial def_%v_9 %self[2.0,] %v_8[4.4,] 	 SYMBOL:	 ARGS:%v_8,
		 6: %v_6->create! def_%v_10 %v_6[4.2,] %v_9[4.5,] 	 SYMBOL:	 ARGS:%v_9,
		 7: COPY TYPE_PASS def_model %v_10[4.6,] 
		 8: 
		 9: %self->from_model def_%v_11 %self[4.5,2.0,] %v_10[4.6,] 	 SYMBOL:	 ARGS:model,
		 10: COPY TYPE_PASS def_%v_5 %v_11[4.9,] 
		 11: %v_3[2.9,] 
BB 5
	outgoing: 13 
	datadep: 
	instructions:
		 0: 
BB 6
	outgoing: 7 8 12 
	datadep: 
	instructions:
		 0: def_%v_12 
		 1: (ActiveRecord) def_%v_13 
		 2: (inherit RecordNotUnique) def_%v_14 %v_13[6.1,] 
		 3: %v_14[6.2,] 
BB 7
	outgoing: 8 12 
	datadep: 
	instructions:
		 0: %v_13->const_missing def_%v_14 %v_13[6.1,] 	 SYMBOL:RecordNotUnique,	 ARGS:Symbol,
BB 8
	outgoing: 9 10 12 
	datadep: 
	instructions:
		 0: def_%v_15 %v_14[7.0,6.2,] %v_12[6.0,] 
		 1: BRANCH %v_15[8.0,] 
BB 9
	outgoing: 12 14 
	datadep: 
	instructions:
		 0: %v_12[6.0,] 
BB 10
	outgoing: 11 12 
	datadep: 
	instructions:
		 0: GLOBALVAR $! def_%v_16 
		 1: COPY TYPE_PASS def_rnu %v_16[10.0,] 
		 2: 
		 3: %self->get def_%v_17 %self[2.0,] community_id[2.5,] transaction_id[2.6,] 	 SYMBOL:	 ARGS:community_id,transaction_id,
		 4: COPY TYPE_PASS def_%v_5 %v_17[10.3,] 
		 5: %v_3[2.9,] 
BB 11
	outgoing: 13 
	datadep: 
	instructions:
		 0: 
BB 12
	outgoing: 14 
	datadep: 
	instructions:
		 0: def_%v_18 
		 1: def_%v_19 %v_18[12.0,] %v_3[2.9,] 
		 2: %v_18[12.0,] 
BB 13
	outgoing: 14 
	datadep: 
	instructions:
		 0: RETURN %v_5[4.10,10.4,] %self[2.0,] 
BB 14
	outgoing: 
	datadep: 
	instructions:

SET IRMethod, name = get instanceMethod = true
BB 1
	outgoing: 3 2 
	datadep: 
	instructions:
BB 2
	outgoing: 3 
	datadep: 
	instructions:
		 0: def_%self 
		 1: def_%v_0 
		 2: COPY TYPE_CurrentScope def_%current_scope 
		 3: COPY TYPE_ScopeModule def_%current_module 
		 4: 
		 5: RECEIVEARG def_community_id 
		 6: RECEIVEARG def_transaction_id 
		 7: 
		 8: (PaypalPaymentModel) def_%v_3 
		 9: HASH-community_id-transaction_id- def_%v_4 community_id[2.5,] transaction_id[2.6,] 
		 10: %v_3->where def_%v_5 %v_3[2.8,] %v_4[2.9,] 	 SYMBOL:	 ARGS:%v_4,
		 11: %v_5->first def_%v_6 %v_5[2.10,] 	 SYMBOL:	 ARGS:
		 12: %self->Maybe def_%v_7 %self[2.0,] %v_6[2.11,] 	 SYMBOL:	 ARGS:%v_6,
		 13: %v_7->map def_%v_8 %v_7[2.12,] %self[2.0,2.12,] 	 SYMBOL:	 ARGS:%v_7,
CLOSURE BEGIN: %self[2.0,2.12,] model[] 
BB 1
	outgoing: 6 2 
	datadep: 
	instructions:
BB 2
	outgoing: 3 
	datadep: 
	instructions:
		 0: def_%self 
		 1: def_%cl_1_0 
		 2: RECEIVEARG def_model 
		 3: COPY TYPE_CurrentScope def_%current_scope 
		 4: COPY TYPE_ScopeModule def_%current_module 
BB 3
	outgoing: 4 6 
	datadep: 
	instructions:
		 0: 
		 1: %self->from_model def_%cl_1_3 %self[2.0,] model[2.2,] 	 SYMBOL:	 ARGS:model,
		 2: RETURN %cl_1_3[3.1,] %self[3.1,2.0,] 
BB 4
	outgoing: 6 
	datadep: 
	instructions:
		 0: def_%cl_1_4 
		 1: def_%cl_1_5 %cl_1_4[4.0,] 
		 2: RETURN %cl_1_5[4.1,] %self[2.0,] 
BB 6
	outgoing: 
	datadep: 
	instructions:
CLOSURE END: 
		 14: %v_8->or_else def_%v_9 %v_8[2.13,] 	 SYMBOL:	 ARGS:Nil,
		 15: RETURN %v_9[2.14,] %self[2.0,2.12,] 
BB 3
	outgoing: 
	datadep: 
	instructions:

SET IRMethod, name = from_model instanceMethod = true
BB 1
	outgoing: 3 2 
	datadep: 
	instructions:
BB 2
	outgoing: 3 
	datadep: 
	instructions:
		 0: def_%self 
		 1: def_%v_0 
		 2: COPY TYPE_CurrentScope def_%current_scope 
		 3: COPY TYPE_ScopeModule def_%current_module 
		 4: 
		 5: RECEIVEARG def_paypal_payment 
		 6: 
		 7: (HashUtils) def_%v_3 
		 8: (EntityUtils) def_%v_4 
		 9: %v_4->model_to_hash def_%v_5 %v_4[2.8,] paypal_payment[2.5,] 	 SYMBOL:	 ARGS:paypal_payment,
		 10: paypal_payment->order_total def_%v_6 paypal_payment[2.5,] 	 SYMBOL:	 ARGS:
		 11: paypal_payment->authorization_total def_%v_7 paypal_payment[2.5,2.10,] 	 SYMBOL:	 ARGS:
		 12: paypal_payment->fee_total def_%v_8 paypal_payment[2.5,2.10,2.11,] 	 SYMBOL:	 ARGS:
		 13: paypal_payment->payment_total def_%v_9 paypal_payment[2.5,2.10,2.11,2.12,] 	 SYMBOL:	 ARGS:
		 14: paypal_payment->[] def_%v_10 paypal_payment[2.5,2.10,2.11,2.12,2.13,] 	 SYMBOL:payment_status,	 ARGS:Symbol,
		 15: %v_10->to_sym def_%v_11 %v_10[2.14,] 	 SYMBOL:	 ARGS:
		 16: paypal_payment->commission_total def_%v_12 paypal_payment[2.5,2.10,2.11,2.12,2.13,2.14,] 	 SYMBOL:	 ARGS:
		 17: paypal_payment->commission_fee_total def_%v_13 paypal_payment[2.5,2.10,2.11,2.12,2.13,2.14,2.16,] 	 SYMBOL:	 ARGS:
		 18: paypal_payment->[] def_%v_14 paypal_payment[2.5,2.10,2.11,2.12,2.13,2.14,2.16,2.17,] 	 SYMBOL:commission_status,	 ARGS:Symbol,
		 19: %v_14->to_sym def_%v_15 %v_14[2.18,] 	 SYMBOL:	 ARGS:
		 20: HASH-order_total-authorization_total-fee_total-payment_total-payment_status-commission_total-commission_fee_total-commission_status- def_%v_16 %v_6[2.10,] %v_7[2.11,] %v_8[2.12,] %v_9[2.13,] %v_11[2.15,] %v_12[2.16,] %v_13[2.17,] %v_15[2.19,] 
		 21: %v_5->merge def_%v_17 %v_5[2.9,] %v_16[2.20,] 	 SYMBOL:	 ARGS:%v_16,
		 22: %v_3->compact def_%v_18 %v_3[2.7,] %v_17[2.21,] 	 SYMBOL:	 ARGS:%v_17,
		 23: COPY TYPE_PASS def_hash %v_18[2.22,] 
		 24: 
		 25: (PaypalPayment) def_%v_19 
		 26: %v_19->call def_%v_20 %v_19[2.25,] %v_18[2.22,] 	 SYMBOL:	 ARGS:hash,
		 27: RETURN %v_20[2.26,] %self[2.0,] 
BB 3
	outgoing: 
	datadep: 
	instructions:

SET IRMethod, name = find_payment instanceMethod = true
BB 1
	outgoing: 3 2 
	datadep: 
	instructions:
BB 2
	outgoing: 3 
	datadep: 
	instructions:
		 0: def_%self 
		 1: def_%v_0 
		 2: COPY TYPE_CurrentScope def_%current_scope 
		 3: COPY TYPE_ScopeModule def_%current_module 
		 4: 
		 5: RECEIVEARG def_opts 
		 6: 
		 7: (PaypalPaymentModel) def_%v_3 
		 8: COPY TYPE_StringLiteral "(community_id = ? and transaction_id = ?) or authorization_id = ? or order_id = ?" def_%v_4 
		 9: opts->[] def_%v_5 opts[2.5,] 	 SYMBOL:community_id,	 ARGS:Symbol,
		 10: opts->[] def_%v_6 opts[2.5,2.9,] 	 SYMBOL:transaction_id,	 ARGS:Symbol,
		 11: opts->[] def_%v_7 opts[2.5,2.9,2.10,] 	 SYMBOL:authorization_id,	 ARGS:Symbol,
		 12: opts->[] def_%v_8 opts[2.5,2.9,2.10,2.11,] 	 SYMBOL:order_id,	 ARGS:Symbol,
		 13: %v_3->where def_%v_9 %v_3[2.7,] %v_4[2.8,] %v_5[2.9,] %v_6[2.10,] %v_7[2.11,] %v_8[2.12,] 	 SYMBOL:	 ARGS:%v_4,%v_5,%v_6,%v_7,%v_8,
		 14: %v_9->first def_%v_10 %v_9[2.13,] 	 SYMBOL:	 ARGS:
		 15: RETURN %v_10[2.14,] %self[2.0,] 
BB 3
	outgoing: 
	datadep: 
	instructions:

SET IRMethod, name = data_changed? instanceMethod = true
BB 1
	outgoing: 3 2 
	datadep: 
	instructions:
BB 2
	outgoing: 3 
	datadep: 
	instructions:
		 0: def_%self 
		 1: def_%v_0 
		 2: COPY TYPE_CurrentScope def_%current_scope 
		 3: COPY TYPE_ScopeModule def_%current_module 
		 4: 
		 5: RECEIVEARG def_old_data 
		 6: RECEIVEARG def_new_data 
		 7: 
		 8: old_data->!= def_%v_3 old_data[2.5,] new_data[2.6,] 	 SYMBOL:	 ARGS:new_data,
		 9: RETURN %v_3[2.8,] %self[2.0,] 
BB 3
	outgoing: 
	datadep: 
	instructions:

SET IRMethod, name = initial instanceMethod = true
BB 1
	outgoing: 6 2 
	datadep: 
	instructions:
BB 2
	outgoing: 3 4 
	datadep: 
	instructions:
		 0: def_%self 
		 1: def_%v_0 
		 2: COPY TYPE_CurrentScope def_%current_scope 
		 3: COPY TYPE_ScopeModule def_%current_module 
		 4: 
		 5: RECEIVEARG def_order 
		 6: 
		 7: order->[] def_%v_3 order[2.5,] 	 SYMBOL:order_total,	 ARGS:Symbol,
		 8: COPY TYPE_PASS def_order_total %v_3[2.7,] 
		 9: 
		 10: order->[] def_%v_4 order[2.5,2.7,] 	 SYMBOL:authorization_total,	 ARGS:Symbol,
		 11: COPY TYPE_PASS def_authorization_total %v_4[2.10,] 
		 12: 
		 13: 
		 14: BRANCH %v_4[2.10,] 
BB 3
	outgoing: 5 
	datadep: 
	instructions:
		 0: 
		 1: authorization_total->cents def_%v_5 authorization_total[2.11,] 	 SYMBOL:	 ARGS:
		 2: authorization_total->currency def_%v_6 authorization_total[3.1,2.11,] 	 SYMBOL:	 ARGS:
		 3: %v_6->iso_code def_%v_7 %v_6[3.2,] 	 SYMBOL:	 ARGS:
		 4: HASH-authorization_total_cents-currency- def_%v_8 %v_5[3.1,] %v_7[3.3,] 
		 5: 
BB 4
	outgoing: 5 
	datadep: 
	instructions:
		 0: 
		 1: order_total->cents def_%v_9 order_total[2.8,] 	 SYMBOL:	 ARGS:
		 2: order_total->currency def_%v_10 order_total[4.1,2.8,] 	 SYMBOL:	 ARGS:
		 3: %v_10->iso_code def_%v_11 %v_10[4.2,] 	 SYMBOL:	 ARGS:
		 4: HASH-order_total_cents-currency- def_%v_12 %v_9[4.1,] %v_11[4.3,] 
		 5: COPY TYPE_PASS def_%v_8 %v_12[4.4,] 
BB 5
	outgoing: 6 
	datadep: 
	instructions:
		 0: COPY TYPE_PASS def_total %v_8[4.5,3.4,] 
		 1: 
		 2: (InitialPaymentData) def_%v_13 
		 3: order->merge def_%v_14 order[2.5,] %v_8[4.5,3.4,] 	 SYMBOL:	 ARGS:total,
		 4: %v_13->call def_%v_15 %v_13[5.2,] %v_14[5.3,] 	 SYMBOL:	 ARGS:%v_14,
		 5: RETURN %v_15[5.4,] %self[2.0,] 
BB 6
	outgoing: 
	datadep: 
	instructions:

SET IRMethod, name = create_payment_update instanceMethod = true
BB 1
	outgoing: 18 2 
	datadep: 
	instructions:
BB 2
	outgoing: 3 4 
	datadep: 
	instructions:
		 0: def_%self 
		 1: def_%v_0 
		 2: COPY TYPE_CurrentScope def_%current_scope 
		 3: COPY TYPE_ScopeModule def_%current_module 
		 4: 
		 5: RECEIVEARG def_update 
		 6: RECEIVEARG def_current_state 
		 7: 
		 8: COPY TYPE_Array def_%v_3 
		 9: HASH- def_%v_4 
		 10: %v_3->reduce def_%v_5 %v_3[2.8,] %v_4[2.9,] %self[2.0,] 	 SYMBOL:	 ARGS:%v_4,%v_3,
CLOSURE BEGIN: update[2.5,] m_key[] m[] cent_totals[] 
BB 1
	outgoing: 9 2 
	datadep: 
	instructions:
BB 2
	outgoing: 3 
	datadep: 
	instructions:
		 0: def_%self 
		 1: def_%cl_1_0 
		 2: RECEIVEARG def_cent_totals 
		 3: RECEIVEARG def_m_key 
		 4: COPY TYPE_CurrentScope def_%current_scope 
		 5: COPY TYPE_ScopeModule def_%current_module 
BB 3
	outgoing: 4 5 7 
	datadep: 
	instructions:
		 0: 
		 1: update->[] def_%cl_1_3 update[] m_key[2.3,] 	 SYMBOL:	 ARGS:m_key,
		 2: COPY TYPE_PASS def_m %cl_1_3[3.1,] 
		 3: 
		 4: %cl_1_3->nil? def_%cl_1_4 %cl_1_3[3.1,] 	 SYMBOL:	 ARGS:
		 5: BRANCH %cl_1_4[3.4,] 
BB 4
	outgoing: 6 
	datadep: 
	instructions:
		 0: COPY TYPE_Nil def_%cl_1_5 
		 1: 
BB 5
	outgoing: 6 7 
	datadep: 
	instructions:
		 0: COPY TYPE_StringLiteral "_cents" def_%cl_1_6 
		 1: BUILDSTRING def_%cl_1_7 m_key[2.3,] %cl_1_6[5.0,] 
		 2: %cl_1_7->to_sym def_%cl_1_8 %cl_1_7[5.1,] 	 SYMBOL:	 ARGS:
		 3: m->cents def_%cl_1_9 m[3.2,] 	 SYMBOL:	 ARGS:
		 4: ATTRASSIGN cent_totals->[] %cl_1_8[5.2,] %cl_1_9[5.3,] 
		 5: COPY TYPE_PASS def_%cl_1_5 %cl_1_9[5.3,] 
BB 6
	outgoing: 9 
	datadep: 
	instructions:
		 0: 
		 1: RETURN cent_totals[5.4,2.2,] %self[2.0,] 
BB 7
	outgoing: 9 
	datadep: 
	instructions:
		 0: def_%cl_1_10 
		 1: def_%cl_1_11 %cl_1_10[7.0,] 
		 2: RETURN %cl_1_11[7.1,] %self[2.0,] 
BB 9
	outgoing: 
	datadep: 
	instructions:
CLOSURE END: m_key[2.3,] m[3.2,] 
		 11: COPY TYPE_PASS def_cent_totals %v_5[2.10,] 
		 12: 
		 13: HASH- def_%v_6 
		 14: COPY TYPE_PASS def_payment_update %v_6[2.13,] 
		 15: 
		 16: update->[] def_%v_7 update[2.5,] 	 SYMBOL:payment_status,	 ARGS:Symbol,
		 17: BRANCH %v_7[2.16,] 
BB 3
	outgoing: 5 
	datadep: 
	instructions:
		 0: update->[] def_%v_8 update[2.5,] 	 SYMBOL:payment_status,	 ARGS:Symbol,
		 1: %self->transform_status def_%v_9 %self[2.0,] %v_8[3.0,] 	 SYMBOL:	 ARGS:%v_8,
		 2: COPY TYPE_PASS def_new_status %v_9[3.1,] 
		 3: 
BB 4
	outgoing: 5 
	datadep: 
	instructions:
		 0: COPY TYPE_Nil def_%v_9 
BB 5
	outgoing: 6 7 
	datadep: 
	instructions:
		 0: 
		 1: update->[] def_%v_10 update[2.5,] 	 SYMBOL:pending_reason,	 ARGS:Symbol,
		 2: %self->transform_pending_reason def_%v_11 %self[2.0,] %v_10[5.1,] 	 SYMBOL:	 ARGS:%v_10,
		 3: COPY TYPE_PASS def_new_pending_reason %v_11[5.2,] 
		 4: 
		 5: BRANCH new_status[3.2,] 
BB 6
	outgoing: 8 
	datadep: 
	instructions:
		 0: %self->to_state def_%v_12 %self[2.0,] new_status[3.2,] new_pending_reason[5.3,] 	 SYMBOL:	 ARGS:new_status,new_pending_reason,
		 1: COPY TYPE_PASS def_new_state %v_12[6.0,] 
		 2: 
BB 7
	outgoing: 8 
	datadep: 
	instructions:
		 0: COPY TYPE_Nil def_%v_12 
BB 8
	outgoing: 9 10 
	datadep: 
	instructions:
		 0: 
		 1: COPY TYPE_PASS def_%v_13 new_state[6.1,] 
		 2: BRANCH new_state[6.1,] 
BB 9
	outgoing: 10 
	datadep: 
	instructions:
		 0: %self->valid_transition? def_%v_14 %self[2.0,] current_state[2.6,] new_state[6.1,] 	 SYMBOL:	 ARGS:current_state,new_state,
		 1: COPY TYPE_PASS def_%v_13 %v_14[9.0,] 
BB 10
	outgoing: 11 12 
	datadep: 
	instructions:
		 0: BRANCH %v_13[9.1,8.1,] 
BB 11
	outgoing: 13 
	datadep: 
	instructions:
		 0: 
		 1: ATTRASSIGN payment_update->[] new_status[3.2,] 
		 2: 
		 3: ATTRASSIGN payment_update->[] new_pending_reason[5.3,] 
		 4: COPY TYPE_PASS def_%v_15 new_pending_reason[5.3,] 
		 5: 
BB 12
	outgoing: 13 
	datadep: 
	instructions:
		 0: COPY TYPE_Nil def_%v_15 
BB 13
	outgoing: 14 15 
	datadep: 
	instructions:
		 0: 
		 1: update->[] def_%v_16 update[2.5,] 	 SYMBOL:commission_status,	 ARGS:Symbol,
		 2: BRANCH %v_16[13.1,] 
BB 14
	outgoing: 16 
	datadep: 
	instructions:
		 0: update->[] def_%v_17 update[2.5,] 	 SYMBOL:commission_status,	 ARGS:Symbol,
		 1: %self->transform_status def_%v_18 %self[2.0,] %v_17[14.0,] 	 SYMBOL:	 ARGS:%v_17,
		 2: ATTRASSIGN payment_update->[] %v_18[14.1,] 
		 3: 
BB 15
	outgoing: 16 
	datadep: 
	instructions:
		 0: COPY TYPE_Nil def_%v_18 
BB 16
	outgoing: 18 
	datadep: 
	instructions:
		 0: 
		 1: (HashUtils) def_%v_19 
		 2: COPY TYPE_Array def_%v_20 update[2.5,] 
		 3: (OPT_UPDATE_FIELDS) def_%v_21 
		 4: def_%v_22 %v_20[16.2,] %v_21[16.3,] 
		 5: %v_19->sub def_%v_23 %v_19[16.1,] %v_22[16.4,] 	 SYMBOL:	 ARGS:Splat,
		 6: %v_23->merge def_%v_24 %v_23[16.5,] cent_totals[2.10,2.11,] 	 SYMBOL:	 ARGS:cent_totals,
		 7: %v_24->merge def_%v_25 %v_24[16.6,] payment_update[14.2,11.1,11.3,2.14,] 	 SYMBOL:	 ARGS:payment_update,
		 8: COPY TYPE_PASS def_payment_update %v_25[16.7,] 
		 9: 
		 10: RETURN %v_25[16.7,] %self[2.0,] 
BB 18
	outgoing: 
	datadep: 
	instructions:

SET IRMethod, name = transform_status instanceMethod = true
BB 1
	outgoing: 6 2 
	datadep: 
	instructions:
BB 2
	outgoing: 3 4 
	datadep: 
	instructions:
		 0: def_%self 
		 1: def_%v_0 
		 2: COPY TYPE_CurrentScope def_%current_scope 
		 3: COPY TYPE_ScopeModule def_%current_module 
		 4: 
		 5: RECEIVEARG def_status 
		 6: 
		 7: (Symbol) def_%v_3 
		 8: status->is_a? def_%v_4 status[2.5,] %v_3[2.7,] 	 SYMBOL:	 ARGS:%v_3,
		 9: BRANCH %v_4[2.8,] 
BB 3
	outgoing: 6 
	datadep: 
	instructions:
		 0: COPY TYPE_PASS def_%v_5 status[2.5,] 
		 1: RETURN %v_5[3.0,] %self[2.0,] 
BB 4
	outgoing: 6 
	datadep: 
	instructions:
		 0: status->downcase def_%v_6 status[2.5,] 	 SYMBOL:	 ARGS:
		 1: %v_6->to_sym def_%v_7 %v_6[4.0,] 	 SYMBOL:	 ARGS:
		 2: RETURN %v_7[4.1,] %self[2.0,] 
BB 6
	outgoing: 
	datadep: 
	instructions:

SET IRMethod, name = transform_pending_reason instanceMethod = true
BB 1
	outgoing: 12 2 
	datadep: 
	instructions:
BB 2
	outgoing: 3 4 
	datadep: 
	instructions:
		 0: def_%self 
		 1: def_%v_0 
		 2: COPY TYPE_CurrentScope def_%current_scope 
		 3: COPY TYPE_ScopeModule def_%current_module 
		 4: 
		 5: RECEIVEARG def_reason 
		 6: 
		 7: reason->nil? def_%v_3 reason[2.5,] 	 SYMBOL:	 ARGS:
		 8: BRANCH %v_3[2.7,] 
BB 3
	outgoing: 12 
	datadep: 
	instructions:
		 0: 
		 1: COPY TYPE_Symbol def_%v_4 
		 2: RETURN %self[2.0,] 
BB 4
	outgoing: 5 6 
	datadep: 
	instructions:
		 0: 
		 1: (Symbol) def_%v_5 
		 2: reason->is_a? def_%v_6 reason[2.5,] %v_5[4.1,] 	 SYMBOL:	 ARGS:%v_5,
		 3: BRANCH %v_6[4.2,] 
BB 5
	outgoing: 10 
	datadep: 
	instructions:
		 0: 
		 1: COPY TYPE_PASS def_%v_7 reason[2.5,] 
		 2: 
BB 6
	outgoing: 7 8 
	datadep: 
	instructions:
		 0: 
		 1: COPY TYPE_StringLiteral "payment-review" def_%v_8 
		 2: reason->== def_%v_9 reason[2.5,] %v_8[6.1,] 	 SYMBOL:	 ARGS:%v_8,
		 3: BRANCH %v_9[6.2,] 
BB 7
	outgoing: 9 
	datadep: 
	instructions:
		 0: 
		 1: reason->downcase def_%v_10 reason[2.5,] 	 SYMBOL:	 ARGS:
		 2: %v_10->to_sym def_%v_11 %v_10[7.1,] 	 SYMBOL:	 ARGS:
		 3: 
BB 8
	outgoing: 9 
	datadep: 
	instructions:
		 0: 
		 1: reason->downcase def_%v_12 reason[2.5,] 	 SYMBOL:	 ARGS:
		 2: COPY TYPE_Regexp def_%v_13 
		 3: COPY TYPE_StringLiteral "" def_%v_14 
		 4: %v_12->gsub def_%v_15 %v_12[8.1,] %v_14[8.3,] 	 SYMBOL:	 ARGS:%v_13,%v_14,
		 5: %v_15->to_sym def_%v_16 %v_15[8.4,] 	 SYMBOL:	 ARGS:
		 6: COPY TYPE_PASS def_%v_11 %v_16[8.5,] 
BB 9
	outgoing: 10 
	datadep: 
	instructions:
		 0: COPY TYPE_PASS def_%v_7 %v_11[8.6,7.2,] 
BB 10
	outgoing: 12 
	datadep: 
	instructions:
		 0: RETURN %v_7[9.0,5.1,] %self[2.0,] 
BB 12
	outgoing: 
	datadep: 
	instructions:

SET IRMethod, name = update_payment! instanceMethod = true
BB 1
	outgoing: 6 2 
	datadep: 
	instructions:
BB 2
	outgoing: 3 4 
	datadep: 
	instructions:
		 0: def_%self 
		 1: def_%v_0 
		 2: COPY TYPE_CurrentScope def_%current_scope 
		 3: COPY TYPE_ScopeModule def_%current_module 
		 4: 
		 5: RECEIVEARG def_payment 
		 6: RECEIVEARG def_data 
		 7: 
		 8: payment->payment_status def_%v_3 payment[2.5,] 	 SYMBOL:	 ARGS:
		 9: %v_3->to_sym def_%v_4 %v_3[2.8,] 	 SYMBOL:	 ARGS:
		 10: payment->pending_reason def_%v_5 payment[2.5,2.8,] 	 SYMBOL:	 ARGS:
		 11: %v_5->to_sym def_%v_6 %v_5[2.10,] 	 SYMBOL:	 ARGS:
		 12: %self->to_state def_%v_7 %self[2.0,] %v_4[2.9,] %v_6[2.11,] 	 SYMBOL:	 ARGS:%v_4,%v_6,
		 13: COPY TYPE_PASS def_current_state %v_7[2.12,] 
		 14: 
		 15: %self->create_payment_update def_%v_8 %self[2.0,2.12,] data[2.6,] %v_7[2.12,] 	 SYMBOL:	 ARGS:data,current_state,
		 16: COPY TYPE_PASS def_payment_update %v_8[2.15,] 
		 17: 
		 18: payment->nil? def_%v_9 payment[2.5,2.8,2.10,] 	 SYMBOL:	 ARGS:
		 19: BRANCH %v_9[2.18,] 
BB 3
	outgoing: 5 
	datadep: 
	instructions:
		 0: 
		 1: (ArgumentError) def_%v_10 
		 2: COPY TYPE_StringLiteral "No matching payment to update." def_%v_11 
		 3: %v_10->new def_%v_12 %v_10[3.1,] %v_11[3.2,] 	 SYMBOL:	 ARGS:%v_11,
		 4: %self->raise def_%v_13 %self[2.0,] %v_12[3.3,] 	 SYMBOL:	 ARGS:%v_12,
		 5: 
BB 4
	outgoing: 5 
	datadep: 
	instructions:
		 0: COPY TYPE_Nil def_%v_13 
BB 5
	outgoing: 6 
	datadep: 
	instructions:
		 0: 
		 1: payment->update_attributes! def_%v_14 payment[2.5,] payment_update[2.16,] 	 SYMBOL:	 ARGS:payment_update,
		 2: 
		 3: payment->reload def_%v_15 payment[5.1,2.5,] 	 SYMBOL:	 ARGS:
		 4: %self->from_model def_%v_16 %self[2.0,] %v_15[5.3,] 	 SYMBOL:	 ARGS:%v_15,
		 5: RETURN %v_16[5.4,] %self[5.4,2.0,] 
BB 6
	outgoing: 
	datadep: 
	instructions:

SET IRMethod, name = valid_transition? instanceMethod = true
BB 1
	outgoing: 3 2 
	datadep: 
	instructions:
BB 2
	outgoing: 3 
	datadep: 
	instructions:
		 0: def_%self 
		 1: def_%v_0 
		 2: COPY TYPE_CurrentScope def_%current_scope 
		 3: COPY TYPE_ScopeModule def_%current_module 
		 4: 
		 5: RECEIVEARG def_current_state 
		 6: RECEIVEARG def_new_state 
		 7: 
		 8: (STATE_HIERARCHY) def_%v_3 
		 9: %v_3->[] def_%v_4 %v_3[2.8,] current_state[2.5,] 	 SYMBOL:	 ARGS:current_state,
		 10: (STATE_HIERARCHY) def_%v_5 
		 11: %v_5->[] def_%v_6 %v_5[2.10,] new_state[2.6,] 	 SYMBOL:	 ARGS:new_state,
		 12: %v_4->< def_%v_7 %v_4[2.9,] %v_6[2.11,] 	 SYMBOL:	 ARGS:%v_6,
		 13: RETURN %v_7[2.12,] %self[2.0,] 
BB 3
	outgoing: 
	datadep: 
	instructions:

SET IRMethod, name = to_state instanceMethod = true
BB 1
	outgoing: 6 2 
	datadep: 
	instructions:
BB 2
	outgoing: 3 4 
	datadep: 
	instructions:
		 0: def_%self 
		 1: def_%v_0 
		 2: COPY TYPE_CurrentScope def_%current_scope 
		 3: COPY TYPE_ScopeModule def_%current_module 
		 4: 
		 5: RECEIVEARG def_status 
		 6: RECEIVEARG def_reason 
		 7: 
		 8: (STATES) def_%v_3 
		 9: %v_3->find def_%v_4 %v_3[2.8,] %self[2.0,] 	 SYMBOL:	 ARGS:%v_3,
CLOSURE BEGIN: %self[2.0,] reason[2.6,] status[2.5,] arr[] 
BB 1
	outgoing: 6 2 
	datadep: 
	instructions:
BB 2
	outgoing: 3 
	datadep: 
	instructions:
		 0: def_%self 
		 1: def_%cl_1_0 
		 2: RECEIVEARG def__ 
		 3: RECEIVEARG def_arr 
		 4: COPY TYPE_CurrentScope def_%current_scope 
		 5: COPY TYPE_ScopeModule def_%current_module 
BB 3
	outgoing: 4 6 
	datadep: 
	instructions:
		 0: 
		 1: %self->pending_ext_or_internal def_%cl_1_3 %self[2.0,] reason[] 	 SYMBOL:	 ARGS:reason,
		 2: COPY TYPE_Array def_%cl_1_4 status[] %cl_1_3[3.1,] 
		 3: arr->== def_%cl_1_5 arr[2.3,] %cl_1_4[3.2,] 	 SYMBOL:	 ARGS:%cl_1_4,
		 4: RETURN %cl_1_5[3.3,] %self[3.1,2.0,] 
BB 4
	outgoing: 6 
	datadep: 
	instructions:
		 0: def_%cl_1_6 
		 1: def_%cl_1_7 %cl_1_6[4.0,] 
		 2: RETURN %cl_1_7[4.1,] %self[2.0,] 
BB 6
	outgoing: 
	datadep: 
	instructions:
CLOSURE END: arr[2.3,] 
		 10: COPY TYPE_PASS def_state %v_4[2.9,] 
		 11: 
		 12: %v_4->nil? def_%v_5 %v_4[2.9,] 	 SYMBOL:	 ARGS:
		 13: BRANCH %v_5[2.12,] 
BB 3
	outgoing: 6 
	datadep: 
	instructions:
		 0: 
		 1: (ArgumentError) def_%v_6 
		 2: COPY TYPE_StringLiteral "No matching state for status: " def_%v_7 
		 3: COPY TYPE_StringLiteral " and reason: " def_%v_8 
		 4: COPY TYPE_StringLiteral "." def_%v_9 
		 5: BUILDSTRING def_%v_10 %v_7[3.2,] status[2.5,] %v_8[3.3,] reason[2.6,] %v_9[3.4,] 
		 6: %v_6->new def_%v_11 %v_6[3.1,] %v_10[3.5,] 	 SYMBOL:	 ARGS:%v_10,
		 7: %self->raise def_%v_12 %self[2.0,] %v_11[3.6,] 	 SYMBOL:	 ARGS:%v_11,
		 8: RETURN %v_12[3.7,] %self[3.7,2.0,] 
BB 4
	outgoing: 6 
	datadep: 
	instructions:
		 0: 
		 1: state->first def_%v_13 state[2.10,] 	 SYMBOL:	 ARGS:
		 2: RETURN %v_13[4.1,] %self[2.0,] 
BB 6
	outgoing: 
	datadep: 
	instructions:

SET IRMethod, name = pending_ext_or_internal instanceMethod = true
BB 1
	outgoing: 6 2 
	datadep: 
	instructions:
BB 2
	outgoing: 3 4 
	datadep: 
	instructions:
		 0: def_%self 
		 1: def_%v_0 
		 2: COPY TYPE_CurrentScope def_%current_scope 
		 3: COPY TYPE_ScopeModule def_%current_module 
		 4: 
		 5: RECEIVEARG def_reason 
		 6: 
		 7: (INTERNAL_REASONS) def_%v_3 
		 8: %v_3->include? def_%v_4 %v_3[2.7,] reason[2.5,] 	 SYMBOL:	 ARGS:reason,
		 9: BRANCH %v_4[2.8,] 
BB 3
	outgoing: 6 
	datadep: 
	instructions:
		 0: COPY TYPE_PASS def_%v_5 reason[2.5,] 
		 1: RETURN %v_5[3.0,] %self[2.0,] 
BB 4
	outgoing: 6 
	datadep: 
	instructions:
		 0: RETURN %self[2.0,] 
BB 6
	outgoing: 
	datadep: 
	instructions:

SET IRMethod, name = for_transaction instanceMethod = true
BB 1
	outgoing: 3 2 
	datadep: 
	instructions:
BB 2
	outgoing: 3 
	datadep: 
	instructions:
		 0: def_%self 
		 1: def_%v_0 
		 2: COPY TYPE_CurrentScope def_%current_scope 
		 3: COPY TYPE_ScopeModule def_%current_module 
		 4: 
		 5: RECEIVEARG def_transaction_id 
		 6: 
		 7: (PaypalPaymentModel) def_%v_3 
		 8: HASH-transaction_id- def_%v_4 transaction_id[2.5,] 
		 9: %v_3->where def_%v_5 %v_3[2.7,] %v_4[2.8,] 	 SYMBOL:	 ARGS:%v_4,
		 10: %v_5->first def_%v_6 %v_5[2.9,] 	 SYMBOL:	 ARGS:
		 11: %self->Maybe def_%v_7 %self[2.0,] %v_6[2.10,] 	 SYMBOL:	 ARGS:%v_6,
		 12: %v_7->map def_%v_8 %v_7[2.11,] %self[2.0,2.11,] 	 SYMBOL:	 ARGS:%v_7,
CLOSURE BEGIN: %self[2.0,2.11,] model[] 
BB 1
	outgoing: 6 2 
	datadep: 
	instructions:
BB 2
	outgoing: 3 
	datadep: 
	instructions:
		 0: def_%self 
		 1: def_%cl_1_0 
		 2: RECEIVEARG def_model 
		 3: COPY TYPE_CurrentScope def_%current_scope 
		 4: COPY TYPE_ScopeModule def_%current_module 
BB 3
	outgoing: 4 6 
	datadep: 
	instructions:
		 0: 
		 1: %self->from_model def_%cl_1_3 %self[2.0,] model[2.2,] 	 SYMBOL:	 ARGS:model,
		 2: RETURN %cl_1_3[3.1,] %self[3.1,2.0,] 
BB 4
	outgoing: 6 
	datadep: 
	instructions:
		 0: def_%cl_1_4 
		 1: def_%cl_1_5 %cl_1_4[4.0,] 
		 2: RETURN %cl_1_5[4.1,] %self[2.0,] 
BB 6
	outgoing: 
	datadep: 
	instructions:
CLOSURE END: 
		 13: %v_8->or_else def_%v_9 %v_8[2.12,] 	 SYMBOL:	 ARGS:Nil,
		 14: RETURN %v_9[2.13,] %self[2.0,2.11,] 
BB 3
	outgoing: 
	datadep: 
	instructions:

