SET IRMethod, name = state_transition_button instanceMethod = true
BB 1
	outgoing: 3 2 
	datadep: 
	instructions:
BB 2
	outgoing: 3 
	datadep: 
	instructions:
		 0: def_%self 
		 1: def_%v_0 
		 2: COPY TYPE_CurrentScope def_%current_scope 
		 3: COPY TYPE_ScopeModule def_%current_module 
		 4: 
		 5: RECEIVEARG def_story 
		 6: RECEIVEARG def_state 
		 7: 
		 8: COPY TYPE_StringLiteral "_project_story_path" def_%v_3 
		 9: BUILDSTRING def_%v_4 state[2.6,] %v_3[2.8,] 
		 10: story->project def_%v_5 story[2.5,] 	 SYMBOL:	 ARGS:
		 11: %self->send def_%v_6 %self[2.0,] %v_4[2.9,] %v_5[2.10,] story[2.5,2.10,] 	 SYMBOL:	 ARGS:%v_4,%v_5,story,
		 12: COPY TYPE_PASS def_path %v_6[2.11,] 
		 13: 
		 14: HASH-method-class- def_%v_7 state[2.6,] 
		 15: %self->button_to def_%v_8 %self[2.0,2.11,] state[2.6,] %v_6[2.11,] %v_7[2.14,] 	 SYMBOL:	 ARGS:state,path,%v_7,
		 16: RETURN %v_8[2.15,] %self[2.0,2.11,2.15,] 
BB 3
	outgoing: 
	datadep: 
	instructions:

