SET IRMethod, name = create instanceMethod = true
BB 1
	outgoing: 11 2 
	datadep: 
	instructions:
BB 2
	outgoing: 3 4 
	datadep: 
	instructions:
		 0: def_%self 
		 1: def_%v_0 
		 2: COPY TYPE_CurrentScope def_%current_scope 
		 3: COPY TYPE_ScopeModule def_%current_module 
		 4: 
		 5: def_tx 
		 6: tx[2.5,] 
BB 3
	outgoing: 4 
	datadep: 
	instructions:
		 0: 
BB 4
	outgoing: 5 6 
	datadep: 
	instructions:
		 0: def_gateway_fields 
		 1: gateway_fields[4.0,] 
BB 5
	outgoing: 6 
	datadep: 
	instructions:
		 0: 
BB 6
	outgoing: 7 8 
	datadep: 
	instructions:
		 0: def_gateway_adapter 
		 1: gateway_adapter[6.0,] 
BB 7
	outgoing: 8 
	datadep: 
	instructions:
		 0: 
BB 8
	outgoing: 9 10 
	datadep: 
	instructions:
		 0: def_prefer_async 
		 1: prefer_async[8.0,] 
BB 9
	outgoing: 10 
	datadep: 
	instructions:
		 0: 
BB 10
	outgoing: 11 
	datadep: 
	instructions:
		 0: 
		 1: (Transition) def_%v_3 
		 2: tx->[] def_%v_4 tx[2.5,] 	 SYMBOL:id,	 ARGS:Symbol,
		 3: %v_3->transition_to def_%v_5 %v_3[10.1,] %v_4[10.2,] 	 SYMBOL:initiated,	 ARGS:%v_4,Symbol,
		 4: 
		 5: (Gateway) def_%v_6 
		 6: HASH-tx-gateway_fields-prefer_async- def_%v_7 tx[10.2,2.5,] gateway_fields[4.0,] prefer_async[8.0,] 
		 7: gateway_adapter->create_payment def_%v_8 gateway_adapter[6.0,] %v_7[10.6,] 	 SYMBOL:	 ARGS:%v_7,
		 8: %v_6->unwrap_completion def_%v_9 %v_6[10.5,] %v_8[10.7,] %self[2.0,] 	 SYMBOL:	 ARGS:%v_8,%v_6,
CLOSURE BEGIN: tx[10.2,2.5,] 
BB 1
	outgoing: 6 2 
	datadep: 
	instructions:
BB 2
	outgoing: 3 
	datadep: 
	instructions:
		 0: def_%self 
		 1: def_%cl_1_0 
		 2: COPY TYPE_CurrentScope def_%current_scope 
		 3: COPY TYPE_ScopeModule def_%current_module 
BB 3
	outgoing: 4 6 
	datadep: 
	instructions:
		 0: 
		 1: (Transition) def_%cl_1_3 
		 2: tx->[] def_%cl_1_4 tx[] 	 SYMBOL:id,	 ARGS:Symbol,
		 3: %cl_1_3->transition_to def_%cl_1_5 %cl_1_3[3.1,] %cl_1_4[3.2,] 	 SYMBOL:preauthorized,	 ARGS:%cl_1_4,Symbol,
		 4: RETURN %cl_1_5[3.3,] %self[2.0,] 
BB 4
	outgoing: 6 
	datadep: 
	instructions:
		 0: def_%cl_1_6 
		 1: def_%cl_1_7 %cl_1_6[4.0,] 
		 2: RETURN %cl_1_7[4.1,] %self[2.0,] 
BB 6
	outgoing: 
	datadep: 
	instructions:
CLOSURE END: 
		 9: RETURN %v_9[10.8,] %self[2.0,] 
BB 11
	outgoing: 
	datadep: 
	instructions:

SET IRMethod, name = reject instanceMethod = true
BB 1
	outgoing: 16 2 
	datadep: 
	instructions:
BB 2
	outgoing: 3 4 
	datadep: 
	instructions:
		 0: def_%self 
		 1: def_%v_0 
		 2: COPY TYPE_CurrentScope def_%current_scope 
		 3: COPY TYPE_ScopeModule def_%current_module 
		 4: 
		 5: def_tx 
		 6: tx[2.5,] 
BB 3
	outgoing: 4 
	datadep: 
	instructions:
		 0: 
BB 4
	outgoing: 5 6 
	datadep: 
	instructions:
		 0: def_message 
		 1: message[4.0,] 
BB 5
	outgoing: 6 
	datadep: 
	instructions:
		 0: 
BB 6
	outgoing: 7 8 
	datadep: 
	instructions:
		 0: def_sender_id 
		 1: sender_id[6.0,] 
BB 7
	outgoing: 8 
	datadep: 
	instructions:
		 0: 
BB 8
	outgoing: 9 10 
	datadep: 
	instructions:
		 0: def_gateway_adapter 
		 1: gateway_adapter[8.0,] 
BB 9
	outgoing: 10 
	datadep: 
	instructions:
		 0: 
BB 10
	outgoing: 11 12 
	datadep: 
	instructions:
		 0: 
		 1: (Gateway) def_%v_3 
		 2: COPY TYPE_StringLiteral "" def_%v_4 
		 3: HASH-tx-reason- def_%v_5 tx[2.5,] %v_4[10.2,] 
		 4: gateway_adapter->reject_payment def_%v_6 gateway_adapter[8.0,] %v_5[10.3,] 	 SYMBOL:	 ARGS:%v_5,
		 5: %v_3->unwrap_completion def_%v_7 %v_3[10.1,] %v_6[10.4,] %self[2.0,] 	 SYMBOL:	 ARGS:%v_6,%v_3,
CLOSURE BEGIN: tx[2.5,] 
BB 1
	outgoing: 6 2 
	datadep: 
	instructions:
BB 2
	outgoing: 3 
	datadep: 
	instructions:
		 0: def_%self 
		 1: def_%cl_1_0 
		 2: COPY TYPE_CurrentScope def_%current_scope 
		 3: COPY TYPE_ScopeModule def_%current_module 
BB 3
	outgoing: 4 6 
	datadep: 
	instructions:
		 0: 
		 1: (Transition) def_%cl_1_3 
		 2: tx->[] def_%cl_1_4 tx[] 	 SYMBOL:id,	 ARGS:Symbol,
		 3: %cl_1_3->transition_to def_%cl_1_5 %cl_1_3[3.1,] %cl_1_4[3.2,] 	 SYMBOL:rejected,	 ARGS:%cl_1_4,Symbol,
		 4: RETURN %cl_1_5[3.3,] %self[2.0,] 
BB 4
	outgoing: 6 
	datadep: 
	instructions:
		 0: def_%cl_1_6 
		 1: def_%cl_1_7 %cl_1_6[4.0,] 
		 2: RETURN %cl_1_7[4.1,] %self[2.0,] 
BB 6
	outgoing: 
	datadep: 
	instructions:
CLOSURE END: 
		 6: COPY TYPE_PASS def_res %v_7[10.5,] 
		 7: 
		 8: %v_7->[] def_%v_8 %v_7[10.5,] 	 SYMBOL:success,	 ARGS:Symbol,
		 9: BRANCH %v_8[10.8,] 
BB 11
	outgoing: 12 
	datadep: 
	instructions:
		 0: message->present? def_%v_9 message[4.0,] 	 SYMBOL:	 ARGS:
		 1: COPY TYPE_PASS def_%v_8 %v_9[11.0,] 
BB 12
	outgoing: 13 14 
	datadep: 
	instructions:
		 0: BRANCH %v_8[11.1,10.8,] 
BB 13
	outgoing: 15 
	datadep: 
	instructions:
		 0: 
		 1: %self->send_message def_%v_10 %self[2.0,] tx[2.5,] message[4.0,] sender_id[6.0,] 	 SYMBOL:	 ARGS:tx,message,sender_id,
		 2: 
BB 14
	outgoing: 15 
	datadep: 
	instructions:
		 0: COPY TYPE_Nil def_%v_10 
BB 15
	outgoing: 16 
	datadep: 
	instructions:
		 0: 
		 1: RETURN res[10.6,] %self[2.0,] 
BB 16
	outgoing: 
	datadep: 
	instructions:

SET IRMethod, name = complete_preauthorization instanceMethod = true
BB 1
	outgoing: 16 2 
	datadep: 
	instructions:
BB 2
	outgoing: 3 4 
	datadep: 
	instructions:
		 0: def_%self 
		 1: def_%v_0 
		 2: COPY TYPE_CurrentScope def_%current_scope 
		 3: COPY TYPE_ScopeModule def_%current_module 
		 4: 
		 5: def_tx 
		 6: tx[2.5,] 
BB 3
	outgoing: 4 
	datadep: 
	instructions:
		 0: 
BB 4
	outgoing: 5 6 
	datadep: 
	instructions:
		 0: def_message 
		 1: message[4.0,] 
BB 5
	outgoing: 6 
	datadep: 
	instructions:
		 0: 
BB 6
	outgoing: 7 8 
	datadep: 
	instructions:
		 0: def_sender_id 
		 1: sender_id[6.0,] 
BB 7
	outgoing: 8 
	datadep: 
	instructions:
		 0: 
BB 8
	outgoing: 9 10 
	datadep: 
	instructions:
		 0: def_gateway_adapter 
		 1: gateway_adapter[8.0,] 
BB 9
	outgoing: 10 
	datadep: 
	instructions:
		 0: 
BB 10
	outgoing: 11 12 
	datadep: 
	instructions:
		 0: 
		 1: (Gateway) def_%v_3 
		 2: HASH-tx- def_%v_4 tx[2.5,] 
		 3: gateway_adapter->complete_preauthorization def_%v_5 gateway_adapter[8.0,] %v_4[10.2,] 	 SYMBOL:	 ARGS:%v_4,
		 4: %v_3->unwrap_completion def_%v_6 %v_3[10.1,] %v_5[10.3,] %self[2.0,] 	 SYMBOL:	 ARGS:%v_5,%v_3,
CLOSURE BEGIN: tx[2.5,] 
BB 1
	outgoing: 6 2 
	datadep: 
	instructions:
BB 2
	outgoing: 3 
	datadep: 
	instructions:
		 0: def_%self 
		 1: def_%cl_1_0 
		 2: COPY TYPE_CurrentScope def_%current_scope 
		 3: COPY TYPE_ScopeModule def_%current_module 
BB 3
	outgoing: 4 6 
	datadep: 
	instructions:
		 0: 
		 1: (Transition) def_%cl_1_3 
		 2: tx->[] def_%cl_1_4 tx[] 	 SYMBOL:id,	 ARGS:Symbol,
		 3: %cl_1_3->transition_to def_%cl_1_5 %cl_1_3[3.1,] %cl_1_4[3.2,] 	 SYMBOL:paid,	 ARGS:%cl_1_4,Symbol,
		 4: RETURN %cl_1_5[3.3,] %self[2.0,] 
BB 4
	outgoing: 6 
	datadep: 
	instructions:
		 0: def_%cl_1_6 
		 1: def_%cl_1_7 %cl_1_6[4.0,] 
		 2: RETURN %cl_1_7[4.1,] %self[2.0,] 
BB 6
	outgoing: 
	datadep: 
	instructions:
CLOSURE END: 
		 5: COPY TYPE_PASS def_res %v_6[10.4,] 
		 6: 
		 7: %v_6->[] def_%v_7 %v_6[10.4,] 	 SYMBOL:success,	 ARGS:Symbol,
		 8: BRANCH %v_7[10.7,] 
BB 11
	outgoing: 12 
	datadep: 
	instructions:
		 0: message->present? def_%v_8 message[4.0,] 	 SYMBOL:	 ARGS:
		 1: COPY TYPE_PASS def_%v_7 %v_8[11.0,] 
BB 12
	outgoing: 13 14 
	datadep: 
	instructions:
		 0: BRANCH %v_7[11.1,10.7,] 
BB 13
	outgoing: 15 
	datadep: 
	instructions:
		 0: 
		 1: %self->send_message def_%v_9 %self[2.0,] tx[2.5,] message[4.0,] sender_id[6.0,] 	 SYMBOL:	 ARGS:tx,message,sender_id,
		 2: 
BB 14
	outgoing: 15 
	datadep: 
	instructions:
		 0: COPY TYPE_Nil def_%v_9 
BB 15
	outgoing: 16 
	datadep: 
	instructions:
		 0: 
		 1: RETURN res[10.5,] %self[2.0,] 
BB 16
	outgoing: 
	datadep: 
	instructions:

SET IRMethod, name = complete instanceMethod = true
BB 1
	outgoing: 16 2 
	datadep: 
	instructions:
BB 2
	outgoing: 3 4 
	datadep: 
	instructions:
		 0: def_%self 
		 1: def_%v_0 
		 2: COPY TYPE_CurrentScope def_%current_scope 
		 3: COPY TYPE_ScopeModule def_%current_module 
		 4: 
		 5: def_tx 
		 6: tx[2.5,] 
BB 3
	outgoing: 4 
	datadep: 
	instructions:
		 0: 
BB 4
	outgoing: 5 6 
	datadep: 
	instructions:
		 0: def_message 
		 1: message[4.0,] 
BB 5
	outgoing: 6 
	datadep: 
	instructions:
		 0: 
BB 6
	outgoing: 7 8 
	datadep: 
	instructions:
		 0: def_sender_id 
		 1: sender_id[6.0,] 
BB 7
	outgoing: 8 
	datadep: 
	instructions:
		 0: 
BB 8
	outgoing: 9 10 
	datadep: 
	instructions:
		 0: def_gateway_adapter 
		 1: gateway_adapter[8.0,] 
BB 9
	outgoing: 10 
	datadep: 
	instructions:
		 0: 
BB 10
	outgoing: 11 12 
	datadep: 
	instructions:
		 0: 
		 1: (Transition) def_%v_3 
		 2: tx->[] def_%v_4 tx[2.5,] 	 SYMBOL:id,	 ARGS:Symbol,
		 3: %v_3->transition_to def_%v_5 %v_3[10.1,] %v_4[10.2,] 	 SYMBOL:confirmed,	 ARGS:%v_4,Symbol,
		 4: 
		 5: (TxStore) def_%v_6 
		 6: tx->[] def_%v_7 tx[10.2,2.5,] 	 SYMBOL:community_id,	 ARGS:Symbol,
		 7: tx->[] def_%v_8 tx[10.2,10.6,2.5,] 	 SYMBOL:id,	 ARGS:Symbol,
		 8: tx->[] def_%v_9 tx[10.2,10.6,10.7,2.5,] 	 SYMBOL:listing_author_id,	 ARGS:Symbol,
		 9: HASH-community_id-transaction_id-person_id- def_%v_10 %v_7[10.6,] %v_8[10.7,] %v_9[10.8,] 
		 10: %v_6->mark_as_unseen_by_other def_%v_11 %v_6[10.5,] %v_10[10.9,] 	 SYMBOL:	 ARGS:%v_10,
		 11: 
		 12: message->present? def_%v_12 message[4.0,] 	 SYMBOL:	 ARGS:
		 13: BRANCH %v_12[10.12,] 
BB 11
	outgoing: 13 
	datadep: 
	instructions:
		 0: 
		 1: %self->send_message def_%v_13 %self[2.0,] tx[2.5,] message[4.0,] sender_id[6.0,] 	 SYMBOL:	 ARGS:tx,message,sender_id,
		 2: 
BB 12
	outgoing: 13 
	datadep: 
	instructions:
		 0: COPY TYPE_Nil def_%v_13 
BB 13
	outgoing: 14 15 
	datadep: 
	instructions:
		 0: 
		 1: (Result) def_%v_14 
		 2: (inherit Success) def_%v_15 %v_14[13.1,] 
		 3: %v_15[13.2,] 
BB 14
	outgoing: 15 
	datadep: 
	instructions:
		 0: %v_14->const_missing def_%v_15 %v_14[13.1,] 	 SYMBOL:Success,	 ARGS:Symbol,
BB 15
	outgoing: 16 
	datadep: 
	instructions:
		 0: HASH-result- def_%v_16 
		 1: %v_15->new def_%v_17 %v_15[14.0,13.2,] %v_16[15.0,] 	 SYMBOL:	 ARGS:%v_16,
		 2: RETURN %v_17[15.1,] %self[2.0,] 
BB 16
	outgoing: 
	datadep: 
	instructions:

SET IRMethod, name = cancel instanceMethod = true
BB 1
	outgoing: 16 2 
	datadep: 
	instructions:
BB 2
	outgoing: 3 4 
	datadep: 
	instructions:
		 0: def_%self 
		 1: def_%v_0 
		 2: COPY TYPE_CurrentScope def_%current_scope 
		 3: COPY TYPE_ScopeModule def_%current_module 
		 4: 
		 5: def_tx 
		 6: tx[2.5,] 
BB 3
	outgoing: 4 
	datadep: 
	instructions:
		 0: 
BB 4
	outgoing: 5 6 
	datadep: 
	instructions:
		 0: def_message 
		 1: message[4.0,] 
BB 5
	outgoing: 6 
	datadep: 
	instructions:
		 0: 
BB 6
	outgoing: 7 8 
	datadep: 
	instructions:
		 0: def_sender_id 
		 1: sender_id[6.0,] 
BB 7
	outgoing: 8 
	datadep: 
	instructions:
		 0: 
BB 8
	outgoing: 9 10 
	datadep: 
	instructions:
		 0: def_gateway_adapter 
		 1: gateway_adapter[8.0,] 
BB 9
	outgoing: 10 
	datadep: 
	instructions:
		 0: 
BB 10
	outgoing: 11 12 
	datadep: 
	instructions:
		 0: 
		 1: (Transition) def_%v_3 
		 2: tx->[] def_%v_4 tx[2.5,] 	 SYMBOL:id,	 ARGS:Symbol,
		 3: %v_3->transition_to def_%v_5 %v_3[10.1,] %v_4[10.2,] 	 SYMBOL:canceled,	 ARGS:%v_4,Symbol,
		 4: 
		 5: (TxStore) def_%v_6 
		 6: tx->[] def_%v_7 tx[10.2,2.5,] 	 SYMBOL:community_id,	 ARGS:Symbol,
		 7: tx->[] def_%v_8 tx[10.2,10.6,2.5,] 	 SYMBOL:id,	 ARGS:Symbol,
		 8: tx->[] def_%v_9 tx[10.2,10.6,10.7,2.5,] 	 SYMBOL:listing_author_id,	 ARGS:Symbol,
		 9: HASH-community_id-transaction_id-person_id- def_%v_10 %v_7[10.6,] %v_8[10.7,] %v_9[10.8,] 
		 10: %v_6->mark_as_unseen_by_other def_%v_11 %v_6[10.5,] %v_10[10.9,] 	 SYMBOL:	 ARGS:%v_10,
		 11: 
		 12: message->present? def_%v_12 message[4.0,] 	 SYMBOL:	 ARGS:
		 13: BRANCH %v_12[10.12,] 
BB 11
	outgoing: 13 
	datadep: 
	instructions:
		 0: 
		 1: %self->send_message def_%v_13 %self[2.0,] tx[2.5,] message[4.0,] sender_id[6.0,] 	 SYMBOL:	 ARGS:tx,message,sender_id,
		 2: 
BB 12
	outgoing: 13 
	datadep: 
	instructions:
		 0: COPY TYPE_Nil def_%v_13 
BB 13
	outgoing: 14 15 
	datadep: 
	instructions:
		 0: 
		 1: (Result) def_%v_14 
		 2: (inherit Success) def_%v_15 %v_14[13.1,] 
		 3: %v_15[13.2,] 
BB 14
	outgoing: 15 
	datadep: 
	instructions:
		 0: %v_14->const_missing def_%v_15 %v_14[13.1,] 	 SYMBOL:Success,	 ARGS:Symbol,
BB 15
	outgoing: 16 
	datadep: 
	instructions:
		 0: HASH-result- def_%v_16 
		 1: %v_15->new def_%v_17 %v_15[14.0,13.2,] %v_16[15.0,] 	 SYMBOL:	 ARGS:%v_16,
		 2: RETURN %v_17[15.1,] %self[2.0,] 
BB 16
	outgoing: 
	datadep: 
	instructions:

SET IRMethod, name = send_message instanceMethod = true
BB 1
	outgoing: 3 2 
	datadep: 
	instructions:
BB 2
	outgoing: 3 
	datadep: 
	instructions:
		 0: def_%self 
		 1: def_%v_0 
		 2: COPY TYPE_CurrentScope def_%current_scope 
		 3: COPY TYPE_ScopeModule def_%current_module 
		 4: 
		 5: RECEIVEARG def_tx 
		 6: RECEIVEARG def_message 
		 7: RECEIVEARG def_sender_id 
		 8: 
		 9: (TxStore) def_%v_3 
		 10: tx->[] def_%v_4 tx[2.5,] 	 SYMBOL:community_id,	 ARGS:Symbol,
		 11: tx->[] def_%v_5 tx[2.5,2.10,] 	 SYMBOL:id,	 ARGS:Symbol,
		 12: HASH-community_id-transaction_id-message-sender_id- def_%v_6 %v_4[2.10,] %v_5[2.11,] message[2.6,] sender_id[2.7,] 
		 13: %v_3->add_message def_%v_7 %v_3[2.9,] %v_6[2.12,] 	 SYMBOL:	 ARGS:%v_6,
		 14: RETURN %v_7[2.13,] %self[2.0,] 
BB 3
	outgoing: 
	datadep: 
	instructions:

