SET IRMethod, name = perform instanceMethod = true
BB 1
	outgoing: 7 2 
	datadep: 
	instructions:
BB 2
	outgoing: 3 4 
	datadep: 
	instructions:
		 0: def_%self 
		 1: def_%v_0 
		 2: COPY TYPE_CurrentScope def_%current_scope 
		 3: COPY TYPE_ScopeModule def_%current_module 
		 4: 
		 5: RECEIVEARG def_diaspora_id 
		 6: 
		 7: (Diaspora) def_%v_3 
		 8: (inherit Fetcher) def_%v_4 %v_3[2.7,] 
		 9: %v_4[2.8,] 
BB 3
	outgoing: 4 
	datadep: 
	instructions:
		 0: %v_3->const_missing def_%v_4 %v_3[2.7,] 	 SYMBOL:Fetcher,	 ARGS:Symbol,
BB 4
	outgoing: 5 6 
	datadep: 
	instructions:
		 0: (inherit Public) def_%v_5 %v_4[3.0,2.8,] 
		 1: %v_5[4.0,] 
BB 5
	outgoing: 6 
	datadep: 
	instructions:
		 0: %v_4->const_missing def_%v_5 %v_4[3.0,2.8,] 	 SYMBOL:Public,	 ARGS:Symbol,
BB 6
	outgoing: 7 
	datadep: 
	instructions:
		 0: %v_5->new def_%v_6 %v_5[5.0,4.0,] 	 SYMBOL:	 ARGS:
		 1: %v_6->fetch! def_%v_7 %v_6[6.0,] diaspora_id[2.5,] 	 SYMBOL:	 ARGS:diaspora_id,
		 2: RETURN %v_7[6.1,] %self[2.0,] 
BB 7
	outgoing: 
	datadep: 
	instructions:

