SET IRMethod, name = perform instanceMethod = true
BB 1
	outgoing: 3 2 
	datadep: 
	instructions:
BB 2
	outgoing: 3 
	datadep: 
	instructions:
		 0: def_%self 
		 1: def_%v_0 
		 2: COPY TYPE_CurrentScope def_%current_scope 
		 3: COPY TYPE_ScopeModule def_%current_module 
		 4: 
		 5: RECEIVEARG def_user_ids 
		 6: RECEIVEARG def_object_klass 
		 7: RECEIVEARG def_object_id 
		 8: RECEIVEARG def_person_id 
		 9: 
		 10: object_klass->constantize def_%v_3 object_klass[2.6,] 	 SYMBOL:	 ARGS:
		 11: %v_3->find_by_id def_%v_4 %v_3[2.10,] object_id[2.7,] 	 SYMBOL:	 ARGS:object_id,
		 12: COPY TYPE_PASS def_object %v_4[2.11,] 
		 13: 
		 14: (User) def_%v_5 
		 15: HASH-id- def_%v_6 user_ids[2.5,] 
		 16: %v_5->where def_%v_7 %v_5[2.14,] %v_6[2.15,] 	 SYMBOL:	 ARGS:%v_6,
		 17: COPY TYPE_PASS def_users %v_7[2.16,] 
		 18: 
		 19: (Person) def_%v_8 
		 20: %v_8->find_by_id def_%v_9 %v_8[2.19,] person_id[2.8,] 	 SYMBOL:	 ARGS:person_id,
		 21: COPY TYPE_PASS def_person %v_9[2.20,] 
		 22: 
		 23: users->find_each def_%v_10 users[2.17,] %self[2.0,] 	 SYMBOL:	 ARGS:users,
CLOSURE BEGIN: user[] object[2.12,] person[2.21,] 
BB 1
	outgoing: 6 2 
	datadep: 
	instructions:
BB 2
	outgoing: 3 
	datadep: 
	instructions:
		 0: def_%self 
		 1: def_%cl_1_0 
		 2: RECEIVEARG def_user 
		 3: COPY TYPE_CurrentScope def_%current_scope 
		 4: COPY TYPE_ScopeModule def_%current_module 
BB 3
	outgoing: 4 6 
	datadep: 
	instructions:
		 0: 
		 1: (Notification) def_%cl_1_3 
		 2: %cl_1_3->notify def_%cl_1_4 %cl_1_3[3.1,] user[2.2,] object[] person[] 	 SYMBOL:	 ARGS:user,object,person,
		 3: RETURN %cl_1_4[3.2,] %self[2.0,] 
BB 4
	outgoing: 6 
	datadep: 
	instructions:
		 0: def_%cl_1_5 
		 1: def_%cl_1_6 %cl_1_5[4.0,] 
		 2: RETURN %cl_1_6[4.1,] %self[2.0,] 
BB 6
	outgoing: 
	datadep: 
	instructions:
CLOSURE END: 
		 24: RETURN %v_10[2.23,] %self[2.0,] 
BB 3
	outgoing: 
	datadep: 
	instructions:

