SET IRMethod, name = index instanceMethod = true
BB 1
	outgoing: 3 2 
	datadep: 
	instructions:
BB 2
	outgoing: 3 
	datadep: 
	instructions:
		 0: def_%self 
		 1: def_%v_0 
		 2: COPY TYPE_CurrentScope def_%current_scope 
		 3: COPY TYPE_ScopeModule def_%current_module 
		 4: 
		 5: 
		 6: COPY TYPE_Array def_%v_3 
		 7: COPY TYPE_PASS def_nested_channel_data %v_3[2.6,] 
		 8: 
		 9: GETFIELD %self->channels def_%v_4 %self[2.0,] 
		 10: %v_4->each def_%v_5 %v_4[2.9,] %self[2.0,] 	 SYMBOL:	 ARGS:%v_4,
CLOSURE BEGIN: channel[] %self[2.0,] activity[] activities[] more_activities[] nested_channel_data[2.7,] 
BB 1
	outgoing: 8 2 
	datadep: 
	instructions:
BB 2
	outgoing: 3 
	datadep: 
	instructions:
		 0: def_%self 
		 1: def_%cl_1_0 
		 2: RECEIVEARG def_channel 
		 3: COPY TYPE_CurrentScope def_%current_scope 
		 4: COPY TYPE_ScopeModule def_%current_module 
BB 3
	outgoing: 4 5 6 
	datadep: 
	instructions:
		 0: 
		 1: COPY TYPE_Array def_%cl_1_3 
		 2: COPY TYPE_PASS def_activities %cl_1_3[3.1,] 
		 3: 
		 4: channel->activities def_%cl_1_4 channel[2.2,] 	 SYMBOL:	 ARGS:
		 5: %cl_1_4->count def_%cl_1_5 %cl_1_4[3.4,] 	 SYMBOL:	 ARGS:
		 6: (Kandan) def_%cl_1_6 
		 7: (inherit Config) def_%cl_1_7 %cl_1_6[3.6,] 
		 8: %cl_1_7[3.7,] 
BB 4
	outgoing: 5 6 
	datadep: 
	instructions:
		 0: %cl_1_6->const_missing def_%cl_1_7 %cl_1_6[3.6,] 	 SYMBOL:Config,	 ARGS:Symbol,
BB 5
	outgoing: 6 8 
	datadep: 
	instructions:
		 0: %cl_1_7->options def_%cl_1_8 %cl_1_7[4.0,3.7,] 	 SYMBOL:	 ARGS:
		 1: %cl_1_8->[] def_%cl_1_9 %cl_1_8[5.0,] 	 SYMBOL:per_page,	 ARGS:Symbol,
		 2: %cl_1_5->> def_%cl_1_10 %cl_1_5[3.5,] %cl_1_9[5.1,] 	 SYMBOL:	 ARGS:%cl_1_9,
		 3: COPY TYPE_PASS def_more_activities %cl_1_10[5.2,] 
		 4: 
		 5: channel->activities def_%cl_1_11 channel[2.2,] 	 SYMBOL:	 ARGS:
		 6: COPY TYPE_StringLiteral "id DESC" def_%cl_1_12 
		 7: %cl_1_11->order def_%cl_1_13 %cl_1_11[5.5,] %cl_1_12[5.6,] 	 SYMBOL:	 ARGS:%cl_1_12,
		 8: %cl_1_13->includes def_%cl_1_14 %cl_1_13[5.7,] 	 SYMBOL:user,	 ARGS:Symbol,
		 9: %cl_1_14->page def_%cl_1_15 %cl_1_14[5.8,] 	 SYMBOL:	 ARGS:
		 10: %cl_1_15->each def_%cl_1_16 %cl_1_15[5.9,] %self[2.0,] 	 SYMBOL:	 ARGS:%cl_1_15,
CLOSURE BEGIN: activity[] activities[3.2,] 
BB 1
	outgoing: 6 2 
	datadep: 
	instructions:
BB 2
	outgoing: 3 
	datadep: 
	instructions:
		 0: def_%self 
		 1: def_%cl_2_0 
		 2: RECEIVEARG def_activity 
		 3: COPY TYPE_CurrentScope def_%current_scope 
		 4: COPY TYPE_ScopeModule def_%current_module 
BB 3
	outgoing: 4 6 
	datadep: 
	instructions:
		 0: 
		 1: activity->attributes def_%cl_2_3 activity[2.2,] 	 SYMBOL:	 ARGS:
		 2: activity->user_or_deleted_user def_%cl_2_4 activity[3.1,2.2,] 	 SYMBOL:	 ARGS:
		 3: COPY TYPE_Array def_%cl_2_5 
		 4: HASH-only- def_%cl_2_6 %cl_2_5[3.3,] 
		 5: %cl_2_4->as_json def_%cl_2_7 %cl_2_4[3.2,] %cl_2_6[3.4,] 	 SYMBOL:	 ARGS:%cl_2_6,
		 6: HASH-user- def_%cl_2_8 %cl_2_7[3.5,] 
		 7: %cl_2_3->merge def_%cl_2_9 %cl_2_3[3.1,] %cl_2_8[3.6,] 	 SYMBOL:	 ARGS:%cl_2_8,
		 8: activities->push def_%cl_2_10 activities[] %cl_2_9[3.7,] 	 SYMBOL:	 ARGS:%cl_2_9,
		 9: RETURN %cl_2_10[3.8,] %self[2.0,] 
BB 4
	outgoing: 6 
	datadep: 
	instructions:
		 0: def_%cl_2_11 
		 1: def_%cl_2_12 %cl_2_11[4.0,] 
		 2: RETURN %cl_2_12[4.1,] %self[2.0,] 
BB 6
	outgoing: 
	datadep: 
	instructions:
CLOSURE END: 
		 11: 
		 12: channel->attributes def_%cl_1_17 channel[5.5,2.2,] 	 SYMBOL:	 ARGS:
		 13: activities->reverse def_%cl_1_18 activities[3.2,] 	 SYMBOL:	 ARGS:
		 14: HASH-activities-more_activities- def_%cl_1_19 %cl_1_18[5.13,] more_activities[5.3,] 
		 15: %cl_1_17->merge def_%cl_1_20 %cl_1_17[5.12,] %cl_1_19[5.14,] 	 SYMBOL:	 ARGS:%cl_1_19,
		 16: nested_channel_data->push def_%cl_1_21 nested_channel_data[] %cl_1_20[5.15,] 	 SYMBOL:	 ARGS:%cl_1_20,
		 17: RETURN %cl_1_21[5.16,] %self[2.0,] 
BB 6
	outgoing: 8 
	datadep: 
	instructions:
		 0: def_%cl_1_22 
		 1: def_%cl_1_23 %cl_1_22[6.0,] 
		 2: RETURN %cl_1_23[6.1,] %self[2.0,] 
BB 8
	outgoing: 
	datadep: 
	instructions:
CLOSURE END: activities[3.2,] more_activities[5.3,] 
		 11: 
		 12: %self->respond_to def_%v_6 %self[2.0,] %self[2.0,] 	 SYMBOL:	 ARGS:%self,
CLOSURE BEGIN: format[] %self[2.0,] nested_channel_data[2.7,] 
BB 1
	outgoing: 6 2 
	datadep: 
	instructions:
BB 2
	outgoing: 3 
	datadep: 
	instructions:
		 0: def_%self 
		 1: def_%cl_3_0 
		 2: RECEIVEARG def_format 
		 3: COPY TYPE_CurrentScope def_%current_scope 
		 4: COPY TYPE_ScopeModule def_%current_module 
BB 3
	outgoing: 4 6 
	datadep: 
	instructions:
		 0: 
		 1: format->json def_%cl_3_3 format[2.2,] %self[2.0,] 	 SYMBOL:	 ARGS:format,
CLOSURE BEGIN: nested_channel_data[] %self[2.0,] 
BB 1
	outgoing: 6 2 
	datadep: 
	instructions:
BB 2
	outgoing: 3 
	datadep: 
	instructions:
		 0: def_%self 
		 1: def_%cl_4_0 
		 2: COPY TYPE_CurrentScope def_%current_scope 
		 3: COPY TYPE_ScopeModule def_%current_module 
BB 3
	outgoing: 4 6 
	datadep: 
	instructions:
		 0: 
		 1: nested_channel_data->to_json def_%cl_4_3 nested_channel_data[] 	 SYMBOL:	 ARGS:
		 2: HASH-text- def_%cl_4_4 %cl_4_3[3.1,] 
		 3: %self->render def_%cl_4_5 %self[2.0,] %cl_4_4[3.2,] 	 SYMBOL:	 ARGS:%cl_4_4,
		 4: RETURN %cl_4_5[3.3,] %self[3.3,2.0,] 
BB 4
	outgoing: 6 
	datadep: 
	instructions:
		 0: def_%cl_4_6 
		 1: def_%cl_4_7 %cl_4_6[4.0,] 
		 2: RETURN %cl_4_7[4.1,] %self[2.0,] 
BB 6
	outgoing: 
	datadep: 
	instructions:
CLOSURE END: 
		 2: RETURN %cl_3_3[3.1,] %self[2.0,] 
BB 4
	outgoing: 6 
	datadep: 
	instructions:
		 0: def_%cl_3_4 
		 1: def_%cl_3_5 %cl_3_4[4.0,] 
		 2: RETURN %cl_3_5[4.1,] %self[2.0,] 
BB 6
	outgoing: 
	datadep: 
	instructions:
CLOSURE END: 
		 13: RETURN %v_6[2.12,] %self[2.0,2.12,] 
BB 3
	outgoing: 
	datadep: 
	instructions:

SET IRMethod, name = create instanceMethod = true
BB 1
	outgoing: 3 2 
	datadep: 
	instructions:
BB 2
	outgoing: 3 
	datadep: 
	instructions:
		 0: def_%self 
		 1: def_%v_0 
		 2: COPY TYPE_CurrentScope def_%current_scope 
		 3: COPY TYPE_ScopeModule def_%current_module 
		 4: 
		 5: 
		 6: (Channel) def_%v_3 
		 7: %self->params def_%v_4 %self[2.0,] 	 SYMBOL:	 ARGS:
		 8: %v_4->[] def_%v_5 %v_4[2.7,] 	 SYMBOL:channel,	 ARGS:Symbol,
		 9: %v_3->new def_%v_6 %v_3[2.6,] %v_5[2.8,] 	 SYMBOL:	 ARGS:%v_5,
		 10: ATTRASSIGN %self->channel %v_6[2.9,] 
		 11: 
		 12: GETFIELD %self->channel def_%v_7 %self[2.0,2.7,2.10,] 
		 13: %self->current_user def_%v_8 %self[2.0,2.7,2.10,] 	 SYMBOL:	 ARGS:
		 14: %v_8->id def_%v_9 %v_8[2.13,] 	 SYMBOL:	 ARGS:
		 15: ATTRASSIGN %v_7->user_id %v_9[2.14,] 
		 16: 
		 17: %self->respond_to def_%v_10 %self[2.0,2.7,2.10,2.13,] %self[2.0,2.7,2.10,2.13,] 	 SYMBOL:	 ARGS:%self,
CLOSURE BEGIN: %self[2.0,2.7,2.10,2.13,] format[] 
BB 1
	outgoing: 9 2 
	datadep: 
	instructions:
BB 2
	outgoing: 3 
	datadep: 
	instructions:
		 0: def_%self 
		 1: def_%cl_1_0 
		 2: RECEIVEARG def_format 
		 3: COPY TYPE_CurrentScope def_%current_scope 
		 4: COPY TYPE_ScopeModule def_%current_module 
BB 3
	outgoing: 4 5 7 
	datadep: 
	instructions:
		 0: 
		 1: GETFIELD %self->channel def_%cl_1_3 %self[2.0,] 
		 2: %cl_1_3->save def_%cl_1_4 %cl_1_3[3.1,] 	 SYMBOL:	 ARGS:
		 3: BRANCH %cl_1_4[3.2,] 
BB 4
	outgoing: 6 7 
	datadep: 
	instructions:
		 0: 
		 1: format->json def_%cl_1_5 format[2.2,] %self[2.0,] 	 SYMBOL:	 ARGS:format,
CLOSURE BEGIN: %self[2.0,] 
BB 1
	outgoing: 6 2 
	datadep: 
	instructions:
BB 2
	outgoing: 3 
	datadep: 
	instructions:
		 0: def_%self 
		 1: def_%cl_2_0 
		 2: COPY TYPE_CurrentScope def_%current_scope 
		 3: COPY TYPE_ScopeModule def_%current_module 
BB 3
	outgoing: 4 6 
	datadep: 
	instructions:
		 0: 
		 1: GETFIELD %self->channel def_%cl_2_3 %self[2.0,] 
		 2: HASH-json-status- def_%cl_2_4 %cl_2_3[3.1,] 
		 3: %self->render def_%cl_2_5 %self[2.0,] %cl_2_4[3.2,] 	 SYMBOL:	 ARGS:%cl_2_4,
		 4: RETURN %cl_2_5[3.3,] %self[3.3,2.0,] 
BB 4
	outgoing: 6 
	datadep: 
	instructions:
		 0: def_%cl_2_6 
		 1: def_%cl_2_7 %cl_2_6[4.0,] 
		 2: RETURN %cl_2_7[4.1,] %self[2.0,] 
BB 6
	outgoing: 
	datadep: 
	instructions:
CLOSURE END: 
		 2: 
BB 5
	outgoing: 7 9 
	datadep: 
	instructions:
		 0: 
		 1: format->json def_%cl_1_6 format[2.2,] %self[2.0,] 	 SYMBOL:	 ARGS:format,
CLOSURE BEGIN: %self[2.0,] 
BB 1
	outgoing: 6 2 
	datadep: 
	instructions:
BB 2
	outgoing: 3 
	datadep: 
	instructions:
		 0: def_%self 
		 1: def_%cl_3_0 
		 2: COPY TYPE_CurrentScope def_%current_scope 
		 3: COPY TYPE_ScopeModule def_%current_module 
BB 3
	outgoing: 4 6 
	datadep: 
	instructions:
		 0: 
		 1: GETFIELD %self->channel def_%cl_3_3 %self[2.0,] 
		 2: %cl_3_3->errors def_%cl_3_4 %cl_3_3[3.1,] 	 SYMBOL:	 ARGS:
		 3: HASH-json-status- def_%cl_3_5 %cl_3_4[3.2,] 
		 4: %self->render def_%cl_3_6 %self[2.0,] %cl_3_5[3.3,] 	 SYMBOL:	 ARGS:%cl_3_5,
		 5: RETURN %cl_3_6[3.4,] %self[3.4,2.0,] 
BB 4
	outgoing: 6 
	datadep: 
	instructions:
		 0: def_%cl_3_7 
		 1: def_%cl_3_8 %cl_3_7[4.0,] 
		 2: RETURN %cl_3_8[4.1,] %self[2.0,] 
BB 6
	outgoing: 
	datadep: 
	instructions:
CLOSURE END: 
		 2: RETURN %cl_1_6[5.1,] %self[2.0,] 
BB 6
	outgoing: 9 
	datadep: 
	instructions:
		 0: RETURN %cl_1_5[4.1,] %self[2.0,] 
BB 7
	outgoing: 9 
	datadep: 
	instructions:
		 0: def_%cl_1_7 
		 1: def_%cl_1_8 %cl_1_7[7.0,] 
		 2: RETURN %cl_1_8[7.1,] %self[2.0,] 
BB 9
	outgoing: 
	datadep: 
	instructions:
CLOSURE END: 
		 18: RETURN %v_10[2.17,] %self[2.0,2.7,2.10,2.13,2.17,] 
BB 3
	outgoing: 
	datadep: 
	instructions:

SET IRMethod, name = show instanceMethod = true
BB 1
	outgoing: 3 2 
	datadep: 
	instructions:
BB 2
	outgoing: 3 
	datadep: 
	instructions:
		 0: def_%self 
		 1: def_%v_0 
		 2: COPY TYPE_CurrentScope def_%current_scope 
		 3: COPY TYPE_ScopeModule def_%current_module 
		 4: 
		 5: 
		 6: %self->respond_to def_%v_3 %self[2.0,] %self[2.0,] 	 SYMBOL:	 ARGS:%self,
CLOSURE BEGIN: format[] %self[2.0,] 
BB 1
	outgoing: 6 2 
	datadep: 
	instructions:
BB 2
	outgoing: 3 
	datadep: 
	instructions:
		 0: def_%self 
		 1: def_%cl_1_0 
		 2: RECEIVEARG def_format 
		 3: COPY TYPE_CurrentScope def_%current_scope 
		 4: COPY TYPE_ScopeModule def_%current_module 
BB 3
	outgoing: 4 6 
	datadep: 
	instructions:
		 0: 
		 1: format->json def_%cl_1_3 format[2.2,] %self[2.0,] 	 SYMBOL:	 ARGS:format,
CLOSURE BEGIN: %self[2.0,] 
BB 1
	outgoing: 6 2 
	datadep: 
	instructions:
BB 2
	outgoing: 3 
	datadep: 
	instructions:
		 0: def_%self 
		 1: def_%cl_2_0 
		 2: COPY TYPE_CurrentScope def_%current_scope 
		 3: COPY TYPE_ScopeModule def_%current_module 
BB 3
	outgoing: 4 6 
	datadep: 
	instructions:
		 0: 
		 1: GETFIELD %self->channel def_%cl_2_3 %self[2.0,] 
		 2: HASH-json- def_%cl_2_4 %cl_2_3[3.1,] 
		 3: %self->render def_%cl_2_5 %self[2.0,] %cl_2_4[3.2,] 	 SYMBOL:	 ARGS:%cl_2_4,
		 4: RETURN %cl_2_5[3.3,] %self[3.3,2.0,] 
BB 4
	outgoing: 6 
	datadep: 
	instructions:
		 0: def_%cl_2_6 
		 1: def_%cl_2_7 %cl_2_6[4.0,] 
		 2: RETURN %cl_2_7[4.1,] %self[2.0,] 
BB 6
	outgoing: 
	datadep: 
	instructions:
CLOSURE END: 
		 2: RETURN %cl_1_3[3.1,] %self[2.0,] 
BB 4
	outgoing: 6 
	datadep: 
	instructions:
		 0: def_%cl_1_4 
		 1: def_%cl_1_5 %cl_1_4[4.0,] 
		 2: RETURN %cl_1_5[4.1,] %self[2.0,] 
BB 6
	outgoing: 
	datadep: 
	instructions:
CLOSURE END: 
		 7: RETURN %v_3[2.6,] %self[2.0,2.6,] 
BB 3
	outgoing: 
	datadep: 
	instructions:

SET IRMethod, name = update instanceMethod = true
BB 1
	outgoing: 3 2 
	datadep: 
	instructions:
BB 2
	outgoing: 3 
	datadep: 
	instructions:
		 0: def_%self 
		 1: def_%v_0 
		 2: COPY TYPE_CurrentScope def_%current_scope 
		 3: COPY TYPE_ScopeModule def_%current_module 
		 4: 
		 5: 
		 6: %self->respond_to def_%v_3 %self[2.0,] %self[2.0,] 	 SYMBOL:	 ARGS:%self,
CLOSURE BEGIN: %self[2.0,] format[] 
BB 1
	outgoing: 9 2 
	datadep: 
	instructions:
BB 2
	outgoing: 3 
	datadep: 
	instructions:
		 0: def_%self 
		 1: def_%cl_1_0 
		 2: RECEIVEARG def_format 
		 3: COPY TYPE_CurrentScope def_%current_scope 
		 4: COPY TYPE_ScopeModule def_%current_module 
BB 3
	outgoing: 4 5 7 
	datadep: 
	instructions:
		 0: 
		 1: GETFIELD %self->channel def_%cl_1_3 %self[2.0,] 
		 2: %self->params def_%cl_1_4 %self[2.0,] 	 SYMBOL:	 ARGS:
		 3: %cl_1_4->[] def_%cl_1_5 %cl_1_4[3.2,] 	 SYMBOL:channel,	 ARGS:Symbol,
		 4: %cl_1_3->update_attributes def_%cl_1_6 %cl_1_3[3.1,] %cl_1_5[3.3,] 	 SYMBOL:	 ARGS:%cl_1_5,
		 5: BRANCH %cl_1_6[3.4,] 
BB 4
	outgoing: 6 7 
	datadep: 
	instructions:
		 0: 
		 1: format->json def_%cl_1_7 format[2.2,] %self[2.0,] 	 SYMBOL:	 ARGS:format,
CLOSURE BEGIN: %self[2.0,] 
BB 1
	outgoing: 6 2 
	datadep: 
	instructions:
BB 2
	outgoing: 3 
	datadep: 
	instructions:
		 0: def_%self 
		 1: def_%cl_2_0 
		 2: COPY TYPE_CurrentScope def_%current_scope 
		 3: COPY TYPE_ScopeModule def_%current_module 
BB 3
	outgoing: 4 6 
	datadep: 
	instructions:
		 0: 
		 1: GETFIELD %self->channel def_%cl_2_3 %self[2.0,] 
		 2: HASH-json-status- def_%cl_2_4 %cl_2_3[3.1,] 
		 3: %self->render def_%cl_2_5 %self[2.0,] %cl_2_4[3.2,] 	 SYMBOL:	 ARGS:%cl_2_4,
		 4: RETURN %cl_2_5[3.3,] %self[3.3,2.0,] 
BB 4
	outgoing: 6 
	datadep: 
	instructions:
		 0: def_%cl_2_6 
		 1: def_%cl_2_7 %cl_2_6[4.0,] 
		 2: RETURN %cl_2_7[4.1,] %self[2.0,] 
BB 6
	outgoing: 
	datadep: 
	instructions:
CLOSURE END: 
		 2: 
BB 5
	outgoing: 7 9 
	datadep: 
	instructions:
		 0: 
		 1: format->json def_%cl_1_8 format[2.2,] %self[2.0,] 	 SYMBOL:	 ARGS:format,
CLOSURE BEGIN: %self[2.0,] 
BB 1
	outgoing: 6 2 
	datadep: 
	instructions:
BB 2
	outgoing: 3 
	datadep: 
	instructions:
		 0: def_%self 
		 1: def_%cl_3_0 
		 2: COPY TYPE_CurrentScope def_%current_scope 
		 3: COPY TYPE_ScopeModule def_%current_module 
BB 3
	outgoing: 4 6 
	datadep: 
	instructions:
		 0: 
		 1: GETFIELD %self->channel def_%cl_3_3 %self[2.0,] 
		 2: %cl_3_3->errors def_%cl_3_4 %cl_3_3[3.1,] 	 SYMBOL:	 ARGS:
		 3: HASH-json-status- def_%cl_3_5 %cl_3_4[3.2,] 
		 4: %self->render def_%cl_3_6 %self[2.0,] %cl_3_5[3.3,] 	 SYMBOL:	 ARGS:%cl_3_5,
		 5: RETURN %cl_3_6[3.4,] %self[3.4,2.0,] 
BB 4
	outgoing: 6 
	datadep: 
	instructions:
		 0: def_%cl_3_7 
		 1: def_%cl_3_8 %cl_3_7[4.0,] 
		 2: RETURN %cl_3_8[4.1,] %self[2.0,] 
BB 6
	outgoing: 
	datadep: 
	instructions:
CLOSURE END: 
		 2: RETURN %cl_1_8[5.1,] %self[2.0,] 
BB 6
	outgoing: 9 
	datadep: 
	instructions:
		 0: RETURN %cl_1_7[4.1,] %self[2.0,] 
BB 7
	outgoing: 9 
	datadep: 
	instructions:
		 0: def_%cl_1_9 
		 1: def_%cl_1_10 %cl_1_9[7.0,] 
		 2: RETURN %cl_1_10[7.1,] %self[2.0,] 
BB 9
	outgoing: 
	datadep: 
	instructions:
CLOSURE END: 
		 7: RETURN %v_3[2.6,] %self[2.0,2.6,] 
BB 3
	outgoing: 
	datadep: 
	instructions:

SET IRMethod, name = destroy instanceMethod = true
BB 1
	outgoing: 3 2 
	datadep: 
	instructions:
BB 2
	outgoing: 3 
	datadep: 
	instructions:
		 0: def_%self 
		 1: def_%v_0 
		 2: COPY TYPE_CurrentScope def_%current_scope 
		 3: COPY TYPE_ScopeModule def_%current_module 
		 4: 
		 5: 
		 6: GETFIELD %self->channel def_%v_3 %self[2.0,] 
		 7: %v_3->destroy def_%v_4 %v_3[2.6,] 	 SYMBOL:	 ARGS:
		 8: 
		 9: %self->respond_to def_%v_5 %self[2.0,] %self[2.0,] 	 SYMBOL:	 ARGS:%self,
CLOSURE BEGIN: format[] %self[2.0,] 
BB 1
	outgoing: 6 2 
	datadep: 
	instructions:
BB 2
	outgoing: 3 
	datadep: 
	instructions:
		 0: def_%self 
		 1: def_%cl_1_0 
		 2: RECEIVEARG def_format 
		 3: COPY TYPE_CurrentScope def_%current_scope 
		 4: COPY TYPE_ScopeModule def_%current_module 
BB 3
	outgoing: 4 6 
	datadep: 
	instructions:
		 0: 
		 1: format->json def_%cl_1_3 format[2.2,] %self[2.0,] 	 SYMBOL:	 ARGS:format,
CLOSURE BEGIN: %self[2.0,] 
BB 1
	outgoing: 6 2 
	datadep: 
	instructions:
BB 2
	outgoing: 3 
	datadep: 
	instructions:
		 0: def_%self 
		 1: def_%cl_2_0 
		 2: COPY TYPE_CurrentScope def_%current_scope 
		 3: COPY TYPE_ScopeModule def_%current_module 
BB 3
	outgoing: 4 6 
	datadep: 
	instructions:
		 0: 
		 1: HASH-json-status- def_%cl_2_3 
		 2: %self->render def_%cl_2_4 %self[2.0,] %cl_2_3[3.1,] 	 SYMBOL:	 ARGS:%cl_2_3,
		 3: RETURN %cl_2_4[3.2,] %self[3.2,2.0,] 
BB 4
	outgoing: 6 
	datadep: 
	instructions:
		 0: def_%cl_2_5 
		 1: def_%cl_2_6 %cl_2_5[4.0,] 
		 2: RETURN %cl_2_6[4.1,] %self[2.0,] 
BB 6
	outgoing: 
	datadep: 
	instructions:
CLOSURE END: 
		 2: RETURN %cl_1_3[3.1,] %self[2.0,] 
BB 4
	outgoing: 6 
	datadep: 
	instructions:
		 0: def_%cl_1_4 
		 1: def_%cl_1_5 %cl_1_4[4.0,] 
		 2: RETURN %cl_1_5[4.1,] %self[2.0,] 
BB 6
	outgoing: 
	datadep: 
	instructions:
CLOSURE END: 
		 10: RETURN %v_5[2.9,] %self[2.0,2.9,] 
BB 3
	outgoing: 
	datadep: 
	instructions:

SET IRMethod, name = find_channel_by_name instanceMethod = true
BB 1
	outgoing: 3 2 
	datadep: 
	instructions:
BB 2
	outgoing: 3 
	datadep: 
	instructions:
		 0: def_%self 
		 1: def_%v_0 
		 2: COPY TYPE_CurrentScope def_%current_scope 
		 3: COPY TYPE_ScopeModule def_%current_module 
		 4: 
		 5: 
		 6: (Channel) def_%v_3 
		 7: COPY TYPE_StringLiteral "LOWER(name) = ?" def_%v_4 
		 8: %self->params def_%v_5 %self[2.0,] 	 SYMBOL:	 ARGS:
		 9: COPY TYPE_StringLiteral "id" def_%v_6 
		 10: %v_5->[] def_%v_7 %v_5[2.8,] %v_6[2.9,] 	 SYMBOL:	 ARGS:%v_6,
		 11: %v_7->downcase def_%v_8 %v_7[2.10,] 	 SYMBOL:	 ARGS:
		 12: %v_3->where def_%v_9 %v_3[2.6,] %v_4[2.7,] %v_8[2.11,] 	 SYMBOL:	 ARGS:%v_4,%v_8,
		 13: %v_9->first def_%v_10 %v_9[2.12,] 	 SYMBOL:	 ARGS:
		 14: ATTRASSIGN %self->channel %v_10[2.13,] 
		 15: RETURN %v_10[2.13,] %self[2.0,2.8,2.14,] 
BB 3
	outgoing: 
	datadep: 
	instructions:

