SET IRMethod, name = initialize instanceMethod = true
BB 1
	outgoing: 3 2 
	datadep: 
	instructions:
BB 2
	outgoing: 3 
	datadep: 
	instructions:
		 0: def_%self 
		 1: def_%v_0 
		 2: COPY TYPE_CurrentScope def_%current_scope 
		 3: COPY TYPE_ScopeModule def_%current_module 
		 4: 
		 5: RECEIVEARG def_raw_commit 
		 6: 
		 7: ATTRASSIGN %self->commit raw_commit[2.5,] 
		 8: 
		 9: ATTRASSIGN %self->time 
		 10: 
		 11: COPY TYPE_Array def_%v_3 
		 12: ATTRASSIGN %self->spaces %v_3[2.11,] 
		 13: 
		 14: COPY TYPE_Array def_%v_4 
		 15: ATTRASSIGN %self->parent_spaces %v_4[2.14,] 
		 16: RETURN %v_4[2.14,] %self[2.0,2.7,2.9,2.12,2.15,] 
BB 3
	outgoing: 
	datadep: 
	instructions:

SET IRMethod, name = method_missing instanceMethod = true
BB 1
	outgoing: 3 2 
	datadep: 
	instructions:
BB 2
	outgoing: 3 
	datadep: 
	instructions:
		 0: def_%self 
		 1: def_%v_0 
		 2: COPY TYPE_CurrentScope def_%current_scope 
		 3: COPY TYPE_ScopeModule def_%current_module 
		 4: 
		 5: RECEIVEARG def_m 
		 6: RECEIVEARG def_args 
		 7: def_%v_3 
		 8: def_block %v_3[2.7,] 
		 9: 
		 10: GETFIELD %self->commit def_%v_4 %self[2.0,] 
		 11: COPY TYPE_Array def_%v_5 m[2.5,] 
		 12: def_%v_6 %v_5[2.11,] args[2.6,] 
		 13: %v_4->send def_%v_7 %v_4[2.10,] %v_6[2.12,] block[2.8,] 	 SYMBOL:	 ARGS:Splat,
		 14: RETURN %v_7[2.13,] %self[2.0,] 
BB 3
	outgoing: 
	datadep: 
	instructions:

SET IRMethod, name = space instanceMethod = true
BB 1
	outgoing: 6 2 
	datadep: 
	instructions:
BB 2
	outgoing: 3 4 
	datadep: 
	instructions:
		 0: def_%self 
		 1: def_%v_0 
		 2: COPY TYPE_CurrentScope def_%current_scope 
		 3: COPY TYPE_ScopeModule def_%current_module 
		 4: 
		 5: 
		 6: GETFIELD %self->spaces def_%v_3 %self[2.0,] 
		 7: %v_3->size def_%v_4 %v_3[2.6,] 	 SYMBOL:	 ARGS:
		 8: %v_4->> def_%v_5 %v_4[2.7,] 	 SYMBOL:	 ARGS:Fixnum,
		 9: BRANCH %v_5[2.8,] 
BB 3
	outgoing: 6 
	datadep: 
	instructions:
		 0: 
		 1: GETFIELD %self->spaces def_%v_6 %self[2.0,] 
		 2: %v_6->first def_%v_7 %v_6[3.1,] 	 SYMBOL:	 ARGS:
		 3: RETURN %v_7[3.2,] %self[2.0,] 
BB 4
	outgoing: 6 
	datadep: 
	instructions:
		 0: 
		 1: RETURN %self[2.0,] 
BB 6
	outgoing: 
	datadep: 
	instructions:

SET IRMethod, name = parents instanceMethod = true
BB 1
	outgoing: 3 2 
	datadep: 
	instructions:
BB 2
	outgoing: 3 
	datadep: 
	instructions:
		 0: def_%self 
		 1: def_%v_0 
		 2: COPY TYPE_CurrentScope def_%current_scope 
		 3: COPY TYPE_ScopeModule def_%current_module 
		 4: 
		 5: RECEIVEARG def_map 
		 6: 
		 7: GETFIELD %self->commit def_%v_3 %self[2.0,] 
		 8: %v_3->parents def_%v_4 %v_3[2.7,] 	 SYMBOL:	 ARGS:
		 9: %v_4->map def_%v_5 %v_4[2.8,] %self[2.0,] 	 SYMBOL:	 ARGS:%v_4,
CLOSURE BEGIN: p[] map[2.5,] 
BB 1
	outgoing: 9 2 
	datadep: 
	instructions:
BB 2
	outgoing: 3 
	datadep: 
	instructions:
		 0: def_%self 
		 1: def_%cl_1_0 
		 2: RECEIVEARG def_p 
		 3: COPY TYPE_CurrentScope def_%current_scope 
		 4: COPY TYPE_ScopeModule def_%current_module 
BB 3
	outgoing: 4 5 7 
	datadep: 
	instructions:
		 0: 
		 1: p->id def_%cl_1_3 p[2.2,] 	 SYMBOL:	 ARGS:
		 2: map->include? def_%cl_1_4 map[] %cl_1_3[3.1,] 	 SYMBOL:	 ARGS:%cl_1_3,
		 3: BRANCH %cl_1_4[3.2,] 
BB 4
	outgoing: 6 7 
	datadep: 
	instructions:
		 0: 
		 1: p->id def_%cl_1_5 p[2.2,] 	 SYMBOL:	 ARGS:
		 2: map->[] def_%cl_1_6 map[] %cl_1_5[4.1,] 	 SYMBOL:	 ARGS:%cl_1_5,
		 3: 
BB 5
	outgoing: 9 
	datadep: 
	instructions:
		 0: RETURN %self[2.0,] 
BB 6
	outgoing: 9 
	datadep: 
	instructions:
		 0: RETURN %cl_1_6[4.2,] %self[2.0,] 
BB 7
	outgoing: 9 
	datadep: 
	instructions:
		 0: def_%cl_1_7 
		 1: def_%cl_1_8 %cl_1_7[7.0,] 
		 2: RETURN %cl_1_8[7.1,] %self[2.0,] 
BB 9
	outgoing: 
	datadep: 
	instructions:
CLOSURE END: 
		 10: %v_5->compact def_%v_6 %v_5[2.9,] 	 SYMBOL:	 ARGS:
		 11: RETURN %v_6[2.10,] %self[2.0,] 
BB 3
	outgoing: 
	datadep: 
	instructions:

