SET IRMethod, name = friends? instanceMethod = true
BB 1
	outgoing: 3 2 
	datadep: 
	instructions:
BB 2
	outgoing: 3 
	datadep: 
	instructions:
		 0: def_%self 
		 1: def_%v_0 
		 2: COPY TYPE_CurrentScope def_%current_scope 
		 3: COPY TYPE_ScopeModule def_%current_module 
		 4: 
		 5: RECEIVEARG def_user 
		 6: RECEIVEARG def_friend 
		 7: 
		 8: (Friendship) def_%v_3 
		 9: %v_3->friends? def_%v_4 %v_3[2.8,] user[2.5,] friend[2.6,] 	 SYMBOL:	 ARGS:user,friend,
		 10: RETURN %v_4[2.9,] %self[2.0,] 
BB 3
	outgoing: 
	datadep: 
	instructions:

