SET IRMethod, name = commit instanceMethod = true
BB 1
	outgoing: 3 2 
	datadep: 
	instructions:
BB 2
	outgoing: 3 
	datadep: 
	instructions:
		 0: def_%self 
		 1: def_%v_0 
		 2: COPY TYPE_CurrentScope def_%current_scope 
		 3: COPY TYPE_ScopeModule def_%current_module 
		 4: 
		 5: 
		 6: %self->repository def_%v_3 %self[2.0,] 	 SYMBOL:	 ARGS:
		 7: %self->current_user def_%v_4 %self[2.0,2.6,] 	 SYMBOL:	 ARGS:
		 8: GETFIELD %self->file_path def_%v_5 %self[2.0,2.6,2.7,] 
		 9: GETFIELD %self->file_content def_%v_6 %self[2.0,2.6,2.7,] 
		 10: GETFIELD %self->commit_message def_%v_7 %self[2.0,2.6,2.7,] 
		 11: GETFIELD %self->target_branch def_%v_8 %self[2.0,2.6,2.7,] 
		 12: %v_3->commit_file def_%v_9 %v_3[2.6,] %v_4[2.7,] %v_5[2.8,] %v_6[2.9,] %v_7[2.10,] %v_8[2.11,] 	 SYMBOL:	 ARGS:%v_4,%v_5,%v_6,%v_7,%v_8,Boolean,
		 13: RETURN %v_9[2.12,] %self[2.0,2.6,2.7,] 
BB 3
	outgoing: 
	datadep: 
	instructions:

SET IRMethod, name = validate instanceMethod = true
BB 1
	outgoing: 26 2 
	datadep: 
	instructions:
BB 2
	outgoing: 3 4 
	datadep: 
	instructions:
		 0: def_%self 
		 1: def_%v_0 
		 2: COPY TYPE_CurrentScope def_%current_scope 
		 3: COPY TYPE_ScopeModule def_%current_module 
		 4: 
		 5: 
		 6: %self->super def_%v_3 %v_0[2.1,] 	 SYMBOL:	 ARGS:
		 7: 
		 8: GETFIELD %self->file_path def_%v_4 %self[2.0,] 
		 9: (Gitlab) def_%v_5 
		 10: (inherit Regex) def_%v_6 %v_5[2.9,] 
		 11: %v_6[2.10,] 
BB 3
	outgoing: 4 
	datadep: 
	instructions:
		 0: %v_5->const_missing def_%v_6 %v_5[2.9,] 	 SYMBOL:Regex,	 ARGS:Symbol,
BB 4
	outgoing: 5 8 
	datadep: 
	instructions:
		 0: %v_6->directory_traversal_regex def_%v_7 %v_6[3.0,2.10,] 	 SYMBOL:	 ARGS:
		 1: %v_4->=~ def_%v_8 %v_4[2.8,] %v_7[4.0,] 	 SYMBOL:	 ARGS:%v_7,
		 2: BRANCH %v_8[4.1,] 
BB 5
	outgoing: 6 7 
	datadep: 
	instructions:
		 0: 
		 1: COPY TYPE_StringLiteral "Your changes could not be committed, because the file name " def_%v_9 
		 2: (Gitlab) def_%v_10 
		 3: (inherit Regex) def_%v_11 %v_10[5.2,] 
		 4: %v_11[5.3,] 
BB 6
	outgoing: 7 
	datadep: 
	instructions:
		 0: %v_10->const_missing def_%v_11 %v_10[5.2,] 	 SYMBOL:Regex,	 ARGS:Symbol,
BB 7
	outgoing: 9 
	datadep: 
	instructions:
		 0: %v_11->directory_traversal_regex_message def_%v_12 %v_11[6.0,5.3,] 	 SYMBOL:	 ARGS:
		 1: %v_9->+ def_%v_13 %v_9[5.1,] %v_12[7.0,] 	 SYMBOL:	 ARGS:%v_12,
		 2: %self->raise_error def_%v_14 %self[2.0,] %v_13[7.1,] 	 SYMBOL:	 ARGS:%v_13,
		 3: 
BB 8
	outgoing: 9 
	datadep: 
	instructions:
		 0: COPY TYPE_Nil def_%v_14 
BB 9
	outgoing: 10 11 
	datadep: 
	instructions:
		 0: 
		 1: GETFIELD %self->file_path def_%v_15 %self[2.0,] 
		 2: (Gitlab) def_%v_16 
		 3: (inherit Regex) def_%v_17 %v_16[9.2,] 
		 4: %v_17[9.3,] 
BB 10
	outgoing: 11 
	datadep: 
	instructions:
		 0: %v_16->const_missing def_%v_17 %v_16[9.2,] 	 SYMBOL:Regex,	 ARGS:Symbol,
BB 11
	outgoing: 12 13 
	datadep: 
	instructions:
		 0: %v_17->file_path_regex def_%v_18 %v_17[10.0,9.3,] 	 SYMBOL:	 ARGS:
		 1: %v_15->=~ def_%v_19 %v_15[9.1,] %v_18[11.0,] 	 SYMBOL:	 ARGS:%v_18,
		 2: BRANCH %v_19[11.1,] 
BB 12
	outgoing: 16 
	datadep: 
	instructions:
		 0: COPY TYPE_Nil def_%v_20 
		 1: 
BB 13
	outgoing: 14 15 
	datadep: 
	instructions:
		 0: 
		 1: COPY TYPE_StringLiteral "Your changes could not be committed, because the file name " def_%v_21 
		 2: (Gitlab) def_%v_22 
		 3: (inherit Regex) def_%v_23 %v_22[13.2,] 
		 4: %v_23[13.3,] 
BB 14
	outgoing: 15 
	datadep: 
	instructions:
		 0: %v_22->const_missing def_%v_23 %v_22[13.2,] 	 SYMBOL:Regex,	 ARGS:Symbol,
BB 15
	outgoing: 16 
	datadep: 
	instructions:
		 0: %v_23->file_path_regex_message def_%v_24 %v_23[14.0,13.3,] 	 SYMBOL:	 ARGS:
		 1: %v_21->+ def_%v_25 %v_21[13.1,] %v_24[15.0,] 	 SYMBOL:	 ARGS:%v_24,
		 2: %self->raise_error def_%v_26 %self[2.0,] %v_25[15.1,] 	 SYMBOL:	 ARGS:%v_25,
		 3: COPY TYPE_PASS def_%v_20 %v_26[15.2,] 
BB 16
	outgoing: 17 18 
	datadep: 
	instructions:
		 0: 
		 1: %self->project def_%v_27 %self[2.0,] 	 SYMBOL:	 ARGS:
		 2: %v_27->empty_repo? def_%v_28 %v_27[16.1,] 	 SYMBOL:	 ARGS:
		 3: BRANCH %v_28[16.2,] 
BB 17
	outgoing: 26 
	datadep: 
	instructions:
		 0: COPY TYPE_Nil def_%v_29 
		 1: RETURN %v_29[17.0,] %self[2.0,] 
BB 18
	outgoing: 19 20 
	datadep: 
	instructions:
		 0: 
		 1: GETFIELD %self->file_path def_%v_30 %self[2.0,] 
		 2: COPY TYPE_StringLiteral "/" def_%v_31 
		 3: %v_30->start_with? def_%v_32 %v_30[18.1,] %v_31[18.2,] 	 SYMBOL:	 ARGS:%v_31,
		 4: BRANCH %v_32[18.3,] 
BB 19
	outgoing: 21 
	datadep: 
	instructions:
		 0: GETFIELD %self->file_path def_%v_33 %self[2.0,] 
		 1: %v_33->slice! def_%v_34 %v_33[19.0,] 	 SYMBOL:	 ARGS:Fixnum,
		 2: 
BB 20
	outgoing: 21 
	datadep: 
	instructions:
		 0: COPY TYPE_Nil def_%v_34 
BB 21
	outgoing: 22 23 
	datadep: 
	instructions:
		 0: 
		 1: %self->repository def_%v_35 %self[2.0,] 	 SYMBOL:	 ARGS:
		 2: GETFIELD %self->source_branch def_%v_36 %self[21.1,2.0,] 
		 3: GETFIELD %self->file_path def_%v_37 %self[21.1,2.0,] 
		 4: %v_35->blob_at_branch def_%v_38 %v_35[21.1,] %v_36[21.2,] %v_37[21.3,] 	 SYMBOL:	 ARGS:%v_36,%v_37,
		 5: COPY TYPE_PASS def_blob %v_38[21.4,] 
		 6: 
		 7: BRANCH %v_38[21.4,] 
BB 22
	outgoing: 24 
	datadep: 
	instructions:
		 0: 
		 1: COPY TYPE_StringLiteral "Your changes could not be committed because a file with the same name already exists" def_%v_39 
		 2: %self->raise_error def_%v_40 %self[2.0,] %v_39[22.1,] 	 SYMBOL:	 ARGS:%v_39,
		 3: 
BB 23
	outgoing: 24 
	datadep: 
	instructions:
		 0: COPY TYPE_Nil def_%v_40 
BB 24
	outgoing: 26 
	datadep: 
	instructions:
		 0: RETURN %v_40[23.0,22.2,] %self[2.0,] 
BB 26
	outgoing: 
	datadep: 
	instructions:

