SET IRMethod, name = current_resource_owner instanceMethod = true
BB 1
	outgoing: 6 2 
	datadep: 
	instructions:
BB 2
	outgoing: 3 4 
	datadep: 
	instructions:
		 0: def_%self 
		 1: def_%v_0 
		 2: COPY TYPE_CurrentScope def_%current_scope 
		 3: COPY TYPE_ScopeModule def_%current_module 
		 4: 
		 5: 
		 6: %self->doorkeeper_token def_%v_3 %self[2.0,] 	 SYMBOL:	 ARGS:
		 7: BRANCH %v_3[2.6,] 
BB 3
	outgoing: 6 
	datadep: 
	instructions:
		 0: (User) def_%v_4 
		 1: %self->doorkeeper_token def_%v_5 %self[2.0,] 	 SYMBOL:	 ARGS:
		 2: %v_5->resource_owner_id def_%v_6 %v_5[3.1,] 	 SYMBOL:	 ARGS:
		 3: %v_4->find def_%v_7 %v_4[3.0,] %v_6[3.2,] 	 SYMBOL:	 ARGS:%v_6,
		 4: RETURN %v_7[3.3,] %self[3.1,2.0,] 
BB 4
	outgoing: 6 
	datadep: 
	instructions:
		 0: RETURN %self[2.0,] 
BB 6
	outgoing: 
	datadep: 
	instructions:

