SET IRMethod, name = show instanceMethod = true
BB 1
	outgoing: 3 2 
	datadep: 
	instructions:
BB 2
	outgoing: 3 
	datadep: 
	instructions:
		 0: def_%self 
		 1: def_%v_0 
		 2: COPY TYPE_CurrentScope def_%current_scope 
		 3: COPY TYPE_ScopeModule def_%current_module 
		 4: 
		 5: 
		 6: %self->edit_admin_configuration_url def_%v_3 %self[2.0,] 	 SYMBOL:	 ARGS:
		 7: %self->redirect_to def_%v_4 %self[2.0,2.6,] %v_3[2.6,] 	 SYMBOL:	 ARGS:%v_3,
		 8: RETURN %v_4[2.7,] %self[2.0,2.6,2.7,] 
BB 3
	outgoing: 
	datadep: 
	instructions:

SET IRMethod, name = edit instanceMethod = true
BB 1
	outgoing: 3 2 
	datadep: 
	instructions:
BB 2
	outgoing: 3 
	datadep: 
	instructions:
		 0: def_%self 
		 1: def_%v_0 
		 2: COPY TYPE_CurrentScope def_%current_scope 
		 3: COPY TYPE_ScopeModule def_%current_module 
		 4: 
		 5: 
		 6: %self->ruby_code_from_view def_%v_3 %self[2.0,] 	 SYMBOL:	 ARGS:
		 7: %v_3->ruby_code_from_view def_%v_4 %v_3[2.6,] %self[2.0,2.6,] 	 SYMBOL:	 ARGS:%v_3,
CLOSURE BEGIN: %self[2.0,2.6,] f[] t[] 
BB 1
	outgoing: 78 2 
	datadep: 
	instructions:
BB 2
	outgoing: 3 
	datadep: 
	instructions:
		 0: def_%self 
		 1: def_%cl_1_0 
		 2: RECEIVEARG def_rb_from_view 
		 3: COPY TYPE_CurrentScope def_%current_scope 
		 4: COPY TYPE_ScopeModule def_%current_module 
BB 3
	outgoing: 4 5 76 
	datadep: 
	instructions:
		 0: 
		 1: GETFIELD %self->page_title def_%cl_1_3 %self[2.0,] 
		 2: (Sugar) def_%cl_1_4 
		 3: %cl_1_4->config def_%cl_1_5 %cl_1_4[3.2,] 	 SYMBOL:	 ARGS:
		 4: %cl_1_5->forum_name def_%cl_1_6 %cl_1_5[3.3,] 	 SYMBOL:	 ARGS:
		 5: COPY TYPE_Array def_%cl_1_7 %cl_1_3[3.1,] %cl_1_6[3.4,] 
		 6: %cl_1_7->compact def_%cl_1_8 %cl_1_7[3.5,] 	 SYMBOL:	 ARGS:
		 7: COPY TYPE_StringLiteral " - " def_%cl_1_9 
		 8: %cl_1_8->join def_%cl_1_10 %cl_1_8[3.6,] %cl_1_9[3.7,] 	 SYMBOL:	 ARGS:%cl_1_9,
		 9: 
		 10: COPY TYPE_StringLiteral "application" def_%cl_1_11 
		 11: %self->stylesheet_link_tag def_%cl_1_12 %self[2.0,] %cl_1_11[3.10,] 	 SYMBOL:	 ARGS:%cl_1_11,
		 12: 
		 13: %self->current_user? def_%cl_1_13 %self[3.11,2.0,] 	 SYMBOL:	 ARGS:
		 14: BRANCH %cl_1_13[3.13,] 
BB 4
	outgoing: 5 76 
	datadep: 
	instructions:
		 0: %self->current_user def_%cl_1_14 %self[2.0,] 	 SYMBOL:	 ARGS:
		 1: %cl_1_14->stylesheet_url? def_%cl_1_15 %cl_1_14[4.0,] 	 SYMBOL:	 ARGS:
		 2: COPY TYPE_PASS def_%cl_1_13 %cl_1_15[4.1,] 
BB 5
	outgoing: 6 7 
	datadep: 
	instructions:
		 0: BRANCH %cl_1_13[4.2,3.13,] 
BB 6
	outgoing: 8 76 
	datadep: 
	instructions:
		 0: 
		 1: %self->current_user def_%cl_1_16 %self[2.0,] 	 SYMBOL:	 ARGS:
		 2: %cl_1_16->stylesheet_url def_%cl_1_17 %cl_1_16[6.1,] 	 SYMBOL:	 ARGS:
		 3: %self->stylesheet_link_tag def_%cl_1_18 %self[6.1,2.0,] %cl_1_17[6.2,] 	 SYMBOL:	 ARGS:%cl_1_17,
		 4: 
BB 7
	outgoing: 8 76 
	datadep: 
	instructions:
		 0: 
		 1: GETFIELD %self->theme def_%cl_1_19 %self[2.0,] 
		 2: %cl_1_19->stylesheet_path def_%cl_1_20 %cl_1_19[7.1,] 	 SYMBOL:	 ARGS:
		 3: %self->stylesheet_link_tag def_%cl_1_21 %self[2.0,] %cl_1_20[7.2,] 	 SYMBOL:	 ARGS:%cl_1_20,
		 4: COPY TYPE_PASS def_%cl_1_18 %cl_1_21[7.3,] 
BB 8
	outgoing: 9 10 76 
	datadep: 
	instructions:
		 0: 
		 1: %self->icon_tags def_%cl_1_22 %self[2.0,] 	 SYMBOL:	 ARGS:
		 2: 
		 3: %self->csrf_meta_tag def_%cl_1_23 %self[8.1,2.0,] 	 SYMBOL:	 ARGS:
		 4: 
		 5: COPY TYPE_StringLiteral "swfobject" def_%cl_1_24 
		 6: %self->javascript_include_tag def_%cl_1_25 %self[8.1,8.3,2.0,] %cl_1_24[8.5,] 	 SYMBOL:	 ARGS:%cl_1_24,
		 7: 
		 8: %self->body_classes def_%cl_1_26 %self[8.1,8.3,8.6,2.0,] 	 SYMBOL:	 ARGS:
		 9: 
		 10: (Sugar) def_%cl_1_27 
		 11: %cl_1_27->config def_%cl_1_28 %cl_1_27[8.10,] 	 SYMBOL:	 ARGS:
		 12: %cl_1_28->custom_header def_%cl_1_29 %cl_1_28[8.11,] 	 SYMBOL:	 ARGS:
		 13: BRANCH %cl_1_29[8.12,] 
BB 9
	outgoing: 11 76 
	datadep: 
	instructions:
		 0: 
		 1: (Sugar) def_%cl_1_30 
		 2: %cl_1_30->config def_%cl_1_31 %cl_1_30[9.1,] 	 SYMBOL:	 ARGS:
		 3: %cl_1_31->custom_header def_%cl_1_32 %cl_1_31[9.2,] 	 SYMBOL:	 ARGS:
		 4: %self->raw def_%cl_1_33 %self[2.0,] %cl_1_32[9.3,] 	 SYMBOL:	 ARGS:%cl_1_32,
		 5: 
BB 10
	outgoing: 11 
	datadep: 
	instructions:
		 0: COPY TYPE_Nil def_%cl_1_33 
BB 11
	outgoing: 12 13 76 
	datadep: 
	instructions:
		 0: 
		 1: (Sugar) def_%cl_1_34 
		 2: %cl_1_34->config def_%cl_1_35 %cl_1_34[11.1,] 	 SYMBOL:	 ARGS:
		 3: %cl_1_35->forum_title def_%cl_1_36 %cl_1_35[11.2,] 	 SYMBOL:	 ARGS:
		 4: %cl_1_36->html_safe def_%cl_1_37 %cl_1_36[11.3,] 	 SYMBOL:	 ARGS:
		 5: 
		 6: %self->current_user? def_%cl_1_38 %self[2.0,] 	 SYMBOL:	 ARGS:
		 7: BRANCH %cl_1_38[11.6,] 
BB 12
	outgoing: 13 76 
	datadep: 
	instructions:
		 0: (Sugar) def_%cl_1_39 
		 1: %cl_1_39->public_browsing? def_%cl_1_40 %cl_1_39[12.0,] 	 SYMBOL:	 ARGS:
		 2: COPY TYPE_PASS def_%cl_1_38 %cl_1_40[12.1,] 
BB 13
	outgoing: 14 17 
	datadep: 
	instructions:
		 0: BRANCH %cl_1_38[12.2,11.6,] 
BB 14
	outgoing: 15 16 
	datadep: 
	instructions:
		 0: 
		 1: GETFIELD %self->search_path def_%cl_1_41 %self[2.0,] 
		 2: BRANCH %cl_1_41[14.1,] 
BB 15
	outgoing: 16 76 
	datadep: 
	instructions:
		 0: %self->search_path def_%cl_1_42 %self[2.0,] 	 SYMBOL:	 ARGS:
		 1: COPY TYPE_PASS def_%cl_1_41 %cl_1_42[15.0,] 
BB 16
	outgoing: 18 76 
	datadep: 
	instructions:
		 0: COPY TYPE_StringLiteral "get" def_%cl_1_43 
		 1: HASH-method- def_%cl_1_44 %cl_1_43[16.0,] 
		 2: %self->form_tag def_%cl_1_45 %self[2.0,] %cl_1_41[15.1,14.1,] %cl_1_44[16.1,] %self[2.0,] 	 SYMBOL:	 ARGS:%cl_1_41,%cl_1_44,%self,
CLOSURE BEGIN: %self[2.0,] 
BB 1
	outgoing: 8 2 
	datadep: 
	instructions:
BB 2
	outgoing: 3 
	datadep: 
	instructions:
		 0: def_%self 
		 1: def_%cl_2_0 
		 2: COPY TYPE_CurrentScope def_%current_scope 
		 3: COPY TYPE_ScopeModule def_%current_module 
BB 3
	outgoing: 4 5 6 
	datadep: 
	instructions:
		 0: 
		 1: COPY TYPE_StringLiteral "q" def_%cl_2_3 
		 2: GETFIELD %self->search_query def_%cl_2_4 %self[2.0,] 
		 3: HASH-class- def_%cl_2_5 
		 4: %self->text_field_tag def_%cl_2_6 %self[2.0,] %cl_2_3[3.1,] %cl_2_4[3.2,] %cl_2_5[3.3,] 	 SYMBOL:	 ARGS:%cl_2_3,%cl_2_4,%cl_2_5,
		 5: 
		 6: COPY TYPE_StringLiteral "search_mode" def_%cl_2_7 
		 7: %self->search_mode_options def_%cl_2_8 %self[3.4,2.0,] 	 SYMBOL:	 ARGS:
		 8: GETFIELD %self->search_path def_%cl_2_9 %self[3.4,3.7,2.0,] 
		 9: BRANCH %cl_2_9[3.8,] 
BB 4
	outgoing: 5 6 
	datadep: 
	instructions:
		 0: %self->search_path def_%cl_2_10 %self[2.0,] 	 SYMBOL:	 ARGS:
		 1: COPY TYPE_PASS def_%cl_2_9 %cl_2_10[4.0,] 
BB 5
	outgoing: 6 8 
	datadep: 
	instructions:
		 0: %self->options_for_select def_%cl_2_11 %self[2.0,] %cl_2_8[3.7,] %cl_2_9[4.1,3.8,] 	 SYMBOL:	 ARGS:%cl_2_8,%cl_2_9,
		 1: %self->select_tag def_%cl_2_12 %self[5.0,2.0,] %cl_2_7[3.6,] %cl_2_11[5.0,] 	 SYMBOL:	 ARGS:%cl_2_7,%cl_2_11,
		 2: 
		 3: COPY TYPE_StringLiteral "Search" def_%cl_2_13 
		 4: HASH-name- def_%cl_2_14 
		 5: %self->submit_tag def_%cl_2_15 %self[5.0,5.1,2.0,] %cl_2_13[5.3,] %cl_2_14[5.4,] 	 SYMBOL:	 ARGS:%cl_2_13,%cl_2_14,
		 6: RETURN %cl_2_15[5.5,] %self[5.0,5.1,5.5,2.0,] 
BB 6
	outgoing: 8 
	datadep: 
	instructions:
		 0: def_%cl_2_16 
		 1: def_%cl_2_17 %cl_2_16[6.0,] 
		 2: RETURN %cl_2_17[6.1,] %self[2.0,] 
BB 8
	outgoing: 
	datadep: 
	instructions:
CLOSURE END: 
		 3: 
BB 17
	outgoing: 18 
	datadep: 
	instructions:
		 0: COPY TYPE_Nil def_%cl_1_45 
BB 18
	outgoing: 19 20 76 
	datadep: 
	instructions:
		 0: 
		 1: %self->current_user? def_%cl_1_46 %self[2.0,] 	 SYMBOL:	 ARGS:
		 2: BRANCH %cl_1_46[18.1,] 
BB 19
	outgoing: 24 76 
	datadep: 
	instructions:
		 0: 
		 1: %self->current_user def_%cl_1_47 %self[2.0,] 	 SYMBOL:	 ARGS:
		 2: %self->profile_link def_%cl_1_48 %self[19.1,2.0,] %cl_1_47[19.1,] 	 SYMBOL:	 ARGS:%cl_1_47,
		 3: 
		 4: COPY TYPE_StringLiteral "Sign out" def_%cl_1_49 
		 5: %self->logout_users_path def_%cl_1_50 %self[19.1,19.2,2.0,] 	 SYMBOL:	 ARGS:
		 6: COPY TYPE_StringLiteral "Do you really want to sign out?" def_%cl_1_51 
		 7: HASH-confirm- def_%cl_1_52 %cl_1_51[19.6,] 
		 8: HASH-data- def_%cl_1_53 %cl_1_52[19.7,] 
		 9: %self->link_to def_%cl_1_54 %self[19.1,19.2,19.5,2.0,] %cl_1_49[19.4,] %cl_1_50[19.5,] %cl_1_53[19.8,] 	 SYMBOL:	 ARGS:%cl_1_49,%cl_1_50,%cl_1_53,
		 10: 
BB 20
	outgoing: 21 22 76 
	datadep: 
	instructions:
		 0: 
		 1: (Sugar) def_%cl_1_55 
		 2: %cl_1_55->config def_%cl_1_56 %cl_1_55[20.1,] 	 SYMBOL:	 ARGS:
		 3: %cl_1_56->signups_allowed def_%cl_1_57 %cl_1_56[20.2,] 	 SYMBOL:	 ARGS:
		 4: BRANCH %cl_1_57[20.3,] 
BB 21
	outgoing: 23 76 
	datadep: 
	instructions:
		 0: 
		 1: COPY TYPE_StringLiteral "Sign up" def_%cl_1_58 
		 2: %self->new_user_path def_%cl_1_59 %self[2.0,] 	 SYMBOL:	 ARGS:
		 3: %self->link_to def_%cl_1_60 %self[21.2,2.0,] %cl_1_58[21.1,] %cl_1_59[21.2,] 	 SYMBOL:	 ARGS:%cl_1_58,%cl_1_59,
		 4: 
BB 22
	outgoing: 23 
	datadep: 
	instructions:
		 0: COPY TYPE_Nil def_%cl_1_60 
BB 23
	outgoing: 24 76 
	datadep: 
	instructions:
		 0: 
		 1: COPY TYPE_StringLiteral "Log in" def_%cl_1_61 
		 2: %self->login_users_path def_%cl_1_62 %self[2.0,] 	 SYMBOL:	 ARGS:
		 3: %self->link_to def_%cl_1_63 %self[23.2,2.0,] %cl_1_61[23.1,] %cl_1_62[23.2,] 	 SYMBOL:	 ARGS:%cl_1_61,%cl_1_62,
		 4: COPY TYPE_PASS def_%cl_1_54 %cl_1_63[23.3,] 
BB 24
	outgoing: 25 26 76 
	datadep: 
	instructions:
		 0: 
		 1: %self->current_user? def_%cl_1_64 %self[2.0,] 	 SYMBOL:	 ARGS:
		 2: BRANCH %cl_1_64[24.1,] 
BB 25
	outgoing: 26 76 
	datadep: 
	instructions:
		 0: (Sugar) def_%cl_1_65 
		 1: %cl_1_65->public_browsing? def_%cl_1_66 %cl_1_65[25.0,] 	 SYMBOL:	 ARGS:
		 2: COPY TYPE_PASS def_%cl_1_64 %cl_1_66[25.1,] 
BB 26
	outgoing: 27 46 
	datadep: 
	instructions:
		 0: BRANCH %cl_1_64[25.2,24.1,] 
BB 27
	outgoing: 28 32 76 
	datadep: 
	instructions:
		 0: 
		 1: COPY TYPE_StringLiteral "Discussions" def_%cl_1_67 
		 2: %self->discussions_path def_%cl_1_68 %self[2.0,] 	 SYMBOL:	 ARGS:
		 3: %self->header_tab def_%cl_1_69 %self[27.2,2.0,] %cl_1_67[27.1,] %cl_1_68[27.2,] 	 SYMBOL:	 ARGS:%cl_1_67,%cl_1_68,
		 4: 
		 5: %self->current_user? def_%cl_1_70 %self[27.2,27.3,2.0,] 	 SYMBOL:	 ARGS:
		 6: BRANCH %cl_1_70[27.5,] 
BB 28
	outgoing: 29 30 76 
	datadep: 
	instructions:
		 0: 
		 1: COPY TYPE_StringLiteral "Following" def_%cl_1_71 
		 2: %self->following_discussions_path def_%cl_1_72 %self[2.0,] 	 SYMBOL:	 ARGS:
		 3: %self->header_tab def_%cl_1_73 %self[28.2,2.0,] %cl_1_71[28.1,] %cl_1_72[28.2,] 	 SYMBOL:	 ARGS:%cl_1_71,%cl_1_72,
		 4: 
		 5: COPY TYPE_StringLiteral "Favorites" def_%cl_1_74 
		 6: %self->favorites_discussions_path def_%cl_1_75 %self[28.2,28.3,2.0,] 	 SYMBOL:	 ARGS:
		 7: %self->header_tab def_%cl_1_76 %self[28.2,28.3,28.6,2.0,] %cl_1_74[28.5,] %cl_1_75[28.6,] 	 SYMBOL:	 ARGS:%cl_1_74,%cl_1_75,
		 8: 
		 9: %self->current_user def_%cl_1_77 %self[28.2,28.3,28.6,28.7,2.0,] 	 SYMBOL:	 ARGS:
		 10: %cl_1_77->unread_conversations? def_%cl_1_78 %cl_1_77[28.9,] 	 SYMBOL:	 ARGS:
		 11: BRANCH %cl_1_78[28.10,] 
BB 29
	outgoing: 31 76 
	datadep: 
	instructions:
		 0: 
		 1: COPY TYPE_StringLiteral "Conversations (" def_%cl_1_79 
		 2: 
		 3: %self->current_user def_%cl_1_80 %self[2.0,] 	 SYMBOL:	 ARGS:
		 4: %cl_1_80->unread_conversations_count def_%cl_1_81 %cl_1_80[29.3,] 	 SYMBOL:	 ARGS:
		 5: COPY TYPE_StringLiteral ")" def_%cl_1_82 
		 6: BUILDSTRING def_%cl_1_83 %cl_1_79[29.1,] %cl_1_81[29.4,] %cl_1_82[29.5,] 
		 7: %self->conversations_path def_%cl_1_84 %self[29.3,2.0,] 	 SYMBOL:	 ARGS:
		 8: COPY TYPE_StringLiteral "new" def_%cl_1_85 
		 9: HASH-section-class- def_%cl_1_86 %cl_1_85[29.8,] 
		 10: %self->header_tab def_%cl_1_87 %self[29.3,29.7,2.0,] %cl_1_83[29.6,] %cl_1_84[29.7,] %cl_1_86[29.9,] 	 SYMBOL:	 ARGS:%cl_1_83,%cl_1_84,%cl_1_86,
		 11: 
BB 30
	outgoing: 31 76 
	datadep: 
	instructions:
		 0: 
		 1: COPY TYPE_StringLiteral "Conversations" def_%cl_1_88 
		 2: %self->conversations_path def_%cl_1_89 %self[2.0,] 	 SYMBOL:	 ARGS:
		 3: %self->header_tab def_%cl_1_90 %self[30.2,2.0,] %cl_1_88[30.1,] %cl_1_89[30.2,] 	 SYMBOL:	 ARGS:%cl_1_88,%cl_1_89,
		 4: COPY TYPE_PASS def_%cl_1_87 %cl_1_90[30.3,] 
BB 31
	outgoing: 33 
	datadep: 
	instructions:
		 0: 
BB 32
	outgoing: 33 
	datadep: 
	instructions:
		 0: COPY TYPE_Nil def_%cl_1_87 
BB 33
	outgoing: 34 37 76 
	datadep: 
	instructions:
		 0: 
		 1: COPY TYPE_StringLiteral "Users" def_%cl_1_91 
		 2: %self->online_users_path def_%cl_1_92 %self[2.0,] 	 SYMBOL:	 ARGS:
		 3: %self->header_tab def_%cl_1_93 %self[33.2,2.0,] %cl_1_91[33.1,] %cl_1_92[33.2,] 	 SYMBOL:	 ARGS:%cl_1_91,%cl_1_92,
		 4: 
		 5: %self->current_user? def_%cl_1_94 %self[33.2,33.3,2.0,] 	 SYMBOL:	 ARGS:
		 6: BRANCH %cl_1_94[33.5,] 
BB 34
	outgoing: 35 36 76 
	datadep: 
	instructions:
		 0: %self->current_user def_%cl_1_95 %self[2.0,] 	 SYMBOL:	 ARGS:
		 1: %cl_1_95->invites? def_%cl_1_96 %cl_1_95[34.0,] 	 SYMBOL:	 ARGS:
		 2: BRANCH %cl_1_96[34.1,] 
BB 35
	outgoing: 36 76 
	datadep: 
	instructions:
		 0: %self->current_user def_%cl_1_97 %self[2.0,] 	 SYMBOL:	 ARGS:
		 1: %cl_1_97->available_invites? def_%cl_1_98 %cl_1_97[35.0,] 	 SYMBOL:	 ARGS:
		 2: COPY TYPE_PASS def_%cl_1_96 %cl_1_98[35.1,] 
BB 36
	outgoing: 37 
	datadep: 
	instructions:
		 0: COPY TYPE_PASS def_%cl_1_94 %cl_1_96[35.2,34.1,] 
BB 37
	outgoing: 38 44 
	datadep: 
	instructions:
		 0: BRANCH %cl_1_94[36.0,33.5,] 
BB 38
	outgoing: 39 40 76 
	datadep: 
	instructions:
		 0: 
		 1: %self->current_user def_%cl_1_99 %self[2.0,] 	 SYMBOL:	 ARGS:
		 2: %cl_1_99->user_admin? def_%cl_1_100 %cl_1_99[38.1,] 	 SYMBOL:	 ARGS:
		 3: %cl_1_100->! def_%cl_1_101 %cl_1_100[38.2,] 	 SYMBOL:	 ARGS:
		 4: BRANCH %cl_1_101[38.3,] 
BB 39
	outgoing: 40 76 
	datadep: 
	instructions:
		 0: %self->current_user def_%cl_1_102 %self[2.0,] 	 SYMBOL:	 ARGS:
		 1: %cl_1_102->available_invites? def_%cl_1_103 %cl_1_102[39.0,] 	 SYMBOL:	 ARGS:
		 2: COPY TYPE_PASS def_%cl_1_101 %cl_1_103[39.1,] 
BB 40
	outgoing: 41 42 
	datadep: 
	instructions:
		 0: BRANCH %cl_1_101[39.2,38.3,] 
BB 41
	outgoing: 43 76 
	datadep: 
	instructions:
		 0: 
		 1: COPY TYPE_StringLiteral "Invites (" def_%cl_1_104 
		 2: 
		 3: %self->current_user def_%cl_1_105 %self[2.0,] 	 SYMBOL:	 ARGS:
		 4: %cl_1_105->available_invites def_%cl_1_106 %cl_1_105[41.3,] 	 SYMBOL:	 ARGS:
		 5: COPY TYPE_StringLiteral ")" def_%cl_1_107 
		 6: BUILDSTRING def_%cl_1_108 %cl_1_104[41.1,] %cl_1_106[41.4,] %cl_1_107[41.5,] 
		 7: %self->invites_path def_%cl_1_109 %self[41.3,2.0,] 	 SYMBOL:	 ARGS:
		 8: HASH-section- def_%cl_1_110 
		 9: %self->header_tab def_%cl_1_111 %self[41.3,41.7,2.0,] %cl_1_108[41.6,] %cl_1_109[41.7,] %cl_1_110[41.8,] 	 SYMBOL:	 ARGS:%cl_1_108,%cl_1_109,%cl_1_110,
		 10: 
BB 42
	outgoing: 43 76 
	datadep: 
	instructions:
		 0: 
		 1: COPY TYPE_StringLiteral "Invites" def_%cl_1_112 
		 2: %self->invites_path def_%cl_1_113 %self[2.0,] 	 SYMBOL:	 ARGS:
		 3: %self->header_tab def_%cl_1_114 %self[42.2,2.0,] %cl_1_112[42.1,] %cl_1_113[42.2,] 	 SYMBOL:	 ARGS:%cl_1_112,%cl_1_113,
		 4: COPY TYPE_PASS def_%cl_1_111 %cl_1_114[42.3,] 
BB 43
	outgoing: 45 
	datadep: 
	instructions:
		 0: 
BB 44
	outgoing: 45 
	datadep: 
	instructions:
		 0: COPY TYPE_Nil def_%cl_1_111 
BB 45
	outgoing: 47 
	datadep: 
	instructions:
		 0: 
BB 46
	outgoing: 47 
	datadep: 
	instructions:
		 0: COPY TYPE_Nil def_%cl_1_111 
BB 47
	outgoing: 48 49 76 
	datadep: 
	instructions:
		 0: 
		 1: %self->flash def_%cl_1_115 %self[2.0,] 	 SYMBOL:	 ARGS:
		 2: %cl_1_115->[] def_%cl_1_116 %cl_1_115[47.1,] 	 SYMBOL:notice,	 ARGS:Symbol,
		 3: BRANCH %cl_1_116[47.2,] 
BB 48
	outgoing: 50 76 
	datadep: 
	instructions:
		 0: 
		 1: %self->flash def_%cl_1_117 %self[2.0,] 	 SYMBOL:	 ARGS:
		 2: %cl_1_117->[] def_%cl_1_118 %cl_1_117[48.1,] 	 SYMBOL:notice,	 ARGS:Symbol,
		 3: %self->raw def_%cl_1_119 %self[48.1,2.0,] %cl_1_118[48.2,] 	 SYMBOL:	 ARGS:%cl_1_118,
		 4: 
BB 49
	outgoing: 50 
	datadep: 
	instructions:
		 0: COPY TYPE_Nil def_%cl_1_119 
BB 50
	outgoing: 51 52 76 
	datadep: 
	instructions:
		 0: 
		 1: %self->content_for? def_%cl_1_120 %self[2.0,] 	 SYMBOL:sidebar,	 ARGS:Symbol,
		 2: BRANCH %cl_1_120[50.1,] 
BB 51
	outgoing: 53 76 
	datadep: 
	instructions:
		 0: 
		 1: def_%cl_1_121 %cl_1_0[2.1,] 
		 2: 
BB 52
	outgoing: 53 
	datadep: 
	instructions:
		 0: COPY TYPE_Nil def_%cl_1_121 
BB 53
	outgoing: 54 55 76 
	datadep: 
	instructions:
		 0: 
		 1: COPY TYPE_StringLiteral "admin configuration" def_%cl_1_122 
		 2: %self->add_body_class def_%cl_1_123 %self[2.0,] %cl_1_122[53.1,] 	 SYMBOL:	 ARGS:%cl_1_122,
		 3: 
		 4: COPY TYPE_StringLiteral "configuration.configuration" def_%cl_1_124 
		 5: %self->t def_%cl_1_125 %self[53.2,2.0,] %cl_1_124[53.4,] 	 SYMBOL:	 ARGS:%cl_1_124,
		 6: ATTRASSIGN %self->page_title %cl_1_125[53.5,] 
		 7: 
		 8: COPY TYPE_StringLiteral "admin" def_%cl_1_126 
		 9: %self->t def_%cl_1_127 %self[53.2,53.5,53.6,2.0,] %cl_1_126[53.8,] 	 SYMBOL:	 ARGS:%cl_1_126,
		 10: %self->admin_path def_%cl_1_128 %self[53.2,53.5,53.6,53.9,2.0,] 	 SYMBOL:	 ARGS:
		 11: %self->link_to def_%cl_1_129 %self[53.2,53.5,53.6,53.9,53.10,2.0,] %cl_1_127[53.9,] %cl_1_128[53.10,] 	 SYMBOL:	 ARGS:%cl_1_127,%cl_1_128,
		 12: 
		 13: COPY TYPE_StringLiteral "configuration.configuration" def_%cl_1_130 
		 14: %self->t def_%cl_1_131 %self[53.2,53.5,53.6,53.9,53.10,53.11,2.0,] %cl_1_130[53.13,] 	 SYMBOL:	 ARGS:%cl_1_130,
		 15: %self->admin_configuration_path def_%cl_1_132 %self[53.2,53.5,53.6,53.9,53.10,53.11,53.14,2.0,] 	 SYMBOL:	 ARGS:
		 16: %self->link_to def_%cl_1_133 %self[53.2,53.5,53.6,53.9,53.10,53.11,53.14,53.15,2.0,] %cl_1_131[53.14,] %cl_1_132[53.15,] 	 SYMBOL:	 ARGS:%cl_1_131,%cl_1_132,
		 17: 
		 18: COPY TYPE_StringLiteral "configuration.general_settings" def_%cl_1_134 
		 19: %self->t def_%cl_1_135 %self[53.2,53.5,53.6,53.9,53.10,53.11,53.14,53.15,53.16,2.0,] %cl_1_134[53.18,] 	 SYMBOL:	 ARGS:%cl_1_134,
		 20: 
		 21: COPY TYPE_StringLiteral "configuration.themes" def_%cl_1_136 
		 22: %self->t def_%cl_1_137 %self[53.2,53.5,53.6,53.9,53.10,53.11,53.14,53.15,53.16,53.19,2.0,] %cl_1_136[53.21,] 	 SYMBOL:	 ARGS:%cl_1_136,
		 23: 
		 24: COPY TYPE_StringLiteral "configuration.services_and_integration" def_%cl_1_138 
		 25: %self->t def_%cl_1_139 %self[53.2,53.5,53.6,53.9,53.10,53.11,53.14,53.15,53.16,53.19,53.22,2.0,] %cl_1_138[53.24,] 	 SYMBOL:	 ARGS:%cl_1_138,
		 26: 
		 27: COPY TYPE_StringLiteral "configuration.customization" def_%cl_1_140 
		 28: %self->t def_%cl_1_141 %self[53.2,53.5,53.6,53.9,53.10,53.11,53.14,53.15,53.16,53.19,53.22,53.25,2.0,] %cl_1_140[53.27,] 	 SYMBOL:	 ARGS:%cl_1_140,
		 29: 
		 30: (Sugar) def_%cl_1_142 
		 31: %cl_1_142->config def_%cl_1_143 %cl_1_142[53.30,] 	 SYMBOL:	 ARGS:
		 32: %self->admin_configuration_path def_%cl_1_144 %self[53.2,53.5,53.6,53.9,53.10,53.11,53.14,53.15,53.16,53.19,53.22,53.25,53.28,2.0,] 	 SYMBOL:	 ARGS:
		 33: (Sugar) def_%cl_1_145 
		 34: (inherit FormBuilder) def_%cl_1_146 %cl_1_145[53.33,] 
		 35: %cl_1_146[53.34,] 
BB 54
	outgoing: 55 76 
	datadep: 
	instructions:
		 0: %cl_1_145->const_missing def_%cl_1_146 %cl_1_145[53.33,] 	 SYMBOL:FormBuilder,	 ARGS:Symbol,
BB 55
	outgoing: 56 57 76 
	datadep: 
	instructions:
		 0: HASH-url-method-builder- def_%cl_1_147 %cl_1_144[53.32,] %cl_1_146[54.0,53.34,] 
		 1: %self->form_for def_%cl_1_148 %self[53.6,2.0,] %cl_1_143[53.31,] %cl_1_147[55.0,] %self[53.6,2.0,] 	 SYMBOL:	 ARGS:%cl_1_143,%cl_1_147,%self,
CLOSURE BEGIN: %self[53.6,2.0,] f[] t[] 
BB 1
	outgoing: 6 2 
	datadep: 
	instructions:
BB 2
	outgoing: 3 
	datadep: 
	instructions:
		 0: def_%self 
		 1: def_%cl_3_0 
		 2: RECEIVEARG def_f 
		 3: COPY TYPE_CurrentScope def_%current_scope 
		 4: COPY TYPE_ScopeModule def_%current_module 
BB 3
	outgoing: 4 6 
	datadep: 
	instructions:
		 0: 
		 1: COPY TYPE_StringLiteral "configuration.forum_name" def_%cl_3_3 
		 2: %self->t def_%cl_3_4 %self[2.0,] %cl_3_3[3.1,] 	 SYMBOL:	 ARGS:%cl_3_3,
		 3: 
		 4: HASH-size- def_%cl_3_5 
		 5: f->labelled_text_field def_%cl_3_6 f[2.2,] %cl_3_5[3.4,] 	 SYMBOL:forum_name,	 ARGS:Symbol,%cl_3_5,
		 6: 
		 7: COPY TYPE_StringLiteral "configuration.forum_title_description" def_%cl_3_7 
		 8: %self->t def_%cl_3_8 %self[3.2,2.0,] %cl_3_7[3.7,] 	 SYMBOL:	 ARGS:%cl_3_7,
		 9: HASH-size-description- def_%cl_3_9 %cl_3_8[3.8,] 
		 10: f->labelled_text_field def_%cl_3_10 f[3.5,2.2,] %cl_3_9[3.9,] 	 SYMBOL:forum_title,	 ARGS:Symbol,%cl_3_9,
		 11: 
		 12: COPY TYPE_StringLiteral "configuration.forum_short_name_description" def_%cl_3_11 
		 13: %self->t def_%cl_3_12 %self[3.2,3.8,2.0,] %cl_3_11[3.12,] 	 SYMBOL:	 ARGS:%cl_3_11,
		 14: HASH-size-description- def_%cl_3_13 %cl_3_12[3.13,] 
		 15: f->labelled_text_field def_%cl_3_14 f[3.5,3.10,2.2,] %cl_3_13[3.14,] 	 SYMBOL:forum_short_name,	 ARGS:Symbol,%cl_3_13,
		 16: 
		 17: COPY TYPE_StringLiteral "configuration.domain_and_email" def_%cl_3_15 
		 18: %self->t def_%cl_3_16 %self[3.2,3.8,3.13,2.0,] %cl_3_15[3.17,] 	 SYMBOL:	 ARGS:%cl_3_15,
		 19: 
		 20: COPY TYPE_StringLiteral "configuration.domain_names_description" def_%cl_3_17 
		 21: %self->t def_%cl_3_18 %self[3.2,3.8,3.13,3.18,2.0,] %cl_3_17[3.20,] 	 SYMBOL:	 ARGS:%cl_3_17,
		 22: HASH-size-description- def_%cl_3_19 %cl_3_18[3.21,] 
		 23: f->labelled_text_field def_%cl_3_20 f[3.5,3.10,3.15,2.2,] %cl_3_19[3.22,] 	 SYMBOL:domain_names,	 ARGS:Symbol,%cl_3_19,
		 24: 
		 25: COPY TYPE_StringLiteral "configuration.mail_sender_description" def_%cl_3_21 
		 26: %self->t def_%cl_3_22 %self[3.2,3.8,3.13,3.18,3.21,2.0,] %cl_3_21[3.25,] 	 SYMBOL:	 ARGS:%cl_3_21,
		 27: HASH-size-description- def_%cl_3_23 %cl_3_22[3.26,] 
		 28: f->labelled_text_field def_%cl_3_24 f[3.5,3.10,3.15,3.23,2.2,] %cl_3_23[3.27,] 	 SYMBOL:mail_sender,	 ARGS:Symbol,%cl_3_23,
		 29: 
		 30: COPY TYPE_StringLiteral "configuration.login_and_signup" def_%cl_3_25 
		 31: %self->t def_%cl_3_26 %self[3.2,3.8,3.13,3.18,3.21,3.26,2.0,] %cl_3_25[3.30,] 	 SYMBOL:	 ARGS:%cl_3_25,
		 32: 
		 33: COPY TYPE_StringLiteral "configuration.access_control" def_%cl_3_27 
		 34: %self->t def_%cl_3_28 %self[3.2,3.8,3.13,3.18,3.21,3.26,3.31,2.0,] %cl_3_27[3.33,] 	 SYMBOL:	 ARGS:%cl_3_27,
		 35: 
		 36: f->radio_button def_%cl_3_29 f[3.5,3.10,3.15,3.23,3.28,2.2,] 	 SYMBOL:public_browsing,	 ARGS:Symbol,Boolean,
		 37: 
		 38: COPY TYPE_StringLiteral "configuration.anyone_can_browse" def_%cl_3_30 
		 39: %self->t def_%cl_3_31 %self[3.2,3.8,3.13,3.18,3.21,3.26,3.31,3.34,2.0,] %cl_3_30[3.38,] 	 SYMBOL:	 ARGS:%cl_3_30,
		 40: 
		 41: f->radio_button def_%cl_3_32 f[3.5,3.10,3.15,3.23,3.28,3.36,2.2,] 	 SYMBOL:public_browsing,	 ARGS:Symbol,Boolean,
		 42: 
		 43: COPY TYPE_StringLiteral "configuration.browsing_requires_login" def_%cl_3_33 
		 44: %self->t def_%cl_3_34 %self[3.2,3.8,3.13,3.18,3.21,3.26,3.31,3.34,3.39,2.0,] %cl_3_33[3.43,] 	 SYMBOL:	 ARGS:%cl_3_33,
		 45: 
		 46: COPY TYPE_StringLiteral "configuration.signing_up" def_%cl_3_35 
		 47: %self->t def_%cl_3_36 %self[3.2,3.8,3.13,3.18,3.21,3.26,3.31,3.34,3.39,3.44,2.0,] %cl_3_35[3.46,] 	 SYMBOL:	 ARGS:%cl_3_35,
		 48: 
		 49: f->radio_button def_%cl_3_37 f[3.5,3.10,3.15,3.23,3.28,3.36,3.41,2.2,] 	 SYMBOL:signups_allowed,	 ARGS:Symbol,Boolean,
		 50: 
		 51: COPY TYPE_StringLiteral "configuration.users_can_sign_up" def_%cl_3_38 
		 52: %self->t def_%cl_3_39 %self[3.2,3.8,3.13,3.18,3.21,3.26,3.31,3.34,3.39,3.44,3.47,2.0,] %cl_3_38[3.51,] 	 SYMBOL:	 ARGS:%cl_3_38,
		 53: 
		 54: f->radio_button def_%cl_3_40 f[3.5,3.10,3.15,3.23,3.28,3.36,3.41,3.49,2.2,] 	 SYMBOL:signups_allowed,	 ARGS:Symbol,Boolean,
		 55: 
		 56: COPY TYPE_StringLiteral "configuration.users_must_be_invited" def_%cl_3_41 
		 57: %self->t def_%cl_3_42 %self[3.2,3.8,3.13,3.18,3.21,3.26,3.31,3.34,3.39,3.44,3.47,3.52,2.0,] %cl_3_41[3.56,] 	 SYMBOL:	 ARGS:%cl_3_41,
		 58: 
		 59: COPY TYPE_StringLiteral "configuration.themes" def_%cl_3_43 
		 60: %self->t def_%cl_3_44 %self[3.2,3.8,3.13,3.18,3.21,3.26,3.31,3.34,3.39,3.44,3.47,3.52,3.57,2.0,] %cl_3_43[3.59,] 	 SYMBOL:	 ARGS:%cl_3_43,
		 61: 
		 62: (Theme) def_%cl_3_45 
		 63: %cl_3_45->all def_%cl_3_46 %cl_3_45[3.62,] 	 SYMBOL:	 ARGS:
		 64: %cl_3_46->map def_%cl_3_47 %cl_3_46[3.63,] %self[3.2,3.8,3.13,3.18,3.21,3.26,3.31,3.34,3.39,3.44,3.47,3.52,3.57,3.60,2.0,] 	 SYMBOL:	 ARGS:%cl_3_46,
CLOSURE BEGIN: t[] 
BB 1
	outgoing: 6 2 
	datadep: 
	instructions:
BB 2
	outgoing: 3 
	datadep: 
	instructions:
		 0: def_%self 
		 1: def_%cl_4_0 
		 2: RECEIVEARG def_t 
		 3: COPY TYPE_CurrentScope def_%current_scope 
		 4: COPY TYPE_ScopeModule def_%current_module 
BB 3
	outgoing: 4 6 
	datadep: 
	instructions:
		 0: 
		 1: t->full_name def_%cl_4_3 t[2.2,] 	 SYMBOL:	 ARGS:
		 2: t->id def_%cl_4_4 t[3.1,2.2,] 	 SYMBOL:	 ARGS:
		 3: COPY TYPE_Array def_%cl_4_5 %cl_4_3[3.1,] %cl_4_4[3.2,] 
		 4: RETURN %cl_4_5[3.3,] %self[2.0,] 
BB 4
	outgoing: 6 
	datadep: 
	instructions:
		 0: def_%cl_4_6 
		 1: def_%cl_4_7 %cl_4_6[4.0,] 
		 2: RETURN %cl_4_7[4.1,] %self[2.0,] 
BB 6
	outgoing: 
	datadep: 
	instructions:
CLOSURE END: 
		 65: f->labelled_select def_%cl_3_48 f[3.5,3.10,3.15,3.23,3.28,3.36,3.41,3.49,3.54,2.2,] %cl_3_47[3.64,] 	 SYMBOL:default_theme,	 ARGS:Symbol,%cl_3_47,
		 66: 
		 67: (Theme) def_%cl_3_49 
		 68: %cl_3_49->mobile def_%cl_3_50 %cl_3_49[3.67,] 	 SYMBOL:	 ARGS:
		 69: %cl_3_50->map def_%cl_3_51 %cl_3_50[3.68,] %self[3.2,3.8,3.13,3.18,3.21,3.26,3.31,3.34,3.39,3.44,3.47,3.52,3.57,3.60,2.0,] 	 SYMBOL:	 ARGS:%cl_3_50,
CLOSURE BEGIN: t[3.64,] 
BB 1
	outgoing: 6 2 
	datadep: 
	instructions:
BB 2
	outgoing: 3 
	datadep: 
	instructions:
		 0: def_%self 
		 1: def_%cl_5_0 
		 2: RECEIVEARG def_t 
		 3: COPY TYPE_CurrentScope def_%current_scope 
		 4: COPY TYPE_ScopeModule def_%current_module 
BB 3
	outgoing: 4 6 
	datadep: 
	instructions:
		 0: 
		 1: t->full_name def_%cl_5_3 t[2.2,] 	 SYMBOL:	 ARGS:
		 2: t->id def_%cl_5_4 t[3.1,2.2,] 	 SYMBOL:	 ARGS:
		 3: COPY TYPE_Array def_%cl_5_5 %cl_5_3[3.1,] %cl_5_4[3.2,] 
		 4: RETURN %cl_5_5[3.3,] %self[2.0,] 
BB 4
	outgoing: 6 
	datadep: 
	instructions:
		 0: def_%cl_5_6 
		 1: def_%cl_5_7 %cl_5_6[4.0,] 
		 2: RETURN %cl_5_7[4.1,] %self[2.0,] 
BB 6
	outgoing: 
	datadep: 
	instructions:
CLOSURE END: 
		 70: f->labelled_select def_%cl_3_52 f[3.5,3.10,3.15,3.23,3.28,3.36,3.41,3.49,3.54,3.65,2.2,] %cl_3_51[3.69,] 	 SYMBOL:default_mobile_theme,	 ARGS:Symbol,%cl_3_51,
		 71: 
		 72: COPY TYPE_StringLiteral "configuration.google_analytics" def_%cl_3_53 
		 73: %self->t def_%cl_3_54 %self[3.2,3.8,3.13,3.18,3.21,3.26,3.31,3.34,3.39,3.44,3.47,3.52,3.57,3.60,2.0,] %cl_3_53[3.72,] 	 SYMBOL:	 ARGS:%cl_3_53,
		 74: 
		 75: COPY TYPE_StringLiteral "configuration.google_analytics_description" def_%cl_3_55 
		 76: %self->t def_%cl_3_56 %self[3.2,3.8,3.13,3.18,3.21,3.26,3.31,3.34,3.39,3.44,3.47,3.52,3.57,3.60,3.73,2.0,] %cl_3_55[3.75,] 	 SYMBOL:	 ARGS:%cl_3_55,
		 77: HASH-description- def_%cl_3_57 %cl_3_56[3.76,] 
		 78: f->labelled_text_field def_%cl_3_58 f[3.5,3.10,3.15,3.23,3.28,3.36,3.41,3.49,3.54,3.65,3.70,2.2,] %cl_3_57[3.77,] 	 SYMBOL:google_analytics,	 ARGS:Symbol,%cl_3_57,
		 79: 
		 80: COPY TYPE_StringLiteral "configuration.facebook" def_%cl_3_59 
		 81: %self->t def_%cl_3_60 %self[3.2,3.8,3.13,3.18,3.21,3.26,3.31,3.34,3.39,3.44,3.47,3.52,3.57,3.60,3.73,3.76,2.0,] %cl_3_59[3.80,] 	 SYMBOL:	 ARGS:%cl_3_59,
		 82: 
		 83: COPY TYPE_StringLiteral "configuration.facebook_description" def_%cl_3_61 
		 84: COPY TYPE_StringLiteral "configuration.facebook_apps_link" def_%cl_3_62 
		 85: %self->t def_%cl_3_63 %self[3.2,3.8,3.13,3.18,3.21,3.26,3.31,3.34,3.39,3.44,3.47,3.52,3.57,3.60,3.73,3.76,3.81,2.0,] %cl_3_62[3.84,] 	 SYMBOL:	 ARGS:%cl_3_62,
		 86: COPY TYPE_StringLiteral "http://www.facebook.com/developers" def_%cl_3_64 
		 87: %self->link_to def_%cl_3_65 %self[3.2,3.8,3.13,3.18,3.21,3.26,3.31,3.34,3.39,3.44,3.47,3.52,3.57,3.60,3.73,3.76,3.81,3.85,2.0,] %cl_3_63[3.85,] %cl_3_64[3.86,] 	 SYMBOL:	 ARGS:%cl_3_63,%cl_3_64,
		 88: HASH-link- def_%cl_3_66 %cl_3_65[3.87,] 
		 89: %self->t def_%cl_3_67 %self[3.2,3.8,3.13,3.18,3.21,3.26,3.31,3.34,3.39,3.44,3.47,3.52,3.57,3.60,3.73,3.76,3.81,3.85,3.87,2.0,] %cl_3_61[3.83,] %cl_3_66[3.88,] 	 SYMBOL:	 ARGS:%cl_3_61,%cl_3_66,
		 90: %cl_3_67->html_safe def_%cl_3_68 %cl_3_67[3.89,] 	 SYMBOL:	 ARGS:
		 91: 
		 92: HASH-size- def_%cl_3_69 
		 93: f->labelled_text_field def_%cl_3_70 f[3.5,3.10,3.15,3.23,3.28,3.36,3.41,3.49,3.54,3.65,3.70,3.78,2.2,] %cl_3_69[3.92,] 	 SYMBOL:facebook_app_id,	 ARGS:Symbol,%cl_3_69,
		 94: 
		 95: HASH-size- def_%cl_3_71 
		 96: f->labelled_text_field def_%cl_3_72 f[3.5,3.10,3.15,3.23,3.28,3.36,3.41,3.49,3.54,3.65,3.70,3.78,3.93,2.2,] %cl_3_71[3.95,] 	 SYMBOL:facebook_api_secret,	 ARGS:Symbol,%cl_3_71,
		 97: 
		 98: COPY TYPE_StringLiteral "configuration.amazon_aws" def_%cl_3_73 
		 99: %self->t def_%cl_3_74 %self[3.2,3.8,3.13,3.18,3.21,3.26,3.31,3.34,3.39,3.44,3.47,3.52,3.57,3.60,3.73,3.76,3.81,3.85,3.87,3.89,2.0,] %cl_3_73[3.98,] 	 SYMBOL:	 ARGS:%cl_3_73,
		 100: 
		 101: COPY TYPE_StringLiteral "configuration.amazon_aws_description" def_%cl_3_75 
		 102: COPY TYPE_StringLiteral "configuration.amazon_signup_link" def_%cl_3_76 
		 103: %self->t def_%cl_3_77 %self[3.2,3.8,3.13,3.18,3.21,3.26,3.31,3.34,3.39,3.44,3.47,3.52,3.57,3.60,3.73,3.76,3.81,3.85,3.87,3.89,3.99,2.0,] %cl_3_76[3.102,] 	 SYMBOL:	 ARGS:%cl_3_76,
		 104: COPY TYPE_StringLiteral "http://aws.amazon.com/s3/" def_%cl_3_78 
		 105: %self->link_to def_%cl_3_79 %self[3.2,3.8,3.13,3.18,3.21,3.26,3.31,3.34,3.39,3.44,3.47,3.52,3.57,3.60,3.73,3.76,3.81,3.85,3.87,3.89,3.99,3.103,2.0,] %cl_3_77[3.103,] %cl_3_78[3.104,] 	 SYMBOL:	 ARGS:%cl_3_77,%cl_3_78,
		 106: HASH-link- def_%cl_3_80 %cl_3_79[3.105,] 
		 107: %self->t def_%cl_3_81 %self[3.2,3.8,3.13,3.18,3.21,3.26,3.31,3.34,3.39,3.44,3.47,3.52,3.57,3.60,3.73,3.76,3.81,3.85,3.87,3.89,3.99,3.103,3.105,2.0,] %cl_3_75[3.101,] %cl_3_80[3.106,] 	 SYMBOL:	 ARGS:%cl_3_75,%cl_3_80,
		 108: %cl_3_81->html_safe def_%cl_3_82 %cl_3_81[3.107,] 	 SYMBOL:	 ARGS:
		 109: 
		 110: HASH-size- def_%cl_3_83 
		 111: f->labelled_text_field def_%cl_3_84 f[3.5,3.10,3.15,3.23,3.28,3.36,3.41,3.49,3.54,3.65,3.70,3.78,3.93,3.96,2.2,] %cl_3_83[3.110,] 	 SYMBOL:amazon_aws_key,	 ARGS:Symbol,%cl_3_83,
		 112: 
		 113: HASH-size- def_%cl_3_85 
		 114: f->labelled_text_field def_%cl_3_86 f[3.5,3.10,3.15,3.23,3.28,3.36,3.41,3.49,3.54,3.65,3.70,3.78,3.93,3.96,3.111,2.2,] %cl_3_85[3.113,] 	 SYMBOL:amazon_aws_secret,	 ARGS:Symbol,%cl_3_85,
		 115: 
		 116: HASH-size- def_%cl_3_87 
		 117: f->labelled_text_field def_%cl_3_88 f[3.5,3.10,3.15,3.23,3.28,3.36,3.41,3.49,3.54,3.65,3.70,3.78,3.93,3.96,3.111,3.114,2.2,] %cl_3_87[3.116,] 	 SYMBOL:amazon_s3_bucket,	 ARGS:Symbol,%cl_3_87,
		 118: 
		 119: COPY TYPE_StringLiteral "configuration.amazon_associates" def_%cl_3_89 
		 120: %self->t def_%cl_3_90 %self[3.2,3.8,3.13,3.18,3.21,3.26,3.31,3.34,3.39,3.44,3.47,3.52,3.57,3.60,3.73,3.76,3.81,3.85,3.87,3.89,3.99,3.103,3.105,3.107,2.0,] %cl_3_89[3.119,] 	 SYMBOL:	 ARGS:%cl_3_89,
		 121: 
		 122: COPY TYPE_StringLiteral "configuration.amazon_associates_id_description" def_%cl_3_91 
		 123: %self->t def_%cl_3_92 %self[3.2,3.8,3.13,3.18,3.21,3.26,3.31,3.34,3.39,3.44,3.47,3.52,3.57,3.60,3.73,3.76,3.81,3.85,3.87,3.89,3.99,3.103,3.105,3.107,3.120,2.0,] %cl_3_91[3.122,] 	 SYMBOL:	 ARGS:%cl_3_91,
		 124: HASH-description- def_%cl_3_93 %cl_3_92[3.123,] 
		 125: f->labelled_text_field def_%cl_3_94 f[3.5,3.10,3.15,3.23,3.28,3.36,3.41,3.49,3.54,3.65,3.70,3.78,3.93,3.96,3.111,3.114,3.117,2.2,] %cl_3_93[3.124,] 	 SYMBOL:amazon_associates_id,	 ARGS:Symbol,%cl_3_93,
		 126: 
		 127: COPY TYPE_StringLiteral "configuration.emoticons" def_%cl_3_95 
		 128: %self->t def_%cl_3_96 %self[3.2,3.8,3.13,3.18,3.21,3.26,3.31,3.34,3.39,3.44,3.47,3.52,3.57,3.60,3.73,3.76,3.81,3.85,3.87,3.89,3.99,3.103,3.105,3.107,3.120,3.123,2.0,] %cl_3_95[3.127,] 	 SYMBOL:	 ARGS:%cl_3_95,
		 129: 
		 130: HASH-size- def_%cl_3_97 
		 131: f->labelled_text_field def_%cl_3_98 f[3.5,3.10,3.15,3.23,3.28,3.36,3.41,3.49,3.54,3.65,3.70,3.78,3.93,3.96,3.111,3.114,3.117,3.125,2.2,] %cl_3_97[3.130,] 	 SYMBOL:emoticons,	 ARGS:Symbol,%cl_3_97,
		 132: 
		 133: COPY TYPE_StringLiteral "configuration.custom_html" def_%cl_3_99 
		 134: %self->t def_%cl_3_100 %self[3.2,3.8,3.13,3.18,3.21,3.26,3.31,3.34,3.39,3.44,3.47,3.52,3.57,3.60,3.73,3.76,3.81,3.85,3.87,3.89,3.99,3.103,3.105,3.107,3.120,3.123,3.128,2.0,] %cl_3_99[3.133,] 	 SYMBOL:	 ARGS:%cl_3_99,
		 135: 
		 136: COPY TYPE_StringLiteral "40x15" def_%cl_3_101 
		 137: COPY TYPE_StringLiteral "code" def_%cl_3_102 
		 138: COPY TYPE_StringLiteral "configuration.custom_header_description" def_%cl_3_103 
		 139: %self->t def_%cl_3_104 %self[3.2,3.8,3.13,3.18,3.21,3.26,3.31,3.34,3.39,3.44,3.47,3.52,3.57,3.60,3.73,3.76,3.81,3.85,3.87,3.89,3.99,3.103,3.105,3.107,3.120,3.123,3.128,3.134,2.0,] %cl_3_103[3.138,] 	 SYMBOL:	 ARGS:%cl_3_103,
		 140: HASH-size-class-description- def_%cl_3_105 %cl_3_101[3.136,] %cl_3_102[3.137,] %cl_3_104[3.139,] 
		 141: f->labelled_text_area def_%cl_3_106 f[3.5,3.10,3.15,3.23,3.28,3.36,3.41,3.49,3.54,3.65,3.70,3.78,3.93,3.96,3.111,3.114,3.117,3.125,3.131,2.2,] %cl_3_105[3.140,] 	 SYMBOL:custom_header,	 ARGS:Symbol,%cl_3_105,
		 142: 
		 143: COPY TYPE_StringLiteral "40x15" def_%cl_3_107 
		 144: COPY TYPE_StringLiteral "code" def_%cl_3_108 
		 145: COPY TYPE_StringLiteral "configuration.custom_footer_description" def_%cl_3_109 
		 146: %self->t def_%cl_3_110 %self[3.2,3.8,3.13,3.18,3.21,3.26,3.31,3.34,3.39,3.44,3.47,3.52,3.57,3.60,3.73,3.76,3.81,3.85,3.87,3.89,3.99,3.103,3.105,3.107,3.120,3.123,3.128,3.134,3.139,2.0,] %cl_3_109[3.145,] 	 SYMBOL:	 ARGS:%cl_3_109,
		 147: HASH-size-class-description- def_%cl_3_111 %cl_3_107[3.143,] %cl_3_108[3.144,] %cl_3_110[3.146,] 
		 148: f->labelled_text_area def_%cl_3_112 f[3.5,3.10,3.15,3.23,3.28,3.36,3.41,3.49,3.54,3.65,3.70,3.78,3.93,3.96,3.111,3.114,3.117,3.125,3.131,3.141,2.2,] %cl_3_111[3.147,] 	 SYMBOL:custom_footer,	 ARGS:Symbol,%cl_3_111,
		 149: 
		 150: COPY TYPE_StringLiteral "configuration.custom_javascript" def_%cl_3_113 
		 151: %self->t def_%cl_3_114 %self[3.2,3.8,3.13,3.18,3.21,3.26,3.31,3.34,3.39,3.44,3.47,3.52,3.57,3.60,3.73,3.76,3.81,3.85,3.87,3.89,3.99,3.103,3.105,3.107,3.120,3.123,3.128,3.134,3.139,3.146,2.0,] %cl_3_113[3.150,] 	 SYMBOL:	 ARGS:%cl_3_113,
		 152: 
		 153: COPY TYPE_StringLiteral "configuration.custom_javascript_info" def_%cl_3_115 
		 154: %self->t def_%cl_3_116 %self[3.2,3.8,3.13,3.18,3.21,3.26,3.31,3.34,3.39,3.44,3.47,3.52,3.57,3.60,3.73,3.76,3.81,3.85,3.87,3.89,3.99,3.103,3.105,3.107,3.120,3.123,3.128,3.134,3.139,3.146,3.151,2.0,] %cl_3_115[3.153,] 	 SYMBOL:	 ARGS:%cl_3_115,
		 155: %cl_3_116->html_safe def_%cl_3_117 %cl_3_116[3.154,] 	 SYMBOL:	 ARGS:
		 156: 
		 157: COPY TYPE_StringLiteral "40x15" def_%cl_3_118 
		 158: COPY TYPE_StringLiteral "code" def_%cl_3_119 
		 159: HASH-size-class- def_%cl_3_120 %cl_3_118[3.157,] %cl_3_119[3.158,] 
		 160: f->labelled_text_area def_%cl_3_121 f[3.5,3.10,3.15,3.23,3.28,3.36,3.41,3.49,3.54,3.65,3.70,3.78,3.93,3.96,3.111,3.114,3.117,3.125,3.131,3.141,3.148,2.2,] %cl_3_120[3.159,] 	 SYMBOL:custom_javascript,	 ARGS:Symbol,%cl_3_120,
		 161: 
		 162: COPY TYPE_StringLiteral "save" def_%cl_3_122 
		 163: %self->t def_%cl_3_123 %self[3.2,3.8,3.13,3.18,3.21,3.26,3.31,3.34,3.39,3.44,3.47,3.52,3.57,3.60,3.73,3.76,3.81,3.85,3.87,3.89,3.99,3.103,3.105,3.107,3.120,3.123,3.128,3.134,3.139,3.146,3.151,3.154,2.0,] %cl_3_122[3.162,] 	 SYMBOL:	 ARGS:%cl_3_122,
		 164: RETURN %cl_3_123[3.163,] %self[3.2,3.8,3.13,3.18,3.21,3.26,3.31,3.34,3.39,3.44,3.47,3.52,3.57,3.60,3.73,3.76,3.81,3.85,3.87,3.89,3.99,3.103,3.105,3.107,3.120,3.123,3.128,3.134,3.139,3.146,3.151,3.154,3.163,2.0,] 
BB 4
	outgoing: 6 
	datadep: 
	instructions:
		 0: def_%cl_3_124 
		 1: def_%cl_3_125 %cl_3_124[4.0,] 
		 2: RETURN %cl_3_125[4.1,] %self[2.0,] 
BB 6
	outgoing: 
	datadep: 
	instructions:
CLOSURE END: 
		 2: 
		 3: %self->mobile_user_agent? def_%cl_1_149 %self[55.1,53.6,2.0,] 	 SYMBOL:	 ARGS:
		 4: BRANCH %cl_1_149[55.3,] 
BB 56
	outgoing: 58 76 
	datadep: 
	instructions:
		 0: 
		 1: COPY TYPE_StringLiteral "mobile version" def_%cl_1_150 
		 2: COPY TYPE_StringLiteral "mobile" def_%cl_1_151 
		 3: HASH-mobile_format- def_%cl_1_152 %cl_1_151[56.2,] 
		 4: %self->link_to def_%cl_1_153 %self[53.6,2.0,] %cl_1_150[56.1,] %cl_1_152[56.3,] 	 SYMBOL:	 ARGS:%cl_1_150,%cl_1_152,
		 5: 
BB 57
	outgoing: 58 
	datadep: 
	instructions:
		 0: COPY TYPE_Nil def_%cl_1_153 
BB 58
	outgoing: 59 60 76 
	datadep: 
	instructions:
		 0: 
		 1: (Sugar) def_%cl_1_154 
		 2: %cl_1_154->config def_%cl_1_155 %cl_1_154[58.1,] 	 SYMBOL:	 ARGS:
		 3: %cl_1_155->custom_footer def_%cl_1_156 %cl_1_155[58.2,] 	 SYMBOL:	 ARGS:
		 4: BRANCH %cl_1_156[58.3,] 
BB 59
	outgoing: 61 76 
	datadep: 
	instructions:
		 0: 
		 1: (Sugar) def_%cl_1_157 
		 2: %cl_1_157->config def_%cl_1_158 %cl_1_157[59.1,] 	 SYMBOL:	 ARGS:
		 3: %cl_1_158->custom_footer def_%cl_1_159 %cl_1_158[59.2,] 	 SYMBOL:	 ARGS:
		 4: %self->raw def_%cl_1_160 %self[53.6,2.0,] %cl_1_159[59.3,] 	 SYMBOL:	 ARGS:%cl_1_159,
		 5: 
BB 60
	outgoing: 61 
	datadep: 
	instructions:
		 0: COPY TYPE_Nil def_%cl_1_160 
BB 61
	outgoing: 62 63 76 
	datadep: 
	instructions:
		 0: 
		 1: COPY TYPE_StringLiteral "application" def_%cl_1_161 
		 2: %self->javascript_include_tag def_%cl_1_162 %self[53.6,2.0,] %cl_1_161[61.1,] 	 SYMBOL:	 ARGS:%cl_1_161,
		 3: 
		 4: %self->frontend_configuration def_%cl_1_163 %self[61.2,53.6,2.0,] 	 SYMBOL:	 ARGS:
		 5: %cl_1_163->to_json def_%cl_1_164 %cl_1_163[61.4,] 	 SYMBOL:	 ARGS:
		 6: %cl_1_164->html_safe def_%cl_1_165 %cl_1_164[61.5,] 	 SYMBOL:	 ARGS:
		 7: 
		 8: (Sugar) def_%cl_1_166 
		 9: %cl_1_166->config def_%cl_1_167 %cl_1_166[61.8,] 	 SYMBOL:	 ARGS:
		 10: %cl_1_167->custom_javascript def_%cl_1_168 %cl_1_167[61.9,] 	 SYMBOL:	 ARGS:
		 11: %cl_1_168->blank? def_%cl_1_169 %cl_1_168[61.10,] 	 SYMBOL:	 ARGS:
		 12: BRANCH %cl_1_169[61.11,] 
BB 62
	outgoing: 64 
	datadep: 
	instructions:
		 0: COPY TYPE_Nil def_%cl_1_170 
		 1: 
BB 63
	outgoing: 64 76 
	datadep: 
	instructions:
		 0: 
		 1: (Sugar) def_%cl_1_171 
		 2: %cl_1_171->config def_%cl_1_172 %cl_1_171[63.1,] 	 SYMBOL:	 ARGS:
		 3: %cl_1_172->custom_javascript def_%cl_1_173 %cl_1_172[63.2,] 	 SYMBOL:	 ARGS:
		 4: %self->raw def_%cl_1_174 %self[53.6,2.0,] %cl_1_173[63.3,] 	 SYMBOL:	 ARGS:%cl_1_173,
		 5: COPY TYPE_PASS def_%cl_1_170 %cl_1_174[63.4,] 
BB 64
	outgoing: 65 66 
	datadep: 
	instructions:
		 0: 
		 1: GETFIELD %self->posts def_%cl_1_175 %self[2.0,] 
		 2: BRANCH %cl_1_175[64.1,] 
BB 65
	outgoing: 66 76 
	datadep: 
	instructions:
		 0: GETFIELD %self->posts def_%cl_1_176 %self[2.0,] 
		 1: %cl_1_176->any? def_%cl_1_177 %cl_1_176[65.0,] 	 SYMBOL:	 ARGS:
		 2: COPY TYPE_PASS def_%cl_1_175 %cl_1_177[65.1,] 
BB 66
	outgoing: 67 68 
	datadep: 
	instructions:
		 0: BRANCH %cl_1_175[65.2,64.1,] 
BB 67
	outgoing: 69 
	datadep: 
	instructions:
		 0: COPY TYPE_Nil def_%cl_1_178 
		 1: 
BB 68
	outgoing: 69 
	datadep: 
	instructions:
		 0: COPY TYPE_Nil def_%cl_1_178 
BB 69
	outgoing: 70 71 
	datadep: 
	instructions:
		 0: 
		 1: 
		 2: GETFIELD %self->google_maps_api def_%cl_1_179 %self[2.0,] 
		 3: BRANCH %cl_1_179[69.2,] 
BB 70
	outgoing: 72 
	datadep: 
	instructions:
		 0: COPY TYPE_Nil def_%cl_1_180 
		 1: 
BB 71
	outgoing: 72 
	datadep: 
	instructions:
		 0: COPY TYPE_Nil def_%cl_1_180 
BB 72
	outgoing: 73 74 76 
	datadep: 
	instructions:
		 0: 
		 1: (Sugar) def_%cl_1_181 
		 2: %cl_1_181->config def_%cl_1_182 %cl_1_181[72.1,] 	 SYMBOL:	 ARGS:
		 3: %cl_1_182->google_analytics def_%cl_1_183 %cl_1_182[72.2,] 	 SYMBOL:	 ARGS:
		 4: BRANCH %cl_1_183[72.3,] 
BB 73
	outgoing: 75 76 
	datadep: 
	instructions:
		 0: 
		 1: (Sugar) def_%cl_1_184 
		 2: %cl_1_184->config def_%cl_1_185 %cl_1_184[73.1,] 	 SYMBOL:	 ARGS:
		 3: %cl_1_185->google_analytics def_%cl_1_186 %cl_1_185[73.2,] 	 SYMBOL:	 ARGS:
		 4: 
BB 74
	outgoing: 78 
	datadep: 
	instructions:
		 0: RETURN %self[53.6,2.0,] 
BB 75
	outgoing: 78 
	datadep: 
	instructions:
		 0: RETURN %cl_1_186[73.3,] %self[53.6,2.0,] 
BB 76
	outgoing: 78 
	datadep: 
	instructions:
		 0: def_%cl_1_187 
		 1: def_%cl_1_188 %cl_1_187[76.0,] 
		 2: RETURN %cl_1_188[76.1,] %self[53.6,2.0,] 
BB 78
	outgoing: 
	datadep: 
	instructions:
CLOSURE END: 
		 8: RETURN %v_4[2.7,] %self[2.0,2.6,] 
BB 3
	outgoing: 
	datadep: 
	instructions:

SET IRMethod, name = update instanceMethod = true
BB 1
	outgoing: 6 2 
	datadep: 
	instructions:
BB 2
	outgoing: 3 4 
	datadep: 
	instructions:
		 0: def_%self 
		 1: def_%v_0 
		 2: COPY TYPE_CurrentScope def_%current_scope 
		 3: COPY TYPE_ScopeModule def_%current_module 
		 4: 
		 5: 
		 6: %self->configuration_params def_%v_3 %self[2.0,] 	 SYMBOL:	 ARGS:
		 7: BRANCH %v_3[2.6,] 
BB 3
	outgoing: 5 
	datadep: 
	instructions:
		 0: GETFIELD %self->configuration def_%v_4 %self[2.0,] 
		 1: %self->configuration_params def_%v_5 %self[2.0,] 	 SYMBOL:	 ARGS:
		 2: %v_4->update def_%v_6 %v_4[3.0,] %v_5[3.1,] 	 SYMBOL:	 ARGS:%v_5,
		 3: 
BB 4
	outgoing: 5 
	datadep: 
	instructions:
		 0: COPY TYPE_Nil def_%v_6 
BB 5
	outgoing: 6 
	datadep: 
	instructions:
		 0: 
		 1: %self->edit_admin_configuration_url def_%v_7 %self[2.0,] 	 SYMBOL:	 ARGS:
		 2: %self->redirect_to def_%v_8 %self[5.1,2.0,] %v_7[5.1,] 	 SYMBOL:	 ARGS:%v_7,
		 3: RETURN %v_8[5.2,] %self[5.1,5.2,2.0,] 
BB 6
	outgoing: 
	datadep: 
	instructions:

SET IRMethod, name = configuration_params instanceMethod = true
BB 1
	outgoing: 3 2 
	datadep: 
	instructions:
BB 2
	outgoing: 3 
	datadep: 
	instructions:
		 0: def_%self 
		 1: def_%v_0 
		 2: COPY TYPE_CurrentScope def_%current_scope 
		 3: COPY TYPE_ScopeModule def_%current_module 
		 4: 
		 5: 
		 6: %self->params def_%v_3 %self[2.0,] 	 SYMBOL:	 ARGS:
		 7: %v_3->[] def_%v_4 %v_3[2.6,] 	 SYMBOL:configuration,	 ARGS:Symbol,
		 8: RETURN %v_4[2.7,] %self[2.0,2.6,] 
BB 3
	outgoing: 
	datadep: 
	instructions:

SET IRMethod, name = find_configuration instanceMethod = true
BB 1
	outgoing: 3 2 
	datadep: 
	instructions:
BB 2
	outgoing: 3 
	datadep: 
	instructions:
		 0: def_%self 
		 1: def_%v_0 
		 2: COPY TYPE_CurrentScope def_%current_scope 
		 3: COPY TYPE_ScopeModule def_%current_module 
		 4: 
		 5: 
		 6: (Sugar) def_%v_3 
		 7: %v_3->config def_%v_4 %v_3[2.6,] 	 SYMBOL:	 ARGS:
		 8: ATTRASSIGN %self->configuration %v_4[2.7,] 
		 9: RETURN %v_4[2.7,] %self[2.0,2.8,] 
BB 3
	outgoing: 
	datadep: 
	instructions:

