SET IRMethod, name = index instanceMethod = true
BB 1
	outgoing: 3 2 
	datadep: 
	instructions:
BB 2
	outgoing: 3 
	datadep: 
	instructions:
		 0: def_%self 
		 1: def_%v_0 
		 2: COPY TYPE_CurrentScope def_%current_scope 
		 3: COPY TYPE_ScopeModule def_%current_module 
		 4: 
		 5: 
		 6: COPY TYPE_StringLiteral "apps" def_%v_3 
		 7: %self->t def_%v_4 %self[2.0,] %v_3[2.6,] 	 SYMBOL:	 ARGS:%v_3,
		 8: %self->set_title def_%v_5 %self[2.0,2.7,] %v_4[2.7,] 	 SYMBOL:	 ARGS:%v_4,
		 9: 
		 10: (App) def_%v_6 
		 11: %v_6->available def_%v_7 %v_6[2.10,] 	 SYMBOL:	 ARGS:
		 12: ATTRASSIGN %self->apps %v_7[2.11,] 
		 13: 
		 14: %self->ruby_code_from_view def_%v_8 %self[2.0,2.7,2.8,2.12,] 	 SYMBOL:	 ARGS:
		 15: %v_8->ruby_code_from_view def_%v_9 %v_8[2.14,] %self[2.0,2.7,2.8,2.12,2.14,] 	 SYMBOL:	 ARGS:%v_8,
CLOSURE BEGIN: %self[2.0,2.7,2.8,2.12,2.14,] app[] _slim_controls1[] 
BB 1
	outgoing: 41 2 
	datadep: 
	instructions:
BB 2
	outgoing: 3 
	datadep: 
	instructions:
		 0: def_%self 
		 1: def_%cl_1_0 
		 2: RECEIVEARG def_rb_from_view 
		 3: COPY TYPE_CurrentScope def_%current_scope 
		 4: COPY TYPE_ScopeModule def_%current_module 
BB 3
	outgoing: 4 5 39 
	datadep: 
	instructions:
		 0: 
		 1: (inherit Temple) def_%cl_1_3 
		 2: %cl_1_3[3.1,] 
BB 4
	outgoing: 5 39 
	datadep: 
	instructions:
		 0: CONSTANT def_%cl_1_3 	 SYMBOL:Temple,	 ARGS:Symbol,
BB 5
	outgoing: 6 7 39 
	datadep: 
	instructions:
		 0: (inherit Utils) def_%cl_1_4 %cl_1_3[4.0,3.1,] 
		 1: %cl_1_4[5.0,] 
BB 6
	outgoing: 7 39 
	datadep: 
	instructions:
		 0: %cl_1_3->const_missing def_%cl_1_4 %cl_1_3[4.0,3.1,] 	 SYMBOL:Utils,	 ARGS:Symbol,
BB 7
	outgoing: 8 9 39 
	datadep: 
	instructions:
		 0: COPY TYPE_StringLiteral "Get apps" def_%cl_1_5 
		 1: COPY TYPE_StringLiteral "https://www.amahi.org/apps" def_%cl_1_6 
		 2: COPY TYPE_StringLiteral "Amahi App Store" def_%cl_1_7 
		 3: COPY TYPE_StringLiteral "_blank" def_%cl_1_8 
		 4: COPY TYPE_StringLiteral "btn-get-apps" def_%cl_1_9 
		 5: HASH-title-target-id- def_%cl_1_10 %cl_1_7[7.2,] %cl_1_8[7.3,] %cl_1_9[7.4,] 
		 6: %self->link_to def_%cl_1_11 %self[2.0,] %cl_1_5[7.0,] %cl_1_6[7.1,] %cl_1_10[7.5,] 	 SYMBOL:	 ARGS:%cl_1_5,%cl_1_6,%cl_1_10,
		 7: %cl_1_4->escape_html def_%cl_1_12 %cl_1_4[6.0,5.0,] %cl_1_11[7.6,] 	 SYMBOL:	 ARGS:%cl_1_11,
		 8: 
		 9: (inherit Temple) def_%cl_1_13 
		 10: %cl_1_13[7.9,] 
BB 8
	outgoing: 9 39 
	datadep: 
	instructions:
		 0: CONSTANT def_%cl_1_13 	 SYMBOL:Temple,	 ARGS:Symbol,
BB 9
	outgoing: 10 11 39 
	datadep: 
	instructions:
		 0: (inherit Utils) def_%cl_1_14 %cl_1_13[8.0,7.9,] 
		 1: %cl_1_14[9.0,] 
BB 10
	outgoing: 11 39 
	datadep: 
	instructions:
		 0: %cl_1_13->const_missing def_%cl_1_14 %cl_1_13[8.0,7.9,] 	 SYMBOL:Utils,	 ARGS:Symbol,
BB 11
	outgoing: 12 29 39 
	datadep: 
	instructions:
		 0: COPY TYPE_StringLiteral "Install here!" def_%cl_1_15 
		 1: %self->apps_engine def_%cl_1_16 %self[2.0,] 	 SYMBOL:	 ARGS:
		 2: %cl_1_16->root_path def_%cl_1_17 %cl_1_16[11.1,] 	 SYMBOL:	 ARGS:
		 3: COPY TYPE_StringLiteral "Refresh" def_%cl_1_18 
		 4: COPY TYPE_StringLiteral "btn-install-apps" def_%cl_1_19 
		 5: HASH-title-id- def_%cl_1_20 %cl_1_18[11.3,] %cl_1_19[11.4,] 
		 6: %self->link_to def_%cl_1_21 %self[11.1,2.0,] %cl_1_15[11.0,] %cl_1_17[11.2,] %cl_1_20[11.5,] 	 SYMBOL:	 ARGS:%cl_1_15,%cl_1_17,%cl_1_20,
		 7: %cl_1_14->escape_html def_%cl_1_22 %cl_1_14[10.0,9.0,] %cl_1_21[11.6,] 	 SYMBOL:	 ARGS:%cl_1_21,
		 8: 
		 9: GETFIELD %self->apps def_%cl_1_23 %self[11.1,11.6,2.0,] 
		 10: %cl_1_23->any? def_%cl_1_24 %cl_1_23[11.9,] 	 SYMBOL:	 ARGS:
		 11: BRANCH %cl_1_24[11.10,] 
BB 12
	outgoing: 13 14 39 
	datadep: 
	instructions:
		 0: 
		 1: (inherit Temple) def_%cl_1_25 
		 2: %cl_1_25[12.1,] 
BB 13
	outgoing: 14 39 
	datadep: 
	instructions:
		 0: CONSTANT def_%cl_1_25 	 SYMBOL:Temple,	 ARGS:Symbol,
BB 14
	outgoing: 15 16 39 
	datadep: 
	instructions:
		 0: (inherit Utils) def_%cl_1_26 %cl_1_25[13.0,12.1,] 
		 1: %cl_1_26[14.0,] 
BB 15
	outgoing: 16 39 
	datadep: 
	instructions:
		 0: %cl_1_25->const_missing def_%cl_1_26 %cl_1_25[13.0,12.1,] 	 SYMBOL:Utils,	 ARGS:Symbol,
BB 16
	outgoing: 17 18 39 
	datadep: 
	instructions:
		 0: COPY TYPE_StringLiteral "application" def_%cl_1_27 
		 1: %self->t def_%cl_1_28 %self[2.0,] %cl_1_27[16.0,] 	 SYMBOL:	 ARGS:%cl_1_27,
		 2: %cl_1_26->escape_html def_%cl_1_29 %cl_1_26[15.0,14.0,] %cl_1_28[16.1,] 	 SYMBOL:	 ARGS:%cl_1_28,
		 3: 
		 4: (inherit Temple) def_%cl_1_30 
		 5: %cl_1_30[16.4,] 
BB 17
	outgoing: 18 39 
	datadep: 
	instructions:
		 0: CONSTANT def_%cl_1_30 	 SYMBOL:Temple,	 ARGS:Symbol,
BB 18
	outgoing: 19 20 39 
	datadep: 
	instructions:
		 0: (inherit Utils) def_%cl_1_31 %cl_1_30[17.0,16.4,] 
		 1: %cl_1_31[18.0,] 
BB 19
	outgoing: 20 39 
	datadep: 
	instructions:
		 0: %cl_1_30->const_missing def_%cl_1_31 %cl_1_30[17.0,16.4,] 	 SYMBOL:Utils,	 ARGS:Symbol,
BB 20
	outgoing: 21 22 39 
	datadep: 
	instructions:
		 0: COPY TYPE_StringLiteral "description" def_%cl_1_32 
		 1: %self->t def_%cl_1_33 %self[2.0,] %cl_1_32[20.0,] 	 SYMBOL:	 ARGS:%cl_1_32,
		 2: %cl_1_31->escape_html def_%cl_1_34 %cl_1_31[19.0,18.0,] %cl_1_33[20.1,] 	 SYMBOL:	 ARGS:%cl_1_33,
		 3: 
		 4: (inherit Temple) def_%cl_1_35 
		 5: %cl_1_35[20.4,] 
BB 21
	outgoing: 22 39 
	datadep: 
	instructions:
		 0: CONSTANT def_%cl_1_35 	 SYMBOL:Temple,	 ARGS:Symbol,
BB 22
	outgoing: 23 24 39 
	datadep: 
	instructions:
		 0: (inherit Utils) def_%cl_1_36 %cl_1_35[21.0,20.4,] 
		 1: %cl_1_36[22.0,] 
BB 23
	outgoing: 24 39 
	datadep: 
	instructions:
		 0: %cl_1_35->const_missing def_%cl_1_36 %cl_1_35[21.0,20.4,] 	 SYMBOL:Utils,	 ARGS:Symbol,
BB 24
	outgoing: 25 26 39 
	datadep: 
	instructions:
		 0: COPY TYPE_PASS def_%cl_1_37 %cl_1_36[23.0,22.0,] 
		 1: %self->app_available def_%cl_1_38 %self[2.0,] 	 SYMBOL:	 ARGS:
		 2: COPY TYPE_PASS def_app %cl_1_38[24.1,] 
		 3: 
		 4: COPY TYPE_StringLiteral "div" def_%cl_1_39 
		 5: COPY TYPE_StringLiteral "app" def_%cl_1_40 
		 6: COPY TYPE_StringLiteral "app_whole_" def_%cl_1_41 
		 7: %cl_1_38->identifier def_%cl_1_42 %cl_1_38[24.1,] 	 SYMBOL:	 ARGS:
		 8: BUILDSTRING def_%cl_1_43 %cl_1_41[24.6,] %cl_1_42[24.7,] 
		 9: %self->apps_engine def_%cl_1_44 %self[24.1,2.0,] 	 SYMBOL:	 ARGS:
		 10: app->identifier def_%cl_1_45 app[24.2,] 	 SYMBOL:	 ARGS:
		 11: %cl_1_44->install_progress_path def_%cl_1_46 %cl_1_44[24.9,] %cl_1_45[24.10,] 	 SYMBOL:	 ARGS:%cl_1_45,
		 12: HASH-progress_path- def_%cl_1_47 %cl_1_46[24.11,] 
		 13: HASH-class-id-data- def_%cl_1_48 %cl_1_40[24.5,] %cl_1_43[24.8,] %cl_1_47[24.12,] 
		 14: %self->content_tag def_%cl_1_49 %self[24.1,24.9,2.0,] %cl_1_39[24.4,] %cl_1_48[24.13,] %self[24.1,24.9,2.0,] 	 SYMBOL:	 ARGS:%cl_1_39,%cl_1_48,%self,
CLOSURE BEGIN: app[24.2,24.10,] %self[24.1,24.9,2.0,] 
BB 1
	outgoing: 101 2 
	datadep: 
	instructions:
BB 2
	outgoing: 3 
	datadep: 
	instructions:
		 0: def_%self 
		 1: def_%cl_2_0 
		 2: COPY TYPE_CurrentScope def_%current_scope 
		 3: COPY TYPE_ScopeModule def_%current_module 
BB 3
	outgoing: 4 5 99 
	datadep: 
	instructions:
		 0: 
		 1: (inherit Temple) def_%cl_2_3 
		 2: %cl_2_3[3.1,] 
BB 4
	outgoing: 5 99 
	datadep: 
	instructions:
		 0: CONSTANT def_%cl_2_3 	 SYMBOL:Temple,	 ARGS:Symbol,
BB 5
	outgoing: 6 7 99 
	datadep: 
	instructions:
		 0: (inherit Utils) def_%cl_2_4 %cl_2_3[4.0,3.1,] 
		 1: %cl_2_4[5.0,] 
BB 6
	outgoing: 7 99 
	datadep: 
	instructions:
		 0: %cl_2_3->const_missing def_%cl_2_4 %cl_2_3[4.0,3.1,] 	 SYMBOL:Utils,	 ARGS:Symbol,
BB 7
	outgoing: 8 9 99 
	datadep: 
	instructions:
		 0: app->identifier def_%cl_2_5 app[] 	 SYMBOL:	 ARGS:
		 1: %cl_2_4->escape_html def_%cl_2_6 %cl_2_4[6.0,5.0,] %cl_2_5[7.0,] 	 SYMBOL:	 ARGS:%cl_2_5,
		 2: 
		 3: (inherit Temple) def_%cl_2_7 
		 4: %cl_2_7[7.3,] 
BB 8
	outgoing: 9 99 
	datadep: 
	instructions:
		 0: CONSTANT def_%cl_2_7 	 SYMBOL:Temple,	 ARGS:Symbol,
BB 9
	outgoing: 10 11 99 
	datadep: 
	instructions:
		 0: (inherit Utils) def_%cl_2_8 %cl_2_7[8.0,7.3,] 
		 1: %cl_2_8[9.0,] 
BB 10
	outgoing: 11 99 
	datadep: 
	instructions:
		 0: %cl_2_7->const_missing def_%cl_2_8 %cl_2_7[8.0,7.3,] 	 SYMBOL:Utils,	 ARGS:Symbol,
BB 11
	outgoing: 12 13 99 
	datadep: 
	instructions:
		 0: %self->name_with_warning def_%cl_2_9 %self[2.0,] app[] 	 SYMBOL:	 ARGS:app,
		 1: COPY TYPE_StringLiteral "#" def_%cl_2_10 
		 2: %self->link_to def_%cl_2_11 %self[11.0,2.0,] %cl_2_9[11.0,] %cl_2_10[11.1,] 	 SYMBOL:	 ARGS:%cl_2_9,%cl_2_10,
		 3: %cl_2_8->escape_html def_%cl_2_12 %cl_2_8[10.0,9.0,] %cl_2_11[11.2,] 	 SYMBOL:	 ARGS:%cl_2_11,
		 4: 
		 5: (inherit Temple) def_%cl_2_13 
		 6: %cl_2_13[11.5,] 
BB 12
	outgoing: 13 99 
	datadep: 
	instructions:
		 0: CONSTANT def_%cl_2_13 	 SYMBOL:Temple,	 ARGS:Symbol,
BB 13
	outgoing: 14 15 99 
	datadep: 
	instructions:
		 0: (inherit Utils) def_%cl_2_14 %cl_2_13[12.0,11.5,] 
		 1: %cl_2_14[13.0,] 
BB 14
	outgoing: 15 99 
	datadep: 
	instructions:
		 0: %cl_2_13->const_missing def_%cl_2_14 %cl_2_13[12.0,11.5,] 	 SYMBOL:Utils,	 ARGS:Symbol,
BB 15
	outgoing: 16 17 99 
	datadep: 
	instructions:
		 0: app->identifier def_%cl_2_15 app[] 	 SYMBOL:	 ARGS:
		 1: %cl_2_14->escape_html def_%cl_2_16 %cl_2_14[14.0,13.0,] %cl_2_15[15.0,] 	 SYMBOL:	 ARGS:%cl_2_15,
		 2: 
		 3: (inherit Temple) def_%cl_2_17 
		 4: %cl_2_17[15.3,] 
BB 16
	outgoing: 17 99 
	datadep: 
	instructions:
		 0: CONSTANT def_%cl_2_17 	 SYMBOL:Temple,	 ARGS:Symbol,
BB 17
	outgoing: 18 19 99 
	datadep: 
	instructions:
		 0: (inherit Utils) def_%cl_2_18 %cl_2_17[16.0,15.3,] 
		 1: %cl_2_18[17.0,] 
BB 18
	outgoing: 19 99 
	datadep: 
	instructions:
		 0: %cl_2_17->const_missing def_%cl_2_18 %cl_2_17[16.0,15.3,] 	 SYMBOL:Utils,	 ARGS:Symbol,
BB 19
	outgoing: 20 21 99 
	datadep: 
	instructions:
		 0: %self->short_desc def_%cl_2_19 %self[2.0,] app[] 	 SYMBOL:	 ARGS:app,
		 1: %cl_2_18->escape_html def_%cl_2_20 %cl_2_18[18.0,17.0,] %cl_2_19[19.0,] 	 SYMBOL:	 ARGS:%cl_2_19,
		 2: 
		 3: (inherit Temple) def_%cl_2_21 
		 4: %cl_2_21[19.3,] 
BB 20
	outgoing: 21 99 
	datadep: 
	instructions:
		 0: CONSTANT def_%cl_2_21 	 SYMBOL:Temple,	 ARGS:Symbol,
BB 21
	outgoing: 22 23 99 
	datadep: 
	instructions:
		 0: (inherit Utils) def_%cl_2_22 %cl_2_21[20.0,19.3,] 
		 1: %cl_2_22[21.0,] 
BB 22
	outgoing: 23 99 
	datadep: 
	instructions:
		 0: %cl_2_21->const_missing def_%cl_2_22 %cl_2_21[20.0,19.3,] 	 SYMBOL:Utils,	 ARGS:Symbol,
BB 23
	outgoing: 24 25 99 
	datadep: 
	instructions:
		 0: app->identifier def_%cl_2_23 app[] 	 SYMBOL:	 ARGS:
		 1: %cl_2_22->escape_html def_%cl_2_24 %cl_2_22[22.0,21.0,] %cl_2_23[23.0,] 	 SYMBOL:	 ARGS:%cl_2_23,
		 2: 
		 3: (inherit Temple) def_%cl_2_25 
		 4: %cl_2_25[23.3,] 
BB 24
	outgoing: 25 99 
	datadep: 
	instructions:
		 0: CONSTANT def_%cl_2_25 	 SYMBOL:Temple,	 ARGS:Symbol,
BB 25
	outgoing: 26 27 99 
	datadep: 
	instructions:
		 0: (inherit Utils) def_%cl_2_26 %cl_2_25[24.0,23.3,] 
		 1: %cl_2_26[25.0,] 
BB 26
	outgoing: 27 99 
	datadep: 
	instructions:
		 0: %cl_2_25->const_missing def_%cl_2_26 %cl_2_25[24.0,23.3,] 	 SYMBOL:Utils,	 ARGS:Symbol,
BB 27
	outgoing: 28 29 99 
	datadep: 
	instructions:
		 0: %self->display_style def_%cl_2_27 %self[2.0,] 	 SYMBOL:	 ARGS:
		 1: %cl_2_26->escape_html def_%cl_2_28 %cl_2_26[26.0,25.0,] %cl_2_27[27.0,] 	 SYMBOL:	 ARGS:%cl_2_27,
		 2: 
		 3: (inherit Temple) def_%cl_2_29 
		 4: %cl_2_29[27.3,] 
BB 28
	outgoing: 29 99 
	datadep: 
	instructions:
		 0: CONSTANT def_%cl_2_29 	 SYMBOL:Temple,	 ARGS:Symbol,
BB 29
	outgoing: 30 31 99 
	datadep: 
	instructions:
		 0: (inherit Utils) def_%cl_2_30 %cl_2_29[28.0,27.3,] 
		 1: %cl_2_30[29.0,] 
BB 30
	outgoing: 31 99 
	datadep: 
	instructions:
		 0: %cl_2_29->const_missing def_%cl_2_30 %cl_2_29[28.0,27.3,] 	 SYMBOL:Utils,	 ARGS:Symbol,
BB 31
	outgoing: 32 33 99 
	datadep: 
	instructions:
		 0: app->name def_%cl_2_31 app[] 	 SYMBOL:	 ARGS:
		 1: %cl_2_30->escape_html def_%cl_2_32 %cl_2_30[30.0,29.0,] %cl_2_31[31.0,] 	 SYMBOL:	 ARGS:%cl_2_31,
		 2: 
		 3: (inherit Temple) def_%cl_2_33 
		 4: %cl_2_33[31.3,] 
BB 32
	outgoing: 33 99 
	datadep: 
	instructions:
		 0: CONSTANT def_%cl_2_33 	 SYMBOL:Temple,	 ARGS:Symbol,
BB 33
	outgoing: 34 35 99 
	datadep: 
	instructions:
		 0: (inherit Utils) def_%cl_2_34 %cl_2_33[32.0,31.3,] 
		 1: %cl_2_34[33.0,] 
BB 34
	outgoing: 35 99 
	datadep: 
	instructions:
		 0: %cl_2_33->const_missing def_%cl_2_34 %cl_2_33[32.0,31.3,] 	 SYMBOL:Utils,	 ARGS:Symbol,
BB 35
	outgoing: 36 37 99 
	datadep: 
	instructions:
		 0: COPY TYPE_StringLiteral "available_for_installation" def_%cl_2_35 
		 1: %self->t def_%cl_2_36 %self[2.0,] %cl_2_35[35.0,] 	 SYMBOL:	 ARGS:%cl_2_35,
		 2: %cl_2_34->escape_html def_%cl_2_37 %cl_2_34[34.0,33.0,] %cl_2_36[35.1,] 	 SYMBOL:	 ARGS:%cl_2_36,
		 3: 
		 4: (inherit Temple) def_%cl_2_38 
		 5: %cl_2_38[35.4,] 
BB 36
	outgoing: 37 99 
	datadep: 
	instructions:
		 0: CONSTANT def_%cl_2_38 	 SYMBOL:Temple,	 ARGS:Symbol,
BB 37
	outgoing: 38 39 99 
	datadep: 
	instructions:
		 0: (inherit Utils) def_%cl_2_39 %cl_2_38[36.0,35.4,] 
		 1: %cl_2_39[37.0,] 
BB 38
	outgoing: 39 99 
	datadep: 
	instructions:
		 0: %cl_2_38->const_missing def_%cl_2_39 %cl_2_38[36.0,35.4,] 	 SYMBOL:Utils,	 ARGS:Symbol,
BB 39
	outgoing: 40 41 99 
	datadep: 
	instructions:
		 0: app->webapp def_%cl_2_40 app[] 	 SYMBOL:	 ARGS:
		 1: BRANCH %cl_2_40[39.0,] 
BB 40
	outgoing: 42 99 
	datadep: 
	instructions:
		 0: %self->image_for_app def_%cl_2_41 %self[2.0,] app[] 	 SYMBOL:	 ARGS:app,
		 1: app->remote_url def_%cl_2_42 app[] 	 SYMBOL:	 ARGS:
		 2: COPY TYPE_StringLiteral "_blank" def_%cl_2_43 
		 3: HASH-target- def_%cl_2_44 %cl_2_43[40.2,] 
		 4: %self->link_to def_%cl_2_45 %self[40.0,2.0,] %cl_2_41[40.0,] %cl_2_42[40.1,] %cl_2_44[40.3,] 	 SYMBOL:	 ARGS:%cl_2_41,%cl_2_42,%cl_2_44,
		 5: 
BB 41
	outgoing: 42 99 
	datadep: 
	instructions:
		 0: %self->image_for_app def_%cl_2_46 %self[2.0,] app[] 	 SYMBOL:	 ARGS:app,
		 1: COPY TYPE_PASS def_%cl_2_45 %cl_2_46[41.0,] 
BB 42
	outgoing: 43 44 99 
	datadep: 
	instructions:
		 0: %cl_2_39->escape_html def_%cl_2_47 %cl_2_39[38.0,37.0,] %cl_2_45[41.1,40.4,] 	 SYMBOL:	 ARGS:%cl_2_45,
		 1: 
		 2: (inherit Temple) def_%cl_2_48 
		 3: %cl_2_48[42.2,] 
BB 43
	outgoing: 44 99 
	datadep: 
	instructions:
		 0: CONSTANT def_%cl_2_48 	 SYMBOL:Temple,	 ARGS:Symbol,
BB 44
	outgoing: 45 46 99 
	datadep: 
	instructions:
		 0: (inherit Utils) def_%cl_2_49 %cl_2_48[43.0,42.2,] 
		 1: %cl_2_49[44.0,] 
BB 45
	outgoing: 46 99 
	datadep: 
	instructions:
		 0: %cl_2_48->const_missing def_%cl_2_49 %cl_2_48[43.0,42.2,] 	 SYMBOL:Utils,	 ARGS:Symbol,
BB 46
	outgoing: 47 48 99 
	datadep: 
	instructions:
		 0: app->description def_%cl_2_50 app[] 	 SYMBOL:	 ARGS:
		 1: %cl_2_50->try def_%cl_2_51 %cl_2_50[46.0,] 	 SYMBOL:html_safe,	 ARGS:Symbol,
		 2: BRANCH %cl_2_51[46.1,] 
BB 47
	outgoing: 48 99 
	datadep: 
	instructions:
		 0: COPY TYPE_StringLiteral "no_description_supplied" def_%cl_2_52 
		 1: %self->t def_%cl_2_53 %self[2.0,] %cl_2_52[47.0,] 	 SYMBOL:	 ARGS:%cl_2_52,
		 2: COPY TYPE_PASS def_%cl_2_51 %cl_2_53[47.1,] 
BB 48
	outgoing: 49 50 99 
	datadep: 
	instructions:
		 0: %cl_2_49->escape_html def_%cl_2_54 %cl_2_49[45.0,44.0,] %cl_2_51[47.2,46.1,] 	 SYMBOL:	 ARGS:%cl_2_51,
		 1: 
		 2: (inherit Temple) def_%cl_2_55 
		 3: %cl_2_55[48.2,] 
BB 49
	outgoing: 50 99 
	datadep: 
	instructions:
		 0: CONSTANT def_%cl_2_55 	 SYMBOL:Temple,	 ARGS:Symbol,
BB 50
	outgoing: 51 52 99 
	datadep: 
	instructions:
		 0: (inherit Utils) def_%cl_2_56 %cl_2_55[49.0,48.2,] 
		 1: %cl_2_56[50.0,] 
BB 51
	outgoing: 52 99 
	datadep: 
	instructions:
		 0: %cl_2_55->const_missing def_%cl_2_56 %cl_2_55[49.0,48.2,] 	 SYMBOL:Utils,	 ARGS:Symbol,
BB 52
	outgoing: 53 54 99 
	datadep: 
	instructions:
		 0: (inherit Temple) def_%cl_2_57 
		 1: %cl_2_57[52.0,] 
BB 53
	outgoing: 54 99 
	datadep: 
	instructions:
		 0: CONSTANT def_%cl_2_57 	 SYMBOL:Temple,	 ARGS:Symbol,
BB 54
	outgoing: 55 56 99 
	datadep: 
	instructions:
		 0: (inherit Utils) def_%cl_2_58 %cl_2_57[53.0,52.0,] 
		 1: %cl_2_58[54.0,] 
BB 55
	outgoing: 56 99 
	datadep: 
	instructions:
		 0: %cl_2_57->const_missing def_%cl_2_58 %cl_2_57[53.0,52.0,] 	 SYMBOL:Utils,	 ARGS:Symbol,
BB 56
	outgoing: 57 58 99 
	datadep: 
	instructions:
		 0: %self->spinner def_%cl_2_59 %self[2.0,] 	 SYMBOL:	 ARGS:
		 1: %cl_2_58->escape_html def_%cl_2_60 %cl_2_58[55.0,54.0,] %cl_2_59[56.0,] 	 SYMBOL:	 ARGS:%cl_2_59,
		 2: 
		 3: (inherit Temple) def_%cl_2_61 
		 4: %cl_2_61[56.3,] 
BB 57
	outgoing: 58 99 
	datadep: 
	instructions:
		 0: CONSTANT def_%cl_2_61 	 SYMBOL:Temple,	 ARGS:Symbol,
BB 58
	outgoing: 59 60 99 
	datadep: 
	instructions:
		 0: (inherit Utils) def_%cl_2_62 %cl_2_61[57.0,56.3,] 
		 1: %cl_2_62[58.0,] 
BB 59
	outgoing: 60 99 
	datadep: 
	instructions:
		 0: %cl_2_61->const_missing def_%cl_2_62 %cl_2_61[57.0,56.3,] 	 SYMBOL:Utils,	 ARGS:Symbol,
BB 60
	outgoing: 61 62 99 
	datadep: 
	instructions:
		 0: COPY TYPE_StringLiteral "install" def_%cl_2_63 
		 1: %self->t def_%cl_2_64 %self[2.0,] %cl_2_63[60.0,] 	 SYMBOL:	 ARGS:%cl_2_63,
		 2: %self->apps_engine def_%cl_2_65 %self[60.1,2.0,] 	 SYMBOL:	 ARGS:
		 3: app->identifier def_%cl_2_66 app[] 	 SYMBOL:	 ARGS:
		 4: HASH-id- def_%cl_2_67 %cl_2_66[60.3,] 
		 5: %cl_2_65->install_path def_%cl_2_68 %cl_2_65[60.2,] %cl_2_67[60.4,] 	 SYMBOL:	 ARGS:%cl_2_67,
		 6: COPY TYPE_StringLiteral "install-app-in-background btnn btn btn-info btn-sm " def_%cl_2_69 
		 7: HASH-method-remote-class- def_%cl_2_70 %cl_2_69[60.6,] 
		 8: %self->link_to def_%cl_2_71 %self[60.1,60.2,2.0,] %cl_2_64[60.1,] %cl_2_68[60.5,] %cl_2_70[60.7,] 	 SYMBOL:	 ARGS:%cl_2_64,%cl_2_68,%cl_2_70,
		 9: %cl_2_62->escape_html def_%cl_2_72 %cl_2_62[59.0,58.0,] %cl_2_71[60.8,] 	 SYMBOL:	 ARGS:%cl_2_71,
		 10: %cl_2_56->escape_html def_%cl_2_73 %cl_2_56[51.0,50.0,] %cl_2_72[60.9,] 	 SYMBOL:	 ARGS:%cl_2_72,
		 11: 
		 12: (inherit Temple) def_%cl_2_74 
		 13: %cl_2_74[60.12,] 
BB 61
	outgoing: 62 99 
	datadep: 
	instructions:
		 0: CONSTANT def_%cl_2_74 	 SYMBOL:Temple,	 ARGS:Symbol,
BB 62
	outgoing: 63 64 99 
	datadep: 
	instructions:
		 0: (inherit Utils) def_%cl_2_75 %cl_2_74[61.0,60.12,] 
		 1: %cl_2_75[62.0,] 
BB 63
	outgoing: 64 99 
	datadep: 
	instructions:
		 0: %cl_2_74->const_missing def_%cl_2_75 %cl_2_74[61.0,60.12,] 	 SYMBOL:Utils,	 ARGS:Symbol,
BB 64
	outgoing: 65 66 99 
	datadep: 
	instructions:
		 0: COPY TYPE_StringLiteral "version" def_%cl_2_76 
		 1: %self->t def_%cl_2_77 %self[2.0,] %cl_2_76[64.0,] 	 SYMBOL:	 ARGS:%cl_2_76,
		 2: %cl_2_75->escape_html def_%cl_2_78 %cl_2_75[63.0,62.0,] %cl_2_77[64.1,] 	 SYMBOL:	 ARGS:%cl_2_77,
		 3: 
		 4: (inherit Temple) def_%cl_2_79 
		 5: %cl_2_79[64.4,] 
BB 65
	outgoing: 66 99 
	datadep: 
	instructions:
		 0: CONSTANT def_%cl_2_79 	 SYMBOL:Temple,	 ARGS:Symbol,
BB 66
	outgoing: 67 68 99 
	datadep: 
	instructions:
		 0: (inherit Utils) def_%cl_2_80 %cl_2_79[65.0,64.4,] 
		 1: %cl_2_80[66.0,] 
BB 67
	outgoing: 68 99 
	datadep: 
	instructions:
		 0: %cl_2_79->const_missing def_%cl_2_80 %cl_2_79[65.0,64.4,] 	 SYMBOL:Utils,	 ARGS:Symbol,
BB 68
	outgoing: 69 70 99 
	datadep: 
	instructions:
		 0: app->version def_%cl_2_81 app[] 	 SYMBOL:	 ARGS:
		 1: %cl_2_80->escape_html def_%cl_2_82 %cl_2_80[67.0,66.0,] %cl_2_81[68.0,] 	 SYMBOL:	 ARGS:%cl_2_81,
		 2: 
		 3: (inherit Temple) def_%cl_2_83 
		 4: %cl_2_83[68.3,] 
BB 69
	outgoing: 70 99 
	datadep: 
	instructions:
		 0: CONSTANT def_%cl_2_83 	 SYMBOL:Temple,	 ARGS:Symbol,
BB 70
	outgoing: 71 72 99 
	datadep: 
	instructions:
		 0: (inherit Utils) def_%cl_2_84 %cl_2_83[69.0,68.3,] 
		 1: %cl_2_84[70.0,] 
BB 71
	outgoing: 72 99 
	datadep: 
	instructions:
		 0: %cl_2_83->const_missing def_%cl_2_84 %cl_2_83[69.0,68.3,] 	 SYMBOL:Utils,	 ARGS:Symbol,
BB 72
	outgoing: 73 78 99 
	datadep: 
	instructions:
		 0: COPY TYPE_StringLiteral "" def_%cl_2_85 
		 1: app->app_url def_%cl_2_86 app[] 	 SYMBOL:	 ARGS:
		 2: COPY TYPE_StringLiteral "_blank" def_%cl_2_87 
		 3: COPY TYPE_StringLiteral "glyphicon glyphicon-plus-sign" def_%cl_2_88 
		 4: HASH-target-class- def_%cl_2_89 %cl_2_87[72.2,] %cl_2_88[72.3,] 
		 5: %self->link_to def_%cl_2_90 %self[2.0,] %cl_2_85[72.0,] %cl_2_86[72.1,] %cl_2_89[72.4,] 	 SYMBOL:	 ARGS:%cl_2_85,%cl_2_86,%cl_2_89,
		 6: %cl_2_84->escape_html def_%cl_2_91 %cl_2_84[71.0,70.0,] %cl_2_90[72.5,] 	 SYMBOL:	 ARGS:%cl_2_90,
		 7: 
		 8: app->forum_url def_%cl_2_92 app[72.1,] 	 SYMBOL:	 ARGS:
		 9: %cl_2_92->present? def_%cl_2_93 %cl_2_92[72.8,] 	 SYMBOL:	 ARGS:
		 10: BRANCH %cl_2_93[72.9,] 
BB 73
	outgoing: 74 75 99 
	datadep: 
	instructions:
		 0: 
		 1: (inherit Temple) def_%cl_2_94 
		 2: %cl_2_94[73.1,] 
BB 74
	outgoing: 75 99 
	datadep: 
	instructions:
		 0: CONSTANT def_%cl_2_94 	 SYMBOL:Temple,	 ARGS:Symbol,
BB 75
	outgoing: 76 77 99 
	datadep: 
	instructions:
		 0: (inherit Utils) def_%cl_2_95 %cl_2_94[74.0,73.1,] 
		 1: %cl_2_95[75.0,] 
BB 76
	outgoing: 77 99 
	datadep: 
	instructions:
		 0: %cl_2_94->const_missing def_%cl_2_95 %cl_2_94[74.0,73.1,] 	 SYMBOL:Utils,	 ARGS:Symbol,
BB 77
	outgoing: 79 99 
	datadep: 
	instructions:
		 0: COPY TYPE_StringLiteral "discussion_forum_for" def_%cl_2_96 
		 1: %self->t def_%cl_2_97 %self[2.0,] %cl_2_96[77.0,] 	 SYMBOL:	 ARGS:%cl_2_96,
		 2: COPY TYPE_StringLiteral " " def_%cl_2_98 
		 3: app->name def_%cl_2_99 app[] 	 SYMBOL:	 ARGS:
		 4: BUILDSTRING def_%cl_2_100 %cl_2_97[77.1,] %cl_2_98[77.2,] %cl_2_99[77.3,] 
		 5: app->forum_url def_%cl_2_101 app[77.3,] 	 SYMBOL:	 ARGS:
		 6: COPY TYPE_StringLiteral "_blank" def_%cl_2_102 
		 7: HASH-target- def_%cl_2_103 %cl_2_102[77.6,] 
		 8: %self->link_to def_%cl_2_104 %self[77.1,2.0,] %cl_2_100[77.4,] %cl_2_101[77.5,] %cl_2_103[77.7,] 	 SYMBOL:	 ARGS:%cl_2_100,%cl_2_101,%cl_2_103,
		 9: %cl_2_95->escape_html def_%cl_2_105 %cl_2_95[76.0,75.0,] %cl_2_104[77.8,] 	 SYMBOL:	 ARGS:%cl_2_104,
		 10: 
BB 78
	outgoing: 79 
	datadep: 
	instructions:
		 0: COPY TYPE_Nil def_%cl_2_105 
BB 79
	outgoing: 80 81 99 
	datadep: 
	instructions:
		 0: 
		 1: app->live? def_%cl_2_106 app[] 	 SYMBOL:	 ARGS:
		 2: BRANCH %cl_2_106[79.1,] 
BB 80
	outgoing: 86 
	datadep: 
	instructions:
		 0: COPY TYPE_Nil def_%cl_2_107 
		 1: 
BB 81
	outgoing: 82 83 99 
	datadep: 
	instructions:
		 0: 
		 1: (inherit Temple) def_%cl_2_108 
		 2: %cl_2_108[81.1,] 
BB 82
	outgoing: 83 99 
	datadep: 
	instructions:
		 0: CONSTANT def_%cl_2_108 	 SYMBOL:Temple,	 ARGS:Symbol,
BB 83
	outgoing: 84 85 99 
	datadep: 
	instructions:
		 0: (inherit Utils) def_%cl_2_109 %cl_2_108[82.0,81.1,] 
		 1: %cl_2_109[83.0,] 
BB 84
	outgoing: 85 99 
	datadep: 
	instructions:
		 0: %cl_2_108->const_missing def_%cl_2_109 %cl_2_108[82.0,81.1,] 	 SYMBOL:Utils,	 ARGS:Symbol,
BB 85
	outgoing: 86 99 
	datadep: 
	instructions:
		 0: COPY TYPE_StringLiteral "warning_this_application_is_in_testing" def_%cl_2_110 
		 1: %self->t def_%cl_2_111 %self[2.0,] %cl_2_110[85.0,] 	 SYMBOL:	 ARGS:%cl_2_110,
		 2: %cl_2_109->escape_html def_%cl_2_112 %cl_2_109[84.0,83.0,] %cl_2_111[85.1,] 	 SYMBOL:	 ARGS:%cl_2_111,
		 3: COPY TYPE_PASS def_%cl_2_107 %cl_2_112[85.2,] 
BB 86
	outgoing: 87 88 99 
	datadep: 
	instructions:
		 0: 
		 1: (inherit Temple) def_%cl_2_113 
		 2: %cl_2_113[86.1,] 
BB 87
	outgoing: 88 99 
	datadep: 
	instructions:
		 0: CONSTANT def_%cl_2_113 	 SYMBOL:Temple,	 ARGS:Symbol,
BB 88
	outgoing: 89 90 99 
	datadep: 
	instructions:
		 0: (inherit Utils) def_%cl_2_114 %cl_2_113[87.0,86.1,] 
		 1: %cl_2_114[88.0,] 
BB 89
	outgoing: 90 99 
	datadep: 
	instructions:
		 0: %cl_2_113->const_missing def_%cl_2_114 %cl_2_113[87.0,86.1,] 	 SYMBOL:Utils,	 ARGS:Symbol,
BB 90
	outgoing: 91 92 99 
	datadep: 
	instructions:
		 0: app->identifier def_%cl_2_115 app[] 	 SYMBOL:	 ARGS:
		 1: %cl_2_114->escape_html def_%cl_2_116 %cl_2_114[89.0,88.0,] %cl_2_115[90.0,] 	 SYMBOL:	 ARGS:%cl_2_115,
		 2: 
		 3: (inherit Temple) def_%cl_2_117 
		 4: %cl_2_117[90.3,] 
BB 91
	outgoing: 92 99 
	datadep: 
	instructions:
		 0: CONSTANT def_%cl_2_117 	 SYMBOL:Temple,	 ARGS:Symbol,
BB 92
	outgoing: 93 94 99 
	datadep: 
	instructions:
		 0: (inherit Utils) def_%cl_2_118 %cl_2_117[91.0,90.3,] 
		 1: %cl_2_118[92.0,] 
BB 93
	outgoing: 94 99 
	datadep: 
	instructions:
		 0: %cl_2_117->const_missing def_%cl_2_118 %cl_2_117[91.0,90.3,] 	 SYMBOL:Utils,	 ARGS:Symbol,
BB 94
	outgoing: 95 96 99 
	datadep: 
	instructions:
		 0: app->name def_%cl_2_119 app[] 	 SYMBOL:	 ARGS:
		 1: %cl_2_118->escape_html def_%cl_2_120 %cl_2_118[93.0,92.0,] %cl_2_119[94.0,] 	 SYMBOL:	 ARGS:%cl_2_119,
		 2: 
		 3: (inherit Temple) def_%cl_2_121 
		 4: %cl_2_121[94.3,] 
BB 95
	outgoing: 96 99 
	datadep: 
	instructions:
		 0: CONSTANT def_%cl_2_121 	 SYMBOL:Temple,	 ARGS:Symbol,
BB 96
	outgoing: 97 98 99 
	datadep: 
	instructions:
		 0: (inherit Utils) def_%cl_2_122 %cl_2_121[95.0,94.3,] 
		 1: %cl_2_122[96.0,] 
BB 97
	outgoing: 98 99 
	datadep: 
	instructions:
		 0: %cl_2_121->const_missing def_%cl_2_122 %cl_2_121[95.0,94.3,] 	 SYMBOL:Utils,	 ARGS:Symbol,
BB 98
	outgoing: 99 101 
	datadep: 
	instructions:
		 0: COPY TYPE_StringLiteral "is_now_uninstalled" def_%cl_2_123 
		 1: %self->t def_%cl_2_124 %self[2.0,] %cl_2_123[98.0,] 	 SYMBOL:	 ARGS:%cl_2_123,
		 2: %cl_2_122->escape_html def_%cl_2_125 %cl_2_122[97.0,96.0,] %cl_2_124[98.1,] 	 SYMBOL:	 ARGS:%cl_2_124,
		 3: RETURN %cl_2_125[98.2,] %self[98.1,2.0,] 
BB 99
	outgoing: 101 
	datadep: 
	instructions:
		 0: def_%cl_2_126 
		 1: def_%cl_2_127 %cl_2_126[99.0,] 
		 2: RETURN %cl_2_127[99.1,] %self[2.0,] 
BB 101
	outgoing: 
	datadep: 
	instructions:
CLOSURE END: 
		 15: COPY TYPE_PASS def__slim_controls1 %cl_1_49[24.14,] 
		 16: 
		 17: (inherit Temple) def_%cl_1_50 
		 18: %cl_1_50[24.17,] 
BB 25
	outgoing: 26 39 
	datadep: 
	instructions:
		 0: CONSTANT def_%cl_1_50 	 SYMBOL:Temple,	 ARGS:Symbol,
BB 26
	outgoing: 27 28 39 
	datadep: 
	instructions:
		 0: (inherit Utils) def_%cl_1_51 %cl_1_50[25.0,24.17,] 
		 1: %cl_1_51[26.0,] 
BB 27
	outgoing: 28 39 
	datadep: 
	instructions:
		 0: %cl_1_50->const_missing def_%cl_1_51 %cl_1_50[25.0,24.17,] 	 SYMBOL:Utils,	 ARGS:Symbol,
BB 28
	outgoing: 38 39 
	datadep: 
	instructions:
		 0: %cl_1_51->escape_html def_%cl_1_52 %cl_1_51[27.0,26.0,] _slim_controls1[24.15,] 	 SYMBOL:	 ARGS:_slim_controls1,
		 1: COPY TYPE_PASS def_%cl_1_53 %cl_1_52[28.0,] 
		 2: %cl_1_37->escape_html def_%cl_1_54 %cl_1_37[24.0,] %cl_1_52[28.0,] 	 SYMBOL:	 ARGS:%cl_1_53,
		 3: 
BB 29
	outgoing: 30 31 39 
	datadep: 
	instructions:
		 0: 
		 1: (inherit Temple) def_%cl_1_55 
		 2: %cl_1_55[29.1,] 
BB 30
	outgoing: 31 39 
	datadep: 
	instructions:
		 0: CONSTANT def_%cl_1_55 	 SYMBOL:Temple,	 ARGS:Symbol,
BB 31
	outgoing: 32 33 39 
	datadep: 
	instructions:
		 0: (inherit Utils) def_%cl_1_56 %cl_1_55[30.0,29.1,] 
		 1: %cl_1_56[31.0,] 
BB 32
	outgoing: 33 39 
	datadep: 
	instructions:
		 0: %cl_1_55->const_missing def_%cl_1_56 %cl_1_55[30.0,29.1,] 	 SYMBOL:Utils,	 ARGS:Symbol,
BB 33
	outgoing: 34 35 39 
	datadep: 
	instructions:
		 0: COPY TYPE_StringLiteral "there_are_no_applications_available" def_%cl_1_57 
		 1: %self->t def_%cl_1_58 %self[2.0,] %cl_1_57[33.0,] 	 SYMBOL:	 ARGS:%cl_1_57,
		 2: %cl_1_56->escape_html def_%cl_1_59 %cl_1_56[32.0,31.0,] %cl_1_58[33.1,] 	 SYMBOL:	 ARGS:%cl_1_58,
		 3: 
		 4: (inherit Temple) def_%cl_1_60 
		 5: %cl_1_60[33.4,] 
BB 34
	outgoing: 35 39 
	datadep: 
	instructions:
		 0: CONSTANT def_%cl_1_60 	 SYMBOL:Temple,	 ARGS:Symbol,
BB 35
	outgoing: 36 37 39 
	datadep: 
	instructions:
		 0: (inherit Utils) def_%cl_1_61 %cl_1_60[34.0,33.4,] 
		 1: %cl_1_61[35.0,] 
BB 36
	outgoing: 37 39 
	datadep: 
	instructions:
		 0: %cl_1_60->const_missing def_%cl_1_61 %cl_1_60[34.0,33.4,] 	 SYMBOL:Utils,	 ARGS:Symbol,
BB 37
	outgoing: 39 41 
	datadep: 
	instructions:
		 0: COPY TYPE_StringLiteral "this_could_be_due_to_lack_of_network_connectivity" def_%cl_1_62 
		 1: %self->t def_%cl_1_63 %self[2.0,] %cl_1_62[37.0,] 	 SYMBOL:	 ARGS:%cl_1_62,
		 2: %cl_1_61->escape_html def_%cl_1_64 %cl_1_61[36.0,35.0,] %cl_1_63[37.1,] 	 SYMBOL:	 ARGS:%cl_1_63,
		 3: RETURN %cl_1_64[37.2,] %self[37.1,2.0,] 
BB 38
	outgoing: 41 
	datadep: 
	instructions:
		 0: RETURN %cl_1_54[28.2,] %self[2.0,] 
BB 39
	outgoing: 41 
	datadep: 
	instructions:
		 0: def_%cl_1_65 
		 1: def_%cl_1_66 %cl_1_65[39.0,] 
		 2: RETURN %cl_1_66[39.1,] %self[2.0,] 
BB 41
	outgoing: 
	datadep: 
	instructions:
CLOSURE END: app[24.2,] _slim_controls1[24.15,] 
		 16: RETURN %v_9[2.15,] %self[2.0,2.7,2.8,2.12,2.14,] 
BB 3
	outgoing: 
	datadep: 
	instructions:

SET IRMethod, name = installed instanceMethod = true
BB 1
	outgoing: 3 2 
	datadep: 
	instructions:
BB 2
	outgoing: 3 
	datadep: 
	instructions:
		 0: def_%self 
		 1: def_%v_0 
		 2: COPY TYPE_CurrentScope def_%current_scope 
		 3: COPY TYPE_ScopeModule def_%current_module 
		 4: 
		 5: 
		 6: COPY TYPE_StringLiteral "apps" def_%v_3 
		 7: %self->t def_%v_4 %self[2.0,] %v_3[2.6,] 	 SYMBOL:	 ARGS:%v_3,
		 8: %self->set_title def_%v_5 %self[2.0,2.7,] %v_4[2.7,] 	 SYMBOL:	 ARGS:%v_4,
		 9: 
		 10: (App) def_%v_6 
		 11: %v_6->latest_first def_%v_7 %v_6[2.10,] 	 SYMBOL:	 ARGS:
		 12: ATTRASSIGN %self->apps %v_7[2.11,] 
		 13: 
		 14: %self->ruby_code_from_view def_%v_8 %self[2.0,2.7,2.8,2.12,] 	 SYMBOL:	 ARGS:
		 15: %v_8->ruby_code_from_view def_%v_9 %v_8[2.14,] %self[2.0,2.7,2.8,2.12,2.14,] 	 SYMBOL:	 ARGS:%v_8,
CLOSURE BEGIN: %self[2.0,2.7,2.8,2.12,2.14,] app[] _slim_controls1[] 
BB 1
	outgoing: 41 2 
	datadep: 
	instructions:
BB 2
	outgoing: 3 
	datadep: 
	instructions:
		 0: def_%self 
		 1: def_%cl_1_0 
		 2: RECEIVEARG def_rb_from_view 
		 3: COPY TYPE_CurrentScope def_%current_scope 
		 4: COPY TYPE_ScopeModule def_%current_module 
BB 3
	outgoing: 4 5 39 
	datadep: 
	instructions:
		 0: 
		 1: (inherit Temple) def_%cl_1_3 
		 2: %cl_1_3[3.1,] 
BB 4
	outgoing: 5 39 
	datadep: 
	instructions:
		 0: CONSTANT def_%cl_1_3 	 SYMBOL:Temple,	 ARGS:Symbol,
BB 5
	outgoing: 6 7 39 
	datadep: 
	instructions:
		 0: (inherit Utils) def_%cl_1_4 %cl_1_3[4.0,3.1,] 
		 1: %cl_1_4[5.0,] 
BB 6
	outgoing: 7 39 
	datadep: 
	instructions:
		 0: %cl_1_3->const_missing def_%cl_1_4 %cl_1_3[4.0,3.1,] 	 SYMBOL:Utils,	 ARGS:Symbol,
BB 7
	outgoing: 8 9 39 
	datadep: 
	instructions:
		 0: COPY TYPE_StringLiteral "Get apps" def_%cl_1_5 
		 1: COPY TYPE_StringLiteral "https://www.amahi.org/apps" def_%cl_1_6 
		 2: COPY TYPE_StringLiteral "Amahi App Store" def_%cl_1_7 
		 3: COPY TYPE_StringLiteral "_blank" def_%cl_1_8 
		 4: COPY TYPE_StringLiteral "btn-get-apps" def_%cl_1_9 
		 5: HASH-title-target-id- def_%cl_1_10 %cl_1_7[7.2,] %cl_1_8[7.3,] %cl_1_9[7.4,] 
		 6: %self->link_to def_%cl_1_11 %self[2.0,] %cl_1_5[7.0,] %cl_1_6[7.1,] %cl_1_10[7.5,] 	 SYMBOL:	 ARGS:%cl_1_5,%cl_1_6,%cl_1_10,
		 7: %cl_1_4->escape_html def_%cl_1_12 %cl_1_4[6.0,5.0,] %cl_1_11[7.6,] 	 SYMBOL:	 ARGS:%cl_1_11,
		 8: 
		 9: (inherit Temple) def_%cl_1_13 
		 10: %cl_1_13[7.9,] 
BB 8
	outgoing: 9 39 
	datadep: 
	instructions:
		 0: CONSTANT def_%cl_1_13 	 SYMBOL:Temple,	 ARGS:Symbol,
BB 9
	outgoing: 10 11 39 
	datadep: 
	instructions:
		 0: (inherit Utils) def_%cl_1_14 %cl_1_13[8.0,7.9,] 
		 1: %cl_1_14[9.0,] 
BB 10
	outgoing: 11 39 
	datadep: 
	instructions:
		 0: %cl_1_13->const_missing def_%cl_1_14 %cl_1_13[8.0,7.9,] 	 SYMBOL:Utils,	 ARGS:Symbol,
BB 11
	outgoing: 12 29 39 
	datadep: 
	instructions:
		 0: COPY TYPE_StringLiteral "Install here!" def_%cl_1_15 
		 1: %self->apps_engine def_%cl_1_16 %self[2.0,] 	 SYMBOL:	 ARGS:
		 2: %cl_1_16->root_path def_%cl_1_17 %cl_1_16[11.1,] 	 SYMBOL:	 ARGS:
		 3: COPY TYPE_StringLiteral "Refresh" def_%cl_1_18 
		 4: COPY TYPE_StringLiteral "btn-install-apps" def_%cl_1_19 
		 5: HASH-title-id- def_%cl_1_20 %cl_1_18[11.3,] %cl_1_19[11.4,] 
		 6: %self->link_to def_%cl_1_21 %self[11.1,2.0,] %cl_1_15[11.0,] %cl_1_17[11.2,] %cl_1_20[11.5,] 	 SYMBOL:	 ARGS:%cl_1_15,%cl_1_17,%cl_1_20,
		 7: %cl_1_14->escape_html def_%cl_1_22 %cl_1_14[10.0,9.0,] %cl_1_21[11.6,] 	 SYMBOL:	 ARGS:%cl_1_21,
		 8: 
		 9: GETFIELD %self->apps def_%cl_1_23 %self[11.1,11.6,2.0,] 
		 10: %cl_1_23->any? def_%cl_1_24 %cl_1_23[11.9,] 	 SYMBOL:	 ARGS:
		 11: BRANCH %cl_1_24[11.10,] 
BB 12
	outgoing: 13 14 39 
	datadep: 
	instructions:
		 0: 
		 1: (inherit Temple) def_%cl_1_25 
		 2: %cl_1_25[12.1,] 
BB 13
	outgoing: 14 39 
	datadep: 
	instructions:
		 0: CONSTANT def_%cl_1_25 	 SYMBOL:Temple,	 ARGS:Symbol,
BB 14
	outgoing: 15 16 39 
	datadep: 
	instructions:
		 0: (inherit Utils) def_%cl_1_26 %cl_1_25[13.0,12.1,] 
		 1: %cl_1_26[14.0,] 
BB 15
	outgoing: 16 39 
	datadep: 
	instructions:
		 0: %cl_1_25->const_missing def_%cl_1_26 %cl_1_25[13.0,12.1,] 	 SYMBOL:Utils,	 ARGS:Symbol,
BB 16
	outgoing: 17 18 39 
	datadep: 
	instructions:
		 0: COPY TYPE_StringLiteral "application" def_%cl_1_27 
		 1: %self->t def_%cl_1_28 %self[2.0,] %cl_1_27[16.0,] 	 SYMBOL:	 ARGS:%cl_1_27,
		 2: %cl_1_26->escape_html def_%cl_1_29 %cl_1_26[15.0,14.0,] %cl_1_28[16.1,] 	 SYMBOL:	 ARGS:%cl_1_28,
		 3: 
		 4: (inherit Temple) def_%cl_1_30 
		 5: %cl_1_30[16.4,] 
BB 17
	outgoing: 18 39 
	datadep: 
	instructions:
		 0: CONSTANT def_%cl_1_30 	 SYMBOL:Temple,	 ARGS:Symbol,
BB 18
	outgoing: 19 20 39 
	datadep: 
	instructions:
		 0: (inherit Utils) def_%cl_1_31 %cl_1_30[17.0,16.4,] 
		 1: %cl_1_31[18.0,] 
BB 19
	outgoing: 20 39 
	datadep: 
	instructions:
		 0: %cl_1_30->const_missing def_%cl_1_31 %cl_1_30[17.0,16.4,] 	 SYMBOL:Utils,	 ARGS:Symbol,
BB 20
	outgoing: 21 22 39 
	datadep: 
	instructions:
		 0: COPY TYPE_StringLiteral "description" def_%cl_1_32 
		 1: %self->t def_%cl_1_33 %self[2.0,] %cl_1_32[20.0,] 	 SYMBOL:	 ARGS:%cl_1_32,
		 2: %cl_1_31->escape_html def_%cl_1_34 %cl_1_31[19.0,18.0,] %cl_1_33[20.1,] 	 SYMBOL:	 ARGS:%cl_1_33,
		 3: 
		 4: (inherit Temple) def_%cl_1_35 
		 5: %cl_1_35[20.4,] 
BB 21
	outgoing: 22 39 
	datadep: 
	instructions:
		 0: CONSTANT def_%cl_1_35 	 SYMBOL:Temple,	 ARGS:Symbol,
BB 22
	outgoing: 23 24 39 
	datadep: 
	instructions:
		 0: (inherit Utils) def_%cl_1_36 %cl_1_35[21.0,20.4,] 
		 1: %cl_1_36[22.0,] 
BB 23
	outgoing: 24 39 
	datadep: 
	instructions:
		 0: %cl_1_35->const_missing def_%cl_1_36 %cl_1_35[21.0,20.4,] 	 SYMBOL:Utils,	 ARGS:Symbol,
BB 24
	outgoing: 25 26 39 
	datadep: 
	instructions:
		 0: COPY TYPE_PASS def_%cl_1_37 %cl_1_36[23.0,22.0,] 
		 1: %self->app_installed def_%cl_1_38 %self[2.0,] 	 SYMBOL:	 ARGS:
		 2: COPY TYPE_PASS def_app %cl_1_38[24.1,] 
		 3: 
		 4: COPY TYPE_StringLiteral "div" def_%cl_1_39 
		 5: COPY TYPE_StringLiteral "app" def_%cl_1_40 
		 6: COPY TYPE_StringLiteral "app_whole_" def_%cl_1_41 
		 7: %cl_1_38->identifier def_%cl_1_42 %cl_1_38[24.1,] 	 SYMBOL:	 ARGS:
		 8: BUILDSTRING def_%cl_1_43 %cl_1_41[24.6,] %cl_1_42[24.7,] 
		 9: %self->apps_engine def_%cl_1_44 %self[24.1,2.0,] 	 SYMBOL:	 ARGS:
		 10: app->identifier def_%cl_1_45 app[24.2,] 	 SYMBOL:	 ARGS:
		 11: %cl_1_44->uninstall_progress_path def_%cl_1_46 %cl_1_44[24.9,] %cl_1_45[24.10,] 	 SYMBOL:	 ARGS:%cl_1_45,
		 12: HASH-progress_path- def_%cl_1_47 %cl_1_46[24.11,] 
		 13: HASH-class-id-data- def_%cl_1_48 %cl_1_40[24.5,] %cl_1_43[24.8,] %cl_1_47[24.12,] 
		 14: %self->content_tag def_%cl_1_49 %self[24.1,24.9,2.0,] %cl_1_39[24.4,] %cl_1_48[24.13,] %self[24.1,24.9,2.0,] 	 SYMBOL:	 ARGS:%cl_1_39,%cl_1_48,%self,
CLOSURE BEGIN: app[24.2,24.10,] %self[24.1,24.9,2.0,] 
BB 1
	outgoing: 198 2 
	datadep: 
	instructions:
BB 2
	outgoing: 3 
	datadep: 
	instructions:
		 0: def_%self 
		 1: def_%cl_2_0 
		 2: COPY TYPE_CurrentScope def_%current_scope 
		 3: COPY TYPE_ScopeModule def_%current_module 
BB 3
	outgoing: 4 5 196 
	datadep: 
	instructions:
		 0: 
		 1: (inherit Temple) def_%cl_2_3 
		 2: %cl_2_3[3.1,] 
BB 4
	outgoing: 5 196 
	datadep: 
	instructions:
		 0: CONSTANT def_%cl_2_3 	 SYMBOL:Temple,	 ARGS:Symbol,
BB 5
	outgoing: 6 7 196 
	datadep: 
	instructions:
		 0: (inherit Utils) def_%cl_2_4 %cl_2_3[4.0,3.1,] 
		 1: %cl_2_4[5.0,] 
BB 6
	outgoing: 7 196 
	datadep: 
	instructions:
		 0: %cl_2_3->const_missing def_%cl_2_4 %cl_2_3[4.0,3.1,] 	 SYMBOL:Utils,	 ARGS:Symbol,
BB 7
	outgoing: 8 9 196 
	datadep: 
	instructions:
		 0: app->identifier def_%cl_2_5 app[] 	 SYMBOL:	 ARGS:
		 1: %cl_2_4->escape_html def_%cl_2_6 %cl_2_4[6.0,5.0,] %cl_2_5[7.0,] 	 SYMBOL:	 ARGS:%cl_2_5,
		 2: 
		 3: (inherit Temple) def_%cl_2_7 
		 4: %cl_2_7[7.3,] 
BB 8
	outgoing: 9 196 
	datadep: 
	instructions:
		 0: CONSTANT def_%cl_2_7 	 SYMBOL:Temple,	 ARGS:Symbol,
BB 9
	outgoing: 10 11 196 
	datadep: 
	instructions:
		 0: (inherit Utils) def_%cl_2_8 %cl_2_7[8.0,7.3,] 
		 1: %cl_2_8[9.0,] 
BB 10
	outgoing: 11 196 
	datadep: 
	instructions:
		 0: %cl_2_7->const_missing def_%cl_2_8 %cl_2_7[8.0,7.3,] 	 SYMBOL:Utils,	 ARGS:Symbol,
BB 11
	outgoing: 12 13 196 
	datadep: 
	instructions:
		 0: %self->name_with_warning def_%cl_2_9 %self[2.0,] app[] 	 SYMBOL:	 ARGS:app,
		 1: COPY TYPE_StringLiteral "#" def_%cl_2_10 
		 2: %self->link_to def_%cl_2_11 %self[11.0,2.0,] %cl_2_9[11.0,] %cl_2_10[11.1,] 	 SYMBOL:	 ARGS:%cl_2_9,%cl_2_10,
		 3: %cl_2_8->escape_html def_%cl_2_12 %cl_2_8[10.0,9.0,] %cl_2_11[11.2,] 	 SYMBOL:	 ARGS:%cl_2_11,
		 4: 
		 5: (inherit Temple) def_%cl_2_13 
		 6: %cl_2_13[11.5,] 
BB 12
	outgoing: 13 196 
	datadep: 
	instructions:
		 0: CONSTANT def_%cl_2_13 	 SYMBOL:Temple,	 ARGS:Symbol,
BB 13
	outgoing: 14 15 196 
	datadep: 
	instructions:
		 0: (inherit Utils) def_%cl_2_14 %cl_2_13[12.0,11.5,] 
		 1: %cl_2_14[13.0,] 
BB 14
	outgoing: 15 196 
	datadep: 
	instructions:
		 0: %cl_2_13->const_missing def_%cl_2_14 %cl_2_13[12.0,11.5,] 	 SYMBOL:Utils,	 ARGS:Symbol,
BB 15
	outgoing: 16 17 196 
	datadep: 
	instructions:
		 0: app->identifier def_%cl_2_15 app[] 	 SYMBOL:	 ARGS:
		 1: %cl_2_14->escape_html def_%cl_2_16 %cl_2_14[14.0,13.0,] %cl_2_15[15.0,] 	 SYMBOL:	 ARGS:%cl_2_15,
		 2: 
		 3: (inherit Temple) def_%cl_2_17 
		 4: %cl_2_17[15.3,] 
BB 16
	outgoing: 17 196 
	datadep: 
	instructions:
		 0: CONSTANT def_%cl_2_17 	 SYMBOL:Temple,	 ARGS:Symbol,
BB 17
	outgoing: 18 19 196 
	datadep: 
	instructions:
		 0: (inherit Utils) def_%cl_2_18 %cl_2_17[16.0,15.3,] 
		 1: %cl_2_18[17.0,] 
BB 18
	outgoing: 19 196 
	datadep: 
	instructions:
		 0: %cl_2_17->const_missing def_%cl_2_18 %cl_2_17[16.0,15.3,] 	 SYMBOL:Utils,	 ARGS:Symbol,
BB 19
	outgoing: 20 21 196 
	datadep: 
	instructions:
		 0: %self->short_desc def_%cl_2_19 %self[2.0,] app[] 	 SYMBOL:	 ARGS:app,
		 1: %cl_2_18->escape_html def_%cl_2_20 %cl_2_18[18.0,17.0,] %cl_2_19[19.0,] 	 SYMBOL:	 ARGS:%cl_2_19,
		 2: 
		 3: (inherit Temple) def_%cl_2_21 
		 4: %cl_2_21[19.3,] 
BB 20
	outgoing: 21 196 
	datadep: 
	instructions:
		 0: CONSTANT def_%cl_2_21 	 SYMBOL:Temple,	 ARGS:Symbol,
BB 21
	outgoing: 22 23 196 
	datadep: 
	instructions:
		 0: (inherit Utils) def_%cl_2_22 %cl_2_21[20.0,19.3,] 
		 1: %cl_2_22[21.0,] 
BB 22
	outgoing: 23 196 
	datadep: 
	instructions:
		 0: %cl_2_21->const_missing def_%cl_2_22 %cl_2_21[20.0,19.3,] 	 SYMBOL:Utils,	 ARGS:Symbol,
BB 23
	outgoing: 24 25 196 
	datadep: 
	instructions:
		 0: app->identifier def_%cl_2_23 app[] 	 SYMBOL:	 ARGS:
		 1: %cl_2_22->escape_html def_%cl_2_24 %cl_2_22[22.0,21.0,] %cl_2_23[23.0,] 	 SYMBOL:	 ARGS:%cl_2_23,
		 2: 
		 3: (inherit Temple) def_%cl_2_25 
		 4: %cl_2_25[23.3,] 
BB 24
	outgoing: 25 196 
	datadep: 
	instructions:
		 0: CONSTANT def_%cl_2_25 	 SYMBOL:Temple,	 ARGS:Symbol,
BB 25
	outgoing: 26 27 196 
	datadep: 
	instructions:
		 0: (inherit Utils) def_%cl_2_26 %cl_2_25[24.0,23.3,] 
		 1: %cl_2_26[25.0,] 
BB 26
	outgoing: 27 196 
	datadep: 
	instructions:
		 0: %cl_2_25->const_missing def_%cl_2_26 %cl_2_25[24.0,23.3,] 	 SYMBOL:Utils,	 ARGS:Symbol,
BB 27
	outgoing: 28 29 196 
	datadep: 
	instructions:
		 0: %self->display_style def_%cl_2_27 %self[2.0,] 	 SYMBOL:	 ARGS:
		 1: %cl_2_26->escape_html def_%cl_2_28 %cl_2_26[26.0,25.0,] %cl_2_27[27.0,] 	 SYMBOL:	 ARGS:%cl_2_27,
		 2: 
		 3: (inherit Temple) def_%cl_2_29 
		 4: %cl_2_29[27.3,] 
BB 28
	outgoing: 29 196 
	datadep: 
	instructions:
		 0: CONSTANT def_%cl_2_29 	 SYMBOL:Temple,	 ARGS:Symbol,
BB 29
	outgoing: 30 31 196 
	datadep: 
	instructions:
		 0: (inherit Utils) def_%cl_2_30 %cl_2_29[28.0,27.3,] 
		 1: %cl_2_30[29.0,] 
BB 30
	outgoing: 31 196 
	datadep: 
	instructions:
		 0: %cl_2_29->const_missing def_%cl_2_30 %cl_2_29[28.0,27.3,] 	 SYMBOL:Utils,	 ARGS:Symbol,
BB 31
	outgoing: 32 33 196 
	datadep: 
	instructions:
		 0: app->name def_%cl_2_31 app[] 	 SYMBOL:	 ARGS:
		 1: %cl_2_30->escape_html def_%cl_2_32 %cl_2_30[30.0,29.0,] %cl_2_31[31.0,] 	 SYMBOL:	 ARGS:%cl_2_31,
		 2: 
		 3: (inherit Temple) def_%cl_2_33 
		 4: %cl_2_33[31.3,] 
BB 32
	outgoing: 33 196 
	datadep: 
	instructions:
		 0: CONSTANT def_%cl_2_33 	 SYMBOL:Temple,	 ARGS:Symbol,
BB 33
	outgoing: 34 35 196 
	datadep: 
	instructions:
		 0: (inherit Utils) def_%cl_2_34 %cl_2_33[32.0,31.3,] 
		 1: %cl_2_34[33.0,] 
BB 34
	outgoing: 35 196 
	datadep: 
	instructions:
		 0: %cl_2_33->const_missing def_%cl_2_34 %cl_2_33[32.0,31.3,] 	 SYMBOL:Utils,	 ARGS:Symbol,
BB 35
	outgoing: 36 37 196 
	datadep: 
	instructions:
		 0: COPY TYPE_StringLiteral "installed_paren" def_%cl_2_35 
		 1: %self->t def_%cl_2_36 %self[2.0,] %cl_2_35[35.0,] 	 SYMBOL:	 ARGS:%cl_2_35,
		 2: %cl_2_34->escape_html def_%cl_2_37 %cl_2_34[34.0,33.0,] %cl_2_36[35.1,] 	 SYMBOL:	 ARGS:%cl_2_36,
		 3: 
		 4: (inherit Temple) def_%cl_2_38 
		 5: %cl_2_38[35.4,] 
BB 36
	outgoing: 37 196 
	datadep: 
	instructions:
		 0: CONSTANT def_%cl_2_38 	 SYMBOL:Temple,	 ARGS:Symbol,
BB 37
	outgoing: 38 39 196 
	datadep: 
	instructions:
		 0: (inherit Utils) def_%cl_2_39 %cl_2_38[36.0,35.4,] 
		 1: %cl_2_39[37.0,] 
BB 38
	outgoing: 39 196 
	datadep: 
	instructions:
		 0: %cl_2_38->const_missing def_%cl_2_39 %cl_2_38[36.0,35.4,] 	 SYMBOL:Utils,	 ARGS:Symbol,
BB 39
	outgoing: 40 41 196 
	datadep: 
	instructions:
		 0: app->webapp def_%cl_2_40 app[] 	 SYMBOL:	 ARGS:
		 1: BRANCH %cl_2_40[39.0,] 
BB 40
	outgoing: 42 196 
	datadep: 
	instructions:
		 0: %self->image_for_app def_%cl_2_41 %self[2.0,] app[] 	 SYMBOL:	 ARGS:app,
		 1: app->remote_url def_%cl_2_42 app[] 	 SYMBOL:	 ARGS:
		 2: COPY TYPE_StringLiteral "_blank" def_%cl_2_43 
		 3: HASH-target- def_%cl_2_44 %cl_2_43[40.2,] 
		 4: %self->link_to def_%cl_2_45 %self[40.0,2.0,] %cl_2_41[40.0,] %cl_2_42[40.1,] %cl_2_44[40.3,] 	 SYMBOL:	 ARGS:%cl_2_41,%cl_2_42,%cl_2_44,
		 5: 
BB 41
	outgoing: 42 196 
	datadep: 
	instructions:
		 0: %self->image_for_app def_%cl_2_46 %self[2.0,] app[] 	 SYMBOL:	 ARGS:app,
		 1: COPY TYPE_PASS def_%cl_2_45 %cl_2_46[41.0,] 
BB 42
	outgoing: 43 44 196 
	datadep: 
	instructions:
		 0: %cl_2_39->escape_html def_%cl_2_47 %cl_2_39[38.0,37.0,] %cl_2_45[41.1,40.4,] 	 SYMBOL:	 ARGS:%cl_2_45,
		 1: 
		 2: (inherit Temple) def_%cl_2_48 
		 3: %cl_2_48[42.2,] 
BB 43
	outgoing: 44 196 
	datadep: 
	instructions:
		 0: CONSTANT def_%cl_2_48 	 SYMBOL:Temple,	 ARGS:Symbol,
BB 44
	outgoing: 45 46 196 
	datadep: 
	instructions:
		 0: (inherit Utils) def_%cl_2_49 %cl_2_48[43.0,42.2,] 
		 1: %cl_2_49[44.0,] 
BB 45
	outgoing: 46 196 
	datadep: 
	instructions:
		 0: %cl_2_48->const_missing def_%cl_2_49 %cl_2_48[43.0,42.2,] 	 SYMBOL:Utils,	 ARGS:Symbol,
BB 46
	outgoing: 47 48 196 
	datadep: 
	instructions:
		 0: app->description def_%cl_2_50 app[] 	 SYMBOL:	 ARGS:
		 1: %cl_2_50->try def_%cl_2_51 %cl_2_50[46.0,] 	 SYMBOL:html_safe,	 ARGS:Symbol,
		 2: BRANCH %cl_2_51[46.1,] 
BB 47
	outgoing: 48 196 
	datadep: 
	instructions:
		 0: COPY TYPE_StringLiteral "no_description_supplied" def_%cl_2_52 
		 1: %self->t def_%cl_2_53 %self[2.0,] %cl_2_52[47.0,] 	 SYMBOL:	 ARGS:%cl_2_52,
		 2: COPY TYPE_PASS def_%cl_2_51 %cl_2_53[47.1,] 
BB 48
	outgoing: 49 50 196 
	datadep: 
	instructions:
		 0: %cl_2_49->escape_html def_%cl_2_54 %cl_2_49[45.0,44.0,] %cl_2_51[47.2,46.1,] 	 SYMBOL:	 ARGS:%cl_2_51,
		 1: 
		 2: (inherit Temple) def_%cl_2_55 
		 3: %cl_2_55[48.2,] 
BB 49
	outgoing: 50 196 
	datadep: 
	instructions:
		 0: CONSTANT def_%cl_2_55 	 SYMBOL:Temple,	 ARGS:Symbol,
BB 50
	outgoing: 51 52 196 
	datadep: 
	instructions:
		 0: (inherit Utils) def_%cl_2_56 %cl_2_55[49.0,48.2,] 
		 1: %cl_2_56[50.0,] 
BB 51
	outgoing: 52 196 
	datadep: 
	instructions:
		 0: %cl_2_55->const_missing def_%cl_2_56 %cl_2_55[49.0,48.2,] 	 SYMBOL:Utils,	 ARGS:Symbol,
BB 52
	outgoing: 53 54 196 
	datadep: 
	instructions:
		 0: app->initial_user def_%cl_2_57 app[] 	 SYMBOL:	 ARGS:
		 1: BRANCH %cl_2_57[52.0,] 
BB 53
	outgoing: 54 196 
	datadep: 
	instructions:
		 0: app->initial_user def_%cl_2_58 app[] 	 SYMBOL:	 ARGS:
		 1: %cl_2_58->blank? def_%cl_2_59 %cl_2_58[53.0,] 	 SYMBOL:	 ARGS:
		 2: %cl_2_59->! def_%cl_2_60 %cl_2_59[53.1,] 	 SYMBOL:	 ARGS:
		 3: COPY TYPE_PASS def_%cl_2_57 %cl_2_60[53.2,] 
BB 54
	outgoing: 55 84 
	datadep: 
	instructions:
		 0: BRANCH %cl_2_57[53.3,52.0,] 
BB 55
	outgoing: 56 57 196 
	datadep: 
	instructions:
		 0: 
		 1: (inherit Temple) def_%cl_2_61 
		 2: %cl_2_61[55.1,] 
BB 56
	outgoing: 57 196 
	datadep: 
	instructions:
		 0: CONSTANT def_%cl_2_61 	 SYMBOL:Temple,	 ARGS:Symbol,
BB 57
	outgoing: 58 59 196 
	datadep: 
	instructions:
		 0: (inherit Utils) def_%cl_2_62 %cl_2_61[56.0,55.1,] 
		 1: %cl_2_62[57.0,] 
BB 58
	outgoing: 59 196 
	datadep: 
	instructions:
		 0: %cl_2_61->const_missing def_%cl_2_62 %cl_2_61[56.0,55.1,] 	 SYMBOL:Utils,	 ARGS:Symbol,
BB 59
	outgoing: 60 61 196 
	datadep: 
	instructions:
		 0: COPY TYPE_StringLiteral "initial_user_info" def_%cl_2_63 
		 1: %self->t def_%cl_2_64 %self[2.0,] %cl_2_63[59.0,] 	 SYMBOL:	 ARGS:%cl_2_63,
		 2: %cl_2_62->escape_html def_%cl_2_65 %cl_2_62[58.0,57.0,] %cl_2_64[59.1,] 	 SYMBOL:	 ARGS:%cl_2_64,
		 3: 
		 4: (inherit Temple) def_%cl_2_66 
		 5: %cl_2_66[59.4,] 
BB 60
	outgoing: 61 196 
	datadep: 
	instructions:
		 0: CONSTANT def_%cl_2_66 	 SYMBOL:Temple,	 ARGS:Symbol,
BB 61
	outgoing: 62 63 196 
	datadep: 
	instructions:
		 0: (inherit Utils) def_%cl_2_67 %cl_2_66[60.0,59.4,] 
		 1: %cl_2_67[61.0,] 
BB 62
	outgoing: 63 196 
	datadep: 
	instructions:
		 0: %cl_2_66->const_missing def_%cl_2_67 %cl_2_66[60.0,59.4,] 	 SYMBOL:Utils,	 ARGS:Symbol,
BB 63
	outgoing: 64 65 196 
	datadep: 
	instructions:
		 0: COPY TYPE_StringLiteral "more.png" def_%cl_2_68 
		 1: COPY TYPE_StringLiteral "more" def_%cl_2_69 
		 2: %self->t def_%cl_2_70 %self[2.0,] %cl_2_69[63.1,] 	 SYMBOL:	 ARGS:%cl_2_69,
		 3: HASH-title- def_%cl_2_71 %cl_2_70[63.2,] 
		 4: %self->theme_image_tag def_%cl_2_72 %self[63.2,2.0,] %cl_2_68[63.0,] %cl_2_71[63.3,] 	 SYMBOL:	 ARGS:%cl_2_68,%cl_2_71,
		 5: %cl_2_67->escape_html def_%cl_2_73 %cl_2_67[62.0,61.0,] %cl_2_72[63.4,] 	 SYMBOL:	 ARGS:%cl_2_72,
		 6: 
		 7: (inherit Temple) def_%cl_2_74 
		 8: %cl_2_74[63.7,] 
BB 64
	outgoing: 65 196 
	datadep: 
	instructions:
		 0: CONSTANT def_%cl_2_74 	 SYMBOL:Temple,	 ARGS:Symbol,
BB 65
	outgoing: 66 67 196 
	datadep: 
	instructions:
		 0: (inherit Utils) def_%cl_2_75 %cl_2_74[64.0,63.7,] 
		 1: %cl_2_75[65.0,] 
BB 66
	outgoing: 67 196 
	datadep: 
	instructions:
		 0: %cl_2_74->const_missing def_%cl_2_75 %cl_2_74[64.0,63.7,] 	 SYMBOL:Utils,	 ARGS:Symbol,
BB 67
	outgoing: 68 69 196 
	datadep: 
	instructions:
		 0: COPY TYPE_StringLiteral "initial_user" def_%cl_2_76 
		 1: %self->t def_%cl_2_77 %self[2.0,] %cl_2_76[67.0,] 	 SYMBOL:	 ARGS:%cl_2_76,
		 2: %cl_2_75->escape_html def_%cl_2_78 %cl_2_75[66.0,65.0,] %cl_2_77[67.1,] 	 SYMBOL:	 ARGS:%cl_2_77,
		 3: 
		 4: (inherit Temple) def_%cl_2_79 
		 5: %cl_2_79[67.4,] 
BB 68
	outgoing: 69 196 
	datadep: 
	instructions:
		 0: CONSTANT def_%cl_2_79 	 SYMBOL:Temple,	 ARGS:Symbol,
BB 69
	outgoing: 70 71 196 
	datadep: 
	instructions:
		 0: (inherit Utils) def_%cl_2_80 %cl_2_79[68.0,67.4,] 
		 1: %cl_2_80[69.0,] 
BB 70
	outgoing: 71 196 
	datadep: 
	instructions:
		 0: %cl_2_79->const_missing def_%cl_2_80 %cl_2_79[68.0,67.4,] 	 SYMBOL:Utils,	 ARGS:Symbol,
BB 71
	outgoing: 72 73 196 
	datadep: 
	instructions:
		 0: app->initial_user def_%cl_2_81 app[] 	 SYMBOL:	 ARGS:
		 1: BRANCH %cl_2_81[71.0,] 
BB 72
	outgoing: 73 
	datadep: 
	instructions:
		 0: COPY TYPE_StringLiteral "(blank)" def_%cl_2_82 
		 1: COPY TYPE_PASS def_%cl_2_81 %cl_2_82[72.0,] 
BB 73
	outgoing: 74 75 196 
	datadep: 
	instructions:
		 0: %cl_2_80->escape_html def_%cl_2_83 %cl_2_80[70.0,69.0,] %cl_2_81[72.1,71.0,] 	 SYMBOL:	 ARGS:%cl_2_81,
		 1: 
		 2: (inherit Temple) def_%cl_2_84 
		 3: %cl_2_84[73.2,] 
BB 74
	outgoing: 75 196 
	datadep: 
	instructions:
		 0: CONSTANT def_%cl_2_84 	 SYMBOL:Temple,	 ARGS:Symbol,
BB 75
	outgoing: 76 77 196 
	datadep: 
	instructions:
		 0: (inherit Utils) def_%cl_2_85 %cl_2_84[74.0,73.2,] 
		 1: %cl_2_85[75.0,] 
BB 76
	outgoing: 77 196 
	datadep: 
	instructions:
		 0: %cl_2_84->const_missing def_%cl_2_85 %cl_2_84[74.0,73.2,] 	 SYMBOL:Utils,	 ARGS:Symbol,
BB 77
	outgoing: 78 79 196 
	datadep: 
	instructions:
		 0: COPY TYPE_StringLiteral "initial_password" def_%cl_2_86 
		 1: %self->t def_%cl_2_87 %self[2.0,] %cl_2_86[77.0,] 	 SYMBOL:	 ARGS:%cl_2_86,
		 2: %cl_2_85->escape_html def_%cl_2_88 %cl_2_85[76.0,75.0,] %cl_2_87[77.1,] 	 SYMBOL:	 ARGS:%cl_2_87,
		 3: 
		 4: (inherit Temple) def_%cl_2_89 
		 5: %cl_2_89[77.4,] 
BB 78
	outgoing: 79 196 
	datadep: 
	instructions:
		 0: CONSTANT def_%cl_2_89 	 SYMBOL:Temple,	 ARGS:Symbol,
BB 79
	outgoing: 80 81 196 
	datadep: 
	instructions:
		 0: (inherit Utils) def_%cl_2_90 %cl_2_89[78.0,77.4,] 
		 1: %cl_2_90[79.0,] 
BB 80
	outgoing: 81 196 
	datadep: 
	instructions:
		 0: %cl_2_89->const_missing def_%cl_2_90 %cl_2_89[78.0,77.4,] 	 SYMBOL:Utils,	 ARGS:Symbol,
BB 81
	outgoing: 82 83 196 
	datadep: 
	instructions:
		 0: app->initial_password def_%cl_2_91 app[] 	 SYMBOL:	 ARGS:
		 1: BRANCH %cl_2_91[81.0,] 
BB 82
	outgoing: 83 
	datadep: 
	instructions:
		 0: COPY TYPE_StringLiteral "(blank)" def_%cl_2_92 
		 1: COPY TYPE_PASS def_%cl_2_91 %cl_2_92[82.0,] 
BB 83
	outgoing: 85 196 
	datadep: 
	instructions:
		 0: %cl_2_90->escape_html def_%cl_2_93 %cl_2_90[80.0,79.0,] %cl_2_91[82.1,81.0,] 	 SYMBOL:	 ARGS:%cl_2_91,
		 1: 
BB 84
	outgoing: 85 
	datadep: 
	instructions:
		 0: COPY TYPE_Nil def_%cl_2_93 
BB 85
	outgoing: 86 87 196 
	datadep: 
	instructions:
		 0: 
		 1: app->special_instructions def_%cl_2_94 app[] 	 SYMBOL:	 ARGS:
		 2: BRANCH %cl_2_94[85.1,] 
BB 86
	outgoing: 87 196 
	datadep: 
	instructions:
		 0: app->special_instructions def_%cl_2_95 app[] 	 SYMBOL:	 ARGS:
		 1: %cl_2_95->blank? def_%cl_2_96 %cl_2_95[86.0,] 	 SYMBOL:	 ARGS:
		 2: %cl_2_96->! def_%cl_2_97 %cl_2_96[86.1,] 	 SYMBOL:	 ARGS:
		 3: COPY TYPE_PASS def_%cl_2_94 %cl_2_97[86.2,] 
BB 87
	outgoing: 88 97 
	datadep: 
	instructions:
		 0: BRANCH %cl_2_94[86.3,85.1,] 
BB 88
	outgoing: 89 90 196 
	datadep: 
	instructions:
		 0: 
		 1: (inherit Temple) def_%cl_2_98 
		 2: %cl_2_98[88.1,] 
BB 89
	outgoing: 90 196 
	datadep: 
	instructions:
		 0: CONSTANT def_%cl_2_98 	 SYMBOL:Temple,	 ARGS:Symbol,
BB 90
	outgoing: 91 92 196 
	datadep: 
	instructions:
		 0: (inherit Utils) def_%cl_2_99 %cl_2_98[89.0,88.1,] 
		 1: %cl_2_99[90.0,] 
BB 91
	outgoing: 92 196 
	datadep: 
	instructions:
		 0: %cl_2_98->const_missing def_%cl_2_99 %cl_2_98[89.0,88.1,] 	 SYMBOL:Utils,	 ARGS:Symbol,
BB 92
	outgoing: 93 94 196 
	datadep: 
	instructions:
		 0: COPY TYPE_StringLiteral "special_instructions" def_%cl_2_100 
		 1: %self->t def_%cl_2_101 %self[2.0,] %cl_2_100[92.0,] 	 SYMBOL:	 ARGS:%cl_2_100,
		 2: %cl_2_99->escape_html def_%cl_2_102 %cl_2_99[91.0,90.0,] %cl_2_101[92.1,] 	 SYMBOL:	 ARGS:%cl_2_101,
		 3: 
		 4: (inherit Temple) def_%cl_2_103 
		 5: %cl_2_103[92.4,] 
BB 93
	outgoing: 94 196 
	datadep: 
	instructions:
		 0: CONSTANT def_%cl_2_103 	 SYMBOL:Temple,	 ARGS:Symbol,
BB 94
	outgoing: 95 96 196 
	datadep: 
	instructions:
		 0: (inherit Utils) def_%cl_2_104 %cl_2_103[93.0,92.4,] 
		 1: %cl_2_104[94.0,] 
BB 95
	outgoing: 96 196 
	datadep: 
	instructions:
		 0: %cl_2_103->const_missing def_%cl_2_104 %cl_2_103[93.0,92.4,] 	 SYMBOL:Utils,	 ARGS:Symbol,
BB 96
	outgoing: 98 196 
	datadep: 
	instructions:
		 0: app->special_instructions def_%cl_2_105 app[] 	 SYMBOL:	 ARGS:
		 1: %cl_2_105->html_safe def_%cl_2_106 %cl_2_105[96.0,] 	 SYMBOL:	 ARGS:
		 2: %cl_2_104->escape_html def_%cl_2_107 %cl_2_104[95.0,94.0,] %cl_2_106[96.1,] 	 SYMBOL:	 ARGS:%cl_2_106,
		 3: 
BB 97
	outgoing: 98 
	datadep: 
	instructions:
		 0: COPY TYPE_Nil def_%cl_2_107 
BB 98
	outgoing: 99 112 196 
	datadep: 
	instructions:
		 0: 
		 1: app->webapp def_%cl_2_108 app[] 	 SYMBOL:	 ARGS:
		 2: BRANCH %cl_2_108[98.1,] 
BB 99
	outgoing: 100 101 196 
	datadep: 
	instructions:
		 0: 
		 1: (inherit Temple) def_%cl_2_109 
		 2: %cl_2_109[99.1,] 
BB 100
	outgoing: 101 196 
	datadep: 
	instructions:
		 0: CONSTANT def_%cl_2_109 	 SYMBOL:Temple,	 ARGS:Symbol,
BB 101
	outgoing: 102 103 196 
	datadep: 
	instructions:
		 0: (inherit Utils) def_%cl_2_110 %cl_2_109[100.0,99.1,] 
		 1: %cl_2_110[101.0,] 
BB 102
	outgoing: 103 196 
	datadep: 
	instructions:
		 0: %cl_2_109->const_missing def_%cl_2_110 %cl_2_109[100.0,99.1,] 	 SYMBOL:Utils,	 ARGS:Symbol,
BB 103
	outgoing: 104 105 196 
	datadep: 
	instructions:
		 0: app->full_url def_%cl_2_111 app[] 	 SYMBOL:	 ARGS:
		 1: app->full_url def_%cl_2_112 app[103.0,] 	 SYMBOL:	 ARGS:
		 2: COPY TYPE_StringLiteral "_blank" def_%cl_2_113 
		 3: HASH-target- def_%cl_2_114 %cl_2_113[103.2,] 
		 4: %self->link_to def_%cl_2_115 %self[2.0,] %cl_2_111[103.0,] %cl_2_112[103.1,] %cl_2_114[103.3,] 	 SYMBOL:	 ARGS:%cl_2_111,%cl_2_112,%cl_2_114,
		 5: %cl_2_110->escape_html def_%cl_2_116 %cl_2_110[102.0,101.0,] %cl_2_115[103.4,] 	 SYMBOL:	 ARGS:%cl_2_115,
		 6: 
		 7: (inherit Temple) def_%cl_2_117 
		 8: %cl_2_117[103.7,] 
BB 104
	outgoing: 105 196 
	datadep: 
	instructions:
		 0: CONSTANT def_%cl_2_117 	 SYMBOL:Temple,	 ARGS:Symbol,
BB 105
	outgoing: 106 107 196 
	datadep: 
	instructions:
		 0: (inherit Utils) def_%cl_2_118 %cl_2_117[104.0,103.7,] 
		 1: %cl_2_118[105.0,] 
BB 106
	outgoing: 107 196 
	datadep: 
	instructions:
		 0: %cl_2_117->const_missing def_%cl_2_118 %cl_2_117[104.0,103.7,] 	 SYMBOL:Utils,	 ARGS:Symbol,
BB 107
	outgoing: 108 109 196 
	datadep: 
	instructions:
		 0: (inherit Temple) def_%cl_2_119 
		 1: %cl_2_119[107.0,] 
BB 108
	outgoing: 109 196 
	datadep: 
	instructions:
		 0: CONSTANT def_%cl_2_119 	 SYMBOL:Temple,	 ARGS:Symbol,
BB 109
	outgoing: 110 111 196 
	datadep: 
	instructions:
		 0: (inherit Utils) def_%cl_2_120 %cl_2_119[108.0,107.0,] 
		 1: %cl_2_120[109.0,] 
BB 110
	outgoing: 111 196 
	datadep: 
	instructions:
		 0: %cl_2_119->const_missing def_%cl_2_120 %cl_2_119[108.0,107.0,] 	 SYMBOL:Utils,	 ARGS:Symbol,
BB 111
	outgoing: 113 196 
	datadep: 
	instructions:
		 0: COPY TYPE_StringLiteral "in_dashboard_" def_%cl_2_121 
		 1: app->id def_%cl_2_122 app[] 	 SYMBOL:	 ARGS:
		 2: BUILDSTRING def_%cl_2_123 %cl_2_121[111.0,] %cl_2_122[111.1,] 
		 3: COPY TYPE_StringLiteral "in_dashboard_checkbox" def_%cl_2_124 
		 4: %self->apps_engine def_%cl_2_125 %self[2.0,] 	 SYMBOL:	 ARGS:
		 5: app->identifier def_%cl_2_126 app[111.1,] 	 SYMBOL:	 ARGS:
		 6: HASH-id- def_%cl_2_127 %cl_2_126[111.5,] 
		 7: %cl_2_125->toggle_in_dashboard_path def_%cl_2_128 %cl_2_125[111.4,] %cl_2_127[111.6,] 	 SYMBOL:	 ARGS:%cl_2_127,
		 8: COPY TYPE_StringLiteral "&nbsp; List in dashboard &nbsp;" def_%cl_2_129 
		 9: app->show_in_dashboard def_%cl_2_130 app[111.1,111.5,] 	 SYMBOL:	 ARGS:
		 10: HASH-id-css_class-url-label-checked- def_%cl_2_131 %cl_2_123[111.2,] %cl_2_124[111.3,] %cl_2_128[111.7,] %cl_2_129[111.8,] %cl_2_130[111.9,] 
		 11: %self->simple_remote_checkbox def_%cl_2_132 %self[111.4,2.0,] %cl_2_131[111.10,] 	 SYMBOL:	 ARGS:%cl_2_131,
		 12: %cl_2_120->escape_html def_%cl_2_133 %cl_2_120[110.0,109.0,] %cl_2_132[111.11,] 	 SYMBOL:	 ARGS:%cl_2_132,
		 13: %cl_2_118->escape_html def_%cl_2_134 %cl_2_118[106.0,105.0,] %cl_2_133[111.12,] 	 SYMBOL:	 ARGS:%cl_2_133,
		 14: 
BB 112
	outgoing: 113 
	datadep: 
	instructions:
		 0: COPY TYPE_Nil def_%cl_2_134 
BB 113
	outgoing: 114 123 196 
	datadep: 
	instructions:
		 0: 
		 1: app->plugin def_%cl_2_135 app[] 	 SYMBOL:	 ARGS:
		 2: BRANCH %cl_2_135[113.1,] 
BB 114
	outgoing: 115 116 196 
	datadep: 
	instructions:
		 0: 
		 1: (inherit Temple) def_%cl_2_136 
		 2: %cl_2_136[114.1,] 
BB 115
	outgoing: 116 196 
	datadep: 
	instructions:
		 0: CONSTANT def_%cl_2_136 	 SYMBOL:Temple,	 ARGS:Symbol,
BB 116
	outgoing: 117 118 196 
	datadep: 
	instructions:
		 0: (inherit Utils) def_%cl_2_137 %cl_2_136[115.0,114.1,] 
		 1: %cl_2_137[116.0,] 
BB 117
	outgoing: 118 196 
	datadep: 
	instructions:
		 0: %cl_2_136->const_missing def_%cl_2_137 %cl_2_136[115.0,114.1,] 	 SYMBOL:Utils,	 ARGS:Symbol,
BB 118
	outgoing: 119 120 196 
	datadep: 
	instructions:
		 0: app->plugin def_%cl_2_138 app[] 	 SYMBOL:	 ARGS:
		 1: %cl_2_138->name def_%cl_2_139 %cl_2_138[118.0,] 	 SYMBOL:	 ARGS:
		 2: app->plugin def_%cl_2_140 app[118.0,] 	 SYMBOL:	 ARGS:
		 3: %cl_2_140->path def_%cl_2_141 %cl_2_140[118.2,] 	 SYMBOL:	 ARGS:
		 4: COPY TYPE_StringLiteral "_blank" def_%cl_2_142 
		 5: HASH-target- def_%cl_2_143 %cl_2_142[118.4,] 
		 6: %self->link_to def_%cl_2_144 %self[2.0,] %cl_2_139[118.1,] %cl_2_141[118.3,] %cl_2_143[118.5,] 	 SYMBOL:	 ARGS:%cl_2_139,%cl_2_141,%cl_2_143,
		 7: %cl_2_137->escape_html def_%cl_2_145 %cl_2_137[117.0,116.0,] %cl_2_144[118.6,] 	 SYMBOL:	 ARGS:%cl_2_144,
		 8: 
		 9: (inherit Temple) def_%cl_2_146 
		 10: %cl_2_146[118.9,] 
BB 119
	outgoing: 120 196 
	datadep: 
	instructions:
		 0: CONSTANT def_%cl_2_146 	 SYMBOL:Temple,	 ARGS:Symbol,
BB 120
	outgoing: 121 122 196 
	datadep: 
	instructions:
		 0: (inherit Utils) def_%cl_2_147 %cl_2_146[119.0,118.9,] 
		 1: %cl_2_147[120.0,] 
BB 121
	outgoing: 122 196 
	datadep: 
	instructions:
		 0: %cl_2_146->const_missing def_%cl_2_147 %cl_2_146[119.0,118.9,] 	 SYMBOL:Utils,	 ARGS:Symbol,
BB 122
	outgoing: 124 196 
	datadep: 
	instructions:
		 0: %self->spinner def_%cl_2_148 %self[2.0,] 	 SYMBOL:	 ARGS:
		 1: %cl_2_147->escape_html def_%cl_2_149 %cl_2_147[121.0,120.0,] %cl_2_148[122.0,] 	 SYMBOL:	 ARGS:%cl_2_148,
		 2: 
BB 123
	outgoing: 124 
	datadep: 
	instructions:
		 0: COPY TYPE_Nil def_%cl_2_149 
BB 124
	outgoing: 125 130 196 
	datadep: 
	instructions:
		 0: 
		 1: app->theme def_%cl_2_150 app[] 	 SYMBOL:	 ARGS:
		 2: BRANCH %cl_2_150[124.1,] 
BB 125
	outgoing: 126 127 196 
	datadep: 
	instructions:
		 0: 
		 1: (inherit Temple) def_%cl_2_151 
		 2: %cl_2_151[125.1,] 
BB 126
	outgoing: 127 196 
	datadep: 
	instructions:
		 0: CONSTANT def_%cl_2_151 	 SYMBOL:Temple,	 ARGS:Symbol,
BB 127
	outgoing: 128 129 196 
	datadep: 
	instructions:
		 0: (inherit Utils) def_%cl_2_152 %cl_2_151[126.0,125.1,] 
		 1: %cl_2_152[127.0,] 
BB 128
	outgoing: 129 196 
	datadep: 
	instructions:
		 0: %cl_2_151->const_missing def_%cl_2_152 %cl_2_151[126.0,125.1,] 	 SYMBOL:Utils,	 ARGS:Symbol,
BB 129
	outgoing: 131 196 
	datadep: 
	instructions:
		 0: COPY TYPE_StringLiteral "manage_themes" def_%cl_2_153 
		 1: %self->t def_%cl_2_154 %self[2.0,] %cl_2_153[129.0,] 	 SYMBOL:	 ARGS:%cl_2_153,
		 2: %self->settings_engine def_%cl_2_155 %self[129.1,2.0,] 	 SYMBOL:	 ARGS:
		 3: %cl_2_155->themes_path def_%cl_2_156 %cl_2_155[129.2,] 	 SYMBOL:	 ARGS:
		 4: COPY TYPE_StringLiteral "btn btn-info btn-sm" def_%cl_2_157 
		 5: HASH-class- def_%cl_2_158 %cl_2_157[129.4,] 
		 6: %self->link_to def_%cl_2_159 %self[129.1,129.2,2.0,] %cl_2_154[129.1,] %cl_2_156[129.3,] %cl_2_158[129.5,] 	 SYMBOL:	 ARGS:%cl_2_154,%cl_2_156,%cl_2_158,
		 7: %cl_2_152->escape_html def_%cl_2_160 %cl_2_152[128.0,127.0,] %cl_2_159[129.6,] 	 SYMBOL:	 ARGS:%cl_2_159,
		 8: 
BB 130
	outgoing: 131 
	datadep: 
	instructions:
		 0: COPY TYPE_Nil def_%cl_2_160 
BB 131
	outgoing: 132 133 196 
	datadep: 
	instructions:
		 0: 
		 1: app->has_dependents? def_%cl_2_161 app[] 	 SYMBOL:	 ARGS:
		 2: BRANCH %cl_2_161[131.1,] 
BB 132
	outgoing: 138 
	datadep: 
	instructions:
		 0: COPY TYPE_Nil def_%cl_2_162 
		 1: 
BB 133
	outgoing: 134 135 196 
	datadep: 
	instructions:
		 0: 
		 1: (inherit Temple) def_%cl_2_163 
		 2: %cl_2_163[133.1,] 
BB 134
	outgoing: 135 196 
	datadep: 
	instructions:
		 0: CONSTANT def_%cl_2_163 	 SYMBOL:Temple,	 ARGS:Symbol,
BB 135
	outgoing: 136 137 196 
	datadep: 
	instructions:
		 0: (inherit Utils) def_%cl_2_164 %cl_2_163[134.0,133.1,] 
		 1: %cl_2_164[135.0,] 
BB 136
	outgoing: 137 196 
	datadep: 
	instructions:
		 0: %cl_2_163->const_missing def_%cl_2_164 %cl_2_163[134.0,133.1,] 	 SYMBOL:Utils,	 ARGS:Symbol,
BB 137
	outgoing: 138 196 
	datadep: 
	instructions:
		 0: COPY TYPE_StringLiteral "uninstall" def_%cl_2_165 
		 1: %self->t def_%cl_2_166 %self[2.0,] %cl_2_165[137.0,] 	 SYMBOL:	 ARGS:%cl_2_165,
		 2: COPY TYPE_StringLiteral " &raquo;" def_%cl_2_167 
		 3: BUILDSTRING def_%cl_2_168 %cl_2_166[137.1,] %cl_2_167[137.2,] 
		 4: %cl_2_168->html_safe def_%cl_2_169 %cl_2_168[137.3,] 	 SYMBOL:	 ARGS:
		 5: %self->apps_engine def_%cl_2_170 %self[137.1,2.0,] 	 SYMBOL:	 ARGS:
		 6: app->identifier def_%cl_2_171 app[] 	 SYMBOL:	 ARGS:
		 7: HASH-id- def_%cl_2_172 %cl_2_171[137.6,] 
		 8: %cl_2_170->uninstall_path def_%cl_2_173 %cl_2_170[137.5,] %cl_2_172[137.7,] 	 SYMBOL:	 ARGS:%cl_2_172,
		 9: COPY TYPE_StringLiteral "uninstall-app-in-background btn btn-primary btn-sm" def_%cl_2_174 
		 10: HASH-method-remote-class- def_%cl_2_175 %cl_2_174[137.9,] 
		 11: %self->link_to def_%cl_2_176 %self[137.1,137.5,2.0,] %cl_2_169[137.4,] %cl_2_173[137.8,] %cl_2_175[137.10,] 	 SYMBOL:	 ARGS:%cl_2_169,%cl_2_173,%cl_2_175,
		 12: %cl_2_164->escape_html def_%cl_2_177 %cl_2_164[136.0,135.0,] %cl_2_176[137.11,] 	 SYMBOL:	 ARGS:%cl_2_176,
		 13: COPY TYPE_PASS def_%cl_2_162 %cl_2_177[137.12,] 
BB 138
	outgoing: 139 140 196 
	datadep: 
	instructions:
		 0: 
		 1: app->installed def_%cl_2_178 app[] 	 SYMBOL:	 ARGS:
		 2: BRANCH %cl_2_178[138.1,] 
BB 139
	outgoing: 157 
	datadep: 
	instructions:
		 0: COPY TYPE_Nil def_%cl_2_179 
		 1: 
BB 140
	outgoing: 141 142 196 
	datadep: 
	instructions:
		 0: 
		 1: (inherit Temple) def_%cl_2_180 
		 2: %cl_2_180[140.1,] 
BB 141
	outgoing: 142 196 
	datadep: 
	instructions:
		 0: CONSTANT def_%cl_2_180 	 SYMBOL:Temple,	 ARGS:Symbol,
BB 142
	outgoing: 143 144 196 
	datadep: 
	instructions:
		 0: (inherit Utils) def_%cl_2_181 %cl_2_180[141.0,140.1,] 
		 1: %cl_2_181[142.0,] 
BB 143
	outgoing: 144 196 
	datadep: 
	instructions:
		 0: %cl_2_180->const_missing def_%cl_2_181 %cl_2_180[141.0,140.1,] 	 SYMBOL:Utils,	 ARGS:Symbol,
BB 144
	outgoing: 145 146 196 
	datadep: 
	instructions:
		 0: COPY TYPE_StringLiteral "warning" def_%cl_2_182 
		 1: %self->t def_%cl_2_183 %self[2.0,] %cl_2_182[144.0,] 	 SYMBOL:	 ARGS:%cl_2_182,
		 2: %cl_2_181->escape_html def_%cl_2_184 %cl_2_181[143.0,142.0,] %cl_2_183[144.1,] 	 SYMBOL:	 ARGS:%cl_2_183,
		 3: 
		 4: (inherit Temple) def_%cl_2_185 
		 5: %cl_2_185[144.4,] 
BB 145
	outgoing: 146 196 
	datadep: 
	instructions:
		 0: CONSTANT def_%cl_2_185 	 SYMBOL:Temple,	 ARGS:Symbol,
BB 146
	outgoing: 147 148 196 
	datadep: 
	instructions:
		 0: (inherit Utils) def_%cl_2_186 %cl_2_185[145.0,144.4,] 
		 1: %cl_2_186[146.0,] 
BB 147
	outgoing: 148 196 
	datadep: 
	instructions:
		 0: %cl_2_185->const_missing def_%cl_2_186 %cl_2_185[145.0,144.4,] 	 SYMBOL:Utils,	 ARGS:Symbol,
BB 148
	outgoing: 149 150 196 
	datadep: 
	instructions:
		 0: COPY TYPE_StringLiteral "this_application_install_ended_with_an_error_please_uninstall_status_is" def_%cl_2_187 
		 1: %self->t def_%cl_2_188 %self[2.0,] %cl_2_187[148.0,] 	 SYMBOL:	 ARGS:%cl_2_187,
		 2: %cl_2_186->escape_html def_%cl_2_189 %cl_2_186[147.0,146.0,] %cl_2_188[148.1,] 	 SYMBOL:	 ARGS:%cl_2_188,
		 3: 
		 4: (inherit Temple) def_%cl_2_190 
		 5: %cl_2_190[148.4,] 
BB 149
	outgoing: 150 196 
	datadep: 
	instructions:
		 0: CONSTANT def_%cl_2_190 	 SYMBOL:Temple,	 ARGS:Symbol,
BB 150
	outgoing: 151 152 196 
	datadep: 
	instructions:
		 0: (inherit Utils) def_%cl_2_191 %cl_2_190[149.0,148.4,] 
		 1: %cl_2_191[150.0,] 
BB 151
	outgoing: 152 196 
	datadep: 
	instructions:
		 0: %cl_2_190->const_missing def_%cl_2_191 %cl_2_190[149.0,148.4,] 	 SYMBOL:Utils,	 ARGS:Symbol,
BB 152
	outgoing: 153 154 196 
	datadep: 
	instructions:
		 0: app->install_status def_%cl_2_192 app[] 	 SYMBOL:	 ARGS:
		 1: %cl_2_191->escape_html def_%cl_2_193 %cl_2_191[151.0,150.0,] %cl_2_192[152.0,] 	 SYMBOL:	 ARGS:%cl_2_192,
		 2: 
		 3: (inherit Temple) def_%cl_2_194 
		 4: %cl_2_194[152.3,] 
BB 153
	outgoing: 154 196 
	datadep: 
	instructions:
		 0: CONSTANT def_%cl_2_194 	 SYMBOL:Temple,	 ARGS:Symbol,
BB 154
	outgoing: 155 156 196 
	datadep: 
	instructions:
		 0: (inherit Utils) def_%cl_2_195 %cl_2_194[153.0,152.3,] 
		 1: %cl_2_195[154.0,] 
BB 155
	outgoing: 156 196 
	datadep: 
	instructions:
		 0: %cl_2_194->const_missing def_%cl_2_195 %cl_2_194[153.0,152.3,] 	 SYMBOL:Utils,	 ARGS:Symbol,
BB 156
	outgoing: 157 196 
	datadep: 
	instructions:
		 0: app->install_message def_%cl_2_196 app[] 	 SYMBOL:	 ARGS:
		 1: %cl_2_195->escape_html def_%cl_2_197 %cl_2_195[155.0,154.0,] %cl_2_196[156.0,] 	 SYMBOL:	 ARGS:%cl_2_196,
		 2: COPY TYPE_PASS def_%cl_2_179 %cl_2_197[156.1,] 
BB 157
	outgoing: 158 159 196 
	datadep: 
	instructions:
		 0: %cl_2_56->escape_html def_%cl_2_198 %cl_2_56[51.0,50.0,] %cl_2_179[156.2,139.0,] 	 SYMBOL:	 ARGS:%cl_2_179,
		 1: 
		 2: (inherit Temple) def_%cl_2_199 
		 3: %cl_2_199[157.2,] 
BB 158
	outgoing: 159 196 
	datadep: 
	instructions:
		 0: CONSTANT def_%cl_2_199 	 SYMBOL:Temple,	 ARGS:Symbol,
BB 159
	outgoing: 160 161 196 
	datadep: 
	instructions:
		 0: (inherit Utils) def_%cl_2_200 %cl_2_199[158.0,157.2,] 
		 1: %cl_2_200[159.0,] 
BB 160
	outgoing: 161 196 
	datadep: 
	instructions:
		 0: %cl_2_199->const_missing def_%cl_2_200 %cl_2_199[158.0,157.2,] 	 SYMBOL:Utils,	 ARGS:Symbol,
BB 161
	outgoing: 162 163 196 
	datadep: 
	instructions:
		 0: COPY TYPE_StringLiteral "version" def_%cl_2_201 
		 1: %self->t def_%cl_2_202 %self[2.0,] %cl_2_201[161.0,] 	 SYMBOL:	 ARGS:%cl_2_201,
		 2: %cl_2_200->escape_html def_%cl_2_203 %cl_2_200[160.0,159.0,] %cl_2_202[161.1,] 	 SYMBOL:	 ARGS:%cl_2_202,
		 3: 
		 4: (inherit Temple) def_%cl_2_204 
		 5: %cl_2_204[161.4,] 
BB 162
	outgoing: 163 196 
	datadep: 
	instructions:
		 0: CONSTANT def_%cl_2_204 	 SYMBOL:Temple,	 ARGS:Symbol,
BB 163
	outgoing: 164 165 196 
	datadep: 
	instructions:
		 0: (inherit Utils) def_%cl_2_205 %cl_2_204[162.0,161.4,] 
		 1: %cl_2_205[163.0,] 
BB 164
	outgoing: 165 196 
	datadep: 
	instructions:
		 0: %cl_2_204->const_missing def_%cl_2_205 %cl_2_204[162.0,161.4,] 	 SYMBOL:Utils,	 ARGS:Symbol,
BB 165
	outgoing: 166 167 196 
	datadep: 
	instructions:
		 0: app->version def_%cl_2_206 app[] 	 SYMBOL:	 ARGS:
		 1: %cl_2_205->escape_html def_%cl_2_207 %cl_2_205[164.0,163.0,] %cl_2_206[165.0,] 	 SYMBOL:	 ARGS:%cl_2_206,
		 2: 
		 3: (inherit Temple) def_%cl_2_208 
		 4: %cl_2_208[165.3,] 
BB 166
	outgoing: 167 196 
	datadep: 
	instructions:
		 0: CONSTANT def_%cl_2_208 	 SYMBOL:Temple,	 ARGS:Symbol,
BB 167
	outgoing: 168 169 196 
	datadep: 
	instructions:
		 0: (inherit Utils) def_%cl_2_209 %cl_2_208[166.0,165.3,] 
		 1: %cl_2_209[167.0,] 
BB 168
	outgoing: 169 196 
	datadep: 
	instructions:
		 0: %cl_2_208->const_missing def_%cl_2_209 %cl_2_208[166.0,165.3,] 	 SYMBOL:Utils,	 ARGS:Symbol,
BB 169
	outgoing: 170 175 196 
	datadep: 
	instructions:
		 0: COPY TYPE_StringLiteral "" def_%cl_2_210 
		 1: app->app_url def_%cl_2_211 app[] 	 SYMBOL:	 ARGS:
		 2: COPY TYPE_StringLiteral "_blank" def_%cl_2_212 
		 3: COPY TYPE_StringLiteral "glyphicon glyphicon-plus" def_%cl_2_213 
		 4: HASH-target-class- def_%cl_2_214 %cl_2_212[169.2,] %cl_2_213[169.3,] 
		 5: %self->link_to def_%cl_2_215 %self[2.0,] %cl_2_210[169.0,] %cl_2_211[169.1,] %cl_2_214[169.4,] 	 SYMBOL:	 ARGS:%cl_2_210,%cl_2_211,%cl_2_214,
		 6: %cl_2_209->escape_html def_%cl_2_216 %cl_2_209[168.0,167.0,] %cl_2_215[169.5,] 	 SYMBOL:	 ARGS:%cl_2_215,
		 7: 
		 8: app->forum_url def_%cl_2_217 app[169.1,] 	 SYMBOL:	 ARGS:
		 9: %cl_2_217->present? def_%cl_2_218 %cl_2_217[169.8,] 	 SYMBOL:	 ARGS:
		 10: BRANCH %cl_2_218[169.9,] 
BB 170
	outgoing: 171 172 196 
	datadep: 
	instructions:
		 0: 
		 1: (inherit Temple) def_%cl_2_219 
		 2: %cl_2_219[170.1,] 
BB 171
	outgoing: 172 196 
	datadep: 
	instructions:
		 0: CONSTANT def_%cl_2_219 	 SYMBOL:Temple,	 ARGS:Symbol,
BB 172
	outgoing: 173 174 196 
	datadep: 
	instructions:
		 0: (inherit Utils) def_%cl_2_220 %cl_2_219[171.0,170.1,] 
		 1: %cl_2_220[172.0,] 
BB 173
	outgoing: 174 196 
	datadep: 
	instructions:
		 0: %cl_2_219->const_missing def_%cl_2_220 %cl_2_219[171.0,170.1,] 	 SYMBOL:Utils,	 ARGS:Symbol,
BB 174
	outgoing: 176 196 
	datadep: 
	instructions:
		 0: COPY TYPE_StringLiteral "discussion_forum_for" def_%cl_2_221 
		 1: %self->t def_%cl_2_222 %self[2.0,] %cl_2_221[174.0,] 	 SYMBOL:	 ARGS:%cl_2_221,
		 2: COPY TYPE_StringLiteral " " def_%cl_2_223 
		 3: app->name def_%cl_2_224 app[] 	 SYMBOL:	 ARGS:
		 4: BUILDSTRING def_%cl_2_225 %cl_2_222[174.1,] %cl_2_223[174.2,] %cl_2_224[174.3,] 
		 5: app->forum_url def_%cl_2_226 app[174.3,] 	 SYMBOL:	 ARGS:
		 6: COPY TYPE_StringLiteral "_blank" def_%cl_2_227 
		 7: HASH-target- def_%cl_2_228 %cl_2_227[174.6,] 
		 8: %self->link_to def_%cl_2_229 %self[174.1,2.0,] %cl_2_225[174.4,] %cl_2_226[174.5,] %cl_2_228[174.7,] 	 SYMBOL:	 ARGS:%cl_2_225,%cl_2_226,%cl_2_228,
		 9: %cl_2_220->escape_html def_%cl_2_230 %cl_2_220[173.0,172.0,] %cl_2_229[174.8,] 	 SYMBOL:	 ARGS:%cl_2_229,
		 10: 
BB 175
	outgoing: 176 
	datadep: 
	instructions:
		 0: COPY TYPE_Nil def_%cl_2_230 
BB 176
	outgoing: 177 178 196 
	datadep: 
	instructions:
		 0: 
		 1: app->live? def_%cl_2_231 app[] 	 SYMBOL:	 ARGS:
		 2: BRANCH %cl_2_231[176.1,] 
BB 177
	outgoing: 183 
	datadep: 
	instructions:
		 0: COPY TYPE_Nil def_%cl_2_232 
		 1: 
BB 178
	outgoing: 179 180 196 
	datadep: 
	instructions:
		 0: 
		 1: (inherit Temple) def_%cl_2_233 
		 2: %cl_2_233[178.1,] 
BB 179
	outgoing: 180 196 
	datadep: 
	instructions:
		 0: CONSTANT def_%cl_2_233 	 SYMBOL:Temple,	 ARGS:Symbol,
BB 180
	outgoing: 181 182 196 
	datadep: 
	instructions:
		 0: (inherit Utils) def_%cl_2_234 %cl_2_233[179.0,178.1,] 
		 1: %cl_2_234[180.0,] 
BB 181
	outgoing: 182 196 
	datadep: 
	instructions:
		 0: %cl_2_233->const_missing def_%cl_2_234 %cl_2_233[179.0,178.1,] 	 SYMBOL:Utils,	 ARGS:Symbol,
BB 182
	outgoing: 183 196 
	datadep: 
	instructions:
		 0: COPY TYPE_StringLiteral "warning_this_application_is_in_testing" def_%cl_2_235 
		 1: %self->t def_%cl_2_236 %self[2.0,] %cl_2_235[182.0,] 	 SYMBOL:	 ARGS:%cl_2_235,
		 2: %cl_2_234->escape_html def_%cl_2_237 %cl_2_234[181.0,180.0,] %cl_2_236[182.1,] 	 SYMBOL:	 ARGS:%cl_2_236,
		 3: COPY TYPE_PASS def_%cl_2_232 %cl_2_237[182.2,] 
BB 183
	outgoing: 184 185 196 
	datadep: 
	instructions:
		 0: 
		 1: (inherit Temple) def_%cl_2_238 
		 2: %cl_2_238[183.1,] 
BB 184
	outgoing: 185 196 
	datadep: 
	instructions:
		 0: CONSTANT def_%cl_2_238 	 SYMBOL:Temple,	 ARGS:Symbol,
BB 185
	outgoing: 186 187 196 
	datadep: 
	instructions:
		 0: (inherit Utils) def_%cl_2_239 %cl_2_238[184.0,183.1,] 
		 1: %cl_2_239[185.0,] 
BB 186
	outgoing: 187 196 
	datadep: 
	instructions:
		 0: %cl_2_238->const_missing def_%cl_2_239 %cl_2_238[184.0,183.1,] 	 SYMBOL:Utils,	 ARGS:Symbol,
BB 187
	outgoing: 188 189 196 
	datadep: 
	instructions:
		 0: app->identifier def_%cl_2_240 app[] 	 SYMBOL:	 ARGS:
		 1: %cl_2_239->escape_html def_%cl_2_241 %cl_2_239[186.0,185.0,] %cl_2_240[187.0,] 	 SYMBOL:	 ARGS:%cl_2_240,
		 2: 
		 3: (inherit Temple) def_%cl_2_242 
		 4: %cl_2_242[187.3,] 
BB 188
	outgoing: 189 196 
	datadep: 
	instructions:
		 0: CONSTANT def_%cl_2_242 	 SYMBOL:Temple,	 ARGS:Symbol,
BB 189
	outgoing: 190 191 196 
	datadep: 
	instructions:
		 0: (inherit Utils) def_%cl_2_243 %cl_2_242[188.0,187.3,] 
		 1: %cl_2_243[189.0,] 
BB 190
	outgoing: 191 196 
	datadep: 
	instructions:
		 0: %cl_2_242->const_missing def_%cl_2_243 %cl_2_242[188.0,187.3,] 	 SYMBOL:Utils,	 ARGS:Symbol,
BB 191
	outgoing: 192 193 196 
	datadep: 
	instructions:
		 0: app->name def_%cl_2_244 app[] 	 SYMBOL:	 ARGS:
		 1: %cl_2_243->escape_html def_%cl_2_245 %cl_2_243[190.0,189.0,] %cl_2_244[191.0,] 	 SYMBOL:	 ARGS:%cl_2_244,
		 2: 
		 3: (inherit Temple) def_%cl_2_246 
		 4: %cl_2_246[191.3,] 
BB 192
	outgoing: 193 196 
	datadep: 
	instructions:
		 0: CONSTANT def_%cl_2_246 	 SYMBOL:Temple,	 ARGS:Symbol,
BB 193
	outgoing: 194 195 196 
	datadep: 
	instructions:
		 0: (inherit Utils) def_%cl_2_247 %cl_2_246[192.0,191.3,] 
		 1: %cl_2_247[193.0,] 
BB 194
	outgoing: 195 196 
	datadep: 
	instructions:
		 0: %cl_2_246->const_missing def_%cl_2_247 %cl_2_246[192.0,191.3,] 	 SYMBOL:Utils,	 ARGS:Symbol,
BB 195
	outgoing: 196 198 
	datadep: 
	instructions:
		 0: COPY TYPE_StringLiteral "is_now_installed" def_%cl_2_248 
		 1: %self->t def_%cl_2_249 %self[2.0,] %cl_2_248[195.0,] 	 SYMBOL:	 ARGS:%cl_2_248,
		 2: %cl_2_247->escape_html def_%cl_2_250 %cl_2_247[194.0,193.0,] %cl_2_249[195.1,] 	 SYMBOL:	 ARGS:%cl_2_249,
		 3: RETURN %cl_2_250[195.2,] %self[195.1,2.0,] 
BB 196
	outgoing: 198 
	datadep: 
	instructions:
		 0: def_%cl_2_251 
		 1: def_%cl_2_252 %cl_2_251[196.0,] 
		 2: RETURN %cl_2_252[196.1,] %self[2.0,] 
BB 198
	outgoing: 
	datadep: 
	instructions:
CLOSURE END: 
		 15: COPY TYPE_PASS def__slim_controls1 %cl_1_49[24.14,] 
		 16: 
		 17: (inherit Temple) def_%cl_1_50 
		 18: %cl_1_50[24.17,] 
BB 25
	outgoing: 26 39 
	datadep: 
	instructions:
		 0: CONSTANT def_%cl_1_50 	 SYMBOL:Temple,	 ARGS:Symbol,
BB 26
	outgoing: 27 28 39 
	datadep: 
	instructions:
		 0: (inherit Utils) def_%cl_1_51 %cl_1_50[25.0,24.17,] 
		 1: %cl_1_51[26.0,] 
BB 27
	outgoing: 28 39 
	datadep: 
	instructions:
		 0: %cl_1_50->const_missing def_%cl_1_51 %cl_1_50[25.0,24.17,] 	 SYMBOL:Utils,	 ARGS:Symbol,
BB 28
	outgoing: 38 39 
	datadep: 
	instructions:
		 0: %cl_1_51->escape_html def_%cl_1_52 %cl_1_51[27.0,26.0,] _slim_controls1[24.15,] 	 SYMBOL:	 ARGS:_slim_controls1,
		 1: COPY TYPE_PASS def_%cl_1_53 %cl_1_52[28.0,] 
		 2: %cl_1_37->escape_html def_%cl_1_54 %cl_1_37[24.0,] %cl_1_52[28.0,] 	 SYMBOL:	 ARGS:%cl_1_53,
		 3: 
BB 29
	outgoing: 30 31 39 
	datadep: 
	instructions:
		 0: 
		 1: (inherit Temple) def_%cl_1_55 
		 2: %cl_1_55[29.1,] 
BB 30
	outgoing: 31 39 
	datadep: 
	instructions:
		 0: CONSTANT def_%cl_1_55 	 SYMBOL:Temple,	 ARGS:Symbol,
BB 31
	outgoing: 32 33 39 
	datadep: 
	instructions:
		 0: (inherit Utils) def_%cl_1_56 %cl_1_55[30.0,29.1,] 
		 1: %cl_1_56[31.0,] 
BB 32
	outgoing: 33 39 
	datadep: 
	instructions:
		 0: %cl_1_55->const_missing def_%cl_1_56 %cl_1_55[30.0,29.1,] 	 SYMBOL:Utils,	 ARGS:Symbol,
BB 33
	outgoing: 34 35 39 
	datadep: 
	instructions:
		 0: COPY TYPE_StringLiteral "there_are_no_applications_installed" def_%cl_1_57 
		 1: %self->t def_%cl_1_58 %self[2.0,] %cl_1_57[33.0,] 	 SYMBOL:	 ARGS:%cl_1_57,
		 2: %cl_1_56->escape_html def_%cl_1_59 %cl_1_56[32.0,31.0,] %cl_1_58[33.1,] 	 SYMBOL:	 ARGS:%cl_1_58,
		 3: 
		 4: (inherit Temple) def_%cl_1_60 
		 5: %cl_1_60[33.4,] 
BB 34
	outgoing: 35 39 
	datadep: 
	instructions:
		 0: CONSTANT def_%cl_1_60 	 SYMBOL:Temple,	 ARGS:Symbol,
BB 35
	outgoing: 36 37 39 
	datadep: 
	instructions:
		 0: (inherit Utils) def_%cl_1_61 %cl_1_60[34.0,33.4,] 
		 1: %cl_1_61[35.0,] 
BB 36
	outgoing: 37 39 
	datadep: 
	instructions:
		 0: %cl_1_60->const_missing def_%cl_1_61 %cl_1_60[34.0,33.4,] 	 SYMBOL:Utils,	 ARGS:Symbol,
BB 37
	outgoing: 39 41 
	datadep: 
	instructions:
		 0: COPY TYPE_StringLiteral "try_installing_some_apps" def_%cl_1_62 
		 1: %self->t def_%cl_1_63 %self[2.0,] %cl_1_62[37.0,] 	 SYMBOL:	 ARGS:%cl_1_62,
		 2: %self->apps_engine def_%cl_1_64 %self[37.1,2.0,] 	 SYMBOL:	 ARGS:
		 3: %cl_1_64->root_path def_%cl_1_65 %cl_1_64[37.2,] 	 SYMBOL:	 ARGS:
		 4: %self->link_to def_%cl_1_66 %self[37.1,37.2,2.0,] %cl_1_63[37.1,] %cl_1_65[37.3,] 	 SYMBOL:	 ARGS:%cl_1_63,%cl_1_65,
		 5: %cl_1_61->escape_html def_%cl_1_67 %cl_1_61[36.0,35.0,] %cl_1_66[37.4,] 	 SYMBOL:	 ARGS:%cl_1_66,
		 6: RETURN %cl_1_67[37.5,] %self[37.1,37.2,37.4,2.0,] 
BB 38
	outgoing: 41 
	datadep: 
	instructions:
		 0: RETURN %cl_1_54[28.2,] %self[2.0,] 
BB 39
	outgoing: 41 
	datadep: 
	instructions:
		 0: def_%cl_1_68 
		 1: def_%cl_1_69 %cl_1_68[39.0,] 
		 2: RETURN %cl_1_69[39.1,] %self[2.0,] 
BB 41
	outgoing: 
	datadep: 
	instructions:
CLOSURE END: app[24.2,] _slim_controls1[24.15,] 
		 16: RETURN %v_9[2.15,] %self[2.0,2.7,2.8,2.12,2.14,] 
BB 3
	outgoing: 
	datadep: 
	instructions:

SET IRMethod, name = install instanceMethod = true
BB 1
	outgoing: 6 2 
	datadep: 
	instructions:
BB 2
	outgoing: 3 4 
	datadep: 
	instructions:
		 0: def_%self 
		 1: def_%v_0 
		 2: COPY TYPE_CurrentScope def_%current_scope 
		 3: COPY TYPE_ScopeModule def_%current_module 
		 4: 
		 5: 
		 6: %self->params def_%v_3 %self[2.0,] 	 SYMBOL:	 ARGS:
		 7: %v_3->[] def_%v_4 %v_3[2.6,] 	 SYMBOL:id,	 ARGS:Symbol,
		 8: COPY TYPE_PASS def_identifier %v_4[2.7,] 
		 9: 
		 10: (App) def_%v_5 
		 11: HASH-identifier- def_%v_6 %v_4[2.7,] 
		 12: %v_5->where def_%v_7 %v_5[2.10,] %v_6[2.11,] 	 SYMBOL:	 ARGS:%v_6,
		 13: %v_7->first def_%v_8 %v_7[2.12,] 	 SYMBOL:	 ARGS:
		 14: ATTRASSIGN %self->app %v_8[2.13,] 
		 15: 
		 16: GETFIELD %self->app def_%v_9 %self[2.0,2.6,2.14,] 
		 17: BRANCH %v_9[2.16,] 
BB 3
	outgoing: 5 
	datadep: 
	instructions:
		 0: COPY TYPE_Nil def_%v_10 
		 1: 
BB 4
	outgoing: 5 
	datadep: 
	instructions:
		 0: (App) def_%v_11 
		 1: %v_11->install def_%v_12 %v_11[4.0,] identifier[2.8,] 	 SYMBOL:	 ARGS:identifier,
		 2: COPY TYPE_PASS def_%v_10 %v_12[4.1,] 
BB 5
	outgoing: 6 
	datadep: 
	instructions:
		 0: %self->ruby_code_from_view def_%v_13 %self[2.0,2.14,] 	 SYMBOL:	 ARGS:
		 1: %v_13->ruby_code_from_view def_%v_14 %v_13[5.0,] %self[5.0,2.0,2.14,] 	 SYMBOL:	 ARGS:%v_13,
CLOSURE BEGIN: %self[5.0,2.0,2.14,] 
BB 1
	outgoing: 9 2 
	datadep: 
	instructions:
BB 2
	outgoing: 3 
	datadep: 
	instructions:
		 0: def_%self 
		 1: def_%cl_1_0 
		 2: RECEIVEARG def_rb_from_view 
		 3: COPY TYPE_CurrentScope def_%current_scope 
		 4: COPY TYPE_ScopeModule def_%current_module 
BB 3
	outgoing: 4 5 7 
	datadep: 
	instructions:
		 0: 
		 1: %self->json def_%cl_1_3 %self[2.0,] 	 SYMBOL:	 ARGS:
		 2: %self->params def_%cl_1_4 %self[3.1,2.0,] 	 SYMBOL:	 ARGS:
		 3: %cl_1_4->[] def_%cl_1_5 %cl_1_4[3.2,] 	 SYMBOL:id,	 ARGS:Symbol,
		 4: %cl_1_3->identifier def_%cl_1_6 %cl_1_3[3.1,] %cl_1_5[3.3,] 	 SYMBOL:	 ARGS:%cl_1_5,
		 5: 
		 6: %self->json def_%cl_1_7 %self[3.1,3.2,2.0,] 	 SYMBOL:	 ARGS:
		 7: GETFIELD %self->app def_%cl_1_8 %self[3.1,3.2,3.6,2.0,] 
		 8: BRANCH %cl_1_8[3.7,] 
BB 4
	outgoing: 6 7 
	datadep: 
	instructions:
		 0: COPY TYPE_StringLiteral "this_application_is_installed_already_please_refresh" def_%cl_1_9 
		 1: %self->t def_%cl_1_10 %self[2.0,] %cl_1_9[4.0,] 	 SYMBOL:	 ARGS:%cl_1_9,
		 2: 
BB 5
	outgoing: 6 7 
	datadep: 
	instructions:
		 0: COPY TYPE_StringLiteral "<span class='install_progress'>" def_%cl_1_11 
		 1: COPY TYPE_StringLiteral "preparing_to_install" def_%cl_1_12 
		 2: %self->t def_%cl_1_13 %self[2.0,] %cl_1_12[5.1,] 	 SYMBOL:	 ARGS:%cl_1_12,
		 3: COPY TYPE_StringLiteral "</span>" def_%cl_1_14 
		 4: BUILDSTRING def_%cl_1_15 %cl_1_11[5.0,] %cl_1_13[5.2,] %cl_1_14[5.3,] 
		 5: %cl_1_15->html_safe def_%cl_1_16 %cl_1_15[5.4,] 	 SYMBOL:	 ARGS:
		 6: COPY TYPE_PASS def_%cl_1_10 %cl_1_16[5.5,] 
BB 6
	outgoing: 7 9 
	datadep: 
	instructions:
		 0: %cl_1_7->content def_%cl_1_17 %cl_1_7[3.6,] %cl_1_10[5.6,4.1,] 	 SYMBOL:	 ARGS:%cl_1_10,
		 1: RETURN %cl_1_17[6.0,] %self[2.0,] 
BB 7
	outgoing: 9 
	datadep: 
	instructions:
		 0: def_%cl_1_18 
		 1: def_%cl_1_19 %cl_1_18[7.0,] 
		 2: RETURN %cl_1_19[7.1,] %self[2.0,] 
BB 9
	outgoing: 
	datadep: 
	instructions:
CLOSURE END: 
		 2: RETURN %v_14[5.1,] %self[5.0,2.0,2.14,] 
BB 6
	outgoing: 
	datadep: 
	instructions:

SET IRMethod, name = install_progress instanceMethod = true
BB 1
	outgoing: 9 2 
	datadep: 
	instructions:
BB 2
	outgoing: 3 4 
	datadep: 
	instructions:
		 0: def_%self 
		 1: def_%v_0 
		 2: COPY TYPE_CurrentScope def_%current_scope 
		 3: COPY TYPE_ScopeModule def_%current_module 
		 4: 
		 5: 
		 6: %self->params def_%v_3 %self[2.0,] 	 SYMBOL:	 ARGS:
		 7: %v_3->[] def_%v_4 %v_3[2.6,] 	 SYMBOL:id,	 ARGS:Symbol,
		 8: COPY TYPE_PASS def_identifier %v_4[2.7,] 
		 9: 
		 10: (App) def_%v_5 
		 11: HASH-identifier- def_%v_6 %v_4[2.7,] 
		 12: %v_5->where def_%v_7 %v_5[2.10,] %v_6[2.11,] 	 SYMBOL:	 ARGS:%v_6,
		 13: %v_7->first def_%v_8 %v_7[2.12,] 	 SYMBOL:	 ARGS:
		 14: ATTRASSIGN %self->app %v_8[2.13,] 
		 15: 
		 16: 
		 17: GETFIELD %self->app def_%v_9 %self[2.0,2.6,2.14,] 
		 18: BRANCH %v_9[2.17,] 
BB 3
	outgoing: 5 
	datadep: 
	instructions:
		 0: GETFIELD %self->app def_%v_10 %self[2.0,2.14,] 
		 1: %v_10->reload def_%v_11 %v_10[3.0,] 	 SYMBOL:	 ARGS:
		 2: 
		 3: GETFIELD %self->app def_%v_12 %self[2.0,2.14,] 
		 4: %v_12->install_status def_%v_13 %v_12[3.3,] 	 SYMBOL:	 ARGS:
		 5: ATTRASSIGN %self->progress %v_13[3.4,] 
		 6: 
		 7: GETFIELD %self->app def_%v_14 %self[2.0,2.14,] 
		 8: %v_14->install_message def_%v_15 %v_14[3.7,] 	 SYMBOL:	 ARGS:
		 9: ATTRASSIGN %self->message %v_15[3.8,] 
		 10: 
BB 4
	outgoing: 5 
	datadep: 
	instructions:
		 0: 
		 1: (App) def_%v_16 
		 2: %v_16->installation_status def_%v_17 %v_16[4.1,] identifier[2.8,] 	 SYMBOL:	 ARGS:identifier,
		 3: ATTRASSIGN %self->progress %v_17[4.2,] 
		 4: 
		 5: (App) def_%v_18 
		 6: GETFIELD %self->progress def_%v_19 %self[4.3,2.0,] 
		 7: %v_18->installation_message def_%v_20 %v_18[4.5,] %v_19[4.6,] 	 SYMBOL:	 ARGS:%v_19,
		 8: ATTRASSIGN %self->message %v_20[4.7,] 
		 9: COPY TYPE_PASS def_%v_15 %v_20[4.7,] 
BB 5
	outgoing: 6 7 
	datadep: 
	instructions:
		 0: 
		 1: GETFIELD %self->progress def_%v_21 %self[4.3,3.5,2.0,] 
		 2: %v_21->>= def_%v_22 %v_21[5.1,] 	 SYMBOL:	 ARGS:Fixnum,
		 3: BRANCH %v_22[5.2,] 
BB 6
	outgoing: 8 
	datadep: 
	instructions:
		 0: %self->before_filter_hook def_%v_23 %self[4.3,4.8,3.5,3.9,2.0,2.14,] 	 SYMBOL:	 ARGS:
		 1: 
BB 7
	outgoing: 8 
	datadep: 
	instructions:
		 0: COPY TYPE_Nil def_%v_23 
BB 8
	outgoing: 9 
	datadep: 
	instructions:
		 0: 
		 1: %self->ruby_code_from_view def_%v_24 %self[4.3,4.8,3.5,3.9,2.0,2.14,] 	 SYMBOL:	 ARGS:
		 2: %v_24->ruby_code_from_view def_%v_25 %v_24[8.1,] %self[8.1,4.3,4.8,3.5,3.9,2.0,2.14,] 	 SYMBOL:	 ARGS:%v_24,
CLOSURE BEGIN: %self[8.1,4.3,4.8,3.5,3.9,2.0,2.14,] 
BB 1
	outgoing: 12 2 
	datadep: 
	instructions:
BB 2
	outgoing: 3 
	datadep: 
	instructions:
		 0: def_%self 
		 1: def_%cl_1_0 
		 2: RECEIVEARG def_rb_from_view 
		 3: COPY TYPE_CurrentScope def_%current_scope 
		 4: COPY TYPE_ScopeModule def_%current_module 
BB 3
	outgoing: 4 5 10 
	datadep: 
	instructions:
		 0: 
		 1: %self->json def_%cl_1_3 %self[2.0,] 	 SYMBOL:	 ARGS:
		 2: %self->params def_%cl_1_4 %self[3.1,2.0,] 	 SYMBOL:	 ARGS:
		 3: %cl_1_4->[] def_%cl_1_5 %cl_1_4[3.2,] 	 SYMBOL:id,	 ARGS:Symbol,
		 4: %cl_1_3->identifier def_%cl_1_6 %cl_1_3[3.1,] %cl_1_5[3.3,] 	 SYMBOL:	 ARGS:%cl_1_5,
		 5: 
		 6: %self->json def_%cl_1_7 %self[3.1,3.2,2.0,] 	 SYMBOL:	 ARGS:
		 7: GETFIELD %self->message def_%cl_1_8 %self[3.1,3.2,3.6,2.0,] 
		 8: %cl_1_7->content def_%cl_1_9 %cl_1_7[3.6,] %cl_1_8[3.7,] 	 SYMBOL:	 ARGS:%cl_1_8,
		 9: 
		 10: GETFIELD %self->progress def_%cl_1_10 %self[3.1,3.2,3.6,2.0,] 
		 11: %cl_1_10->== def_%cl_1_11 %cl_1_10[3.10,] 	 SYMBOL:	 ARGS:Fixnum,
		 12: BRANCH %cl_1_11[3.11,] 
BB 4
	outgoing: 9 10 
	datadep: 
	instructions:
		 0: 
		 1: COPY TYPE_Array def_%cl_1_12 
		 2: ATTRASSIGN %self->formats %cl_1_12[4.1,] 
		 3: 
		 4: %self->json def_%cl_1_13 %self[4.2,2.0,] 	 SYMBOL:	 ARGS:
		 5: COPY TYPE_StringLiteral "apps/app_installed" def_%cl_1_14 
		 6: GETFIELD %self->app def_%cl_1_15 %self[4.4,2.0,] 
		 7: HASH-partial-object- def_%cl_1_16 %cl_1_14[4.5,] %cl_1_15[4.6,] 
		 8: %self->render def_%cl_1_17 %self[4.2,4.4,2.0,] %cl_1_16[4.7,] 	 SYMBOL:	 ARGS:%cl_1_16,
		 9: %cl_1_13->app_content def_%cl_1_18 %cl_1_13[4.4,] %cl_1_17[4.8,] 	 SYMBOL:	 ARGS:%cl_1_17,
		 10: 
BB 5
	outgoing: 6 7 10 
	datadep: 
	instructions:
		 0: 
		 1: GETFIELD %self->progress def_%cl_1_19 %self[2.0,] 
		 2: %cl_1_19->> def_%cl_1_20 %cl_1_19[5.1,] 	 SYMBOL:	 ARGS:Fixnum,
		 3: BRANCH %cl_1_20[5.2,] 
BB 6
	outgoing: 8 10 
	datadep: 
	instructions:
		 0: 
		 1: COPY TYPE_Array def_%cl_1_21 
		 2: ATTRASSIGN %self->formats %cl_1_21[6.1,] 
		 3: 
		 4: %self->json def_%cl_1_22 %self[6.2,2.0,] 	 SYMBOL:	 ARGS:
		 5: COPY TYPE_StringLiteral "apps/app_failed" def_%cl_1_23 
		 6: GETFIELD %self->app def_%cl_1_24 %self[6.4,2.0,] 
		 7: HASH-partial-object- def_%cl_1_25 %cl_1_23[6.5,] %cl_1_24[6.6,] 
		 8: %self->render def_%cl_1_26 %self[6.2,6.4,2.0,] %cl_1_25[6.7,] 	 SYMBOL:	 ARGS:%cl_1_25,
		 9: %cl_1_22->app_content def_%cl_1_27 %cl_1_22[6.4,] %cl_1_26[6.8,] 	 SYMBOL:	 ARGS:%cl_1_26,
		 10: 
BB 7
	outgoing: 8 
	datadep: 
	instructions:
		 0: COPY TYPE_Nil def_%cl_1_27 
BB 8
	outgoing: 12 
	datadep: 
	instructions:
		 0: RETURN %cl_1_27[7.0,6.9,] %self[6.2,2.0,] 
BB 9
	outgoing: 12 
	datadep: 
	instructions:
		 0: RETURN %cl_1_18[4.9,] %self[4.2,2.0,] 
BB 10
	outgoing: 12 
	datadep: 
	instructions:
		 0: def_%cl_1_28 
		 1: def_%cl_1_29 %cl_1_28[10.0,] 
		 2: RETURN %cl_1_29[10.1,] %self[4.2,6.2,2.0,] 
BB 12
	outgoing: 
	datadep: 
	instructions:
CLOSURE END: 
		 3: RETURN %v_25[8.2,] %self[8.1,4.3,4.8,3.5,3.9,2.0,2.14,] 
BB 9
	outgoing: 
	datadep: 
	instructions:

SET IRMethod, name = uninstall instanceMethod = true
BB 1
	outgoing: 6 2 
	datadep: 
	instructions:
BB 2
	outgoing: 3 4 
	datadep: 
	instructions:
		 0: def_%self 
		 1: def_%v_0 
		 2: COPY TYPE_CurrentScope def_%current_scope 
		 3: COPY TYPE_ScopeModule def_%current_module 
		 4: 
		 5: 
		 6: %self->params def_%v_3 %self[2.0,] 	 SYMBOL:	 ARGS:
		 7: %v_3->[] def_%v_4 %v_3[2.6,] 	 SYMBOL:id,	 ARGS:Symbol,
		 8: COPY TYPE_PASS def_identifier %v_4[2.7,] 
		 9: 
		 10: (App) def_%v_5 
		 11: HASH-identifier- def_%v_6 %v_4[2.7,] 
		 12: %v_5->where def_%v_7 %v_5[2.10,] %v_6[2.11,] 	 SYMBOL:	 ARGS:%v_6,
		 13: %v_7->first def_%v_8 %v_7[2.12,] 	 SYMBOL:	 ARGS:
		 14: ATTRASSIGN %self->app %v_8[2.13,] 
		 15: 
		 16: GETFIELD %self->app def_%v_9 %self[2.0,2.6,2.14,] 
		 17: BRANCH %v_9[2.16,] 
BB 3
	outgoing: 5 
	datadep: 
	instructions:
		 0: GETFIELD %self->app def_%v_10 %self[2.0,2.14,] 
		 1: %v_10->uninstall def_%v_11 %v_10[3.0,] 	 SYMBOL:	 ARGS:
		 2: 
BB 4
	outgoing: 5 
	datadep: 
	instructions:
		 0: COPY TYPE_Nil def_%v_11 
BB 5
	outgoing: 6 
	datadep: 
	instructions:
		 0: %self->ruby_code_from_view def_%v_12 %self[2.0,2.14,] 	 SYMBOL:	 ARGS:
		 1: %v_12->ruby_code_from_view def_%v_13 %v_12[5.0,] %self[5.0,2.0,2.14,] 	 SYMBOL:	 ARGS:%v_12,
CLOSURE BEGIN: %self[5.0,2.0,2.14,] 
BB 1
	outgoing: 9 2 
	datadep: 
	instructions:
BB 2
	outgoing: 3 
	datadep: 
	instructions:
		 0: def_%self 
		 1: def_%cl_1_0 
		 2: RECEIVEARG def_rb_from_view 
		 3: COPY TYPE_CurrentScope def_%current_scope 
		 4: COPY TYPE_ScopeModule def_%current_module 
BB 3
	outgoing: 4 5 7 
	datadep: 
	instructions:
		 0: 
		 1: %self->json def_%cl_1_3 %self[2.0,] 	 SYMBOL:	 ARGS:
		 2: %self->params def_%cl_1_4 %self[3.1,2.0,] 	 SYMBOL:	 ARGS:
		 3: %cl_1_4->[] def_%cl_1_5 %cl_1_4[3.2,] 	 SYMBOL:id,	 ARGS:Symbol,
		 4: %cl_1_3->identifier def_%cl_1_6 %cl_1_3[3.1,] %cl_1_5[3.3,] 	 SYMBOL:	 ARGS:%cl_1_5,
		 5: 
		 6: %self->json def_%cl_1_7 %self[3.1,3.2,2.0,] 	 SYMBOL:	 ARGS:
		 7: GETFIELD %self->app def_%cl_1_8 %self[3.1,3.2,3.6,2.0,] 
		 8: BRANCH %cl_1_8[3.7,] 
BB 4
	outgoing: 6 7 
	datadep: 
	instructions:
		 0: COPY TYPE_StringLiteral "<span class='uninstall_progress'>" def_%cl_1_9 
		 1: COPY TYPE_StringLiteral "preparing_to_uninstall" def_%cl_1_10 
		 2: %self->t def_%cl_1_11 %self[2.0,] %cl_1_10[4.1,] 	 SYMBOL:	 ARGS:%cl_1_10,
		 3: COPY TYPE_StringLiteral "</span>" def_%cl_1_12 
		 4: BUILDSTRING def_%cl_1_13 %cl_1_9[4.0,] %cl_1_11[4.2,] %cl_1_12[4.3,] 
		 5: %cl_1_13->html_safe def_%cl_1_14 %cl_1_13[4.4,] 	 SYMBOL:	 ARGS:
		 6: 
BB 5
	outgoing: 6 7 
	datadep: 
	instructions:
		 0: COPY TYPE_StringLiteral "this_application_is_not_installed_please_refresh" def_%cl_1_15 
		 1: %self->t def_%cl_1_16 %self[2.0,] %cl_1_15[5.0,] 	 SYMBOL:	 ARGS:%cl_1_15,
		 2: COPY TYPE_PASS def_%cl_1_14 %cl_1_16[5.1,] 
BB 6
	outgoing: 7 9 
	datadep: 
	instructions:
		 0: %cl_1_7->content def_%cl_1_17 %cl_1_7[3.6,] %cl_1_14[5.2,4.5,] 	 SYMBOL:	 ARGS:%cl_1_14,
		 1: RETURN %cl_1_17[6.0,] %self[2.0,] 
BB 7
	outgoing: 9 
	datadep: 
	instructions:
		 0: def_%cl_1_18 
		 1: def_%cl_1_19 %cl_1_18[7.0,] 
		 2: RETURN %cl_1_19[7.1,] %self[2.0,] 
BB 9
	outgoing: 
	datadep: 
	instructions:
CLOSURE END: 
		 2: RETURN %v_13[5.1,] %self[5.0,2.0,2.14,] 
BB 6
	outgoing: 
	datadep: 
	instructions:

SET IRMethod, name = uninstall_progress instanceMethod = true
BB 1
	outgoing: 6 2 
	datadep: 
	instructions:
BB 2
	outgoing: 3 4 
	datadep: 
	instructions:
		 0: def_%self 
		 1: def_%v_0 
		 2: COPY TYPE_CurrentScope def_%current_scope 
		 3: COPY TYPE_ScopeModule def_%current_module 
		 4: 
		 5: 
		 6: %self->params def_%v_3 %self[2.0,] 	 SYMBOL:	 ARGS:
		 7: %v_3->[] def_%v_4 %v_3[2.6,] 	 SYMBOL:id,	 ARGS:Symbol,
		 8: COPY TYPE_PASS def_identifier %v_4[2.7,] 
		 9: 
		 10: (App) def_%v_5 
		 11: HASH-identifier- def_%v_6 %v_4[2.7,] 
		 12: %v_5->where def_%v_7 %v_5[2.10,] %v_6[2.11,] 	 SYMBOL:	 ARGS:%v_6,
		 13: %v_7->first def_%v_8 %v_7[2.12,] 	 SYMBOL:	 ARGS:
		 14: ATTRASSIGN %self->app %v_8[2.13,] 
		 15: 
		 16: 
		 17: GETFIELD %self->app def_%v_9 %self[2.0,2.6,2.14,] 
		 18: BRANCH %v_9[2.17,] 
BB 3
	outgoing: 5 
	datadep: 
	instructions:
		 0: GETFIELD %self->app def_%v_10 %self[2.0,2.14,] 
		 1: %v_10->reload def_%v_11 %v_10[3.0,] 	 SYMBOL:	 ARGS:
		 2: 
		 3: GETFIELD %self->app def_%v_12 %self[2.0,2.14,] 
		 4: %v_12->install_status def_%v_13 %v_12[3.3,] 	 SYMBOL:	 ARGS:
		 5: ATTRASSIGN %self->progress %v_13[3.4,] 
		 6: 
		 7: GETFIELD %self->app def_%v_14 %self[2.0,2.14,] 
		 8: %v_14->uninstall_message def_%v_15 %v_14[3.7,] 	 SYMBOL:	 ARGS:
		 9: ATTRASSIGN %self->message %v_15[3.8,] 
		 10: 
BB 4
	outgoing: 5 
	datadep: 
	instructions:
		 0: 
		 1: COPY TYPE_StringLiteral "application_uninstalled" def_%v_16 
		 2: %self->t def_%v_17 %self[2.0,2.14,] %v_16[4.1,] 	 SYMBOL:	 ARGS:%v_16,
		 3: ATTRASSIGN %self->message %v_17[4.2,] 
		 4: 
		 5: ATTRASSIGN %self->progress 
		 6: COPY TYPE_Fixnum def_%v_15 
BB 5
	outgoing: 6 
	datadep: 
	instructions:
		 0: 
		 1: %self->ruby_code_from_view def_%v_18 %self[4.3,4.5,3.5,3.9,2.0,2.14,] 	 SYMBOL:	 ARGS:
		 2: %v_18->ruby_code_from_view def_%v_19 %v_18[5.1,] %self[5.1,4.3,4.5,3.5,3.9,2.0,2.14,] 	 SYMBOL:	 ARGS:%v_18,
CLOSURE BEGIN: %self[5.1,4.3,4.5,3.5,3.9,2.0,2.14,] 
BB 1
	outgoing: 9 2 
	datadep: 
	instructions:
BB 2
	outgoing: 3 
	datadep: 
	instructions:
		 0: def_%self 
		 1: def_%cl_1_0 
		 2: RECEIVEARG def_rb_from_view 
		 3: COPY TYPE_CurrentScope def_%current_scope 
		 4: COPY TYPE_ScopeModule def_%current_module 
BB 3
	outgoing: 4 5 7 
	datadep: 
	instructions:
		 0: 
		 1: %self->json def_%cl_1_3 %self[2.0,] 	 SYMBOL:	 ARGS:
		 2: %self->params def_%cl_1_4 %self[3.1,2.0,] 	 SYMBOL:	 ARGS:
		 3: %cl_1_4->[] def_%cl_1_5 %cl_1_4[3.2,] 	 SYMBOL:id,	 ARGS:Symbol,
		 4: %cl_1_3->identifier def_%cl_1_6 %cl_1_3[3.1,] %cl_1_5[3.3,] 	 SYMBOL:	 ARGS:%cl_1_5,
		 5: 
		 6: %self->json def_%cl_1_7 %self[3.1,3.2,2.0,] 	 SYMBOL:	 ARGS:
		 7: GETFIELD %self->message def_%cl_1_8 %self[3.1,3.2,3.6,2.0,] 
		 8: %cl_1_7->content def_%cl_1_9 %cl_1_7[3.6,] %cl_1_8[3.7,] 	 SYMBOL:	 ARGS:%cl_1_8,
		 9: 
		 10: GETFIELD %self->progress def_%cl_1_10 %self[3.1,3.2,3.6,2.0,] 
		 11: %cl_1_10->== def_%cl_1_11 %cl_1_10[3.10,] 	 SYMBOL:	 ARGS:Fixnum,
		 12: BRANCH %cl_1_11[3.11,] 
BB 4
	outgoing: 6 7 
	datadep: 
	instructions:
		 0: %self->json def_%cl_1_12 %self[2.0,] 	 SYMBOL:	 ARGS:
		 1: %cl_1_12->uninstalled def_%cl_1_13 %cl_1_12[4.0,] 	 SYMBOL:	 ARGS:Boolean,
		 2: 
BB 5
	outgoing: 9 
	datadep: 
	instructions:
		 0: RETURN %self[2.0,] 
BB 6
	outgoing: 9 
	datadep: 
	instructions:
		 0: RETURN %cl_1_13[4.1,] %self[2.0,] 
BB 7
	outgoing: 9 
	datadep: 
	instructions:
		 0: def_%cl_1_14 
		 1: def_%cl_1_15 %cl_1_14[7.0,] 
		 2: RETURN %cl_1_15[7.1,] %self[2.0,] 
BB 9
	outgoing: 
	datadep: 
	instructions:
CLOSURE END: 
		 3: RETURN %v_19[5.2,] %self[5.1,4.3,4.5,3.5,3.9,2.0,2.14,] 
BB 6
	outgoing: 
	datadep: 
	instructions:

SET IRMethod, name = toggle_in_dashboard instanceMethod = true
BB 1
	outgoing: 9 2 
	datadep: 
	instructions:
BB 2
	outgoing: 3 4 
	datadep: 
	instructions:
		 0: def_%self 
		 1: def_%v_0 
		 2: COPY TYPE_CurrentScope def_%current_scope 
		 3: COPY TYPE_ScopeModule def_%current_module 
		 4: 
		 5: 
		 6: %self->params def_%v_3 %self[2.0,] 	 SYMBOL:	 ARGS:
		 7: %v_3->[] def_%v_4 %v_3[2.6,] 	 SYMBOL:id,	 ARGS:Symbol,
		 8: COPY TYPE_PASS def_identifier %v_4[2.7,] 
		 9: 
		 10: (App) def_%v_5 
		 11: HASH-identifier- def_%v_6 %v_4[2.7,] 
		 12: %v_5->where def_%v_7 %v_5[2.10,] %v_6[2.11,] 	 SYMBOL:	 ARGS:%v_6,
		 13: %v_7->first def_%v_8 %v_7[2.12,] 	 SYMBOL:	 ARGS:
		 14: COPY TYPE_PASS def_app %v_8[2.13,] 
		 15: 
		 16: %v_8->installed def_%v_9 %v_8[2.13,] 	 SYMBOL:	 ARGS:
		 17: BRANCH %v_9[2.16,] 
BB 3
	outgoing: 5 
	datadep: 
	instructions:
		 0: 
		 1: app->show_in_dashboard def_%v_10 app[2.14,] 	 SYMBOL:	 ARGS:
		 2: %v_10->! def_%v_11 %v_10[3.1,] 	 SYMBOL:	 ARGS:
		 3: ATTRASSIGN app->show_in_dashboard %v_11[3.2,] 
		 4: 
		 5: app->save def_%v_12 app[3.1,3.3,2.14,] 	 SYMBOL:	 ARGS:
		 6: 
		 7: ATTRASSIGN %self->saved 
		 8: COPY TYPE_Boolean def_%v_13 
		 9: 
BB 4
	outgoing: 5 
	datadep: 
	instructions:
		 0: COPY TYPE_Nil def_%v_13 
BB 5
	outgoing: 6 7 
	datadep: 
	instructions:
		 0: 
		 1: GETFIELD %self->saved def_%v_14 %self[3.7,2.0,] 
		 2: BRANCH %v_14[5.1,] 
BB 6
	outgoing: 8 
	datadep: 
	instructions:
		 0: COPY TYPE_Symbol def_%v_15 
		 1: 
BB 7
	outgoing: 8 
	datadep: 
	instructions:
		 0: COPY TYPE_Symbol def_%v_15 
BB 8
	outgoing: 9 
	datadep: 
	instructions:
		 0: HASH-status- def_%v_16 %v_15[7.0,6.0,] 
		 1: HASH-json- def_%v_17 %v_16[8.0,] 
		 2: %self->render def_%v_18 %self[3.7,2.0,] %v_17[8.1,] 	 SYMBOL:	 ARGS:%v_17,
		 3: RETURN %v_18[8.2,] %self[8.2,3.7,2.0,] 
BB 9
	outgoing: 
	datadep: 
	instructions:

