SET IRMethod, name = page_links instanceMethod = true
BB 1
	outgoing: 14 2 
	datadep: 
	instructions:
BB 2
	outgoing: 3 4 
	datadep: 
	instructions:
		 0: def_%self 
		 1: def_%v_0 
		 2: COPY TYPE_CurrentScope def_%current_scope 
		 3: COPY TYPE_ScopeModule def_%current_module 
		 4: 
		 5: RECEIVEARG def_topic 
		 6: 
		 7: topic->posts_count def_%v_3 topic[2.5,] 	 SYMBOL:	 ARGS:
		 8: COPY TYPE_PASS def_posts %v_3[2.7,] 
		 9: 
		 10: COPY TYPE_Fixnum def_max_pages 
		 11: 
		 12: (TopicView) def_%v_4 
		 13: %v_4->chunk_size def_%v_5 %v_4[2.12,] 	 SYMBOL:	 ARGS:
		 14: posts->/ def_%v_6 posts[2.8,] %v_5[2.13,] 	 SYMBOL:	 ARGS:%v_5,
		 15: (TopicView) def_%v_7 
		 16: %v_7->chunk_size def_%v_8 %v_7[2.15,] 	 SYMBOL:	 ARGS:
		 17: posts->== def_%v_9 posts[2.8,2.14,] %v_8[2.16,] 	 SYMBOL:	 ARGS:%v_8,
		 18: BRANCH %v_9[2.17,] 
BB 3
	outgoing: 5 
	datadep: 
	instructions:
		 0: COPY TYPE_Fixnum def_%v_10 
		 1: 
BB 4
	outgoing: 5 
	datadep: 
	instructions:
		 0: COPY TYPE_Fixnum def_%v_10 
BB 5
	outgoing: 6 7 
	datadep: 
	instructions:
		 0: %v_6->+ def_%v_11 %v_6[2.14,] %v_10[4.0,3.0,] 	 SYMBOL:	 ARGS:%v_10,
		 1: COPY TYPE_PASS def_total_pages %v_11[5.0,] 
		 2: 
		 3: %v_11->< def_%v_12 %v_11[5.0,] 	 SYMBOL:	 ARGS:Fixnum,
		 4: BRANCH %v_12[5.3,] 
BB 6
	outgoing: 14 
	datadep: 
	instructions:
		 0: RETURN %self[2.0,] 
BB 7
	outgoing: 9 
	datadep: 
	instructions:
		 0: COPY TYPE_Nil def_%v_13 
		 1: 
		 2: max_pages->+ def_%v_14 max_pages[2.10,] 	 SYMBOL:	 ARGS:Fixnum,
		 3: total_pages->- def_%v_15 total_pages[5.1,] %v_14[7.2,] 	 SYMBOL:	 ARGS:%v_14,
		 4: COPY TYPE_Array def_%v_16 %v_15[7.3,] 
		 5: %v_16->max def_%v_17 %v_16[7.4,] 	 SYMBOL:	 ARGS:
		 6: COPY TYPE_PASS def_page %v_17[7.5,] 
		 7: 
		 8: COPY TYPE_StringLiteral "(" def_%v_18 
		 9: COPY TYPE_PASS def_result %v_18[7.8,] 
		 10: 
BB 9
	outgoing: 10 12 
	datadep: 
	instructions:
		 0: page-><= def_%v_20 page[7.6,10.11,] total_pages[5.1,] 	 SYMBOL:	 ARGS:total_pages,
		 1: BRANCH %v_20[9.0,] 
BB 10
	outgoing: 9 
	datadep: 
	instructions:
		 0: 
		 1: 
		 2: COPY TYPE_StringLiteral " <a href='" def_%v_21 
		 3: topic->relative_url def_%v_22 topic[2.5,] 	 SYMBOL:	 ARGS:
		 4: COPY TYPE_StringLiteral "?page=" def_%v_23 
		 5: COPY TYPE_StringLiteral "'>" def_%v_24 
		 6: COPY TYPE_StringLiteral "</a> " def_%v_25 
		 7: BUILDSTRING def_%v_26 %v_21[10.2,] %v_22[10.3,] %v_23[10.4,] page[9.0,7.6,] %v_24[10.5,] page[9.0,7.6,] %v_25[10.6,] 
		 8: result-><< def_%v_27 result[7.9,] %v_26[10.7,] 	 SYMBOL:	 ARGS:%v_26,
		 9: 
		 10: page->+ def_%v_28 page[9.0,7.6,] 	 SYMBOL:	 ARGS:Fixnum,
		 11: COPY TYPE_PASS def_page %v_28[10.10,] 
		 12: 
BB 12
	outgoing: 14 
	datadep: 
	instructions:
		 0: COPY TYPE_Nil def_%v_19 
		 1: 
		 2: COPY TYPE_StringLiteral ")" def_%v_29 
		 3: result-><< def_%v_30 result[7.9,] %v_29[12.2,] 	 SYMBOL:	 ARGS:%v_29,
		 4: 
		 5: result->html_safe def_%v_31 result[12.3,7.9,] 	 SYMBOL:	 ARGS:
		 6: RETURN %v_31[12.5,] %self[2.0,] 
BB 14
	outgoing: 
	datadep: 
	instructions:

