SET IRMethod, name = pod_uri instanceMethod = true
BB 1
	outgoing: 23 2 
	datadep: 
	instructions:
BB 2
	outgoing: 3 4 
	datadep: 
	instructions:
		 0: def_%self 
		 1: def_%v_0 
		 2: COPY TYPE_CurrentScope def_%current_scope 
		 3: COPY TYPE_ScopeModule def_%current_module 
		 4: 
		 5: 
		 6: GETFIELD %self->pod_uri def_%v_3 %self[2.0,] 
		 7: %v_3->nil? def_%v_4 %v_3[2.6,] 	 SYMBOL:	 ARGS:
		 8: BRANCH %v_4[2.7,] 
BB 3
	outgoing: 6 7 
	datadep: 
	instructions:
		 0: COPY TYPE_Nil def_%v_5 
		 1: 
		 2: %self->environment def_%v_8 %self[2.0,] 	 SYMBOL:	 ARGS:
		 3: %v_8->url def_%v_9 %v_8[3.2,] 	 SYMBOL:	 ARGS:
		 4: %v_9->get def_%v_10 %v_9[3.3,] 	 SYMBOL:	 ARGS:
		 5: COPY TYPE_PASS def_url %v_10[3.4,] 
		 6: 
		 7: COPY TYPE_Regexp def_%v_11 
		 8: %v_10->=~ def_%v_12 %v_10[3.4,] 	 SYMBOL:	 ARGS:%v_11,
		 9: BRANCH %v_12[3.8,] 
BB 4
	outgoing: 23 
	datadep: 
	instructions:
		 0: GETFIELD %self->pod_uri def_%v_6 %self[2.0,] 
		 1: %v_6->dup def_%v_7 %v_6[4.0,] 	 SYMBOL:	 ARGS:
		 2: RETURN %v_7[4.1,] %self[2.0,] 
BB 6
	outgoing: 8 
	datadep: 
	instructions:
		 0: COPY TYPE_Nil def_%v_13 
		 1: 
BB 7
	outgoing: 8 
	datadep: 
	instructions:
		 0: COPY TYPE_StringLiteral "http://" def_%v_14 
		 1: BUILDSTRING def_%v_15 %v_14[7.0,] url[3.5,] 
		 2: COPY TYPE_PASS def_url %v_15[7.1,] 
		 3: COPY TYPE_PASS def_%v_13 %v_15[7.1,] 
BB 8
	outgoing: 9 10 
	datadep: 
	instructions:
		 0: 
		 1: COPY TYPE_StringLiteral "/" def_%v_16 
		 2: url->end_with? def_%v_17 url[7.2,3.5,] %v_16[8.1,] 	 SYMBOL:	 ARGS:%v_16,
		 3: BRANCH %v_17[8.2,] 
BB 9
	outgoing: 11 
	datadep: 
	instructions:
		 0: COPY TYPE_Nil def_%v_18 
		 1: 
BB 10
	outgoing: 11 
	datadep: 
	instructions:
		 0: COPY TYPE_StringLiteral "/" def_%v_19 
		 1: url-><< def_%v_20 url[7.2,3.5,] %v_19[10.0,] 	 SYMBOL:	 ARGS:%v_19,
		 2: COPY TYPE_PASS def_%v_18 %v_20[10.1,] 
BB 11
	outgoing: 13 
	datadep: 
	instructions:
		 0: 
		 1: GLOBALVAR $! def_%v_21 
BB 13
	outgoing: 14 15 17 
	datadep: 
	instructions:
		 0: 
		 1: 
		 2: (Addressable) def_%v_24 
		 3: (inherit URI) def_%v_25 %v_24[13.2,] 
		 4: %v_25[13.3,] 
BB 14
	outgoing: 15 17 
	datadep: 
	instructions:
		 0: %v_24->const_missing def_%v_25 %v_24[13.2,] 	 SYMBOL:URI,	 ARGS:Symbol,
BB 15
	outgoing: 16 17 
	datadep: 
	instructions:
		 0: %v_25->parse def_%v_26 %v_25[14.0,13.3,] url[7.2,3.5,] 	 SYMBOL:	 ARGS:url,
		 1: ATTRASSIGN %self->pod_uri %v_26[15.0,] 
		 2: COPY TYPE_PASS def_%v_23 %v_26[15.0,] 
		 3: %v_21[11.1,] 
BB 16
	outgoing: 22 
	datadep: 
	instructions:
		 0: 
BB 17
	outgoing: 18 19 21 
	datadep: 
	instructions:
		 0: def_%v_27 
		 1: def_%v_28 %v_27[17.0,] 
		 2: BRANCH %v_28[17.1,] 
BB 18
	outgoing: 21 23 
	datadep: 
	instructions:
		 0: %v_27[17.0,] 
BB 19
	outgoing: 20 21 
	datadep: 
	instructions:
		 0: 
		 1: COPY TYPE_StringLiteral "WARNING: pod url " def_%v_29 
		 2: COPY TYPE_StringLiteral " is not a legal URI" def_%v_30 
		 3: BUILDSTRING def_%v_31 %v_29[19.1,] url[7.2,3.5,] %v_30[19.2,] 
		 4: %self->puts def_%v_32 %self[15.1,2.0,] %v_31[19.3,] 	 SYMBOL:	 ARGS:%v_31,
		 5: COPY TYPE_PASS def_%v_23 %v_32[19.4,] 
		 6: %v_21[11.1,] 
BB 20
	outgoing: 22 
	datadep: 
	instructions:
		 0: 
BB 21
	outgoing: 23 
	datadep: 
	instructions:
		 0: def_%v_33 
		 1: def_%v_34 %v_33[21.0,] %v_21[11.1,] 
		 2: %v_33[21.0,] 
BB 22
	outgoing: 23 
	datadep: 
	instructions:
		 0: 
		 1: GETFIELD %self->pod_uri def_%v_35 %self[15.1,2.0,] 
		 2: %v_35->dup def_%v_36 %v_35[22.1,] 	 SYMBOL:	 ARGS:
		 3: RETURN %v_36[22.2,] %self[15.1,2.0,] 
BB 23
	outgoing: 
	datadep: 
	instructions:

SET IRMethod, name = url_to instanceMethod = true
BB 1
	outgoing: 3 2 
	datadep: 
	instructions:
BB 2
	outgoing: 3 
	datadep: 
	instructions:
		 0: def_%self 
		 1: def_%v_0 
		 2: COPY TYPE_CurrentScope def_%current_scope 
		 3: COPY TYPE_ScopeModule def_%current_module 
		 4: 
		 5: RECEIVEARG def_path 
		 6: 
		 7: %self->pod_uri def_%v_3 %self[2.0,] 	 SYMBOL:	 ARGS:
		 8: %v_3->tap def_%v_4 %v_3[2.7,] %self[2.0,2.7,] 	 SYMBOL:	 ARGS:%v_3,
CLOSURE BEGIN: uri[] path[2.5,] 
BB 1
	outgoing: 6 2 
	datadep: 
	instructions:
BB 2
	outgoing: 3 
	datadep: 
	instructions:
		 0: def_%self 
		 1: def_%cl_1_0 
		 2: RECEIVEARG def_uri 
		 3: COPY TYPE_CurrentScope def_%current_scope 
		 4: COPY TYPE_ScopeModule def_%current_module 
BB 3
	outgoing: 4 6 
	datadep: 
	instructions:
		 0: 
		 1: ATTRASSIGN uri->path path[] 
		 2: RETURN path[] %self[2.0,] 
BB 4
	outgoing: 6 
	datadep: 
	instructions:
		 0: def_%cl_1_3 
		 1: def_%cl_1_4 %cl_1_3[4.0,] 
		 2: RETURN %cl_1_4[4.1,] %self[2.0,] 
BB 6
	outgoing: 
	datadep: 
	instructions:
CLOSURE END: 
		 9: %v_4->to_s def_%v_5 %v_4[2.8,] 	 SYMBOL:	 ARGS:
		 10: RETURN %v_5[2.9,] %self[2.0,2.7,] 
BB 3
	outgoing: 
	datadep: 
	instructions:

SET IRMethod, name = bare_pod_uri instanceMethod = true
BB 1
	outgoing: 3 2 
	datadep: 
	instructions:
BB 2
	outgoing: 3 
	datadep: 
	instructions:
		 0: def_%self 
		 1: def_%v_0 
		 2: COPY TYPE_CurrentScope def_%current_scope 
		 3: COPY TYPE_ScopeModule def_%current_module 
		 4: 
		 5: 
		 6: %self->pod_uri def_%v_3 %self[2.0,] 	 SYMBOL:	 ARGS:
		 7: %v_3->authority def_%v_4 %v_3[2.6,] 	 SYMBOL:	 ARGS:
		 8: COPY TYPE_StringLiteral "www." def_%v_5 
		 9: COPY TYPE_StringLiteral "" def_%v_6 
		 10: %v_4->gsub def_%v_7 %v_4[2.7,] %v_5[2.8,] %v_6[2.9,] 	 SYMBOL:	 ARGS:%v_5,%v_6,
		 11: RETURN %v_7[2.10,] %self[2.0,2.6,] 
BB 3
	outgoing: 
	datadep: 
	instructions:

SET IRMethod, name = configured_services instanceMethod = true
BB 1
	outgoing: 9 2 
	datadep: 
	instructions:
BB 2
	outgoing: 4 5 7 
	datadep: 
	instructions:
		 0: def_%self 
		 1: def_%v_0 
		 2: COPY TYPE_CurrentScope def_%current_scope 
		 3: COPY TYPE_ScopeModule def_%current_module 
		 4: 
		 5: 
		 6: GETFIELD %self->configured_services def_%v_3 %self[2.0,] 
		 7: %v_3->nil? def_%v_4 %v_3[2.6,] 	 SYMBOL:	 ARGS:
		 8: BRANCH %v_4[2.7,] 
BB 4
	outgoing: 6 
	datadep: 
	instructions:
		 0: COPY TYPE_Nil def_%v_5 
		 1: 
BB 5
	outgoing: 9 
	datadep: 
	instructions:
		 0: GETFIELD %self->configured_services def_%v_6 %self[2.0,] 
		 1: RETURN %v_6[5.0,] %self[2.0,] 
BB 6
	outgoing: 7 9 
	datadep: 
	instructions:
		 0: 
		 1: COPY TYPE_Array def_%v_7 
		 2: ATTRASSIGN %self->configured_services %v_7[6.1,] 
		 3: 
		 4: (KNOWN_SERVICES) def_%v_8 
		 5: %v_8->each def_%v_9 %v_8[6.4,] %self[6.2,2.0,] 	 SYMBOL:	 ARGS:%v_8,
CLOSURE BEGIN: %self[6.2,2.0,] service[] 
BB 1
	outgoing: 9 2 
	datadep: 
	instructions:
BB 2
	outgoing: 3 
	datadep: 
	instructions:
		 0: def_%self 
		 1: def_%cl_1_0 
		 2: RECEIVEARG def_service 
		 3: COPY TYPE_CurrentScope def_%current_scope 
		 4: COPY TYPE_ScopeModule def_%current_module 
BB 3
	outgoing: 4 5 7 
	datadep: 
	instructions:
		 0: 
		 1: %self->services def_%cl_1_3 %self[2.0,] 	 SYMBOL:	 ARGS:
		 2: %cl_1_3->send def_%cl_1_4 %cl_1_3[3.1,] service[2.2,] 	 SYMBOL:	 ARGS:service,
		 3: %cl_1_4->enable? def_%cl_1_5 %cl_1_4[3.2,] 	 SYMBOL:	 ARGS:
		 4: BRANCH %cl_1_5[3.3,] 
BB 4
	outgoing: 6 7 
	datadep: 
	instructions:
		 0: GETFIELD %self->configured_services def_%cl_1_6 %self[2.0,] 
		 1: %cl_1_6-><< def_%cl_1_7 %cl_1_6[4.0,] service[2.2,] 	 SYMBOL:	 ARGS:service,
		 2: 
BB 5
	outgoing: 9 
	datadep: 
	instructions:
		 0: RETURN %self[2.0,] 
BB 6
	outgoing: 9 
	datadep: 
	instructions:
		 0: RETURN %cl_1_7[4.1,] %self[2.0,] 
BB 7
	outgoing: 9 
	datadep: 
	instructions:
		 0: def_%cl_1_8 
		 1: def_%cl_1_9 %cl_1_8[7.0,] 
		 2: RETURN %cl_1_9[7.1,] %self[2.0,] 
BB 9
	outgoing: 
	datadep: 
	instructions:
CLOSURE END: 
		 6: 
		 7: GETFIELD %self->configured_services def_%v_10 %self[6.2,2.0,] 
		 8: RETURN %v_10[6.7,] %self[6.2,2.0,] 
BB 7
	outgoing: 9 
	datadep: 
	instructions:
		 0: def_%v_11 
		 1: def_%v_12 %v_11[7.0,] 
		 2: RETURN %v_12[7.1,] %self[6.2,2.0,] 
BB 9
	outgoing: 
	datadep: 
	instructions:

SET IRMethod, name = show_service? instanceMethod = true
BB 1
	outgoing: 10 2 
	datadep: 
	instructions:
BB 2
	outgoing: 3 4 
	datadep: 
	instructions:
		 0: def_%self 
		 1: def_%v_0 
		 2: COPY TYPE_CurrentScope def_%current_scope 
		 3: COPY TYPE_ScopeModule def_%current_module 
		 4: 
		 5: RECEIVEARG def_service 
		 6: RECEIVEARG def_user 
		 7: 
		 8: COPY TYPE_StringLiteral "services." def_%v_3 
		 9: COPY TYPE_StringLiteral ".enable" def_%v_4 
		 10: BUILDSTRING def_%v_5 %v_3[2.8,] service[2.5,] %v_4[2.9,] 
		 11: %self->[] def_%v_6 %self[2.0,] %v_5[2.10,] 	 SYMBOL:	 ARGS:%v_5,
		 12: BRANCH %v_6[2.11,] 
BB 3
	outgoing: 6 7 
	datadep: 
	instructions:
		 0: COPY TYPE_Nil def_%v_7 
		 1: 
		 2: COPY TYPE_PASS def_%v_8 user[2.6,] 
		 3: BRANCH user[2.6,] 
BB 4
	outgoing: 10 
	datadep: 
	instructions:
		 0: RETURN %self[2.0,] 
BB 6
	outgoing: 7 
	datadep: 
	instructions:
		 0: COPY TYPE_StringLiteral "services." def_%v_9 
		 1: COPY TYPE_StringLiteral ".authorized" def_%v_10 
		 2: BUILDSTRING def_%v_11 %v_9[6.0,] service[2.5,] %v_10[6.1,] 
		 3: %self->[] def_%v_12 %self[2.0,] %v_11[6.2,] 	 SYMBOL:	 ARGS:%v_11,
		 4: user->username def_%v_13 user[2.6,] 	 SYMBOL:	 ARGS:
		 5: %v_12->== def_%v_14 %v_12[6.3,] %v_13[6.4,] 	 SYMBOL:	 ARGS:%v_13,
		 6: COPY TYPE_PASS def_%v_8 %v_14[6.5,] 
BB 7
	outgoing: 8 9 
	datadep: 
	instructions:
		 0: BRANCH %v_8[6.6,3.2,] 
BB 8
	outgoing: 10 
	datadep: 
	instructions:
		 0: COPY TYPE_StringLiteral "services." def_%v_15 
		 1: 
		 2: COPY TYPE_StringLiteral ".authorized" def_%v_16 
		 3: BUILDSTRING def_%v_17 %v_15[8.0,] service[2.5,] %v_16[8.2,] 
		 4: %self->[] def_%v_18 %self[2.0,] %v_17[8.3,] 	 SYMBOL:	 ARGS:%v_17,
		 5: %v_18->== def_%v_19 %v_18[8.4,] 	 SYMBOL:	 ARGS:Boolean,
		 6: RETURN %v_19[8.5,] %self[8.4,2.0,] 
BB 9
	outgoing: 10 
	datadep: 
	instructions:
		 0: RETURN %v_8[6.6,3.2,] %self[2.0,] 
BB 10
	outgoing: 
	datadep: 
	instructions:

SET IRMethod, name = secret_token instanceMethod = true
BB 1
	outgoing: 14 2 
	datadep: 
	instructions:
BB 2
	outgoing: 3 7 
	datadep: 
	instructions:
		 0: def_%self 
		 1: def_%v_0 
		 2: COPY TYPE_CurrentScope def_%current_scope 
		 3: COPY TYPE_ScopeModule def_%current_module 
		 4: 
		 5: 
		 6: %self->heroku? def_%v_3 %self[2.0,] 	 SYMBOL:	 ARGS:
		 7: BRANCH %v_3[2.6,] 
BB 3
	outgoing: 4 5 
	datadep: 
	instructions:
		 0: 
		 1: (ENV) def_%v_4 
		 2: COPY TYPE_StringLiteral "SECRET_TOKEN" def_%v_5 
		 3: %v_4->[] def_%v_6 %v_4[3.1,] %v_5[3.2,] 	 SYMBOL:	 ARGS:%v_5,
		 4: BRANCH %v_6[3.3,] 
BB 4
	outgoing: 14 
	datadep: 
	instructions:
		 0: (ENV) def_%v_7 
		 1: COPY TYPE_StringLiteral "SECRET_TOKEN" def_%v_8 
		 2: %v_7->[] def_%v_9 %v_7[4.0,] %v_8[4.1,] 	 SYMBOL:	 ARGS:%v_8,
		 3: RETURN %v_9[4.2,] %self[2.0,] 
BB 5
	outgoing: 13 
	datadep: 
	instructions:
		 0: COPY TYPE_Nil def_%v_10 
		 1: 
		 2: COPY TYPE_StringLiteral "FATAL: Running on Heroku with SECRET_TOKEN unset" def_%v_11 
		 3: %self->warn def_%v_12 %self[2.0,] %v_11[5.2,] 	 SYMBOL:	 ARGS:%v_11,
		 4: 
		 5: COPY TYPE_StringLiteral "       Run heroku config:add SECRET_TOKEN=" def_%v_13 
		 6: (SecureRandom) def_%v_14 
		 7: %v_14->hex def_%v_15 %v_14[5.6,] 	 SYMBOL:	 ARGS:Fixnum,
		 8: BUILDSTRING def_%v_16 %v_13[5.5,] %v_15[5.7,] 
		 9: %self->warn def_%v_17 %self[5.3,2.0,] %v_16[5.8,] 	 SYMBOL:	 ARGS:%v_16,
		 10: 
		 11: (Process) def_%v_18 
		 12: %v_18->exit def_%v_19 %v_18[5.11,] 	 SYMBOL:	 ARGS:Fixnum,
		 13: 
BB 7
	outgoing: 8 9 
	datadep: 
	instructions:
		 0: 
		 1: (File) def_%v_20 
		 2: COPY TYPE_StringLiteral "../config/initializers/secret_token.rb" def_%v_21 
		 3: (File) def_%v_22 
		 4: %v_22->dirname def_%v_23 %v_22[7.3,] 	 SYMBOL:	 ARGS:Filename,
		 5: %v_20->expand_path def_%v_24 %v_20[7.1,] %v_21[7.2,] %v_23[7.4,] 	 SYMBOL:	 ARGS:%v_21,%v_23,
		 6: COPY TYPE_PASS def_token_file %v_24[7.5,] 
		 7: 
		 8: (File) def_%v_25 
		 9: %v_25->exist? def_%v_26 %v_25[7.8,] %v_24[7.5,] 	 SYMBOL:	 ARGS:token_file,
		 10: BRANCH %v_26[7.9,] 
BB 8
	outgoing: 10 
	datadep: 
	instructions:
		 0: COPY TYPE_Nil def_%v_27 
		 1: 
BB 9
	outgoing: 10 
	datadep: 
	instructions:
		 0: 
		 1: def_%v_28 
		 2: COPY TYPE_PASS def_%v_27 %v_28[9.1,] 
BB 10
	outgoing: 11 12 
	datadep: 
	instructions:
		 0: 
		 1: %self->require def_%v_29 %self[2.0,] token_file[7.6,] 	 SYMBOL:	 ARGS:token_file,
		 2: 
		 3: (Diaspora) def_%v_30 
		 4: (inherit Application) def_%v_31 %v_30[10.3,] 
		 5: %v_31[10.4,] 
BB 11
	outgoing: 12 
	datadep: 
	instructions:
		 0: %v_30->const_missing def_%v_31 %v_30[10.3,] 	 SYMBOL:Application,	 ARGS:Symbol,
BB 12
	outgoing: 14 
	datadep: 
	instructions:
		 0: %v_31->config def_%v_32 %v_31[11.0,10.4,] 	 SYMBOL:	 ARGS:
		 1: %v_32->secret_key_base def_%v_33 %v_32[12.0,] 	 SYMBOL:	 ARGS:
		 2: RETURN %v_33[12.1,] %self[2.0,] 
BB 13
	outgoing: 14 
	datadep: 
	instructions:
		 0: RETURN %v_19[5.12,] %self[2.0,] 
BB 14
	outgoing: 
	datadep: 
	instructions:

SET IRMethod, name = version_string instanceMethod = true
BB 1
	outgoing: 9 2 
	datadep: 
	instructions:
BB 2
	outgoing: 3 4 
	datadep: 
	instructions:
		 0: def_%self 
		 1: def_%v_0 
		 2: COPY TYPE_CurrentScope def_%current_scope 
		 3: COPY TYPE_ScopeModule def_%current_module 
		 4: 
		 5: 
		 6: GETFIELD %self->version_string def_%v_3 %self[2.0,] 
		 7: %v_3->nil? def_%v_4 %v_3[2.6,] 	 SYMBOL:	 ARGS:
		 8: BRANCH %v_4[2.7,] 
BB 3
	outgoing: 6 7 
	datadep: 
	instructions:
		 0: COPY TYPE_Nil def_%v_5 
		 1: 
		 2: %self->version def_%v_7 %self[2.0,] 	 SYMBOL:	 ARGS:
		 3: %v_7->number def_%v_8 %v_7[3.2,] 	 SYMBOL:	 ARGS:
		 4: %v_8->to_s def_%v_9 %v_8[3.3,] 	 SYMBOL:	 ARGS:
		 5: ATTRASSIGN %self->version_string %v_9[3.4,] 
		 6: 
		 7: %self->git_available? def_%v_10 %self[3.2,3.5,2.0,] 	 SYMBOL:	 ARGS:
		 8: BRANCH %v_10[3.7,] 
BB 4
	outgoing: 9 
	datadep: 
	instructions:
		 0: GETFIELD %self->version_string def_%v_6 %self[2.0,] 
		 1: RETURN %v_6[4.0,] %self[2.0,] 
BB 6
	outgoing: 8 
	datadep: 
	instructions:
		 0: GETFIELD %self->version_string def_%v_11 %self[3.5,2.0,] 
		 1: COPY TYPE_StringLiteral "-p" def_%v_12 
		 2: %self->git_revision def_%v_13 %self[3.5,2.0,] 	 SYMBOL:	 ARGS:
		 3: CONSTANT def_%v_14 
		 4: %v_13->[] def_%v_15 %v_13[6.2,] %v_14[6.3,] 	 SYMBOL:	 ARGS:%v_14,
		 5: BUILDSTRING def_%v_16 %v_12[6.1,] %v_15[6.4,] 
		 6: %v_11-><< def_%v_17 %v_11[6.0,] %v_16[6.5,] 	 SYMBOL:	 ARGS:%v_16,
		 7: 
BB 7
	outgoing: 8 
	datadep: 
	instructions:
		 0: COPY TYPE_Nil def_%v_17 
BB 8
	outgoing: 9 
	datadep: 
	instructions:
		 0: 
		 1: GETFIELD %self->version_string def_%v_18 %self[3.5,2.0,] 
		 2: RETURN %v_18[8.1,] %self[3.5,2.0,] 
BB 9
	outgoing: 
	datadep: 
	instructions:

SET IRMethod, name = git_available? instanceMethod = true
BB 1
	outgoing: 12 2 
	datadep: 
	instructions:
BB 2
	outgoing: 3 4 
	datadep: 
	instructions:
		 0: def_%self 
		 1: def_%v_0 
		 2: COPY TYPE_CurrentScope def_%current_scope 
		 3: COPY TYPE_ScopeModule def_%current_module 
		 4: 
		 5: 
		 6: GETFIELD %self->git_available def_%v_3 %self[2.0,] 
		 7: %v_3->nil? def_%v_4 %v_3[2.6,] 	 SYMBOL:	 ARGS:
		 8: BRANCH %v_4[2.7,] 
BB 3
	outgoing: 6 7 
	datadep: 
	instructions:
		 0: COPY TYPE_Nil def_%v_5 
		 1: 
		 2: %self->heroku? def_%v_7 %self[2.0,] 	 SYMBOL:	 ARGS:
		 3: BRANCH %v_7[3.2,] 
BB 4
	outgoing: 12 
	datadep: 
	instructions:
		 0: GETFIELD %self->git_available def_%v_6 %self[2.0,] 
		 1: RETURN %v_6[4.0,] %self[2.0,] 
BB 6
	outgoing: 12 
	datadep: 
	instructions:
		 0: 
		 1: ATTRASSIGN %self->git_available 
		 2: COPY TYPE_Boolean def_%v_8 
		 3: RETURN %self[6.1,2.0,] 
BB 7
	outgoing: 8 9 
	datadep: 
	instructions:
		 0: 
		 1: def_%v_9 
		 2: 
		 3: GLOBALVAR $? def_%v_10 
		 4: %v_10->success? def_%v_11 %v_10[7.3,] 	 SYMBOL:	 ARGS:
		 5: BRANCH %v_11[7.4,] 
BB 8
	outgoing: 10 
	datadep: 
	instructions:
		 0: def_%v_12 
		 1: 
BB 9
	outgoing: 10 
	datadep: 
	instructions:
		 0: COPY TYPE_Nil def_%v_12 
BB 10
	outgoing: 12 
	datadep: 
	instructions:
		 0: 
		 1: GLOBALVAR $? def_%v_13 
		 2: %v_13->success? def_%v_14 %v_13[10.1,] 	 SYMBOL:	 ARGS:
		 3: ATTRASSIGN %self->git_available %v_14[10.2,] 
		 4: RETURN %v_14[10.2,] %self[10.3,2.0,] 
BB 12
	outgoing: 
	datadep: 
	instructions:

SET IRMethod, name = git_revision instanceMethod = true
BB 1
	outgoing: 6 2 
	datadep: 
	instructions:
BB 2
	outgoing: 3 4 
	datadep: 
	instructions:
		 0: def_%self 
		 1: def_%v_0 
		 2: COPY TYPE_CurrentScope def_%current_scope 
		 3: COPY TYPE_ScopeModule def_%current_module 
		 4: 
		 5: 
		 6: %self->git_available? def_%v_3 %self[2.0,] 	 SYMBOL:	 ARGS:
		 7: BRANCH %v_3[2.6,] 
BB 3
	outgoing: 5 
	datadep: 
	instructions:
		 0: %self->get_git_info def_%v_4 %self[2.0,] 	 SYMBOL:	 ARGS:
		 1: 
BB 4
	outgoing: 5 
	datadep: 
	instructions:
		 0: COPY TYPE_Nil def_%v_4 
BB 5
	outgoing: 6 
	datadep: 
	instructions:
		 0: 
		 1: GETFIELD %self->git_revision def_%v_5 %self[2.0,] 
		 2: RETURN %v_5[5.1,] %self[2.0,] 
BB 6
	outgoing: 
	datadep: 
	instructions:

SET IRMethod, name = git_update instanceMethod = true
BB 1
	outgoing: 6 2 
	datadep: 
	instructions:
BB 2
	outgoing: 3 4 
	datadep: 
	instructions:
		 0: def_%self 
		 1: def_%v_0 
		 2: COPY TYPE_CurrentScope def_%current_scope 
		 3: COPY TYPE_ScopeModule def_%current_module 
		 4: 
		 5: 
		 6: %self->git_available? def_%v_3 %self[2.0,] 	 SYMBOL:	 ARGS:
		 7: BRANCH %v_3[2.6,] 
BB 3
	outgoing: 5 
	datadep: 
	instructions:
		 0: %self->get_git_info def_%v_4 %self[2.0,] 	 SYMBOL:	 ARGS:
		 1: 
BB 4
	outgoing: 5 
	datadep: 
	instructions:
		 0: COPY TYPE_Nil def_%v_4 
BB 5
	outgoing: 6 
	datadep: 
	instructions:
		 0: 
		 1: GETFIELD %self->git_update def_%v_5 %self[2.0,] 
		 2: RETURN %v_5[5.1,] %self[2.0,] 
BB 6
	outgoing: 
	datadep: 
	instructions:

SET IRMethod, name = rails_asset_id instanceMethod = true
BB 1
	outgoing: 5 2 
	datadep: 
	instructions:
BB 2
	outgoing: 3 4 
	datadep: 
	instructions:
		 0: def_%self 
		 1: def_%v_0 
		 2: COPY TYPE_CurrentScope def_%current_scope 
		 3: COPY TYPE_ScopeModule def_%current_module 
		 4: 
		 5: 
		 6: %self->git_revision def_%v_3 %self[2.0,] 	 SYMBOL:	 ARGS:
		 7: BRANCH %v_3[2.6,] 
BB 3
	outgoing: 4 
	datadep: 
	instructions:
		 0: %self->version def_%v_4 %self[2.0,] 	 SYMBOL:	 ARGS:
		 1: COPY TYPE_PASS def_%v_3 %v_4[3.0,] 
BB 4
	outgoing: 5 
	datadep: 
	instructions:
		 0: CONSTANT def_%v_5 
		 1: %v_3->[] def_%v_6 %v_3[3.1,2.6,] %v_5[4.0,] 	 SYMBOL:	 ARGS:%v_5,
		 2: RETURN %v_6[4.1,] %self[2.0,] 
BB 5
	outgoing: 
	datadep: 
	instructions:

SET IRMethod, name = get_redis_options instanceMethod = true
BB 1
	outgoing: 19 2 
	datadep: 
	instructions:
BB 2
	outgoing: 3 4 
	datadep: 
	instructions:
		 0: def_%self 
		 1: def_%v_0 
		 2: COPY TYPE_CurrentScope def_%current_scope 
		 3: COPY TYPE_ScopeModule def_%current_module 
		 4: 
		 5: 
		 6: %self->redistogo_url def_%v_3 %self[2.0,] 	 SYMBOL:	 ARGS:
		 7: %v_3->present? def_%v_4 %v_3[2.6,] 	 SYMBOL:	 ARGS:
		 8: BRANCH %v_4[2.7,] 
BB 3
	outgoing: 5 
	datadep: 
	instructions:
		 0: 
		 1: COPY TYPE_StringLiteral "WARNING: using the REDISTOGO_URL environment variable is deprecated, please use REDIS_URL now." def_%v_5 
		 2: %self->warn def_%v_6 %self[2.0,] %v_5[3.1,] 	 SYMBOL:	 ARGS:%v_5,
		 3: 
		 4: (ENV) def_%v_7 
		 5: COPY TYPE_StringLiteral "REDIS_URL" def_%v_8 
		 6: %self->redistogo_url def_%v_9 %self[3.2,2.0,] 	 SYMBOL:	 ARGS:
		 7: ATTRASSIGN %v_7->[] %v_8[3.5,] %v_9[3.6,] 
		 8: 
BB 4
	outgoing: 5 
	datadep: 
	instructions:
		 0: COPY TYPE_Nil def_%v_9 
BB 5
	outgoing: 6 7 
	datadep: 
	instructions:
		 0: 
		 1: HASH- def_%v_10 
		 2: COPY TYPE_PASS def_redis_options %v_10[5.1,] 
		 3: 
		 4: (ENV) def_%v_11 
		 5: COPY TYPE_StringLiteral "REDIS_URL" def_%v_12 
		 6: %v_11->[] def_%v_13 %v_11[5.4,] %v_12[5.5,] 	 SYMBOL:	 ARGS:%v_12,
		 7: BRANCH %v_13[5.6,] 
BB 6
	outgoing: 7 
	datadep: 
	instructions:
		 0: %self->environment def_%v_14 %self[2.0,] 	 SYMBOL:	 ARGS:
		 1: %v_14->redis def_%v_15 %v_14[6.0,] 	 SYMBOL:	 ARGS:
		 2: %v_15->get def_%v_16 %v_15[6.1,] 	 SYMBOL:	 ARGS:
		 3: COPY TYPE_PASS def_%v_13 %v_16[6.2,] 
BB 7
	outgoing: 8 9 
	datadep: 
	instructions:
		 0: COPY TYPE_PASS def_redis_url %v_13[6.3,5.6,] 
		 1: 
		 2: (ENV) def_%v_17 
		 3: COPY TYPE_StringLiteral "RAILS_ENV" def_%v_18 
		 4: %v_17->[] def_%v_19 %v_17[7.2,] %v_18[7.3,] 	 SYMBOL:	 ARGS:%v_18,
		 5: COPY TYPE_StringLiteral "integration2" def_%v_20 
		 6: %v_19->== def_%v_21 %v_19[7.4,] %v_20[7.5,] 	 SYMBOL:	 ARGS:%v_20,
		 7: BRANCH %v_21[7.6,] 
BB 8
	outgoing: 18 
	datadep: 
	instructions:
		 0: 
		 1: COPY TYPE_StringLiteral "redis://localhost:6380" def_%v_22 
		 2: ATTRASSIGN redis_options->[] %v_22[8.1,] 
		 3: 
BB 9
	outgoing: 10 16 
	datadep: 
	instructions:
		 0: 
		 1: redis_url->present? def_%v_23 redis_url[7.0,] 	 SYMBOL:	 ARGS:
		 2: BRANCH %v_23[9.1,] 
BB 10
	outgoing: 11 12 
	datadep: 
	instructions:
		 0: 
		 1: COPY TYPE_StringLiteral "redis://" def_%v_24 
		 2: redis_url->start_with? def_%v_25 redis_url[7.0,] %v_24[10.1,] 	 SYMBOL:	 ARGS:%v_24,
		 3: BRANCH %v_25[10.2,] 
BB 11
	outgoing: 12 
	datadep: 
	instructions:
		 0: COPY TYPE_StringLiteral "unix:///" def_%v_26 
		 1: redis_url->start_with? def_%v_27 redis_url[7.0,] %v_26[11.0,] 	 SYMBOL:	 ARGS:%v_26,
		 2: COPY TYPE_PASS def_%v_25 %v_27[11.1,] 
BB 12
	outgoing: 13 14 
	datadep: 
	instructions:
		 0: BRANCH %v_25[11.2,10.2,] 
BB 13
	outgoing: 15 
	datadep: 
	instructions:
		 0: COPY TYPE_Nil def_%v_28 
		 1: 
BB 14
	outgoing: 15 
	datadep: 
	instructions:
		 0: 
		 1: COPY TYPE_StringLiteral "WARNING: Your redis url (" def_%v_29 
		 2: COPY TYPE_StringLiteral ") doesn't start with redis:// or unix:///" def_%v_30 
		 3: BUILDSTRING def_%v_31 %v_29[14.1,] redis_url[7.0,] %v_30[14.2,] 
		 4: %self->warn def_%v_32 %self[2.0,] %v_31[14.3,] 	 SYMBOL:	 ARGS:%v_31,
		 5: COPY TYPE_PASS def_%v_28 %v_32[14.4,] 
BB 15
	outgoing: 17 
	datadep: 
	instructions:
		 0: 
		 1: ATTRASSIGN redis_options->[] redis_url[7.0,] 
		 2: COPY TYPE_PASS def_%v_33 redis_url[7.0,] 
		 3: 
BB 16
	outgoing: 17 
	datadep: 
	instructions:
		 0: COPY TYPE_Nil def_%v_33 
BB 17
	outgoing: 18 
	datadep: 
	instructions:
		 0: COPY TYPE_PASS def_%v_22 %v_33[16.0,15.2,] 
BB 18
	outgoing: 19 
	datadep: 
	instructions:
		 0: 
		 1: RETURN redis_options[8.2,15.1,5.2,] %self[2.0,] 
BB 19
	outgoing: 
	datadep: 
	instructions:

SET IRMethod, name = sidekiq_log instanceMethod = true
BB 1
	outgoing: 6 2 
	datadep: 
	instructions:
BB 2
	outgoing: 3 4 
	datadep: 
	instructions:
		 0: def_%self 
		 1: def_%v_0 
		 2: COPY TYPE_CurrentScope def_%current_scope 
		 3: COPY TYPE_ScopeModule def_%current_module 
		 4: 
		 5: 
		 6: (Pathname) def_%v_3 
		 7: %self->environment def_%v_4 %self[2.0,] 	 SYMBOL:	 ARGS:
		 8: %v_4->sidekiq def_%v_5 %v_4[2.7,] 	 SYMBOL:	 ARGS:
		 9: %v_5->log def_%v_6 %v_5[2.8,] 	 SYMBOL:	 ARGS:
		 10: %v_6->get def_%v_7 %v_6[2.9,] 	 SYMBOL:	 ARGS:
		 11: %v_3->new def_%v_8 %v_3[2.6,] %v_7[2.10,] 	 SYMBOL:	 ARGS:%v_7,
		 12: COPY TYPE_PASS def_path %v_8[2.11,] 
		 13: 
		 14: %v_8->absolute? def_%v_9 %v_8[2.11,] 	 SYMBOL:	 ARGS:
		 15: BRANCH %v_9[2.14,] 
BB 3
	outgoing: 5 
	datadep: 
	instructions:
		 0: COPY TYPE_Nil def_%v_10 
		 1: 
BB 4
	outgoing: 5 
	datadep: 
	instructions:
		 0: (Rails) def_%v_11 
		 1: %v_11->root def_%v_12 %v_11[4.0,] 	 SYMBOL:	 ARGS:
		 2: %v_12->join def_%v_13 %v_12[4.1,] path[2.12,] 	 SYMBOL:	 ARGS:path,
		 3: COPY TYPE_PASS def_path %v_13[4.2,] 
		 4: COPY TYPE_PASS def_%v_10 %v_13[4.2,] 
BB 5
	outgoing: 6 
	datadep: 
	instructions:
		 0: 
		 1: path->to_s def_%v_14 path[4.3,2.12,] 	 SYMBOL:	 ARGS:
		 2: RETURN %v_14[5.1,] %self[2.0,] 
BB 6
	outgoing: 
	datadep: 
	instructions:

SET IRMethod, name = postgres? instanceMethod = true
BB 1
	outgoing: 5 2 
	datadep: 
	instructions:
BB 2
	outgoing: 3 4 
	datadep: 
	instructions:
		 0: def_%self 
		 1: def_%v_0 
		 2: COPY TYPE_CurrentScope def_%current_scope 
		 3: COPY TYPE_ScopeModule def_%current_module 
		 4: 
		 5: 
		 6: (ActiveRecord) def_%v_3 
		 7: (inherit Base) def_%v_4 %v_3[2.6,] 
		 8: %v_4[2.7,] 
BB 3
	outgoing: 4 
	datadep: 
	instructions:
		 0: %v_3->const_missing def_%v_4 %v_3[2.6,] 	 SYMBOL:Base,	 ARGS:Symbol,
BB 4
	outgoing: 5 
	datadep: 
	instructions:
		 0: %v_4->connection def_%v_5 %v_4[3.0,2.7,] 	 SYMBOL:	 ARGS:
		 1: %v_5->adapter_name def_%v_6 %v_5[4.0,] 	 SYMBOL:	 ARGS:
		 2: COPY TYPE_StringLiteral "PostgreSQL" def_%v_7 
		 3: %v_6->== def_%v_8 %v_6[4.1,] %v_7[4.2,] 	 SYMBOL:	 ARGS:%v_7,
		 4: RETURN %v_8[4.3,] %self[2.0,] 
BB 5
	outgoing: 
	datadep: 
	instructions:

SET IRMethod, name = mysql? instanceMethod = true
BB 1
	outgoing: 5 2 
	datadep: 
	instructions:
BB 2
	outgoing: 3 4 
	datadep: 
	instructions:
		 0: def_%self 
		 1: def_%v_0 
		 2: COPY TYPE_CurrentScope def_%current_scope 
		 3: COPY TYPE_ScopeModule def_%current_module 
		 4: 
		 5: 
		 6: (ActiveRecord) def_%v_3 
		 7: (inherit Base) def_%v_4 %v_3[2.6,] 
		 8: %v_4[2.7,] 
BB 3
	outgoing: 4 
	datadep: 
	instructions:
		 0: %v_3->const_missing def_%v_4 %v_3[2.6,] 	 SYMBOL:Base,	 ARGS:Symbol,
BB 4
	outgoing: 5 
	datadep: 
	instructions:
		 0: %v_4->connection def_%v_5 %v_4[3.0,2.7,] 	 SYMBOL:	 ARGS:
		 1: %v_5->adapter_name def_%v_6 %v_5[4.0,] 	 SYMBOL:	 ARGS:
		 2: COPY TYPE_StringLiteral "Mysql2" def_%v_7 
		 3: %v_6->== def_%v_8 %v_6[4.1,] %v_7[4.2,] 	 SYMBOL:	 ARGS:%v_7,
		 4: RETURN %v_8[4.3,] %self[2.0,] 
BB 5
	outgoing: 
	datadep: 
	instructions:

SET IRMethod, name = bitcoin_donation_address instanceMethod = true
BB 1
	outgoing: 9 2 
	datadep: 
	instructions:
BB 2
	outgoing: 3 4 
	datadep: 
	instructions:
		 0: def_%self 
		 1: def_%v_0 
		 2: COPY TYPE_CurrentScope def_%current_scope 
		 3: COPY TYPE_ScopeModule def_%current_module 
		 4: 
		 5: 
		 6: (AppConfig) def_%v_3 
		 7: %v_3->settings def_%v_4 %v_3[2.6,] 	 SYMBOL:	 ARGS:
		 8: %v_4->bitcoin_wallet_id def_%v_5 %v_4[2.7,] 	 SYMBOL:	 ARGS:
		 9: %v_5->present? def_%v_6 %v_5[2.8,] 	 SYMBOL:	 ARGS:
		 10: BRANCH %v_6[2.9,] 
BB 3
	outgoing: 9 
	datadep: 
	instructions:
		 0: 
		 1: COPY TYPE_StringLiteral "WARNING: bitcoin_wallet_id is now bitcoin_address. Change in diaspora.yml." def_%v_7 
		 2: %self->warn def_%v_8 %self[2.0,] %v_7[3.1,] 	 SYMBOL:	 ARGS:%v_7,
		 3: 
		 4: (AppConfig) def_%v_9 
		 5: %v_9->settings def_%v_10 %v_9[3.4,] 	 SYMBOL:	 ARGS:
		 6: %v_10->bitcoin_wallet_id def_%v_11 %v_10[3.5,] 	 SYMBOL:	 ARGS:
		 7: RETURN %v_11[3.6,] %self[3.2,2.0,] 
BB 4
	outgoing: 6 7 
	datadep: 
	instructions:
		 0: COPY TYPE_Nil def_%v_12 
		 1: 
		 2: (AppConfig) def_%v_13 
		 3: %v_13->settings def_%v_14 %v_13[4.2,] 	 SYMBOL:	 ARGS:
		 4: %v_14->bitcoin_address def_%v_15 %v_14[4.3,] 	 SYMBOL:	 ARGS:
		 5: %v_15->present? def_%v_16 %v_15[4.4,] 	 SYMBOL:	 ARGS:
		 6: BRANCH %v_16[4.5,] 
BB 6
	outgoing: 9 
	datadep: 
	instructions:
		 0: 
		 1: (AppConfig) def_%v_17 
		 2: %v_17->settings def_%v_18 %v_17[6.1,] 	 SYMBOL:	 ARGS:
		 3: %v_18->bitcoin_address def_%v_19 %v_18[6.2,] 	 SYMBOL:	 ARGS:
		 4: RETURN %v_19[6.3,] %self[2.0,] 
BB 7
	outgoing: 9 
	datadep: 
	instructions:
		 0: RETURN %self[2.0,] 
BB 9
	outgoing: 
	datadep: 
	instructions:

SET IRMethod, name = get_git_info instanceMethod = true
BB 1
	outgoing: 11 2 
	datadep: 
	instructions:
BB 2
	outgoing: 3 4 
	datadep: 
	instructions:
		 0: def_%self 
		 1: def_%v_0 
		 2: COPY TYPE_CurrentScope def_%current_scope 
		 3: COPY TYPE_ScopeModule def_%current_module 
		 4: 
		 5: 
		 6: %self->git_info_present? def_%v_3 %self[2.0,] 	 SYMBOL:	 ARGS:
		 7: BRANCH %v_3[2.6,] 
BB 3
	outgoing: 4 
	datadep: 
	instructions:
		 0: %self->git_available? def_%v_4 %self[2.0,] 	 SYMBOL:	 ARGS:
		 1: %v_4->! def_%v_5 %v_4[3.0,] 	 SYMBOL:	 ARGS:
		 2: COPY TYPE_PASS def_%v_3 %v_5[3.1,] 
BB 4
	outgoing: 5 6 
	datadep: 
	instructions:
		 0: BRANCH %v_3[3.2,2.6,] 
BB 5
	outgoing: 11 
	datadep: 
	instructions:
		 0: RETURN %self[2.0,] 
BB 6
	outgoing: 8 9 
	datadep: 
	instructions:
		 0: COPY TYPE_Nil def_%v_6 
		 1: 
		 2: def_%v_7 
		 3: COPY TYPE_PASS def_git_cmd %v_7[6.2,] 
		 4: 
		 5: COPY TYPE_Regexp def_%v_8 
		 6: %v_7->=~ def_%v_9 %v_7[6.2,] 	 SYMBOL:	 ARGS:%v_8,
		 7: BRANCH %v_9[6.6,] 
BB 8
	outgoing: 11 
	datadep: 
	instructions:
		 0: 
		 1: COPY TYPE_NthRef def_%v_10 
		 2: ATTRASSIGN %self->git_revision %v_10[8.1,] 
		 3: 
		 4: COPY TYPE_NthRef def_%v_11 
		 5: %v_11->strip def_%v_12 %v_11[8.4,] 	 SYMBOL:	 ARGS:
		 6: ATTRASSIGN %self->git_update %v_12[8.5,] 
		 7: RETURN %v_12[8.5,] %self[8.2,8.6,2.0,] 
BB 9
	outgoing: 11 
	datadep: 
	instructions:
		 0: RETURN %self[2.0,] 
BB 11
	outgoing: 
	datadep: 
	instructions:

SET IRMethod, name = git_info_present? instanceMethod = true
BB 1
	outgoing: 5 2 
	datadep: 
	instructions:
BB 2
	outgoing: 3 4 
	datadep: 
	instructions:
		 0: def_%self 
		 1: def_%v_0 
		 2: COPY TYPE_CurrentScope def_%current_scope 
		 3: COPY TYPE_ScopeModule def_%current_module 
		 4: 
		 5: 
		 6: GETFIELD %self->git_revision def_%v_3 %self[2.0,] 
		 7: BRANCH %v_3[2.6,] 
BB 3
	outgoing: 5 
	datadep: 
	instructions:
		 0: GETFIELD %self->git_update def_%v_4 %self[2.0,] 
		 1: RETURN %v_4[3.0,] %self[2.0,] 
BB 4
	outgoing: 5 
	datadep: 
	instructions:
		 0: RETURN %v_3[2.6,] %self[2.0,] 
BB 5
	outgoing: 
	datadep: 
	instructions:

