SET IRMethod, name = encrypt instanceMethod = true
BB 1
	outgoing: 3 2 
	datadep: 
	instructions:
BB 2
	outgoing: 3 
	datadep: 
	instructions:
		 0: def_%self 
		 1: def_%v_0 
		 2: COPY TYPE_CurrentScope def_%current_scope 
		 3: COPY TYPE_ScopeModule def_%current_module 
		 4: 
		 5: RECEIVEARG def_cleartext 
		 6: 
		 7: %self->gen_aes_key def_%v_3 %self[2.0,] 	 SYMBOL:	 ARGS:
		 8: COPY TYPE_PASS def_aes_key %v_3[2.7,] 
		 9: 
		 10: %self->aes_encrypt def_%v_4 %self[2.0,2.7,] cleartext[2.5,] %v_3[2.7,] 	 SYMBOL:	 ARGS:cleartext,aes_key,
		 11: COPY TYPE_PASS def_ciphertext %v_4[2.10,] 
		 12: 
		 13: %self->encrypt_aes_key def_%v_5 %self[2.0,2.7,2.10,] aes_key[2.8,] 	 SYMBOL:	 ARGS:aes_key,
		 14: COPY TYPE_PASS def_encrypted_key %v_5[2.13,] 
		 15: 
		 16: HASH-aes_key-ciphertext- def_%v_6 %v_5[2.13,] ciphertext[2.11,] 
		 17: COPY TYPE_PASS def_cipher_hash %v_6[2.16,] 
		 18: 
		 19: (Base64) def_%v_7 
		 20: %v_6->to_json def_%v_8 %v_6[2.16,] 	 SYMBOL:	 ARGS:
		 21: %v_7->strict_encode64 def_%v_9 %v_7[2.19,] %v_8[2.20,] 	 SYMBOL:	 ARGS:%v_8,
		 22: RETURN %v_9[2.21,] %self[2.0,2.7,2.10,2.13,] 
BB 3
	outgoing: 
	datadep: 
	instructions:

SET IRMethod, name = gen_aes_key instanceMethod = true
BB 1
	outgoing: 5 2 
	datadep: 
	instructions:
BB 2
	outgoing: 3 4 
	datadep: 
	instructions:
		 0: def_%self 
		 1: def_%v_0 
		 2: COPY TYPE_CurrentScope def_%current_scope 
		 3: COPY TYPE_ScopeModule def_%current_module 
		 4: 
		 5: 
		 6: (OpenSSL) def_%v_3 
		 7: (inherit Cipher) def_%v_4 %v_3[2.6,] 
		 8: %v_4[2.7,] 
BB 3
	outgoing: 4 
	datadep: 
	instructions:
		 0: %v_3->const_missing def_%v_4 %v_3[2.6,] 	 SYMBOL:Cipher,	 ARGS:Symbol,
BB 4
	outgoing: 5 
	datadep: 
	instructions:
		 0: COPY TYPE_StringLiteral "AES-256-CBC" def_%v_5 
		 1: %v_4->new def_%v_6 %v_4[3.0,2.7,] %v_5[4.0,] 	 SYMBOL:	 ARGS:%v_5,
		 2: COPY TYPE_PASS def_cipher %v_6[4.1,] 
		 3: 
		 4: %v_6->random_key def_%v_7 %v_6[4.1,] 	 SYMBOL:	 ARGS:
		 5: COPY TYPE_PASS def_key %v_7[4.4,] 
		 6: 
		 7: cipher->random_iv def_%v_8 cipher[4.2,] 	 SYMBOL:	 ARGS:
		 8: COPY TYPE_PASS def_iv %v_8[4.7,] 
		 9: 
		 10: COPY TYPE_StringLiteral "key" def_%v_9 
		 11: (Base64) def_%v_10 
		 12: %v_10->strict_encode64 def_%v_11 %v_10[4.11,] key[4.5,] 	 SYMBOL:	 ARGS:key,
		 13: COPY TYPE_StringLiteral "iv" def_%v_12 
		 14: (Base64) def_%v_13 
		 15: %v_13->strict_encode64 def_%v_14 %v_13[4.14,] iv[4.8,] 	 SYMBOL:	 ARGS:iv,
		 16: HASH- def_%v_15 %v_9[4.10,] %v_11[4.12,] %v_12[4.13,] %v_14[4.15,] 
		 17: RETURN %v_15[4.16,] %self[2.0,] 
BB 5
	outgoing: 
	datadep: 
	instructions:

SET IRMethod, name = aes_encrypt instanceMethod = true
BB 1
	outgoing: 5 2 
	datadep: 
	instructions:
BB 2
	outgoing: 3 4 
	datadep: 
	instructions:
		 0: def_%self 
		 1: def_%v_0 
		 2: COPY TYPE_CurrentScope def_%current_scope 
		 3: COPY TYPE_ScopeModule def_%current_module 
		 4: 
		 5: RECEIVEARG def_txt 
		 6: RECEIVEARG def_key 
		 7: 
		 8: (OpenSSL) def_%v_3 
		 9: (inherit Cipher) def_%v_4 %v_3[2.8,] 
		 10: %v_4[2.9,] 
BB 3
	outgoing: 4 
	datadep: 
	instructions:
		 0: %v_3->const_missing def_%v_4 %v_3[2.8,] 	 SYMBOL:Cipher,	 ARGS:Symbol,
BB 4
	outgoing: 5 
	datadep: 
	instructions:
		 0: COPY TYPE_StringLiteral "AES-256-CBC" def_%v_5 
		 1: %v_4->new def_%v_6 %v_4[3.0,2.9,] %v_5[4.0,] 	 SYMBOL:	 ARGS:%v_5,
		 2: COPY TYPE_PASS def_cipher %v_6[4.1,] 
		 3: 
		 4: %v_6->encrypt def_%v_7 %v_6[4.1,] 	 SYMBOL:	 ARGS:
		 5: 
		 6: (Base64) def_%v_8 
		 7: COPY TYPE_StringLiteral "key" def_%v_9 
		 8: key->[] def_%v_10 key[2.6,] %v_9[4.7,] 	 SYMBOL:	 ARGS:%v_9,
		 9: %v_8->decode64 def_%v_11 %v_8[4.6,] %v_10[4.8,] 	 SYMBOL:	 ARGS:%v_10,
		 10: ATTRASSIGN cipher->key %v_11[4.9,] 
		 11: 
		 12: (Base64) def_%v_12 
		 13: COPY TYPE_StringLiteral "iv" def_%v_13 
		 14: key->[] def_%v_14 key[4.8,2.6,] %v_13[4.13,] 	 SYMBOL:	 ARGS:%v_13,
		 15: %v_12->decode64 def_%v_15 %v_12[4.12,] %v_14[4.14,] 	 SYMBOL:	 ARGS:%v_14,
		 16: ATTRASSIGN cipher->iv %v_15[4.15,] 
		 17: 
		 18: COPY TYPE_StringLiteral "" def_%v_16 
		 19: COPY TYPE_PASS def_ciphertext %v_16[4.18,] 
		 20: 
		 21: cipher->update def_%v_17 cipher[4.2,4.10,4.16,] txt[2.5,] 	 SYMBOL:	 ARGS:txt,
		 22: ciphertext-><< def_%v_18 ciphertext[4.19,] %v_17[4.21,] 	 SYMBOL:	 ARGS:%v_17,
		 23: 
		 24: cipher->final def_%v_19 cipher[4.2,4.10,4.16,4.21,] 	 SYMBOL:	 ARGS:
		 25: ciphertext-><< def_%v_20 ciphertext[4.19,4.22,] %v_19[4.24,] 	 SYMBOL:	 ARGS:%v_19,
		 26: 
		 27: (Base64) def_%v_21 
		 28: %v_21->strict_encode64 def_%v_22 %v_21[4.27,] ciphertext[4.19,4.22,4.25,] 	 SYMBOL:	 ARGS:ciphertext,
		 29: RETURN %v_22[4.28,] %self[2.0,] 
BB 5
	outgoing: 
	datadep: 
	instructions:

SET IRMethod, name = encrypt_aes_key instanceMethod = true
BB 1
	outgoing: 3 2 
	datadep: 
	instructions:
BB 2
	outgoing: 3 
	datadep: 
	instructions:
		 0: def_%self 
		 1: def_%v_0 
		 2: COPY TYPE_CurrentScope def_%current_scope 
		 3: COPY TYPE_ScopeModule def_%current_module 
		 4: 
		 5: RECEIVEARG def_key 
		 6: 
		 7: (Base64) def_%v_3 
		 8: %self->public_key def_%v_4 %self[2.0,] 	 SYMBOL:	 ARGS:
		 9: key->to_json def_%v_5 key[2.5,] 	 SYMBOL:	 ARGS:
		 10: %v_4->public_encrypt def_%v_6 %v_4[2.8,] %v_5[2.9,] 	 SYMBOL:	 ARGS:%v_5,
		 11: %v_3->strict_encode64 def_%v_7 %v_3[2.7,] %v_6[2.10,] 	 SYMBOL:	 ARGS:%v_6,
		 12: RETURN %v_7[2.11,] %self[2.0,2.8,] 
BB 3
	outgoing: 
	datadep: 
	instructions:

SET IRMethod, name = decrypt instanceMethod = true
BB 1
	outgoing: 3 2 
	datadep: 
	instructions:
BB 2
	outgoing: 3 
	datadep: 
	instructions:
		 0: def_%self 
		 1: def_%v_0 
		 2: COPY TYPE_CurrentScope def_%current_scope 
		 3: COPY TYPE_ScopeModule def_%current_module 
		 4: 
		 5: RECEIVEARG def_cipher_json 
		 6: 
		 7: (JSON) def_%v_3 
		 8: (Base64) def_%v_4 
		 9: %v_4->decode64 def_%v_5 %v_4[2.8,] cipher_json[2.5,] 	 SYMBOL:	 ARGS:cipher_json,
		 10: %v_3->parse def_%v_6 %v_3[2.7,] %v_5[2.9,] 	 SYMBOL:	 ARGS:%v_5,
		 11: COPY TYPE_PASS def_json %v_6[2.10,] 
		 12: 
		 13: COPY TYPE_StringLiteral "aes_key" def_%v_7 
		 14: %v_6->[] def_%v_8 %v_6[2.10,] %v_7[2.13,] 	 SYMBOL:	 ARGS:%v_7,
		 15: %self->get_aes_key def_%v_9 %self[2.0,] %v_8[2.14,] 	 SYMBOL:	 ARGS:%v_8,
		 16: COPY TYPE_PASS def_aes_key %v_9[2.15,] 
		 17: 
		 18: COPY TYPE_StringLiteral "ciphertext" def_%v_10 
		 19: json->[] def_%v_11 json[2.11,] %v_10[2.18,] 	 SYMBOL:	 ARGS:%v_10,
		 20: %self->aes_decrypt def_%v_12 %self[2.0,2.15,] %v_11[2.19,] aes_key[2.16,] 	 SYMBOL:	 ARGS:%v_11,aes_key,
		 21: RETURN %v_12[2.20,] %self[2.0,2.15,2.20,] 
BB 3
	outgoing: 
	datadep: 
	instructions:

SET IRMethod, name = get_aes_key instanceMethod = true
BB 1
	outgoing: 3 2 
	datadep: 
	instructions:
BB 2
	outgoing: 3 
	datadep: 
	instructions:
		 0: def_%self 
		 1: def_%v_0 
		 2: COPY TYPE_CurrentScope def_%current_scope 
		 3: COPY TYPE_ScopeModule def_%current_module 
		 4: 
		 5: RECEIVEARG def_encrypted_key 
		 6: 
		 7: %self->encryption_key def_%v_3 %self[2.0,] 	 SYMBOL:	 ARGS:
		 8: (Base64) def_%v_4 
		 9: %v_4->decode64 def_%v_5 %v_4[2.8,] encrypted_key[2.5,] 	 SYMBOL:	 ARGS:encrypted_key,
		 10: %v_3->private_decrypt def_%v_6 %v_3[2.7,] %v_5[2.9,] 	 SYMBOL:	 ARGS:%v_5,
		 11: COPY TYPE_PASS def_clear_key %v_6[2.10,] 
		 12: 
		 13: (JSON) def_%v_7 
		 14: %v_7->parse def_%v_8 %v_7[2.13,] %v_6[2.10,] 	 SYMBOL:	 ARGS:clear_key,
		 15: RETURN %v_8[2.14,] %self[2.0,2.7,] 
BB 3
	outgoing: 
	datadep: 
	instructions:

SET IRMethod, name = aes_decrypt instanceMethod = true
BB 1
	outgoing: 5 2 
	datadep: 
	instructions:
BB 2
	outgoing: 3 4 
	datadep: 
	instructions:
		 0: def_%self 
		 1: def_%v_0 
		 2: COPY TYPE_CurrentScope def_%current_scope 
		 3: COPY TYPE_ScopeModule def_%current_module 
		 4: 
		 5: RECEIVEARG def_ciphertext 
		 6: RECEIVEARG def_key 
		 7: 
		 8: (OpenSSL) def_%v_3 
		 9: (inherit Cipher) def_%v_4 %v_3[2.8,] 
		 10: %v_4[2.9,] 
BB 3
	outgoing: 4 
	datadep: 
	instructions:
		 0: %v_3->const_missing def_%v_4 %v_3[2.8,] 	 SYMBOL:Cipher,	 ARGS:Symbol,
BB 4
	outgoing: 5 
	datadep: 
	instructions:
		 0: COPY TYPE_StringLiteral "AES-256-CBC" def_%v_5 
		 1: %v_4->new def_%v_6 %v_4[3.0,2.9,] %v_5[4.0,] 	 SYMBOL:	 ARGS:%v_5,
		 2: COPY TYPE_PASS def_cipher %v_6[4.1,] 
		 3: 
		 4: %v_6->decrypt def_%v_7 %v_6[4.1,] 	 SYMBOL:	 ARGS:
		 5: 
		 6: (Base64) def_%v_8 
		 7: COPY TYPE_StringLiteral "key" def_%v_9 
		 8: key->[] def_%v_10 key[2.6,] %v_9[4.7,] 	 SYMBOL:	 ARGS:%v_9,
		 9: %v_8->decode64 def_%v_11 %v_8[4.6,] %v_10[4.8,] 	 SYMBOL:	 ARGS:%v_10,
		 10: ATTRASSIGN cipher->key %v_11[4.9,] 
		 11: 
		 12: (Base64) def_%v_12 
		 13: COPY TYPE_StringLiteral "iv" def_%v_13 
		 14: key->[] def_%v_14 key[4.8,2.6,] %v_13[4.13,] 	 SYMBOL:	 ARGS:%v_13,
		 15: %v_12->decode64 def_%v_15 %v_12[4.12,] %v_14[4.14,] 	 SYMBOL:	 ARGS:%v_14,
		 16: ATTRASSIGN cipher->iv %v_15[4.15,] 
		 17: 
		 18: COPY TYPE_StringLiteral "" def_%v_16 
		 19: COPY TYPE_PASS def_txt %v_16[4.18,] 
		 20: 
		 21: (Base64) def_%v_17 
		 22: %v_17->decode64 def_%v_18 %v_17[4.21,] ciphertext[2.5,] 	 SYMBOL:	 ARGS:ciphertext,
		 23: cipher->update def_%v_19 cipher[4.2,4.10,4.16,] %v_18[4.22,] 	 SYMBOL:	 ARGS:%v_18,
		 24: txt-><< def_%v_20 txt[4.19,] %v_19[4.23,] 	 SYMBOL:	 ARGS:%v_19,
		 25: 
		 26: cipher->final def_%v_21 cipher[4.2,4.10,4.16,4.23,] 	 SYMBOL:	 ARGS:
		 27: txt-><< def_%v_22 txt[4.19,4.24,] %v_21[4.26,] 	 SYMBOL:	 ARGS:%v_21,
		 28: 
		 29: RETURN txt[4.19,4.24,4.27,] %self[2.0,] 
BB 5
	outgoing: 
	datadep: 
	instructions:

