SET IRMethod, name = initialize instanceMethod = true
BB 1
	outgoing: 5 2 
	datadep: 
	instructions:
BB 2
	outgoing: 3 4 
	datadep: 
	instructions:
		 0: def_%self 
		 1: def_%v_0 
		 2: COPY TYPE_CurrentScope def_%current_scope 
		 3: COPY TYPE_ScopeModule def_%current_module 
		 4: 
		 5: RECEIVECONSTARG def_options 
		 6: options[2.5,] 
BB 3
	outgoing: 4 
	datadep: 
	instructions:
		 0: HASH- def_%v_3 
		 1: COPY TYPE_PASS def_options %v_3[3.0,] 
BB 4
	outgoing: 5 
	datadep: 
	instructions:
		 0: 
		 1: COPY TYPE_Array def_%v_4 
		 2: options->fetch def_%v_5 options[3.1,2.5,] %v_4[4.1,] 	 SYMBOL:codes,	 ARGS:Symbol,%v_4,
		 3: ATTRASSIGN %self->codes %v_5[4.2,] 
		 4: 
		 5: COPY TYPE_StringLiteral "public/%s.html" def_%v_6 
		 6: options->fetch def_%v_7 options[4.2,3.1,2.5,] %v_6[4.5,] 	 SYMBOL:output,	 ARGS:Symbol,%v_6,
		 7: ATTRASSIGN %self->output %v_7[4.6,] 
		 8: 
		 9: HASH- def_%v_8 
		 10: options->fetch def_%v_9 options[4.2,4.6,3.1,2.5,] %v_8[4.9,] 	 SYMBOL:vars,	 ARGS:Symbol,%v_8,
		 11: ATTRASSIGN %self->vars %v_9[4.10,] 
		 12: 
		 13: COPY TYPE_StringLiteral "errors/error_%s" def_%v_10 
		 14: options->fetch def_%v_11 options[4.2,4.6,4.10,3.1,2.5,] %v_10[4.13,] 	 SYMBOL:template,	 ARGS:Symbol,%v_10,
		 15: ATTRASSIGN %self->template %v_11[4.14,] 
		 16: 
		 17: COPY TYPE_StringLiteral "layouts/error_page" def_%v_12 
		 18: options->fetch def_%v_13 options[4.2,4.6,4.10,4.14,3.1,2.5,] %v_12[4.17,] 	 SYMBOL:layout,	 ARGS:Symbol,%v_12,
		 19: ATTRASSIGN %self->layout %v_13[4.18,] 
		 20: RETURN %v_13[4.18,] %self[4.3,4.7,4.11,4.15,4.19,2.0,] 
BB 5
	outgoing: 
	datadep: 
	instructions:

SET IRMethod, name = render instanceMethod = true
BB 1
	outgoing: 3 2 
	datadep: 
	instructions:
BB 2
	outgoing: 3 
	datadep: 
	instructions:
		 0: def_%self 
		 1: def_%v_0 
		 2: COPY TYPE_CurrentScope def_%current_scope 
		 3: COPY TYPE_ScopeModule def_%current_module 
		 4: 
		 5: 
		 6: GETFIELD %self->codes def_%v_3 %self[2.0,] 
		 7: %v_3->each def_%v_4 %v_3[2.6,] %self[2.0,] 	 SYMBOL:	 ARGS:%v_3,
CLOSURE BEGIN: %self[2.0,] code[] view[] path[] 
BB 1
	outgoing: 6 2 
	datadep: 
	instructions:
BB 2
	outgoing: 3 
	datadep: 
	instructions:
		 0: def_%self 
		 1: def_%cl_1_0 
		 2: RECEIVEARG def_code 
		 3: COPY TYPE_CurrentScope def_%current_scope 
		 4: COPY TYPE_ScopeModule def_%current_module 
BB 3
	outgoing: 4 6 
	datadep: 
	instructions:
		 0: 
		 1: %self->build_action_view def_%cl_1_3 %self[2.0,] 	 SYMBOL:	 ARGS:
		 2: COPY TYPE_PASS def_view %cl_1_3[3.1,] 
		 3: 
		 4: GETFIELD %self->vars def_%cl_1_4 %self[3.1,2.0,] 
		 5: HASH-code- def_%cl_1_5 code[2.2,] 
		 6: %cl_1_4->merge def_%cl_1_6 %cl_1_4[3.4,] %cl_1_5[3.5,] 	 SYMBOL:	 ARGS:%cl_1_5,
		 7: view->assign def_%cl_1_7 view[3.2,] %cl_1_6[3.6,] 	 SYMBOL:	 ARGS:%cl_1_6,
		 8: 
		 9: (Rails) def_%cl_1_8 
		 10: %cl_1_8->root def_%cl_1_9 %cl_1_8[3.9,] 	 SYMBOL:	 ARGS:
		 11: GETFIELD %self->output def_%cl_1_10 %self[3.1,2.0,] 
		 12: %cl_1_10->% def_%cl_1_11 %cl_1_10[3.11,] code[2.2,] 	 SYMBOL:	 ARGS:code,
		 13: %cl_1_9->join def_%cl_1_12 %cl_1_9[3.10,] %cl_1_11[3.12,] 	 SYMBOL:	 ARGS:%cl_1_11,
		 14: COPY TYPE_PASS def_path %cl_1_12[3.13,] 
		 15: 
		 16: (File) def_%cl_1_13 
		 17: GETFIELD %self->template def_%cl_1_14 %self[3.1,2.0,] 
		 18: %cl_1_14->% def_%cl_1_15 %cl_1_14[3.17,] code[2.2,] 	 SYMBOL:	 ARGS:code,
		 19: GETFIELD %self->layout def_%cl_1_16 %self[3.1,2.0,] 
		 20: HASH-template-layout- def_%cl_1_17 %cl_1_15[3.18,] %cl_1_16[3.19,] 
		 21: view->render def_%cl_1_18 view[3.2,3.7,] %cl_1_17[3.20,] 	 SYMBOL:	 ARGS:%cl_1_17,
		 22: %cl_1_13->write def_%cl_1_19 %cl_1_13[3.16,] path[3.14,] %cl_1_18[3.21,] 	 SYMBOL:	 ARGS:path,%cl_1_18,
		 23: RETURN %cl_1_19[3.22,] %self[3.1,2.0,] 
BB 4
	outgoing: 6 
	datadep: 
	instructions:
		 0: def_%cl_1_20 
		 1: def_%cl_1_21 %cl_1_20[4.0,] 
		 2: RETURN %cl_1_21[4.1,] %self[2.0,] 
BB 6
	outgoing: 
	datadep: 
	instructions:
CLOSURE END: path[3.14,] view[3.2,] 
		 8: RETURN %v_4[2.7,] %self[2.0,] 
BB 3
	outgoing: 
	datadep: 
	instructions:

SET IRMethod, name = helpers instanceMethod = true
BB 1
	outgoing: 3 2 
	datadep: 
	instructions:
BB 2
	outgoing: 3 
	datadep: 
	instructions:
		 0: def_%self 
		 1: def_%v_0 
		 2: COPY TYPE_CurrentScope def_%current_scope 
		 3: COPY TYPE_ScopeModule def_%current_module 
		 4: 
		 5: def_%v_3 
		 6: def_block %v_3[2.5,] 
		 7: 
		 8: ATTRASSIGN %self->helpers block[2.6,] 
		 9: RETURN block[2.6,] %self[2.0,2.8,] 
BB 3
	outgoing: 
	datadep: 
	instructions:

SET IRMethod, name = build_action_view instanceMethod = true
BB 1
	outgoing: 14 2 
	datadep: 
	instructions:
BB 2
	outgoing: 4 5 12 
	datadep: 
	instructions:
		 0: def_%self 
		 1: def_%v_0 
		 2: COPY TYPE_CurrentScope def_%current_scope 
		 3: COPY TYPE_ScopeModule def_%current_module 
		 4: 
		 5: 
		 6: (inherit ActionController) def_%v_3 
		 7: %v_3[2.6,] 
BB 4
	outgoing: 5 12 
	datadep: 
	instructions:
		 0: CONSTANT def_%v_3 	 SYMBOL:ActionController,	 ARGS:Symbol,
BB 5
	outgoing: 6 7 12 
	datadep: 
	instructions:
		 0: (inherit Base) def_%v_4 %v_3[4.0,2.6,] 
		 1: %v_4[5.0,] 
BB 6
	outgoing: 7 12 
	datadep: 
	instructions:
		 0: %v_3->const_missing def_%v_4 %v_3[4.0,2.6,] 	 SYMBOL:Base,	 ARGS:Symbol,
BB 7
	outgoing: 8 9 12 
	datadep: 
	instructions:
		 0: %v_4->view_paths def_%v_5 %v_4[6.0,5.0,] 	 SYMBOL:	 ARGS:
		 1: COPY TYPE_PASS def_paths %v_5[7.0,] 
		 2: 
		 3: (inherit ActionView) def_%v_6 
		 4: %v_6[7.3,] 
BB 8
	outgoing: 9 12 
	datadep: 
	instructions:
		 0: CONSTANT def_%v_6 	 SYMBOL:ActionView,	 ARGS:Symbol,
BB 9
	outgoing: 10 11 12 
	datadep: 
	instructions:
		 0: (inherit Base) def_%v_7 %v_6[8.0,7.3,] 
		 1: %v_7[9.0,] 
BB 10
	outgoing: 11 12 
	datadep: 
	instructions:
		 0: %v_6->const_missing def_%v_7 %v_6[8.0,7.3,] 	 SYMBOL:Base,	 ARGS:Symbol,
BB 11
	outgoing: 12 14 
	datadep: 
	instructions:
		 0: %v_7->new def_%v_8 %v_7[10.0,9.0,] paths[7.1,] 	 SYMBOL:	 ARGS:paths,
		 1: %v_8->tap def_%v_9 %v_8[11.0,] %self[2.0,] 	 SYMBOL:	 ARGS:%v_8,
CLOSURE BEGIN: view[] %self[2.0,] 
BB 1
	outgoing: 9 2 
	datadep: 
	instructions:
BB 2
	outgoing: 3 
	datadep: 
	instructions:
		 0: def_%self 
		 1: def_%cl_1_0 
		 2: RECEIVEARG def_view 
		 3: COPY TYPE_CurrentScope def_%current_scope 
		 4: COPY TYPE_ScopeModule def_%current_module 
BB 3
	outgoing: 4 5 7 
	datadep: 
	instructions:
		 0: 
		 1: view->class_eval def_%cl_1_3 view[2.2,] %self[2.0,] 	 SYMBOL:	 ARGS:view,
CLOSURE BEGIN: %self[2.0,] 
BB 1
	outgoing: 6 2 
	datadep: 
	instructions:
BB 2
	outgoing: 3 
	datadep: 
	instructions:
		 0: def_%self 
		 1: def_%cl_2_0 
		 2: COPY TYPE_CurrentScope def_%current_scope 
		 3: COPY TYPE_ScopeModule def_%current_module 
BB 3
	outgoing: 4 6 
	datadep: 
	instructions:
		 0: 
		 1: (Rails) def_%cl_2_3 
		 2: %cl_2_3->application def_%cl_2_4 %cl_2_3[3.1,] 	 SYMBOL:	 ARGS:
		 3: %cl_2_4->helpers def_%cl_2_5 %cl_2_4[3.2,] 	 SYMBOL:	 ARGS:
		 4: %self->include def_%cl_2_6 %self[2.0,] %cl_2_5[3.3,] 	 SYMBOL:	 ARGS:%cl_2_5,
		 5: 
		 6: (Rails) def_%cl_2_7 
		 7: %cl_2_7->application def_%cl_2_8 %cl_2_7[3.6,] 	 SYMBOL:	 ARGS:
		 8: %cl_2_8->routes def_%cl_2_9 %cl_2_8[3.7,] 	 SYMBOL:	 ARGS:
		 9: %cl_2_9->url_helpers def_%cl_2_10 %cl_2_9[3.8,] 	 SYMBOL:	 ARGS:
		 10: %self->include def_%cl_2_11 %self[3.4,2.0,] %cl_2_10[3.9,] 	 SYMBOL:	 ARGS:%cl_2_10,
		 11: RETURN %cl_2_11[3.10,] %self[3.4,3.10,2.0,] 
BB 4
	outgoing: 6 
	datadep: 
	instructions:
		 0: def_%cl_2_12 
		 1: def_%cl_2_13 %cl_2_12[4.0,] 
		 2: RETURN %cl_2_13[4.1,] %self[2.0,] 
BB 6
	outgoing: 
	datadep: 
	instructions:
CLOSURE END: 
		 2: 
		 3: (Rails) def_%cl_1_4 
		 4: %cl_1_4->application def_%cl_1_5 %cl_1_4[3.3,] 	 SYMBOL:	 ARGS:
		 5: %self->build_manifest def_%cl_1_6 %self[2.0,] %cl_1_5[3.4,] 	 SYMBOL:	 ARGS:%cl_1_5,
		 6: ATTRASSIGN view->assets_manifest %cl_1_6[3.5,] 
		 7: 
		 8: GETFIELD %self->helpers def_%cl_1_7 %self[3.5,2.0,] 
		 9: BRANCH %cl_1_7[3.8,] 
BB 4
	outgoing: 6 7 
	datadep: 
	instructions:
		 0: GETFIELD %self->helpers def_%cl_1_8 %self[2.0,] 
		 1: view->class_eval def_%cl_1_9 view[3.6,2.2,] %cl_1_8[4.0,] 	 SYMBOL:	 ARGS:
		 2: 
BB 5
	outgoing: 9 
	datadep: 
	instructions:
		 0: RETURN %self[2.0,] 
BB 6
	outgoing: 9 
	datadep: 
	instructions:
		 0: RETURN %cl_1_9[4.1,] %self[2.0,] 
BB 7
	outgoing: 9 
	datadep: 
	instructions:
		 0: def_%cl_1_10 
		 1: def_%cl_1_11 %cl_1_10[7.0,] 
		 2: RETURN %cl_1_11[7.1,] %self[2.0,] 
BB 9
	outgoing: 
	datadep: 
	instructions:
CLOSURE END: 
		 2: RETURN %v_9[11.1,] %self[2.0,] 
BB 12
	outgoing: 14 
	datadep: 
	instructions:
		 0: def_%v_10 
		 1: def_%v_11 %v_10[12.0,] 
		 2: RETURN %v_11[12.1,] %self[2.0,] 
BB 14
	outgoing: 
	datadep: 
	instructions:

SET IRMethod, name = build_manifest instanceMethod = true
BB 1
	outgoing: 5 2 
	datadep: 
	instructions:
BB 2
	outgoing: 3 4 
	datadep: 
	instructions:
		 0: def_%self 
		 1: def_%v_0 
		 2: COPY TYPE_CurrentScope def_%current_scope 
		 3: COPY TYPE_ScopeModule def_%current_module 
		 4: 
		 5: RECEIVEARG def_app 
		 6: 
		 7: app->config def_%v_3 app[2.5,] 	 SYMBOL:	 ARGS:
		 8: COPY TYPE_PASS def_config %v_3[2.7,] 
		 9: 
		 10: (File) def_%v_4 
		 11: %v_3->paths def_%v_5 %v_3[2.7,] 	 SYMBOL:	 ARGS:
		 12: COPY TYPE_StringLiteral "public" def_%v_6 
		 13: %v_5->[] def_%v_7 %v_5[2.11,] %v_6[2.12,] 	 SYMBOL:	 ARGS:%v_6,
		 14: %v_7->first def_%v_8 %v_7[2.13,] 	 SYMBOL:	 ARGS:
		 15: config->assets def_%v_9 config[2.8,] 	 SYMBOL:	 ARGS:
		 16: %v_9->prefix def_%v_10 %v_9[2.15,] 	 SYMBOL:	 ARGS:
		 17: %v_4->join def_%v_11 %v_4[2.10,] %v_8[2.14,] %v_10[2.16,] 	 SYMBOL:	 ARGS:%v_8,%v_10,
		 18: COPY TYPE_PASS def_path %v_11[2.17,] 
		 19: 
		 20: (Sprockets) def_%v_12 
		 21: (inherit Manifest) def_%v_13 %v_12[2.20,] 
		 22: %v_13[2.21,] 
BB 3
	outgoing: 4 
	datadep: 
	instructions:
		 0: %v_12->const_missing def_%v_13 %v_12[2.20,] 	 SYMBOL:Manifest,	 ARGS:Symbol,
BB 4
	outgoing: 5 
	datadep: 
	instructions:
		 0: app->assets def_%v_14 app[2.5,] 	 SYMBOL:	 ARGS:
		 1: config->assets def_%v_15 config[2.8,] 	 SYMBOL:	 ARGS:
		 2: %v_15->manifest def_%v_16 %v_15[4.1,] 	 SYMBOL:	 ARGS:
		 3: %v_13->new def_%v_17 %v_13[3.0,2.21,] %v_14[4.0,] path[2.18,] %v_16[4.2,] 	 SYMBOL:	 ARGS:%v_14,path,%v_16,
		 4: RETURN %v_17[4.3,] %self[2.0,] 
BB 5
	outgoing: 
	datadep: 
	instructions:

