SET IRMethod, name = initialize instanceMethod = true
BB 1
	outgoing: 5 2 
	datadep: 
	instructions:
BB 2
	outgoing: 3 4 
	datadep: 
	instructions:
		 0: def_%self 
		 1: def_%v_0 
		 2: COPY TYPE_CurrentScope def_%current_scope 
		 3: COPY TYPE_ScopeModule def_%current_module 
		 4: 
		 5: RECEIVEARG def_user 
		 6: RECEIVECONSTARG def_opts 
		 7: opts[2.6,] 
BB 3
	outgoing: 4 
	datadep: 
	instructions:
		 0: HASH- def_%v_3 
		 1: COPY TYPE_PASS def_opts %v_3[3.0,] 
BB 4
	outgoing: 5 
	datadep: 
	instructions:
		 0: 
		 1: ATTRASSIGN %self->user user[2.5,] 
		 2: 
		 3: opts->[] def_%v_4 opts[3.1,2.6,] 	 SYMBOL:open,	 ARGS:Symbol,
		 4: ATTRASSIGN %self->open %v_4[4.3,] 
		 5: 
		 6: opts->[] def_%v_5 opts[4.3,3.1,2.6,] 	 SYMBOL:prefill,	 ARGS:Symbol,
		 7: ATTRASSIGN %self->prefill %v_5[4.6,] 
		 8: 
		 9: opts->[] def_%v_6 opts[4.3,4.6,3.1,2.6,] 	 SYMBOL:public,	 ARGS:Symbol,
		 10: ATTRASSIGN %self->public %v_6[4.9,] 
		 11: 
		 12: opts->[] def_%v_7 opts[4.3,4.6,4.9,3.1,2.6,] 	 SYMBOL:explain,	 ARGS:Symbol,
		 13: ATTRASSIGN %self->explain %v_7[4.12,] 
		 14: RETURN %v_7[4.12,] %self[4.1,4.4,4.7,4.10,4.13,2.0,] 
BB 5
	outgoing: 
	datadep: 
	instructions:

SET IRMethod, name = text instanceMethod = true
BB 1
	outgoing: 10 2 
	datadep: 
	instructions:
BB 2
	outgoing: 3 4 
	datadep: 
	instructions:
		 0: def_%self 
		 1: def_%v_0 
		 2: COPY TYPE_CurrentScope def_%current_scope 
		 3: COPY TYPE_ScopeModule def_%current_module 
		 4: 
		 5: 
		 6: %self->prefill def_%v_3 %self[2.0,] 	 SYMBOL:	 ARGS:
		 7: %v_3->present? def_%v_4 %v_3[2.6,] 	 SYMBOL:	 ARGS:
		 8: BRANCH %v_4[2.7,] 
BB 3
	outgoing: 6 7 
	datadep: 
	instructions:
		 0: COPY TYPE_Nil def_%v_5 
		 1: 
		 2: (Diaspora) def_%v_6 
		 3: (inherit MessageRenderer) def_%v_7 %v_6[3.2,] 
		 4: %v_7[3.3,] 
BB 4
	outgoing: 10 
	datadep: 
	instructions:
		 0: RETURN %self[2.0,] 
BB 6
	outgoing: 7 
	datadep: 
	instructions:
		 0: %v_6->const_missing def_%v_7 %v_6[3.2,] 	 SYMBOL:MessageRenderer,	 ARGS:Symbol,
BB 7
	outgoing: 8 9 
	datadep: 
	instructions:
		 0: %self->prefill def_%v_8 %self[2.0,] 	 SYMBOL:	 ARGS:
		 1: (Diaspora) def_%v_9 
		 2: (inherit Mentionable) def_%v_10 %v_9[7.1,] 
		 3: %v_10[7.2,] 
BB 8
	outgoing: 9 
	datadep: 
	instructions:
		 0: %v_9->const_missing def_%v_10 %v_9[7.1,] 	 SYMBOL:Mentionable,	 ARGS:Symbol,
BB 9
	outgoing: 10 
	datadep: 
	instructions:
		 0: %self->prefill def_%v_11 %self[2.0,] 	 SYMBOL:	 ARGS:
		 1: %v_10->people_from_string def_%v_12 %v_10[8.0,7.2,] %v_11[9.0,] 	 SYMBOL:	 ARGS:%v_11,
		 2: HASH-mentioned_people- def_%v_13 %v_12[9.1,] 
		 3: %v_7->new def_%v_14 %v_7[6.0,3.3,] %v_8[7.0,] %v_13[9.2,] 	 SYMBOL:	 ARGS:%v_8,%v_13,
		 4: %v_14->plain_text def_%v_15 %v_14[9.3,] 	 SYMBOL:	 ARGS:
		 5: RETURN %v_15[9.4,] %self[9.0,2.0,] 
BB 10
	outgoing: 
	datadep: 
	instructions:

