SET IRMethod, name = work_log_status_options instanceMethod = true
BB 1
	outgoing: 34 2 
	datadep: 
	instructions:
BB 2
	outgoing: 3 4 
	datadep: 
	instructions:
		 0: def_%self 
		 1: def_%v_0 
		 2: COPY TYPE_CurrentScope def_%current_scope 
		 3: COPY TYPE_ScopeModule def_%current_module 
		 4: 
		 5: 
		 6: COPY TYPE_Array def_%v_3 
		 7: COPY TYPE_PASS def_options %v_3[2.6,] 
		 8: 
		 9: GETFIELD %self->task def_%v_4 %self[2.0,] 
		 10: %v_4->open? def_%v_5 %v_4[2.9,] 	 SYMBOL:	 ARGS:
		 11: BRANCH %v_5[2.10,] 
BB 3
	outgoing: 5 
	datadep: 
	instructions:
		 0: COPY TYPE_StringLiteral "work_logs.status_options.leave_open" def_%v_6 
		 1: %self->t def_%v_7 %self[2.0,] %v_6[3.0,] 	 SYMBOL:	 ARGS:%v_6,
		 2: COPY TYPE_Array def_%v_8 %v_7[3.1,] 
		 3: options-><< def_%v_9 options[2.7,] %v_8[3.2,] 	 SYMBOL:	 ARGS:%v_8,
		 4: 
BB 4
	outgoing: 5 
	datadep: 
	instructions:
		 0: COPY TYPE_Nil def_%v_9 
BB 5
	outgoing: 6 7 
	datadep: 
	instructions:
		 0: 
		 1: GETFIELD %self->task def_%v_10 %self[2.0,] 
		 2: %v_10->resolved? def_%v_11 %v_10[5.1,] 	 SYMBOL:	 ARGS:
		 3: BRANCH %v_11[5.2,] 
BB 6
	outgoing: 8 
	datadep: 
	instructions:
		 0: COPY TYPE_StringLiteral "work_logs.status_options.reopen" def_%v_12 
		 1: %self->t def_%v_13 %self[2.0,] %v_12[6.0,] 	 SYMBOL:	 ARGS:%v_12,
		 2: COPY TYPE_Array def_%v_14 %v_13[6.1,] 
		 3: options-><< def_%v_15 options[2.7,] %v_14[6.2,] 	 SYMBOL:	 ARGS:%v_14,
		 4: 
BB 7
	outgoing: 8 
	datadep: 
	instructions:
		 0: COPY TYPE_Nil def_%v_15 
BB 8
	outgoing: 9 10 
	datadep: 
	instructions:
		 0: 
		 1: GETFIELD %self->task def_%v_16 %self[2.0,] 
		 2: %v_16->open? def_%v_17 %v_16[8.1,] 	 SYMBOL:	 ARGS:
		 3: BRANCH %v_17[8.2,] 
BB 9
	outgoing: 11 
	datadep: 
	instructions:
		 0: COPY TYPE_StringLiteral "work_logs.status_options.close" def_%v_18 
		 1: %self->t def_%v_19 %self[2.0,] %v_18[9.0,] 	 SYMBOL:	 ARGS:%v_18,
		 2: COPY TYPE_Array def_%v_20 %v_19[9.1,] 
		 3: options-><< def_%v_21 options[2.7,] %v_20[9.2,] 	 SYMBOL:	 ARGS:%v_20,
		 4: 
BB 10
	outgoing: 11 
	datadep: 
	instructions:
		 0: COPY TYPE_Nil def_%v_21 
BB 11
	outgoing: 12 13 
	datadep: 
	instructions:
		 0: 
		 1: GETFIELD %self->task def_%v_22 %self[2.0,] 
		 2: %v_22->closed? def_%v_23 %v_22[11.1,] 	 SYMBOL:	 ARGS:
		 3: BRANCH %v_23[11.2,] 
BB 12
	outgoing: 14 
	datadep: 
	instructions:
		 0: COPY TYPE_StringLiteral "work_logs.status_options.leave_closed" def_%v_24 
		 1: %self->t def_%v_25 %self[2.0,] %v_24[12.0,] 	 SYMBOL:	 ARGS:%v_24,
		 2: COPY TYPE_Array def_%v_26 %v_25[12.1,] 
		 3: options-><< def_%v_27 options[2.7,] %v_26[12.2,] 	 SYMBOL:	 ARGS:%v_26,
		 4: 
BB 13
	outgoing: 14 
	datadep: 
	instructions:
		 0: COPY TYPE_Nil def_%v_27 
BB 14
	outgoing: 15 16 
	datadep: 
	instructions:
		 0: 
		 1: GETFIELD %self->task def_%v_28 %self[2.0,] 
		 2: %v_28->open? def_%v_29 %v_28[14.1,] 	 SYMBOL:	 ARGS:
		 3: BRANCH %v_29[14.2,] 
BB 15
	outgoing: 17 
	datadep: 
	instructions:
		 0: COPY TYPE_StringLiteral "work_logs.status_options.wont_fix" def_%v_30 
		 1: %self->t def_%v_31 %self[2.0,] %v_30[15.0,] 	 SYMBOL:	 ARGS:%v_30,
		 2: COPY TYPE_Array def_%v_32 %v_31[15.1,] 
		 3: options-><< def_%v_33 options[2.7,] %v_32[15.2,] 	 SYMBOL:	 ARGS:%v_32,
		 4: 
BB 16
	outgoing: 17 
	datadep: 
	instructions:
		 0: COPY TYPE_Nil def_%v_33 
BB 17
	outgoing: 18 19 
	datadep: 
	instructions:
		 0: 
		 1: GETFIELD %self->task def_%v_34 %self[2.0,] 
		 2: %v_34->will_not_fix? def_%v_35 %v_34[17.1,] 	 SYMBOL:	 ARGS:
		 3: BRANCH %v_35[17.2,] 
BB 18
	outgoing: 20 
	datadep: 
	instructions:
		 0: COPY TYPE_StringLiteral "work_logs.status_options.leave_wont_fix" def_%v_36 
		 1: %self->t def_%v_37 %self[2.0,] %v_36[18.0,] 	 SYMBOL:	 ARGS:%v_36,
		 2: COPY TYPE_Array def_%v_38 %v_37[18.1,] 
		 3: options-><< def_%v_39 options[2.7,] %v_38[18.2,] 	 SYMBOL:	 ARGS:%v_38,
		 4: 
BB 19
	outgoing: 20 
	datadep: 
	instructions:
		 0: COPY TYPE_Nil def_%v_39 
BB 20
	outgoing: 21 22 
	datadep: 
	instructions:
		 0: 
		 1: GETFIELD %self->task def_%v_40 %self[2.0,] 
		 2: %v_40->open? def_%v_41 %v_40[20.1,] 	 SYMBOL:	 ARGS:
		 3: BRANCH %v_41[20.2,] 
BB 21
	outgoing: 23 
	datadep: 
	instructions:
		 0: COPY TYPE_StringLiteral "work_logs.status_options.invalid" def_%v_42 
		 1: %self->t def_%v_43 %self[2.0,] %v_42[21.0,] 	 SYMBOL:	 ARGS:%v_42,
		 2: COPY TYPE_Array def_%v_44 %v_43[21.1,] 
		 3: options-><< def_%v_45 options[2.7,] %v_44[21.2,] 	 SYMBOL:	 ARGS:%v_44,
		 4: 
BB 22
	outgoing: 23 
	datadep: 
	instructions:
		 0: COPY TYPE_Nil def_%v_45 
BB 23
	outgoing: 24 25 
	datadep: 
	instructions:
		 0: 
		 1: GETFIELD %self->task def_%v_46 %self[2.0,] 
		 2: %v_46->invalid? def_%v_47 %v_46[23.1,] 	 SYMBOL:	 ARGS:
		 3: BRANCH %v_47[23.2,] 
BB 24
	outgoing: 26 
	datadep: 
	instructions:
		 0: COPY TYPE_StringLiteral "work_logs.status_options.leave_invalid" def_%v_48 
		 1: %self->t def_%v_49 %self[2.0,] %v_48[24.0,] 	 SYMBOL:	 ARGS:%v_48,
		 2: COPY TYPE_Array def_%v_50 %v_49[24.1,] 
		 3: options-><< def_%v_51 options[2.7,] %v_50[24.2,] 	 SYMBOL:	 ARGS:%v_50,
		 4: 
BB 25
	outgoing: 26 
	datadep: 
	instructions:
		 0: COPY TYPE_Nil def_%v_51 
BB 26
	outgoing: 27 28 
	datadep: 
	instructions:
		 0: 
		 1: GETFIELD %self->task def_%v_52 %self[2.0,] 
		 2: %v_52->open? def_%v_53 %v_52[26.1,] 	 SYMBOL:	 ARGS:
		 3: BRANCH %v_53[26.2,] 
BB 27
	outgoing: 29 
	datadep: 
	instructions:
		 0: COPY TYPE_StringLiteral "work_logs.status_options.duplicate" def_%v_54 
		 1: %self->t def_%v_55 %self[2.0,] %v_54[27.0,] 	 SYMBOL:	 ARGS:%v_54,
		 2: COPY TYPE_Array def_%v_56 %v_55[27.1,] 
		 3: options-><< def_%v_57 options[2.7,] %v_56[27.2,] 	 SYMBOL:	 ARGS:%v_56,
		 4: 
BB 28
	outgoing: 29 
	datadep: 
	instructions:
		 0: COPY TYPE_Nil def_%v_57 
BB 29
	outgoing: 30 31 
	datadep: 
	instructions:
		 0: 
		 1: GETFIELD %self->task def_%v_58 %self[2.0,] 
		 2: %v_58->duplicate? def_%v_59 %v_58[29.1,] 	 SYMBOL:	 ARGS:
		 3: BRANCH %v_59[29.2,] 
BB 30
	outgoing: 32 
	datadep: 
	instructions:
		 0: COPY TYPE_StringLiteral "work_logs.status_options.leave_duplicate" def_%v_60 
		 1: %self->t def_%v_61 %self[2.0,] %v_60[30.0,] 	 SYMBOL:	 ARGS:%v_60,
		 2: COPY TYPE_Array def_%v_62 %v_61[30.1,] 
		 3: options-><< def_%v_63 options[2.7,] %v_62[30.2,] 	 SYMBOL:	 ARGS:%v_62,
		 4: 
BB 31
	outgoing: 32 
	datadep: 
	instructions:
		 0: COPY TYPE_Nil def_%v_63 
BB 32
	outgoing: 34 
	datadep: 
	instructions:
		 0: 
		 1: RETURN options[2.7,] %self[2.0,] 
BB 34
	outgoing: 
	datadep: 
	instructions:

SET IRMethod, name = work_log_status_html_options instanceMethod = true
BB 1
	outgoing: 7 2 
	datadep: 
	instructions:
BB 2
	outgoing: 3 4 
	datadep: 
	instructions:
		 0: def_%self 
		 1: def_%v_0 
		 2: COPY TYPE_CurrentScope def_%current_scope 
		 3: COPY TYPE_ScopeModule def_%current_module 
		 4: 
		 5: 
		 6: HASH- def_%v_3 
		 7: COPY TYPE_PASS def_options %v_3[2.6,] 
		 8: 
		 9: %self->current_user def_%v_4 %self[2.0,] 	 SYMBOL:	 ARGS:
		 10: GETFIELD %self->task def_%v_5 %self[2.0,2.9,] 
		 11: %v_5->project def_%v_6 %v_5[2.10,] 	 SYMBOL:	 ARGS:
		 12: COPY TYPE_StringLiteral "close" def_%v_7 
		 13: %v_4->can? def_%v_8 %v_4[2.9,] %v_6[2.11,] %v_7[2.12,] 	 SYMBOL:	 ARGS:%v_6,%v_7,
		 14: BRANCH %v_8[2.13,] 
BB 3
	outgoing: 5 
	datadep: 
	instructions:
		 0: COPY TYPE_Nil def_%v_9 
		 1: 
BB 4
	outgoing: 5 
	datadep: 
	instructions:
		 0: COPY TYPE_StringLiteral "disabled" def_%v_10 
		 1: ATTRASSIGN options->[] %v_10[4.0,] 
		 2: COPY TYPE_PASS def_%v_9 %v_10[4.0,] 
BB 5
	outgoing: 7 
	datadep: 
	instructions:
		 0: 
		 1: RETURN options[4.1,2.7,] %self[2.0,] 
BB 7
	outgoing: 
	datadep: 
	instructions:

SET IRMethod, name = time_format instanceMethod = true
BB 1
	outgoing: 11 2 
	datadep: 
	instructions:
BB 2
	outgoing: 3 6 
	datadep: 
	instructions:
		 0: def_%self 
		 1: def_%v_0 
		 2: COPY TYPE_CurrentScope def_%current_scope 
		 3: COPY TYPE_ScopeModule def_%current_module 
		 4: 
		 5: RECEIVEARG def_format 
		 6: 
		 7: COPY TYPE_StringLiteral "%m/%d/%Y" def_%v_5 
		 8: def_%v_4 %v_5[2.7,] format[2.5,] 
		 9: BRANCH %v_4[2.8,] 
BB 3
	outgoing: 4 7 
	datadep: 
	instructions:
		 0: COPY TYPE_StringLiteral "%d/%m/%Y" def_%v_7 
		 1: def_%v_6 %v_7[3.0,] format[2.5,] 
		 2: BRANCH %v_6[3.1,] 
BB 4
	outgoing: 5 8 
	datadep: 
	instructions:
		 0: COPY TYPE_StringLiteral "%Y-%m-%d" def_%v_9 
		 1: def_%v_8 %v_9[4.0,] format[2.5,] 
		 2: BRANCH %v_8[4.1,] 
BB 5
	outgoing: 11 
	datadep: 
	instructions:
		 0: 
		 1: COPY TYPE_Array def_%v_13 
		 2: COPY TYPE_PASS def_%v_3 %v_13[5.1,] 
		 3: RETURN %v_13[5.1,] %self[2.0,] 
BB 6
	outgoing: 11 
	datadep: 
	instructions:
		 0: 
		 1: COPY TYPE_Array def_%v_10 
		 2: COPY TYPE_PASS def_%v_3 %v_10[6.1,] 
		 3: RETURN %v_10[6.1,] %self[2.0,] 
BB 7
	outgoing: 11 
	datadep: 
	instructions:
		 0: 
		 1: COPY TYPE_Array def_%v_11 
		 2: COPY TYPE_PASS def_%v_3 %v_11[7.1,] 
		 3: RETURN %v_11[7.1,] %self[2.0,] 
BB 8
	outgoing: 11 
	datadep: 
	instructions:
		 0: 
		 1: COPY TYPE_Array def_%v_12 
		 2: COPY TYPE_PASS def_%v_3 %v_12[8.1,] 
		 3: RETURN %v_12[8.1,] %self[2.0,] 
BB 11
	outgoing: 
	datadep: 
	instructions:

SET IRMethod, name = work_log_customer_options instanceMethod = true
BB 1
	outgoing: 7 2 
	datadep: 
	instructions:
BB 2
	outgoing: 3 4 
	datadep: 
	instructions:
		 0: def_%self 
		 1: def_%v_0 
		 2: COPY TYPE_CurrentScope def_%current_scope 
		 3: COPY TYPE_ScopeModule def_%current_module 
		 4: 
		 5: RECEIVEARG def_log 
		 6: 
		 7: GETFIELD %self->log def_%v_3 %self[2.0,] 
		 8: %v_3->task def_%v_4 %v_3[2.7,] 	 SYMBOL:	 ARGS:
		 9: %v_4->customers def_%v_5 %v_4[2.8,] 	 SYMBOL:	 ARGS:
		 10: %v_5->clone def_%v_6 %v_5[2.9,] 	 SYMBOL:	 ARGS:
		 11: COPY TYPE_PASS def_res %v_6[2.10,] 
		 12: 
		 13: GETFIELD %self->log def_%v_7 %self[2.0,] 
		 14: %v_7->task def_%v_8 %v_7[2.13,] 	 SYMBOL:	 ARGS:
		 15: %v_8->project def_%v_9 %v_8[2.14,] 	 SYMBOL:	 ARGS:
		 16: BRANCH %v_9[2.15,] 
BB 3
	outgoing: 5 
	datadep: 
	instructions:
		 0: GETFIELD %self->log def_%v_10 %self[2.0,] 
		 1: %v_10->task def_%v_11 %v_10[3.0,] 	 SYMBOL:	 ARGS:
		 2: %v_11->project def_%v_12 %v_11[3.1,] 	 SYMBOL:	 ARGS:
		 3: %v_12->customer def_%v_13 %v_12[3.2,] 	 SYMBOL:	 ARGS:
		 4: res-><< def_%v_14 res[2.11,] %v_13[3.3,] 	 SYMBOL:	 ARGS:%v_13,
		 5: 
BB 4
	outgoing: 5 
	datadep: 
	instructions:
		 0: COPY TYPE_Nil def_%v_14 
BB 5
	outgoing: 7 
	datadep: 
	instructions:
		 0: 
		 1: res->uniq def_%v_15 res[2.11,] 	 SYMBOL:	 ARGS:
		 2: %v_15->compact def_%v_16 %v_15[5.1,] 	 SYMBOL:	 ARGS:
		 3: COPY TYPE_PASS def_res %v_16[5.2,] 
		 4: 
		 5: %self->objects_to_names_and_ids def_%v_17 %self[2.0,] %v_16[5.2,] 	 SYMBOL:	 ARGS:res,
		 6: RETURN %v_17[5.5,] %self[5.5,2.0,] 
BB 7
	outgoing: 
	datadep: 
	instructions:

SET IRMethod, name = can_delete_log? instanceMethod = true
BB 1
	outgoing: 8 2 
	datadep: 
	instructions:
BB 2
	outgoing: 3 6 
	datadep: 
	instructions:
		 0: def_%self 
		 1: def_%v_0 
		 2: COPY TYPE_CurrentScope def_%current_scope 
		 3: COPY TYPE_ScopeModule def_%current_module 
		 4: 
		 5: RECEIVEARG def_log 
		 6: 
		 7: log->new_record? def_%v_3 log[2.5,] 	 SYMBOL:	 ARGS:
		 8: %v_3->! def_%v_4 %v_3[2.7,] 	 SYMBOL:	 ARGS:
		 9: BRANCH %v_4[2.8,] 
BB 3
	outgoing: 4 5 
	datadep: 
	instructions:
		 0: 
		 1: %self->current_user def_%v_5 %self[2.0,] 	 SYMBOL:	 ARGS:
		 2: %v_5->admin? def_%v_6 %v_5[3.1,] 	 SYMBOL:	 ARGS:
		 3: BRANCH %v_6[3.2,] 
BB 4
	outgoing: 5 
	datadep: 
	instructions:
		 0: log->user def_%v_7 log[2.5,] 	 SYMBOL:	 ARGS:
		 1: %self->current_user def_%v_8 %self[2.0,] 	 SYMBOL:	 ARGS:
		 2: %v_7->== def_%v_9 %v_7[4.0,] %v_8[4.1,] 	 SYMBOL:	 ARGS:%v_8,
		 3: COPY TYPE_PASS def_%v_6 %v_9[4.2,] 
BB 5
	outgoing: 8 
	datadep: 
	instructions:
		 0: RETURN %v_6[4.3,3.2,] %self[2.0,] 
BB 6
	outgoing: 8 
	datadep: 
	instructions:
		 0: RETURN %v_4[2.8,] %self[2.0,] 
BB 8
	outgoing: 
	datadep: 
	instructions:

